<?xml version="1.0" encoding="UTF-8"?>
<testsuite name="org.air.controller.PilotControllerTest" tests="1" skipped="0" failures="0" errors="0" timestamp="2023-08-12T17:04:19" hostname="DESKTOP-MCHQU2R" time="0.095">
  <properties/>
  <testcase name="getSchedules()" classname="org.air.controller.PilotControllerTest" time="0.095"/>
  <system-out><![CDATA[02:04:18.510 [Test worker] DEBUG org.springframework.test.context.BootstrapUtils - Instantiating CacheAwareContextLoaderDelegate from class [org.springframework.test.context.cache.DefaultCacheAwareContextLoaderDelegate]
02:04:18.514 [Test worker] DEBUG org.springframework.test.context.BootstrapUtils - Instantiating BootstrapContext using constructor [public org.springframework.test.context.support.DefaultBootstrapContext(java.lang.Class,org.springframework.test.context.CacheAwareContextLoaderDelegate)]
02:04:18.531 [Test worker] DEBUG org.springframework.test.context.BootstrapUtils - Instantiating TestContextBootstrapper for test class [org.air.controller.PilotControllerTest] from class [org.springframework.boot.test.autoconfigure.web.servlet.WebMvcTestContextBootstrapper]
02:04:18.539 [Test worker] DEBUG org.springframework.test.context.support.AbstractContextLoader - Did not detect default resource location for test class [org.air.controller.PilotControllerTest]: class path resource [org/air/controller/PilotControllerTest-context.xml] does not exist
02:04:18.539 [Test worker] DEBUG org.springframework.test.context.support.AbstractContextLoader - Did not detect default resource location for test class [org.air.controller.PilotControllerTest]: class path resource [org/air/controller/PilotControllerTestContext.groovy] does not exist
02:04:18.539 [Test worker] INFO org.springframework.test.context.support.AbstractContextLoader - Could not detect default resource locations for test class [org.air.controller.PilotControllerTest]: no resource found for suffixes {-context.xml, Context.groovy}.
02:04:18.576 [Test worker] DEBUG org.springframework.test.context.support.ActiveProfilesUtils - Could not find an 'annotation declaring class' for annotation type [org.springframework.test.context.ActiveProfiles] and class [org.air.controller.PilotControllerTest]
02:04:18.578 [Test worker] DEBUG org.springframework.boot.test.autoconfigure.web.servlet.WebMvcTestContextBootstrapper - @TestExecutionListeners is not present for class [org.air.controller.PilotControllerTest]: using defaults.
02:04:18.578 [Test worker] INFO org.springframework.boot.test.autoconfigure.web.servlet.WebMvcTestContextBootstrapper - Loaded default TestExecutionListener class names from location [META-INF/spring.factories]: [org.springframework.security.test.context.support.WithSecurityContextTestExecutionListener, org.springframework.security.test.context.support.ReactorContextTestExecutionListener, org.springframework.boot.test.autoconfigure.restdocs.RestDocsTestExecutionListener, org.springframework.boot.test.autoconfigure.web.client.MockRestServiceServerResetTestExecutionListener, org.springframework.boot.test.autoconfigure.web.servlet.MockMvcPrintOnlyOnFailureTestExecutionListener, org.springframework.boot.test.autoconfigure.web.servlet.WebDriverTestExecutionListener, org.springframework.boot.test.autoconfigure.webservices.client.MockWebServiceServerTestExecutionListener, org.springframework.boot.test.mock.mockito.MockitoTestExecutionListener, org.springframework.boot.test.mock.mockito.ResetMocksTestExecutionListener, org.springframework.test.context.web.ServletTestExecutionListener, org.springframework.test.context.support.DirtiesContextBeforeModesTestExecutionListener, org.springframework.test.context.event.ApplicationEventsTestExecutionListener, org.springframework.test.context.support.DependencyInjectionTestExecutionListener, org.springframework.test.context.support.DirtiesContextTestExecutionListener, org.springframework.test.context.transaction.TransactionalTestExecutionListener, org.springframework.test.context.jdbc.SqlScriptsTestExecutionListener, org.springframework.test.context.event.EventPublishingTestExecutionListener]
02:04:18.586 [Test worker] INFO org.springframework.boot.test.autoconfigure.web.servlet.WebMvcTestContextBootstrapper - Using TestExecutionListeners: [org.springframework.test.context.web.ServletTestExecutionListener@4d63b624, org.springframework.test.context.support.DirtiesContextBeforeModesTestExecutionListener@466cf502, org.springframework.test.context.event.ApplicationEventsTestExecutionListener@5b800468, org.springframework.boot.test.mock.mockito.MockitoTestExecutionListener@2e185cd7, org.springframework.boot.test.autoconfigure.SpringBootDependencyInjectionTestExecutionListener@7e1a1da6, org.springframework.test.context.support.DirtiesContextTestExecutionListener@5f7f2382, org.springframework.test.context.transaction.TransactionalTestExecutionListener@407cf41, org.springframework.test.context.jdbc.SqlScriptsTestExecutionListener@6815c5f2, org.springframework.security.test.context.support.WithSecurityContextTestExecutionListener@46cc127b, org.springframework.test.context.event.EventPublishingTestExecutionListener@60094a13, org.springframework.security.test.context.support.ReactorContextTestExecutionListener@5aceec94, org.springframework.boot.test.autoconfigure.restdocs.RestDocsTestExecutionListener@1c32886a, org.springframework.boot.test.autoconfigure.web.client.MockRestServiceServerResetTestExecutionListener@3a4b0e5d, org.springframework.boot.test.autoconfigure.web.servlet.MockMvcPrintOnlyOnFailureTestExecutionListener@10b892d5, org.springframework.boot.test.autoconfigure.web.servlet.WebDriverTestExecutionListener@3d3f761a, org.springframework.boot.test.autoconfigure.webservices.client.MockWebServiceServerTestExecutionListener@3546d80f, org.springframework.boot.test.mock.mockito.ResetMocksTestExecutionListener@579d011c]
02:04:18.588 [Test worker] DEBUG org.springframework.test.context.support.AbstractDirtiesContextTestExecutionListener - Before test class: context [DefaultTestContext@127e70c5 testClass = PilotControllerTest, testInstance = [null], testMethod = [null], testException = [null], mergedContextConfiguration = [WebMergedContextConfiguration@5910de75 testClass = PilotControllerTest, locations = '{}', classes = '{class org.air.config.AWStextrack, class org.air.jwt.JwtTokenProvider}', contextInitializerClasses = '[]', activeProfiles = '{}', propertySourceLocations = '{}', propertySourceProperties = '{org.springframework.boot.test.autoconfigure.web.servlet.WebMvcTestContextBootstrapper=true}', contextCustomizers = set[org.springframework.boot.test.autoconfigure.OverrideAutoConfigurationContextCustomizerFactory$DisableAutoConfigurationContextCustomizer@7813cb11, org.springframework.boot.test.autoconfigure.actuate.metrics.MetricsExportContextCustomizerFactory$DisableMetricExportContextCustomizer@29ef6856, org.springframework.boot.test.autoconfigure.filter.TypeExcludeFiltersContextCustomizer@35ad7083, org.springframework.boot.test.autoconfigure.properties.PropertyMappingContextCustomizer@27f29c3e, org.springframework.boot.test.autoconfigure.web.servlet.WebDriverContextCustomizerFactory$Customizer@5f3b9c57, [ImportsContextCustomizer@4108fa66 key = [org.air.controller.PilotController, org.springframework.boot.autoconfigure.cache.CacheAutoConfiguration, org.springframework.boot.autoconfigure.context.MessageSourceAutoConfiguration, org.springframework.boot.autoconfigure.data.web.SpringDataWebAutoConfiguration, org.springframework.boot.autoconfigure.freemarker.FreeMarkerAutoConfiguration, org.springframework.boot.autoconfigure.groovy.template.GroovyTemplateAutoConfiguration, org.springframework.boot.autoconfigure.gson.GsonAutoConfiguration, org.springframework.boot.autoconfigure.hateoas.HypermediaAutoConfiguration, org.springframework.boot.autoconfigure.http.HttpMessageConvertersAutoConfiguration, org.springframework.boot.autoconfigure.jackson.JacksonAutoConfiguration, org.springframework.boot.autoconfigure.jsonb.JsonbAutoConfiguration, org.springframework.boot.autoconfigure.mustache.MustacheAutoConfiguration, org.springframework.boot.autoconfigure.task.TaskExecutionAutoConfiguration, org.springframework.boot.autoconfigure.thymeleaf.ThymeleafAutoConfiguration, org.springframework.boot.autoconfigure.validation.ValidationAutoConfiguration, org.springframework.boot.autoconfigure.web.servlet.error.ErrorMvcAutoConfiguration, org.springframework.boot.autoconfigure.web.servlet.HttpEncodingAutoConfiguration, org.springframework.boot.autoconfigure.web.servlet.WebMvcAutoConfiguration, org.springframework.boot.test.autoconfigure.web.servlet.MockMvcAutoConfiguration, org.springframework.boot.test.autoconfigure.web.servlet.MockMvcWebClientAutoConfiguration, org.springframework.boot.test.autoconfigure.web.servlet.MockMvcWebDriverAutoConfiguration, org.springframework.boot.autoconfigure.security.oauth2.client.servlet.OAuth2ClientAutoConfiguration, org.springframework.boot.autoconfigure.security.oauth2.resource.servlet.OAuth2ResourceServerAutoConfiguration, org.springframework.boot.autoconfigure.security.servlet.SecurityAutoConfiguration, org.springframework.boot.autoconfigure.security.servlet.SecurityFilterAutoConfiguration, org.springframework.boot.autoconfigure.security.servlet.UserDetailsServiceAutoConfiguration, org.springframework.boot.test.autoconfigure.web.servlet.MockMvcSecurityConfiguration, org.springframework.boot.test.autoconfigure.web.reactive.WebTestClientAutoConfiguration]], org.springframework.boot.test.context.filter.ExcludeFilterContextCustomizer@32232e55, org.springframework.boot.test.json.DuplicateJsonObjectContextCustomizerFactory$DuplicateJsonObjectContextCustomizer@293bb8a5, org.springframework.boot.test.mock.mockito.MockitoContextCustomizer@a1e686ae, org.springframework.boot.test.context.SpringBootTestArgs@1, org.springframework.boot.test.context.SpringBootTestWebEnvironment@0], resourceBasePath = 'src/main/webapp', contextLoader = 'org.springframework.boot.test.context.SpringBootContextLoader', parent = [null]], attributes = map[[empty]]], class annotated with @DirtiesContext [false] with mode [null].

  .   ____          _            __ _ _
 /\\ / ___'_ __ _ _(_)_ __  __ _ \ \ \ \
( ( )\___ | '_ | '_| | '_ \/ _` | \ \ \ \
 \\/  ___)| |_)| | | | | || (_| |  ) ) ) )
  '  |____| .__|_| |_|_| |_\__, | / / / /
 =========|_|==============|___/=/_/_/_/
 :: Spring Boot ::                (v2.7.5)

2023-08-13 02:04:18.796  INFO 9508 --- [    Test worker] org.air.controller.PilotControllerTest   : Starting PilotControllerTest using Java 11.0.19 on DESKTOP-MCHQU2R with PID 9508 (started by KIMJAESUNG in C:\Users\KIMJAESUNG\Air_Scheduler\AirAPI)
2023-08-13 02:04:18.797  INFO 9508 --- [    Test worker] org.air.controller.PilotControllerTest   : No active profile set, falling back to 1 default profile: "default"
2023-08-13 02:04:19.763  INFO 9508 --- [    Test worker] o.s.s.web.DefaultSecurityFilterChain     : Will secure any request with [org.springframework.security.web.session.DisableEncodeUrlFilter@48d5ca17, org.springframework.security.web.context.request.async.WebAsyncManagerIntegrationFilter@226e07e7, org.springframework.security.web.context.SecurityContextPersistenceFilter@7f53fc38, org.springframework.security.web.header.HeaderWriterFilter@4a520f05, org.springframework.security.web.csrf.CsrfFilter@5af38a4a, org.springframework.security.web.authentication.logout.LogoutFilter@10a0d93a, org.springframework.security.web.authentication.UsernamePasswordAuthenticationFilter@60a4e619, org.springframework.security.web.authentication.ui.DefaultLoginPageGeneratingFilter@165aa43a, org.springframework.security.web.authentication.ui.DefaultLogoutPageGeneratingFilter@7c31e410, org.springframework.security.web.authentication.www.BasicAuthenticationFilter@1dbeedff, org.springframework.security.web.savedrequest.RequestCacheAwareFilter@37cf91d8, org.springframework.security.web.servletapi.SecurityContextHolderAwareRequestFilter@571d0925, org.springframework.security.web.authentication.AnonymousAuthenticationFilter@9880a15, org.springframework.security.web.session.SessionManagementFilter@6f68756d, org.springframework.security.web.access.ExceptionTranslationFilter@77cd235b, org.springframework.security.web.access.intercept.FilterSecurityInterceptor@32d22650]
2023-08-13 02:04:19.814  INFO 9508 --- [    Test worker] o.s.b.t.m.w.SpringBootMockServletContext : Initializing Spring TestDispatcherServlet ''
2023-08-13 02:04:19.814  INFO 9508 --- [    Test worker] o.s.t.web.servlet.TestDispatcherServlet  : Initializing Servlet ''
2023-08-13 02:04:19.815  INFO 9508 --- [    Test worker] o.s.t.web.servlet.TestDispatcherServlet  : Completed initialization in 1 ms
2023-08-13 02:04:19.832  INFO 9508 --- [    Test worker] org.air.controller.PilotControllerTest   : Started PilotControllerTest in 1.22 seconds (JVM running for 1.808)
]]></system-out>
  <system-err><![CDATA[]]></system-err>
</testsuite>
