<?xml version="1.0" encoding="UTF-8"?>
<testsuite name="org.air.service.ScheduleServiceTest" tests="1" skipped="0" failures="0" errors="0" timestamp="2024-03-22T13:53:55" hostname="DESKTOP-MCHQU2R" time="0.186">
  <properties/>
  <testcase name="save test" classname="org.air.service.ScheduleServiceTest" time="0.186"/>
  <system-out><![CDATA[22:53:51.701 [Test worker] DEBUG org.springframework.test.context.BootstrapUtils - Instantiating CacheAwareContextLoaderDelegate from class [org.springframework.test.context.cache.DefaultCacheAwareContextLoaderDelegate]
22:53:51.707 [Test worker] DEBUG org.springframework.test.context.BootstrapUtils - Instantiating BootstrapContext using constructor [public org.springframework.test.context.support.DefaultBootstrapContext(java.lang.Class,org.springframework.test.context.CacheAwareContextLoaderDelegate)]
22:53:51.726 [Test worker] DEBUG org.springframework.test.context.BootstrapUtils - Instantiating TestContextBootstrapper for test class [org.air.service.ScheduleServiceTest] from class [org.springframework.boot.test.context.SpringBootTestContextBootstrapper]
22:53:51.734 [Test worker] INFO org.springframework.boot.test.context.SpringBootTestContextBootstrapper - Neither @ContextConfiguration nor @ContextHierarchy found for test class [org.air.service.ScheduleServiceTest], using SpringBootContextLoader
22:53:51.736 [Test worker] DEBUG org.springframework.test.context.support.AbstractContextLoader - Did not detect default resource location for test class [org.air.service.ScheduleServiceTest]: class path resource [org/air/service/ScheduleServiceTest-context.xml] does not exist
22:53:51.737 [Test worker] DEBUG org.springframework.test.context.support.AbstractContextLoader - Did not detect default resource location for test class [org.air.service.ScheduleServiceTest]: class path resource [org/air/service/ScheduleServiceTestContext.groovy] does not exist
22:53:51.737 [Test worker] INFO org.springframework.test.context.support.AbstractContextLoader - Could not detect default resource locations for test class [org.air.service.ScheduleServiceTest]: no resource found for suffixes {-context.xml, Context.groovy}.
22:53:51.737 [Test worker] INFO org.springframework.test.context.support.AnnotationConfigContextLoaderUtils - Could not detect default configuration classes for test class [org.air.service.ScheduleServiceTest]: ScheduleServiceTest does not declare any static, non-private, non-final, nested classes annotated with @Configuration.
22:53:51.765 [Test worker] DEBUG org.springframework.test.context.support.ActiveProfilesUtils - Could not find an 'annotation declaring class' for annotation type [org.springframework.test.context.ActiveProfiles] and class [org.air.service.ScheduleServiceTest]
22:53:51.814 [Test worker] DEBUG org.springframework.context.annotation.ClassPathScanningCandidateComponentProvider - Identified candidate component class: file [C:\Users\KIMJAESUNG\Air_Scheduler\AirAPI\build\classes\java\main\org\air\MainApplication.class]
22:53:51.815 [Test worker] INFO org.springframework.boot.test.context.SpringBootTestContextBootstrapper - Found @SpringBootConfiguration org.air.MainApplication for test class org.air.service.ScheduleServiceTest
22:53:51.876 [Test worker] DEBUG org.springframework.boot.test.context.SpringBootTestContextBootstrapper - @TestExecutionListeners is not present for class [org.air.service.ScheduleServiceTest]: using defaults.
22:53:51.876 [Test worker] INFO org.springframework.boot.test.context.SpringBootTestContextBootstrapper - Loaded default TestExecutionListener class names from location [META-INF/spring.factories]: [org.springframework.security.test.context.support.WithSecurityContextTestExecutionListener, org.springframework.security.test.context.support.ReactorContextTestExecutionListener, org.springframework.boot.test.autoconfigure.restdocs.RestDocsTestExecutionListener, org.springframework.boot.test.autoconfigure.web.client.MockRestServiceServerResetTestExecutionListener, org.springframework.boot.test.autoconfigure.web.servlet.MockMvcPrintOnlyOnFailureTestExecutionListener, org.springframework.boot.test.autoconfigure.web.servlet.WebDriverTestExecutionListener, org.springframework.boot.test.autoconfigure.webservices.client.MockWebServiceServerTestExecutionListener, org.springframework.boot.test.mock.mockito.MockitoTestExecutionListener, org.springframework.boot.test.mock.mockito.ResetMocksTestExecutionListener, org.springframework.test.context.web.ServletTestExecutionListener, org.springframework.test.context.support.DirtiesContextBeforeModesTestExecutionListener, org.springframework.test.context.event.ApplicationEventsTestExecutionListener, org.springframework.test.context.support.DependencyInjectionTestExecutionListener, org.springframework.test.context.support.DirtiesContextTestExecutionListener, org.springframework.test.context.transaction.TransactionalTestExecutionListener, org.springframework.test.context.jdbc.SqlScriptsTestExecutionListener, org.springframework.test.context.event.EventPublishingTestExecutionListener]
22:53:51.885 [Test worker] INFO org.springframework.boot.test.context.SpringBootTestContextBootstrapper - Using TestExecutionListeners: [org.springframework.test.context.web.ServletTestExecutionListener@12365c88, org.springframework.test.context.support.DirtiesContextBeforeModesTestExecutionListener@6105f8a3, org.springframework.test.context.event.ApplicationEventsTestExecutionListener@2237bada, org.springframework.boot.test.mock.mockito.MockitoTestExecutionListener@77e2a6e2, org.springframework.boot.test.autoconfigure.SpringBootDependencyInjectionTestExecutionListener@5710768a, org.springframework.test.context.support.DirtiesContextTestExecutionListener@199e4c2b, org.springframework.test.context.transaction.TransactionalTestExecutionListener@6e0d4a8, org.springframework.test.context.jdbc.SqlScriptsTestExecutionListener@64d7b720, org.springframework.security.test.context.support.WithSecurityContextTestExecutionListener@30272916, org.springframework.test.context.event.EventPublishingTestExecutionListener@5bb3d42d, org.springframework.security.test.context.support.ReactorContextTestExecutionListener@5bf61e67, org.springframework.boot.test.autoconfigure.restdocs.RestDocsTestExecutionListener@2c1dc8e, org.springframework.boot.test.autoconfigure.web.client.MockRestServiceServerResetTestExecutionListener@b273a59, org.springframework.boot.test.autoconfigure.web.servlet.MockMvcPrintOnlyOnFailureTestExecutionListener@4e7095ac, org.springframework.boot.test.autoconfigure.web.servlet.WebDriverTestExecutionListener@251ebf23, org.springframework.boot.test.autoconfigure.webservices.client.MockWebServiceServerTestExecutionListener@29b732a2, org.springframework.boot.test.mock.mockito.ResetMocksTestExecutionListener@1b70203f]
22:53:51.887 [Test worker] DEBUG org.springframework.test.context.support.AbstractDirtiesContextTestExecutionListener - Before test class: context [DefaultTestContext@3b809711 testClass = ScheduleServiceTest, testInstance = [null], testMethod = [null], testException = [null], mergedContextConfiguration = [WebMergedContextConfiguration@3b0f7d9d testClass = ScheduleServiceTest, locations = '{}', classes = '{class org.air.MainApplication}', contextInitializerClasses = '[]', activeProfiles = '{}', propertySourceLocations = '{}', propertySourceProperties = '{org.springframework.boot.test.context.SpringBootTestContextBootstrapper=true}', contextCustomizers = set[org.springframework.boot.test.autoconfigure.actuate.metrics.MetricsExportContextCustomizerFactory$DisableMetricExportContextCustomizer@4f2c9ba6, org.springframework.boot.test.autoconfigure.properties.PropertyMappingContextCustomizer@0, org.springframework.boot.test.autoconfigure.web.servlet.WebDriverContextCustomizerFactory$Customizer@22d6f11, org.springframework.boot.test.context.filter.ExcludeFilterContextCustomizer@553f1d75, org.springframework.boot.test.json.DuplicateJsonObjectContextCustomizerFactory$DuplicateJsonObjectContextCustomizer@4de41af9, org.springframework.boot.test.mock.mockito.MockitoContextCustomizer@0, org.springframework.boot.test.web.client.TestRestTemplateContextCustomizer@2611b9a3, org.springframework.boot.test.context.SpringBootTestArgs@1, org.springframework.boot.test.context.SpringBootTestWebEnvironment@28b46423], resourceBasePath = 'src/main/webapp', contextLoader = 'org.springframework.boot.test.context.SpringBootContextLoader', parent = [null]], attributes = map['org.springframework.test.context.web.ServletTestExecutionListener.activateListener' -> true]], class annotated with @DirtiesContext [false] with mode [null].

  .   ____          _            __ _ _
 /\\ / ___'_ __ _ _(_)_ __  __ _ \ \ \ \
( ( )\___ | '_ | '_| | '_ \/ _` | \ \ \ \
 \\/  ___)| |_)| | | | | || (_| |  ) ) ) )
  '  |____| .__|_| |_|_| |_\__, | / / / /
 =========|_|==============|___/=/_/_/_/
 :: Spring Boot ::                (v2.7.5)

2024-03-22 22:53:52.094  INFO 21108 --- [    Test worker] org.air.service.ScheduleServiceTest      : Starting ScheduleServiceTest using Java 11.0.19 on DESKTOP-MCHQU2R with PID 21108 (started by KIMJAESUNG in C:\Users\KIMJAESUNG\Air_Scheduler\AirAPI)
2024-03-22 22:53:52.094  INFO 21108 --- [    Test worker] org.air.service.ScheduleServiceTest      : No active profile set, falling back to 1 default profile: "default"
2024-03-22 22:53:52.430  INFO 21108 --- [    Test worker] .s.d.r.c.RepositoryConfigurationDelegate : Bootstrapping Spring Data JPA repositories in DEFAULT mode.
2024-03-22 22:53:52.457  INFO 21108 --- [    Test worker] .s.d.r.c.RepositoryConfigurationDelegate : Finished Spring Data repository scanning in 23 ms. Found 5 JPA repository interfaces.
2024-03-22 22:53:52.998  INFO 21108 --- [    Test worker] o.hibernate.jpa.internal.util.LogHelper  : HHH000204: Processing PersistenceUnitInfo [name: default]
2024-03-22 22:53:53.030  INFO 21108 --- [    Test worker] org.hibernate.Version                    : HHH000412: Hibernate ORM core version 5.6.12.Final
2024-03-22 22:53:53.143  INFO 21108 --- [    Test worker] o.hibernate.annotations.common.Version   : HCANN000001: Hibernate Commons Annotations {5.1.2.Final}
2024-03-22 22:53:53.216  INFO 21108 --- [    Test worker] com.zaxxer.hikari.HikariDataSource       : HikariPool-1 - Starting...
2024-03-22 22:53:53.422  INFO 21108 --- [    Test worker] com.zaxxer.hikari.HikariDataSource       : HikariPool-1 - Start completed.
2024-03-22 22:53:53.433  INFO 21108 --- [    Test worker] org.hibernate.dialect.Dialect            : HHH000400: Using dialect: org.hibernate.dialect.MySQL8Dialect
2024-03-22 22:53:53.928  INFO 21108 --- [    Test worker] o.h.e.t.j.p.i.JtaPlatformInitiator       : HHH000490: Using JtaPlatform implementation: [org.hibernate.engine.transaction.jta.platform.internal.NoJtaPlatform]
2024-03-22 22:53:53.932  INFO 21108 --- [    Test worker] j.LocalContainerEntityManagerFactoryBean : Initialized JPA EntityManagerFactory for persistence unit 'default'
[]
2024-03-22 22:53:54.547  WARN 21108 --- [    Test worker] .s.s.UserDetailsServiceAutoConfiguration : 

Using generated security password: 9d84feeb-7b6b-4e70-9046-36f16641b21a

This generated password is for development use only. Your security configuration must be updated before running your application in production.

2024-03-22 22:53:54.650  INFO 21108 --- [    Test worker] o.s.s.web.DefaultSecurityFilterChain     : Will secure any request with [org.springframework.security.web.session.DisableEncodeUrlFilter@5978ba12, org.springframework.security.web.context.request.async.WebAsyncManagerIntegrationFilter@43f5b014, org.springframework.security.web.context.SecurityContextPersistenceFilter@6484364f, org.springframework.security.web.header.HeaderWriterFilter@28b16193, org.springframework.security.web.authentication.logout.LogoutFilter@399a5a52, org.air.jwt.JwtAuthenticationFilter@6b7e4db6, org.springframework.security.web.savedrequest.RequestCacheAwareFilter@6c569caf, org.springframework.security.web.servletapi.SecurityContextHolderAwareRequestFilter@29a5f924, org.springframework.security.web.authentication.AnonymousAuthenticationFilter@5c59dfc7, org.springframework.security.web.session.SessionManagementFilter@6771efaa, org.springframework.security.web.access.ExceptionTranslationFilter@21fa19e4, org.springframework.security.web.access.intercept.FilterSecurityInterceptor@10b7b5f0]
2024-03-22 22:53:54.677  WARN 21108 --- [    Test worker] JpaBaseConfiguration$JpaWebConfiguration : spring.jpa.open-in-view is enabled by default. Therefore, database queries may be performed during view rendering. Explicitly configure spring.jpa.open-in-view to disable this warning
2024-03-22 22:53:55.147  WARN 21108 --- [    Test worker] o.s.s.c.a.web.builders.WebSecurity       : You are asking Spring Security to ignore Mvc [pattern='/v3/api-docs/**']. This is not recommended -- please use permitAll via HttpSecurity#authorizeHttpRequests instead.
2024-03-22 22:53:55.147  INFO 21108 --- [    Test worker] o.s.s.web.DefaultSecurityFilterChain     : Will not secure Mvc [pattern='/v3/api-docs/**']
2024-03-22 22:53:55.147  WARN 21108 --- [    Test worker] o.s.s.c.a.web.builders.WebSecurity       : You are asking Spring Security to ignore Mvc [pattern='/swagger-ui/**']. This is not recommended -- please use permitAll via HttpSecurity#authorizeHttpRequests instead.
2024-03-22 22:53:55.147  INFO 21108 --- [    Test worker] o.s.s.web.DefaultSecurityFilterChain     : Will not secure Mvc [pattern='/swagger-ui/**']
2024-03-22 22:53:55.147  WARN 21108 --- [    Test worker] o.s.s.c.a.web.builders.WebSecurity       : You are asking Spring Security to ignore Mvc [pattern='/api/v1/login']. This is not recommended -- please use permitAll via HttpSecurity#authorizeHttpRequests instead.
2024-03-22 22:53:55.147  INFO 21108 --- [    Test worker] o.s.s.web.DefaultSecurityFilterChain     : Will not secure Mvc [pattern='/api/v1/login']
2024-03-22 22:53:55.148  WARN 21108 --- [    Test worker] o.s.s.c.a.web.builders.WebSecurity       : You are asking Spring Security to ignore Mvc [pattern='/h2-console/**']. This is not recommended -- please use permitAll via HttpSecurity#authorizeHttpRequests instead.
2024-03-22 22:53:55.148  INFO 21108 --- [    Test worker] o.s.s.web.DefaultSecurityFilterChain     : Will not secure Mvc [pattern='/h2-console/**']
2024-03-22 22:53:55.508  INFO 21108 --- [    Test worker] org.air.service.ScheduleServiceTest      : Started ScheduleServiceTest in 3.603 seconds (JVM running for 4.384)
C:\Users\KIMJAESUNG\Air_Scheduler\AirAPI\src\main\resources\analyzeDocResponse.json
2024-03-22 22:53:55.692  INFO 21108 --- [    Test worker] org.air.service.ScheduleServiceTest      : Schedule(id=null, date=01Apr23, pairing=F2903, dc=1945, ci=0050, co=null, activity=2903, cntFrom=ICN, stdL=2155, stdB=null, cntTo=DAD, staL=null, staB=0230, achotel=738, blk=null, userid=null)
2024-03-22 22:53:55.692  INFO 21108 --- [    Test worker] org.air.service.ScheduleServiceTest      : Schedule(id=null, date=02Apr23, pairing=F2903, dc=null, ci=null, co=null, activity=LAYOV, cntFrom=DAD, stdL=0305, stdB=null, cntTo=DAD, staL=null, staB=0215, achotel=VinpearlCondotelRiverfront, blk=4:35, userid=null)
2024-03-22 22:53:55.692  INFO 21108 --- [    Test worker] org.air.service.ScheduleServiceTest      : Schedule(id=null, date=03Apr23, pairing=F2903, dc=0030, ci=0905, co=null, activity=2904, cntFrom=DAD, stdL=0330, stdB=null, cntTo=ICN, staL=null, staB=0805, achotel=738, blk=null, userid=null)
2024-03-22 22:53:55.692  INFO 21108 --- [    Test worker] org.air.service.ScheduleServiceTest      : Schedule(id=null, date=04Apr23, pairing=null, dc=null, ci=null, co=null, activity=OFF, cntFrom=GMP, stdL=0000, stdB=null, cntTo=GMP, staL=null, staB=2359, achotel=null, blk=4:35, userid=null)
2024-03-22 22:53:55.692  INFO 21108 --- [    Test worker] org.air.service.ScheduleServiceTest      : Schedule(id=null, date=05Apr23, pairing=F2243, dc=1800, ci=2040, co=null, activity=129, cntFrom=GMP, stdL=1910, stdB=null, cntTo=CJU, staL=null, staB=2020, achotel=738, blk=null, userid=null)
2024-03-22 22:53:55.692  INFO 21108 --- [    Test worker] org.air.service.ScheduleServiceTest      : Schedule(id=null, date=null, pairing=null, dc=null, ci=null, co=null, activity=LAYOV, cntFrom=CJU, stdL=2055, stdB=null, cntTo=CJU, staL=null, staB=2025, achotel=??????, blk=1:10, userid=null)
2024-03-22 22:53:55.692  INFO 21108 --- [    Test worker] org.air.service.ScheduleServiceTest      : Schedule(id=null, date=06Apr23, pairing=F2243, dc=2040, ci=0220, co=null, activity=2243, cntFrom=CJU, stdL=2200, stdB=null, cntTo=BKK, staL=null, staB=0400, achotel=738, blk=null, userid=null)
2024-03-22 22:53:55.692  INFO 21108 --- [    Test worker] org.air.service.ScheduleServiceTest      : Schedule(id=null, date=07Apr23, pairing=F2243, dc=null, ci=null, co=null, activity=LAYOV, cntFrom=BKK, stdL=0515, stdB=null, cntTo=BKK, staL=null, staB=0150, achotel=HolidayInnsilom(7/12-), blk=6:00, userid=null)
2024-03-22 22:53:55.692  INFO 21108 --- [    Test worker] org.air.service.ScheduleServiceTest      : Schedule(id=null, date=08Apr23, pairing=F2243, dc=0045, ci=1020, co=null, activity=2206, cntFrom=BKK, stdL=0345, stdB=null, cntTo=ICN, staL=null, staB=0920, achotel=738, blk=null, userid=null)
2024-03-22 22:53:55.692  INFO 21108 --- [    Test worker] org.air.service.ScheduleServiceTest      : Schedule(id=null, date=09Apr23, pairing=null, dc=null, ci=null, co=null, activity=OFF, cntFrom=GMP, stdL=0000, stdB=null, cntTo=GMP, staL=null, staB=2359, achotel=null, blk=5:35, userid=null)
2024-03-22 22:53:55.692  INFO 21108 --- [    Test worker] org.air.service.ScheduleServiceTest      : Schedule(id=null, date=10Apr23, pairing=null, dc=null, ci=null, co=null, activity=OFF, cntFrom=GMP, stdL=0000, stdB=null, cntTo=GMP, staL=null, staB=2359, achotel=null, blk=null, userid=null)
2024-03-22 22:53:55.693  INFO 21108 --- [    Test worker] org.air.service.ScheduleServiceTest      : Schedule(id=null, date=11Apr23, pairing=F3102A, dc=0830, ci=null, co=null, activity=3102, cntFrom=ICN, stdL=1040, stdB=null, cntTo=GUM, staL=null, staB=1505, achotel=738, blk=null, userid=null)
2024-03-22 22:53:55.693  INFO 21108 --- [    Test worker] org.air.service.ScheduleServiceTest      : Schedule(id=null, date=null, pairing=null, dc=null, ci=2210, co=null, activity=3101, cntFrom=GUM, stdL=1610, stdB=null, cntTo=ICN, staL=null, staB=2110, achotel=738, blk=4:25, userid=null)
2024-03-22 22:53:55.693  INFO 21108 --- [    Test worker] org.air.service.ScheduleServiceTest      : Schedule(id=null, date=12Apr23, pairing=null, dc=1201, ci=2200, co=null, activity=SB1, cntFrom=GMP, stdL=1201, stdB=null, cntTo=GMP, staL=null, staB=2200, achotel=null, blk=null, userid=null)
2024-03-22 22:53:55.693  INFO 21108 --- [    Test worker] org.air.service.ScheduleServiceTest      : Schedule(id=null, date=13Apr23, pairing=null, dc=0900, ci=1800, co=null, activity=TBA, cntFrom=GMP, stdL=0900, stdB=null, cntTo=GMP, staL=null, staB=1800, achotel=null, blk=null, userid=null)
2024-03-22 22:53:55.693  INFO 21108 --- [    Test worker] org.air.service.ScheduleServiceTest      : Schedule(id=null, date=14Apr23, pairing=null, dc=null, ci=null, co=null, activity=OFF, cntFrom=GMP, stdL=0000, stdB=null, cntTo=GMP, staL=null, staB=2359, achotel=null, blk=null, userid=null)
2024-03-22 22:53:55.693  INFO 21108 --- [    Test worker] org.air.service.ScheduleServiceTest      : Schedule(id=null, date=15Apr23, pairing=F2653, dc=0655, ci=null, co=null, activity=AIR, cntFrom=GMP, stdL=0805, stdB=null, cntTo=PUS, staL=null, staB=0910, achotel=null, blk=null, userid=null)
2024-03-22 22:53:55.693  INFO 21108 --- [    Test worker] org.air.service.ScheduleServiceTest      : Schedule(id=null, date=null, pairing=null, dc=null, ci=null, co=null, activity=1154, cntFrom=PUS, stdL=1100, stdB=null, cntTo=NRT, staL=null, staB=1300, achotel=738, blk=null, userid=null)
2024-03-22 22:53:55.693  INFO 21108 --- [    Test worker] org.air.service.ScheduleServiceTest      : Schedule(id=null, date=null, pairing=F2653, dc=null, ci=1655, co=null, activity=1153, cntFrom=NRT, stdL=1400, stdB=null, cntTo=PUS, staL=null, staB=1635, achotel=738, blk=2:00, userid=null)
2024-03-22 22:53:55.693  INFO 21108 --- [    Test worker] org.air.service.ScheduleServiceTest      : Schedule(id=null, date=null, pairing=null, dc=null, ci=null, co=null, activity=LAYOV, cntFrom=PUS, stdL=1745, stdB=null, cntTo=PUS, staL=null, staB=1945, achotel=?????, blk=2:35, userid=null)
2024-03-22 22:53:55.693  INFO 21108 --- [    Test worker] org.air.service.ScheduleServiceTest      : Schedule(id=null, date=16Apr23, pairing=F2653, dc=2035, ci=null, co=null, activity=2653, cntFrom=PUS, stdL=2155, stdB=null, cntTo=TPE, staL=null, staB=0030, achotel=738, blk=null, userid=null)
2024-03-22 22:53:55.693  INFO 21108 --- [    Test worker] org.air.service.ScheduleServiceTest      : Schedule(id=null, date=17Apr23, pairing=F2653, dc=null, ci=null, co=null, activity=2654, cntFrom=TPE, stdL=0350, stdB=null, cntTo=PUS, staL=null, staB=0610, achotel=738, blk=2:35, userid=null)
2024-03-22 22:53:55.693  INFO 21108 --- [    Test worker] org.air.service.ScheduleServiceTest      : Schedule(id=null, date=null, pairing=null, dc=null, ci=0845, co=null, activity=211, cntFrom=PUS, stdL=0730, stdB=null, cntTo=GMP, staL=null, staB=0825, achotel=738, blk=2:20, userid=null)
2024-03-22 22:53:55.693  INFO 21108 --- [    Test worker] org.air.service.ScheduleServiceTest      : Schedule(id=null, date=18Apr23, pairing=null, dc=null, ci=null, co=null, activity=OFF, cntFrom=GMP, stdL=0000, stdB=null, cntTo=GMP, staL=null, staB=2359, achotel=null, blk=null, userid=null)
2024-03-22 22:53:55.693  INFO 21108 --- [    Test worker] org.air.service.ScheduleServiceTest      : Schedule(id=null, date=19Apr23, pairing=null, dc=null, ci=null, co=null, activity=OFF, cntFrom=GMP, stdL=0000, stdB=null, cntTo=GMP, staL=null, staB=2359, achotel=null, blk=null, userid=null)
2024-03-22 22:53:55.694  INFO 21108 --- [    Test worker] org.air.service.ScheduleServiceTest      : Schedule(id=null, date=20Apr23, pairing=F9104, dc=1410, ci=null, co=null, activity=9104, cntFrom=ICN, stdL=1620, stdB=null, cntTo=NRT, staL=null, staB=1845, achotel=738, blk=null, userid=null)
2024-03-22 22:53:55.694  INFO 21108 --- [    Test worker] org.air.service.ScheduleServiceTest      : Schedule(id=null, date=null, pairing=null, dc=null, ci=2350, co=null, activity=9103, cntFrom=NRT, stdL=1945, stdB=null, cntTo=ICN, staL=null, staB=2250, achotel=738, blk=2:25, userid=null)
2024-03-22 22:53:55.694  INFO 21108 --- [    Test worker] org.air.service.ScheduleServiceTest      : Schedule(id=null, date=21Apr23, pairing=F2507, dc=1700, ci=2340, co=null, activity=2507, cntFrom=ICN, stdL=1910, stdB=null, cntTo=BKI, staL=null, staB=0020, achotel=738, blk=3:05, userid=null)
2024-03-22 22:53:55.694  INFO 21108 --- [    Test worker] org.air.service.ScheduleServiceTest      : Schedule(id=null, date=22Apr23, pairing=F2507, dc=null, ci=null, co=null, activity=LAYOV, cntFrom=BKI, stdL=0105, stdB=null, cntTo=BKI, staL=null, staB=2355, achotel=HYATTREGENCY, blk=5:10, userid=null)
2024-03-22 22:53:55.695  INFO 21108 --- [    Test worker] org.air.service.ScheduleServiceTest      : Schedule(id=null, date=23Apr23, pairing=F2507, dc=2320, ci=0725, co=null, activity=2508, cntFrom=BKI, stdL=0120, stdB=null, cntTo=ICN, staL=null, staB=0625, achotel=738, blk=null, userid=null)
2024-03-22 22:53:55.695  INFO 21108 --- [    Test worker] org.air.service.ScheduleServiceTest      : Schedule(id=null, date=24Apr23, pairing=null, dc=null, ci=null, co=null, activity=OFF, cntFrom=GMP, stdL=0000, stdB=null, cntTo=GMP, staL=null, staB=2359, achotel=null, blk=5:05, userid=null)
2024-03-22 22:53:55.695  INFO 21108 --- [    Test worker] org.air.service.ScheduleServiceTest      : Schedule(id=null, date=25Apr23, pairing=null, dc=0900, ci=null, co=null, activity=JCRM, cntFrom=GMP, stdL=0900, stdB=null, cntTo=GMP, staL=null, staB=1100, achotel=null, blk=null, userid=null)
2024-03-22 22:53:55.695  INFO 21108 --- [    Test worker] org.air.service.ScheduleServiceTest      : Schedule(id=null, date=null, pairing=null, dc=null, ci=1300, co=null, activity=TR_GRD, cntFrom=GMP, stdL=1100, stdB=null, cntTo=GMP, staL=null, staB=1300, achotel=null, blk=null, userid=null)
2024-03-22 22:53:55.696  INFO 21108 --- [    Test worker] org.air.service.ScheduleServiceTest      : Schedule(id=null, date=26Apr23, pairing=F1406, dc=1355, ci=null, co=null, activity=1406, cntFrom=ICN, stdL=1605, stdB=null, cntTo=FUK, staL=null, staB=1730, achotel=738, blk=null, userid=null)
2024-03-22 22:53:55.696  INFO 21108 --- [    Test worker] org.air.service.ScheduleServiceTest      : Schedule(id=null, date=null, pairing=null, dc=null, ci=2245, co=null, activity=1405, cntFrom=FUK, stdL=1950, stdB=null, cntTo=ICN, staL=null, staB=2145, achotel=738, blk=1:25, userid=null)
2024-03-22 22:53:55.696  INFO 21108 --- [    Test worker] org.air.service.ScheduleServiceTest      : Schedule(id=null, date=27Apr23, pairing=null, dc=1201, ci=2200, co=null, activity=SB1, cntFrom=GMP, stdL=1201, stdB=null, cntTo=GMP, staL=null, staB=2200, achotel=null, blk=1:55, userid=null)
2024-03-22 22:53:55.696  INFO 21108 --- [    Test worker] org.air.service.ScheduleServiceTest      : Schedule(id=null, date=28Apr23, pairing=null, dc=null, ci=null, co=null, activity=OFF, cntFrom=GMP, stdL=0000, stdB=null, cntTo=GMP, staL=null, staB=2359, achotel=null, blk=null, userid=null)
2024-03-22 22:53:55.696  INFO 21108 --- [    Test worker] org.air.service.ScheduleServiceTest      : Schedule(id=null, date=29Apr23, pairing=null, dc=null, ci=null, co=null, activity=OFF, cntFrom=GMP, stdL=0000, stdB=null, cntTo=GMP, staL=null, staB=2359, achotel=null, blk=null, userid=null)
2024-03-22 22:53:55.696  INFO 21108 --- [    Test worker] org.air.service.ScheduleServiceTest      : Schedule(id=null, date=30Apr23, pairing=null, dc=1201, ci=2200, co=null, activity=SB1, cntFrom=GMP, stdL=1201, stdB=null, cntTo=GMP, staL=null, staB=2200, achotel=null, blk=null, userid=null)
]]></system-out>
  <system-err><![CDATA[]]></system-err>
</testsuite>
