<?xml version="1.0" encoding="UTF-8"?>
<testsuite name="org.air.service.ScheduleServiceTest" tests="1" skipped="0" failures="0" errors="0" timestamp="2023-07-23T08:57:24" hostname="DESKTOP-MCHQU2R" time="0.191">
  <properties/>
  <testcase name="save test" classname="org.air.service.ScheduleServiceTest" time="0.191"/>
  <system-out><![CDATA[17:57:23.749 [Test worker] DEBUG org.springframework.test.context.BootstrapUtils - Instantiating CacheAwareContextLoaderDelegate from class [org.springframework.test.context.cache.DefaultCacheAwareContextLoaderDelegate]
17:57:23.753 [Test worker] DEBUG org.springframework.test.context.BootstrapUtils - Instantiating BootstrapContext using constructor [public org.springframework.test.context.support.DefaultBootstrapContext(java.lang.Class,org.springframework.test.context.CacheAwareContextLoaderDelegate)]
17:57:23.765 [Test worker] DEBUG org.springframework.test.context.BootstrapUtils - Instantiating TestContextBootstrapper for test class [org.air.service.ScheduleServiceTest] from class [org.springframework.test.context.support.DefaultTestContextBootstrapper]
17:57:23.775 [Test worker] DEBUG org.springframework.test.context.support.AbstractDelegatingSmartContextLoader - Delegating to AnnotationConfigContextLoader to process context configuration [ContextConfigurationAttributes@75ed9710 declaringClass = 'org.air.service.ScheduleServiceTest', classes = '{class org.air.config.AWStextrack, class org.air.entity.json.Jsonschedules}', locations = '{}', inheritLocations = true, initializers = '{}', inheritInitializers = true, name = [null], contextLoaderClass = 'org.springframework.test.context.ContextLoader'].
17:57:23.799 [Test worker] DEBUG org.springframework.test.context.support.ActiveProfilesUtils - Could not find an 'annotation declaring class' for annotation type [org.springframework.test.context.ActiveProfiles] and class [org.air.service.ScheduleServiceTest]
17:57:23.800 [Test worker] DEBUG org.springframework.test.context.support.DefaultTestContextBootstrapper - @TestExecutionListeners is not present for class [org.air.service.ScheduleServiceTest]: using defaults.
17:57:23.800 [Test worker] INFO org.springframework.test.context.support.DefaultTestContextBootstrapper - Loaded default TestExecutionListener class names from location [META-INF/spring.factories]: [org.springframework.security.test.context.support.WithSecurityContextTestExecutionListener, org.springframework.security.test.context.support.ReactorContextTestExecutionListener, org.springframework.boot.test.autoconfigure.restdocs.RestDocsTestExecutionListener, org.springframework.boot.test.autoconfigure.web.client.MockRestServiceServerResetTestExecutionListener, org.springframework.boot.test.autoconfigure.web.servlet.MockMvcPrintOnlyOnFailureTestExecutionListener, org.springframework.boot.test.autoconfigure.web.servlet.WebDriverTestExecutionListener, org.springframework.boot.test.autoconfigure.webservices.client.MockWebServiceServerTestExecutionListener, org.springframework.boot.test.mock.mockito.MockitoTestExecutionListener, org.springframework.boot.test.mock.mockito.ResetMocksTestExecutionListener, org.springframework.test.context.web.ServletTestExecutionListener, org.springframework.test.context.support.DirtiesContextBeforeModesTestExecutionListener, org.springframework.test.context.event.ApplicationEventsTestExecutionListener, org.springframework.test.context.support.DependencyInjectionTestExecutionListener, org.springframework.test.context.support.DirtiesContextTestExecutionListener, org.springframework.test.context.transaction.TransactionalTestExecutionListener, org.springframework.test.context.jdbc.SqlScriptsTestExecutionListener, org.springframework.test.context.event.EventPublishingTestExecutionListener]
17:57:23.808 [Test worker] INFO org.springframework.test.context.support.DefaultTestContextBootstrapper - Using TestExecutionListeners: [org.springframework.test.context.web.ServletTestExecutionListener@5f3b9c57, org.springframework.test.context.support.DirtiesContextBeforeModesTestExecutionListener@1e044120, org.springframework.test.context.event.ApplicationEventsTestExecutionListener@2cf23c81, org.springframework.boot.test.mock.mockito.MockitoTestExecutionListener@3624da92, org.springframework.test.context.support.DependencyInjectionTestExecutionListener@35fe2125, org.springframework.test.context.support.DirtiesContextTestExecutionListener@94f6bfb, org.springframework.test.context.transaction.TransactionalTestExecutionListener@34645867, org.springframework.test.context.jdbc.SqlScriptsTestExecutionListener@2484f433, org.springframework.security.test.context.support.WithSecurityContextTestExecutionListener@60b71e8f, org.springframework.test.context.event.EventPublishingTestExecutionListener@1255b1d1, org.springframework.security.test.context.support.ReactorContextTestExecutionListener@464649c, org.springframework.boot.test.autoconfigure.restdocs.RestDocsTestExecutionListener@7c22d4f, org.springframework.boot.test.autoconfigure.web.client.MockRestServiceServerResetTestExecutionListener@5f59185e, org.springframework.boot.test.autoconfigure.web.servlet.MockMvcPrintOnlyOnFailureTestExecutionListener@60bdf15d, org.springframework.boot.test.autoconfigure.web.servlet.WebDriverTestExecutionListener@47da3952, org.springframework.boot.test.autoconfigure.webservices.client.MockWebServiceServerTestExecutionListener@51e4ccb3, org.springframework.boot.test.mock.mockito.ResetMocksTestExecutionListener@46e8a539]
17:57:23.809 [Test worker] DEBUG org.springframework.test.context.support.AbstractDirtiesContextTestExecutionListener - Before test class: context [DefaultTestContext@1e5f4170 testClass = ScheduleServiceTest, testInstance = [null], testMethod = [null], testException = [null], mergedContextConfiguration = [MergedContextConfiguration@6c345c5f testClass = ScheduleServiceTest, locations = '{}', classes = '{class org.air.config.AWStextrack, class org.air.entity.json.Jsonschedules}', contextInitializerClasses = '[]', activeProfiles = '{}', propertySourceLocations = '{classpath:application.properties}', propertySourceProperties = '{}', contextCustomizers = set[org.springframework.boot.test.autoconfigure.actuate.metrics.MetricsExportContextCustomizerFactory$DisableMetricExportContextCustomizer@72445aba, org.springframework.boot.test.autoconfigure.properties.PropertyMappingContextCustomizer@0, org.springframework.boot.test.autoconfigure.web.servlet.WebDriverContextCustomizerFactory$Customizer@470a696f, org.springframework.boot.test.context.filter.ExcludeFilterContextCustomizer@1c55f277, org.springframework.boot.test.json.DuplicateJsonObjectContextCustomizerFactory$DuplicateJsonObjectContextCustomizer@58e6d4b8, org.springframework.boot.test.mock.mockito.MockitoContextCustomizer@90378a6c], contextLoader = 'org.springframework.test.context.support.DelegatingSmartContextLoader', parent = [null]], attributes = map[[empty]]], class annotated with @DirtiesContext [false] with mode [null].
17:57:24.047 [Test worker] DEBUG org.springframework.test.context.support.AbstractDelegatingSmartContextLoader - Delegating to AnnotationConfigContextLoader to load context from [MergedContextConfiguration@6c345c5f testClass = ScheduleServiceTest, locations = '{}', classes = '{class org.air.config.AWStextrack, class org.air.entity.json.Jsonschedules}', contextInitializerClasses = '[]', activeProfiles = '{}', propertySourceLocations = '{classpath:application.properties}', propertySourceProperties = '{}', contextCustomizers = set[org.springframework.boot.test.autoconfigure.actuate.metrics.MetricsExportContextCustomizerFactory$DisableMetricExportContextCustomizer@72445aba, org.springframework.boot.test.autoconfigure.properties.PropertyMappingContextCustomizer@0, org.springframework.boot.test.autoconfigure.web.servlet.WebDriverContextCustomizerFactory$Customizer@470a696f, org.springframework.boot.test.context.filter.ExcludeFilterContextCustomizer@1c55f277, org.springframework.boot.test.json.DuplicateJsonObjectContextCustomizerFactory$DuplicateJsonObjectContextCustomizer@58e6d4b8, org.springframework.boot.test.mock.mockito.MockitoContextCustomizer@90378a6c], contextLoader = 'org.springframework.test.context.support.DelegatingSmartContextLoader', parent = [null]].
17:57:24.047 [Test worker] DEBUG org.springframework.test.context.support.AbstractGenericContextLoader - Loading ApplicationContext for merged context configuration [[MergedContextConfiguration@6c345c5f testClass = ScheduleServiceTest, locations = '{}', classes = '{class org.air.config.AWStextrack, class org.air.entity.json.Jsonschedules}', contextInitializerClasses = '[]', activeProfiles = '{}', propertySourceLocations = '{classpath:application.properties}', propertySourceProperties = '{}', contextCustomizers = set[org.springframework.boot.test.autoconfigure.actuate.metrics.MetricsExportContextCustomizerFactory$DisableMetricExportContextCustomizer@72445aba, org.springframework.boot.test.autoconfigure.properties.PropertyMappingContextCustomizer@0, org.springframework.boot.test.autoconfigure.web.servlet.WebDriverContextCustomizerFactory$Customizer@470a696f, org.springframework.boot.test.context.filter.ExcludeFilterContextCustomizer@1c55f277, org.springframework.boot.test.json.DuplicateJsonObjectContextCustomizerFactory$DuplicateJsonObjectContextCustomizer@58e6d4b8, org.springframework.boot.test.mock.mockito.MockitoContextCustomizer@90378a6c], contextLoader = 'org.springframework.test.context.support.DelegatingSmartContextLoader', parent = [null]]].
17:57:24.064 [Test worker] DEBUG org.springframework.core.env.StandardEnvironment - Activating profiles []
17:57:24.066 [Test worker] DEBUG org.springframework.test.context.support.AnnotationConfigContextLoader - Registering component classes: {class org.air.config.AWStextrack, class org.air.entity.json.Jsonschedules}
17:57:24.082 [Test worker] DEBUG org.springframework.context.support.GenericApplicationContext - Refreshing org.springframework.context.support.GenericApplicationContext@4eed2acf
17:57:24.086 [Test worker] DEBUG org.springframework.beans.factory.support.DefaultListableBeanFactory - Creating shared instance of singleton bean 'org.springframework.context.annotation.internalConfigurationAnnotationProcessor'
17:57:24.140 [Test worker] DEBUG org.springframework.beans.factory.support.DefaultListableBeanFactory - Creating shared instance of singleton bean 'org.springframework.boot.test.mock.mockito.MockitoPostProcessor'
17:57:24.159 [Test worker] DEBUG org.springframework.beans.factory.support.DefaultListableBeanFactory - Creating shared instance of singleton bean 'org.springframework.context.event.internalEventListenerProcessor'
17:57:24.160 [Test worker] DEBUG org.springframework.beans.factory.support.DefaultListableBeanFactory - Creating shared instance of singleton bean 'org.springframework.context.event.internalEventListenerFactory'
17:57:24.161 [Test worker] DEBUG org.springframework.beans.factory.support.DefaultListableBeanFactory - Creating shared instance of singleton bean 'org.springframework.context.annotation.internalAutowiredAnnotationProcessor'
17:57:24.162 [Test worker] DEBUG org.springframework.beans.factory.support.DefaultListableBeanFactory - Creating shared instance of singleton bean 'org.springframework.context.annotation.internalCommonAnnotationProcessor'
17:57:24.164 [Test worker] DEBUG org.springframework.beans.factory.support.DefaultListableBeanFactory - Creating shared instance of singleton bean 'org.springframework.context.annotation.internalPersistenceAnnotationProcessor'
17:57:24.164 [Test worker] DEBUG org.springframework.beans.factory.support.DefaultListableBeanFactory - Creating shared instance of singleton bean 'org.springframework.boot.test.mock.mockito.MockitoPostProcessor$SpyPostProcessor'
17:57:24.170 [Test worker] DEBUG org.springframework.beans.factory.support.DefaultListableBeanFactory - Creating shared instance of singleton bean 'AWStextrack'
17:57:24.189 [Test worker] DEBUG org.springframework.core.env.PropertySourcesPropertyResolver - Found key 'accesskey' in PropertySource 'configurationProperties' with value of type String
17:57:24.190 [Test worker] DEBUG org.springframework.core.env.PropertySourcesPropertyResolver - Found key 'secretkey' in PropertySource 'configurationProperties' with value of type String
17:57:24.190 [Test worker] DEBUG org.springframework.beans.factory.support.DefaultListableBeanFactory - Creating shared instance of singleton bean 'jsonschedules'
17:57:24.191 [Test worker] DEBUG org.springframework.beans.factory.support.DefaultListableBeanFactory - Creating shared instance of singleton bean 'texttoEntity'
17:57:24.200 [Test worker] DEBUG org.springframework.test.context.cache.DefaultCacheAwareContextLoaderDelegate - Storing ApplicationContext [1324165839] in cache under key [[MergedContextConfiguration@6c345c5f testClass = ScheduleServiceTest, locations = '{}', classes = '{class org.air.config.AWStextrack, class org.air.entity.json.Jsonschedules}', contextInitializerClasses = '[]', activeProfiles = '{}', propertySourceLocations = '{classpath:application.properties}', propertySourceProperties = '{}', contextCustomizers = set[org.springframework.boot.test.autoconfigure.actuate.metrics.MetricsExportContextCustomizerFactory$DisableMetricExportContextCustomizer@72445aba, org.springframework.boot.test.autoconfigure.properties.PropertyMappingContextCustomizer@0, org.springframework.boot.test.autoconfigure.web.servlet.WebDriverContextCustomizerFactory$Customizer@470a696f, org.springframework.boot.test.context.filter.ExcludeFilterContextCustomizer@1c55f277, org.springframework.boot.test.json.DuplicateJsonObjectContextCustomizerFactory$DuplicateJsonObjectContextCustomizer@58e6d4b8, org.springframework.boot.test.mock.mockito.MockitoContextCustomizer@90378a6c], contextLoader = 'org.springframework.test.context.support.DelegatingSmartContextLoader', parent = [null]]]
17:57:24.200 [Test worker] DEBUG org.springframework.test.context.cache - Spring test ApplicationContext cache statistics: [DefaultContextCache@123d7057 size = 1, maxSize = 32, parentContextCount = 0, hitCount = 0, missCount = 1]
17:57:24.201 [Test worker] DEBUG org.springframework.test.context.support.DependencyInjectionTestExecutionListener - Performing dependency injection for test context [[DefaultTestContext@1e5f4170 testClass = ScheduleServiceTest, testInstance = org.air.service.ScheduleServiceTest@68ee3b6d, testMethod = [null], testException = [null], mergedContextConfiguration = [MergedContextConfiguration@6c345c5f testClass = ScheduleServiceTest, locations = '{}', classes = '{class org.air.config.AWStextrack, class org.air.entity.json.Jsonschedules}', contextInitializerClasses = '[]', activeProfiles = '{}', propertySourceLocations = '{classpath:application.properties}', propertySourceProperties = '{}', contextCustomizers = set[org.springframework.boot.test.autoconfigure.actuate.metrics.MetricsExportContextCustomizerFactory$DisableMetricExportContextCustomizer@72445aba, org.springframework.boot.test.autoconfigure.properties.PropertyMappingContextCustomizer@0, org.springframework.boot.test.autoconfigure.web.servlet.WebDriverContextCustomizerFactory$Customizer@470a696f, org.springframework.boot.test.context.filter.ExcludeFilterContextCustomizer@1c55f277, org.springframework.boot.test.json.DuplicateJsonObjectContextCustomizerFactory$DuplicateJsonObjectContextCustomizer@58e6d4b8, org.springframework.boot.test.mock.mockito.MockitoContextCustomizer@90378a6c], contextLoader = 'org.springframework.test.context.support.DelegatingSmartContextLoader', parent = [null]], attributes = map['org.springframework.test.context.event.ApplicationEventsTestExecutionListener.recordApplicationEvents' -> false, 'org.springframework.boot.test.mock.mockito.MockitoTestExecutionListener.mocks' -> org.mockito.internal.configuration.InjectingAnnotationEngine$$Lambda$424/0x0000000100347440@e76b097]]].
17:57:24.201 [Test worker] DEBUG org.springframework.test.context.cache.DefaultCacheAwareContextLoaderDelegate - Retrieved ApplicationContext [1324165839] from cache with key [[MergedContextConfiguration@6c345c5f testClass = ScheduleServiceTest, locations = '{}', classes = '{class org.air.config.AWStextrack, class org.air.entity.json.Jsonschedules}', contextInitializerClasses = '[]', activeProfiles = '{}', propertySourceLocations = '{classpath:application.properties}', propertySourceProperties = '{}', contextCustomizers = set[org.springframework.boot.test.autoconfigure.actuate.metrics.MetricsExportContextCustomizerFactory$DisableMetricExportContextCustomizer@72445aba, org.springframework.boot.test.autoconfigure.properties.PropertyMappingContextCustomizer@0, org.springframework.boot.test.autoconfigure.web.servlet.WebDriverContextCustomizerFactory$Customizer@470a696f, org.springframework.boot.test.context.filter.ExcludeFilterContextCustomizer@1c55f277, org.springframework.boot.test.json.DuplicateJsonObjectContextCustomizerFactory$DuplicateJsonObjectContextCustomizer@58e6d4b8, org.springframework.boot.test.mock.mockito.MockitoContextCustomizer@90378a6c], contextLoader = 'org.springframework.test.context.support.DelegatingSmartContextLoader', parent = [null]]]
17:57:24.201 [Test worker] DEBUG org.springframework.test.context.cache - Spring test ApplicationContext cache statistics: [DefaultContextCache@123d7057 size = 1, maxSize = 32, parentContextCount = 0, hitCount = 1, missCount = 1]
17:57:24.207 [Test worker] DEBUG org.springframework.test.context.cache.DefaultCacheAwareContextLoaderDelegate - Retrieved ApplicationContext [1324165839] from cache with key [[MergedContextConfiguration@6c345c5f testClass = ScheduleServiceTest, locations = '{}', classes = '{class org.air.config.AWStextrack, class org.air.entity.json.Jsonschedules}', contextInitializerClasses = '[]', activeProfiles = '{}', propertySourceLocations = '{classpath:application.properties}', propertySourceProperties = '{}', contextCustomizers = set[org.springframework.boot.test.autoconfigure.actuate.metrics.MetricsExportContextCustomizerFactory$DisableMetricExportContextCustomizer@72445aba, org.springframework.boot.test.autoconfigure.properties.PropertyMappingContextCustomizer@0, org.springframework.boot.test.autoconfigure.web.servlet.WebDriverContextCustomizerFactory$Customizer@470a696f, org.springframework.boot.test.context.filter.ExcludeFilterContextCustomizer@1c55f277, org.springframework.boot.test.json.DuplicateJsonObjectContextCustomizerFactory$DuplicateJsonObjectContextCustomizer@58e6d4b8, org.springframework.boot.test.mock.mockito.MockitoContextCustomizer@90378a6c], contextLoader = 'org.springframework.test.context.support.DelegatingSmartContextLoader', parent = [null]]]
17:57:24.207 [Test worker] DEBUG org.springframework.test.context.cache - Spring test ApplicationContext cache statistics: [DefaultContextCache@123d7057 size = 1, maxSize = 32, parentContextCount = 0, hitCount = 2, missCount = 1]
17:57:24.210 [Test worker] DEBUG org.springframework.test.context.support.AbstractDirtiesContextTestExecutionListener - Before test method: context [DefaultTestContext@1e5f4170 testClass = ScheduleServiceTest, testInstance = org.air.service.ScheduleServiceTest@68ee3b6d, testMethod = save@ScheduleServiceTest, testException = [null], mergedContextConfiguration = [MergedContextConfiguration@6c345c5f testClass = ScheduleServiceTest, locations = '{}', classes = '{class org.air.config.AWStextrack, class org.air.entity.json.Jsonschedules}', contextInitializerClasses = '[]', activeProfiles = '{}', propertySourceLocations = '{classpath:application.properties}', propertySourceProperties = '{}', contextCustomizers = set[org.springframework.boot.test.autoconfigure.actuate.metrics.MetricsExportContextCustomizerFactory$DisableMetricExportContextCustomizer@72445aba, org.springframework.boot.test.autoconfigure.properties.PropertyMappingContextCustomizer@0, org.springframework.boot.test.autoconfigure.web.servlet.WebDriverContextCustomizerFactory$Customizer@470a696f, org.springframework.boot.test.context.filter.ExcludeFilterContextCustomizer@1c55f277, org.springframework.boot.test.json.DuplicateJsonObjectContextCustomizerFactory$DuplicateJsonObjectContextCustomizer@58e6d4b8, org.springframework.boot.test.mock.mockito.MockitoContextCustomizer@90378a6c], contextLoader = 'org.springframework.test.context.support.DelegatingSmartContextLoader', parent = [null]], attributes = map['org.springframework.test.context.event.ApplicationEventsTestExecutionListener.recordApplicationEvents' -> false, 'org.springframework.boot.test.mock.mockito.MockitoTestExecutionListener.mocks' -> org.mockito.internal.configuration.InjectingAnnotationEngine$$Lambda$424/0x0000000100347440@e76b097]], class annotated with @DirtiesContext [false] with mode [null], method annotated with @DirtiesContext [false] with mode [null].
17:57:24.213 [Test worker] DEBUG org.springframework.test.context.cache.DefaultCacheAwareContextLoaderDelegate - Retrieved ApplicationContext [1324165839] from cache with key [[MergedContextConfiguration@6c345c5f testClass = ScheduleServiceTest, locations = '{}', classes = '{class org.air.config.AWStextrack, class org.air.entity.json.Jsonschedules}', contextInitializerClasses = '[]', activeProfiles = '{}', propertySourceLocations = '{classpath:application.properties}', propertySourceProperties = '{}', contextCustomizers = set[org.springframework.boot.test.autoconfigure.actuate.metrics.MetricsExportContextCustomizerFactory$DisableMetricExportContextCustomizer@72445aba, org.springframework.boot.test.autoconfigure.properties.PropertyMappingContextCustomizer@0, org.springframework.boot.test.autoconfigure.web.servlet.WebDriverContextCustomizerFactory$Customizer@470a696f, org.springframework.boot.test.context.filter.ExcludeFilterContextCustomizer@1c55f277, org.springframework.boot.test.json.DuplicateJsonObjectContextCustomizerFactory$DuplicateJsonObjectContextCustomizer@58e6d4b8, org.springframework.boot.test.mock.mockito.MockitoContextCustomizer@90378a6c], contextLoader = 'org.springframework.test.context.support.DelegatingSmartContextLoader', parent = [null]]]
17:57:24.213 [Test worker] DEBUG org.springframework.test.context.cache - Spring test ApplicationContext cache statistics: [DefaultContextCache@123d7057 size = 1, maxSize = 32, parentContextCount = 0, hitCount = 3, missCount = 1]
17:57:24.214 [Test worker] DEBUG org.springframework.test.context.cache.DefaultCacheAwareContextLoaderDelegate - Retrieved ApplicationContext [1324165839] from cache with key [[MergedContextConfiguration@6c345c5f testClass = ScheduleServiceTest, locations = '{}', classes = '{class org.air.config.AWStextrack, class org.air.entity.json.Jsonschedules}', contextInitializerClasses = '[]', activeProfiles = '{}', propertySourceLocations = '{classpath:application.properties}', propertySourceProperties = '{}', contextCustomizers = set[org.springframework.boot.test.autoconfigure.actuate.metrics.MetricsExportContextCustomizerFactory$DisableMetricExportContextCustomizer@72445aba, org.springframework.boot.test.autoconfigure.properties.PropertyMappingContextCustomizer@0, org.springframework.boot.test.autoconfigure.web.servlet.WebDriverContextCustomizerFactory$Customizer@470a696f, org.springframework.boot.test.context.filter.ExcludeFilterContextCustomizer@1c55f277, org.springframework.boot.test.json.DuplicateJsonObjectContextCustomizerFactory$DuplicateJsonObjectContextCustomizer@58e6d4b8, org.springframework.boot.test.mock.mockito.MockitoContextCustomizer@90378a6c], contextLoader = 'org.springframework.test.context.support.DelegatingSmartContextLoader', parent = [null]]]
17:57:24.214 [Test worker] DEBUG org.springframework.test.context.cache - Spring test ApplicationContext cache statistics: [DefaultContextCache@123d7057 size = 1, maxSize = 32, parentContextCount = 0, hitCount = 4, missCount = 1]
17:57:24.215 [Test worker] DEBUG org.springframework.test.context.cache.DefaultCacheAwareContextLoaderDelegate - Retrieved ApplicationContext [1324165839] from cache with key [[MergedContextConfiguration@6c345c5f testClass = ScheduleServiceTest, locations = '{}', classes = '{class org.air.config.AWStextrack, class org.air.entity.json.Jsonschedules}', contextInitializerClasses = '[]', activeProfiles = '{}', propertySourceLocations = '{classpath:application.properties}', propertySourceProperties = '{}', contextCustomizers = set[org.springframework.boot.test.autoconfigure.actuate.metrics.MetricsExportContextCustomizerFactory$DisableMetricExportContextCustomizer@72445aba, org.springframework.boot.test.autoconfigure.properties.PropertyMappingContextCustomizer@0, org.springframework.boot.test.autoconfigure.web.servlet.WebDriverContextCustomizerFactory$Customizer@470a696f, org.springframework.boot.test.context.filter.ExcludeFilterContextCustomizer@1c55f277, org.springframework.boot.test.json.DuplicateJsonObjectContextCustomizerFactory$DuplicateJsonObjectContextCustomizer@58e6d4b8, org.springframework.boot.test.mock.mockito.MockitoContextCustomizer@90378a6c], contextLoader = 'org.springframework.test.context.support.DelegatingSmartContextLoader', parent = [null]]]
17:57:24.215 [Test worker] DEBUG org.springframework.test.context.cache - Spring test ApplicationContext cache statistics: [DefaultContextCache@123d7057 size = 1, maxSize = 32, parentContextCount = 0, hitCount = 5, missCount = 1]
date : Schedule(id=0, date=01Apr23, pairing=F2903, dc=1945, ci=0050, co=null, activity=2903, cnt_from=ICN, std=2155, cnt_to=DAD, sta=0230, achotel=738, blk=null)
date : Schedule(id=0, date=02Apr23, pairing=F2903, dc=null, ci=null, co=null, activity=LAYOV, cnt_from=DAD, std=0305, cnt_to=DAD, sta=0215, achotel=VinpearlCondotelRiverfront, blk=4:35)
date : Schedule(id=0, date=03Apr23, pairing=F2903, dc=0030, ci=0905, co=null, activity=2904, cnt_from=DAD, std=0330, cnt_to=ICN, sta=0805, achotel=738, blk=null)
date : Schedule(id=0, date=04Apr23, pairing=null, dc=null, ci=null, co=null, activity=OFF, cnt_from=GMP, std=0000, cnt_to=GMP, sta=2359, achotel=null, blk=4:35)
date : Schedule(id=0, date=05Apr23, pairing=F2243, dc=1800, ci=2040, co=null, activity=129, cnt_from=GMP, std=1910, cnt_to=CJU, sta=2020, achotel=738, blk=null)
date : Schedule(id=0, date=null, pairing=null, dc=null, ci=null, co=null, activity=LAYOV, cnt_from=CJU, std=2055, cnt_to=CJU, sta=2025, achotel=??????, blk=1:10)
date : Schedule(id=0, date=06Apr23, pairing=F2243, dc=2040, ci=0220, co=null, activity=2243, cnt_from=CJU, std=2200, cnt_to=BKK, sta=0400, achotel=738, blk=null)
date : Schedule(id=0, date=07Apr23, pairing=F2243, dc=null, ci=null, co=null, activity=LAYOV, cnt_from=BKK, std=0515, cnt_to=BKK, sta=0150, achotel=HolidayInnsilom(7/12-), blk=6:00)
date : Schedule(id=0, date=08Apr23, pairing=F2243, dc=0045, ci=1020, co=null, activity=2206, cnt_from=BKK, std=0345, cnt_to=ICN, sta=0920, achotel=738, blk=null)
date : Schedule(id=0, date=09Apr23, pairing=null, dc=null, ci=null, co=null, activity=OFF, cnt_from=GMP, std=0000, cnt_to=GMP, sta=2359, achotel=null, blk=5:35)
date : Schedule(id=0, date=10Apr23, pairing=null, dc=null, ci=null, co=null, activity=OFF, cnt_from=GMP, std=0000, cnt_to=GMP, sta=2359, achotel=null, blk=null)
date : Schedule(id=0, date=11Apr23, pairing=F3102A, dc=0830, ci=null, co=null, activity=3102, cnt_from=ICN, std=1040, cnt_to=GUM, sta=1505, achotel=738, blk=null)
date : Schedule(id=0, date=null, pairing=null, dc=null, ci=2210, co=null, activity=3101, cnt_from=GUM, std=1610, cnt_to=ICN, sta=2110, achotel=738, blk=4:25)
date : Schedule(id=0, date=12Apr23, pairing=null, dc=1201, ci=2200, co=null, activity=SB1, cnt_from=GMP, std=1201, cnt_to=GMP, sta=2200, achotel=null, blk=null)
date : Schedule(id=0, date=13Apr23, pairing=null, dc=0900, ci=1800, co=null, activity=TBA, cnt_from=GMP, std=0900, cnt_to=GMP, sta=1800, achotel=null, blk=null)
date : Schedule(id=0, date=14Apr23, pairing=null, dc=null, ci=null, co=null, activity=OFF, cnt_from=GMP, std=0000, cnt_to=GMP, sta=2359, achotel=null, blk=null)
date : Schedule(id=0, date=15Apr23, pairing=F2653, dc=0655, ci=null, co=null, activity=AIR, cnt_from=GMP, std=0805, cnt_to=PUS, sta=0910, achotel=null, blk=null)
date : Schedule(id=0, date=null, pairing=null, dc=null, ci=null, co=null, activity=1154, cnt_from=PUS, std=1100, cnt_to=NRT, sta=1300, achotel=738, blk=null)
date : Schedule(id=0, date=null, pairing=F2653, dc=null, ci=1655, co=null, activity=1153, cnt_from=NRT, std=1400, cnt_to=PUS, sta=1635, achotel=738, blk=2:00)
date : Schedule(id=0, date=null, pairing=null, dc=null, ci=null, co=null, activity=LAYOV, cnt_from=PUS, std=1745, cnt_to=PUS, sta=1945, achotel=?????, blk=2:35)
date : Schedule(id=0, date=16Apr23, pairing=F2653, dc=2035, ci=null, co=null, activity=2653, cnt_from=PUS, std=2155, cnt_to=TPE, sta=0030, achotel=738, blk=null)
date : Schedule(id=0, date=17Apr23, pairing=F2653, dc=null, ci=null, co=null, activity=2654, cnt_from=TPE, std=0350, cnt_to=PUS, sta=0610, achotel=738, blk=2:35)
date : Schedule(id=0, date=null, pairing=null, dc=null, ci=0845, co=null, activity=211, cnt_from=PUS, std=0730, cnt_to=GMP, sta=0825, achotel=738, blk=2:20)
date : Schedule(id=0, date=18Apr23, pairing=null, dc=null, ci=null, co=null, activity=OFF, cnt_from=GMP, std=0000, cnt_to=GMP, sta=2359, achotel=null, blk=null)
date : Schedule(id=0, date=19Apr23, pairing=null, dc=null, ci=null, co=null, activity=OFF, cnt_from=GMP, std=0000, cnt_to=GMP, sta=2359, achotel=null, blk=null)
date : Schedule(id=0, date=20Apr23, pairing=F9104, dc=1410, ci=null, co=null, activity=9104, cnt_from=ICN, std=1620, cnt_to=NRT, sta=1845, achotel=738, blk=null)
date : Schedule(id=0, date=null, pairing=null, dc=null, ci=2350, co=null, activity=9103, cnt_from=NRT, std=1945, cnt_to=ICN, sta=2250, achotel=738, blk=2:25)
date : Schedule(id=0, date=21Apr23, pairing=F2507, dc=1700, ci=2340, co=null, activity=2507, cnt_from=ICN, std=1910, cnt_to=BKI, sta=0020, achotel=738, blk=3:05)
date : Schedule(id=0, date=22Apr23, pairing=F2507, dc=null, ci=null, co=null, activity=LAYOV, cnt_from=BKI, std=0105, cnt_to=BKI, sta=2355, achotel=HYATTREGENCY, blk=5:10)
date : Schedule(id=0, date=23Apr23, pairing=F2507, dc=2320, ci=0725, co=null, activity=2508, cnt_from=BKI, std=0120, cnt_to=ICN, sta=0625, achotel=738, blk=null)
date : Schedule(id=0, date=24Apr23, pairing=null, dc=null, ci=null, co=null, activity=OFF, cnt_from=GMP, std=0000, cnt_to=GMP, sta=2359, achotel=null, blk=5:05)
date : Schedule(id=0, date=25Apr23, pairing=null, dc=0900, ci=null, co=null, activity=JCRM, cnt_from=GMP, std=0900, cnt_to=GMP, sta=1100, achotel=null, blk=null)
date : Schedule(id=0, date=null, pairing=null, dc=null, ci=1300, co=null, activity=TR_GRD, cnt_from=GMP, std=1100, cnt_to=GMP, sta=1300, achotel=null, blk=null)
date : Schedule(id=0, date=26Apr23, pairing=F1406, dc=1355, ci=null, co=null, activity=1406, cnt_from=ICN, std=1605, cnt_to=FUK, sta=1730, achotel=738, blk=null)
date : Schedule(id=0, date=null, pairing=null, dc=null, ci=2245, co=null, activity=1405, cnt_from=FUK, std=1950, cnt_to=ICN, sta=2145, achotel=738, blk=1:25)
date : Schedule(id=0, date=27Apr23, pairing=null, dc=1201, ci=2200, co=null, activity=SB1, cnt_from=GMP, std=1201, cnt_to=GMP, sta=2200, achotel=null, blk=1:55)
date : Schedule(id=0, date=28Apr23, pairing=null, dc=null, ci=null, co=null, activity=OFF, cnt_from=GMP, std=0000, cnt_to=GMP, sta=2359, achotel=null, blk=null)
date : Schedule(id=0, date=29Apr23, pairing=null, dc=null, ci=null, co=null, activity=OFF, cnt_from=GMP, std=0000, cnt_to=GMP, sta=2359, achotel=null, blk=null)
date : Schedule(id=0, date=30Apr23, pairing=null, dc=1201, ci=2200, co=null, activity=SB1, cnt_from=GMP, std=1201, cnt_to=GMP, sta=2200, achotel=null, blk=null)
17:57:24.384 [Test worker] DEBUG org.springframework.test.context.cache.DefaultCacheAwareContextLoaderDelegate - Retrieved ApplicationContext [1324165839] from cache with key [[MergedContextConfiguration@6c345c5f testClass = ScheduleServiceTest, locations = '{}', classes = '{class org.air.config.AWStextrack, class org.air.entity.json.Jsonschedules}', contextInitializerClasses = '[]', activeProfiles = '{}', propertySourceLocations = '{classpath:application.properties}', propertySourceProperties = '{}', contextCustomizers = set[org.springframework.boot.test.autoconfigure.actuate.metrics.MetricsExportContextCustomizerFactory$DisableMetricExportContextCustomizer@72445aba, org.springframework.boot.test.autoconfigure.properties.PropertyMappingContextCustomizer@0, org.springframework.boot.test.autoconfigure.web.servlet.WebDriverContextCustomizerFactory$Customizer@470a696f, org.springframework.boot.test.context.filter.ExcludeFilterContextCustomizer@1c55f277, org.springframework.boot.test.json.DuplicateJsonObjectContextCustomizerFactory$DuplicateJsonObjectContextCustomizer@58e6d4b8, org.springframework.boot.test.mock.mockito.MockitoContextCustomizer@90378a6c], contextLoader = 'org.springframework.test.context.support.DelegatingSmartContextLoader', parent = [null]]]
17:57:24.384 [Test worker] DEBUG org.springframework.test.context.cache - Spring test ApplicationContext cache statistics: [DefaultContextCache@123d7057 size = 1, maxSize = 32, parentContextCount = 0, hitCount = 6, missCount = 1]
17:57:24.386 [Test worker] DEBUG org.springframework.test.context.cache.DefaultCacheAwareContextLoaderDelegate - Retrieved ApplicationContext [1324165839] from cache with key [[MergedContextConfiguration@6c345c5f testClass = ScheduleServiceTest, locations = '{}', classes = '{class org.air.config.AWStextrack, class org.air.entity.json.Jsonschedules}', contextInitializerClasses = '[]', activeProfiles = '{}', propertySourceLocations = '{classpath:application.properties}', propertySourceProperties = '{}', contextCustomizers = set[org.springframework.boot.test.autoconfigure.actuate.metrics.MetricsExportContextCustomizerFactory$DisableMetricExportContextCustomizer@72445aba, org.springframework.boot.test.autoconfigure.properties.PropertyMappingContextCustomizer@0, org.springframework.boot.test.autoconfigure.web.servlet.WebDriverContextCustomizerFactory$Customizer@470a696f, org.springframework.boot.test.context.filter.ExcludeFilterContextCustomizer@1c55f277, org.springframework.boot.test.json.DuplicateJsonObjectContextCustomizerFactory$DuplicateJsonObjectContextCustomizer@58e6d4b8, org.springframework.boot.test.mock.mockito.MockitoContextCustomizer@90378a6c], contextLoader = 'org.springframework.test.context.support.DelegatingSmartContextLoader', parent = [null]]]
17:57:24.386 [Test worker] DEBUG org.springframework.test.context.cache - Spring test ApplicationContext cache statistics: [DefaultContextCache@123d7057 size = 1, maxSize = 32, parentContextCount = 0, hitCount = 7, missCount = 1]
17:57:24.387 [Test worker] DEBUG org.springframework.test.context.cache.DefaultCacheAwareContextLoaderDelegate - Retrieved ApplicationContext [1324165839] from cache with key [[MergedContextConfiguration@6c345c5f testClass = ScheduleServiceTest, locations = '{}', classes = '{class org.air.config.AWStextrack, class org.air.entity.json.Jsonschedules}', contextInitializerClasses = '[]', activeProfiles = '{}', propertySourceLocations = '{classpath:application.properties}', propertySourceProperties = '{}', contextCustomizers = set[org.springframework.boot.test.autoconfigure.actuate.metrics.MetricsExportContextCustomizerFactory$DisableMetricExportContextCustomizer@72445aba, org.springframework.boot.test.autoconfigure.properties.PropertyMappingContextCustomizer@0, org.springframework.boot.test.autoconfigure.web.servlet.WebDriverContextCustomizerFactory$Customizer@470a696f, org.springframework.boot.test.context.filter.ExcludeFilterContextCustomizer@1c55f277, org.springframework.boot.test.json.DuplicateJsonObjectContextCustomizerFactory$DuplicateJsonObjectContextCustomizer@58e6d4b8, org.springframework.boot.test.mock.mockito.MockitoContextCustomizer@90378a6c], contextLoader = 'org.springframework.test.context.support.DelegatingSmartContextLoader', parent = [null]]]
17:57:24.387 [Test worker] DEBUG org.springframework.test.context.cache - Spring test ApplicationContext cache statistics: [DefaultContextCache@123d7057 size = 1, maxSize = 32, parentContextCount = 0, hitCount = 8, missCount = 1]
17:57:24.387 [Test worker] DEBUG org.springframework.test.context.cache.DefaultCacheAwareContextLoaderDelegate - Retrieved ApplicationContext [1324165839] from cache with key [[MergedContextConfiguration@6c345c5f testClass = ScheduleServiceTest, locations = '{}', classes = '{class org.air.config.AWStextrack, class org.air.entity.json.Jsonschedules}', contextInitializerClasses = '[]', activeProfiles = '{}', propertySourceLocations = '{classpath:application.properties}', propertySourceProperties = '{}', contextCustomizers = set[org.springframework.boot.test.autoconfigure.actuate.metrics.MetricsExportContextCustomizerFactory$DisableMetricExportContextCustomizer@72445aba, org.springframework.boot.test.autoconfigure.properties.PropertyMappingContextCustomizer@0, org.springframework.boot.test.autoconfigure.web.servlet.WebDriverContextCustomizerFactory$Customizer@470a696f, org.springframework.boot.test.context.filter.ExcludeFilterContextCustomizer@1c55f277, org.springframework.boot.test.json.DuplicateJsonObjectContextCustomizerFactory$DuplicateJsonObjectContextCustomizer@58e6d4b8, org.springframework.boot.test.mock.mockito.MockitoContextCustomizer@90378a6c], contextLoader = 'org.springframework.test.context.support.DelegatingSmartContextLoader', parent = [null]]]
17:57:24.387 [Test worker] DEBUG org.springframework.test.context.cache - Spring test ApplicationContext cache statistics: [DefaultContextCache@123d7057 size = 1, maxSize = 32, parentContextCount = 0, hitCount = 9, missCount = 1]
17:57:24.389 [Test worker] DEBUG org.springframework.test.context.cache.DefaultCacheAwareContextLoaderDelegate - Retrieved ApplicationContext [1324165839] from cache with key [[MergedContextConfiguration@6c345c5f testClass = ScheduleServiceTest, locations = '{}', classes = '{class org.air.config.AWStextrack, class org.air.entity.json.Jsonschedules}', contextInitializerClasses = '[]', activeProfiles = '{}', propertySourceLocations = '{classpath:application.properties}', propertySourceProperties = '{}', contextCustomizers = set[org.springframework.boot.test.autoconfigure.actuate.metrics.MetricsExportContextCustomizerFactory$DisableMetricExportContextCustomizer@72445aba, org.springframework.boot.test.autoconfigure.properties.PropertyMappingContextCustomizer@0, org.springframework.boot.test.autoconfigure.web.servlet.WebDriverContextCustomizerFactory$Customizer@470a696f, org.springframework.boot.test.context.filter.ExcludeFilterContextCustomizer@1c55f277, org.springframework.boot.test.json.DuplicateJsonObjectContextCustomizerFactory$DuplicateJsonObjectContextCustomizer@58e6d4b8, org.springframework.boot.test.mock.mockito.MockitoContextCustomizer@90378a6c], contextLoader = 'org.springframework.test.context.support.DelegatingSmartContextLoader', parent = [null]]]
17:57:24.389 [Test worker] DEBUG org.springframework.test.context.cache - Spring test ApplicationContext cache statistics: [DefaultContextCache@123d7057 size = 1, maxSize = 32, parentContextCount = 0, hitCount = 10, missCount = 1]
17:57:24.391 [Test worker] DEBUG org.springframework.test.context.cache.DefaultCacheAwareContextLoaderDelegate - Retrieved ApplicationContext [1324165839] from cache with key [[MergedContextConfiguration@6c345c5f testClass = ScheduleServiceTest, locations = '{}', classes = '{class org.air.config.AWStextrack, class org.air.entity.json.Jsonschedules}', contextInitializerClasses = '[]', activeProfiles = '{}', propertySourceLocations = '{classpath:application.properties}', propertySourceProperties = '{}', contextCustomizers = set[org.springframework.boot.test.autoconfigure.actuate.metrics.MetricsExportContextCustomizerFactory$DisableMetricExportContextCustomizer@72445aba, org.springframework.boot.test.autoconfigure.properties.PropertyMappingContextCustomizer@0, org.springframework.boot.test.autoconfigure.web.servlet.WebDriverContextCustomizerFactory$Customizer@470a696f, org.springframework.boot.test.context.filter.ExcludeFilterContextCustomizer@1c55f277, org.springframework.boot.test.json.DuplicateJsonObjectContextCustomizerFactory$DuplicateJsonObjectContextCustomizer@58e6d4b8, org.springframework.boot.test.mock.mockito.MockitoContextCustomizer@90378a6c], contextLoader = 'org.springframework.test.context.support.DelegatingSmartContextLoader', parent = [null]]]
17:57:24.391 [Test worker] DEBUG org.springframework.test.context.cache - Spring test ApplicationContext cache statistics: [DefaultContextCache@123d7057 size = 1, maxSize = 32, parentContextCount = 0, hitCount = 11, missCount = 1]
17:57:24.394 [Test worker] DEBUG org.springframework.test.context.support.AbstractDirtiesContextTestExecutionListener - After test method: context [DefaultTestContext@1e5f4170 testClass = ScheduleServiceTest, testInstance = org.air.service.ScheduleServiceTest@68ee3b6d, testMethod = save@ScheduleServiceTest, testException = [null], mergedContextConfiguration = [MergedContextConfiguration@6c345c5f testClass = ScheduleServiceTest, locations = '{}', classes = '{class org.air.config.AWStextrack, class org.air.entity.json.Jsonschedules}', contextInitializerClasses = '[]', activeProfiles = '{}', propertySourceLocations = '{classpath:application.properties}', propertySourceProperties = '{}', contextCustomizers = set[org.springframework.boot.test.autoconfigure.actuate.metrics.MetricsExportContextCustomizerFactory$DisableMetricExportContextCustomizer@72445aba, org.springframework.boot.test.autoconfigure.properties.PropertyMappingContextCustomizer@0, org.springframework.boot.test.autoconfigure.web.servlet.WebDriverContextCustomizerFactory$Customizer@470a696f, org.springframework.boot.test.context.filter.ExcludeFilterContextCustomizer@1c55f277, org.springframework.boot.test.json.DuplicateJsonObjectContextCustomizerFactory$DuplicateJsonObjectContextCustomizer@58e6d4b8, org.springframework.boot.test.mock.mockito.MockitoContextCustomizer@90378a6c], contextLoader = 'org.springframework.test.context.support.DelegatingSmartContextLoader', parent = [null]], attributes = map['org.springframework.test.context.event.ApplicationEventsTestExecutionListener.recordApplicationEvents' -> false, 'org.springframework.boot.test.mock.mockito.MockitoTestExecutionListener.mocks' -> org.mockito.internal.configuration.InjectingAnnotationEngine$$Lambda$424/0x0000000100347440@e76b097]], class annotated with @DirtiesContext [false] with mode [null], method annotated with @DirtiesContext [false] with mode [null].
17:57:24.400 [Test worker] DEBUG org.springframework.test.context.cache.DefaultCacheAwareContextLoaderDelegate - Retrieved ApplicationContext [1324165839] from cache with key [[MergedContextConfiguration@6c345c5f testClass = ScheduleServiceTest, locations = '{}', classes = '{class org.air.config.AWStextrack, class org.air.entity.json.Jsonschedules}', contextInitializerClasses = '[]', activeProfiles = '{}', propertySourceLocations = '{classpath:application.properties}', propertySourceProperties = '{}', contextCustomizers = set[org.springframework.boot.test.autoconfigure.actuate.metrics.MetricsExportContextCustomizerFactory$DisableMetricExportContextCustomizer@72445aba, org.springframework.boot.test.autoconfigure.properties.PropertyMappingContextCustomizer@0, org.springframework.boot.test.autoconfigure.web.servlet.WebDriverContextCustomizerFactory$Customizer@470a696f, org.springframework.boot.test.context.filter.ExcludeFilterContextCustomizer@1c55f277, org.springframework.boot.test.json.DuplicateJsonObjectContextCustomizerFactory$DuplicateJsonObjectContextCustomizer@58e6d4b8, org.springframework.boot.test.mock.mockito.MockitoContextCustomizer@90378a6c], contextLoader = 'org.springframework.test.context.support.DelegatingSmartContextLoader', parent = [null]]]
17:57:24.400 [Test worker] DEBUG org.springframework.test.context.cache - Spring test ApplicationContext cache statistics: [DefaultContextCache@123d7057 size = 1, maxSize = 32, parentContextCount = 0, hitCount = 12, missCount = 1]
17:57:24.401 [Test worker] DEBUG org.springframework.test.context.support.AbstractDirtiesContextTestExecutionListener - After test class: context [DefaultTestContext@1e5f4170 testClass = ScheduleServiceTest, testInstance = [null], testMethod = [null], testException = [null], mergedContextConfiguration = [MergedContextConfiguration@6c345c5f testClass = ScheduleServiceTest, locations = '{}', classes = '{class org.air.config.AWStextrack, class org.air.entity.json.Jsonschedules}', contextInitializerClasses = '[]', activeProfiles = '{}', propertySourceLocations = '{classpath:application.properties}', propertySourceProperties = '{}', contextCustomizers = set[org.springframework.boot.test.autoconfigure.actuate.metrics.MetricsExportContextCustomizerFactory$DisableMetricExportContextCustomizer@72445aba, org.springframework.boot.test.autoconfigure.properties.PropertyMappingContextCustomizer@0, org.springframework.boot.test.autoconfigure.web.servlet.WebDriverContextCustomizerFactory$Customizer@470a696f, org.springframework.boot.test.context.filter.ExcludeFilterContextCustomizer@1c55f277, org.springframework.boot.test.json.DuplicateJsonObjectContextCustomizerFactory$DuplicateJsonObjectContextCustomizer@58e6d4b8, org.springframework.boot.test.mock.mockito.MockitoContextCustomizer@90378a6c], contextLoader = 'org.springframework.test.context.support.DelegatingSmartContextLoader', parent = [null]], attributes = map['org.springframework.test.context.event.ApplicationEventsTestExecutionListener.recordApplicationEvents' -> false, 'org.springframework.boot.test.mock.mockito.MockitoTestExecutionListener.mocks' -> org.mockito.internal.configuration.InjectingAnnotationEngine$$Lambda$424/0x0000000100347440@e76b097]], class annotated with @DirtiesContext [false] with mode [null].
]]></system-out>
  <system-err><![CDATA[]]></system-err>
</testsuite>
