<?xml version="1.0" encoding="UTF-8"?>
<testsuite name="org.AirAPI.service.ScheduleServiceTest" tests="1" skipped="0" failures="0" errors="0" timestamp="2023-06-06T06:28:39" hostname="DESKTOP-CLGUOMH" time="0.18">
  <properties/>
  <testcase name="delete()" classname="org.AirAPI.service.ScheduleServiceTest" time="0.18"/>
  <system-out><![CDATA[15:28:37.985 [Test worker] DEBUG org.springframework.test.context.BootstrapUtils - Instantiating CacheAwareContextLoaderDelegate from class [org.springframework.test.context.cache.DefaultCacheAwareContextLoaderDelegate]
15:28:38.007 [Test worker] DEBUG org.springframework.test.context.BootstrapUtils - Instantiating BootstrapContext using constructor [public org.springframework.test.context.support.DefaultBootstrapContext(java.lang.Class,org.springframework.test.context.CacheAwareContextLoaderDelegate)]
15:28:38.059 [Test worker] DEBUG org.springframework.test.context.BootstrapUtils - Instantiating TestContextBootstrapper for test class [org.AirAPI.service.ScheduleServiceTest] from class [org.springframework.test.context.support.DefaultTestContextBootstrapper]
15:28:38.099 [Test worker] DEBUG org.springframework.test.context.support.AbstractDelegatingSmartContextLoader - Delegating to AnnotationConfigContextLoader to process context configuration [ContextConfigurationAttributes@354fc8f0 declaringClass = 'org.AirAPI.service.ScheduleServiceTest', classes = '{class org.AirAPI.config.AWStextrack, class org.AirAPI.entity.json.Jsonschedules}', locations = '{}', inheritLocations = true, initializers = '{}', inheritInitializers = true, name = [null], contextLoaderClass = 'org.springframework.test.context.ContextLoader'].
15:28:38.215 [Test worker] DEBUG org.springframework.test.context.support.ActiveProfilesUtils - Could not find an 'annotation declaring class' for annotation type [org.springframework.test.context.ActiveProfiles] and class [org.AirAPI.service.ScheduleServiceTest]
15:28:38.217 [Test worker] DEBUG org.springframework.test.context.support.DefaultTestContextBootstrapper - @TestExecutionListeners is not present for class [org.AirAPI.service.ScheduleServiceTest]: using defaults.
15:28:38.218 [Test worker] INFO org.springframework.test.context.support.DefaultTestContextBootstrapper - Loaded default TestExecutionListener class names from location [META-INF/spring.factories]: [org.springframework.security.test.context.support.WithSecurityContextTestExecutionListener, org.springframework.security.test.context.support.ReactorContextTestExecutionListener, org.springframework.boot.test.autoconfigure.restdocs.RestDocsTestExecutionListener, org.springframework.boot.test.autoconfigure.web.client.MockRestServiceServerResetTestExecutionListener, org.springframework.boot.test.autoconfigure.web.servlet.MockMvcPrintOnlyOnFailureTestExecutionListener, org.springframework.boot.test.autoconfigure.web.servlet.WebDriverTestExecutionListener, org.springframework.boot.test.autoconfigure.webservices.client.MockWebServiceServerTestExecutionListener, org.springframework.boot.test.mock.mockito.MockitoTestExecutionListener, org.springframework.boot.test.mock.mockito.ResetMocksTestExecutionListener, org.springframework.test.context.web.ServletTestExecutionListener, org.springframework.test.context.support.DirtiesContextBeforeModesTestExecutionListener, org.springframework.test.context.event.ApplicationEventsTestExecutionListener, org.springframework.test.context.support.DependencyInjectionTestExecutionListener, org.springframework.test.context.support.DirtiesContextTestExecutionListener, org.springframework.test.context.transaction.TransactionalTestExecutionListener, org.springframework.test.context.jdbc.SqlScriptsTestExecutionListener, org.springframework.test.context.event.EventPublishingTestExecutionListener]
15:28:38.253 [Test worker] INFO org.springframework.test.context.support.DefaultTestContextBootstrapper - Using TestExecutionListeners: [org.springframework.test.context.web.ServletTestExecutionListener@60d8c0dc, org.springframework.test.context.support.DirtiesContextBeforeModesTestExecutionListener@4204541c, org.springframework.test.context.event.ApplicationEventsTestExecutionListener@6a62689d, org.springframework.boot.test.mock.mockito.MockitoTestExecutionListener@4602c2a9, org.springframework.test.context.support.DependencyInjectionTestExecutionListener@60fa3495, org.springframework.test.context.support.DirtiesContextTestExecutionListener@3e2822, org.springframework.test.context.transaction.TransactionalTestExecutionListener@79e18e38, org.springframework.test.context.jdbc.SqlScriptsTestExecutionListener@29a60c27, org.springframework.security.test.context.support.WithSecurityContextTestExecutionListener@1849db1a, org.springframework.test.context.event.EventPublishingTestExecutionListener@69c79f09, org.springframework.security.test.context.support.ReactorContextTestExecutionListener@1ca25c47, org.springframework.boot.test.autoconfigure.restdocs.RestDocsTestExecutionListener@5fcacc0, org.springframework.boot.test.autoconfigure.web.client.MockRestServiceServerResetTestExecutionListener@533b266e, org.springframework.boot.test.autoconfigure.web.servlet.MockMvcPrintOnlyOnFailureTestExecutionListener@6d1d4d7, org.springframework.boot.test.autoconfigure.web.servlet.WebDriverTestExecutionListener@89ff02e, org.springframework.boot.test.autoconfigure.webservices.client.MockWebServiceServerTestExecutionListener@6865c751, org.springframework.boot.test.mock.mockito.ResetMocksTestExecutionListener@62679465]
15:28:38.257 [Test worker] DEBUG org.springframework.test.context.support.AbstractDirtiesContextTestExecutionListener - Before test class: context [DefaultTestContext@33352f32 testClass = ScheduleServiceTest, testInstance = [null], testMethod = [null], testException = [null], mergedContextConfiguration = [MergedContextConfiguration@5f3b9c57 testClass = ScheduleServiceTest, locations = '{}', classes = '{class org.AirAPI.config.AWStextrack, class org.AirAPI.entity.json.Jsonschedules}', contextInitializerClasses = '[]', activeProfiles = '{}', propertySourceLocations = '{classpath:application.properties}', propertySourceProperties = '{}', contextCustomizers = set[org.springframework.boot.test.autoconfigure.actuate.metrics.MetricsExportContextCustomizerFactory$DisableMetricExportContextCustomizer@7bc10d84, org.springframework.boot.test.autoconfigure.properties.PropertyMappingContextCustomizer@0, org.springframework.boot.test.autoconfigure.web.servlet.WebDriverContextCustomizerFactory$Customizer@55e8ec2f, org.springframework.boot.test.context.filter.ExcludeFilterContextCustomizer@878452d, org.springframework.boot.test.json.DuplicateJsonObjectContextCustomizerFactory$DuplicateJsonObjectContextCustomizer@5b080f3a, org.springframework.boot.test.mock.mockito.MockitoContextCustomizer@8206db9f], contextLoader = 'org.springframework.test.context.support.DelegatingSmartContextLoader', parent = [null]], attributes = map[[empty]]], class annotated with @DirtiesContext [false] with mode [null].
15:28:39.215 [Test worker] DEBUG org.springframework.test.context.support.AbstractDelegatingSmartContextLoader - Delegating to AnnotationConfigContextLoader to load context from [MergedContextConfiguration@5f3b9c57 testClass = ScheduleServiceTest, locations = '{}', classes = '{class org.AirAPI.config.AWStextrack, class org.AirAPI.entity.json.Jsonschedules}', contextInitializerClasses = '[]', activeProfiles = '{}', propertySourceLocations = '{classpath:application.properties}', propertySourceProperties = '{}', contextCustomizers = set[org.springframework.boot.test.autoconfigure.actuate.metrics.MetricsExportContextCustomizerFactory$DisableMetricExportContextCustomizer@7bc10d84, org.springframework.boot.test.autoconfigure.properties.PropertyMappingContextCustomizer@0, org.springframework.boot.test.autoconfigure.web.servlet.WebDriverContextCustomizerFactory$Customizer@55e8ec2f, org.springframework.boot.test.context.filter.ExcludeFilterContextCustomizer@878452d, org.springframework.boot.test.json.DuplicateJsonObjectContextCustomizerFactory$DuplicateJsonObjectContextCustomizer@5b080f3a, org.springframework.boot.test.mock.mockito.MockitoContextCustomizer@8206db9f], contextLoader = 'org.springframework.test.context.support.DelegatingSmartContextLoader', parent = [null]].
15:28:39.215 [Test worker] DEBUG org.springframework.test.context.support.AbstractGenericContextLoader - Loading ApplicationContext for merged context configuration [[MergedContextConfiguration@5f3b9c57 testClass = ScheduleServiceTest, locations = '{}', classes = '{class org.AirAPI.config.AWStextrack, class org.AirAPI.entity.json.Jsonschedules}', contextInitializerClasses = '[]', activeProfiles = '{}', propertySourceLocations = '{classpath:application.properties}', propertySourceProperties = '{}', contextCustomizers = set[org.springframework.boot.test.autoconfigure.actuate.metrics.MetricsExportContextCustomizerFactory$DisableMetricExportContextCustomizer@7bc10d84, org.springframework.boot.test.autoconfigure.properties.PropertyMappingContextCustomizer@0, org.springframework.boot.test.autoconfigure.web.servlet.WebDriverContextCustomizerFactory$Customizer@55e8ec2f, org.springframework.boot.test.context.filter.ExcludeFilterContextCustomizer@878452d, org.springframework.boot.test.json.DuplicateJsonObjectContextCustomizerFactory$DuplicateJsonObjectContextCustomizer@5b080f3a, org.springframework.boot.test.mock.mockito.MockitoContextCustomizer@8206db9f], contextLoader = 'org.springframework.test.context.support.DelegatingSmartContextLoader', parent = [null]]].
15:28:39.270 [Test worker] DEBUG org.springframework.core.env.StandardEnvironment - Activating profiles []
15:28:39.275 [Test worker] DEBUG org.springframework.test.context.support.AnnotationConfigContextLoader - Registering component classes: {class org.AirAPI.config.AWStextrack, class org.AirAPI.entity.json.Jsonschedules}
15:28:39.332 [Test worker] DEBUG org.springframework.context.support.GenericApplicationContext - Refreshing org.springframework.context.support.GenericApplicationContext@249e0271
15:28:39.346 [Test worker] DEBUG org.springframework.beans.factory.support.DefaultListableBeanFactory - Creating shared instance of singleton bean 'org.springframework.context.annotation.internalConfigurationAnnotationProcessor'
15:28:39.586 [Test worker] DEBUG org.springframework.beans.factory.support.DefaultListableBeanFactory - Creating shared instance of singleton bean 'org.springframework.boot.test.mock.mockito.MockitoPostProcessor'
15:28:39.658 [Test worker] DEBUG org.springframework.beans.factory.support.DefaultListableBeanFactory - Creating shared instance of singleton bean 'org.springframework.context.event.internalEventListenerProcessor'
15:28:39.661 [Test worker] DEBUG org.springframework.beans.factory.support.DefaultListableBeanFactory - Creating shared instance of singleton bean 'org.springframework.context.event.internalEventListenerFactory'
15:28:39.665 [Test worker] DEBUG org.springframework.beans.factory.support.DefaultListableBeanFactory - Creating shared instance of singleton bean 'org.springframework.context.annotation.internalAutowiredAnnotationProcessor'
15:28:39.668 [Test worker] DEBUG org.springframework.beans.factory.support.DefaultListableBeanFactory - Creating shared instance of singleton bean 'org.springframework.context.annotation.internalCommonAnnotationProcessor'
15:28:39.678 [Test worker] DEBUG org.springframework.beans.factory.support.DefaultListableBeanFactory - Creating shared instance of singleton bean 'org.springframework.context.annotation.internalPersistenceAnnotationProcessor'
15:28:39.679 [Test worker] DEBUG org.springframework.beans.factory.support.DefaultListableBeanFactory - Creating shared instance of singleton bean 'org.springframework.boot.test.mock.mockito.MockitoPostProcessor$SpyPostProcessor'
15:28:39.699 [Test worker] DEBUG org.springframework.beans.factory.support.DefaultListableBeanFactory - Creating shared instance of singleton bean 'AWStextrack'
15:28:39.773 [Test worker] DEBUG org.springframework.core.env.PropertySourcesPropertyResolver - Found key 'accesskey' in PropertySource 'configurationProperties' with value of type String
15:28:39.774 [Test worker] DEBUG org.springframework.core.env.PropertySourcesPropertyResolver - Found key 'secretkey' in PropertySource 'configurationProperties' with value of type String
15:28:39.777 [Test worker] DEBUG org.springframework.beans.factory.support.DefaultListableBeanFactory - Creating shared instance of singleton bean 'jsonschedules'
15:28:39.783 [Test worker] DEBUG org.springframework.beans.factory.support.DefaultListableBeanFactory - Creating shared instance of singleton bean 'texttoEntity_test'
15:28:39.836 [Test worker] DEBUG org.springframework.beans.factory.support.DefaultListableBeanFactory - Creating shared instance of singleton bean 'texttoEntity'
15:28:39.855 [Test worker] DEBUG org.springframework.test.context.cache.DefaultCacheAwareContextLoaderDelegate - Storing ApplicationContext [614335089] in cache under key [[MergedContextConfiguration@5f3b9c57 testClass = ScheduleServiceTest, locations = '{}', classes = '{class org.AirAPI.config.AWStextrack, class org.AirAPI.entity.json.Jsonschedules}', contextInitializerClasses = '[]', activeProfiles = '{}', propertySourceLocations = '{classpath:application.properties}', propertySourceProperties = '{}', contextCustomizers = set[org.springframework.boot.test.autoconfigure.actuate.metrics.MetricsExportContextCustomizerFactory$DisableMetricExportContextCustomizer@7bc10d84, org.springframework.boot.test.autoconfigure.properties.PropertyMappingContextCustomizer@0, org.springframework.boot.test.autoconfigure.web.servlet.WebDriverContextCustomizerFactory$Customizer@55e8ec2f, org.springframework.boot.test.context.filter.ExcludeFilterContextCustomizer@878452d, org.springframework.boot.test.json.DuplicateJsonObjectContextCustomizerFactory$DuplicateJsonObjectContextCustomizer@5b080f3a, org.springframework.boot.test.mock.mockito.MockitoContextCustomizer@8206db9f], contextLoader = 'org.springframework.test.context.support.DelegatingSmartContextLoader', parent = [null]]]
15:28:39.856 [Test worker] DEBUG org.springframework.test.context.cache - Spring test ApplicationContext cache statistics: [DefaultContextCache@404eca05 size = 1, maxSize = 32, parentContextCount = 0, hitCount = 0, missCount = 1]
15:28:39.859 [Test worker] DEBUG org.springframework.test.context.support.DependencyInjectionTestExecutionListener - Performing dependency injection for test context [[DefaultTestContext@33352f32 testClass = ScheduleServiceTest, testInstance = org.AirAPI.service.ScheduleServiceTest@643d2dae, testMethod = [null], testException = [null], mergedContextConfiguration = [MergedContextConfiguration@5f3b9c57 testClass = ScheduleServiceTest, locations = '{}', classes = '{class org.AirAPI.config.AWStextrack, class org.AirAPI.entity.json.Jsonschedules}', contextInitializerClasses = '[]', activeProfiles = '{}', propertySourceLocations = '{classpath:application.properties}', propertySourceProperties = '{}', contextCustomizers = set[org.springframework.boot.test.autoconfigure.actuate.metrics.MetricsExportContextCustomizerFactory$DisableMetricExportContextCustomizer@7bc10d84, org.springframework.boot.test.autoconfigure.properties.PropertyMappingContextCustomizer@0, org.springframework.boot.test.autoconfigure.web.servlet.WebDriverContextCustomizerFactory$Customizer@55e8ec2f, org.springframework.boot.test.context.filter.ExcludeFilterContextCustomizer@878452d, org.springframework.boot.test.json.DuplicateJsonObjectContextCustomizerFactory$DuplicateJsonObjectContextCustomizer@5b080f3a, org.springframework.boot.test.mock.mockito.MockitoContextCustomizer@8206db9f], contextLoader = 'org.springframework.test.context.support.DelegatingSmartContextLoader', parent = [null]], attributes = map['org.springframework.test.context.event.ApplicationEventsTestExecutionListener.recordApplicationEvents' -> false, 'org.springframework.boot.test.mock.mockito.MockitoTestExecutionListener.mocks' -> org.mockito.internal.configuration.InjectingAnnotationEngine$$Lambda$418/0x0000000100312c40@52d6d273]]].
15:28:39.860 [Test worker] DEBUG org.springframework.test.context.cache.DefaultCacheAwareContextLoaderDelegate - Retrieved ApplicationContext [614335089] from cache with key [[MergedContextConfiguration@5f3b9c57 testClass = ScheduleServiceTest, locations = '{}', classes = '{class org.AirAPI.config.AWStextrack, class org.AirAPI.entity.json.Jsonschedules}', contextInitializerClasses = '[]', activeProfiles = '{}', propertySourceLocations = '{classpath:application.properties}', propertySourceProperties = '{}', contextCustomizers = set[org.springframework.boot.test.autoconfigure.actuate.metrics.MetricsExportContextCustomizerFactory$DisableMetricExportContextCustomizer@7bc10d84, org.springframework.boot.test.autoconfigure.properties.PropertyMappingContextCustomizer@0, org.springframework.boot.test.autoconfigure.web.servlet.WebDriverContextCustomizerFactory$Customizer@55e8ec2f, org.springframework.boot.test.context.filter.ExcludeFilterContextCustomizer@878452d, org.springframework.boot.test.json.DuplicateJsonObjectContextCustomizerFactory$DuplicateJsonObjectContextCustomizer@5b080f3a, org.springframework.boot.test.mock.mockito.MockitoContextCustomizer@8206db9f], contextLoader = 'org.springframework.test.context.support.DelegatingSmartContextLoader', parent = [null]]]
15:28:39.861 [Test worker] DEBUG org.springframework.test.context.cache - Spring test ApplicationContext cache statistics: [DefaultContextCache@404eca05 size = 1, maxSize = 32, parentContextCount = 0, hitCount = 1, missCount = 1]
15:28:39.872 [Test worker] DEBUG org.springframework.test.context.cache.DefaultCacheAwareContextLoaderDelegate - Retrieved ApplicationContext [614335089] from cache with key [[MergedContextConfiguration@5f3b9c57 testClass = ScheduleServiceTest, locations = '{}', classes = '{class org.AirAPI.config.AWStextrack, class org.AirAPI.entity.json.Jsonschedules}', contextInitializerClasses = '[]', activeProfiles = '{}', propertySourceLocations = '{classpath:application.properties}', propertySourceProperties = '{}', contextCustomizers = set[org.springframework.boot.test.autoconfigure.actuate.metrics.MetricsExportContextCustomizerFactory$DisableMetricExportContextCustomizer@7bc10d84, org.springframework.boot.test.autoconfigure.properties.PropertyMappingContextCustomizer@0, org.springframework.boot.test.autoconfigure.web.servlet.WebDriverContextCustomizerFactory$Customizer@55e8ec2f, org.springframework.boot.test.context.filter.ExcludeFilterContextCustomizer@878452d, org.springframework.boot.test.json.DuplicateJsonObjectContextCustomizerFactory$DuplicateJsonObjectContextCustomizer@5b080f3a, org.springframework.boot.test.mock.mockito.MockitoContextCustomizer@8206db9f], contextLoader = 'org.springframework.test.context.support.DelegatingSmartContextLoader', parent = [null]]]
15:28:39.872 [Test worker] DEBUG org.springframework.test.context.cache - Spring test ApplicationContext cache statistics: [DefaultContextCache@404eca05 size = 1, maxSize = 32, parentContextCount = 0, hitCount = 2, missCount = 1]
15:28:39.889 [Test worker] DEBUG org.springframework.test.context.support.AbstractDirtiesContextTestExecutionListener - Before test method: context [DefaultTestContext@33352f32 testClass = ScheduleServiceTest, testInstance = org.AirAPI.service.ScheduleServiceTest@643d2dae, testMethod = delete@ScheduleServiceTest, testException = [null], mergedContextConfiguration = [MergedContextConfiguration@5f3b9c57 testClass = ScheduleServiceTest, locations = '{}', classes = '{class org.AirAPI.config.AWStextrack, class org.AirAPI.entity.json.Jsonschedules}', contextInitializerClasses = '[]', activeProfiles = '{}', propertySourceLocations = '{classpath:application.properties}', propertySourceProperties = '{}', contextCustomizers = set[org.springframework.boot.test.autoconfigure.actuate.metrics.MetricsExportContextCustomizerFactory$DisableMetricExportContextCustomizer@7bc10d84, org.springframework.boot.test.autoconfigure.properties.PropertyMappingContextCustomizer@0, org.springframework.boot.test.autoconfigure.web.servlet.WebDriverContextCustomizerFactory$Customizer@55e8ec2f, org.springframework.boot.test.context.filter.ExcludeFilterContextCustomizer@878452d, org.springframework.boot.test.json.DuplicateJsonObjectContextCustomizerFactory$DuplicateJsonObjectContextCustomizer@5b080f3a, org.springframework.boot.test.mock.mockito.MockitoContextCustomizer@8206db9f], contextLoader = 'org.springframework.test.context.support.DelegatingSmartContextLoader', parent = [null]], attributes = map['org.springframework.test.context.event.ApplicationEventsTestExecutionListener.recordApplicationEvents' -> false, 'org.springframework.boot.test.mock.mockito.MockitoTestExecutionListener.mocks' -> org.mockito.internal.configuration.InjectingAnnotationEngine$$Lambda$418/0x0000000100312c40@52d6d273]], class annotated with @DirtiesContext [false] with mode [null], method annotated with @DirtiesContext [false] with mode [null].
15:28:39.905 [Test worker] DEBUG org.springframework.test.context.cache.DefaultCacheAwareContextLoaderDelegate - Retrieved ApplicationContext [614335089] from cache with key [[MergedContextConfiguration@5f3b9c57 testClass = ScheduleServiceTest, locations = '{}', classes = '{class org.AirAPI.config.AWStextrack, class org.AirAPI.entity.json.Jsonschedules}', contextInitializerClasses = '[]', activeProfiles = '{}', propertySourceLocations = '{classpath:application.properties}', propertySourceProperties = '{}', contextCustomizers = set[org.springframework.boot.test.autoconfigure.actuate.metrics.MetricsExportContextCustomizerFactory$DisableMetricExportContextCustomizer@7bc10d84, org.springframework.boot.test.autoconfigure.properties.PropertyMappingContextCustomizer@0, org.springframework.boot.test.autoconfigure.web.servlet.WebDriverContextCustomizerFactory$Customizer@55e8ec2f, org.springframework.boot.test.context.filter.ExcludeFilterContextCustomizer@878452d, org.springframework.boot.test.json.DuplicateJsonObjectContextCustomizerFactory$DuplicateJsonObjectContextCustomizer@5b080f3a, org.springframework.boot.test.mock.mockito.MockitoContextCustomizer@8206db9f], contextLoader = 'org.springframework.test.context.support.DelegatingSmartContextLoader', parent = [null]]]
15:28:39.906 [Test worker] DEBUG org.springframework.test.context.cache - Spring test ApplicationContext cache statistics: [DefaultContextCache@404eca05 size = 1, maxSize = 32, parentContextCount = 0, hitCount = 3, missCount = 1]
15:28:39.907 [Test worker] DEBUG org.springframework.test.context.cache.DefaultCacheAwareContextLoaderDelegate - Retrieved ApplicationContext [614335089] from cache with key [[MergedContextConfiguration@5f3b9c57 testClass = ScheduleServiceTest, locations = '{}', classes = '{class org.AirAPI.config.AWStextrack, class org.AirAPI.entity.json.Jsonschedules}', contextInitializerClasses = '[]', activeProfiles = '{}', propertySourceLocations = '{classpath:application.properties}', propertySourceProperties = '{}', contextCustomizers = set[org.springframework.boot.test.autoconfigure.actuate.metrics.MetricsExportContextCustomizerFactory$DisableMetricExportContextCustomizer@7bc10d84, org.springframework.boot.test.autoconfigure.properties.PropertyMappingContextCustomizer@0, org.springframework.boot.test.autoconfigure.web.servlet.WebDriverContextCustomizerFactory$Customizer@55e8ec2f, org.springframework.boot.test.context.filter.ExcludeFilterContextCustomizer@878452d, org.springframework.boot.test.json.DuplicateJsonObjectContextCustomizerFactory$DuplicateJsonObjectContextCustomizer@5b080f3a, org.springframework.boot.test.mock.mockito.MockitoContextCustomizer@8206db9f], contextLoader = 'org.springframework.test.context.support.DelegatingSmartContextLoader', parent = [null]]]
15:28:39.907 [Test worker] DEBUG org.springframework.test.context.cache - Spring test ApplicationContext cache statistics: [DefaultContextCache@404eca05 size = 1, maxSize = 32, parentContextCount = 0, hitCount = 4, missCount = 1]
15:28:39.914 [Test worker] DEBUG org.springframework.test.context.cache.DefaultCacheAwareContextLoaderDelegate - Retrieved ApplicationContext [614335089] from cache with key [[MergedContextConfiguration@5f3b9c57 testClass = ScheduleServiceTest, locations = '{}', classes = '{class org.AirAPI.config.AWStextrack, class org.AirAPI.entity.json.Jsonschedules}', contextInitializerClasses = '[]', activeProfiles = '{}', propertySourceLocations = '{classpath:application.properties}', propertySourceProperties = '{}', contextCustomizers = set[org.springframework.boot.test.autoconfigure.actuate.metrics.MetricsExportContextCustomizerFactory$DisableMetricExportContextCustomizer@7bc10d84, org.springframework.boot.test.autoconfigure.properties.PropertyMappingContextCustomizer@0, org.springframework.boot.test.autoconfigure.web.servlet.WebDriverContextCustomizerFactory$Customizer@55e8ec2f, org.springframework.boot.test.context.filter.ExcludeFilterContextCustomizer@878452d, org.springframework.boot.test.json.DuplicateJsonObjectContextCustomizerFactory$DuplicateJsonObjectContextCustomizer@5b080f3a, org.springframework.boot.test.mock.mockito.MockitoContextCustomizer@8206db9f], contextLoader = 'org.springframework.test.context.support.DelegatingSmartContextLoader', parent = [null]]]
15:28:39.914 [Test worker] DEBUG org.springframework.test.context.cache - Spring test ApplicationContext cache statistics: [DefaultContextCache@404eca05 size = 1, maxSize = 32, parentContextCount = 0, hitCount = 5, missCount = 1]
15:28:39.998 [Test worker] DEBUG org.springframework.test.context.cache.DefaultCacheAwareContextLoaderDelegate - Retrieved ApplicationContext [614335089] from cache with key [[MergedContextConfiguration@5f3b9c57 testClass = ScheduleServiceTest, locations = '{}', classes = '{class org.AirAPI.config.AWStextrack, class org.AirAPI.entity.json.Jsonschedules}', contextInitializerClasses = '[]', activeProfiles = '{}', propertySourceLocations = '{classpath:application.properties}', propertySourceProperties = '{}', contextCustomizers = set[org.springframework.boot.test.autoconfigure.actuate.metrics.MetricsExportContextCustomizerFactory$DisableMetricExportContextCustomizer@7bc10d84, org.springframework.boot.test.autoconfigure.properties.PropertyMappingContextCustomizer@0, org.springframework.boot.test.autoconfigure.web.servlet.WebDriverContextCustomizerFactory$Customizer@55e8ec2f, org.springframework.boot.test.context.filter.ExcludeFilterContextCustomizer@878452d, org.springframework.boot.test.json.DuplicateJsonObjectContextCustomizerFactory$DuplicateJsonObjectContextCustomizer@5b080f3a, org.springframework.boot.test.mock.mockito.MockitoContextCustomizer@8206db9f], contextLoader = 'org.springframework.test.context.support.DelegatingSmartContextLoader', parent = [null]]]
15:28:39.999 [Test worker] DEBUG org.springframework.test.context.cache - Spring test ApplicationContext cache statistics: [DefaultContextCache@404eca05 size = 1, maxSize = 32, parentContextCount = 0, hitCount = 6, missCount = 1]
15:28:40.002 [Test worker] DEBUG org.springframework.test.context.cache.DefaultCacheAwareContextLoaderDelegate - Retrieved ApplicationContext [614335089] from cache with key [[MergedContextConfiguration@5f3b9c57 testClass = ScheduleServiceTest, locations = '{}', classes = '{class org.AirAPI.config.AWStextrack, class org.AirAPI.entity.json.Jsonschedules}', contextInitializerClasses = '[]', activeProfiles = '{}', propertySourceLocations = '{classpath:application.properties}', propertySourceProperties = '{}', contextCustomizers = set[org.springframework.boot.test.autoconfigure.actuate.metrics.MetricsExportContextCustomizerFactory$DisableMetricExportContextCustomizer@7bc10d84, org.springframework.boot.test.autoconfigure.properties.PropertyMappingContextCustomizer@0, org.springframework.boot.test.autoconfigure.web.servlet.WebDriverContextCustomizerFactory$Customizer@55e8ec2f, org.springframework.boot.test.context.filter.ExcludeFilterContextCustomizer@878452d, org.springframework.boot.test.json.DuplicateJsonObjectContextCustomizerFactory$DuplicateJsonObjectContextCustomizer@5b080f3a, org.springframework.boot.test.mock.mockito.MockitoContextCustomizer@8206db9f], contextLoader = 'org.springframework.test.context.support.DelegatingSmartContextLoader', parent = [null]]]
15:28:40.003 [Test worker] DEBUG org.springframework.test.context.cache - Spring test ApplicationContext cache statistics: [DefaultContextCache@404eca05 size = 1, maxSize = 32, parentContextCount = 0, hitCount = 7, missCount = 1]
15:28:40.010 [Test worker] DEBUG org.springframework.test.context.cache.DefaultCacheAwareContextLoaderDelegate - Retrieved ApplicationContext [614335089] from cache with key [[MergedContextConfiguration@5f3b9c57 testClass = ScheduleServiceTest, locations = '{}', classes = '{class org.AirAPI.config.AWStextrack, class org.AirAPI.entity.json.Jsonschedules}', contextInitializerClasses = '[]', activeProfiles = '{}', propertySourceLocations = '{classpath:application.properties}', propertySourceProperties = '{}', contextCustomizers = set[org.springframework.boot.test.autoconfigure.actuate.metrics.MetricsExportContextCustomizerFactory$DisableMetricExportContextCustomizer@7bc10d84, org.springframework.boot.test.autoconfigure.properties.PropertyMappingContextCustomizer@0, org.springframework.boot.test.autoconfigure.web.servlet.WebDriverContextCustomizerFactory$Customizer@55e8ec2f, org.springframework.boot.test.context.filter.ExcludeFilterContextCustomizer@878452d, org.springframework.boot.test.json.DuplicateJsonObjectContextCustomizerFactory$DuplicateJsonObjectContextCustomizer@5b080f3a, org.springframework.boot.test.mock.mockito.MockitoContextCustomizer@8206db9f], contextLoader = 'org.springframework.test.context.support.DelegatingSmartContextLoader', parent = [null]]]
15:28:40.012 [Test worker] DEBUG org.springframework.test.context.cache - Spring test ApplicationContext cache statistics: [DefaultContextCache@404eca05 size = 1, maxSize = 32, parentContextCount = 0, hitCount = 8, missCount = 1]
15:28:40.015 [Test worker] DEBUG org.springframework.test.context.cache.DefaultCacheAwareContextLoaderDelegate - Retrieved ApplicationContext [614335089] from cache with key [[MergedContextConfiguration@5f3b9c57 testClass = ScheduleServiceTest, locations = '{}', classes = '{class org.AirAPI.config.AWStextrack, class org.AirAPI.entity.json.Jsonschedules}', contextInitializerClasses = '[]', activeProfiles = '{}', propertySourceLocations = '{classpath:application.properties}', propertySourceProperties = '{}', contextCustomizers = set[org.springframework.boot.test.autoconfigure.actuate.metrics.MetricsExportContextCustomizerFactory$DisableMetricExportContextCustomizer@7bc10d84, org.springframework.boot.test.autoconfigure.properties.PropertyMappingContextCustomizer@0, org.springframework.boot.test.autoconfigure.web.servlet.WebDriverContextCustomizerFactory$Customizer@55e8ec2f, org.springframework.boot.test.context.filter.ExcludeFilterContextCustomizer@878452d, org.springframework.boot.test.json.DuplicateJsonObjectContextCustomizerFactory$DuplicateJsonObjectContextCustomizer@5b080f3a, org.springframework.boot.test.mock.mockito.MockitoContextCustomizer@8206db9f], contextLoader = 'org.springframework.test.context.support.DelegatingSmartContextLoader', parent = [null]]]
15:28:40.017 [Test worker] DEBUG org.springframework.test.context.cache - Spring test ApplicationContext cache statistics: [DefaultContextCache@404eca05 size = 1, maxSize = 32, parentContextCount = 0, hitCount = 9, missCount = 1]
15:28:40.021 [Test worker] DEBUG org.springframework.test.context.cache.DefaultCacheAwareContextLoaderDelegate - Retrieved ApplicationContext [614335089] from cache with key [[MergedContextConfiguration@5f3b9c57 testClass = ScheduleServiceTest, locations = '{}', classes = '{class org.AirAPI.config.AWStextrack, class org.AirAPI.entity.json.Jsonschedules}', contextInitializerClasses = '[]', activeProfiles = '{}', propertySourceLocations = '{classpath:application.properties}', propertySourceProperties = '{}', contextCustomizers = set[org.springframework.boot.test.autoconfigure.actuate.metrics.MetricsExportContextCustomizerFactory$DisableMetricExportContextCustomizer@7bc10d84, org.springframework.boot.test.autoconfigure.properties.PropertyMappingContextCustomizer@0, org.springframework.boot.test.autoconfigure.web.servlet.WebDriverContextCustomizerFactory$Customizer@55e8ec2f, org.springframework.boot.test.context.filter.ExcludeFilterContextCustomizer@878452d, org.springframework.boot.test.json.DuplicateJsonObjectContextCustomizerFactory$DuplicateJsonObjectContextCustomizer@5b080f3a, org.springframework.boot.test.mock.mockito.MockitoContextCustomizer@8206db9f], contextLoader = 'org.springframework.test.context.support.DelegatingSmartContextLoader', parent = [null]]]
15:28:40.023 [Test worker] DEBUG org.springframework.test.context.cache - Spring test ApplicationContext cache statistics: [DefaultContextCache@404eca05 size = 1, maxSize = 32, parentContextCount = 0, hitCount = 10, missCount = 1]
15:28:40.034 [Test worker] DEBUG org.springframework.test.context.cache.DefaultCacheAwareContextLoaderDelegate - Retrieved ApplicationContext [614335089] from cache with key [[MergedContextConfiguration@5f3b9c57 testClass = ScheduleServiceTest, locations = '{}', classes = '{class org.AirAPI.config.AWStextrack, class org.AirAPI.entity.json.Jsonschedules}', contextInitializerClasses = '[]', activeProfiles = '{}', propertySourceLocations = '{classpath:application.properties}', propertySourceProperties = '{}', contextCustomizers = set[org.springframework.boot.test.autoconfigure.actuate.metrics.MetricsExportContextCustomizerFactory$DisableMetricExportContextCustomizer@7bc10d84, org.springframework.boot.test.autoconfigure.properties.PropertyMappingContextCustomizer@0, org.springframework.boot.test.autoconfigure.web.servlet.WebDriverContextCustomizerFactory$Customizer@55e8ec2f, org.springframework.boot.test.context.filter.ExcludeFilterContextCustomizer@878452d, org.springframework.boot.test.json.DuplicateJsonObjectContextCustomizerFactory$DuplicateJsonObjectContextCustomizer@5b080f3a, org.springframework.boot.test.mock.mockito.MockitoContextCustomizer@8206db9f], contextLoader = 'org.springframework.test.context.support.DelegatingSmartContextLoader', parent = [null]]]
15:28:40.038 [Test worker] DEBUG org.springframework.test.context.cache - Spring test ApplicationContext cache statistics: [DefaultContextCache@404eca05 size = 1, maxSize = 32, parentContextCount = 0, hitCount = 11, missCount = 1]
15:28:40.049 [Test worker] DEBUG org.springframework.test.context.support.AbstractDirtiesContextTestExecutionListener - After test method: context [DefaultTestContext@33352f32 testClass = ScheduleServiceTest, testInstance = org.AirAPI.service.ScheduleServiceTest@643d2dae, testMethod = delete@ScheduleServiceTest, testException = [null], mergedContextConfiguration = [MergedContextConfiguration@5f3b9c57 testClass = ScheduleServiceTest, locations = '{}', classes = '{class org.AirAPI.config.AWStextrack, class org.AirAPI.entity.json.Jsonschedules}', contextInitializerClasses = '[]', activeProfiles = '{}', propertySourceLocations = '{classpath:application.properties}', propertySourceProperties = '{}', contextCustomizers = set[org.springframework.boot.test.autoconfigure.actuate.metrics.MetricsExportContextCustomizerFactory$DisableMetricExportContextCustomizer@7bc10d84, org.springframework.boot.test.autoconfigure.properties.PropertyMappingContextCustomizer@0, org.springframework.boot.test.autoconfigure.web.servlet.WebDriverContextCustomizerFactory$Customizer@55e8ec2f, org.springframework.boot.test.context.filter.ExcludeFilterContextCustomizer@878452d, org.springframework.boot.test.json.DuplicateJsonObjectContextCustomizerFactory$DuplicateJsonObjectContextCustomizer@5b080f3a, org.springframework.boot.test.mock.mockito.MockitoContextCustomizer@8206db9f], contextLoader = 'org.springframework.test.context.support.DelegatingSmartContextLoader', parent = [null]], attributes = map['org.springframework.test.context.event.ApplicationEventsTestExecutionListener.recordApplicationEvents' -> false, 'org.springframework.boot.test.mock.mockito.MockitoTestExecutionListener.mocks' -> org.mockito.internal.configuration.InjectingAnnotationEngine$$Lambda$418/0x0000000100312c40@52d6d273]], class annotated with @DirtiesContext [false] with mode [null], method annotated with @DirtiesContext [false] with mode [null].
15:28:40.071 [Test worker] DEBUG org.springframework.test.context.cache.DefaultCacheAwareContextLoaderDelegate - Retrieved ApplicationContext [614335089] from cache with key [[MergedContextConfiguration@5f3b9c57 testClass = ScheduleServiceTest, locations = '{}', classes = '{class org.AirAPI.config.AWStextrack, class org.AirAPI.entity.json.Jsonschedules}', contextInitializerClasses = '[]', activeProfiles = '{}', propertySourceLocations = '{classpath:application.properties}', propertySourceProperties = '{}', contextCustomizers = set[org.springframework.boot.test.autoconfigure.actuate.metrics.MetricsExportContextCustomizerFactory$DisableMetricExportContextCustomizer@7bc10d84, org.springframework.boot.test.autoconfigure.properties.PropertyMappingContextCustomizer@0, org.springframework.boot.test.autoconfigure.web.servlet.WebDriverContextCustomizerFactory$Customizer@55e8ec2f, org.springframework.boot.test.context.filter.ExcludeFilterContextCustomizer@878452d, org.springframework.boot.test.json.DuplicateJsonObjectContextCustomizerFactory$DuplicateJsonObjectContextCustomizer@5b080f3a, org.springframework.boot.test.mock.mockito.MockitoContextCustomizer@8206db9f], contextLoader = 'org.springframework.test.context.support.DelegatingSmartContextLoader', parent = [null]]]
15:28:40.072 [Test worker] DEBUG org.springframework.test.context.cache - Spring test ApplicationContext cache statistics: [DefaultContextCache@404eca05 size = 1, maxSize = 32, parentContextCount = 0, hitCount = 12, missCount = 1]
15:28:40.073 [Test worker] DEBUG org.springframework.test.context.support.AbstractDirtiesContextTestExecutionListener - After test class: context [DefaultTestContext@33352f32 testClass = ScheduleServiceTest, testInstance = [null], testMethod = [null], testException = [null], mergedContextConfiguration = [MergedContextConfiguration@5f3b9c57 testClass = ScheduleServiceTest, locations = '{}', classes = '{class org.AirAPI.config.AWStextrack, class org.AirAPI.entity.json.Jsonschedules}', contextInitializerClasses = '[]', activeProfiles = '{}', propertySourceLocations = '{classpath:application.properties}', propertySourceProperties = '{}', contextCustomizers = set[org.springframework.boot.test.autoconfigure.actuate.metrics.MetricsExportContextCustomizerFactory$DisableMetricExportContextCustomizer@7bc10d84, org.springframework.boot.test.autoconfigure.properties.PropertyMappingContextCustomizer@0, org.springframework.boot.test.autoconfigure.web.servlet.WebDriverContextCustomizerFactory$Customizer@55e8ec2f, org.springframework.boot.test.context.filter.ExcludeFilterContextCustomizer@878452d, org.springframework.boot.test.json.DuplicateJsonObjectContextCustomizerFactory$DuplicateJsonObjectContextCustomizer@5b080f3a, org.springframework.boot.test.mock.mockito.MockitoContextCustomizer@8206db9f], contextLoader = 'org.springframework.test.context.support.DelegatingSmartContextLoader', parent = [null]], attributes = map['org.springframework.test.context.event.ApplicationEventsTestExecutionListener.recordApplicationEvents' -> false, 'org.springframework.boot.test.mock.mockito.MockitoTestExecutionListener.mocks' -> org.mockito.internal.configuration.InjectingAnnotationEngine$$Lambda$418/0x0000000100312c40@52d6d273]], class annotated with @DirtiesContext [false] with mode [null].
]]></system-out>
  <system-err><![CDATA[]]></system-err>
</testsuite>
