<?xml version="1.0" encoding="UTF-8"?>
<testsuite name="org.AirAPI.service.ScheduleServiceTest" tests="2" skipped="0" failures="0" errors="0" timestamp="2023-06-04T02:06:53" hostname="DESKTOP-CLGUOMH" time="0.916">
  <properties/>
  <testcase name="finddata()" classname="org.AirAPI.service.ScheduleServiceTest" time="0.166"/>
  <testcase name="save test" classname="org.AirAPI.service.ScheduleServiceTest" time="0.74"/>
  <system-out><![CDATA[11:06:51.808 [Test worker] DEBUG org.springframework.test.context.BootstrapUtils - Instantiating CacheAwareContextLoaderDelegate from class [org.springframework.test.context.cache.DefaultCacheAwareContextLoaderDelegate]
11:06:51.840 [Test worker] DEBUG org.springframework.test.context.BootstrapUtils - Instantiating BootstrapContext using constructor [public org.springframework.test.context.support.DefaultBootstrapContext(java.lang.Class,org.springframework.test.context.CacheAwareContextLoaderDelegate)]
11:06:51.904 [Test worker] DEBUG org.springframework.test.context.BootstrapUtils - Instantiating TestContextBootstrapper for test class [org.AirAPI.service.ScheduleServiceTest] from class [org.springframework.test.context.support.DefaultTestContextBootstrapper]
11:06:51.961 [Test worker] DEBUG org.springframework.test.context.support.AbstractDelegatingSmartContextLoader - Delegating to AnnotationConfigContextLoader to process context configuration [ContextConfigurationAttributes@52045dbe declaringClass = 'org.AirAPI.service.ScheduleServiceTest', classes = '{class org.AirAPI.config.AWStextrack, class org.AirAPI.entity.json.Jsonschedules}', locations = '{}', inheritLocations = true, initializers = '{}', inheritInitializers = true, name = [null], contextLoaderClass = 'org.springframework.test.context.ContextLoader'].
11:06:52.090 [Test worker] DEBUG org.springframework.test.context.support.ActiveProfilesUtils - Could not find an 'annotation declaring class' for annotation type [org.springframework.test.context.ActiveProfiles] and class [org.AirAPI.service.ScheduleServiceTest]
11:06:52.092 [Test worker] DEBUG org.springframework.test.context.support.DefaultTestContextBootstrapper - @TestExecutionListeners is not present for class [org.AirAPI.service.ScheduleServiceTest]: using defaults.
11:06:52.093 [Test worker] INFO org.springframework.test.context.support.DefaultTestContextBootstrapper - Loaded default TestExecutionListener class names from location [META-INF/spring.factories]: [org.springframework.security.test.context.support.WithSecurityContextTestExecutionListener, org.springframework.security.test.context.support.ReactorContextTestExecutionListener, org.springframework.boot.test.autoconfigure.restdocs.RestDocsTestExecutionListener, org.springframework.boot.test.autoconfigure.web.client.MockRestServiceServerResetTestExecutionListener, org.springframework.boot.test.autoconfigure.web.servlet.MockMvcPrintOnlyOnFailureTestExecutionListener, org.springframework.boot.test.autoconfigure.web.servlet.WebDriverTestExecutionListener, org.springframework.boot.test.autoconfigure.webservices.client.MockWebServiceServerTestExecutionListener, org.springframework.boot.test.mock.mockito.MockitoTestExecutionListener, org.springframework.boot.test.mock.mockito.ResetMocksTestExecutionListener, org.springframework.test.context.web.ServletTestExecutionListener, org.springframework.test.context.support.DirtiesContextBeforeModesTestExecutionListener, org.springframework.test.context.event.ApplicationEventsTestExecutionListener, org.springframework.test.context.support.DependencyInjectionTestExecutionListener, org.springframework.test.context.support.DirtiesContextTestExecutionListener, org.springframework.test.context.transaction.TransactionalTestExecutionListener, org.springframework.test.context.jdbc.SqlScriptsTestExecutionListener, org.springframework.test.context.event.EventPublishingTestExecutionListener]
11:06:52.145 [Test worker] INFO org.springframework.test.context.support.DefaultTestContextBootstrapper - Using TestExecutionListeners: [org.springframework.test.context.web.ServletTestExecutionListener@eb6449b, org.springframework.test.context.support.DirtiesContextBeforeModesTestExecutionListener@7c351808, org.springframework.test.context.event.ApplicationEventsTestExecutionListener@180e6ac4, org.springframework.boot.test.mock.mockito.MockitoTestExecutionListener@42b64ab8, org.springframework.test.context.support.DependencyInjectionTestExecutionListener@7e985ce9, org.springframework.test.context.support.DirtiesContextTestExecutionListener@2a39fe6a, org.springframework.test.context.transaction.TransactionalTestExecutionListener@410ae9a3, org.springframework.test.context.jdbc.SqlScriptsTestExecutionListener@319988b0, org.springframework.security.test.context.support.WithSecurityContextTestExecutionListener@d5ae57e, org.springframework.test.context.event.EventPublishingTestExecutionListener@68759011, org.springframework.security.test.context.support.ReactorContextTestExecutionListener@7e242b4d, org.springframework.boot.test.autoconfigure.restdocs.RestDocsTestExecutionListener@305f031, org.springframework.boot.test.autoconfigure.web.client.MockRestServiceServerResetTestExecutionListener@592e843a, org.springframework.boot.test.autoconfigure.web.servlet.MockMvcPrintOnlyOnFailureTestExecutionListener@1d1f7216, org.springframework.boot.test.autoconfigure.web.servlet.WebDriverTestExecutionListener@423e4cbb, org.springframework.boot.test.autoconfigure.webservices.client.MockWebServiceServerTestExecutionListener@6e16b8b5, org.springframework.boot.test.mock.mockito.ResetMocksTestExecutionListener@43b4fe19]
11:06:52.159 [Test worker] DEBUG org.springframework.test.context.support.AbstractDirtiesContextTestExecutionListener - Before test class: context [DefaultTestContext@235f4c10 testClass = ScheduleServiceTest, testInstance = [null], testMethod = [null], testException = [null], mergedContextConfiguration = [MergedContextConfiguration@743cb8e0 testClass = ScheduleServiceTest, locations = '{}', classes = '{class org.AirAPI.config.AWStextrack, class org.AirAPI.entity.json.Jsonschedules}', contextInitializerClasses = '[]', activeProfiles = '{}', propertySourceLocations = '{classpath:application.properties}', propertySourceProperties = '{}', contextCustomizers = set[org.springframework.boot.test.autoconfigure.actuate.metrics.MetricsExportContextCustomizerFactory$DisableMetricExportContextCustomizer@3f053c80, org.springframework.boot.test.autoconfigure.properties.PropertyMappingContextCustomizer@0, org.springframework.boot.test.autoconfigure.web.servlet.WebDriverContextCustomizerFactory$Customizer@30f5a68a, org.springframework.boot.test.context.filter.ExcludeFilterContextCustomizer@24d4d7c9, org.springframework.boot.test.json.DuplicateJsonObjectContextCustomizerFactory$DuplicateJsonObjectContextCustomizer@a8c1f44, org.springframework.boot.test.mock.mockito.MockitoContextCustomizer@3fd545de], contextLoader = 'org.springframework.test.context.support.DelegatingSmartContextLoader', parent = [null]], attributes = map[[empty]]], class annotated with @DirtiesContext [false] with mode [null].
11:06:53.123 [Test worker] DEBUG org.springframework.test.context.support.AbstractDelegatingSmartContextLoader - Delegating to AnnotationConfigContextLoader to load context from [MergedContextConfiguration@743cb8e0 testClass = ScheduleServiceTest, locations = '{}', classes = '{class org.AirAPI.config.AWStextrack, class org.AirAPI.entity.json.Jsonschedules}', contextInitializerClasses = '[]', activeProfiles = '{}', propertySourceLocations = '{classpath:application.properties}', propertySourceProperties = '{}', contextCustomizers = set[org.springframework.boot.test.autoconfigure.actuate.metrics.MetricsExportContextCustomizerFactory$DisableMetricExportContextCustomizer@3f053c80, org.springframework.boot.test.autoconfigure.properties.PropertyMappingContextCustomizer@0, org.springframework.boot.test.autoconfigure.web.servlet.WebDriverContextCustomizerFactory$Customizer@30f5a68a, org.springframework.boot.test.context.filter.ExcludeFilterContextCustomizer@24d4d7c9, org.springframework.boot.test.json.DuplicateJsonObjectContextCustomizerFactory$DuplicateJsonObjectContextCustomizer@a8c1f44, org.springframework.boot.test.mock.mockito.MockitoContextCustomizer@3fd545de], contextLoader = 'org.springframework.test.context.support.DelegatingSmartContextLoader', parent = [null]].
11:06:53.124 [Test worker] DEBUG org.springframework.test.context.support.AbstractGenericContextLoader - Loading ApplicationContext for merged context configuration [[MergedContextConfiguration@743cb8e0 testClass = ScheduleServiceTest, locations = '{}', classes = '{class org.AirAPI.config.AWStextrack, class org.AirAPI.entity.json.Jsonschedules}', contextInitializerClasses = '[]', activeProfiles = '{}', propertySourceLocations = '{classpath:application.properties}', propertySourceProperties = '{}', contextCustomizers = set[org.springframework.boot.test.autoconfigure.actuate.metrics.MetricsExportContextCustomizerFactory$DisableMetricExportContextCustomizer@3f053c80, org.springframework.boot.test.autoconfigure.properties.PropertyMappingContextCustomizer@0, org.springframework.boot.test.autoconfigure.web.servlet.WebDriverContextCustomizerFactory$Customizer@30f5a68a, org.springframework.boot.test.context.filter.ExcludeFilterContextCustomizer@24d4d7c9, org.springframework.boot.test.json.DuplicateJsonObjectContextCustomizerFactory$DuplicateJsonObjectContextCustomizer@a8c1f44, org.springframework.boot.test.mock.mockito.MockitoContextCustomizer@3fd545de], contextLoader = 'org.springframework.test.context.support.DelegatingSmartContextLoader', parent = [null]]].
11:06:53.201 [Test worker] DEBUG org.springframework.core.env.StandardEnvironment - Activating profiles []
11:06:53.210 [Test worker] DEBUG org.springframework.test.context.support.AnnotationConfigContextLoader - Registering component classes: {class org.AirAPI.config.AWStextrack, class org.AirAPI.entity.json.Jsonschedules}
11:06:53.285 [Test worker] DEBUG org.springframework.context.support.GenericApplicationContext - Refreshing org.springframework.context.support.GenericApplicationContext@b0e5507
11:06:53.301 [Test worker] DEBUG org.springframework.beans.factory.support.DefaultListableBeanFactory - Creating shared instance of singleton bean 'org.springframework.context.annotation.internalConfigurationAnnotationProcessor'
11:06:53.518 [Test worker] DEBUG org.springframework.beans.factory.support.DefaultListableBeanFactory - Creating shared instance of singleton bean 'org.springframework.boot.test.mock.mockito.MockitoPostProcessor'
11:06:53.568 [Test worker] DEBUG org.springframework.beans.factory.support.DefaultListableBeanFactory - Creating shared instance of singleton bean 'org.springframework.context.event.internalEventListenerProcessor'
11:06:53.569 [Test worker] DEBUG org.springframework.beans.factory.support.DefaultListableBeanFactory - Creating shared instance of singleton bean 'org.springframework.context.event.internalEventListenerFactory'
11:06:53.572 [Test worker] DEBUG org.springframework.beans.factory.support.DefaultListableBeanFactory - Creating shared instance of singleton bean 'org.springframework.context.annotation.internalAutowiredAnnotationProcessor'
11:06:53.575 [Test worker] DEBUG org.springframework.beans.factory.support.DefaultListableBeanFactory - Creating shared instance of singleton bean 'org.springframework.context.annotation.internalCommonAnnotationProcessor'
11:06:53.582 [Test worker] DEBUG org.springframework.beans.factory.support.DefaultListableBeanFactory - Creating shared instance of singleton bean 'org.springframework.context.annotation.internalPersistenceAnnotationProcessor'
11:06:53.583 [Test worker] DEBUG org.springframework.beans.factory.support.DefaultListableBeanFactory - Creating shared instance of singleton bean 'org.springframework.boot.test.mock.mockito.MockitoPostProcessor$SpyPostProcessor'
11:06:53.603 [Test worker] DEBUG org.springframework.beans.factory.support.DefaultListableBeanFactory - Creating shared instance of singleton bean 'AWStextrack'
11:06:53.668 [Test worker] DEBUG org.springframework.core.env.PropertySourcesPropertyResolver - Found key 'accesskey' in PropertySource 'configurationProperties' with value of type String
11:06:53.668 [Test worker] DEBUG org.springframework.core.env.PropertySourcesPropertyResolver - Found key 'secretkey' in PropertySource 'configurationProperties' with value of type String
11:06:53.670 [Test worker] DEBUG org.springframework.beans.factory.support.DefaultListableBeanFactory - Creating shared instance of singleton bean 'jsonschedules'
11:06:53.673 [Test worker] DEBUG org.springframework.beans.factory.support.DefaultListableBeanFactory - Creating shared instance of singleton bean 'texttoEntity_test'
11:06:53.720 [Test worker] DEBUG org.springframework.beans.factory.support.DefaultListableBeanFactory - Creating shared instance of singleton bean 'texttoEntity'
11:06:53.734 [Test worker] DEBUG org.springframework.test.context.cache.DefaultCacheAwareContextLoaderDelegate - Storing ApplicationContext [185488647] in cache under key [[MergedContextConfiguration@743cb8e0 testClass = ScheduleServiceTest, locations = '{}', classes = '{class org.AirAPI.config.AWStextrack, class org.AirAPI.entity.json.Jsonschedules}', contextInitializerClasses = '[]', activeProfiles = '{}', propertySourceLocations = '{classpath:application.properties}', propertySourceProperties = '{}', contextCustomizers = set[org.springframework.boot.test.autoconfigure.actuate.metrics.MetricsExportContextCustomizerFactory$DisableMetricExportContextCustomizer@3f053c80, org.springframework.boot.test.autoconfigure.properties.PropertyMappingContextCustomizer@0, org.springframework.boot.test.autoconfigure.web.servlet.WebDriverContextCustomizerFactory$Customizer@30f5a68a, org.springframework.boot.test.context.filter.ExcludeFilterContextCustomizer@24d4d7c9, org.springframework.boot.test.json.DuplicateJsonObjectContextCustomizerFactory$DuplicateJsonObjectContextCustomizer@a8c1f44, org.springframework.boot.test.mock.mockito.MockitoContextCustomizer@3fd545de], contextLoader = 'org.springframework.test.context.support.DelegatingSmartContextLoader', parent = [null]]]
11:06:53.735 [Test worker] DEBUG org.springframework.test.context.cache - Spring test ApplicationContext cache statistics: [DefaultContextCache@2538bc06 size = 1, maxSize = 32, parentContextCount = 0, hitCount = 0, missCount = 1]
11:06:53.738 [Test worker] DEBUG org.springframework.test.context.support.DependencyInjectionTestExecutionListener - Performing dependency injection for test context [[DefaultTestContext@235f4c10 testClass = ScheduleServiceTest, testInstance = org.AirAPI.service.ScheduleServiceTest@532e27ab, testMethod = [null], testException = [null], mergedContextConfiguration = [MergedContextConfiguration@743cb8e0 testClass = ScheduleServiceTest, locations = '{}', classes = '{class org.AirAPI.config.AWStextrack, class org.AirAPI.entity.json.Jsonschedules}', contextInitializerClasses = '[]', activeProfiles = '{}', propertySourceLocations = '{classpath:application.properties}', propertySourceProperties = '{}', contextCustomizers = set[org.springframework.boot.test.autoconfigure.actuate.metrics.MetricsExportContextCustomizerFactory$DisableMetricExportContextCustomizer@3f053c80, org.springframework.boot.test.autoconfigure.properties.PropertyMappingContextCustomizer@0, org.springframework.boot.test.autoconfigure.web.servlet.WebDriverContextCustomizerFactory$Customizer@30f5a68a, org.springframework.boot.test.context.filter.ExcludeFilterContextCustomizer@24d4d7c9, org.springframework.boot.test.json.DuplicateJsonObjectContextCustomizerFactory$DuplicateJsonObjectContextCustomizer@a8c1f44, org.springframework.boot.test.mock.mockito.MockitoContextCustomizer@3fd545de], contextLoader = 'org.springframework.test.context.support.DelegatingSmartContextLoader', parent = [null]], attributes = map['org.springframework.test.context.event.ApplicationEventsTestExecutionListener.recordApplicationEvents' -> false, 'org.springframework.boot.test.mock.mockito.MockitoTestExecutionListener.mocks' -> org.mockito.internal.configuration.InjectingAnnotationEngine$$Lambda$403/0x0000000100324040@1cdc1bbc]]].
11:06:53.739 [Test worker] DEBUG org.springframework.test.context.cache.DefaultCacheAwareContextLoaderDelegate - Retrieved ApplicationContext [185488647] from cache with key [[MergedContextConfiguration@743cb8e0 testClass = ScheduleServiceTest, locations = '{}', classes = '{class org.AirAPI.config.AWStextrack, class org.AirAPI.entity.json.Jsonschedules}', contextInitializerClasses = '[]', activeProfiles = '{}', propertySourceLocations = '{classpath:application.properties}', propertySourceProperties = '{}', contextCustomizers = set[org.springframework.boot.test.autoconfigure.actuate.metrics.MetricsExportContextCustomizerFactory$DisableMetricExportContextCustomizer@3f053c80, org.springframework.boot.test.autoconfigure.properties.PropertyMappingContextCustomizer@0, org.springframework.boot.test.autoconfigure.web.servlet.WebDriverContextCustomizerFactory$Customizer@30f5a68a, org.springframework.boot.test.context.filter.ExcludeFilterContextCustomizer@24d4d7c9, org.springframework.boot.test.json.DuplicateJsonObjectContextCustomizerFactory$DuplicateJsonObjectContextCustomizer@a8c1f44, org.springframework.boot.test.mock.mockito.MockitoContextCustomizer@3fd545de], contextLoader = 'org.springframework.test.context.support.DelegatingSmartContextLoader', parent = [null]]]
11:06:53.739 [Test worker] DEBUG org.springframework.test.context.cache - Spring test ApplicationContext cache statistics: [DefaultContextCache@2538bc06 size = 1, maxSize = 32, parentContextCount = 0, hitCount = 1, missCount = 1]
11:06:53.751 [Test worker] DEBUG org.springframework.test.context.cache.DefaultCacheAwareContextLoaderDelegate - Retrieved ApplicationContext [185488647] from cache with key [[MergedContextConfiguration@743cb8e0 testClass = ScheduleServiceTest, locations = '{}', classes = '{class org.AirAPI.config.AWStextrack, class org.AirAPI.entity.json.Jsonschedules}', contextInitializerClasses = '[]', activeProfiles = '{}', propertySourceLocations = '{classpath:application.properties}', propertySourceProperties = '{}', contextCustomizers = set[org.springframework.boot.test.autoconfigure.actuate.metrics.MetricsExportContextCustomizerFactory$DisableMetricExportContextCustomizer@3f053c80, org.springframework.boot.test.autoconfigure.properties.PropertyMappingContextCustomizer@0, org.springframework.boot.test.autoconfigure.web.servlet.WebDriverContextCustomizerFactory$Customizer@30f5a68a, org.springframework.boot.test.context.filter.ExcludeFilterContextCustomizer@24d4d7c9, org.springframework.boot.test.json.DuplicateJsonObjectContextCustomizerFactory$DuplicateJsonObjectContextCustomizer@a8c1f44, org.springframework.boot.test.mock.mockito.MockitoContextCustomizer@3fd545de], contextLoader = 'org.springframework.test.context.support.DelegatingSmartContextLoader', parent = [null]]]
11:06:53.751 [Test worker] DEBUG org.springframework.test.context.cache - Spring test ApplicationContext cache statistics: [DefaultContextCache@2538bc06 size = 1, maxSize = 32, parentContextCount = 0, hitCount = 2, missCount = 1]
11:06:53.767 [Test worker] DEBUG org.springframework.test.context.support.AbstractDirtiesContextTestExecutionListener - Before test method: context [DefaultTestContext@235f4c10 testClass = ScheduleServiceTest, testInstance = org.AirAPI.service.ScheduleServiceTest@532e27ab, testMethod = finddata@ScheduleServiceTest, testException = [null], mergedContextConfiguration = [MergedContextConfiguration@743cb8e0 testClass = ScheduleServiceTest, locations = '{}', classes = '{class org.AirAPI.config.AWStextrack, class org.AirAPI.entity.json.Jsonschedules}', contextInitializerClasses = '[]', activeProfiles = '{}', propertySourceLocations = '{classpath:application.properties}', propertySourceProperties = '{}', contextCustomizers = set[org.springframework.boot.test.autoconfigure.actuate.metrics.MetricsExportContextCustomizerFactory$DisableMetricExportContextCustomizer@3f053c80, org.springframework.boot.test.autoconfigure.properties.PropertyMappingContextCustomizer@0, org.springframework.boot.test.autoconfigure.web.servlet.WebDriverContextCustomizerFactory$Customizer@30f5a68a, org.springframework.boot.test.context.filter.ExcludeFilterContextCustomizer@24d4d7c9, org.springframework.boot.test.json.DuplicateJsonObjectContextCustomizerFactory$DuplicateJsonObjectContextCustomizer@a8c1f44, org.springframework.boot.test.mock.mockito.MockitoContextCustomizer@3fd545de], contextLoader = 'org.springframework.test.context.support.DelegatingSmartContextLoader', parent = [null]], attributes = map['org.springframework.test.context.event.ApplicationEventsTestExecutionListener.recordApplicationEvents' -> false, 'org.springframework.boot.test.mock.mockito.MockitoTestExecutionListener.mocks' -> org.mockito.internal.configuration.InjectingAnnotationEngine$$Lambda$403/0x0000000100324040@1cdc1bbc]], class annotated with @DirtiesContext [false] with mode [null], method annotated with @DirtiesContext [false] with mode [null].
11:06:53.783 [Test worker] DEBUG org.springframework.test.context.cache.DefaultCacheAwareContextLoaderDelegate - Retrieved ApplicationContext [185488647] from cache with key [[MergedContextConfiguration@743cb8e0 testClass = ScheduleServiceTest, locations = '{}', classes = '{class org.AirAPI.config.AWStextrack, class org.AirAPI.entity.json.Jsonschedules}', contextInitializerClasses = '[]', activeProfiles = '{}', propertySourceLocations = '{classpath:application.properties}', propertySourceProperties = '{}', contextCustomizers = set[org.springframework.boot.test.autoconfigure.actuate.metrics.MetricsExportContextCustomizerFactory$DisableMetricExportContextCustomizer@3f053c80, org.springframework.boot.test.autoconfigure.properties.PropertyMappingContextCustomizer@0, org.springframework.boot.test.autoconfigure.web.servlet.WebDriverContextCustomizerFactory$Customizer@30f5a68a, org.springframework.boot.test.context.filter.ExcludeFilterContextCustomizer@24d4d7c9, org.springframework.boot.test.json.DuplicateJsonObjectContextCustomizerFactory$DuplicateJsonObjectContextCustomizer@a8c1f44, org.springframework.boot.test.mock.mockito.MockitoContextCustomizer@3fd545de], contextLoader = 'org.springframework.test.context.support.DelegatingSmartContextLoader', parent = [null]]]
11:06:53.784 [Test worker] DEBUG org.springframework.test.context.cache - Spring test ApplicationContext cache statistics: [DefaultContextCache@2538bc06 size = 1, maxSize = 32, parentContextCount = 0, hitCount = 3, missCount = 1]
11:06:53.785 [Test worker] DEBUG org.springframework.test.context.cache.DefaultCacheAwareContextLoaderDelegate - Retrieved ApplicationContext [185488647] from cache with key [[MergedContextConfiguration@743cb8e0 testClass = ScheduleServiceTest, locations = '{}', classes = '{class org.AirAPI.config.AWStextrack, class org.AirAPI.entity.json.Jsonschedules}', contextInitializerClasses = '[]', activeProfiles = '{}', propertySourceLocations = '{classpath:application.properties}', propertySourceProperties = '{}', contextCustomizers = set[org.springframework.boot.test.autoconfigure.actuate.metrics.MetricsExportContextCustomizerFactory$DisableMetricExportContextCustomizer@3f053c80, org.springframework.boot.test.autoconfigure.properties.PropertyMappingContextCustomizer@0, org.springframework.boot.test.autoconfigure.web.servlet.WebDriverContextCustomizerFactory$Customizer@30f5a68a, org.springframework.boot.test.context.filter.ExcludeFilterContextCustomizer@24d4d7c9, org.springframework.boot.test.json.DuplicateJsonObjectContextCustomizerFactory$DuplicateJsonObjectContextCustomizer@a8c1f44, org.springframework.boot.test.mock.mockito.MockitoContextCustomizer@3fd545de], contextLoader = 'org.springframework.test.context.support.DelegatingSmartContextLoader', parent = [null]]]
11:06:53.786 [Test worker] DEBUG org.springframework.test.context.cache - Spring test ApplicationContext cache statistics: [DefaultContextCache@2538bc06 size = 1, maxSize = 32, parentContextCount = 0, hitCount = 4, missCount = 1]
11:06:53.796 [Test worker] DEBUG org.springframework.test.context.cache.DefaultCacheAwareContextLoaderDelegate - Retrieved ApplicationContext [185488647] from cache with key [[MergedContextConfiguration@743cb8e0 testClass = ScheduleServiceTest, locations = '{}', classes = '{class org.AirAPI.config.AWStextrack, class org.AirAPI.entity.json.Jsonschedules}', contextInitializerClasses = '[]', activeProfiles = '{}', propertySourceLocations = '{classpath:application.properties}', propertySourceProperties = '{}', contextCustomizers = set[org.springframework.boot.test.autoconfigure.actuate.metrics.MetricsExportContextCustomizerFactory$DisableMetricExportContextCustomizer@3f053c80, org.springframework.boot.test.autoconfigure.properties.PropertyMappingContextCustomizer@0, org.springframework.boot.test.autoconfigure.web.servlet.WebDriverContextCustomizerFactory$Customizer@30f5a68a, org.springframework.boot.test.context.filter.ExcludeFilterContextCustomizer@24d4d7c9, org.springframework.boot.test.json.DuplicateJsonObjectContextCustomizerFactory$DuplicateJsonObjectContextCustomizer@a8c1f44, org.springframework.boot.test.mock.mockito.MockitoContextCustomizer@3fd545de], contextLoader = 'org.springframework.test.context.support.DelegatingSmartContextLoader', parent = [null]]]
11:06:53.796 [Test worker] DEBUG org.springframework.test.context.cache - Spring test ApplicationContext cache statistics: [DefaultContextCache@2538bc06 size = 1, maxSize = 32, parentContextCount = 0, hitCount = 5, missCount = 1]
11:06:53.866 [Test worker] DEBUG org.springframework.test.context.cache.DefaultCacheAwareContextLoaderDelegate - Retrieved ApplicationContext [185488647] from cache with key [[MergedContextConfiguration@743cb8e0 testClass = ScheduleServiceTest, locations = '{}', classes = '{class org.AirAPI.config.AWStextrack, class org.AirAPI.entity.json.Jsonschedules}', contextInitializerClasses = '[]', activeProfiles = '{}', propertySourceLocations = '{classpath:application.properties}', propertySourceProperties = '{}', contextCustomizers = set[org.springframework.boot.test.autoconfigure.actuate.metrics.MetricsExportContextCustomizerFactory$DisableMetricExportContextCustomizer@3f053c80, org.springframework.boot.test.autoconfigure.properties.PropertyMappingContextCustomizer@0, org.springframework.boot.test.autoconfigure.web.servlet.WebDriverContextCustomizerFactory$Customizer@30f5a68a, org.springframework.boot.test.context.filter.ExcludeFilterContextCustomizer@24d4d7c9, org.springframework.boot.test.json.DuplicateJsonObjectContextCustomizerFactory$DuplicateJsonObjectContextCustomizer@a8c1f44, org.springframework.boot.test.mock.mockito.MockitoContextCustomizer@3fd545de], contextLoader = 'org.springframework.test.context.support.DelegatingSmartContextLoader', parent = [null]]]
11:06:53.867 [Test worker] DEBUG org.springframework.test.context.cache - Spring test ApplicationContext cache statistics: [DefaultContextCache@2538bc06 size = 1, maxSize = 32, parentContextCount = 0, hitCount = 6, missCount = 1]
11:06:53.869 [Test worker] DEBUG org.springframework.test.context.cache.DefaultCacheAwareContextLoaderDelegate - Retrieved ApplicationContext [185488647] from cache with key [[MergedContextConfiguration@743cb8e0 testClass = ScheduleServiceTest, locations = '{}', classes = '{class org.AirAPI.config.AWStextrack, class org.AirAPI.entity.json.Jsonschedules}', contextInitializerClasses = '[]', activeProfiles = '{}', propertySourceLocations = '{classpath:application.properties}', propertySourceProperties = '{}', contextCustomizers = set[org.springframework.boot.test.autoconfigure.actuate.metrics.MetricsExportContextCustomizerFactory$DisableMetricExportContextCustomizer@3f053c80, org.springframework.boot.test.autoconfigure.properties.PropertyMappingContextCustomizer@0, org.springframework.boot.test.autoconfigure.web.servlet.WebDriverContextCustomizerFactory$Customizer@30f5a68a, org.springframework.boot.test.context.filter.ExcludeFilterContextCustomizer@24d4d7c9, org.springframework.boot.test.json.DuplicateJsonObjectContextCustomizerFactory$DuplicateJsonObjectContextCustomizer@a8c1f44, org.springframework.boot.test.mock.mockito.MockitoContextCustomizer@3fd545de], contextLoader = 'org.springframework.test.context.support.DelegatingSmartContextLoader', parent = [null]]]
11:06:53.869 [Test worker] DEBUG org.springframework.test.context.cache - Spring test ApplicationContext cache statistics: [DefaultContextCache@2538bc06 size = 1, maxSize = 32, parentContextCount = 0, hitCount = 7, missCount = 1]
11:06:53.872 [Test worker] DEBUG org.springframework.test.context.cache.DefaultCacheAwareContextLoaderDelegate - Retrieved ApplicationContext [185488647] from cache with key [[MergedContextConfiguration@743cb8e0 testClass = ScheduleServiceTest, locations = '{}', classes = '{class org.AirAPI.config.AWStextrack, class org.AirAPI.entity.json.Jsonschedules}', contextInitializerClasses = '[]', activeProfiles = '{}', propertySourceLocations = '{classpath:application.properties}', propertySourceProperties = '{}', contextCustomizers = set[org.springframework.boot.test.autoconfigure.actuate.metrics.MetricsExportContextCustomizerFactory$DisableMetricExportContextCustomizer@3f053c80, org.springframework.boot.test.autoconfigure.properties.PropertyMappingContextCustomizer@0, org.springframework.boot.test.autoconfigure.web.servlet.WebDriverContextCustomizerFactory$Customizer@30f5a68a, org.springframework.boot.test.context.filter.ExcludeFilterContextCustomizer@24d4d7c9, org.springframework.boot.test.json.DuplicateJsonObjectContextCustomizerFactory$DuplicateJsonObjectContextCustomizer@a8c1f44, org.springframework.boot.test.mock.mockito.MockitoContextCustomizer@3fd545de], contextLoader = 'org.springframework.test.context.support.DelegatingSmartContextLoader', parent = [null]]]
11:06:53.872 [Test worker] DEBUG org.springframework.test.context.cache - Spring test ApplicationContext cache statistics: [DefaultContextCache@2538bc06 size = 1, maxSize = 32, parentContextCount = 0, hitCount = 8, missCount = 1]
11:06:53.872 [Test worker] DEBUG org.springframework.test.context.cache.DefaultCacheAwareContextLoaderDelegate - Retrieved ApplicationContext [185488647] from cache with key [[MergedContextConfiguration@743cb8e0 testClass = ScheduleServiceTest, locations = '{}', classes = '{class org.AirAPI.config.AWStextrack, class org.AirAPI.entity.json.Jsonschedules}', contextInitializerClasses = '[]', activeProfiles = '{}', propertySourceLocations = '{classpath:application.properties}', propertySourceProperties = '{}', contextCustomizers = set[org.springframework.boot.test.autoconfigure.actuate.metrics.MetricsExportContextCustomizerFactory$DisableMetricExportContextCustomizer@3f053c80, org.springframework.boot.test.autoconfigure.properties.PropertyMappingContextCustomizer@0, org.springframework.boot.test.autoconfigure.web.servlet.WebDriverContextCustomizerFactory$Customizer@30f5a68a, org.springframework.boot.test.context.filter.ExcludeFilterContextCustomizer@24d4d7c9, org.springframework.boot.test.json.DuplicateJsonObjectContextCustomizerFactory$DuplicateJsonObjectContextCustomizer@a8c1f44, org.springframework.boot.test.mock.mockito.MockitoContextCustomizer@3fd545de], contextLoader = 'org.springframework.test.context.support.DelegatingSmartContextLoader', parent = [null]]]
11:06:53.874 [Test worker] DEBUG org.springframework.test.context.cache - Spring test ApplicationContext cache statistics: [DefaultContextCache@2538bc06 size = 1, maxSize = 32, parentContextCount = 0, hitCount = 9, missCount = 1]
11:06:53.877 [Test worker] DEBUG org.springframework.test.context.cache.DefaultCacheAwareContextLoaderDelegate - Retrieved ApplicationContext [185488647] from cache with key [[MergedContextConfiguration@743cb8e0 testClass = ScheduleServiceTest, locations = '{}', classes = '{class org.AirAPI.config.AWStextrack, class org.AirAPI.entity.json.Jsonschedules}', contextInitializerClasses = '[]', activeProfiles = '{}', propertySourceLocations = '{classpath:application.properties}', propertySourceProperties = '{}', contextCustomizers = set[org.springframework.boot.test.autoconfigure.actuate.metrics.MetricsExportContextCustomizerFactory$DisableMetricExportContextCustomizer@3f053c80, org.springframework.boot.test.autoconfigure.properties.PropertyMappingContextCustomizer@0, org.springframework.boot.test.autoconfigure.web.servlet.WebDriverContextCustomizerFactory$Customizer@30f5a68a, org.springframework.boot.test.context.filter.ExcludeFilterContextCustomizer@24d4d7c9, org.springframework.boot.test.json.DuplicateJsonObjectContextCustomizerFactory$DuplicateJsonObjectContextCustomizer@a8c1f44, org.springframework.boot.test.mock.mockito.MockitoContextCustomizer@3fd545de], contextLoader = 'org.springframework.test.context.support.DelegatingSmartContextLoader', parent = [null]]]
11:06:53.877 [Test worker] DEBUG org.springframework.test.context.cache - Spring test ApplicationContext cache statistics: [DefaultContextCache@2538bc06 size = 1, maxSize = 32, parentContextCount = 0, hitCount = 10, missCount = 1]
11:06:53.883 [Test worker] DEBUG org.springframework.test.context.cache.DefaultCacheAwareContextLoaderDelegate - Retrieved ApplicationContext [185488647] from cache with key [[MergedContextConfiguration@743cb8e0 testClass = ScheduleServiceTest, locations = '{}', classes = '{class org.AirAPI.config.AWStextrack, class org.AirAPI.entity.json.Jsonschedules}', contextInitializerClasses = '[]', activeProfiles = '{}', propertySourceLocations = '{classpath:application.properties}', propertySourceProperties = '{}', contextCustomizers = set[org.springframework.boot.test.autoconfigure.actuate.metrics.MetricsExportContextCustomizerFactory$DisableMetricExportContextCustomizer@3f053c80, org.springframework.boot.test.autoconfigure.properties.PropertyMappingContextCustomizer@0, org.springframework.boot.test.autoconfigure.web.servlet.WebDriverContextCustomizerFactory$Customizer@30f5a68a, org.springframework.boot.test.context.filter.ExcludeFilterContextCustomizer@24d4d7c9, org.springframework.boot.test.json.DuplicateJsonObjectContextCustomizerFactory$DuplicateJsonObjectContextCustomizer@a8c1f44, org.springframework.boot.test.mock.mockito.MockitoContextCustomizer@3fd545de], contextLoader = 'org.springframework.test.context.support.DelegatingSmartContextLoader', parent = [null]]]
11:06:53.887 [Test worker] DEBUG org.springframework.test.context.cache - Spring test ApplicationContext cache statistics: [DefaultContextCache@2538bc06 size = 1, maxSize = 32, parentContextCount = 0, hitCount = 11, missCount = 1]
11:06:53.898 [Test worker] DEBUG org.springframework.test.context.support.AbstractDirtiesContextTestExecutionListener - After test method: context [DefaultTestContext@235f4c10 testClass = ScheduleServiceTest, testInstance = org.AirAPI.service.ScheduleServiceTest@532e27ab, testMethod = finddata@ScheduleServiceTest, testException = [null], mergedContextConfiguration = [MergedContextConfiguration@743cb8e0 testClass = ScheduleServiceTest, locations = '{}', classes = '{class org.AirAPI.config.AWStextrack, class org.AirAPI.entity.json.Jsonschedules}', contextInitializerClasses = '[]', activeProfiles = '{}', propertySourceLocations = '{classpath:application.properties}', propertySourceProperties = '{}', contextCustomizers = set[org.springframework.boot.test.autoconfigure.actuate.metrics.MetricsExportContextCustomizerFactory$DisableMetricExportContextCustomizer@3f053c80, org.springframework.boot.test.autoconfigure.properties.PropertyMappingContextCustomizer@0, org.springframework.boot.test.autoconfigure.web.servlet.WebDriverContextCustomizerFactory$Customizer@30f5a68a, org.springframework.boot.test.context.filter.ExcludeFilterContextCustomizer@24d4d7c9, org.springframework.boot.test.json.DuplicateJsonObjectContextCustomizerFactory$DuplicateJsonObjectContextCustomizer@a8c1f44, org.springframework.boot.test.mock.mockito.MockitoContextCustomizer@3fd545de], contextLoader = 'org.springframework.test.context.support.DelegatingSmartContextLoader', parent = [null]], attributes = map['org.springframework.test.context.event.ApplicationEventsTestExecutionListener.recordApplicationEvents' -> false, 'org.springframework.boot.test.mock.mockito.MockitoTestExecutionListener.mocks' -> org.mockito.internal.configuration.InjectingAnnotationEngine$$Lambda$403/0x0000000100324040@1cdc1bbc]], class annotated with @DirtiesContext [false] with mode [null], method annotated with @DirtiesContext [false] with mode [null].
11:06:53.931 [Test worker] DEBUG org.springframework.test.context.cache.DefaultCacheAwareContextLoaderDelegate - Retrieved ApplicationContext [185488647] from cache with key [[MergedContextConfiguration@743cb8e0 testClass = ScheduleServiceTest, locations = '{}', classes = '{class org.AirAPI.config.AWStextrack, class org.AirAPI.entity.json.Jsonschedules}', contextInitializerClasses = '[]', activeProfiles = '{}', propertySourceLocations = '{classpath:application.properties}', propertySourceProperties = '{}', contextCustomizers = set[org.springframework.boot.test.autoconfigure.actuate.metrics.MetricsExportContextCustomizerFactory$DisableMetricExportContextCustomizer@3f053c80, org.springframework.boot.test.autoconfigure.properties.PropertyMappingContextCustomizer@0, org.springframework.boot.test.autoconfigure.web.servlet.WebDriverContextCustomizerFactory$Customizer@30f5a68a, org.springframework.boot.test.context.filter.ExcludeFilterContextCustomizer@24d4d7c9, org.springframework.boot.test.json.DuplicateJsonObjectContextCustomizerFactory$DuplicateJsonObjectContextCustomizer@a8c1f44, org.springframework.boot.test.mock.mockito.MockitoContextCustomizer@3fd545de], contextLoader = 'org.springframework.test.context.support.DelegatingSmartContextLoader', parent = [null]]]
11:06:53.931 [Test worker] DEBUG org.springframework.test.context.cache - Spring test ApplicationContext cache statistics: [DefaultContextCache@2538bc06 size = 1, maxSize = 32, parentContextCount = 0, hitCount = 12, missCount = 1]
11:06:53.931 [Test worker] DEBUG org.springframework.test.context.support.DependencyInjectionTestExecutionListener - Performing dependency injection for test context [[DefaultTestContext@235f4c10 testClass = ScheduleServiceTest, testInstance = org.AirAPI.service.ScheduleServiceTest@7beae796, testMethod = [null], testException = [null], mergedContextConfiguration = [MergedContextConfiguration@743cb8e0 testClass = ScheduleServiceTest, locations = '{}', classes = '{class org.AirAPI.config.AWStextrack, class org.AirAPI.entity.json.Jsonschedules}', contextInitializerClasses = '[]', activeProfiles = '{}', propertySourceLocations = '{classpath:application.properties}', propertySourceProperties = '{}', contextCustomizers = set[org.springframework.boot.test.autoconfigure.actuate.metrics.MetricsExportContextCustomizerFactory$DisableMetricExportContextCustomizer@3f053c80, org.springframework.boot.test.autoconfigure.properties.PropertyMappingContextCustomizer@0, org.springframework.boot.test.autoconfigure.web.servlet.WebDriverContextCustomizerFactory$Customizer@30f5a68a, org.springframework.boot.test.context.filter.ExcludeFilterContextCustomizer@24d4d7c9, org.springframework.boot.test.json.DuplicateJsonObjectContextCustomizerFactory$DuplicateJsonObjectContextCustomizer@a8c1f44, org.springframework.boot.test.mock.mockito.MockitoContextCustomizer@3fd545de], contextLoader = 'org.springframework.test.context.support.DelegatingSmartContextLoader', parent = [null]], attributes = map['org.springframework.test.context.event.ApplicationEventsTestExecutionListener.recordApplicationEvents' -> false, 'org.springframework.boot.test.mock.mockito.MockitoTestExecutionListener.mocks' -> org.mockito.internal.configuration.InjectingAnnotationEngine$$Lambda$403/0x0000000100324040@6749fe50]]].
11:06:53.933 [Test worker] DEBUG org.springframework.test.context.cache.DefaultCacheAwareContextLoaderDelegate - Retrieved ApplicationContext [185488647] from cache with key [[MergedContextConfiguration@743cb8e0 testClass = ScheduleServiceTest, locations = '{}', classes = '{class org.AirAPI.config.AWStextrack, class org.AirAPI.entity.json.Jsonschedules}', contextInitializerClasses = '[]', activeProfiles = '{}', propertySourceLocations = '{classpath:application.properties}', propertySourceProperties = '{}', contextCustomizers = set[org.springframework.boot.test.autoconfigure.actuate.metrics.MetricsExportContextCustomizerFactory$DisableMetricExportContextCustomizer@3f053c80, org.springframework.boot.test.autoconfigure.properties.PropertyMappingContextCustomizer@0, org.springframework.boot.test.autoconfigure.web.servlet.WebDriverContextCustomizerFactory$Customizer@30f5a68a, org.springframework.boot.test.context.filter.ExcludeFilterContextCustomizer@24d4d7c9, org.springframework.boot.test.json.DuplicateJsonObjectContextCustomizerFactory$DuplicateJsonObjectContextCustomizer@a8c1f44, org.springframework.boot.test.mock.mockito.MockitoContextCustomizer@3fd545de], contextLoader = 'org.springframework.test.context.support.DelegatingSmartContextLoader', parent = [null]]]
11:06:53.933 [Test worker] DEBUG org.springframework.test.context.cache - Spring test ApplicationContext cache statistics: [DefaultContextCache@2538bc06 size = 1, maxSize = 32, parentContextCount = 0, hitCount = 13, missCount = 1]
11:06:53.935 [Test worker] DEBUG org.springframework.test.context.cache.DefaultCacheAwareContextLoaderDelegate - Retrieved ApplicationContext [185488647] from cache with key [[MergedContextConfiguration@743cb8e0 testClass = ScheduleServiceTest, locations = '{}', classes = '{class org.AirAPI.config.AWStextrack, class org.AirAPI.entity.json.Jsonschedules}', contextInitializerClasses = '[]', activeProfiles = '{}', propertySourceLocations = '{classpath:application.properties}', propertySourceProperties = '{}', contextCustomizers = set[org.springframework.boot.test.autoconfigure.actuate.metrics.MetricsExportContextCustomizerFactory$DisableMetricExportContextCustomizer@3f053c80, org.springframework.boot.test.autoconfigure.properties.PropertyMappingContextCustomizer@0, org.springframework.boot.test.autoconfigure.web.servlet.WebDriverContextCustomizerFactory$Customizer@30f5a68a, org.springframework.boot.test.context.filter.ExcludeFilterContextCustomizer@24d4d7c9, org.springframework.boot.test.json.DuplicateJsonObjectContextCustomizerFactory$DuplicateJsonObjectContextCustomizer@a8c1f44, org.springframework.boot.test.mock.mockito.MockitoContextCustomizer@3fd545de], contextLoader = 'org.springframework.test.context.support.DelegatingSmartContextLoader', parent = [null]]]
11:06:53.935 [Test worker] DEBUG org.springframework.test.context.cache - Spring test ApplicationContext cache statistics: [DefaultContextCache@2538bc06 size = 1, maxSize = 32, parentContextCount = 0, hitCount = 14, missCount = 1]
11:06:53.945 [Test worker] DEBUG org.springframework.test.context.support.AbstractDirtiesContextTestExecutionListener - Before test method: context [DefaultTestContext@235f4c10 testClass = ScheduleServiceTest, testInstance = org.AirAPI.service.ScheduleServiceTest@7beae796, testMethod = save@ScheduleServiceTest, testException = [null], mergedContextConfiguration = [MergedContextConfiguration@743cb8e0 testClass = ScheduleServiceTest, locations = '{}', classes = '{class org.AirAPI.config.AWStextrack, class org.AirAPI.entity.json.Jsonschedules}', contextInitializerClasses = '[]', activeProfiles = '{}', propertySourceLocations = '{classpath:application.properties}', propertySourceProperties = '{}', contextCustomizers = set[org.springframework.boot.test.autoconfigure.actuate.metrics.MetricsExportContextCustomizerFactory$DisableMetricExportContextCustomizer@3f053c80, org.springframework.boot.test.autoconfigure.properties.PropertyMappingContextCustomizer@0, org.springframework.boot.test.autoconfigure.web.servlet.WebDriverContextCustomizerFactory$Customizer@30f5a68a, org.springframework.boot.test.context.filter.ExcludeFilterContextCustomizer@24d4d7c9, org.springframework.boot.test.json.DuplicateJsonObjectContextCustomizerFactory$DuplicateJsonObjectContextCustomizer@a8c1f44, org.springframework.boot.test.mock.mockito.MockitoContextCustomizer@3fd545de], contextLoader = 'org.springframework.test.context.support.DelegatingSmartContextLoader', parent = [null]], attributes = map['org.springframework.test.context.event.ApplicationEventsTestExecutionListener.recordApplicationEvents' -> false, 'org.springframework.boot.test.mock.mockito.MockitoTestExecutionListener.mocks' -> org.mockito.internal.configuration.InjectingAnnotationEngine$$Lambda$403/0x0000000100324040@6749fe50]], class annotated with @DirtiesContext [false] with mode [null], method annotated with @DirtiesContext [false] with mode [null].
11:06:53.956 [Test worker] DEBUG org.springframework.test.context.cache.DefaultCacheAwareContextLoaderDelegate - Retrieved ApplicationContext [185488647] from cache with key [[MergedContextConfiguration@743cb8e0 testClass = ScheduleServiceTest, locations = '{}', classes = '{class org.AirAPI.config.AWStextrack, class org.AirAPI.entity.json.Jsonschedules}', contextInitializerClasses = '[]', activeProfiles = '{}', propertySourceLocations = '{classpath:application.properties}', propertySourceProperties = '{}', contextCustomizers = set[org.springframework.boot.test.autoconfigure.actuate.metrics.MetricsExportContextCustomizerFactory$DisableMetricExportContextCustomizer@3f053c80, org.springframework.boot.test.autoconfigure.properties.PropertyMappingContextCustomizer@0, org.springframework.boot.test.autoconfigure.web.servlet.WebDriverContextCustomizerFactory$Customizer@30f5a68a, org.springframework.boot.test.context.filter.ExcludeFilterContextCustomizer@24d4d7c9, org.springframework.boot.test.json.DuplicateJsonObjectContextCustomizerFactory$DuplicateJsonObjectContextCustomizer@a8c1f44, org.springframework.boot.test.mock.mockito.MockitoContextCustomizer@3fd545de], contextLoader = 'org.springframework.test.context.support.DelegatingSmartContextLoader', parent = [null]]]
11:06:53.957 [Test worker] DEBUG org.springframework.test.context.cache - Spring test ApplicationContext cache statistics: [DefaultContextCache@2538bc06 size = 1, maxSize = 32, parentContextCount = 0, hitCount = 15, missCount = 1]
11:06:53.960 [Test worker] DEBUG org.springframework.test.context.cache.DefaultCacheAwareContextLoaderDelegate - Retrieved ApplicationContext [185488647] from cache with key [[MergedContextConfiguration@743cb8e0 testClass = ScheduleServiceTest, locations = '{}', classes = '{class org.AirAPI.config.AWStextrack, class org.AirAPI.entity.json.Jsonschedules}', contextInitializerClasses = '[]', activeProfiles = '{}', propertySourceLocations = '{classpath:application.properties}', propertySourceProperties = '{}', contextCustomizers = set[org.springframework.boot.test.autoconfigure.actuate.metrics.MetricsExportContextCustomizerFactory$DisableMetricExportContextCustomizer@3f053c80, org.springframework.boot.test.autoconfigure.properties.PropertyMappingContextCustomizer@0, org.springframework.boot.test.autoconfigure.web.servlet.WebDriverContextCustomizerFactory$Customizer@30f5a68a, org.springframework.boot.test.context.filter.ExcludeFilterContextCustomizer@24d4d7c9, org.springframework.boot.test.json.DuplicateJsonObjectContextCustomizerFactory$DuplicateJsonObjectContextCustomizer@a8c1f44, org.springframework.boot.test.mock.mockito.MockitoContextCustomizer@3fd545de], contextLoader = 'org.springframework.test.context.support.DelegatingSmartContextLoader', parent = [null]]]
11:06:53.961 [Test worker] DEBUG org.springframework.test.context.cache - Spring test ApplicationContext cache statistics: [DefaultContextCache@2538bc06 size = 1, maxSize = 32, parentContextCount = 0, hitCount = 16, missCount = 1]
11:06:53.963 [Test worker] DEBUG org.springframework.test.context.cache.DefaultCacheAwareContextLoaderDelegate - Retrieved ApplicationContext [185488647] from cache with key [[MergedContextConfiguration@743cb8e0 testClass = ScheduleServiceTest, locations = '{}', classes = '{class org.AirAPI.config.AWStextrack, class org.AirAPI.entity.json.Jsonschedules}', contextInitializerClasses = '[]', activeProfiles = '{}', propertySourceLocations = '{classpath:application.properties}', propertySourceProperties = '{}', contextCustomizers = set[org.springframework.boot.test.autoconfigure.actuate.metrics.MetricsExportContextCustomizerFactory$DisableMetricExportContextCustomizer@3f053c80, org.springframework.boot.test.autoconfigure.properties.PropertyMappingContextCustomizer@0, org.springframework.boot.test.autoconfigure.web.servlet.WebDriverContextCustomizerFactory$Customizer@30f5a68a, org.springframework.boot.test.context.filter.ExcludeFilterContextCustomizer@24d4d7c9, org.springframework.boot.test.json.DuplicateJsonObjectContextCustomizerFactory$DuplicateJsonObjectContextCustomizer@a8c1f44, org.springframework.boot.test.mock.mockito.MockitoContextCustomizer@3fd545de], contextLoader = 'org.springframework.test.context.support.DelegatingSmartContextLoader', parent = [null]]]
11:06:53.965 [Test worker] DEBUG org.springframework.test.context.cache - Spring test ApplicationContext cache statistics: [DefaultContextCache@2538bc06 size = 1, maxSize = 32, parentContextCount = 0, hitCount = 17, missCount = 1]
11:06:54.665 [Test worker] DEBUG org.springframework.test.context.cache.DefaultCacheAwareContextLoaderDelegate - Retrieved ApplicationContext [185488647] from cache with key [[MergedContextConfiguration@743cb8e0 testClass = ScheduleServiceTest, locations = '{}', classes = '{class org.AirAPI.config.AWStextrack, class org.AirAPI.entity.json.Jsonschedules}', contextInitializerClasses = '[]', activeProfiles = '{}', propertySourceLocations = '{classpath:application.properties}', propertySourceProperties = '{}', contextCustomizers = set[org.springframework.boot.test.autoconfigure.actuate.metrics.MetricsExportContextCustomizerFactory$DisableMetricExportContextCustomizer@3f053c80, org.springframework.boot.test.autoconfigure.properties.PropertyMappingContextCustomizer@0, org.springframework.boot.test.autoconfigure.web.servlet.WebDriverContextCustomizerFactory$Customizer@30f5a68a, org.springframework.boot.test.context.filter.ExcludeFilterContextCustomizer@24d4d7c9, org.springframework.boot.test.json.DuplicateJsonObjectContextCustomizerFactory$DuplicateJsonObjectContextCustomizer@a8c1f44, org.springframework.boot.test.mock.mockito.MockitoContextCustomizer@3fd545de], contextLoader = 'org.springframework.test.context.support.DelegatingSmartContextLoader', parent = [null]]]
11:06:54.666 [Test worker] DEBUG org.springframework.test.context.cache - Spring test ApplicationContext cache statistics: [DefaultContextCache@2538bc06 size = 1, maxSize = 32, parentContextCount = 0, hitCount = 18, missCount = 1]
11:06:54.667 [Test worker] DEBUG org.springframework.test.context.cache.DefaultCacheAwareContextLoaderDelegate - Retrieved ApplicationContext [185488647] from cache with key [[MergedContextConfiguration@743cb8e0 testClass = ScheduleServiceTest, locations = '{}', classes = '{class org.AirAPI.config.AWStextrack, class org.AirAPI.entity.json.Jsonschedules}', contextInitializerClasses = '[]', activeProfiles = '{}', propertySourceLocations = '{classpath:application.properties}', propertySourceProperties = '{}', contextCustomizers = set[org.springframework.boot.test.autoconfigure.actuate.metrics.MetricsExportContextCustomizerFactory$DisableMetricExportContextCustomizer@3f053c80, org.springframework.boot.test.autoconfigure.properties.PropertyMappingContextCustomizer@0, org.springframework.boot.test.autoconfigure.web.servlet.WebDriverContextCustomizerFactory$Customizer@30f5a68a, org.springframework.boot.test.context.filter.ExcludeFilterContextCustomizer@24d4d7c9, org.springframework.boot.test.json.DuplicateJsonObjectContextCustomizerFactory$DuplicateJsonObjectContextCustomizer@a8c1f44, org.springframework.boot.test.mock.mockito.MockitoContextCustomizer@3fd545de], contextLoader = 'org.springframework.test.context.support.DelegatingSmartContextLoader', parent = [null]]]
11:06:54.667 [Test worker] DEBUG org.springframework.test.context.cache - Spring test ApplicationContext cache statistics: [DefaultContextCache@2538bc06 size = 1, maxSize = 32, parentContextCount = 0, hitCount = 19, missCount = 1]
11:06:54.671 [Test worker] DEBUG org.springframework.test.context.cache.DefaultCacheAwareContextLoaderDelegate - Retrieved ApplicationContext [185488647] from cache with key [[MergedContextConfiguration@743cb8e0 testClass = ScheduleServiceTest, locations = '{}', classes = '{class org.AirAPI.config.AWStextrack, class org.AirAPI.entity.json.Jsonschedules}', contextInitializerClasses = '[]', activeProfiles = '{}', propertySourceLocations = '{classpath:application.properties}', propertySourceProperties = '{}', contextCustomizers = set[org.springframework.boot.test.autoconfigure.actuate.metrics.MetricsExportContextCustomizerFactory$DisableMetricExportContextCustomizer@3f053c80, org.springframework.boot.test.autoconfigure.properties.PropertyMappingContextCustomizer@0, org.springframework.boot.test.autoconfigure.web.servlet.WebDriverContextCustomizerFactory$Customizer@30f5a68a, org.springframework.boot.test.context.filter.ExcludeFilterContextCustomizer@24d4d7c9, org.springframework.boot.test.json.DuplicateJsonObjectContextCustomizerFactory$DuplicateJsonObjectContextCustomizer@a8c1f44, org.springframework.boot.test.mock.mockito.MockitoContextCustomizer@3fd545de], contextLoader = 'org.springframework.test.context.support.DelegatingSmartContextLoader', parent = [null]]]
11:06:54.671 [Test worker] DEBUG org.springframework.test.context.cache - Spring test ApplicationContext cache statistics: [DefaultContextCache@2538bc06 size = 1, maxSize = 32, parentContextCount = 0, hitCount = 20, missCount = 1]
11:06:54.672 [Test worker] DEBUG org.springframework.test.context.cache.DefaultCacheAwareContextLoaderDelegate - Retrieved ApplicationContext [185488647] from cache with key [[MergedContextConfiguration@743cb8e0 testClass = ScheduleServiceTest, locations = '{}', classes = '{class org.AirAPI.config.AWStextrack, class org.AirAPI.entity.json.Jsonschedules}', contextInitializerClasses = '[]', activeProfiles = '{}', propertySourceLocations = '{classpath:application.properties}', propertySourceProperties = '{}', contextCustomizers = set[org.springframework.boot.test.autoconfigure.actuate.metrics.MetricsExportContextCustomizerFactory$DisableMetricExportContextCustomizer@3f053c80, org.springframework.boot.test.autoconfigure.properties.PropertyMappingContextCustomizer@0, org.springframework.boot.test.autoconfigure.web.servlet.WebDriverContextCustomizerFactory$Customizer@30f5a68a, org.springframework.boot.test.context.filter.ExcludeFilterContextCustomizer@24d4d7c9, org.springframework.boot.test.json.DuplicateJsonObjectContextCustomizerFactory$DuplicateJsonObjectContextCustomizer@a8c1f44, org.springframework.boot.test.mock.mockito.MockitoContextCustomizer@3fd545de], contextLoader = 'org.springframework.test.context.support.DelegatingSmartContextLoader', parent = [null]]]
11:06:54.672 [Test worker] DEBUG org.springframework.test.context.cache - Spring test ApplicationContext cache statistics: [DefaultContextCache@2538bc06 size = 1, maxSize = 32, parentContextCount = 0, hitCount = 21, missCount = 1]
11:06:54.672 [Test worker] DEBUG org.springframework.test.context.cache.DefaultCacheAwareContextLoaderDelegate - Retrieved ApplicationContext [185488647] from cache with key [[MergedContextConfiguration@743cb8e0 testClass = ScheduleServiceTest, locations = '{}', classes = '{class org.AirAPI.config.AWStextrack, class org.AirAPI.entity.json.Jsonschedules}', contextInitializerClasses = '[]', activeProfiles = '{}', propertySourceLocations = '{classpath:application.properties}', propertySourceProperties = '{}', contextCustomizers = set[org.springframework.boot.test.autoconfigure.actuate.metrics.MetricsExportContextCustomizerFactory$DisableMetricExportContextCustomizer@3f053c80, org.springframework.boot.test.autoconfigure.properties.PropertyMappingContextCustomizer@0, org.springframework.boot.test.autoconfigure.web.servlet.WebDriverContextCustomizerFactory$Customizer@30f5a68a, org.springframework.boot.test.context.filter.ExcludeFilterContextCustomizer@24d4d7c9, org.springframework.boot.test.json.DuplicateJsonObjectContextCustomizerFactory$DuplicateJsonObjectContextCustomizer@a8c1f44, org.springframework.boot.test.mock.mockito.MockitoContextCustomizer@3fd545de], contextLoader = 'org.springframework.test.context.support.DelegatingSmartContextLoader', parent = [null]]]
11:06:54.673 [Test worker] DEBUG org.springframework.test.context.cache - Spring test ApplicationContext cache statistics: [DefaultContextCache@2538bc06 size = 1, maxSize = 32, parentContextCount = 0, hitCount = 22, missCount = 1]
11:06:54.674 [Test worker] DEBUG org.springframework.test.context.cache.DefaultCacheAwareContextLoaderDelegate - Retrieved ApplicationContext [185488647] from cache with key [[MergedContextConfiguration@743cb8e0 testClass = ScheduleServiceTest, locations = '{}', classes = '{class org.AirAPI.config.AWStextrack, class org.AirAPI.entity.json.Jsonschedules}', contextInitializerClasses = '[]', activeProfiles = '{}', propertySourceLocations = '{classpath:application.properties}', propertySourceProperties = '{}', contextCustomizers = set[org.springframework.boot.test.autoconfigure.actuate.metrics.MetricsExportContextCustomizerFactory$DisableMetricExportContextCustomizer@3f053c80, org.springframework.boot.test.autoconfigure.properties.PropertyMappingContextCustomizer@0, org.springframework.boot.test.autoconfigure.web.servlet.WebDriverContextCustomizerFactory$Customizer@30f5a68a, org.springframework.boot.test.context.filter.ExcludeFilterContextCustomizer@24d4d7c9, org.springframework.boot.test.json.DuplicateJsonObjectContextCustomizerFactory$DuplicateJsonObjectContextCustomizer@a8c1f44, org.springframework.boot.test.mock.mockito.MockitoContextCustomizer@3fd545de], contextLoader = 'org.springframework.test.context.support.DelegatingSmartContextLoader', parent = [null]]]
11:06:54.675 [Test worker] DEBUG org.springframework.test.context.cache - Spring test ApplicationContext cache statistics: [DefaultContextCache@2538bc06 size = 1, maxSize = 32, parentContextCount = 0, hitCount = 23, missCount = 1]
11:06:54.676 [Test worker] DEBUG org.springframework.test.context.support.AbstractDirtiesContextTestExecutionListener - After test method: context [DefaultTestContext@235f4c10 testClass = ScheduleServiceTest, testInstance = org.AirAPI.service.ScheduleServiceTest@7beae796, testMethod = save@ScheduleServiceTest, testException = [null], mergedContextConfiguration = [MergedContextConfiguration@743cb8e0 testClass = ScheduleServiceTest, locations = '{}', classes = '{class org.AirAPI.config.AWStextrack, class org.AirAPI.entity.json.Jsonschedules}', contextInitializerClasses = '[]', activeProfiles = '{}', propertySourceLocations = '{classpath:application.properties}', propertySourceProperties = '{}', contextCustomizers = set[org.springframework.boot.test.autoconfigure.actuate.metrics.MetricsExportContextCustomizerFactory$DisableMetricExportContextCustomizer@3f053c80, org.springframework.boot.test.autoconfigure.properties.PropertyMappingContextCustomizer@0, org.springframework.boot.test.autoconfigure.web.servlet.WebDriverContextCustomizerFactory$Customizer@30f5a68a, org.springframework.boot.test.context.filter.ExcludeFilterContextCustomizer@24d4d7c9, org.springframework.boot.test.json.DuplicateJsonObjectContextCustomizerFactory$DuplicateJsonObjectContextCustomizer@a8c1f44, org.springframework.boot.test.mock.mockito.MockitoContextCustomizer@3fd545de], contextLoader = 'org.springframework.test.context.support.DelegatingSmartContextLoader', parent = [null]], attributes = map['org.springframework.test.context.event.ApplicationEventsTestExecutionListener.recordApplicationEvents' -> false, 'org.springframework.boot.test.mock.mockito.MockitoTestExecutionListener.mocks' -> org.mockito.internal.configuration.InjectingAnnotationEngine$$Lambda$403/0x0000000100324040@6749fe50]], class annotated with @DirtiesContext [false] with mode [null], method annotated with @DirtiesContext [false] with mode [null].
11:06:54.695 [Test worker] DEBUG org.springframework.test.context.cache.DefaultCacheAwareContextLoaderDelegate - Retrieved ApplicationContext [185488647] from cache with key [[MergedContextConfiguration@743cb8e0 testClass = ScheduleServiceTest, locations = '{}', classes = '{class org.AirAPI.config.AWStextrack, class org.AirAPI.entity.json.Jsonschedules}', contextInitializerClasses = '[]', activeProfiles = '{}', propertySourceLocations = '{classpath:application.properties}', propertySourceProperties = '{}', contextCustomizers = set[org.springframework.boot.test.autoconfigure.actuate.metrics.MetricsExportContextCustomizerFactory$DisableMetricExportContextCustomizer@3f053c80, org.springframework.boot.test.autoconfigure.properties.PropertyMappingContextCustomizer@0, org.springframework.boot.test.autoconfigure.web.servlet.WebDriverContextCustomizerFactory$Customizer@30f5a68a, org.springframework.boot.test.context.filter.ExcludeFilterContextCustomizer@24d4d7c9, org.springframework.boot.test.json.DuplicateJsonObjectContextCustomizerFactory$DuplicateJsonObjectContextCustomizer@a8c1f44, org.springframework.boot.test.mock.mockito.MockitoContextCustomizer@3fd545de], contextLoader = 'org.springframework.test.context.support.DelegatingSmartContextLoader', parent = [null]]]
11:06:54.696 [Test worker] DEBUG org.springframework.test.context.cache - Spring test ApplicationContext cache statistics: [DefaultContextCache@2538bc06 size = 1, maxSize = 32, parentContextCount = 0, hitCount = 24, missCount = 1]
11:06:54.697 [Test worker] DEBUG org.springframework.test.context.support.AbstractDirtiesContextTestExecutionListener - After test class: context [DefaultTestContext@235f4c10 testClass = ScheduleServiceTest, testInstance = [null], testMethod = [null], testException = [null], mergedContextConfiguration = [MergedContextConfiguration@743cb8e0 testClass = ScheduleServiceTest, locations = '{}', classes = '{class org.AirAPI.config.AWStextrack, class org.AirAPI.entity.json.Jsonschedules}', contextInitializerClasses = '[]', activeProfiles = '{}', propertySourceLocations = '{classpath:application.properties}', propertySourceProperties = '{}', contextCustomizers = set[org.springframework.boot.test.autoconfigure.actuate.metrics.MetricsExportContextCustomizerFactory$DisableMetricExportContextCustomizer@3f053c80, org.springframework.boot.test.autoconfigure.properties.PropertyMappingContextCustomizer@0, org.springframework.boot.test.autoconfigure.web.servlet.WebDriverContextCustomizerFactory$Customizer@30f5a68a, org.springframework.boot.test.context.filter.ExcludeFilterContextCustomizer@24d4d7c9, org.springframework.boot.test.json.DuplicateJsonObjectContextCustomizerFactory$DuplicateJsonObjectContextCustomizer@a8c1f44, org.springframework.boot.test.mock.mockito.MockitoContextCustomizer@3fd545de], contextLoader = 'org.springframework.test.context.support.DelegatingSmartContextLoader', parent = [null]], attributes = map['org.springframework.test.context.event.ApplicationEventsTestExecutionListener.recordApplicationEvents' -> false, 'org.springframework.boot.test.mock.mockito.MockitoTestExecutionListener.mocks' -> org.mockito.internal.configuration.InjectingAnnotationEngine$$Lambda$403/0x0000000100324040@6749fe50]], class annotated with @DirtiesContext [false] with mode [null].
]]></system-out>
  <system-err><![CDATA[]]></system-err>
</testsuite>
