<?xml version="1.0" encoding="UTF-8"?>
<testsuite name="org.AirAPI.service.ScheduleServiceTest" tests="1" skipped="0" failures="0" errors="0" timestamp="2023-01-19T11:56:07" hostname="DESKTOP-CLGUOMH" time="0.108">
  <properties/>
  <testcase name="3개의 데이터를 호출" classname="org.AirAPI.service.ScheduleServiceTest" time="0.108"/>
  <system-out><![CDATA[20:56:05.918 [Test worker] DEBUG org.springframework.test.context.BootstrapUtils - Instantiating CacheAwareContextLoaderDelegate from class [org.springframework.test.context.cache.DefaultCacheAwareContextLoaderDelegate]
20:56:05.934 [Test worker] DEBUG org.springframework.test.context.BootstrapUtils - Instantiating BootstrapContext using constructor [public org.springframework.test.context.support.DefaultBootstrapContext(java.lang.Class,org.springframework.test.context.CacheAwareContextLoaderDelegate)]
20:56:05.982 [Test worker] DEBUG org.springframework.test.context.BootstrapUtils - Instantiating TestContextBootstrapper for test class [org.AirAPI.service.ScheduleServiceTest] from class [org.springframework.test.context.support.DefaultTestContextBootstrapper]
20:56:05.997 [Test worker] INFO org.springframework.test.context.support.DefaultTestContextBootstrapper - Neither @ContextConfiguration nor @ContextHierarchy found for test class [org.AirAPI.service.ScheduleServiceTest], using DelegatingSmartContextLoader
20:56:06.002 [Test worker] DEBUG org.springframework.test.context.support.AbstractDelegatingSmartContextLoader - Delegating to GenericXmlContextLoader to process context configuration [ContextConfigurationAttributes@177bea38 declaringClass = 'org.AirAPI.service.ScheduleServiceTest', classes = '{}', locations = '{}', inheritLocations = false, initializers = '{}', inheritInitializers = true, name = [null], contextLoaderClass = 'org.springframework.test.context.ContextLoader'].
20:56:06.006 [Test worker] DEBUG org.springframework.test.context.support.AbstractContextLoader - Did not detect default resource location for test class [org.AirAPI.service.ScheduleServiceTest]: class path resource [org/AirAPI/service/ScheduleServiceTest-context.xml] does not exist
20:56:06.007 [Test worker] INFO org.springframework.test.context.support.AbstractContextLoader - Could not detect default resource locations for test class [org.AirAPI.service.ScheduleServiceTest]: no resource found for suffixes {-context.xml}.
20:56:06.008 [Test worker] DEBUG org.springframework.test.context.support.AbstractDelegatingSmartContextLoader - Delegating to AnnotationConfigContextLoader to process context configuration [ContextConfigurationAttributes@177bea38 declaringClass = 'org.AirAPI.service.ScheduleServiceTest', classes = '{}', locations = '{}', inheritLocations = false, initializers = '{}', inheritInitializers = true, name = [null], contextLoaderClass = 'org.springframework.test.context.ContextLoader'].
20:56:06.009 [Test worker] INFO org.springframework.test.context.support.AnnotationConfigContextLoaderUtils - Could not detect default configuration classes for test class [org.AirAPI.service.ScheduleServiceTest]: ScheduleServiceTest does not declare any static, non-private, non-final, nested classes annotated with @Configuration.
20:56:06.093 [Test worker] DEBUG org.springframework.test.context.support.ActiveProfilesUtils - Could not find an 'annotation declaring class' for annotation type [org.springframework.test.context.ActiveProfiles] and class [org.AirAPI.service.ScheduleServiceTest]
20:56:06.094 [Test worker] DEBUG org.springframework.test.context.support.DefaultTestContextBootstrapper - @TestExecutionListeners is not present for class [org.AirAPI.service.ScheduleServiceTest]: using defaults.
20:56:06.095 [Test worker] INFO org.springframework.test.context.support.DefaultTestContextBootstrapper - Loaded default TestExecutionListener class names from location [META-INF/spring.factories]: [org.springframework.boot.test.autoconfigure.restdocs.RestDocsTestExecutionListener, org.springframework.boot.test.autoconfigure.web.client.MockRestServiceServerResetTestExecutionListener, org.springframework.boot.test.autoconfigure.web.servlet.MockMvcPrintOnlyOnFailureTestExecutionListener, org.springframework.boot.test.autoconfigure.web.servlet.WebDriverTestExecutionListener, org.springframework.boot.test.autoconfigure.webservices.client.MockWebServiceServerTestExecutionListener, org.springframework.boot.test.mock.mockito.MockitoTestExecutionListener, org.springframework.boot.test.mock.mockito.ResetMocksTestExecutionListener, org.springframework.test.context.web.ServletTestExecutionListener, org.springframework.test.context.support.DirtiesContextBeforeModesTestExecutionListener, org.springframework.test.context.event.ApplicationEventsTestExecutionListener, org.springframework.test.context.support.DependencyInjectionTestExecutionListener, org.springframework.test.context.support.DirtiesContextTestExecutionListener, org.springframework.test.context.transaction.TransactionalTestExecutionListener, org.springframework.test.context.jdbc.SqlScriptsTestExecutionListener, org.springframework.test.context.event.EventPublishingTestExecutionListener]
20:56:06.121 [Test worker] INFO org.springframework.test.context.support.DefaultTestContextBootstrapper - Using TestExecutionListeners: [org.springframework.test.context.web.ServletTestExecutionListener@18bc345, org.springframework.test.context.support.DirtiesContextBeforeModesTestExecutionListener@42f8285e, org.springframework.test.context.event.ApplicationEventsTestExecutionListener@26bab2f1, org.springframework.boot.test.mock.mockito.MockitoTestExecutionListener@3724af13, org.springframework.test.context.support.DependencyInjectionTestExecutionListener@68ead359, org.springframework.test.context.support.DirtiesContextTestExecutionListener@6b53bcc2, org.springframework.test.context.transaction.TransactionalTestExecutionListener@180da663, org.springframework.test.context.jdbc.SqlScriptsTestExecutionListener@a43ce46, org.springframework.test.context.event.EventPublishingTestExecutionListener@340da44c, org.springframework.boot.test.autoconfigure.restdocs.RestDocsTestExecutionListener@424ebba3, org.springframework.boot.test.autoconfigure.web.client.MockRestServiceServerResetTestExecutionListener@37052337, org.springframework.boot.test.autoconfigure.web.servlet.MockMvcPrintOnlyOnFailureTestExecutionListener@2320fa6f, org.springframework.boot.test.autoconfigure.web.servlet.WebDriverTestExecutionListener@7a560583, org.springframework.boot.test.autoconfigure.webservices.client.MockWebServiceServerTestExecutionListener@4d722ac9, org.springframework.boot.test.mock.mockito.ResetMocksTestExecutionListener@53f0a4cb]
20:56:06.125 [Test worker] DEBUG org.springframework.test.context.support.AbstractDirtiesContextTestExecutionListener - Before test class: context [DefaultTestContext@293a5f75 testClass = ScheduleServiceTest, testInstance = [null], testMethod = [null], testException = [null], mergedContextConfiguration = [MergedContextConfiguration@fcb4004 testClass = ScheduleServiceTest, locations = '{}', classes = '{}', contextInitializerClasses = '[]', activeProfiles = '{}', propertySourceLocations = '{}', propertySourceProperties = '{}', contextCustomizers = set[org.springframework.boot.test.autoconfigure.actuate.metrics.MetricsExportContextCustomizerFactory$DisableMetricExportContextCustomizer@6187d1f5, org.springframework.boot.test.autoconfigure.properties.PropertyMappingContextCustomizer@0, org.springframework.boot.test.autoconfigure.web.servlet.WebDriverContextCustomizerFactory$Customizer@62727399, org.springframework.boot.test.context.filter.ExcludeFilterContextCustomizer@687ef2e0, org.springframework.boot.test.json.DuplicateJsonObjectContextCustomizerFactory$DuplicateJsonObjectContextCustomizer@736caf7a, org.springframework.boot.test.mock.mockito.MockitoContextCustomizer@f5523a12], contextLoader = 'org.springframework.test.context.support.DelegatingSmartContextLoader', parent = [null]], attributes = map[[empty]]], class annotated with @DirtiesContext [false] with mode [null].
20:56:06.150 [Test worker] DEBUG org.springframework.test.context.support.AbstractDelegatingSmartContextLoader - Delegating to AnnotationConfigContextLoader to load context from [MergedContextConfiguration@fcb4004 testClass = ScheduleServiceTest, locations = '{}', classes = '{}', contextInitializerClasses = '[]', activeProfiles = '{}', propertySourceLocations = '{}', propertySourceProperties = '{}', contextCustomizers = set[org.springframework.boot.test.autoconfigure.actuate.metrics.MetricsExportContextCustomizerFactory$DisableMetricExportContextCustomizer@6187d1f5, org.springframework.boot.test.autoconfigure.properties.PropertyMappingContextCustomizer@0, org.springframework.boot.test.autoconfigure.web.servlet.WebDriverContextCustomizerFactory$Customizer@62727399, org.springframework.boot.test.context.filter.ExcludeFilterContextCustomizer@687ef2e0, org.springframework.boot.test.json.DuplicateJsonObjectContextCustomizerFactory$DuplicateJsonObjectContextCustomizer@736caf7a, org.springframework.boot.test.mock.mockito.MockitoContextCustomizer@f5523a12], contextLoader = 'org.springframework.test.context.support.DelegatingSmartContextLoader', parent = [null]].
20:56:06.151 [Test worker] DEBUG org.springframework.test.context.support.AbstractGenericContextLoader - Loading ApplicationContext for merged context configuration [[MergedContextConfiguration@fcb4004 testClass = ScheduleServiceTest, locations = '{}', classes = '{}', contextInitializerClasses = '[]', activeProfiles = '{}', propertySourceLocations = '{}', propertySourceProperties = '{}', contextCustomizers = set[org.springframework.boot.test.autoconfigure.actuate.metrics.MetricsExportContextCustomizerFactory$DisableMetricExportContextCustomizer@6187d1f5, org.springframework.boot.test.autoconfigure.properties.PropertyMappingContextCustomizer@0, org.springframework.boot.test.autoconfigure.web.servlet.WebDriverContextCustomizerFactory$Customizer@62727399, org.springframework.boot.test.context.filter.ExcludeFilterContextCustomizer@687ef2e0, org.springframework.boot.test.json.DuplicateJsonObjectContextCustomizerFactory$DuplicateJsonObjectContextCustomizer@736caf7a, org.springframework.boot.test.mock.mockito.MockitoContextCustomizer@f5523a12], contextLoader = 'org.springframework.test.context.support.DelegatingSmartContextLoader', parent = [null]]].
20:56:06.200 [Test worker] DEBUG org.springframework.core.env.StandardEnvironment - Activating profiles []
20:56:06.200 [Test worker] DEBUG org.springframework.test.context.support.AnnotationConfigContextLoader - Registering component classes: {}
20:56:06.240 [Test worker] DEBUG org.springframework.context.support.GenericApplicationContext - Refreshing org.springframework.context.support.GenericApplicationContext@85e6769
20:56:06.259 [Test worker] DEBUG org.springframework.beans.factory.support.DefaultListableBeanFactory - Creating shared instance of singleton bean 'org.springframework.context.annotation.internalConfigurationAnnotationProcessor'
20:56:06.294 [Test worker] DEBUG org.springframework.beans.factory.support.DefaultListableBeanFactory - Creating shared instance of singleton bean 'org.springframework.boot.test.mock.mockito.MockitoPostProcessor'
20:56:07.259 [Test worker] DEBUG org.springframework.beans.factory.support.DefaultListableBeanFactory - Creating shared instance of singleton bean 'org.springframework.context.event.internalEventListenerProcessor'
20:56:07.262 [Test worker] DEBUG org.springframework.beans.factory.support.DefaultListableBeanFactory - Creating shared instance of singleton bean 'org.springframework.context.event.internalEventListenerFactory'
20:56:07.264 [Test worker] DEBUG org.springframework.beans.factory.support.DefaultListableBeanFactory - Creating shared instance of singleton bean 'org.springframework.context.annotation.internalAutowiredAnnotationProcessor'
20:56:07.267 [Test worker] DEBUG org.springframework.beans.factory.support.DefaultListableBeanFactory - Creating shared instance of singleton bean 'org.springframework.context.annotation.internalCommonAnnotationProcessor'
20:56:07.277 [Test worker] DEBUG org.springframework.beans.factory.support.DefaultListableBeanFactory - Creating shared instance of singleton bean 'org.springframework.context.annotation.internalPersistenceAnnotationProcessor'
20:56:07.278 [Test worker] DEBUG org.springframework.beans.factory.support.DefaultListableBeanFactory - Creating shared instance of singleton bean 'org.springframework.boot.test.mock.mockito.MockitoPostProcessor$SpyPostProcessor'
20:56:07.327 [Test worker] DEBUG org.springframework.test.context.cache.DefaultCacheAwareContextLoaderDelegate - Storing ApplicationContext [140404585] in cache under key [[MergedContextConfiguration@fcb4004 testClass = ScheduleServiceTest, locations = '{}', classes = '{}', contextInitializerClasses = '[]', activeProfiles = '{}', propertySourceLocations = '{}', propertySourceProperties = '{}', contextCustomizers = set[org.springframework.boot.test.autoconfigure.actuate.metrics.MetricsExportContextCustomizerFactory$DisableMetricExportContextCustomizer@6187d1f5, org.springframework.boot.test.autoconfigure.properties.PropertyMappingContextCustomizer@0, org.springframework.boot.test.autoconfigure.web.servlet.WebDriverContextCustomizerFactory$Customizer@62727399, org.springframework.boot.test.context.filter.ExcludeFilterContextCustomizer@687ef2e0, org.springframework.boot.test.json.DuplicateJsonObjectContextCustomizerFactory$DuplicateJsonObjectContextCustomizer@736caf7a, org.springframework.boot.test.mock.mockito.MockitoContextCustomizer@f5523a12], contextLoader = 'org.springframework.test.context.support.DelegatingSmartContextLoader', parent = [null]]]
20:56:07.327 [Test worker] DEBUG org.springframework.test.context.cache - Spring test ApplicationContext cache statistics: [DefaultContextCache@2903c6ff size = 1, maxSize = 32, parentContextCount = 0, hitCount = 0, missCount = 1]
20:56:07.331 [Test worker] DEBUG org.springframework.test.context.support.DependencyInjectionTestExecutionListener - Performing dependency injection for test context [[DefaultTestContext@293a5f75 testClass = ScheduleServiceTest, testInstance = org.AirAPI.service.ScheduleServiceTest@71ad3d8a, testMethod = [null], testException = [null], mergedContextConfiguration = [MergedContextConfiguration@fcb4004 testClass = ScheduleServiceTest, locations = '{}', classes = '{}', contextInitializerClasses = '[]', activeProfiles = '{}', propertySourceLocations = '{}', propertySourceProperties = '{}', contextCustomizers = set[org.springframework.boot.test.autoconfigure.actuate.metrics.MetricsExportContextCustomizerFactory$DisableMetricExportContextCustomizer@6187d1f5, org.springframework.boot.test.autoconfigure.properties.PropertyMappingContextCustomizer@0, org.springframework.boot.test.autoconfigure.web.servlet.WebDriverContextCustomizerFactory$Customizer@62727399, org.springframework.boot.test.context.filter.ExcludeFilterContextCustomizer@687ef2e0, org.springframework.boot.test.json.DuplicateJsonObjectContextCustomizerFactory$DuplicateJsonObjectContextCustomizer@736caf7a, org.springframework.boot.test.mock.mockito.MockitoContextCustomizer@f5523a12], contextLoader = 'org.springframework.test.context.support.DelegatingSmartContextLoader', parent = [null]], attributes = map['org.springframework.test.context.event.ApplicationEventsTestExecutionListener.recordApplicationEvents' -> false]]].
20:56:07.332 [Test worker] DEBUG org.springframework.test.context.cache.DefaultCacheAwareContextLoaderDelegate - Retrieved ApplicationContext [140404585] from cache with key [[MergedContextConfiguration@fcb4004 testClass = ScheduleServiceTest, locations = '{}', classes = '{}', contextInitializerClasses = '[]', activeProfiles = '{}', propertySourceLocations = '{}', propertySourceProperties = '{}', contextCustomizers = set[org.springframework.boot.test.autoconfigure.actuate.metrics.MetricsExportContextCustomizerFactory$DisableMetricExportContextCustomizer@6187d1f5, org.springframework.boot.test.autoconfigure.properties.PropertyMappingContextCustomizer@0, org.springframework.boot.test.autoconfigure.web.servlet.WebDriverContextCustomizerFactory$Customizer@62727399, org.springframework.boot.test.context.filter.ExcludeFilterContextCustomizer@687ef2e0, org.springframework.boot.test.json.DuplicateJsonObjectContextCustomizerFactory$DuplicateJsonObjectContextCustomizer@736caf7a, org.springframework.boot.test.mock.mockito.MockitoContextCustomizer@f5523a12], contextLoader = 'org.springframework.test.context.support.DelegatingSmartContextLoader', parent = [null]]]
20:56:07.332 [Test worker] DEBUG org.springframework.test.context.cache - Spring test ApplicationContext cache statistics: [DefaultContextCache@2903c6ff size = 1, maxSize = 32, parentContextCount = 0, hitCount = 1, missCount = 1]
20:56:07.355 [Test worker] DEBUG org.springframework.test.context.cache.DefaultCacheAwareContextLoaderDelegate - Retrieved ApplicationContext [140404585] from cache with key [[MergedContextConfiguration@fcb4004 testClass = ScheduleServiceTest, locations = '{}', classes = '{}', contextInitializerClasses = '[]', activeProfiles = '{}', propertySourceLocations = '{}', propertySourceProperties = '{}', contextCustomizers = set[org.springframework.boot.test.autoconfigure.actuate.metrics.MetricsExportContextCustomizerFactory$DisableMetricExportContextCustomizer@6187d1f5, org.springframework.boot.test.autoconfigure.properties.PropertyMappingContextCustomizer@0, org.springframework.boot.test.autoconfigure.web.servlet.WebDriverContextCustomizerFactory$Customizer@62727399, org.springframework.boot.test.context.filter.ExcludeFilterContextCustomizer@687ef2e0, org.springframework.boot.test.json.DuplicateJsonObjectContextCustomizerFactory$DuplicateJsonObjectContextCustomizer@736caf7a, org.springframework.boot.test.mock.mockito.MockitoContextCustomizer@f5523a12], contextLoader = 'org.springframework.test.context.support.DelegatingSmartContextLoader', parent = [null]]]
20:56:07.356 [Test worker] DEBUG org.springframework.test.context.cache - Spring test ApplicationContext cache statistics: [DefaultContextCache@2903c6ff size = 1, maxSize = 32, parentContextCount = 0, hitCount = 2, missCount = 1]
20:56:07.365 [Test worker] DEBUG org.springframework.test.context.support.AbstractDirtiesContextTestExecutionListener - Before test method: context [DefaultTestContext@293a5f75 testClass = ScheduleServiceTest, testInstance = org.AirAPI.service.ScheduleServiceTest@71ad3d8a, testMethod = finddata@ScheduleServiceTest, testException = [null], mergedContextConfiguration = [MergedContextConfiguration@fcb4004 testClass = ScheduleServiceTest, locations = '{}', classes = '{}', contextInitializerClasses = '[]', activeProfiles = '{}', propertySourceLocations = '{}', propertySourceProperties = '{}', contextCustomizers = set[org.springframework.boot.test.autoconfigure.actuate.metrics.MetricsExportContextCustomizerFactory$DisableMetricExportContextCustomizer@6187d1f5, org.springframework.boot.test.autoconfigure.properties.PropertyMappingContextCustomizer@0, org.springframework.boot.test.autoconfigure.web.servlet.WebDriverContextCustomizerFactory$Customizer@62727399, org.springframework.boot.test.context.filter.ExcludeFilterContextCustomizer@687ef2e0, org.springframework.boot.test.json.DuplicateJsonObjectContextCustomizerFactory$DuplicateJsonObjectContextCustomizer@736caf7a, org.springframework.boot.test.mock.mockito.MockitoContextCustomizer@f5523a12], contextLoader = 'org.springframework.test.context.support.DelegatingSmartContextLoader', parent = [null]], attributes = map['org.springframework.test.context.event.ApplicationEventsTestExecutionListener.recordApplicationEvents' -> false]], class annotated with @DirtiesContext [false] with mode [null], method annotated with @DirtiesContext [false] with mode [null].
20:56:07.376 [Test worker] DEBUG org.springframework.test.context.cache.DefaultCacheAwareContextLoaderDelegate - Retrieved ApplicationContext [140404585] from cache with key [[MergedContextConfiguration@fcb4004 testClass = ScheduleServiceTest, locations = '{}', classes = '{}', contextInitializerClasses = '[]', activeProfiles = '{}', propertySourceLocations = '{}', propertySourceProperties = '{}', contextCustomizers = set[org.springframework.boot.test.autoconfigure.actuate.metrics.MetricsExportContextCustomizerFactory$DisableMetricExportContextCustomizer@6187d1f5, org.springframework.boot.test.autoconfigure.properties.PropertyMappingContextCustomizer@0, org.springframework.boot.test.autoconfigure.web.servlet.WebDriverContextCustomizerFactory$Customizer@62727399, org.springframework.boot.test.context.filter.ExcludeFilterContextCustomizer@687ef2e0, org.springframework.boot.test.json.DuplicateJsonObjectContextCustomizerFactory$DuplicateJsonObjectContextCustomizer@736caf7a, org.springframework.boot.test.mock.mockito.MockitoContextCustomizer@f5523a12], contextLoader = 'org.springframework.test.context.support.DelegatingSmartContextLoader', parent = [null]]]
20:56:07.376 [Test worker] DEBUG org.springframework.test.context.cache - Spring test ApplicationContext cache statistics: [DefaultContextCache@2903c6ff size = 1, maxSize = 32, parentContextCount = 0, hitCount = 3, missCount = 1]
20:56:07.377 [Test worker] DEBUG org.springframework.test.context.cache.DefaultCacheAwareContextLoaderDelegate - Retrieved ApplicationContext [140404585] from cache with key [[MergedContextConfiguration@fcb4004 testClass = ScheduleServiceTest, locations = '{}', classes = '{}', contextInitializerClasses = '[]', activeProfiles = '{}', propertySourceLocations = '{}', propertySourceProperties = '{}', contextCustomizers = set[org.springframework.boot.test.autoconfigure.actuate.metrics.MetricsExportContextCustomizerFactory$DisableMetricExportContextCustomizer@6187d1f5, org.springframework.boot.test.autoconfigure.properties.PropertyMappingContextCustomizer@0, org.springframework.boot.test.autoconfigure.web.servlet.WebDriverContextCustomizerFactory$Customizer@62727399, org.springframework.boot.test.context.filter.ExcludeFilterContextCustomizer@687ef2e0, org.springframework.boot.test.json.DuplicateJsonObjectContextCustomizerFactory$DuplicateJsonObjectContextCustomizer@736caf7a, org.springframework.boot.test.mock.mockito.MockitoContextCustomizer@f5523a12], contextLoader = 'org.springframework.test.context.support.DelegatingSmartContextLoader', parent = [null]]]
20:56:07.378 [Test worker] DEBUG org.springframework.test.context.cache - Spring test ApplicationContext cache statistics: [DefaultContextCache@2903c6ff size = 1, maxSize = 32, parentContextCount = 0, hitCount = 4, missCount = 1]
20:56:07.393 [Test worker] DEBUG org.springframework.test.context.cache.DefaultCacheAwareContextLoaderDelegate - Retrieved ApplicationContext [140404585] from cache with key [[MergedContextConfiguration@fcb4004 testClass = ScheduleServiceTest, locations = '{}', classes = '{}', contextInitializerClasses = '[]', activeProfiles = '{}', propertySourceLocations = '{}', propertySourceProperties = '{}', contextCustomizers = set[org.springframework.boot.test.autoconfigure.actuate.metrics.MetricsExportContextCustomizerFactory$DisableMetricExportContextCustomizer@6187d1f5, org.springframework.boot.test.autoconfigure.properties.PropertyMappingContextCustomizer@0, org.springframework.boot.test.autoconfigure.web.servlet.WebDriverContextCustomizerFactory$Customizer@62727399, org.springframework.boot.test.context.filter.ExcludeFilterContextCustomizer@687ef2e0, org.springframework.boot.test.json.DuplicateJsonObjectContextCustomizerFactory$DuplicateJsonObjectContextCustomizer@736caf7a, org.springframework.boot.test.mock.mockito.MockitoContextCustomizer@f5523a12], contextLoader = 'org.springframework.test.context.support.DelegatingSmartContextLoader', parent = [null]]]
20:56:07.393 [Test worker] DEBUG org.springframework.test.context.cache - Spring test ApplicationContext cache statistics: [DefaultContextCache@2903c6ff size = 1, maxSize = 32, parentContextCount = 0, hitCount = 5, missCount = 1]
20:56:07.437 [Test worker] DEBUG org.springframework.test.context.cache.DefaultCacheAwareContextLoaderDelegate - Retrieved ApplicationContext [140404585] from cache with key [[MergedContextConfiguration@fcb4004 testClass = ScheduleServiceTest, locations = '{}', classes = '{}', contextInitializerClasses = '[]', activeProfiles = '{}', propertySourceLocations = '{}', propertySourceProperties = '{}', contextCustomizers = set[org.springframework.boot.test.autoconfigure.actuate.metrics.MetricsExportContextCustomizerFactory$DisableMetricExportContextCustomizer@6187d1f5, org.springframework.boot.test.autoconfigure.properties.PropertyMappingContextCustomizer@0, org.springframework.boot.test.autoconfigure.web.servlet.WebDriverContextCustomizerFactory$Customizer@62727399, org.springframework.boot.test.context.filter.ExcludeFilterContextCustomizer@687ef2e0, org.springframework.boot.test.json.DuplicateJsonObjectContextCustomizerFactory$DuplicateJsonObjectContextCustomizer@736caf7a, org.springframework.boot.test.mock.mockito.MockitoContextCustomizer@f5523a12], contextLoader = 'org.springframework.test.context.support.DelegatingSmartContextLoader', parent = [null]]]
20:56:07.438 [Test worker] DEBUG org.springframework.test.context.cache - Spring test ApplicationContext cache statistics: [DefaultContextCache@2903c6ff size = 1, maxSize = 32, parentContextCount = 0, hitCount = 6, missCount = 1]
20:56:07.439 [Test worker] DEBUG org.springframework.test.context.cache.DefaultCacheAwareContextLoaderDelegate - Retrieved ApplicationContext [140404585] from cache with key [[MergedContextConfiguration@fcb4004 testClass = ScheduleServiceTest, locations = '{}', classes = '{}', contextInitializerClasses = '[]', activeProfiles = '{}', propertySourceLocations = '{}', propertySourceProperties = '{}', contextCustomizers = set[org.springframework.boot.test.autoconfigure.actuate.metrics.MetricsExportContextCustomizerFactory$DisableMetricExportContextCustomizer@6187d1f5, org.springframework.boot.test.autoconfigure.properties.PropertyMappingContextCustomizer@0, org.springframework.boot.test.autoconfigure.web.servlet.WebDriverContextCustomizerFactory$Customizer@62727399, org.springframework.boot.test.context.filter.ExcludeFilterContextCustomizer@687ef2e0, org.springframework.boot.test.json.DuplicateJsonObjectContextCustomizerFactory$DuplicateJsonObjectContextCustomizer@736caf7a, org.springframework.boot.test.mock.mockito.MockitoContextCustomizer@f5523a12], contextLoader = 'org.springframework.test.context.support.DelegatingSmartContextLoader', parent = [null]]]
20:56:07.440 [Test worker] DEBUG org.springframework.test.context.cache - Spring test ApplicationContext cache statistics: [DefaultContextCache@2903c6ff size = 1, maxSize = 32, parentContextCount = 0, hitCount = 7, missCount = 1]
20:56:07.442 [Test worker] DEBUG org.springframework.test.context.cache.DefaultCacheAwareContextLoaderDelegate - Retrieved ApplicationContext [140404585] from cache with key [[MergedContextConfiguration@fcb4004 testClass = ScheduleServiceTest, locations = '{}', classes = '{}', contextInitializerClasses = '[]', activeProfiles = '{}', propertySourceLocations = '{}', propertySourceProperties = '{}', contextCustomizers = set[org.springframework.boot.test.autoconfigure.actuate.metrics.MetricsExportContextCustomizerFactory$DisableMetricExportContextCustomizer@6187d1f5, org.springframework.boot.test.autoconfigure.properties.PropertyMappingContextCustomizer@0, org.springframework.boot.test.autoconfigure.web.servlet.WebDriverContextCustomizerFactory$Customizer@62727399, org.springframework.boot.test.context.filter.ExcludeFilterContextCustomizer@687ef2e0, org.springframework.boot.test.json.DuplicateJsonObjectContextCustomizerFactory$DuplicateJsonObjectContextCustomizer@736caf7a, org.springframework.boot.test.mock.mockito.MockitoContextCustomizer@f5523a12], contextLoader = 'org.springframework.test.context.support.DelegatingSmartContextLoader', parent = [null]]]
20:56:07.442 [Test worker] DEBUG org.springframework.test.context.cache - Spring test ApplicationContext cache statistics: [DefaultContextCache@2903c6ff size = 1, maxSize = 32, parentContextCount = 0, hitCount = 8, missCount = 1]
20:56:07.443 [Test worker] DEBUG org.springframework.test.context.cache.DefaultCacheAwareContextLoaderDelegate - Retrieved ApplicationContext [140404585] from cache with key [[MergedContextConfiguration@fcb4004 testClass = ScheduleServiceTest, locations = '{}', classes = '{}', contextInitializerClasses = '[]', activeProfiles = '{}', propertySourceLocations = '{}', propertySourceProperties = '{}', contextCustomizers = set[org.springframework.boot.test.autoconfigure.actuate.metrics.MetricsExportContextCustomizerFactory$DisableMetricExportContextCustomizer@6187d1f5, org.springframework.boot.test.autoconfigure.properties.PropertyMappingContextCustomizer@0, org.springframework.boot.test.autoconfigure.web.servlet.WebDriverContextCustomizerFactory$Customizer@62727399, org.springframework.boot.test.context.filter.ExcludeFilterContextCustomizer@687ef2e0, org.springframework.boot.test.json.DuplicateJsonObjectContextCustomizerFactory$DuplicateJsonObjectContextCustomizer@736caf7a, org.springframework.boot.test.mock.mockito.MockitoContextCustomizer@f5523a12], contextLoader = 'org.springframework.test.context.support.DelegatingSmartContextLoader', parent = [null]]]
20:56:07.443 [Test worker] DEBUG org.springframework.test.context.cache - Spring test ApplicationContext cache statistics: [DefaultContextCache@2903c6ff size = 1, maxSize = 32, parentContextCount = 0, hitCount = 9, missCount = 1]
20:56:07.447 [Test worker] DEBUG org.springframework.test.context.cache.DefaultCacheAwareContextLoaderDelegate - Retrieved ApplicationContext [140404585] from cache with key [[MergedContextConfiguration@fcb4004 testClass = ScheduleServiceTest, locations = '{}', classes = '{}', contextInitializerClasses = '[]', activeProfiles = '{}', propertySourceLocations = '{}', propertySourceProperties = '{}', contextCustomizers = set[org.springframework.boot.test.autoconfigure.actuate.metrics.MetricsExportContextCustomizerFactory$DisableMetricExportContextCustomizer@6187d1f5, org.springframework.boot.test.autoconfigure.properties.PropertyMappingContextCustomizer@0, org.springframework.boot.test.autoconfigure.web.servlet.WebDriverContextCustomizerFactory$Customizer@62727399, org.springframework.boot.test.context.filter.ExcludeFilterContextCustomizer@687ef2e0, org.springframework.boot.test.json.DuplicateJsonObjectContextCustomizerFactory$DuplicateJsonObjectContextCustomizer@736caf7a, org.springframework.boot.test.mock.mockito.MockitoContextCustomizer@f5523a12], contextLoader = 'org.springframework.test.context.support.DelegatingSmartContextLoader', parent = [null]]]
20:56:07.449 [Test worker] DEBUG org.springframework.test.context.cache - Spring test ApplicationContext cache statistics: [DefaultContextCache@2903c6ff size = 1, maxSize = 32, parentContextCount = 0, hitCount = 10, missCount = 1]
20:56:07.453 [Test worker] DEBUG org.springframework.test.context.cache.DefaultCacheAwareContextLoaderDelegate - Retrieved ApplicationContext [140404585] from cache with key [[MergedContextConfiguration@fcb4004 testClass = ScheduleServiceTest, locations = '{}', classes = '{}', contextInitializerClasses = '[]', activeProfiles = '{}', propertySourceLocations = '{}', propertySourceProperties = '{}', contextCustomizers = set[org.springframework.boot.test.autoconfigure.actuate.metrics.MetricsExportContextCustomizerFactory$DisableMetricExportContextCustomizer@6187d1f5, org.springframework.boot.test.autoconfigure.properties.PropertyMappingContextCustomizer@0, org.springframework.boot.test.autoconfigure.web.servlet.WebDriverContextCustomizerFactory$Customizer@62727399, org.springframework.boot.test.context.filter.ExcludeFilterContextCustomizer@687ef2e0, org.springframework.boot.test.json.DuplicateJsonObjectContextCustomizerFactory$DuplicateJsonObjectContextCustomizer@736caf7a, org.springframework.boot.test.mock.mockito.MockitoContextCustomizer@f5523a12], contextLoader = 'org.springframework.test.context.support.DelegatingSmartContextLoader', parent = [null]]]
20:56:07.453 [Test worker] DEBUG org.springframework.test.context.cache - Spring test ApplicationContext cache statistics: [DefaultContextCache@2903c6ff size = 1, maxSize = 32, parentContextCount = 0, hitCount = 11, missCount = 1]
20:56:07.454 [Test worker] DEBUG org.springframework.test.context.support.AbstractDirtiesContextTestExecutionListener - After test method: context [DefaultTestContext@293a5f75 testClass = ScheduleServiceTest, testInstance = org.AirAPI.service.ScheduleServiceTest@71ad3d8a, testMethod = finddata@ScheduleServiceTest, testException = [null], mergedContextConfiguration = [MergedContextConfiguration@fcb4004 testClass = ScheduleServiceTest, locations = '{}', classes = '{}', contextInitializerClasses = '[]', activeProfiles = '{}', propertySourceLocations = '{}', propertySourceProperties = '{}', contextCustomizers = set[org.springframework.boot.test.autoconfigure.actuate.metrics.MetricsExportContextCustomizerFactory$DisableMetricExportContextCustomizer@6187d1f5, org.springframework.boot.test.autoconfigure.properties.PropertyMappingContextCustomizer@0, org.springframework.boot.test.autoconfigure.web.servlet.WebDriverContextCustomizerFactory$Customizer@62727399, org.springframework.boot.test.context.filter.ExcludeFilterContextCustomizer@687ef2e0, org.springframework.boot.test.json.DuplicateJsonObjectContextCustomizerFactory$DuplicateJsonObjectContextCustomizer@736caf7a, org.springframework.boot.test.mock.mockito.MockitoContextCustomizer@f5523a12], contextLoader = 'org.springframework.test.context.support.DelegatingSmartContextLoader', parent = [null]], attributes = map['org.springframework.test.context.event.ApplicationEventsTestExecutionListener.recordApplicationEvents' -> false]], class annotated with @DirtiesContext [false] with mode [null], method annotated with @DirtiesContext [false] with mode [null].
20:56:07.474 [Test worker] DEBUG org.springframework.test.context.cache.DefaultCacheAwareContextLoaderDelegate - Retrieved ApplicationContext [140404585] from cache with key [[MergedContextConfiguration@fcb4004 testClass = ScheduleServiceTest, locations = '{}', classes = '{}', contextInitializerClasses = '[]', activeProfiles = '{}', propertySourceLocations = '{}', propertySourceProperties = '{}', contextCustomizers = set[org.springframework.boot.test.autoconfigure.actuate.metrics.MetricsExportContextCustomizerFactory$DisableMetricExportContextCustomizer@6187d1f5, org.springframework.boot.test.autoconfigure.properties.PropertyMappingContextCustomizer@0, org.springframework.boot.test.autoconfigure.web.servlet.WebDriverContextCustomizerFactory$Customizer@62727399, org.springframework.boot.test.context.filter.ExcludeFilterContextCustomizer@687ef2e0, org.springframework.boot.test.json.DuplicateJsonObjectContextCustomizerFactory$DuplicateJsonObjectContextCustomizer@736caf7a, org.springframework.boot.test.mock.mockito.MockitoContextCustomizer@f5523a12], contextLoader = 'org.springframework.test.context.support.DelegatingSmartContextLoader', parent = [null]]]
20:56:07.474 [Test worker] DEBUG org.springframework.test.context.cache - Spring test ApplicationContext cache statistics: [DefaultContextCache@2903c6ff size = 1, maxSize = 32, parentContextCount = 0, hitCount = 12, missCount = 1]
20:56:07.476 [Test worker] DEBUG org.springframework.test.context.support.AbstractDirtiesContextTestExecutionListener - After test class: context [DefaultTestContext@293a5f75 testClass = ScheduleServiceTest, testInstance = [null], testMethod = [null], testException = [null], mergedContextConfiguration = [MergedContextConfiguration@fcb4004 testClass = ScheduleServiceTest, locations = '{}', classes = '{}', contextInitializerClasses = '[]', activeProfiles = '{}', propertySourceLocations = '{}', propertySourceProperties = '{}', contextCustomizers = set[org.springframework.boot.test.autoconfigure.actuate.metrics.MetricsExportContextCustomizerFactory$DisableMetricExportContextCustomizer@6187d1f5, org.springframework.boot.test.autoconfigure.properties.PropertyMappingContextCustomizer@0, org.springframework.boot.test.autoconfigure.web.servlet.WebDriverContextCustomizerFactory$Customizer@62727399, org.springframework.boot.test.context.filter.ExcludeFilterContextCustomizer@687ef2e0, org.springframework.boot.test.json.DuplicateJsonObjectContextCustomizerFactory$DuplicateJsonObjectContextCustomizer@736caf7a, org.springframework.boot.test.mock.mockito.MockitoContextCustomizer@f5523a12], contextLoader = 'org.springframework.test.context.support.DelegatingSmartContextLoader', parent = [null]], attributes = map['org.springframework.test.context.event.ApplicationEventsTestExecutionListener.recordApplicationEvents' -> false]], class annotated with @DirtiesContext [false] with mode [null].
]]></system-out>
  <system-err><![CDATA[]]></system-err>
</testsuite>
