<?xml version="1.0" encoding="UTF-8"?>
<testsuite name="org.air.jwt.JwtTokenProviderTest" tests="1" skipped="0" failures="0" errors="0" timestamp="2024-03-12T11:02:54" hostname="kimjaeseong.local" time="0.053">
  <properties/>
  <testcase name="Test token creation" classname="org.air.jwt.JwtTokenProviderTest" time="0.053"/>
  <system-out><![CDATA[20:02:52.506 [Test worker] DEBUG org.springframework.test.context.BootstrapUtils - Instantiating CacheAwareContextLoaderDelegate from class [org.springframework.test.context.cache.DefaultCacheAwareContextLoaderDelegate]
20:02:52.511 [Test worker] DEBUG org.springframework.test.context.BootstrapUtils - Instantiating BootstrapContext using constructor [public org.springframework.test.context.support.DefaultBootstrapContext(java.lang.Class,org.springframework.test.context.CacheAwareContextLoaderDelegate)]
20:02:52.525 [Test worker] DEBUG org.springframework.test.context.BootstrapUtils - Instantiating TestContextBootstrapper for test class [org.air.jwt.JwtTokenProviderTest] from class [org.springframework.boot.test.context.SpringBootTestContextBootstrapper]
20:02:52.531 [Test worker] INFO org.springframework.boot.test.context.SpringBootTestContextBootstrapper - Neither @ContextConfiguration nor @ContextHierarchy found for test class [org.air.jwt.JwtTokenProviderTest], using SpringBootContextLoader
20:02:52.532 [Test worker] DEBUG org.springframework.test.context.support.AbstractContextLoader - Did not detect default resource location for test class [org.air.jwt.JwtTokenProviderTest]: class path resource [org/air/jwt/JwtTokenProviderTest-context.xml] does not exist
20:02:52.532 [Test worker] DEBUG org.springframework.test.context.support.AbstractContextLoader - Did not detect default resource location for test class [org.air.jwt.JwtTokenProviderTest]: class path resource [org/air/jwt/JwtTokenProviderTestContext.groovy] does not exist
20:02:52.533 [Test worker] INFO org.springframework.test.context.support.AbstractContextLoader - Could not detect default resource locations for test class [org.air.jwt.JwtTokenProviderTest]: no resource found for suffixes {-context.xml, Context.groovy}.
20:02:52.533 [Test worker] INFO org.springframework.test.context.support.AnnotationConfigContextLoaderUtils - Could not detect default configuration classes for test class [org.air.jwt.JwtTokenProviderTest]: JwtTokenProviderTest does not declare any static, non-private, non-final, nested classes annotated with @Configuration.
20:02:52.555 [Test worker] DEBUG org.springframework.test.context.support.ActiveProfilesUtils - Could not find an 'annotation declaring class' for annotation type [org.springframework.test.context.ActiveProfiles] and class [org.air.jwt.JwtTokenProviderTest]
20:02:52.587 [Test worker] DEBUG org.springframework.context.annotation.ClassPathScanningCandidateComponentProvider - Identified candidate component class: file [/Users/kimjaeseong/Documents/Air_Scheduler/AirAPI/build/classes/java/main/org/air/MainApplication.class]
20:02:52.588 [Test worker] INFO org.springframework.boot.test.context.SpringBootTestContextBootstrapper - Found @SpringBootConfiguration org.air.MainApplication for test class org.air.jwt.JwtTokenProviderTest
20:02:52.627 [Test worker] DEBUG org.springframework.boot.test.context.SpringBootTestContextBootstrapper - @TestExecutionListeners is not present for class [org.air.jwt.JwtTokenProviderTest]: using defaults.
20:02:52.627 [Test worker] INFO org.springframework.boot.test.context.SpringBootTestContextBootstrapper - Loaded default TestExecutionListener class names from location [META-INF/spring.factories]: [org.springframework.security.test.context.support.WithSecurityContextTestExecutionListener, org.springframework.security.test.context.support.ReactorContextTestExecutionListener, org.springframework.boot.test.autoconfigure.restdocs.RestDocsTestExecutionListener, org.springframework.boot.test.autoconfigure.web.client.MockRestServiceServerResetTestExecutionListener, org.springframework.boot.test.autoconfigure.web.servlet.MockMvcPrintOnlyOnFailureTestExecutionListener, org.springframework.boot.test.autoconfigure.web.servlet.WebDriverTestExecutionListener, org.springframework.boot.test.autoconfigure.webservices.client.MockWebServiceServerTestExecutionListener, org.springframework.boot.test.mock.mockito.MockitoTestExecutionListener, org.springframework.boot.test.mock.mockito.ResetMocksTestExecutionListener, org.springframework.test.context.web.ServletTestExecutionListener, org.springframework.test.context.support.DirtiesContextBeforeModesTestExecutionListener, org.springframework.test.context.event.ApplicationEventsTestExecutionListener, org.springframework.test.context.support.DependencyInjectionTestExecutionListener, org.springframework.test.context.support.DirtiesContextTestExecutionListener, org.springframework.test.context.transaction.TransactionalTestExecutionListener, org.springframework.test.context.jdbc.SqlScriptsTestExecutionListener, org.springframework.test.context.event.EventPublishingTestExecutionListener]
20:02:52.635 [Test worker] INFO org.springframework.boot.test.context.SpringBootTestContextBootstrapper - Using TestExecutionListeners: [org.springframework.test.context.web.ServletTestExecutionListener@2a415aa9, org.springframework.test.context.support.DirtiesContextBeforeModesTestExecutionListener@53cdecf6, org.springframework.test.context.event.ApplicationEventsTestExecutionListener@71ea1fda, org.springframework.boot.test.mock.mockito.MockitoTestExecutionListener@62b3df3a, org.springframework.boot.test.autoconfigure.SpringBootDependencyInjectionTestExecutionListener@420745d7, org.springframework.test.context.support.DirtiesContextTestExecutionListener@7e11ab3d, org.springframework.test.context.transaction.TransactionalTestExecutionListener@5fa47fea, org.springframework.test.context.jdbc.SqlScriptsTestExecutionListener@2392212b, org.springframework.security.test.context.support.WithSecurityContextTestExecutionListener@5b43e173, org.springframework.test.context.event.EventPublishingTestExecutionListener@28f8e165, org.springframework.security.test.context.support.ReactorContextTestExecutionListener@545f80bf, org.springframework.boot.test.autoconfigure.restdocs.RestDocsTestExecutionListener@66f66866, org.springframework.boot.test.autoconfigure.web.client.MockRestServiceServerResetTestExecutionListener@22fa55b2, org.springframework.boot.test.autoconfigure.web.servlet.MockMvcPrintOnlyOnFailureTestExecutionListener@4d666b41, org.springframework.boot.test.autoconfigure.web.servlet.WebDriverTestExecutionListener@6594402a, org.springframework.boot.test.autoconfigure.webservices.client.MockWebServiceServerTestExecutionListener@30f4b1a6, org.springframework.boot.test.mock.mockito.ResetMocksTestExecutionListener@405325cf]
20:02:52.638 [Test worker] DEBUG org.springframework.test.context.support.AbstractDirtiesContextTestExecutionListener - Before test class: context [DefaultTestContext@7d2a6eac testClass = JwtTokenProviderTest, testInstance = [null], testMethod = [null], testException = [null], mergedContextConfiguration = [WebMergedContextConfiguration@18ca3c62 testClass = JwtTokenProviderTest, locations = '{}', classes = '{class org.air.MainApplication}', contextInitializerClasses = '[]', activeProfiles = '{}', propertySourceLocations = '{}', propertySourceProperties = '{org.springframework.boot.test.context.SpringBootTestContextBootstrapper=true}', contextCustomizers = set[org.springframework.boot.test.autoconfigure.actuate.metrics.MetricsExportContextCustomizerFactory$DisableMetricExportContextCustomizer@557a1e2d, org.springframework.boot.test.autoconfigure.properties.PropertyMappingContextCustomizer@0, org.springframework.boot.test.autoconfigure.web.servlet.WebDriverContextCustomizerFactory$Customizer@7fc44dec, org.springframework.boot.test.context.filter.ExcludeFilterContextCustomizer@62fad19, org.springframework.boot.test.json.DuplicateJsonObjectContextCustomizerFactory$DuplicateJsonObjectContextCustomizer@4f2613d1, org.springframework.boot.test.mock.mockito.MockitoContextCustomizer@8d103c3e, org.springframework.boot.test.web.client.TestRestTemplateContextCustomizer@34a1d21f, org.springframework.boot.test.context.SpringBootTestArgs@1, org.springframework.boot.test.context.SpringBootTestWebEnvironment@39d76cb5], resourceBasePath = 'src/main/webapp', contextLoader = 'org.springframework.boot.test.context.SpringBootContextLoader', parent = [null]], attributes = map['org.springframework.test.context.web.ServletTestExecutionListener.activateListener' -> true]], class annotated with @DirtiesContext [false] with mode [null].

  .   ____          _            __ _ _
 /\\ / ___'_ __ _ _(_)_ __  __ _ \ \ \ \
( ( )\___ | '_ | '_| | '_ \/ _` | \ \ \ \
 \\/  ___)| |_)| | | | | || (_| |  ) ) ) )
  '  |____| .__|_| |_|_| |_\__, | / / / /
 =========|_|==============|___/=/_/_/_/
 :: Spring Boot ::                (v2.7.5)

2024-03-12 20:02:52.780  INFO 23349 --- [    Test worker] org.air.jwt.JwtTokenProviderTest         : Starting JwtTokenProviderTest using Java 11.0.21 on kimjaeseong.local with PID 23349 (started by kimjaeseong in /Users/kimjaeseong/Documents/Air_Scheduler/AirAPI)
2024-03-12 20:02:52.780  INFO 23349 --- [    Test worker] org.air.jwt.JwtTokenProviderTest         : No active profile set, falling back to 1 default profile: "default"
2024-03-12 20:02:53.012  INFO 23349 --- [    Test worker] .s.d.r.c.RepositoryConfigurationDelegate : Bootstrapping Spring Data JPA repositories in DEFAULT mode.
2024-03-12 20:02:53.034  INFO 23349 --- [    Test worker] .s.d.r.c.RepositoryConfigurationDelegate : Finished Spring Data repository scanning in 18 ms. Found 4 JPA repository interfaces.
2024-03-12 20:02:53.532  INFO 23349 --- [    Test worker] o.hibernate.jpa.internal.util.LogHelper  : HHH000204: Processing PersistenceUnitInfo [name: default]
2024-03-12 20:02:53.565  INFO 23349 --- [    Test worker] org.hibernate.Version                    : HHH000412: Hibernate ORM core version 5.6.12.Final
2024-03-12 20:02:53.586  INFO 23349 --- [    Test worker] o.hibernate.annotations.common.Version   : HCANN000001: Hibernate Commons Annotations {5.1.2.Final}
2024-03-12 20:02:53.632  INFO 23349 --- [    Test worker] com.zaxxer.hikari.HikariDataSource       : HikariPool-1 - Starting...
2024-03-12 20:02:53.806  INFO 23349 --- [    Test worker] com.zaxxer.hikari.HikariDataSource       : HikariPool-1 - Start completed.
2024-03-12 20:02:53.821  INFO 23349 --- [    Test worker] org.hibernate.dialect.Dialect            : HHH000400: Using dialect: org.hibernate.dialect.MySQL8Dialect
2024-03-12 20:02:54.140  INFO 23349 --- [    Test worker] o.h.e.t.j.p.i.JtaPlatformInitiator       : HHH000490: Using JtaPlatform implementation: [org.hibernate.engine.transaction.jta.platform.internal.NoJtaPlatform]
2024-03-12 20:02:54.146  INFO 23349 --- [    Test worker] j.LocalContainerEntityManagerFactoryBean : Initialized JPA EntityManagerFactory for persistence unit 'default'
2024-03-12 20:02:54.400  WARN 23349 --- [    Test worker] .s.s.UserDetailsServiceAutoConfiguration : 

Using generated security password: d5f25818-0880-470b-9a08-94a1eab9d2c9

This generated password is for development use only. Your security configuration must be updated before running your application in production.

2024-03-12 20:02:54.496  INFO 23349 --- [    Test worker] o.s.s.web.DefaultSecurityFilterChain     : Will secure any request with [org.springframework.security.web.session.DisableEncodeUrlFilter@280e4390, org.springframework.security.web.context.request.async.WebAsyncManagerIntegrationFilter@21262bde, org.springframework.security.web.context.SecurityContextPersistenceFilter@7692c0e9, org.springframework.security.web.header.HeaderWriterFilter@eb66b47, org.springframework.security.web.authentication.logout.LogoutFilter@18419ab7, org.air.jwt.JwtAuthenticationFilter@3df7e309, org.springframework.security.web.savedrequest.RequestCacheAwareFilter@6805415d, org.springframework.security.web.servletapi.SecurityContextHolderAwareRequestFilter@870413c, org.springframework.security.web.authentication.AnonymousAuthenticationFilter@55f4ec04, org.springframework.security.web.session.SessionManagementFilter@4a6d6308, org.springframework.security.web.access.ExceptionTranslationFilter@5bed8b91, org.springframework.security.web.access.intercept.FilterSecurityInterceptor@2d5b549b]
2024-03-12 20:02:54.514  WARN 23349 --- [    Test worker] JpaBaseConfiguration$JpaWebConfiguration : spring.jpa.open-in-view is enabled by default. Therefore, database queries may be performed during view rendering. Explicitly configure spring.jpa.open-in-view to disable this warning
2024-03-12 20:02:54.645  WARN 23349 --- [    Test worker] o.s.s.c.a.web.builders.WebSecurity       : You are asking Spring Security to ignore Mvc [pattern='/v3/api-docs/**']. This is not recommended -- please use permitAll via HttpSecurity#authorizeHttpRequests instead.
2024-03-12 20:02:54.645  INFO 23349 --- [    Test worker] o.s.s.web.DefaultSecurityFilterChain     : Will not secure Mvc [pattern='/v3/api-docs/**']
2024-03-12 20:02:54.645  WARN 23349 --- [    Test worker] o.s.s.c.a.web.builders.WebSecurity       : You are asking Spring Security to ignore Mvc [pattern='/swagger-ui/**']. This is not recommended -- please use permitAll via HttpSecurity#authorizeHttpRequests instead.
2024-03-12 20:02:54.645  INFO 23349 --- [    Test worker] o.s.s.web.DefaultSecurityFilterChain     : Will not secure Mvc [pattern='/swagger-ui/**']
2024-03-12 20:02:54.645  WARN 23349 --- [    Test worker] o.s.s.c.a.web.builders.WebSecurity       : You are asking Spring Security to ignore Mvc [pattern='/api/v1/login']. This is not recommended -- please use permitAll via HttpSecurity#authorizeHttpRequests instead.
2024-03-12 20:02:54.645  INFO 23349 --- [    Test worker] o.s.s.web.DefaultSecurityFilterChain     : Will not secure Mvc [pattern='/api/v1/login']
2024-03-12 20:02:54.645  WARN 23349 --- [    Test worker] o.s.s.c.a.web.builders.WebSecurity       : You are asking Spring Security to ignore Mvc [pattern='/h2-console/**']. This is not recommended -- please use permitAll via HttpSecurity#authorizeHttpRequests instead.
2024-03-12 20:02:54.645  INFO 23349 --- [    Test worker] o.s.s.web.DefaultSecurityFilterChain     : Will not secure Mvc [pattern='/h2-console/**']
2024-03-12 20:02:54.822  INFO 23349 --- [    Test worker] org.air.jwt.JwtTokenProviderTest         : Started JwtTokenProviderTest in 2.166 seconds (JVM running for 2.666)
]]></system-out>
  <system-err><![CDATA[]]></system-err>
</testsuite>
