<?xml version="1.0" encoding="UTF-8"?>
<testsuite name="org.air.repository.UserRepositoryTest" tests="1" skipped="0" failures="0" errors="0" timestamp="2024-03-17T04:48:46" hostname="DESKTOP-MCHQU2R" time="0.145">
  <properties/>
  <testcase name="findAll()" classname="org.air.repository.UserRepositoryTest" time="0.145"/>
  <system-out><![CDATA[13:48:41.970 [Test worker] DEBUG org.springframework.test.context.BootstrapUtils - Instantiating CacheAwareContextLoaderDelegate from class [org.springframework.test.context.cache.DefaultCacheAwareContextLoaderDelegate]
13:48:41.976 [Test worker] DEBUG org.springframework.test.context.BootstrapUtils - Instantiating BootstrapContext using constructor [public org.springframework.test.context.support.DefaultBootstrapContext(java.lang.Class,org.springframework.test.context.CacheAwareContextLoaderDelegate)]
13:48:41.995 [Test worker] DEBUG org.springframework.test.context.BootstrapUtils - Instantiating TestContextBootstrapper for test class [org.air.repository.UserRepositoryTest] from class [org.springframework.boot.test.context.SpringBootTestContextBootstrapper]
13:48:42.001 [Test worker] INFO org.springframework.boot.test.context.SpringBootTestContextBootstrapper - Neither @ContextConfiguration nor @ContextHierarchy found for test class [org.air.repository.UserRepositoryTest], using SpringBootContextLoader
13:48:42.003 [Test worker] DEBUG org.springframework.test.context.support.AbstractContextLoader - Did not detect default resource location for test class [org.air.repository.UserRepositoryTest]: class path resource [org/air/repository/UserRepositoryTest-context.xml] does not exist
13:48:42.003 [Test worker] DEBUG org.springframework.test.context.support.AbstractContextLoader - Did not detect default resource location for test class [org.air.repository.UserRepositoryTest]: class path resource [org/air/repository/UserRepositoryTestContext.groovy] does not exist
13:48:42.004 [Test worker] INFO org.springframework.test.context.support.AbstractContextLoader - Could not detect default resource locations for test class [org.air.repository.UserRepositoryTest]: no resource found for suffixes {-context.xml, Context.groovy}.
13:48:42.004 [Test worker] INFO org.springframework.test.context.support.AnnotationConfigContextLoaderUtils - Could not detect default configuration classes for test class [org.air.repository.UserRepositoryTest]: UserRepositoryTest does not declare any static, non-private, non-final, nested classes annotated with @Configuration.
13:48:42.035 [Test worker] DEBUG org.springframework.test.context.support.ActiveProfilesUtils - Could not find an 'annotation declaring class' for annotation type [org.springframework.test.context.ActiveProfiles] and class [org.air.repository.UserRepositoryTest]
13:48:42.079 [Test worker] DEBUG org.springframework.context.annotation.ClassPathScanningCandidateComponentProvider - Identified candidate component class: file [C:\Users\KIMJAESUNG\Air_Scheduler\AirAPI\build\classes\java\main\org\air\MainApplication.class]
13:48:42.080 [Test worker] INFO org.springframework.boot.test.context.SpringBootTestContextBootstrapper - Found @SpringBootConfiguration org.air.MainApplication for test class org.air.repository.UserRepositoryTest
13:48:42.136 [Test worker] DEBUG org.springframework.boot.test.context.SpringBootTestContextBootstrapper - @TestExecutionListeners is not present for class [org.air.repository.UserRepositoryTest]: using defaults.
13:48:42.136 [Test worker] INFO org.springframework.boot.test.context.SpringBootTestContextBootstrapper - Loaded default TestExecutionListener class names from location [META-INF/spring.factories]: [org.springframework.security.test.context.support.WithSecurityContextTestExecutionListener, org.springframework.security.test.context.support.ReactorContextTestExecutionListener, org.springframework.boot.test.autoconfigure.restdocs.RestDocsTestExecutionListener, org.springframework.boot.test.autoconfigure.web.client.MockRestServiceServerResetTestExecutionListener, org.springframework.boot.test.autoconfigure.web.servlet.MockMvcPrintOnlyOnFailureTestExecutionListener, org.springframework.boot.test.autoconfigure.web.servlet.WebDriverTestExecutionListener, org.springframework.boot.test.autoconfigure.webservices.client.MockWebServiceServerTestExecutionListener, org.springframework.boot.test.mock.mockito.MockitoTestExecutionListener, org.springframework.boot.test.mock.mockito.ResetMocksTestExecutionListener, org.springframework.test.context.web.ServletTestExecutionListener, org.springframework.test.context.support.DirtiesContextBeforeModesTestExecutionListener, org.springframework.test.context.event.ApplicationEventsTestExecutionListener, org.springframework.test.context.support.DependencyInjectionTestExecutionListener, org.springframework.test.context.support.DirtiesContextTestExecutionListener, org.springframework.test.context.transaction.TransactionalTestExecutionListener, org.springframework.test.context.jdbc.SqlScriptsTestExecutionListener, org.springframework.test.context.event.EventPublishingTestExecutionListener]
13:48:42.145 [Test worker] INFO org.springframework.boot.test.context.SpringBootTestContextBootstrapper - Using TestExecutionListeners: [org.springframework.test.context.web.ServletTestExecutionListener@236ab296, org.springframework.test.context.support.DirtiesContextBeforeModesTestExecutionListener@5c84624f, org.springframework.test.context.event.ApplicationEventsTestExecutionListener@63034ed1, org.springframework.boot.test.mock.mockito.MockitoTestExecutionListener@232024b9, org.springframework.boot.test.autoconfigure.SpringBootDependencyInjectionTestExecutionListener@55a8dc49, org.springframework.test.context.support.DirtiesContextTestExecutionListener@2a415aa9, org.springframework.test.context.transaction.TransactionalTestExecutionListener@53cdecf6, org.springframework.test.context.jdbc.SqlScriptsTestExecutionListener@71ea1fda, org.springframework.security.test.context.support.WithSecurityContextTestExecutionListener@62b3df3a, org.springframework.test.context.event.EventPublishingTestExecutionListener@420745d7, org.springframework.security.test.context.support.ReactorContextTestExecutionListener@7e11ab3d, org.springframework.boot.test.autoconfigure.restdocs.RestDocsTestExecutionListener@5fa47fea, org.springframework.boot.test.autoconfigure.web.client.MockRestServiceServerResetTestExecutionListener@2392212b, org.springframework.boot.test.autoconfigure.web.servlet.MockMvcPrintOnlyOnFailureTestExecutionListener@5b43e173, org.springframework.boot.test.autoconfigure.web.servlet.WebDriverTestExecutionListener@28f8e165, org.springframework.boot.test.autoconfigure.webservices.client.MockWebServiceServerTestExecutionListener@545f80bf, org.springframework.boot.test.mock.mockito.ResetMocksTestExecutionListener@66f66866]
13:48:42.147 [Test worker] DEBUG org.springframework.test.context.support.AbstractDirtiesContextTestExecutionListener - Before test class: context [DefaultTestContext@6b530eb9 testClass = UserRepositoryTest, testInstance = [null], testMethod = [null], testException = [null], mergedContextConfiguration = [WebMergedContextConfiguration@328572f0 testClass = UserRepositoryTest, locations = '{}', classes = '{class org.air.MainApplication}', contextInitializerClasses = '[]', activeProfiles = '{}', propertySourceLocations = '{}', propertySourceProperties = '{org.springframework.boot.test.context.SpringBootTestContextBootstrapper=true}', contextCustomizers = set[org.springframework.boot.test.autoconfigure.actuate.metrics.MetricsExportContextCustomizerFactory$DisableMetricExportContextCustomizer@5d018107, org.springframework.boot.test.autoconfigure.properties.PropertyMappingContextCustomizer@0, org.springframework.boot.test.autoconfigure.web.servlet.WebDriverContextCustomizerFactory$Customizer@458342d3, org.springframework.boot.test.context.filter.ExcludeFilterContextCustomizer@51e8e6e6, org.springframework.boot.test.json.DuplicateJsonObjectContextCustomizerFactory$DuplicateJsonObjectContextCustomizer@2dbf4cbd, org.springframework.boot.test.mock.mockito.MockitoContextCustomizer@0, org.springframework.boot.test.web.client.TestRestTemplateContextCustomizer@69637b10, org.springframework.boot.test.context.SpringBootTestArgs@1, org.springframework.boot.test.context.SpringBootTestWebEnvironment@5a37d3ed], resourceBasePath = 'src/main/webapp', contextLoader = 'org.springframework.boot.test.context.SpringBootContextLoader', parent = [null]], attributes = map['org.springframework.test.context.web.ServletTestExecutionListener.activateListener' -> true]], class annotated with @DirtiesContext [false] with mode [null].

  .   ____          _            __ _ _
 /\\ / ___'_ __ _ _(_)_ __  __ _ \ \ \ \
( ( )\___ | '_ | '_| | '_ \/ _` | \ \ \ \
 \\/  ___)| |_)| | | | | || (_| |  ) ) ) )
  '  |____| .__|_| |_|_| |_\__, | / / / /
 =========|_|==============|___/=/_/_/_/
 :: Spring Boot ::                (v2.7.5)

2024-03-17 13:48:42.361  INFO 10512 --- [    Test worker] org.air.repository.UserRepositoryTest    : Starting UserRepositoryTest using Java 11.0.19 on DESKTOP-MCHQU2R with PID 10512 (started by KIMJAESUNG in C:\Users\KIMJAESUNG\Air_Scheduler\AirAPI)
2024-03-17 13:48:42.362  INFO 10512 --- [    Test worker] org.air.repository.UserRepositoryTest    : No active profile set, falling back to 1 default profile: "default"
2024-03-17 13:48:42.716  INFO 10512 --- [    Test worker] .s.d.r.c.RepositoryConfigurationDelegate : Bootstrapping Spring Data JPA repositories in DEFAULT mode.
2024-03-17 13:48:42.744  INFO 10512 --- [    Test worker] .s.d.r.c.RepositoryConfigurationDelegate : Finished Spring Data repository scanning in 24 ms. Found 5 JPA repository interfaces.
2024-03-17 13:48:43.310  INFO 10512 --- [    Test worker] o.hibernate.jpa.internal.util.LogHelper  : HHH000204: Processing PersistenceUnitInfo [name: default]
2024-03-17 13:48:43.339  INFO 10512 --- [    Test worker] org.hibernate.Version                    : HHH000412: Hibernate ORM core version 5.6.12.Final
2024-03-17 13:48:43.442  INFO 10512 --- [    Test worker] o.hibernate.annotations.common.Version   : HCANN000001: Hibernate Commons Annotations {5.1.2.Final}
2024-03-17 13:48:43.515  INFO 10512 --- [    Test worker] com.zaxxer.hikari.HikariDataSource       : HikariPool-1 - Starting...
2024-03-17 13:48:43.737  INFO 10512 --- [    Test worker] com.zaxxer.hikari.HikariDataSource       : HikariPool-1 - Start completed.
2024-03-17 13:48:43.759  INFO 10512 --- [    Test worker] org.hibernate.dialect.Dialect            : HHH000400: Using dialect: org.hibernate.dialect.MySQL8Dialect
2024-03-17 13:48:44.264  INFO 10512 --- [    Test worker] o.h.e.t.j.p.i.JtaPlatformInitiator       : HHH000490: Using JtaPlatform implementation: [org.hibernate.engine.transaction.jta.platform.internal.NoJtaPlatform]
2024-03-17 13:48:44.269  INFO 10512 --- [    Test worker] j.LocalContainerEntityManagerFactoryBean : Initialized JPA EntityManagerFactory for persistence unit 'default'
2024-03-17 13:48:44.919  WARN 10512 --- [    Test worker] .s.s.UserDetailsServiceAutoConfiguration : 

Using generated security password: 6fd2d8a4-a14f-4e6a-9f21-57695e1b51f5

This generated password is for development use only. Your security configuration must be updated before running your application in production.

2024-03-17 13:48:45.046  INFO 10512 --- [    Test worker] o.s.s.web.DefaultSecurityFilterChain     : Will secure any request with [org.springframework.security.web.session.DisableEncodeUrlFilter@1c0a143, org.springframework.security.web.context.request.async.WebAsyncManagerIntegrationFilter@58267ba1, org.springframework.security.web.context.SecurityContextPersistenceFilter@198a0416, org.springframework.security.web.header.HeaderWriterFilter@496004e3, org.springframework.security.web.authentication.logout.LogoutFilter@c7d173f, org.air.jwt.JwtAuthenticationFilter@e356940, org.springframework.security.web.savedrequest.RequestCacheAwareFilter@723f8990, org.springframework.security.web.servletapi.SecurityContextHolderAwareRequestFilter@3bdc8975, org.springframework.security.web.authentication.AnonymousAuthenticationFilter@38991781, org.springframework.security.web.session.SessionManagementFilter@f31b991, org.springframework.security.web.access.ExceptionTranslationFilter@2dbc66f0, org.springframework.security.web.access.intercept.FilterSecurityInterceptor@69346100]
2024-03-17 13:48:45.085  WARN 10512 --- [    Test worker] JpaBaseConfiguration$JpaWebConfiguration : spring.jpa.open-in-view is enabled by default. Therefore, database queries may be performed during view rendering. Explicitly configure spring.jpa.open-in-view to disable this warning
2024-03-17 13:48:45.570  WARN 10512 --- [    Test worker] o.s.s.c.a.web.builders.WebSecurity       : You are asking Spring Security to ignore Mvc [pattern='/v3/api-docs/**']. This is not recommended -- please use permitAll via HttpSecurity#authorizeHttpRequests instead.
2024-03-17 13:48:45.570  INFO 10512 --- [    Test worker] o.s.s.web.DefaultSecurityFilterChain     : Will not secure Mvc [pattern='/v3/api-docs/**']
2024-03-17 13:48:45.572  WARN 10512 --- [    Test worker] o.s.s.c.a.web.builders.WebSecurity       : You are asking Spring Security to ignore Mvc [pattern='/swagger-ui/**']. This is not recommended -- please use permitAll via HttpSecurity#authorizeHttpRequests instead.
2024-03-17 13:48:45.572  INFO 10512 --- [    Test worker] o.s.s.web.DefaultSecurityFilterChain     : Will not secure Mvc [pattern='/swagger-ui/**']
2024-03-17 13:48:45.572  WARN 10512 --- [    Test worker] o.s.s.c.a.web.builders.WebSecurity       : You are asking Spring Security to ignore Mvc [pattern='/api/v1/login']. This is not recommended -- please use permitAll via HttpSecurity#authorizeHttpRequests instead.
2024-03-17 13:48:45.573  INFO 10512 --- [    Test worker] o.s.s.web.DefaultSecurityFilterChain     : Will not secure Mvc [pattern='/api/v1/login']
2024-03-17 13:48:45.573  WARN 10512 --- [    Test worker] o.s.s.c.a.web.builders.WebSecurity       : You are asking Spring Security to ignore Mvc [pattern='/h2-console/**']. This is not recommended -- please use permitAll via HttpSecurity#authorizeHttpRequests instead.
2024-03-17 13:48:45.573  INFO 10512 --- [    Test worker] o.s.s.web.DefaultSecurityFilterChain     : Will not secure Mvc [pattern='/h2-console/**']
2024-03-17 13:48:46.064  INFO 10512 --- [    Test worker] org.air.repository.UserRepositoryTest    : Started UserRepositoryTest in 3.9 seconds (JVM running for 4.67)
2024-03-17 13:48:46.118  INFO 10512 --- [    Test worker] o.s.t.c.transaction.TransactionContext   : Began transaction (1) for test context [DefaultTestContext@6b530eb9 testClass = UserRepositoryTest, testInstance = org.air.repository.UserRepositoryTest@12ce659, testMethod = findAll@UserRepositoryTest, testException = [null], mergedContextConfiguration = [WebMergedContextConfiguration@328572f0 testClass = UserRepositoryTest, locations = '{}', classes = '{class org.air.MainApplication}', contextInitializerClasses = '[]', activeProfiles = '{}', propertySourceLocations = '{}', propertySourceProperties = '{org.springframework.boot.test.context.SpringBootTestContextBootstrapper=true}', contextCustomizers = set[org.springframework.boot.test.autoconfigure.actuate.metrics.MetricsExportContextCustomizerFactory$DisableMetricExportContextCustomizer@5d018107, org.springframework.boot.test.autoconfigure.properties.PropertyMappingContextCustomizer@0, org.springframework.boot.test.autoconfigure.web.servlet.WebDriverContextCustomizerFactory$Customizer@458342d3, org.springframework.boot.test.context.filter.ExcludeFilterContextCustomizer@51e8e6e6, org.springframework.boot.test.json.DuplicateJsonObjectContextCustomizerFactory$DuplicateJsonObjectContextCustomizer@2dbf4cbd, org.springframework.boot.test.mock.mockito.MockitoContextCustomizer@0, org.springframework.boot.test.web.client.TestRestTemplateContextCustomizer@69637b10, org.springframework.boot.test.context.SpringBootTestArgs@1, org.springframework.boot.test.context.SpringBootTestWebEnvironment@5a37d3ed], resourceBasePath = 'src/main/webapp', contextLoader = 'org.springframework.boot.test.context.SpringBootContextLoader', parent = [null]], attributes = map['org.springframework.test.context.web.ServletTestExecutionListener.activateListener' -> true, 'org.springframework.test.context.web.ServletTestExecutionListener.populatedRequestContextHolder' -> true, 'org.springframework.test.context.web.ServletTestExecutionListener.resetRequestContextHolder' -> true, 'org.springframework.test.context.event.ApplicationEventsTestExecutionListener.recordApplicationEvents' -> false]]; transaction manager [org.springframework.orm.jpa.JpaTransactionManager@951053f]; rollback [true]
Hibernate: 
    select
        user0_.userid as userid1_4_,
        user0_.authority_id as authorit6_4_,
        user0_.email as email2_4_,
        user0_.name as name3_4_,
        user0_.password as password4_4_,
        user0_.pic_url as pic_url5_4_ 
    from
        user user0_
Hibernate: 
    select
        refresh0_.id as id1_2_1_,
        refresh0_.token as token2_2_1_,
        refresh0_.user_userid as user_use3_2_1_,
        user1_.userid as userid1_4_0_,
        user1_.authority_id as authorit6_4_0_,
        user1_.email as email2_4_0_,
        user1_.name as name3_4_0_,
        user1_.password as password4_4_0_,
        user1_.pic_url as pic_url5_4_0_ 
    from
        refresh refresh0_ 
    left outer join
        user user1_ 
            on refresh0_.user_userid=user1_.userid 
    where
        refresh0_.user_userid=?
Hibernate: 
    select
        refresh0_.id as id1_2_1_,
        refresh0_.token as token2_2_1_,
        refresh0_.user_userid as user_use3_2_1_,
        user1_.userid as userid1_4_0_,
        user1_.authority_id as authorit6_4_0_,
        user1_.email as email2_4_0_,
        user1_.name as name3_4_0_,
        user1_.password as password4_4_0_,
        user1_.pic_url as pic_url5_4_0_ 
    from
        refresh refresh0_ 
    left outer join
        user user1_ 
            on refresh0_.user_userid=user1_.userid 
    where
        refresh0_.user_userid=?
Hibernate: 
    select
        authority0_.id as id1_0_0_,
        authority0_.authority as authorit2_0_0_ 
    from
        authority authority0_ 
    where
        authority0_.id=?
2024-03-17 13:48:46.241  INFO 10512 --- [    Test worker] o.s.t.c.transaction.TransactionContext   : Rolled back transaction for test: [DefaultTestContext@6b530eb9 testClass = UserRepositoryTest, testInstance = org.air.repository.UserRepositoryTest@12ce659, testMethod = findAll@UserRepositoryTest, testException = [null], mergedContextConfiguration = [WebMergedContextConfiguration@328572f0 testClass = UserRepositoryTest, locations = '{}', classes = '{class org.air.MainApplication}', contextInitializerClasses = '[]', activeProfiles = '{}', propertySourceLocations = '{}', propertySourceProperties = '{org.springframework.boot.test.context.SpringBootTestContextBootstrapper=true}', contextCustomizers = set[org.springframework.boot.test.autoconfigure.actuate.metrics.MetricsExportContextCustomizerFactory$DisableMetricExportContextCustomizer@5d018107, org.springframework.boot.test.autoconfigure.properties.PropertyMappingContextCustomizer@0, org.springframework.boot.test.autoconfigure.web.servlet.WebDriverContextCustomizerFactory$Customizer@458342d3, org.springframework.boot.test.context.filter.ExcludeFilterContextCustomizer@51e8e6e6, org.springframework.boot.test.json.DuplicateJsonObjectContextCustomizerFactory$DuplicateJsonObjectContextCustomizer@2dbf4cbd, org.springframework.boot.test.mock.mockito.MockitoContextCustomizer@0, org.springframework.boot.test.web.client.TestRestTemplateContextCustomizer@69637b10, org.springframework.boot.test.context.SpringBootTestArgs@1, org.springframework.boot.test.context.SpringBootTestWebEnvironment@5a37d3ed], resourceBasePath = 'src/main/webapp', contextLoader = 'org.springframework.boot.test.context.SpringBootContextLoader', parent = [null]], attributes = map['org.springframework.test.context.web.ServletTestExecutionListener.activateListener' -> true, 'org.springframework.test.context.web.ServletTestExecutionListener.populatedRequestContextHolder' -> true, 'org.springframework.test.context.web.ServletTestExecutionListener.resetRequestContextHolder' -> true, 'org.springframework.test.context.event.ApplicationEventsTestExecutionListener.recordApplicationEvents' -> false]]
]]></system-out>
  <system-err><![CDATA[]]></system-err>
</testsuite>
