<?xml version="1.0" encoding="UTF-8"?>
<testsuite name="org.air.repository.ScheduleRepositoryTest" tests="1" skipped="0" failures="0" errors="0" timestamp="2024-02-03T03:00:15" hostname="kimjaeseong.local" time="0.057">
  <properties/>
  <testcase name="call_schedule()" classname="org.air.repository.ScheduleRepositoryTest" time="0.057"/>
  <system-out><![CDATA[12:00:13.617 [Test worker] DEBUG org.springframework.test.context.BootstrapUtils - Instantiating CacheAwareContextLoaderDelegate from class [org.springframework.test.context.cache.DefaultCacheAwareContextLoaderDelegate]
12:00:13.621 [Test worker] DEBUG org.springframework.test.context.BootstrapUtils - Instantiating BootstrapContext using constructor [public org.springframework.test.context.support.DefaultBootstrapContext(java.lang.Class,org.springframework.test.context.CacheAwareContextLoaderDelegate)]
12:00:13.636 [Test worker] DEBUG org.springframework.test.context.BootstrapUtils - Instantiating TestContextBootstrapper for test class [org.air.repository.ScheduleRepositoryTest] from class [org.springframework.boot.test.autoconfigure.orm.jpa.DataJpaTestContextBootstrapper]
12:00:13.641 [Test worker] INFO org.springframework.boot.test.autoconfigure.orm.jpa.DataJpaTestContextBootstrapper - Neither @ContextConfiguration nor @ContextHierarchy found for test class [org.air.repository.ScheduleRepositoryTest], using SpringBootContextLoader
12:00:13.642 [Test worker] DEBUG org.springframework.test.context.support.AbstractContextLoader - Did not detect default resource location for test class [org.air.repository.ScheduleRepositoryTest]: class path resource [org/air/repository/ScheduleRepositoryTest-context.xml] does not exist
12:00:13.642 [Test worker] DEBUG org.springframework.test.context.support.AbstractContextLoader - Did not detect default resource location for test class [org.air.repository.ScheduleRepositoryTest]: class path resource [org/air/repository/ScheduleRepositoryTestContext.groovy] does not exist
12:00:13.642 [Test worker] INFO org.springframework.test.context.support.AbstractContextLoader - Could not detect default resource locations for test class [org.air.repository.ScheduleRepositoryTest]: no resource found for suffixes {-context.xml, Context.groovy}.
12:00:13.643 [Test worker] INFO org.springframework.test.context.support.AnnotationConfigContextLoaderUtils - Could not detect default configuration classes for test class [org.air.repository.ScheduleRepositoryTest]: ScheduleRepositoryTest does not declare any static, non-private, non-final, nested classes annotated with @Configuration.
12:00:13.668 [Test worker] DEBUG org.springframework.test.context.support.ActiveProfilesUtils - Could not find an 'annotation declaring class' for annotation type [org.springframework.test.context.ActiveProfiles] and class [org.air.repository.ScheduleRepositoryTest]
12:00:13.691 [Test worker] DEBUG org.springframework.context.annotation.ClassPathScanningCandidateComponentProvider - Identified candidate component class: file [/Users/kimjaeseong/Documents/Air_Scheduler/AirAPI/build/classes/java/main/org/air/MainApplication.class]
12:00:13.691 [Test worker] INFO org.springframework.boot.test.context.SpringBootTestContextBootstrapper - Found @SpringBootConfiguration org.air.MainApplication for test class org.air.repository.ScheduleRepositoryTest
12:00:13.693 [Test worker] DEBUG org.springframework.boot.test.autoconfigure.orm.jpa.DataJpaTestContextBootstrapper - @TestExecutionListeners is not present for class [org.air.repository.ScheduleRepositoryTest]: using defaults.
12:00:13.693 [Test worker] INFO org.springframework.boot.test.autoconfigure.orm.jpa.DataJpaTestContextBootstrapper - Loaded default TestExecutionListener class names from location [META-INF/spring.factories]: [org.springframework.security.test.context.support.WithSecurityContextTestExecutionListener, org.springframework.security.test.context.support.ReactorContextTestExecutionListener, org.springframework.boot.test.autoconfigure.restdocs.RestDocsTestExecutionListener, org.springframework.boot.test.autoconfigure.web.client.MockRestServiceServerResetTestExecutionListener, org.springframework.boot.test.autoconfigure.web.servlet.MockMvcPrintOnlyOnFailureTestExecutionListener, org.springframework.boot.test.autoconfigure.web.servlet.WebDriverTestExecutionListener, org.springframework.boot.test.autoconfigure.webservices.client.MockWebServiceServerTestExecutionListener, org.springframework.boot.test.mock.mockito.MockitoTestExecutionListener, org.springframework.boot.test.mock.mockito.ResetMocksTestExecutionListener, org.springframework.test.context.web.ServletTestExecutionListener, org.springframework.test.context.support.DirtiesContextBeforeModesTestExecutionListener, org.springframework.test.context.event.ApplicationEventsTestExecutionListener, org.springframework.test.context.support.DependencyInjectionTestExecutionListener, org.springframework.test.context.support.DirtiesContextTestExecutionListener, org.springframework.test.context.transaction.TransactionalTestExecutionListener, org.springframework.test.context.jdbc.SqlScriptsTestExecutionListener, org.springframework.test.context.event.EventPublishingTestExecutionListener]
12:00:13.700 [Test worker] INFO org.springframework.boot.test.autoconfigure.orm.jpa.DataJpaTestContextBootstrapper - Using TestExecutionListeners: [org.springframework.test.context.web.ServletTestExecutionListener@443dbe42, org.springframework.test.context.support.DirtiesContextBeforeModesTestExecutionListener@473b3b7a, org.springframework.test.context.event.ApplicationEventsTestExecutionListener@1734f68, org.springframework.boot.test.mock.mockito.MockitoTestExecutionListener@77b7ffa4, org.springframework.boot.test.autoconfigure.SpringBootDependencyInjectionTestExecutionListener@5ed190be, org.springframework.test.context.support.DirtiesContextTestExecutionListener@402f80f5, org.springframework.test.context.transaction.TransactionalTestExecutionListener@5bbc9f97, org.springframework.test.context.jdbc.SqlScriptsTestExecutionListener@133e019b, org.springframework.security.test.context.support.WithSecurityContextTestExecutionListener@41382722, org.springframework.test.context.event.EventPublishingTestExecutionListener@7dac3fd8, org.springframework.security.test.context.support.ReactorContextTestExecutionListener@425357dd, org.springframework.boot.test.autoconfigure.restdocs.RestDocsTestExecutionListener@2102a4d5, org.springframework.boot.test.autoconfigure.web.client.MockRestServiceServerResetTestExecutionListener@210386e0, org.springframework.boot.test.autoconfigure.web.servlet.MockMvcPrintOnlyOnFailureTestExecutionListener@3d4d3fe7, org.springframework.boot.test.autoconfigure.web.servlet.WebDriverTestExecutionListener@65f87a2c, org.springframework.boot.test.autoconfigure.webservices.client.MockWebServiceServerTestExecutionListener@51684e4a, org.springframework.boot.test.mock.mockito.ResetMocksTestExecutionListener@6ce1f601]
12:00:13.702 [Test worker] DEBUG org.springframework.test.context.support.AbstractDirtiesContextTestExecutionListener - Before test class: context [DefaultTestContext@29539e36 testClass = ScheduleRepositoryTest, testInstance = [null], testMethod = [null], testException = [null], mergedContextConfiguration = [MergedContextConfiguration@32f61a31 testClass = ScheduleRepositoryTest, locations = '{}', classes = '{class org.air.MainApplication}', contextInitializerClasses = '[]', activeProfiles = '{}', propertySourceLocations = '{}', propertySourceProperties = '{org.springframework.boot.test.autoconfigure.orm.jpa.DataJpaTestContextBootstrapper=true}', contextCustomizers = set[org.springframework.boot.test.autoconfigure.OverrideAutoConfigurationContextCustomizerFactory$DisableAutoConfigurationContextCustomizer@1643d68f, org.springframework.boot.test.autoconfigure.actuate.metrics.MetricsExportContextCustomizerFactory$DisableMetricExportContextCustomizer@132ddbab, org.springframework.boot.test.autoconfigure.filter.TypeExcludeFiltersContextCustomizer@351584c0, org.springframework.boot.test.autoconfigure.properties.PropertyMappingContextCustomizer@ef40b41c, org.springframework.boot.test.autoconfigure.web.servlet.WebDriverContextCustomizerFactory$Customizer@2c1b9e4b, [ImportsContextCustomizer@f5c79a6 key = [org.springframework.boot.autoconfigure.cache.CacheAutoConfiguration, org.springframework.boot.autoconfigure.data.jpa.JpaRepositoriesAutoConfiguration, org.springframework.boot.autoconfigure.flyway.FlywayAutoConfiguration, org.springframework.boot.autoconfigure.jdbc.DataSourceAutoConfiguration, org.springframework.boot.autoconfigure.jdbc.DataSourceTransactionManagerAutoConfiguration, org.springframework.boot.autoconfigure.jdbc.JdbcTemplateAutoConfiguration, org.springframework.boot.autoconfigure.liquibase.LiquibaseAutoConfiguration, org.springframework.boot.autoconfigure.orm.jpa.HibernateJpaAutoConfiguration, org.springframework.boot.autoconfigure.sql.init.SqlInitializationAutoConfiguration, org.springframework.boot.autoconfigure.transaction.TransactionAutoConfiguration, org.springframework.boot.test.autoconfigure.jdbc.TestDatabaseAutoConfiguration, org.springframework.boot.test.autoconfigure.orm.jpa.TestEntityManagerAutoConfiguration]], org.springframework.boot.test.context.filter.ExcludeFilterContextCustomizer@464649c, org.springframework.boot.test.json.DuplicateJsonObjectContextCustomizerFactory$DuplicateJsonObjectContextCustomizer@60bdf15d, org.springframework.boot.test.mock.mockito.MockitoContextCustomizer@619d781c, org.springframework.boot.test.context.SpringBootTestArgs@1, org.springframework.boot.test.context.SpringBootTestWebEnvironment@0], contextLoader = 'org.springframework.boot.test.context.SpringBootContextLoader', parent = [null]], attributes = map[[empty]]], class annotated with @DirtiesContext [false] with mode [null].

  .   ____          _            __ _ _
 /\\ / ___'_ __ _ _(_)_ __  __ _ \ \ \ \
( ( )\___ | '_ | '_| | '_ \/ _` | \ \ \ \
 \\/  ___)| |_)| | | | | || (_| |  ) ) ) )
  '  |____| .__|_| |_|_| |_\__, | / / / /
 =========|_|==============|___/=/_/_/_/
 :: Spring Boot ::                (v2.7.5)

2024-02-03 12:00:14.045  INFO 14446 --- [    Test worker] o.air.repository.ScheduleRepositoryTest  : Starting ScheduleRepositoryTest using Java 11.0.21 on kimjaeseong.local with PID 14446 (started by kimjaeseong in /Users/kimjaeseong/Documents/Air_Scheduler/AirAPI)
2024-02-03 12:00:14.046  INFO 14446 --- [    Test worker] o.air.repository.ScheduleRepositoryTest  : No active profile set, falling back to 1 default profile: "default"
2024-02-03 12:00:14.198  INFO 14446 --- [    Test worker] .s.d.r.c.RepositoryConfigurationDelegate : Bootstrapping Spring Data JPA repositories in DEFAULT mode.
2024-02-03 12:00:14.221  INFO 14446 --- [    Test worker] .s.d.r.c.RepositoryConfigurationDelegate : Finished Spring Data repository scanning in 20 ms. Found 3 JPA repository interfaces.
2024-02-03 12:00:14.269  INFO 14446 --- [    Test worker] beddedDataSourceBeanFactoryPostProcessor : Replacing 'dataSource' DataSource bean with embedded version
2024-02-03 12:00:14.525  INFO 14446 --- [    Test worker] o.s.j.d.e.EmbeddedDatabaseFactory        : Starting embedded database: url='jdbc:h2:mem:4414e915-23a6-4e24-9846-f73421d2bb9c;DB_CLOSE_DELAY=-1;DB_CLOSE_ON_EXIT=false', username='sa'
2024-02-03 12:00:14.653  INFO 14446 --- [    Test worker] o.hibernate.jpa.internal.util.LogHelper  : HHH000204: Processing PersistenceUnitInfo [name: default]
2024-02-03 12:00:14.674  INFO 14446 --- [    Test worker] org.hibernate.Version                    : HHH000412: Hibernate ORM core version 5.6.12.Final
2024-02-03 12:00:14.692  INFO 14446 --- [    Test worker] o.hibernate.annotations.common.Version   : HCANN000001: Hibernate Commons Annotations {5.1.2.Final}
2024-02-03 12:00:14.742  INFO 14446 --- [    Test worker] org.hibernate.dialect.Dialect            : HHH000400: Using dialect: org.hibernate.dialect.H2Dialect
Hibernate: 
    
    create table refresh (
       id bigint not null,
        token varchar(255),
        userid varchar(255),
        primary key (id)
    )
Hibernate: 
    
    create table schedule (
       id bigint not null,
        achotel varchar(255),
        activity varchar(255),
        blk varchar(255),
        ci varchar(255),
        cnt_from varchar(255),
        cnt_to varchar(255),
        co varchar(255),
        date varchar(255),
        dc varchar(255),
        pairing varchar(255),
        stab varchar(255),
        stal varchar(255),
        stdb varchar(255),
        stdl varchar(255),
        primary key (id)
    )
Hibernate: 
    
    create table user (
       userid varchar(255) not null,
        authorities binary(255),
        email varchar(255),
        name varchar(255),
        password varchar(255),
        pic_url varchar(255),
        primary key (userid)
    )
Hibernate: create sequence hibernate_sequence start with 1 increment by 1
2024-02-03 12:00:14.985  INFO 14446 --- [    Test worker] o.h.e.t.j.p.i.JtaPlatformInitiator       : HHH000490: Using JtaPlatform implementation: [org.hibernate.engine.transaction.jta.platform.internal.NoJtaPlatform]
2024-02-03 12:00:14.990  INFO 14446 --- [    Test worker] j.LocalContainerEntityManagerFactoryBean : Initialized JPA EntityManagerFactory for persistence unit 'default'
2024-02-03 12:00:15.370  INFO 14446 --- [    Test worker] o.s.s.web.DefaultSecurityFilterChain     : Will secure any request with [org.springframework.security.web.session.DisableEncodeUrlFilter@68fa8ea5, org.springframework.security.web.context.request.async.WebAsyncManagerIntegrationFilter@68c47cf9, org.springframework.security.web.context.SecurityContextPersistenceFilter@140cfc5f, org.springframework.security.web.header.HeaderWriterFilter@6a9ac8b, org.springframework.security.web.authentication.logout.LogoutFilter@5c13534a, org.air.jwt.JwtAuthenticationFilter@ecb8b3e, org.springframework.security.web.savedrequest.RequestCacheAwareFilter@3fc4038f, org.springframework.security.web.servletapi.SecurityContextHolderAwareRequestFilter@4cd9ee2c, org.springframework.security.web.authentication.AnonymousAuthenticationFilter@7e764e5c, org.springframework.security.web.session.SessionManagementFilter@18356951, org.springframework.security.web.access.ExceptionTranslationFilter@7a2ffb0b, org.springframework.security.web.access.intercept.FilterSecurityInterceptor@530e08a7]
2024-02-03 12:00:15.418  WARN 14446 --- [    Test worker] o.s.s.c.a.web.builders.WebSecurity       : You are asking Spring Security to ignore Mvc [pattern='/v3/api-docs/**']. This is not recommended -- please use permitAll via HttpSecurity#authorizeHttpRequests instead.
2024-02-03 12:00:15.418  INFO 14446 --- [    Test worker] o.s.s.web.DefaultSecurityFilterChain     : Will not secure Mvc [pattern='/v3/api-docs/**']
2024-02-03 12:00:15.418  WARN 14446 --- [    Test worker] o.s.s.c.a.web.builders.WebSecurity       : You are asking Spring Security to ignore Mvc [pattern='/swagger-ui/**']. This is not recommended -- please use permitAll via HttpSecurity#authorizeHttpRequests instead.
2024-02-03 12:00:15.418  INFO 14446 --- [    Test worker] o.s.s.web.DefaultSecurityFilterChain     : Will not secure Mvc [pattern='/swagger-ui/**']
2024-02-03 12:00:15.418  WARN 14446 --- [    Test worker] o.s.s.c.a.web.builders.WebSecurity       : You are asking Spring Security to ignore Mvc [pattern='/api/v1/login']. This is not recommended -- please use permitAll via HttpSecurity#authorizeHttpRequests instead.
2024-02-03 12:00:15.418  INFO 14446 --- [    Test worker] o.s.s.web.DefaultSecurityFilterChain     : Will not secure Mvc [pattern='/api/v1/login']
2024-02-03 12:00:15.418  WARN 14446 --- [    Test worker] o.s.s.c.a.web.builders.WebSecurity       : You are asking Spring Security to ignore Mvc [pattern='/h2-console/**']. This is not recommended -- please use permitAll via HttpSecurity#authorizeHttpRequests instead.
2024-02-03 12:00:15.418  INFO 14446 --- [    Test worker] o.s.s.web.DefaultSecurityFilterChain     : Will not secure Mvc [pattern='/h2-console/**']
2024-02-03 12:00:15.463  INFO 14446 --- [    Test worker] o.air.repository.ScheduleRepositoryTest  : Started ScheduleRepositoryTest in 1.744 seconds (JVM running for 2.225)
2024-02-03 12:00:15.475  INFO 14446 --- [    Test worker] o.s.t.c.transaction.TransactionContext   : Began transaction (1) for test context [DefaultTestContext@29539e36 testClass = ScheduleRepositoryTest, testInstance = org.air.repository.ScheduleRepositoryTest@3c62c81f, testMethod = call_schedule@ScheduleRepositoryTest, testException = [null], mergedContextConfiguration = [MergedContextConfiguration@32f61a31 testClass = ScheduleRepositoryTest, locations = '{}', classes = '{class org.air.MainApplication}', contextInitializerClasses = '[]', activeProfiles = '{}', propertySourceLocations = '{}', propertySourceProperties = '{org.springframework.boot.test.autoconfigure.orm.jpa.DataJpaTestContextBootstrapper=true}', contextCustomizers = set[org.springframework.boot.test.autoconfigure.OverrideAutoConfigurationContextCustomizerFactory$DisableAutoConfigurationContextCustomizer@1643d68f, org.springframework.boot.test.autoconfigure.actuate.metrics.MetricsExportContextCustomizerFactory$DisableMetricExportContextCustomizer@132ddbab, org.springframework.boot.test.autoconfigure.filter.TypeExcludeFiltersContextCustomizer@351584c0, org.springframework.boot.test.autoconfigure.properties.PropertyMappingContextCustomizer@ef40b41c, org.springframework.boot.test.autoconfigure.web.servlet.WebDriverContextCustomizerFactory$Customizer@2c1b9e4b, [ImportsContextCustomizer@f5c79a6 key = [org.springframework.boot.autoconfigure.cache.CacheAutoConfiguration, org.springframework.boot.autoconfigure.data.jpa.JpaRepositoriesAutoConfiguration, org.springframework.boot.autoconfigure.flyway.FlywayAutoConfiguration, org.springframework.boot.autoconfigure.jdbc.DataSourceAutoConfiguration, org.springframework.boot.autoconfigure.jdbc.DataSourceTransactionManagerAutoConfiguration, org.springframework.boot.autoconfigure.jdbc.JdbcTemplateAutoConfiguration, org.springframework.boot.autoconfigure.liquibase.LiquibaseAutoConfiguration, org.springframework.boot.autoconfigure.orm.jpa.HibernateJpaAutoConfiguration, org.springframework.boot.autoconfigure.sql.init.SqlInitializationAutoConfiguration, org.springframework.boot.autoconfigure.transaction.TransactionAutoConfiguration, org.springframework.boot.test.autoconfigure.jdbc.TestDatabaseAutoConfiguration, org.springframework.boot.test.autoconfigure.orm.jpa.TestEntityManagerAutoConfiguration]], org.springframework.boot.test.context.filter.ExcludeFilterContextCustomizer@464649c, org.springframework.boot.test.json.DuplicateJsonObjectContextCustomizerFactory$DuplicateJsonObjectContextCustomizer@60bdf15d, org.springframework.boot.test.mock.mockito.MockitoContextCustomizer@619d781c, org.springframework.boot.test.context.SpringBootTestArgs@1, org.springframework.boot.test.context.SpringBootTestWebEnvironment@0], contextLoader = 'org.springframework.boot.test.context.SpringBootContextLoader', parent = [null]], attributes = map['org.springframework.test.context.event.ApplicationEventsTestExecutionListener.recordApplicationEvents' -> false]]; transaction manager [org.springframework.orm.jpa.JpaTransactionManager@57283fac]; rollback [true]
Hibernate: 
    select
        schedule0_.id as id1_1_0_,
        schedule0_.achotel as achotel2_1_0_,
        schedule0_.activity as activity3_1_0_,
        schedule0_.blk as blk4_1_0_,
        schedule0_.ci as ci5_1_0_,
        schedule0_.cnt_from as cnt_from6_1_0_,
        schedule0_.cnt_to as cnt_to7_1_0_,
        schedule0_.co as co8_1_0_,
        schedule0_.date as date9_1_0_,
        schedule0_.dc as dc10_1_0_,
        schedule0_.pairing as pairing11_1_0_,
        schedule0_.stab as stab12_1_0_,
        schedule0_.stal as stal13_1_0_,
        schedule0_.stdb as stdb14_1_0_,
        schedule0_.stdl as stdl15_1_0_ 
    from
        schedule schedule0_ 
    where
        schedule0_.id=?
Hibernate: 
    call next value for hibernate_sequence
Hibernate: 
    select
        schedule0_.id as id1_1_0_,
        schedule0_.achotel as achotel2_1_0_,
        schedule0_.activity as activity3_1_0_,
        schedule0_.blk as blk4_1_0_,
        schedule0_.ci as ci5_1_0_,
        schedule0_.cnt_from as cnt_from6_1_0_,
        schedule0_.cnt_to as cnt_to7_1_0_,
        schedule0_.co as co8_1_0_,
        schedule0_.date as date9_1_0_,
        schedule0_.dc as dc10_1_0_,
        schedule0_.pairing as pairing11_1_0_,
        schedule0_.stab as stab12_1_0_,
        schedule0_.stal as stal13_1_0_,
        schedule0_.stdb as stdb14_1_0_,
        schedule0_.stdl as stdl15_1_0_ 
    from
        schedule schedule0_ 
    where
        schedule0_.id=?
Hibernate: 
    call next value for hibernate_sequence
Hibernate: 
    insert 
    into
        schedule
        (achotel, activity, blk, ci, cnt_from, cnt_to, co, date, dc, pairing, stab, stal, stdb, stdl, id) 
    values
        (?, ?, ?, ?, ?, ?, ?, ?, ?, ?, ?, ?, ?, ?, ?)
Hibernate: 
    insert 
    into
        schedule
        (achotel, activity, blk, ci, cnt_from, cnt_to, co, date, dc, pairing, stab, stal, stdb, stdl, id) 
    values
        (?, ?, ?, ?, ?, ?, ?, ?, ?, ?, ?, ?, ?, ?, ?)
Hibernate: 
    select
        schedule0_.id as id1_1_,
        schedule0_.achotel as achotel2_1_,
        schedule0_.activity as activity3_1_,
        schedule0_.blk as blk4_1_,
        schedule0_.ci as ci5_1_,
        schedule0_.cnt_from as cnt_from6_1_,
        schedule0_.cnt_to as cnt_to7_1_,
        schedule0_.co as co8_1_,
        schedule0_.date as date9_1_,
        schedule0_.dc as dc10_1_,
        schedule0_.pairing as pairing11_1_,
        schedule0_.stab as stab12_1_,
        schedule0_.stal as stal13_1_,
        schedule0_.stdb as stdb14_1_,
        schedule0_.stdl as stdl15_1_ 
    from
        schedule schedule0_ 
    where
        schedule0_.date>=? 
        and schedule0_.date<=?
2024-02-03 12:00:15.522  INFO 14446 --- [    Test worker] o.s.t.c.transaction.TransactionContext   : Rolled back transaction for test: [DefaultTestContext@29539e36 testClass = ScheduleRepositoryTest, testInstance = org.air.repository.ScheduleRepositoryTest@3c62c81f, testMethod = call_schedule@ScheduleRepositoryTest, testException = [null], mergedContextConfiguration = [MergedContextConfiguration@32f61a31 testClass = ScheduleRepositoryTest, locations = '{}', classes = '{class org.air.MainApplication}', contextInitializerClasses = '[]', activeProfiles = '{}', propertySourceLocations = '{}', propertySourceProperties = '{org.springframework.boot.test.autoconfigure.orm.jpa.DataJpaTestContextBootstrapper=true}', contextCustomizers = set[org.springframework.boot.test.autoconfigure.OverrideAutoConfigurationContextCustomizerFactory$DisableAutoConfigurationContextCustomizer@1643d68f, org.springframework.boot.test.autoconfigure.actuate.metrics.MetricsExportContextCustomizerFactory$DisableMetricExportContextCustomizer@132ddbab, org.springframework.boot.test.autoconfigure.filter.TypeExcludeFiltersContextCustomizer@351584c0, org.springframework.boot.test.autoconfigure.properties.PropertyMappingContextCustomizer@ef40b41c, org.springframework.boot.test.autoconfigure.web.servlet.WebDriverContextCustomizerFactory$Customizer@2c1b9e4b, [ImportsContextCustomizer@f5c79a6 key = [org.springframework.boot.autoconfigure.cache.CacheAutoConfiguration, org.springframework.boot.autoconfigure.data.jpa.JpaRepositoriesAutoConfiguration, org.springframework.boot.autoconfigure.flyway.FlywayAutoConfiguration, org.springframework.boot.autoconfigure.jdbc.DataSourceAutoConfiguration, org.springframework.boot.autoconfigure.jdbc.DataSourceTransactionManagerAutoConfiguration, org.springframework.boot.autoconfigure.jdbc.JdbcTemplateAutoConfiguration, org.springframework.boot.autoconfigure.liquibase.LiquibaseAutoConfiguration, org.springframework.boot.autoconfigure.orm.jpa.HibernateJpaAutoConfiguration, org.springframework.boot.autoconfigure.sql.init.SqlInitializationAutoConfiguration, org.springframework.boot.autoconfigure.transaction.TransactionAutoConfiguration, org.springframework.boot.test.autoconfigure.jdbc.TestDatabaseAutoConfiguration, org.springframework.boot.test.autoconfigure.orm.jpa.TestEntityManagerAutoConfiguration]], org.springframework.boot.test.context.filter.ExcludeFilterContextCustomizer@464649c, org.springframework.boot.test.json.DuplicateJsonObjectContextCustomizerFactory$DuplicateJsonObjectContextCustomizer@60bdf15d, org.springframework.boot.test.mock.mockito.MockitoContextCustomizer@619d781c, org.springframework.boot.test.context.SpringBootTestArgs@1, org.springframework.boot.test.context.SpringBootTestWebEnvironment@0], contextLoader = 'org.springframework.boot.test.context.SpringBootContextLoader', parent = [null]], attributes = map['org.springframework.test.context.event.ApplicationEventsTestExecutionListener.recordApplicationEvents' -> false]]
]]></system-out>
  <system-err><![CDATA[]]></system-err>
</testsuite>
