<?xml version="1.0" encoding="UTF-8"?>
<testsuite name="org.AirAPI.controller.PilotControllerTest" tests="1" skipped="0" failures="0" errors="0" timestamp="2023-06-24T09:27:17" hostname="DESKTOP-MCHQU2R" time="0.116">
  <properties/>
  <testcase name="main_page_access" classname="org.AirAPI.controller.PilotControllerTest" time="0.116"/>
  <system-out><![CDATA[18:27:16.248 [Test worker] DEBUG org.springframework.test.context.BootstrapUtils - Instantiating CacheAwareContextLoaderDelegate from class [org.springframework.test.context.cache.DefaultCacheAwareContextLoaderDelegate]
18:27:16.253 [Test worker] DEBUG org.springframework.test.context.BootstrapUtils - Instantiating BootstrapContext using constructor [public org.springframework.test.context.support.DefaultBootstrapContext(java.lang.Class,org.springframework.test.context.CacheAwareContextLoaderDelegate)]
18:27:16.271 [Test worker] DEBUG org.springframework.test.context.BootstrapUtils - Instantiating TestContextBootstrapper for test class [org.AirAPI.controller.PilotControllerTest] from class [org.springframework.boot.test.autoconfigure.web.servlet.WebMvcTestContextBootstrapper]
18:27:16.279 [Test worker] DEBUG org.springframework.test.context.support.AbstractContextLoader - Did not detect default resource location for test class [org.AirAPI.controller.PilotControllerTest]: class path resource [org/AirAPI/controller/PilotControllerTest-context.xml] does not exist
18:27:16.280 [Test worker] DEBUG org.springframework.test.context.support.AbstractContextLoader - Did not detect default resource location for test class [org.AirAPI.controller.PilotControllerTest]: class path resource [org/AirAPI/controller/PilotControllerTestContext.groovy] does not exist
18:27:16.280 [Test worker] INFO org.springframework.test.context.support.AbstractContextLoader - Could not detect default resource locations for test class [org.AirAPI.controller.PilotControllerTest]: no resource found for suffixes {-context.xml, Context.groovy}.
18:27:16.317 [Test worker] DEBUG org.springframework.test.context.support.ActiveProfilesUtils - Could not find an 'annotation declaring class' for annotation type [org.springframework.test.context.ActiveProfiles] and class [org.AirAPI.controller.PilotControllerTest]
18:27:16.321 [Test worker] DEBUG org.springframework.boot.test.autoconfigure.web.servlet.WebMvcTestContextBootstrapper - @TestExecutionListeners is not present for class [org.AirAPI.controller.PilotControllerTest]: using defaults.
18:27:16.321 [Test worker] INFO org.springframework.boot.test.autoconfigure.web.servlet.WebMvcTestContextBootstrapper - Loaded default TestExecutionListener class names from location [META-INF/spring.factories]: [org.springframework.security.test.context.support.WithSecurityContextTestExecutionListener, org.springframework.security.test.context.support.ReactorContextTestExecutionListener, org.springframework.boot.test.autoconfigure.restdocs.RestDocsTestExecutionListener, org.springframework.boot.test.autoconfigure.web.client.MockRestServiceServerResetTestExecutionListener, org.springframework.boot.test.autoconfigure.web.servlet.MockMvcPrintOnlyOnFailureTestExecutionListener, org.springframework.boot.test.autoconfigure.web.servlet.WebDriverTestExecutionListener, org.springframework.boot.test.autoconfigure.webservices.client.MockWebServiceServerTestExecutionListener, org.springframework.boot.test.mock.mockito.MockitoTestExecutionListener, org.springframework.boot.test.mock.mockito.ResetMocksTestExecutionListener, org.springframework.test.context.web.ServletTestExecutionListener, org.springframework.test.context.support.DirtiesContextBeforeModesTestExecutionListener, org.springframework.test.context.event.ApplicationEventsTestExecutionListener, org.springframework.test.context.support.DependencyInjectionTestExecutionListener, org.springframework.test.context.support.DirtiesContextTestExecutionListener, org.springframework.test.context.transaction.TransactionalTestExecutionListener, org.springframework.test.context.jdbc.SqlScriptsTestExecutionListener, org.springframework.test.context.event.EventPublishingTestExecutionListener]
18:27:16.329 [Test worker] INFO org.springframework.boot.test.autoconfigure.web.servlet.WebMvcTestContextBootstrapper - Using TestExecutionListeners: [org.springframework.test.context.web.ServletTestExecutionListener@6928f576, org.springframework.test.context.support.DirtiesContextBeforeModesTestExecutionListener@660e9100, org.springframework.test.context.event.ApplicationEventsTestExecutionListener@69f63d95, org.springframework.boot.test.mock.mockito.MockitoTestExecutionListener@9cd25ff, org.springframework.boot.test.autoconfigure.SpringBootDependencyInjectionTestExecutionListener@27e0f2f5, org.springframework.test.context.support.DirtiesContextTestExecutionListener@3574e198, org.springframework.test.context.transaction.TransactionalTestExecutionListener@6db66836, org.springframework.test.context.jdbc.SqlScriptsTestExecutionListener@db44aa2, org.springframework.security.test.context.support.WithSecurityContextTestExecutionListener@2de366bb, org.springframework.test.context.event.EventPublishingTestExecutionListener@3f093abe, org.springframework.security.test.context.support.ReactorContextTestExecutionListener@61a002b1, org.springframework.boot.test.autoconfigure.restdocs.RestDocsTestExecutionListener@4eeea57d, org.springframework.boot.test.autoconfigure.web.client.MockRestServiceServerResetTestExecutionListener@780ec4a5, org.springframework.boot.test.autoconfigure.web.servlet.MockMvcPrintOnlyOnFailureTestExecutionListener@e24ddd0, org.springframework.boot.test.autoconfigure.web.servlet.WebDriverTestExecutionListener@6f70f32f, org.springframework.boot.test.autoconfigure.webservices.client.MockWebServiceServerTestExecutionListener@548e76f1, org.springframework.boot.test.mock.mockito.ResetMocksTestExecutionListener@5aabbb29]
18:27:16.330 [Test worker] DEBUG org.springframework.test.context.support.AbstractDirtiesContextTestExecutionListener - Before test class: context [DefaultTestContext@7927bd9f testClass = PilotControllerTest, testInstance = [null], testMethod = [null], testException = [null], mergedContextConfiguration = [WebMergedContextConfiguration@532721fd testClass = PilotControllerTest, locations = '{}', classes = '{class org.AirAPI.config.AWStextrack, class org.AirAPI.jwt.JwtTokenProvider}', contextInitializerClasses = '[]', activeProfiles = '{}', propertySourceLocations = '{}', propertySourceProperties = '{org.springframework.boot.test.autoconfigure.web.servlet.WebMvcTestContextBootstrapper=true}', contextCustomizers = set[org.springframework.boot.test.autoconfigure.OverrideAutoConfigurationContextCustomizerFactory$DisableAutoConfigurationContextCustomizer@1992eaf4, org.springframework.boot.test.autoconfigure.actuate.metrics.MetricsExportContextCustomizerFactory$DisableMetricExportContextCustomizer@19fe4644, org.springframework.boot.test.autoconfigure.filter.TypeExcludeFiltersContextCustomizer@c3014d14, org.springframework.boot.test.autoconfigure.properties.PropertyMappingContextCustomizer@e9ffab3e, org.springframework.boot.test.autoconfigure.web.servlet.WebDriverContextCustomizerFactory$Customizer@4215838f, [ImportsContextCustomizer@410954b key = [org.AirAPI.controller.PilotController, org.springframework.boot.autoconfigure.cache.CacheAutoConfiguration, org.springframework.boot.autoconfigure.context.MessageSourceAutoConfiguration, org.springframework.boot.autoconfigure.data.web.SpringDataWebAutoConfiguration, org.springframework.boot.autoconfigure.freemarker.FreeMarkerAutoConfiguration, org.springframework.boot.autoconfigure.groovy.template.GroovyTemplateAutoConfiguration, org.springframework.boot.autoconfigure.gson.GsonAutoConfiguration, org.springframework.boot.autoconfigure.hateoas.HypermediaAutoConfiguration, org.springframework.boot.autoconfigure.http.HttpMessageConvertersAutoConfiguration, org.springframework.boot.autoconfigure.jackson.JacksonAutoConfiguration, org.springframework.boot.autoconfigure.jsonb.JsonbAutoConfiguration, org.springframework.boot.autoconfigure.mustache.MustacheAutoConfiguration, org.springframework.boot.autoconfigure.task.TaskExecutionAutoConfiguration, org.springframework.boot.autoconfigure.thymeleaf.ThymeleafAutoConfiguration, org.springframework.boot.autoconfigure.validation.ValidationAutoConfiguration, org.springframework.boot.autoconfigure.web.servlet.error.ErrorMvcAutoConfiguration, org.springframework.boot.autoconfigure.web.servlet.HttpEncodingAutoConfiguration, org.springframework.boot.autoconfigure.web.servlet.WebMvcAutoConfiguration, org.springframework.boot.test.autoconfigure.web.servlet.MockMvcAutoConfiguration, org.springframework.boot.test.autoconfigure.web.servlet.MockMvcWebClientAutoConfiguration, org.springframework.boot.test.autoconfigure.web.servlet.MockMvcWebDriverAutoConfiguration, org.springframework.boot.autoconfigure.security.oauth2.client.servlet.OAuth2ClientAutoConfiguration, org.springframework.boot.autoconfigure.security.oauth2.resource.servlet.OAuth2ResourceServerAutoConfiguration, org.springframework.boot.autoconfigure.security.servlet.SecurityAutoConfiguration, org.springframework.boot.autoconfigure.security.servlet.SecurityFilterAutoConfiguration, org.springframework.boot.autoconfigure.security.servlet.UserDetailsServiceAutoConfiguration, org.springframework.boot.test.autoconfigure.web.servlet.MockMvcSecurityConfiguration, org.springframework.boot.test.autoconfigure.web.reactive.WebTestClientAutoConfiguration]], org.springframework.boot.test.context.filter.ExcludeFilterContextCustomizer@439a8f59, org.springframework.boot.test.json.DuplicateJsonObjectContextCustomizerFactory$DuplicateJsonObjectContextCustomizer@25bcd0c7, org.springframework.boot.test.mock.mockito.MockitoContextCustomizer@e8adfb44, org.springframework.boot.test.context.SpringBootTestArgs@1, org.springframework.boot.test.context.SpringBootTestWebEnvironment@0], resourceBasePath = 'src/main/webapp', contextLoader = 'org.springframework.boot.test.context.SpringBootContextLoader', parent = [null]], attributes = map[[empty]]], class annotated with @DirtiesContext [false] with mode [null].

  .   ____          _            __ _ _
 /\\ / ___'_ __ _ _(_)_ __  __ _ \ \ \ \
( ( )\___ | '_ | '_| | '_ \/ _` | \ \ \ \
 \\/  ___)| |_)| | | | | || (_| |  ) ) ) )
  '  |____| .__|_| |_|_| |_\__, | / / / /
 =========|_|==============|___/=/_/_/_/
 :: Spring Boot ::                (v2.7.5)

2023-06-24 18:27:16.538  INFO 7012 --- [    Test worker] o.AirAPI.controller.PilotControllerTest  : Starting PilotControllerTest using Java 11.0.19 on DESKTOP-MCHQU2R with PID 7012 (started by KIMJAESUNG in C:\Users\KIMJAESUNG\Air_Scheduler\AirAPI)
2023-06-24 18:27:16.539  INFO 7012 --- [    Test worker] o.AirAPI.controller.PilotControllerTest  : No active profile set, falling back to 1 default profile: "default"
2023-06-24 18:27:17.515  INFO 7012 --- [    Test worker] o.s.s.web.DefaultSecurityFilterChain     : Will secure any request with [org.springframework.security.web.session.DisableEncodeUrlFilter@42d174ad, org.springframework.security.web.context.request.async.WebAsyncManagerIntegrationFilter@4ec0229c, org.springframework.security.web.context.SecurityContextPersistenceFilter@760a2b6e, org.springframework.security.web.header.HeaderWriterFilter@7d126083, org.springframework.security.web.csrf.CsrfFilter@5d9bb69b, org.springframework.security.web.authentication.logout.LogoutFilter@e886caf, org.springframework.security.web.authentication.UsernamePasswordAuthenticationFilter@7b332b23, org.springframework.security.web.authentication.ui.DefaultLoginPageGeneratingFilter@6cee903a, org.springframework.security.web.authentication.ui.DefaultLogoutPageGeneratingFilter@173a5fad, org.springframework.security.web.authentication.www.BasicAuthenticationFilter@c0013b8, org.springframework.security.web.savedrequest.RequestCacheAwareFilter@340c57e0, org.springframework.security.web.servletapi.SecurityContextHolderAwareRequestFilter@137a4b54, org.springframework.security.web.authentication.AnonymousAuthenticationFilter@2ce47652, org.springframework.security.web.session.SessionManagementFilter@26d73519, org.springframework.security.web.access.ExceptionTranslationFilter@35ab4260, org.springframework.security.web.access.intercept.FilterSecurityInterceptor@1a01ffff]
2023-06-24 18:27:17.560  INFO 7012 --- [    Test worker] o.s.b.t.m.w.SpringBootMockServletContext : Initializing Spring TestDispatcherServlet ''
2023-06-24 18:27:17.561  INFO 7012 --- [    Test worker] o.s.t.web.servlet.TestDispatcherServlet  : Initializing Servlet ''
2023-06-24 18:27:17.561  INFO 7012 --- [    Test worker] o.s.t.web.servlet.TestDispatcherServlet  : Completed initialization in 0 ms
2023-06-24 18:27:17.580  INFO 7012 --- [    Test worker] o.AirAPI.controller.PilotControllerTest  : Started PilotControllerTest in 1.221 seconds (JVM running for 1.81)

MockHttpServletRequest:
      HTTP Method = GET
      Request URI = /home
       Parameters = {}
          Headers = [Authorization:"eyJhbGciOiJIUzI1NiJ9.eyJzdWIiOiIwMDEyMDAiLCJhY2Nlc3NfdGltZSI6Iuy5qOywqeunqCIsImlhdCI6MTY4NzU5ODgzNywiZXhwIjoxNjg3NjAwNjM3fQ.ej2J9cQCU1oBGMcVMtEAuw3s8FMTlaDFIqB44lfjqDc"]
             Body = null
    Session Attrs = {SPRING_SECURITY_CONTEXT=SecurityContextImpl [Authentication=UsernamePasswordAuthenticationToken [Principal=org.springframework.security.core.userdetails.User [Username=user, Password=[PROTECTED], Enabled=true, AccountNonExpired=true, credentialsNonExpired=true, AccountNonLocked=true, Granted Authorities=[ROLE_USER]], Credentials=[PROTECTED], Authenticated=true, Details=null, Granted Authorities=[ROLE_USER]]]}

Handler:
             Type = org.AirAPI.controller.PilotController
           Method = org.AirAPI.controller.PilotController#index(HttpServletRequest)

Async:
    Async started = false
     Async result = null

Resolved Exception:
             Type = null

ModelAndView:
        View name = null
             View = null
            Model = null

FlashMap:
       Attributes = null

MockHttpServletResponse:
           Status = 200
    Error message = null
          Headers = [Content-Type:"application/json", Authorization:"eyJhbGciOiJIUzI1NiJ9.eyJzdWIiOiIwMDEyMDAiLCJhY2Nlc3NfdGltZSI6Iuy5qOywqeunqCIsImlhdCI6MTY4NzU5ODgzNywiZXhwIjoxNjg3NjAwNjM3fQ.ej2J9cQCU1oBGMcVMtEAuw3s8FMTlaDFIqB44lfjqDc", message:"login Success", msg:"main page", X-Content-Type-Options:"nosniff", X-XSS-Protection:"1; mode=block", Cache-Control:"no-cache, no-store, max-age=0, must-revalidate", Pragma:"no-cache", Expires:"0", X-Frame-Options:"DENY"]
     Content type = application/json
             Body = 
    Forwarded URL = null
   Redirected URL = null
          Cookies = []
]]></system-out>
  <system-err><![CDATA[]]></system-err>
</testsuite>
