<?xml version="1.0" encoding="UTF-8"?>
<testsuite name="org.AirAPI.config.AWStextrackTest" tests="1" skipped="0" failures="0" errors="0" timestamp="2023-02-13T06:13:15" hostname="DESKTOP-CLGUOMH" time="6.6">
  <properties/>
  <testcase name="docTest()" classname="org.AirAPI.config.AWStextrackTest" time="6.6"/>
  <system-out><![CDATA[15:13:07.249 [Test worker] DEBUG org.springframework.test.context.BootstrapUtils - Instantiating CacheAwareContextLoaderDelegate from class [org.springframework.test.context.cache.DefaultCacheAwareContextLoaderDelegate]
15:13:07.272 [Test worker] DEBUG org.springframework.test.context.BootstrapUtils - Instantiating BootstrapContext using constructor [public org.springframework.test.context.support.DefaultBootstrapContext(java.lang.Class,org.springframework.test.context.CacheAwareContextLoaderDelegate)]
15:13:07.349 [Test worker] DEBUG org.springframework.test.context.BootstrapUtils - Instantiating TestContextBootstrapper for test class [org.AirAPI.config.AWStextrackTest] from class [org.springframework.boot.test.context.SpringBootTestContextBootstrapper]
15:13:07.367 [Test worker] INFO org.springframework.boot.test.context.SpringBootTestContextBootstrapper - Neither @ContextConfiguration nor @ContextHierarchy found for test class [org.AirAPI.config.AWStextrackTest], using SpringBootContextLoader
15:13:07.375 [Test worker] DEBUG org.springframework.test.context.support.AbstractContextLoader - Did not detect default resource location for test class [org.AirAPI.config.AWStextrackTest]: class path resource [org/AirAPI/config/AWStextrackTest-context.xml] does not exist
15:13:07.377 [Test worker] DEBUG org.springframework.test.context.support.AbstractContextLoader - Did not detect default resource location for test class [org.AirAPI.config.AWStextrackTest]: class path resource [org/AirAPI/config/AWStextrackTestContext.groovy] does not exist
15:13:07.377 [Test worker] INFO org.springframework.test.context.support.AbstractContextLoader - Could not detect default resource locations for test class [org.AirAPI.config.AWStextrackTest]: no resource found for suffixes {-context.xml, Context.groovy}.
15:13:07.379 [Test worker] INFO org.springframework.test.context.support.AnnotationConfigContextLoaderUtils - Could not detect default configuration classes for test class [org.AirAPI.config.AWStextrackTest]: AWStextrackTest does not declare any static, non-private, non-final, nested classes annotated with @Configuration.
15:13:07.458 [Test worker] DEBUG org.springframework.test.context.support.ActiveProfilesUtils - Could not find an 'annotation declaring class' for annotation type [org.springframework.test.context.ActiveProfiles] and class [org.AirAPI.config.AWStextrackTest]
15:13:07.592 [Test worker] DEBUG org.springframework.context.annotation.ClassPathScanningCandidateComponentProvider - Identified candidate component class: file [D:\Air_Scheduler\AirAPI\build\classes\java\main\org\AirAPI\Main.class]
15:13:07.594 [Test worker] INFO org.springframework.boot.test.context.SpringBootTestContextBootstrapper - Found @SpringBootConfiguration org.AirAPI.Main for test class org.AirAPI.config.AWStextrackTest
15:13:07.763 [Test worker] DEBUG org.springframework.boot.test.context.SpringBootTestContextBootstrapper - @TestExecutionListeners is not present for class [org.AirAPI.config.AWStextrackTest]: using defaults.
15:13:07.764 [Test worker] INFO org.springframework.boot.test.context.SpringBootTestContextBootstrapper - Loaded default TestExecutionListener class names from location [META-INF/spring.factories]: [org.springframework.boot.test.autoconfigure.restdocs.RestDocsTestExecutionListener, org.springframework.boot.test.autoconfigure.web.client.MockRestServiceServerResetTestExecutionListener, org.springframework.boot.test.autoconfigure.web.servlet.MockMvcPrintOnlyOnFailureTestExecutionListener, org.springframework.boot.test.autoconfigure.web.servlet.WebDriverTestExecutionListener, org.springframework.boot.test.autoconfigure.webservices.client.MockWebServiceServerTestExecutionListener, org.springframework.boot.test.mock.mockito.MockitoTestExecutionListener, org.springframework.boot.test.mock.mockito.ResetMocksTestExecutionListener, org.springframework.test.context.web.ServletTestExecutionListener, org.springframework.test.context.support.DirtiesContextBeforeModesTestExecutionListener, org.springframework.test.context.event.ApplicationEventsTestExecutionListener, org.springframework.test.context.support.DependencyInjectionTestExecutionListener, org.springframework.test.context.support.DirtiesContextTestExecutionListener, org.springframework.test.context.transaction.TransactionalTestExecutionListener, org.springframework.test.context.jdbc.SqlScriptsTestExecutionListener, org.springframework.test.context.event.EventPublishingTestExecutionListener]
15:13:07.788 [Test worker] INFO org.springframework.boot.test.context.SpringBootTestContextBootstrapper - Using TestExecutionListeners: [org.springframework.test.context.web.ServletTestExecutionListener@3d08f3f5, org.springframework.test.context.support.DirtiesContextBeforeModesTestExecutionListener@119f1f2a, org.springframework.test.context.event.ApplicationEventsTestExecutionListener@1a1da881, org.springframework.boot.test.mock.mockito.MockitoTestExecutionListener@5b970f7, org.springframework.boot.test.autoconfigure.SpringBootDependencyInjectionTestExecutionListener@7fd4acee, org.springframework.test.context.support.DirtiesContextTestExecutionListener@165b8a71, org.springframework.test.context.transaction.TransactionalTestExecutionListener@6175619b, org.springframework.test.context.jdbc.SqlScriptsTestExecutionListener@2f058b8a, org.springframework.test.context.event.EventPublishingTestExecutionListener@756cf158, org.springframework.boot.test.autoconfigure.restdocs.RestDocsTestExecutionListener@3f2ef586, org.springframework.boot.test.autoconfigure.web.client.MockRestServiceServerResetTestExecutionListener@751d3241, org.springframework.boot.test.autoconfigure.web.servlet.MockMvcPrintOnlyOnFailureTestExecutionListener@76c7beb3, org.springframework.boot.test.autoconfigure.web.servlet.WebDriverTestExecutionListener@64337702, org.springframework.boot.test.autoconfigure.webservices.client.MockWebServiceServerTestExecutionListener@2cf92cc7, org.springframework.boot.test.mock.mockito.ResetMocksTestExecutionListener@30ea8c23]
15:13:07.794 [Test worker] DEBUG org.springframework.test.context.support.AbstractDirtiesContextTestExecutionListener - Before test class: context [DefaultTestContext@70dd7e15 testClass = AWStextrackTest, testInstance = [null], testMethod = [null], testException = [null], mergedContextConfiguration = [WebMergedContextConfiguration@4a9f80d3 testClass = AWStextrackTest, locations = '{}', classes = '{class org.AirAPI.Main}', contextInitializerClasses = '[]', activeProfiles = '{}', propertySourceLocations = '{}', propertySourceProperties = '{org.springframework.boot.test.context.SpringBootTestContextBootstrapper=true}', contextCustomizers = set[org.springframework.boot.test.autoconfigure.actuate.metrics.MetricsExportContextCustomizerFactory$DisableMetricExportContextCustomizer@2dcd168a, org.springframework.boot.test.autoconfigure.properties.PropertyMappingContextCustomizer@0, org.springframework.boot.test.autoconfigure.web.servlet.WebDriverContextCustomizerFactory$Customizer@5b1ebf56, org.springframework.boot.test.context.filter.ExcludeFilterContextCustomizer@4f25b795, org.springframework.boot.test.json.DuplicateJsonObjectContextCustomizerFactory$DuplicateJsonObjectContextCustomizer@525575, org.springframework.boot.test.mock.mockito.MockitoContextCustomizer@0, org.springframework.boot.test.web.client.TestRestTemplateContextCustomizer@22d7b4f8, org.springframework.boot.test.context.SpringBootTestArgs@1, org.springframework.boot.test.context.SpringBootTestWebEnvironment@2a54a73f], resourceBasePath = 'src/main/webapp', contextLoader = 'org.springframework.boot.test.context.SpringBootContextLoader', parent = [null]], attributes = map['org.springframework.test.context.web.ServletTestExecutionListener.activateListener' -> true]], class annotated with @DirtiesContext [false] with mode [null].

  .   ____          _            __ _ _
 /\\ / ___'_ __ _ _(_)_ __  __ _ \ \ \ \
( ( )\___ | '_ | '_| | '_ \/ _` | \ \ \ \
 \\/  ___)| |_)| | | | | || (_| |  ) ) ) )
  '  |____| .__|_| |_|_| |_\__, | / / / /
 =========|_|==============|___/=/_/_/_/
 :: Spring Boot ::                (v2.7.5)

2023-02-13 15:13:08.439  INFO 4332 --- [    Test worker] org.AirAPI.config.AWStextrackTest        : Starting AWStextrackTest using Java 16.0.2 on DESKTOP-CLGUOMH with PID 4332 (started by KIWI NOTE in D:\Air_Scheduler\AirAPI)
2023-02-13 15:13:08.442  INFO 4332 --- [    Test worker] org.AirAPI.config.AWStextrackTest        : No active profile set, falling back to 1 default profile: "default"
2023-02-13 15:13:09.599  INFO 4332 --- [    Test worker] .s.d.r.c.RepositoryConfigurationDelegate : Bootstrapping Spring Data JPA repositories in DEFAULT mode.
2023-02-13 15:13:09.700  INFO 4332 --- [    Test worker] .s.d.r.c.RepositoryConfigurationDelegate : Finished Spring Data repository scanning in 83 ms. Found 1 JPA repository interfaces.
2023-02-13 15:13:11.071  INFO 4332 --- [    Test worker] o.hibernate.jpa.internal.util.LogHelper  : HHH000204: Processing PersistenceUnitInfo [name: default]
2023-02-13 15:13:11.180  INFO 4332 --- [    Test worker] org.hibernate.Version                    : HHH000412: Hibernate ORM core version 5.6.12.Final
2023-02-13 15:13:11.486  INFO 4332 --- [    Test worker] o.hibernate.annotations.common.Version   : HCANN000001: Hibernate Commons Annotations {5.1.2.Final}
2023-02-13 15:13:11.687  INFO 4332 --- [    Test worker] com.zaxxer.hikari.HikariDataSource       : HikariPool-1 - Starting...
2023-02-13 15:13:12.007  INFO 4332 --- [    Test worker] com.zaxxer.hikari.HikariDataSource       : HikariPool-1 - Start completed.
2023-02-13 15:13:12.038  INFO 4332 --- [    Test worker] org.hibernate.dialect.Dialect            : HHH000400: Using dialect: org.hibernate.dialect.H2Dialect
Hibernate: 
    
    drop table if exists schedule CASCADE 
Hibernate: 
    
    create table schedule (
       id integer not null,
        activity varchar(255),
        blk varchar(255),
        cnt_from varchar(255),
        cnt_to varchar(255),
        date varchar(255),
        duty varchar(255),
        pairing varchar(255),
        sta varchar(255),
        std varchar(255),
        primary key (id)
    )
2023-02-13 15:13:13.059  INFO 4332 --- [    Test worker] o.h.e.t.j.p.i.JtaPlatformInitiator       : HHH000490: Using JtaPlatform implementation: [org.hibernate.engine.transaction.jta.platform.internal.NoJtaPlatform]
2023-02-13 15:13:13.076  INFO 4332 --- [    Test worker] j.LocalContainerEntityManagerFactoryBean : Initialized JPA EntityManagerFactory for persistence unit 'default'
2023-02-13 15:13:14.090  WARN 4332 --- [    Test worker] JpaBaseConfiguration$JpaWebConfiguration : spring.jpa.open-in-view is enabled by default. Therefore, database queries may be performed during view rendering. Explicitly configure spring.jpa.open-in-view to disable this warning
2023-02-13 15:13:14.640  INFO 4332 --- [    Test worker] o.s.b.a.h2.H2ConsoleAutoConfiguration    : H2 console available at '/h2-console'. Database available at 'jdbc:h2:~/test'
2023-02-13 15:13:15.265  INFO 4332 --- [    Test worker] org.AirAPI.config.AWStextrackTest        : Started AWStextrackTest in 7.406 seconds (JVM running for 9.545)
2023-02-13 15:13:21.522  INFO 4332 --- [    Test worker] org.AirAPI.config.AWStextrackTest        : 01Jan23 , 0.03284322/0.052215457
2023-02-13 15:13:21.522  INFO 4332 --- [    Test worker] org.AirAPI.config.AWStextrackTest        : OFF , 0.371029/0.051922068
2023-02-13 15:13:21.523  INFO 4332 --- [    Test worker] org.AirAPI.config.AWStextrackTest        : GMP , 0.46044552/0.051960856
2023-02-13 15:13:21.523  INFO 4332 --- [    Test worker] org.AirAPI.config.AWStextrackTest        : 0000 , 0.54745525/0.05245088
2023-02-13 15:13:21.524  INFO 4332 --- [    Test worker] org.AirAPI.config.AWStextrackTest        : GMP , 0.59004587/0.051922746
2023-02-13 15:13:21.525  INFO 4332 --- [    Test worker] org.AirAPI.config.AWStextrackTest        : 2359 , 0.6772505/0.052134976
2023-02-13 15:13:21.526  INFO 4332 --- [    Test worker] org.AirAPI.config.AWStextrackTest        : 02Jan23 , 0.03265773/0.07081786
2023-02-13 15:13:21.527  INFO 4332 --- [    Test worker] org.AirAPI.config.AWStextrackTest        : F129 , 0.10065174/0.070341684
2023-02-13 15:13:21.528  INFO 4332 --- [    Test worker] org.AirAPI.config.AWStextrackTest        : 1755 , 0.26415655/0.07039918
2023-02-13 15:13:21.528  INFO 4332 --- [    Test worker] org.AirAPI.config.AWStextrackTest        : 129 , 0.37167722/0.070405856
2023-02-13 15:13:21.530  INFO 4332 --- [    Test worker] org.AirAPI.config.AWStextrackTest        : GMP , 0.46040323/0.070449166
2023-02-13 15:13:21.531  INFO 4332 --- [    Test worker] org.AirAPI.config.AWStextrackTest        : 1905 , 0.5482722/0.070665866
2023-02-13 15:13:21.532  INFO 4332 --- [    Test worker] org.AirAPI.config.AWStextrackTest        : CJU , 0.5900106/0.07055684
2023-02-13 15:13:21.534  INFO 4332 --- [    Test worker] org.AirAPI.config.AWStextrackTest        : 2015 , 0.67720914/0.070567854
2023-02-13 15:13:21.535  INFO 4332 --- [    Test worker] org.AirAPI.config.AWStextrackTest        : 2220 , 0.32849053/0.089484036
2023-02-13 15:13:21.535  INFO 4332 --- [    Test worker] org.AirAPI.config.AWStextrackTest        : 128 , 0.37178776/0.08943267
2023-02-13 15:13:21.536  INFO 4332 --- [    Test worker] org.AirAPI.config.AWStextrackTest        : CJU , 0.46031773/0.08940694
2023-02-13 15:13:21.537  INFO 4332 --- [    Test worker] org.AirAPI.config.AWStextrackTest        : 2050 , 0.5476092/0.089506164
2023-02-13 15:13:21.538  INFO 4332 --- [    Test worker] org.AirAPI.config.AWStextrackTest        : GMP , 0.58992815/0.08940035
2023-02-13 15:13:21.539  INFO 4332 --- [    Test worker] org.AirAPI.config.AWStextrackTest        : 2200 , 0.67738926/0.089508265
2023-02-13 15:13:21.540  INFO 4332 --- [    Test worker] org.AirAPI.config.AWStextrackTest        : 03Jan23 , 0.03277992/0.10813239
2023-02-13 15:13:21.542  INFO 4332 --- [    Test worker] org.AirAPI.config.AWStextrackTest        : F1406 , 0.10071448/0.10767034
2023-02-13 15:13:21.542  INFO 4332 --- [    Test worker] org.AirAPI.config.AWStextrackTest        : 1410 , 0.26431462/0.10774077
2023-02-13 15:13:21.543  INFO 4332 --- [    Test worker] org.AirAPI.config.AWStextrackTest        : 1406 , 0.37172297/0.10788054
2023-02-13 15:13:21.545  INFO 4332 --- [    Test worker] org.AirAPI.config.AWStextrackTest        : ICN , 0.46065065/0.107702896
2023-02-13 15:13:21.546  INFO 4332 --- [    Test worker] org.AirAPI.config.AWStextrackTest        : 1620 , 0.5482506/0.10757814
2023-02-13 15:13:21.546  INFO 4332 --- [    Test worker] org.AirAPI.config.AWStextrackTest        : FUK , 0.5901475/0.107472606
2023-02-13 15:13:21.547  INFO 4332 --- [    Test worker] org.AirAPI.config.AWStextrackTest        : 1755 , 0.6780429/0.10768843
2023-02-13 15:13:21.548  INFO 4332 --- [    Test worker] org.AirAPI.config.AWStextrackTest        : 2115 , 0.32859203/0.12632671
2023-02-13 15:13:21.549  INFO 4332 --- [    Test worker] org.AirAPI.config.AWStextrackTest        : 1405 , 0.3717662/0.1262873
2023-02-13 15:13:21.551  INFO 4332 --- [    Test worker] org.AirAPI.config.AWStextrackTest        : FUK , 0.46064395/0.1262647
2023-02-13 15:13:21.551  INFO 4332 --- [    Test worker] org.AirAPI.config.AWStextrackTest        : 1845 , 0.5481262/0.12635008
2023-02-13 15:13:21.552  INFO 4332 --- [    Test worker] org.AirAPI.config.AWStextrackTest        : ICN , 0.590497/0.1265402
2023-02-13 15:13:21.554  INFO 4332 --- [    Test worker] org.AirAPI.config.AWStextrackTest        : 2015 , 0.6772201/0.12663299
2023-02-13 15:13:21.555  INFO 4332 --- [    Test worker] org.AirAPI.config.AWStextrackTest        : 04Jan23 , 0.03281085/0.14494532
2023-02-13 15:13:21.556  INFO 4332 --- [    Test worker] org.AirAPI.config.AWStextrackTest        : OFF , 0.37102625/0.14495505
2023-02-13 15:13:21.560  INFO 4332 --- [    Test worker] org.AirAPI.config.AWStextrackTest        : GMP , 0.46035776/0.1448356
2023-02-13 15:13:21.561  INFO 4332 --- [    Test worker] org.AirAPI.config.AWStextrackTest        : 0000 , 0.54725724/0.14505088
2023-02-13 15:13:21.562  INFO 4332 --- [    Test worker] org.AirAPI.config.AWStextrackTest        : GMP , 0.5898212/0.14485657
2023-02-13 15:13:21.566  INFO 4332 --- [    Test worker] org.AirAPI.config.AWStextrackTest        : 2359 , 0.6772282/0.14504291
2023-02-13 15:13:21.569  INFO 4332 --- [    Test worker] org.AirAPI.config.AWStextrackTest        : 05Jan23 , 0.032736354/0.16378117
2023-02-13 15:13:21.572  INFO 4332 --- [    Test worker] org.AirAPI.config.AWStextrackTest        : 1630 , 0.26443413/0.1639741
2023-02-13 15:13:21.574  INFO 4332 --- [    Test worker] org.AirAPI.config.AWStextrackTest        : 2230 , 0.32851872/0.16394761
2023-02-13 15:13:21.575  INFO 4332 --- [    Test worker] org.AirAPI.config.AWStextrackTest        : SIM1 , 0.3711046/0.16377814
2023-02-13 15:13:21.576  INFO 4332 --- [    Test worker] org.AirAPI.config.AWStextrackTest        : GMP , 0.4603428/0.16379161
2023-02-13 15:13:21.577  INFO 4332 --- [    Test worker] org.AirAPI.config.AWStextrackTest        : 1630 , 0.54829395/0.16397856
2023-02-13 15:13:21.578  INFO 4332 --- [    Test worker] org.AirAPI.config.AWStextrackTest        : GMP , 0.5898419/0.16379546
2023-02-13 15:13:21.579  INFO 4332 --- [    Test worker] org.AirAPI.config.AWStextrackTest        : 2230 , 0.6773911/0.16407566
2023-02-13 15:13:21.580  INFO 4332 --- [    Test worker] org.AirAPI.config.AWStextrackTest        : 06Jan23 , 0.032759346/0.18223742
2023-02-13 15:13:21.582  INFO 4332 --- [    Test worker] org.AirAPI.config.AWStextrackTest        : 1630 , 0.26423946/0.18225634
2023-02-13 15:13:21.583  INFO 4332 --- [    Test worker] org.AirAPI.config.AWStextrackTest        : 2230 , 0.32856724/0.18234152
2023-02-13 15:13:21.584  INFO 4332 --- [    Test worker] org.AirAPI.config.AWStextrackTest        : SIM1 , 0.37108153/0.18214394
2023-02-13 15:13:21.587  INFO 4332 --- [    Test worker] org.AirAPI.config.AWStextrackTest        : GMP , 0.4603915/0.18206923
2023-02-13 15:13:21.592  INFO 4332 --- [    Test worker] org.AirAPI.config.AWStextrackTest        : 1630 , 0.54836285/0.18216874
2023-02-13 15:13:21.594  INFO 4332 --- [    Test worker] org.AirAPI.config.AWStextrackTest        : GMP , 0.5898443/0.18195418
2023-02-13 15:13:21.595  INFO 4332 --- [    Test worker] org.AirAPI.config.AWStextrackTest        : 2230 , 0.67743134/0.18242936
2023-02-13 15:13:21.597  INFO 4332 --- [    Test worker] org.AirAPI.config.AWStextrackTest        : 07Jan23 , 0.033030156/0.20115362
2023-02-13 15:13:21.598  INFO 4332 --- [    Test worker] org.AirAPI.config.AWStextrackTest        : 1630 , 0.26440927/0.20115851
2023-02-13 15:13:21.603  INFO 4332 --- [    Test worker] org.AirAPI.config.AWStextrackTest        : 2230 , 0.3287736/0.20117782
2023-02-13 15:13:21.612  INFO 4332 --- [    Test worker] org.AirAPI.config.AWStextrackTest        : SIM1 , 0.37112156/0.20094985
2023-02-13 15:13:21.614  INFO 4332 --- [    Test worker] org.AirAPI.config.AWStextrackTest        : GMP , 0.4605259/0.20099652
2023-02-13 15:13:21.615  INFO 4332 --- [    Test worker] org.AirAPI.config.AWStextrackTest        : 1630 , 0.5482274/0.2011678
2023-02-13 15:13:21.616  INFO 4332 --- [    Test worker] org.AirAPI.config.AWStextrackTest        : GMP , 0.5899135/0.20092988
2023-02-13 15:13:21.616  INFO 4332 --- [    Test worker] org.AirAPI.config.AWStextrackTest        : 2230 , 0.6775728/0.20130995
2023-02-13 15:13:21.617  INFO 4332 --- [    Test worker] org.AirAPI.config.AWStextrackTest        : 08Jan23 , 0.03291904/0.21941605
2023-02-13 15:13:21.620  INFO 4332 --- [    Test worker] org.AirAPI.config.AWStextrackTest        : OFF , 0.3711478/0.2194907
2023-02-13 15:13:21.621  INFO 4332 --- [    Test worker] org.AirAPI.config.AWStextrackTest        : GMP , 0.46037287/0.21945196
2023-02-13 15:13:21.623  INFO 4332 --- [    Test worker] org.AirAPI.config.AWStextrackTest        : 0000 , 0.5472651/0.21973708
2023-02-13 15:13:21.626  INFO 4332 --- [    Test worker] org.AirAPI.config.AWStextrackTest        : GMP , 0.5897819/0.21938287
2023-02-13 15:13:21.627  INFO 4332 --- [    Test worker] org.AirAPI.config.AWStextrackTest        : 2359 , 0.67736626/0.21963425
2023-02-13 15:13:21.628  INFO 4332 --- [    Test worker] org.AirAPI.config.AWStextrackTest        : 09Jan23 , 0.032922346/0.23824406
2023-02-13 15:13:21.630  INFO 4332 --- [    Test worker] org.AirAPI.config.AWStextrackTest        : OFF , 0.37101108/0.23822977
2023-02-13 15:13:21.631  INFO 4332 --- [    Test worker] org.AirAPI.config.AWStextrackTest        : GMP , 0.46027178/0.2381387
2023-02-13 15:13:21.635  INFO 4332 --- [    Test worker] org.AirAPI.config.AWStextrackTest        : 0000 , 0.54732233/0.23861252
2023-02-13 15:13:21.637  INFO 4332 --- [    Test worker] org.AirAPI.config.AWStextrackTest        : GMP , 0.58978534/0.23819277
2023-02-13 15:13:21.638  INFO 4332 --- [    Test worker] org.AirAPI.config.AWStextrackTest        : 2359 , 0.67737997/0.23852226
2023-02-13 15:13:21.640  INFO 4332 --- [    Test worker] org.AirAPI.config.AWStextrackTest        : 10Jan23 , 0.034108497/0.25665292
2023-02-13 15:13:21.642  INFO 4332 --- [    Test worker] org.AirAPI.config.AWStextrackTest        : F1454 , 0.10074679/0.25664076
2023-02-13 15:13:21.643  INFO 4332 --- [    Test worker] org.AirAPI.config.AWStextrackTest        : DH , 0.19017422/0.25654018
2023-02-13 15:13:21.644  INFO 4332 --- [    Test worker] org.AirAPI.config.AWStextrackTest        : 0915 , 0.2633958/0.25656983
2023-02-13 15:13:21.645  INFO 4332 --- [    Test worker] org.AirAPI.config.AWStextrackTest        : AIR , 0.3701897/0.2568923
2023-02-13 15:13:21.646  INFO 4332 --- [    Test worker] org.AirAPI.config.AWStextrackTest        : GMP , 0.46078342/0.25625423
2023-02-13 15:13:21.647  INFO 4332 --- [    Test worker] org.AirAPI.config.AWStextrackTest        : 1025 , 0.5482187/0.25667924
2023-02-13 15:13:21.648  INFO 4332 --- [    Test worker] org.AirAPI.config.AWStextrackTest        : PUS , 0.590223/0.25633702
2023-02-13 15:13:21.648  INFO 4332 --- [    Test worker] org.AirAPI.config.AWStextrackTest        : 1130 , 0.678023/0.2566986
2023-02-13 15:13:21.652  INFO 4332 --- [    Test worker] org.AirAPI.config.AWStextrackTest        : 1454 , 0.37156293/0.27545348
2023-02-13 15:13:21.653  INFO 4332 --- [    Test worker] org.AirAPI.config.AWStextrackTest        : PUS , 0.46065181/0.27542433
2023-02-13 15:13:21.654  INFO 4332 --- [    Test worker] org.AirAPI.config.AWStextrackTest        : 1320 , 0.5482898/0.27556622
2023-02-13 15:13:21.655  INFO 4332 --- [    Test worker] org.AirAPI.config.AWStextrackTest        : FUK , 0.59015554/0.2754861
2023-02-13 15:13:21.656  INFO 4332 --- [    Test worker] org.AirAPI.config.AWStextrackTest        : 1420 , 0.67799085/0.27557132
2023-02-13 15:13:21.656  INFO 4332 --- [    Test worker] org.AirAPI.config.AWStextrackTest        : F1454 , 0.10075175/0.29381758
2023-02-13 15:13:21.657  INFO 4332 --- [    Test worker] org.AirAPI.config.AWStextrackTest        : 1620 , 0.32899013/0.29376838
2023-02-13 15:13:21.657  INFO 4332 --- [    Test worker] org.AirAPI.config.AWStextrackTest        : 1453 , 0.37145808/0.29382154
2023-02-13 15:13:21.658  INFO 4332 --- [    Test worker] org.AirAPI.config.AWStextrackTest        : FUK , 0.46086505/0.2939528
2023-02-13 15:13:21.658  INFO 4332 --- [    Test worker] org.AirAPI.config.AWStextrackTest        : 1510 , 0.54832196/0.29395947
2023-02-13 15:13:21.658  INFO 4332 --- [    Test worker] org.AirAPI.config.AWStextrackTest        : PUS , 0.59013414/0.29386735
2023-02-13 15:13:21.659  INFO 4332 --- [    Test worker] org.AirAPI.config.AWStextrackTest        : 1600 , 0.6781475/0.29402387
2023-02-13 15:13:21.660  INFO 4332 --- [    Test worker] org.AirAPI.config.AWStextrackTest        : LAYOV , 0.37096277/0.31239417
2023-02-13 15:13:21.663  INFO 4332 --- [    Test worker] org.AirAPI.config.AWStextrackTest        : PUS , 0.46070892/0.3125947
2023-02-13 15:13:21.664  INFO 4332 --- [    Test worker] org.AirAPI.config.AWStextrackTest        : 1710 , 0.5482778/0.31244686
2023-02-13 15:13:21.664  INFO 4332 --- [    Test worker] org.AirAPI.config.AWStextrackTest        : PUS , 0.5901824/0.31247988
2023-02-13 15:13:21.665  INFO 4332 --- [    Test worker] org.AirAPI.config.AWStextrackTest        : 1630 , 0.67816716/0.31273782
2023-02-13 15:13:21.665  INFO 4332 --- [    Test worker] org.AirAPI.config.AWStextrackTest        : 11Jan23 , 0.03411958/0.33116883
2023-02-13 15:13:21.666  INFO 4332 --- [    Test worker] org.AirAPI.config.AWStextrackTest        : F1454 , 0.10063525/0.33106872
2023-02-13 15:13:21.667  INFO 4332 --- [    Test worker] org.AirAPI.config.AWStextrackTest        : 1720 , 0.26415735/0.33117056
2023-02-13 15:13:21.667  INFO 4332 --- [    Test worker] org.AirAPI.config.AWStextrackTest        : 2240 , 0.3287235/0.33118367
2023-02-13 15:13:21.669  INFO 4332 --- [    Test worker] org.AirAPI.config.AWStextrackTest        : 4257 , 0.37088463/0.33115757
2023-02-13 15:13:21.670  INFO 4332 --- [    Test worker] org.AirAPI.config.AWStextrackTest        : PUS , 0.46058422/0.33103666
2023-02-13 15:13:21.671  INFO 4332 --- [    Test worker] org.AirAPI.config.AWStextrackTest        : 1840 , 0.54822415/0.3311416
2023-02-13 15:13:21.671  INFO 4332 --- [    Test worker] org.AirAPI.config.AWStextrackTest        : CNX , 0.58993995/0.33093053
2023-02-13 15:13:21.673  INFO 4332 --- [    Test worker] org.AirAPI.config.AWStextrackTest        : 0020 , 0.6770969/0.33125043
2023-02-13 15:13:21.674  INFO 4332 --- [    Test worker] org.AirAPI.config.AWStextrackTest        : 12Jan23 , 0.033472907/0.35044983
2023-02-13 15:13:21.675  INFO 4332 --- [    Test worker] org.AirAPI.config.AWStextrackTest        : F1454 , 0.10063361/0.34996852
2023-02-13 15:13:21.676  INFO 4332 --- [    Test worker] org.AirAPI.config.AWStextrackTest        : LAYOV , 0.37112993/0.3498012
2023-02-13 15:13:21.677  INFO 4332 --- [    Test worker] org.AirAPI.config.AWStextrackTest        : CNX , 0.46023065/0.349914
2023-02-13 15:13:21.678  INFO 4332 --- [    Test worker] org.AirAPI.config.AWStextrackTest        : 0100 , 0.5473031/0.35000074
2023-02-13 15:13:21.678  INFO 4332 --- [    Test worker] org.AirAPI.config.AWStextrackTest        : CNX , 0.5897151/0.34978306
2023-02-13 15:13:21.678  INFO 4332 --- [    Test worker] org.AirAPI.config.AWStextrackTest        : 0010 , 0.67700183/0.35012197
2023-02-13 15:13:21.678  INFO 4332 --- [    Test worker] org.AirAPI.config.AWStextrackTest        : 13Jan23 , 0.033890877/0.36819077
2023-02-13 15:13:21.679  INFO 4332 --- [    Test worker] org.AirAPI.config.AWStextrackTest        : F1454 , 0.10075483/0.36812535
2023-02-13 15:13:21.679  INFO 4332 --- [    Test worker] org.AirAPI.config.AWStextrackTest        : 2230 , 0.26363832/0.3684468
2023-02-13 15:13:21.679  INFO 4332 --- [    Test worker] org.AirAPI.config.AWStextrackTest        : 0720 , 0.32826746/0.36834282
2023-02-13 15:13:21.679  INFO 4332 --- [    Test worker] org.AirAPI.config.AWStextrackTest        : 4206 , 0.37072504/0.36845183
2023-02-13 15:13:21.679  INFO 4332 --- [    Test worker] org.AirAPI.config.AWStextrackTest        : CNX , 0.46026742/0.36827835
2023-02-13 15:13:21.679  INFO 4332 --- [    Test worker] org.AirAPI.config.AWStextrackTest        : 0130 , 0.54728335/0.3683659
2023-02-13 15:13:21.679  INFO 4332 --- [    Test worker] org.AirAPI.config.AWStextrackTest        : ICN , 0.5902541/0.36817586
2023-02-13 15:13:21.679  INFO 4332 --- [    Test worker] org.AirAPI.config.AWStextrackTest        : 0620 , 0.6770458/0.36850122
2023-02-13 15:13:21.679  INFO 4332 --- [    Test worker] org.AirAPI.config.AWStextrackTest        : 14Jan23 , 0.033833344/0.38737893
2023-02-13 15:13:21.679  INFO 4332 --- [    Test worker] org.AirAPI.config.AWStextrackTest        : OFF , 0.37098542/0.38713512
2023-02-13 15:13:21.679  INFO 4332 --- [    Test worker] org.AirAPI.config.AWStextrackTest        : GMP , 0.4603103/0.38703084
2023-02-13 15:13:21.680  INFO 4332 --- [    Test worker] org.AirAPI.config.AWStextrackTest        : 0000 , 0.5471928/0.38727
2023-02-13 15:13:21.680  INFO 4332 --- [    Test worker] org.AirAPI.config.AWStextrackTest        : GMP , 0.58975154/0.38700664
2023-02-13 15:13:21.680  INFO 4332 --- [    Test worker] org.AirAPI.config.AWStextrackTest        : 2359 , 0.67726594/0.38722357
2023-02-13 15:13:21.680  INFO 4332 --- [    Test worker] org.AirAPI.config.AWStextrackTest        : 15Jan23 , 0.033931237/0.4055725
2023-02-13 15:13:21.680  INFO 4332 --- [    Test worker] org.AirAPI.config.AWStextrackTest        : OFF , 0.37093064/0.4055045
2023-02-13 15:13:21.680  INFO 4332 --- [    Test worker] org.AirAPI.config.AWStextrackTest        : GMP , 0.46030992/0.4053659
2023-02-13 15:13:21.680  INFO 4332 --- [    Test worker] org.AirAPI.config.AWStextrackTest        : 0000 , 0.5472603/0.40564945
2023-02-13 15:13:21.680  INFO 4332 --- [    Test worker] org.AirAPI.config.AWStextrackTest        : GMP , 0.5898073/0.40536997
2023-02-13 15:13:21.680  INFO 4332 --- [    Test worker] org.AirAPI.config.AWStextrackTest        : 2359 , 0.67726755/0.4056095
2023-02-13 15:13:21.680  INFO 4332 --- [    Test worker] org.AirAPI.config.AWStextrackTest        : 16Jan23 , 0.03381843/0.42444515
2023-02-13 15:13:21.680  INFO 4332 --- [    Test worker] org.AirAPI.config.AWStextrackTest        : 1530 , 0.26436147/0.4245649
2023-02-13 15:13:21.680  INFO 4332 --- [    Test worker] org.AirAPI.config.AWStextrackTest        : 2030 , 0.32835695/0.42459318
2023-02-13 15:13:21.680  INFO 4332 --- [    Test worker] org.AirAPI.config.AWStextrackTest        : OFC , 0.3709787/0.42443675
2023-02-13 15:13:21.681  INFO 4332 --- [    Test worker] org.AirAPI.config.AWStextrackTest        : GMP , 0.46031353/0.424357
2023-02-13 15:13:21.681  INFO 4332 --- [    Test worker] org.AirAPI.config.AWStextrackTest        : 1530 , 0.54837674/0.42459005
2023-02-13 15:13:21.681  INFO 4332 --- [    Test worker] org.AirAPI.config.AWStextrackTest        : GMP , 0.589917/0.42440116
2023-02-13 15:13:21.681  INFO 4332 --- [    Test worker] org.AirAPI.config.AWStextrackTest        : 2030 , 0.67715895/0.42449194
2023-02-13 15:13:21.681  INFO 4332 --- [    Test worker] org.AirAPI.config.AWStextrackTest        : 17Jan23 , 0.033963356/0.4426849
2023-02-13 15:13:21.681  INFO 4332 --- [    Test worker] org.AirAPI.config.AWStextrackTest        : F2203 , 0.10067865/0.4427384
2023-02-13 15:13:21.681  INFO 4332 --- [    Test worker] org.AirAPI.config.AWStextrackTest        : 1720 , 0.26438025/0.44272226
2023-02-13 15:13:21.681  INFO 4332 --- [    Test worker] org.AirAPI.config.AWStextrackTest        : 0005 , 0.328239/0.44292903
2023-02-13 15:13:21.681  INFO 4332 --- [    Test worker] org.AirAPI.config.AWStextrackTest        : 2203 , 0.3707825/0.4428321
2023-02-13 15:13:21.681  INFO 4332 --- [    Test worker] org.AirAPI.config.AWStextrackTest        : ICN , 0.46039915/0.44271445
2023-02-13 15:13:21.681  INFO 4332 --- [    Test worker] org.AirAPI.config.AWStextrackTest        : 1930 , 0.5483823/0.44278598
2023-02-13 15:13:21.681  INFO 4332 --- [    Test worker] org.AirAPI.config.AWStextrackTest        : BKK , 0.5902191/0.442678
2023-02-13 15:13:21.681  INFO 4332 --- [    Test worker] org.AirAPI.config.AWStextrackTest        : 0145 , 0.67694443/0.44271204
2023-02-13 15:13:21.682  INFO 4332 --- [    Test worker] org.AirAPI.config.AWStextrackTest        : 18Jan23 , 0.03396927/0.46184412
2023-02-13 15:13:21.682  INFO 4332 --- [    Test worker] org.AirAPI.config.AWStextrackTest        : F2203 , 0.10064849/0.46156958
2023-02-13 15:13:21.682  INFO 4332 --- [    Test worker] org.AirAPI.config.AWStextrackTest        : LAYOV , 0.37106714/0.46134838
2023-02-13 15:13:21.682  INFO 4332 --- [    Test worker] org.AirAPI.config.AWStextrackTest        : BKK , 0.46065393/0.4615971
2023-02-13 15:13:21.682  INFO 4332 --- [    Test worker] org.AirAPI.config.AWStextrackTest        : 0300 , 0.54752606/0.4617129
2023-02-13 15:13:21.682  INFO 4332 --- [    Test worker] org.AirAPI.config.AWStextrackTest        : BKK , 0.5904776/0.46146214
2023-02-13 15:13:21.682  INFO 4332 --- [    Test worker] org.AirAPI.config.AWStextrackTest        : 0115 , 0.677042/0.4614551
2023-02-13 15:13:21.682  INFO 4332 --- [    Test worker] org.AirAPI.config.AWStextrackTest        : 19Jan23 , 0.03367037/0.4805408
2023-02-13 15:13:21.682  INFO 4332 --- [    Test worker] org.AirAPI.config.AWStextrackTest        : F2203 , 0.100536436/0.48015055
2023-02-13 15:13:21.682  INFO 4332 --- [    Test worker] org.AirAPI.config.AWStextrackTest        : 0010 , 0.26324075/0.48010623
2023-02-13 15:13:21.682  INFO 4332 --- [    Test worker] org.AirAPI.config.AWStextrackTest        : 2252 , 0.37093383/0.48019803
2023-02-13 15:13:21.682  INFO 4332 --- [    Test worker] org.AirAPI.config.AWStextrackTest        : BKK , 0.4606235/0.48010397
2023-02-13 15:13:21.682  INFO 4332 --- [    Test worker] org.AirAPI.config.AWStextrackTest        : 0310 , 0.5473388/0.48012134
2023-02-13 15:13:21.683  INFO 4332 --- [    Test worker] org.AirAPI.config.AWStextrackTest        : PUS , 0.59008086/0.47995502
2023-02-13 15:13:21.683  INFO 4332 --- [    Test worker] org.AirAPI.config.AWStextrackTest        : 0835 , 0.6770993/0.48018017
2023-02-13 15:13:21.683  INFO 4332 --- [    Test worker] org.AirAPI.config.AWStextrackTest        : DH , 0.18996602/0.4989541
2023-02-13 15:13:21.683  INFO 4332 --- [    Test worker] org.AirAPI.config.AWStextrackTest        : 1120 , 0.32914165/0.49880043
2023-02-13 15:13:21.683  INFO 4332 --- [    Test worker] org.AirAPI.config.AWStextrackTest        : AIR , 0.3702659/0.49884617
2023-02-13 15:13:21.683  INFO 4332 --- [    Test worker] org.AirAPI.config.AWStextrackTest        : PUS , 0.46071553/0.4987743
2023-02-13 15:13:21.683  INFO 4332 --- [    Test worker] org.AirAPI.config.AWStextrackTest        : 1000 , 0.5482648/0.49893084
2023-02-13 15:13:21.683  INFO 4332 --- [    Test worker] org.AirAPI.config.AWStextrackTest        : GMP , 0.5898456/0.4987478
2023-02-13 15:13:21.683  INFO 4332 --- [    Test worker] org.AirAPI.config.AWStextrackTest        : 1100 , 0.6780578/0.49895224
2023-02-13 15:13:21.683  INFO 4332 --- [    Test worker] org.AirAPI.config.AWStextrackTest        : 20Jan23 , 0.03336239/0.5174232
2023-02-13 15:13:21.684  INFO 4332 --- [    Test worker] org.AirAPI.config.AWStextrackTest        : OFF , 0.37098858/0.51723135
2023-02-13 15:13:21.684  INFO 4332 --- [    Test worker] org.AirAPI.config.AWStextrackTest        : GMP , 0.46032944/0.5170945
2023-02-13 15:13:21.684  INFO 4332 --- [    Test worker] org.AirAPI.config.AWStextrackTest        : 0000 , 0.5472474/0.5173591
2023-02-13 15:13:21.684  INFO 4332 --- [    Test worker] org.AirAPI.config.AWStextrackTest        : GMP , 0.58978295/0.5170619
2023-02-13 15:13:21.684  INFO 4332 --- [    Test worker] org.AirAPI.config.AWStextrackTest        : 2359 , 0.67719215/0.5172775
2023-02-13 15:13:21.684  INFO 4332 --- [    Test worker] org.AirAPI.config.AWStextrackTest        : 21Jan23 , 0.03333796/0.536049
2023-02-13 15:13:21.684  INFO 4332 --- [    Test worker] org.AirAPI.config.AWStextrackTest        : F1602 , 0.100689724/0.5360181
2023-02-13 15:13:21.684  INFO 4332 --- [    Test worker] org.AirAPI.config.AWStextrackTest        : 0900 , 0.2633069/0.53628284
2023-02-13 15:13:21.684  INFO 4332 --- [    Test worker] org.AirAPI.config.AWStextrackTest        : 1602 , 0.37145382/0.53618306
2023-02-13 15:13:21.684  INFO 4332 --- [    Test worker] org.AirAPI.config.AWStextrackTest        : ICN , 0.46047178/0.5361072
2023-02-13 15:13:21.684  INFO 4332 --- [    Test worker] org.AirAPI.config.AWStextrackTest        : 1110 , 0.5481348/0.5362317
2023-02-13 15:13:21.684  INFO 4332 --- [    Test worker] org.AirAPI.config.AWStextrackTest        : NGO , 0.59002376/0.536033
2023-02-13 15:13:21.684  INFO 4332 --- [    Test worker] org.AirAPI.config.AWStextrackTest        : 1300 , 0.6779778/0.5361647
2023-02-13 15:13:21.685  INFO 4332 --- [    Test worker] org.AirAPI.config.AWStextrackTest        : 1700 , 0.32892537/0.5543728
2023-02-13 15:13:21.685  INFO 4332 --- [    Test worker] org.AirAPI.config.AWStextrackTest        : 1601 , 0.37143472/0.5544711
2023-02-13 15:13:21.685  INFO 4332 --- [    Test worker] org.AirAPI.config.AWStextrackTest        : NGO , 0.46058166/0.55450964
2023-02-13 15:13:21.685  INFO 4332 --- [    Test worker] org.AirAPI.config.AWStextrackTest        : 1350 , 0.54833907/0.55453116
2023-02-13 15:13:21.685  INFO 4332 --- [    Test worker] org.AirAPI.config.AWStextrackTest        : ICN , 0.59015757/0.5544385
2023-02-13 15:13:21.685  INFO 4332 --- [    Test worker] org.AirAPI.config.AWStextrackTest        : 1600 , 0.6780585/0.55460376
2023-02-13 15:13:21.685  INFO 4332 --- [    Test worker] org.AirAPI.config.AWStextrackTest        : 22Jan23 , 0.033233065/0.5732312
2023-02-13 15:13:21.685  INFO 4332 --- [    Test worker] org.AirAPI.config.AWStextrackTest        : VAC , 0.37031075/0.573164
2023-02-13 15:13:21.685  INFO 4332 --- [    Test worker] org.AirAPI.config.AWStextrackTest        : GMP , 0.46036324/0.5731491
2023-02-13 15:13:21.685  INFO 4332 --- [    Test worker] org.AirAPI.config.AWStextrackTest        : 0000 , 0.54731506/0.5734527
2023-02-13 15:13:21.685  INFO 4332 --- [    Test worker] org.AirAPI.config.AWStextrackTest        : GMP , 0.58984816/0.5730257
2023-02-13 15:13:21.685  INFO 4332 --- [    Test worker] org.AirAPI.config.AWStextrackTest        : 2359 , 0.67729783/0.5733838
2023-02-13 15:13:21.686  INFO 4332 --- [    Test worker] org.AirAPI.config.AWStextrackTest        : 23Jan23 , 0.033229798/0.59174865
2023-02-13 15:13:21.686  INFO 4332 --- [    Test worker] org.AirAPI.config.AWStextrackTest        : OFF , 0.37091023/0.59169024
2023-02-13 15:13:21.686  INFO 4332 --- [    Test worker] org.AirAPI.config.AWStextrackTest        : GMP , 0.46057233/0.591439
2023-02-13 15:13:21.686  INFO 4332 --- [    Test worker] org.AirAPI.config.AWStextrackTest        : 0000 , 0.5474169/0.5917636
2023-02-13 15:13:21.686  INFO 4332 --- [    Test worker] org.AirAPI.config.AWStextrackTest        : GMP , 0.58995205/0.59145427
2023-02-13 15:13:21.686  INFO 4332 --- [    Test worker] org.AirAPI.config.AWStextrackTest        : 2359 , 0.67737585/0.59173197
2023-02-13 15:13:21.686  INFO 4332 --- [    Test worker] org.AirAPI.config.AWStextrackTest        : 24Jan23 , 0.03279941/0.6109396
2023-02-13 15:13:21.686  INFO 4332 --- [    Test worker] org.AirAPI.config.AWStextrackTest        : F105B , 0.100667536/0.61045176
2023-02-13 15:13:21.686  INFO 4332 --- [    Test worker] org.AirAPI.config.AWStextrackTest        : 0640 , 0.26321018/0.61067426
2023-02-13 15:13:21.686  INFO 4332 --- [    Test worker] org.AirAPI.config.AWStextrackTest        : 105 , 0.3715944/0.6106297
2023-02-13 15:13:21.686  INFO 4332 --- [    Test worker] org.AirAPI.config.AWStextrackTest        : GMP , 0.46031427/0.6103689
2023-02-13 15:13:21.686  INFO 4332 --- [    Test worker] org.AirAPI.config.AWStextrackTest        : 0750 , 0.5473451/0.6105669
2023-02-13 15:13:21.686  INFO 4332 --- [    Test worker] org.AirAPI.config.AWStextrackTest        : CJU , 0.5897984/0.61050683
2023-02-13 15:13:21.686  INFO 4332 --- [    Test worker] org.AirAPI.config.AWStextrackTest        : 0900 , 0.6768193/0.61056423
2023-02-13 15:13:21.687  INFO 4332 --- [    Test worker] org.AirAPI.config.AWStextrackTest        : 802 , 0.37091753/0.62908137
2023-02-13 15:13:21.687  INFO 4332 --- [    Test worker] org.AirAPI.config.AWStextrackTest        : CJU , 0.4602883/0.62890947
2023-02-13 15:13:21.687  INFO 4332 --- [    Test worker] org.AirAPI.config.AWStextrackTest        : 0940 , 0.5473141/0.6290615
2023-02-13 15:13:21.687  INFO 4332 --- [    Test worker] org.AirAPI.config.AWStextrackTest        : CJJ , 0.5898117/0.62889564
2023-02-13 15:13:21.687  INFO 4332 --- [    Test worker] org.AirAPI.config.AWStextrackTest        : 1040 , 0.6780428/0.6289641
2023-02-13 15:13:21.687  INFO 4332 --- [    Test worker] org.AirAPI.config.AWStextrackTest        : F105B , 0.100657515/0.64753115
2023-02-13 15:13:21.687  INFO 4332 --- [    Test worker] org.AirAPI.config.AWStextrackTest        : 801 , 0.37101686/0.64739114
2023-02-13 15:13:21.687  INFO 4332 --- [    Test worker] org.AirAPI.config.AWStextrackTest        : CJJ , 0.46028808/0.6477429
2023-02-13 15:13:21.687  INFO 4332 --- [    Test worker] org.AirAPI.config.AWStextrackTest        : 1130 , 0.5482503/0.6475185
2023-02-13 15:13:21.687  INFO 4332 --- [    Test worker] org.AirAPI.config.AWStextrackTest        : CJU , 0.5898569/0.647537
2023-02-13 15:13:21.687  INFO 4332 --- [    Test worker] org.AirAPI.config.AWStextrackTest        : 1240 , 0.67813325/0.6476311
2023-02-13 15:13:21.687  INFO 4332 --- [    Test worker] org.AirAPI.config.AWStextrackTest        : 1435 , 0.32899988/0.66614187
2023-02-13 15:13:21.687  INFO 4332 --- [    Test worker] org.AirAPI.config.AWStextrackTest        : 506 , 0.37099224/0.6662726
2023-02-13 15:13:21.688  INFO 4332 --- [    Test worker] org.AirAPI.config.AWStextrackTest        : CJU , 0.4603317/0.66630787
2023-02-13 15:13:21.688  INFO 4332 --- [    Test worker] org.AirAPI.config.AWStextrackTest        : 1315 , 0.54813695/0.6662263
2023-02-13 15:13:21.688  INFO 4332 --- [    Test worker] org.AirAPI.config.AWStextrackTest        : PUS , 0.5902659/0.66608125
2023-02-13 15:13:21.688  INFO 4332 --- [    Test worker] org.AirAPI.config.AWStextrackTest        : 1415 , 0.67795354/0.66614807
2023-02-13 15:13:21.688  INFO 4332 --- [    Test worker] org.AirAPI.config.AWStextrackTest        : F105B , 0.100553274/0.6847389
2023-02-13 15:13:21.688  INFO 4332 --- [    Test worker] org.AirAPI.config.AWStextrackTest        : LAYOV , 0.3709678/0.6849372
2023-02-13 15:13:21.688  INFO 4332 --- [    Test worker] org.AirAPI.config.AWStextrackTest        : PUS , 0.46064523/0.68496084
2023-02-13 15:13:21.688  INFO 4332 --- [    Test worker] org.AirAPI.config.AWStextrackTest        : 1525 , 0.5482719/0.6850327
2023-02-13 15:13:21.688  INFO 4332 --- [    Test worker] org.AirAPI.config.AWStextrackTest        : PUS , 0.5901621/0.68490034
2023-02-13 15:13:21.688  INFO 4332 --- [    Test worker] org.AirAPI.config.AWStextrackTest        : 0455 , 0.6769753/0.6850734
2023-02-13 15:13:21.688  INFO 4332 --- [    Test worker] org.AirAPI.config.AWStextrackTest        : 25Jan23 , 0.03304398/0.7035476
2023-02-13 15:13:21.689  INFO 4332 --- [    Test worker] org.AirAPI.config.AWStextrackTest        : F105B , 0.10050011/0.70290416
2023-02-13 15:13:21.689  INFO 4332 --- [    Test worker] org.AirAPI.config.AWStextrackTest        : 0545 , 0.26308846/0.70328
2023-02-13 15:13:21.689  INFO 4332 --- [    Test worker] org.AirAPI.config.AWStextrackTest        : 1452 , 0.3717074/0.70340234
2023-02-13 15:13:21.689  INFO 4332 --- [    Test worker] org.AirAPI.config.AWStextrackTest        : PUS , 0.46080592/0.7032492
2023-02-13 15:13:21.689  INFO 4332 --- [    Test worker] org.AirAPI.config.AWStextrackTest        : 0705 , 0.5473113/0.70329016
2023-02-13 15:13:21.689  INFO 4332 --- [    Test worker] org.AirAPI.config.AWStextrackTest        : FUK , 0.5903792/0.703167
2023-02-13 15:13:21.689  INFO 4332 --- [    Test worker] org.AirAPI.config.AWStextrackTest        : 0755 , 0.6771505/0.70342714
2023-02-13 15:13:21.689  INFO 4332 --- [    Test worker] org.AirAPI.config.AWStextrackTest        : 1025 , 0.32929578/0.72207135
2023-02-13 15:13:21.689  INFO 4332 --- [    Test worker] org.AirAPI.config.AWStextrackTest        : 1451 , 0.37198696/0.7217812
2023-02-13 15:13:21.689  INFO 4332 --- [    Test worker] org.AirAPI.config.AWStextrackTest        : FUK , 0.46076542/0.72200465
2023-02-13 15:13:21.690  INFO 4332 --- [    Test worker] org.AirAPI.config.AWStextrackTest        : 0855 , 0.54732686/0.7219324
2023-02-13 15:13:21.690  INFO 4332 --- [    Test worker] org.AirAPI.config.AWStextrackTest        : PUS , 0.59032696/0.7219924
2023-02-13 15:13:21.690  INFO 4332 --- [    Test worker] org.AirAPI.config.AWStextrackTest        : 1005 , 0.67805797/0.7222168
2023-02-13 15:13:21.690  INFO 4332 --- [    Test worker] org.AirAPI.config.AWStextrackTest        : F105B , 0.10068644/0.7408926
2023-02-13 15:13:21.690  INFO 4332 --- [    Test worker] org.AirAPI.config.AWStextrackTest        : LAYOV , 0.37106013/0.7409508
2023-02-13 15:13:21.690  INFO 4332 --- [    Test worker] org.AirAPI.config.AWStextrackTest        : PUS , 0.46055433/0.74099284
2023-02-13 15:13:21.690  INFO 4332 --- [    Test worker] org.AirAPI.config.AWStextrackTest        : 1115 , 0.54829705/0.74111825
2023-02-13 15:13:21.690  INFO 4332 --- [    Test worker] org.AirAPI.config.AWStextrackTest        : PUS , 0.5902169/0.7409437
2023-02-13 15:13:21.690  INFO 4332 --- [    Test worker] org.AirAPI.config.AWStextrackTest        : 0520 , 0.67704874/0.7411229
2023-02-13 15:13:21.690  INFO 4332 --- [    Test worker] org.AirAPI.config.AWStextrackTest        : 26Jan23 , 0.032875195/0.7597913
2023-02-13 15:13:21.690  INFO 4332 --- [    Test worker] org.AirAPI.config.AWStextrackTest        : F105B , 0.10050484/0.75923824
2023-02-13 15:13:21.691  INFO 4332 --- [    Test worker] org.AirAPI.config.AWStextrackTest        : 0610 , 0.26325628/0.75970495
2023-02-13 15:13:21.691  INFO 4332 --- [    Test worker] org.AirAPI.config.AWStextrackTest        : 0835 , 0.32822755/0.75968874
2023-02-13 15:13:21.691  INFO 4332 --- [    Test worker] org.AirAPI.config.AWStextrackTest        : 211 , 0.37085977/0.759547
2023-02-13 15:13:21.691  INFO 4332 --- [    Test worker] org.AirAPI.config.AWStextrackTest        : PUS , 0.46074134/0.7594982
2023-02-13 15:13:21.691  INFO 4332 --- [    Test worker] org.AirAPI.config.AWStextrackTest        : 0720 , 0.54750097/0.75966007
2023-02-13 15:13:21.691  INFO 4332 --- [    Test worker] org.AirAPI.config.AWStextrackTest        : GMP , 0.5898356/0.7594812
2023-02-13 15:13:21.691  INFO 4332 --- [    Test worker] org.AirAPI.config.AWStextrackTest        : 0815 , 0.6771336/0.75962603
2023-02-13 15:13:21.691  INFO 4332 --- [    Test worker] org.AirAPI.config.AWStextrackTest        : 27Jan23 , 0.033024497/0.7782438
2023-02-13 15:13:21.691  INFO 4332 --- [    Test worker] org.AirAPI.config.AWStextrackTest        : OFF , 0.37103593/0.77811617
2023-02-13 15:13:21.691  INFO 4332 --- [    Test worker] org.AirAPI.config.AWStextrackTest        : GMP , 0.46032795/0.7781159
2023-02-13 15:13:21.691  INFO 4332 --- [    Test worker] org.AirAPI.config.AWStextrackTest        : 0000 , 0.5473186/0.7784891
2023-02-13 15:13:21.691  INFO 4332 --- [    Test worker] org.AirAPI.config.AWStextrackTest        : GMP , 0.5898321/0.77808297
2023-02-13 15:13:21.691  INFO 4332 --- [    Test worker] org.AirAPI.config.AWStextrackTest        : 2359 , 0.67723125/0.7783722
2023-02-13 15:13:21.691  INFO 4332 --- [    Test worker] org.AirAPI.config.AWStextrackTest        : 28Jan23 , 0.033150423/0.7966138
2023-02-13 15:13:21.691  INFO 4332 --- [    Test worker] org.AirAPI.config.AWStextrackTest        : F103 , 0.10083403/0.79669356
2023-02-13 15:13:21.692  INFO 4332 --- [    Test worker] org.AirAPI.config.AWStextrackTest        : 0550 , 0.26335642/0.7967285
2023-02-13 15:13:21.692  INFO 4332 --- [    Test worker] org.AirAPI.config.AWStextrackTest        : 103 , 0.37166327/0.7967124
2023-02-13 15:13:21.692  INFO 4332 --- [    Test worker] org.AirAPI.config.AWStextrackTest        : GMP , 0.46044046/0.7964324
2023-02-13 15:13:21.692  INFO 4332 --- [    Test worker] org.AirAPI.config.AWStextrackTest        : 0700 , 0.54745996/0.79675436
2023-02-13 15:13:21.692  INFO 4332 --- [    Test worker] org.AirAPI.config.AWStextrackTest        : CJU , 0.58999044/0.7966009
2023-02-13 15:13:21.692  INFO 4332 --- [    Test worker] org.AirAPI.config.AWStextrackTest        : 0810 , 0.6770384/0.79670846
2023-02-13 15:13:21.692  INFO 4332 --- [    Test worker] org.AirAPI.config.AWStextrackTest        : 136 , 0.37159956/0.8155505
2023-02-13 15:13:21.692  INFO 4332 --- [    Test worker] org.AirAPI.config.AWStextrackTest        : CJU , 0.46023107/0.81549376
2023-02-13 15:13:21.692  INFO 4332 --- [    Test worker] org.AirAPI.config.AWStextrackTest        : 0845 , 0.5473198/0.81568813
2023-02-13 15:13:21.692  INFO 4332 --- [    Test worker] org.AirAPI.config.AWStextrackTest        : GMP , 0.5899251/0.815498
2023-02-13 15:13:21.692  INFO 4332 --- [    Test worker] org.AirAPI.config.AWStextrackTest        : 0955 , 0.67700773/0.8155348
2023-02-13 15:13:21.692  INFO 4332 --- [    Test worker] org.AirAPI.config.AWStextrackTest        : F103 , 0.100893386/0.83365166
2023-02-13 15:13:21.692  INFO 4332 --- [    Test worker] org.AirAPI.config.AWStextrackTest        : 135 , 0.37169135/0.83397514
2023-02-13 15:13:21.692  INFO 4332 --- [    Test worker] org.AirAPI.config.AWStextrackTest        : GMP , 0.4604463/0.83382285
2023-02-13 15:13:21.693  INFO 4332 --- [    Test worker] org.AirAPI.config.AWStextrackTest        : 1030 , 0.5482937/0.8339828
2023-02-13 15:13:21.693  INFO 4332 --- [    Test worker] org.AirAPI.config.AWStextrackTest        : CJU , 0.58998/0.8338074
2023-02-13 15:13:21.693  INFO 4332 --- [    Test worker] org.AirAPI.config.AWStextrackTest        : 1135 , 0.6780385/0.8338642
2023-02-13 15:13:21.693  INFO 4332 --- [    Test worker] org.AirAPI.config.AWStextrackTest        : 1355 , 0.32916388/0.8525441
2023-02-13 15:13:21.693  INFO 4332 --- [    Test worker] org.AirAPI.config.AWStextrackTest        : 192 , 0.3715728/0.85282767
2023-02-13 15:13:21.693  INFO 4332 --- [    Test worker] org.AirAPI.config.AWStextrackTest        : CJU , 0.46024522/0.85256076
2023-02-13 15:13:21.693  INFO 4332 --- [    Test worker] org.AirAPI.config.AWStextrackTest        : 1225 , 0.5482743/0.8525347
2023-02-13 15:13:21.693  INFO 4332 --- [    Test worker] org.AirAPI.config.AWStextrackTest        : GMP , 0.59003717/0.85241675
2023-02-13 15:13:21.693  INFO 4332 --- [    Test worker] org.AirAPI.config.AWStextrackTest        : 1335 , 0.6780901/0.85259074
2023-02-13 15:13:21.693  INFO 4332 --- [    Test worker] org.AirAPI.config.AWStextrackTest        : 29Jan23 , 0.032955263/0.87139463
2023-02-13 15:13:21.693  INFO 4332 --- [    Test worker] org.AirAPI.config.AWStextrackTest        : F145D , 0.100563556/0.8709142
2023-02-13 15:13:21.693  INFO 4332 --- [    Test worker] org.AirAPI.config.AWStextrackTest        : 1545 , 0.26433092/0.871175
2023-02-13 15:13:21.693  INFO 4332 --- [    Test worker] org.AirAPI.config.AWStextrackTest        : 145 , 0.37176245/0.8711849
2023-02-13 15:13:21.694  INFO 4332 --- [    Test worker] org.AirAPI.config.AWStextrackTest        : GMP , 0.4603725/0.8709492
2023-02-13 15:13:21.694  INFO 4332 --- [    Test worker] org.AirAPI.config.AWStextrackTest        : 1655 , 0.5483405/0.8711264
2023-02-13 15:13:21.694  INFO 4332 --- [    Test worker] org.AirAPI.config.AWStextrackTest        : CJU , 0.5899066/0.87100834
2023-02-13 15:13:21.694  INFO 4332 --- [    Test worker] org.AirAPI.config.AWStextrackTest        : 1805 , 0.67797714/0.8711664
2023-02-13 15:13:21.694  INFO 4332 --- [    Test worker] org.AirAPI.config.AWStextrackTest        : 146 , 0.3716288/0.8900861
2023-02-13 15:13:21.694  INFO 4332 --- [    Test worker] org.AirAPI.config.AWStextrackTest        : CJU , 0.46029294/0.890004
2023-02-13 15:13:21.694  INFO 4332 --- [    Test worker] org.AirAPI.config.AWStextrackTest        : 1845 , 0.54827565/0.8900816
2023-02-13 15:13:21.721  INFO 4332 --- [    Test worker] org.AirAPI.config.AWStextrackTest        : GMP , 0.58991325/0.88996327
2023-02-13 15:13:21.722  INFO 4332 --- [    Test worker] org.AirAPI.config.AWStextrackTest        : 1955 , 0.6778886/0.8899835
2023-02-13 15:13:21.722  INFO 4332 --- [    Test worker] org.AirAPI.config.AWStextrackTest        : F145D , 0.10069396/0.9080946
2023-02-13 15:13:21.722  INFO 4332 --- [    Test worker] org.AirAPI.config.AWStextrackTest        : 2200 , 0.32824633/0.90823925
2023-02-13 15:13:21.722  INFO 4332 --- [    Test worker] org.AirAPI.config.AWStextrackTest        : 147 , 0.37164176/0.90817475
2023-02-13 15:13:21.722  INFO 4332 --- [    Test worker] org.AirAPI.config.AWStextrackTest        : GMP , 0.46048763/0.90829265
2023-02-13 15:13:21.722  INFO 4332 --- [    Test worker] org.AirAPI.config.AWStextrackTest        : 2030 , 0.54771155/0.90828276
2023-02-13 15:13:21.722  INFO 4332 --- [    Test worker] org.AirAPI.config.AWStextrackTest        : CJU , 0.589907/0.9080954
2023-02-13 15:13:21.722  INFO 4332 --- [    Test worker] org.AirAPI.config.AWStextrackTest        : 2140 , 0.67723054/0.9082275
2023-02-13 15:13:21.724  INFO 4332 --- [    Test worker] org.AirAPI.config.AWStextrackTest        : LAYOV , 0.37115613/0.9269276
2023-02-13 15:13:21.725  INFO 4332 --- [    Test worker] org.AirAPI.config.AWStextrackTest        : CJU , 0.46016788/0.92706716
2023-02-13 15:13:21.726  INFO 4332 --- [    Test worker] org.AirAPI.config.AWStextrackTest        : 2215 , 0.54765403/0.9270851
2023-02-13 15:13:21.727  INFO 4332 --- [    Test worker] org.AirAPI.config.AWStextrackTest        : CJU , 0.590115/0.92688245
2023-02-13 15:13:21.727  INFO 4332 --- [    Test worker] org.AirAPI.config.AWStextrackTest        : 1230 , 0.6780607/0.9270354
2023-02-13 15:13:21.727  INFO 4332 --- [    Test worker] org.AirAPI.config.AWStextrackTest        : 30Jan23 , 0.033262398/0.9455465
2023-02-13 15:13:21.727  INFO 4332 --- [    Test worker] org.AirAPI.config.AWStextrackTest        : F145D , 0.10066454/0.94548875
2023-02-13 15:13:21.728  INFO 4332 --- [    Test worker] org.AirAPI.config.AWStextrackTest        : 1245 , 0.26421893/0.9456444
2023-02-13 15:13:21.745  INFO 4332 --- [    Test worker] org.AirAPI.config.AWStextrackTest        : 1520 , 0.3289052/0.94557214
2023-02-13 15:13:21.745  INFO 4332 --- [    Test worker] org.AirAPI.config.AWStextrackTest        : 116 , 0.371851/0.9455744
2023-02-13 15:13:21.746  INFO 4332 --- [    Test worker] org.AirAPI.config.AWStextrackTest        : CJU , 0.4602009/0.9456717
2023-02-13 15:13:21.746  INFO 4332 --- [    Test worker] org.AirAPI.config.AWStextrackTest        : 1355 , 0.54835486/0.9456073
2023-02-13 15:13:21.747  INFO 4332 --- [    Test worker] org.AirAPI.config.AWStextrackTest        : GMP , 0.58987075/0.94543374
2023-02-13 15:13:21.747  INFO 4332 --- [    Test worker] org.AirAPI.config.AWStextrackTest        : 1500 , 0.67774194/0.94563895
2023-02-13 15:13:21.747  INFO 4332 --- [    Test worker] org.AirAPI.config.AWStextrackTest        : 31Jan23 , 0.03326112/0.9643577
2023-02-13 15:13:21.748  INFO 4332 --- [    Test worker] org.AirAPI.config.AWStextrackTest        : OFF , 0.37097177/0.96442616
2023-02-13 15:13:21.748  INFO 4332 --- [    Test worker] org.AirAPI.config.AWStextrackTest        : GMP , 0.4604068/0.9643361
2023-02-13 15:13:21.844  INFO 4332 --- [    Test worker] org.AirAPI.config.AWStextrackTest        : 0000 , 0.54722655/0.9645814
2023-02-13 15:13:21.844  INFO 4332 --- [    Test worker] org.AirAPI.config.AWStextrackTest        : GMP , 0.58988476/0.96427006
2023-02-13 15:13:21.844  INFO 4332 --- [    Test worker] org.AirAPI.config.AWStextrackTest        : 2359 , 0.6771229/0.96447754
]]></system-out>
  <system-err><![CDATA[]]></system-err>
</testsuite>
