<?xml version="1.0" encoding="UTF-8"?>
<testsuite name="org.AirAPI.service.ScheduleServiceTest" tests="1" skipped="0" failures="0" errors="0" timestamp="2023-06-03T09:07:51" hostname="DESKTOP-MCHQU2R" time="0.183">
  <properties/>
  <testcase name="save test" classname="org.AirAPI.service.ScheduleServiceTest" time="0.183"/>
  <system-out><![CDATA[18:07:50.731 [Test worker] DEBUG org.springframework.test.context.BootstrapUtils - Instantiating CacheAwareContextLoaderDelegate from class [org.springframework.test.context.cache.DefaultCacheAwareContextLoaderDelegate]
18:07:50.736 [Test worker] DEBUG org.springframework.test.context.BootstrapUtils - Instantiating BootstrapContext using constructor [public org.springframework.test.context.support.DefaultBootstrapContext(java.lang.Class,org.springframework.test.context.CacheAwareContextLoaderDelegate)]
18:07:50.750 [Test worker] DEBUG org.springframework.test.context.BootstrapUtils - Instantiating TestContextBootstrapper for test class [org.AirAPI.service.ScheduleServiceTest] from class [org.springframework.test.context.support.DefaultTestContextBootstrapper]
18:07:50.758 [Test worker] DEBUG org.springframework.test.context.support.AbstractDelegatingSmartContextLoader - Delegating to AnnotationConfigContextLoader to process context configuration [ContextConfigurationAttributes@5c87bfe2 declaringClass = 'org.AirAPI.service.ScheduleServiceTest', classes = '{class org.AirAPI.config.AWStextrack, class org.AirAPI.entity.json.Jsonschedules}', locations = '{}', inheritLocations = true, initializers = '{}', inheritInitializers = true, name = [null], contextLoaderClass = 'org.springframework.test.context.ContextLoader'].
18:07:50.790 [Test worker] DEBUG org.springframework.test.context.support.ActiveProfilesUtils - Could not find an 'annotation declaring class' for annotation type [org.springframework.test.context.ActiveProfiles] and class [org.AirAPI.service.ScheduleServiceTest]
18:07:50.790 [Test worker] DEBUG org.springframework.test.context.support.DefaultTestContextBootstrapper - @TestExecutionListeners is not present for class [org.AirAPI.service.ScheduleServiceTest]: using defaults.
18:07:50.790 [Test worker] INFO org.springframework.test.context.support.DefaultTestContextBootstrapper - Loaded default TestExecutionListener class names from location [META-INF/spring.factories]: [org.springframework.security.test.context.support.WithSecurityContextTestExecutionListener, org.springframework.security.test.context.support.ReactorContextTestExecutionListener, org.springframework.boot.test.autoconfigure.restdocs.RestDocsTestExecutionListener, org.springframework.boot.test.autoconfigure.web.client.MockRestServiceServerResetTestExecutionListener, org.springframework.boot.test.autoconfigure.web.servlet.MockMvcPrintOnlyOnFailureTestExecutionListener, org.springframework.boot.test.autoconfigure.web.servlet.WebDriverTestExecutionListener, org.springframework.boot.test.autoconfigure.webservices.client.MockWebServiceServerTestExecutionListener, org.springframework.boot.test.mock.mockito.MockitoTestExecutionListener, org.springframework.boot.test.mock.mockito.ResetMocksTestExecutionListener, org.springframework.test.context.web.ServletTestExecutionListener, org.springframework.test.context.support.DirtiesContextBeforeModesTestExecutionListener, org.springframework.test.context.event.ApplicationEventsTestExecutionListener, org.springframework.test.context.support.DependencyInjectionTestExecutionListener, org.springframework.test.context.support.DirtiesContextTestExecutionListener, org.springframework.test.context.transaction.TransactionalTestExecutionListener, org.springframework.test.context.jdbc.SqlScriptsTestExecutionListener, org.springframework.test.context.event.EventPublishingTestExecutionListener]
18:07:50.794 [Test worker] INFO org.springframework.test.context.support.DefaultTestContextBootstrapper - Using TestExecutionListeners: [org.springframework.test.context.web.ServletTestExecutionListener@6d1d4d7, org.springframework.test.context.support.DirtiesContextBeforeModesTestExecutionListener@89ff02e, org.springframework.test.context.event.ApplicationEventsTestExecutionListener@6865c751, org.springframework.boot.test.mock.mockito.MockitoTestExecutionListener@62679465, org.springframework.test.context.support.DependencyInjectionTestExecutionListener@6a988392, org.springframework.test.context.support.DirtiesContextTestExecutionListener@1d71006f, org.springframework.test.context.transaction.TransactionalTestExecutionListener@5b6813df, org.springframework.test.context.jdbc.SqlScriptsTestExecutionListener@5f2606b, org.springframework.security.test.context.support.WithSecurityContextTestExecutionListener@2b58f754, org.springframework.test.context.event.EventPublishingTestExecutionListener@3ebff828, org.springframework.security.test.context.support.ReactorContextTestExecutionListener@2552f2cb, org.springframework.boot.test.autoconfigure.restdocs.RestDocsTestExecutionListener@33352f32, org.springframework.boot.test.autoconfigure.web.client.MockRestServiceServerResetTestExecutionListener@5f3b9c57, org.springframework.boot.test.autoconfigure.web.servlet.MockMvcPrintOnlyOnFailureTestExecutionListener@1e044120, org.springframework.boot.test.autoconfigure.web.servlet.WebDriverTestExecutionListener@2cf23c81, org.springframework.boot.test.autoconfigure.webservices.client.MockWebServiceServerTestExecutionListener@3624da92, org.springframework.boot.test.mock.mockito.ResetMocksTestExecutionListener@35fe2125]
18:07:50.794 [Test worker] DEBUG org.springframework.test.context.support.AbstractDirtiesContextTestExecutionListener - Before test class: context [DefaultTestContext@5f59185e testClass = ScheduleServiceTest, testInstance = [null], testMethod = [null], testException = [null], mergedContextConfiguration = [MergedContextConfiguration@60bdf15d testClass = ScheduleServiceTest, locations = '{}', classes = '{class org.AirAPI.config.AWStextrack, class org.AirAPI.entity.json.Jsonschedules}', contextInitializerClasses = '[]', activeProfiles = '{}', propertySourceLocations = '{classpath:application.properties}', propertySourceProperties = '{}', contextCustomizers = set[org.springframework.boot.test.autoconfigure.actuate.metrics.MetricsExportContextCustomizerFactory$DisableMetricExportContextCustomizer@73ff4fae, org.springframework.boot.test.autoconfigure.properties.PropertyMappingContextCustomizer@0, org.springframework.boot.test.autoconfigure.web.servlet.WebDriverContextCustomizerFactory$Customizer@6b54655f, org.springframework.boot.test.context.filter.ExcludeFilterContextCustomizer@350ec41e, org.springframework.boot.test.json.DuplicateJsonObjectContextCustomizerFactory$DuplicateJsonObjectContextCustomizer@277f7dd3, org.springframework.boot.test.mock.mockito.MockitoContextCustomizer@882222e0], contextLoader = 'org.springframework.test.context.support.DelegatingSmartContextLoader', parent = [null]], attributes = map[[empty]]], class annotated with @DirtiesContext [false] with mode [null].
18:07:50.794 [Test worker] DEBUG org.springframework.test.context.support.AbstractDelegatingSmartContextLoader - Delegating to AnnotationConfigContextLoader to load context from [MergedContextConfiguration@60bdf15d testClass = ScheduleServiceTest, locations = '{}', classes = '{class org.AirAPI.config.AWStextrack, class org.AirAPI.entity.json.Jsonschedules}', contextInitializerClasses = '[]', activeProfiles = '{}', propertySourceLocations = '{classpath:application.properties}', propertySourceProperties = '{}', contextCustomizers = set[org.springframework.boot.test.autoconfigure.actuate.metrics.MetricsExportContextCustomizerFactory$DisableMetricExportContextCustomizer@73ff4fae, org.springframework.boot.test.autoconfigure.properties.PropertyMappingContextCustomizer@0, org.springframework.boot.test.autoconfigure.web.servlet.WebDriverContextCustomizerFactory$Customizer@6b54655f, org.springframework.boot.test.context.filter.ExcludeFilterContextCustomizer@350ec41e, org.springframework.boot.test.json.DuplicateJsonObjectContextCustomizerFactory$DuplicateJsonObjectContextCustomizer@277f7dd3, org.springframework.boot.test.mock.mockito.MockitoContextCustomizer@882222e0], contextLoader = 'org.springframework.test.context.support.DelegatingSmartContextLoader', parent = [null]].
18:07:50.794 [Test worker] DEBUG org.springframework.test.context.support.AbstractGenericContextLoader - Loading ApplicationContext for merged context configuration [[MergedContextConfiguration@60bdf15d testClass = ScheduleServiceTest, locations = '{}', classes = '{class org.AirAPI.config.AWStextrack, class org.AirAPI.entity.json.Jsonschedules}', contextInitializerClasses = '[]', activeProfiles = '{}', propertySourceLocations = '{classpath:application.properties}', propertySourceProperties = '{}', contextCustomizers = set[org.springframework.boot.test.autoconfigure.actuate.metrics.MetricsExportContextCustomizerFactory$DisableMetricExportContextCustomizer@73ff4fae, org.springframework.boot.test.autoconfigure.properties.PropertyMappingContextCustomizer@0, org.springframework.boot.test.autoconfigure.web.servlet.WebDriverContextCustomizerFactory$Customizer@6b54655f, org.springframework.boot.test.context.filter.ExcludeFilterContextCustomizer@350ec41e, org.springframework.boot.test.json.DuplicateJsonObjectContextCustomizerFactory$DuplicateJsonObjectContextCustomizer@277f7dd3, org.springframework.boot.test.mock.mockito.MockitoContextCustomizer@882222e0], contextLoader = 'org.springframework.test.context.support.DelegatingSmartContextLoader', parent = [null]]].
18:07:50.824 [Test worker] DEBUG org.springframework.core.env.StandardEnvironment - Activating profiles []
18:07:50.824 [Test worker] DEBUG org.springframework.test.context.support.AnnotationConfigContextLoader - Registering component classes: {class org.AirAPI.config.AWStextrack, class org.AirAPI.entity.json.Jsonschedules}
18:07:50.840 [Test worker] DEBUG org.springframework.context.support.GenericApplicationContext - Refreshing org.springframework.context.support.GenericApplicationContext@7807ac2c
18:07:50.840 [Test worker] DEBUG org.springframework.beans.factory.support.DefaultListableBeanFactory - Creating shared instance of singleton bean 'org.springframework.context.annotation.internalConfigurationAnnotationProcessor'
18:07:50.906 [Test worker] DEBUG org.springframework.beans.factory.support.DefaultListableBeanFactory - Creating shared instance of singleton bean 'org.springframework.boot.test.mock.mockito.MockitoPostProcessor'
18:07:51.141 [Test worker] DEBUG org.springframework.beans.factory.support.DefaultListableBeanFactory - Creating shared instance of singleton bean 'org.springframework.context.event.internalEventListenerProcessor'
18:07:51.141 [Test worker] DEBUG org.springframework.beans.factory.support.DefaultListableBeanFactory - Creating shared instance of singleton bean 'org.springframework.context.event.internalEventListenerFactory'
18:07:51.141 [Test worker] DEBUG org.springframework.beans.factory.support.DefaultListableBeanFactory - Creating shared instance of singleton bean 'org.springframework.context.annotation.internalAutowiredAnnotationProcessor'
18:07:51.141 [Test worker] DEBUG org.springframework.beans.factory.support.DefaultListableBeanFactory - Creating shared instance of singleton bean 'org.springframework.context.annotation.internalCommonAnnotationProcessor'
18:07:51.157 [Test worker] DEBUG org.springframework.beans.factory.support.DefaultListableBeanFactory - Creating shared instance of singleton bean 'org.springframework.context.annotation.internalPersistenceAnnotationProcessor'
18:07:51.157 [Test worker] DEBUG org.springframework.beans.factory.support.DefaultListableBeanFactory - Creating shared instance of singleton bean 'org.springframework.boot.test.mock.mockito.MockitoPostProcessor$SpyPostProcessor'
18:07:51.157 [Test worker] DEBUG org.springframework.beans.factory.support.DefaultListableBeanFactory - Creating shared instance of singleton bean 'AWStextrack'
18:07:51.173 [Test worker] DEBUG org.springframework.core.env.PropertySourcesPropertyResolver - Found key 'accesskey' in PropertySource 'configurationProperties' with value of type String
18:07:51.173 [Test worker] DEBUG org.springframework.core.env.PropertySourcesPropertyResolver - Found key 'secretkey' in PropertySource 'configurationProperties' with value of type String
18:07:51.173 [Test worker] DEBUG org.springframework.beans.factory.support.DefaultListableBeanFactory - Creating shared instance of singleton bean 'jsonschedules'
18:07:51.173 [Test worker] DEBUG org.springframework.beans.factory.support.DefaultListableBeanFactory - Creating shared instance of singleton bean 'texttoEntity'
18:07:51.192 [Test worker] DEBUG org.springframework.test.context.cache.DefaultCacheAwareContextLoaderDelegate - Storing ApplicationContext [2013768748] in cache under key [[MergedContextConfiguration@60bdf15d testClass = ScheduleServiceTest, locations = '{}', classes = '{class org.AirAPI.config.AWStextrack, class org.AirAPI.entity.json.Jsonschedules}', contextInitializerClasses = '[]', activeProfiles = '{}', propertySourceLocations = '{classpath:application.properties}', propertySourceProperties = '{}', contextCustomizers = set[org.springframework.boot.test.autoconfigure.actuate.metrics.MetricsExportContextCustomizerFactory$DisableMetricExportContextCustomizer@73ff4fae, org.springframework.boot.test.autoconfigure.properties.PropertyMappingContextCustomizer@0, org.springframework.boot.test.autoconfigure.web.servlet.WebDriverContextCustomizerFactory$Customizer@6b54655f, org.springframework.boot.test.context.filter.ExcludeFilterContextCustomizer@350ec41e, org.springframework.boot.test.json.DuplicateJsonObjectContextCustomizerFactory$DuplicateJsonObjectContextCustomizer@277f7dd3, org.springframework.boot.test.mock.mockito.MockitoContextCustomizer@882222e0], contextLoader = 'org.springframework.test.context.support.DelegatingSmartContextLoader', parent = [null]]]
18:07:51.192 [Test worker] DEBUG org.springframework.test.context.cache - Spring test ApplicationContext cache statistics: [DefaultContextCache@795f5d51 size = 1, maxSize = 32, parentContextCount = 0, hitCount = 0, missCount = 1]
18:07:51.192 [Test worker] DEBUG org.springframework.test.context.support.DependencyInjectionTestExecutionListener - Performing dependency injection for test context [[DefaultTestContext@5f59185e testClass = ScheduleServiceTest, testInstance = org.AirAPI.service.ScheduleServiceTest@49c17ba4, testMethod = [null], testException = [null], mergedContextConfiguration = [MergedContextConfiguration@60bdf15d testClass = ScheduleServiceTest, locations = '{}', classes = '{class org.AirAPI.config.AWStextrack, class org.AirAPI.entity.json.Jsonschedules}', contextInitializerClasses = '[]', activeProfiles = '{}', propertySourceLocations = '{classpath:application.properties}', propertySourceProperties = '{}', contextCustomizers = set[org.springframework.boot.test.autoconfigure.actuate.metrics.MetricsExportContextCustomizerFactory$DisableMetricExportContextCustomizer@73ff4fae, org.springframework.boot.test.autoconfigure.properties.PropertyMappingContextCustomizer@0, org.springframework.boot.test.autoconfigure.web.servlet.WebDriverContextCustomizerFactory$Customizer@6b54655f, org.springframework.boot.test.context.filter.ExcludeFilterContextCustomizer@350ec41e, org.springframework.boot.test.json.DuplicateJsonObjectContextCustomizerFactory$DuplicateJsonObjectContextCustomizer@277f7dd3, org.springframework.boot.test.mock.mockito.MockitoContextCustomizer@882222e0], contextLoader = 'org.springframework.test.context.support.DelegatingSmartContextLoader', parent = [null]], attributes = map['org.springframework.test.context.event.ApplicationEventsTestExecutionListener.recordApplicationEvents' -> false]]].
18:07:51.192 [Test worker] DEBUG org.springframework.test.context.cache.DefaultCacheAwareContextLoaderDelegate - Retrieved ApplicationContext [2013768748] from cache with key [[MergedContextConfiguration@60bdf15d testClass = ScheduleServiceTest, locations = '{}', classes = '{class org.AirAPI.config.AWStextrack, class org.AirAPI.entity.json.Jsonschedules}', contextInitializerClasses = '[]', activeProfiles = '{}', propertySourceLocations = '{classpath:application.properties}', propertySourceProperties = '{}', contextCustomizers = set[org.springframework.boot.test.autoconfigure.actuate.metrics.MetricsExportContextCustomizerFactory$DisableMetricExportContextCustomizer@73ff4fae, org.springframework.boot.test.autoconfigure.properties.PropertyMappingContextCustomizer@0, org.springframework.boot.test.autoconfigure.web.servlet.WebDriverContextCustomizerFactory$Customizer@6b54655f, org.springframework.boot.test.context.filter.ExcludeFilterContextCustomizer@350ec41e, org.springframework.boot.test.json.DuplicateJsonObjectContextCustomizerFactory$DuplicateJsonObjectContextCustomizer@277f7dd3, org.springframework.boot.test.mock.mockito.MockitoContextCustomizer@882222e0], contextLoader = 'org.springframework.test.context.support.DelegatingSmartContextLoader', parent = [null]]]
18:07:51.192 [Test worker] DEBUG org.springframework.test.context.cache - Spring test ApplicationContext cache statistics: [DefaultContextCache@795f5d51 size = 1, maxSize = 32, parentContextCount = 0, hitCount = 1, missCount = 1]
18:07:51.192 [Test worker] DEBUG org.springframework.test.context.cache.DefaultCacheAwareContextLoaderDelegate - Retrieved ApplicationContext [2013768748] from cache with key [[MergedContextConfiguration@60bdf15d testClass = ScheduleServiceTest, locations = '{}', classes = '{class org.AirAPI.config.AWStextrack, class org.AirAPI.entity.json.Jsonschedules}', contextInitializerClasses = '[]', activeProfiles = '{}', propertySourceLocations = '{classpath:application.properties}', propertySourceProperties = '{}', contextCustomizers = set[org.springframework.boot.test.autoconfigure.actuate.metrics.MetricsExportContextCustomizerFactory$DisableMetricExportContextCustomizer@73ff4fae, org.springframework.boot.test.autoconfigure.properties.PropertyMappingContextCustomizer@0, org.springframework.boot.test.autoconfigure.web.servlet.WebDriverContextCustomizerFactory$Customizer@6b54655f, org.springframework.boot.test.context.filter.ExcludeFilterContextCustomizer@350ec41e, org.springframework.boot.test.json.DuplicateJsonObjectContextCustomizerFactory$DuplicateJsonObjectContextCustomizer@277f7dd3, org.springframework.boot.test.mock.mockito.MockitoContextCustomizer@882222e0], contextLoader = 'org.springframework.test.context.support.DelegatingSmartContextLoader', parent = [null]]]
18:07:51.192 [Test worker] DEBUG org.springframework.test.context.cache - Spring test ApplicationContext cache statistics: [DefaultContextCache@795f5d51 size = 1, maxSize = 32, parentContextCount = 0, hitCount = 2, missCount = 1]
18:07:51.192 [Test worker] DEBUG org.springframework.test.context.support.AbstractDirtiesContextTestExecutionListener - Before test method: context [DefaultTestContext@5f59185e testClass = ScheduleServiceTest, testInstance = org.AirAPI.service.ScheduleServiceTest@49c17ba4, testMethod = save@ScheduleServiceTest, testException = [null], mergedContextConfiguration = [MergedContextConfiguration@60bdf15d testClass = ScheduleServiceTest, locations = '{}', classes = '{class org.AirAPI.config.AWStextrack, class org.AirAPI.entity.json.Jsonschedules}', contextInitializerClasses = '[]', activeProfiles = '{}', propertySourceLocations = '{classpath:application.properties}', propertySourceProperties = '{}', contextCustomizers = set[org.springframework.boot.test.autoconfigure.actuate.metrics.MetricsExportContextCustomizerFactory$DisableMetricExportContextCustomizer@73ff4fae, org.springframework.boot.test.autoconfigure.properties.PropertyMappingContextCustomizer@0, org.springframework.boot.test.autoconfigure.web.servlet.WebDriverContextCustomizerFactory$Customizer@6b54655f, org.springframework.boot.test.context.filter.ExcludeFilterContextCustomizer@350ec41e, org.springframework.boot.test.json.DuplicateJsonObjectContextCustomizerFactory$DuplicateJsonObjectContextCustomizer@277f7dd3, org.springframework.boot.test.mock.mockito.MockitoContextCustomizer@882222e0], contextLoader = 'org.springframework.test.context.support.DelegatingSmartContextLoader', parent = [null]], attributes = map['org.springframework.test.context.event.ApplicationEventsTestExecutionListener.recordApplicationEvents' -> false]], class annotated with @DirtiesContext [false] with mode [null], method annotated with @DirtiesContext [false] with mode [null].
18:07:51.207 [Test worker] DEBUG org.springframework.test.context.cache.DefaultCacheAwareContextLoaderDelegate - Retrieved ApplicationContext [2013768748] from cache with key [[MergedContextConfiguration@60bdf15d testClass = ScheduleServiceTest, locations = '{}', classes = '{class org.AirAPI.config.AWStextrack, class org.AirAPI.entity.json.Jsonschedules}', contextInitializerClasses = '[]', activeProfiles = '{}', propertySourceLocations = '{classpath:application.properties}', propertySourceProperties = '{}', contextCustomizers = set[org.springframework.boot.test.autoconfigure.actuate.metrics.MetricsExportContextCustomizerFactory$DisableMetricExportContextCustomizer@73ff4fae, org.springframework.boot.test.autoconfigure.properties.PropertyMappingContextCustomizer@0, org.springframework.boot.test.autoconfigure.web.servlet.WebDriverContextCustomizerFactory$Customizer@6b54655f, org.springframework.boot.test.context.filter.ExcludeFilterContextCustomizer@350ec41e, org.springframework.boot.test.json.DuplicateJsonObjectContextCustomizerFactory$DuplicateJsonObjectContextCustomizer@277f7dd3, org.springframework.boot.test.mock.mockito.MockitoContextCustomizer@882222e0], contextLoader = 'org.springframework.test.context.support.DelegatingSmartContextLoader', parent = [null]]]
18:07:51.207 [Test worker] DEBUG org.springframework.test.context.cache - Spring test ApplicationContext cache statistics: [DefaultContextCache@795f5d51 size = 1, maxSize = 32, parentContextCount = 0, hitCount = 3, missCount = 1]
18:07:51.208 [Test worker] DEBUG org.springframework.test.context.cache.DefaultCacheAwareContextLoaderDelegate - Retrieved ApplicationContext [2013768748] from cache with key [[MergedContextConfiguration@60bdf15d testClass = ScheduleServiceTest, locations = '{}', classes = '{class org.AirAPI.config.AWStextrack, class org.AirAPI.entity.json.Jsonschedules}', contextInitializerClasses = '[]', activeProfiles = '{}', propertySourceLocations = '{classpath:application.properties}', propertySourceProperties = '{}', contextCustomizers = set[org.springframework.boot.test.autoconfigure.actuate.metrics.MetricsExportContextCustomizerFactory$DisableMetricExportContextCustomizer@73ff4fae, org.springframework.boot.test.autoconfigure.properties.PropertyMappingContextCustomizer@0, org.springframework.boot.test.autoconfigure.web.servlet.WebDriverContextCustomizerFactory$Customizer@6b54655f, org.springframework.boot.test.context.filter.ExcludeFilterContextCustomizer@350ec41e, org.springframework.boot.test.json.DuplicateJsonObjectContextCustomizerFactory$DuplicateJsonObjectContextCustomizer@277f7dd3, org.springframework.boot.test.mock.mockito.MockitoContextCustomizer@882222e0], contextLoader = 'org.springframework.test.context.support.DelegatingSmartContextLoader', parent = [null]]]
18:07:51.208 [Test worker] DEBUG org.springframework.test.context.cache - Spring test ApplicationContext cache statistics: [DefaultContextCache@795f5d51 size = 1, maxSize = 32, parentContextCount = 0, hitCount = 4, missCount = 1]
18:07:51.209 [Test worker] DEBUG org.springframework.test.context.cache.DefaultCacheAwareContextLoaderDelegate - Retrieved ApplicationContext [2013768748] from cache with key [[MergedContextConfiguration@60bdf15d testClass = ScheduleServiceTest, locations = '{}', classes = '{class org.AirAPI.config.AWStextrack, class org.AirAPI.entity.json.Jsonschedules}', contextInitializerClasses = '[]', activeProfiles = '{}', propertySourceLocations = '{classpath:application.properties}', propertySourceProperties = '{}', contextCustomizers = set[org.springframework.boot.test.autoconfigure.actuate.metrics.MetricsExportContextCustomizerFactory$DisableMetricExportContextCustomizer@73ff4fae, org.springframework.boot.test.autoconfigure.properties.PropertyMappingContextCustomizer@0, org.springframework.boot.test.autoconfigure.web.servlet.WebDriverContextCustomizerFactory$Customizer@6b54655f, org.springframework.boot.test.context.filter.ExcludeFilterContextCustomizer@350ec41e, org.springframework.boot.test.json.DuplicateJsonObjectContextCustomizerFactory$DuplicateJsonObjectContextCustomizer@277f7dd3, org.springframework.boot.test.mock.mockito.MockitoContextCustomizer@882222e0], contextLoader = 'org.springframework.test.context.support.DelegatingSmartContextLoader', parent = [null]]]
18:07:51.209 [Test worker] DEBUG org.springframework.test.context.cache - Spring test ApplicationContext cache statistics: [DefaultContextCache@795f5d51 size = 1, maxSize = 32, parentContextCount = 0, hitCount = 5, missCount = 1]
18:07:51.373 [Test worker] DEBUG org.springframework.test.context.cache.DefaultCacheAwareContextLoaderDelegate - Retrieved ApplicationContext [2013768748] from cache with key [[MergedContextConfiguration@60bdf15d testClass = ScheduleServiceTest, locations = '{}', classes = '{class org.AirAPI.config.AWStextrack, class org.AirAPI.entity.json.Jsonschedules}', contextInitializerClasses = '[]', activeProfiles = '{}', propertySourceLocations = '{classpath:application.properties}', propertySourceProperties = '{}', contextCustomizers = set[org.springframework.boot.test.autoconfigure.actuate.metrics.MetricsExportContextCustomizerFactory$DisableMetricExportContextCustomizer@73ff4fae, org.springframework.boot.test.autoconfigure.properties.PropertyMappingContextCustomizer@0, org.springframework.boot.test.autoconfigure.web.servlet.WebDriverContextCustomizerFactory$Customizer@6b54655f, org.springframework.boot.test.context.filter.ExcludeFilterContextCustomizer@350ec41e, org.springframework.boot.test.json.DuplicateJsonObjectContextCustomizerFactory$DuplicateJsonObjectContextCustomizer@277f7dd3, org.springframework.boot.test.mock.mockito.MockitoContextCustomizer@882222e0], contextLoader = 'org.springframework.test.context.support.DelegatingSmartContextLoader', parent = [null]]]
18:07:51.373 [Test worker] DEBUG org.springframework.test.context.cache - Spring test ApplicationContext cache statistics: [DefaultContextCache@795f5d51 size = 1, maxSize = 32, parentContextCount = 0, hitCount = 6, missCount = 1]
18:07:51.373 [Test worker] DEBUG org.springframework.test.context.cache.DefaultCacheAwareContextLoaderDelegate - Retrieved ApplicationContext [2013768748] from cache with key [[MergedContextConfiguration@60bdf15d testClass = ScheduleServiceTest, locations = '{}', classes = '{class org.AirAPI.config.AWStextrack, class org.AirAPI.entity.json.Jsonschedules}', contextInitializerClasses = '[]', activeProfiles = '{}', propertySourceLocations = '{classpath:application.properties}', propertySourceProperties = '{}', contextCustomizers = set[org.springframework.boot.test.autoconfigure.actuate.metrics.MetricsExportContextCustomizerFactory$DisableMetricExportContextCustomizer@73ff4fae, org.springframework.boot.test.autoconfigure.properties.PropertyMappingContextCustomizer@0, org.springframework.boot.test.autoconfigure.web.servlet.WebDriverContextCustomizerFactory$Customizer@6b54655f, org.springframework.boot.test.context.filter.ExcludeFilterContextCustomizer@350ec41e, org.springframework.boot.test.json.DuplicateJsonObjectContextCustomizerFactory$DuplicateJsonObjectContextCustomizer@277f7dd3, org.springframework.boot.test.mock.mockito.MockitoContextCustomizer@882222e0], contextLoader = 'org.springframework.test.context.support.DelegatingSmartContextLoader', parent = [null]]]
18:07:51.373 [Test worker] DEBUG org.springframework.test.context.cache - Spring test ApplicationContext cache statistics: [DefaultContextCache@795f5d51 size = 1, maxSize = 32, parentContextCount = 0, hitCount = 7, missCount = 1]
18:07:51.373 [Test worker] DEBUG org.springframework.test.context.cache.DefaultCacheAwareContextLoaderDelegate - Retrieved ApplicationContext [2013768748] from cache with key [[MergedContextConfiguration@60bdf15d testClass = ScheduleServiceTest, locations = '{}', classes = '{class org.AirAPI.config.AWStextrack, class org.AirAPI.entity.json.Jsonschedules}', contextInitializerClasses = '[]', activeProfiles = '{}', propertySourceLocations = '{classpath:application.properties}', propertySourceProperties = '{}', contextCustomizers = set[org.springframework.boot.test.autoconfigure.actuate.metrics.MetricsExportContextCustomizerFactory$DisableMetricExportContextCustomizer@73ff4fae, org.springframework.boot.test.autoconfigure.properties.PropertyMappingContextCustomizer@0, org.springframework.boot.test.autoconfigure.web.servlet.WebDriverContextCustomizerFactory$Customizer@6b54655f, org.springframework.boot.test.context.filter.ExcludeFilterContextCustomizer@350ec41e, org.springframework.boot.test.json.DuplicateJsonObjectContextCustomizerFactory$DuplicateJsonObjectContextCustomizer@277f7dd3, org.springframework.boot.test.mock.mockito.MockitoContextCustomizer@882222e0], contextLoader = 'org.springframework.test.context.support.DelegatingSmartContextLoader', parent = [null]]]
18:07:51.373 [Test worker] DEBUG org.springframework.test.context.cache - Spring test ApplicationContext cache statistics: [DefaultContextCache@795f5d51 size = 1, maxSize = 32, parentContextCount = 0, hitCount = 8, missCount = 1]
18:07:51.373 [Test worker] DEBUG org.springframework.test.context.cache.DefaultCacheAwareContextLoaderDelegate - Retrieved ApplicationContext [2013768748] from cache with key [[MergedContextConfiguration@60bdf15d testClass = ScheduleServiceTest, locations = '{}', classes = '{class org.AirAPI.config.AWStextrack, class org.AirAPI.entity.json.Jsonschedules}', contextInitializerClasses = '[]', activeProfiles = '{}', propertySourceLocations = '{classpath:application.properties}', propertySourceProperties = '{}', contextCustomizers = set[org.springframework.boot.test.autoconfigure.actuate.metrics.MetricsExportContextCustomizerFactory$DisableMetricExportContextCustomizer@73ff4fae, org.springframework.boot.test.autoconfigure.properties.PropertyMappingContextCustomizer@0, org.springframework.boot.test.autoconfigure.web.servlet.WebDriverContextCustomizerFactory$Customizer@6b54655f, org.springframework.boot.test.context.filter.ExcludeFilterContextCustomizer@350ec41e, org.springframework.boot.test.json.DuplicateJsonObjectContextCustomizerFactory$DuplicateJsonObjectContextCustomizer@277f7dd3, org.springframework.boot.test.mock.mockito.MockitoContextCustomizer@882222e0], contextLoader = 'org.springframework.test.context.support.DelegatingSmartContextLoader', parent = [null]]]
18:07:51.373 [Test worker] DEBUG org.springframework.test.context.cache - Spring test ApplicationContext cache statistics: [DefaultContextCache@795f5d51 size = 1, maxSize = 32, parentContextCount = 0, hitCount = 9, missCount = 1]
18:07:51.373 [Test worker] DEBUG org.springframework.test.context.cache.DefaultCacheAwareContextLoaderDelegate - Retrieved ApplicationContext [2013768748] from cache with key [[MergedContextConfiguration@60bdf15d testClass = ScheduleServiceTest, locations = '{}', classes = '{class org.AirAPI.config.AWStextrack, class org.AirAPI.entity.json.Jsonschedules}', contextInitializerClasses = '[]', activeProfiles = '{}', propertySourceLocations = '{classpath:application.properties}', propertySourceProperties = '{}', contextCustomizers = set[org.springframework.boot.test.autoconfigure.actuate.metrics.MetricsExportContextCustomizerFactory$DisableMetricExportContextCustomizer@73ff4fae, org.springframework.boot.test.autoconfigure.properties.PropertyMappingContextCustomizer@0, org.springframework.boot.test.autoconfigure.web.servlet.WebDriverContextCustomizerFactory$Customizer@6b54655f, org.springframework.boot.test.context.filter.ExcludeFilterContextCustomizer@350ec41e, org.springframework.boot.test.json.DuplicateJsonObjectContextCustomizerFactory$DuplicateJsonObjectContextCustomizer@277f7dd3, org.springframework.boot.test.mock.mockito.MockitoContextCustomizer@882222e0], contextLoader = 'org.springframework.test.context.support.DelegatingSmartContextLoader', parent = [null]]]
18:07:51.373 [Test worker] DEBUG org.springframework.test.context.cache - Spring test ApplicationContext cache statistics: [DefaultContextCache@795f5d51 size = 1, maxSize = 32, parentContextCount = 0, hitCount = 10, missCount = 1]
18:07:51.373 [Test worker] DEBUG org.springframework.test.context.cache.DefaultCacheAwareContextLoaderDelegate - Retrieved ApplicationContext [2013768748] from cache with key [[MergedContextConfiguration@60bdf15d testClass = ScheduleServiceTest, locations = '{}', classes = '{class org.AirAPI.config.AWStextrack, class org.AirAPI.entity.json.Jsonschedules}', contextInitializerClasses = '[]', activeProfiles = '{}', propertySourceLocations = '{classpath:application.properties}', propertySourceProperties = '{}', contextCustomizers = set[org.springframework.boot.test.autoconfigure.actuate.metrics.MetricsExportContextCustomizerFactory$DisableMetricExportContextCustomizer@73ff4fae, org.springframework.boot.test.autoconfigure.properties.PropertyMappingContextCustomizer@0, org.springframework.boot.test.autoconfigure.web.servlet.WebDriverContextCustomizerFactory$Customizer@6b54655f, org.springframework.boot.test.context.filter.ExcludeFilterContextCustomizer@350ec41e, org.springframework.boot.test.json.DuplicateJsonObjectContextCustomizerFactory$DuplicateJsonObjectContextCustomizer@277f7dd3, org.springframework.boot.test.mock.mockito.MockitoContextCustomizer@882222e0], contextLoader = 'org.springframework.test.context.support.DelegatingSmartContextLoader', parent = [null]]]
18:07:51.373 [Test worker] DEBUG org.springframework.test.context.cache - Spring test ApplicationContext cache statistics: [DefaultContextCache@795f5d51 size = 1, maxSize = 32, parentContextCount = 0, hitCount = 11, missCount = 1]
18:07:51.373 [Test worker] DEBUG org.springframework.test.context.support.AbstractDirtiesContextTestExecutionListener - After test method: context [DefaultTestContext@5f59185e testClass = ScheduleServiceTest, testInstance = org.AirAPI.service.ScheduleServiceTest@49c17ba4, testMethod = save@ScheduleServiceTest, testException = [null], mergedContextConfiguration = [MergedContextConfiguration@60bdf15d testClass = ScheduleServiceTest, locations = '{}', classes = '{class org.AirAPI.config.AWStextrack, class org.AirAPI.entity.json.Jsonschedules}', contextInitializerClasses = '[]', activeProfiles = '{}', propertySourceLocations = '{classpath:application.properties}', propertySourceProperties = '{}', contextCustomizers = set[org.springframework.boot.test.autoconfigure.actuate.metrics.MetricsExportContextCustomizerFactory$DisableMetricExportContextCustomizer@73ff4fae, org.springframework.boot.test.autoconfigure.properties.PropertyMappingContextCustomizer@0, org.springframework.boot.test.autoconfigure.web.servlet.WebDriverContextCustomizerFactory$Customizer@6b54655f, org.springframework.boot.test.context.filter.ExcludeFilterContextCustomizer@350ec41e, org.springframework.boot.test.json.DuplicateJsonObjectContextCustomizerFactory$DuplicateJsonObjectContextCustomizer@277f7dd3, org.springframework.boot.test.mock.mockito.MockitoContextCustomizer@882222e0], contextLoader = 'org.springframework.test.context.support.DelegatingSmartContextLoader', parent = [null]], attributes = map['org.springframework.test.context.event.ApplicationEventsTestExecutionListener.recordApplicationEvents' -> false]], class annotated with @DirtiesContext [false] with mode [null], method annotated with @DirtiesContext [false] with mode [null].
18:07:51.373 [Test worker] DEBUG org.springframework.test.context.cache.DefaultCacheAwareContextLoaderDelegate - Retrieved ApplicationContext [2013768748] from cache with key [[MergedContextConfiguration@60bdf15d testClass = ScheduleServiceTest, locations = '{}', classes = '{class org.AirAPI.config.AWStextrack, class org.AirAPI.entity.json.Jsonschedules}', contextInitializerClasses = '[]', activeProfiles = '{}', propertySourceLocations = '{classpath:application.properties}', propertySourceProperties = '{}', contextCustomizers = set[org.springframework.boot.test.autoconfigure.actuate.metrics.MetricsExportContextCustomizerFactory$DisableMetricExportContextCustomizer@73ff4fae, org.springframework.boot.test.autoconfigure.properties.PropertyMappingContextCustomizer@0, org.springframework.boot.test.autoconfigure.web.servlet.WebDriverContextCustomizerFactory$Customizer@6b54655f, org.springframework.boot.test.context.filter.ExcludeFilterContextCustomizer@350ec41e, org.springframework.boot.test.json.DuplicateJsonObjectContextCustomizerFactory$DuplicateJsonObjectContextCustomizer@277f7dd3, org.springframework.boot.test.mock.mockito.MockitoContextCustomizer@882222e0], contextLoader = 'org.springframework.test.context.support.DelegatingSmartContextLoader', parent = [null]]]
18:07:51.373 [Test worker] DEBUG org.springframework.test.context.cache - Spring test ApplicationContext cache statistics: [DefaultContextCache@795f5d51 size = 1, maxSize = 32, parentContextCount = 0, hitCount = 12, missCount = 1]
18:07:51.373 [Test worker] DEBUG org.springframework.test.context.support.AbstractDirtiesContextTestExecutionListener - After test class: context [DefaultTestContext@5f59185e testClass = ScheduleServiceTest, testInstance = [null], testMethod = [null], testException = [null], mergedContextConfiguration = [MergedContextConfiguration@60bdf15d testClass = ScheduleServiceTest, locations = '{}', classes = '{class org.AirAPI.config.AWStextrack, class org.AirAPI.entity.json.Jsonschedules}', contextInitializerClasses = '[]', activeProfiles = '{}', propertySourceLocations = '{classpath:application.properties}', propertySourceProperties = '{}', contextCustomizers = set[org.springframework.boot.test.autoconfigure.actuate.metrics.MetricsExportContextCustomizerFactory$DisableMetricExportContextCustomizer@73ff4fae, org.springframework.boot.test.autoconfigure.properties.PropertyMappingContextCustomizer@0, org.springframework.boot.test.autoconfigure.web.servlet.WebDriverContextCustomizerFactory$Customizer@6b54655f, org.springframework.boot.test.context.filter.ExcludeFilterContextCustomizer@350ec41e, org.springframework.boot.test.json.DuplicateJsonObjectContextCustomizerFactory$DuplicateJsonObjectContextCustomizer@277f7dd3, org.springframework.boot.test.mock.mockito.MockitoContextCustomizer@882222e0], contextLoader = 'org.springframework.test.context.support.DelegatingSmartContextLoader', parent = [null]], attributes = map['org.springframework.test.context.event.ApplicationEventsTestExecutionListener.recordApplicationEvents' -> false]], class annotated with @DirtiesContext [false] with mode [null].
]]></system-out>
  <system-err><![CDATA[]]></system-err>
</testsuite>
