<?xml version="1.0" encoding="UTF-8"?>
<testsuite name="org.AirAPI.config.AWStextrackTest" tests="1" skipped="0" failures="0" errors="0" timestamp="2023-01-29T11:34:27" hostname="DESKTOP-CLGUOMH" time="6.282">
  <properties/>
  <testcase name="docTest()" classname="org.AirAPI.config.AWStextrackTest" time="6.282"/>
  <system-out><![CDATA[20:34:20.128 [Test worker] DEBUG org.springframework.test.context.BootstrapUtils - Instantiating CacheAwareContextLoaderDelegate from class [org.springframework.test.context.cache.DefaultCacheAwareContextLoaderDelegate]
20:34:20.143 [Test worker] DEBUG org.springframework.test.context.BootstrapUtils - Instantiating BootstrapContext using constructor [public org.springframework.test.context.support.DefaultBootstrapContext(java.lang.Class,org.springframework.test.context.CacheAwareContextLoaderDelegate)]
20:34:20.195 [Test worker] DEBUG org.springframework.test.context.BootstrapUtils - Instantiating TestContextBootstrapper for test class [org.AirAPI.config.AWStextrackTest] from class [org.springframework.boot.test.context.SpringBootTestContextBootstrapper]
20:34:20.211 [Test worker] INFO org.springframework.boot.test.context.SpringBootTestContextBootstrapper - Neither @ContextConfiguration nor @ContextHierarchy found for test class [org.AirAPI.config.AWStextrackTest], using SpringBootContextLoader
20:34:20.224 [Test worker] DEBUG org.springframework.test.context.support.AbstractContextLoader - Did not detect default resource location for test class [org.AirAPI.config.AWStextrackTest]: class path resource [org/AirAPI/config/AWStextrackTest-context.xml] does not exist
20:34:20.226 [Test worker] DEBUG org.springframework.test.context.support.AbstractContextLoader - Did not detect default resource location for test class [org.AirAPI.config.AWStextrackTest]: class path resource [org/AirAPI/config/AWStextrackTestContext.groovy] does not exist
20:34:20.227 [Test worker] INFO org.springframework.test.context.support.AbstractContextLoader - Could not detect default resource locations for test class [org.AirAPI.config.AWStextrackTest]: no resource found for suffixes {-context.xml, Context.groovy}.
20:34:20.228 [Test worker] INFO org.springframework.test.context.support.AnnotationConfigContextLoaderUtils - Could not detect default configuration classes for test class [org.AirAPI.config.AWStextrackTest]: AWStextrackTest does not declare any static, non-private, non-final, nested classes annotated with @Configuration.
20:34:20.284 [Test worker] DEBUG org.springframework.test.context.support.ActiveProfilesUtils - Could not find an 'annotation declaring class' for annotation type [org.springframework.test.context.ActiveProfiles] and class [org.AirAPI.config.AWStextrackTest]
20:34:20.396 [Test worker] DEBUG org.springframework.context.annotation.ClassPathScanningCandidateComponentProvider - Identified candidate component class: file [D:\Air_Scheduler\AirAPI\build\classes\java\main\org\AirAPI\Main.class]
20:34:20.398 [Test worker] INFO org.springframework.boot.test.context.SpringBootTestContextBootstrapper - Found @SpringBootConfiguration org.AirAPI.Main for test class org.AirAPI.config.AWStextrackTest
20:34:20.559 [Test worker] DEBUG org.springframework.boot.test.context.SpringBootTestContextBootstrapper - @TestExecutionListeners is not present for class [org.AirAPI.config.AWStextrackTest]: using defaults.
20:34:20.560 [Test worker] INFO org.springframework.boot.test.context.SpringBootTestContextBootstrapper - Loaded default TestExecutionListener class names from location [META-INF/spring.factories]: [org.springframework.boot.test.autoconfigure.restdocs.RestDocsTestExecutionListener, org.springframework.boot.test.autoconfigure.web.client.MockRestServiceServerResetTestExecutionListener, org.springframework.boot.test.autoconfigure.web.servlet.MockMvcPrintOnlyOnFailureTestExecutionListener, org.springframework.boot.test.autoconfigure.web.servlet.WebDriverTestExecutionListener, org.springframework.boot.test.autoconfigure.webservices.client.MockWebServiceServerTestExecutionListener, org.springframework.boot.test.mock.mockito.MockitoTestExecutionListener, org.springframework.boot.test.mock.mockito.ResetMocksTestExecutionListener, org.springframework.test.context.web.ServletTestExecutionListener, org.springframework.test.context.support.DirtiesContextBeforeModesTestExecutionListener, org.springframework.test.context.event.ApplicationEventsTestExecutionListener, org.springframework.test.context.support.DependencyInjectionTestExecutionListener, org.springframework.test.context.support.DirtiesContextTestExecutionListener, org.springframework.test.context.transaction.TransactionalTestExecutionListener, org.springframework.test.context.jdbc.SqlScriptsTestExecutionListener, org.springframework.test.context.event.EventPublishingTestExecutionListener]
20:34:20.593 [Test worker] INFO org.springframework.boot.test.context.SpringBootTestContextBootstrapper - Using TestExecutionListeners: [org.springframework.test.context.web.ServletTestExecutionListener@3d08f3f5, org.springframework.test.context.support.DirtiesContextBeforeModesTestExecutionListener@119f1f2a, org.springframework.test.context.event.ApplicationEventsTestExecutionListener@1a1da881, org.springframework.boot.test.mock.mockito.MockitoTestExecutionListener@5b970f7, org.springframework.boot.test.autoconfigure.SpringBootDependencyInjectionTestExecutionListener@7fd4acee, org.springframework.test.context.support.DirtiesContextTestExecutionListener@165b8a71, org.springframework.test.context.transaction.TransactionalTestExecutionListener@6175619b, org.springframework.test.context.jdbc.SqlScriptsTestExecutionListener@2f058b8a, org.springframework.test.context.event.EventPublishingTestExecutionListener@756cf158, org.springframework.boot.test.autoconfigure.restdocs.RestDocsTestExecutionListener@3f2ef586, org.springframework.boot.test.autoconfigure.web.client.MockRestServiceServerResetTestExecutionListener@751d3241, org.springframework.boot.test.autoconfigure.web.servlet.MockMvcPrintOnlyOnFailureTestExecutionListener@76c7beb3, org.springframework.boot.test.autoconfigure.web.servlet.WebDriverTestExecutionListener@64337702, org.springframework.boot.test.autoconfigure.webservices.client.MockWebServiceServerTestExecutionListener@2cf92cc7, org.springframework.boot.test.mock.mockito.ResetMocksTestExecutionListener@30ea8c23]
20:34:20.600 [Test worker] DEBUG org.springframework.test.context.support.AbstractDirtiesContextTestExecutionListener - Before test class: context [DefaultTestContext@70dd7e15 testClass = AWStextrackTest, testInstance = [null], testMethod = [null], testException = [null], mergedContextConfiguration = [WebMergedContextConfiguration@4a9f80d3 testClass = AWStextrackTest, locations = '{}', classes = '{class org.AirAPI.Main}', contextInitializerClasses = '[]', activeProfiles = '{}', propertySourceLocations = '{}', propertySourceProperties = '{org.springframework.boot.test.context.SpringBootTestContextBootstrapper=true}', contextCustomizers = set[org.springframework.boot.test.autoconfigure.actuate.metrics.MetricsExportContextCustomizerFactory$DisableMetricExportContextCustomizer@2dcd168a, org.springframework.boot.test.autoconfigure.properties.PropertyMappingContextCustomizer@0, org.springframework.boot.test.autoconfigure.web.servlet.WebDriverContextCustomizerFactory$Customizer@5b1ebf56, org.springframework.boot.test.context.filter.ExcludeFilterContextCustomizer@4f25b795, org.springframework.boot.test.json.DuplicateJsonObjectContextCustomizerFactory$DuplicateJsonObjectContextCustomizer@525575, org.springframework.boot.test.mock.mockito.MockitoContextCustomizer@0, org.springframework.boot.test.web.client.TestRestTemplateContextCustomizer@22d7b4f8, org.springframework.boot.test.context.SpringBootTestArgs@1, org.springframework.boot.test.context.SpringBootTestWebEnvironment@2a54a73f], resourceBasePath = 'src/main/webapp', contextLoader = 'org.springframework.boot.test.context.SpringBootContextLoader', parent = [null]], attributes = map['org.springframework.test.context.web.ServletTestExecutionListener.activateListener' -> true]], class annotated with @DirtiesContext [false] with mode [null].

  .   ____          _            __ _ _
 /\\ / ___'_ __ _ _(_)_ __  __ _ \ \ \ \
( ( )\___ | '_ | '_| | '_ \/ _` | \ \ \ \
 \\/  ___)| |_)| | | | | || (_| |  ) ) ) )
  '  |____| .__|_| |_|_| |_\__, | / / / /
 =========|_|==============|___/=/_/_/_/
 :: Spring Boot ::                (v2.7.5)

2023-01-29 20:34:21.190  INFO 1328 --- [    Test worker] org.AirAPI.config.AWStextrackTest        : Starting AWStextrackTest using Java 16.0.2 on DESKTOP-CLGUOMH with PID 1328 (started by KIWI NOTE in D:\Air_Scheduler\AirAPI)
2023-01-29 20:34:21.192  INFO 1328 --- [    Test worker] org.AirAPI.config.AWStextrackTest        : No active profile set, falling back to 1 default profile: "default"
2023-01-29 20:34:22.259  INFO 1328 --- [    Test worker] .s.d.r.c.RepositoryConfigurationDelegate : Bootstrapping Spring Data JPA repositories in DEFAULT mode.
2023-01-29 20:34:22.359  INFO 1328 --- [    Test worker] .s.d.r.c.RepositoryConfigurationDelegate : Finished Spring Data repository scanning in 80 ms. Found 1 JPA repository interfaces.
2023-01-29 20:34:23.734  INFO 1328 --- [    Test worker] o.hibernate.jpa.internal.util.LogHelper  : HHH000204: Processing PersistenceUnitInfo [name: default]
2023-01-29 20:34:23.834  INFO 1328 --- [    Test worker] org.hibernate.Version                    : HHH000412: Hibernate ORM core version 5.6.12.Final
2023-01-29 20:34:24.160  INFO 1328 --- [    Test worker] o.hibernate.annotations.common.Version   : HCANN000001: Hibernate Commons Annotations {5.1.2.Final}
2023-01-29 20:34:24.346  INFO 1328 --- [    Test worker] com.zaxxer.hikari.HikariDataSource       : HikariPool-1 - Starting...
2023-01-29 20:34:24.712  INFO 1328 --- [    Test worker] com.zaxxer.hikari.HikariDataSource       : HikariPool-1 - Start completed.
2023-01-29 20:34:24.739  INFO 1328 --- [    Test worker] org.hibernate.dialect.Dialect            : HHH000400: Using dialect: org.hibernate.dialect.H2Dialect
Hibernate: 
    
    drop table if exists schedule CASCADE 
Hibernate: 
    
    create table schedule (
       id integer not null,
        activity varchar(255),
        blk varchar(255),
        cnt_from varchar(255),
        cnt_to varchar(255),
        date varchar(255),
        duty varchar(255),
        pairing varchar(255),
        sta varchar(255),
        std varchar(255),
        primary key (id)
    )
2023-01-29 20:34:25.836  INFO 1328 --- [    Test worker] o.h.e.t.j.p.i.JtaPlatformInitiator       : HHH000490: Using JtaPlatform implementation: [org.hibernate.engine.transaction.jta.platform.internal.NoJtaPlatform]
2023-01-29 20:34:25.850  INFO 1328 --- [    Test worker] j.LocalContainerEntityManagerFactoryBean : Initialized JPA EntityManagerFactory for persistence unit 'default'
2023-01-29 20:34:26.775  WARN 1328 --- [    Test worker] JpaBaseConfiguration$JpaWebConfiguration : spring.jpa.open-in-view is enabled by default. Therefore, database queries may be performed during view rendering. Explicitly configure spring.jpa.open-in-view to disable this warning
2023-01-29 20:34:27.250  INFO 1328 --- [    Test worker] o.s.b.a.h2.H2ConsoleAutoConfiguration    : H2 console available at '/h2-console'. Database available at 'jdbc:h2:~/test'
2023-01-29 20:34:27.872  INFO 1328 --- [    Test worker] org.AirAPI.config.AWStextrackTest        : Started AWStextrackTest in 7.195 seconds (JVM running for 9.187)
2023-01-29 20:34:34.028  INFO 1328 --- [    Test worker] org.AirAPI.config.AWStextrackTest        : 01Jan23
2023-01-29 20:34:34.029  INFO 1328 --- [    Test worker] org.AirAPI.config.AWStextrackTest        : OFF
2023-01-29 20:34:34.029  INFO 1328 --- [    Test worker] org.AirAPI.config.AWStextrackTest        : GMP
2023-01-29 20:34:34.029  INFO 1328 --- [    Test worker] org.AirAPI.config.AWStextrackTest        : 0000
2023-01-29 20:34:34.029  INFO 1328 --- [    Test worker] org.AirAPI.config.AWStextrackTest        : GMP
2023-01-29 20:34:34.029  INFO 1328 --- [    Test worker] org.AirAPI.config.AWStextrackTest        : null
2023-01-29 20:34:34.030  INFO 1328 --- [    Test worker] org.AirAPI.config.AWStextrackTest        : 02Jan23
2023-01-29 20:34:34.030  INFO 1328 --- [    Test worker] org.AirAPI.config.AWStextrackTest        : F129
2023-01-29 20:34:34.030  INFO 1328 --- [    Test worker] org.AirAPI.config.AWStextrackTest        : 1755
2023-01-29 20:34:34.030  INFO 1328 --- [    Test worker] org.AirAPI.config.AWStextrackTest        : 129
2023-01-29 20:34:34.031  INFO 1328 --- [    Test worker] org.AirAPI.config.AWStextrackTest        : GMP
2023-01-29 20:34:34.031  INFO 1328 --- [    Test worker] org.AirAPI.config.AWStextrackTest        : 1905
2023-01-29 20:34:34.031  INFO 1328 --- [    Test worker] org.AirAPI.config.AWStextrackTest        : CJU
2023-01-29 20:34:34.032  INFO 1328 --- [    Test worker] org.AirAPI.config.AWStextrackTest        : null
2023-01-29 20:34:34.032  INFO 1328 --- [    Test worker] org.AirAPI.config.AWStextrackTest        : 2220
2023-01-29 20:34:34.033  INFO 1328 --- [    Test worker] org.AirAPI.config.AWStextrackTest        : 128
2023-01-29 20:34:34.033  INFO 1328 --- [    Test worker] org.AirAPI.config.AWStextrackTest        : CJU
2023-01-29 20:34:34.033  INFO 1328 --- [    Test worker] org.AirAPI.config.AWStextrackTest        : 2050
2023-01-29 20:34:34.033  INFO 1328 --- [    Test worker] org.AirAPI.config.AWStextrackTest        : GMP
2023-01-29 20:34:34.034  INFO 1328 --- [    Test worker] org.AirAPI.config.AWStextrackTest        : null
2023-01-29 20:34:34.034  INFO 1328 --- [    Test worker] org.AirAPI.config.AWStextrackTest        : 03Jan23
2023-01-29 20:34:34.034  INFO 1328 --- [    Test worker] org.AirAPI.config.AWStextrackTest        : F1406
2023-01-29 20:34:34.034  INFO 1328 --- [    Test worker] org.AirAPI.config.AWStextrackTest        : 1410
2023-01-29 20:34:34.035  INFO 1328 --- [    Test worker] org.AirAPI.config.AWStextrackTest        : 1406
2023-01-29 20:34:34.035  INFO 1328 --- [    Test worker] org.AirAPI.config.AWStextrackTest        : ICN
2023-01-29 20:34:34.035  INFO 1328 --- [    Test worker] org.AirAPI.config.AWStextrackTest        : 1620
2023-01-29 20:34:34.035  INFO 1328 --- [    Test worker] org.AirAPI.config.AWStextrackTest        : FUK
2023-01-29 20:34:34.035  INFO 1328 --- [    Test worker] org.AirAPI.config.AWStextrackTest        : null
2023-01-29 20:34:34.035  INFO 1328 --- [    Test worker] org.AirAPI.config.AWStextrackTest        : 2115
2023-01-29 20:34:34.035  INFO 1328 --- [    Test worker] org.AirAPI.config.AWStextrackTest        : 1405
2023-01-29 20:34:34.035  INFO 1328 --- [    Test worker] org.AirAPI.config.AWStextrackTest        : FUK
2023-01-29 20:34:34.036  INFO 1328 --- [    Test worker] org.AirAPI.config.AWStextrackTest        : 1845
2023-01-29 20:34:34.036  INFO 1328 --- [    Test worker] org.AirAPI.config.AWStextrackTest        : ICN
2023-01-29 20:34:34.036  INFO 1328 --- [    Test worker] org.AirAPI.config.AWStextrackTest        : null
2023-01-29 20:34:34.036  INFO 1328 --- [    Test worker] org.AirAPI.config.AWStextrackTest        : 04Jan23
2023-01-29 20:34:34.036  INFO 1328 --- [    Test worker] org.AirAPI.config.AWStextrackTest        : OFF
2023-01-29 20:34:34.036  INFO 1328 --- [    Test worker] org.AirAPI.config.AWStextrackTest        : GMP
2023-01-29 20:34:34.036  INFO 1328 --- [    Test worker] org.AirAPI.config.AWStextrackTest        : 0000
2023-01-29 20:34:34.036  INFO 1328 --- [    Test worker] org.AirAPI.config.AWStextrackTest        : GMP
2023-01-29 20:34:34.036  INFO 1328 --- [    Test worker] org.AirAPI.config.AWStextrackTest        : null
2023-01-29 20:34:34.039  INFO 1328 --- [    Test worker] org.AirAPI.config.AWStextrackTest        : 05Jan23
2023-01-29 20:34:34.040  INFO 1328 --- [    Test worker] org.AirAPI.config.AWStextrackTest        : 1630
2023-01-29 20:34:34.040  INFO 1328 --- [    Test worker] org.AirAPI.config.AWStextrackTest        : 2230
2023-01-29 20:34:34.040  INFO 1328 --- [    Test worker] org.AirAPI.config.AWStextrackTest        : SIM1
2023-01-29 20:34:34.040  INFO 1328 --- [    Test worker] org.AirAPI.config.AWStextrackTest        : GMP
2023-01-29 20:34:34.040  INFO 1328 --- [    Test worker] org.AirAPI.config.AWStextrackTest        : 1630
2023-01-29 20:34:34.041  INFO 1328 --- [    Test worker] org.AirAPI.config.AWStextrackTest        : GMP
2023-01-29 20:34:34.041  INFO 1328 --- [    Test worker] org.AirAPI.config.AWStextrackTest        : null
2023-01-29 20:34:34.041  INFO 1328 --- [    Test worker] org.AirAPI.config.AWStextrackTest        : 06Jan23
2023-01-29 20:34:34.041  INFO 1328 --- [    Test worker] org.AirAPI.config.AWStextrackTest        : 1630
2023-01-29 20:34:34.041  INFO 1328 --- [    Test worker] org.AirAPI.config.AWStextrackTest        : 2230
2023-01-29 20:34:34.041  INFO 1328 --- [    Test worker] org.AirAPI.config.AWStextrackTest        : SIM1
2023-01-29 20:34:34.041  INFO 1328 --- [    Test worker] org.AirAPI.config.AWStextrackTest        : GMP
2023-01-29 20:34:34.041  INFO 1328 --- [    Test worker] org.AirAPI.config.AWStextrackTest        : 1630
2023-01-29 20:34:34.041  INFO 1328 --- [    Test worker] org.AirAPI.config.AWStextrackTest        : GMP
2023-01-29 20:34:34.041  INFO 1328 --- [    Test worker] org.AirAPI.config.AWStextrackTest        : null
2023-01-29 20:34:34.042  INFO 1328 --- [    Test worker] org.AirAPI.config.AWStextrackTest        : 07Jan23
2023-01-29 20:34:34.042  INFO 1328 --- [    Test worker] org.AirAPI.config.AWStextrackTest        : 1630
2023-01-29 20:34:34.042  INFO 1328 --- [    Test worker] org.AirAPI.config.AWStextrackTest        : 2230
2023-01-29 20:34:34.042  INFO 1328 --- [    Test worker] org.AirAPI.config.AWStextrackTest        : SIM1
2023-01-29 20:34:34.043  INFO 1328 --- [    Test worker] org.AirAPI.config.AWStextrackTest        : GMP
2023-01-29 20:34:34.043  INFO 1328 --- [    Test worker] org.AirAPI.config.AWStextrackTest        : 1630
2023-01-29 20:34:34.043  INFO 1328 --- [    Test worker] org.AirAPI.config.AWStextrackTest        : GMP
2023-01-29 20:34:34.043  INFO 1328 --- [    Test worker] org.AirAPI.config.AWStextrackTest        : null
2023-01-29 20:34:34.044  INFO 1328 --- [    Test worker] org.AirAPI.config.AWStextrackTest        : 08Jan23
2023-01-29 20:34:34.044  INFO 1328 --- [    Test worker] org.AirAPI.config.AWStextrackTest        : OFF
2023-01-29 20:34:34.044  INFO 1328 --- [    Test worker] org.AirAPI.config.AWStextrackTest        : GMP
2023-01-29 20:34:34.044  INFO 1328 --- [    Test worker] org.AirAPI.config.AWStextrackTest        : 0000
2023-01-29 20:34:34.044  INFO 1328 --- [    Test worker] org.AirAPI.config.AWStextrackTest        : GMP
2023-01-29 20:34:34.044  INFO 1328 --- [    Test worker] org.AirAPI.config.AWStextrackTest        : null
2023-01-29 20:34:34.044  INFO 1328 --- [    Test worker] org.AirAPI.config.AWStextrackTest        : 09Jan23
2023-01-29 20:34:34.044  INFO 1328 --- [    Test worker] org.AirAPI.config.AWStextrackTest        : OFF
2023-01-29 20:34:34.044  INFO 1328 --- [    Test worker] org.AirAPI.config.AWStextrackTest        : GMP
2023-01-29 20:34:34.044  INFO 1328 --- [    Test worker] org.AirAPI.config.AWStextrackTest        : 0000
2023-01-29 20:34:34.044  INFO 1328 --- [    Test worker] org.AirAPI.config.AWStextrackTest        : GMP
2023-01-29 20:34:34.045  INFO 1328 --- [    Test worker] org.AirAPI.config.AWStextrackTest        : null
2023-01-29 20:34:34.045  INFO 1328 --- [    Test worker] org.AirAPI.config.AWStextrackTest        : 10Jan23
2023-01-29 20:34:34.045  INFO 1328 --- [    Test worker] org.AirAPI.config.AWStextrackTest        : F1454
2023-01-29 20:34:34.045  INFO 1328 --- [    Test worker] org.AirAPI.config.AWStextrackTest        : DH
2023-01-29 20:34:34.045  INFO 1328 --- [    Test worker] org.AirAPI.config.AWStextrackTest        : 0915
2023-01-29 20:34:34.049  INFO 1328 --- [    Test worker] org.AirAPI.config.AWStextrackTest        : AIR
2023-01-29 20:34:34.049  INFO 1328 --- [    Test worker] org.AirAPI.config.AWStextrackTest        : GMP
2023-01-29 20:34:34.049  INFO 1328 --- [    Test worker] org.AirAPI.config.AWStextrackTest        : 1025
2023-01-29 20:34:34.049  INFO 1328 --- [    Test worker] org.AirAPI.config.AWStextrackTest        : PUS
2023-01-29 20:34:34.049  INFO 1328 --- [    Test worker] org.AirAPI.config.AWStextrackTest        : null
2023-01-29 20:34:34.049  INFO 1328 --- [    Test worker] org.AirAPI.config.AWStextrackTest        : 1454
2023-01-29 20:34:34.050  INFO 1328 --- [    Test worker] org.AirAPI.config.AWStextrackTest        : PUS
2023-01-29 20:34:34.050  INFO 1328 --- [    Test worker] org.AirAPI.config.AWStextrackTest        : 1320
2023-01-29 20:34:34.050  INFO 1328 --- [    Test worker] org.AirAPI.config.AWStextrackTest        : FUK
2023-01-29 20:34:34.050  INFO 1328 --- [    Test worker] org.AirAPI.config.AWStextrackTest        : null
2023-01-29 20:34:34.050  INFO 1328 --- [    Test worker] org.AirAPI.config.AWStextrackTest        : F1454
2023-01-29 20:34:34.050  INFO 1328 --- [    Test worker] org.AirAPI.config.AWStextrackTest        : 1620
2023-01-29 20:34:34.050  INFO 1328 --- [    Test worker] org.AirAPI.config.AWStextrackTest        : 1453
2023-01-29 20:34:34.050  INFO 1328 --- [    Test worker] org.AirAPI.config.AWStextrackTest        : FUK
2023-01-29 20:34:34.050  INFO 1328 --- [    Test worker] org.AirAPI.config.AWStextrackTest        : 1510
2023-01-29 20:34:34.050  INFO 1328 --- [    Test worker] org.AirAPI.config.AWStextrackTest        : PUS
2023-01-29 20:34:34.050  INFO 1328 --- [    Test worker] org.AirAPI.config.AWStextrackTest        : null
2023-01-29 20:34:34.051  INFO 1328 --- [    Test worker] org.AirAPI.config.AWStextrackTest        : LAYOV
2023-01-29 20:34:34.051  INFO 1328 --- [    Test worker] org.AirAPI.config.AWStextrackTest        : PUS
2023-01-29 20:34:34.051  INFO 1328 --- [    Test worker] org.AirAPI.config.AWStextrackTest        : 1710
2023-01-29 20:34:34.051  INFO 1328 --- [    Test worker] org.AirAPI.config.AWStextrackTest        : PUS
2023-01-29 20:34:34.051  INFO 1328 --- [    Test worker] org.AirAPI.config.AWStextrackTest        : null
2023-01-29 20:34:34.051  INFO 1328 --- [    Test worker] org.AirAPI.config.AWStextrackTest        : 11Jan23
2023-01-29 20:34:34.051  INFO 1328 --- [    Test worker] org.AirAPI.config.AWStextrackTest        : F1454
2023-01-29 20:34:34.051  INFO 1328 --- [    Test worker] org.AirAPI.config.AWStextrackTest        : 1720
2023-01-29 20:34:34.051  INFO 1328 --- [    Test worker] org.AirAPI.config.AWStextrackTest        : 2240
2023-01-29 20:34:34.051  INFO 1328 --- [    Test worker] org.AirAPI.config.AWStextrackTest        : 4257
2023-01-29 20:34:34.051  INFO 1328 --- [    Test worker] org.AirAPI.config.AWStextrackTest        : PUS
2023-01-29 20:34:34.051  INFO 1328 --- [    Test worker] org.AirAPI.config.AWStextrackTest        : 1840
2023-01-29 20:34:34.057  INFO 1328 --- [    Test worker] org.AirAPI.config.AWStextrackTest        : CNX
2023-01-29 20:34:34.058  INFO 1328 --- [    Test worker] org.AirAPI.config.AWStextrackTest        : null
2023-01-29 20:34:34.058  INFO 1328 --- [    Test worker] org.AirAPI.config.AWStextrackTest        : 12Jan23
2023-01-29 20:34:34.058  INFO 1328 --- [    Test worker] org.AirAPI.config.AWStextrackTest        : F1454
2023-01-29 20:34:34.060  INFO 1328 --- [    Test worker] org.AirAPI.config.AWStextrackTest        : LAYOV
2023-01-29 20:34:34.060  INFO 1328 --- [    Test worker] org.AirAPI.config.AWStextrackTest        : CNX
2023-01-29 20:34:34.061  INFO 1328 --- [    Test worker] org.AirAPI.config.AWStextrackTest        : 0100
2023-01-29 20:34:34.062  INFO 1328 --- [    Test worker] org.AirAPI.config.AWStextrackTest        : CNX
2023-01-29 20:34:34.062  INFO 1328 --- [    Test worker] org.AirAPI.config.AWStextrackTest        : null
2023-01-29 20:34:34.063  INFO 1328 --- [    Test worker] org.AirAPI.config.AWStextrackTest        : 13Jan23
2023-01-29 20:34:34.065  INFO 1328 --- [    Test worker] org.AirAPI.config.AWStextrackTest        : F1454
2023-01-29 20:34:34.066  INFO 1328 --- [    Test worker] org.AirAPI.config.AWStextrackTest        : 2230
2023-01-29 20:34:34.066  INFO 1328 --- [    Test worker] org.AirAPI.config.AWStextrackTest        : 0720
2023-01-29 20:34:34.066  INFO 1328 --- [    Test worker] org.AirAPI.config.AWStextrackTest        : 4206
2023-01-29 20:34:34.067  INFO 1328 --- [    Test worker] org.AirAPI.config.AWStextrackTest        : CNX
2023-01-29 20:34:34.068  INFO 1328 --- [    Test worker] org.AirAPI.config.AWStextrackTest        : 0130
2023-01-29 20:34:34.068  INFO 1328 --- [    Test worker] org.AirAPI.config.AWStextrackTest        : ICN
2023-01-29 20:34:34.068  INFO 1328 --- [    Test worker] org.AirAPI.config.AWStextrackTest        : null
2023-01-29 20:34:34.068  INFO 1328 --- [    Test worker] org.AirAPI.config.AWStextrackTest        : 14Jan23
2023-01-29 20:34:34.069  INFO 1328 --- [    Test worker] org.AirAPI.config.AWStextrackTest        : OFF
2023-01-29 20:34:34.070  INFO 1328 --- [    Test worker] org.AirAPI.config.AWStextrackTest        : GMP
2023-01-29 20:34:34.071  INFO 1328 --- [    Test worker] org.AirAPI.config.AWStextrackTest        : 0000
2023-01-29 20:34:34.071  INFO 1328 --- [    Test worker] org.AirAPI.config.AWStextrackTest        : GMP
2023-01-29 20:34:34.071  INFO 1328 --- [    Test worker] org.AirAPI.config.AWStextrackTest        : null
2023-01-29 20:34:34.072  INFO 1328 --- [    Test worker] org.AirAPI.config.AWStextrackTest        : 15Jan23
2023-01-29 20:34:34.072  INFO 1328 --- [    Test worker] org.AirAPI.config.AWStextrackTest        : OFF
2023-01-29 20:34:34.072  INFO 1328 --- [    Test worker] org.AirAPI.config.AWStextrackTest        : GMP
2023-01-29 20:34:34.073  INFO 1328 --- [    Test worker] org.AirAPI.config.AWStextrackTest        : 0000
2023-01-29 20:34:34.073  INFO 1328 --- [    Test worker] org.AirAPI.config.AWStextrackTest        : GMP
2023-01-29 20:34:34.073  INFO 1328 --- [    Test worker] org.AirAPI.config.AWStextrackTest        : null
2023-01-29 20:34:34.074  INFO 1328 --- [    Test worker] org.AirAPI.config.AWStextrackTest        : 16Jan23
2023-01-29 20:34:34.074  INFO 1328 --- [    Test worker] org.AirAPI.config.AWStextrackTest        : 1530
2023-01-29 20:34:34.075  INFO 1328 --- [    Test worker] org.AirAPI.config.AWStextrackTest        : 2030
2023-01-29 20:34:34.075  INFO 1328 --- [    Test worker] org.AirAPI.config.AWStextrackTest        : OFC
2023-01-29 20:34:34.075  INFO 1328 --- [    Test worker] org.AirAPI.config.AWStextrackTest        : GMP
2023-01-29 20:34:34.075  INFO 1328 --- [    Test worker] org.AirAPI.config.AWStextrackTest        : 1530
2023-01-29 20:34:34.076  INFO 1328 --- [    Test worker] org.AirAPI.config.AWStextrackTest        : GMP
2023-01-29 20:34:34.076  INFO 1328 --- [    Test worker] org.AirAPI.config.AWStextrackTest        : null
2023-01-29 20:34:34.101  INFO 1328 --- [    Test worker] org.AirAPI.config.AWStextrackTest        : 17Jan23
2023-01-29 20:34:34.102  INFO 1328 --- [    Test worker] org.AirAPI.config.AWStextrackTest        : F2203
2023-01-29 20:34:34.103  INFO 1328 --- [    Test worker] org.AirAPI.config.AWStextrackTest        : 1720
2023-01-29 20:34:34.104  INFO 1328 --- [    Test worker] org.AirAPI.config.AWStextrackTest        : 0005
2023-01-29 20:34:34.104  INFO 1328 --- [    Test worker] org.AirAPI.config.AWStextrackTest        : 2203
2023-01-29 20:34:34.105  INFO 1328 --- [    Test worker] org.AirAPI.config.AWStextrackTest        : ICN
2023-01-29 20:34:34.106  INFO 1328 --- [    Test worker] org.AirAPI.config.AWStextrackTest        : 1930
2023-01-29 20:34:34.106  INFO 1328 --- [    Test worker] org.AirAPI.config.AWStextrackTest        : BKK
2023-01-29 20:34:34.106  INFO 1328 --- [    Test worker] org.AirAPI.config.AWStextrackTest        : null
2023-01-29 20:34:34.107  INFO 1328 --- [    Test worker] org.AirAPI.config.AWStextrackTest        : 18Jan23
2023-01-29 20:34:34.107  INFO 1328 --- [    Test worker] org.AirAPI.config.AWStextrackTest        : F2203
2023-01-29 20:34:34.107  INFO 1328 --- [    Test worker] org.AirAPI.config.AWStextrackTest        : LAYOV
2023-01-29 20:34:34.107  INFO 1328 --- [    Test worker] org.AirAPI.config.AWStextrackTest        : BKK
2023-01-29 20:34:34.108  INFO 1328 --- [    Test worker] org.AirAPI.config.AWStextrackTest        : 0300
2023-01-29 20:34:34.108  INFO 1328 --- [    Test worker] org.AirAPI.config.AWStextrackTest        : BKK
2023-01-29 20:34:34.109  INFO 1328 --- [    Test worker] org.AirAPI.config.AWStextrackTest        : null
2023-01-29 20:34:34.110  INFO 1328 --- [    Test worker] org.AirAPI.config.AWStextrackTest        : 19Jan23
2023-01-29 20:34:34.110  INFO 1328 --- [    Test worker] org.AirAPI.config.AWStextrackTest        : F2203
2023-01-29 20:34:34.110  INFO 1328 --- [    Test worker] org.AirAPI.config.AWStextrackTest        : 0010
2023-01-29 20:34:34.110  INFO 1328 --- [    Test worker] org.AirAPI.config.AWStextrackTest        : 2252
2023-01-29 20:34:34.111  INFO 1328 --- [    Test worker] org.AirAPI.config.AWStextrackTest        : BKK
2023-01-29 20:34:34.111  INFO 1328 --- [    Test worker] org.AirAPI.config.AWStextrackTest        : 0310
2023-01-29 20:34:34.111  INFO 1328 --- [    Test worker] org.AirAPI.config.AWStextrackTest        : PUS
2023-01-29 20:34:34.111  INFO 1328 --- [    Test worker] org.AirAPI.config.AWStextrackTest        : null
2023-01-29 20:34:34.112  INFO 1328 --- [    Test worker] org.AirAPI.config.AWStextrackTest        : DH
2023-01-29 20:34:34.112  INFO 1328 --- [    Test worker] org.AirAPI.config.AWStextrackTest        : 1120
2023-01-29 20:34:34.112  INFO 1328 --- [    Test worker] org.AirAPI.config.AWStextrackTest        : AIR
2023-01-29 20:34:34.112  INFO 1328 --- [    Test worker] org.AirAPI.config.AWStextrackTest        : PUS
2023-01-29 20:34:34.113  INFO 1328 --- [    Test worker] org.AirAPI.config.AWStextrackTest        : 1000
2023-01-29 20:34:34.113  INFO 1328 --- [    Test worker] org.AirAPI.config.AWStextrackTest        : GMP
2023-01-29 20:34:34.113  INFO 1328 --- [    Test worker] org.AirAPI.config.AWStextrackTest        : null
2023-01-29 20:34:34.113  INFO 1328 --- [    Test worker] org.AirAPI.config.AWStextrackTest        : 20Jan23
2023-01-29 20:34:34.113  INFO 1328 --- [    Test worker] org.AirAPI.config.AWStextrackTest        : OFF
2023-01-29 20:34:34.114  INFO 1328 --- [    Test worker] org.AirAPI.config.AWStextrackTest        : GMP
2023-01-29 20:34:34.114  INFO 1328 --- [    Test worker] org.AirAPI.config.AWStextrackTest        : 0000
2023-01-29 20:34:34.114  INFO 1328 --- [    Test worker] org.AirAPI.config.AWStextrackTest        : GMP
2023-01-29 20:34:34.115  INFO 1328 --- [    Test worker] org.AirAPI.config.AWStextrackTest        : null
2023-01-29 20:34:34.115  INFO 1328 --- [    Test worker] org.AirAPI.config.AWStextrackTest        : 21Jan23
2023-01-29 20:34:34.115  INFO 1328 --- [    Test worker] org.AirAPI.config.AWStextrackTest        : F1602
2023-01-29 20:34:34.116  INFO 1328 --- [    Test worker] org.AirAPI.config.AWStextrackTest        : 0900
2023-01-29 20:34:34.116  INFO 1328 --- [    Test worker] org.AirAPI.config.AWStextrackTest        : 1602
2023-01-29 20:34:34.117  INFO 1328 --- [    Test worker] org.AirAPI.config.AWStextrackTest        : ICN
2023-01-29 20:34:34.117  INFO 1328 --- [    Test worker] org.AirAPI.config.AWStextrackTest        : 1110
2023-01-29 20:34:34.118  INFO 1328 --- [    Test worker] org.AirAPI.config.AWStextrackTest        : NGO
2023-01-29 20:34:34.118  INFO 1328 --- [    Test worker] org.AirAPI.config.AWStextrackTest        : null
2023-01-29 20:34:34.118  INFO 1328 --- [    Test worker] org.AirAPI.config.AWStextrackTest        : 1700
2023-01-29 20:34:34.119  INFO 1328 --- [    Test worker] org.AirAPI.config.AWStextrackTest        : 1601
2023-01-29 20:34:34.119  INFO 1328 --- [    Test worker] org.AirAPI.config.AWStextrackTest        : NGO
2023-01-29 20:34:34.119  INFO 1328 --- [    Test worker] org.AirAPI.config.AWStextrackTest        : 1350
2023-01-29 20:34:34.120  INFO 1328 --- [    Test worker] org.AirAPI.config.AWStextrackTest        : ICN
2023-01-29 20:34:34.120  INFO 1328 --- [    Test worker] org.AirAPI.config.AWStextrackTest        : null
2023-01-29 20:34:34.120  INFO 1328 --- [    Test worker] org.AirAPI.config.AWStextrackTest        : 22Jan23
2023-01-29 20:34:34.120  INFO 1328 --- [    Test worker] org.AirAPI.config.AWStextrackTest        : VAC
2023-01-29 20:34:34.121  INFO 1328 --- [    Test worker] org.AirAPI.config.AWStextrackTest        : GMP
2023-01-29 20:34:34.121  INFO 1328 --- [    Test worker] org.AirAPI.config.AWStextrackTest        : 0000
2023-01-29 20:34:34.121  INFO 1328 --- [    Test worker] org.AirAPI.config.AWStextrackTest        : GMP
2023-01-29 20:34:34.122  INFO 1328 --- [    Test worker] org.AirAPI.config.AWStextrackTest        : null
2023-01-29 20:34:34.122  INFO 1328 --- [    Test worker] org.AirAPI.config.AWStextrackTest        : 23Jan23
2023-01-29 20:34:34.127  INFO 1328 --- [    Test worker] org.AirAPI.config.AWStextrackTest        : OFF
2023-01-29 20:34:34.128  INFO 1328 --- [    Test worker] org.AirAPI.config.AWStextrackTest        : GMP
2023-01-29 20:34:34.128  INFO 1328 --- [    Test worker] org.AirAPI.config.AWStextrackTest        : 0000
2023-01-29 20:34:34.128  INFO 1328 --- [    Test worker] org.AirAPI.config.AWStextrackTest        : GMP
2023-01-29 20:34:34.129  INFO 1328 --- [    Test worker] org.AirAPI.config.AWStextrackTest        : null
2023-01-29 20:34:34.129  INFO 1328 --- [    Test worker] org.AirAPI.config.AWStextrackTest        : 24Jan23
2023-01-29 20:34:34.130  INFO 1328 --- [    Test worker] org.AirAPI.config.AWStextrackTest        : F105B
2023-01-29 20:34:34.130  INFO 1328 --- [    Test worker] org.AirAPI.config.AWStextrackTest        : 0640
2023-01-29 20:34:34.130  INFO 1328 --- [    Test worker] org.AirAPI.config.AWStextrackTest        : 105
2023-01-29 20:34:34.131  INFO 1328 --- [    Test worker] org.AirAPI.config.AWStextrackTest        : GMP
2023-01-29 20:34:34.132  INFO 1328 --- [    Test worker] org.AirAPI.config.AWStextrackTest        : 0750
2023-01-29 20:34:34.132  INFO 1328 --- [    Test worker] org.AirAPI.config.AWStextrackTest        : CJU
2023-01-29 20:34:34.133  INFO 1328 --- [    Test worker] org.AirAPI.config.AWStextrackTest        : null
2023-01-29 20:34:34.133  INFO 1328 --- [    Test worker] org.AirAPI.config.AWStextrackTest        : 802
2023-01-29 20:34:34.133  INFO 1328 --- [    Test worker] org.AirAPI.config.AWStextrackTest        : CJU
2023-01-29 20:34:34.133  INFO 1328 --- [    Test worker] org.AirAPI.config.AWStextrackTest        : 0940
2023-01-29 20:34:34.133  INFO 1328 --- [    Test worker] org.AirAPI.config.AWStextrackTest        : CJJ
2023-01-29 20:34:34.134  INFO 1328 --- [    Test worker] org.AirAPI.config.AWStextrackTest        : null
2023-01-29 20:34:34.134  INFO 1328 --- [    Test worker] org.AirAPI.config.AWStextrackTest        : F105B
2023-01-29 20:34:34.134  INFO 1328 --- [    Test worker] org.AirAPI.config.AWStextrackTest        : 801
2023-01-29 20:34:34.134  INFO 1328 --- [    Test worker] org.AirAPI.config.AWStextrackTest        : CJJ
2023-01-29 20:34:34.134  INFO 1328 --- [    Test worker] org.AirAPI.config.AWStextrackTest        : 1130
2023-01-29 20:34:34.134  INFO 1328 --- [    Test worker] org.AirAPI.config.AWStextrackTest        : CJU
2023-01-29 20:34:34.134  INFO 1328 --- [    Test worker] org.AirAPI.config.AWStextrackTest        : null
2023-01-29 20:34:34.134  INFO 1328 --- [    Test worker] org.AirAPI.config.AWStextrackTest        : 1435
2023-01-29 20:34:34.134  INFO 1328 --- [    Test worker] org.AirAPI.config.AWStextrackTest        : 506
2023-01-29 20:34:34.134  INFO 1328 --- [    Test worker] org.AirAPI.config.AWStextrackTest        : CJU
2023-01-29 20:34:34.134  INFO 1328 --- [    Test worker] org.AirAPI.config.AWStextrackTest        : 1315
2023-01-29 20:34:34.134  INFO 1328 --- [    Test worker] org.AirAPI.config.AWStextrackTest        : PUS
2023-01-29 20:34:34.134  INFO 1328 --- [    Test worker] org.AirAPI.config.AWStextrackTest        : null
2023-01-29 20:34:34.134  INFO 1328 --- [    Test worker] org.AirAPI.config.AWStextrackTest        : F105B
2023-01-29 20:34:34.135  INFO 1328 --- [    Test worker] org.AirAPI.config.AWStextrackTest        : LAYOV
2023-01-29 20:34:34.135  INFO 1328 --- [    Test worker] org.AirAPI.config.AWStextrackTest        : PUS
2023-01-29 20:34:34.135  INFO 1328 --- [    Test worker] org.AirAPI.config.AWStextrackTest        : 1525
2023-01-29 20:34:34.135  INFO 1328 --- [    Test worker] org.AirAPI.config.AWStextrackTest        : PUS
2023-01-29 20:34:34.135  INFO 1328 --- [    Test worker] org.AirAPI.config.AWStextrackTest        : null
2023-01-29 20:34:34.135  INFO 1328 --- [    Test worker] org.AirAPI.config.AWStextrackTest        : 25Jan23
2023-01-29 20:34:34.135  INFO 1328 --- [    Test worker] org.AirAPI.config.AWStextrackTest        : F105B
2023-01-29 20:34:34.135  INFO 1328 --- [    Test worker] org.AirAPI.config.AWStextrackTest        : 0545
2023-01-29 20:34:34.135  INFO 1328 --- [    Test worker] org.AirAPI.config.AWStextrackTest        : 1452
2023-01-29 20:34:34.135  INFO 1328 --- [    Test worker] org.AirAPI.config.AWStextrackTest        : PUS
2023-01-29 20:34:34.135  INFO 1328 --- [    Test worker] org.AirAPI.config.AWStextrackTest        : 0705
2023-01-29 20:34:34.135  INFO 1328 --- [    Test worker] org.AirAPI.config.AWStextrackTest        : FUK
2023-01-29 20:34:34.135  INFO 1328 --- [    Test worker] org.AirAPI.config.AWStextrackTest        : null
2023-01-29 20:34:34.135  INFO 1328 --- [    Test worker] org.AirAPI.config.AWStextrackTest        : 1025
2023-01-29 20:34:34.135  INFO 1328 --- [    Test worker] org.AirAPI.config.AWStextrackTest        : 1451
2023-01-29 20:34:34.135  INFO 1328 --- [    Test worker] org.AirAPI.config.AWStextrackTest        : FUK
2023-01-29 20:34:34.135  INFO 1328 --- [    Test worker] org.AirAPI.config.AWStextrackTest        : 0855
2023-01-29 20:34:34.135  INFO 1328 --- [    Test worker] org.AirAPI.config.AWStextrackTest        : PUS
2023-01-29 20:34:34.136  INFO 1328 --- [    Test worker] org.AirAPI.config.AWStextrackTest        : null
2023-01-29 20:34:34.136  INFO 1328 --- [    Test worker] org.AirAPI.config.AWStextrackTest        : F105B
2023-01-29 20:34:34.136  INFO 1328 --- [    Test worker] org.AirAPI.config.AWStextrackTest        : LAYOV
2023-01-29 20:34:34.136  INFO 1328 --- [    Test worker] org.AirAPI.config.AWStextrackTest        : PUS
2023-01-29 20:34:34.136  INFO 1328 --- [    Test worker] org.AirAPI.config.AWStextrackTest        : 1115
2023-01-29 20:34:34.136  INFO 1328 --- [    Test worker] org.AirAPI.config.AWStextrackTest        : PUS
2023-01-29 20:34:34.136  INFO 1328 --- [    Test worker] org.AirAPI.config.AWStextrackTest        : null
2023-01-29 20:34:34.136  INFO 1328 --- [    Test worker] org.AirAPI.config.AWStextrackTest        : 26Jan23
2023-01-29 20:34:34.136  INFO 1328 --- [    Test worker] org.AirAPI.config.AWStextrackTest        : F105B
2023-01-29 20:34:34.136  INFO 1328 --- [    Test worker] org.AirAPI.config.AWStextrackTest        : 0610
2023-01-29 20:34:34.136  INFO 1328 --- [    Test worker] org.AirAPI.config.AWStextrackTest        : 0835
2023-01-29 20:34:34.136  INFO 1328 --- [    Test worker] org.AirAPI.config.AWStextrackTest        : 211
2023-01-29 20:34:34.136  INFO 1328 --- [    Test worker] org.AirAPI.config.AWStextrackTest        : PUS
2023-01-29 20:34:34.136  INFO 1328 --- [    Test worker] org.AirAPI.config.AWStextrackTest        : 0720
2023-01-29 20:34:34.136  INFO 1328 --- [    Test worker] org.AirAPI.config.AWStextrackTest        : GMP
2023-01-29 20:34:34.136  INFO 1328 --- [    Test worker] org.AirAPI.config.AWStextrackTest        : null
2023-01-29 20:34:34.137  INFO 1328 --- [    Test worker] org.AirAPI.config.AWStextrackTest        : 27Jan23
2023-01-29 20:34:34.137  INFO 1328 --- [    Test worker] org.AirAPI.config.AWStextrackTest        : OFF
2023-01-29 20:34:34.137  INFO 1328 --- [    Test worker] org.AirAPI.config.AWStextrackTest        : GMP
2023-01-29 20:34:34.137  INFO 1328 --- [    Test worker] org.AirAPI.config.AWStextrackTest        : 0000
2023-01-29 20:34:34.137  INFO 1328 --- [    Test worker] org.AirAPI.config.AWStextrackTest        : GMP
2023-01-29 20:34:34.137  INFO 1328 --- [    Test worker] org.AirAPI.config.AWStextrackTest        : null
2023-01-29 20:34:34.137  INFO 1328 --- [    Test worker] org.AirAPI.config.AWStextrackTest        : 28Jan23
2023-01-29 20:34:34.137  INFO 1328 --- [    Test worker] org.AirAPI.config.AWStextrackTest        : F103
2023-01-29 20:34:34.137  INFO 1328 --- [    Test worker] org.AirAPI.config.AWStextrackTest        : 0550
2023-01-29 20:34:34.137  INFO 1328 --- [    Test worker] org.AirAPI.config.AWStextrackTest        : 103
2023-01-29 20:34:34.137  INFO 1328 --- [    Test worker] org.AirAPI.config.AWStextrackTest        : GMP
2023-01-29 20:34:34.137  INFO 1328 --- [    Test worker] org.AirAPI.config.AWStextrackTest        : 0700
2023-01-29 20:34:34.137  INFO 1328 --- [    Test worker] org.AirAPI.config.AWStextrackTest        : CJU
2023-01-29 20:34:34.137  INFO 1328 --- [    Test worker] org.AirAPI.config.AWStextrackTest        : null
2023-01-29 20:34:34.137  INFO 1328 --- [    Test worker] org.AirAPI.config.AWStextrackTest        : 136
2023-01-29 20:34:34.137  INFO 1328 --- [    Test worker] org.AirAPI.config.AWStextrackTest        : CJU
2023-01-29 20:34:34.137  INFO 1328 --- [    Test worker] org.AirAPI.config.AWStextrackTest        : 0845
2023-01-29 20:34:34.137  INFO 1328 --- [    Test worker] org.AirAPI.config.AWStextrackTest        : GMP
2023-01-29 20:34:34.137  INFO 1328 --- [    Test worker] org.AirAPI.config.AWStextrackTest        : null
2023-01-29 20:34:34.137  INFO 1328 --- [    Test worker] org.AirAPI.config.AWStextrackTest        : F103
2023-01-29 20:34:34.138  INFO 1328 --- [    Test worker] org.AirAPI.config.AWStextrackTest        : 135
2023-01-29 20:34:34.138  INFO 1328 --- [    Test worker] org.AirAPI.config.AWStextrackTest        : GMP
2023-01-29 20:34:34.138  INFO 1328 --- [    Test worker] org.AirAPI.config.AWStextrackTest        : 1030
2023-01-29 20:34:34.138  INFO 1328 --- [    Test worker] org.AirAPI.config.AWStextrackTest        : CJU
2023-01-29 20:34:34.138  INFO 1328 --- [    Test worker] org.AirAPI.config.AWStextrackTest        : null
2023-01-29 20:34:34.138  INFO 1328 --- [    Test worker] org.AirAPI.config.AWStextrackTest        : 1355
2023-01-29 20:34:34.138  INFO 1328 --- [    Test worker] org.AirAPI.config.AWStextrackTest        : 192
2023-01-29 20:34:34.138  INFO 1328 --- [    Test worker] org.AirAPI.config.AWStextrackTest        : CJU
2023-01-29 20:34:34.138  INFO 1328 --- [    Test worker] org.AirAPI.config.AWStextrackTest        : 1225
2023-01-29 20:34:34.138  INFO 1328 --- [    Test worker] org.AirAPI.config.AWStextrackTest        : GMP
2023-01-29 20:34:34.138  INFO 1328 --- [    Test worker] org.AirAPI.config.AWStextrackTest        : null
2023-01-29 20:34:34.138  INFO 1328 --- [    Test worker] org.AirAPI.config.AWStextrackTest        : 29Jan23
2023-01-29 20:34:34.138  INFO 1328 --- [    Test worker] org.AirAPI.config.AWStextrackTest        : F145D
2023-01-29 20:34:34.138  INFO 1328 --- [    Test worker] org.AirAPI.config.AWStextrackTest        : 1545
2023-01-29 20:34:34.138  INFO 1328 --- [    Test worker] org.AirAPI.config.AWStextrackTest        : 145
2023-01-29 20:34:34.138  INFO 1328 --- [    Test worker] org.AirAPI.config.AWStextrackTest        : GMP
2023-01-29 20:34:34.138  INFO 1328 --- [    Test worker] org.AirAPI.config.AWStextrackTest        : 1655
2023-01-29 20:34:34.138  INFO 1328 --- [    Test worker] org.AirAPI.config.AWStextrackTest        : CJU
2023-01-29 20:34:34.138  INFO 1328 --- [    Test worker] org.AirAPI.config.AWStextrackTest        : null
2023-01-29 20:34:34.139  INFO 1328 --- [    Test worker] org.AirAPI.config.AWStextrackTest        : 146
2023-01-29 20:34:34.139  INFO 1328 --- [    Test worker] org.AirAPI.config.AWStextrackTest        : CJU
2023-01-29 20:34:34.139  INFO 1328 --- [    Test worker] org.AirAPI.config.AWStextrackTest        : 1845
2023-01-29 20:34:34.139  INFO 1328 --- [    Test worker] org.AirAPI.config.AWStextrackTest        : GMP
2023-01-29 20:34:34.139  INFO 1328 --- [    Test worker] org.AirAPI.config.AWStextrackTest        : null
2023-01-29 20:34:34.139  INFO 1328 --- [    Test worker] org.AirAPI.config.AWStextrackTest        : F145D
2023-01-29 20:34:34.139  INFO 1328 --- [    Test worker] org.AirAPI.config.AWStextrackTest        : 2200
2023-01-29 20:34:34.139  INFO 1328 --- [    Test worker] org.AirAPI.config.AWStextrackTest        : 147
2023-01-29 20:34:34.139  INFO 1328 --- [    Test worker] org.AirAPI.config.AWStextrackTest        : GMP
2023-01-29 20:34:34.139  INFO 1328 --- [    Test worker] org.AirAPI.config.AWStextrackTest        : 2030
2023-01-29 20:34:34.140  INFO 1328 --- [    Test worker] org.AirAPI.config.AWStextrackTest        : CJU
2023-01-29 20:34:34.140  INFO 1328 --- [    Test worker] org.AirAPI.config.AWStextrackTest        : null
2023-01-29 20:34:34.141  INFO 1328 --- [    Test worker] org.AirAPI.config.AWStextrackTest        : LAYOV
2023-01-29 20:34:34.141  INFO 1328 --- [    Test worker] org.AirAPI.config.AWStextrackTest        : CJU
2023-01-29 20:34:34.142  INFO 1328 --- [    Test worker] org.AirAPI.config.AWStextrackTest        : 2215
2023-01-29 20:34:34.143  INFO 1328 --- [    Test worker] org.AirAPI.config.AWStextrackTest        : CJU
2023-01-29 20:34:34.143  INFO 1328 --- [    Test worker] org.AirAPI.config.AWStextrackTest        : null
2023-01-29 20:34:34.143  INFO 1328 --- [    Test worker] org.AirAPI.config.AWStextrackTest        : 30Jan23
2023-01-29 20:34:34.149  INFO 1328 --- [    Test worker] org.AirAPI.config.AWStextrackTest        : F145D
2023-01-29 20:34:34.150  INFO 1328 --- [    Test worker] org.AirAPI.config.AWStextrackTest        : 1245
2023-01-29 20:34:34.150  INFO 1328 --- [    Test worker] org.AirAPI.config.AWStextrackTest        : 1520
2023-01-29 20:34:34.150  INFO 1328 --- [    Test worker] org.AirAPI.config.AWStextrackTest        : 116
2023-01-29 20:34:34.150  INFO 1328 --- [    Test worker] org.AirAPI.config.AWStextrackTest        : CJU
2023-01-29 20:34:34.150  INFO 1328 --- [    Test worker] org.AirAPI.config.AWStextrackTest        : 1355
2023-01-29 20:34:34.152  INFO 1328 --- [    Test worker] org.AirAPI.config.AWStextrackTest        : GMP
2023-01-29 20:34:34.153  INFO 1328 --- [    Test worker] org.AirAPI.config.AWStextrackTest        : null
2023-01-29 20:34:34.153  INFO 1328 --- [    Test worker] org.AirAPI.config.AWStextrackTest        : 31Jan23
2023-01-29 20:34:34.153  INFO 1328 --- [    Test worker] org.AirAPI.config.AWStextrackTest        : OFF
2023-01-29 20:34:34.154  INFO 1328 --- [    Test worker] org.AirAPI.config.AWStextrackTest        : GMP
2023-01-29 20:34:34.154  INFO 1328 --- [    Test worker] org.AirAPI.config.AWStextrackTest        : 0000
2023-01-29 20:34:34.154  INFO 1328 --- [    Test worker] org.AirAPI.config.AWStextrackTest        : GMP
2023-01-29 20:34:34.154  INFO 1328 --- [    Test worker] org.AirAPI.config.AWStextrackTest        : null
]]></system-out>
  <system-err><![CDATA[]]></system-err>
</testsuite>
