<?xml version="1.0" encoding="UTF-8"?>
<testsuite name="org.AirAPI.service.ScheduleServiceTest" tests="1" skipped="0" failures="0" errors="0" timestamp="2023-06-06T00:40:29" hostname="DESKTOP-CLGUOMH" time="0.289">
  <properties/>
  <testcase name="findAll_data()" classname="org.AirAPI.service.ScheduleServiceTest" time="0.289"/>
  <system-out><![CDATA[09:40:27.241 [Test worker] DEBUG org.springframework.test.context.BootstrapUtils - Instantiating CacheAwareContextLoaderDelegate from class [org.springframework.test.context.cache.DefaultCacheAwareContextLoaderDelegate]
09:40:27.261 [Test worker] DEBUG org.springframework.test.context.BootstrapUtils - Instantiating BootstrapContext using constructor [public org.springframework.test.context.support.DefaultBootstrapContext(java.lang.Class,org.springframework.test.context.CacheAwareContextLoaderDelegate)]
09:40:27.329 [Test worker] DEBUG org.springframework.test.context.BootstrapUtils - Instantiating TestContextBootstrapper for test class [org.AirAPI.service.ScheduleServiceTest] from class [org.springframework.test.context.support.DefaultTestContextBootstrapper]
09:40:27.381 [Test worker] DEBUG org.springframework.test.context.support.AbstractDelegatingSmartContextLoader - Delegating to AnnotationConfigContextLoader to process context configuration [ContextConfigurationAttributes@306851c7 declaringClass = 'org.AirAPI.service.ScheduleServiceTest', classes = '{class org.AirAPI.config.AWStextrack, class org.AirAPI.entity.json.Jsonschedules}', locations = '{}', inheritLocations = true, initializers = '{}', inheritInitializers = true, name = [null], contextLoaderClass = 'org.springframework.test.context.ContextLoader'].
09:40:27.502 [Test worker] DEBUG org.springframework.test.context.support.ActiveProfilesUtils - Could not find an 'annotation declaring class' for annotation type [org.springframework.test.context.ActiveProfiles] and class [org.AirAPI.service.ScheduleServiceTest]
09:40:27.505 [Test worker] DEBUG org.springframework.test.context.support.DefaultTestContextBootstrapper - @TestExecutionListeners is not present for class [org.AirAPI.service.ScheduleServiceTest]: using defaults.
09:40:27.508 [Test worker] INFO org.springframework.test.context.support.DefaultTestContextBootstrapper - Loaded default TestExecutionListener class names from location [META-INF/spring.factories]: [org.springframework.security.test.context.support.WithSecurityContextTestExecutionListener, org.springframework.security.test.context.support.ReactorContextTestExecutionListener, org.springframework.boot.test.autoconfigure.restdocs.RestDocsTestExecutionListener, org.springframework.boot.test.autoconfigure.web.client.MockRestServiceServerResetTestExecutionListener, org.springframework.boot.test.autoconfigure.web.servlet.MockMvcPrintOnlyOnFailureTestExecutionListener, org.springframework.boot.test.autoconfigure.web.servlet.WebDriverTestExecutionListener, org.springframework.boot.test.autoconfigure.webservices.client.MockWebServiceServerTestExecutionListener, org.springframework.boot.test.mock.mockito.MockitoTestExecutionListener, org.springframework.boot.test.mock.mockito.ResetMocksTestExecutionListener, org.springframework.test.context.web.ServletTestExecutionListener, org.springframework.test.context.support.DirtiesContextBeforeModesTestExecutionListener, org.springframework.test.context.event.ApplicationEventsTestExecutionListener, org.springframework.test.context.support.DependencyInjectionTestExecutionListener, org.springframework.test.context.support.DirtiesContextTestExecutionListener, org.springframework.test.context.transaction.TransactionalTestExecutionListener, org.springframework.test.context.jdbc.SqlScriptsTestExecutionListener, org.springframework.test.context.event.EventPublishingTestExecutionListener]
09:40:27.545 [Test worker] INFO org.springframework.test.context.support.DefaultTestContextBootstrapper - Using TestExecutionListeners: [org.springframework.test.context.web.ServletTestExecutionListener@2ce86164, org.springframework.test.context.support.DirtiesContextBeforeModesTestExecutionListener@5e8f9e2d, org.springframework.test.context.event.ApplicationEventsTestExecutionListener@51df223b, org.springframework.boot.test.mock.mockito.MockitoTestExecutionListener@fd46303, org.springframework.test.context.support.DependencyInjectionTestExecutionListener@60d8c0dc, org.springframework.test.context.support.DirtiesContextTestExecutionListener@4204541c, org.springframework.test.context.transaction.TransactionalTestExecutionListener@6a62689d, org.springframework.test.context.jdbc.SqlScriptsTestExecutionListener@4602c2a9, org.springframework.security.test.context.support.WithSecurityContextTestExecutionListener@60fa3495, org.springframework.test.context.event.EventPublishingTestExecutionListener@3e2822, org.springframework.security.test.context.support.ReactorContextTestExecutionListener@79e18e38, org.springframework.boot.test.autoconfigure.restdocs.RestDocsTestExecutionListener@29a60c27, org.springframework.boot.test.autoconfigure.web.client.MockRestServiceServerResetTestExecutionListener@1849db1a, org.springframework.boot.test.autoconfigure.web.servlet.MockMvcPrintOnlyOnFailureTestExecutionListener@69c79f09, org.springframework.boot.test.autoconfigure.web.servlet.WebDriverTestExecutionListener@1ca25c47, org.springframework.boot.test.autoconfigure.webservices.client.MockWebServiceServerTestExecutionListener@5fcacc0, org.springframework.boot.test.mock.mockito.ResetMocksTestExecutionListener@533b266e]
09:40:27.549 [Test worker] DEBUG org.springframework.test.context.support.AbstractDirtiesContextTestExecutionListener - Before test class: context [DefaultTestContext@5f2606b testClass = ScheduleServiceTest, testInstance = [null], testMethod = [null], testException = [null], mergedContextConfiguration = [MergedContextConfiguration@2b58f754 testClass = ScheduleServiceTest, locations = '{}', classes = '{class org.AirAPI.config.AWStextrack, class org.AirAPI.entity.json.Jsonschedules}', contextInitializerClasses = '[]', activeProfiles = '{}', propertySourceLocations = '{classpath:application.properties}', propertySourceProperties = '{}', contextCustomizers = set[org.springframework.boot.test.autoconfigure.actuate.metrics.MetricsExportContextCustomizerFactory$DisableMetricExportContextCustomizer@38be305c, org.springframework.boot.test.autoconfigure.properties.PropertyMappingContextCustomizer@0, org.springframework.boot.test.autoconfigure.web.servlet.WebDriverContextCustomizerFactory$Customizer@62fad19, org.springframework.boot.test.context.filter.ExcludeFilterContextCustomizer@4f2613d1, org.springframework.boot.test.json.DuplicateJsonObjectContextCustomizerFactory$DuplicateJsonObjectContextCustomizer@426b6a74, org.springframework.boot.test.mock.mockito.MockitoContextCustomizer@8159bd11], contextLoader = 'org.springframework.test.context.support.DelegatingSmartContextLoader', parent = [null]], attributes = map[[empty]]], class annotated with @DirtiesContext [false] with mode [null].
09:40:28.547 [Test worker] DEBUG org.springframework.test.context.support.AbstractDelegatingSmartContextLoader - Delegating to AnnotationConfigContextLoader to load context from [MergedContextConfiguration@2b58f754 testClass = ScheduleServiceTest, locations = '{}', classes = '{class org.AirAPI.config.AWStextrack, class org.AirAPI.entity.json.Jsonschedules}', contextInitializerClasses = '[]', activeProfiles = '{}', propertySourceLocations = '{classpath:application.properties}', propertySourceProperties = '{}', contextCustomizers = set[org.springframework.boot.test.autoconfigure.actuate.metrics.MetricsExportContextCustomizerFactory$DisableMetricExportContextCustomizer@38be305c, org.springframework.boot.test.autoconfigure.properties.PropertyMappingContextCustomizer@0, org.springframework.boot.test.autoconfigure.web.servlet.WebDriverContextCustomizerFactory$Customizer@62fad19, org.springframework.boot.test.context.filter.ExcludeFilterContextCustomizer@4f2613d1, org.springframework.boot.test.json.DuplicateJsonObjectContextCustomizerFactory$DuplicateJsonObjectContextCustomizer@426b6a74, org.springframework.boot.test.mock.mockito.MockitoContextCustomizer@8159bd11], contextLoader = 'org.springframework.test.context.support.DelegatingSmartContextLoader', parent = [null]].
09:40:28.547 [Test worker] DEBUG org.springframework.test.context.support.AbstractGenericContextLoader - Loading ApplicationContext for merged context configuration [[MergedContextConfiguration@2b58f754 testClass = ScheduleServiceTest, locations = '{}', classes = '{class org.AirAPI.config.AWStextrack, class org.AirAPI.entity.json.Jsonschedules}', contextInitializerClasses = '[]', activeProfiles = '{}', propertySourceLocations = '{classpath:application.properties}', propertySourceProperties = '{}', contextCustomizers = set[org.springframework.boot.test.autoconfigure.actuate.metrics.MetricsExportContextCustomizerFactory$DisableMetricExportContextCustomizer@38be305c, org.springframework.boot.test.autoconfigure.properties.PropertyMappingContextCustomizer@0, org.springframework.boot.test.autoconfigure.web.servlet.WebDriverContextCustomizerFactory$Customizer@62fad19, org.springframework.boot.test.context.filter.ExcludeFilterContextCustomizer@4f2613d1, org.springframework.boot.test.json.DuplicateJsonObjectContextCustomizerFactory$DuplicateJsonObjectContextCustomizer@426b6a74, org.springframework.boot.test.mock.mockito.MockitoContextCustomizer@8159bd11], contextLoader = 'org.springframework.test.context.support.DelegatingSmartContextLoader', parent = [null]]].
09:40:28.614 [Test worker] DEBUG org.springframework.core.env.StandardEnvironment - Activating profiles []
09:40:28.621 [Test worker] DEBUG org.springframework.test.context.support.AnnotationConfigContextLoader - Registering component classes: {class org.AirAPI.config.AWStextrack, class org.AirAPI.entity.json.Jsonschedules}
09:40:28.680 [Test worker] DEBUG org.springframework.context.support.GenericApplicationContext - Refreshing org.springframework.context.support.GenericApplicationContext@2330e3e0
09:40:28.695 [Test worker] DEBUG org.springframework.beans.factory.support.DefaultListableBeanFactory - Creating shared instance of singleton bean 'org.springframework.context.annotation.internalConfigurationAnnotationProcessor'
09:40:28.931 [Test worker] DEBUG org.springframework.beans.factory.support.DefaultListableBeanFactory - Creating shared instance of singleton bean 'org.springframework.boot.test.mock.mockito.MockitoPostProcessor'
09:40:29.015 [Test worker] DEBUG org.springframework.beans.factory.support.DefaultListableBeanFactory - Creating shared instance of singleton bean 'org.springframework.context.event.internalEventListenerProcessor'
09:40:29.021 [Test worker] DEBUG org.springframework.beans.factory.support.DefaultListableBeanFactory - Creating shared instance of singleton bean 'org.springframework.context.event.internalEventListenerFactory'
09:40:29.024 [Test worker] DEBUG org.springframework.beans.factory.support.DefaultListableBeanFactory - Creating shared instance of singleton bean 'org.springframework.context.annotation.internalAutowiredAnnotationProcessor'
09:40:29.031 [Test worker] DEBUG org.springframework.beans.factory.support.DefaultListableBeanFactory - Creating shared instance of singleton bean 'org.springframework.context.annotation.internalCommonAnnotationProcessor'
09:40:29.041 [Test worker] DEBUG org.springframework.beans.factory.support.DefaultListableBeanFactory - Creating shared instance of singleton bean 'org.springframework.context.annotation.internalPersistenceAnnotationProcessor'
09:40:29.043 [Test worker] DEBUG org.springframework.beans.factory.support.DefaultListableBeanFactory - Creating shared instance of singleton bean 'org.springframework.boot.test.mock.mockito.MockitoPostProcessor$SpyPostProcessor'
09:40:29.067 [Test worker] DEBUG org.springframework.beans.factory.support.DefaultListableBeanFactory - Creating shared instance of singleton bean 'AWStextrack'
09:40:29.163 [Test worker] DEBUG org.springframework.core.env.PropertySourcesPropertyResolver - Found key 'accesskey' in PropertySource 'configurationProperties' with value of type String
09:40:29.165 [Test worker] DEBUG org.springframework.core.env.PropertySourcesPropertyResolver - Found key 'secretkey' in PropertySource 'configurationProperties' with value of type String
09:40:29.169 [Test worker] DEBUG org.springframework.beans.factory.support.DefaultListableBeanFactory - Creating shared instance of singleton bean 'jsonschedules'
09:40:29.180 [Test worker] DEBUG org.springframework.beans.factory.support.DefaultListableBeanFactory - Creating shared instance of singleton bean 'texttoEntity_test'
09:40:29.245 [Test worker] DEBUG org.springframework.beans.factory.support.DefaultListableBeanFactory - Creating shared instance of singleton bean 'texttoEntity'
09:40:29.263 [Test worker] DEBUG org.springframework.test.context.cache.DefaultCacheAwareContextLoaderDelegate - Storing ApplicationContext [590406624] in cache under key [[MergedContextConfiguration@2b58f754 testClass = ScheduleServiceTest, locations = '{}', classes = '{class org.AirAPI.config.AWStextrack, class org.AirAPI.entity.json.Jsonschedules}', contextInitializerClasses = '[]', activeProfiles = '{}', propertySourceLocations = '{classpath:application.properties}', propertySourceProperties = '{}', contextCustomizers = set[org.springframework.boot.test.autoconfigure.actuate.metrics.MetricsExportContextCustomizerFactory$DisableMetricExportContextCustomizer@38be305c, org.springframework.boot.test.autoconfigure.properties.PropertyMappingContextCustomizer@0, org.springframework.boot.test.autoconfigure.web.servlet.WebDriverContextCustomizerFactory$Customizer@62fad19, org.springframework.boot.test.context.filter.ExcludeFilterContextCustomizer@4f2613d1, org.springframework.boot.test.json.DuplicateJsonObjectContextCustomizerFactory$DuplicateJsonObjectContextCustomizer@426b6a74, org.springframework.boot.test.mock.mockito.MockitoContextCustomizer@8159bd11], contextLoader = 'org.springframework.test.context.support.DelegatingSmartContextLoader', parent = [null]]]
09:40:29.264 [Test worker] DEBUG org.springframework.test.context.cache - Spring test ApplicationContext cache statistics: [DefaultContextCache@61bcbcce size = 1, maxSize = 32, parentContextCount = 0, hitCount = 0, missCount = 1]
09:40:29.271 [Test worker] DEBUG org.springframework.test.context.support.DependencyInjectionTestExecutionListener - Performing dependency injection for test context [[DefaultTestContext@5f2606b testClass = ScheduleServiceTest, testInstance = org.AirAPI.service.ScheduleServiceTest@2ab26378, testMethod = [null], testException = [null], mergedContextConfiguration = [MergedContextConfiguration@2b58f754 testClass = ScheduleServiceTest, locations = '{}', classes = '{class org.AirAPI.config.AWStextrack, class org.AirAPI.entity.json.Jsonschedules}', contextInitializerClasses = '[]', activeProfiles = '{}', propertySourceLocations = '{classpath:application.properties}', propertySourceProperties = '{}', contextCustomizers = set[org.springframework.boot.test.autoconfigure.actuate.metrics.MetricsExportContextCustomizerFactory$DisableMetricExportContextCustomizer@38be305c, org.springframework.boot.test.autoconfigure.properties.PropertyMappingContextCustomizer@0, org.springframework.boot.test.autoconfigure.web.servlet.WebDriverContextCustomizerFactory$Customizer@62fad19, org.springframework.boot.test.context.filter.ExcludeFilterContextCustomizer@4f2613d1, org.springframework.boot.test.json.DuplicateJsonObjectContextCustomizerFactory$DuplicateJsonObjectContextCustomizer@426b6a74, org.springframework.boot.test.mock.mockito.MockitoContextCustomizer@8159bd11], contextLoader = 'org.springframework.test.context.support.DelegatingSmartContextLoader', parent = [null]], attributes = map['org.springframework.test.context.event.ApplicationEventsTestExecutionListener.recordApplicationEvents' -> false, 'org.springframework.boot.test.mock.mockito.MockitoTestExecutionListener.mocks' -> org.mockito.internal.configuration.InjectingAnnotationEngine$$Lambda$418/0x0000000100312c40@f9f3928]]].
09:40:29.273 [Test worker] DEBUG org.springframework.test.context.cache.DefaultCacheAwareContextLoaderDelegate - Retrieved ApplicationContext [590406624] from cache with key [[MergedContextConfiguration@2b58f754 testClass = ScheduleServiceTest, locations = '{}', classes = '{class org.AirAPI.config.AWStextrack, class org.AirAPI.entity.json.Jsonschedules}', contextInitializerClasses = '[]', activeProfiles = '{}', propertySourceLocations = '{classpath:application.properties}', propertySourceProperties = '{}', contextCustomizers = set[org.springframework.boot.test.autoconfigure.actuate.metrics.MetricsExportContextCustomizerFactory$DisableMetricExportContextCustomizer@38be305c, org.springframework.boot.test.autoconfigure.properties.PropertyMappingContextCustomizer@0, org.springframework.boot.test.autoconfigure.web.servlet.WebDriverContextCustomizerFactory$Customizer@62fad19, org.springframework.boot.test.context.filter.ExcludeFilterContextCustomizer@4f2613d1, org.springframework.boot.test.json.DuplicateJsonObjectContextCustomizerFactory$DuplicateJsonObjectContextCustomizer@426b6a74, org.springframework.boot.test.mock.mockito.MockitoContextCustomizer@8159bd11], contextLoader = 'org.springframework.test.context.support.DelegatingSmartContextLoader', parent = [null]]]
09:40:29.273 [Test worker] DEBUG org.springframework.test.context.cache - Spring test ApplicationContext cache statistics: [DefaultContextCache@61bcbcce size = 1, maxSize = 32, parentContextCount = 0, hitCount = 1, missCount = 1]
09:40:29.291 [Test worker] DEBUG org.springframework.test.context.cache.DefaultCacheAwareContextLoaderDelegate - Retrieved ApplicationContext [590406624] from cache with key [[MergedContextConfiguration@2b58f754 testClass = ScheduleServiceTest, locations = '{}', classes = '{class org.AirAPI.config.AWStextrack, class org.AirAPI.entity.json.Jsonschedules}', contextInitializerClasses = '[]', activeProfiles = '{}', propertySourceLocations = '{classpath:application.properties}', propertySourceProperties = '{}', contextCustomizers = set[org.springframework.boot.test.autoconfigure.actuate.metrics.MetricsExportContextCustomizerFactory$DisableMetricExportContextCustomizer@38be305c, org.springframework.boot.test.autoconfigure.properties.PropertyMappingContextCustomizer@0, org.springframework.boot.test.autoconfigure.web.servlet.WebDriverContextCustomizerFactory$Customizer@62fad19, org.springframework.boot.test.context.filter.ExcludeFilterContextCustomizer@4f2613d1, org.springframework.boot.test.json.DuplicateJsonObjectContextCustomizerFactory$DuplicateJsonObjectContextCustomizer@426b6a74, org.springframework.boot.test.mock.mockito.MockitoContextCustomizer@8159bd11], contextLoader = 'org.springframework.test.context.support.DelegatingSmartContextLoader', parent = [null]]]
09:40:29.291 [Test worker] DEBUG org.springframework.test.context.cache - Spring test ApplicationContext cache statistics: [DefaultContextCache@61bcbcce size = 1, maxSize = 32, parentContextCount = 0, hitCount = 2, missCount = 1]
09:40:29.349 [Test worker] DEBUG org.springframework.test.context.support.AbstractDirtiesContextTestExecutionListener - Before test method: context [DefaultTestContext@5f2606b testClass = ScheduleServiceTest, testInstance = org.AirAPI.service.ScheduleServiceTest@2ab26378, testMethod = findAll_data@ScheduleServiceTest, testException = [null], mergedContextConfiguration = [MergedContextConfiguration@2b58f754 testClass = ScheduleServiceTest, locations = '{}', classes = '{class org.AirAPI.config.AWStextrack, class org.AirAPI.entity.json.Jsonschedules}', contextInitializerClasses = '[]', activeProfiles = '{}', propertySourceLocations = '{classpath:application.properties}', propertySourceProperties = '{}', contextCustomizers = set[org.springframework.boot.test.autoconfigure.actuate.metrics.MetricsExportContextCustomizerFactory$DisableMetricExportContextCustomizer@38be305c, org.springframework.boot.test.autoconfigure.properties.PropertyMappingContextCustomizer@0, org.springframework.boot.test.autoconfigure.web.servlet.WebDriverContextCustomizerFactory$Customizer@62fad19, org.springframework.boot.test.context.filter.ExcludeFilterContextCustomizer@4f2613d1, org.springframework.boot.test.json.DuplicateJsonObjectContextCustomizerFactory$DuplicateJsonObjectContextCustomizer@426b6a74, org.springframework.boot.test.mock.mockito.MockitoContextCustomizer@8159bd11], contextLoader = 'org.springframework.test.context.support.DelegatingSmartContextLoader', parent = [null]], attributes = map['org.springframework.test.context.event.ApplicationEventsTestExecutionListener.recordApplicationEvents' -> false, 'org.springframework.boot.test.mock.mockito.MockitoTestExecutionListener.mocks' -> org.mockito.internal.configuration.InjectingAnnotationEngine$$Lambda$418/0x0000000100312c40@f9f3928]], class annotated with @DirtiesContext [false] with mode [null], method annotated with @DirtiesContext [false] with mode [null].
09:40:29.388 [Test worker] DEBUG org.springframework.test.context.cache.DefaultCacheAwareContextLoaderDelegate - Retrieved ApplicationContext [590406624] from cache with key [[MergedContextConfiguration@2b58f754 testClass = ScheduleServiceTest, locations = '{}', classes = '{class org.AirAPI.config.AWStextrack, class org.AirAPI.entity.json.Jsonschedules}', contextInitializerClasses = '[]', activeProfiles = '{}', propertySourceLocations = '{classpath:application.properties}', propertySourceProperties = '{}', contextCustomizers = set[org.springframework.boot.test.autoconfigure.actuate.metrics.MetricsExportContextCustomizerFactory$DisableMetricExportContextCustomizer@38be305c, org.springframework.boot.test.autoconfigure.properties.PropertyMappingContextCustomizer@0, org.springframework.boot.test.autoconfigure.web.servlet.WebDriverContextCustomizerFactory$Customizer@62fad19, org.springframework.boot.test.context.filter.ExcludeFilterContextCustomizer@4f2613d1, org.springframework.boot.test.json.DuplicateJsonObjectContextCustomizerFactory$DuplicateJsonObjectContextCustomizer@426b6a74, org.springframework.boot.test.mock.mockito.MockitoContextCustomizer@8159bd11], contextLoader = 'org.springframework.test.context.support.DelegatingSmartContextLoader', parent = [null]]]
09:40:29.392 [Test worker] DEBUG org.springframework.test.context.cache - Spring test ApplicationContext cache statistics: [DefaultContextCache@61bcbcce size = 1, maxSize = 32, parentContextCount = 0, hitCount = 3, missCount = 1]
09:40:29.407 [Test worker] DEBUG org.springframework.test.context.cache.DefaultCacheAwareContextLoaderDelegate - Retrieved ApplicationContext [590406624] from cache with key [[MergedContextConfiguration@2b58f754 testClass = ScheduleServiceTest, locations = '{}', classes = '{class org.AirAPI.config.AWStextrack, class org.AirAPI.entity.json.Jsonschedules}', contextInitializerClasses = '[]', activeProfiles = '{}', propertySourceLocations = '{classpath:application.properties}', propertySourceProperties = '{}', contextCustomizers = set[org.springframework.boot.test.autoconfigure.actuate.metrics.MetricsExportContextCustomizerFactory$DisableMetricExportContextCustomizer@38be305c, org.springframework.boot.test.autoconfigure.properties.PropertyMappingContextCustomizer@0, org.springframework.boot.test.autoconfigure.web.servlet.WebDriverContextCustomizerFactory$Customizer@62fad19, org.springframework.boot.test.context.filter.ExcludeFilterContextCustomizer@4f2613d1, org.springframework.boot.test.json.DuplicateJsonObjectContextCustomizerFactory$DuplicateJsonObjectContextCustomizer@426b6a74, org.springframework.boot.test.mock.mockito.MockitoContextCustomizer@8159bd11], contextLoader = 'org.springframework.test.context.support.DelegatingSmartContextLoader', parent = [null]]]
09:40:29.411 [Test worker] DEBUG org.springframework.test.context.cache - Spring test ApplicationContext cache statistics: [DefaultContextCache@61bcbcce size = 1, maxSize = 32, parentContextCount = 0, hitCount = 4, missCount = 1]
09:40:29.424 [Test worker] DEBUG org.springframework.test.context.cache.DefaultCacheAwareContextLoaderDelegate - Retrieved ApplicationContext [590406624] from cache with key [[MergedContextConfiguration@2b58f754 testClass = ScheduleServiceTest, locations = '{}', classes = '{class org.AirAPI.config.AWStextrack, class org.AirAPI.entity.json.Jsonschedules}', contextInitializerClasses = '[]', activeProfiles = '{}', propertySourceLocations = '{classpath:application.properties}', propertySourceProperties = '{}', contextCustomizers = set[org.springframework.boot.test.autoconfigure.actuate.metrics.MetricsExportContextCustomizerFactory$DisableMetricExportContextCustomizer@38be305c, org.springframework.boot.test.autoconfigure.properties.PropertyMappingContextCustomizer@0, org.springframework.boot.test.autoconfigure.web.servlet.WebDriverContextCustomizerFactory$Customizer@62fad19, org.springframework.boot.test.context.filter.ExcludeFilterContextCustomizer@4f2613d1, org.springframework.boot.test.json.DuplicateJsonObjectContextCustomizerFactory$DuplicateJsonObjectContextCustomizer@426b6a74, org.springframework.boot.test.mock.mockito.MockitoContextCustomizer@8159bd11], contextLoader = 'org.springframework.test.context.support.DelegatingSmartContextLoader', parent = [null]]]
09:40:29.429 [Test worker] DEBUG org.springframework.test.context.cache - Spring test ApplicationContext cache statistics: [DefaultContextCache@61bcbcce size = 1, maxSize = 32, parentContextCount = 0, hitCount = 5, missCount = 1]
09:40:29.534 [Test worker] DEBUG org.springframework.test.context.cache.DefaultCacheAwareContextLoaderDelegate - Retrieved ApplicationContext [590406624] from cache with key [[MergedContextConfiguration@2b58f754 testClass = ScheduleServiceTest, locations = '{}', classes = '{class org.AirAPI.config.AWStextrack, class org.AirAPI.entity.json.Jsonschedules}', contextInitializerClasses = '[]', activeProfiles = '{}', propertySourceLocations = '{classpath:application.properties}', propertySourceProperties = '{}', contextCustomizers = set[org.springframework.boot.test.autoconfigure.actuate.metrics.MetricsExportContextCustomizerFactory$DisableMetricExportContextCustomizer@38be305c, org.springframework.boot.test.autoconfigure.properties.PropertyMappingContextCustomizer@0, org.springframework.boot.test.autoconfigure.web.servlet.WebDriverContextCustomizerFactory$Customizer@62fad19, org.springframework.boot.test.context.filter.ExcludeFilterContextCustomizer@4f2613d1, org.springframework.boot.test.json.DuplicateJsonObjectContextCustomizerFactory$DuplicateJsonObjectContextCustomizer@426b6a74, org.springframework.boot.test.mock.mockito.MockitoContextCustomizer@8159bd11], contextLoader = 'org.springframework.test.context.support.DelegatingSmartContextLoader', parent = [null]]]
09:40:29.534 [Test worker] DEBUG org.springframework.test.context.cache - Spring test ApplicationContext cache statistics: [DefaultContextCache@61bcbcce size = 1, maxSize = 32, parentContextCount = 0, hitCount = 6, missCount = 1]
09:40:29.537 [Test worker] DEBUG org.springframework.test.context.cache.DefaultCacheAwareContextLoaderDelegate - Retrieved ApplicationContext [590406624] from cache with key [[MergedContextConfiguration@2b58f754 testClass = ScheduleServiceTest, locations = '{}', classes = '{class org.AirAPI.config.AWStextrack, class org.AirAPI.entity.json.Jsonschedules}', contextInitializerClasses = '[]', activeProfiles = '{}', propertySourceLocations = '{classpath:application.properties}', propertySourceProperties = '{}', contextCustomizers = set[org.springframework.boot.test.autoconfigure.actuate.metrics.MetricsExportContextCustomizerFactory$DisableMetricExportContextCustomizer@38be305c, org.springframework.boot.test.autoconfigure.properties.PropertyMappingContextCustomizer@0, org.springframework.boot.test.autoconfigure.web.servlet.WebDriverContextCustomizerFactory$Customizer@62fad19, org.springframework.boot.test.context.filter.ExcludeFilterContextCustomizer@4f2613d1, org.springframework.boot.test.json.DuplicateJsonObjectContextCustomizerFactory$DuplicateJsonObjectContextCustomizer@426b6a74, org.springframework.boot.test.mock.mockito.MockitoContextCustomizer@8159bd11], contextLoader = 'org.springframework.test.context.support.DelegatingSmartContextLoader', parent = [null]]]
09:40:29.537 [Test worker] DEBUG org.springframework.test.context.cache - Spring test ApplicationContext cache statistics: [DefaultContextCache@61bcbcce size = 1, maxSize = 32, parentContextCount = 0, hitCount = 7, missCount = 1]
09:40:29.540 [Test worker] DEBUG org.springframework.test.context.cache.DefaultCacheAwareContextLoaderDelegate - Retrieved ApplicationContext [590406624] from cache with key [[MergedContextConfiguration@2b58f754 testClass = ScheduleServiceTest, locations = '{}', classes = '{class org.AirAPI.config.AWStextrack, class org.AirAPI.entity.json.Jsonschedules}', contextInitializerClasses = '[]', activeProfiles = '{}', propertySourceLocations = '{classpath:application.properties}', propertySourceProperties = '{}', contextCustomizers = set[org.springframework.boot.test.autoconfigure.actuate.metrics.MetricsExportContextCustomizerFactory$DisableMetricExportContextCustomizer@38be305c, org.springframework.boot.test.autoconfigure.properties.PropertyMappingContextCustomizer@0, org.springframework.boot.test.autoconfigure.web.servlet.WebDriverContextCustomizerFactory$Customizer@62fad19, org.springframework.boot.test.context.filter.ExcludeFilterContextCustomizer@4f2613d1, org.springframework.boot.test.json.DuplicateJsonObjectContextCustomizerFactory$DuplicateJsonObjectContextCustomizer@426b6a74, org.springframework.boot.test.mock.mockito.MockitoContextCustomizer@8159bd11], contextLoader = 'org.springframework.test.context.support.DelegatingSmartContextLoader', parent = [null]]]
09:40:29.540 [Test worker] DEBUG org.springframework.test.context.cache - Spring test ApplicationContext cache statistics: [DefaultContextCache@61bcbcce size = 1, maxSize = 32, parentContextCount = 0, hitCount = 8, missCount = 1]
09:40:29.541 [Test worker] DEBUG org.springframework.test.context.cache.DefaultCacheAwareContextLoaderDelegate - Retrieved ApplicationContext [590406624] from cache with key [[MergedContextConfiguration@2b58f754 testClass = ScheduleServiceTest, locations = '{}', classes = '{class org.AirAPI.config.AWStextrack, class org.AirAPI.entity.json.Jsonschedules}', contextInitializerClasses = '[]', activeProfiles = '{}', propertySourceLocations = '{classpath:application.properties}', propertySourceProperties = '{}', contextCustomizers = set[org.springframework.boot.test.autoconfigure.actuate.metrics.MetricsExportContextCustomizerFactory$DisableMetricExportContextCustomizer@38be305c, org.springframework.boot.test.autoconfigure.properties.PropertyMappingContextCustomizer@0, org.springframework.boot.test.autoconfigure.web.servlet.WebDriverContextCustomizerFactory$Customizer@62fad19, org.springframework.boot.test.context.filter.ExcludeFilterContextCustomizer@4f2613d1, org.springframework.boot.test.json.DuplicateJsonObjectContextCustomizerFactory$DuplicateJsonObjectContextCustomizer@426b6a74, org.springframework.boot.test.mock.mockito.MockitoContextCustomizer@8159bd11], contextLoader = 'org.springframework.test.context.support.DelegatingSmartContextLoader', parent = [null]]]
09:40:29.541 [Test worker] DEBUG org.springframework.test.context.cache - Spring test ApplicationContext cache statistics: [DefaultContextCache@61bcbcce size = 1, maxSize = 32, parentContextCount = 0, hitCount = 9, missCount = 1]
09:40:29.574 [Test worker] DEBUG org.springframework.test.context.cache.DefaultCacheAwareContextLoaderDelegate - Retrieved ApplicationContext [590406624] from cache with key [[MergedContextConfiguration@2b58f754 testClass = ScheduleServiceTest, locations = '{}', classes = '{class org.AirAPI.config.AWStextrack, class org.AirAPI.entity.json.Jsonschedules}', contextInitializerClasses = '[]', activeProfiles = '{}', propertySourceLocations = '{classpath:application.properties}', propertySourceProperties = '{}', contextCustomizers = set[org.springframework.boot.test.autoconfigure.actuate.metrics.MetricsExportContextCustomizerFactory$DisableMetricExportContextCustomizer@38be305c, org.springframework.boot.test.autoconfigure.properties.PropertyMappingContextCustomizer@0, org.springframework.boot.test.autoconfigure.web.servlet.WebDriverContextCustomizerFactory$Customizer@62fad19, org.springframework.boot.test.context.filter.ExcludeFilterContextCustomizer@4f2613d1, org.springframework.boot.test.json.DuplicateJsonObjectContextCustomizerFactory$DuplicateJsonObjectContextCustomizer@426b6a74, org.springframework.boot.test.mock.mockito.MockitoContextCustomizer@8159bd11], contextLoader = 'org.springframework.test.context.support.DelegatingSmartContextLoader', parent = [null]]]
09:40:29.574 [Test worker] DEBUG org.springframework.test.context.cache - Spring test ApplicationContext cache statistics: [DefaultContextCache@61bcbcce size = 1, maxSize = 32, parentContextCount = 0, hitCount = 10, missCount = 1]
09:40:29.583 [Test worker] DEBUG org.springframework.test.context.cache.DefaultCacheAwareContextLoaderDelegate - Retrieved ApplicationContext [590406624] from cache with key [[MergedContextConfiguration@2b58f754 testClass = ScheduleServiceTest, locations = '{}', classes = '{class org.AirAPI.config.AWStextrack, class org.AirAPI.entity.json.Jsonschedules}', contextInitializerClasses = '[]', activeProfiles = '{}', propertySourceLocations = '{classpath:application.properties}', propertySourceProperties = '{}', contextCustomizers = set[org.springframework.boot.test.autoconfigure.actuate.metrics.MetricsExportContextCustomizerFactory$DisableMetricExportContextCustomizer@38be305c, org.springframework.boot.test.autoconfigure.properties.PropertyMappingContextCustomizer@0, org.springframework.boot.test.autoconfigure.web.servlet.WebDriverContextCustomizerFactory$Customizer@62fad19, org.springframework.boot.test.context.filter.ExcludeFilterContextCustomizer@4f2613d1, org.springframework.boot.test.json.DuplicateJsonObjectContextCustomizerFactory$DuplicateJsonObjectContextCustomizer@426b6a74, org.springframework.boot.test.mock.mockito.MockitoContextCustomizer@8159bd11], contextLoader = 'org.springframework.test.context.support.DelegatingSmartContextLoader', parent = [null]]]
09:40:29.584 [Test worker] DEBUG org.springframework.test.context.cache - Spring test ApplicationContext cache statistics: [DefaultContextCache@61bcbcce size = 1, maxSize = 32, parentContextCount = 0, hitCount = 11, missCount = 1]
09:40:29.601 [Test worker] DEBUG org.springframework.test.context.support.AbstractDirtiesContextTestExecutionListener - After test method: context [DefaultTestContext@5f2606b testClass = ScheduleServiceTest, testInstance = org.AirAPI.service.ScheduleServiceTest@2ab26378, testMethod = findAll_data@ScheduleServiceTest, testException = [null], mergedContextConfiguration = [MergedContextConfiguration@2b58f754 testClass = ScheduleServiceTest, locations = '{}', classes = '{class org.AirAPI.config.AWStextrack, class org.AirAPI.entity.json.Jsonschedules}', contextInitializerClasses = '[]', activeProfiles = '{}', propertySourceLocations = '{classpath:application.properties}', propertySourceProperties = '{}', contextCustomizers = set[org.springframework.boot.test.autoconfigure.actuate.metrics.MetricsExportContextCustomizerFactory$DisableMetricExportContextCustomizer@38be305c, org.springframework.boot.test.autoconfigure.properties.PropertyMappingContextCustomizer@0, org.springframework.boot.test.autoconfigure.web.servlet.WebDriverContextCustomizerFactory$Customizer@62fad19, org.springframework.boot.test.context.filter.ExcludeFilterContextCustomizer@4f2613d1, org.springframework.boot.test.json.DuplicateJsonObjectContextCustomizerFactory$DuplicateJsonObjectContextCustomizer@426b6a74, org.springframework.boot.test.mock.mockito.MockitoContextCustomizer@8159bd11], contextLoader = 'org.springframework.test.context.support.DelegatingSmartContextLoader', parent = [null]], attributes = map['org.springframework.test.context.event.ApplicationEventsTestExecutionListener.recordApplicationEvents' -> false, 'org.springframework.boot.test.mock.mockito.MockitoTestExecutionListener.mocks' -> org.mockito.internal.configuration.InjectingAnnotationEngine$$Lambda$418/0x0000000100312c40@f9f3928]], class annotated with @DirtiesContext [false] with mode [null], method annotated with @DirtiesContext [false] with mode [null].
09:40:29.632 [Test worker] DEBUG org.springframework.test.context.cache.DefaultCacheAwareContextLoaderDelegate - Retrieved ApplicationContext [590406624] from cache with key [[MergedContextConfiguration@2b58f754 testClass = ScheduleServiceTest, locations = '{}', classes = '{class org.AirAPI.config.AWStextrack, class org.AirAPI.entity.json.Jsonschedules}', contextInitializerClasses = '[]', activeProfiles = '{}', propertySourceLocations = '{classpath:application.properties}', propertySourceProperties = '{}', contextCustomizers = set[org.springframework.boot.test.autoconfigure.actuate.metrics.MetricsExportContextCustomizerFactory$DisableMetricExportContextCustomizer@38be305c, org.springframework.boot.test.autoconfigure.properties.PropertyMappingContextCustomizer@0, org.springframework.boot.test.autoconfigure.web.servlet.WebDriverContextCustomizerFactory$Customizer@62fad19, org.springframework.boot.test.context.filter.ExcludeFilterContextCustomizer@4f2613d1, org.springframework.boot.test.json.DuplicateJsonObjectContextCustomizerFactory$DuplicateJsonObjectContextCustomizer@426b6a74, org.springframework.boot.test.mock.mockito.MockitoContextCustomizer@8159bd11], contextLoader = 'org.springframework.test.context.support.DelegatingSmartContextLoader', parent = [null]]]
09:40:29.632 [Test worker] DEBUG org.springframework.test.context.cache - Spring test ApplicationContext cache statistics: [DefaultContextCache@61bcbcce size = 1, maxSize = 32, parentContextCount = 0, hitCount = 12, missCount = 1]
09:40:29.633 [Test worker] DEBUG org.springframework.test.context.support.AbstractDirtiesContextTestExecutionListener - After test class: context [DefaultTestContext@5f2606b testClass = ScheduleServiceTest, testInstance = [null], testMethod = [null], testException = [null], mergedContextConfiguration = [MergedContextConfiguration@2b58f754 testClass = ScheduleServiceTest, locations = '{}', classes = '{class org.AirAPI.config.AWStextrack, class org.AirAPI.entity.json.Jsonschedules}', contextInitializerClasses = '[]', activeProfiles = '{}', propertySourceLocations = '{classpath:application.properties}', propertySourceProperties = '{}', contextCustomizers = set[org.springframework.boot.test.autoconfigure.actuate.metrics.MetricsExportContextCustomizerFactory$DisableMetricExportContextCustomizer@38be305c, org.springframework.boot.test.autoconfigure.properties.PropertyMappingContextCustomizer@0, org.springframework.boot.test.autoconfigure.web.servlet.WebDriverContextCustomizerFactory$Customizer@62fad19, org.springframework.boot.test.context.filter.ExcludeFilterContextCustomizer@4f2613d1, org.springframework.boot.test.json.DuplicateJsonObjectContextCustomizerFactory$DuplicateJsonObjectContextCustomizer@426b6a74, org.springframework.boot.test.mock.mockito.MockitoContextCustomizer@8159bd11], contextLoader = 'org.springframework.test.context.support.DelegatingSmartContextLoader', parent = [null]], attributes = map['org.springframework.test.context.event.ApplicationEventsTestExecutionListener.recordApplicationEvents' -> false, 'org.springframework.boot.test.mock.mockito.MockitoTestExecutionListener.mocks' -> org.mockito.internal.configuration.InjectingAnnotationEngine$$Lambda$418/0x0000000100312c40@f9f3928]], class annotated with @DirtiesContext [false] with mode [null].
]]></system-out>
  <system-err><![CDATA[]]></system-err>
</testsuite>
