<?xml version="1.0" encoding="UTF-8"?>
<testsuite name="org.AirAPI.controller.UserControllerTest" tests="1" skipped="0" failures="0" errors="0" timestamp="2023-02-25T12:19:23" hostname="DESKTOP-R7AB2GV" time="0.306">
  <properties/>
  <testcase name="로그인" classname="org.AirAPI.controller.UserControllerTest" time="0.306"/>
  <system-out><![CDATA[21:19:18.647 [Test worker] DEBUG org.springframework.test.context.BootstrapUtils - Instantiating CacheAwareContextLoaderDelegate from class [org.springframework.test.context.cache.DefaultCacheAwareContextLoaderDelegate]
21:19:18.665 [Test worker] DEBUG org.springframework.test.context.BootstrapUtils - Instantiating BootstrapContext using constructor [public org.springframework.test.context.support.DefaultBootstrapContext(java.lang.Class,org.springframework.test.context.CacheAwareContextLoaderDelegate)]
21:19:18.704 [Test worker] DEBUG org.springframework.test.context.BootstrapUtils - Instantiating TestContextBootstrapper for test class [org.AirAPI.controller.UserControllerTest] from class [org.springframework.boot.test.autoconfigure.web.servlet.WebMvcTestContextBootstrapper]
21:19:18.726 [Test worker] INFO org.springframework.boot.test.autoconfigure.web.servlet.WebMvcTestContextBootstrapper - Neither @ContextConfiguration nor @ContextHierarchy found for test class [org.AirAPI.controller.UserControllerTest], using SpringBootContextLoader
21:19:18.732 [Test worker] DEBUG org.springframework.test.context.support.AbstractContextLoader - Did not detect default resource location for test class [org.AirAPI.controller.UserControllerTest]: class path resource [org/AirAPI/controller/UserControllerTest-context.xml] does not exist
21:19:18.733 [Test worker] DEBUG org.springframework.test.context.support.AbstractContextLoader - Did not detect default resource location for test class [org.AirAPI.controller.UserControllerTest]: class path resource [org/AirAPI/controller/UserControllerTestContext.groovy] does not exist
21:19:18.733 [Test worker] INFO org.springframework.test.context.support.AbstractContextLoader - Could not detect default resource locations for test class [org.AirAPI.controller.UserControllerTest]: no resource found for suffixes {-context.xml, Context.groovy}.
21:19:18.735 [Test worker] INFO org.springframework.test.context.support.AnnotationConfigContextLoaderUtils - Could not detect default configuration classes for test class [org.AirAPI.controller.UserControllerTest]: UserControllerTest does not declare any static, non-private, non-final, nested classes annotated with @Configuration.
21:19:18.868 [Test worker] DEBUG org.springframework.test.context.support.ActiveProfilesUtils - Could not find an 'annotation declaring class' for annotation type [org.springframework.test.context.ActiveProfiles] and class [org.AirAPI.controller.UserControllerTest]
21:19:18.968 [Test worker] DEBUG org.springframework.context.annotation.ClassPathScanningCandidateComponentProvider - Identified candidate component class: file [C:\Users\JAESEUNG\IdeaProjects\Air_Scheduler\AirAPI\build\classes\java\main\org\AirAPI\Main.class]
21:19:18.971 [Test worker] INFO org.springframework.boot.test.context.SpringBootTestContextBootstrapper - Found @SpringBootConfiguration org.AirAPI.Main for test class org.AirAPI.controller.UserControllerTest
21:19:18.977 [Test worker] DEBUG org.springframework.boot.test.autoconfigure.web.servlet.WebMvcTestContextBootstrapper - @TestExecutionListeners is not present for class [org.AirAPI.controller.UserControllerTest]: using defaults.
21:19:18.978 [Test worker] INFO org.springframework.boot.test.autoconfigure.web.servlet.WebMvcTestContextBootstrapper - Loaded default TestExecutionListener class names from location [META-INF/spring.factories]: [org.springframework.security.test.context.support.WithSecurityContextTestExecutionListener, org.springframework.security.test.context.support.ReactorContextTestExecutionListener, org.springframework.boot.test.autoconfigure.restdocs.RestDocsTestExecutionListener, org.springframework.boot.test.autoconfigure.web.client.MockRestServiceServerResetTestExecutionListener, org.springframework.boot.test.autoconfigure.web.servlet.MockMvcPrintOnlyOnFailureTestExecutionListener, org.springframework.boot.test.autoconfigure.web.servlet.WebDriverTestExecutionListener, org.springframework.boot.test.autoconfigure.webservices.client.MockWebServiceServerTestExecutionListener, org.springframework.boot.test.mock.mockito.MockitoTestExecutionListener, org.springframework.boot.test.mock.mockito.ResetMocksTestExecutionListener, org.springframework.test.context.web.ServletTestExecutionListener, org.springframework.test.context.support.DirtiesContextBeforeModesTestExecutionListener, org.springframework.test.context.event.ApplicationEventsTestExecutionListener, org.springframework.test.context.support.DependencyInjectionTestExecutionListener, org.springframework.test.context.support.DirtiesContextTestExecutionListener, org.springframework.test.context.transaction.TransactionalTestExecutionListener, org.springframework.test.context.jdbc.SqlScriptsTestExecutionListener, org.springframework.test.context.event.EventPublishingTestExecutionListener]
21:19:19.014 [Test worker] INFO org.springframework.boot.test.autoconfigure.web.servlet.WebMvcTestContextBootstrapper - Using TestExecutionListeners: [org.springframework.test.context.web.ServletTestExecutionListener@19fe4644, org.springframework.test.context.support.DirtiesContextBeforeModesTestExecutionListener@21d8bcbe, org.springframework.test.context.event.ApplicationEventsTestExecutionListener@5be067de, org.springframework.boot.test.mock.mockito.MockitoTestExecutionListener@7383eae2, org.springframework.boot.test.autoconfigure.SpringBootDependencyInjectionTestExecutionListener@18245eb0, org.springframework.test.context.support.DirtiesContextTestExecutionListener@7c7d3c46, org.springframework.test.context.transaction.TransactionalTestExecutionListener@24fb6a80, org.springframework.test.context.jdbc.SqlScriptsTestExecutionListener@48c35007, org.springframework.security.test.context.support.WithSecurityContextTestExecutionListener@72a85671, org.springframework.test.context.event.EventPublishingTestExecutionListener@6722db6e, org.springframework.security.test.context.support.ReactorContextTestExecutionListener@18f20260, org.springframework.boot.test.autoconfigure.restdocs.RestDocsTestExecutionListener@4ae33a11, org.springframework.boot.test.autoconfigure.web.client.MockRestServiceServerResetTestExecutionListener@7a48e6e2, org.springframework.boot.test.autoconfigure.web.servlet.MockMvcPrintOnlyOnFailureTestExecutionListener@b40bb6e, org.springframework.boot.test.autoconfigure.web.servlet.WebDriverTestExecutionListener@3a94964, org.springframework.boot.test.autoconfigure.webservices.client.MockWebServiceServerTestExecutionListener@5049d8b2, org.springframework.boot.test.mock.mockito.ResetMocksTestExecutionListener@6d0b5baf]

  .   ____          _            __ _ _
 /\\ / ___'_ __ _ _(_)_ __  __ _ \ \ \ \
( ( )\___ | '_ | '_| | '_ \/ _` | \ \ \ \
 \\/  ___)| |_)| | | | | || (_| |  ) ) ) )
  '  |____| .__|_| |_|_| |_\__, | / / / /
 =========|_|==============|___/=/_/_/_/
 :: Spring Boot ::                (v2.7.5)

2023-02-25 21:19:20.450  INFO 17288 --- [    Test worker] o.AirAPI.controller.UserControllerTest   : Starting UserControllerTest using Java 16.0.2 on DESKTOP-R7AB2GV with PID 17288 (started by JAESEUNG in C:\Users\JAESEUNG\IdeaProjects\Air_Scheduler\AirAPI)
2023-02-25 21:19:20.451  INFO 17288 --- [    Test worker] o.AirAPI.controller.UserControllerTest   : No active profile set, falling back to 1 default profile: "default"
2023-02-25 21:19:21.129  INFO 17288 --- [    Test worker] .s.d.r.c.RepositoryConfigurationDelegate : Bootstrapping Spring Data JPA repositories in DEFAULT mode.
2023-02-25 21:19:21.152  INFO 17288 --- [    Test worker] .s.d.r.c.RepositoryConfigurationDelegate : Finished Spring Data repository scanning in 8 ms. Found 0 JPA repository interfaces.
2023-02-25 21:19:22.184  WARN 17288 --- [    Test worker] .s.s.UserDetailsServiceAutoConfiguration : 

Using generated security password: 891e350d-8b37-426d-a6e5-eabb625b6295

This generated password is for development use only. Your security configuration must be updated before running your application in production.

2023-02-25 21:19:22.570  INFO 17288 --- [    Test worker] o.s.s.web.DefaultSecurityFilterChain     : Will secure any request with [org.springframework.security.web.session.DisableEncodeUrlFilter@2ba024cb, org.springframework.security.web.context.request.async.WebAsyncManagerIntegrationFilter@7af0d91b, org.springframework.security.web.context.SecurityContextPersistenceFilter@650a1aff, org.springframework.security.web.header.HeaderWriterFilter@1a785fd5, org.springframework.security.web.authentication.logout.LogoutFilter@70c491b8, org.springframework.security.web.savedrequest.RequestCacheAwareFilter@19bfbe28, org.springframework.security.web.servletapi.SecurityContextHolderAwareRequestFilter@2c579202, org.springframework.security.web.authentication.AnonymousAuthenticationFilter@1c7f6e96, org.springframework.security.web.session.SessionManagementFilter@6a6da47a, org.springframework.security.web.access.ExceptionTranslationFilter@586843bc, org.springframework.security.web.access.intercept.FilterSecurityInterceptor@6164e137]
2023-02-25 21:19:23.148  WARN 17288 --- [    Test worker] o.s.s.c.a.web.builders.WebSecurity       : You are asking Spring Security to ignore Mvc [pattern='/v3/api-docs/**']. This is not recommended -- please use permitAll via HttpSecurity#authorizeHttpRequests instead.
2023-02-25 21:19:23.149  INFO 17288 --- [    Test worker] o.s.s.web.DefaultSecurityFilterChain     : Will not secure Mvc [pattern='/v3/api-docs/**']
2023-02-25 21:19:23.149  WARN 17288 --- [    Test worker] o.s.s.c.a.web.builders.WebSecurity       : You are asking Spring Security to ignore Mvc [pattern='/swagger-ui/**']. This is not recommended -- please use permitAll via HttpSecurity#authorizeHttpRequests instead.
2023-02-25 21:19:23.149  INFO 17288 --- [    Test worker] o.s.s.web.DefaultSecurityFilterChain     : Will not secure Mvc [pattern='/swagger-ui/**']
2023-02-25 21:19:23.149  WARN 17288 --- [    Test worker] o.s.s.c.a.web.builders.WebSecurity       : You are asking Spring Security to ignore Mvc [pattern='/api/v1/login']. This is not recommended -- please use permitAll via HttpSecurity#authorizeHttpRequests instead.
2023-02-25 21:19:23.149  INFO 17288 --- [    Test worker] o.s.s.web.DefaultSecurityFilterChain     : Will not secure Mvc [pattern='/api/v1/login']
2023-02-25 21:19:23.689  INFO 17288 --- [    Test worker] o.s.b.t.m.w.SpringBootMockServletContext : Initializing Spring TestDispatcherServlet ''
2023-02-25 21:19:23.690  INFO 17288 --- [    Test worker] o.s.t.web.servlet.TestDispatcherServlet  : Initializing Servlet ''
2023-02-25 21:19:23.692  INFO 17288 --- [    Test worker] o.s.t.web.servlet.TestDispatcherServlet  : Completed initialization in 2 ms
2023-02-25 21:19:23.754  INFO 17288 --- [    Test worker] o.AirAPI.controller.UserControllerTest   : Started UserControllerTest in 3.919 seconds (JVM running for 6.609)

MockHttpServletRequest:
      HTTP Method = POST
      Request URI = /login
       Parameters = {}
          Headers = [Content-Type:"application/json;charset=UTF-8", Content-Length:"44"]
             Body = {"userid": "001200","username": "침착맨"}
    Session Attrs = {}

Handler:
             Type = org.AirAPI.controller.UserController
           Method = org.AirAPI.controller.UserController#login(User)

Async:
    Async started = false
     Async result = null

Resolved Exception:
             Type = null

ModelAndView:
        View name = null
             View = null
            Model = null

FlashMap:
       Attributes = null

MockHttpServletResponse:
           Status = 200
    Error message = null
          Headers = [Content-Type:"application/json", X-Content-Type-Options:"nosniff", X-XSS-Protection:"1; mode=block", Cache-Control:"no-cache, no-store, max-age=0, must-revalidate", Pragma:"no-cache", Expires:"0"]
     Content type = application/json
             Body = {"status":"OK","message":"login Success","data":null}
    Forwarded URL = null
   Redirected URL = null
          Cookies = []
]]></system-out>
  <system-err><![CDATA[]]></system-err>
</testsuite>
