<?xml version="1.0" encoding="UTF-8"?>
<testsuite name="org.air.controller.UserControllerTest" tests="1" skipped="0" failures="0" errors="0" timestamp="2023-07-18T11:14:57" hostname="DESKTOP-MCHQU2R" time="0.1">
  <properties/>
  <testcase name="login_test" classname="org.air.controller.UserControllerTest" time="0.1"/>
  <system-out><![CDATA[20:14:56.242 [Test worker] DEBUG org.springframework.test.context.BootstrapUtils - Instantiating CacheAwareContextLoaderDelegate from class [org.springframework.test.context.cache.DefaultCacheAwareContextLoaderDelegate]
20:14:56.248 [Test worker] DEBUG org.springframework.test.context.BootstrapUtils - Instantiating BootstrapContext using constructor [public org.springframework.test.context.support.DefaultBootstrapContext(java.lang.Class,org.springframework.test.context.CacheAwareContextLoaderDelegate)]
20:14:56.258 [Test worker] DEBUG org.springframework.test.context.BootstrapUtils - Instantiating TestContextBootstrapper for test class [org.air.controller.UserControllerTest] from class [org.springframework.boot.test.autoconfigure.web.servlet.WebMvcTestContextBootstrapper]
20:14:56.266 [Test worker] DEBUG org.springframework.test.context.support.AbstractContextLoader - Did not detect default resource location for test class [org.air.controller.UserControllerTest]: class path resource [org/air/controller/UserControllerTest-context.xml] does not exist
20:14:56.266 [Test worker] DEBUG org.springframework.test.context.support.AbstractContextLoader - Did not detect default resource location for test class [org.air.controller.UserControllerTest]: class path resource [org/air/controller/UserControllerTestContext.groovy] does not exist
20:14:56.266 [Test worker] INFO org.springframework.test.context.support.AbstractContextLoader - Could not detect default resource locations for test class [org.air.controller.UserControllerTest]: no resource found for suffixes {-context.xml, Context.groovy}.
20:14:56.305 [Test worker] DEBUG org.springframework.test.context.support.ActiveProfilesUtils - Could not find an 'annotation declaring class' for annotation type [org.springframework.test.context.ActiveProfiles] and class [org.air.controller.UserControllerTest]
20:14:56.310 [Test worker] DEBUG org.springframework.boot.test.autoconfigure.web.servlet.WebMvcTestContextBootstrapper - @TestExecutionListeners is not present for class [org.air.controller.UserControllerTest]: using defaults.
20:14:56.310 [Test worker] INFO org.springframework.boot.test.autoconfigure.web.servlet.WebMvcTestContextBootstrapper - Loaded default TestExecutionListener class names from location [META-INF/spring.factories]: [org.springframework.security.test.context.support.WithSecurityContextTestExecutionListener, org.springframework.security.test.context.support.ReactorContextTestExecutionListener, org.springframework.boot.test.autoconfigure.restdocs.RestDocsTestExecutionListener, org.springframework.boot.test.autoconfigure.web.client.MockRestServiceServerResetTestExecutionListener, org.springframework.boot.test.autoconfigure.web.servlet.MockMvcPrintOnlyOnFailureTestExecutionListener, org.springframework.boot.test.autoconfigure.web.servlet.WebDriverTestExecutionListener, org.springframework.boot.test.autoconfigure.webservices.client.MockWebServiceServerTestExecutionListener, org.springframework.boot.test.mock.mockito.MockitoTestExecutionListener, org.springframework.boot.test.mock.mockito.ResetMocksTestExecutionListener, org.springframework.test.context.web.ServletTestExecutionListener, org.springframework.test.context.support.DirtiesContextBeforeModesTestExecutionListener, org.springframework.test.context.event.ApplicationEventsTestExecutionListener, org.springframework.test.context.support.DependencyInjectionTestExecutionListener, org.springframework.test.context.support.DirtiesContextTestExecutionListener, org.springframework.test.context.transaction.TransactionalTestExecutionListener, org.springframework.test.context.jdbc.SqlScriptsTestExecutionListener, org.springframework.test.context.event.EventPublishingTestExecutionListener]
20:14:56.318 [Test worker] INFO org.springframework.boot.test.autoconfigure.web.servlet.WebMvcTestContextBootstrapper - Using TestExecutionListeners: [org.springframework.test.context.web.ServletTestExecutionListener@7927bd9f, org.springframework.test.context.support.DirtiesContextBeforeModesTestExecutionListener@532721fd, org.springframework.test.context.event.ApplicationEventsTestExecutionListener@410954b, org.springframework.boot.test.mock.mockito.MockitoTestExecutionListener@7fb9f71f, org.springframework.boot.test.autoconfigure.SpringBootDependencyInjectionTestExecutionListener@3b366632, org.springframework.test.context.support.DirtiesContextTestExecutionListener@51f49060, org.springframework.test.context.transaction.TransactionalTestExecutionListener@514eedd8, org.springframework.test.context.jdbc.SqlScriptsTestExecutionListener@617fe9e1, org.springframework.security.test.context.support.WithSecurityContextTestExecutionListener@6970140a, org.springframework.test.context.event.EventPublishingTestExecutionListener@1cf2fed4, org.springframework.security.test.context.support.ReactorContextTestExecutionListener@3af4e0bf, org.springframework.boot.test.autoconfigure.restdocs.RestDocsTestExecutionListener@245a26e1, org.springframework.boot.test.autoconfigure.web.client.MockRestServiceServerResetTestExecutionListener@4d63b624, org.springframework.boot.test.autoconfigure.web.servlet.MockMvcPrintOnlyOnFailureTestExecutionListener@466cf502, org.springframework.boot.test.autoconfigure.web.servlet.WebDriverTestExecutionListener@5b800468, org.springframework.boot.test.autoconfigure.webservices.client.MockWebServiceServerTestExecutionListener@2e185cd7, org.springframework.boot.test.mock.mockito.ResetMocksTestExecutionListener@7e1a1da6]

  .   ____          _            __ _ _
 /\\ / ___'_ __ _ _(_)_ __  __ _ \ \ \ \
( ( )\___ | '_ | '_| | '_ \/ _` | \ \ \ \
 \\/  ___)| |_)| | | | | || (_| |  ) ) ) )
  '  |____| .__|_| |_|_| |_\__, | / / / /
 =========|_|==============|___/=/_/_/_/
 :: Spring Boot ::                (v2.7.5)

2023-07-18 20:14:56.524  INFO 2856 --- [    Test worker] org.air.controller.UserControllerTest    : Starting UserControllerTest using Java 11.0.19 on DESKTOP-MCHQU2R with PID 2856 (started by KIMJAESUNG in C:\Users\KIMJAESUNG\Air_Scheduler\AirAPI)
2023-07-18 20:14:56.524  INFO 2856 --- [    Test worker] org.air.controller.UserControllerTest    : No active profile set, falling back to 1 default profile: "default"
2023-07-18 20:14:57.159  WARN 2856 --- [    Test worker] .s.s.UserDetailsServiceAutoConfiguration : 

Using generated security password: 08d82dfc-ddcd-4e81-a4b7-09ca0c8ec1cd

This generated password is for development use only. Your security configuration must be updated before running your application in production.

2023-07-18 20:14:57.258  INFO 2856 --- [    Test worker] o.s.s.web.DefaultSecurityFilterChain     : Will secure any request with [org.springframework.security.web.session.DisableEncodeUrlFilter@d62472f, org.springframework.security.web.context.request.async.WebAsyncManagerIntegrationFilter@63a84bb6, org.springframework.security.web.context.SecurityContextPersistenceFilter@6ef037e4, org.springframework.security.web.header.HeaderWriterFilter@668a32a4, org.springframework.security.web.authentication.logout.LogoutFilter@5d3f99d7, org.air.jwt.JwtAuthenticationFilter@701d2b59, org.springframework.security.web.savedrequest.RequestCacheAwareFilter@749baa0c, org.springframework.security.web.servletapi.SecurityContextHolderAwareRequestFilter@1b3bec6c, org.springframework.security.web.authentication.AnonymousAuthenticationFilter@1999149e, org.springframework.security.web.session.SessionManagementFilter@351e89fc, org.springframework.security.web.access.ExceptionTranslationFilter@2475fba3, org.springframework.security.web.access.intercept.FilterSecurityInterceptor@69e2fe3b]
2023-07-18 20:14:57.425  WARN 2856 --- [    Test worker] o.s.s.c.a.web.builders.WebSecurity       : You are asking Spring Security to ignore Mvc [pattern='/v3/api-docs/**']. This is not recommended -- please use permitAll via HttpSecurity#authorizeHttpRequests instead.
2023-07-18 20:14:57.425  INFO 2856 --- [    Test worker] o.s.s.web.DefaultSecurityFilterChain     : Will not secure Mvc [pattern='/v3/api-docs/**']
2023-07-18 20:14:57.425  WARN 2856 --- [    Test worker] o.s.s.c.a.web.builders.WebSecurity       : You are asking Spring Security to ignore Mvc [pattern='/swagger-ui/**']. This is not recommended -- please use permitAll via HttpSecurity#authorizeHttpRequests instead.
2023-07-18 20:14:57.425  INFO 2856 --- [    Test worker] o.s.s.web.DefaultSecurityFilterChain     : Will not secure Mvc [pattern='/swagger-ui/**']
2023-07-18 20:14:57.425  WARN 2856 --- [    Test worker] o.s.s.c.a.web.builders.WebSecurity       : You are asking Spring Security to ignore Mvc [pattern='/api/v1/login']. This is not recommended -- please use permitAll via HttpSecurity#authorizeHttpRequests instead.
2023-07-18 20:14:57.425  INFO 2856 --- [    Test worker] o.s.s.web.DefaultSecurityFilterChain     : Will not secure Mvc [pattern='/api/v1/login']
2023-07-18 20:14:57.425  WARN 2856 --- [    Test worker] o.s.s.c.a.web.builders.WebSecurity       : You are asking Spring Security to ignore Mvc [pattern='/h2-console/**']. This is not recommended -- please use permitAll via HttpSecurity#authorizeHttpRequests instead.
2023-07-18 20:14:57.426  INFO 2856 --- [    Test worker] o.s.s.web.DefaultSecurityFilterChain     : Will not secure Mvc [pattern='/h2-console/**']
2023-07-18 20:14:57.576  INFO 2856 --- [    Test worker] o.s.b.t.m.w.SpringBootMockServletContext : Initializing Spring TestDispatcherServlet ''
2023-07-18 20:14:57.576  INFO 2856 --- [    Test worker] o.s.t.web.servlet.TestDispatcherServlet  : Initializing Servlet ''
2023-07-18 20:14:57.577  INFO 2856 --- [    Test worker] o.s.t.web.servlet.TestDispatcherServlet  : Completed initialization in 1 ms
2023-07-18 20:14:57.598  INFO 2856 --- [    Test worker] org.air.controller.UserControllerTest    : Started UserControllerTest in 1.259 seconds (JVM running for 1.865)
]]></system-out>
  <system-err><![CDATA[]]></system-err>
</testsuite>
