<?xml version="1.0" encoding="UTF-8"?>
<testsuite name="org.AirAPI.entity.json.BlockTest" tests="1" skipped="0" failures="0" errors="0" timestamp="2023-05-05T09:17:38" hostname="DESKTOP-MRPT2PK" time="0.339">
  <properties/>
  <testcase name="setEntity()" classname="org.AirAPI.entity.json.BlockTest" time="0.339"/>
  <system-out><![CDATA[01Apr23 
02Apr23 
03Apr23 
04Apr23 
05Apr23 
null
06Apr23 
07Apr23 
08Apr23 
09Apr23 
10Apr23 
11Apr23 
null
12Apr23 
13Apr23 
14Apr23 
15Apr23 
null
null
null
16Apr23 
17Apr23 
null
18Apr23 
19Apr23 
20Apr23 
null
21Apr23 
22Apr23 
23Apr23 
24Apr23 
25Apr23 
null
26Apr23 
null
27Apr23 
28Apr23 
29Apr23 
30Apr23 
[]
]]></system-out>
  <system-err><![CDATA[]]></system-err>
</testsuite>
