<?xml version="1.0" encoding="UTF-8"?>
<testsuite name="org.AirAPI.config.AWStextrackTest" tests="1" skipped="0" failures="0" errors="0" timestamp="2023-03-18T11:08:58" hostname="DESKTOP-R7AB2GV" time="4.799">
  <properties/>
  <testcase name="docTest()" classname="org.AirAPI.config.AWStextrackTest" time="4.799"/>
  <system-out><![CDATA[20:08:58.774 [Test worker] DEBUG software.amazon.awssdk.core.interceptor.ExecutionInterceptorChain - Creating an interceptor chain that will apply interceptors in the following order: [software.amazon.awssdk.awscore.interceptor.HelpfulUnknownHostExceptionInterceptor@438bad7c]
20:08:58.892 [Test worker] DEBUG software.amazon.awssdk.request - Sending Request: DefaultSdkHttpFullRequest(httpMethod=POST, protocol=https, host=textract.us-west-2.amazonaws.com, encodedPath=/, headers=[amz-sdk-invocation-id, Content-Length, Content-Type, User-Agent, X-Amz-Target], queryParameters=[])
20:08:58.917 [Test worker] DEBUG software.amazon.awssdk.auth.signer.Aws4Signer - AWS4 String to sign: AWS4-HMAC-SHA256
20230318T110858Z
20230318/us-west-2/textract/aws4_request
e97e306f55a0286f9ac2aca10ff3b1f7e99e303c842a0750d4819ebc258262f9
20:08:58.945 [Test worker] DEBUG org.apache.http.client.protocol.RequestAddCookies - CookieSpec selected: default
20:08:58.957 [Test worker] DEBUG org.apache.http.client.protocol.RequestAuthCache - Auth cache not set in the context
20:08:58.959 [Test worker] DEBUG org.apache.http.impl.conn.PoolingHttpClientConnectionManager - Connection request: [route: {s}->https://textract.us-west-2.amazonaws.com:443][total available: 0; route allocated: 0 of 50; total allocated: 0 of 50]
20:08:58.978 [Test worker] DEBUG org.apache.http.impl.conn.PoolingHttpClientConnectionManager - Connection leased: [id: 0][route: {s}->https://textract.us-west-2.amazonaws.com:443][total available: 0; route allocated: 1 of 50; total allocated: 1 of 50]
20:08:58.980 [Test worker] DEBUG org.apache.http.impl.execchain.MainClientExec - Opening connection {s}->https://textract.us-west-2.amazonaws.com:443
20:08:59.000 [Test worker] DEBUG org.apache.http.impl.conn.DefaultHttpClientConnectionOperator - Connecting to textract.us-west-2.amazonaws.com/54.68.118.156:443
20:08:59.001 [Test worker] DEBUG software.amazon.awssdk.http.apache.internal.conn.SdkTlsSocketFactory - Connecting socket to textract.us-west-2.amazonaws.com/54.68.118.156:443 with timeout 2000
20:08:59.200 [Test worker] DEBUG software.amazon.awssdk.http.apache.internal.conn.SdkTlsSocketFactory - Enabled protocols: [TLSv1.3, TLSv1.2]
20:08:59.200 [Test worker] DEBUG software.amazon.awssdk.http.apache.internal.conn.SdkTlsSocketFactory - Enabled cipher suites:[TLS_AES_256_GCM_SHA384, TLS_AES_128_GCM_SHA256, TLS_CHACHA20_POLY1305_SHA256, TLS_ECDHE_ECDSA_WITH_AES_256_GCM_SHA384, TLS_ECDHE_ECDSA_WITH_AES_128_GCM_SHA256, TLS_ECDHE_ECDSA_WITH_CHACHA20_POLY1305_SHA256, TLS_ECDHE_RSA_WITH_AES_256_GCM_SHA384, TLS_ECDHE_RSA_WITH_CHACHA20_POLY1305_SHA256, TLS_ECDHE_RSA_WITH_AES_128_GCM_SHA256, TLS_DHE_RSA_WITH_AES_256_GCM_SHA384, TLS_DHE_RSA_WITH_CHACHA20_POLY1305_SHA256, TLS_DHE_DSS_WITH_AES_256_GCM_SHA384, TLS_DHE_RSA_WITH_AES_128_GCM_SHA256, TLS_DHE_DSS_WITH_AES_128_GCM_SHA256, TLS_ECDHE_ECDSA_WITH_AES_256_CBC_SHA384, TLS_ECDHE_RSA_WITH_AES_256_CBC_SHA384, TLS_ECDHE_ECDSA_WITH_AES_128_CBC_SHA256, TLS_ECDHE_RSA_WITH_AES_128_CBC_SHA256, TLS_DHE_RSA_WITH_AES_256_CBC_SHA256, TLS_DHE_DSS_WITH_AES_256_CBC_SHA256, TLS_DHE_RSA_WITH_AES_128_CBC_SHA256, TLS_DHE_DSS_WITH_AES_128_CBC_SHA256, TLS_ECDH_ECDSA_WITH_AES_256_GCM_SHA384, TLS_ECDH_RSA_WITH_AES_256_GCM_SHA384, TLS_ECDH_ECDSA_WITH_AES_128_GCM_SHA256, TLS_ECDH_RSA_WITH_AES_128_GCM_SHA256, TLS_ECDH_ECDSA_WITH_AES_256_CBC_SHA384, TLS_ECDH_RSA_WITH_AES_256_CBC_SHA384, TLS_ECDH_ECDSA_WITH_AES_128_CBC_SHA256, TLS_ECDH_RSA_WITH_AES_128_CBC_SHA256, TLS_ECDHE_ECDSA_WITH_AES_256_CBC_SHA, TLS_ECDHE_RSA_WITH_AES_256_CBC_SHA, TLS_ECDHE_ECDSA_WITH_AES_128_CBC_SHA, TLS_ECDHE_RSA_WITH_AES_128_CBC_SHA, TLS_DHE_RSA_WITH_AES_256_CBC_SHA, TLS_DHE_DSS_WITH_AES_256_CBC_SHA, TLS_DHE_RSA_WITH_AES_128_CBC_SHA, TLS_DHE_DSS_WITH_AES_128_CBC_SHA, TLS_ECDH_ECDSA_WITH_AES_256_CBC_SHA, TLS_ECDH_RSA_WITH_AES_256_CBC_SHA, TLS_ECDH_ECDSA_WITH_AES_128_CBC_SHA, TLS_ECDH_RSA_WITH_AES_128_CBC_SHA, TLS_RSA_WITH_AES_256_GCM_SHA384, TLS_RSA_WITH_AES_128_GCM_SHA256, TLS_RSA_WITH_AES_256_CBC_SHA256, TLS_RSA_WITH_AES_128_CBC_SHA256, TLS_RSA_WITH_AES_256_CBC_SHA, TLS_RSA_WITH_AES_128_CBC_SHA, TLS_EMPTY_RENEGOTIATION_INFO_SCSV]
20:08:59.201 [Test worker] DEBUG software.amazon.awssdk.http.apache.internal.conn.SdkTlsSocketFactory - socket.getSupportedProtocols(): [TLSv1.3, TLSv1.2, TLSv1.1, TLSv1, SSLv3, SSLv2Hello], socket.getEnabledProtocols(): [TLSv1.3, TLSv1.2]
20:08:59.203 [Test worker] DEBUG software.amazon.awssdk.http.apache.internal.conn.SdkTlsSocketFactory - TLS protocol enabled for SSL handshake: [TLSv1.2, TLSv1.1, TLSv1, TLSv1.3]
20:08:59.203 [Test worker] DEBUG software.amazon.awssdk.http.apache.internal.conn.SdkTlsSocketFactory - Starting handshake
20:08:59.451 [Test worker] DEBUG software.amazon.awssdk.http.apache.internal.conn.SdkTlsSocketFactory - Secure session established
20:08:59.451 [Test worker] DEBUG software.amazon.awssdk.http.apache.internal.conn.SdkTlsSocketFactory -  negotiated protocol: TLSv1.3
20:08:59.451 [Test worker] DEBUG software.amazon.awssdk.http.apache.internal.conn.SdkTlsSocketFactory -  negotiated cipher suite: TLS_AES_128_GCM_SHA256
20:08:59.451 [Test worker] DEBUG software.amazon.awssdk.http.apache.internal.conn.SdkTlsSocketFactory -  peer principal: CN=textract.us-west-2.amazonaws.com
20:08:59.452 [Test worker] DEBUG software.amazon.awssdk.http.apache.internal.conn.SdkTlsSocketFactory -  peer alternative names: [textract.us-west-2.amazonaws.com, *.textract.us-west-2.vpce.amazonaws.com]
20:08:59.452 [Test worker] DEBUG software.amazon.awssdk.http.apache.internal.conn.SdkTlsSocketFactory -  issuer principal: CN=Amazon RSA 2048 M01, O=Amazon, C=US
20:08:59.456 [Test worker] DEBUG software.amazon.awssdk.http.apache.internal.net.SdkSslSocket - created: textract.us-west-2.amazonaws.com/54.68.118.156:443
20:08:59.457 [Test worker] DEBUG org.apache.http.impl.conn.DefaultHttpClientConnectionOperator - Connection established 172.30.1.4:59730<->54.68.118.156:443
20:08:59.457 [Test worker] DEBUG org.apache.http.impl.conn.DefaultManagedHttpClientConnection - http-outgoing-0: set socket timeout to 30000
20:08:59.457 [Test worker] DEBUG org.apache.http.impl.execchain.MainClientExec - Executing request POST / HTTP/1.1
20:08:59.457 [Test worker] DEBUG org.apache.http.impl.execchain.MainClientExec - Proxy auth state: UNCHALLENGED
20:08:59.459 [Test worker] DEBUG org.apache.http.headers - http-outgoing-0 >> POST / HTTP/1.1
20:08:59.459 [Test worker] DEBUG org.apache.http.headers - http-outgoing-0 >> Host: textract.us-west-2.amazonaws.com
20:08:59.459 [Test worker] DEBUG org.apache.http.headers - http-outgoing-0 >> amz-sdk-invocation-id: 0b97cfdc-2c4d-f4b3-7436-77b1d154be50
20:08:59.459 [Test worker] DEBUG org.apache.http.headers - http-outgoing-0 >> amz-sdk-retry: 0/0/
20:08:59.460 [Test worker] DEBUG org.apache.http.headers - http-outgoing-0 >> Authorization: AWS4-HMAC-SHA256 Credential=AKIA3JVA2CBMMTT6HVXF/20230318/us-west-2/textract/aws4_request, SignedHeaders=amz-sdk-invocation-id;amz-sdk-retry;content-length;content-type;host;x-amz-date;x-amz-target, Signature=dad608ecaaf784ebb6f33f2c904bcbc0588d2bda6a8a08e40f2ac08d3e3f61c4
20:08:59.460 [Test worker] DEBUG org.apache.http.headers - http-outgoing-0 >> Content-Type: application/x-amz-json-1.1
20:08:59.460 [Test worker] DEBUG org.apache.http.headers - http-outgoing-0 >> User-Agent: aws-sdk-java/2.11.0 Windows_10/10.0 Java_HotSpot_TM__64-Bit_Server_VM/16.0.2+7-67 Java/16.0.2 vendor/Oracle_Corporation io/sync http/Apache
20:08:59.460 [Test worker] DEBUG org.apache.http.headers - http-outgoing-0 >> X-Amz-Date: 20230318T110858Z
20:08:59.460 [Test worker] DEBUG org.apache.http.headers - http-outgoing-0 >> X-Amz-Target: Textract.AnalyzeDocument
20:08:59.460 [Test worker] DEBUG org.apache.http.headers - http-outgoing-0 >> Content-Length: 1283739
20:08:59.460 [Test worker] DEBUG org.apache.http.headers - http-outgoing-0 >> Connection: Keep-Alive
20:08:59.460 [Test worker] DEBUG org.apache.http.wire - http-outgoing-0 >> "POST / HTTP/1.1[\r][\n]"
20:08:59.461 [Test worker] DEBUG org.apache.http.wire - http-outgoing-0 >> "Host: textract.us-west-2.amazonaws.com[\r][\n]"
20:08:59.461 [Test worker] DEBUG org.apache.http.wire - http-outgoing-0 >> "amz-sdk-invocation-id: 0b97cfdc-2c4d-f4b3-7436-77b1d154be50[\r][\n]"
20:08:59.461 [Test worker] DEBUG org.apache.http.wire - http-outgoing-0 >> "amz-sdk-retry: 0/0/[\r][\n]"
20:08:59.461 [Test worker] DEBUG org.apache.http.wire - http-outgoing-0 >> "Authorization: AWS4-HMAC-SHA256 Credential=AKIA3JVA2CBMMTT6HVXF/20230318/us-west-2/textract/aws4_request, SignedHeaders=amz-sdk-invocation-id;amz-sdk-retry;content-length;content-type;host;x-amz-date;x-amz-target, Signature=dad608ecaaf784ebb6f33f2c904bcbc0588d2bda6a8a08e40f2ac08d3e3f61c4[\r][\n]"
20:08:59.461 [Test worker] DEBUG org.apache.http.wire - http-outgoing-0 >> "Content-Type: application/x-amz-json-1.1[\r][\n]"
20:08:59.461 [Test worker] DEBUG org.apache.http.wire - http-outgoing-0 >> "User-Agent: aws-sdk-java/2.11.0 Windows_10/10.0 Java_HotSpot_TM__64-Bit_Server_VM/16.0.2+7-67 Java/16.0.2 vendor/Oracle_Corporation io/sync http/Apache[\r][\n]"
20:08:59.461 [Test worker] DEBUG org.apache.http.wire - http-outgoing-0 >> "X-Amz-Date: 20230318T110858Z[\r][\n]"
20:08:59.461 [Test worker] DEBUG org.apache.http.wire - http-outgoing-0 >> "X-Amz-Target: Textract.AnalyzeDocument[\r][\n]"
20:08:59.461 [Test worker] DEBUG org.apache.http.wire - http-outgoing-0 >> "Content-Length: 1283739[\r][\n]"
20:08:59.461 [Test worker] DEBUG org.apache.http.wire - http-outgoing-0 >> "Connection: Keep-Alive[\r][\n]"
20:08:59.461 [Test worker] DEBUG org.apache.http.wire - http-outgoing-0 >> "[\r][\n]"
20:08:59.462 [Test worker] DEBUG org.apache.http.wire - http-outgoing-0 >> "{"Document":{"Bytes":"/9j/4QEZRXhpZgAATU0AKgAAAAgABQEAAAMAAAABBxQAAAEBAAMAAAABCIAAAAExAAIAAAAmAAAASodpAAQAAAABAAAAcAESAAMAAAABAAAAAAAAAABBbmRyb2lkIFNQMkEuMjIwMzA1LjAxMy5GOTM2TktTUzFBVko3AAAEkAMAAgAAABQAAACmkpEAAgAAAAQyNDAAkBEAAgAAAAcAAAC6kggABAAAAAEAAAAAAAAAADIwMjI6MTI6MjcgMjI6NDY6NDEAKzA5OjAwAAADAQAAAwAAAAEHFAAAATEAAgAAACYAAADrAQEAAwAAAAEIgAAAAAAAAEFuZHJvaWQgU1AyQS4yMjAzMDUuMDEzLkY5MzZOS1NTMUFWSjcA/+AAEEpGSUYAAQEAAAEAAQAA/+ICKElDQ19QUk9GSUxFAAEBAAACGAAAAAACEAAAbW50clJHQiBYWVogAAAAAAAAAAAAAAAAYWNzcAAAAAAAAAAAAAAAAAAAAAAAAAAAAAAAAAAAAAEAAPbWAAEAAAAA0y0AAAAAAAAAAAAAAAAAAAAAAAAAAAAAAAAAAAAAAAAAAAAAAAAAAAAAAAAAAAAAAAAAAAAJZGVzYwAAAPAAAAB0clhZWgAAAWQAAAAUZ1hZWgAAAXgAAAAUYlhZWgAAAYwAAAAUclRSQwAAAaAAAAAoZ1RSQwAAAaAAAAAoYlRSQwAAAaAAAAAod3RwdAAAAcgAAAAUY3BydAAAAdwAAAA8bWx1YwAAAAAAAAABAAAADGVuVVMAAABYAAAAHABzAFIARwBCAAAAAAAAAAAAAAAAAAAAAAAAAAAAAAAAAAAAAAAAAAAAAAAAAAAAAAAAAAAAAAAAAAAAAAAAAAAAAAAAAAAAAAAAAAAAAAAAAAAAAAAAAABYWVogAAAAAAAAb6IAADj1AAADkFhZWiAAAAAAAABimQAAt4UAABjaWFlaIAAAAAAAACSgAAAPhAAAts9wYXJhAAAAAAAEAAAAAmZmAADypwAADVkAABPQAAAKWwAAAAAAAAAAWFlaIAAAAAAAAPbWAAEAAAAA0y1tbHVjAAAAAAAAAAEAAAAMZW5VUwAAACAAAAAcAEcAbwBvAGcAbABlACAASQBuAGMALgAgADIAMAAxADb/2wBDAAEBAQEBAQEBAQEBAQEBAQEBAQEBAQEBAQEBAQEBAQEBAQEBAQEBAQEBAQEBAQEBAQEBAQEBAQEBAQEBAQEBAQH/2wBDAQEBAQEBAQEBAQEBAQEBAQEBAQEBAQEBAQEBAQEBAQEBAQEBAQEBAQEBAQEBAQEBAQEBAQEBAQEBAQEBAQEBAQH/wAARCAiABxQDASIAAhEBAxEB/8QAHwABAAMAAwADAQEAAAAAAAAAAAgJCgYHCwIEBQED/8QAcBAAAAUEAQACDQYICwUFAgAfAwQFBgcAAQIICQoaERITFBUWGVhZl5jW1xcYV5ao1SE5Vnd4trfYIiM3ODppk6ep1OgxVYmVuSQlebW4JkF1dicyMzVRcbQ0NkJhiJmyKHShKlLnKZFDWmJjgrGz/8QAFgEBAQEAAAAAAAAAAAAAAAAAAAEC/8QAMxEAAQIFBAIDAQEBAAIBAwUBAAERITFhcfBBUaGxgZHB0eEC8RIiMrJCcoJSYpKiwuL/2gAMAwEAAhEDEQA/AN/FKUoBSlKAUpSgFKUoBSlKAUpSgFKUoBSlKAUpSgFKUoBSlKAUpSgFKUoBSlKAUpSgFKUoBSlKAUpSgFKUoBSlKAUpSgFKUoBSlKAUpSgFKUoBSlKAUpSgFKUoBSlKAUpSgFKUoBSlKAUpSgFKUoBSlKAUpSgFKUoBSlKAUpSgFKUoBSlKAUpSgFKUoBSlKAUpSgFKUoBSlKAUpSgFKUoBSlKAUpSgFKUoBSlKAUpSgFKUoBSlKAUpSgFKUoBSlKAUpSgFKUoBSlKAUpSgFKUoBSlKAUpSgFKUoBSlKAUpSgFKUoBSlKAUpSgFKUoBSlKAUpSgFKUoBSlKAUpSgFKUoBSlKAUpSgFKUoBSlKAUpSgFKUoBSlKAUpSgFKUoBSlKAUpSgFKUoBSlKAUpSgFKUoBSlKAUpSgFKUoBSlKAUpSgFKUoBSlKAUpSgFKUoBSlKAUpSgFKUoBSlKAUpSgFKUoBSlKAUpSgFKUoBSlKAUpSgFKUoBSlKAUpSgFKUoBSlKAUpSgFKUoBSlKAUpSgFKUoBSlKAUpSgFKUoBSlKAUpSgFKUoBSlKAUpSgFKUoBSlKAUpSgFKUoBSlKAUpSgFKUoBSlKAUpSgFKUoBSlKAUpSgFKUoBSlKAUpSgFKUoBSlKAUpSgFKUoBSlKAUpSgFKUoBSlKAUpSgFKUoBSlKAUpSgFKUoBSlKAUpSgFKUoBSlKAUpSgFKUoBSlKAUpSgFKUoBSlKAUpSgFKUoBSlKAUpSgFKUoBSlKAUpSgFKUoBSlKAUpSgFKUoBSlKAUpSgFKUoBSlKAUpSgFKUoBSlKAUpSgFKUoBSlKAUpSgFKUoBSlKAUpSgFKUoBSlKAUpSgFKUoBSlKAUpSgFKUoBSlKAUpSgFKUoBSlKAUpSgFKUoBSlKAUpSgFKUoBSlKAUpSgFKUoBSlKAUpSgFKUoBSlKAUpSgFKUoBSlKAUpSgFKUoBSlKAUpSgFKUoBSlKAUpSgFKUoBSlKAUpSgFKUoBSlKAUpSgFKUoBSlKAUpSgFKUoBSlKAUpSgFKUoBSlKAUpSgFKUoBSlKAUpSgFKUoBSlKAUpSgFKUoBSlKAUpSgFKUoBSlKAUpSgFKUoBSlKAUpSgFKUoBSlKAUpSgFKUoBSlKAUpSgFKUoBSlKAUpSgFKUoBSlKAUpSgFKUoBSlKAUpSgFKUoBSlKAUpSgFKUoBSlKAUpSgFKUoBSlKAUpSgFKUoBSlKAUpSgFKUoBSlKAUpSgFKUoBSlKAUpSgFKUoBSlKAUpSgFKUoBSlKAUpSgFKUoBSlKAUpSgFKUoBSlKAUpSgFKUoBSlKAUpSgFKUoBSlKAUpSgFKUoBSlKAUpSgFKUoBSlKAUpSgFKUoBSlKAUpSgFKUoBSlKAUpSgFKUoBSlKAUpSgFKUoBSlKAUpSgFKUoBSlKAUpSgFKUoBSlKAUpSgFKUoBSlKAUpSgFKUoBSlKAUpSgFKUoBSlKAUpSgFKUoBSlKAUpSgFKUoBSlKAUpSgFKUoBSlKAUpSgFKUoBSlKAUpSgFKUoBSlKAUpSgFKUoBSlKAUpSgFKUoBSlKAUpSgFKUoBSlKAUpSgFKUoBSlKAUpSgFKUoBSlKAUpSgFKUoBSlKAUpSgFKUoBSlKAUpSgFKUoBSlKAUpSgFKUoBSlKAUpSgFKUoBSlKAUpSgFKUoBSlKAUpSgFKUoBSlKAUpSgFKUoBSlKAUpSgFKUoBSlKAUpSgFKUoBSlKAUpSgFKUoBSlKAUpSgFKUoBSlKAUpSgFKUoBSlKAUpSgFKUoBSlKAUpSgFKUoBSlKAUpSgFKUoBSlKAUpSgFKUoBSlKAUpSgFKUoBSlKAUpSgFKUoBSlKAUpSgFKUoBSlKAUpSgFKUoBSlKAUpSgFKUoBSlKAUpSgFKUoBSlKAUpSgFKUoBSlKAUpSgFKUoBSlKAUpSgFKUoBSlKAUpSgFKUoBSlKAUpSgFKUoBSlKAUpSgFYsekq8te/wDrXuZqpx5aHOgvEr5mlnRLJRGTEu7XNOV1OWV5VmKEEeK1As/kNbaCS1s1hpttweMF8CSgXUBBQzRwNMDEtltOrzwukn/0kbij/N9ov/68Z2oDq7x06Xz5yCh9ZtP/AHXp46dL585BQ+s2n/uvWiLYqW/kCgCbpz8X/Gz5G4lkOUfFbwr4C8Y/EJpqzo8BeG/Bqz4H8K+C+8fCfghU7x7v3z4POdy73Ez4RFz+7PT631R2QjxGTFLbYRFYRCWF2OJfczyT05ZBJFFIVJMDoWsxwPFTwTz5I53hfOxm4BssJbDtRw8slfHX2g+VbzD7Q/M8dOl8+cgofWbT/wB16eOnS+fOQUPrNp/7r1MXTbnNgjZWZSmtsuRZIeqE+qav4uorMkwQM8iKrqy7XEFl+HxkxsrKI8Tgl7"
20:08:59.465 [Test worker] DEBUG org.apache.http.wire - http-outgoing-0 >> "gpqM6GehAqhrIslp6gZWz5BKM3g0Bl58dOl8+cgofWbT/3Xp46dL585BQ+s2n/ALr1qGqDOyXIrrBqfMEWQXMrkcqRIUyBowrHIpDPWl9PN4LzozZ6dkeVE4EQqnd0Ww8wRLGMrXCAt3xnbud7XuBS/wCOnS+fOQUPrNp/7r08dOl8+cgofWbT/wB161DUoDLz46dL585BQ+s2n/uvTx06Xz5yCh9ZtP8A3XrUNSgMvPjp0vnzkFD6zaf+69PHTpfPnIKH1m0/9161DUoDLz46dL585BQ+s2n/ALr08dOl8+cgofWbT/3XrUNSgMvPjp0vnzkFD6zaf+69PHTpfPnIKH1m0/8AdetQ1KAy8+OnS+fOQUPrNp/7r08dOl8+cgofWbT/AN161DUoDLz46dL585BQ+s2n/uvX8yeXS+Mscsb7IqNrZWvje+Lo1Bwyta9uxftc8Gxjljf8P4Msb2yxv+G17Xta9ah6UBl58dOl8+cgofWbT/3Xp46dL585BQ+s2n/uvWoas17i59ZeM7Ozhq/CnG8959d8LyHKLNMeIM1qh5bW0SMXycZB15CtVI19cJpFTzhoEgOOWyUVIFLGVCxDNTOZ3DMDAcJ8dOl8+cgofWbT/wB16eOnS+fOQUPrNp/7r12q3+kHJTBk9AjTeHSGeNMs3HmDcmvuc0qOksSTxzNimLiUUZejuMHAabBcbt8Tyo1k10DA9zzxLkDmeGeGOiZPUCKqQJKiWcKqKYpFCygnKBEcI0SPETgOBgocJmQMswTJU0XEDHLjg55hDBZ4CB5ZYZWvcDMJ46dL585BQ+s2n/uvTx06Xz5yCh9ZtP8A3XrUNUAN4XnyONI1FuOgsSwFJ5VR8b/lbEm9SUk8RC72EatmX4r2T5Mjzu3hEMw7slfu2Cz2mRBK7n3j2+djoFPHjp0vnzkFD6zaf+69PHTpfPnIKH1m0/8AdetQ1dObBqk3osMSCq63NxnO6ciSHcaN23IA45Zmq6/34UwsVcA5ZebA4RHvHI4LfIJfS8u7BhW747F7h5gZ3PHTpfPnIKH1m0/916eOnS+fOQUPrNp/7r1fVqKv7WuWGE1V3OZEZx7OQi4vgqjbiQ2bOs0BABOWwbposOdd74HueNkuyIfxuvjY4jfgxLlrfxdScoDLz46dL585BQ+s2n/uvTx06Xz5yCh9ZtP/AHXrUNSgMvPjp0vnzkFD6zaf+69PHTpfPnIKH1m0/wDdetQ1KAy8+OnS+fOQUPrNp/7r08dOl8+cgofWbT/3XrUNSgMvPjp0vnzkFD6zaf8AuvTx06Xz5yCh9ZtP/detQ1KAy8+OnS+fOQUPrNp/7r08dOl8+cgofWbT/wB161DUoDLxi8ul8Y27FtkVG/Zvll/CdGoOV+zllfK/4cmxe9rWve9scbX7XDHsYYWxxxta398dOl8+cgofWbT/AN161DVRryNcyq3obs7H2sbZ1QUNgnJI8eM15N84ky4My1U6tvZ8vNjJTNTGsWiZ+GFVQHPtQvkSMgKYYx8ysBkAkwPMtiObfA+CIfjp0vnzkFD6zaf+69PHTpfPnIKH1m0/9165+7OeqdITxTl/aTig2UgiOjZ8uQMPc85lo+WCGHztjiVKeNsLxu3TaoJj2+RZMMO1OGMXxtbHPDHK4mF4Grm00L7jQ8gzhBDo8ZWWtjGU4yEaLZJy+2XEn4AZKzVdaMJmIMjuFKsZLCGCtxBypombIq6ScUUVSTVI2H0/je0U9lAHjp0vnzkFD6zaf+69PHTpfPnIKH1m0/8AdepYbG86UWMGbFPW7VKAZV3imhBOKCavI8S5DlWuWU0kTuKwmJS6kNt+L7iMIQ2Iwa8oJDMHbSflhbDBwGhMDgZP8WDOeJgLc5Iuuu42s0s6MSY5zSYSQflPNmlVsYmlwxkUQvGNRWmhHbgbiaumu0LJbjFahxrd07qMpriWQAEO2AjT46dL585BQ+s2n/uvTx06Xz5yCh9ZtP8A3XrUNSgMvPjp0vnzkFD6zaf+69PHTpfPnIKH1m0/9161DUoDLz46dL585BQ+s2n/ALr1+klPDpdQhoXFS2PU7l7JqzmHYNz6iY5d/hJB4VKve4Lawz7SypgTuJa+Vwsg7ZYj4CAXEDy06V9gr/8AJMv/AMXN/wD0INQGXHx06Xz5yCh9ZtP/AHXp46dL585BQ+s2n/uvWoaqbd2OaGC9UZXA1yjqOpA2o2VGMliBiKYlwxyBRlY6XsZJttZXi5BfUBXYbAEBHwbbXaroUSYGWd1nBKMd7FjQEC/HTpfPnIKH1m0/916eOnS+fOQUPrNp/wC69dxN/n+Kx9JLWYG9Ojc+aUFHne2SE7XaKsupMwJd3ALjLiglrccRkvjoCeMPgErnWomuw4nC5YBCJuedxMQrxZWmRrRpAsiz9iopq0zWLE7qloBTIHQTiUtt9vNI87SplOPkxBQTpNXIlQsiBgmILicDMg5Fche6h9sz5+ZjNtH+TOx46dL585BQ+s2n/uvTx06Xz5yCh9ZtP/dev8EvnwnmKtIYN2sn3WqN5CWdhZemJoMtEi93umG0FKY8VlWsl2WTmTtJTmfXlZSeRh5Jw4hU2hkSpNJIhYFRTOJoYXSxGrw+UOOmC/8Awd4I8eWU1Xh4J778IeC/GZCILXg7v/vUl373l373t333kU757l3bvUv2/csDxbX/ABflA8W1/wAX5QzXeOnS+fOQUPrNp/7r08dOl8+cgofWbT/3XrQhs1sRHmqMEyRsDKZwYqzI2QBFc6XJ2CyU1pRMGC6Y32yihDiAgDLbnXzyagpOA4wBax5QAENmCxTAcwFUDrryYbTCceWzPJLsJEzOUWGWeODg1wh5vLBlmLGcZgORBjk+UWXmOgOTMyRs4hzZ5KcJ9uGVZbUiTkM4EEtqqTSKJgEbfHTpfPnIKH1m0/8Adenjp0vnzkFD6zaf+69XM8c26/z/ALWlL2I+TP5JvCTwdjU8T/HPx87j4rmwCvf/AIweKjM7p393ft+9fAgfe3a9r3yY7btrc33qcWybO1Ul946kgt03OjQQAHW109ypV1sqqpjbUyK070hNSezYJQcKq0iS0nt8mN/ANKpgqXDELmRQDIL85KqNOEEXeCo6SfRb+Si/x06Xz5yCh9ZtP/denjp0vnzkFD6zaf8AuvVvHGfv+z+Q/XMhK6WmlmrITZUbM+X2GXM5mAW08gCYBzE6jZmM8jhhpOYiOGrNw0auIKDa6ghmTRxRQlAxnYdQhl58dOl8+cgofWbT/wB16eOnS+fOQUPrNp/7r1qGpQGYDJ4dLusVBFw2WVcj2Y5kMwBk5NQe4BlQgyuRMYPLxZ7W4o4wx7AbG2NsscC5e+WWVssbY/4eOnS+fOQUPrNp/wC69ahq/GcbiQGg31x1upZTG42GykKK+4XAtHS6ajoiIkFBj6orKigbECKkU9PJFxzZw2YFDBLlwhBRc8cML3sBmS8dOl8+cgofWbT/AN16eOnS+fOQUPrNp/7r13Kuc/IcjP1zs7RTRPYbdRMZonaLzxa+K400iwGQg4ZZVJp6JHEnrhVGUrgCWSTDtTmkonxMBAsEkMTHG2cltFOZmD9xpRUNeHjHj51m2UTxFQEOJZOywF8NnkIEYwvISCuCJ6Ceu6UIsVNnFNsOJsNtY7xLGTScXUsCKpZPDM9kBPHTpfPnIKH1m0/916eOnS+fOQUPrNp/7r1Y9y88gEk6CwxFa/CLXYr3mOXJfTI+a7WkBNcCujGUWyGrn11QATmw6WeqmVIFV8VEclbFYwLYCr9hBwRr4h4X5NvNynwPx3tNlJs4Dm33O7tbZFUJRLFZUKx89njhYipuY0IuqmYLPY468AfJIxpZUVJZUbljRdIIr4qSsjEwKu/HTpfPnIKH1m0/916eOnS+fOQUPrNp/wC69c7V+fKbI7RE6R5x4otm4pg5RGJdpKZ9cXxCtiaiKGGQMWKuiF2M3cRVLuod0gA29CYKr3QPvI4KHniJV3Wqe2UIbnxCkzXAjqu5GioGjCSpEzpa6Y5Wk5CIRcZSaruRBBBRUheTwjZQfMGwpkieIGyKujn1JGUCCiaAoK8dOl8+cgofWbT/AN16eOnS+fOQUPrNp/7r1qGqjuaeSGYn9yVRRx86YI7TVhGK50507byQ6yQyokozIQwyiq9mOgd7Z3DTzZFDPk0o64ccRjlpDWUFpFrpV09bMGwIe+OnS+fOQUPrNp/7r08dOl8+cgofWbT/AN16nkhct/hrlSH4zfm/d7dxWXEk/LZ8q3du28AQcpzP3x8m/wAmwXY778G+LfcvH2/cO7eGO6Ddz8FiXKUmJmXnx06Xz5yCh9ZtP/denjp0vnzkFD6zaf8AuvUwinJFMcB8pDo0l2+R2kQieeFFDWdP5NbBMVPBTU5fBsgthnOwUfPLNXzcrlR1NAOKI+GCkiSSMMXC78YS+gGGzeJQGXnx06Xz5yCh9ZtP/dev5i8ul8Y27FtkVG/Zvll/CdGoOV+zllfK/wCHJsXva1r3vbHG1+1wx7GGFsccbWtqHpQGXnx06Xz5yCh9ZtP/AHXp46dL585BQ+s2n/uvWn06dJppM2oqBouRIECpg6eOmhcACpQmVCzHMmjI4uWIYJcuCHmKMKJljgGHhlnnlbHG96zAszpLjac8rshuqmoio2ISe8z/ACWFJ3PTbkKTJI4S4gk1J3mWkLDZEK5pCbjoQHWttazuxHIk1EIrZXGyuGYFA/vjp0vnzkFD6zaf+69PHTpfPnIKH1m0/wDdetQ1KAy8+OnS+fOQUPrNp/7r08dOl8+cgofWbT/3XrS+9neiR+zXa/XKMMWbjIbC8718wWLiGzACI2ko2sqowBQG2QxoYIiSHzCLhWuINnjiGHa+WVrVGbTvefXvetou1768Ly+vIDJcYDVXxnA11VrGAFgymF1cEIAsqhBiGQciRkLO44XZwxz7YPLsZW/CBRz46dL585BQ+s2n/uvTx06Xz5yCh9ZtP/derh9fHnyOLWzs0IGyUSwE0NUEr5QPkLe8fqSkZk1y95SClEo48cyhmTHOUA8LRuIsK7g7g0EDuTgAKBBeDAsskwaf9AZefHTpfPnIKH1m0/8Adenjp0vnzkFD6zaf+69ahqgBqM8+RxyyTLhDc2JYCj2LU3s/IytRKpKR1yOD/v4+DbxtCOya+AQf/Z3BPN37gkon/bxR8f8A421iwYFPHjp0vnzkFD6zaf8AuvTx06Xz5yCh9ZtP/deroNUORXWDdJ6SawIHcjlW3JEYZYV6F1xnrTbLlMDSsoIoWRI2pghgqHZPphoPKwGV744WwF7HaZ2vac1EV5BFeRl58dOl8+cgofWbT/3Xp46dL585BQ+s2n/uvWoalAZefHTpfPnIKH1m0/8Adenjp0vnzkFD6zaf+69ahqUBl58dOl8+cgofWbT/AN16eOnS+fOQUPrNp/7r1qGpQGXnx06Xz5yCh9ZtP/deoRRLyl9JJnDY+QdRY53AdKpO8UKEglHwiGimt6Wnk845cRJoucsAuqbGLts7gkrwuQRcdNNCCKeBvIYIQyVLg5BbY6xwcXn9IR31/wDhn3T/APUCjVFVlTNUT5IqqipX7/lPkkz46dL585BQ+s2n/uvTx06Xz5yCh9ZtP/derquQvcf5husDs2Q+Tn5VfFdeZyJ4meN/iN3942OIkg99eMXiu8O9vB/fnffcfARjvrufcO6lu37tjUvGnN9uhMrIRJJinhumuQmA5bKGSA8GnMi8st9YxSVU8hKWSepE9axCxqxFYTFBNM3CzysEcJmAMuxmHla1Kde+OnS+fOQUPrNp/wC69PHTpfPnIKH1m0/916um0d2enbZ9nvZxTvp6/NO1lsuUmioTWfrjUHGdd6YZSwzw7gIDqMfR8IWKlDWeSdmEGRUMMhsL53N4ZdkG04KAy8+OnS+fOQUPrNp/7r08dOl8+cgofWbT/wB161DUoDLz46dL585BQ+s2n/uvTx06Xz5yCh9ZtP8A3XrUNSgMvPjp0vnzkFD6zaf+69PHTpfPnIKH1m0/9161DUoDLz46dL585BQ+s2n/ALr08dOl8+cgofWbT/3XrUNSgMvPjp0vnzkFD6zaf+69PHTpfPnIKH1m0/8AdetQ1KAzAGnh0u4E0ZCI7LKpgiEOMGTHMOTUHEccrgJliXGGxybOWWIogNsMxMcsssrZ5ZWvle/4a/w8dOl8+cgofWbT/wB161DVWJyHcqkCceAbSbjzRXVJswyCSzU2VEjFwJ4q5pIseFSwV9wqx/PvZvoZ9WLmkdKFBKLCwrqZU4AlIhwBOVTJACrTx06Xz5yCh9ZtP/denjp0vnzkFD6zaf8AuvXYCzz8ShEBhsL21/F5strxE7pUC5AhIaosrB8YUQwGIYxAKIrziSLkk2p2JAin7I13eXURSgIw4QOYYfb5WT7Eb4vZpQBC+wem2sTw3vbMzGQTBAjGrhVWwaQWuZRjSiA4lPEvHj8UARA1Itk3lJGUUlIOJCxiYIKGYJ8qMSszfoZv0VMeOnS+fOQUPrNp/wC69PHTpfPnIKH1m0/916+Dq6Q3sAx5YQoIeHFXIbamZ0GEEo3YyWZ7UyD0WjLoMd6t0BNQR9b8DxsRaM/xCdiCFlc0La+AfbZWva084q5M9oXDHWz0lTtxrSnrSga868yBOKMafsiK4qfJquxEsdXyjwkpKMKNcJAOKZIsYHutYAuIQiACIN4CN44ZWs/z2P8APZA/x06Xz5yCh9ZtP/denjp0vnzkFD6zaf8AuvX6cRc/uz0+t9UdkI8RkxS22ERWEQlhdjiX3M8k9OWQSRRSFSTA6FrMcDxU8E8+SOd4XzsZuAbLCWw7UcPLKWWm3ObBGysylNbZciyQ9UJ9U1fxdRWZJggZ5EVXVl2uILL8PjJjZWUR4nBL3BTUZ0M9CBVDWRZLT1AytnyCUZD7bzteKeyHXjp0vnzkFD6zaf8AuvTx06Xz5yCh9ZtP/detQ1Qk5BN3GHoHra553eRK7gVsTZVqRwxwjeJE0+pCWS5wdGQrHMsBe8U0sUT1FdcKjiCOKQb6QpjEyp5R7yTzYFKnjp0vnzkFD6zaf+69PHTpfPnIKH1m0/8AdepFqvJ7s/qRxjQ5ultrDjUk+TZrlcsTRY+ajjGiENvRnJaU9H1HZhYMitSQMcFRMbzeAKF0rwfmfEb6mhCORYEdpFfzP9YtnnG3MeDJSJMbPDJsM5o4W0kJwJbzakiPRyoqm3xcbiWWUo0l6xCl1EhYHHMbvkAfvewWGYmY2AeGeeIHAvHTpfPnIKH1m0/916eOnS+fOQUPrNp/7r1Y/wAePLnCXIoaerCZDWc8TzkyW0Yc6hHT+yKKhE4jhHiyMOtoLgRRC+awmIi0poxBwFT6Y21gqIqlO9SJkvkKbA6q40uSKWJcm6adEd1UZuNXcCEFdxClldsFPBLVlNqpJ8LvsykJ4l8QgVRMT1FKXEoQjgEA6mMolXAAnlBklaFHZmP6VmZj+lanHbnks6S5okQY6vstty5mynSOZcqY0rpQWtTnucUG8RTxj+Y+LUZB4cn4PutJhsLE5YMseytkXzsMDYcO8tkyRel3LCanqxHZRSEIqhEookxM3FqEHkIVOlwzJfPIPNrY5h5ZAi4ZXwztbLC9745Wte17VwzpUf8AJ/pp/wDDjNH/AJJHVaXTboXmProaerVZyhIrnZ8KjOhuR8kmRSao+l5vsbJWR2cmmwU5XGKqDnUChdEJmQklUFAMngxQ047njYsLNUSi8N9k1bdFX032Z4/HTpfPnIKH1m0/916eOnS+fOQUPrNp/wC69clmPnm2t16a5J6zlxEyzFDRUV0q2SDjfU3LLeRzbhPEFNUJowB5Q1tBAEUDKcjKpwEtjn3QQunmhMbXxByvbuaAOX/cqe1mIDSTxGTQmxRLDhZZUKYykqrq60kVmOtZIJ5qQMRMNekwmqoiIlmx1wW1ldPLmipPPC6iUwzuZDpSOnjp0vnzkFD6zaf+69PHTpfPnIKH1m0/9161DUoDLz46dL585BQ+s2n/ALr08dOl8+cgofWbT/3XrUNSgMvPjp0vnzkFD6zaf+69PHTpfPnIKH1m0/8AdetQ1KAy8+OnS+fOQUPrNp/7r08dOl8+cgofWbT/AN161DUoDLz46dL585BQ+s2n/uvTx06Xz5yCh9ZtP/detQ1KAy8+On"
20:08:59.468 [Test worker] DEBUG org.apache.http.wire - http-outgoing-0 >> "S+fOQUPrNp/wC69f75PDpd1ioIuGyyrkezHMhmAMnJqD3AMqEGVyJjB5eLPa3FHGGPYDY2xtljgXL3yyytljbHT/SgMvPjp0vnzkFD6zaf+69PHTpfPnIKH1m0/wDdetGc2zRHGu8UPma5ccQDUjqO0QRdcy2OCOZyALd3AJEyhMkVDFNqCqrqZsijoyYUCFNqasfJECoeZgyHjeg1K59ZZlYs4Xhq/wAWezU8w83jpoqbkkosrCZhhiRtiKcwMJ7MiOUUMFSKE8wzhtKAeBwyUAEwENZAg5WGoDr7x06Xz5yCh9ZtP/denjp0vnzkFD6zaf8AuvVoOiHKvCW/7AkVTitsOdvTDFiAOtOqDHUOTxcRnC5c14LNNhaTsDZVwoCkql8UERTCTiqmjqg5YJZbxHBRRclWvKV+dLb+CmeYkCZOHuYozZBQ8RTTTqec0riEhFz6mLcBPJjKJ7WwIuGOdGtcIsHlnbIUT+Bha+V7WoDhfjp0vnzkFD6zaf8AuvTx06Xz5yCh9ZtP/deu24c5qtyZyRWW9I94fZocsavc+CAlyK3ZfXVxsiJ2C2KhKquUOltcQyp4skHCigGatgbCxsMRMAZjBZYZZY3V7VbBtrVPXSYdiHaUspo8UMlVc+CJ4QxSc3It4WDItdqAquZRQwTTLrc51HbhU/mQPYkzCoEYyJmrB3AEAz8+OnS+fOQUPrNp/wC69PHTpfPnIKH1m0/916700S55ie4OykZa8PfVk9AXyxNdzr0cvU7MOT5KOI43gV0cBPBSRonYuOBFXu0XanklnBYGxyW0cJJBImRT2IoGhKgMvPjp0vnzkFD6zaf+69PHTpfPnIKH1m0/9161BiCBghiDDCYBBBYZiCiiZ44Bhh4Y3yzEEzyvbHDDDG18s88r2xxxte972ta96pB0w5HZn3630lxDgtDa5LQnX5sKzacb1WCIwzolB/rSh3uznK2lLDLsp5U2K31s4hImGFimDG8Iq7ry8Y15qJaCBDrx06Xz5yCh9ZtP/denjp0vnzkFD6zaf+69It6Q5PM7rzpb0E8WMjTGos2+IjgLR3OS06TSUSHOGSJI8plUbW08IQLnRyowZfMe/aZiB5h4CZ5YXvXazT6Qk3GhLSDEu7Gl846ZKLgGIBhrDuPHHCURiSkcuSLOReSnExIvcWLQwEwGyNLzfSXFfAMAXMuRN4Bi5BgdU+OnS+fOQUPrNp/7r1xd8TL0tuO2W75AdWzSqSbDFa7geLjOALmox0YogthJNrawZBJlWoKZNigJ5EwKGWLhiDj54WCBwzEzxxvPjkN5Dp049tqNe3g+W03XToFLyJgxHapoiaYGfrGksuqHVBTdWKmFnlibwCa5pKUkdtdoMWcqMiO4AlgRWiQChlYztarJi9plsmuIp8oqoy1rFMSskqieOGaIKSYoxU4zhA+SNA5ZgmShwqMEYLDhZ5BjAiYCYZZY5WvcDLNqNyEdJ03fZTmf+ue3bmdjXaTpzaC4dV8dYmsOWX7pZBcyKhFHKySBswDYgqkxcTAAeZXG4ly+Gdsgcg8JYeOnS+fOQUPrNp/7r1+30XX+aPsH+kaJ+zNiVpiOnSaaTNqKgaLkSBAqYOnjpoXAAqUJlQsxzJoyOLliGCXLgh5ijCiZY4Bh4ZZ55WxxvegMwXjp0vnzkFD6zaf+69PHTpfPnIKH1m0/916/jM6S42nPK7IbqpqIqNiEnvM/yWFJ3PTbkKTJI4S4gk1J3mWkLDZEK5pCbjoQHWttazuxHIk1EIrZXGyuGYF1D0Bl58dOl8+cgofWbT/3Xp46dL585BQ+s2n/ALr1NPbfm5huBZpMayQND0lbk7FJ6kYRFhgxFjnikpLhJhiCKDUEXk9Fdy0sOpKxCz8MpbXZq+WRBATpBYUiCwnH0wv1JHXPq1kOXm/De8moszaLLbryKWRF+QzigvNksXUDNyhFYcYi4xI0XktsjmscygzlTEFfSE0xgJmqmCKeVUFAmGcP1Gx0P46dL585BQ+s2n/uvTx06Xz5yCh9ZtP/AHXq/jbOeymtmrk57ChWS1ESMIrdTzbpZQzEGRlxyFUgbxMSTeZM0UGFT19zDoyWJkTOADZgHr3LGMBLh52oQcvPfNOv2o+n89TxrEw5Eem2QM3uAijx2/HHDaA0WpFzyQ2q3Rc090IU3Ka0ddhVVzXbm7LaYWLkbkLBExMjIlwXnx6+8gPPjM3mj/W8dOl8+cgofWbT/wB16eOnS+fOQUPrNp/7r1p6TjfhBPIH+59x79JFTfcu37p3LvkAMbufdO1w7ftO37Xt+0w7bsdntcez2LU88dPLZ8/yfJ2g75v/AMk/yKJKiqeNHyrePfjN3g88Gh3DwL8mzN8Dd17bwh3Xwsq9z7Henc8+z3zZMTIF+OnS+fOQUPrNp/7r08dOl8+cgofWbT/3XrUNSgMvPjp0vnzkFD6zaf8AuvTx06Xz5yCh9ZtP/deroU3kU1hVtyD2h5NyOXPYlPyOYGEHNnrQbetmQj+0mGccHTkD4Jz7Rp376tewtsczVrksb3H7GN5y0Bl58dOl8+cgofWbT/3Xp46dL585BQ+s2n/uvWoaqI93OT+fNa+T3UXSpitGIFWLJ9vAXjivuxAeh6QE35VJvdcaOHxaVUd/oTdJ95oSEUNo3hRqrPe6sIZHPeESeYRAF8DddkdbEVfHTpfPnIKH1m0/916eOnS+fOQUPrNp/wC69ahqUBl58dOl8+cgofWbT/3Xp46dL585BQ+s2n/uvWoalAZefHTpfPnIKH1m0/8Adenjp0vnzkFD6zaf+69ahqUBl58dOl8+cgofWbT/AN16eOnS+fOQUPrNp/7r1qGpQGXnx06Xz5yCh9ZtP/denjp0vnzkFD6zaf8AuvWoalAZefHTpfPnIKH1m0/916eOnS+fOQUPrNp/7r1qGpQGXnx06Xz5yCh9ZtP/AHXp46dL585BQ+s2n/uvWoalAZefHTpfPnIKH1m0/wDdenjp0vnzkFD6zaf+69ahqUBl58dOl8+cgofWbT/3Xp46dL585BQ+s2n/ALr1qGpQGXnx06Xz5yCh9ZtP/denjp0vnzkFD6zaf+69ahqUBl58dOl8+cgofWbT/wB16eOnS+fOQUPrNp/7r1qGpQGXnx06Xz5yCh9ZtP8A3Xp46dL585BQ+s2n/uvWoalAZefHTpfPnIKH1m0/916eOnS+fOQUPrNp/wC69ahqUBl58dOl8+cgofWbT/3Xp46dL585BQ+s2n/uvWoalAZefHTpfPnIKH1m0/8Adenjp0vnzkFD6zaf+69ahqUBl58dOl8+cgofWbT/AN16eOnS+fOQUPrNp/7r1qGpQGXnx06Xz5yCh9ZtP/denjp0vnzkFD6zaf8AuvWoalAZefHTpfPnIKH1m0/916eOnS+fOQUPrNp/7r1qGpQGXnx06Xz5yCh9ZtP/AHXp46dL585BQ+s2n/uvWoalAZefHTpfPnIKH1m0/wDdenjp0vnzkFD6zaf+69ahqUBl58dOl8+cgofWbT/3Xp46dL585BQ+s2n/ALr1qGpQGXnx06Xz5yCh9ZtP/denjp0vnzkFD6zaf+69ahqUBl58dOl8+cgofWbT/wB16jhtFvX0oXS2OCUxbDbWuBAj4Z2ozQuaTTGsDhHMrKwWUz5NPzJthmm1YAE2URlDHM8DgHiWvjj/ABwQuYV77Faz7dJW/F2I36RsafqxItBmOQxhXZbpXmwUVMeaIv2kWVmP5ERAnC1VQ4p6nIxo6ljDDABjjJao0CqgSzuKXFtcE2XCFtbG174Wtlbs9o+OnS+fOQUPrNp/7r1bTxEfi09OvzQJv/mqtVfE+86sjxfudJel0TaCurYd+MRxGkJGyZczKBZxPINOapZ2qZ8iyEyC3adJ4JyXmcMGwQldTsCUTxzgg+AfbYBlgqpfhQrIqpVW8K3yh0746dL585BQ+s2n/uvSu2D3NNvKkD96LPCLtkWNXwxGwwIrMmqoGQGd744Z99FNW7A2zvngJjkFa+WWFsbXyv2cuxZQHobV54XST/6SNxR/m+0X/wDXjO1eh7XnhdJP/pI3FH+b7Rf/ANeM7UBbZyK/zAd3f0TNhv2TOyqa+i8/zNJ4/SbVf2VxjVynIr/MB3d/RM2G/ZM7KyT8L/LhrDx969ShF83IEwrLnd8xnn+j3jhqNleTskYwyGa3Qi5k0uvdriAqeSg3zt+4WLiF7F8ywnffbiCBhaf/AMfac/ya/wDpuqol3/k726T6yEaPps02n5m44t6TXUhyUkKrhSccCSkILDi3Gy4xVkQwBbHMZWSTL/VACygNbIyGVJJpSw2RciVCAuF5IseQqU4rhUfVmZ4r1ciVebSC5p/mZ2SAVj94omThwTcwiCGqqhHEFvoTeIinFhRNJbjSXEuHhSaQWPkChI5iq0czAR2K6QFuhECm0IMkSIdNYqCDRB34+U4ZPLEWioLZRXkFwCreOHgJSkV3FCSWhITJaSmv2TvBqOcUFANMwW10t2Jzol3U3OQ3WVx7OM6THbx3NZNjYbFuswFUxZeRQitn8JMRg7kzSYjlX0cAwKgngRFRJcB9mZIhFNVSQNiw5TM2jCcPC/ldzPmDoqN4fNZPA4Iu7kSXohvzrc0IM5Mn9yBQTIqsxUaYUx9SiFMianjLz1s03UiEFURfdKWjn8EsYo6GmpNxSTzhQ72qerZqqXgasrcf54YYchblH18EzmeRzOM8YxaaaoQ6sfzxgjC72To+uVi3sqd7IpfwukGJBtgnYpNrOxXUD3YuaFzOCRx5Bp31gmTaPR946p6/rcBa/tRUbCCmuFWiBFhtoP8AUEqTUFXX1lrApH/Zl8i2yCilFltbPiBqQZ03exwDAHIscO2W9IxZD+YuymlW3ZRlrrljCOAk5LcyqkEjBkgjrrJkoo/CSSuHwgsiyII6E9SMAoQ6iKACfGS1MMDK+ZIW1VWREus5tBqxutCwREV9Vuzfyy7xeHGpJblP2+nDig0t1414jKZ3rK09ycakRKy2QlkTN3SCA0GuqllxwLIwrhNLwBp23GkBsNVuH1kZWATEBMPClSuB8smDp9emw8nzNpdC8bbOQTzdgbUzwlrbVtMuvynseyJlZSiG4wb5K+LHjaz/AHXkcQW4sXCQ1fEJDBPmEM6O60tUZ4yTgTy7z5cUdS5btLYP3V1DjaV3AkQQ/ZWargYy6z8SUhqrLdJJlDqT3RW2iqDhzX0RCUmqk5W8BHVA14LXFFTGKhAoytYhwhQ5AOOJ0xlFbX1u4kolnDcRyZN1HfkID6msdMItNYBJWAdmeCuiMdbUVq5hbwxDbQSek2tkmGBFBx5oBkndJMpK1U0RdvaImz6puNWVtHgizb2jXkqbmoPTTY1O231dhPYxOTA0T5UmUTWlVEBHyMlkRzkTRtBd6MUNZ/xpokkupJWU8kZGxDHMFCwIw4QI2eYWEmq6D1da6gztf4uQVeF4512Vwm74RV4Sia6ZkwY3VV9QOr6k3EURFSURHHMAnlMcwvGUpOwTjLjMKxgmaUi4oakb78qEzJilKUApSlAKUpQClKUApSlAKwp6X7VwHp5zZb6Stsa/Pk6YJ5/7hM0qveK7zd3dXIr7GEFJOTfBbFbrnWsO+CSIqD9+CJ2BALvXuY5oIYYuGNusrFFxqxnG8rc7W/TZlGP2RJLbAdG5qsC3381EF4ogKqV2URCxZTCSnEQUSAagWLnDgAB3AvYyCCbMhBiY4Di45gfgc0u+UI8m6rrXrvpK3ntOL0Qno4lUJxJ7BcaMbUDjmTU5GJNBpo7gTU11msDmZXJWc5w8jJKSRDSUUfE0dDwOipl4m3sU8izD0b1igzUuUoqiQ/GkOMFmbEzY9n8TZiymBsJiNFqhANBwqiIpJqORV1YotKS858TqUtF8CaOURzYYagp3vbgwobiGKrGbRfFUbxvY4HiCcswmM2GfY2FhlbPAIzZvJad3cPDK1sscBe3xxyta9rWva16yrdIvKSwHspqYuyY35NdGgiGmtI/IqOyMlMNDMO0rJCyJKBVSNEhiqalvRVi3JvJzHUV84SuHYRY8XzZfLBxCWtuov/v2xfK03Rdk8/dCL2xW3sp8bc968uWAOVp9b+tZWuOLPbKdMsBzG1CIzcVG+G4EjEAR0PVJb6a90tYVAmzklGwHO3DSGdFwXDYmAOQU+OkmbCT5BSxpSFCM4S/DgTrtPfjQHFclvSPcHJ4HNQlikeH8GitJGKx4KxVlTFN8I2M942UlCxXuVjhjulLvLxPGok6NjVv5kmtrjheGY+LSmkGXsYhlMi1oyG4HAHG5gNMRlZOzMGHmttQmgDGXCorZoVUxGchcxfMz36McHs86UsaLHlLQE6THCNEzhfYc0VNFxMRQDJYwPAAoA4IuF74CBDBZ4CBiYXvjnhljlje9r2vSEbJ7dHIrN/Tafz6WD2U/05oZ73RanKrrXC2q2wMpxuqSBHsEJzSZCPJrnbkXKsju+ZJCbaSoPFnBKObMWiR80EiE3D4wt9XJqaMRDIKxNRTwbEspkSNrru/o1x98gkkTJv1LE9yE6oqYK8xF8k6ZDbx6FXckOJYwfGEeqx53HzqWnrQa63i5BRbILL7oWSTAJhuEcLgY3hZyq/0gTjo//H9M/wD1QPWr3+YT8WbuF+avL9ZECoTVUonL/RSbHeyOxB7o4s0TidnuaDc1JUglySXMBqUnwYlFNJ5bJxehZFCEgCrubsJlroigfRrgF1cMK6UdNp18O9DIwOfDdC4F5e+QDUFsPnPkgfEIxWBk+E2M1ENceLrmKSVpKeTiwV1SQZITnGjP9MRCzixMtJGFNPNaGT0JBBwIMgEgEUNrnCYx/ouk7/nKLf8AqoiSrreAT8Vbrv8A/Bma/wBuMiVVn4TpCr/7L/8Ab/PSld/B9yNTmrRZvE3dtH+65YI6jMQSXyLodSoK4XuVbrdTn0PILbUHUo3FVHECEI0yBxANLZw6eKimlQDI4IQyJFiPQelZPk05m3HMc/mt/JO1CitkvPBrtZsw4I6S6HgumSIS9g0yLWaT6jYuopTVRFBCEU3C71leWlsVTACEDGuKbMlOBcGEXgTc/OWWFzR7wYWl2GnTGBhS7TITwcC/lqS2qKf7nhe2edyeCrkYtjhe2WVw+xje172vX5fGxvgv8L52ctSN2de5rIgLkiZvNpH2E2kpTPmnXgjp7VVvBmDoXGiku1nuhKbzcONlzNtcOhWEAE7JMyWVLmk3P8q94N5T+Vi8GivyT+Vec4e1T+Vi6yn8uh21o/JW8Uf85pLU/Y3b6WZxTWYWf6Wup2T/AHoWi11FSmvKg52eq5xiKol2oRUwE8dCUlHDwOZGDdoB1VEVVhTzEXj2xisRmjk1KmxXSIwpqV4yd0PGJAKSArFI8fgAxV3oiIX1dOJbcNLhUYkQyKm3E3yCY58CwYIpcuXWQQSh9UK4AqZvbnRJrRWjZAk1orRsgpSlUopSlAKUpQCsbPM7+PJ4+/8A4D6if+qyR62TVii56X8iRTzA6eSi5glAdtxtGGt7+cAKSACaVRkRnbHys4lUJMKmTJMuZUBCCcYwJADnCgIxm4YYpkDDLIXDX8wVfH/yQ1/MFXx/8kNi8vxe0ZsiyQoifqaUVmdI7PX2e4SRwAIwFknricOREMh4i2vYI6QzFwPpxsO4ZgioFix0qMCZLhC4YfeFyeJBiXT/AJc7NFUUCozU1tKSQ0DJYYXHFrPkNvSU2sHIm3wytiXUe5m0dQEFtje4/isndve2BW9r2gbDdIkjOV4seEX6RQTsW/p3f6AqtJpm1lkJBcg1zjgJDJdnCSS2e6Hu5HGvJGJq51GQwUYoSNqARa5xSxAwELD9ncMvFW6YX032QRtoW+cajw3WaubHcjEHuBdxsiJsGu6m+lAq1v47BGeSwK+XCtHUjs5mUUEu2QFaxVeKKKWmZ0XXdN5QWU9ujPTRSSq7Km3rzBnOrei6Re0ymumxU14kCgr7cs2BReaVhQgxFAq02WxWe7CZAsZztkMWKKKy/wBQMqAQOQYagOmJohqw2aaUuBdrtrx5al7wqTBVtlIzEfR2NgV0q2TBF1OxmmsSDjzTBlFOUlBmLSCpqZCxhJKmSJU0dyDTjAh4UlYDJRPd8ZjtOJln3gJlSaYQ23guTHzrNILhKOBtzDFiDgqoWa2kAjJJJ3Nc6q"
20:08:59.471 [Test worker] DEBUG org.apache.http.wire - http-outgoing-0 >> "nklsnizqQMkoF2NFZcqQ7GuMlJGfegmdhSqp31J/IHvfyozvEzB4vG5OOvcKNQ6bFkCe3ekEUREPCq4qeEaUnoKWEcrRDRWonEjhhss8iuLTrdpw+fFxSgcy4Bcnbvp6gqXSUJKXWa6etIapCDwU1eo6USQklLRE7ExinoycSSiGJw8eVDeJJPLBFCuJpSVDJxTUTFgAQ7DnlE2aPGxbZGDZkcwIILl+jX4jZSjqE3G+iKS6oOhRR0RKSlBzK4ZMJVcR1PIFyhpdUwk4uUTwlBXHBEUDoZEoVJ4GTAuJUuCBbAPH9uoQUpSgFfYK//ACTL/wDFzf8A9CDV9evsFf8A5Jl/+Lm//oQagOMOtYEbrXcjgBL2NjIaAsLARW/bdgyImJxk6GXv2n8LsDZAWDv2v8L+F+D8PYrHt0ZttE5d2P3Q2VkITBzywjo7NwLuJWwDNqPhScHNIDhfrgAEGtnkXVFMyyChUwfA7Qx3kqKJGwtiqgaCG2SiBhjBiAjB4ChC4ZhihCYY5hiB543xzDEwytfHPDPG98c8MrXxyxve17Xte9qxfMNoT/wCbvSu+j8JyBMujEwAHUrB3x4miq2aS0MFsVwMsQ8ezuElJEjR9gOoN40iPBQbqY7k82tKaMohADFTxB+x9Qyeo/Y+oTyLmp7bDTDXbdtkt2PtjWNm9W01XWXeSGETXFxsKZFZBTVBJEsCuto+lrQaeeIKZgJRTgjwZQ7mERMDh5GU8kKBVtzVq7I0z4jliCYqKmms2nUcjfXOOkkyvr7iOJTZuoCOtXSMFdzqa0vKBPxFZLgQ8bqKkZ70InASgIgQIJQDGEWy/LdsryJmI+gXiTirYtrrg7tT1l/TQqoyS2MkgmVBNFS7eOqaWrutqNhm5GDwak5XE615OENGUsgipyYYxNZ5H/scjTKkeT9m+HXjflWSDk1v0qpJ8s7FvA2UJl/HYE44i4S+sAJpFPTixdNSGwwpeJoOBlOCM5omZLJVyzNWOmBlh+c7bwluRQ5q4V+bvxxcUcNik/B6oy206QXMV7n3Lub1WWWxHG+c7h3tbLC47xWFwe+Of8Za4t+6Xvn2177CdbP5ukBfmViz9RkKs1vSoP5MNPP/AIfJb/V5k1pS1s/m6QF+ZWLP1GQqyn/svnr+DKf+y+ev4M+vShpFVkPVzX2MyJkUunSDNSk4VrEIS+HfxaPmgcDJkDFrdi4xTwg8iyjkFl2Q+/E0iNe3dAAr4yU3gZqdHnR/1hkJRcMsSbGp2uSThgHhbDug5ZUiex02L2Mcb5mTx25g6bFytbMc0YGGE7OYmV66J6TrEq07dQ4elhJKDHCcQzLYm5rgh5Z2S29I7fNJAawazthfEIpg6EZsIl8shMO2OrxEO2Gd8uyH21t9IyVLXR6FCQkg0EaLuHVKAMzmQWeImJZdTXHGCM5UzPPG98bjpDiTlRKM2tf+CZJi4/8Auq65SWJaLl1/bafqWV3OQ9HN/Fptj878sf8AmpCr26xfcR3M3qFpFp0iwTMydMJl7J7/AH05RxWWy0RcQ7pzjPFTCfiGfPPBGMZGcQwc7GArkccQ8uxbEQS1+zbQlpJyuaub8ul+NKES8lpihHDVLvJym5FbCK2EsJFMKOCZiIXOEnSuXzFCGy7qPYcIsCEXwzFyH/g9rfS/H89Ib/pUf/8AH+U8/wDKJ3Aol4KVISIeVnkQ1pRL3IMfHGZe9kkHLDErgfhHYQqz2rjgDhawfZIt97uQELILsY4B55Y2xvhla+Gwmsf3AOinJt5G+QTcJOLD5slTvI5JPURQcwy5hVnmbsJHTMC4goWHdTRVBYx3M4GHewhMFTKXNBB9/Fu22A1DOQyIpSlAKoo6RXIrlYfG64UlunDJEGUJcjeOnIMUFzAGEbQtl96nCdxgr4iYllA6yk4geCtljgbIGTJExYQsZGBEvXqCXJPp98+bT6UoBT1AijPFUBS3THC0pdvZOTn+0T4SuhBqIgYY4hZLXcAjrXVjoRc0OnpS6dPFipgyWBBzZJ8ffSaDJPj76TQj5waxe0404ztdjLbTyZdSkdOc0lPNUABDDNLzmcDrWS2BtRFw7NzA6U301CbJbLO/bBp6GTCva2WGfZkO/eN3T+S9oUDcZ3xkdNz82D7NWEh3pT5fTXAwXWCIBk11pQRWs4kZKWzxMuTIppvBbKqJFWSCJVIViZ1OwzLCZ5tDeU51cVsQ46X8hmtmwDQHi1bcocYu1stVIVA1BBXFo+4TbfMCOFxNlFX00mvKKwYbTyaLkcaQppikSS8SxMokBqR3v3WifOSzkr3uRZzjIaYdT+PpnGm3icS3OTIlCUitdrmxlMwjEiSulGiDmfElHjRkk4lpr98pLEa2YBHNzKCqiId3A8vLpM4Et1Zki7ySdtdo7HIeQTsbSc4PHRq4Deyi2IBSs55eIF+yISJKwZ89JZ1OVQsbXt3JRRoiYBK3d7XCG8aS5XsY4mBL5wPiRJI7TdJRkQSXQA3EmRZKUomG8gLAdjKdf5A2gcbcbhAEx+2CCBR1ZGR3qAEDhiGYViOZ4fAXM2byFnjxcXts9y78nW5A/ZUEJgHwYEYSiJ/DKGU/JcCaSWppOVrdysJZnQeSGGsHewgJZ29kfHIU/nnfoTkc1O2h0f5HkDlQ1WjBZmSP1NeAdcnM1qkVBUU24rHmxmyZLSV1KRyiksANOQmyOorBN7l01WJtV0KaiOrkyQac37LEXXH97k3x300RdE4NXD0ZrXkVoOdgvdEIOVnPNBVWw6G+qgYmU5ZQVskMnKiacAz/AAZgGyZgUHPsdjLG2XbYZY5445Wx89G0XlqP9x90dd09TNH2OAy1BeysKJfMARaiyUybHR1PAO38QCaUEh7KVjQgOOFzWBYtiL3TAoXsFLuS+keR29I2VmjqtrXsY5donCjmEZtNJxsxCMojRdR8vkTCVDeDUcbqcjrxRjgtj6WhlGsnCOPvYMmomW7cyJcHtbgQ445U1IY0mz/sUjnGzM89BI6cmMlXzwFcjMYKWbNrIw7ryxEEyJOh7rhwupKaCYzEOohFCRcFO5RbOK6SmVPjILiT0NJvT8lvykzQeongExPPKRq98SyeTNHjGVrdm+IBQDMwNe1uzbs3sGHle1uzbs3/APfWQ7o0ApuW9heQHYt29g8/VkFhCKasNfuxrM1M73kx8uv/ALQJj3bLFQWWOmmR79tjYYQsFmJjllhhfDXqcKAHyhoiaw7oWOFhyhgPs9jtwDAWQIuHZt+G3bB55Y9m3+zs1kK6OaWN6+7h7/akPLLIg+EooiWEImv4gU6JBMgPFlq5ksHnjhYwGLeRyB8sKDe+A5AxY4XsIVy7riyunCY5O+dON/mBxNi/0qQ9/wDDjIn/AKHHPWymsKk27LR1qB0iuSNipYBcZiP48eK74fBaSYVWHDn426nCsZK8HpxxRSSxntVpzJuRvuigX7iRxMj4d1ECwAEui6ytx2f7m2N9WjY+ItT+ZJZOifzJLJ0Q+6UYg3R0zSeXUQYRKdjad0qIJRZJXsCfDvmXj9zIY2I+OPdLCIqkhHDafe2VrFxlA1nbHLIXs46iomeIkhxZGj/FDwCFfMfs14iBBW7AYYjmbiatZhh2/D2MMMjt8cLdm/YxtastHSa3AZkNx6J64sgDNckB5uF8uAk2yt+2URjLsPsRiR+BgXx7bPPNxLQrlIFL2t+EdMGDw7e98rY6pI5aAMfR6w2EXG74LshmNdoAGLWvaw4LaRCKMEN2L2xvbuuBLHPsXxte3bfhtb/ZVKczpSlAVJc3ey/zaePCZjiYod4vKZAC0Csu+AvcjFzUilzxd2GS4mF+7gDp0cEHmeJmwLWELqQBC+IoGeeAuGeaUdB8kLo78TSxgi3CkFElcHbFwCBgdudGZEtnAItKBA3yt3XMiaYXyTu87lhjjiXCRBhuzcsEMML3Bz7v5b2v371O492CfzzuhqLRIuDArfITAlI8+LiKRKiKpbG98LhNGPCyA4wjY3aYFE92K+YlwwO6iZWGqvRpOP4dKUgEdybDEFcZPOBJZ83ITZOlSaiIWEwImzJPGPwLmy5czcIYYtiMDccPDIKwod8+3xD2uSQmTojvIhSLxZs3bd7HB1Y5D0GO0eYsARsBVk05YCb6mWdo43b3ywxVneRbQDrJg3vl2wbmIfwbXE7njSxpCl8ifM3hN+xTo33mLU+N2m9DLBjhk6/nl1tIZdz3RyLmMJRsk2HUyx1JCaKMvtjEwecCiuuVzDq4vdFVKxIWua6c4N1FZdjU5GuJ2SFOzWXJIjyUcW8CcyzyBbL6CRz0IStbEK9rZnDxbI6xlUMmDhiPkTaCsYuCIHgLcD9jjM3rw4a21PepO98KzQxlMeTVGTWKpN1mgLJN0LZhtoDNXktLUFBURE1XSVYszG0eaLnRT6o3VHAwp3OH03EMrmcZG+rwnuMi26b1Ynk1oT5XTujG7EA7yyarJCE34tcLxiLY9iyIhKMpKhOPRhXA4Y5cpltKZBwLbNk1ARcyQ6g6O5uAFvrDkQXIKplz6ckJsN+jOQK6nNm/9gCU8ym2mnG8iKDXWYARVpSLxRJB5xRpkVJuh4ogSsAmqC23RFUA0kGTSQdGAHSiOQQ4Nw8Mg7OdHtkeQXkYhTak9OcER1CcKPeLJFY0AmsG0+2s/Ho4HqlK6YkmBzbteCqmq7SbaOawIK7rJtVATl5ePFc0LO4aSvki9UvALtshakv2RdE5ri+X2/NUuzi2gkAiEzb97thQwQx24uhyEXUVBNWm2RSjKYm5YqBdHVQBbKeQpi5QoWzNXJt2yfQp2yP1a/gkVxjTdPExcv8AyUQjI0+To6IsQ0nbdJaTKVJdf51vsMNP2fZrRQzrASTa+YTmWqtluqJxJa6m3SiebbxIbIskiFQL3Dv+nwjbC7INTeTdLRraibJXmF0MsqoG2goy3IDufIxI3EL4NtRdzaYzvWVcwRJPlDeiK6bFyIlgD6WglT+PZwAuIJ1Fw8fj1eTf/wCdt/8A+sJgV9jl4UFzjp5RoY5C2OlmREmY4jkRur4BMPHIFRk9tRmsRpax7s9zKhF80RxRYslQzGV8zCg21U/2hrvYUK0SaxkvwmeyJNVfX26fzzsdhaITdsXu3zVbNu4hPM1h6pa/rr/OEoySpSfJOHVsJDy+RqMk0VhkV0FrXBcwhJTlTMsIk2AU1RAUDipYwbNGLGeI8Pkl7H7WzbybQpIG1GwwhM0ynQ04+ch+V325VSHlBefLxbhN2RsAtOQYJsLqAXuUGSjKIKljA3IFAQjAOAIdw5x9HT1sGh/RwzMzgKCBvTaF7KD6HNG8c8VHJhNQY61GKWOZC27qNgaOBO93EDGQmdjBB4Fxsex2975QB6O1/Pc5E/8A/P8Aa27KapZf/wDPsRdLL/8A59/pErgP11eElbmTQsI2xMvRsXgN0Mx2utHZi6qJ6dPZBLkRbDHacqAlVolgtICpkljiHSqkGrgiZqh6+ZcS4mdxJyGJw2R0A5zm/E8wT/N791U2VVhy8eIMmyq/HszW835rOilWkCjJTsXlZFRTUbS+nl2Tgph44KRFiADmDBoAovDhjQ9449hCnFZyFbZRNsxGEtYLEtOSzHZgbRaWKseUj5aUD4zecJUmoKCLkqMhwt9cHcJVxIV1bIUgUBzJJ5zI1bHC5npCWpec26egbAtAHItKmpavnIKepk8+9lIeOFMYgVf5AA1hkFmGKiiE0B9lTGQ3blAmopgEQ7mlS9syPrv8I8LvsElFXjNGXRH5fbWpE+bp12E2R6QBHOsUTzrMzGhGFMWJlKDTjqT3s0GI5SMeNwxM75s7G+2VxOS1URxKy8nxItmlEkMaMh4EkgUbvIsWyC1RVlF6Oay3bOEtbschco4BHnlJTwMR+QWAS+QJPNddquFK0rlU8DPITEmRKCDxmWSywOedihC+ZK2eIQeOOerqqUUpSgFKUoBWODi8/pCO+v8A8M+6f/qBRq2P1jg4vP6Qjvr/APDPun/6gUas/wBTTP8A6v5M/wBTTP8A6v5LZ+kLfiwJY/8Ah8h39oaLVWXGTyh7A69aPQdDzK4xtrNgWwzgZCwS5ejdEepxlu+y5K76cpvNFMpMSuVPEsiH1k021DvdbPWwVUc8GLcAbAQqBab0hb8WBLH/AMPkO/tDRa7G4JPxUuqP/wCKzJ/6hZZqwdIaLrVH9lg6Q0XWqP7Ou+UvYmXcuHh3bENAKV9XZWcaHAjjujEHE5mLKkZHHVKsflltqnltLDarkTVIAioHURaBuVShTJYY2TNk8ARhQL11cWuu/J9tnG+s+2UicikqIUNtSSk5UbcVGHi+3KuzHHrLmA+DJqbKTjAcyZkeEXB0h1Ntu2fAcjD4pQSen9wQG8XTAA7Nufv8VbsR/wDBmFP24x3XI+CT8VLqj/8Aisyf+oWWaiLFUvwn8/ZEWKpfhP5+yrGadrN0OR3lDfmgWsGwDl1Yg6D1F6pMgPqO8TJF8nbRaeLNx/uc4tphxIcYxgV/HgmU1UJIciChhlRyK2r4nTdhr49fbUSzvnwhbCwQvr23Uq7l6wzCOq3XW1OJ885nNcFonEEJ8N4usONYcqkgLgCS5EtbZbiQ1tJInT+RhOXG8eTUg4Gq/gPZPk7h25f5j2+f8SSE+9TdjlCTzilIzDQc1sFFSJncqZI6wnZjXFLpCY5GbIqSAVu315VSDS20igqqjZmMhwgceE78zE7ud+f9bYS0simTxIdi884BXlNLzaBhFbCQdfxlsgrzhWzARg8QSG+zW82MBEoseVCbidqyoqKQloQ44SPmobTxHTaKQ29qzauan5hrB2Vn00WKtKLsc55K9jd3xuYGMoe062LkJp5yG0IYwjpmmJJdCdCea09EFQvi5HKwBzhtmKZHAAfFdPhKrUW7HhCINx0ZYHxDTx+lN1Xxyn8WO0sAKSrvg+dk1uVkkJxgtR0qjqBiNSWS6+AhOBhq8YK7pHa9kEzmeTwiLmRA2ir4gHxjKdg11AgCbru7adEItrpGeobcTMRMU1vk9dERPxFytmLiRSmsrECmImdscbZiWALh2zytjjbLLs3tja1+xb9TpJP86/QH/wDEVz9pLMovx/PSGv6mn/2/x/8AFOzq3kiTOXTQlvwttvJnIU83O7JCft0NxRdHqgvt+JWC6MUY26EtvlmbicLx0/G4KQSVcgd8JsBJxuIRDsICs2OiHw9gkFyCYluEodlU2TCTjUmxXHsgmU8vfO4BEw82kkOMYmDcTMTO4RYRSyADvnnnn2mGPbZ5Zdm98+3Shv5mkD/pNpX7K5Oq8LSj+ZpqT+jJAv7K2pWdUSi8N9mNbovDInBJulKVSilKUArN3zPcZmzc6zpDW8unIye5ZfhhIaCebjhQPI5FVzNxu9VR/Mp4s3J0ihNhYNkVNXOBLrWVzhDE6CnpmaSXWDp4+Rz0iVSdyUb4b46OSkyHTH+rbUnPUNTwQzT1eLdR34rSI2Myxu4bwQFg0hLgiI0DBkhhgeaLtXGsebI4p0NNN2MHyJkEVcXIBNTnwLoR4vAnKxo4448W8BSN10+ExhlRvmjRQzh3o4FCF5UKgqZVKLGQu/wVhAc7zzG/gGERNEtYGwmlGBnxC8kxEx31ryotBVhtzpWaqyDrFTy6Q2syJg8byPBlEcsTTvA50ur+EC60kG08gppq2GoklYkVUwTYOGVfkJ5aID5Kta1fVrWnUqf5fm58qLbybYjkjJBNnYqVE9wJSioLLfuznE+HCK5ByRE23crJoSOmZpiqdzV1gdOwNIx+8Dh31Ok7TXRpgRPMeWBSRlRwOqQnE2ATxdTAY4ruOADE2jZQJDmSBo4nkCZY4tZpwwyeEvqCsXJGj5YENQNuo15QLOTJLfbXvhkKG+Qr+kY6g/8Aw46i/rlnWmDkV/mA7u/ombDfsmdlZn+Qr+kY6g//AA46i/rlnWmDkV/mA7u/ombDfsmdla/+r+f/AMekNf8A1fz/APj0hTX0Xn+ZpPH6Tar+yuMahj0n1kI0fTZptPzNxxb0mupDkpIVXCk44ElIQWHFuNlxirIhgC2OYyskmX+qAFlAa2RkMqSTSlhsi5EqEB0Twv8ALhrDx969ShF83IEwrLnd8xnn+j3jhqNleTskYwyGa3Qi5k0uvdriAqeSg3zt+4WLiF7F8ywnffbiCBhc1mAjsV0gLdCIFN"
20:08:59.473 [Test worker] DEBUG org.apache.http.wire - http-outgoing-0 >> "oQZIkQ6axUEGiDvx8pwyeWItFQWyivILgFW8cPASlIruKEktCQmS0lNfsneDUc4oKAaZgtrpaO6wWLJSSJ1vKpFisFaVJJ/Lt96G0RjrhhzspoOU2DYsacLXb64ZL2xvhYAwrJJQ+MDbDK+WWFghDGWHa3yvfHtexe9727NZKOkpuFRfex2ieuwpocFuKICs4TpYEXIPA0oyI+26xgTQ2GHZvmOmkG2dDIC5WyyAsqH7Bdju4tstfJYuATLgFCoIZcqVBCLli4OGIYQAAGGIQIIWGNrY4BhB444YYY2tjjjjbG1rWtWRnpMLJXmTLOkm0pBPHOoTeOLTJVTIWF7AkV5qOVGkVrJ4498LYYDuAmO7BCOFxcr5Yt4/nfDC2HbCTb7bPJNvts8kv+ktkSaXx2RumJxUAknp2zkZESJMsHiEWKEykZS+XKlS4WFrYBAAAB4BBB42tjgHhjjja1rWqJWn3LhtHBOlsHx2zOKjZqVEKPIoR0RCl1NLyIXj12kiJcTvd1lTaVBq+TuhDWz74t3mvGwhgg7h4KgXb98Byl6SK4kZ38a8SuxungVRvujYyJnEhKRfK2ZdRRluKZbUkw8Bnbs2yBNkjIBgLK1+xlgJje3+2o56S8/elOtunsAQe9WfsOtPqLIxQWivBtNjsg6kHllNDEwGxR1FXkxEEMFRM88bBDmyhHO9uze4ON7WtdB0WcJotuxB0WcJotuzg/AInRXJG52yW0j5nJgA7PymUk9RvrM3EB4Ng42S0iSGQfT9W7Cu5ERE1UuhKacEjp7YZqg7MEFGNGDy+oADYFMAvr8hqkJAnSJtNZHbN7pqhJ2WtXjQaAywDzOkH48XVrs48h8sbW7ewrETbJ2eIt+2zLgYYWyxwsHfHgmhbCnjenmZMch7NgJ4wHr4UdSw9lNdXEg0ipBwmFEo0alkhNVBCSamux6SMoZhL75Kt/NQLpubgcKifOmcLFBVTn266aLtB0jjWCOWphkqZQSLAQzvEK493Kp5GLFBb2TcOB4fEPMAALFKXAEobumdreEzgSX2+KgNgBapB/elN6YzlZngzoixaMox0hp05z/pUf8n+mn/w4zR/5JHValo7/AJP2L/8ACc2P/JCNZaelR/yf6af/AA4zR/5JHValo7/k/Yv/AMJzY/8AJCNZ1Sy9/wAmdUsvf8lAHSdf5gMYfpaR9+yWc6s24sfxc2mH6Pse/wDkwVVk9J1/mAxh+lpH37JZzqzbix/FzaYfo+x7/wCTBUSf9X+ECT/q/wAIUNBbJ7sct3IpM2s8D7MvXUjV6BRnjc+44mGOI70W0RkugqycFwZeRVFAcim5JCcY+JxISxHClNxrNQMUYRLU1lMOXcf5cnbBbvcMe78IxzLm1Mh7eamThkmGjZyZjJ5wO9MQxnEA23aITW15ScLhTXdHvf5JfK4pbhxa7qTFEkVUUgmbF/7m6zjNUfnB3yZbDv6dYlkpx6lT7k9SjclhjtzNdTy6I43qVfTMUrHxBiSSOuNTK5hpvZqHFNKWg+/BnGlFFIjgiALn5+zrleXPLvRroj64RPJiXqvC+JdOeMyvVsCISUXS1pypy5I7gzO4im0gsZNoaIlIzEaQioM4lxTKDHTJRNImTvgepX/b6oVLO0WjHVX1RJydutp9KUoBSlKAUpSgFKUoBSlKAhlyC6n5bt6iy/rcWcoTQWXymop1sOI0GYGTU91NByo7xbuK0AVtmOKhKCqhFkxZyAANGiiadMnyJQwfKlQssyuve3fJBwkMInAOz2m5qSNZ2svLxtsyA1DQ5ckiBuddOLKlkmSw2yLpZZ5PUlZRPrqY2HykN94WFPmCRhQTCoQJBM1NbhPHZaPoCeb31Lj9mSrMrYwKKyXHb2ur2KOtFLjdhfT0SyMtIBgZzgkc8lBGIiKQQasISFSAMM1A+StaimM+kZsFusc4yt4NXZuj7YYhkrJi6xGJHIGLUcwYxkyCRJlUGUHujO5um8yYgKctoy6Esl+7BjnCymPgcsjkQzMQso47d6dCt0jDrXNZWu3o5mAmnDK0iMRYj5rMaUrJSoplRFBcMn25icIvFvm1/IpdRVUpfVu4KYqUI4iyUfUUwIxHrpFP4s17/nUiT9ZMqrj4XNQprem/kucg5+ClfVnXdbElc5GUeKyYO3rrVpOU87pTYbKAZJpBgZmNRIMCHzDgLoya2BlkokpzVKCFwToCFY50in8Wa9/zqRJ+smVI6+LNngR18WbPB3vwg/is9Sv/AIXJC/bJItVs9Jl2GPJEMwXqI0BRzbonN9WezmSU6+Qp4002KMAntdFMFcb9kUJ0P1cJH022GOeYh9iCYWyDtbtRrJuEH8VnqV/8LkhftkkWs50ps1G5h+dd5RWvqi8JAsYAOlgKCo1T4JdUTo5gxIVU5TNoamZJKRHAs7ZsVTORJQuSEL4pruBGCxMiBhZmMozI+yfDc+zKS/l9k+G5a/s7E5ftbFfj1SeKXY+LiYATl1varGhlyqhfLIEgqPiKTBCUG4KeFL4WwMYvZbOS2ZWLZY2xNEril7AilcrghbDoykJty3HDBlRmm+/2lJLMbD7bJz+D2xlBdqKSXkkXO2N8rYC5kT4FxQ+z2QxO3wy7GWN7VmG3d6PRqdE+pk9ypAanNpqVozj1XkBtEnS9EJeRFAqzbguJzp5lIJMtJOHTJ5pJy6VSgyygALgrikBbYmcQ8ig8s+jm7L2mbRcSIFg/Y07tZHmfZWQQgtxTmcfPAU472EfMZXyvfEEI2O7monBdrjiEntAuHjfK2P4NZ/um+ySRivJPCVh+K6wkkNSwblJkVWirjy28eaEZFJK4EKuhvJ54AS4RkiZfOADGwPlRbdjIE2S8Y7miguF7CBGAQhA72zxxvaubo1DNTm/x8rzmALh2U37sBICsonO0t3cUBEQWW108pkJ2tsrlingg2OAF2csAxz5wTHsZjiWqzfkiiVanLQ/ayMG0UGUXK4IadhxuJZYPIU0ruFrFcXcho5QLHATLM2rqiCUTSmNsbdkwaC/hh2/jMarOjNyMlObRR9R+GaC8PRlPjqwPJ9s8chwkJ5NtqLqGp54Wv2cAD6mG5yIF8rW7cVGNXt2bWpv95x8F3+84+Cgzh03ClbUKXNkl2LNP5h27NvNIQUlXRYhKuQydZZZLcy8cKqi1ZusF+i4FVYUyKUKd9Fk4PIUoN3McfK2QeHaW/OzqlyW7Ua8MHc1oCcZEWxsGukwB5ja0qLkhK5F9qzas5lDEx8lbdJB9uG1kcsiYuMi3Wk1xBVZTVnQeDMiA4dZcN/InA3HnL2ybnnZLkZTTpKR0FBb+Edt9FXzQR1Bc66oHclMJZc7ZDLF8gDwNi4gAxrMQS2eOYYeONsspRcovIKk8wTXiDXXSvVad3wutaTcXoYey4xkzNwl8s26tNrJsoxVoK7yASWorZLhdcda44l5BJFhmqiDHCdipTM+WIjvBZ7zkkuOQ04LHVP8A8U/OUZnLpuflnNV18Uj3XkzMirJUdOmDHqylMobAUSlwT7xQ49IqacoBiDBnADbbfh4IA6WGEsaKnchcBRARcssv8NFpFVpO4Ciy6uGhDamiai7Kx5kILn3TPBMjEpKsftoDtv8Ab2pdrNxEBDxyta+AeGOHZytjbPKNHK0mLmqnA/EGtsmrJY9I6ik61QqohgHcToV3Cyc0yQlpOTTGN87nkhuF47MIxRRxsGXFKlU/PsA3Nly+UtNOYmWoW4HS7NcRMcgtntN9gpBPFDQVwDhfCV0STJOTC5wDPAMUubKoztTio5YfDEwWEAuXMY2GCztYMzPgij0XX+aPsH+kaJ+zNiVP7m72X+bTx4TMcTFDvF5TIAWgVl3wF7kYuakUueLuwyXEwv3cAdOjgg8zxM2BawhdSAIXxFAzzwFwgD0XX+aPsH+kaJ+zNiVETn3fy3tfv3qdx7sE/nndDUWiRcGBW+QmBKR58XEUiVEVS2N74XCaMeFkBxhGxu0wKJ7sV8xLhgd1EyA6flHQfJC6O/E0sYItwpBRJXB2xcAgYHbnRmRLZwCLSgQN8rd1zImmF8k7vO5YY44lwkQYbs3LBDDC6F9PNzViY+Ikps4mqFlCTo11qkoo6RRs8TJy8qQcy15PNKCnhlYTHvpzGm6mPGwGVs8bknGUvlha2dw8YqqvRpOP4dKUgEdybDEFcZPOBJZ83ITZOlSaiIWEwImzJPGPwLmy5czcIYYtiMDccPDIKwod8+3xgR0dGSBkB5bmccEyF7B2UgnG58GocGyDBxXW8NaIZwb1r59pkMdUk0VoXxABsGPiSbauauHmGELkXZvwOKwXjVqwU5d0XSPUBZD29nlcCxW5IGW2GxCzjU8rnVsijqwThdrqvioGMxDeebuWcEI0sCi55CHB24SEzEzzxF7OiPbfRHWHeNLY6RsnHwj4Jx2rqSy1syTjcbUUCQqyUAJq5HJXaqmkK2aUp4E08Y6QxO4AjGk1PM37ApUPK2XHXBW2C6Pps3NjcmmFpNl3TaXBU3AhLUcIwSmEKXax1XGYztKGjIxFsJ7rAR15XQ3vH7gW2scFNigKyWqHkdISB13vufeTrcTk4fsVw1xMsOeYtbaO5fDUizs5U1OaqfYQUsIlgE3OrJhl2NhvMJALHVBYUCigsqbgeCtgmFkdr+EEUkWWglDZJNpT83TclVz/ALmSYK43o01YjEofABlSQIohVote6srr6xmwIxJhuQoU8Lrx9UcC6MUVmowEYY4qqR9VURlQMZQOmhhR8xqsekPxMRgaI+LeFE7uNy0UwpJMf92L2vYM4YaqPA6MdUL3va2QgqkdKGD442du3GHMiCifw88qmxuA23LOPLdxS6Uu96KMsmtaWEhzFLr4VSZIjm7HmmYCPx1qrgS0sAAgn+NBOF2sJgQCCxKFgnmWSyufZHEEF6M6VV/9UOkP/wABthP/AKOhmmZnwMbbM0JvpPNPtyVSk0qHwu7pmgyyeTADMhpcm9zMYAlww8Bw+114Ex7QbHGwmPa5527XK3Yzyt+G9bXR0XmUJbbb1SG5yRpsESkQOB5uFOPYC5Hm8ULyWCuKxI4HmAWHyNJIOBgAxhmWAFuMXzxyACz7IeOz5uf/AFPIP/wGS/8A6BArGbwEtUg+txuRlkqogwSW8YskBqqQpe9rGAyDhlIVJOCAXytfGw2Bc4JkFfK17Wztj2bdiojMjbJq7QSEiIzI2yau0EhI7J1FkLfzm5mydnyDuHLGmutsUKCWVbbRgZUUW0t90dA6yI1WvdVba02D66okUVGMK71dTkVVUPNTNESKC3yKWpBAN7svXHbTc7QDlEbnHXtTPDg2hhyVz7cSY7kZ+YDnHuTEkAkNaPnOTWlM0qObPvx0lvEV2tteca+lkzQR1YQDYdi/bq0YePDYRzcGMt7G697zxNKCRHMgraEqsiWma0Rlxrqqo0Ml5MAXEY2OZTyjgaj3QVEoZBHST5tbbCqk4Iy2hAnDSt4D7Chluyvy38wkf7vtuI5AjjUuA1JiKjdfD9Qs0QRcIxJmbcTSSSQ/bDJK46HVIpzNUUklAUVQJptM1lkpqIhsuRsrVLVlvvJncqWlFlfVp6xee9SGxfUx/OvnnfGs5DbKeWq9Da+71HDZdCcy0WmgoCJr0NIeKcXcILhLq2BQNIGwj3DCy5bCzRBwIWwsWtYnjaTy2cgM6MzaaBeOaEdg07WtGV0eN7TttC5VhOQFlFDdxoQrc2beC6fIAthJb7WJBPRaVE9aSVtxq6qWQwl5KLFTmKxEzb18n+PLn9tuLNDDfh6C3cGEsoK+1UPBRGcaa5dbrRIpAt4Y8aS0Y8tNh7WMXVkIRXLqWCQVBOdyxwVU3Iz+pyrRctqm0moHLEla8Oea9U5GYkIu6Z40cjCKuJVbRJIsCaWWhJzPOBK6Ok2WmEpkUckoK/fbZKvVJUSR1Q7ndHFVEEhmn2ntNxDdpTq3nWcZpuh+VNG6ckcXc/QW8YT5NzXJNr4/7nS0yRy8JxaM6uVu4oJpGDXMAT6a7nUeZQi8mrQirHisnDI4AaygqKU4QnAlADAKXYPKcokljnr4xVdNMBnE5UJ6WKKebCve4Roke2rkEyUMB3va17hjgChi4Xva1745W7NrVysfbHR7YSYo1iPji4ftf9mhHAHe8hux+a5MeLmowRThgmCT8KLIEduIFJTEUC6gadK6thFk+2Xg4g3LLp4z3K/EeUogCl88/GEmFiRBOLpxDSogXT0oDEslkASm1UglwiSaWwDCwLkCoYeIBMDAIPEIvgGHiHhbG2NqklXdNm1/kL/6/wBf/a7M02xunNhNKUqAUpSgFKUoBSlKAUpSgFKUoBSlKAUpSgFKUoBSlKAUpSgFKUoBSlKAUpSgFKUoBSlKAUpSgFKUoBSlKAUpSgFKUoBSlKAVn26St+LsRv0jY0/ViRa0E1n26St+LsRv0jY0/ViRaAnZxEfi09OvzQJv/mqtWWCTJzeWt/SEJnmBgQc+djnU2H2+gE6IY4CVRng5sF6BRm+dHSwkVtO5RywQSKmYcB/uCActinJhrIbMqDbM0Dqf4iPxaenX5oE3/wA1VqyxyRtFHGmnSEpm2Hlkm6j7DZD7fRVZKstMT1hxZiOuBBmkmXIp6mroRIfDBUWyeZu4qmBcIpiOMHiMJhiCI/r/AN//AOXaD+v/AH//AJf/ACS5bC4ec/c1LP4livDJtAVCuXDF7m4Tkqpp/LLLMXG+eJYPWgbHve/aWxDE7pe+eeIvZtbtexZXLzXSb+P4uL3MGOtrT2Ha45d3Kx7F2AXZv2ezh2Ds1kx+2x7H8K/ce0/Dbtcsvw9hRGr18XxAjV6+L4h6GNeeF0k/+kjcUf5vtF//AF4ztXoe15s3SzsJeE5ztDw9fCR1SnsTWLV/CEE5NIJKoon5ey2/2PxjUkQTF8EwhKJ0087ooBUgtADpJscQMupAiExBsMgNSNKyQ+Bul5/QvNHqL1M90qeBul5/QvNHqL1M90qj46UrXHR8/wDVF9/z91T2a3qVkh8DdLz+heaPUXqZ7pU8DdLz+heaPUXqZ7pUfHSla46O/wCqL7/n7qns1vUrJD4G6Xn9C80eovUz3Sp4G6Xn9C80eovUz3So+OlK1x0d/wBUX3/P3VPZrepWSHwN0vP6F5o9RepnulTwN0vP6F5o9RepnulR8dKVrjo7/qi+/wCfuqezW9SskPgbpef0LzR6i9TPdKngbpef0LzR6i9TPdKj46UrXHR3/VF9/wA/dU9mt6lZIfA3S8/oXmj1F6me6VPA3S8/oXmj1F6me6VHx0pWuOjv+qL7/n7qns1vUrJD4G6Xn9C80eovUz3Sp4G6Xn9C80eovUz3So+OlK1x0d/1Rff8/dU9mt6lZIfA3S8/oXmj1F6me6VPA3S8/oXmj1F6me6VHx0pWuOjv+qL7/n7qns1vUrJD4G6Xn9C80eovUz3Sp4G6Xn9C80eovUz3So+OlK1x0d/1Rff8/dU9mt6lZIfA3S8/oXmj1F6me6VfHNJ6XlhhnneF5q7GGOWV+0gjU8TPsY2ve/aB4NDPMTLsW/g4YYZZ5X7GOOOV72tc+OlK1x0evTlKVqns1wUrJD4G6Xn9C80eovUz3Sp4G6Xn9C80eovUz3So+OlK1x0ef8AVF9/z91T2a3qVkh8DdLz+heaPUXqZ7pU8DdLz+heaPUXqZ7pUfHSla46O/6ovv8An7qns1vUrJD4G6Xn9C80eovUz3Sp4G6Xn9C80eovUz3So+OlK1x0d/1Rff8AP3VPZrepWSHwN0vP6F5o9RepnulTwN0vP6F5o9RepnulR8dKVrjo7/qi+/5+6p7NbYgYYuFwxcMBMMux22AmOOeGXYvbK3Zxyte1+xe1r27NvwXta9vw2oGGGFhYMLDAPDHs9rgHjjhhj2b3yv2McbWtbs3ve9+xb8N73vf8N6ySeBul5/QvNHqL1M90qeBul5/QvNHqL1M90qPjpq1apjPf+qL7/mlbcGspQTxRk1TKpBrBDUjpA2XJq5ciUNCJx0YuKGUUbEzGFyp3IiPngaxKmsci4+Qfchsbh552vnYb263MBqBJ0nMnbTTWSN2mefOg5xLJmqzEAslglCOR4LIY0QYbRcZosmOMIQiOMSewCM5WycImMMMFogfLCBxc8DdLz+heaPUXqZ7pU8DdLz+heaPUXqZ7pUd/9SldHR"
20:08:59.476 [Test worker] DEBUG org.apache.http.wire - http-outgoing-0 >> "v1HjuqLH2lK7M2zyO8eLnTba6SeQWbuT/biJzsCZvMu7MIxi1widzeAR52lk9tFBDqWPgArpiQzI8ThmwKYciU31dxqyiEqlEgoRLmAs9NtZIfA3S8/oXmj1F6me6VPA3S8/oXmj1F6me6VHx0pWuOjnovv+aVqns1vUrJD4G6Xn9C80eovUz3Sp4G6Xn9C80eovUz3So+OlK1x0d/1Rff8/dU9mt6lZIfA3S8/oXmj1F6me6VPA3S8/oXmj1F6me6VHx0pWuOjv8Aqi+/5+6p7Nb1KyQ+Bul5/QvNHqL1M90qeBul5/QvNHqL1M90qPjpStcdHf8AVF9/z91T2a3qVkfwSel5Z2ve0LzV2LZZ4/w4I1PDv2cM8sL9jHNoY3vj2cb9pna18BMO1Ewyzwyxzy+Xgbpef0LzR6i9TPdKjpipStcdHf8AVF9/z91T2a3qVkh8DdLz+heaPUXqZ7pU8DdLz+heaPUXqZ7pUfHSla46O/6ovv8An7qns1vUrJD4G6Xn9C80eovUz3Sp4G6Xn9C80eovUz3So+OlK1x0d/1Rff8AP3VPZrepWSHwN0vP6F5o9RepnulTwN0vP6F5o9RepnulR8dKVrjo7/qi+/5+6p7Nb1KyQ+Bul5/QvNHqL1M90qeBul5/QvNHqL1M90qPjpStcdHf9UX3/P3VPZrer7BX/wCSZf8A4ub/APoQasjPgbpef0LzR6i9TPdKvmGmdLyByvneFppytlgKF2LQTqfl2Ljh5gY5djBo3y7GOQlsr5Xt2mNrXyEvYO2V7HTFSla46PXp1TZVXVJIq7GtulZIfA3S8/oXmj1F6me6VPA3S8/oXmj1F6me6VHx0pWuOjz/AKovv+fuqezW9SskPgbpef0LzR6i9TPdKngbpef0LzR6i9TPdKj46UrXHR3/AFRff8/dU9mt6lZIfA3S8/oXmj1F6me6VPA3S8/oXmj1F6me6VHx0pWuOjv+qL7/AJ+6p7NS0vxKwJ4jB8w7KTfLOiP5Fbp9sOhENXyDsaTj4fYsMVMhXxMEFNPM4AKSOqlMwjySqlCSmQGAOFABsIPcZ+jsh6BR1KUJLk15S1EYkoqLlgNMOJFyK4xGWskS5xYTV832MS2aqqOQc6ZNpyNj4v4mipl0kcSJ54qyGj0leBul5/QvNHqL1M90qeBul5/QvNHqL1M90qPjpStcdHPTn+fuvNTW9UT94YUlnYzVuWYRhSTU+In1JKIVa2L2UyBo+UKtdTVSAD4Ss7ELZHymbhZ2S4iBHyOGRssIfxuDmVzyscLZ0fA3S8/oXmj1F6me6VPA3S8/oXmj1F6me6VHTrVKVrjo7/qi+/5pWqXepoe0c0tinQ2Am9BUWYDKGBUwMvvZ6qJYEsvSG+FEAsArutYCAzFCK90AJk0xHSghzAKKgpyYl4mTopYc+bmBWSHwN0vP6F5o9RepnulTwN0vP6F5o9RepnulR8dKVrjo7/qi+/5+6p7Nb1KyQ+Bul5/QvNHqL1M90qeBul5/QvNHqL1M90qPjpStcdHf9UX3/P3VPZrepWR+yT0vK+Vw/kWmrtsccc75XgjVC2N7Z3yxxtYS7R7llljcPK+WGF754WyxyEtbEQK+Xy8DdLz+heaPUXqZ7pUfHSla46PXpylK1Q1vUrJD4G6Xn9C80eovUz3Sp4G6Xn9C80eovUz3So+OlK1x0ef9UX3/AD91T2a3qVkh8DdLz+heaPUXqZ7pU8DdLz+heaPUXqZ7pUfHSla46O/6ovv+fuqezW9SskPgbpef0LzR6i9TPdKngbpef0LzR6i9TPdKj46UrXHR3/VF9/z91T2a3qqP2G4whHjvPBu/WuUll4Pl5ru5vgTySFSRFNBl+NixXFEcAXehe+OJd4qjNxEZpnM7hmlqadmlKlxkddbgJ9UqR8DdLz+heaPUXqZ7pU8DdLz+heaPUXqZ7pUfHSla46Oei+0pWqe6mt6lZIfA3S8/oXmj1F6me6VPA3S8/oXmj1F6me6VHx0pWuOjv+qL7/n7qnstvZHGFmqci0m8gGx0ll5iWE5STyOrbExSRSCJEjVIooICeYWSo+WZQ64mwdPLhVtAp+GadgfGNyUeGFeS8CVatt9ZIfA3S8/oXmj1F6me6VPA3S8/oXmj1F6me6VHx0pWuOjv+qL7/n7qns1vUrJD4G6Xn9C80eovUz3Sr44JPS8s7XvaF5q7Fss8f4cEanh37OGeWF+xjm0Mb3x7ON+0zta+AmHaiYZZ4ZY55HTrVNWrX60d/wBUX3/P3VPZrgpWSHwN0vP6F5o9RepnulTwN0vP6F5o9RepnulR8dKVrjo7/qi+/wCfuqezW9SskPgbpef0LzR6i9TPdKngbpef0LzR6i9TPdKj46UrXHR3/VF9/wA/dU9mt6lZIfA3S8/oXmj1F6me6VPA3S8/oXmj1F6me6VHx0pWuOjv+qL7/n7qns1vUrJD4G6Xn9C80eovUz3Sp4G6Xn9C80eovUz3So+OlK1x0d/1Rff8/dU9mt6lZIfA3S8/oXmj1F6me6VPA3S8/oXmj1F6me6VHx0pWuOjv+qL7/n7qns1vVlz392s5Fdy4nkXSGKuMzY2M12SXuI0VyWHMUUM48NRgju2ygniEnqbbSGxEo47yKcjBuQ2deRtISEsddTSJhWEOlVEj1b4G6Xn9C80eovUz3Sp4G6Xn9C80eovUz3So+OlK1x0d/1si+/5p/8AuqntDQHx26gp+jepEWa+4HSKu5kIiccEiuBOxEsTX5FdJvNXdBslmMEXHHSk0cYFuIBgwVKmx28hpIhwsCbyHwtNuskPgbpef0LzR6i9TPdKngbpef0LzR6i9TPdKjpipStcdHPRfaUrVPZrepWSHwN0vP6F5o9RepnulTwN0vP6F5o9RepnulR8dKVrjo7/AKovv+fuqezW9SskPgbpef0LzR6i9TPdKngbpef0LzR6i9TPdKj46UrXHR3/AFRff8/dU9mt6scHF5/SEd9f/hn3T/8AUCjV2D4G6Xn9C80eovUz3SqlnWDyroXItORDWdqO9R5DDq7N5ObWumMiK1hzF1wF7YnprLHGs5Uk0wE0ZPeZK3f4aGQLhJ4gWRZGsCRvkHlJsqaff8ro+iYkROKJKqb/AMroq6IekJSskPgbpef0LzR6i9TPdKngbpef0LzR6i9TPdKq+OlK1x0d/wBUX3/P3VPZrepWSHwN0vP6F5o9RepnulTwN0vP6F5o9RepnulR8dKVrjo7/qi+/wCfuqezW9SskPgbpef0LzR6i9TPdKngbpef0LzR6i9TPdKj46UrXHR3/VF9/wA/dU9mt6lZIfA3S8/oXmj1F6me6VPA3S8/oXmj1F6me6VHx0pWuOjv+qL7/n7qns1vUrJD4G6Xn9C80eovUz3Sp4G6Xn9C80eovUz3So+OlK1x0d/1Rff8/dU9mt6lZIfA3S8/oXmj1F6me6VPA3S8/oXmj1F6me6VHx0pWuOjv+qL7/n7qns1vUrJD4G6Xn9C80eovUz3Sp4G6Xn9C80eovUz3So+OlK1x0d/1Rff8/dU9mt6lZH8UnpeQmOImMLTVjjnjbPHHKCNUA8sbZWtla2QYrRxFwyta/YvgJa2eN+zjna2Vr2r5eBul5/QvNHqL1M90qOmKlK1x0evTlPuqe0Nb1KyQ+Bul5/QvNHqL1M90qeBul5/QvNHqL1M90qPjpStcdHn/VF9/wA/dU9mt6lZIfA3S8/oXmj1F6me6VPA3S8/oXmj1F6me6VHx0pWuOjv+qL7/n7qns1vUrJD4G6Xn9C80eovUz3Sp4G6Xn9C80eovUz3So+OlK1x0d/1Rff8/dU9mt6o07dapxXujAz0gCXyA4zadQAJlNWk7uIa+zXSm5ZjN94to0OGLgWWUU1llfHETDMoppw6giKgJpIVFAoYzb+Bul5/QvNHqL1M90qeBul5/QvNHqL1M90qPjpStcdHf9UX3/P3VPZoE49dbpZ1I1dZmv0vS0QmRVjtUcyOznOnpJpKBTYyCWTFmC2c7HxBjxgZIQsQMsgjAo4SDibwaKWeVEVupqqem1WSHwN0vP6F5o9RepnulTwN0vP6F5o9RepnulRFSHjamy108aORaL7/AJpWqezWscDMClDQRMxiTNilxwypvMCxrAqYzCyxAMZFsswsTGIAt8RcgMhQ7C2xuHfPC2XbWqf44uMYLTtzyzsBNMhF5428nVbXjz+liyaKQTElGWl4RcOoLTKm7YmwbOFRDJLDmOiAkwxRiSSiJieSSkPAVTqJ8DdLz+heaPUXqZ7pU8DdLz+heaPUXqZ7pUfHSla46O/6ovv+fuqez9fpUf8AJ/pp/wDDjNH/AJJHValo7/k/Yv8A8JzY/wDJCNefFyukuZIo3oWvyoMh8NFviLL2tDQjuYMQMsI8sYkW346YERYwR0swfEAJZNzIcNYyGBL4ihZE8cMxTF8rV24j9Lbu3kK7dhqZRG/dGS7oYgUH6pDBCI/eIHgzMMUw1MjAoeZLuGWAg+WQ2eN7ZC5Xzvle7ZadqnjIOHkrLJUmmrNrqa96Vkh8DdLz+heaPUXqZ7pU8DdLz+heaPUXqZ7pUfHSla46O/6ovv8An7qns1vUrJD4G6Xn9C80eovUz3Sp4G6Xn9C80eovUz3So+OlK1x0d/1Rff8AP3VPZrepWSHwN0vP6F5o9RepnulTwN0vP6F5o9RepnulR8dKVrjo7/qi+/5+6p7Nb1KyQ+Bul5/QvNHqL1M90qeBul5/QvNHqL1M90qPjpStcdHf9UX3/P3VPZrepWSHwN0vP6F5o9RepnulTwN0vP6F5o9RepnulR8dKVrjo7/qi+/5+6p7Nb1KyQ+Bul5/QvNHqL1M90qeBul5/QvNHqL1M90qPjpStcdHf9UX3/P3VPZrepWSHwN0vP6F5o9RepnulXxsk9LyvlcP5Fpq7bHHHO+V4I1Qtje2d8scbWEu0e5ZZY3Dyvlhhe+eFsschLWxECvkfHSla46PXpylK1TGNcFKyQ+Bul5/QvNHqL1M90qeBul5/QvNHqL1M90qPjpStcdHn/VF9/z91T2a3qVkh8DdLz+heaPUXqZ7pU8DdLz+heaPUXqZ7pUfHSla46O/6ovv+fuqezW9SskPgbpef0LzR6i9TPdKngbpef0LzR6i9TPdKj46UrXHR3/VF9/z91T2a3qVkh8DdLz+heaPUXqZ7pU8DdLz+heaPUXqZ7pUfHSla46O/wCqL7/n7qns1vVUfr7xhC6ob+SJs3r3JZdla8ze0HDlLmu2aSIOWEkUZULqTdOM8xh2qclNckpH3Avk8M8QlJoimFBpoIRtqOsYu2KkfA3S8/oXmj1F6me6VPA3S8/oXmj1F6me6VHReNUo2tUxUc76Lpr/ADRtbGt6lZIfA3S8/oXmj1F6me6VPA3S8/oXmj1F6me6VHx0pWuOjv8Aqi+/5+6p7LctxeMgzvHt9BsozlJ4KvqnB7VudIa6FkoYId1SeZXxDiwZcCtYTEoK0XClEmwVW7fxyqOTQhm8QATC6wdWam3t8CEX1B2hLlwgwAANbpsBBBBwxCCBCCjBzYBhBB4WxwDDDwxxwwwwxtjhja2ONrWta1ZsvA3S8/oXmj1F6me6VdbTMk9KtDh+Vs5hiGXyMR4Rs+s5TOnYV1dIEycc4tdUu9zRs8kNYFWJFS7ZspimDaWKEolwsMxiQmBnALKx8dKVrjo56c/zStuCXnRdf5o+wf6Ron7M2JWmuvPh4ryHOAbh+RM+Lxgv52RHjJOeEgnWlHUKvImWkbxXQL5FTJ6TEVTVipqzZuhC96EBQ07uQgY1g++RB8r2geBul5/QvNHqL1M90qPkKVrkHr05Sm61Q1vUrJD4G6Xn9C80eovUz3Sp4G6Xn9C80eovUz3So+OlK1x0ef8AVF9/z91T2a3qVkh8DdLz+heaPUXqZ7pU8DdLz+heaPUXqZ7pUfHSla46O/6ovv8An7qns1vUrJD4G6Xn9C80eovUz3Sp4G6Xn9C80eovUz3So+OlK1x0d/1Rff8AP3VPZrepWSHwN0vP6F5o9RepnulTwN0vP6F5o9RepnulR8dKVrjo7/qi+/5+6p7Nb1KyQ+Bul5/QvNHqL1M90qeBul5/QvNHqL1M90qPjpStcdHf9UX3/P3VPZrepWSHwN0vP6F5o9RepnulTwN0vP6F5o9RepnulR8dKVrjo7/qi+/5+6p7Nb1KyQ+Bul5/QvNHqL1M90qeBul5/QvNHqL1M90qPjpStcdHf9UX3/P3VPZrepWSHwN0vP6F5o9RepnulTwN0vP6F5o9RepnulR8dKVrjo7/AKovv+fuqezW9SskPgbpef0LzR6i9TPdKngbpef0LzR6i9TPdKj46UrXHR3/AFRff8/dU9mt6lZIfA3S8/oXmj1F6me6VPA3S8/oXmj1F6me6VHx0pWuOjv+qL7/AJ+6p7Nb1KyQ+Bul5/QvNHqL1M90qeBul5/QvNHqL1M90qPjpStcdHf9UX3/AD91T2a3qVkh8DdLz+heaPUXqZ7pU8DdLz+heaPUXqZ7pUfHSla46O/6ovv+fuqezW9SskPgbpef0LzR6i9TPdKngbpef0LzR6i9TPdKj46UrXHR3/VF9/z91T2a3qVkh8DdLz+heaPUXqZ7pU8DdLz+heaPUXqZ7pUfHSla46O/6ovv+fuqezW9SskPgbpef0LzR6i9TPdKngbpef0LzR6i9TPdKj46UrXHR3/VF9/z91T2a3qVkh8DdLz+heaPUXqZ7pU8DdLz+heaPUXqZ7pUfHSla46O/wCqL7/n7qns1vUrJD4G6Xn9C80eovUz3Sp4G6Xn9C80eovUz3So+OlK1x0d/wBUX3/P3VPZrepWSHwN0vP6F5o9RepnulTwN0vP6F5o9RepnulR8dKVrjo7/qi+/wCfuqezW9SskPgbpef0LzR6i9TPdKngbpef0LzR6i9TPdKj46UrXHR3/VF9/wA/dU9mt6lZIfA3S8/oXmj1F6me6VPA3S8/oXmj1F6me6VHx0pWuOjv+qL7/n7qns1vUrJD4G6Xn9C80eovUz3Sp4G6Xn9C80eovUz3So+OlK1x0d/1Rff8/dU9mt6lZIfA3S8/oXmj1F6me6VPA3S8/oXmj1F6me6VHx0pWuOjv+qL7/n7qns1vUrJD4G6Xn9C80eovUz3Sp4G6Xn9C80eovUz3So+OlK1x0d/1Rff8/dU9mt6lZIfA3S8/oXmj1F6me6VPA3S8/oXmj1F6me6VHx0pWuOjv8Aqi+/5+6p7Nb1KyQ+Bul5/QvNHqL1M90qeBul5/QvNHqL1M90qPjpStcdHf8AVF9/z91T2a3qVkh8DdLz+heaPUXqZ7pU8DdLz+heaPUXqZ7pUfHSla46O/6ovv8An7qns1vUrJD4G6Xn9C80eovUz3Sp4G6Xn9C80eovUz3So+OlK1x0d/1Rff8AP3VPZrepWSHwN0vP6F5o9RepnulTwN0vP6F5o9RepnulR8dKVrjo7/qi+/5+6p7Nb1KyQ+Bul5/QvNHqL1M90qeBul5/QvNHqL1M90qPjpStcdHf9UX3/P3VPZrerPt0lb8XYjfpGxp+rEi1CrwN0vP6F5o9RepnulVePJqn8+BXXEkJyUx3IrW13vJLYwJqbpjKCmimZSNdKcl20VxVY5QU5wZGhUvFx5hFMzF04bAIXMyHkKEXvifHSla46PXpylK1T2az+Ij8Wnp1+aBN/wDNVarHaxA6Xh9JZWdXYcPabRlKLj1js2jBCIFlBiDXBdSTbcSVtVSTNiSu7myach/AqtklUmIOrmBjNxi4mPdMgsQ71KDwN0vP6F5o9RepnulVVUdarTVUrXIOX+orBZrqm96p7Nb1KyQ+Bul5/QvNHqL1M90qVHx0pWuOjz/qi+/5+6p7PTmrAHz6f0prhX/4cn/UUmSt/lYA+fT+lNcK/wDw5P8AqKTJVNG/ylKUApSlAKUqtvmHlpyQbxab8SczjxlKdaBq/KxJuLBITIE8iLbpbZpopq4QFxte4R9ENrwSqSF7F7BmigOeVr443tQc0Sa2IZPjpFGmyW75bRYTgfe3clgwGqHkabNg9QtaRZY19jM8kYXFXPD8innm1MThBFLBmT5tYbiUuIxlIJmVxJUFJFxwUBLYNTNuNft4oLZ+x2sshJ0kxS9cDYaeslC5xN"
20:08:59.480 [Test worker] DEBUG org.apache.http.wire - http-outgoing-0 >> "UUtXTBrlVpsudAVACiy23MiG7dwUkZWJljOGGZY+WsZSz6eeNwD4AINZ0D8PeiSA0kkkQvIEGNicHWbBABxNLzvm4v8pCwqKxjDHuh82CE4SaEVGNZCilUNGSEkPLAmnFQAq2eBRFT4B5K+fXSRpFgU6FWFs1HU0xoyCgYYTdZvyyFpENOdFSk3APvYBOwQCsetwkXta3cUpokSonfHadvg1aj+mfsatuj6aM/f+KTp3b6RPxfaNvdPip1S8rTrLxlwkW4rRjrInt+UFxoGzp4JOFyebjPutpxu3DKaaGxwVG4efNnmVxtllZsi2tbs3lVjM6R3pBqLpPxVxq1NUteovg1JWt+NeDa+Mx22VJrzkMCJkqGcc3M7DffjqcmJXMS4acGurKgEllcQiSdgVJgggB7M6AhbyCb1RJxu6sP3bqcW7IzqjaO1JlpS0iRQkNlcfBow+3iiMhIzS013u9ioI4JZVXiZhSyNuUjmCnhmRSoZwzgEUGlDHb3SpMj9iyQgl1AohyCzmw90YqrhFgFUslOtEIrycXUwCZs+TBUASZ8EM6EVPHSwZnEXAA2ZCxwGzoB6Vp+JC2i/wDhx1z/APUHG9Tqf0m7WxHxXRm89I4AK7K7OF9b4JToujNWczWajcuqqrIaZI263SedTuZQKggtBNENrphtoy4WX3OaKk0EgMmhHzS2lTVEovDfZNUSi8N9lotKyq7vuvmW46dKT+8r95SIqleWouSGfIEm6cPTVXXpmwo8CKsvoKe843jl8tQqhTqYFZoKyasmuK7tMKDtLohgXIk3TCoBZO5NzH8qG1kS6E8V+3Oiijm0HVupPOrpozHagkxquCP1gTnDK1JpGHTy/JTQciU083AoioKGZe6QVRFhIytmdLqZIt3wHnQ/Toui5VqOahK6D2d2egzTeEH1sXsfICVGkRR0nBH3I51QM4bz7qcNAp6Ujo6QmFziw4HEuqZkqloSAjETqqqqJkEsUKiZ5X7XN9yAOHpCWpuoT/5E1/fHVdurEKp6E/pA0OjLUpur8OZs8y5klMV0HDYeQVlcmNwq6IQWMBle6SEyyyninH8ENxEcsiZsxdcmRtrVy26O6pSFs3CLekOOpfjqB9rkiMnKoLYiM2no8IyKuVKxHukKaTmsZtsq+FhHxAU7mk41YQUUwSFzsFkGySpsuuzxL+eYIvDsuykDUvpGeoacYjtdnHWXkS1Ng2WFlJRI92q2c1ROx7rW5B3Da4rbOBP9KejqUU1IcJP/AL1TFdZbSaQuhWGcBscoiFTigXtQ3F3d1r0O1+W9mtlZDKM2KkoZKTU08QKmXCtPNxuAMcVttNioSRgYOuhxOAMsZMp5QhjcsCmE1FeVDic3kpVViVEfSYNqo8eOsBviThlAtPm9u7a/FTZjeB2WAAtrrAbqHI7WkEST3yGF2SrMScCrOEKN80smkrLEIyeeIuWDOablUSt0rR0Rhdzataf6/wC0UesXYE/qmxINLt9VeyTZwEikrw/HqMzQpHRcFHHHMJYEMElEwVPjBWMd7qJgIXC2JgcPJfj5jvxUI+reNYX3dNIRbeDsYc+urjplyHYhm/XDfjR87sOtk2xA773W1mGhyMJYc6oMVARm813gmvN5gllJYEPptiVnKUQCmFlRLueNE/CRKw15VYq+V7cqM+X3b3WfiDi4gbgI/Du7jUlOZp22lUmxB2KneHzr4YFmZq40XIv2e0zO18ZrzgyapxDSU0FRNEm+EWsIiLh9eRtqlMzO4Lq/1oq/5p4RSlKAUpSgFKUoBSlKAUpSgFKUoBSlKAUpSgFKUoBSlKAUpSgFKUoBSlKAUpSgFKUoBSlKAUpSgFKUoBSlKAUpSgFKUoBSlKAUpSgFKUoBSlKAUpSgFKUoBSlKAUpSgFKUoBSlKA6P2L2UgjUiInVPGyMnteIYlZYAQy+8nWaFBJhDGhLAEEtMIEgDiw4XArGb4lEVtt5OVHAtnc8CSSmnDWeAN6cE7pDMHudt5SXHfHvy6ylAlwrqBTY5g6OqKnDSo3cbXzFdySqqUgpDrUWsWAxzMm1csz8wyoAYmRgMPPG+FQb5aEMpu30gziR44ZYCsuazMeLHpus/Y9O9qO2pCdyTjNWTcTHYjD45EXGmgDQOnN4YkoBDgYtd9vhOwtYFcUQR9bwAABUAEsWBCLli4QYBcuAHgCAAADhYMIEEIO2IYQQQeOOAYeGOOGGGNscbWxta1PWJxWejKPV4vKWyN5ffeJGl29+qnINE+Mz6my0iyizyx/wK4yoBdRQ3cx3HiDiOK2n2zF8onOVqLWAWXdi4KqnAlVUpbFTRDamlDFzw0CNiecuF4E3VkfQVt6dcgm0ewUWMFsye7UvVGEo4lRKLMd0JTSUi7gCDUZuaTqxTUsZ8thFWTx5qkSJRcVShEEyawMlRx6y1Vupuh3SvYdbkJlQWjGHKXqg93DOzGRgwyDZOS5H6PMjss+QUApiEngrKioQ4gqA6xgB3+Mtv6RzwovbOZVzMx9dm7ms2hXStt7Jg2qkFSjePHJx8xxGyMuJUbynKBg281jDUZ0JyTmgREyX45CYI6GznEcyWDyOWQy+ZEMkZUgT6gmFTjkcl58c8xSxIkhMOPxOJHmaYIb5ebXZ2b7kbT9jN6PWVg5lsii5O1+L5ae1UyhsxuYnbrDoWC6WpDpiITPHQiBwQDEuJyDebmUhPRbaOG9OFvW7cvZGfJ4jhUlCOmZqhFrAk5RVkBDNPENaJ2SnHLrBcRhYSU1huRxKBdLQ1IkVbxLNRFUMe5GgS3bWn3LdoBvrJa5D+qs2L8kSG22KpySsoarA+xcXlyjMR19stdRVsF+XYlYbbODALjxbpPFHIrBlcMYHhDpZNGIJ6maJ58OW7ZKGdQ+ky8T2w+wTrOMiIY91BnDxudCez3u/TaZ42M/bRjoHcWnHDbdzzVu/XO5UVOE8DN5Q7xCN5qSj3olEzx4sBbF5btb9DJzm+xRH/AO8VV4xUe5ksXM3BHLXMAAj3LmsLBmS9xQ8RLgmA8cs8Qxwu27mNhjnnbETHLG2WVrdm9VmtfNvxnbeTWy9eNfdgXK95ekLxj8UWuoa37TMIop+KbTXXwv8AdnZI8JtFmJPeTYbS0oh+GXCn9/ClME1O77VThEiZtaoBSlKAUpSgFKUoBSlKAUpSgFedDw7/ANLh5Bvzxckv7alavRerzoeHf+lw8g354uSX9tStUWXn+e0IsvP89oeiyYMAFQBjRoYIsWLBCGDBgwJgCAAADhkIMMMMJliGEEEHjlmIJnljhhhjllllbG171Ri5ukG6XqMmuyJdVYn3O5FHUwDuaa+zuhGuKpNzLaZ0PMYO+J+QVlxMNkqBETMG+BVdby8tN5QEzxCTlY2LYTAPovpWOxsha/cRz5RY0VjrfXNkpejfWpUXU45dPPEWc9CTseDyIBnbZh2AKOxuR8oMda7fK2AyA51UvlfCw3dcLkNJdQYZ0C1ZivWmHkFEbLOi9oJxVeWSxUqnmXk7Qk0tk9JJdx62AOSg43arAm1tYUzuX8TgKERLWKJZAiTK0vh/LcN89RjFqNzE6ibazEf1n7ymzWHa4gm5Ld9WNxonWIDm9TRcCw53NTbKIsG1VuO8LEiUOqORNpulaVcEgidXMk/FELCKNurOTrna1D4npTiyJ9kY+2OdSvLDMMv5LX4ZZMfutstxtknPdpmzTsGdMqsVbKCF1DsD5Bo6EuWzKZh2BzFPChkcuz5QkXhg2ZmCC5TlCdNAZYm2DnGGcgN1n9hIYVHqznMqKqSbJYNXNOfmBw4fzXktIOIxEUE/cotAhG0kuAfHEEFpI5odcW1uDzp8fmqzsEAASNgOPLfGNQjxgLIYNGXleG57NNRzYh4459k00XSQRnWQvlhnjioIhW98BL2sHmBsASlRNXExNWkY+UVEhYIE1RKUyA4ZoiopqgXDNkT5I0DlmCZKHCowRgsOFnkGMCJgJhlljla96VdvefLTDTLeiOOPqQWZsK9pqkVVhdv+MEWtCOlqNGQ4Z4cYiCxkB9rrolhnONMVbErkHaqF0horuIbUVk88mCKqhc4lk+M9H42zOS1xSx6QmxRwbco6NGn7qPsSG4DWIYzOVtZ7YpqeK4TQ+eQndSUSXZR1eUjOWdhVYJazyHHyAFEvkLeiWvbCJetvLI+k44VcHJD0iyB1GMMVUHLI8m6za+GnrG8PpARgxa44F0o0YdjSPhFsrFTwDKQjAl87lywJJm1Nc1k4n4jKqItpw+Uc22b88wMKcfs8wFrS7Ne9u9h5l2UbzocUWsvVWNGHJS0qANAfINZTxUlzyvHy0MqhlgjSmGWRkxXBsmEjZowZL9xvheNjr6QpB8RFgXFs5x+ctmpUY4mSxZXmiftKRkqKW132OGXBFcDiYEjyEdJ2yEEt3MsCkGj5jtcsChMwL2oeUG+XZ/sSLukO8Gr9kx6tKOmK3GRsWZcL0fbkR2i00IuZbTtTyxhZcbgOp6OlgmD5soSAFPHAAxTZouWDyyGGDwyte3R5huJuHteJbPypt1q9MKGpx670U3CUeSzH0vvSVC6ygH03NiEmIyFtxqpku7rGvABhQVSRNtkAlDIyuqqcmhmTYTiWaeB5aKR8lmcMzNFew8XMma4RfbdkyKZGRAXCynw1TuJ9EXkoUUUvmKXF7UMYuaJnS5pNVUw6CVU0dWJnklVJklIkbKg9m1nR6LHA03QBxDRWizkgONoKr+kqT5VYjPdhQ6mLjejN3qKbg2rmUZQwCNo5Z0HEtZfaYVFBBuaS3WSV+528JdtlouoBSlKAUpSgFKUoBSlKAUpSgIJb7cjurXG/HTXf+ybqXAD8huXBlxNF8ftw4+Zdl54ZXKWzbsdMhOzCMq5ot3+n4H1A8bS0FOMqaOnnlcupLiITUIra4c4erM67FNHU2SIf3A0g2GkpLzV4kjTeiBRYJVJbKYBDjWwYKkVdLyQFA6PiVNgkU5UVkc8qKJQwiJZc6uB+Db1yyWkE9lulnQuz34BgstLR3juVJkjptqOAZpGJyU63YOiGXjgRMY5g3WgAZTb5gobtjkISUWQ2VMrcE8lAD4ftdLTZoCPx6xJto17Aos26bbcQpKMTPksHhguIBlWVhkU+mEjvY7uCnH3BgynKdLg5h3GU2WgmL52sT7XMsN57bsiZtFHIqtN0i3tWT27+ty4nfnk91Y45kuOQpzUX26pMmdcFbUKQBCbJPSfO0vLhcUoAYIsZhpxglYxgEaUE4h4RWlRFShlVRT0cqeHVjxQkN0tqbzR6t7R7D31FcUb7R6ebUnW8M7Wpr9uzCosHSJIDZKlDigcWGIGXcbvbrgDLJyeoKVk/BwALB1NTVhRTE08RQlwwm1Ua8iJu2HSr9nZDfRTFYI6T8fELpsHJqlbEzgzVybWZET+NrSZYUHDEE4GjTtKKUKYCCxGE8ZBM7jB9xDAw/c6UgkFIkbXF/vi0gAk6ZtZ+RqHW4gOIrbEsomGO+EtzPRytw4aCDyFPpR9aiZtgDJZuw5LMiorgNwMglE6CaYme8gXd/CvBeN3Quk355PdWOOZLjkKc1F9uqTJnXBW1CkAQmyT0nztLy4XFKAGCLGYacYJWMYBGlBOIeEVpURUoZVUU9HKnh1Y8UJDdLam80ere0ew99RXFG+0enm1J1vDO1qa/bswqLB0iSA2SpQ4oHFhiBl3G7264AyycnqClZPwcACwdTU1YUUxNPEUJcMJtYcPJBLYrpae3rgkEENeA0H0TixpQqTP44jhNJwyw24qd59fSgxcL4lzfgmbpTTBBgrXFys5s8rmMe4BA4/3pSCQUiRtcX++LSACTpm1n5GodbiA4itsSyiYY74S3M9HK3DhoIPIU+lH1qJm2AMlm7DksyKiuA3AyCUToJpiZ7yAujbLvxu6Fw2+PK1q1x9OOMIzkwtLEt7BTZkNnEWsOtkdm5e2AkEgWGMlRldFZJVQRyZVJyOkzhEidXV1HwWThBWAQ8VPNCXPBvEtL+YbVrdCa3fq+UaOwmsO1bKQrupU1j3CiYeE5kOtXDAAYVxICPZcc6A4CIJU0WURCyU5TKv4GHsvYJmaICZUQKp+OtIJ7EdJM5mNhHwBgsrmqTBgTW6HglHAM2Exm+7m9iXcZhu4D45ZJpxVOxi4DI50t2piwT4dRPEbEmtGgBf50gJIJQpyBcD27DOBDRZMRN5W7rY611OxxLqrpiOWFtsF1lqqRzAPMcdPIoB6Sk5MBv2wRbGQXFfIIbv3tcTyqqcsiTlVyPBF3ZIsk1RE9X1apXr04r+Srjt/ODsb+rkQ1t6iX+SqMvzfMz9XE2sQvTiv5KuO384Oxv6uRDW3qJf5Koy/N8zP1cTaFIM70cs+k3HorNFkzzIa0sTRImIGcda8Q+0FuV52e4ZoyITJDpTBawI46WRUjYBomjqjrOt1KXDxI8nIp4+oEzJUOII/SCtbmEOgKW0+nXJvozGLkVE5FITrtxputsSHCyqsC4gJRBcc7Md0iKTbMHxsw8AsHAgpvccMszJvvcoWNjl67OjKsdC3EkjkT5g5pIlnpsbMG4UiQvH644sQVg/EEUNJrMtyl2syBjFhRG+VMob+bbDvYHPE6E0Y8REwAYJPPKVlPRttHNWhwDed+uO4k26uN1Ek1jmk53xDPEuRmzjDqYTnxPpIgxpsvByo6oMjKIhNQLkVcsAHbA+njCpx0I+n90AcSrfYcSfW+if5rqfb2a3UhXV/T2Qd4182rShBUfx6mShdShYVrPNRebOWjKSXSFVhGVB0t1pOAuphLRE+QOCOsgmm0/O5kA8Ja4WAvS/GTyja5crcLvKbNdEWUWilx/JalFbvZM0ILVa8hojhT0FvuQE6bRGi9n6l4oKumuIvZHUcV2+Zo4nrRIUqXMpZgO1ePKeg6ltHo8+6jK0hOw+Z1zZ0MKiGzSsFOxBecdJJv5SW0qL6cnLTdWF1PzUPDCmbPrAWSiMd8InxzJ3/tBnPPOuXh1MW0V5INYo4vnkmwpzHcSWnM+MnHsZgpd9qtedfmsC+0kniP2uAamvscJ7yG5hsOwMfVnm3S17i3DALlANMvIbyAwbxoa1rG0E/J79cDPTnazWKks+LEdAcEjPJ2PhYwTEpEaKM53Qy0NQPFSQao41EI65k3LBvoKwOTsePglU45H+LuYvWWW+Md4crjbYs7Etd2ShSG4FVmLbZj8tNBgnGruOsxdCT26Qk9SY4po2qERh0nAzIpQIchkGKcGIGL5FcKuOWsyNvFy6aH8fyXfwrGOmsYSbya7KlAv+2poa+z0lSbevCUtE8rZlO+iDyBJBH05Qwvgca8sYC3xFBEuWNV8aTf0MDYH82e2X7eXFTP85yT5/ztF/wurZHSBmvJLBbMqsDiW5sXtGbyQSDqar6Z+l7FdrccTZVC2JxOX0I42dg1YRZSjpTPAyVNJYJzAwBliIDbPG9r1ObQ3lb015FjT6bEAPRzJMuRV2bypAMvMtbi6b47DxO4JoplwMdwhWubTyqkMXTFJVbaivJSQqGySUrnSKmcLFBYRcR3IJoXFfFPoS3ZN3Z1Ij1xM7VGHkl2t17bHQ8119sq6azk8FQSF5EWniSVEpVJDhiAGU08UAPAj4ZAZgWFt2lVuaryQweQnpPTh3P0YLG3Pq1r9pqZh3YzYZuIaokxtMEtHAXGnIyURcBomRCdimGUcEfp6XcTDPwmjwwZX0m5xup6KrHGc/T+bDeOjpCqfD4ivsfpSlAKUpQClKUApSlAKUpQCvxHM5W8zG44Hg7lxJbDTaaIquVzuVePlUpDbzeQiBhUWlxaVDooJJNSUlNKmT6ifNjBFSZMuMYMChhB552/brreYIhjifIwe8MS81yr1jGSW+dar5aJ42pkSLkbijbHBQRz5hHOpyjYifCx7gcBLnQbGi2YpUe+ZcYULMM3+ijM30kfT4ZvOGWWXq3ySyjqi1lZVTlvdqPNP1lV1WJEUI4MQXXKI9lV3IjuxbKIaAFBVlPJhY5kBbYlzJbAzngDlcO39uda3TrCX3PQ5iZpzV4xGx6XflludGLNUswEsiZPqy0fuaLgqScZR8SR0iroJ4gXcSWtkjjePJIC6WGTsK7+SDazS3iB47VGMrNtrpCSoRO44G1W1PbYYiouSouqjcMtpGZKK3RRFJaPNUuZWSg0hO1SxP4EyJ4XM8YV3SuoyQudV8"
20:08:59.482 [Test worker] DEBUG org.apache.http.wire - http-outgoing-0 >> "J/HSoRbwpwdppvLGaY6fH1MeT4k+DZBIXU0tvpUjSeqyg2WG5UY1e3eyqjlTCAsOVDGDBERXmMsJpgPMyRGGGE3+qI94utHbRzigfSU9Mwm0mTAu6x8j7T1GWF4siJu8rk1BWimqBoA6rYIRBwhPIo7Tz3u3lBWzsnETXyd9+GVHHNLDT7qgeZLG+D5TWMNGPyyJjjTF2NRWH8pqe7UI2WU0ZZY2bf8aSjjRz4AtyigmKKBcNTTzYI9yxsqMCMGL3ITHOssvPHyDwVCkBOfhTh6HsmM+5ri+PtfmG/JWyaMD6SQlGKsjt/EkfEmN8riajGR2GyyYBdGbzdTDd0hTIB3GO2PpRZGVrJtgWAs6PdH6k2HGmvmZTdMH8ZirCjZdjQKHVnF4u60E/JoiudrESOBw6OinXEpFlhCKhd3uXQ7FQshsgwch6bdw6/xNni1TTVNZU0RljHai7dDRl0jOPZqYrelCH+Jvm7lONnaWMnGq/480gaLxZjkKEz5tLNGkJzN+fFBGVixdSIHSAw5E4OEGcKGS+eVhQRMMbgJI3IhWC9Sw9zdjzrh1viUnGjQkl4JkxIQiNIkeXeacjmU+PXgy2+Ycxy0pk1hbJM08yG4YcR4V52EQkgZVE7iMNme0m5Wpl47OL7TNWkfiZ3GKaVxJAcRIUk7Rgr8TlV0ipKqUliPWR0/XUVwZyRjFp96rSqfbL2dhxnk3A3TiSuiBJt1YAnjzjpPD6b2xXEfqps7EpkeXdUMNuNYJ+lQ41i5oci59dHA1H+mlFBWKDYFjACaacrwZyKeRlkEmOnuRVTSyqXJKKbmECWDVkms0T5S+g2nHTVXVPKTT3JSZKR0jzUEFPZL+lfWDkb1y1vkVWRkpm7gTzqSpNPWFaxcg2ATaVwn+hvF0rBZAcWAmBtHWDrTLFDZC4h7t8CpY2KBZ9vspJyzx7boK6QfJKqSq6abFqSWqJpoA8nKScehF4miR8gdKiCljhI4WFCMFTRcUQAwAIGMCJmHnjleDPLLs5pC8eGXax6rMuRK6IVnDVKQ29BppFX0FULSFIDmYx3CFUeNkcuPkYVnaRf2bTUElKIkrnGweS/CSyWSyaGpDk4qcdcjOSVOizITpdZ4yoqxHjm2vYARo3ncQe6FEyHN0VNUvlnlfLLLAk12Yjkgb5Xvl3EuH234ezTMV/j00TvtZNrvrFvhowd6Ev/ADB9r/0vh/2MRfWz6sYPQl/5g+1/6Xw/7GIvrZ9QClKUApSlAKUpQClKUApSlAKUpQClKUApSlAKUpQClKUApSlAKUpQClKUApSlAKUpQClKUApSlAKUpQClKUApSlAKUpQClKUApSlAKUpQClKUApSlAKUpQClKUApSlAKyh9Mj/FHt39L6Gv1Kl6tXlZQ+mR/ij27+l9DX6lS9QE/+jffiS9B/zfP/APbdJ9Xe1SF0b78SXoP+b5//ALbpPq72gFKUoBWAPn0/pTXCv/w5P+opMlb/ACsAfPp/SmuFf/hyf9RSZKA3+UpSgFKUoBUOeQzXNS260X221nQhCwLmmrX+T2IzhzouIBEu+FdqqNmOYPjZ5h4BkC7tDRhj2WQgePemA3ZEwt2crTGpQGXvhM5b9No44zorg/b3YOLNV9idGmmp6+TtDU9PFGjKRUEWHj6i3W+ZQ2a6zaa5Xj380E9BLCkmolLCiA7sVBqWJiKoJUI58OjrN13TxLvKvyrLjVX2pHfIDs+nBa3F3SnGUlZW4LhY0/E9uvPAkNf+ERXwHimN8Uf+GF4eYq6ESzyJ4Bjmb65R0m0znB6FZJmnUfWOX5EJYlMCT+lGBIqf70KYEMcMCGJV0uxqKy4XxJYBBYlMQj2Fi2IeGINsLYY2tJFPTyCSQIpSURJpiWmEyyempqeWBJEE8gSBwLEyJEmWwDLlCZQuGGAWLABhggAh4BBYYYYY42Zn2Mz7Mv8A0t/8WfEf6d+un/kkoVoG2d2rgLTaMPlo2VkRNiyLg3az2Scei0TVTSMlrj6XSrdb91gZJIKGaUlZqRsK6kuHwy6OjEsB1BVOlCYAo2PNJcg6FdgGyUZU8Q/F02M1PXk51EGlLkftOSGyRc6PgaCSHGUQXkkLKUWXkoM8dDTlgEpgoEcDhrAsYCxMC2z50vt9BdaKqNp0IiQ5G4uETCYtoC+mk1hFWE04HkCbTlRKUQTJFQImgcsgjBQ2AMXHDyywFDyxve1wMiPSQd7tb9wtMWFx2aTzRFO2mzm6k7Qy2GUwtf5BbEsZJDcbjuJPUw63UrMNTX0hspeawht9PC8NnChgZOPKzhCL5obaXVBPlN0gKc9htDeNfVtjQLKLuhRqOKb9e9Ydgtm2ARHzeEOwZkzldKcLvbh0qCIfaKmqnW6llyjrJCFD5HPLFATDpRacaYYDvLiDTHT3XtyKDxgLVDWqD3crlxyqq6oggqL40cimVM5Y5mSyguMtrIqmdLmM8cchwTJoUMXLHHITHK9rXrvV1NRrPpurDQezaQHi0nCRFTF9rupGTnC3VxNHtaw6esIiuWOJqmRGta1hSh0sOAJa1u3Dy7FqLTnFCtpzD7bkxmcqsTcEeunFPstjBjm1Kl3ZmTobEIRPLizI7V2u23ktzjm0pRPvJNkdQVZElAsGMnAKa253MhGG4xW4RzMZj+L6LgWKhde8kgoY3Dh0XnMLPETG04cU4V8sL2ytYQDV8sANhe9v/rghg8w87f7cc8Msb/htetbrP0B0QjxKeyEwNKNSGMhyWgKTTkdGZ+t8ONlKkBrLIdwVhtPZORWYSKOtAVQr3CUkZdBPpx4O98DRYXG/YrnKvqhq0vseMYxXtaoBW41hNaRHJDUeq8OR2pMeJHE2gjALcXoxaZxuDIDCWkAE2bCRFRqp6UeSgjRgMiOBgMJbIPVW8IjbQSVkSUa++fz8TXyEfmDU/wBYW9Vesockhji86NfolPDTCSDs1vXS/TOFtfE5f71yQ/lYfGvzcNk3EvBnBQigqIxWugud7my57MNNVDLfIoCgaJF1m5sHS5IEeMCWGY4Y5lNjM+S49dyfkkutiSA2UV5MxzpeYgY2aa4Wu4iSkiLSfmKCELkTUiJkvkIEHncO+WGN7dRP/TzUeWI5YUPSnqzrlJUSRUWTCUXxa/4QjN5RzG5NERcW2jFGEyHE2FJss8skN3HFBTAG8mJwRBFxxSymARG1gLAUGcVAnDtoS0VSYJS5QNCJ45BZ6J4Ojazat87o67uR7OR4ODvZWcLIZayoSMIO3o0Q1XEMgTJpmJEZ1eCE5ZcGGWJRBSG9ZNyL8qjF4+IY122fMxgtT9qxM0kMFrvee4kdScuM+IY4kcJMUWvNY90FJc+L7Yi0iGzZ5BOt84VTl45ZAR09ayOu5C7v235J3iy9GnoB7G+uvw5qZhOOI8To/T4mT2EyyEVpLTIMNLjMm1kMrH6axkpKAQ0tmJ7MAI4Nwm001ELFkcg3S6aGjk0ouAnlyYZQIMHEDIR0lrb/AEH3E0KjKINZJohfandCRJ6hkxp+3tdXs1pUl9tug+5yHh1YI5MFSVHCxiq02O/mzcurCo+am6DiGWwKDqaL3VK19R6TdSewGOQfR0JSexFntkm8VEDLHIBQdRZFJAuE6DlhgHhkEaVsDY4eWGGGN8BLXxwxte1rdHxNpDpdAjsHf0F6h6vwu+jQRkAy9ImgGKI5dhgE5jngbBHcbPaaMsChGsBBMTIYhzLAfHPPEW2VssrXlBTGrCPCDGrCPCClKUApSlAKUpQClKUApSlAKUpQClKUApSlAKUpQClKUApSlAKUpQClKUApSlAKUpQClKUApSlAKUpQClKUApSlAKUpQClKUApSlAKUpQClKUApSlAKUpQClKUApSlAKUpQClKUBlf5zosmLVTezj75xoejV1TC0NQybihbb5ksZNyWHila3u/F4lTL9RkYMQO6kRbKRKcq3VDBgUEigLhllq6qMTb2DgWkW2Rmc0nFA+omLzUkcgWq6eyxUnBXMFHXMDQZj9TMcwO+LJavFrpUkmSU5xXt2QgW4YauK0cHtYIgRNZZhdvZ5/t/21Dda46ePlyu8SQXHonpuvv0Y5ZRGe61rFCaq7xVC2dhbHhHKeZA6yIcsJawljWR249s7Wz7ftrdmnnj5/F8Dz4bpftF8GeHRbN0cv3OMpcu7WZrtbWh2mEIr2tun8gvBvqbWH2CfC4WfKA7322EFaBKnxWsWLyjKORhYFLgDlC1o8RVAoVcwToR21yrWr+mA8hH/hfsr/zzR+tWCcnJ6QQJJSSRJpiWmlC5BOTU4sASIECJQLAAqTJEy2ARcqULAB4Aly4AYYIIWGAYeGOGNrW60TIGg1FmBw7Co8MROkz87muAx3XOKZHTQITA52WWEQxSzQcMmFUcJ6LTXLithtCAICktmUkIRvIeYZTHJJIXLgdr1lD3a/paHDV+iDsn+yLdKtXldULcDQa5paZk+uSGIncE7RyjqTej2aluOmgqy0w0BaJrSesIbMkc+jmHi10dWIORxEVJMRFkiSPE19aLGgBQVU9gOB2vSlKAUpSgFKUoBSlKAUpSgFKUoBXnQ8O/9Lh5Bvzxckv7alavRerzoeHf+lw8g354uSX9tStUWXn+e0IsvP8APaGs7nn4+3ZyT8a8xwFGQRQzMzdUm3MkLp580XJE12QI6MGh/FTM4bEAJkzb0aKo7Gcjnjxommp64vJh5VNl0wsczt0Txv8AOtqFsLB7dizcyXGJqRu1FrcIxvs9A21S2nQktZyG3U4FEc64g3lEVvJTgR3kOXMOCzdKnzrkbYKgMkuJNwwLF1NT0DVHaZtQNS9jjpRS2F1d12nhRIF8ShE/M0JxrKB0kVwyyywLFDT3bK4OWL45ZZZYggiYB45ZZXtja979m69/mNrepBaOiq3aV4T2+K3mXaPFFKD94+oE4k4v07f+1YO9ETPiQEXQGJI7czoJws2ii7g6Tjze8BtY4iEmyiL55tqS2jLjlByI2J2XzicGSQjp8ha1u1/Sj+F/9FzcH9kGwdaIIf15gDXpJMoEBQbD0HoR3ILI4iw/GbLjRJN5AdtYHIymstERSY+QNs87BXFBzuH22XaXt21+z+itwhCzmlJlzk5Ihi9wTXG6WsIcdzAtsBqKspMJEcRNQT3AjsuQD6SYdjWS1xPV1UisJ6GrkSimTU1AsdBHBOmcBQMLfK5JEo8au4vK5pxC7eWzmHOjEsIOvWQikFxsk4psNK0lltfNim8EdLY494OCQkJ2Sa7DRq2N8wD5pgFRBQxTxUUzOfmi1xa2oWrXR8NYWZYDNvwXyR6WxuXPAA97+HD7bQ1AkuucyF2LdhQda9ipuRTyvbG4qiqmhb443z7W2q9/a+QJKz0jeSZRhCIZJkSG1QVbiF/P6NWY8XpFS0ObTFAdXjd0uFFUVxjKgx9FRjop9sH0s2IbSUwzmLkMQK5hfdkyD4Vmq7NvMkQRdLV45d6ZIMe3kyP2m/LsR+ovbXR3uzbulJVbtd3pN887pjlRO8Vkh2+Xep0Ltr9kvPGie5vuvkL9U0RKxns9ImWTmIi6NJp6QfwexfMMfMuVI2drF2KJupgSI2EV5sxyFCjddaoULLrZcJJRRlYuWUiJJQLgniY4YJ0mWNB44jgBZ46JY346+P2HF8g7Il0a0/jF1pY2BlNdLB1qhpouYgYDz7oEYKOBBZhBXLjhZ/wghQjmIgfYtbDLG2NrW7xdEDwc95JYcyvSGopd0wRWCpFowlZ0R20F+SY4LrII5dYAYb6VUc26GgCrFzJkBSCbyonYHgTA4RrEXAUTHLtagFKUoBSlKAUpSgFKUoBSlKAUpSgMn/Ia50/jY5/dPuSqXO+W1p7s/rQv6UTTLohI6abcUyWSV1hztBRep8qGMAhIbjzLxwGXMnu9wg0hsv5exEMANw8GD1zz+7UwjyZM3VLia0TmOO9mZl2t2WjRxSKowO8W7K7ViKB2J4SVHM+Xy6GSpLSAid4HDyO6sSBs/c5g1myvKRgoDiOhWVNbr1YzJkprLLHkZntZ/spxFe8XAz3q30l1NZdJd0wF7zWW+ulD6Sple6hhi97nSg4XdA8M+07bDG9uqYU1P1Z1rzVxdc9aoAgERwYYhLwkKQ3HUV5rYeIuA2IavmxW4g5KWGIwYYuOBy42NhQ8BLW7bHG9mZ9DN4/VMXNJNjxZvE90jILaqejgEb6b8juoTZgYOcF3uxGNIznmIgWEjILefjoM5CE26WzZsSN0ANTVhSqbgVfmKycOApLVdSmmcX5mNhIZ5YdneNDi70ykpl7JGrbdMjbDZ56wo5UiR2JDkLREmK6MomnS+GkeUWuApKaA+3cbKotlvA0GtJrUR1DvFTeDXBUdZUjRjGswtJTYMtx6x5SYi1YPFYZUjNNAe7SVsQsu2CxU245k9TRz9g8r3yDsaJi2wy/Dj2L/AIa4PCusetmthBUStdNe4PgJLXBQR1pNhWJ2FFZBYHL2ysAMqE2KgIRdQFAtnnYEQ2GNmHbPK2F8bZX7IfaetU88GaGfJAbHFl0kExt7sSpBMDUXku1OQoUMzwv2ET42jrYSLvEVOSUR+uYXtiDbLmGnFCBhgpKeZNKDLP3FYNGi6Q1XUpJfC+ZjYSGeWHZ3jQ4u9MpKZeyRq23TI2w2eesKOVIkdiQ5C0RJiujKJp0vhpHlFrgKSmgPt3GyqLZbwNBrSa1EdQ7xU3g1wVHWVI0YxrMLSU2DLceseUmItWDxWGVIzTQHu0lbELLtgsVNuOZPU0c/YPK98g7GiYtsMvw49i/4a4PCusetmthBUStdNe4PgJLXBQR1pNhWJ2FFZBYHL2ysAMqE2KgIRdQFAtnnYEQ2GNmHbPK2F8bZX7IfaetU88GZFAlFj8TPSJtxF/aJxpUOat8qkQRi/YenV7msEGLiM0xEmpKG42G730pCANpsnMz5yQlcc0tKBAslFnJH4J64IDlKHcvyeQecYt5aOW3ie0804fTX2DYOnk5W3d23laKlsg+YpYiNHio1FZktM4/2wbPNwytLo7cWWqolk1SNCEVl9NVN7qGoYrQCXqslWG4hnVpGGDN0VRvMbEOGATZtlSqxmxITSNGy+ImBc0YbjuS1dHHMAYjC4gjCk8hAsRRLYZY2zytf8eG9eoC10QDbV18g6H4Ja6gZwOn23DcaMuMEA6cCxExCNm0dkoiGnGTIeIouOA4xfMXDEUS2OdrZ5WuSGZ6CQlpvGV39GKTpxX8lXHb+cHY39XIhrb1Ev8lUZfm+Zn6uJtYhenFfyVcdv5wdjf1ciGtvUS/yVRl+b5mfq4m0BkF0XmZE6PBvDt7o9uyGqRZovtzPa7sfpLtWdR1Y1DxNddZcsmLsYv1yJxM6XbzhJtVKZTaWDaiGmgN5SYQjgWwSzKezecJe0vePZDo8cgtNyTxtBJPFlO71KRydQm08XIJrtsXLBpHIFVc+gojRT0Qq/wCSVgiQVVc4bTkxvJx0ImeUzA4IAQxwTIS8N8sBhye2VJlSUyWjIbNWMMQldpPltoztbKqHhlbPANSQV8koJR7DDO1sscDRQXHHK1srWte3ZqN8e8fOhESOgs94p0h1CjJ6EzGBso7491rhllugqaDz7oGZLL7bZaarAGAxP4eAwRvETHP+FjlbL8NPpERVjJNZBIeEREeLs05Q/DHJqxF0kxR0OPbtHlBgvCO1hwkJaeiIjvduKzXVlNouGTGCI33KUTFooSPCIi6AXFNoql3CxRVI9yPkBTBIcAcSYG+DCcjK4OOFbkfjNJMKUrcXsb8eWxQYBHG2aguQwvxLD7OmdlYY2tjnZLcAQjMU3KJ3UIIFtNpXEHyxCtkMDrmkKOY9ltluCN5WYjNk2PHaR8GOphSE10R6MtzJthwTNk9wNZyEVJDWiNjJcAx3opETIHdwARe590Cwyx/OMxFE52K7wWcjCPDcJXY4MY3h0yym2PFd41LoobaLx7ePRUzNpXY4DcCCQAWndI8ABIoYaVgn4kcMQLMzb4CV1Rlx/KRmZqOGEvntkJy68wq4TOiFt3JTkCLdcDi0THKqJXVHWlrKTDYx0oCYxwzTbug4XASnQmWx/gOGNu6Z2sLbPMSunSb+hgbA/mz2y/by4q23MKJIpiqPEuIovjKPY3ihDT1FJRYwYTLbbPjxHSlc2dPqyYlspvJqc209PVDykonVEmUTQSx02oHTBk"
20:08:59.484 [Test worker] DEBUG org.apache.http.wire - http-outgoing-0 >> "MUY0PmJwtE1b1lbMLqGt7b10glv67qxVWJKsCokRR+lQupk18+IqrpRQi0g3i7HOlVpUGGUlYuZQhQlE+KIcOYDGM8hLgUucPvGnx0v7jI0Hk5+aFaaPiR3fq3DzldT8eWskLup3uNxqTTTTig4FxxLzLUFVUWzxrLIybVjhoY+YGzzEFMZ555Xvfgy2MyY3biczo7ZzWYTRRw7gpDVZbfSWs3EsHK/bZBJyGhlCKYRDvle+V8CxULG979m9uzX9ZLHZcaNFuR/HLQa7AYbORyLeaLJZKAktVotVATAMSyahtxtoRQgjIaOnlsMC5FMTCRUkUAwxCLgBh42xtyigFKUoBSlKAUpSgFKUoBSlKAVHXbnZZi6caxzptJJWIwzMgyNXPISqnFRgi59fHRCAgiM1UocfHIANZdq5mmtlGyHt3CyqrE7DXxC7fK0iq4JJkWxlNLHXoxmOOmJLMbOoImA549kxot9+MdxgJykTWU8FeabpT1VBWAiKunJ6qTDUE8xgVUiBM8BbA0VAFwAx68SknceswvIDl95S+QTRp2cgcyGj63EcTSXtTBaO3tFIjAVD4LBjiP4ydD/CHZr9ATL5rKksK5AN0t7wzctnYo91CQXI7dH+yHIMwI30clveTVtKb2/LKihMHWh0PWmU2a8CrlS0JdTk1/Doj0at3mgDmI7RjSg6nQngYGz5VHQlPDEv35gCAJ/v5J3iy9GnoB7G+uvw5qWMRQnDOvzMLRxA0RxjCUeEzx9UJsOImE1Y2ZhRTVRrGFRRLNdmpKKhgHlIxaw582ERwMHBrWFMCCZ/wqAz0b3cvfEbtrw4T29XtP0AOsGaNXndiga3rD4Z67PCJOK4xTmTKZWEW2NXfCPIbGkowkZFHaGgkUtvmUwu/Sq2WbAZddy5boVMW0nHp0czXKaX3rpIOxE0QVANnirQMG4DTNkTOID8mLyk0QsRj7Xdh9OGjKBVlrrSk3DDfzUk9utc+lhlQ1EiEQzuDJ6B6JJ8iYS+Q0q1KIyyGqWWw5QJ64Q6WkQNasLYxZXwewLNwcuKpYe1hrH8VOxuwtrCWF7e3bVLWg92zVfhDOdurzXcZsscQ8/wArJ2yMLuZQ2B1KklltjXcCQWusTYekqV4yVmmQiZaiwqdyfCespLncJdKdR003AE5GSgDLpEGug96njHBdTF58cYHRsYKWdmNUXtsvaOYRWF2ctdLJaGacRKJ5kk15vMwSezSehI8VHRGAxn6hlZGbakkmjDcQU9cGWU0Ak31XEteAmaI6Pokl2mhG021USZisqZLlpYTNeIiISXZbyF7vksWfZVoBOmypkP8Ax2Sh4V77uL/GXG7f8NSpzwwEwzDEwxEDExywEDzxtnhnhna+OWGeOVr45Y5Y3vbLG9r2va97Xte16ZlrjbTEtGeph029WejnQvoXLewnHjGeqry3I20hdzQ1rDGcXrA0k7CIkm7HNkzGwd2/BxlzOxYht1sUo8VEyqXKNJpm084Rsz08cZScCWjq15cW6uL2lvR7l7WV2ghFXtF/GvOJZ/kgBARwE2RHRDT/AHtIKWXMl8sgThdLejlXU4A8FlfA6EWwN2tbu3YtZCwdH9LIpkMWXYu1B1djaWBxTg48nsGAIoZ0hjDqGOeB8YV6t5pJzkEFPYCCYHBM1PLMziJniNlnbPK1/wALkI/mD7wfog7K/sYetI65BNYeJNsNn09yR4sjpCEkTbfL/wBCX/mD7X/pfD/sYi+tn1YwehL/AMwfa/8AS+H/AGMRfWz6gFKUoBSlKAUpSgFKUoBSlKAUpSgFKUoBSlKAUpSgFKUoBSlKAUpSgFKUoBSlKAUpSgFKUoBSlKAUpSgFKUoBSlKAUpSgFKUoBSlKAUpSgFKUoBSlKAUpSgFKUoBSlKAVlD6ZH+KPbv6X0NfqVL1avKyh9Mj/ABR7d/S+hr9SpeoCf/RvvxJeg/5vn/8Atuk+rvapC6N9+JL0H/N8/wD9t0n1d7QClKUArziulSu2U4+56+Ox/wCv7dHe+wjIgbUl2woxPFw05CzulNtbl7CrUat2yOmKZJWcA7ge5JHR7twhYmaUwzVipRTBMmcO5+jrWAPn0/pTXCv/AMOT/qKTJQDyuvS4fRh/Ysmr4lU8rr0uH0Yf2LJq+JVb/KUBgD8rr0uH0Yf2LJq+JVPK69Lh9GH9iyaviVW/ylAYA/K69Lh9GH9iyaviVTyuvS4fRh/Ysmr4lVv8pQGAPyuvS4fRh/Ysmr4lU8rr0uH0Yf2LJq+JVaC3x0ijTZLd8tosJwPvbuSwYDVDyNNmweoWtIssa+xmeSMLirnh+RTzzamJwgilgzJ82sNxKXEYykEzK4kqCki44KAlsGpm3Gv28UFs/Y7WWQk6SYpeuBsNPWShc4mqKWrpg1yq02XOgKgBRZbbmRDdu4KSMrEyxnDDMsfLWMpZ9PPGwMSnldelw+jD+xZNXxKp5XXpcPow/sWTV8Sq0Nu3pCGqAbwlFCgDWzkC3cY8JOBQassz1ppq8Yl+BWQ4EbGwi+nHJAPPNpWWcUMt26gcUWslLySZRw7riQfU0YQA+NaDp5uTrtvnBDW2P1fkEnIkXOkY8nYH8Ch1JWm+4kjMMNbaTtbqoCWVm450YQYC5xLUS4dxiZpPWE0Y+hqqUpnRHRczYxR+V16XD6MP7Fk1fEqnldelw+jD+xZNXxKrZVyCb1RJxu6sP3bqcW7IzqjaO1JlpS0iRQkNlcfBow+3iiMhIzS013u9ioI4JZVXiZhSyNuUjmCnhmRSoZwzgEUGlDHb3SpMj9iyQgl1AohyCzmw90YqrhFgFUslOtEIrycXUwCZs+TBUASZ8EM6EVPHSwZnEXAA2ZCxwGzFMGnldelw+jD+xZNXxKp5XXpcPow/sWTV8Sq3+UoDAH5XXpcPow/sWTV8SqeV16XD6MP7Fk1fEqt/ldB7O7PQZpvCD62L2PkBKjSIo6Tgj7kc6oGcN591OGgU9KR0dITC5xYcDiXVMyVS0JARiJ1VVVEyCWKFRM8r9qBh/wDK69Lh9GH9iyaviVTyuvS4fRh/Ysmr4lVf2l9Iz1DTjEdrs46y8iWpsGywspKJHu1WzmqJ2Pda3IO4bXFbZwJ/pT0dSimpDhJ/96piustpNIXQrDOA2OURCpxQL2obi7u616Ha/LezWyshlGbFSUMlJqaeIFTLhWnm43AGOK22mxUJIwMHXQ4nAGWMmU8oQxuWBTCaivKhxObyUqqxIDFp5XXpcPow/sWTV8Sq+AnLt0uGwYl/JiZ49jDO/bB6UzWIJj2Mb37IYdpHEvnnb/bhhYMS+WXYx7TLs9rfRrGHPrq46Zch2IZv1w340fO7DrZNsQO+91tZhocjCWHOqDFQEZvNd4JrzeYJZSWBD6bYlZylEAphZUS7njRPwkSsNeVQO5gD8rr0uH0Yf2LJq+JVPK69Lh9GH9iyaviVW/yqLZU56IXYG3s/aTMHSHkh2gmXWsVvWlDPV2BIzlFtJ5JzoCE4EpWLDjzu3XIGlCguEknZG1lsI/bKoRosBgMFgEYHAzq+V16XD6MP7Fk1fEqnldelw+jD+xZNXxKrT9C3LerTLK7Biwbir5fohCfjkT24JJs06mMpnRQyMT+d8LuB/OghOTgOITbI9jt1BRLIqmKXwvbLEoJ/sqW24/IHpxoCxrv/AG2n1iRAmGCxgwgoSuoCKT9eORbtrCF2PHaECpvZ3jYC42BHzQUI6VIZZ4iKRkkXtmNiBjL8rr0uH0Yf2LJq+JVPK69Lh9GH9iyaviVWvnjb5JIF5S4FcOxmuaBKDfj5vSu7IhECllvtttOFTXWgkNhbOLKamtl4PQvZuKBB2peaYMpn01byEwOBKCGnZBB924Duvy2ay6SSqwtd1dpz9sjtFJSIM6mnq7qLFBma5xMM0uIbCGeCo3cFhuIjeb3bkD+QJleciaaOFk5TUCRMwmpakcKAZRPK69Lh9GH9iyaviVTyuvS4fRh/Ysmr4lVq60i5btYd5JRkLXxutmedd9oItRgXQ9tXdtIpNwrOaY0jApEAN2FW0KrOFHWkLEVTS++R0NxKJkiArI548ULJ6wlmjn4m5HMXq7p3OTd1YsyNjtqNrHE3g3hjrTptDxmbpcQmiPh3Ys5HSm5rjWbreIGC3/b8Cyg5QlcJJzLLZpMLoqgnKBwK6YkNzLB5XXpcPow/sWTV8SqeV16XD6MP7Fk1fEqtaOjnKvrLvg95MhtlIs0wdshDRIksShq5tJGB+GJ9aDdUcyQJJzm2ccUFlPU2+IYUk0uZUG+vq9ksRWQslgNPBcbeFVbK6AwB+V16XD6MP7Fk1fEqnldelw+jD+xZNXxKrf5SgMAfldelw+jD+xZNXxKp5XXpcPow/sWTV8Sq3+UoDAH5XXpcPow/sWTV8SqeV16XD6MP7Fk1fEqt/lKAwB+V16XD6MP7Fk1fEqnldelw+jD+xZNXxKrf5SgMAfldelw+jD+xZNXxKp5XXpcPow/sWTV8Sq3+UoDAAHy7dLhvje/kxM8v4YluyJpTNeGX4BM7di2N5HD7OGPY7UPPtb2EDtgJbMS2XdMvn5XXpcPow/sWTV8Sq3+UoDAH5XXpcPow/sWTV8SqeV16XD6MP7Fk1fEqt/lKAwB+V16XD6MP7Fk1fEqnldelw+jD+xZNXxKrf5SgMAfldelw+jD+xZNXxKp5XXpcPow/sWTV8Sq3+UoDAH5XXpcPow/sWTV8SqeV16XD6MP7Fk1fEqt/lKAwB+V16XD6MP7Fk1fEqvtkuXDpaoo2eJ7jKFLg2KKAmAgOlc03zyOAkDIycBe15FHt3I0oYFiw1+0xvYEYS9hi97WHD340oDAH5XXpcPow/sWTV8SqeV16XD6MP7Fk1fEqt/lKAwB+V16XD6MP7Fk1fEqnldelw+jD+xZNXxKrf5SgMAfldelw+jD+xZNXxKp5XXpcPow/sWTV8Sq3+UoDAH5XXpcPow/sWTV8SqeV16XD6MP7Fk1fEqtWHIFzNcevGmmnANk5zS85LDJ2OJkCRngWf84LNhAbGCmOTLTjxcBpFVAC+QqcuyOsMpsHe55hF1zMe2IWUztV9jWRt5rlC+z0bJTqRGDOkfN6SWkkPgikJrvTkNyk8DxEo4yCCuOVFKKwQWdsTYCYvq5MMTs2BPj49jO4GIHyuvS4fRh/Ysmr4lU8rr0uH0Yf2LJq+JVaFnDzu+L6+uIPka+eZb8CLCmkeGm9x4+EkBX8GnRyXhRDUflfB8II6h3HvtMO9xB76JDAD9yD7p2lpMcbXLPDnJyt7HNuLID2xgte1YdLZYsro200aMyMVlPfTiGd4BplFkNuyc/loq6meKzDwb3RHGnt483hVJFAGCGMHRAiwLDoyo+V16XD6MP7Fk1fEqnldelw+jD+xZNXxKrSdsVzhRLA22cx6ZtHSXkh23luA0WN1yVTWm+uLVm5qtEtKzRT3szQVk3hLjccCSZUENSBzw8MNpOLGTAJsNNMnwyoo2M3dKtyxt0Ga8XkJqXujqTi0HMA2cGxurChCD3k68hkosq5rzPQCj0eQqu2S1jWCeOsDjEQ/CoZkkAGPkVMZBgY1PK69Lh9GH9iyaviVTyuvS4fRh/Ysmr4lVowlnnfiaPdldg9XY50L5QNs3nrG524z5ZduousDVmiOURwuhsEnSmJ2S2VmNFWSRi5UybIZAr7cRBh1NFWcCAR0iUwPj2NabbWjbhxUqSmNrLtlql4Ne6syw453JiUjDEqqoaSjt5W8cUtoEXa8e6shSEXxEdJWTSiUMnVhAcJeycGWJFjh0DFlbl26XD3TO3kxM/wYB37W+lM12Dt2chLdnAT5R7Wyzy7HYEw7plfDHEPK+AfdLZCfPyuvS4fRh/Ysmr4lVv8pQGAPyuvS4fRh/Ysmr4lU8rr0uH0Yf2LJq+JVb/KUBgD8rr0uH0Yf2LJq+JVPK69Lh9GH9iyaviVW/ylAYA/K69Lh9GH9iyaviVTyuvS4fRh/Ysmr4lVv8pQGAPyuvS4fRh/Ysmr4lU8rr0uH0Yf2LJq+JVb/KUBgD8rr0uH0Yf2LJq+JVPK69Lh9GH9iyaviVW/ylAYA/K69Lh9GH9iyaviVTyuvS4fRh/Ysmr4lVv8pQGAPyuvS4fRh/Ysmr4lV8A+XbpcN8b38mJnl/DEt2RNKZrwy/AJnbsWxvI4fZwx7Hah59rewgdsBLZiWy7plv8A6UBgD8rr0uH0Yf2LJq+JVPK69Lh9GH9iyaviVW3vZHazW/T6OjssbPTVHsIsAl3XDFefrhJpF1U4CF3bJJbKTfIVbdq+IH/CLN5rpquuG7fgKp41/wAFQ241+XvU7lZPbDYapE5XHQNc3CyW+4HhIrOSmahPaz+LOs2grDBJYulWdoiTYJnqffuL2bDIVy+QxG2CSNYUe5YDKb5XXpcPow/sWTV8SqeV16XD6MP7Fk1fEqte2+XJnrHx4kI2KTOPIb2lKa10w2oR16gliqEqz5MK0TyK4HijEYCWYJ3NAkhDxEuMpLCojJWZ88RSix4dWPFCI/ROrvNPrHsdsUl6ivSJdtNL9m3UgnXRHcK7vwaLBztlJBTCxw6on47NE3M82y4sihJOUjdiNl8qpnS6UsCJhI7ZFVrEmZm+w1bXbOr7KZf/ACuvS4fRh/Ysmr4lU8rr0uH0Yf2LJq+JVa2d8uVLVrj2V4wYcq4SpKE6zaYMgw7rRrpHahLs+yQCTFyLGj7eZJA2llAE7A3jmTKm11cRsFc4AfKodlMdKVsCHXmpnMfrPtNP2Wpy9GW0mn+0ptsGns1dft2ITMwbIshNFPCOGVJfj7AFwO1tOksnk08+oDEiLj8LjJiatKhFNNpzfcBpLAy0+V16XD6MP7Fk1fEqnldelw+jD+xZNXxKrf5SgMAfldelw+jD+xZNXxKp5XXpcPow/sWTV8Sq3+UoDAH5XXpcPow/sWTV8SqeV16XD6MP7Fk1fEqt/lKAwB+V16XD6MP7Fk1fEqnldelw+jD+xZNXxKrf5SgMAfldelw+jD+xZNXxKp5XXpcPow/sWTV8Sq3+UoDAH5XXpcPow/sWTV8SqeV16XD6MP7Fk1fEqt/lKAwB+V16XD6MP7Fk1fEqs5+nW1PKbG/LhsHsPrlrhd+8hTweWyalL0G3h94OjxWcj1extUmoh8maU4SDmRLNFzCGE6xU8tmhUG2Heh8Q2NjcW/sWV50PDv8A0uHkG/PFyS/tqVqi/KdoRflOVTrK9xeV16XD6MP7Fk1fEqnldelw+jD+xZNXxKrfuYMAFQBjRoYIsWLBCGDBgwJgCAAADhkIMMMMJliGEEEHjlmIJnljhhhjllllbG171Ri5ukG6XqMmuyJdVYn3O5FHUwDuaa+zuhGuKpNzLaZ0PMYO+J+QVlxMNkqBETMG+BVdby8tN5QEzxCTlY2LYTAOmkRVklDOt5XXpcPow/sWTV8SqeV16XD6MP7Fk1fEqtVGo3MTqJtrMR/WfvKbNYdriCbkt31Y3GidYgOb1NFwLDnc1NsoiwbVW47wsSJQ6o5E2m6VpVwSCJ1cyT8UQsIo26s5OudrUPielOLIn2Rj7Y51K8sMwy/ktfhlkx+62y3G2Sc92mbNOwZ0yqxVsoIXUOwPkGjoS5bMpmHYHMU8KGRyEM1Xldelw+jD+xZNXxKp5XXpcPow/sWTV8Sq32pSomriYmrSMfKKiQsECaolKZAcM0RUU1QLhmyJ8kaByzBMlDhUYIwWHCzyDGBEwEwyyxyte9Ku3vPlphplvRHHH1ILM2Fe01SKqwu3/GCLWhHS1GjIcM8OMRBYyA+110SwznGmKtiVyDtVC6Q0V3ENqKyeeTBFVQucSyYPyZvPK69Lh9GH9iyaviVTyuvS4fRh/Ysmr4lVqV355gYU4/Z5gLWl2a97d7DzLso3nQ4otZeqsaMOSlpUAaA+QaynipLnlePloZVDLBGlMMsjJiuDZMJGzRgyX7jfC8bHX0hSD4iLAuLZzj85bNSoxxMliyvNE/aUjJUUtrvscMuCK4HEwJHkI6TtkIJbuZYFINHzHa5YFCZgXtQ8gM/vldelw+jD+xZNXxKp5XXpcPow/sWTV8Sq3XwzM0V7DxcyZrhF9t2TIpkZEBcLKfDVO4n0ReShRRS+YpcXtQxi5omdLmk1VTDoJVTR1YmeSVUmSUiRsqD2bQGAPyuvS4fRh/Ysmr4lU8"
20:08:59.486 [Test worker] DEBUG org.apache.http.wire - http-outgoing-0 >> "rr0uH0Yf2LJq+JVb/KUBgD8rr0uH0Yf2LJq+JVPK69Lh9GH9iyaviVW/ylAYAA+XbpcNww7+TEzy7OGF+2E0pmsMTLs42v2RA7yOHfDO/+3PC4Yd8cuzj2mPY7W3z8rr0uH0Yf2LJq+JVb/KUBgD8rr0uH0Yf2LJq+JVPK69Lh9GH9iyaviVW/ylAYA/K69Lh9GH9iyaviVTyuvS4fRh/Ysmr4lVv8pQGAPyuvS4fRh/Ysmr4lU8rr0uH0Yf2LJq+JVbe9kdrNb9Po6Oyxs9NUewiwCXdcMV5+uEmkXVTgIXdsklspN8hVt2r4gf8ACLN5rpquuG7fgKp41/wVDbjX5e9TuVk9sNhqkTlcdA1zcLJb7geEis5KZqE9rP4s6zaCsMEli6VZ2iJNgmep9+4vZsMhXL5DEbYJI1hR7lgMpvldelw+jD+xZNXxKp5XXpcPow/sWTV8Sq1s75cqWrXHsrxgw5VwlSUJ1m0wZBh3WjXSO1CXZ9kgEmLkWNH28ySBtLKAJ2BvHMmVNrq4jYK5wA+VQ7KY6UrYEOvNTOY/WfaafstTl6MtpNP9pTbYNPZq6/bsQmZg2RZCaKeEcMqS/H2ALgdradJZPJp59QGJEXH4XGTE1aVCKabTm+4DSWBlp8rr0uH0Yf2LJq+JVPK69Lh9GH9iyaviVWu/fnk91Y45kuOQpzUX26pMmdcFbUKQBCbJPSfO0vLhcUoAYIsZhpxglYxgEaUE4h4RWlRFShlVRT0cqeHVjxQkN0tqbzR6t7R7D31FcUb7R6ebUnW8M7Wpr9uzCosHSJIDZKlDigcWGIGXcbvbrgDLJyeoKVk/BwALB1NTVhRTE08RQlwwmgZefK69Lh9GH9iyaviVTyuvS4fRh/Ysmr4lVrK5CeUmIuOpya5MR7QdtNsTJe1C1IyHEEWalxk25YkdbMxWjtxdeA3iktyAxVI4WIpjoTTNvAGC4ZDBwOGTpYmULXMZfi6h8oZjbiXcYkvxxcpmsOF2ytubOUdvNU0uGIiCxRcyIdkHJ3hyg5xxHMr5nsLIiOXRxxDuBY8NmIAATGFxA83LnF3G5h9pmrrsn8pGq/zckBmuCRzkOHfkOfMReNSwsprQBeRXvl3uhwhLngomnN0XuBHAqIQ7/wC6D5DYmQscLvGly09LJTmo2U9vcZvfyARbyKTQzvzM5nNd+JBVNLAJprvkKSMAjHfBLAAbu4eGAYvb90wxxxyta3cXTiv5KuO384Oxv6uRDW3qJf5Koy/N8zP1cTaAwieV16XD6MP7Fk1fEqnldelw+jD+xZNXxKrWnuzyxafaIu5nRNJq6/ZM2KkYtY7Hmrmukers17CvIjl3zYE+nsBsYdhJIncyZsJKOOpVbxZbFJn8EUVQumKXekXmnz96llpQYkUbRwPvJx4LMpqQSJGbm311uMQlHL3WxsgsQ0pNkFHdz7a6UNjcYKxs26VBvpaZmIGGqnyIowOAgfnMltUzm+V16XD6MP7Fk1fEqnldelw+jD+xZNXxKrf3a9r2te17Xte1r2va/Zte1/w2va9vwXte34bXt/tqv3Zrkhg7VPa7TDT2Q2rKyzJm86+8W7Eq4zENoKLFbp1kXb1lUWRVNcfTdX0kqY8ZSHg/NtNh3DC9yN98gFO5g93AyDeV16XD6MP7Fk1fEqnldelw+jD+xZNXxKrYBM3I1CMG71apcfLta0qKMzbgtqQHVGjmbqI0TcYoafG6A53GuAvpZUnwkOpMOGyLUUQkkNAZbmAHNDEsDhgiCIOOWn5QGAPyuvS4fRh/Ysmr4lU8rr0uH0Yf2LJq+JVa/OOnkeg/k2iqUpfgZqys0m1Ec/PfXJyEZdQ2igrh17sJuMh0LCqiFma+X8QMtUyQfyOCmnj6mmq4xwsphmkMmCCVMHLAKAwB+V16XD6MP7Fk1fEqnldelw+jD+xZNXxKrf5SgMAfldelw+jD+xZNXxKp5XXpcPow/sWTV8Sq3+UoDAH5XXpcPow/sWTV8Sq+FuXbpcPdM7eTEz/BgHftb6UzXYO3ZyEt2cBPlHtbLPLsdgTDumV8McQ8r4B90tkJv/pQGAPyuvS4fRh/Ysmr4lU8rr0uH0Yf2LJq+JVb/KUBgD8rr0uH0Yf2LJq+JVPK69Lh9GH9iyaviVW/ylAYA/K69Lh9GH9iyaviVTyuvS4fRh/Ysmr4lVv8r8RzOVvMxuOB4O5cSWw02miKrlc7lXj5VKQ283kIgYVFpcWlQ6KCSTUlJTSpk+onzYwRUmTLjGDAoYQeedgMD3ldelw+jD+xZNXxKp5XXpcPow/sWTV8SqvoN9JH0+Gbzhlll6t8kso6otZWVU5b3ajzT9ZVdViRFCODEF1yiPZVdyI7sWyiGgBQVZTyYWOZAW2JcyWwM54A5XFNrbbW13aylNykGY2Ub1gORyblnGZhVK5BoFWCnEzJ1VWlMY+EVOpIyNYmdIrSKpEyi8kLRI4gKKYWWyo6eGD5dEVOFRfJiN8rr0uH0Yf2LJq+JVPK69Lh9GH9iyaviVV7IfSYNIbN8pLh7XfkSSNRj7nDa5PelT1DXwNTDIwqrdEDVAnmE5x3zklZKuIidj/8TiynmpBDJeCZkqAiksb50CUo2dMao0yt99tNUiZws4hISNJBdeTfEo+xVRJCXiDuBcYhjBKs3jKKOEqYKohnAniSzsYEFwDtfKwN9GD/AMrr0uH0Yf2LJq+JVPK69Lh9GH9iyaviVWkVudIM415G3hiXQaDpIdOwktS04llqlX1DjfSl+DWkuIiCruMcsvyYtOVulXCWMpyKasUVIqTZISbmswSxo8Vz7v3C2ibZbakAwxLs7PuyjdjwrGD+lt5WSAShhWu1I4ais8XFZLLqB5MIDqN0hGOWJAnVJPKCme5YGTxQHLMcMMhEwpeV16XD6MP7Fk1fEquoNhOVLpTjwgOcGlL/ABweK0SumIJLbkoub5n8wIni5HS2zFpMey74aOyGaJJHghtGlNQ8KGyxgqQ7377MAChBZh5aQ2N0hxpyczmzIcccRPOU/WC9EYg42g9Wdoq2XI1HS31UDA0mLjecCPPJxKWUhRKiBmSCknGjBM2XEwGLjCB545XtD3nVs17jo3EXRElXQBFrSrYNWzQnAWAJr6LmowY7jmSSuFCxo6WKq6bkNcmpFi502AAdBHCCNGA8cRcwPM54S93ebXWCA5YaXGJqJ84eJXBL+bjf7m+QJ/y14EkW7Ma6ZkheGmk7G+STew2iKEoeCzJYY1bvzvvu/cjAYeFz/ldelw+jD+xZNXxKqX3Ql/5g+1/6Xw/7GIvrQvu5yQ/MnejNZnzCuSfbfxxa47n8bNI9W/l6ZbW7grGkrxeeS749NTwG6Bu9vCQCT3qa7okmCpzvi3de54vgfBkq8rr0uH0Yf2LJq+JVPK69Lh9GH9iyaviVV9zf6RFDhufNctcpD45OXDXt+7USeiRREBvY7UpmQ421xeVFtBRlZVxPumdAD55uMgNyJa2+z7dSl4220AfFQHThbjFADNgO+nJzrNx4FoxS5hxkyQJZnFcNt2ENd4BYJ6Vp6lxVTrlMVEFlMUibTQhgCIqgQLCHllYRiJg8dLJxEwbUBcStAZEPK69Lh9GH9iyaviVTyuvS4fRh/Ysmr4lVqW1G5j9a9rtgjmpKzFu0+oe0+LTMv1va+7qQoLCUivtkkcDAp9zMQMo43i23IRJlyZ47mVLOINXMJyYtKRFNNp7fXzKZ2lvlyhav8eYkYtuXspLkOZJvVDKRC2uOv0fqEsz5KhsiIACdzaTFTTKeF3oXMGQCgZ5cWEUooHhMk9KGPngDJYEEVzIv5XXpcPow/sWTV8SqeV16XD6MP7Fk1fEqtQGrvNNrHsdsSlajPSJts9LtnHUgnXPHUKbvwYNBzulNATSx84oqMdGiTlebXcPehNLUzdiPjCUUzoCWr5phI9dFWLELfKAwB+V16XD6MP7Fk1fEqnldelw+jD+xZNXxKrf5SgMAfldelw+jD+xZNXxKp5XXpcPow/sWTV8Sq3+UoDAH5XXpcPow/sWTV8SqeV16XD6MP7Fk1fEqt/lKAwB+V16XD6MP7Fk1fEqnldelw+jD+xZNXxKrf5SgMAfldelw+jD+xZNXxKp5XXpcPow/sWTV8Sq3+UoDAH5XXpcPow/sWTV8SqeV16XD6MP7Fk1fEqt/lKAwB+V16XD6MP7Fk1fEqnldelw+jD+xZNXxKrf5SgMAfldelw+jD+xZNXxKp5XXpcPow/sWTV8Sq3+UoDAH5XXpcPow/sWTV8SqeV16XD6MP7Fk1fEqt/lKAwB+V16XD6MP7Fk1fEqnldelw+jD+xZNXxKrf5SgMAfldelw+jD+xZNXxKp5XXpcPow/sWTV8Sq3+UoDAH5XXpcPow/sWTV8SqeV16XD6MP7Fk1fEqt/lKAwB+V16XD6MP7Fk1fEqnldelw+jD+xZNXxKrf5SgMAfldelw+jD+xZNXxKp5XXpcPow/sWTV8Sq3+UoDAH5XXpcPow/sWTV8SqeV16XD6MP7Fk1fEqt/lKAwB+V16XD6MP7Fk1fEqnldelw+jD+xZNXxKrf5SgMAfldelw+jD+xZNXxKp5XXpcPow/sWTV8Sq3+UoDAH5XXpcPow/sWTV8SqeV16XD6MP7Fk1fEqt/lKAwB+V16XD6MP7Fk1fEqnldelw+jD+xZNXxKrf5SgMAfldelw+jD+xZNXxKp5XXpcPow/sWTV8Sq3+UoDAH5XXpcPow/sWTV8SqeV16XD6MP7Fk1fEqt/lKAwB+V16XD6MP7Fk1fEqnldelw+jD+xZNXxKrf5SgMAfldelw+jD+xZNXxKp5XXpcPow/sWTV8Sq3+UoDAH5XXpcPow/sWTV8SqeV16XD6MP7Fk1fEqt/lKAwB+V16XD6MP7Fk1fEqnldelw+jD+xZNXxKrf5SgMAfldelw+jD+xZNXxKp5XXpcPow/sWTV8Sq3+UoDAH5XXpcPow/sWTV8Sqqh5kd9eeTZPUdOjzki0v+QPXoGX2a4yb5+bpI0Wd1kVMRHeVbaF4zOp4rqZn4QTFFxGPBeJKxo33j3UIcPAqLjn6rVZQ+mR/ij27+l9DX6lS9QGeDje5JOkgQtpLAcX6XaEfKzrC0m84CcTSJ81qU354zJBt7uhUVzXjagvpKSFrvV0Hl1O7uSTywYPefemeOQxcQTOb/ldelw+jD+xZNXxKrR/0b78SXoP+b5//ALbpPq72gMAfldelw+jD+xZNXxKpW/ylAKwB8+n9Ka4V/wDhyf8AUUmSt/lYA+fT+lNcK/8Aw5P+opMlAb/KUpQClKUAqtvmHlpyQbxab8SczjxlKdaBq/KxJuLBITIE8iLbpbZpopq4QFxte4R9ENrwSqSF7F7BmigOeVr443tVklQ55DNc1LbrRfbbWdCELAuaatf5PYjOHOi4gES74V2qo2Y5g+NnmHgGQLu0NGGPZZCB496YDdkTC3ZyszJicIx2n4qQ44AINZ0D8PeiSA0kkkQvIEGNicHWbBABxNLzvm4v8pCwqKxjDHuh82CE4SaEVGNZCilUNGSEkPLAmnFQAqx+CxnoMQcinSCdB0YlYpAbc2JY8psRhpg5hLRGkRnVNknF5IKJgm5lRksn4shsBsp2ZAyVOEUxpEAwh8hgcBwuweEzlv02jjjOiuD9vdg4s1X2J0aaanr5O0NT08UaMpFQRYePqLdb5lDZrrNprlePfzQT0EsKSaiUsKIDuxUGpYmIqglQjnHOAMwefzz5feY2SElWjiEd0J/MuWFFJ7EDSMdz1q11AkUcvI5gqL217JB9HcxVKOGccRQ7LLAXwyOWZMMMY0isaa+OhGejKjLvDVF0zZbfH69OPbg90qW17wUztatbI8NuFXb7CbQho4tPV/OkyeXcmoxUpYVDq88n27lHEYMgRzPihJ6eXyNKBxEaCAbOpVbvRi4AmSNdPtg9g5fj47DAO9O3MnbVxfC5wIwTEYsVvUihFWsZESjJciKl+H+8TgiKEInlM1BkJzOW8MbFlQsAXq90a2O0F5T9n3nykcq+5OpLUbkbyY5GVx4aDT3srCzLQ4MjlsKAFgpok2KHg9k4VwSc9z4BQ2AacaVmQGUUYVxhgqiEUiwsydTju5Q+PNnwwt7ECbi6/u+EGs/2RGLvk+KpKbMws9mPOQ1MolNZLeSxFqg7izVDNinQThs8vZkCKWk2FV1EwVTQRDOL74g3l34G7zf6nV34Kw+lafiQtov/AIcdc/8A1BxvU6n9Ju1sR8V0ZvPSOACuyuzhfW+CU6LozVnM1mo3LqqqyGmSNut0nnU7mUCoILQTRDa6YbaMuFl9zmipNBIDJoR80tpVH/SQd7tb9wtMWFx2aTzRFO2mzm6k7Qy2GUwtf5BbEsZJDcbjuJPUw63UrMNTX0hspeawht9PC8NnChgZOPKzhCL5obaXVBPlN0gKc9htDeNfVtjQLKLuhRqOKb9e9Ydgtm2ARHzeEOwZkzldKcLvbh0qCIfaKmqnW6llyjrJCFD5HPLFATDpRacaYYDNF6Lyy/AaKWZrt9HWm77r5luOnSk/vK/eUiKpXlqLkhnyBJunD01V16ZsKPAirL6CnvON45fLUKoU6mBWaCsmrJriu7TCg7S6IYFyJN0wqAWTuTcx/KhtZEuhPFftzooo5tB1bqTzq6aMx2oJMargj9YE5wytSaRh08vyU0HIlNPNwKIqChmXukFURYSMrZnS6mSLd8B5wx5VYm4I9dOKfZbGDHNqVLuzMnQ2IQieXFmR2rtdtvJbnHNpSifeSbI6gqyJKBYMZOAU1tzuZCMNxitwjmYzH8X0XAsVC695JBQxuHDovOYWeImNpw4pwr5YXtlawgGr5YAbC97f/XBDB5h52/2454ZY3/Da9My2ITy8NJKyI6on1N3WKwmvyAOHpCWpuoT/AORNf3x1XbqxCqehP6QNDoy1Kbq/DmbPMuZJTFdBw2HkFZXJjcKuiEFjAZXukhMssp4px/BDcRHLImbMXXJkba1ctujuqUhbNwi3pDjqX46gfa5IjJyqC2IjNp6PCMirlSsR7pCmk5rGbbKvhYR8QFO5pONWEFFMEhc7BZB9Gc/n4mvkI/MGp/rC3qr1lDkkMcXnRr9Ep4aYSQdmt66X6Zwtr4nL/euSH8rD41+bhsm4l4M4KEUFRGK10Fzvc2XPZhpqoZb5FAUDRIus3NgkxVZNk0Tyql/JykieJOtVP50mDaqPHjrAb4k4ZQLT5vbu2vxU2Y3gdlgALa6wG6hyO1pBEk98hhdkqzEnAqzhCjfNLJpKyxCMnniLlgzmm5VErdK0dEYXc2rWn+v+0UesXYE/qmxINLt9VeyTZwEikrw/HqMzQpHRcFHHHMJYEMElEwVPjBWMd7qJgIXC2JgcPKmfioE4dtCWiqTBKXKBoRPHILPRPB0bWbVvndHXdyPZyPBwd7KzhZDLWVCRhB29GiGq4hkCZNMxIjOrwQnLLgwyxKIKQ3rJuRflUYvHxDGu2z5mMFqftWJmkhgtd7z3EjqTlxnxDHEjhJii15rHugpLnxfbEWkQ2bPIJ1vnCqcvHLICOnrWR13IXdwSnFvqEIMUC8r25UZ8vu3us/EHFxA3AR+Hd3GpKczTttKpNiDsVO8PnXwwLMzVxouRfs9pmdr4zXnBk1TiGkpoKiaJN8ItYREXD68jbVKxq9Ja2/0H3E0KjKINZJohfandCRJ6hkxp+3tdXs1pUl9tug+5yHh1YI5MFSVHCxiq02O/mzcurCo+am6DiGWwKDqaL3VK19R6TdSewGOQfR0JSexFntkm8VEDLHIBQdRZFJAuE6DlhgHhkEaVsDY4eWGGGN8BLXxwxte1rH0uvXK/E9jxbz0jrVfieicwrDpCO/8AqdoB0jnmjeO2MlqsaN2QG3B7ZaZ9KiuYZUEU1pNY8ZKh0oKnw8wH+ppWARG/dsTiwTTyI2X8QAZEMfxVbi6ye8ZH9Jf51fzewD+q8ZVF+U7Qi/KdoXfabcpWjO/7neTO1OmFcktxR+gkXM7CCrCc+xWGmIqkoXSyRsJQmGLmAmKuYp63cciaOcUDwOP8eOWCL/xtdsv7RvUKVthmltdJ2u0WSJsMwmeRYjJk97Ngo6FtqNtLXFdxpYCATWu/URLVUxZX1o2nOUolhOUhipnCpRXBJjZF7yrpVKZdOiVfi7Nhf/EP2U/ViI"
20:08:59.613 [Test worker] DEBUG org.apache.http.wire - http-outgoing-0 >> "avsTdVtWoz2FlTeAtG7Qa2wUgMAq0pVnZTU1EJUORw1SDduGlqZxYVxG+gN1KT2Q3TB4UgSSgLhIJc4ojCXCGGyoT6JV+Ls2F/8Q/ZT9WIhroXl33Ci/dHklb/AA4yluJG+l+kURsBImXkDkZ6zKxoSWZwVFMFuOFj6rM53PddQyApdRQ3O0nG5yJAybGNElddUj6WMJHBUirs5+/setJtvCdT9TW+RUrlW6Rwl70aoJZ1U084+9ZHXrg8NkS5IcmzJ/ld0hSYXBabJVRAgLupGQrywYWU8yEGZKBkWTZz5Gw0d6MMRW/b43XqyYL6RjzWRvsqro7Vn3YcOBXlrCtvU2VSB31CaOiq5pWarAWFYQuCvC2Q1OKARG+jGDRsS0YLwdit7slYxTrv9OdkOKZtokaagaL7NaNHSiIkn0qMYF192EhZ4uM2SQ0xQcjgMpLSaT2W3U51QNNILLrdy+OAqrSh3BadDkUTQ91FRyrO5BZt4l5y5AimgvLJqrHrLGRomJyHrjtzsQvIjAjeUUpTzTRV9gMOYktZajkaA6YtHF0kfbjhdiWjKTka53AIoIoKrSEXnCQ/fauunAtBHjB1rFV1V18tBnIibr7Gw2B0pTimBgl6N1yyiHFUuwNs5izDxNUJht9ztiRlJisN6KaSMIVEcraNKp56mW2dMXVm+XEZykfKhFlBMwF2B1jC1chrT7ZHnd1jTeMmPowT9C+J2C5TdEiyXChMqdiV5bOz+jL7NKttMkRPEUgJNdIaEZZq7m7xV9dMnwY6cKXmrCEUFNxN7PaL6l18zC2aSekn5zcUpSgFKUoBSlKAUpSgFKUoBSlKAUpSgFKUoBSlKAUpSgFKUoBSlKAUpSgFKUoChXlu0c1CizQnlp2jYOu0WN7YmY9WZvXZDmUFsFDsgLKiJGYqGcyIOFT79OtcmrEU4qIvJbTzQ0twKnfK6uElBcPHlEzJrg+/FDcdP6KMT/q+BX6HNd+KP5Gv0QZu/UpTr8/g+/FDcdP6KMT/AKvgUBLzcjZJs6e6p7C7Qu/vcVEguJHtI108yLkDgvKzfRDZlttYETG+OWJ12OPwS2U+1s8O3PqxbDugfbdvjUl0aTXxzRFxfMSZJLyMnpq3kkKQt0pWXVEK11JcPTErYXZaoMayxsKOXXI5RWo7sA72xLgqDoVRC+GXfApgxGDpQkiOSWI50g4povVRikj8km1kftJy95XuYESobjx0tk6uKyqVDtfIsnFH64WE6cTZrsFhUxiObtQh8SZrMpp3YzLbcbslnx2zUwBFaDCazfZbURi1uwWSW21kkohoSYXt+DsAEEsiVKhW7H4AwsbU28xxYUhuNoJrHXSsNWhqtDHlp1tntRFnJfzrSbBHGxsbuS+JA2yZrIUldFcsfQdHTfjHV5vvKMWpchIcvKBEN4OVyBjHVFEaDKRVo0eQCqard84Fj6ViPoU41+TiE+S+OZCcMetd/RLK8GvkzF2w+vMupQKHKcLyCUEPgeCHGngDDAmUtSMJC0AirAfewhk0hriWpJqOvIiwjkI2aqc5OskqvjaGFdvTse8d+xGrMsL7DdEQ7Gzg0EIR2MZMIkzaNLzJdrxS42SHI1nDlkpjAgIQCtcihBN9ziqAyI8EEyPXvwbKWWxnJtzfchUEpBsxqbNciRdGcJuocqdbrRm98RairBJ5O9uGjKfkOKl+EQAVsZaETsxwgpNByGKCKWCoRKtIJsromkEttVah0aCeU2RERE0SCKlVRmIwcZG6G28RyRy8SnCXFvtBt8uSzyYbBSK6HYjOOP4TZ6DESHdOJRe1mqflA2E5pUkQikGFw8cZLJah0ciiKTSN4nxzLmwJE9L/ABx8jcC8msBjTjB4DsbBttOxVjiV4okZLBQpLiKS0AEoOsM94JBc0dL2zsWOlD6SqkTQ5JSImO5i2ILZBbREmHemXPDqHPzKmO207ljrjw2C18kZ4x/MmtWy81s5vPhrYNgfGxNypZ90E2DZ4I6wBncLPNtI5+ycsA5peQpwM2iKCxCPo3SeelGZOZbetmIC2hawbnbyqDh1tOK6SfQAHygspyS8oOiSUVKUgCo9k51mJFQgjhvAC4QThSFxvDDZqTdUQCycY+c7iI1q7v8AlXdXNTtKUoBSlKAUpSgFKUoBSlKAUpSgFKUoBSlKAi3P+kupe1bxiJ/bJa/RnN7ngc65FGJzUlN4B1JzROu7FDsvmAW8qZDtxWzOCNlANAWX0lVwTT6SSUUvEkfBsZqhHgVKliPJP0jAkSLgEyZPehkFShQqCGXLFSxdX2FCALlwAscAgAAAsMAgQQsMQww8ccMMcccbWtqSrLpwPfjMOkcfp3s7/wA72HoC/pzaha2vLZePdxXTEzeXdl4nZinHscSyoGFkZdZzPWcHMEqI6IRup2QCtjwLydABg/4IzU8wFk2B37YHuWAeZHcKWGvywc6vG3C2l+GMjNjixlN1zvt3sy18bHY5ZhgwtsVRBhROehW3eK0rK6jFuDTVSKUaUiyktOc0SKdkJhP4dJ7s59t9jYM5aucRbG2hYumOO3qcovnbna19v1rxqUhjVQjm4iZtvtp4u1aQUVKe0vjNB6N5LxFV048aFS0lrg52JvwweT7CtBZc4TNRY3jXT/SDbzQ0kWU1tGbzcaLK2sgV4SlMMlOMYghFFJaESnybdEkyc81K5BOLWDLGzxobNNbjcTSKSTR0UmywyclRlf6/CrWRXizNfelnNd+bUKiS2GVO3HSFGmnr7e5kumNJKkkF2pOKu2UhzKogCOkONRBSJfRQk25wA8bPSahpgYOZp6pAKjwzpGmyMMMndvhNGjx7ttT2viXetir5tHa6gRU3K24TfDnYyO6EV6ZpgwhlCSJKOJ5BKRkdYEKZuZNIO0ZKDFATVMYOxLlu2S48Uqf9XdMuUrVVvufW/YIi41ePdvJbshlIRiqVEkNTAOsdReuIyc7owcqmSJN7BQdBBbQEbJHdaSMqqWaInOYwhUxS9rrxyTpyMcX/AB8cQsfwepxjAuxyZvtvJKGvikWkdnoLbhgZLHjVsP6ayis7jDoWV0fJ4M8ghnnapiNNUfCGWLFyAy8rZFEcTZuknuuwjOdkttsk1XVYqiG5GlKUApSlAKUpQClKUApSlAKUpQCvOh4d/wClw8g354uSX9tStXovV50PDv8A0uHkG/PFyS/tqVqiy8/z2hFl5/ntDQv0rHY2QtfuI58osaKx1vrmyUvRvrUqLqccunniLOehJ2PB5EAztsw7AFHY3I+UGOtdvlbAZAc6qXyvhYbuuFyGkuoMM6BasxXrTDyCiNlnRe0E4qvLJYqVTzLydoSaWyekku49bAHJQcbtVgTa2sKZ3L+JwFCIlrFEsgRJlYTc8/H27OSfjXmOAoyCKGZmbqk25khdPPmi5ImuyBHRg0P4qZnDYgBMmbejRVHYzkc8eNE01PXF5MPKpsumFjmduieN/nW1C2Fg9uxZuZLjE1I3ai1uEY32egbapbToSWs5DbqcCiOdcQbyiK3kpwI7yHLmHBZulT51yNsFQGSXEm4YFi6mp3WUe8yZUitXTR4b8qiJ06PK6UJF4YNmZgguU5QnTQGWJtg5xhnIDdZ/YSGFR6s5zKiqkmyWDVzTn5gcOH815LSDiMRFBP3KLQIRtJLgHxxBBaSOaHXFtbg86fH5qs7BAAEjYDjy3xjUI8YCyGDRl5XhuezTUc2IeOOfZNNF0kEZ1kL5YZ44qCIVvfAS9rB5wz5l2jxRSg/ePqBOJOL9O3/tWDvREz4kBF0BiSO3M6CcLNoou4Ok483vAbWOIhJsoi+ebaktoy45QciNidl84nBkkI6fIWtbtf0o/hf/AEXNwf2QbB0zOA+jy02clF0fjbM5LXFLHpCbFHBtyjo0afuo+xIbgNYhjM5W1ntimp4rhND55Cd1JRJdlHV5SM5Z2FVglrPIcfIAUS+Qt6Ja9sIl628sj6TjhVwckPSLIHUYwxVQcsjybrNr4aesbw+kBGDFrjgXSjRh2NI+EWysVPAMpCMCXzuXLAkpv8rkkSjxq7i8rmnELt5bOYc6MSwg69ZCKQXGyTimw0rSWW182KbwR0tjj3g4JCQnZJrsNGrY3zAPmmAVEFDFPFRTM5+aLXFrahatdHw1hZlgM2/BfJHpbG5c8AD3v4cPttDUCS65zIXYt2FB1r2Km5FPK9sbiqKqaFvjjfPtbJZZeJYiiT66dLptJvMYKcv5dn+xIu6Q7wav2THq0o6YrcZGxZlwvR9uRHaLTQi5ltO1PLGFlxuA6no6WCYPmyhIAU8cADFNmi5YPLIYYPDK17dHmG4m4e14ls/Km3Wr0woanHrvRTcJR5LMfS+9JULrKAfTc2ISYjIW3GqmS7usa8AGFBVJE22QCUMjK6qpyaGZNhVJ8xEXRpNPSD+D2L5hj5lypGztYuxRN1MCRGwivNmOQoUbrrVChZdbLhJKKMrFyykRJKBcE8THDBOkyxoPHEcALPHRLG/HXx+w4vkHZEujWn8YutLGwMprpYOtUNNFzEDAefdAjBRwILMIK5ccLP8AhBChHMRA+xa2GWNsbWssIpLMxypjoscDTdAHENFaLOSA42gqv6SpPlViM92FDqYuN6M3eopuDauZRlDAI2jlnQcS1l9phUUEG5pLdZJX7nbwl22Wi6lKZ6GehSlKAUpSgFKUoBSlKAUpSgItz/pLqXtW8Yif2yWv0Zze54HOuRRic1JTeAdSc0TruxQ7L5gFvKmQ7cVszgjZQDQFl9JVcE0+kklFLxJHwbGaoR4FSpYjyT9IwJEi4BMmT3oZBUoUKghlyxUsXV9hQgC5cALHAIAAALDAIEELDEMMPHHDDHHHG1rakqy6cD34zDpHH6d7O/8AO9h6A63kV4szX3pZzXfm1CokthlTtx0hRpp6+3uZLpjSSpJBdqTirtlIcyqIAjpDjUQUiX0UJNucAPGz0moaYGDmaeqQCo8M6RpsjDDJ3b4TRo8e7bU9r4l3rYq+bR2uoEVNytuE3w52MjuhFemaYMIZQkiSjieQSkZHWBCmbmTSDtGSgxQE1TGDsS5btkuPFKn/AFd0y5StVW+59b9giLjV4928luyGUhGKpUSQ1MA6x1F64jJzujByqZIk3sFB0EFtARskd1pIyqpZoic5jCFTFL2uvHJOnIxxf8fHELH8HqcYwLscmb7byShr4pFpHZ6C24YGSx41bD+msorO4w6FldHyeDPIIZ52qYjTVHwhlixcgMvK2RRHE2bpJ7rsIznZLbbJNV1WKohN+HkglsV0tPb1wSCCGvAaD6JxY0oVJn8cRwmk4ZYbcVO8+vpQYuF8S5vwTN0ppggwVri5Wc2eVzGPcAgcf70pBIKRI2uL/fFpABJ0zaz8jUOtxAcRW2JZRMMd8Jbmejlbhw0EHkKfSj61EzbAGSzdhyWZFRXAbgZBKJ0E1+FPkgNjiy6SCY292JUgmBqLyXanIUKGZ4X7CJ8bR1sJF3iKnJKI/XML2xBtlzDTihAwwUlPMmlBln7isGjRdIarqUkvhfMxsJDPLDs7xocXemUlMvZI1bbpkbYbPPWFHKkSOxIchaIkxXRlE06Xw0jyi1wFJTQH27jZVFst4Gg1pNaiOod4qbwa4Kixb6CXlURbrBLYp2PykzLJ7G5/OM9Uj7VmcNrViAtRti5Aj2O4kTUgiUVZJnzB6xGYxcciPVQRI9YKGhNppYrTkca+rf8AcwAiFexEyaVkoIax7TrmGTJ22zXNBNptV5c0M3QKs0xI7LiWVnEz381pcYZMM4OorEVSoxh/Ft4G0oolrB9QJkCtyORJDcIiSsKxhsOgqichmzl6i7VjkXbeju2LKJ65xbKMPiSNBW5UjyMmIsMya8CBtLKLsUHRVVupSAxHKkZiL3dDS+/hcRMybUAEIFh5Da4Y9R2xMuxZyFdIy4uimlTzbM2J2jMczjI2084RGrpzzjtmNp5oaglthgKsgN0Y+gKCoYVgMm8MlpqkewKH5LunC5hHyTlLpR/qzJRttXjCYdI6ySyw2TveKkMenFfyVcdv5wdjf1ciGtvUS3taKYzvf/ZaPWZe/wD86zbTaxC9OK/kq47fzg7G/q5ENbeol/kqjL83zM/VxNoDLV0W5NK7Vpe/3LPK5YJy7H7V7dvpglHQsBhqKsxoYZLbYzkbketc8ZsKZQEAAd4FW+YR08YMoOgR6wSg3dg0EhiX0a7i6ba9b6QM59bdnWKE/oqdZ9BVjibgeOIqymLLZViyujrbbciUKWWm2sFxgBCWamjnChwdHUFZGHFETVU+WMZgeMOYGPwC7O7acZm860BBWts1T+5dktCdn3sGMmQe+Wu7yCK3F2O3LIw+Fm+x3U1m62GNgpFHGbTUdLXiLtEU1FPJLrGOu+zzkE53daYAj9NY2kL3i7fjeWW1RLaWvOtsAOwjNllpxqpoGwq5IhyJ1lTxa7URUrvpUEKmVhLXV7PEqCmBgJHhlxoVksG0ilPAlGGkWaMN0S0UdS6qMY7bMQxuwYpZQasCzo0ZrZYTUBXnAuOxaBbjRRiaCiAqrnc6grOJwKAKaQLBmlhcU1BVUBsczR44YMiiC5ZhuZv8eh0df86Wwf8A9/E1XPmOQ6FddC2tsWch8ywJq1tPN0RCSCqNBZeYjeiIo4UK6GTe7WbUsPUQk0TQ6EtrwCOlF1VxlVV03JnFBDJGyuF7YUFzjM8ccpnSL+OFu6hO9BnCIOOFgyrMmwk3xupF3ZFzecL2KChITPTnskCG204FIwutuPkqwqGpHiwhtxrJYAwOaZzmLpcB3NyIf0nHgz/M5tZ+yyZ61Q1lM52j5jUHks4cuVB5oq6a1rgR+SjBmxT0REdSWQYoRphRbtlsPFwFUkuaO+Au8nc+DguYIAgoxpuFkQkCdWl9HTjltsu81HFlD8LOCcVLevV94N5HbJ5xJLYjibI6fkivIwWIZnCjZabAbLhUnYpuVRGsEnYpl0kHNMNjdldySyxc2OXDMUqZ6Iz/ADHN3P8AxUNk/wBkOtdarKze9FjgOUYZ4vjD6lpqn2S49stlJe2sS2wrEjScqkGk/EtisxsHTZA6CAaALONNjkN0IIgwWHf7YW0RUCt3A8FetIVAKUpQClKUApSlAKUpQClKUArreYIhjifIwe8MS81yr1jGSW+dar5aJ42pkSLkbijbHBQRz5hHOpyjYifCx7gcBLnQbGi2YpUe+ZcYULPsio67c7LMXTjWOdNpJKxGGZkGRq55CVU4qMEXPr46IQEERmqlDj45ABrLtXM01so2Q9u4WVVYnYa+IXb5WDgrs5INrNLeIHjtUYys22ukJKhE7jgbVbU9thiKi5Ki6qNwy2kZkordFEUlo81S5lZKDSE7VLE/gTInhczxhXdK6jJC5l93B1+2J0a6K3pbpvK4iwxJL2q3JjRiyIzjogwZ5htqY3rL2xKAxlkqJ2ohFSTRGKz1V3IItimSY6x1xGOWEFLGMjM2uJSTuPWYXkBy+8pfIJo07OQOZDR9biOJpL2pgtHb2ikRgKh8FgxxH8ZOh/hDs1+gJl81lSWFcgG6W94ZuWzsUe6hILkds8ekEMZK5HeIF2Svo2/2Hsuo64TKw9l2OqQQ727LiM5lCHDK43H+mN9XYaqtpSuutNmvZ0OI4hkzZlTHyQhUkuTzVTZMDMmZH5CV34uy9LHcvDc+qULOTU1Z0suz0onAinBZnXoqzcCRfNOS48yZd2MnEShe4eIQZhJScS4pA0HgGOWPlQDwAgRoIMXHPL0aFCa+5XBHnq/sy2iEpxa2JOn3WxwtRfNKGZRbYd15OfwKRdTIGE5ZJ4oxx/DF26opiiUVG+GlpAiIeThUwh3pMF1dIg43ynHuo7mt7ZaHzb7NxAOvt7W3B9tw1PNpoNNzLJNiA9FOJ+71BUyr0EARFFcHRMGuEj45vDwzm0swVgX7PRtdR5D084mYIaUuoSq1ZRlhafOwDzaq4VHJLbczk1ZsK0U1aJG+0OEFvOO0hnKC2lni5M+jLB48jqBUM6QMXzaJtpngJJtEj7hraUyvffGBoV1u5wOjtxVAMUsCG44Qj223gxmRw1UdpIAI2TFQAxzwpBGKFAzqqd7lgIpK57vlUUzFsjSgcMmc8xcrZefx4uJkcOW/B9qJKyurrihfGNCqSgJx5WVTZWXXi1osWLl09NBMHBgSqI8FE6"
20:08:59.755 [Test worker] DEBUG org.apache.http.wire - http-outgoing-0 >> "oZhhZBlU0scNmr4FQBxMa8+Vz+kAdHy/8Aghtt+pKJVy3Jhui8+PvUh9bXNLXNz7OkYxUEM4/mCz3WG0l1Cj08ZEJOCQwzWTWeAh9NZwoqedcBQJJDwIt8ZUcZ9RIJSEoD2SEEsnqlCkmGuYqQ+PbTDT8zsNxU7ixBodHcMa9QpjtcqLMWqy6305GZLTj9EfT/ANdG+uKEjR81FtRLFRyxl2n05cP4qRAoRRlBzqZBvm7zt1ng15D42NtX+x11NdDLfOjs8vBoOZGM4HEhxNdzQK61pvrqUbD/AIs0mq6SdKKBEzh/AHKmAhcfwZWqnLmF5auOKX+H7YonF2y0Mzg79qoRMRrB8MMV5N92zG4JAk0IgltkudidKOnXu2FdhqqgVX3KXciIkmW4oomKQZsG4zSSmHpYxfDcja+dHhtC0ulDqZJkdcVT+bz1QlK//eLXXgdbnMYNs89a1744G2dcxi1zAYeWYQYqRmGCIIFjhnkeSUn91sl9A6QRllPe8ozkl60/9CX/AJg+1/6Xw/7GIvrZ9WMHoS/8wfa/9L4f9jEX1rS2TnVoaw6+TbsW/hcQmbB0WPqU3Dh3bAAY6nMhuKLgESiWeeOfbqaxmRwSkouGGKMbUjhUqXBGHGDCzAzrM8/bkA6Tq93EFl4ZhThy1ixZKQKFe51DvtHsIXNllozkEJ2QgFMBrrrxbprO9rZlV+FCQpYLIYDv0O/aYIT1sTn+n7uSHC7eds163xo+RWVKBJo3csrtVlAt11G3Q3GF3vjmpDGltIW3OQAR0/HvlVHWzBELs5nLWqkDotcNO8jobJO7EuYXNTdyPbJyzs29VowDmAoHEDN0KzZbRcbAW+Qvg824CT+fCLkIIJ26a+wRQ87giB1OrcLl2inRDdrXXWDZ5gqcVwdsizVtVa+7Lrdacjwc3JBRBVkMxGLxyNpOODfUMLEkAY84lReJIqSVejdUVHIBKwWVBJT2kn590oKw0i/pXvGkVgxSVrts0yOa/ng1t2WisIlAcWcakYS6mgMabXKzmdtxPDxkVuOBsqeSZAyc4Vh5tuLWd40JakcXV/C4FiuR0kZwKKbtyTULunlldjZ48eazRXlt2HGTlHU3DWt56guIynrLfUJJieRTyrJ6ynP1pRYeViLzf6KqpkngJDkEjRIci03UEBzn1gnjYw3k5a6e5GZp1x3C5w+E4vx7P+OZy2ViWYHI8dl5U14X0N8JjV1WTz7HNONtydJDHNKKAaJmWiHKSamISgsmh0HB0HEkyAnDSGjlFzlG4UhRXrX0nmBp35Cj6O09YnDpCaZWmMuSlhgDCkaz6UdIQ7jMnXOr4XabKdJUmYe4Cgvqg5EVGxfTAUlI+QJGUc8VTecG3peD+GhCRU1Z5JJVd4Xg7atpCRwSbdt4H5vOXzioa2hi9deReP6T3Ts5PkwvxNNQytYs+5yPVgtG8ex5KALRmV8XcBhhWSXcIksQRBR8HI3zx07ZJsrniWzSsafMHsZrft9yTcMLI48ZHjqfd2472+a70d8ka5uBCkMON9aCKognJDS5QkFhmlNJyaZhLwVXAqNM+rKF01opryyUUogUeBcFybLKfF8aO66+Z+b7aaIlEWbvGalKUApSlAKUpQClKUApSlAKUpQClKUApSlAKUpQClKUApSlAKUpQClKUApSlAKUpQClKUApSlAKUpQClKUApSlAKUpQClKUApSlAKUpQClKUApSlAKyh9Mj/FHt39L6Gv1Kl6tXlZQ+mR/ij27+l9DX6lS9QE/+jffiS9B/zfP/APbdJ9Xe1SF0b78SXoP+b5//ALbpPq72gFKUoBWAPn0/pTXCv/w5P+opMlb/ACsAfPp/SmuFf/hyf9RSZKA3+UpSgFKUoBSlKAjHKOk2mc4PQrJM06j6xy/IhLEpgSf0owJFT/ehTAhjhgQxKul2NRWXC+JLAILEpiEewsWxDwxBthbDG1u9lVlM1eZqlHK40mysx6stk4ylhiKqClKLNVWaopQiEoNJSbBwoMiHmyeRBhkc4gmiIqUaShRE8cpmUzyBvyalAQA8k7xZejT0A9jfXX4c131F+o+qUIM53x1C2sevUQx9IImQr+YsXwvG7AZz3FzI+DMxHe2Go2klEcomSb/3flmtETuWRH/sl73L/wAXUhaUBGuINMdPde3IoPGAtUNaoPdyuXHKqrqiCCovjRyKZUzljmZLKC4y2siqZ0uYzxxyHBMmhQxcscchMcr2teu9XU1Gs+m6sNB7NpAeLScJEVMX2u6kZOcLdXE0e1rDp6wiK5Y4mqZEa1rWFKHSw4AlrW7cPLsWr9+lFjONwsZxuRIZ+gOiEeJT2QmBpRqQxkOS0BSacjozP1vhxspUgNZZDuCsNp7JyKzCRR1oCqFe4SkjLoJ9OPB3vgaLC437Fc5V9UNWl9jxjGK9rVAK3GsJrSI5Iaj1XhyO1JjxI4m0EYBbi9GLTONwZAYS0gAmzYSIqNVPSjyUEaMBkRwMBhLZd/UoDh8gR4wJYZjhjmU2Mz5Lj13J+SS62JIDZRXkzHOl5iBjZprha7iJKSItJ+YoIQuRNSImS+QgQedw75YY3t1E/wDTzUeWI5YUPSnqzrlJUSRUWTCUXxa/4QjN5RzG5NERcW2jFGEyHE2FJss8skN3HFBTAG8mJwRBFxxSymARG1gLSNpQEAPJO8WXo09APY311+HNTMJxxHidH6fEyewmWQitJaZBhpcZk2shlY/TWMlJQCGlsxPZgBHBuE2mmohYsjkG6XTQ0cmlFwE8uTDKBBg48zpQEX4m0h0ugR2Dv6C9Q9X4XfRoIyAZekTQDFEcuwwCcxzwNgjuNntNGWBQjWAgmJkMQ5lgPjnniLbK2WVrygpSgFdTtiBYMZMmPuaWZC8TtGY5RLp5OTZZbEdM9AkyRSiSEVASir7fiUjlHS7i6YASJAp4DgVVAImEUKhlsQ8C4VsO2KUApSlAdXRJB0KwC3VFnwRD8XQo0ldxKbvVmvEkftOOG6qOxaCJgLDoUURnJCMmHXErAp5AFTWzJUVSPhESYZoyLgWBth0NIvHNx7S+9XBJMtaI6aSjIrsNhqDqf0i6wQi9nq5T4RUAkEdcDqcrHU11ZNhkipUoGZUT5kbAqWAL452CBDwxmVSgIhRZx8aEQW+kWUIS0g1Ch2TG3ip4N2RIs1qhmPX0gYLSSeQVjFFdrSZaQvpeKshKakiqeJFQAsfSVA8nGrCkzZgETt+ZNfID2LbxVo7BwhEE7NQicuoEmxMkasyT28TP3wsHc8VRXsiriaXOXDtbC5kEtgNfC1se37W1rV29SgOuotiCJYNaBOPoUi6OoeYScMMYT2RFrJbUfNAiYM2DsYHJtppJiQjFRh7BBWGFAJYZi2DDtnll2mPY7FpSgFKUoBSlKAUpSgFKUoBSlKAUpSgFKUoBSlKAUpSgFKUoBSlKAUpSgFKUoBSlKA4u9mOy5LaLjj+Rmg13+w3ijnm87mS9kBJdTRdSApgZFlJDcbbXSh9GXEdQLZ5lzyYpkjRI2BnkEYAEDyvjf4sdisiMWg3I+jZnNWPWCz0kogtJkMdvJDTaDWQyAdgSKK3G0gk09FREkkFawRROTCRUmWDtbAEHDG1rVyqlAdROTX6BnlKjJnR3wlETrm2NCBtLjiYnJGzNXZUj9MP4KQR5OZMhKiKadrUIHQ1lXDNk0JXIFzOCqpYDB54njVhe3aUoCOc0aeakbIKqUu7Eata5z0toQGJVDWJohGM5SVUYrgIINgWSlB8NhdNpwGIwoouIJQYEPEQQTO2Nss8r37sarTarEbqOz2Q2W+zWk3iQaagNdqoyc3m6hpwPZ7iQR0RILE0xMJBdtl3MqSKgAB9tftQ7dm9cgpQEZ5d0t052BdBF7zzqbrPNr0SwC5ZNd8uwRFskuhOLFL2uVLkV95NVaVigBa9rXLhFzYYYN7WuHjj2KkIiIiK2khMb7cSEtAQEUiWTEZDRCBRKSElNJhYgE09MTSIQBIgRKAYYAlihUAIAALDEMIPDDG1rfqUoBSlKAUpSgFKUoBSlKAUpSgFKUoBSlKAUpSgFdXMODoVixzSO9Ywh+Lo4eUxrwLql12sOP2m0HNKjnLZqIpdxyOvN5ITlV8LwAiwrCArDmNqigFmqKOeBjHI6ZuL2jSgIqTFolpBsQ8PlC2A021UnN/eCiKF48TFrzEcmvDwImZmBE1H8Znq0Fta8FJ+Zs3mRT+/e9CmZkxkACHcYS+XDWhxmcb0fOttPthcfekTIfDMXkl1M95NDVGB2062o50A+AqITjbTiRmESV0JeRVMqWUUlYSzhVQTT5YA4TMAmAQxMZu0oDgEmRRFs1NBQj6ZI1YEtMJWyBzVWRJjObr8aCnmXvfIDNQbTpTlVGO5AZZZZA5GSQlw75XvhfG971xqF9dNfNb0M+19eIJhqBW0qm8FBUbsLxgyYuQ1I+HiJgGdPpLHQ0IgcNh4Ci44GTBcQbDEQTHHO1s8rX7kpQClKUApSlAKUpQClKUApSlAKUpQCvOh4d/6XDyDfni5Jf21K1ei9XnPcPGeXW4eQO3c879tMvJPhle1w+wHjjNKzewmfZEte+Gd8MccbB2zEtkLh24eONhMg4svP89oRZef57Q9GGo7TNqBqXscdKKWwuruu08KJAviUIn5mhONZQOkiuGWWWBYoae7ZXByxfHLLLLEEETAPHLLK9sbXvfsyJpVKdPQ/rzAGvSSZQICg2HoPQjuQWRxFh+M2XGiSbyA7awORlNZaIikx8gbZ52CuKDncPtsu0vbtr9n9FbhCFnNKTLnJyRDF7gmuN0tYQ47mBbYDUVZSYSI4iagnuBHZcgH0kw7GslrierqpFYT0NXIlFMmpqBY6COCdM4C9oUoDqF/a+QJKz0jeSZRhCIZJkSG1QVbiF/P6NWY8XpFS0ObTFAdXjd0uFFUVxjKgx9FRjop9sH0s2IbSUwzmLkMQK5hfdkyD4Vmq7NvMkQRdLV45d6ZIMe3kyP2m/LsR+ovbXR3uzbulJVbtd3pN887pjlRO8Vkh2+Xep0Ltr9ntGlBOeYyejql0QPBz3klhzK9Iail3TBFYKkWjCVnRHbQX5Jjgusgjl1gBhvpVRzboaAKsXMmQFIJvKidgeBMDhGsRcBRMcu1qUoBSlKAUpSgFKUoBSlKAUpSgFKUoBXVzDg6FYsc0jvWMIfi6OHlMa8C6pddrDj9ptBzSo5y2aiKXccjrzeSE5VfC8AIsKwgKw5jaooBZqijngYxyOmbi9o0oDgEmRRFs1NBQj6ZI1YEtMJWyBzVWRJjObr8aCnmXvfIDNQbTpTlVGO5AZZZZA5GSQlw75XvhfG971xqF9dNfNb0M+19eIJhqBW0qm8FBUbsLxgyYuQ1I+HiJgGdPpLHQ0IgcNh4Ci44GTBcQbDEQTHHO1s8rX7kpQHB5GjGNZhaSmwZbj1jykxFqweKwypGaaA92krYhZdsFiptxzJ6mjn7B5XvkHY0TFthl+HHsX/DXB4V1j1s1sIKiVrpr3B8BJa4KCOtJsKxOworILA5e2VgBlQmxUBCLqAoFs87AiGwxsw7Z5WwvjbK/Z7wpQHWEtQlDE+tTNiTtEUYTUxxTQZ0Rmy0wWpI7UEOg4CBhG8288UlZSMzQQYooYZjIncXDAUTHHO2OeVr/AEYc19gXXVvGWjr7CMRQU1Dpux842IcjZmRi3jZ7HC4eJ0yislFRE0c3jhllhYwKWzGthlfG2fYve1du0oDCJ04r+Srjt/ODsb+rkQ1t6iX+SqMvzfMz9XE2sQfTi73+Szjsx7XK9rv/AGPvfO18e1xvi3YftbG9r5Wz7bO2V743xwyxtbDLt8sb3wtnt7iO98oojG98b4XvHrLvfDLtb5Y3u20298cr4ZZY3vj/ALL9rllj2bfgyvbsXuB9mRYwjSYGsdY0tR4xpRZKllhmos+RWkgPZrH8w8BMA8zrfcyeppJrLDAYXDDIcoJfHAUTHG9rZ5Wv1jC+oep2txxSUdd9YNeIEUFkHIurnoXhWNotOKpfITAXIBSMsZtIQ54HIUMMTII1mLhcQPDO+N8scb2kPSgOrpbg+FZ+a/iRO8QRdNbL76wPeKEtx+05Ha/foeGYYZzwA8UlZSe+gwxBA8DHendccM88cc7Y5ZWv9aHYCgnXhtjs3X+FYlgxoGTl1Ay1YdjhnRk2zB+4dgrnh0NlIyImCnLhY2DuZEK5DdztbDt+1ta1dtUoD8pcQkRzo6m3nIjpThQFokYTVhDXE8orI6snGg8gjRBTTD4JgkfJGQssgjBU0AKAMHllgIHlje9qiI3eN7jvaDpLvlp6FaXtd6lDuKkUeDd1bg5EdJZRwFsNgfLuBNYpZWBO4DY4i4mgzeI+ItrCWEtla16mhSgH+z/ZSlKAUpSgFKUoBSlKAUpSgFKUoBXBJMi2MppY69GMxx0xJZjZ1BEwHPHsmNFvvxjuMBOUiayngrzTdKeqoKwERV05PVSYagnmMCqkQJngLYGioAuHO6UBADyTvFl6NPQD2N9dfhzUsYihOGdfmYWjiBojjGEo8Jnj6oTYcRMJqxszCimqjWMKiiWa7NSUVDAPKRi1hz5sIjgYODWsKYEEz/hV2dSgIrltFdIycnfLYT051WKzNZU8OWlstr3EgEnWW+6XG8MePoTQwdXhTut7i+EPC3ffdL3z7t21+zUqKUoDq12QbCj8kCPZZfMPxa85UiTJXzimS3ZH7TcUgRlm4AMCy9lHryWEg442Xktlggi6vk21JNupAB4BHLjB4Y427PEDDGDECFDwFCFwyDFCExxzDEDzxvjmGJhla+OeGeN745Y5Wvjlje9r2va97V86UBFZl6KaRRtIdpdjrTjVZgyxY4KoWk9l69RG1pDsfHve456z1Q2gQcljg18r3FM2U+7CXve+eeV73r8rkI/mD7wfog7K/sYetS+qH/IVe+Ogm8WVscs746f7L3thjfG2Wd7Qu9b2xxvnlhhbLK/4LXzzxx7N7dtljbs3sBmB6Ev/ADB9r/0vh/2MRfWwiRo1jmYWU4I1ltgMmUo5dhUIi6WBIzVQnuynKSANl1AAm4Gq5iCmhLJUE+TKHQi6iQMghmypczhhYYALPHHt0Je9/mE7YW7W9rW29FvbP+D2uV7wzGNr42tbK+XZx7W18uzjbG9s8e1yyvbO2Oz+gOMMpksyNmi22BHTRbDBYbORiDdaLJZSAlNZotVvpRfAoloTbbaEUIIyGjJpUMMsQS0wkVJEy4eAJcAMPDHG340mxPFk1NI6wZkjSP5aYikIEMosqTWa3X40j4wFhLACnW46k1VRzQgNhRbBCDkxMg7CCWwva2eXZ7ApQHRMKauay61FlUlrnrpBMAk13ILJcKQpEUfxWWWcgMssgMlUBit5BCUcgcs88grnMBrh5Z5XwvjfK/Z5lKEQxNN7UMsOaYvjuXmMdGCMnGZKDKbT/ahswDiJgCOZbrrTFZHHGBwFFxCFFJ55h4iiY4ZWtnla/YlKA6ChPVHVvWrwr83LWuAYA8Oh4ArfyJw5HcVeGAgxbDBhKviK3EHwgHgNjiLhgb7tjiLawmNrZWteu/aUoBSlKAUpSgFKUoBSlKAUpSgFKUoBSlKAUpSgFKUoBSlKAUpSgFKUoBSlKAUpSgFKUoBSlKAUpSgFKUoBSlKAUpSgFKUoBSlKAUpSgFKUoBSlKAUpSgFZQ+mR/ij27+l9DX6lS9WrysoPTJMr24kG1a2GWVstwIbxyyxvhawdvEeYMu3z7bLG98b3xsHawds8+3zxvfG2Fs88ALAejffiS9B/zfP/APbdJ9Xe1SB0bvK+XCVoRe+GWF7MCQse1yvhe97YzjKOOOdu0yzt2olrWEwte9s7YZY2Exwz7bDG7+gFKUoBWAPn0/pTXCv/AMOT/qKTJW/ysAfPp/SmuFf/AIcn/UUmSgN/lKUoBSlKAUpSgFKUoBSlKAUpSgFKUoBSlKAUpSgFKUoBSlKAUpSgFKUoBSlKAUpSgFKUoBSlKAUpSgFKUoBSlKAUpSgFKUoBSlKAUpSgFKUoBSlKAUpSgFKUoBSlKAUpSgFKUoBSlKAUpSgFKUoBSlKAUpSgPgIIGEHmKLngEEFhkIIIJljgGGHhjfLPPPPK9scMMMbXyyyyvbHHG173va1qpmc/SGOGhnyIejBa3rjvNxJi9Zsn1lDZsvuqMii1fM"
20:08:59.757 [Test worker] DEBUG org.apache.http.wire - http-outgoing-0 >> "QPvUaaGtHSzD2IVsghb5H/AB68H4YBiCZmsQ8Ms7Wd7BQo2tkIQlSA3otPBvs6YWO4I8dqowV2zZd4bYdJAVJcBVEX+9D2SWOppJk4mDmgyoguJM4YxBuGLlgLhV9tCxuO7ib4fpQhZ+t5qImpzIhJ4xunMF3Yoio45tejtQVfAggXBzJEbPWWpHcouakZVwCAAxM9Y26jIiIhN8yfShFoqT1unw6JXm3hKfTJXWSQkpEeDXV46VWyXeiY/UxfSjzMUGcaTMVos6yTnLGxEQy2zCPniqgrgJ3NMETcrHsDNy17C1UNj0iDhgzkD5Nrb4xvZauvZNmzjzZ8vYRRkr4ZWtkFhOWcdYwtmTthew/hfF/3SO9b2OWPd63sNeHXC9om6px6O7DOne4Z+V2U2p2aL7PGUptOIZnSQjQa+ZhWZAZjbCWTaepjJqI92qIWOmkkwTHxHYLyEbRgEoAOKTK948sxXQfjq4RJo1yfDeZKFDZbW1ya969RUplkc24n5Lh5lHkiNDSES72COrEhE3pkQkt1SASJ5rKKeILckKJjA2UGMZo6Rp6opY6T2j9LiF7t3I3bN27vuvItmnZFu5Lui6oRs3bN2xHwndeut3H8G2RbJv8A3hdUuZ7xsR/7X3fvf+MqnbHpEHDBnIHybW3xjey1deybNnHmz5ewijJXwytbILCcs46xhbMnbC9h/C+L/ukd63scse71vYa/XHHRoo6Zo4CNaNGd0lGVmgbkPXdObkkEm24jDMk5Cjlbfig92VHBpSPEFI0gYkYwGacdOptHU64gDfCV2eeKlsbjghfS5Ziug/HVwiTRrk+G8yUKGy2trk1716ipTLI5txPyXDzKPJEaGkIl3sEdWJCJvTIhJbqkAkTzWUU8QW5IUTGBsoMYzWZX/KLMWZX/ACizLzVd9MlvspQkldeDXRo7SW2O8lR+Kq+lEGanNAqnZLBl0nnOaNhIpVugJOOSoMtDHcE0NPxudyM2L27pVTDH6QVw4SJJqdEjY3pjbJ3LC3duJB5wNWVmZHqstd3BLYkUyX3nH6BEh/IQwZLBAjFHuMWHzMAWBGE7sH22bHctu7KsLo+3CVxwSksu1jSTu1sTAcDygXUczZVzosLuJ7OV2sSO1giaywNp5xqJzjhMiab6iD2UnxMzbh8gFcEQuFqB5CuO/W6WuKicNMkSKWa3Y7j3XZ23gRFTUQkCBFj7jZlKitGLpbQtgu+ySomOFNJZragAZBUnMmn3CmrR40A4Va5mPrmivaIeD/NlezLSOsC17/b/ALKVSh0dnYZ3bM8Oel0gP9WOLj0b7NdkRLiuoDiGz6iXheRXdGDWOHzw4gpo+ommQ12yOpnzmeRs4oiGzBjMYQTIcW6+qL05PwHU7GsxW4svF7uVvs5otwgOquF0upZTm83EFLK49uZUllcVzJNMSyBfD+EOcPGgC4OP8IQTG34aidqTyH6Y73K0xI+os7t2cxoEXG63ZQUmiivAJsoyo7AVwdvWRHeuNxJaj6IKgLbWswVlgrLnRsLEr2HPhXMFbD8K3n4ydV+RtQhXHa9LkJ8sqEVxxONMiVHk13MyLH4quANCxBMyi12sfTBHfk2xUAAds53UU8VPsoLhEwIdSlpRTx6Sujvx+x4p356QZGkaNJvMOPmJuhHTVZjMaaUTQ202G4iqGwZFJRURITwgCSenECgIQBYsXCwDwwwt+C973vcDQrtpuzqnorHIEr7azgyoRY55Rujo6g6TB40rORYxAyNCJDRaaARWHe8FUAphmdMpzXQlc6VJBiHDAARXDMW3Rmn3LZx176u9YjzVXZ9pSPIqEnjq5+OVZuSDFsh5JBSwNzqsmsWXmgwnYtJZDEyVyUVFFR1Akn4GiuZ0cDAyBkJyaZOOPW2ftzte95ZaJO95ytq811puQ20VhfKnoebR9dFWhzr4vHxxIMlzD/wHVypkm5vCAY5M412afABxPNdKMgUB8nLnYOyHSD+HqH9SMCDi2q1YfTxk3cJ+sIEEQxHOutxWUomY9lJ0pNssQxVBqE5ASwm24DYQiHaUURIBL2MyiAUNsfEzxFF6b7SjLTbXdJLo+253n1I0OYadJO3M7MmEWmtKAyU3hXKMpKC86VIqEGOdItBmNpPXHm7jSeAMAYUQW0gKmacAOXGPWLhDhZ59L6fctfHXvo7liPdVtoGjI0iIRAdVPxyrt2QItkTNJK2DudVkxhy+0GE7VtKT8Ry+aipIqMoEk4M0UEOjl8DRfIWmHkxItqBOf7j03i3ISRC2hbV1gd0UNSZHWiG1uFoE2rMOSUFBJXZHOYklFFYJ5ypzmZJNpvNwhkC+S8TTVMsfK4MA6qo3XO78oQXyEc0HDqv8bTpaGwcp6zSk55A212K17NE3kwY71oGGao3iPJkzNG5tnnMncjkJQb7YaxlxHTZM05VJFCKFjL5DKqTM5+t1qVd2/f8AEddflKUoBSlKAUpSgFKUoBSlKAUpSgFedDw7/wBLh5Bvzxckv7alavRerzoeHf8ApcPIN+eLkl/bUrVFl5/ntCLLz/PaHovVU5sHzncT+r0hq8Ty/uYwy0jNwwcJuZpR01pQnJVap5NysGpp7rwg1iSMC11JLE7ISonL4yceTRscwTxcuLhnhjFvpMe5sqaZ8XjtOQesqbXlvZKVGLqsy3ehmhSK81cpISnc5XUpoKgBkGOlLh1iMJ1N5IWyw5Y+gqK2WW0s2WVE8kPhY1x3cfsC8cmtEdwFCrKbSQporWQQpQkIikFAXfL8iBJ4V3S/Xs4Lg+F1s8srYigbTSqgaGJtxJFJt5CLJyKmkSBe5P8AFe0Llz9kr2gdjaobu6mbysc5I2pc9R9OTVSjJckvDM5VEutNc8cDFGJEXg0VYumO5nnjwAIxgiTdCGkmTpcIQwVCGBwyztKeqsULiXgFgck2PJbDLpfUGyE4o6VGBM0QRaG1G/DM/jqeCnbJ2Sm3xG6bOnHEGaHb60Icb59AGPORmN9wHxjCiYcIi5adTMxbjyi2f5+FUinrRu7rBuEtzq3dc5O+URZ1plNXhWbCfiXITS8SpMQjaiRVW13w+mm2Crj71NJKgF4ZaQ683x+9+3LKowYoGYn+mqW7Gsm7rfkp06vyZ8pyDEEruSEJEP8AiZIDL8XpQaJJIUXC2O9ZCajTOK3g8mupQ3hpDLqbeN99dzIqxkUAzgDn16NH/LXzq/8AilS3+tki1+j0Uz+b9yT/APit7H/qTElTVEovDfZNUSi8N9l+2427esOgUQ4TztvJvyTRQI7EVj4OrxMkJ99l0OIupmkdL8Bxm03k5Ld+F0dRE79uj2Ti/e/amjYGYwGIsq6yp9MW/FDE/wBK6Fv1fkutVlUopSlAKUpQClKUApSlAKUpQClKUBHnZzbHW/TGLT807STEy4UjMgeLpXjK8lHMvZTWjYRgwUQG4jkgTq+6nEaKkzpss3mylKy0YJkTxwIhmWJGhQon6mcyXGfvFIt4h1m2taL4lTMkYUSEduJpybEjzXyRMlkpnDDUbkyMiP1V34FEsMVWNWa5VXzLJIBlTGxwIFhzAfYmzfHJrdt/sJq3sXPRN3vNf1BXF10xFHppeKZxBd1r3eQgrodrFNo5wJxriccSG+opBwVQLWIHW6k5Yh5gYHADtAnPA6GFP3J3w3ar6zAkXTv7GO3LJmd5uVjhFzbmgvXFEUUNyuvCSVkhbIylIqwnJosgYthSFGz8W2kfOmUwEs8ULFxI5m41TV9NcloaSds92NU9Fo6BlbbWcWTCDHOqGaSjqDqNHTCq5FcMvmcGSWi1EIkru54KoBMPM4YTWuhK54uTwzNDgBl8biW6X065XePXftxLzN1O2cZ8nPltEM1ZYj4+hPuNJEARwcwQjK0Vj+WWoxXkpopIUyUCUFhLQzqYninSIZ00XzPFMRqRMmijbz9KvkhtzMQKvGM+LnTRiuOI2MtghqbWTpolUrGLzKvYdAOXHSxl0unzCdUgFYUtY8XWGFHh0HsDthKNFXSR2ii6tzDxa8rUZJxZrzhDW8kYwY/nKggBJqvIsMSOiOpcWGi8TxfIsYWkYBFY7pZxQEyPcUsjSS4iYQoZczbIuSsMzzSJbunL1TlLpOML+t1+QfUHjsYbRk3caXsIfZT7eQcftNVxYkmSEZWXaKjKjgxSgUOK2Y+F8DCySjKBkRSOJZdJBEDAJinsDp4iXMxh1b50OLbdKbmjrlrRswoyTMj6AcZpsNLKANm2YCfLtJsq7wcA5h0SBDLUZ6QERb6EpnMM1lfT8TpgEBLT7mlY8QImau+d7ZeLoi5QOC9Elkw5xmFHkn7J7HOhCY7Nc0jvVcdTQYjZSYIQWkwmamrDjcjldkjYnmuhliSflgCoqIJo6bTkospqRO1LUHmT1A3BndZ1XS02eNedn0pCMOolr3trC7mgSU3S1ihcY6cXmkhuLM2UWwCieXHVRksNSCcVkUsfWw0XNHSlY8REp5z43JObhb+6caBtBEe+30+suFERznDRBqlVvFaXXW7DRDAERRDabCZyS4306MUzE0T8KDIDcUQEzI8QwPiF8z5PEfiWm3JtojyBZucpqJsezpcXWWBicdbNxTXcxZDb6dkbwT/C6nG8ltxmv0siYqAoKeIt5tzwSGfHLkhDmJowAEJRPqa0UbeHpM3I7OMvECr2QuNmK4UgzW5tuEviqJMeOl9pPf6y9UcoauMULuIBfRpfMJp7AHAQpd7ZGg7WUklNPFfjzWs9E1C5ZOFrkRiZPKMx+yttInacbGqKGAGn3lGNJPNtdspmbrAKXKl15TbTTX5BBKnljE4aGuXZgdzIGDOQ+9ZtVpwmqJj/AOR3ZkmqJFYo6oiQjvqpAzpxX8lXHb+cHY39XIhrb1Ev8lUZfm+Zn6uJtYhenFfyVcdv5wdjf1ciGtvUS/yVRl+b5mfq4m1SnUG0m6up2kzPJPva/YCM4KbiqMZLIIj7cZYgsOg0SwCEOk2g1y/fbod50iEOCOdJtlGVjRMATAcyEEDlbOoIxN0gTh5mp6oMfMvd1jJzldAwJdtfKexZkg9vL45oTEEoAjPSa44j9mKQxwcQIuSDJr42ZwyOXLlsRRzAAYlNHB7DDN5cdtN4OZDcFCITSda2zLn1x0xjqQyQThY8FR7HScjOoipIDQVsTSDmukm6+GYRSViycFci7gX+8sAsnU5RFMhqS2w1G1+3bgx567bIx2iSFGj1SjKeOSPlCtldtqGZcQFOdjJWcy4xxqPFvjZ4nUBxJVwTqebCw/CKWzHLDPz9z2mg/K3z2hy3YHYOINWoVf8AsPO7vxY8OxehYuV8vHFCczqxRETM6TT8D2KEy0ZxOZVxyNnygVgEVFUTN7DWF7j3HAQTDq3TDe3VHkKilUm3T2WykxxmiPRVjtYcJdpvxkmEx5oqUhLikhHm7JDWZzoLDgo7mQlEIwKi4kThRTLikjRjHunaVWcuWuzG1N6PXt3rrGas/FmP4p1zLtdoGZKeqzILtLoRZ+tgUglm3QvCjKJpPSQRrJqGn9kJPQUQqnoSMUIo6aQIl6xuBMx8xrfFD1VM54JsQcn3GVphv7BwXZxwS/lvbEJtpHntBSO5WwLiLzyPCSBIq0CFjkIVbrabVxrY4igjnGV+fMYdPKcutkj5dYJuatdsNuddtHYScexe00kFIqhxpqDdSlt2mUB2uwYJTda4RbqCQINhiIDod62bOqigXwzAREBREJEsDiufxKpCcoHivUTJ5LtJZG0vcHIUzZq8MaftZMdiwvS98nEtJ/eCaxl4y2HSZ8QVVhkZQNeC1woYI9xJsowOd7n3ynBGyeeBjKkbnKOCbnb/APHFxdJdrKrHaOb+5HtqUvK3dky8dwU3nSQiRBcQQN+3GRHy6k58M9UIC54f9ocTYPWwwysWOlq9NJv6GBsD+bPbL9vLioC9XDpL3CnmRCVPnhLYaUMFgOGrmNU9zyyRcuJbs4GMlUxrwEn4Fssf4VjAhnEHtfw9v2Pw1Zzqvuxqbu6zTr+1Pn6N50bSSYLlF4VjrwRpYa5w4GKKSJO5rHcCTqaJ08CCMORKOZFSjJwuEIOVCFBwyztF3hXuDjxE8dWRi4WJfHTyFLj5DXxsDYGzHTbi3Fvn/AsFbDtriXz/AINsOz234OzVDWvt4WH6WM8RePa7StEAWkK7bevOF/BnyTjS3dRV8b2O3a2Nmfk4rr2UFXXfB17ncn2C8M1HK7hs7LWb2heEJbON424h5R4waBsppSlAKUpQClKUApSlAKUpQCvgIIGEHmKLngEEFhkIIIJljgGGHhjfLPPPPK9scMMMbXyyyyvbHHG173va1q+ddPbBQo2tkIQlSA3otPBvs6YWO4I8dqowV2zZd4bYdJAVJcBVEX+9D2SWOppJk4mDmgyoguJM4YxBuGLlgLgBWI5+kMcNDPkQ9GC1vXHebiTF6zZPrKGzZfdUZFFq+Ygfeo00NaOlmHsQrZBC3yP+PXg/DAMQTM1iHhlna3JKfTJXWSQkpEeDXV46VWyXeiY/UxfSjzMUGcaTMVos6yTnLGxEQy2zCPniqgrgJ3NMETcrHsDNy17C1UPtCxuO7ib4fpQhZ+t5qImpzIhJ4xunMF3Yoio45tejtQVfAggXBzJEbPWWpHcouakZVwCAAxM9Y26jIiIhN8yfSoc8L2ibqnHo7sM6d7hn5XZTanZovs8ZSm04hmdJCNBr5mFZkBmNsJZNp6mMmoj3aohY6aSTBMfEdgvIRtGASgA4pMqSudhHi7TRLQSc6rYmLj0iDhgzkD5Nrb4xvZauvZNmzjzZ8vYRRkr4ZWtkFhOWcdYwtmTthew/hfF/3SO9b2OWPd63sNe4m7kbuLdu78l9FxaeKLdyZOi6oRs3bN2xHwpdfut3H8G2RbJv/eN1S5nvGxH/ALX3fvf+MqiLlmK6D8dXCJNGuT4bzJQobLa2uTXvXqKlMsjm3E/JcPMo8kRoaQiXewR1YkIm9MiEluqQCRPNZRTxBbkhRMYGygxjOkveJU2j1T6J7o/rU+zzkac3bMuSD9XF8qsjHk50NyO5RcUmy+1o7V8BcwlNH70iZlNeM3M3Rw8RybfyWGioEQge+ywaO05avvpo6e9BHactX300dPehoQJ9IX4ZT0k4RUX3zi7xiFXrNoJeHbcplIoEV75YWsFhOptggQlmU7AgYt1XGQbpNgM8TNzti97CVbquvRnNdoKsguV1ttvMJCb5t2Lb2W1xMS2kkNYiQzVTrkU3EdMgJBFBKJgeaiZVzJwIgARwyNiGMQMbiWgY7+MLVpe441HjUIRw1i0GhwoNF7bKioSfYwkOos3xSiNLuIuAGQlpMKu+4cgGXdfMRZOOzI0qnDZkc2ZuNhvttVMuznR3+M7RRTebgTlyeuS5s8fL7cljooqufhlkOoFxtZqDid3ExGKtgZ9REipxfPDIpdFj8inDFhwxMhhGibqstpeNY7MNpx0hCU18rHZHhI2MMfpBXDhIkmp0SNjemNsncsLd24kHnA1ZWZkeqy13cEtiRTJfecfoESH8hDBksECMUe4xYfMwBYEYTuwfbTT5B/w6Dbv9jzQdlf2MPSov8hXHfrdLXFROGmSJFLNbsdx7rs7bwIipqISBAix9xsylRWjF0toWwXfZJUTHCmks1tQAMgqTmTT7hTVo8aAcKtczXhxwbDO7ZnovR+QH+rHFx6N/Q/cGIlxXUBxDZ9RLwu3ZjjBrHD54cQU0fUTTIa7ZHUz5zPI2cURDZgxmMKJkOK9e4+vfq7N6I846Jyr/ALEhd0Jf+YPtf+l8P+xiL60L7ucvXHdxyvRmx5uXsL8jjwkBrjvNoo/yTTjIXhZtFlY0hjqXhCK40fCWQ7RUJmSveamdJH8u593wK5F8wxss9HQl/wCYPtf+l8P+xiL62fUGJn+FIEUdI84ZZwlCOYYivcQd2yZLT5akbR61i2uO2KcO4nq910i22wihqKzBKajJ11NaUiRO6grqKelEcRbm1I8TJAjmA7Etud49TNDo+JSjtzOTNhJmqqiIjoJpyZqiitudWBBsZMprRZzZTlx5O4+TK5YmjxRsoCqORLZ4GDeAIOeGd6Hn+f8An9dJuiaNgc/C8L8Pes69K7mBzvY0iibPT+SRiiQSuKD2wNlNNa7jjxxJweV7DJ67FrgAGGwFDEI3uY2O0o1Af2wkRcg2xCMaU33pSy"
20:08:59.759 [Test worker] DEBUG org.apache.http.wire - http-outgoing-0 >> "Hyrx+uuVzLJiM48Q8kldVXW9jse55mWwccCSSGEWy7nFSxlpNOttsqRIfE82kYUqGZ4j60U/O045VePzf1fcjQ1N2WaknvdpEM1ZwR+eb79jSRSKMEOWKmFzCPpZabFeh5CKGjpAsdXE5CNpJIwoJ4Bs4CKfJ4Ddr7c7z6kaHMNOknbmdmTCLTWlAZKbwrlGUlBedKkVCDHOkWgzG0nrjzdxpPAGAMKILaQFTNOAHLjHrFwhws883DKk+POWPpAOom4nH2mqTk120Uh+VmrtHt0C11ZjNWUVt+tF9N1kw2183OmoThkTNvnnJiKIaFTLppFMV11VIjZkU1BOLfYPJiRbUCc/3HpvFuQkiFtC2rrA7ooakyOtENrcLQJtWYckoKCSuyOcxJKKKwTzlTnMySbTebhDIF8l4mmqZY+VwYB1VRnNoZkxfiGqXzeS3PafctfHXvo7liPdVtoGjI0iIRAdVPxyrt2QItkTNJK2DudVkxhy+0GE7VtKT8Ry+aipIqMoEk4M0UEOjl8DRfIWxisge78oQXyEc0HDqv8bTpaGwcp6zSk55A212K17NE3kwY71oGGao3iPJkzNG5tnnMncjkJQb7YaxlxHTZM05VJFCKFjL5DKqWvygzr2KUpQClKUApSlAKUpQClKUApSlAKUpQClKUApSlAKUpQClKUApSlAKUpQClKUApSlAKUpQClKUApSlAKUpQClKUApSlAKUpQClKUApSlAKUpQClKUArKH0yP8Ue3f0voa/UqXq1eVlD6ZH+KPbv6X0NfqVL1AT/AOjffiS9B/zfP/8AbdJ9Xe1SF0b78SXoP+b5/wD7bpPq72gFKUoBWAPn0/pTXCv/AMOT/qKTJW/ysAfPp/SmuFf/AIcn/UUmSgN/lKUoBSlKAUpSgFKUoBSlKAUpSgFKUoBSlKAUpSgFKUoBSlKAUpSgFKUoBSlKAUpSgFKUoBSlKAUpSgFKUoBSlKAUpSgFKUoBSlKAUpSgFKUoBSlKAUpSgFKUoBSlKAUpSgFKUoBSlKAUpSgFKUoBSlKAUpSgOqZ1miP9cYYlSfJWV7oUbQ2wHVJL3VcA7DmCrbZ6McW1OxEpcQPI+qGC5PMqlJoWdjCkpDlSBa2RgyHjfM5x76bPLmYfjL5heT4hm5Y2UVZWW+PHQ5QGufhaGYmKLGZZuyrJKCPhgRkeRXwIlhrmIiySER1ggEluJULHkUyyWbHekrZHXGGtuISf2umwbRGfkNyenp6U+mgA6HgzM11OS1xLcZMnk5GC4Gs7U4GyujJw5nFJXiFzxcIVOPXMpps4UMU4dVx4KPMZ+0zuH+8FTLDELbtvNn400q1jmvaaWzApePoPYSs81gqSyBDUFsyVsERbjRRO73wLeHnk5TqM0m8GYzCK5rSyQDMCggZZi4UHcZvH69+QN6xzzO8q+BeTZikZKIyDpXqqfxFOQXqBDC6IEuxsrEGkfxyJuSS11GukO8usLRcbNMGNpbmWC5uQgiRpnWrFeIDjtI6VqXHeU19HLadLDsDfCpDoUwzzgGfcwToIPQM+aflpQ+U4UDB0Jacs4pWT0ukWMki+PeHcA8QqhZ1XHgo8xn7TO4f7wVBlcQtv292gjbSzWSbNqJdMjAR/CLDVnqslimYWCkuGy1giTdaaNcxlgWuvvNzHUdpt/AyIEWEWlogGYGBByzFwoN4zeP178gb1jnmd5V8C8mzFIyURkHSvVU/iKcgvUCGF0QJdjZWINI/jkTcklrqNdId5dYWi42aYMbS3MsFzchBEjTOt2UeKrQtV0eSON49Bg4mlyGcseToXClibCgeBjGSD8u499SATkgCU1EDGRlM258Sik9zZTEzcuTsBZMJEiJeBnVceCjzGftM7h/vBUGVxDoHpSDTdLX1s0q3YbSCpORP0H37geepEIpYGQ5gjG+CrkUPrPYxxyvawL2JMFGvcTMEAPFeyMjjYYF/w2gcgW+WvMQ8Xk97iEZTZa9Gbr1zeRyF3GmLpAymyk7pAZSomRc2WmLiLfJVU3Q41FOJZEy4YhlLL4qZ5UAKlUdTEKyhgvTbWXW7WVE02iOJEJI1jQEJ5NglEDoPuCTm2ZbkhOFxOl6IS8YlFYea06EhxLbtcRhQT3MqK5XIqpipYQQSSCWIgwGZPR8eG6PZKTpYbWi0ceNaOuXciQQcLtlp6R4lrNzAJuxxOiB5yEvxISsGYLlxASxZkBEwLgA4gl8MAsMcQ92eD7y/3eTcf6Onr67da+G/S5hv1JOIbycTPd8urKQoFxCh5PKTPJDvk1plTpIcII0RPAsZztjBQJHMLGyihiaAHwBzDuAFdpX8ta2NrY42tjjja1scbWta1rWt2LWta34LWtb8FrW/Ba1f2gFZdOB78Zh0jj9O9nf8Anew9ai6i5A+l2tOssmbHTFCEbeJMjbbPwnJuwbi8cX85PlAe6eO4jJRb8EO51L6E1O4jOtfz8GslMbaQJ3/2opDPAqSxLAVZ8x28mwjUkbWXi90GWExA3o32NroRWT1HDIyV1l18bpZSFkGcBiuGAgl17wajOnBmD4AGRC1mi7jydh40EWwAcmdxucXOtPGVFqg0IcTVF3Sm/TGC9PGxr/ExWpjnN6jijHlJedzjMZmDZVIuqGzxxFaJA1dISMzho8YyVnKprzkWeJbk8KfGbyBS4WnXbzW0eX5TJM9GYJNzizZsMyAyjQb55YU0lEKt+N5ZZ7YLgFVFwLJ3IcJGwOGjKiYGNmR88sb49JxF0cjhmgiVo1m6KdOPFWT4gfjSk2O3P84Xalc8Xnuxl0i5mst+BXJOKw3lbwWtphI74NXElTSDvcO9lEgbKCDFxAzMQrO2/T402U6TRBmrXIHkkODVNn6XXkrUSDZTMA5wdLex604xEw+pK7PWc7NN+uoVKDkJPKJK2WUbHB49biVgQMdtiTUOI8vkca7aO8j/AA6OzjzZkbwBujKm2rRjKSoq10QkGPQJd1edTgbKQ8sJmjpglktFONm4pkRKT3S4kcsPmnjONRLqo92GVONnSxuBoFpvv00kVlbfa/sabkZtGThtrG3AGqpDqaYyliXwU7tN9tNTb74awariTJeFQEBxJwCpkQIZHwzGREpcHpXUjh642NF38ZlbWLVVnsSUTBM0QDklwOaRpaf6YTPlciKgXb7xmR5yA4myGoJ+WaaoeLyil3PJggicbuMREzAyf4Fj6bSV8VIMsEayulKUApSlAKUpQClKUApSlAKUpQCvOh4d/wClw8g354uSX9tStXovV50PDv8A0uHkG/PFyS/tqVqiy8/z2hFl5/ntDSh0mzTeVdxeLp1AQeiqjplfWuWWFtQ0WghFRT6+6MI6Sne1nWQQU4HAUZUWU1jyA53MnIxYIc8tmkANITCxtUPEio1k3Hjv9AvI1rNHOwcJPVtLJtfayCPJTCTlcqYdcRSCOnh+M7BeqFca6siKCKtBqBRPMKBYIo4koEm4UIypIakQUDM6KqUn3gn4mNmZCWZWlnS5gCyC5RzptzuaOXTKMGnHUdU87Cqp91AQc+46IOZQVx7XMLB9dKKBxWM5imVEcyOMKJnczNELmZoh9MDl3jB/cl7c429bo3WdlVxFZiw8dlJ0jh2ow0WawWT7mcSjefJ/AgfKLbjNDgFEo6lJKyAbSXIvITaFCMK/jGXbVixLYWB1ON3jMSbMkYqMUx4M8Sz8kYg926cZbOMx8cPJ75KuVxllAVLRTTTPJp8ovllAyAOmGCooRoMPPG1r8J1b021a0nYIkY6pQXHsGss0aCPqycx0TAofcakAFkAAqu5xm8zjmeCuAWyuVAVnSsK6iAUtiUCNYF8MAsYIy/wDcQE6SSuSzIukbBMPR0LN3E582e8pci9rOZezNZnjCw449i+Q2dHq6pHT4o59SOKrXNjqh4waOKOZoyZMCiErC0foXhzbZ+Ctnor5BVf0X8k+4AKUopkdbeciszSFFA6oUGJDr7QKHTCkIulAhsMLiEMVh3n23mNjjawa221whnbEUiJjb8bo27ubUETdy88fkhrSe1tgWDyHy3MaWw1w4XTV54xg+SKSiIr0aKccyBOuJDyTmWmLxw4mhmsE9FdzTUTuJUBeIZmdRsbRpHsOMNqxdFDJa8cRwx0csgM9jstET24120jE7X73TkdFSwCxEiWxyyzFzxABxuMOKMYGuIOMKJnCXb7ib47N8nMmvjarVliSW/0kmVTicjEVJ5RtJN04he905OOSJFLmY71U09Lvln4KIqS6bKpndh7EAS9hxu6PpuU9SzR9NymukvzakfpYrrbMt6zancfjIWE1y7M7UbrQsnMaK0k8Abd1muWIPFCUHifSC4mZxOQAnG6GuiBKJ0IuXMjKhocqIKAjqohPWTVaep3Dzxq6QP0WVdaNUGOx5RzBNgF5LcK8/wCWZBSw1AuITUfAD1mJ3v8AcrcEUSIwxBRGQVNNGPp4wxA5mMTFEByssoBSlKAUpSgFKUoBSlKAUpSgFKUoCkDmg5AZp1oQdetPtLCaMrcgHIC/zURa+ml0ME0gRI3CWJDCRJ3cxQUqoF8yrCIrBIZGAU084md83VHKcTXCmMtXbSt3dxk8TkD8bTSca2kKa3N+1cvZZrWyG3UoCCrcty+6lI3irreOKopmlM82GUIuXyPEmmSUjOZsUAkpuxWdDjL3XM+RbtcPnHVyMP5pyfuVr2NMb3YzPxYbVVspinqPy6Q1cVpUcN04JEi2UGQgGBhVdZPmR1U4lmVgxhmWKDnxCRBPLlYps7oz/CQwHc1n20tKfBLrZTjQ3a2VX5x+2x/wY4W2plVhFUO8VOeTqad7yUiRYz3ooEzZEx3PuJssOBmIFmbXNPoNrmn0QmIOFF0p6VZLK7MCiTZzB5PNKGIlw28lswEmtxbmaJA4vZGLA8NHLF00NwmEWI1TABKENZHzKk62GnFgxDTqSSw3w6Sa40XZmR+LTi4jpRKOOdJz3yiyZ3S1UUcNSWWNCsaITwQnM9nanlbGTKGgWTnytOgqcOlsbn0mPHWZIhmQkg7jbQjtppJqjvZHZeK9toNZM3slPUM1dGIukueKqzaVhS+RQdVaTtQDyO7mgpmSmWRM0oNhdSTZope5UwMKB/F10tp5xP8AHnoO5lx8ao6xtCNH64yAqSrSGor79k2RREcfIvkaRSb/AJbdj7eKUincyZPNQSElbJJp/MkSzOlR8iha4T8096+h+QXnXaXZxuWd2dMWHyTa86bTJHQyNtTIsXOB/a4Ta847Y12abJi5uNCXY8j+X1RYzdSTIKsXT18qaZySlFPCRM4XJmDImbmRiqtTnzUmW27uavo/rKhoyQP7UNTYV2O6RCrXzLiu5B1fAVo7Wnbd72JdlRLNlVaiDLQzdCUr952Jln+IWxCDPHcjWg/bnRjUnfBipscbbwUy5rayGoDKzbxcOComOJpqZkMIE4oM57NdSQnszzh8EuXBUTDYcKSIoAly4J3IcMuDjh1Vp9xWcf2hTjcb01U1rasavx2khEtwSIpOB+ydJB5JHGLmDKPjIktux9vUkjHDBQkYPo5BdKpp8ciRGOFRxCRXIFDN8yEUJRb59xTeVtFpO0+cCRpb0l3kvg6VlAozU3kXiiDp/wBb1xwmQkwhJC2xEvNLcbOQDBnuIB1yYuFelgMilgCCmDRRinM7f9qNFSwzm5caNtdym8J3HzF58o75Ej/bBN3GnxHRBgj5mMImic02XGUNuzMviYCQTDsbKLIOaSAq9wFuKUQcsy4mDkQ7Hr8tw+P/AE239aSGy9voBZc1o7WOGj7UOrWS2gu5pGT+JfFRyaT/AGYrNt9tcJUsTJXVi6A5E4sq5EE/NQCM5ECeQHEtNuMXQ7j+Gc5/UXW9nRI4HmXsSdT08Ju9+SGuptjeJ+6QoSPJrkeb8GRMz4YJ8VE8YrJIx4sVODE8zJUsKECQrFFjRvp7mTXpxX8lXHb+cHY39XIhrb1Ev8lUZfm+Zn6uJtYhenFfyVcdv5wdjf1ciGtvUS/yVRl+b5mfq4m0Bki4RJaaHEduPvZw67bLiZDGT32TcGzelUgP46WbbJnJgyMnpDSLJSA7FfMmh3cZlsslh5pSCAoGbnXeXkRoA54uZt5kFK5Xkp4zeMnYyzr2z3ZbQJNyMmKM2sDJi9s3MsHM5Gb7axcq8gF1As0pcYTDsIAqrimP4RUSGZ89gOGWNmzJYsVBBnLtTpLqZu8zSbB2xgCNp0baUMZMoQb3QQjK01zR3AII6caDrI5kXWzzp4EEIE6cbC2kmTgAWABkUULG2Fq+WV0djhjYbhSnKmaOM9wnUQTARKTJOkyd5laBO2GWOVgcGFLspvdj5lL3wwxzIit4QmIHjiGIBkHa2NPxLwmte5hJeERIW9cqus1M1el55bU+hs7nKK6cVVAycPzhmXPK5g2bHNFApUYBXHME0czEEHLBGADBfHLDPILAYEYG17ZhiY4zK3Wb6lA3Fd0fXlhZqeaFcvG4wtDlqThUwHPv9S1fneEokjWZUTIQr/2oxkpGhGmgEws8BgSRN0OAzjhjiMZDM6tZg1agCd9eXTqhJcZoqlrw8moUYy7FjbNLEdoF2iQMkjRFARx45UmortlPJjJxLvUJsqSRkXCAxLhZYF8swsvzV/UTXV06pW0gcUbFFfV3GGUTX7GLTrgdooOESttsp7PQGzg7vD9n7gbSEFKTQCDrxdNniWPESy2G4LLgWKjYMzsz28VFiu6GyvNJy6CihrTMlBxOfS3U1fwvfIka1612Z5csvuptZ5Y3uI2ZUXCLDctswssMMXChuDEXHIxcWwNeWk39DA2B/Nntl+3lxVsi141I141Q15b2qevsblI5gNqpbpR0NhEl92rfepJ6rK24HT3d0OhfXHmpHFhYcSyeMKam4jimGIc7mWNgglyoYHULJ40dJY50vcHHqzYV8D6fulMdiOvRD8o8tKHf6a+V4y53SW8flV+HpQK+FFw2YPd2JvUuOS7p3snClCeGBfEMzJxKGeLbgB4n9hOOPSiaJm1pcD7fsqa3RS+X0bPbIbSpSEsudfbCepKp+zObk1IzRTy5g2KLnikJqIURi+AlwS6eEFbDDHRrq5pdqlpOzDjA1RgONYKa6oOVNrpZht0snqjnOkQhQCR93uUe5pzO9QJADDFyZ9zLCscKlxRAABwws8sL9mwnDEa66xHHEEw42/E+KolZ6Gwo+a3hhfcHi+024SCTkVK8OOlUW3Gq95kwQge/ltYUlIx2vdDZwcXLLO/aFAKUpQClKUApSlAKUpQClKUArqmdZoj/AFxhiVJ8lZXuhRtDbAdUkvdVwDsOYKttnoxxbU7ESlxA8j6oYLk8yqUmhZ2MKSkOVIFrZGDIeN+1q6Q2R1xhrbiEn9rpsG0Rn5Dcnp6elPpoAOh4MzNdTktcS3GTJ5ORguBrO1OBsroycOZxSV4hc8XCFTj1zKabOFDAGbXj302eXMw/GXzC8nxDNyxsoqyst8eOhygNc/C0MxMUWMyzdlWSUEfDAjI8ivgRLDXMRFkkIjrBAJLcSoWPIplks2O9FO3mz8aaVaxzXtNLZgUvH0HsJWeawVJZAhqC2ZK2CItxoond74FvDzycp1GaTeDMZhFc1pZIBmBQQMsxcKkeq48FHmM/aZ3D/eCqaZXiA47SOlalx3lNfRy2nSw7A3wqQ6FMM84Bn3ME6CD0DPmn5aUPlOFAwdCWnLOKVk9LpFjJIvj3h3APEKnjP3UeM19/4VU8ZvH69+QN6xzzO8q+BeTZikZKIyDpXqqfxFOQXqBDC6IEuxsrEGkfxyJuSS11GukO8usLRcbNMGNpbmWC5uQgiRpnc26VXD75kPitGlGP0cwvrOomyMK7UHkwoEKYM5N5meNbCXlKwAAQo+RFvp8mCuJcMB2wxTW8kq6qYEwKETF67N6rjwUeYz9pncP94KrdNdNTdetT9eGtqhA8bEGfr2zEx2IzfjVUWnPICYCkPpyOF2u1MUVSSFx3OJfILi863AaNlXAsKgNi6kImA4BJQJYkCCKqNSPk6UdnI5q+39AVTkZKSW1TuvwcLjy4hr2a2n2xVzYqAIoJEdhBhmbiZSGfcfcmLdm4W8YAnlkI3RCIaoEIXwwmk9Wpd1p6PRxj73rLQXjihBHJ01+QJ/t7AgLgqpsJvZ3gNltu0UC4GHalXKOxIlWEoW4ligiHIBBRFM"
20:08:59.898 [Test worker] DEBUG org.apache.http.wire - http-outgoing-0 >> "hB4XBC2Elejy8MZORMJOA0NjK68GveMuDeHdMsG4owWPwW7tjBhuQR4UsU7THEHwXaP/BXe+OJbvLvfHEO1uy8x2W6Waqx05mi2XDHy63TTRW2MtoKWqs9Xah5PzSTrZU20eKjox5vm0sTNNMo5kkKnjEM8ighfIve4dM2HnTSCotIr9zkrKldfIFvlrzEPF5Pe4hGU2WvRm69c3kchdxpi6QMpspO6QGUqJkXNlpi4i3yVVN0ONRTiWRMuGIZSy+KmeVACpVHUxCtZPG3r67da+i7nmG/Uk4hvJxaI7iS6spCgXEKHk8pM6BMkmtMqdJDhBGiJ4FjOdsYKBI5hY2UUMTQA+AOYdwApvMno+PDdHslJ0sNrRaOPGtHXLuRIIOF2y09I8S1m5gE3Y4nRA85CX4kJWDMFy4gJYsyAiYFwAcQS+GAWGOM1eQa1sdBd3scbWxxx1A2Vtjja1rWta0MPS1rWtb8FrWt+C1rfgtb8FBi19MhmA6Ev/MH2v8A0vh/2MRfWv2WZOaMJxXJUySAo4pDEiZgvCSnoq5dp2E5qMZvKLncJ7sCZhB3uVSUs2NbHMTDHLLC2N88ez2bZAuhL/zB9r/0vh/2MRfWt2f4EiraKGpC1+nFtm3hEkqoAjWfzWJul3ssZwN8cyXNGknNysNebDsTih3MqECfxSF0hkfI5GE05kOnnDZUcDO90XRgu5/657Z8lsrp9wJY5L9s5KlsQznfMTuUYsRyuRvNNDKiDY4i4JiG/liWyKOCHiEUwQQ0YMoDgAEH2be5f5HNWYo3ZiHjrmEVyNuW9k46U3dGqo620nF4WfCfYVypZpi2eyorBkTTzUxW4ppwLPEShhlAc8iJ3ZyNOVELKEr4Kg2KdZ4ejuA4OaBVgxJFDYT2cwWeTPrCsChN9MwyxLFc1dxKKw4Fg1nnmKZPK66rKayqHRzB9TUDh0wOYE6h290Q1C32Y6XHe3kCsib2wgnTSk27OQJTTXE1Tx8EIuomWi9mwooT1aYqmAXKhKl244EyymGUJ4n7GLEy1ggWnPMv0zT8lEXQXqTzm8Lzg0LbLLh3Z6eZkcTI2qjSDCCU1Sb/ANYTqmxQnE6pYjtpBE0btSrVMyaqprkV0gE2v3aoyyMaUDMbpJxD5Ht+nxpsp0miDNWuQPJIcGqbP0uvJWokGymYBzg6W9j1pxiJh9SV2es52ab9dQqUHISeUSVsso2ODx63ErAgY7bEmoXo6fcSHHRoW8FeRNVtXmhHEjLZAwlHpGVnFIMpSGGlHLB2PpaY+ped79daGmKOIBfBTT0RXTyikGXLBngTGBcDEPtncDQLTffppIrK2+1/Y03IzaMnDbWNuANVSHU0xlLEvgp3ab7aam33w1g1XEmS8KgIDiTgFTIgQyPhmMiJS4LFy5X32ROE9tpLRYKZp+XyONdtHeR/h0dnHmzI3gDdGVNtWjGUlRVrohIMegS7q86nA2Uh5YTNHTBLJaKcbNxTIiUnulxI5YfNPGcaiXVR7sMqcbOxmq1NSOHrjY0XfxmVtYtVWexJRMEzRAOSXA5pGlp/phM+VyIqBdvvGZHnIDibIagn5Zpqh4vKKXc8mCCJxu4xETMDKyuhMzOERlKUoBSlKAUpSgFKUoBSlKAUpSgFKUoBSlKAUpSgFKUoBSlKAUpSgFKUoBSlKAUpSgFKUoBSlKAUpSgFKUoBSlKAUpSgFKUoBSlKAUpSgFKUoBSlKAVlD6ZH+KPbv6X0NfqVL1avKyh9Mj/FHt39L6Gv1Kl6gJ/9G+/El6D/AJvn/wDtuk+rvapC6N9+JL0H/N8//wBt0n1d7QClKUArziulSzCpa489fHZsagt0B+uGCIG1JmFGjnvlSTzLyUou3L2FfSc3bqJNJU7EgHIeRAkKxkoXUVIsIauOEkmu0DwG9HWsAfPp/SmuFf8A4cn/AFFJkoB1zDar0UP97MjfA+nXMNqvRQ/3syN8D63+UoDAH1zDar0UP97MjfA+nXMNqvRQ/wB7MjfA+t/lKAwB9cw2q9FD/ezI3wPp1zDar0UP97MjfA+t/lKAwB9cw2q9FD/ezI3wPp1zDar0UP8AezI3wPrUbPXO7xLazSwvQfMW57FRJMaalkjO9CbLPleTiDMWAjQZE0kvR1xawHoz2gqJx8TEgrJzkX0s4kH8RCSoCUNAjBYWXxXK8ZzlHjTlqHH41JOjJ9JQa2z32yFwg42w4UzMUUvkZTFdMHMFB+9zQBkidAsJYwQUCptPOhFzpUwAGBhD65htV6KH+9mRvgfTrmG1Xoof72ZG+B9ahJy55+I/XGV3JCUtboMpKkhmKmSI80lrMeX5PR2atBHLJxtHd70i2O3mx2sqpqjfJOWE5ecaecRlEIwRVQSZssOCHZ5GEoxxNcftOVoifLWkqNX0kALzPfLKWiDhbDjSDGWeAZ1KV00YwTNB4DBDFjGGAvdShwAwSNBgmi44IYGD/rmG1Xoof72ZG+B9OuYbVeih/vZkb4H1tw2t2z1+0hhB0bH7QP8A+TGGGWcbie5Xl4qvZ6eDTbtcKa1W+D4vR623Y6znhBeV04h3RPQzQRTvjvo7mWJBDmAu62k6kF9NRsPdqn/CrXeLeRXU21PvU6R8IoLhTSyujn+8lEuTUCffiecLmO9T5QqdL907kaLgD4CBYgYJOuYbVeih/vZkb4H065htV6KH+9mRvgfW/wApQGAPrmG1Xoof72ZG+B9OuYbVeih/vZkb4H1v8rhkiyMwYiYzpk6U3m2I7jtjoxxwvB7vNbT241myhkMO6G1RaW1UwVT08mBj2LZDGRw8chMsAsO2FEwwyAwbdcw2q9FD/ezI3wPp1zDar0UP97MjfA+tOcT8/wBw+zZJyBEEf7uMQw+HYsWb7VDdjJmCNGq51sQ9imF0xuSLJcdNGOlw4dUhAk5OBS3UayUj45cmQ75MGAQ87Npqm+IdcYydczTvI7RieK2QRwUHS+nuslENvpAAw4RMoEKbN5498H1I+YLJqQlE8DCosKhoolpZM4oGy5YUNqyrYwrdcw2q9FD/AHsyN8D6+AnTMtqcAxM78UmAdscM8riCSzI3cw7Y43v24n/xEsP4GHY7bP8Ah4fwbX/hY/7bantbecnin23lVChGCNwWe45SdYve7OabqZMtxKYexu+YoYJBjKUvx8w0V6qRwQAbFPTWspK59SuFn3gXM9rerYaAwB9cw2q9FD/ezI3wPp1zDar0UP8AezI3wPrf5VQ0988PFVrJOMh63TTs0qteaooOpydIDJStdtpH4I3TasipbhTgxV6PITdbXPYGUhZTTWI6Utni4eRnvUUUM4CYLhAZfOuYbVeih/vZkb4H065htV6KH+9mRvgfWn6FueXit2FldgwjEWx7oc8mye5E9oshvnNYNuGmWV3AqZ3DIkR3I84IbzVRQxs7XxufXltMTgf9o5sK17XqziWJgiiB2IuShNckseJo5bRe5lefEiOhGZ7WSg72yuHibWl04RIBjmL43DKFe73MnB74lyoIw+eAeQGEnrmG1Xoof72ZG+B9OuYbVeih/vZkb4H1tT1A3a1f32jFZmXUqUysvxmgP1wRkpuwk1nw1CeD1a5JGUlpKKFX62WqpKhUsRcKMaLrqWSON9SCO4ZJiqc7kPYKVNAYA+uYbVeih/vZkb4H065htV6KH+9mRvgfWy7U3kL053mX5ybOqM1JsxKmt7wJsOYc0ZqP5FSG25lE65yCeWSnG7Wo326+U0+YZziuRcTAVHQ3DZYiEeLqwhJRTDBz87cnkk0d4/CDZO7fbEs2HTT0uNdoNk0Sc7xfzpBLmAihk8343jxAdz/WEwqcHAJmlVPbRhNLGxwSo5sMwLgHkBji65htV6KH+9mRvgfTrmG1Xoof72ZG+B9bK9OeRHSrkAQXC4dQdhGXM4DQHLl3cipgLgbD2alzuQwZEdzx2+kVrv1vklAUsbATlFXbZMgoGCR4uSMjjEjQYP2txeQTTXQBqIDy2+nxnwulO08ZTminqhdwOV4u82RsW8I4NGPWMiuh/OkJLudIYqxpAbSgVSs1FNDURi2agSxHAxldcw2q9FD/AHsyN8D6dcw2q9FD/ezI3wPrY7ppyR6P8ghB1HdQdhmjMJljDAhPNtAJrsZT9auBkYUsVOOCOJHbzPfySlHDQBgmTWDrbBSjZwsZJljgpksOEHN+gMAfXMNqvRQ/3syN8D6dcw2q9FD/AHsyN8D63+UoDAH1zDar0UP97MjfA+nXMNqvRQ/3syN8D63+UoDAH1zDar0UP97MjfA+nXMNqvRQ/wB7MjfA+t/lKAwB9cw2q9FD/ezI3wPp1zDar0UP97MjfA+t/lKAwAB9My2pyxve3FJgJ2MxMe2DlmRu1tfATPC+F/8A4iWf8MO+PcxPw2/jMM/4OH/xmPz65htV6KH+9mRvgfW/ylAYA+uYbVeih/vZkb4H065htV6KH+9mRvgfW/ylAYA+uYbVeih/vZkb4H065htV6KH+9mRvgfW/ylAYA+uYbVeih/vZkb4H065htV6KH+9mRvgfW/ylAYA+uYbVeih/vZkb4H065htV6KH+9mRvgfW/ylAYA+uYbVeih/vZkb4H19sl0yfaY4NmEJxVhE8cCigasMNLEi5YZ5kSBk6EVtbKFQbWFPCl8CQOXb5XxGMB5YhD5WsAJvxpQGAPrmG1Xoof72ZG+B9OuYbVeih/vZkb4H1v8pQGAPrmG1Xoof72ZG+B9OuYbVeih/vZkb4H1v8AKUBgD65htV6KH+9mRvgfTrmG1Xoof72ZG+B9b/KUBgD65htV6KH+9mRvgfTrmG1Xoof72ZG+B9bYNp9z9VtJI+FlDa6do9g9m2sYsQNvNZxCWXGZK4YimE1mNBODUHg+VkILPEbJDZyCurHcO2GsRuFhlnj2RB82RjshEMdTzC7m8c4ollppL4j91eBnA3fD7XXC+JpLVPAbrSkJyJXfRfLETvJbR01RA7PamCgOdr40BhX65htV6KH+9mRvgfTrmG1Xoof72ZG+B9bwZRk5gwrG78l6VHQmMmNYxaS++n27ljIbFMbjUa6YZWF1YOWLBGDQoZJPKDjWLEy5k6azxxLEixg0KCAJ1NqZt7rtvNCiFsTqzIfyow45lRwoqI8PFN8snv1TaqsZQl4t4vyK2Wi6S3eCqUMFe7G0QuXNdz7uSFMFs8BsgMS/XMNqvRQ/3syN8D6dcw2q9FD/AHsyN8D62gbd786caGM0F97dbCx7CKGdxEyRyTjPm1J4uawOfaGLM6OmwSXZBeeZW/4TgbUbCxmTw7IhnEIO18qkTHEhM+XI8YUrR6r+MDBk5lteQmOveD1RJ8Ns96IZFyNpX8FrZJNWk3wkiqRI74PV04gqE+7d7qBIqbDFADAwbdcw2q9FD/ezI3wPp1zDar0UP97MjfA+tU2zfN5xX6eSmqQnsDuAympKjf7XF0sxstGUpYU2WLfAuJcs+xYhYj8IsU4GEcKDjknebRTZcA0WHHBDBHCzyn5B08wzsvGLZmeAJNZsuxY8C4phuvhirZRdQlDvYbMsdKZGCueWZJVTDgYpBYRlAMqrI6iAYT1QkUOgDAYAYWrdMy2puJnh5KTC98cA8u52lmRu6YWyyEtbPP8A+Ilf+AJ2l8Q/4GP8IMT+Fn/sw+fXMNqvRQ/3syN8D63+UoDAH1zDar0UP97MjfA+nXMNqvRQ/wB7MjfA+t/lKAwB9cw2q9FD/ezI3wPp1zDar0UP97MjfA+t/lKAwB9cw2q9FD/ezI3wPp1zDar0UP8AezI3wPrf5SgMAfXMNqvRQ/3syN8D6dcw2q9FD/ezI3wPrf5SgMAfXMNqvRQ/3syN8D6dcw2q9FD/AHsyN8D63+UoDAH1zDar0UP97MjfA+nXMNqvRQ/3syN8D63+UoDAH1zDar0UP97MjfA+vgH0zLanLG97cUmAnYzEx7YOWZG7W18BM8L4X/8AiJZ/ww749zE/Db+Mwz/g4f8AxmO/+lAYA+uYbVeih/vZkb4H065htV6KH+9mRvgfW911OxrMVuLLxe7lb7OaLcIDqrhdLqWU5vNxBSyuPbmVJZXFcyTTEsgXw/hDnDxoAuDj/CEExt+Gonak8h+mO9ytMSPqLO7dnMaBFxut2UFJoorwCbKMqOwFcHb1kR3rjcSWo+iCoC21rMFZYKy50bCxK9hz4VzBWw4GNPrmG1Xoof72ZG+B9OuYbVeih/vZkb4H1v8AKhjFPIXpzOG1U06TRRNSa9tmdd0cddmOOUpqP7AqzCBRQbaQoYiv061CkarSklK7tQ0dZRG28FhaRlcY8lqieUPoq0XTwMaPXMNqvRQ/3syN8D6dcw2q9FD/AHsyN8D62sbZ7sap6LR0DK22s4smEGOdUM0lHUHUaOmFVyK4ZfM4MktFqIRJXdzwVQCYeZwwmtdCVzxcnhmaHADL43Et0vp1yu8eu/biXmbqds4z5OfLaIZqyxHx9CfcaSIAjg5ghGVorH8stRivJTRSQpkoEoLCWhnUxPFOkQzpovmeKYjAZD+uYbVeih/vZkb4H065htV6KH+9mRvgfW1Pbfd7VDRGOisq7bzgzoTZKipeBUQ45M1NQWnMsYg98ipLQZzaTlx5PBSLFbXNmyDXQFY0TJ2ucNBAlrXFt1ZprykaDcgSk6EHUjZFqSq6mWU8JOdjGUJ8xzIiSkWMgEs1wWO5VazHfAzfBOmyZIwvlUAdGLnDxAqOeDHPkwxgMf8A1zDar0UP97MjfA+nXMNqvRQ/3syN8D63+UoDAH1zDar0UP8AezI3wPp1zDar0UP97MjfA+t/lKAwB9cw2q9FD/ezI3wPp1zDar0UP97MjfA+t/lKAwB9cw2q9FD/AHsyN8D6dcw2q9FD/ezI3wPrf5SgMAfXMNqvRQ/3syN8D6dcw2q9FD/ezI3wPrf5SgMAfXMNqvRQ/wB7MjfA+s5+nXLjJmsXLhsHyTt/WG0iP6aXlsm51WAbOlwJvikZnV7G3Usp3jASZqstHLswyYyTLiGWuQEO3D7qaBThL3At7FledDw7/wBLh5Bvzxckv7alaovynadEX6T2qR8Yx3F1zDar0UP97MjfA+nXMNqvRQ/3syN8D63A7P7PQbppBb72U2TfHycQpGgbeFez08Wne8PAobqdiEx0HLxcYTfdLsUu/wB0OZES+wkoJ/Ir3736dsXTixs2X7IjiQmfLkeMKVo9V/GBgycy2vITHXvB6ok+G2e9EMi5G0r+C1skmrSb4SRVIkd8Hq6cQVCfdu91AkVNhigB0pg265htV6KH+9mRvgfTrmG1Xoof72ZG+B9amdg+c7if1ekNXieX9zGGWkZuGDhNzNKOmtKE5KrVPJuVg1NPdeEGsSRgWupJYnZCVE5fGTjyaNjmCeLlxcM8MZeaobu6mbysc5I2pc9R9OTVSjJckvDM5VEutNc8cDFGJEXg0VYumO5nnjwAIxgiTdCGkmTpcIQwVCGBwyzsBiq65htV6KH+9mRvgfTrmG1Xoof72ZG+B9a55Y5ZePiDNu2XojLOxKcyNqJCPsZLZ8aKsfS2ITV1GSxrFmKSvIpBgnIsTjLkN5hEiASq9iOdj45YiYsAbMlwRJ4PN3t2Pme63871HwQ02Q2l13uhW70PH/BbdbSWaWltR7xSyx1SO95JpIyZ70TiZs8Z7l3EoWHMZhhZgYKOuYbVeih/vZkb4H065htV6KH+9mRvgfW33VzaOCd0YJY2y+tD5+UqEpK8ZvEp6+LLxZ3hrxOeLhYDj/8AZx/t5qu1O8HO1qryT/3sgkO/O8O/yHfSYaJHTHf9AYA+uYbVeih/vZkb4H065htV6KH+9mRvgfW/ylAYA+uYbVeih/vZkb4H065htV6KH+9mRvgfW/ylAYA+uYbVeih/vZkb4H065htV6KH+9mRvgfW/ylAYAA+mZbU5hh524pMBLZYYZWEDlmRu5iWyxtftw/8A4iWf8DPs9th/Dz/g3t/Cy/23+fXMNqvRQ/3syN8D63+UoDAH1zDar0UP97MjfA+nXMNqvRQ/3syN8D63+UoDAH1zDar0UP8AezI3wPp1zDar0UP97MjfA+t/lKAwB9cw2q9FD/ezI3wPp1zDar0UP97MjfA+t7rqdjWYrcWXi93K32c0W4QHVXC6XUspzebiCllce3MqSyuK5kmmJZAvh/CHOHjQBcHH+EIJjb"
20:08:59.901 [Test worker] DEBUG org.apache.http.wire - http-outgoing-0 >> "8NRO1J5D9Md7laYkfUWd27OY0CLjdbsoKTRRXgE2UZUdgK4O3rIjvXG4ktR9EFQFtrWYKywVlzo2FiV7DnwrmCthwMafXMNqvRQ/3syN8D6dcw2q9FD/ezI3wPrbltDtvrZpZFh6adp5jZkKRoSPF0nFxvA8NhmqrRsEwZKoDZQ00uoON2uIyVJnToDea6QrrQxEifPBkMihE2MDG3Tvlw46d+Hgsx1qns81ZHkRBTM1s9Hiu15Git/DIgWAAhlaR2VMDNYLncKOSDNFBFFUQEpTIpwZwnmeMF8TZa4oGR/rmG1Xoof72ZG+B9OuYbVeih/vZkb4H1tX203Z1T0VjkCV9tZwZUIsc8o3R0dQdJg8aVnIsYgZGhEhotNAIrDveCqAUwzOmU5roSudKkgxDhgAIrhmLbozT7ls4699XesR5qrs+0pHkVCTx1c/HKs3JBi2Q8kgpYG51WTWLLzQYTsWkshiZK5KKiio6gST8DRXM6OBgZAyEAyN9cw2q9FD/ezI3wPp1zDar0UP8AezI3wPrZ3uFv7pxoG0ER77fT6y4URHOcNEGqVW8VpddbsNEMARFENpsJnJLjfToxTMTRPwoMgNxRATMjxDA+IXzPk8R+Jabcm2iPIFm5ymomx7OlxdZYGJx1s3FNdzFkNvp2RvBP8LqcbyW3Ga/SyJioCgp4i3m3PBIZ8cuSEOYmjAAQgHmKc4vNlLXLW1ddm7JmovzYwIScEjrSQf8AHBzOjxvFfCa0CJwn3NfYbOwJ+B8GyXG7csKfyG8IdqLgXxDwyFu8aXTFtpW21Gy3QOKzwgAgN5FRQT/yrSIH36ElJpYiGb7nhCYuAffOAGI3aYCiY49v2uImdrWyv3F04r+Srjt/ODsb+rkQ1t6iX+SqMvzfMz9XE2gMInXMNqvRQ/3syN8D6dcw2q9FD/ezI3wPrTPKvSBeJKFJck6CZG2lWUmVYaeCswpLayTrVtk8vFZ2IZ0ynKaUYXGVBbibh/uJwmaBCPJCwoJpzuAghI4ZCxvnXNNc+cDjI2xmdk6+QJsG5npLciDrJZntk/rZtUxSioM324sO1WxGdchwi1GckWKoCCqncc1pwJwZrMtiRJ5GFE0UKDgZZOuYbVeih/vZkb4H065htV6KH+9mRvgfW1Vjbr6ySTtVNekrLkvw1s7rs12i85jjLxNkBO8T20+kRquNqqXjmrNQjHzg8Koz2bBzvNrOtbPkfCfe6iVJmiSgAU7bmeYY517iWSJzl9xeKMWRGy3DIUhOnwQur/i+z2omGFhfV/AjYTFpxK3eCcVHMeD0RIUlQ13PuJIkZHywCyAwn9cw2q9FD/ezI3wPp1zDar0UP97MjfA+tqCPu7rAv6gDb6pMnd96ngRYuzULK3iXIQHaRm2iqgdWnL4jGWmDJOXeRZKPi+BsWddwGe4doUShxBQcBOzIAnyJto4aj3YGCnX48xFKqAE6GE7vATlbPh5CGMGCgZ7wC8UZvudL7YwVMB97LKKnHLdz7fIvbDPDLIDDH1zDar0UP97MjfA+nXMNqvRQ/wB7MjfA+tluuvITqBtpL06QbrlLl5YkHWpYyb012bkfyjgxmW4MVQ4jWQrS0qMlPiZyLQqinKgJZKaT2Xj5oJIWTZYuKTSFMwVmfQGAPrmG1Xoof72ZG+B9OuYbVeih/vZkb4H1v8pQGAPrmG1Xoof72ZG+B9OuYbVeih/vZkb4H1v8pQGAPrmG1Xoof72ZG+B9fC3TMtqbiZ4eSkwvfHAPLudpZkbumFsshLWzz/8AiJX/AIAnaXxD/gY/wgxP4Wf+zDf/AEoDAH1zDar0UP8AezI3wPp1zDar0UP97MjfA+t/lKAwB9cw2q9FD/ezI3wPp1zDar0UP97MjfA+t/lKAwB9cw2q9FD/AHsyN8D6dcw2q9FD/ezI3wPrf5SgMAfXMNqvRQ/3syN8D6dcw2q9FD/ezI3wPrYZK/J3oRCexMX6lSJs5HqfsnMT2QI7Y8Nt+y+/Xrk8HSfLpjdSXenMBFc+EaYLB00ACSU5KHaSQLYTu3f9gMcxce6dqtroC0lg53bI7Ov35M4WYhhtlXW8/FZ6PPwUO7nMkM5vB+LsfNx1us94Qci8lJ3bJqEcwKd9d+HsixAAyaBAxFdcw2q9FD/ezI3wPp1zDar0UP8AezI3wPq/7rR3BR5832Ztw/3fauOhXZCGNhoGZ+zkRvHJywc/WiYfrUfJ5tuxoYKbQLd+3FXRG69UFuuxMKdzTzRgLFWQSJgwUwDOFwRSpguMKBhz65htV6KH+9mRvgfTrmG1Xoof72ZG+B9aCguk+8G44eIoG65wYLPs9qIFq5uUIHl2uV8cu1zw16vjfsZWvjfsXv2MrXtf8Nr1cYV2DiE3ryX2rwdmQECmYZC2DwfR9vOlMzBiEZkYyPi7DrTUkQo9k/INmZWWDLePtss6Sl7ZpppEBVgxCGIGGnrmG1Xoof72ZG+B9dQbCdLk2ammA5whxW4wvFJKlmIJLjNTdfyoyAb8WU9+Mxaax1w96GYaIljXgUsqiKXe5g8TAG727mKaLh5ZDYaag+k+cHI2GIgW6x0UPO3ZwED1b3Kzwyt/83HPHXm+OVv/ALNr3tVjm866lunjo3EcyIOKZRXHpVsGupBkckeTRzCWrwY7lAgOMnKZYmpEBRShgEQQkoFCp4rnlcA2WAHDECxA8znhL55Jl4ooDliHI20v+cslSNL+cmH3X46ups+AVDNmNdrXb3eiDHrwLGOwWb4Cl3wMeKj/APbu5969zwwGEuf65htV6KH+9mRvgfUvuhL/AMwfa/8AS+H/AGMRfWhfdzl647uOV6M2PNy9hfkceEgNcd5tFH+SacZC8LNosrGkMdS8IRXGj4SyHaKhMyV7zUzpI/l3Pu+BXIvmGNkHxMyVdcw2q9FD/ezI3wPp1zDar0UP97MjfA+tHsUdI84ZZwlCOYYivcQd2yZLT5akbR61i2uO2KcO4nq910i22wihqKzBKajJ11NaUiRO6grqKelEcRbm1I8TJAjmA7Etud49TNDo+JSjtzOTNhJmqqiIjoJpyZqiitudWBBsZMprRZzZTlx5O4+TK5YmjxRsoCqORLZ4GDeAIOeGdwMWHXMNqvRQ/wB7MjfA+nXMNqvRQ/3syN8D6166ccqvH5v6vuRoam7LNST3u0iGas4I/PN9+xpIpFGCHLFTC5hH0stNivQ8hFDR0gWOrichG0kkYUE8A2cBFPk8Bu19ud59SNDmGnSTtzOzJhFprSgMlN4VyjKSgvOlSKhBjnSLQZjaT1x5u40ngDAGFEFtICpmnADlxj1i4Q4WeachOUTFn1zDar0UP97MjfA+nXMNqvRQ/wB7MjfA+tcmn3LXx176O5Yj3VbaBoyNIiEQHVT8cq7dkCLZEzSStg7nVZMYcvtBhO1bSk/EcvmoqSKjKBJODNFBDo5fA0XyFsYoDAH1zDar0UP97MjfA+nXMNqvRQ/3syN8D63+UoDAH1zDar0UP97MjfA+nXMNqvRQ/wB7MjfA+t/lKAwB9cw2q9FD/ezI3wPp1zDar0UP97MjfA+t/lKAwB9cw2q9FD/ezI3wPp1zDar0UP8AezI3wPrf5SgMAfXMNqvRQ/3syN8D6dcw2q9FD/ezI3wPrf5SgMAfXMNqvRQ/3syN8D6dcw2q9FD/AHsyN8D63+UoDAH1zDar0UP97MjfA+nXMNqvRQ/3syN8D63+UoDAH1zDar0UP97MjfA+nXMNqvRQ/wB7MjfA+t/lKAwB9cw2q9FD/ezI3wPp1zDar0UP97MjfA+t/lKAwB9cw2q9FD/ezI3wPp1zDar0UP8AezI3wPrf5SgMAfXMNqvRQ/3syN8D6dcw2q9FD/ezI3wPrf5SgMAfXMNqvRQ/3syN8D6dcw2q9FD/AHsyN8D63+UoDAH1zDar0UP97MjfA+nXMNqvRQ/3syN8D63+UoDAH1zDar0UP97MjfA+nXMNqvRQ/wB7MjfA+t/lKAwB9cw2q9FD/ezI3wPp1zDar0UP97MjfA+t/lKAwB9cw2q9FD/ezI3wPp1zDar0UP8AezI3wPrf5SgMAfXMNqvRQ/3syN8D6dcw2q9FD/ezI3wPrf5SgMAfXMNqvRQ/3syN8D6dcw2q9FD/AHsyN8D63+UoDAH1zDar0UP97MjfA+nXMNqvRQ/3syN8D63+UoDAH1zDar0UP97MjfA+nXMNqvRQ/wB7MjfA+t/lKAwB9cw2q9FD/ezI3wPp1zDar0UP97MjfA+t/lKAwB9cw2q9FD/ezI3wPp1zDar0UP8AezI3wPrf5SgMAfXMNqvRQ/3syN8D6dcw2q9FD/ezI3wPrf5SgMAfXMNqvRQ/3syN8D6dcw2q9FD/AHsyN8D63+UoDAH1zDar0UP97MjfA+nXMNqvRQ/3syN8D63+UoDAH1zDar0UP97MjfA+nXMNqvRQ/wB7MjfA+t/lKAwB9cw2q9FD/ezI3wPqqHmR6QxN/KDqOna2SHoz83VAJS+zZMwf/j27nH3ZQa6I70ou3vB65GzTJW8IhOUwZ74sqZDheD+1DKjYiZ5heq1WUPpkf4o9u/pfQ1+pUvUBng43uk/bC6MaSwHqiz+O35Y23DjecCKlSX8oz3RvGsJZe7odgxvwYlxQ4CBTvQy4B0ztCywexz7x7rkJgJnmCHN/rmG1Xoof72ZG+B9aP+jffiS9B/zfP/8AbdJ9Xe0BgD65htV6KH+9mRvgfSt/lKAVgD59P6U1wr/8OT/qKTJW/wArAHz6f0prhX/4cn/UUmSgN/lKUoBSlKAVArlJnxzau8c260+sk8KlvmNNcJSWmIrg5XxFRn0abB5HZa1h2uWGV8kdzqSUp9pjnhln3r2mOeGWVsrT1qBPKVAbm2h45d14DZBEVUfMla3ykjMRIAt2RVp9FWweWWYiYfwc743WXOmJSX2+OGeQdjdxMccssbWumJw32n4IFdHv0xh+GuH3XMmdYrYcy3tvFYE6bBK7mQ09cNy0cm0sbcJROfV1UuaxcaQksJbRmcVS1LEwnZppIwMKWEOKyqZOwy6PYki657Zc23GKiqiuWhPWraFBkGAUbFUOCHGOx54BftjTeSVIYyIcJYIrea0dXLilbh4DLoi0vZBgKKmazHnL0fPbaKZr4f8AV49g9G4kLGsMSEYLnRIWlkglHoqWIRKmmtYR9hnxy/i0TUmYgJLzKHVW5Yp4DUsRxBg8yp0MtAzgfdgMw7S87/KchIbkcsFTRsSns2CVBtow51YlFma3I8hmlZZZSQPiUHXR3Sgr0e2b5cAYHAZcMHkMwLZRJmsCZlWNGroyeNk3COqp/VPawRGbVH39uTRkV28QfR79V1OB15LuiNyfTEnuhBg46iuibZc2pdakAlIzjaw4x5KXBnYIo2XW6zgRZBVSbcTk9UJkzyiCSyMZX/36NjqlPWoPFnHDA2HQT7Id72kaSpibsYKp+x9Ti6P5CUSBxqtJQtiKOGnnjoRM09TiT3XvxMMu4UotAEl8NVIlZGQtPvGVzYahKUzKLGi+aIMIivxqPRvbEstk2dcRmEUcwXX7uoqpnVozFx44kJ6e9EZfILyYfDQDKC5SqinnAMbkalejJzy2420729RHhM5IrpbFPInIsHaTSTLTzLJyOoR+4TrdKMxkNVyuc4SLHU1YVFpCPt9PK59oadTxXSxLG5gQYoWZXPsQgyeZKsJKmiJpJYx2JO9K0/EhbRf/AA465/8AqDjep1P7aVx6acV0Z7AMyAJc2hezR1vgkszIPhVpuV2PF6uZaZDTS0wE1ZrN9znW200zMxmsO92jox0BDQSB0UsSVFcVLR1Gr7pZsuNclxi46upZ4uvTttzOkHx/DUXI5gA89ngbQZERHofPo7eBzyUjiWAZQEluCKIQHemDgdLcSsh7G1YqCL3LzHbo7CcXXHrp+xoBV2Yy5il2UNftMsJ1faQWcLCg0I6wFINfk00mqWIyGpn07FnZ5JJZxFDyHgn3WFg8nqFkkMgamqLReW+g0UWi8svwcD2M3m5z9LtTRN+dg4N46HVD7JTme+Jq1ejYbYpt7DsFgu1aREscgRlxzPBxRkuPdm2XyeLyBCjkNGKiFVgdCHcBdPL2Uey+WrmTkTTHTrQDcLVKOmvLzX3JmuCUfxVeTRdTnd6zDsyRcuSgRAjlDZ7+ZeQcsKycTSE5tBKh5fRLqh65MwkHrihDBRB5lePeIYE4jtuJV2E282s2YnErE4BZrSDsXtrJaIxVqSVhcRbF01h66Mx6MjXwDFWM5G82yzPk9dCiXKhABYH1c6UEUxofck97X4cei8Xte17fLbxR27Nr9n8NtWylr2/B/wC+17Xte3/uva9r/htVbz/iYrI3scrwrIkk8xhPd3LBdwOR3nq1d11Xt+3No1ofHur8f2QHHIutDvmSXH9uShMFacKaiWVFJ6tEq14NQ1IvgsJw6wRT057KbbwzNCmUJTzIGygVq06a3a181eiUEASsZlNN18nVAg3aQg2GU8MWWruNJXWcWfTOaj8MgJyniqIJazpIKaqiB4l7XcaIjqQBsAykls7dZ8/n4mvkI/MGpf8A5HE3uxUWUPkIafGR0dPSXaReRgne603RTTljQ1HeYw4OUkTM84NZhJktS+ZXsG/BoWRdRdDmuRv4RDaDbcAyXgOpBlC4zMeXQ1ym6wr8HTHSjXZq0xuLO2nOTMaS1Pc0OqHY+0dgZkttNNPdOdLbkNnB5rMbNNDKZqjbQUNmFVVj2NISeXJKZh0JcdB9v41Ylb2ku3jejPc3SbS/XzkCS3FJ65A7Y17fD6SgXsskEp2zvGkYkmw4VF72Szner7RzquoOmx9LWu/0tTxVDBgQMQXMMbCJ3F/xLLTBfIfJDyNr+ex/KDMSSUcCw43WEAcZeqSOslMzBGG4Ma97CIzZNtFNPiN1Xc6YF25XPwqiM0VPRD68ou+wLenkd1x46SkErezQz2bzMn2XkeFUOREVuFVNhMV1LfcRiihKTiOLCUAz21gmWVVsdU7moi4o7ccRwIkN4NyDEWT0n1iISCST0lG0onpDOnzITZBvKpOOm3G9x1hYy1tprVu0zJElGWGS0lJvM7TCOocEcrVkUssyQqpKIQLHAV7FIPAtFknVgueOxwAVxBEcxRoJp3ZDWQ3pSUQamRPpuyNyokRY9h/f1F2CiVd1ZmKGSKE0Jrkl0rDnLHXMULq7PLlVyR00FrmlR5YGFGy0EQWSaYOVNAZLxkssawo9OOlRYDHUHyRCTHsfZ7ZOPBNAxtgAnuk0ikh3ARBwxzExwCKK2ZsuHjYTO2OAdrWzytbtroe43r0WHtNNW15T4OYVjO032a1u1l6SVzcr2yOwcIa+IbmZsEpDbWZvldhxQlOFVKM+MjhpMQ1F+L6ATVlAsT/7UYJEBjBkEt/HiBYhfw62Y1jj0igKCp86Sdzfo86wrEs1JCAyoHUkJLlqOGdI6ciqJloRkVMKCSReKMslk06OW/7OMaJhAjigfxOYmQf8GovynaMRflO0Y1GQhuRqHs0qriDrdtTrfsGuNlPLq7kRoQnGMZXVW8lGzPeZVTXE5huhfOJKeZOf9lLnT4JcsMZ/iAxchf4FRj2t4lNKd4tiI22L2uY7qm1RiZnANJlRC8X85h9eyZkBdV1y7xUogKHCjeXncb8MjpCsYWrnkNcRCSQRW0FQySE8cvLiJdXtZ4DUVZYgrXaC4VV18kCmrqpEsSMCOFFaTiw/fRdPVjzOb6MZUiQBn/tAJU4KMAEP/HYB4ifwq70qlMtnRHyhUhxxT2RIli5IkS5B9jShMmUBDLFShUs1IfBLlixcHHAEAuADhgECCFhgGEHhjhhjjjja1pr81+1klsqNYk0F1SVsgN3eSR4mYDiY6nZiinogigYthnP2xKrgSFCPpyTGkfGFHweqFRyqkSVj/jIjd+ZtBSAwhh0Sr8XZsL/4h+yn6sRDX3ZE0P5p25yubF8isL5caMsF3axUmCda0/Zt97NALEDwKkDgqJ1FbjejmN8UdEdT4XbHFx5qgbicOYhxVXSyQcIJK6oJ2bM1HjE0gdN9Gmgli6v7fc6GukZFzRaP4R2WgeMGlgfHuaURkVmpM3IZQ6qGr2tc0qqOJO59UNdjHvg+ZMjWxxtnbG37fFG0UbcnnT5ot3ZeIFXg6dRZcbulOtuK2CGqEowQ2YoSAynwfa"
20:08:59.905 [Test worker] DEBUG org.apache.http.wire - http-outgoing-0 >> "JQ5cwXbqwctGpMbBTSsS53IZ/yLnlmBd0KuBuOvAQc5Es+Vzl6xeiHpwC0jW16PnvcK2luZhXAkP7BuT3kwgNUQlNKwT1hpDvW1wnYPLWaWrgti+IySEKq9sDjJ3iacKLqDzg82OlcrqJNovLaeY2tuxrsEsmAk0CUms/TshvR9hNAwcsWBX1JEFkZKLCJqVc2e7s1H924eeLTVxi7EaGtOoJ0qFpNpF0aUqH5nIc0UXSTpEPEbthECcWaBjf3KYNU9lkhvABJSZJYiaEykpsOR3lSmRbFWXslSTmYp5qI3dBzBiJ2sIa7vmTtgajKNvJrg2+kS8g+wO0xB8Sw6NRWBBuomiMCxfGLhnGZVR3PFsnntKavDsZtokcO5uJLUkGRx1p4i+CCCAhvvwGeXQjawjlj8quR1xou5fSEuHfVKJ1Eo61fRgaZ9tNkTqCOGqkozTz4DEVGajPEyTsaDRFs0rxe3E7FLNWBOhZygzhTeBcBZJGLfg6HIkb6ydJu5XGFMJZBbsp7VxdE0wapulzYlU049mKplE1TlhrR+oKN8M1E+bdIYRdSRkwXI4o2iFwGwiopNvG8y7PUhP8A3ZkZE/J+SZukGy/Ehu5yOvqdI2i6V9f+UplxAIwn/HmwDSlbXGZ1iJcRCoxkZzRLk5gowkowUDNoVzaitEHO+UNKSWccGsmpCA2TZTQRWS3kJPs6R+k08Orb17MJqtsJEDBm9c2lVGoICbOtKDzbXXTDVQJFUE3LPFIzFST8mgkkdcGBN2DkRs2sV7k7ELv/AFpVOZR8N8eEYifUU1g3x6YUpSqUUpSgFKUoBSlKAUpSgFKUoBSlKAUpSgFKUoBSlKAUpSgFKUoBSlKAzG8ynEXpCT1m5TOQV3R+4pe2ccesssOZouyZny4pGQoTNIsbCESJOFGeuGhG8yShRQI5uNIHEJKyu1Fs+dszFRto1iSOTsi4PvxQ3HT+ijE/6vgV+hzXfij+Rr9EGbv1KU6/M4Qu6eSC47e42wuN806Ke5WFvlYO4ni6D2lhL4WvlbC+XY7e+Nr5Wx7N7WvfsWoPlXVVdSAHLE91LkD24jPhxjU+dGidltUHcTk1X0YwKEXToYYXcHJC+t6kdL5Y9yUpvfgTZWXMlYGE9dIs2zbcaXmcTRFkEL59Ey/EqQV+dHYP9rLjqKurOifSBdJ0zcaQCoHEXLUpbeSG8Jq2AmaR5E2+OSEu5jIh0sjMtDwb0YNpBSmLHxE2uBx818E/vdDsuHydjeSf3mWJck6IWPtZlxyNYu8k6AQtRg1yWs4dUm0pSCLsOZkTKV1fx1AkhMUyAcclmcFn4Q8WDDaUB1kXCxPwoCHlkP2r/eE/zwPXiyRXrwfh87/ETo/DmgPKDvSBHzik7auRi6S+AJemt8OKUFyM7uycWDYy14hIuE0IiR+2UgirqSG3cUtMzcCQ2zWTbBcGSGGAQCuaiCYT2vPB9F0/pmAAqlBvFQyZhTwzIWAxYQ9GeoqY9CmBgETLAMUDMwiB4ihZ5Y4CB3yxyytje97dM9JB/El78fm+YH7bowruaIIePbDcH0XQAmZgBKU5cVDJh5PEMi4Algz0maipjLKZmBhMcwwgMDC2HkKLnjlgGHbLLLG+Nr2uBA7owGsTKZPFYyJ/dCORd04byuOVpn2DkJzlQF50SBdVkd5tZAR3EuKgZhQWUS7YSAlo0knxRU8Ryut3qly+ZpcPmDXRXDI3yemHNLzRcbEeBXSdeipiJNuohYhTK4LZjk1JTaZy07UdpJmAtgUxMEKyy02nYtgBlYNKjZulg8wwyuNzMi+jDbFs59cUUZQatKxNtzXpc4JVhHYCOl4yCkOqO1JFk16uFBNONDUMwFJKTDDTViJURTOlwSFnAhupHwMZG2+pBFuguHlZTtwebjmo5FY3MhrmvweUNagxe/U+/fTXkJZjdpspFfKi0VgLAQotJZPOJW85MT5U1kWMo8hNk+TuZJnwRAjzT60aeuvSroHmm8Z7Lr7onCGq+lKUApSlAKUpQClKUApSlAKUpQClKUApSlAV9bz8ZOq/I2oQrjtelyE+WVCK44nGmRKjya7mZFj8VXAGhYgmZRa7WPpgjvybYqAAO2c7qKeKn2UFwiYEOpS0op49JXR34/Y8U789IMjSNGk3mHHzE3QjpqsxmNNKJobabDcRVDYMikoqIkJ4QBJPTiBQEIAsWLhYB4YYW/Be973vq6rLpwPfjMOkcfp3s7/zvYegLS+XHfI/oPqMtPCOUnx12hmhyoevensWlAAVFXkHYuUBs0NkAlkYXLGymlNQQUd3rpcbIuVPlUcJvXOlVBfTO654eErUTPRznv2z16VnIdfEgonGXFTxmmQVJQOKp+Qp3k15QRIMzPQZRUMszxoBckNxr46VkcyyNBIuKaAZzEHBEEzsc3/0L5Wph5SYR3j1xM6ESHEerMVqTa1yiLbB5z8lEmVKj8K5gyXMJ1sxbHqoRPPQyXuVQ22qCOwYqQS0ZuqOCMTcCMWUb1aafH+V7PpMGyoj2bmgIM5D6twGBtQVbDj2CGipO1hu74FssKECnFREDdijOeLf8F5pqe/yhFiZq91AMydwJ4ls82ZHXNRvlNPaqujSi8xsmijbz9KvkhtzMQKvGM+LnTRiuOI2MtghqbWTpolUrGLzKvYdAOXHSxl0unzCdUgFYUtY8XWGFHh0HsDthKNFXSR2ii6tzDxa8rUZJxZrzhDW8kYwY/nKggBJqvIsMSOiOpcWGi8TxfIsYWkYBFY7pZxQEyPcUsjSS4iYQoZczbIv+mQcKLpT0qyWV2YFEmzmDyeaUMRLht5LZgJNbi3M0SBxeyMWB4aOWLpobhMIsRqmACUIayPmVJ1sNOLBiGnUklhvh0k1xouzMj8WnFxHSiUcc6TnvlFkzulqoo4akssaFY0QnghOZ7O1PK2MmUNAsnPladBU4dLY3PpMeOsyRDMhJB3Gx21zT8rUIrSVt46rBLSTyjkcNotydcm90lmS3buKIuvJm8e+pUcMTU6FGgxFyW348dp5/JsGSg1GLYobycrKDkkQZhvpx2yVMSZYFFAazWWziylZtxLMh2Q62bacRm9vJsyZDPQzOWuHKlEkaL6HH7R2gYEtavTE6YzPoS9isgZsoq6C7BlkuQbKs4TRFDfgLicCahWUHAgIwae2xVVGieyEaNtbulubEO2di6E3lLdnSSP1PVB6OvEqXT1J8tVvQ3FbtZTSVT17FCz3WkaGHljgXLDALAyZhkih45YO8kVVv9ObM8z5B5peAiNYUHT1jbVi7Lm37JgDTEAHdrU1bIOWOHO7QX7cjlc6Vby20m3KZ9vFVS2QIKaTfJkvgVAWhs1JvmiLBsd9BN7pPxKGqwXy6oiGtGlKUApSlAKUpQClKUApSlAK86Hh3/pcPIN+eLkl/bUrV6L1edDw7/0uHkG/PFyS/tqVqiy8/wA9oRZef57Q04dJ7/EYb1f/AAP18/8AVdBNQY5RdzZU0z6Nfp0cg9ZU2vLeyUC6R6rMt3oZoUivNXKSNeijldSmgqAGQY6UuHWIwnU3khbLDlj6CorZZbSzZZUTyQ+E5+k9/iMN6v8A4H6+f+q6CagjynabyruL0a3TcCD0VUdMr61wVpBtQ0WghFRT6+6MI616KtZ1kEFPBwFGVFlNY8gOdzJyMWCHPLZpADSEwsbVDxIqNSl9/Hdx+wLxya0R3AUKsptJCmitZBClCQiKQUBd8vyIEnhXdL9ezguD4XWzyytiKBtNKqBoYm3EkUm3kIsnIqaRIF+nkLiXgFgck2PJbDLpfUGyE4o6VGBM0QRaG1G/DM/jqeCnbJ2Sm3xG6bOnHEGaHb60Icb59AGPORmN9wHxjCiYcIi53Nx47/QLyNazRzsHCT1bSybX2sgjyUwk5XKmHXEUgjp4fjOwXqhXGurIigirQagUTzCgWCKOJKBJuFCMqSGpEFAzHADl3jB/cl7c429bo3WdlVxFZiw8dlJ0jh2ow0WawWT7mcSjefJ/AgfKLbjNDgFEo6lJKyAbSXIvITaFCMK/jGXbRmeCcT3/AESeCTjBFR+tDNnyU6Dl+R/nf5FtfEXLwdMyHxGsOadbHWGcumm2pPsXy7AB1kDFFWw5e6Pi6gFRXj5TWe3yzRkN3qqqWw7/ACZMQO7DQzkPM8jHCrO77f8A3VL2XhrX2foE2saKiVulriNNEfRQ4CCmuqCKKGXMJoT+S7p7v727zAKJa0pOBqgXEMNg72nSMMf0uHbb/wAIRt/tp1lqHfI2iZcOHJnKOziRhm3tEeZSGJRgrYnAvhmG14t3K8RHQOxJEPg4ZAkymL5VlAwtDqCgbxwwLu6fF4ewZdGTQrCLDhOf37LR+i4/iKNGf/tmf/WHsFV/1UA9Fx/EUaM//bM/+sPYKr/qFFKUoBSlKAUpSgFKUoBSlKAUpSgK+t5+MnVfkbUIVx2vS5CfLKhFccTjTIlR5NdzMix+KrgDQsQTMotdrH0wR35NsVAAHbOd1FPFT7KC4RMCHUpaUU8ekro78fseKd+ekGRpGjSbzDj5iboR01WYzGmlE0NtNhuIqhsGRSUVESE8IAknpxAoCEAWLFwsA8MMLfgve9731dVl04HvxmHSOP072d/53sPQEY+TbanXkj0iDWtF3HVhFHXXQnTNRniPopCaqvI6rI22UxPsFlM5NZMZIKeqKr7kMwAsRoqs1HJphsZHUmMI6DBlNSU9UUCU5WBunxD79cjeto8wwTsXrRyQwmnOBR1cKbYRfMGpklupEWipvJQIo/gZ0p7cktHMpxZdxQWPKBhSKniSs8CbbbZzwy6Cw8bJ9RI31y6V9rZOE/FkFIZO0uj61H+v0iPDEqRbaJsY1Tqg2TyAnLqpfAgQdxpjlwm4n9qOXHOGZbQEMnkKoLoBcx8+koH2c+NkeFmGooMJqnvN5QaNHpGpJviAm30zYiKKqVk9HEr4Ecs1JvNEy7k5iLnhBTuTTTZZiORSLiil2wtjEStxeNI0WDatoFaGyozTj8q0Wq2hfBMnHHrbP252ve8stEne85W1ea603IbaKwvlT0PNo+uirQ518Xj44kGS5h/4Dq5UyTc3hAMcmca7NPgA4nmulGQKA+TlzsHZDpB/D1D+pGBBxbVasPp4ybuE/WECCIYjnXW4rKUTMeyk6Um2WIYqg1CcgJYTbcBsIRDtKKIkAl7GZRAKG5/8x28mwjUkbWXi90GWExA3o32NroRWT1HDIyV1l18bpZSFkGcBiuGAgl17wajOnBmD4AGRC1mi7jydh40EWwAcmdxucXOtPGVFqg0IcTVF3Sm/TGC9PGxr/ExWpjnN6jijHlJedzjMZmDZVIuqGzxxFaJA1dISMzho8YyVnKprzkWVYcLv+4og7weC6QVJPnBS1qa0UbeHpM3I7OMvECr2QuNmK4UgzW5tuEviqJMeOl9pPf6y9UcoauMULuIBfRpfMJp7AHAQpd7ZGg7WUklNPFfjzWs9E1C5ZOFrkRiZPKMx+yttInacbGqKGAGn3lGNJPNtdspmbrAKXKl15TbTTX5BBKnljE4aGuXZgdzIGDOQ+9f0tPnAkaW9Jd5L4OlZQKM1N5F4og6f9b1xwmQkwhJC2xEvNLcbOQDBnuIB1yYuFelgMilgCCmDRRinM7f9qNFSwzm5caNtdym8J3HzF58o75Ej/bBN3GnxHRBgj5mMImic02XGUNuzMviYCQTDsbKLIOaSAq9wFuKUQcsy4mDkQ7HpPwqT1ktJ7wZbEREVn0VIrNnRVisettCvrpxX8lXHb+cHY39XIhrb1Ev8lUZfm+Zn6uJtYhenFfyVcdv5wdjf1ciGtvUS/wAlUZfm+Zn6uJtUpkF4hNsdWNX+XDpG3zl9ltf9d/Hjb6L/ABK+XSZI6iTxw8WXrtp4yeK3j+42/wCMHi/4wIPhvwT334K8NpHf/e/hIn3bV5Be2OrG0HjT82jZbX/YjxH8CeOvyFzJHUt+J/jN4X8W/GnxAcbg8X/GDxfXvAnhbvTwr4EV+8O+PBpzuOVvhu1w142C5cOkffL1A0MTd4o7fRV4qfK7FzHknxY8PPXbnw74veOaGteBfDXgVH8LeDe9vCPglM787t3gV7lq8iLXDXjX3xh+QWBoYhHxu8E+NfyRRcx428Z/APhPwF4w+JiGi+GvAvhpY8E+Eu+fB3hZT7z7j3+a7qBnI0c/pVHNZ+i/qT+xLVerbuZv8UvyPfoY7C/s1cFU0xU727qv0sLc8lNS0nMFL350yhRV16XHMcLpCM+nRHjahaPjDNR1E7cEqYcJ81E8iZp6fiYsMaMoNk8IMVQU0osZsl6QVsPFcAcSO6+Mju9CQVeW4Me8LRu3j6mULrz1fEnpt2YmJTYSBBsVBbHTMVsRwLWKeAYskt5LVFk/3BPImB8K8qI3Kr8leVEblV+Su6Hv6IGr/wDhazl+q0g1WE1eTp0N3it4lOH3S2UmiyN394IjZEcOqVFtzF2+k6wRdIjocCZirm1vEfAdNlWQ08ccqwkdL7s8SqOLksN0mA7XHGQqpcsfiJ1wT0Ut1xa+kk2gPJu8TL5NuZAUAhS6kgLTohtbdyghKhYa1hSqqjGF7NMUymdrXKnypgv/ALA7VXnx38CerG1vR9o+T2olhNTbLZRtpOyza2ZVc8hXsyZ1ZRxxpkTpqcukS+KqiRUgo+I7QPNpL7pkGmOVyugpjk8BU5SJ4b/1R5I0L/y+3rVDKJ/6os2ROf5eLomjLGKKpqG48dBIK41tXWJq9AqXeyK2wsld6PVQKlgXXK0jKZcrg6ZHeRgDtu7rS6MVAAKE+7DFG63yKK1knINHRCAQc36od4KuTF57mQ6+tZdriphl8iekCznD+0bIX+9ya87rt06YbqNMhAoFl3ueAcYqdmmvQyj5DJhV5gDKxQMg2XizcDd8Valmcx3LzzYUpSgFKUoBSlKAUpSgFKUoBXAJWjtLl6L5FilbWnY3EaS2M62EquFhOM80HwhJzuQzyCcWGe6kzLFQbjmTS58Q4hrZTth01TBLG8MBLhdzy5/SgMP/ACBcZumfHBvL0exsaqRIUaCq8+Q8uLJEkr6qqPKVpPPprrg8wXUH0/HCZOK6l3M6pqigXRiOSY2U06pnxkdCTrGhcctwFZdOe/8AGJ9HP/8AEPMfrPANai6Azf8AScJpdyfo/Guj8RHO1nXkv2MivU9jkAMsrH7NVXdCOqvxVxwwv22aOMPg0WE4e1xzvimSHnfsBY3yMAT53lCaWi3Dhs23Y8tZFa+uGgUhRnGOF8sC+RURqQkejuNwhMwu0tiOIq4oIQuYf8YIOJnnh2wuVuzUErqFuQ/pSLbbod/DUHcOetyo4DWN+1Ot4zstL5NPBEtgLh21gVohi9W2LiD/ABVyrggI9iKJlmXuXzv55Atk4V1F1GmDYDY2MHbMEGMRLSM5NYzMYbbkxUPttccSS38jp1lOxYREJXQExQVCJ1wCHztiqUlBGlk5hiRTzQ4BIRq8/WkOvkkI16umvlKarnS4vObDRHSPjZ0NieS2hts2ItbkOxy1HptbfVKVfmnIMuO8PxgfzXylvNKAsvGm9IDgX2+pqLTQHAlG1FOOmElQU0/uR4a2TnKnpus/hN3omBoORKXmpIWsBhptV1N9TKqSI4kDY8dvRQhK6IrkRRiaklLyfJZUwmniY4pY+TOAjFhRAhsM7/Y34mzS558Iex8rBLEa21HkPRx74RcAQDbiY1jALkjA+nw8zGYjksrJCS8SLwzbLfaDbSsATzZeqeRTyoRA+j/9lrx0c2WjXQno1ml8t8h8PP6YYkLsVESno0CEZNuVsk6OZFmF5KkCrjtZz8V0VEyZJNonowIJ5s0KZyJG1Nq4ESIlxQhQG3l7wlzrtsqjaF6ylCE31mlT9DSPnI4+9VtSdEYIkVC2oi2I0KCIEg5ubdyDq1KLM1JeT2bcbt1vKhhBlxaTCl1NOUV1NVDg7nDb2LdxL99r5lULoIQyoHeHv2dJqXH3uqopxssfTz+nGxx0ieJDhGiZ0mahN5DljZQyBmIAZLGABMBgBwc8whgs8BA88sMrXvXfzpyZqsocGu17mXXLGyxDsi68p5SADaWdQzLadb3XMEg/r/eNgSmXeykKVcxduOFGDb4QmSaiI51W7QulJR0cv8YJQpIbHRvW8gS2CqFn8lcR7pKrJFbwMBLSYUw1gX"
20:08:59.908 [Test worker] DEBUG org.apache.http.wire - http-outgoing-0 >> "sm8krABv8A7WWVUhtZI6YolTdsDZU4UGLmQwxwxMMWXzKnlaK75HWCNdamuhL/AMwfa/8AS+H/AGMRfWz6sYPQl/5g+1/6Xw/7GIvrX7LMnNGE4rkqZJAUcUhiRMwXhJT0Vcu07Cc1GM3lFzuE92BMwg73KpKWbGtjmJhjllhbG+ePZ7NgM2T/AD/z+uk3RNGwOfheF+HvWdeldzA53saRRNnp/JIxRIJXFB7YGymmtdxx44k4PK9hk9di1wADDYChiEb3MbHaUagP7YSIuQbYhGNKb70pZD5V4/XXK5lkxGceIeSSuqrrex2Pc8zLYOOBJJDCLZdzipYy0mnW22VIkPiebSMKVpz6LowXc/8AXPbPktldPuBLHJftnJUtiGc75idyjFiOVyN5poZUQbHEXBMQ38sS2RRwQ8QimCCGjBlAcAAg+zb3L/I5qzFG7MQ8dcwiuRty3snHSm7o1VHW2k4vCz4T7CuVLNMWz2VFYMiaeamK3FNOBZ4iUMMoDnkRO7ORpyohZQZnnizhfqfhp1k2jXKD2VJ8ecsfSAdRNxOPtNUnJrtopD8rNXaPboFrqzGasorb9aL6brJhtr5udNQnDImbfPOTEUQ0KmXTSKYrrqqRGzIpqCcW+weTEi2oE5/uPTeLchJELaFtXWB3RQ1JkdaIbW4WgTasw5JQUEldkc5iSUUVgnnKnOZkk2m83CGQL5LxNNUyx8rgwDqqjdT8lEXQXqTzm8Lzg0LbLLh3Z6eZkcTI2qjSDCCU1Sb/ANYTqmxQnE6pYjtpBE0btSrVMyaqprkV0gE2v3aoyyMaUDMbpJxD5Ht+nxpsp0miDNWuQPJIcGqbP0uvJWokGymYBzg6W9j1pxiJh9SV2es52ab9dQqUHISeUSVsso2ODx63ErAgY7bEmoCwjHRPcFam1bKfnbvyhBfIRzQcOq/xtOlobBynrNKTnkDbXYrXs0TeTBjvWgYZqjeI8mTM0bm2ecydyOQlBvthrGXEdNkzTlUkUIoWMvkMqpa/Kxzcvkca7aO8j/Do7OPNmRvAG6MqbatGMpKirXRCQY9Al3V51OBspDywmaOmCWS0U42bimREpPdLiRyw+aeM41Euqj3YZU42djNCZSyQS71oqIpSlAKUpQClKUApSlAKUpQClKUApSlAKUpQClKUApSlAKUpQClKUApSlAKUpQClKUApSlAKUpQClKUApSlAKUpQClKUApSlAKUpQClKUApSlAKUpQCsofTI/wAUe3f0voa/UqXq1eVlD6ZH+KPbv6X0NfqVL1AT/wCjffiS9B/zfP8A/bdJ9Xe1SF0b78SXoP8Am+f/AO26T6u9oBSlKAVgD59P6U1wr/8ADk/6ikyVv8rAHz6f0prhX/4cn/UUmSgN/lKUoBSlKAUpSgKjZ44H+JPZaWF+bpg0vYyzJTuUsll4LbWeMsxcnPNZFN4qBtYebSiuQGWznaqqahj4QWFJxoCmdWj+Yp1WHOGhhRc7L4oiWMYJjtpxHDLBacXxixkvBGaLFZCGQbrZb6dgKIYzAT0pNBALBZmTY5g8fM5YZGlFRNG1E+OZPGjBgXsOlAU9TTwDcQWwMmOOX5O0oZBp+PBUEW3cfZj5mKKER1rJg7dSOKrlZcUSMyWSvKKkpZCKKscVW6bMKygMOdUhDRowMKJNdY0V04X9aCum6xrRDZ3VwgnBJqdB2bHRg2CmYgHBlIFSTEkAsFdNcgSuYMrobsIjF3Ri4DJlfsr2WTAx7OV1KAql1q4P+K3UWWEmcoG1AZzblhu9jJrPR1POV5bUWaNhhmEAbZBeYH8/E1lHygIooBFRapJIPEABhgCRgAIYXDOduw2t0EbZRU4YQ2QixoTFFTpuVEWWY9E2ygnCGyAvd05VIDh5gKKKuJg/8elLyKdT1lMGvcUgfLiZXyv3bSixnG4WM43KeUHgJ4jUBAcDYx0+R3IjOFmLrA7jIctz/KRtrNVyJ+aUsEYzVZKld1q0RHDCaJmSAXYsPM5fTi+Vw01TKWvUk3xxkaRSTCesOuz4hgy4Yd01dUevXWxpG5TmYIWNnJFKUZQo9OYOYpIZZ3O0s2Ec2Mmkkh9LznRhidgADqeawKFbAzzpQHT8/wABxNtHDUha/Tq1PHmIpVQBWu/Wj4dcrZ8PIQxgubEI+Hmcst9zpfbGCpcTvlGWk45bufaYmLYZ545RMn3ig0E2g1rgrUCcoIHe+uWtJNoEYVjbGWpwa5ZnF2EyBo4aPdXGzZKbzxdI6IyjJpDLm3k4XCbFDNGjpscwpGRjglidKAoB6rjwUeYz9pncP94KrZXFptq88dYm7pm9YWZr61kacesmLW9Ej6LnHqhprLjhFTG+xSOCi6Tqs4h1ZrJqMl2SHWaWR3aWPkgViy5dYtkfykzSgKjNf+B3iU1glNuzVDmmTLSZKZxwupM1wvJ7y9LgLNVCRm51OVWegS/Ib7bTVVkk9fv5GVEBHTj6MdwDNpZgoZCDFwtzpSgFRPjHR3VyG9mJ13DjeL/FzYzZZOb6VNkieOsiK/jqQa5VMJIQHiivO1UYrc7xLIyaF3VpNhBGNd7ducEMCDD5iywpQClKUBFzUrS7WnReOnDE+q8bfJbH7rkRyyuvoHji/nv3+/3eVRybiX/Csiup3LRXwiWQUkPwWSUiyKU707cinFhBzOY0o6UoCMEGaaa2a1ydsbMkKRv4lyRtq+E2SNgnH44P1x+P70SMl/JOWfA7sdK6gtXve7nXL+DmSlttKF7+/jyItixPvfr3cnjZ0c5AybYLbe67M6YTrKuLiz3QZPulmP5rgGDAZwwRQZHjpwNB/JSWYOAhHR0kk5AUwY6EGbFKZmQ8BbThpQEK9OeOrSjj/RXGiaha9MyGsXiMXGd66nGHE6Xw7O8xTA5Iu5pFfi26X8vkSA5s2YT05WchsgQMHDg5MsAMbMZif5bkccmkfIElNlK2+15Zsy5MsUwKz18+bcrTfDVxOCAjnSrdkRgLrUfiKnHjBYqZPJac4yyadNFCho0VFMFS4gc2aUBBXTXjN0T4+8HMJqFrgzIgV3mFiWdjuBPut7SC4iGJrE/ZKV5IkhwvB+nUbwhgGoXRRnHkk3UAwz1ydzYeA2M6qUoBSlKAUpSgFKUoBSlKAUpSgFKUoBSlKAUpSgFKUoBSlKAUpSgFKUoBSlKA6vmyGI12KiOR4JmNt+OEVS0z1xhSC1vDC+3/ABgabjJCpy0leHGsqIjjSu/CYwoPfyIsJqkX7buhQ4ALjjnb/OD4TjHW+IY6gaF2z4mRREzTSWPH7V8MuBxeAGuhl8SqWl+HHWqrrkVe9S+OIffq2sKSiP2O2MGxs73yrtSlAfTUU8orJ55KUAe+CCkTNJ50DugoXdyhwDMsZB7qBmGMH3QETPDugIgYuHbdsHnhna2Vo76maha7aMwoha7asx58l0ONlUcK0iM/xsfL27yU3UrGV1eM+MEiuZ3Okz3+qmzBruJtbMFyvdO4Egi5bDAHGSlKA6Q2Q1whjbmEn9rnsKzflBhqT09PSnyzvGJ1tTw4QS1xLcZADxhZC42nUmdwWkZNOd1R1xPGF7273GEEKDGABeeRxHrPiOPGFFMepHi+wYxZbXj1joPhBUVvAjPZaGRbbaSPCi2dUlpS8GoqaSJeEFdRPqhzuPfCgdNGxBRxOZ0oCqfZnhB4rtwJTV5tn7T9muiVHJbsut5Nd4yrEqk9BL4ABiGX0DD79YZB8HRwipUI0edhNZOGgSxcIyOKGAFjjPuCoChbWOMG3C+vsYs2IIsaII4TfY7FRSiGhkczY+Zo+dzALYWEPKyocEFPK6yoim1ZXPjDH1M6bODCjZ9u0oBSlKAUpSgFKUoBSlKAUpSgFKUoBSlKAUpSgFRcgfS7WnWWTNjpihCNvEmRttn4Tk3YNxeOL+cnygPdPHcRkot+CHc6l9CancRnWv5+DWSmNtIE7/7UUhngVJYlpR0oBUYGzpprYz9rpG3fbkb+DtoZajdFiOQZO8cH6b8YI9bozdHR2/4lnnSajxK7zFabfz8LIjTTVwx3h2ppSHxNHbGZP0oCLO2mkmqO9kdl4r22g1kzeyU9QzV0Yi6S54qrNpWFL5FB1VpO1API7uaCmZKZZEzSg2F1JNmil7lTAwoH8XXS2nnE/wAeeg7mXHxqjrG0I0frjICpKtIaivv2TZFERx8i+RpFJv8Alt2Pt4pSKdzJk81BISVskmn8yRLM6VHyKFrhWH0oCIm3+hWn2/LMR2Dt7AjJm1vNs8aUmuI4MVZIczTOqAQAKkO0ny01Nvvdq3VAipPBWwbzhTQlSxFP8IYGbkCdwOstOeKfj40CXXC7dTdZWdF72dJMRNXJAOrT4kmRTaUOKEYNIwMhyu6Xy9U9FPGC5UyooyaulEtRMkyJg8UMDEimYNhFKDOG6hYUpSgFKUoBSlKAUpSgFKUoBXnQ8O/9Lh5Bvzxckv7alavRerznuHgTG3S4eQO3Yz/hzLyTh49gMS9rZYzSs5Xvne2HYDwvYPLtRBL4h55XwxwzyyFDtnFl5/ntCLLz/PaG+bZ/WGDdy4LfeteybH+UeFJLDbwT2ZfjK72f4aDarsQnwg4+MbCcDWdib3g6GyiKnZSV4hka7y7yO3MJxk2UMdkRxHrPiOPGFFMepHi+wYxZbXj1joPhBUVvAjPZaGRbbaSPCi2dUlpS8GoqaSJeEFdRPqhzuPfCgdNGxBRxOZ0qlKlJ94J+JjZmQlmVpZ0uYAsguUc6bc7mjl0yjBpx1HVPOwqqfdQEHPuOiDmUFce1zCwfXSigcVjOYplRHMjjCiZzU1b021a0nYIkY6pQXHsGss0aCPqycx0TAofcakAFkAAqu5xm8zjmeCuAWyuVAVnSsK6iAUtiUCNYF8MAsZL0oybSl10iJ4DJtKXXSIngi4j6Xa0oO3Tq3uSY2uU2re0Rl4Jc8p2eUgDWVIpKK7cXS7VyYxh1DRuUsGrNJvG/DRFnlXFlknYhZq+QBk4EY+9tpp9rdvTCy1rztZF6dLcQr6sgLx9rHlp0tgwEtthSCVERWSHSx11sPBvKJMyHmBmcQF9MMHUs2pIh8Q0jKqmQNyVpQHQGrmrkE6XQSxtaNaGN8msJRr4zeJTK8Zni8fAvji8XC/3H/wC0b/cLqdqj4RdrqXlb/vZeP959/wDeBDvVMKkiRfv+lKAUpSgFKUoBSlKAUpSgFKUoBSlKAVFyB9LtadZZM2OmKEI28SZG22fhOTdg3F44v5yfKA908dxGSi34IdzqX0JqdxGda/n4NZKY20gTv/tRSGeBUliWlHSgIw7X6X6s7yRtjEm2UIsqbmEAo4rKYlOwqbCUG+s4gCFfDLUc6KcSnU0VjMmMORFVWwtpKgMRHMERjOZQcUHOO+ofEFxu6Ivk9KGrerDPj2TT5EymXkdackiSq/k9OPFrEj5BAeUwPF/ONsk1AjaxBQLN1SSwT5C1iJvAYpbuNWTUoHXcqx3J4U+M3kClwtOu3mto8vymSZ6MwSbnFmzYZkBlGg3zywppKIVb8byyz2wXAKqLgWTuQ4SNgcNGVEwMbMj55Y3x6TiLo5HDNBErRrN0U6ceKsnxA/GlJsduf5wu1K54vPdjLpFzNZb8CuScVhvK3gtbTCR3wauJKmkHe4d7KJA2UEGLiXdUoCHe4fH/AKbb+tJDZe30Asua0drHDR9qHVrJbQXc0jJ/Evio5NJ/sxWbb7a4SpYmSurF0ByJxZVyIJ+agEZyIE8gOJabcYuh3H8M5z+out7OiRwPMvYk6np4Td78kNdTbG8T90hQkeTXI834MiZnwwT4qJ4xWSRjxYqcGJ5mSpYUKeNKAwidOK/kq47fzg7G/q5ENbeol/kqjL83zM/VxNrEH04vK1os47MOxl2cn/sfla9scr49jFuw/a9r52t2mOV7527XHLK2WdrZXwtlbDO+O3uI8rZRRGOVuza2UesvK1sscsMrWu2029u2wztjljf8P4ccrWyxv+C9rXte1AdJQHo/q7rDLmzE7QbGHiPKu4TwRH7sY6fHWQ3L8ojsbp15qKMq+A3e7XA3Gj3mckF3jd4sVHbCaY8L9zNExwiCZgSlfSlARH260M083yaCUx9u9fo/nFCb5g2abQ7oInCbmao6hiBgpZtJ7t06ivVqWVMChPFVwbrgTA1TEkSsfxMWKFu5QzhngJ4hYFkNAlWP9LGabfbVNkj7ZWZOf0zTmXb59MFsYSzyMhzfJEht9NOpRrEM4lGyiUEYTDoQB0gIXNAAjYXCUoDrOZ4ejnYSJZIgyX2743RZLjLcMeyE1vC66geMDPdaYYR19I8NthTRXEk9/pxocv4QRFdNVCvdO7EjpYfHAXH8uAIDibVyGo91+gpqeI0RRUgBNdhNHw65XN4BQgTBg2GR8PPFZcDnVO1MGjAnfKytKJy/dO0yMXwwwxx7gpQEL7cemn4O52XIOQiLJE2+MtDxDV5cbcgSi2LOlp2RsW/ikvhgN57JkXvzENJATSoRx5MpdUAsm+1DQZvE40WwYSZoUpQClKUApSlAKUpQClKUApSlAKUpQEXJ80u1p2fkXXOWJyjbx4kDUyRMpX1+X/HF/NrxAf8AmaQDmS/4KaDqb6K6uyZa6EJ4Leya5EW3ePaWTrBmTmBiUdKUBEbXLRLVTUuRtjJcgGLPEiSttH5hJmwrwOPiR3uryM9AlV1rgKoaEkF3uoFAKllV8Oo2VQmkCgt8rksDBl0oIEEoEXlKuIaI50VYbTlR0twt1wpZ9EX0BcTyisiriKqlBSCokLCUfBMEVJLUiI45M+nnQByhwoMKXMAiAiZ4ZfqUoCmVL6PXw1o7/KyOT0WjwRYJOAR0k22pPKX1qJyi2LngIIZLwasSKfhYEvncMMO6YGwMUvuAeBaxKxfDEK1tjtYDFfrIXY0e7Na7vjpzt8203GxHKgpi00F1sHieSecbys3FEqYST6KZI5ZExkwyUEJ5lr9xyBvha2NcupQFOMf9H64eIykZDlJqaQMO7obK2I4m4nul7zDIEfIC0KaCPZH0WJH/ACM5ooSxMDoIBsEMkywAC5gAAYAIMQELLGaHIR/MH3g/RB2V/Yw9al9UP+QrK2Ggm8Wd7ZXtjp/svle2OOWeV7Ywu9b3tjhhbLPPLsW/BjhjlllfsWxte97WoP8AfO5mB6Ev/MH2v/S+H/YxF9a3Z/gSKtooakLX6cW2beESSqgCNZ/NYm6XeyxnA3xzJc0aSc3Kw15sOxOKHcyoQJ/FIXSGR8jkYTTmQ6ecNlR8kPQl8rX0J2wx/D2bbei5Xv2uVsexlDMY2t2M727XK9u1v22Nr3yxtfG+VrWzwvls/oDqeCoNinWeHo7gODmgVYMSRQ2E9nMFnkz6wrAoTfTMMsSxXNXcSisOBYNZ55imTyuuqymsqh0cwfU1A4dMDmBOodvdENQt9mOlx3t5ArIm9sIJ00pNuzkCU01xNU8fBCLqJlovZsKKE9WmKpgFyoSpduOBMsphlCeJ+xixMtYKW1KArl0+4kOOjQt4K8iaravNCOJGWyBhKPSMrOKQZSkMNKOWDsfS0x9S873660NMUcQC+CmnoiunlFIMuWDPAmMC4GIfbO4GgWm+/TSRWVt9r+xpuRm0ZOG2sbcAaqkOppjKWJfBTu03201NvvhrBquJMl4VAQHEnAKmRAhkfDMZESlwZg0oPiXiXorU1I4euNjRd/GZW1i1VZ7ElEwTNEA5JcDmkaWn+mEz5XIioF2+8ZkecgOJshqCflmmqHi8opdzyYIInG7jERMwMrK6UoBSlKAUpSgFKUoBSlKAUpSgFKUoBSlKAUpSgFKUoBSlKAUpSgFKUoBSlKAUpSgFKUoBSlKAUpSgFKUoBSlKAUpSgFKUoBSlKAUpSgFKUoBSlKAUpSgFZQ+mR/ij27+l9DX6lS9WrysoPTJMrY8SDate2V757gQ3jj2uGeVrXsx5gz7OeWON7B49jC9rZiXxwvnfEO2Xb54Y5AWA9G+/El6D/m+f/wC26T6u9qkDo3eVs+ErQi9rZWtZgSFj/Cwzwv2cJxlHDK9sc8cb3xvfG98M7WvgJh2ogeWWGWOV7v6AUpSgFYA+fT+lNcK//Dk/6ikyVv8AKwB8+n9Ka4V/+HJ/1FJkoDf5SlKAUpSgFKUoBSlKAUpSgFKUoBSlKAUpSgFKUoBSlKAUpSgFKUoBSlKAUpSgFK"
20:08:59.910 [Test worker] DEBUG org.apache.http.wire - http-outgoing-0 >> "UoBSlKAUpSgFKUoBSlKAUpSgFKUoBSlKAUpSgFKUoBSlKAUpSgFKUoBSlKAUpSgFKUoBSlKAUpSgFKUoBSlKAUpSgFKUoBUU3Fvfo80JJEhp2blapteXwVLFHFipxbDxEiySEr5Z9yxShGMpPAs58FLIT+LxI5JdjV8/4Fgr5fgrsnYaNndMkGyvE7DlVfg52yOxHEykWX2mngqbrjodxp4yUM6muWMHk0MNyJZQyYGQj9jxYVKVbFFQuJ3cmFjeiiQ+GbiP0c4ppfYuwUNwo7ECNYJfi5KW2Uix20QJ7cr9MIykYvICTJBkFRfSC9VF2HipKO2w3HSNcqfNo7OQwFC53IsoM++PqEyL40ndKbO0ZwbU0c2vbK1ssb2yxyta+OVr2va9r27Nr2vb8F7Xt+G17fgvauqXRPEHMiRWND70maKGhLUn99/JrFzokRoIEiyH4PAMGT/iMyVZYKOV295Fihswb8AJih3sAVMCjdoGCJljQhwUN/anYvo+cKMh1TlI8IS49Y9ltkQtPwCWSc0jMKPCUiOxDiR0FEt29kFYIoreIlkpqhjGEsyYj4qgCNxcRx7o7hLVQSfxpw7x187nB7iyJAm2bJanZ2bLOyfJ82DkZWkSTJWdLbjsqSSFBUMGrl0hKJpYa0sBJpVNTsVDIocDBXFheHJFTYbOv37Llvvi+hulrqh0TxBzIkVjQ+9JmihoS1J/ffyaxc6JEaCBIsh+DwDBk/4jMlWWCjldveRYobMG/ACYod7AFTAo3aBgiZY/S2Gjl9S9B8oxjGUyOfXuQHwzVhvNGa2ajozgc0arh8vcMi6EpFXsbJqkMSE/AMVuZTT2ZUQfwStIStYkskMX0n8acO8dfO5we4siQJtmyWp2dmyzsnyfNg5GVpEkyVnS247KkkhQVDBq5dISiaWGtLASaVTU7FQyKHAwVxYXhyRU2Gzr9+xlvvi+huPXl5DaqGtOdzrSS22020lRXnC4V5RJo6GgoaOTGUFZaWlZQGLkEtJSyBcweUVE8YAJkiYAxkyMECFnnjBbysXFl6SzQD2yNdfiNXVfOJKtoZ4ieQt62M3JDGtYpEj0maxy7QQBRmIhhEKYIAJ2bXDM2UHyW72EwvYQMx3PMO9hMcapx49n50alPhHTvVB/FeL197WEYEgtlyEefEEQ24lJ3TWJHzZKPIssTG5Y5NNBxPVYfIqmVFKGHyfWji2P4KxsOpXxAu721hQdq8LN512NaaWqJi4mJy0iqJFXR1ciUVElWSzZdQTFRMUC4Zsgopx8oIMVOkTpUYIyUNlhRS5kuKGMCJmHnjlf71fWJEiaaTKJycULEE8gWAJESJIAIqTJEyoWABYoULAYBgFyxcAPAEAAHDAIELDAMPDHDG1rfZoBXVEdzzBsvrz+a0TTPFEoOeKVUigyi3I7kVoPZejZcU8T2aajP5IbSwpqDOVVDBMUsyKc4i6ccN4p57IAESxQxcOGXIjx7rvIUmRfHqtt9sbrnBaCddIk3RfrwspDMUNiEhZAQsERtOt/ikzi4ht5DETFUM+jFCqmlOUg4zoJ4iWUCKSqkqQejUwnHOt25fPTAUQoo7ci+HtuIsjxhIRpWVV0yltdrmdgEtIKGVlcOKCupjhFS4dhjqgcMGRxL5ZiCXve1rAa4q6hb+wcCO2WnlAbVm+IXNOscpRZdkGFW/JTMWpaYiIdDRhSay8o4TVoy8WwlGwnE3xCyitoxEoOGuo2YQ2eKoSuPGnku3naPHZp1Kmy7iIWcznRihVow1HIOJgZUlecnpmIjxhHSSRI9spns1lfzwOreKSCZUU9pJTiWy5UeyXmHfLpwT66SvrLz0bjsvYJ3qT72Oe/HWxp12NcqmYAM5jTnO8hwdKckI5DMpjgSsjtJfc47QR+8QwiYycglzRYAuEYxADDMzW5tIkSTI3iBpKj+lmQWRF7ERMMBFp6yI60FktJIDEy7UPNUcblPpiOn4Z5fwcMjZwLHLL8GN73/BXCIV2Z1v2TTlRY112ChGfUhEGBLrSpCsrsOU05IMGbCXLgKh5jLy6WTxh7Ai3BCNihZi2CEvhjl2mXYzG7Gx2h8q/SQgNN9gyvjvp3xo6tIU7LMErIgpqO5LnqSAWSoIqi+kC/aFXCFggS01BrJqliaSRkmPjqCZBESXi60xY4bzH67xDxJba8afKTpdHbP1vLKe1jM1K2qj+GW4mR/HktxHKpBRWRsVxhtMknNQNTJNllPktdXxRMxTThHY68awHWmiiGMA3zZd7+UY1OzjtHrNrGSbylsnsVBWvSc7TR8i1FCcZcj+JiTmOpQJYwqE28afrgQAFo0mgHCYx8umiGRiYJssIYwDwHCyz4ND++OjmwrxDjqAtzNUZwkEZNPLILFh/YiIZLeIqQl2CyU1UNsMt4LS3mmp2IwOR49iRuVKWFCuYFDsJj2c7vNPJ+ow/M1xPsTeZehtO1a1/gXcPY+W0edyDeXI3cV5EbIcZxwnK7UcZFWIvBSs/wBhppxvN8NGV1E0eJj3TCAg1hc8LY+Oh68Ks5L7lkrjLa2jOT+aSUIiu1a18hKNonlhvttdMgduAtpxFiMqRiDTXTqcBhgZNkA28sHU7AIMcyZI9qE+M+R8Z8lttKUoBSlKAUpSgFKUoBSlKAV50PDv/S4eQb88XJL+2pWr0Xq86Hh3/pcPIN+eLkl/bUrVFl5/ntCLLz/PaHoTSRJsbQ2yF+TJekFjxVHDULlzbokCSHYgsZkNsobPFUwqaX3W5z6Wgo5cypHiSeXGUT5YMY8cKlA8sjBgIPOHHlYuLL0lmgHtka6/Eaog9JB/El78fm+YH7bowr7XGDoLom8uNPjxd7v0r1LdTsdWjWpbkdDocmuMOrjicjiXIDYCmtLy8tqbNNKSwtLCkaMqCoqKBkweUDxgc2bHGMDCCZUpZhH+22qcsRi+JsizZvXuS4ZjENfGkmXI/meOHlGMehNRvgO10Cvh+t1yKTVaYbbapos5l/NeVk/FHb5gBZUblk0UMzl2fHckR3LzKb8kxM/WXKEdOwnmotV/R26UN6spzJ4ZkcmIeb7pbR5TQ1kngcKmSuZlOPmQcTJccDLOwoQmGNcnIXCELQNxKcnbWg2IYvhlsKui+5rgVG5FDAakdoKkvD60vlOGWz6Q0ElHTziuMnpqcQFUjBcQ4ITIEiuY1wCoGAfV/R4fxLfH/wDmgVv2jveq0Hqie3+i6KtU5f6LSXnPEHRw+o6i6Q5lilhSZMBpQIxLHbzkRoNd9SidSO9PCpOOmiuLBFfexpM7/IeEC7aT1MYl36U75wC75B7c854g6OH1HUXSHMsUsKTJgNKBGJY7eciNBrvqUTqR3p4VJx00VxYIr72NJnf5DwgXbSepjEu/SnfOAXfIPb5o+Zv8eh0df86Wwf8A9/E1fHmeyxw5zujs555Y4YYShsJlnnne2OOOOOUT3yyyyve1sccbWve973ta1rXve/YqENQMhyPHkRMtwSTLD9ZcYR20ieKi6n9IbpQ2Uy2yn5mACeB5wOlyHkxDRieZsyWK4mlE8WAyMGAALZ3FFDxy+MdSTHUvspvyTEr+ZUox07Cgh9qv6OnShPZlOUgEaMERTrfdTaPqaEslAzpU0TEMpx8yDgaLGC+WdhQRMMcmcuLa70kneZY1mjpzn07ht0OkRKN7JvpsK4xG260/pAuRtKjNrqycYCNG40QsgDHcVdMFsRskWUH6XURFhyxAfRNcjWa7bY7ZbzLZqCjtVotJDSmy1mw304qkILdbqERATEVDRUoiEASTElKTipYinkCYIRYoUACLgB4BB442DMzwfu0pSgFKUoBSlKAUpSgFKUoBSlKAV1RHc8wbL68/mtE0zxRKDnilVIoMotyO5FaD2Xo2XFPE9mmoz+SG0sKagzlVQwTFLMinOIunHDeKeeyABEsUMXDhlyI8e67yFJkXx6rbfbG65wWgnXSJN0X68LKQzFDYhIWQELBEbTrf4pM4uIbeQxExVDPoxQqppTlIOM6CeIllAikqpKkHo1MJxzrduXz0wFEKKO3Ivh7biLI8YSEaVlVdMpbXa5nYBLSChlZXDigrqY4RUuHYY6oHDBkcS+WYgl73tawGqWSpVi+GGkff8wyQwooYiVmCGqPWSng3mK0k0QxfLEDA+43QopSOTzHvjlYHEwcDyEvjlbC2V7X7HB4T2i1n2VKKqhrlsTBU/kELMINcOwnLjAlUojCD5Z4gYKpliuBeBTsxsghMQsTmYOQmQedsLZXwy7GZ7lBZcdTJ0h3jRiDewBGWNFDOr0iumHmNKgwQUByFt0TXJIBVkJ2FVoUBquBxht0CLhizbW7jlVkfxQbghJSAdJpGVeCb8QvrhrLzj8L1uOBjRlD2yUgyY+W5tVGetSG3WekLep+NmaI5HBL8eMAsQbxEsC1BZIOIq6tI5U0tXb/hAUyeMMNuGEZmZPYeeFpStnmqJE2I11C39g4EdstPKA2rN8QuadY5Siy7IMKt+SmYtS0xEQ6GjCk1l5RwmrRl4thKNhOJviFlFbRiJQcNdRswhs8VQlceNPJdvO0eOzTqVNl3EQs5nOjFCrRhqOQcTAypK85PTMRHjCOkkiR7ZTPZrK/ngdW8UkEyop7SSnEtlyo9kvMO+XTgn10lfWXno3HZewTvUn3sc9+OtjTrsa5VMwAZzGnOd5Dg6U5IRyGZTHAlZHaS+5x2gj94hhExk5BLmiwBcIxiAGGZmtzYVOO0es2sZJvKWyexUFa9JztNHyLUUJxlyP4mJOY6lAljCoTbxp+uBAAWjSaAcJjHy6aIZGJgmywhjAPAcLLPg0P746ObCvEOOoC3M1RnCQRk08sgsWH9iIhkt4ipCXYLJTVQ2wy3gtLeaanYjA5Hj2JG5UpYUK5gUOwmPZzu808n6jD8zXE+xN5l6G07VrX+Bdw9j5bR53IN5cjdxXkRshxnHCcrtRxkVYi8FKz/AGGmnG83w0ZXUTR4mPdMICDWFzwtj46HrwqzkvuWSuMtraM5P5pJQiK7VrXyEo2ieWG+210yB24C2nEWIypGINNdOpwGGBk2QDbywdTsAgxzJkj2oT4z5HxnyZsenFfyVcdv5wdjf1ciGtvUS/yVRl+b5mfq4m1iF6cV/JVx2/nB2N/VyIa29RL/ACVRl+b5mfq4m0B+THk8wbLrjklnxPM8Tye7YacmTNl9rR5IrQerjil34G1ZPzaskojbWFNTYzkwPoK4SyQ3OVS1TE2iqxa5WwyccwB5DIUlxxEjWPviVpAZMZMpL7Xwm8JCdSEy2sndvbPLDv8AcDkPpqST7fEMTLHvg2H21sM727Nscuxl56PL+MW6SN/4kCn+1va6uo+NCJWV0gDZ7bPkn3iSsZx1eg3YFx64aD6tvEwYUINZ6Az0xFXXBJzpjvMW6A+na7G65GSOoGXGAqo59bVHYUUCKimN9iEmkG+Z4daGoiGdyNQtjlU8ha87Va3zwtpgAhpSRoZnKMZQVU8sFfHEUweTmQ6Fw2UADyyxsIMOCGHhfLG2WVr3t2eYTXsLAWtbVT31sZOMPwCyVZwFWmlvGa5LZcVtVSdR5OVVgi2U9wvpaQUg44DiQhLioVRi5wRRMJyMqngS2ZZOOCg1Cb/8C2qGy7Bbrg1GZkY8f+4cUuhsPCDNoNc44R4vWGgqIqsTzUCLoRousybPJIOoNj5RNxPGQ1NBVPBxtMUgE2ywkrECOk+MFbWOOzjOi7YJypcnuBV5MNN2FNDuQG+YYaPIKkfhLYJvyC4ElsE1dXMtEk6RxlVQKIpJbPiIgR7AoUUBblgxrs6GV0/Y8GrBou9pyA1W2+mE6G692Q8UNLc7ReLRW01yNV1NtcJAqSK4W24UYydSFxDWE4yXPpasmHDRBQJDgmihgYAXATLh7fnKFHZJ75hFrTDFrlmiMCKOqSVETfkFpLMnx4mOIkRUm+ovlgpyuZdbSIrqcqJh9HNr6Snl1MkokTRIQcA2XEEzhcC0rvbTadNrOB/YlwnVN4aiOJalTTV4L+dgzMsahv1XwcCcCSHztgXOKbPNOZMWjKcQGN+DPGtyNQlgEnRib7j8dAf6T1zkfmM09/YvBlRVb2ie1YLDjlWNSNKUqgUpSgFKUoBSlKAUpSgFKUoBSldObDRs7pkg2V4nYcqr8HO2R2I4mUiy+008FTdcdDuNPGShnU1yxg8mhhuRLKGTAyEfseLCpSrYoqFxO7kwsbhmTOtnFvfo80JJEhp2blapteXwVLFHFipxbDxEiySEr5Z9yxShGMpPAs58FLIT+LxI5JdjV8/4Fgr5fgqVdr2ytbLG9sscrWvjla9r2va9uza9r2/Be17fhte34L2rONIfDNxH6OcU0vsXYKG4UdiBGsEvxclLbKRY7aIE9uV+mEZSMXkBJkgyCovpBeqi7DxUlHbYbjpGuVPm0dnIYChc7kWUKUTW6O4UEdEW16PGnU9EucdlJEC1ChZ9HlFRJv8AIw68JMkkRuXTlYxnZRK2PRBHjgYbIWMRSo6exlBuq6CbDEKpB/ITeWIjv5fwy6sbQy28uk52UPkQJ7hatG5p8KWQ/khLbBRMPKHhu4tgbI/iAE7s3X4UuNewVk/wT33cW9g7A9v+CpS1nwdvRzOPEbjcO6YtzXmJwJbS4eGINzZ8BmIZSczE/EW5kMQlZQlHEkG9TACk/AglJSaQyzi1cm0Ldnl0gmgFyRIpw3g/nefOSfgra6IobAPuJdk0NFk7WAxsqkpyc6pAbLiYCj3qxX4KQdWNwnC4ycfKzMJOQ2fUC66uKQCusAuRFcZ4FXTm2KmXLBkWT6aokPuki+p0TxBzIkVjQ+9JmihoS1J/ffyaxc6JEaCBIsh+DwDBk/4jMlWWCjldveRYobMG/ACYod7AFTAo3aBgiZY9gry8htVDWnO51pJbbabaSorzhcK8ok0dDQUNHJjKCstLSsoDFyCWkpZAuYPKKieMAEyRMAYyZGCBCzzxw4Sfxpw7x187nB7iyJAm2bJanZ2bLOyfJ82DkZWkSTJWdLbjsqSSFBUMGrl0hKJpYa0sBJpVNTsVDIocDBXFheHJFTYelLnElW0M8RPIW9bGbkhjWsUiR6TNY5doIAozEQwiFMEAE7NrhmbKD5Ld7CYXsIGY7nmHewmONMjjBItpnhMnqdqeVi4svSWaAe2Rrr8Rq5nvoqJi3x6bnrSKokVdHV9M9ilRJVks2XUExUTFCEHibIKKcfKCDFTpE6VGCMlDZYUUuZLihjAiZh545Xz1cez86NSnwjp3qg/ivF6+9rCMCQWy5CPPiCIbcSk7prEj5slHkWWJjcscmmg4nqsPkVTKilDD5PrRxbH8FY2HUr4gX0Nb9kiabx97qpycULEE8hpxscSIkSQARUmSJlYTeQBYoULAYBgFixcAPAEAAHDAIELDAMPDHDG1rK6LJdxXRZLuZiOhL/zB9r/0vh/2MRfWqubtzdPtZlpGbeyG12tevzicaWIuN5Am6dIvihaXUUI2KQFWEZKfjpQTyolhngBiQigRAHKYGwRS2Q1hg88LZVOhL/zB9r/0vh/2MRfWqubtMtPtmVpGcmyGqOtewLibiWIht5fm6C4vldaQkUU2KfFR0ZVfjWXjyWliHhxjoieRHAKZmxhTOQNxhM87sQYh1e2OTvjXezlbzMZnIXo47ng7lxJbDUajY2ygRfcrncq+fLpSE3m8hJT/ADaotLi0qGyqakpKaVMn1E+ZLkyZcYwMGHlKaS5Vi+F2ioyBMUkMKJ2EkXCxVnvJbwbzEaKXkPlfEDFRcjoUUpGJXGyxviFYydCuJla9sOze16yTPnUnUaVekp6h636xas64QlHvHDBC7uFsSbg6D4yiYwvTA7x0O0MNt2H2I2EPNaMMk+owzIjTKKghkQsAuu0ZNLF799nrXj7vcW0Abw7Ha17FbVPReeMNalpzwXS2rLvDbJrW15OVYTVWxqRJTSlcncVZMIAN0Q1YqqHhG5cg1sE5TIjIi05ySsV+ufzFH5z+R6eROGFdmNcNlExTWtdNgYRn1GRBwiqyrQrKzElRMSDQ9hLgllM+xV5dKkBxrBC3CBNihCCWDEvhjftMuxzGSpVi+GGkff8AMMkMKKGIlZghqj1kp4N5itJNEMXyxAwPuN0KKUjk8x745WBxMHA8hL45Wwtle1+xkYbLa1cXekkafqfEU34tIMWM9f"
20:08:59.914 [Test worker] DEBUG org.apache.http.wire - http-outgoing-0 >> "ZiIcjzj1OSW8m63lm4sN12lo2az4MxoCWjJRkAw8Q2/wB2JptjKvdwlGYMq3zPM5Tsi9ncoLLjqZOkO8aMQb2AIyxooZ1ekV0w8xpUGCCgOQtuia5JAKshOwqtCgNVwOMNugRcMWba3ccqsj+KDcEJKQDpNIyqvTRfntmaMoi9NF1aj1eTb66YYT2i1n2VKKqhrlsTBU/kELMINcOwnLjAlUojCD5Z4gYKpliuBeBTsxsghMQsTmYOQmQedsLZXwy7HetY7t+IX1w1l5x+F63HAxoyh7ZKQZMfLc2qjPWpDbrPSFvU/GzNEcjgl+PGAWIN4iWBagskHEVdWkcqaWrt/wAICmTxhhtwwjbEaZmKMz8dKu6IpSlAKUpQClKUApSlAKUpQClKUApSlAKUpQClKUApSlAKUpQClKUApSlAKUpQClKUApSlAKUpQClKUApSlAKUpQClKUApSlAKUpQClKUApSlAKUpQCsofTI/xR7d/S+hr9SperV5WUPpkf4o9u/pfQ1+pUvUBP/o334kvQf8AN8//ANt0n1d7VIXRvvxJeg/5vn/+26T6u9oBSlKAVgD59P6U1wr/APDk/wCopMlb/KwB8+n9Ka4V/wDhyf8AUUmSgN/lKUoBSlKAUpSgFKUoBSlKAUpSgFKUoBSlKAUpSgFKUoBSlKAUpSgFKUoBSlKAUpSgFKUoBSlKAUpSgFKUoBSlKAUpSgFKUoBSlKAUpSgFKUoBSlKAUpSgFKUoBSlKAUpSgFKUoBSlKAUpSgFKUoBSlKAUpSgOKPx8tGMGO8pKkBfT2oxI+azge70dCuLcBKbjTaqSbXHCuqQ1sc8giKSkETZ82JjhnliAAJfHHLK1sb5Q4TgqXekiP9J3F3CNuuL+ItgyCrCaf6UJp86gLW0g7KVziGJPOxaomGQTHgE+plFNMRmymmrGSwQKoiNs8kJQCu9JW0m7k6sMvdvWOYNU5Gd0isVhza2QWg7nLE6wgIL+KoF1hMVVIgiKrobDzQSwS8WTc2+tYKLZVAzSAqKhMHAsZHBOFqcWP0dBkRi0G5H0bcu/OpHrBZ6SUQWkyGPv0kNNoNZDIB2BIorcbSDCCeioiSSCtYIonJhIqTLB2tgCDhja1qDMz4bQg3m8gNFAQ2o1URJbTXbKOmt9ttxATiiQhICCjEgU5IRUVJIAlyKYkpaeWLkU5PJAAlCRQAEsWCDBDwwxzD8rn9IA6Pl/8ENtv1JRKv01F1m+aTDKbDfzgtnNm/Bq6vrnyq7dSv8ALPMx/wAPHLG/A6k+fADb76Qkbsd6oKf4LD8HE73B7sN2e2rqXYPjshTZLcDTrdZ8uiUkqVNIxpEHilAaa20yMfuDOTEsqkL1pCSlhkLrjVcShYoFmkWbbradwB8s8jlz4d8QsQJ7Vlv5XP6QB0fL/wCCG236kolakKgTsHx2QpsluBp1us+XRKSVKmkY0iDxSgNNbaZGP3BnJiWVSF60hJSwyF1xquJQsUCzSLNt1tO4A+WeRy58O+IWIH1uTR76Ds/Ul4J3Jadb5XUp/OJlsp6FnWkSIrtxUX/D5V3MokqfJinn3Km4hOVpEFQiq9kiQLKiaQDHPhDjlQR4A84+qOmpHhA2iaOcXROzY0gWARXZr1k32830khHr5bWKZhFXiApkwMBEsy63Dmis8wMmmsR3WnOU6kKAqiCtGQzFyuw+vEM7XQw/tfNg2EjSZEMmo10N4s5c75DKqBUM0XUCJsoeIGCaojLSMqkyKygL6MdILSCtECCukHiagTLmA6YynRytRVNPYsfy3tByM7Fa2RorJCoydPJ02zPurWNEDbl8LNhFwZaKzGy5jqA2AA8SLfSlF6mwExMuMlgdhPMmSw0jnektg66ePb0gixrcnfxEvKSpC4vdBXtLxtTUpDcmqULqS+rrQo460vYCspKxRnGsGjP/AGk4quJAwS1xRPGL5mDxxQGNjCCCDZCZWK19FLS0xDTE5FRU4gjoyOQKJaSkpZQunpiWmJ5cMoQTk4gUDBKkiBIqCEWKFCwQRcsXCDBBDwDwxxt96qBWXTge/GYdI4/TvZ3/AJ3sPWouoF6l8d0K6bTlurP8YOiUV15b3S0mzJLqY/FtpqjZbjnSjTzNlyEcE28yWuqpCDmI+VbEYq5ll3qGWBdOtgqB5AmcjYFMvKFF3JZJnKrqtMLO47F7dHSHSZt/KbEjFQdmte4WTXrtm5C+VgpReheTHL4dMBxAAEmAshIFaeOJNyJQq6nLuaa4FpKMQA0+2f3kWekwbKvNx8arlaMlyZq3AccTbDo200GrJzXCGDbvgUiobDKT4Tv/AGYlBOSkouRW840Y97vQ4Go4kC1rmyhm1txtQRY/HrC7A5BZp5JEZzyeZnKdYTa8Du5qqa01BooTmg0zDMMpyk3EMqyiTvKOQYRjJNjpxTfSumCYGFGwCOWyGLZFAznLFJcJmS0A9LL3OQ34KGhYb0aFRS+4YMn88QA3erRKhxKxlZBRshM799nw02G5LWBi4PYzCKNU6IIFbG4Qovx6UicLSwxOMXSNrDBH5h2X5KIVU2u3AM8BVC7OZSM62i7HEIVxzxFLpSMsyw0BD6mPkCSKE7nhhxwwi4woNzG+vGLq7yJEo3PTUUkFlynCy0YcMKbCwW+j8Vz1ESubyLCGzLIfyYXO9wBMDkiRy6cspaymAKRImrFCRdUKgHMOltVeF/WHWXYYttw6pQ2p3J2jRW8aaTInjdybRpxfUbNo+VNkT6TH2BZuM9stzE2SPqRK6gE3h1goSVlsmnKJIqvLYKgzxqPz08bUhM5i40vi1mzk+TEB5NuMH5yb68wSUX26XeDVeZp3MiETStY8QWGscX0wOMFOxNXlE0OTPIJlUdiIO41vuAhGxdasUp23mZ7RhDpNfEW9NcklIakwbHRjsA3dpEFmliyR4/RKiNZxCobskFJSwwQlgxbBPdZsBfVgBTJs3FbZtmbEzaSb3nc9u9xS6zbzyDGs4utem2BNmYeTzaHG202q0nGoantstg9kfEONPF2Apa8krTbGEVVXMJNcbcWcU/BYXiyYISKONwF1T8PTPiJ1l01md5bOAPTYbZ/al8N+zQVtm9wZZGmqYyLM7YDK7SbirghtduNlFyxLFiuVkNsElDwYBgjYn8Ua+afmjm2meKkjkYI0NI+0Ri0ulKUKKUpQClKUApSlAKUpQCvOh4d/6XDyDfni5Jf21K1ei9XnQ8O/9Lh5Bvzxckv7alaosvP89oRZef57Q1Q9JB/El78fm+YH7bowqFXHb0fXh6mfj90XmGTdKmo6pJljTrWSS5BdBmS5zIGHI+H3CjJdDsXhyKRKCelEhlheVT6iKUTCBFPL5mMgSRQsWwCBwvr3Z1FjbfLVuXdSJeW3w3I4mhHR0R0LcbqSCjvcgURHSgu4qIgKTnbTwQSpgRSbxIAxmottVDzIimggwgjGYRkDsfXqFGrrXAUH65sVQcCsyYBh+NIUZyo7DScedSk1YrZaKxW8oOY8jpSCkHHAcSEImYWTSWhoycYURDIxFKTi2YRMGlIo7rwEjN7ie221bghpXSW8h8eM9QFDTETBlNVyTEZM1tdcdx20k8wqG1FYUrkyICOjlBlE8eUzlww8zZsyaEEGzht0aiQmxIXCppOI21YkojsxsP8Aj10FCwwYhpCc7Vlh8ljaSql8c8xSR0VOGS1ssCYsGIZRllKUwsO9FAtnnevVFK70fvVRFkmQZK1W2O3649hpVWzLnkNi6MbNjRBFrocp3ITM0tmI/cbMkFBTR75jC94kUIBKRkMHO5RvpiSSxwL4hmckJOVUUlKHSH+BaI2oYwVXrGRfYaaHqkEs8BjLdYw6OXVktaV8MO37wJKOUSO0sVFNdysaHJ4ly98hxgMc419JegFS2p5NOD/XFMkhyRFlNS9shHinIrPvli6W22XGbhwi7hUDLEwVxxVFBqiLKQUyHF71xFUMcjgRgpYYuLoC0h4iNS9FJLfU9sw1Ms47OSWlWb742i2mlRXmydl1vduRFEQvGtULJiYlEDQqan5qOaGgJh5VwIJxRUOHCKYmlSnYGzXG9B21m12mG4UhuqVkaTNGF94uKJUNmLjQTmK4jr3u3rqoUipi4xXEvqxUv4tEPB+Dac7RGC7qb75HN90B7gCWYzi7HQIn9Gg3ChrerVJruQvxbTylxrrRvhDiYaWXSPF7gQSYaBHmwpGxoc4fPqpvHEwrGlA3gKMovEZ8NgVSLHZnb+CRsbaDua7/AGm2H2yF9JdbMejfRnW0nQgnQFNDcbacKcXVkNdR1ErmIWPpasmGyp8gcLiZgmSo4QweWWGdr34HPsExfs5C0m6+zS2CjyiyXWesMh6t45a1rHEdYL5A3METPa5Cpq0lGbF1dAWSl8FBDXCKcsJwwB8iWGD6E4/NGmVx062tvViMpcnWXY0ZCstHGIa2AcbGdTrZaGtmMFAVkISwxo6jcrkzk9XEU1VGIKyYqKCUMsnk4oq4IJdHSEoWDVj8fviGyE2aUpQgpSlAKUpQClKUApSlAKUpQCsunA9+Mw6Rx+nezv8AzvYetRdQL1L47oV02nLdWf4wdEorry3ulpNmSXUx+LbTVGy3HOlGnmbLkI4Jt5ktdVSEHMR8q2IxVzLLvUMsC6dbBUDyBM5GwKId7m+V5OOehh8Um0zocKRoxDWo4e1QsGoDgUGKHtBLua2UTixRxupAMpTvUkJupS8YUCaO31kjmn2jl0HChgqbUD50p0vu/q5BfBJvDxgzdxnJilCIu4W1DT1P2G1fKvN2PtmztFrqXmsSOuJKQ5CXXYuobpZ5leKkiSu31EIkTcDgaJjEgBkIsF3LoO3w4otVOQVzRlJ8oZStFOwULYjARHs7rdI6jD8/x+nmDBg4IlIr2TyimUNJgR44dPppVeQ1iyEcUVgwgZpYi8u3Uuktd+DjVaE9jmrtxJ8u7fbxbFR0UyKRVJu888CTgpRTbLEbHEywkdPazJbCYdLd8GB000eRFMVGUhs1tGyT122CniXJ+Um6PRalX4RNZQdJvFtFRlZaECuUKLuSyTOVXVaYWdx2L26OkOkzb+U2JGKg7Na9wsmvXbNyF8rBSi9C8mOXw6YDiAAJMBZCQK08cSbkShV1OXc01wLSUYgBp9s/vIs9Jg2Vebj41XK0ZLkzVuA44m2HRtpoNWTmuEMG3fApFQ2GUnwnf+zEoJyUlFyK3nGjHvd6HA1HEgWtc2UM2tuNqCLH49YXYHILNPJIjOeTzM5TrCbXgd3NVTWmoNFCc0GmYZhlOUm4hlWUSd5RyDCMZJsdOKb6V0wTAwo2ARy2QxbIoJnOWOqXGl8Ws2cnyYgPJtxg/OTfXmCSi+3S7warzNO5kQiaVrHiCw1ji+mBxgp2Jq8omhyZ5BMqjsRB3Gt9wEI2LrVilO28zPaMIdJr4i3prkkpDUmDY6MdgG7tIgs0sWSPH6JURrOIVDdkgpKWGCEsGLYJ7rNgL6sAKZNm4rbNszYmbSTe87nt3uKXWbeeQY1nF1r02wJszDyebQ422m1Wk41DU9tlsHsj4hxp4uwFLXklabYwiqq5hJrjbizin4LC8WTBCRRxuAuqfh6Z8ROsumszvLZwB6bDbP7Uvhv2aCts3uDLI01TGRZnbAZXaTcVcENrtxsouWJYsVyshtgkoeDAMEbE/ijXzT80c20zxUkcjBGhpH2iMZj+nFfyVcdv5wdjf1ciGtvUS/yVRl+b5mfq4m1iF6cV/JVx2/nB2N/VyIa29RL/ACVRl+b5mfq4m0KZhOjy2tfkV6SNa/8AsvyQKdr/APzry1tdX4XRZVUrq4hb+cT8qmAm3shqjt+/XwG1ljMNOVXpDrybzGayA/2wQMXDMryAKdZoS4OtJ2A5EJBkBgGxMggXAnCG709NeNqDdHpo3anSJ3XLDhdu+c2DzzL6dIa60FZuNx3mHFILmzTY2KNtitJTR23Y/JK4DiTc6u8FSxQokh3WMhgDhg/xXdniW0+3rezPmORUeRYp2RjwninMHabW2R1+EthGmm4d83ATij6bWWYCwSI5mzIqSC6kZwWQ8zR6yJdODU1TA6y3+jNYSlFtNntF5A7sbpwFx+66vfZ7ZJzjNuNmTZPK5FksEofdbscCybwJIjQZCCbPpvjE6lcbIQQqmBGwMQU8mpLCgZJIyUpKBTO10jqW0Ge+PPilmxqojwbrYlblG0qfzbRn+3h2m8yaA6In2BVkbxibRoUc0hqJhONFjQqaaEuZLYj4BmMAxrZh4WMMPgR1IKysyJk2amjdPkPdsXH8FaLSG/exRudmRHquHmCJgpIMfJrXY7LOj9uXCFEBc6G4SJg0GEoGSgyiWKmwJk8gfHhC/JBHkORpNzqlJookIbGR7s40T0TLTRQ1g6/41Q3mgICUvjPFjvwgbaRko+VYZVT09OS1cc0WTcyi6SBBNAHAKhukO68SRFgOuPNFqukCGNleNh1E1ySEpP7oALKmpSyfMgSW0F4cqEKcHRmwWXF8ZR7nYINLj18Ssr5id9E0+4XQ3EXOUcbO9IH5YtjYgVglqMpx080Iktmnse5YGrJTl18gEyIQVywIguKe4EhQxOpDiS8xMjCWuEVBPNdqaLDYY6zHE3UJ3t9dabpSE5wNlzoyo3XGgK5QE+kraEtEh01XSFQiYwELnU5STzJgkdKD4ZgmSwwoIuGWGeVr08cY/BXp9xPSnMcr6zvXYNeU5obRForTcl15sN0tdtICY4hXInEmjg24vZbhA7zHEsQCHcTicg4icEHiYEHPXFPCxUf2nCopFj7RfSovSLpMugpSlUopSlAKUpQClKUApSlAKUpQCuKPx8tGMGO8pKkBfT2oxI+azge70dCuLcBKbjTaqSbXHCuqQ1sc8giKSkETZ82JjhnliAAJfHHLK1sb8rqMu5OrDL3b1jmDVORndIrFYc2tkFoO5yxOsICC/iqBdYTFVSIIiq6Gw80EsEvFk3NvrWCi2VQM0gKioTBwLGRwThYDNlCcFS70kR/pO4u4Rt1xfxFsGQVYTT/ShNPnUBa2kHZSucQxJ52LVEwyCY8An1MoppiM2U01YyWCBVERtnkhKAV3pK3bXSrIsFQ+KOKXnGzOJkWZpnt3rJMQrVayWUS0RtR+1Ux6w6jpiWkp4ZYgkoSYfkpso5IoVLYEE0pkXCDAAKgduD3Kx+joMiMWg3I+jbl351I9YLPSSiC0mQx9+khptBrIZAOwJFFbjaQYQT0VESSQVrBFE5MJFSZYO1sAQcMbWtVqkI6NsCLtV3FqHKkqbA7rxu8y71THu493pKDneSnm2333QNVaTkdwiA2rHm2nlRcyaASDTQB0cvfG5Y33wGEPgSHjNG4CQakc/JaHbzk2RiFt61LO2ozwSDUGJEMHJ8xfAJ4vgjHo1LM3N9l14qdzz7hkXPt+wZknlbLK4uQ4QeGOYmeOF6GeiZxq6GNw+sd3OkgKnZzrOs4zIiFxwsgBM0A84CDAJnMQBMri4FVE1Hp4+nCZ4B2NppkmdAsKVMgGBuwMOjV6YZNotD57ZnkgVtRii6EtFtGlLcNwDaoggAqfhkFv4M8FrgPnFABVLeEgi1pG79DU+2VcFCyrmIdyvwYbEZkXMloxtHTYRWUwWE3EZoMxoNwgAloLZbDeTy6UiIaOnFsMACScmJxUuUKFwsbYhghYY/hv2b3DPOacmZvlc/pAHR8v/ghtt+pKJVyPJo99B2fqS8E7ktOt8rqU/nEy2U9CzrSJEV24qL/h8q7mUSVPkxTz7lTcQnK0iCoRVeyRIFlRNIBjnwhxyoI/2dg+OyFNktwNOt1ny6JSSpU0jGkQeKUBprbTIx+4M5MSyqQvWkJKWGQuuNVxKFigWaRZtutp3AHyzyOXPh3xCxkdsPrxDO10MP7XzYNhI0mRDJqNdDeLOXO+QyqgVDNF1AibKHiBgmqIy0jKpMisoC+jHSC0grRAgrpB4moEy5gMI6fRTVzj6o6akeEDaJo5xdE7NjSBYBFdmvWTfbzfSSEevltYpmEVeICmTAwESzLrcOaKzzAyaaxHdac5TqQoCqIK0ZDMcqhF5SVIXRxER7S8bU1KQ3JxKO1SX1dbFHHWl7AXWNwYozjWDRn/ALScVXEgYJa4onjF8zB44oDGxhBBRshMuHFOjlaiqaexY/lvaDkZ2K1sjRWSFRk6eTptmfdWsa"
20:08:59.918 [Test worker] DEBUG org.apache.http.wire - http-outgoing-0 >> "IG3L4WbCLgy0VmNlzHUBsAB4kW+lKL1NgJiZcZLA7CeZMlhrON80tMQ+PTc9FRU4gjoyPplsUlpKSllC6emJaYnwg8ShBOTiBQMEqSIEioIRYoULBBFyxcIMEEPAPDHG0jmtdcecBHVchHW33AzG9CX/mD7X/pfD/sYi+tjztdTeYjUcz3dqoVQ2ozW8tOpzLZ3K+BNHbzeTTKutKhvPG2V8CqemkzJsxlbHK+IQOd7Wve3YrHD0Jf+YPtf+l8P+xiL61e7Wa7NvbjXGZtZHm8ZBYTMnNhrcbPFzxYqICK/CjTcwFiDlIIKm6Gy8UEpdfRBDzeUs1BtKmOaOqKAQAYBoQA2XoM8nRl0NwbDkuQ/lokNLNFHfyD7aOnGP8ABUxsMYRoHh44qJzPRks1lfPuRBLWnKtsIyECIJYwHGCNkZGHzKAXCvnkbZrUdWngrx7yZIrRNTtN8SOVykoAXya3ZSkGI1BNdCU5zRcfJMwQT6WbSm+7y5wkGs4qAhNHWs8CtwyJnMPkOnuqkWaP6zQ7qjCmK7eMoTaeDUbJt0m0w+6FfuqgfWllwuY8io7fSDjjcrgVVVwLppLQkdPHVVI2KTTCIGYZYOOu+vFlq1yHHIwd0uWk6N5shE8ZPw1slr1IKhEk+RiIcFwMmS7YfKcVUQMyWRwIM+UKLiMsgpCh3wfRMU02fURTjJ6+h+a+4tdoQqzLQVs9BLK4W+VricA46Vh3Q/EvIDPy5B2yumac+nY5oVdKGMsRo3Bpmb7Acy2t2arhaJSQBlM6ro+RUqREbqGAl4paYdd5Bw9g73N8rycc9DD4pNpnQ4UjRiGtRw9qhYNQHAoMUPaCXc1sonFijjdSAZSnepITdSl4woE0dvrJHNPtHLoOFDBU2oHzpS1DVzhR1e1w2NTNvXnK+2e6GzzXQzjaj6a935yFnB2xgiKJY6RPko+LEmyzG0g5GCSkpEwjuaAcUU4upqwaScT/AAuq3O9rb4cUWqnIK5oyk+UMpWinYKFsRgIj2d1ukdRh+f4/TzBgwcESkV7J5RTKGkwI8cOn00qvIaxZCOKKwYQM0sReXbqV3tBvFqvvyVNaoiQ8QmiPN96zM+O7+rkF8Em8PGDN3GcmKUIi7hbUNPU/YbV8q83Y+2bO0WupeaxI64kpDkJddi6hulnmV4qSJK7fUQiRNwOBomMSAGQiwXcuzqqZtd+DjVaE9jmrtxJ8u7fbxbFR0UyKRVJu888CTgpRTbLEbHEywkdPazJbCYdLd8GB000eRFMVGUhs1tGyT122CnjczUzx11wT89Inq0JQiwpSlAKUpQClKUApSlAKUpQClKUApSlAKUpQClKUApSlAKUpQClKUApSlAKUpQClKUApSlAKUpQClKUApSlAKUpQClKUApSlAKUpQClKUApSlAKUpQCsofTI/wAUe3f0voa/UqXq1eVlD6ZH+KPbv6X0NfqVL1AT/wCjffiS9B/zfP8A/bdJ9Xe1SF0b78SXoP8Am+f/AO26T6u9oBSlKAV5zfShJtQNaOkJ8aOxzrSVhea2v8L6aza5UJvWJXX1pAindzYB9rCSh2UjRFOusKKcgmSaZY+dJkrnRgO+jRcDuguHoyV59fSFW8gO7pPfDm1HWho7naznR+PZvOVtOFMJLSA4UBa5B5qTVhDXEdSAMpysjqycZMkFNMPljBI+SMDlTQAoAogeQE1uu0aD+aht9/YQx8UKddo0H81Db7+whj4oVqA8nvoP5kGoPs1Qx7l08nvoP5kGoPs1Qx7l0Bl/67RoP5qG339hDHxQp12jQfzUNvv7CGPihWoDye+g/mQag+zVDHuXTye+g/mQag+zVDHuXQGX/rtGg/mobff2EMfFCnXaNB/NQ2+/sIY+KFagPJ76D+ZBqD7NUMe5dPJ76D+ZBqD7NUMe5dAZf+u0aD+aht9/YQx8UKddo0H81Db7+whj4oVfLKDO4PYQehSN5pavFNEMiH7FciLClBD1EYD0O4nsQ8yWRRrOsqkrhmxzAYLMrcEjnYxiKHkD29s8b3kiQ0G4+VQiTU0zSzTZRTVEoXPp6gQ1yhI4RPkTgOBgocJmy7NEANFDQAgY5cwAJmCODngKFnlhljlcDMT12jQfzUNvv7CGPihTrtGg/mobff2EMfFCtJkiagcYUQMpwSTLOruhsXx00yeCg6n9IkJ6+MllNkgKZAJBnnA6XK2UxCRiYhw0WKYGVE+WBzMmQAMc7ijB4ZfaY+mXGhJzQbkgxtqjovITBeCSUXmk92PBcAuxoOlDPh2GIrTccqC1lBFW0k6FewpRRTDpomZDvbMEbPG9r0Bmp67RoP5qG339hDHxQp12jQfzUNvv7CGPihWjqV9WOKuB2OqSbOOuXH3DMbIYyaWWpBleIdco7Y6OYWFAskJACo7He3kdBTxlVVOk0xNCNnwczygbLEiuIpkcILPmyRodx4uBKTF5B0z0xW0NbTySujLKRrvB6klK6UpFgjicppiiTZ4xM+nnyYwJokdKjCljRYUIcAUQITDO4GY/rtGg/mobff2EMfFCnXaNB/NQ2+/sIY+KFagPJ76D+ZBqD7NUMe5dPJ76D+ZBqD7NUMe5dAZf+u0aD+aht9/YQx8UKddo0H81Db7+whj4oVqA8nvoP5kGoPs1Qx7l1/iZ0A4/iZcwcOaT6dlShUEUyaNGdb4VALli4GGQo5gwOKzMAgQQQschBRRMsQw8Mcs88rY2vewGYXrtGg/mobff2EMfFCnXaNB/NQ2+/sIY+KFXsx63+C2XH5lFkUonE1J0nYjGC+Ucx6m6fPR+YmCls7mgMmg2wVJwWGLWDzuYCunWzBthn3THHtb9iSizojx3NxIU3A4dNdLkFBRSBpUWVtZ14g5LSElMIg5mTqipqR5oAEyBAmXDEMGjhoYIuXBDzFGEwDxyysBmS67RoP5qG339hDHxQr+ZdNo0ItjlfDU/b3LK1r9rbIKGccb5dj8FssrSdnfG179i18rYZXtb8Nscux2L30xCy+D/AGCc55kwI0+Kib3mmAGDKk0YhQdRpKc6eWKXvibMHkBmFVpVKAFcrXsYFMFAwwb2vYTLG9r1JbPj10Ezxywz0d0/zwzxvjnhnrRC+WOWOVr2yxyxuyr2yxyte9r2va9r2ve17digMwPXaNB/NQ2+/sIY+KFOu0aD+aht9/YQx8UK1AeT30H8yDUH2aoY9y6eT30H8yDUH2aoY9y6Ay/9do0H81Db7+whj4oU67RoP5qG339hDHxQrUB5PfQfzINQfZqhj3Lp5PfQfzINQfZqhj3LoDL/ANdo0H81Db7+whj4oU67RoP5qG339hDHxQrUB5PfQfzINQfZqhj3Lp5PfQfzINQfZqhj3LoDL/12jQfzUNvv7CGPihTrtGg/mobff2EMfFCtQHk99B/Mg1B9mqGPcunk99B/Mg1B9mqGPcugMv8A12jQfzUNvv7CGPihTrtGg/mobff2EMfFCtQHk99B/Mg1B9mqGPcunk99B/Mg1B9mqGPcugMv/XaNB/NQ2+/sIY+KFOu0aD+aht9/YQx8UK1AeT30H8yDUH2aoY9y6eT30H8yDUH2aoY9y6Ay/wDXaNB/NQ2+/sIY+KFOu0aD+aht9/YQx8UK1AeT30H8yDUH2aoY9y6eT30H8yDUH2aoY9y6Ay/9do0H81Db7+whj4oU67RoP5qG339hDHxQrUB5PfQfzINQfZqhj3Lp5PfQfzINQfZqhj3LoDL/ANdo0H81Db7+whj4oU67RoP5qG339hDHxQrUB5PfQfzINQfZqhj3Lp5PfQfzINQfZqhj3LoDL/12jQfzUNvv7CGPihTrtGg/mobff2EMfFCtQHk99B/Mg1B9mqGPcunk99B/Mg1B9mqGPcugMv2PTaNCL2/han7e2v2cuxbEKGcrdrbK9sL9m8nY9i+WPYvlj2L2xyvfG2WdrWzy/vXaNB/NQ2+/sIY+KFafsePXQTC17YaO6f42vlnle2OtEL42vlnlfPPK9rMq1u2zzyyzzv8A7cssr5Xve973r5eT30H8yDUH2aoY9y6Ay/8AXaNB/NQ2+/sIY+KFOu0aD+aht9/YQx8UK1AeT30H8yDUH2aoY9y6eT30H8yDUH2aoY9y6Ay/9do0H81Db7+whj4oU67RoP5qG339hDHxQrUB5PfQfzINQfZqhj3Lp5PfQfzINQfZqhj3LoDL/wBdo0H81Db7+whj4oU67RoP5qG339hDHxQrUB5PfQfzINQfZqhj3Lp5PfQfzINQfZqhj3LoDL/12jQfzUNvv7CGPihTrtGg/mobff2EMfFCtQHk99B/Mg1B9mqGPcunk99B/Mg1B9mqGPcugMv/AF2jQfzUNvv7CGPihX2yXTW9DVAbMAvqjtzYQMofO5XGDhvDDuCaRMqJm1r4SYLlcXIsVFxAwvjbDMe4eAggIeWQuGnXye+g/mQag+zVDHuXTyfGg9v9mkGoNv8Abb+bVDH+y9uxe3/1F/8Avt+C/wD9igMv/XaNB/NQ2+/sIY+KFOu0aD+aht9/YQx8UK1AeT30H8yDUH2aoY9y6eT30H8yDUH2aoY9y6Ay/wDXaNB/NQ2+/sIY+KFOu0aD+aht9/YQx8UK1AeT30H8yDUH2aoY9y6eT30H8yDUH2aoY9y6Ay/9do0H81Db7+whj4oU67RoP5qG339hDHxQrUB5PfQfzINQfZqhj3Lp5PfQfzINQfZqhj3LoDL/ANdo0H81Db7+whj4oU67RoP5qG339hDHxQrUB5PfQfzINQfZqhj3Lp5PfQfzINQfZqhj3LoDL/12jQfzUNvv7CGPihTrtGg/mobff2EMfFCtQHk99B/Mg1B9mqGPcunk99B/Mg1B9mqGPcugMv8A12jQfzUNvv7CGPihTrtGg/mobff2EMfFCtQHk99B/Mg1B9mqGPcunk99B/Mg1B9mqGPcugMv/XaNB/NQ2+/sIY+KFOu0aD+aht9/YQx8UK1AeT30H8yDUH2aoY9y6eT30H8yDUH2aoY9y6Ay/ddo0I7a9r6n7e9r2MexfuUM3yvle+XbWvj8p1rWta1sL45WzyvlfLK18ce1tfP+9do0H81Db7+whj4oVp+tx66CWyvnbR3T+2eWOOOWdtaIX7bLHC+d8Mb5eJXZvjjfPO+Nr37GN8872ta+V+z8vJ76D+ZBqD7NUMe5dAZf+u0aD+aht9/YQx8UKddo0H81Db7+whj4oVqA8nvoP5kGoPs1Qx7l08nvoP5kGoPs1Qx7l0Bl/wCu0aD+aht9/YQx8UKddo0H81Db7+whj4oVqA8nvoP5kGoPs1Qx7l08nvoP5kGoPs1Qx7l0Bl/67RoP5qG339hDHxQp12jQfzUNvv7CGPihWoDye+g/mQag+zVDHuXTye+g/mQag+zVDHuXQGX/AK7RoP5qG339hDHxQp12jQfzUNvv7CGPihWoDye+g/mQag+zVDHuXTye+g/mQag+zVDHuXQGX/rtGg/mobff2EMfFCnXaNB/NQ2+/sIY+KFagPJ76D+ZBqD7NUMe5dPJ76D+ZBqD7NUMe5dAZf8ArtGg/mobff2EMfFCnXaNB/NQ2+/sIY+KFagPJ76D+ZBqD7NUMe5dPJ76D+ZBqD7NUMe5dAZf+u0aD+aht9/YQx8UK/mPTaNCL2/han7e2v2cuxbEKGcrdrbK9sL9m8nY9i+WPYvlj2L2xyvfG2WdrWzy1A+T30H8yDUH2aoY9y6+OPHroJha9sNHdP8AG18s8r2x1ohfG18s8r555XtZlWt22eeWWed/9uWWV8r3ve970BmB67RoP5qG339hDHxQp12jQfzUNvv7CGPihWoDyfGg1v8AbpBqD7NUMe5dQ3Wj3AC2neJHzjOcPKA/QTlk4ZkLRjSxKd4ShfOwViIjaPZgLIZy4l7B2K5ErD3zvbDtO2v2KApH67RoP5qG339hDHxQp12jQfzUNvv7CGPihWnRO0I491cgSVUnS7TVTS1IoXPpykna5wkdIHyJsLAcqcJHCzOFLmihkATAYuYAEEBGCzwEDzywyte8VJYK8C8CvdSjOcy/EVC8jo5dONq8fywFprHT3SiiwRAU0k0pNR4Yo68RLqiaZLKCcMZIBBnSJgA2WyFLihiZAUbddo0H81Db7+whj4oU67RoP5qG339hDHxQq51sPTo7z2cjeZjMdnC87ng7lxJbDUajYXdHV5yOdyLx8ulITebyElGjaotLi0qGyqakpKaVMn1E+ZLkyZcYwMGHl2ZNrJ4QdaF9JamxzR4qtf3SvI9nChNqbUDUaKV9aQLnTSbZcSUd9lEFRUUe6iROkLKZMsMSudJmith+7lxQ8AKFuu0aD+aht9/YQx8UKddo0H81Db7+whj4oVcD8rXRuvpM4Qvrnod95VPsHj90BMBBDgaSaejgDh4DAjA62wsIEMEJjbMMUITBmZYCBiYZWzwzwyvjnje2WN72va9AZg+u0aD+aht9/YQx8UKddo0H81Db7+whj4oVqA8nvoP5kGoPs1Qx7l08nvoP5kGoPs1Qx7l0Bl/67RoP5qG339hDHxQp12jQfzUNvv7CGPihWoDye+g/mQag+zVDHuXTye+g/mQag+zVDHuXQGX/AK7RoP5qG339hDHxQp12jQfzUNvv7CGPihWoDye+g/mQag+zVDHuXTye+g/mQag+zVDHuXQGX/rtGg/mobff2EMfFCnXaNB/NQ2+/sIY+KFagPJ76D+ZBqD7NUMe5dPJ76D+ZBqD7NUMe5dAZf8ArtGg/mobff2EMfFCnXaNB/NQ2+/sIY+KFagPJ76D+ZBqD7NUMe5dPJ76D+ZBqD7NUMe5dAZf+u0aD+aht9/YQx8UKy0aLcxUH6sc2uzfJ28IwlZwxNOD62udTfj9tYNHKREknPr/ADrtbZdZxVHIntqxlGImcCy5YkumwrGscrEBDgPYFv6i/k99B/Mg1B9mqGPcusBPE3A8HPLpTm9sQO+GopdcSt2WeQom34uckdtBdjpCKNqYFQk3CqOyVRHNNpMLN8ljiURACSYAElFccS5DEAK1sLRflO0Ivynt0b1lLduu0aD+aht9/YQx8UKddo0H81Db7+whj4oVqA8nvoP5kGoPs1Qx7l1HmZ4x4WNcTJMnsNHvF3AxxQBxMECkztPVCLjJ4vnfO2A5MB7p6GKZBzuGJbEUHDPDK4edrZXvhl2KUoF67RoP5qG339hDHxQp12jQfzUNvv7CGPihWjGJ9ZeKCemzZ6wZr5x5TOzch7lcXbE8Ua3SK2cjNsMRbl7LzPQFhKuPYPPAS4NjfdO0yxz7XtcrXvwWYo14VNd3I2mbsAwOLiDHe8y2J1ntWYmrqdGTkdZPI/4KxNtpDepBEVF0tkp/924jpZU0Fc//ANjtncx/F0BQR12jQfzUNvv7CGPihTrtGg/mobff2EMfFCtQHk99B/Mg1B9mqGPcuo6yRG/ClDclNeGZeYXFvFcwvcJBHZcUSQ1tTWPJTvAdK0bbTYGa7Fc5FLdC+E43GQPoCCIkpZvBXWiRtKT7mDxYYDACgnrtGg/mobff2EMfFCnXaNB/NQ2+/sIY+KFX5ThHnCbrIpoSLskxuLPXxYdJE0qNlJnBs6lxOpuNMImMCh5RQiD8JIBpXIkzQoZY0bTwjBcuYEwBGEwEzxxvwVgn+AGV3EQaEWnOHiSXYqDhlUxrsExpY8XEomhs8QwSxBEbuaipGxxRM8MAwS5YQTPPLHHHG+WVrXApH67RoP5qG339hDHxQp12jQfzUNvv7CGPihWoDye+g/mQag+zVDHuXTye+g/mQag+zVDHuXQGX/rtGg/mobff2EMfFCnXaNB/NQ2+/sIY+KFagPJ76D+ZBqD7NUMe5dPJ76D+ZBqD7NUMe5dAZf8ArtGg/mobff2EMfFCnXaNB/NQ2+/sIY+KFagPJ76D+ZBqD7NUMe5dPJ76D+ZBqD7NUMe5dAZfsem0aEXxxvnqft7jle1u2tiFDOWNsux+G2OV5Owvla1+za2V8Mb3t+G+OPZ7Fv712jQfzUNvv7CGPihWn7Hj10Ewxxww0d0/wwwxtjhhjrRC+OOOONrWxxxxsyrWxxxta1rWta1rWta1rdivl5PfQfzINQfZqhj3LoDL/wBdo0H81Db7+whj4oU67RoP5qG339hDHxQrUB5PfQfzINQfZqhj3Lp5PfQfzINQfZqhj3LoDL/12jQfzU"
20:08:59.922 [Test worker] DEBUG org.apache.http.wire - http-outgoing-0 >> "Nvv7CGPihTrtGg/mobff2EMfFCtQHk99B/Mg1B9mqGPcunk99B/Mg1B9mqGPcugMv/AF2jQfzUNvv7CGPihTrtGg/mobff2EMfFCtLD00v40o3a6w95E1P0ZYTLbxXv1fd70gmAms10Mn3TALvtYX1xrEUpMK91EDC74OmwAu6CYYdv22eNr9VQpEvDHspdXx1zjPjEn7Jv445r2MKMzVSVLomGYmIOGavZipq9dNxzFzxCxyOdxtkJljha98srWuBn867RoP5qG339hDHxQp12jQfzUNvv7CGPihWkmRNROL+IGkqP6WdYNCovYiJhgItPWRIV16ZLSSAxMu1DzVHG5W0mI6fhnl/BwyNnAscsvwY3vf8FcIhWEOHfZNOVFjXWIeNOfUhEGBLrSpCrA1clNOSDBmwly4CoeYySulk8YewItwQjYoWYtghL4Y5dpl2AM9vXaNB/NQ2+/sIY+KFOu0aD+aht9/YQx8UK0kyJqJxfxA0lR/SzrBoVF7ERMMBFp6yJCuvTJaSQGJl2oeao43K2kxHT8M8v4OGRs4Fjll+DG97/grhEKwhw77Jpyosa6xDxpz6kIgwJdaVIVYGrkppyQYM2EuXAVDzGSV0snjD2BFuCEbFCzFsEJfDHLtMuwBnt67RoP5qG339hDHxQp12jQfzUNvv7CGPihWjmU9WuKqC2kZf02658fUOsUmOEVOPWU4h1yj1pFDI+IuYBcy43a3khHAHGwBGzCBFOYCCYhC5YY3sHle35EN69cRexTfNOzX2DuOOdWqRNYEjrmhuNNZZOb5M7njnngUNLLJRVxOLms8AxM8C4pnAXLHDPK2F7Y5XsB50/SGudDXvmDZmrrbhGIpljE3BTnlNccI8qBsjAusF34lMcgnAo3ii63GJcYmI1zeZ3v7Aph2hgt3DMXLutg9B7J6aZoe2GY0m2b1V24MG282EFDMjlgYb73HMJKUUIDDAd1k0MTuIghfLMLumGGfaZY9vhjl2bWiJ0zbXPXuCoy0HNwjBENQ4bcb72ALOEzFcXsiPTC8XTW/FQqcAsjNFDSBFQEgIcNiEgj2Q+BXM0ZzAxDyHFvlsni3QDQ85GUdGzek+o5o2aYjRMmTJnW6GxzBkwO308UYccYVmZCDDDCZZCCiiZZZiZ5ZZ55Xyve9wM3XXaNB/NQ2+/sIY+KFOu0aD+aht9/YQx8UK0rPXTLjQjZtqLykXVHRdgtBHDxFVnU9YLgFrNtLCzythgIori61iCYSDzzvbDHMyaCxyyvbG173va1R+itE4KJ0deLDhJI4lpifGfb9ozIrIaeSE68+5Y55idq3WkErq+Xc8AxM8+wTv2mIeeWXYtjlewFFXXaNB/NQ2+/sIY+KFOu0aD+aht9/YQx8UK0nSFp7xixIy3BJErat6HxlHjSI+E3U/ZChHX1lstsptxwS1lBwOlyNhNQ0UjcyYAL99qR4sB3ccELundBcMcuNw3rfxLbFNDOQdfYF46p1YQaudb4j3huLtaZOaGC8mhFB1FEzcrJQlxGxVyAB8iMdTcjtjhUI4UEHBDwMA5ZgZ1eu0aD+aht9/YQx8UKddo0H81Db7+whj4oVo+lTVPiwgtjLMoTbrbx/w7GjczTQ3DIcqQ9rpHrGQs1lVJIaPgsu12t1IQEvNVW1JOR03E8oAXPKp8knlbCmzQAInC0SG+G1zQuobINuKuMtwa7pJVWOqs9IjG1YVYXTCaAfESl02oSkQSzDHJFUVUBGTVYwZXQgk4+EITOZgmMMg7AZ9eu0aD+aht9/YQx8UKddo0H81Db7+whj4oVcKFKvRvxxcAQJI4RhhhcrYBhBPDRAQUTO/+zHAPBRyyzyv/wC7HG173/8AdapnMfTbjMk5tJz0jbVXRSQmcr455pLsY8GwA7G0p4B5XwEzTl1Ba6glnccM7XxzyLGhbY5Wvje9r/goDNZ12jQfzUNvv7CGPihTrtGg/mobff2EMfFCtQHk99B/Mg1B9mqGPcunk99B/Mg1B9mqGPcugMv/AF2jQfzUNvv7CGPihTrtGg/mobff2EMfFCtQHk99B/Mg1B9mqGPcunk99B/Mg1B9mqGPcugMv/XaNB/NQ2+/sIY+KFfzrtGhHbXtfU/b3texj2L9yhm+V8r3y7a18flOta1rWthfHK2eV8r5ZWvjj2tr56gfJ76D+ZBqD7NUMe5dfG3HroJbK+dtHdP7Z5Y445Z21ohftsscL53wxvl4ldm+ON88742vfsY3zzva1r5X7IGYHrtGg/mobff2EMfFCnXaNB/NQ2+/sIY+KFagPJ76D+ZBqD7NUMe5dPJ76D+ZBqD7NUMe5dAZf+u0aD+aht9/YQx8UKddo0H81Db7+whj4oVqA8nvoP5kGoPs1Qx7l08nvoP5kGoPs1Qx7l0Bl/67RoP5qG339hDHxQp12jQfzUNvv7CGPihWoDye+g/mQag+zVDHuXTye+g/mQag+zVDHuXQGX/rtGg/mobff2EMfFCnXaNB/NQ2+/sIY+KFXqOJG4JmhJIkNOxK4lWvL4KlijixU4iOnaLJISvln3LFKEYykEWc+ClkJ/F4kckuxq+f8CwV8vwVKu3HzoLla2WOkOoGWOVrXxytrVDF7Xte3Zte17MvsXte34bXt+C9qAzAddo0H81Db7+whj4oU67RoP5qG339hDHxQq9VNROCdZk20KJCRxLKsy5KuSFjEiaQ08PSbkt4C9wzR7MIqEK6rquI17A5J9krvvEX+LuDbP8ABUpjHH/oAVAGNGtJtPCxYsEIYMGDGt0KggAAA4ZCDDDDCMzEMIIIPHLMQTPLHDDDHLLLK2Nr3oJyiZhOu0aD+aht9/YQx8UKddo0H81Db7+whj4oVcD8rXRuvpM4Qvrnod95VNxt6UcbLzaKA/2fqTo862G624lPFrvZtwLAq60XI0V1MAWkR0oDkS2oaRlhuLCMaKqyUuJx0ymKCYZAPlDQxUYMXIDNF12jQfzUNvv7CGPihXR2znTF9Hpx1s2FhVv6wbWJC9MEHSzFyIqrIMRWSExXkBhL7TTVBVuSkg0dsmkjquCZPXKFTJrvUIXvcAYXtA8tJDGQuCqT3/aKI1R+JiQ5SyNCkcY1Yyfp67X/AJHQMssBidmagAqDiuaBzwzwFL2Tu6h5YZY54Wvje1vhvfoho83dHty3A39NNU0JeQtU9h1lEW0fXeIkxXR1dMiJ4HU1VSlIkzwDqepJ50AE2RPFBgTRQ0CEYLihih4Z2Awf9H66QLrZxFa2TRCs1QvOMlr0lziJKKUqxcGws0ggkZsJoNOyeoXdjvbp2ylY63TRm9ixUcr3qOB/H917oHhfZ12jQfzUNvv7CGPihXR3Q6NY9bJx0e2fcE1a9wdMC8kbWDIyUtyjEzCkBXTEi0RRudslJ6k7EBWOkk2x00aN2IlhgivfRkcx3LuowmeWvHye+g/mQag+zVDHuXQGX/rtGg/mobff2EMfFCnXaNB/NQ2+/sIY+KFagPJ76D+ZBqD7NUMe5dPJ76D+ZBqD7NUMe5dAZf8ArtGg/mobff2EMfFCnXaNB/NQ2+/sIY+KFagPJ76D+ZBqD7NUMe5dPJ76D+ZBqD7NUMe5dAZf+u0aD+aht9/YQx8UKddo0H81Db7+whj4oVqA8nvoP5kGoPs1Qx7l08nvoP5kGoPs1Qx7l0Bl/wCu0aD+aht9/YQx8UKddo0H81Db7+whj4oVqA8nvoP5kGoPs1Qx7l08nvoP5kGoPs1Qx7l0Bl/67RoP5qG339hDHxQp12jQfzUNvv7CGPihWoDye+g/mQag+zVDHuXTye+g/mQag+zVDHuXQGX/AK7RoP5qG339hDHxQp12jQfzUNvv7CGPihWoDye+g/mQag+zVDHuXTye+g/mQag+zVDHuXQGX/rtGg/mobff2EMfFCnXaNB/NQ2+/sIY+KFagPJ76D+ZBqD7NUMe5dPJ76D+ZBqD7NUMe5dAZf8ArtGg/mobff2EMfFCnXaNB/NQ2+/sIY+KFagPJ76D+ZBqD7NUMe5dPJ76D+ZBqD7NUMe5dAZf+u0aD+aht9/YQx8UKddo0H81Db7+whj4oVqA8nvoP5kGoPs1Qx7l08nvoP5kGoPs1Qx7l0Bl/wCu0aD+aht9/YQx8UKddo0H81Db7+whj4oVqA8nvoP5kGoPs1Qx7l08nvoP5kGoPs1Qx7l0Bl/67RoP5qG339hDHxQp12jQfzUNvv7CGPihWoDye+g/mQag+zVDHuXTye+g/mQag+zVDHuXQGX/AK7RoP5qG339hDHxQp12jQfzUNvv7CGPihWoDye+g/mQag+zVDHuXTye+g/mQag+zVDHuXQGX/rtGg/mobff2EMfFCnXaNB/NQ2+/sIY+KFagPJ76D+ZBqD7NUMe5dPJ76D+ZBqD7NUMe5dAZf8ArtGg/mobff2EMfFCnXaNB/NQ2+/sIY+KFagPJ76D+ZBqD7NUMe5dPJ76D+ZBqD7NUMe5dAZf+u0aD+aht9/YQx8UKddo0H81Db7+whj4oVqA8nvoP5kGoPs1Qx7l08nvoP5kGoPs1Qx7l0Bl/wCu0aD+aht9/YQx8UKddo0H81Db7+whj4oVqA8nvoP5kGoPs1Qx7l08nvoP5kGoPs1Qx7l0Bl/67RoP5qG339hDHxQp12jQfzUNvv7CGPihWoDye+g/mQag+zVDHuXTye+g/mQag+zVDHuXQGX/AK7RoP5qG339hDHxQp12jQfzUNvv7CGPihWoDye+g/mQag+zVDHuXTye+g/mQag+zVDHuXQGX/rtGg/mobff2EMfFCnXaNB/NQ2+/sIY+KFagPJ76D+ZBqD7NUMe5dPJ76D+ZBqD7NUMe5dAZf8ArtGg/mobff2EMfFCnXaNB/NQ2+/sIY+KFagPJ76D+ZBqD7NUMe5dPJ76D+ZBqD7NUMe5dAZf+u0aD+aht9/YQx8UKddo0H81Db7+whj4oVqA8nvoP5kGoPs1Qx7l08nvoP5kGoPs1Qx7l0Bl/wCu0aD+aht9/YQx8UKddo0H81Db7+whj4oVqA8nvoP5kGoPs1Qx7l08nvoP5kGoPs1Qx7l0Bl/67RoP5qG339hDHxQp12jQfzUNvv7CGPihWoDye+g/mQag+zVDHuXTye+g/mQag+zVDHuXQGX/AK7RoP5qG339hDHxQp12jQfzUNvv7CGPihWoDye+g/mQag+zVDHuXTye+g/mQag+zVDHuXQGX/rtGg/mobff2EMfFCnXaNB/NQ2+/sIY+KFagPJ76D+ZBqD7NUMe5dPJ76D+ZBqD7NUMe5dAZf8ArtGg/mobff2EMfFCnXaNB/NQ2+/sIY+KFagPJ76D+ZBqD7NUMe5dPJ76D+ZBqD7NUMe5dAZf+u0aD+aht9/YQx8UKddo0H81Db7+whj4oVqA8nvoP5kGoPs1Qx7l08nvoP5kGoPs1Qx7l0Bl/wCu0aD+aht9/YQx8UKddo0H81Db7+whj4oVqA8nvoP5kGoPs1Qx7l08nvoP5kGoPs1Qx7l0Bl/67RoP5qG339hDHxQp12jQfzUNvv7CGPihWoDye+g/mQag+zVDHuXTye+g/mQag+zVDHuXQGX/AK7RoP5qG339hDHxQqmDnc6R7q5yr6SJesUOwZPsdO0hOLDlERwSWHHeDdzSGogPdIOJ+F2u9V9T8JGRnQUFLWyIWK9yLme6jh59yxE9B/ye+g/mQag+zVDHuXWYTpbGqWrkL8WKA8Id1sgKJ3aJtZEiMI6I0h2O2I4hEg6z5VHOJWa2124lKeSabGJlBjJHI1cqOKVLCChZ5gBXxAry4qelVae6Ecfmtmosja7bKvJ6wq2HKhrzmZIUX5NZVMLcgu93lxki66/klWuCCScRUqN36nFc++gB+0wyB7mJnYR12jQfzUNvv7CGPihU7Oj56Y6eyXw6aPviRtUNan+9XAxH0ZXng9oKi91OlbMF5kkgiXHV3AutY+rKQwBIqVJginTY2YRUsAXwyxBBDwxuU8nvoP5kGoPs1Qx7l0Bl/wCu0aD+aht9/YQx8UKVqA8nvoP5kGoPs1Qx7l0oCX1YA+fT+lNcK/8Aw5P+opMlb/KwB8+n9Ka4V/8Ahyf9RSZKA3+UpSgFKUoBUOuQrYxS1F0Y212YQwywzlhSAJPfjPAOhYDkTD3SGqo5MgufBEwFDEIGHYIjAncMwhcblcxrXDEt/AymLVbXMTEzknHiz34jJnETKs617V+VjzcRyQWQ55cWms2zTvTkIgDjfG4ygtmkEJKIhdm1hDZwHDL+De9M3+hxWbFRHCVxBaeSpxnMGddzYIjnazYzfZtLM+TnMU5tpPkKRD5aWj6isNYi1Hq4ATbpYopNnmkJWNKzQV0ZbHeppScuCmGawScUz7nRxnM+YKkrlJ4pHY8F96Mrjy2dJl9d1R0nxVFaIwVMB5+mW218RssMQy5FKCZJB1CkQrWLlVyQVsJPvdPwLhF7EeAyZGpN3D5oM4WmplFANnQA0IbcABcYPMwkOuFS+UYLyYogYZXFJm++WvioggmMAxDCYoJ6iFjmUPFhhagOJ52SXJG5/SYN6tWmYmzCpKElEYn1bR81lNSmfNkxQOy5ZDIt4B3KKoloRRDcSxaLxLLZlWJJ+KG9yioKpJ5S9h8kVjo1tm+X13EVWjLRXg0Gu+vacX6RBLjp3sF2p0Kh9fUCcC8euo0mbsb2O5AGvYosTImR6vKupOtg6iD2wVjITisXmZ4IxoIySVEtBJhAmE9xNEXAO9bg+/FDcdP6KMT/AKvgVlhDb3KTpZxA8icVTzxHv5TkPZ2P9ope3T3mcO6+qKqeV3PJCC5LrEiG4zbKquus83Y+aowGKaw0JaPDnDwC8oI4ZE65zJUPQn0dyVJqenF3q+gy/rkdgdnx7DERNKF38pysw34V2HZxhudqXkJMb7WysrxvgMaxKlA2k8reHhBTmHaWy7mJamZjTGTxvtzqvpWn4kLaL/4cdc//AFBxvU83luxB/HpxcRZtbsIpqhKPI61ygnDwU3SYCm7Xg5V1kNNHbDMaCUZNkC6g4XCrGgCpaxs8QTE4pidW1tRTEJLU1IpW30tR8ILc4bpOZJ84HZzTHM0BMFgoofZFU3E5E6R0qRDKclkg75GThgNusZbN5YFwhcrWBxw7XtxQ+zIDkh3wfXFhx7akt1nxM1JY2Qmha1+07ipkyMeHIRkmSatsPAoZcEkmCYhYycaiCYbghUykkFNJOKZ9QI2xVU1PAUFArNUWi8t9E1RaLy30dayXzR7r69wCh7n7K8P77jPTU1i0F13vhu7dRm/59jePn2qJSY2Ho8tcrRu2MiORnNcR7qjbDk8VYbIyiEWdGKNkWU8yEiuULmYjTjg1t1P2tIxzhPUO7SS9GbIJuNMfJ5kBteNJIYS7JBeXE8qXjt+qbxwJNZGwPFGYCnIR5YxOhhhrBMwHiANXZy+ajbqEOI7dGTduuR+UJWdCFBw64qQfB0TwTB+sGR+68gCitkyTMRq8J1ejeSjYmARBTWZhRTypYkAeNJKb3fNLAhFyV2sJw49F6sJa2ds5s4pLZ2z/AIVs7ZatFO2tlbLs9tbLs37bs9ns9m/Z/wBtXMtrwojrsjpo7I7Ld3nGUJ2bT9z17SwVFOO3apwubVEdByRxAFcc+SVM8QRnMiK1XEtE0RLeAmp9i7ufxNGUjCkmZJZt2uVoJg1lIjkoqqSXMYGb2Mbu6yIvMFoWz44jbZZ9wdCOyCZFcsrD2j1AKH16U4LcbeweKfH5rBRVErNFQnuXWGyqrQ2ApkQcolXQVAgeSFRUJj9e8/8AhgJw1cg+ImGOeNoFP52tla2VrZhOVuCh52tfs27YMTDDPC/+3HPHHK3Yva166xgTdmJuPPo/Omm2s0CmjLTi/jz1HFT22nGAAV5+PFXhSPkVlMFu3M2zwsquhfNkE3E3mEMVRE7I8vqOGCSkHxQiRvLrdVmr2LO6t0icq60ditDpFOjXGNprxMrTniqAIQ1u2Bjl3QwjadP2ImkhsGdTkpp0gNYwZKJr9bhcg/Xsf8QSDxcrnPuVbWjndk0R4iGsniRRlHG3qftAXJyjcd+o8FbeyvLEXKorZ1ulTaVrx8ImoZqXHu24/STz6i6QshynfRZpnH0fUFVQIJOaeZKOJGQ1MuIEaRSfaQf0N4yZo3RmSP8Alm5hzWL2nQyXIPXUjSrGxrGDtLmapj"
20:08:59.926 [Test worker] DEBUG org.apache.http.wire - http-outgoing-0 >> "FF9oGFFrnc88HFMeBYNIVlDJaBEEQFwAupOm6690tFuwr0dgtw9aNVVmG0DYWW2/FipsDIJCKogCcRVczLPN/qhxLIEW4XUUxKPpqSYHMrKdj32vm0pNCCGEMjHQypQ4MASEsg3QRESWQbpKxiZLuaCHNDG1LvHBAnE9HGvjQ5O2Tu1GA7bR9N2wy0h9xxDzRKuEtI56fjEVFgcUZqIzgxaR5VzlQXFSCIEXeod0xQbPvMxtnrH1z8afQxxoQa5eWvQZXXdO9y21PrBWXipxu93UnMnZ7KTZAzEdzOlSMD6+ZZjvwNHVZWfagVARi4amnpjiAWiigVFLGEjWrHriUXgwGO7VdHFbys6Ge2XEqIA/dO7oaitopJTOo43dcAxe6phk0KSE7rhgJ24F+3wxy7NrO4+kbXaPcN5B9u9H0k6wTd4arzClKUKKUpQClKUApSlAKUpQClKUApSlAKUpQClKUApSlAKUpQClKUApSlAKUpQClKUApSlAKUpQClKUApSlAKUpQClKUApSlAKUpQClKUApSlAKUpQClKUApSlAKUpQClKUApSlAZXuc6VJj2s3u4/ODmHpKdUOs/bwk4Zq2+ezHUc0d4q2uDRs8jRlhIy0GGJ4MIuVIiuVrKhcwGOSX1wuy0hVANt3NfRVy2Zm8LfFCxolLwqkcfuq6gygUnBIMG3XD7PeT9VMcAO4WVFeUnSmK0kqTita9xQXGZdWa2TGviKQPFbhhdzpY5aFsnpJ0gviQ5H5XFxQtZ3xFr00pf0hHb4gNqPnar4TTZtqbsWRr4Em6mjjTwnuAc8oDBAZNdhvc/hewCGoDA63QBwDQAJksMEYLGAgxy5gATAYAcAbCwgQwIod8gxQhQ8scwxMMssM8MrZY3vje16b5onp9vJIOu93/x+TI/oqG6OILnGU+IlrPJ2OXQ7c+EF7ZLUCPng4VN0j6+vhDLvlfd7Ea66tjmj4bXMl4ulGxhGFHHMGyt48W1A2acojpWHLxtgQpDU8dLg37aE4xJGUytNO42WE5E9ryswmrIjdIOIme0xTCi8SRHelLCaVWiqasKyeXVACwZ4AiqKJQIfEueMhi8iVXEm749K9h1xwkbBdsYcWmqD3b07vlGEDPtonLcgI0ytOzFBXyeYqeMsp6jMaCnmEfAe58FaYMkJ4wPbNpVwKx9dmj+rG/XStt7Ie26iRNmaNm3x8xxJaI11VwPFtlyD4R8NRmumr2B5kOJsqooxVBeTlTsShg+MniYKggwpQQyAUGLimrJv6A6INNeRHS1tJ9SG0520rprgbjjb+t8OIy8315GOAqKQtoiunMwsoJSulKBYufTVIgYAOETgAJoqMEOFhnjnH5HI4jyXOlQcQMeyswmXJzBcGoOwfh5jyE1kN6M9b8ExtuKtpfhdtOQipIql4NWk1OV0/v0kN3mqECSgX7mbKgDB3n6fcRXHToLJa5MOous6BDMkuRiqcaLboSnrKTkMH2OsL7ZdCkg5kXu+XMlBAml5mtpRyNlyAKgHmlhghGwyw5sExnw5btaoQ2/6TLxPa67HsInJ0MSHqDOHjkx1BVcKIUW/FJn7aPlvd2VGqroS8V8GutsoauH3gqle7Cp+Bc13ckKYLDAaYfJw8eXmG6Y+y7B/uNUywwwwQwwgg8AggsMQwgg8ccAww8MbY4Bh4Y2tjhhhja2OOONrY442ta1rWta1VUa18IHFjqBNbL2K1w1JbUYzPHnjH4mvhPkCYls2ieNrTXWM4e4pbqkVdQTXhJqOZcSBO/0o13EJQzMFe4HQi5kG1qgFKUoBSlKAUpSgFKUoBSlKAV50PDv/S4eQb88XJL+2pWr0Xq86Hh3/pcPIN+eLkl/bUrVFl5/ntCLLz/PaGsPny5BHlxtca8tzrFYxYnNTtW2vCkLKhwoAfLID9kQU93Z195GgzBQ4fZ7LRXe60ImeKnE044UZJKqpM0ljHAc+m+N7gW1HgCI27I238RszcneKV0hPfex857QoafOq2LJTlIgKLiQWoXkou4k1GS2ycMDt8u4CxAF1uUIqMoLqqIEbLpSbwHpU+tchbFcRshKsZJiiuOXW2VI72YMoyQAIaVDTVYxR0NV6qJUuHjlcQNpNN+rD4U75W7ASO2FEfDEQUIMIS3zSfbiKuQLUeKdloedJU43ZaYhAwsBt9RByWY8fQySAA9WKq2tkZESHcw3CMcSjRc1gJ2BihVTK5HUs6ROG7rVMxfoqLVUikHX2yaV1VIO0IS34Ttd403YirdrS51r+iDmbeBhLnGJtcW4127CWzTTyMlTBRsyHGOZXFkI4WFrKoR1UbjcLqZgwolnCQGSXkiJLmL0G9JD1JG3m5XtNtY0wlkedr+48dzFiNy4d8sRxpUjNly1KkZEghMMscwg1h8MpCQz+eNs/wDutTPY3CGxyuFnyPmF1+2W4tUPR+UIZ5X+VGUj0xb0w5CDya077RlnMzzTJXibicKsGGls5iMM4KcODNwonD2PqJ5NFSzh8uKnCCjAjgTp3a/pR/C/+i5uD+yDYOgLQuGXcTPevjQ1O2DVlLNTfijGxJhS2KYEvkoXlyKjA8dyCeUgc8shig7kXm4YeBQuPlkL4JcSaP24uA+AueGLbhVH3Q36b3KgbEFUWG8OeHUTR3VhSsKJiniQrrYRVLO1fQw8r54mkKSFwdiO8AyGJ3Ms4A3UWte42Y5clZw/NrDHCeqdIb01Tjw7du9UlO3U4/kojnmAYyVN0jSNCrqAY5H+AbGKRHJrsY4CenJ9xf8AsseOg/la1ghzI/6G/WngGhnHX0cPWEZPCT3UxeSnU1Vk3APAO2Y0uPwVxvyUrij49kQ4GTfDkW0pNMD5ZC4oyemlcbBAlgQAkofk2VOOdmYM0F2RoWVONtdooS25dmAxJR6Q7wasKTGU0pFYrjZGxZZwst9ttHdzTXS5ZtO1QLF1luOAkoI6oCXPlCh0AI8THDCNlS5kPHEYEPPG2LdDiC4mZa11lwjLeomrkQttKjx3rR6ao/iSO4jesVFUdAUFEV9Jr9ZaK21YkE1LFvD4yepKBhtqOKfYqvpakmCGCgtMXOHDpqf+ePhWh8lLkwwOae0f7BkQZagF1k2PL7MyIpDjWLnmS6j6M4SaOeO4puSQeGHRj2I6OoKRTEMPMxiMFY44uj0wdLJYBA2m385YdwY4uZLGVaGtgd0jyhErhyKD4jgYLLYj9hx+eH7XMMO9jAK4AeCzx7oWNgZ9i+L8mNoPrGUFz8OF9FfnGcJ34g4qWZyX3C7lBjSXKMXx67XUaOKS4vRc0FJO8XcDKyfEGNq5ZsKagvsZKMjDC3JpDWIo2OfaJeOOOjGutYdhyLdfYwZULwoxW7GkVx0hl26ymO1CGCchoCSXzEGuCWAxvkIMZNmxzKiqKRwUypLCqcOqyqcOKR02aG7KoBSlKAUpSgFKUoBSlKAUpSgMmPI+1AOS/n1044yJUNH1rTnWrXRY3XnaJwlE6QQ5Xf4yutoLTR3gVJCA4K6Iji3jYDAE3mLfFBdsgpJLvEReGOZdbc/OqMMcYCNqPy5aGxIwtaJZ1c2Pjllyu34KaiFFbNmCBXyGpkl1pvRrM0gkt5UGMmUwgyhDmSaAeUGu9FgspKBnNDa9kvvN/GwNdulnxG7HqJilNfdnjgW4pjhfP3xKpKhIrJdgrhVGeCdHzxByW8EyKEkUIpa+OZkw728QL2GOqQIIn7fS0HOEr8cMbawNzuSxMe3e3EFxPErKLi45rjhVyayacBk2RIY3uZHIk1Qs2kE6aCCEDLKTsQSgnaiqRa2SMk3TRtn4g8rRJGSbpOE1R/SQT4idOz8yWxy19I0S9SZ0Dxf+l3HDqe2dhTkIq+Y5mOJSnCUybGWG6rvhv52CAcAOTal5omcUxUwMpYqQwDqCbL5pTxdaWscY5j9d4h4ktteNPlJ0ujtn63llPaxmalbVR/DLcTI/jyW4jlUgorI2K4w2mSTmoGpkmyynyWur4omYppwjsdeNYDrTRRDGHamtqaR1b6VPtawHqaxSS25HHfCbghJQUe1K4PVRhBqQ7G6kjJFhBhbmFDwVCkkrY5ULPIQEq1juYuOVrhDDftdKROFpYYnGLpG1hgj8w7L8lEKqbXbgGeAqhdnMpGdbRdjiEK454il0pGWZYaAh9THyBJFCdzww44YRcYUF8zzwnkvuOi1ZERPSXXQ4HsbHaHyr9JCA032DK+O+nfGjq0hTsswSsiCmo7kuepIBZKgiqL6QL9oVcIWCBLTUGsmqWJpJGSY+OoJkERJeLrTFjhvMfrvEPEltrxp8pOl0ds/W8sp7WMzUraqP4ZbiZH8eS3EcqkFFZGxXGG0ySc1A1Mk2WU+S11fFEzFNOEdjrxrAdaaKIYw7whMyWgHpZe5yG/BQ0LDejQqKX3DBk/niAG71aJUOJWMrIKNkJnfvs+Gmw3JawMXB7GYRRqnRBArY3CFF+PSkThaWGJxi6RtYYI/MOy/JRCqm124BngKoXZzKRnW0XY4hCuOeIpdKRlmWGgIfUx8gSRQnc8MOOGEXGFBfM88J5HuOlVZIekW51snRS0OXDpFu2bY2gRSMt6m8UsSRu0IqgZ3g4LMYrU3SwlI6usPN6Mk8GM33NmGpByIROFFckdCWAmhHYalcwmIN0oX8nfuCo14i+YLis3C03ZregOMN2ZntpRtxD8YpRNkxM7i74Vmmisp45sNvFireJKieI6T7sUbJCemg5rsatxXDKjqiu5zKp2/xxmwNf+kgc1ECPMTFJXNnWFr3stE2Z++JUN6NRsIdvGTJvZD52uojI6xKimmGi5fth+3aLiMYA3KJJoUL+dIHOFZk3s4G9OWmKGryS5t9m5sIvIZDLEyqt2JogV2qac7qUSQQmI5dOEQbPdRThxe5BHbMZxYhD4eDDWQaKtdH02fdJaxvAiOqIlUn/wCOqKtEh40VWSFdPTiv5KuO384Oxv6uRDW3qJf5Koy/N8zP1cTaxC9OK/kq47fzg7G/q5ENbeol/kqjL83zM/VxNoUx+aHwikdIl3O203u3fOrEo6N6q7BOPXbSTU0wtKpGHzCk0yZFUVpJfzbTzRMJwLp5pLjIcKyEbGOBuRbeRxBWTBhksxAbQt5u1fBtxp7PQssRYQ1Vg/Xx1AELCxhNmusTMSIJUiJ3J2OI7YdTVcbBRm0eOBISqCTPjNhWNGG+sYlrAHSmIvcDhaoToz7vS9N5a5H+HiZTgbQn2H9u39OkYoriEsnHpZh95tlntsFzscIzlhkspxRvsVoP/PALCx4RvSSnqeAQxYir3Srnt6ePJy7LO1WmpC5D+RvVq7ajC6OBGGqs/t6MopUDjZu41zB0KbbUo3dR4Zzq+SmEnLSmEsgYGkxISAAi5cQrkMK2WcEbXsJFlnBGd1XRki8pbQIj8uEQvWBOj07cw7IU5PzZJ1R/rkWbp+aZPKIxV/vgAm/GvZOOOnJCLlyigpkU7IqlZrBu5xdWQiISm5VZbcJpTWD9aPRuTxnSraCRtA1cYRPjjcTR/TrlD1sKGRRASIixIMMsNt7GJyWGKJmGKaNPge5NMJF8u6AtqKxzV8bA4XBJ9DQVsDOOzPRDt25R2FlqQZqkc0JMCKZfEmOpXeLoHSEeSo9CSk0VaXDRw/mSTgxRMCZbIa4RfHPPEPHG2V67u2gIiaq6b9Gq5d0IMQkW08i3TKF9jlMnjliJnqxs5rzHzHeSosiXxyBHJM8yMfIIJYe+AYa/I2Ji17CYhjlnxH78tihuI7ym1Wf9kSp6Qwqj7YT3x0cTKAIKeS5okpz7fbOpxMUQHMHXHWRsuJfwQ1ofC+WJNKkZRJPMkkGxQr4Bu5loeGGWY+YJQ1XXpN/QwNgfzZ7Zft5cVWHaEl8N2uSLml5NzmeK1HURt9Z41dVVbtsT6VdtRA27L06rTcN55ZgiJrgexduuVDVk29wzJF+OErgNYEYxgYrx0m/oYGwP5s9sv28uKgzPDeXLtuIvj+0OlHio0Jckl6T6kyC43jqhDys7XC9tcYedK851VSZycMoqrgWVtnHlJYUzw4mY5tQUDRg4YGzyGFGyEvfKq2NWY1j/AEA6T+4tOdERx2pq7O+mZqX9mNe2ysqKnGsSSwTCcR9GU05umDx4FpKeQKJG6kmY53CukpUyHm+jhkW0pI6WU7M4uuHpTm3jg0rkY/ys8wMao0ia1xW57xPC+3iDHkYswutNcgbu0mMlFYjUFtBZ6aELkQS0rBfHNFiWIQWSiLfC+WV3eh/FTpnx0jPlxa9sRfOytKfa/KpPMrvJdlCbZEtY5ioiAuF8uUwMKVIG1IMFTUkhtEUBGVlUsUVlRPOKZQubCZy/aIo3gkfc0X4TER7GqUpQClKUApSlAKUpQClKUArpzYaNndMkGyvE7DlVfg52yOxHEykWX2mngqbrjodxp4yUM6muWMHk0MNyJZQyYGQj9jxYVKVbFFQuJ3cmFjfuOuKPx8tGMGO8pKkBfT2oxI+azge70dCuLcBKbjTaqSbXHCuqQ1sc8giKSkETZ82JjhnliAAJfHHLK1sbhkZeXh7M+Eh8M3Efo5xTS+xdgobhR2IEawS/FyUtspFjtogT25X6YRlIxeQEmSDIKi+kF6qLsPFSUdthuOka5U+bR2chgKFzuRZQ4pwoxdPe5vR1YjhGa5hluKVyXY7lOMGjMDcMhYS4iwNaTnK32hkjKDjAO9xANR8SMM1qKYgGIwEeDIR1CMB3DS1Ko+wnBUu9JEf6TuLuEbdcX8RbBkFWE0/0oTT51AWtpB2UrnEMSedi1RMMgmPAJ9TKKaYjNlNNWMlggVREbZ5ISgFd6Stpgmub9c9HIBOyjMDla8E68RGlNNtjqwKCeLs9ioZlQR2QzUQihNFHPiJiTgfPIbbRSCalYkilxyBEAMELuWNmZ4Inrw0kREfwkNkZNDKly66RcMmhnEu69QkOOtelDcdOjlks3XTNAa7GU97pX2DNnUAFvyDkK0iQkwKA7qWsslp352uCy8W8dzaacUBSxW2387pXC/Jv1t4E1x/7IHlbDY6JOLtTVJLML5vIy5rzMha2DhDEXGoCCC3OO7N54lkxfUMhh7HHFkdN92GxFsJn0FyvcfWkWz+rs3cmLCVj0SbPsnV9d2HgveuFJHecdvQoSYETGnpG6oYWW+4EpLXmWuN1PTEg0CoJ11LxaUhLoagkK9iZ8v8AU1O3ThnYHo/ML7Rcuaom5RJJsTCMrZVwudsvM+lPEqnzEtw22nK5EiMUc44ABZMON9rLZkyhJxMgKtOULvTEmUNlgLMpl3o0XvmWkKRWFN1ScEi9Y/FPJ3Rv4/0v0d1/2SF4z3Pte4IPj1ckdSlqEYleC+G/ZMJ4vg03JGmVyx4rNhOdbfGdALYU0h3voqqtw0meLigXTzCbkRLzI6Uk9liIOMODoMihYChiG5+2w1+1akpXYYJJsoTM13PNJ/LpttJACQGUTUBp3wYLbThE4rgWQBmoQOtYyWERlUUkLNXfTU7QA3wobFx61YuhxuarNHTSQ5Qhg63kBLBRWoZQ4qU3vFsoNBXHCuqmXaKsAIK8UcRg6acbyUTmYC4bWhl5QBPV8aqg6sbEdGH1XQ+Xl9hsqFHbFxRlnpNdaqdSXC0sGhLD0bOuTrazlumLhlOdRJktllZto6ZTlIgslBPAqwQWURbPpKi1RHbd9nR4e+JDVItJ18o7JGuu0jv7k54ZON9m8VWx5OItYoXgx76v64v+ZIUnFiNFCaExtd/wWx1J/NhaWZjTCxN+uMw4lJrl093H3O4FgdXwUBlQewq0TSzhTsrXLZ55bkdHGUNipFUBVmQXxxxbFJT8XjGWORpyvOOY2lCMHS6Tt8McA7KDoXWYfcB/ALAMEM6pDhghhhY4YY12778csh64cWuyLj2a5ftntntNYX1tdSrCsDLKFFzBSX87RGxdH1ta0uzg0gzklTgyhZHUmBkRbKgtp6QvnC6LkYCMpIIiSbmdo1DjigfowSNHjrIGUtey409j5BOpp3DMI6QwmRhS1MJEmdLiY4ClThdPfZUI2TGwwHJmMRCo+GAwOeNlYR2amrP8LVkZssI6oyxh5bZZLHZCvboS/wDMH2v/AEvh/wBjEX1s+rGD0Jf+YPtf+l8P+xiL62fUApSlAKUpQClKUApSlAKUpQClKUApSlAKUpQClKUApSlAKUpQClKUAp"
20:08:59.929 [Test worker] DEBUG org.apache.http.wire - http-outgoing-0 >> "SlAKUpQClKUApSlAKUpQClKUApSlAKUpQClKUApSlAKUpQClKUApSlAKUpQClKUApSlAKUpQCsofTI/wAUe3f0voa/UqXq1eVlD6ZH+KPbv6X0NfqVL1AT/wCjffiS9B/zfP8A/bdJ9Xe1SF0b78SXoP8Am+f/AO26T6u9oBSlKAVgD59P6U1wr/8ADk/6ikyVv8rzsuk3S22tc+kP8XuyEgEl8aN4Ki7SqW3qK3k3BRVhm1F28M9PxzEkIsZNJ5E+v5IKKbyTU0dSI4GTOZcMY0VBFuPgB6JtKyh9cj4j/wAndvvU0yvi7TrkfEf+Tu33qaZXxdoDV5SsofXI+I/8ndvvU0yvi7TrkfEf+Tu33qaZXxdoDV5T/b/trKH1yPiP/J3b71NMr4u065HxH/k7t96mmV8XaAmm7ujx6iDu6U1mB9h9+tLWBOC0oOGX9fNPNnzUSa/P5XWsO5L46pHh1nOvwYWXCuQyccSmyroSQURhxEJHIJaJiEnhWqaj6h6+aMwU0dcdY49T43ipm2NjkkksZOqaosLSmLYwtOh0r6oObWHI51wzbEZRV1Q2ONcMMqnE8SiSnpyeUzsdcj4j/wAndvvU0yvi7TrkfEf+Tu33qaZXxdoDSVs1ADN2s14mvWiQ1NzIzEniMnlFLvVmYcSk52pzdfCGcQFY62z64jOJHJrRcmdFFTjCmgrBEIziHmZTjYVsgc4uHeL7Wdb0Ji7jrcxuWF6EocbEdoDBdgUjqTLmRFVooMllBgPwB+RkVY4ID0biuTKLJUySQiiAMolgsjTeHLY97XpY65HxH/k7t96mmV8Xadcj4j/yd2+9TTK+LtAT3jrgN1YRJ3izYWf9ht7t8HlBaoCvwmibybKCzcxoscZU0UPEnA2WyTZzOCNKhM6np57DNzmXCWMqCcmqSgVOKCYnmis/d6dDdb+RaCjWvmzjVU3CzMXIkPZsrDbXDjXerBfjfBPlUN8MhykbZio7iTSasqkMBByx9NOJymoJyomnyBscvnQX1yPiP/J3b71NMr4u065HxH/k7t96mmV8XaLGf10FV/yHUicz84DIJmyLHNDWzO7HJttOwVlrnm83UKd9ria+lMFUHJ5FEh+orea8aNBqvN+tK+XfzUWpnQJTKpSpiGp5Jhk5hiNbvCXOHPW6a9YdEdUXrJGwOTA49HzCT7hRwpbljUm+nGegFrGGawEeTVAWJzTdWkPFvjBE1gJrtdmKh7IkVHBVSYvfORmqnrkfEf8Ak7t96mmV8Xadcj4j/wAndvvU0yvi7QfHziekNFe32rrA3V1nmPVaU1h4IEezc0B2W61mP1BFSnmnpZg6TPZmG8oOJvupEKKFhSIWOIqk3VYvYPIS1yuWV8c8IDbXcJ2s+32jeq3H6/5c2caEI6iloqAj5YjN6xqhSI6B4ajE7FLJUJBW12InQ31Q8UQFE8pGc241WoXzcJjwgVLkwASxIGs3rkfEf+Tu33qaZXxdp1yPiP8Ayd2+9TTK+LtAS+8gX/XUc/3/AN0b/wD1N1YNsTxt6z7eafsvS/ack+p+YLEbTBS0aSZGeh49PIrxjpshNhHmRQlJLASVIxLysXsfUHa6QSRYk6jy64S60imkVbUEgajvrkfEf+Tu33qaZXxdp1yPiP8Ayd2+9TTK+LtATZavR7tUc3/Fr02L2V5BN60GEVxPc0TQ/uttEYmGGGS4Ue+PgdVJMZNZbNwVhE4MMAr3m5VFbS1RNLhJC6QVUnuhIS+OsofXI+I/8ndvvU0yvi7Xxz6ZJxIY45ZWbe4Gd8cb3thjDbItlne1r3tjjfOYMMLZZX/Ba+eeOPZvbtssbdm9gNX1Kyh9cj4j/wAndvvU0yvi7TrkfEf+Tu33qaZXxdoDV5SsofXI+I/8ndvvU0yvi7TrkfEf+Tu33qaZXxdoDV5SsofXI+I/8ndvvU0yvi7TrkfEf+Tu33qaZXxdoDV5SsofXI+I/wDJ3b71NMr4u065HxH/AJO7fepplfF2gNXlKyh9cj4j/wAndvvU0yvi7TrkfEf+Tu33qaZXxdoDV5SsofXI+I/8ndvvU0yvi7TrkfEf+Tu33qaZXxdoDV5SsofXI+I/8ndvvU0yvi7TrkfEf+Tu33qaZXxdoDV5SsofXI+I/wDJ3b71NMr4u065HxH/AJO7fepplfF2gNXlKyh9cj4j/wAndvvU0yvi7TrkfEf+Tu33qaZXxdoDV5SsofXI+I/8ndvvU0yvi7TrkfEf+Tu33qaZXxdoDV5SsoOPTJOJDK173be4GF+2zt2MobZF73tjlfG2Vu0mDK3a52tbPG172ytjla2eOGfbYY/LrkfEf+Tu33qaZXxdoDV5SsofXI+I/wDJ3b71NMr4u065HxH/AJO7fepplfF2gNXlKyh9cj4j/wAndvvU0yvi7TrkfEf+Tu33qaZXxdoDV5SsofXI+I/8ndvvU0yvi7TrkfEf+Tu33qaZXxdoDV5SsofXI+I/8ndvvU0yvi7TrkfEf+Tu33qaZXxdoDV5SsofXI+I/wDJ3b71NMr4u19gr0xjiWOi5Alm1t8IJgXOG8sbw4x8OwAQKDnjWfZzl/G1+5li4wlsbXvnnfDtA8cs8scbgatKVlD65HxH/k7t96mmV8Xadcj4j/yd2+9TTK+LtAavKVlD65HxH/k7t96mmV8Xadcj4j/yd2+9TTK+LtAavKVlD65HxH/k7t96mmV8Xadcj4j/AMndvvU0yvi7QGrylZQ+uR8R/wCTu33qaZXxdp1yPiP/ACd2+9TTK+LtAavKVlD65HxH/k7t96mmV8Xadcj4j/yd2+9TTK+LtAavKVlD65HxH/k7t96mmV8Xadcj4j/yd2+9TTK+LtAavKVlD65HxH/k7t96mmV8Xadcj4j/AMndvvU0yvi7QGrylZQbdMk4kO2vj4t7gWtbHG9s7w2yO1yvlfO18bWtMF8+2wtja+V8sMcb2zx7TLK9s7YfLrkfEf8Ak7t96mmV8XaA1eUrKH1yPiP/ACd2+9TTK+LtOuR8R/5O7fepplfF2gNXlKyh9cj4j/yd2+9TTK+LtOuR8R/5O7fepplfF2gNXlKyh9cj4j/yd2+9TTK+LtOuR8R/5O7fepplfF2gNXlKyh9cj4j/AMndvvU0yvi7TrkfEf8Ak7t96mmV8XaA1eUrKH1yPiP/ACd2+9TTK+LtOuR8R/5O7fepplfF2gNXlKyh9cj4j/yd2+9TTK+LtOuR8R/5O7fepplfF2gNXlKyh9cj4j/yd2+9TTK+LtfHHpknEhla97tvcDC/bZ27GUNsi972xyvjbK3aTBlbtc7Wtnja97ZWxytbPHDPtsMQNJ2xetcEbbxE6oH2RjBry9Er0ACBX2a6yooxMUYqJYcgqJh8kOTWG84EkzbE2iuRvKKW4EQ7hgdSVImawwGtTgndHmg5sNvONI65B+XWLIEsF3gV1yYG8SimQ0mN7K1wxWklJSlHyu609rGS98yptILPDAM0XzzxMCCZZXzqIXXI+I/8ndvvU0yvi7TrkfEf+Tu33qaZXxdoPXpH9zNAGl2iGqnHzE+MMamxKixczzJ/w04zQBhRXHc+HHkDiAK5X28182ouV1rWYWPcS4yqojFUopfFMRCiYlAlyIPWrH42oNYHJDMfKEjuuWDM/TdA6Xry62gprrQGh9PZaSais4WVG8gFWKTehR0ZixC2sRzqlICsk5BnlywaIHkZIZJlJPXI+I/8ndvvU0yvi7TrkfEf+Tu33qaZXxdoDV5VfMpcbUGy3yHaz8lrkdcsEp21Wjh7xfHrTRF1oFolWUB+tyT2wsHHmhH2KpPFRWCxCWHEMmmER+N0kCcJIohpPOAljxdSpJ65HxH/AJO7fepplfF2nXI+I/8AJ3b71NMr4u0Bq8pWUPrkfEf+Tu33qaZXxdp1yPiP/J3b71NMr4u0Bq8pWUPrkfEf+Tu33qaZXxdp1yPiP/J3b71NMr4u0Bq8pWUPrkfEf+Tu33qaZXxdp1yPiP8Ayd2+9TTK+LtAavKVlD65HxH/AJO7fepplfF2nXI+I/8AJ3b71NMr4u0Bq8pWUPrkfEf+Tu33qaZXxdp1yPiP/J3b71NMr4u0Bq8pWUPrkfEf+Tu33qaZXxdp1yPiP/J3b71NMr4u0Bq8rzoeHf8ApcPIN+eLkl/bUrVdF1yPiP8Ayd2+9TTK+LtZIOP3lr1Z1l55NrOSKR0+VhtepnkHcFzNAm22ijKcihJs5yMfdTKssts0601MJGQ0wwHithAOI5iQNdsEAIdwt3W8X5TtCL8pwqHrLjAgmARS5gIMcuOGICOAMHiKCMCLjfAUIULO2WAgYmGWWAgeeN8c8b3xyte172qi9y9H000TZPd8taqy/unx1uWQjmai/UrQnY4/CTGdihmIIL3c/H6y2X4zk8sFmLlcoiN5GRW6n5XuInI5QTLPPOC/XI+I/wDJ3b71NMr4u065HxH/AJO7fepplfF2qXZdollMQcF+ljElRqztNzi2V3zmtgnQlGPpI34npz7FnmIfAMAGwDrWaCgXb8YpxwodKEjyYczYo5tEPESRxDGTTJcMW0o5S484WlvfbWPkScjnlAlNeqLCkiO47a6ItNQtFqyiSi23i13AaeiIfZSk7FFUJp73VRkcdDe7cKFzhdPEOkVAEIyXN0Z9cj4j/wAndvvU0yvi7TrkfEf+Tu33qaZXxdoC1/dzhs09382n1W28nW0kAydqYpohxqpTNWminMuSEtsvtPkZuNOX0twMVzrLiaiM5yyoMVTG24GeKMUdLmKHzZzA8WuS7s3k48oX3/vrTeY3RKLatqxscxdn4+tGa000ayy/4+758CpLy8aWS87qDQMd9i2U09Du3Vkf+D3svk72ve9GnXI+I/8AJ3b71NMr4u065HxH/k7t96mmV8XaU89fQ/3bbayF3U7cb8HbCbt6lb6vR1SsmTBpqmvdKjBttdcaBKNl0u/U1US1jN+I6qxlp0KgxYurGc03JvPFr4AjYAZGgzmGIgYlgVZQ+uR8R/5O7fepplfF2nXI+I/8ndvvU0yvi7QGrylZQ+uR8R/5O7fepplfF2nXI+I/8ndvvU0yvi7QGrylZQ+uR8R/5O7fepplfF2nXI+I/wDJ3b71NMr4u0Bq8pWUPrkfEf8Ak7t96mmV8Xadcj4j/wAndvvU0yvi7QGrylZQcemScSGWOOV23uBhfLG174Zw2yL5YXva1745XwmDPC+WN/wXvhnlj2bX7XLK3Yvf5dcj4j/yd2+9TTK+LtAavKVlD65HxH/k7t96mmV8Xadcj4j/AMndvvU0yvi7QGrylZQ+uR8R/wCTu33qaZXxdp1yPiP/ACd2+9TTK+LtAXob5ccmr/I0wWkydi224sViNHNi9oglmN3QfYMxw488blL5uWN32l4imUg2Yunpwh1PPlFZBPm0tFUjqQYVEFDOp0WNd+EHWCE9hmVtXKE07kbyT5FhEwQh2QN69gDE7G4exNYXwFNx6kFWuzW+mqWPbCjllJTSVc6QUhc1xPGKruAKmFWt1yPiP/J3b71NMr4u065HxH/k7t96mmV8XaAuw314xdXeRIlG56aikgsuU4WWjDhhTYWC30fiueoiVzeRYQ2ZZD+TC53uAJgckSOXTllLWUwBSJE1YoSLqhUA5h0tqrwv6w6y7DFtuHVKG1O5O0aK3jTSZE8buTaNOL6jZtHypsifSY+wLNxntluYmyR9SJXUAm8OsFCSstk05RJFV5bBUKuOuR8R/wCTu33qaZXxdp1yPiP/ACd2+9TTK+LtAXYb68YurvIkSjc9NRSQWXKcLLRhwwpsLBb6PxXPURK5vIsIbMsh/Jhc73AEwOSJHLpyylrKYApEiasUJF1QqAcw6W1V4X9YdZdhi23DqlDancnaNFbxppMieN3JtGnF9Rs2j5U2RPpMfYFm4z2y3MTZI+pErqATeHWChJWWyacokiq8tgqFXHXI+I/8ndvvU0yvi7TrkfEf+Tu33qaZXxdoC5Pezip1f39dEYSnIZ+X4b2IhXAyWiXaLWWSTsO7AsJKOimjBtCSHsTILBE6i5mTx40UIr6Cs4o5hSWRELNLu4F+ynxLTXh91g05m1zbQ2e2xm021Tobt2aPsxuRL5mb5gRmdnbtBmw11XwI2G83E0cC2BHMZKbRdVxSbCooKiEjnDxA1Uz1yPiP/J3b71NMr4u065HxH/k7t96mmV8XaAgB04r+Srjt/ODsb+rkQ1t6iX+SqMvzfMz9XE2vMR6SnzV6d8srH1LburaZMpBQhN1S6tPK8qMlDaRcQm90hgkUayMIjvJ1ZHhsBm0o3O4DhksQA7l8sMxri5Yh6SGJ0wniabbHZrdUG9txkfQWo3kU9kWh1mCF7nEtIJkTNwBM5aDyEBuMBncLPIMPLPDtcr4Y3vfGwF4G9fE1pZyGqrOe06sRwIE1RviDhG2xcMvBYiieWIGVNCniRdHfzbzwEUiKadMGzyOlupPcSUhqB08pIxIgoHTRoWI5vgKh96E/FefuQjl02jiscOxVZhSdd63EfjF0J17doIlukhHbMjpyrxIYHtgBLqDoFNdyzEtgawzEzzyhF1yPiP8Ayd2+9TTK+LtOuR8R/wCTu33qaZXxdpnwN67xLwJI40NTXtoi/OOVmMfLX/WZ/NEVnHEOBgW81F5GJmVlPXj6wkqThbzvTzjpVVJOCMrTkdSM5VRaMDmziqOcPj3N2/RkPjygSUuPIDjPexl8K+v5bXeP9biy4Kpt35TQGzFzcbSAxnmGtZNXNp2kRBONBvOwqq3ZN29i6k4I54r2TreCrUXdcj4j/wAndvvU0yvi7TrkfEf+Tu33qaZXxdoJF6+kvHzA+g2niDpPBpp7mYvRCb+BMOh6qbdVZJcajI6ytrLgcDkW0Nqtpvn1sLJa8GJY5dqEiZNGSUVOyJDBEOyL0FF3DprLEnGO8OKNtvqdjuu72QpDb6q81tzR+ZmguTkp3HXmuip7iIRgmscI0UVDwwCTmZjo2EAQxDCOAnzFsjWdUvXI+I/8ndvvU0yvi7TrkfEf+Tu33qaZXxdoDSJq9ryy9S9dYV1ljlUdC0w4JjhrRe0VZ7HUlSdyigNFLASU044z6EiNtGOLA5YvhmeMJiAjkhR75ZF08sHewePfFZQ+uR8R/wCTu33qaZXxdp1yPiP/ACd2+9TTK+LtAavKVlD65HxH/k7t96mmV8Xadcj4j/yd2+9TTK+LtAavKVlD65HxH/k7t96mmV8Xadcj4j/yd2+9TTK+LtAavKVlD65HxH/k7t96mmV8Xa+NumScSHbXx8W9wLWtjje2d4bZHa5Xyvna+NrWmC+fbYWxtfK+WGON7Z49plle2dsANX1Kyh9cj4j/AMndvvU0yvi7TrkfEf8Ak7t96mmV8XaA1eUrKH1yPiP/ACd2+9TTK+LtOuR8R/5O7fepplfF2gNXlRl3J1YZe7escwapyM7pFYrDm1sgtB3OWJ1hAQX8VQLrCYqqRBEVXQ2Hmglgl4sm5t9awUWyqBmkBUVCYOBYyOCcLZ3euR8R/wCTu33qaZXxdp1yPiP/ACd2+9TTK+LtASUY/R0GRGLQbkfRty786kesFnpJRBaTIY+/SQ02g1kMgHYEiitxtIMIJ6KiJJIK1giicmEipMsHa2AIOGNrWq0OJtBoyZGpDp0xmaTtgt3osfYDwTny4d25Qzm6UXcgvIawxpuLD6ARWobslIWWIfijmnFCCq2BQCp5KUwFIoVOg0Udcj4j/wAndvvU0yvi7TrkfEf+Tu33qaZXxdoCTVujVagjNAnC6ptpyarmphBTBOltKVXcZVE1dDTSyjgrF2vgzyrKKO8NtF1DCx0uSBfgZosfyzVC54JVzyPXupVNXte1rXMXUZTiJkmtahY1LxBeGsknANlhRwTSQUUi2SpAHMMUkAnkC5a6afKGAFZOPFiysSPgKpcE7hm865HxH/k7t96mmV8Xadcj4j/yd2+9TTK+LtAStv0b7UI41kiG3LtNySvPUhBViagk6QOncBZO6skk1NUg1dLaYbUJtFPfeTUSlAEM2lpgkjZip5y11AqcCUc8zmVxMl6n65y/rYr6fyBETPWtallgJUYDRCCn3R2onshvlk8s2UZvl0URPMtnJp+CEg20lFvmU1Ua6kkJSohHCCinEzIOcnrkfEf+Tu33qaZXxdp1yPiP/J3b71"
20:08:59.932 [Test worker] DEBUG org.apache.http.wire - http-outgoing-0 >> "NMr4u0H+kumr0cbTQgLG7ZlHYXf/ZbXmH11NcEZadbFbRmn3qmzzSDe92ySJRmmsxsn1FEbQd7k0hBXnQrJPgsQ0iqBQ+jKCiQN2gcgQIJfQHdouXCDALgae7JAgAAh4hAgghQs88AgggsLY4Bhh4Y44YB4Y2xwxtbHG1rWtaqBeuR8R/5O7fepplfF2ugtrelscWM0aubJw6z0DawN2yxAUxRo1xFmI2eSSA3E+47cbXRM1U4BKpwYom4qaqVyPGQShoUArYUUMsPnhYLJnx0M+Oj/LoS/wDMH2v/AEvh/wBjEX1s+rzIujhc7mknFRq5OcO7Opc4n3bIs+iSW3xIuYaA60jBu5x2ymvbBQOK73a4xZS8JoB/K5YIoYC71uAL3z24mQQeiHrkfEf+Tu33qaZXxdoDV5SsofXI+I/8ndvvU0yvi7TrkfEf+Tu33qaZXxdoDV5SsofXI+I/8ndvvU0yvi7TrkfEf+Tu33qaZXxdoDV5SsofXI+I/wDJ3b71NMr4u065HxH/AJO7fepplfF2gNXlKyh9cj4j/wAndvvU0yvi7TrkfEf+Tu33qaZXxdoDV5SsofXI+I/8ndvvU0yvi7TrkfEf+Tu33qaZXxdoDV5SsofXI+I/8ndvvU0yvi7TrkfEf+Tu33qaZXxdoDV5SsofXI+I/wDJ3b71NMr4u065HxH/AJO7fepplfF2gNXlKyh9cj4j/wAndvvU0yvi7TrkfEf+Tu33qaZXxdoDV5SsofXI+I/8ndvvU0yvi7TrkfEf+Tu33qaZXxdoDV5SsofXI+I/8ndvvU0yvi7TrkfEf+Tu33qaZXxdoDV5SsofXI+I/wDJ3b71NMr4u065HxH/AJO7fepplfF2gNXlKyh9cj4j/wAndvvU0yvi7TrkfEf+Tu33qaZXxdoDV5SsofXI+I/8ndvvU0yvi7TrkfEf+Tu33qaZXxdoDV5SsofXI+I/8ndvvU0yvi7TrkfEf+Tu33qaZXxdoDV5SsofXI+I/wDJ3b71NMr4u065HxH/AJO7fepplfF2gNXlKyh9cj4j/wAndvvU0yvi7TrkfEf+Tu33qaZXxdoDV5SsofXI+I/8ndvvU0yvi7TrkfEf+Tu33qaZXxdoDV5SsofXI+I/8ndvvU0yvi7TrkfEf+Tu33qaZXxdoDV5SsofXI+I/wDJ3b71NMr4u065HxH/AJO7fepplfF2gNXlKyh9cj4j/wAndvvU0yvi7TrkfEf+Tu33qaZXxdoDV5SsofXI+I/8ndvvU0yvi7TrkfEf+Tu33qaZXxdoDV5SsofXI+I/8ndvvU0yvi7TrkfEf+Tu33qaZXxdoDV5SsofXI+I/wDJ3b71NMr4u065HxH/AJO7fepplfF2gNXlKyh9cj4j/wAndvvU0yvi7TrkfEf+Tu33qaZXxdoDV5SsofXI+I/8ndvvU0yvi7TrkfEf+Tu33qaZXxdoDV5SsofXI+I/8ndvvU0yvi7TrkfEf+Tu33qaZXxdoDV5SsofXI+I/wDJ3b71NMr4u065HxH/AJO7fepplfF2gNXlKyh9cj4j/wAndvvU0yvi7TrkfEf+Tu33qaZXxdoDV5SsofXI+I/8ndvvU0yvi7TrkfEf+Tu33qaZXxdoDV5WUPpkf4o9u/pfQ1+pUvU65HxH/k7t96mmV8Xaoz6Qf0g/Q3k80NSdbtbkmfSUhkp9j2SxhpLj1uNdu+LrXbj+SlLDBSSn85TWSlkacqdcsWunWCFCxM55mQrhY4iAay+jffiS9B/zfP8A/bdJ9Xe1gf4hOk6cb+jnHDq5qnNCJsqak+Hmo6kV2jsmMGqutYQ4syS9HWTukKx+SUU2cBslr5HEbMdLKZYGrDg44Z4B4iiWSdcj4j/yd2+9TTK+LtAavKVlD65HxH/k7t96mmV8XaUBq8rz2+kWMloyX0mbiGjmQG4jvFhv9r6Bsl7NFwkQFNAdLRdW/wBN6E5G4uJpnHMsoI64jHzqYpkTGGYBskaHLi45BiZWv6ElYA+fT+lNcK//AA5P+opMlAavPIo8R/o5dQfUiyvuynkUeI/0cuoPqRZX3ZVoFKAq/wDIo8R/o5dQfUiyvuynkUeI/wBHLqD6kWV92VaBSgKv/Io8R/o5dQfUiyvuynkUeI/0cuoPqRZX3ZVoFRo3N2IIakalbKbPKBAFXCgWEZKlQqiGBMwgXArM1qKiyhN3MXAQHMPxhWiqei4iYjBXwyPWysKH2O3xCRFbyKPEf6OXUH1Isr7sp5FHiP8ARy6g+pFlfdlUXcZvC3DPJjpc2t+OUpwTHsRuBuSScEstuRc5kkdmja6MpfVlEKMCEIoTTcaU0EDIqhE0d5kCio21huo91Ei0yKBZupI5dWmV0efY7YI38/njd2lkpdmaVuMzYz5KmrLbtNjnnY/oLd5x5FYzOLaioGjqutGSmcfLyiTUFU4aUCDXcjUbpoW/gcDMVmW1GrUeHPrX/VSwfyKPEf6OXUH1Isr7sp5FHiP9HLqD6kWV92VmY49NF+IHfZS333P5LUqHlh/7A8oe3RaBDcnbLvaEBz8MojhboDYSmuityXo5KOTEu4FJxp9j105UUMsChQpkcviDgAHsQ1I1I1u0khRDgXVCOyMYQykqa25UVrkHM7XgBZSdh7NYWFPxifDidTjUbqRobu4eRtbNAAF+4liOIBIEAHAMz5IreRR4j/Ry6g+pFlfdlPIo8R/o5dQfUiyvuyoIdK0/EhbRf/Djrn/6g43q0Jp7Ewzqdx1RLsNsG/EmNYgjDWKGF15PBZxNjF08qKw2kmp5MmQTy5xUWFpaVzxBEQEFHJHlhdW1AgkpRI2fOFwBI8Woq+m+xqibv8fZ1Z5FHiP9HLqD6kWV92U8ijxH+jl1B9SLK+7Kiqo9IO1xabDZ85yvp5ySQpqk+FBvF0bbyT9YEhNgYBGdxwsSaTyWRW9KLllJFZjqzOkRW0vKMYAAroKgm3SwzQimnhmZk7+cpusPHLGEBzNOV3q44z2Jl5mRAzXjF4DHW0BGMvlvLDqS3+7Vd1PxlJhKNCbfRDaopuJGOLx0ElmAaKIx0vmIKFRlI1kp+B5FHiP9HLqD6kWV92U8ijxH+jl1B9SLK+7KhRI3SWNFI7TkuR84Q5AHZquqOAi3bbwtrUB6FNRy5s+pXSQDOEiPVUZ7kWSeZ23ci92wx142p5ZYBI5RRMZ4A3nbyIxTs/u5pWFH/H5s00ICWpyGZCkd2CsYcuZ+0AOFLMLiyZihbaJcZTTHU8SRhugJLhBGIXLtk+uZJ6olqxlNUigH5PkUeI/0cuoPqRZX3ZTyKPEf6OXUH1Isr7srP3y/8R+k/FTx4PTeXSlyy7rBufrstRGpsnYZPn6U1h9za7VySmi2HA3pIRnO7lRpPIZ4JauuuNSSUdqpScEKmjYjplmCXXm6aut2agjb3k9429XGixNiT2lrvnhma9SZtastFIWiz4UWI546TXHKUNsZXTlUgfYptWcS1gXNKQmRzuyciiNhVLm0NZWyZt7T19/UfYSrpvLiMdotGjKva/kUeI/0cuoPqRZX3ZX8y4T+I7LHLG/HLqFa2Vr43vjCbMwyta9uxftc8E3HLG/4fwZY3tljf8Nr2va16zlcq+iur/De5uOyWuKqz4gjdqRt0IoiUOLW5NkqPc9tTFy+As4vorJTBeTzc+LnSbuYJooq0sEyCekYivkRNOlRDppsDIW3amXF4a+9Up9FX/kUeI/0cuoPqRZX3ZTyKPEf6OXUH1Isr7sq0ClAVf8AkUeI/wBHLqD6kWV92U8ijxH+jl1B9SLK+7KtApQFX/kUeI/0cuoPqRZX3ZTyKPEf6OXUH1Isr7sq0ClAVf8AkUeI/wBHLqD6kWV92U8ijxH+jl1B9SLK+7KtApQFX/kUeI/0cuoPqRZX3ZTyKPEf6OXUH1Isr7sq0ClAVf8AkUeI/wBHLqD6kWV92U8ijxH+jl1B9SLK+7KtApQFX/kUeI/0cuoPqRZX3ZTyKPEf6OXUH1Isr7sq0ClAVf8AkUeI/wBHLqD6kWV92U8ijxH+jl1B9SLK+7KtApQFX/kUeI/0cuoPqRZX3ZTyKPEf6OXUH1Isr7sq0ClAVf8AkUeI/wBHLqD6kWV92U8ijxH+jl1B9SLK+7KtApQFX2PCfxHY27FuOXUK/Zvll/ChNmZX7OWV8r/hyTb3ta173tjja/a4Y9jDC2OONrW/vkUeI/0cuoPqRZX3ZVoFKAq/8ijxH+jl1B9SLK+7KeRR4j/Ry6g+pFlfdlWgUoCr/wAijxH+jl1B9SLK+7KeRR4j/Ry6g+pFlfdlWgUoCr/yKPEf6OXUH1Isr7sp5FHiP9HLqD6kWV92VaBSgKv/ACKPEf6OXUH1Isr7sp5FHiP9HLqD6kWV92VaBSgKv/Io8R/o5dQfUiyvuyvmHwq8SYWV8geOrUYHO+Agd8wYVZoWdwhg8gRwr5Bp2OVwhwRBABwr3uGMAIICLjmEJnhlZ7SgKv8AyKPEf6OXUH1Isr7sp5FHiP8ARy6g+pFlfdlWgUoCr/yKPEf6OXUH1Isr7sp5FHiP9HLqD6kWV92VaBSgKv8AyKPEf6OXUH1Isr7sp5FHiP8ARy6g+pFlfdlWgUoCr/yKPEf6OXUH1Isr7sp5FHiP9HLqD6kWV92VUDzn6R7+TFAPIXPcx8hjgY2nsLQnIj/1/wBRtZ2uLHIj7DbjADVgAtn5CPGTSs8iOLoLnCaqyy/h9tOBKKkV1GGj5UNjpBG27g+/FDcdP6KMT/q+BQb0Vr2ofoeRR4j/AEcuoPqRZX3ZTyKPEf6OXUH1Isr7srPFqywdOuZx6bnciXLjKqOq6xIu17+1Y0Xg2V9i1+CIOj+O4uTUM0M900siP6Oyy/Ib6KOlHyVVERVGHssp7hNClTIOTasgX+8VOkqxpOzZebTE3XWdr9O5BewT01JZDixu8zeuzJHzVQ1Vht2dcpEeGUnMkzfNIARSQaI3CbfMoR9RC7/VXQuj5Bn2cg8ijxH+jl1B9SLK+7KeRR4j/Ry6g+pFlfdlQhVeBSK9nNh9odleWGS1TdXF9PRRNa4R7Z8S7EUU6pwqUuoCJbUbKAzZEQQLuIgnDEy6w7BDeBY+ZSx3SMSCcq2tqhqLfAZsy4oq135drK0pPqfNEtBtlp1K6kys8XQZeiisQdFyA8HUutFuSCpZCAuFtoLSb7LW0Q0XFySARHmZPJoJNKUShIux88tYdb1Z2vPwjwLgvIo8R/o5dQfUiyvuynkUeI/0cuoPqRZX3ZVBXFLxfRrzOa0rnJtyzGJE2Kl3bB8yaqQg1flblJiMXWSJ2s8VthoKXELWZLuQCiCdu4GysqCYOo4qifdvlGuZzTR1dQdSw5Zi8EsxznCm1PJBw77Byw8Juz0VerNeGtUjyOrCr8iKOuUoJ+Cw3my6Fs0Jc0fDazfW40U0u2djOCaO9FpCTxiLaRmykk2Zn0WDO/uHrnjcsv8AIn8R1sr5eTl1C7N7Y43t8ibMvj2Mb5Xt2MLpva43v21+2yta2WVrY2yve2GFsf75FHiP9HLqD6kWV92VaBShCr/yKPEf6OXUH1Isr7sp5FHiP9HLqD6kWV92VaBSgKv/ACKPEf6OXUH1Isr7sp5FHiP9HLqD6kWV92VaBSgKv/Io8R/o5dQfUiyvuynkUeI/0cuoPqRZX3ZU3dhkaanHBsrt7XF1NJiTsvMRxIsUvl9ETaq1GW9VVPGIIruWEokSURlUNtGDFlosmZkDZRROkixNQAEIDmcb5tF3o6Wmsf6SSLLm4kmSc+99mtEcgy3KHIsb2Gm8g82hJ6K3lt2DvNqiKD0TW6XZDHHA7kQJuJqiG1VEIZG1vPBWGCHIgr6R81T4das1rbvIo8R/o5dQfUiyvuynkUeI/wBHLqD6kWV92VXlxTTRyEb/APR92M5WnMSQzd1Xu1JKiSPNlJVLKypYVNZ8srceFJUWMk5OU1JYfKYxEpUS05xjk1QRXkJCKOpxXPimlWwsYtoeADSTVvjWm3Yx6P8Al4jyBQXre9ZrXuQq2xs4E5PWtiWYyTrqyWS2ag+w0bNsOh9kgWwituyBi5jCKpES5RWEf5jFyDPD+vvIjw/r7yJdV5FHiP8ARy6g+pFlfdlPIo8R/o5dQfUiyvuyo76CyRupv9wTQi9CUwloZ3MnTXhXbCfP6+2BVgyjKye8nBH5CYhEFOMpFh3Y6WEhAvVMUCWZQiWdi6TXS5LIgBgQzpy5G+F7R3jk4rZG2uUZUlFtcj8RMRtOlJ3vx2ImVFl2WNoBz6QIOnIqcoyCYSRUx+r11BKSm4SRTLgQmvfw0YWjCykrDnMgaFfIo8R/o5dQfUiyvuynkUeI/wBHLqD6kWV92VUZyW8hm6kRcHug5lsKaoxOQfkQTNT9erucADxZdzMfswxwWcMivQiVCBL5s92KIpHBvXuSJAqbFXH3Y6jAJysgkjBLjm1/R1tf9bdFpBnXT9/T6xOSXXSKlqbkrcchOUr3kubJFjRvjPF1o72SDrxOtINKknFGUEpJT0lJS7t9QNoohtTU04JxFnA/zpddkVHHv1bdpIrly3kUeI/0cuoPqRZX3ZX8x4T+I7G3Ytxy6hX7N8sv4UJszK/Zyyvlf8OSbe9rWve9scbX7XDHsYYWxxxta3IOIfcta5AOODVPa514ksH3JEfmk6SfBxYAiSHkuOnOvxlICmTTC/8AEpJBedrPVnAmJQdu5kExVJFwr5g4BiZ2Q04HBV/5FHiP9HLqD6kWV92U8ijxH+jl1B9SLK+7KqC6RLsI+mvtDxi6rSrP8j6k8dGzD+fBPbCc4wcR2P1NaNt7NBDQI1dMqEQrjsVlnAlEOy9mKbJpJlHcKw518FQTmJ26dIlw9HA4pZAiYN16ZAPnWiXVNC8NQ5ufrxsnN7ueKM4MgchkV64KqjMKw3pDSB1LAA0rFsTpA4okbGijcdLUODAKxMPdK4nwT08ijxH+jl1B9SLK+7KeRR4j/Ry6g+pFlfdlcb2yjmWoi4Tdy4ynScBdk5UZHHZts3nXOZpilY3UZIFIQPJYaYvrLQJOR2lSC9dF8Gk106CvG7LquUOr+QZIRTzIlsxEjf0HRt//AAvR/wD9TJLoDU35FHiP9HLqD6kWV92U8ijxH+jl1B9SLK+7KqW6NG5FbXM1vDxTPZQNiHtWZPamwMCYrA/bn1TWfaxopEgtgEj2uOIRvBtHzJJYc5sHGwYbmkwYrbLK4dwS3UHShHSq7OPTVfjEaKgcCTjLD2F5CtkbpgtwTKXEOrsQSMrMFPPih9nLBMf7lR36hFrjXDCBdSU1R8LZmLADFA4g+V+Zl5HkUeI/0cuoPqRZX3ZTyKPEf6OXUH1Isr7sqD3CGlzqt9Hb1ZSdZHUwGRsAoQZK5aI3XKSGpuSPUN7CTPKHgc660dGFwUjCViLa4Yg5YBT8HiiBKIyE4QCgqEo07SZpxsPqpzw8Izi2o3il/ducpzdWxbifDgeZMg0IoYQrVjvIuntiD4qSRDCUwW7bNyqd1WyeOUJrw4BFRBbzeGubKjgaavIo8R/o5dQfUiyvuynkUeI/0cuoPqRZX3ZVoFKAq/8AIo8R/o5dQfUiyvuynkUeI/0cuoPqRZX3ZVoFKAq/8ijxH+jl1B9SLK+7KeRR4j/Ry6g+pFlfdlWgUoCr/wAijxH+jl1B9SLK+7KeRR4j/Ry6g+pFlfdlWgUoCr/yKPEf6OXUH1Isr7sp5FHiP9HLqD6kWV92VaBSgKv/ACKPEf6OXUH1Isr7srChxaaeasSl0m3d3WOR4Ail7a9MiU990poQy5Wajq0dttNYUtKaSyiKM1zZYRMIFmsmBBkEMEADDBPK4Ygl7YYWtavTvrzoeHf+lw8g354uSX9tStUX5TtCL8pyqObHvIo8R/o5dQfUiyvuynkUeI/0cuoPqRZX3ZX85jOQoHjE0CmTaggjpjlkFLsiMOHGws5DWR1yVn4fskNrJYDLjFjBpDbRWyq919OLHCJtWQmupJZI+SOnC5oKrvUXgUa+0EWNLZLmpkOat4tqJhQk2QnDGz6l+R2ZCMAXdJINYJRwwo2jJzMxGJHWyUULprhwBvizQlrE4E2GyQAK4KqnSlovkUeI/wBHLqD6kWV92U8ijxH+jl1B9SLK+7KirFHD5J2jW2UUSZxo7OOCEtPjwhkhsxo5Nbkk2cogXUnEYn3stQRg63"
20:08:59.934 [Test worker] DEBUG org.apache.http.wire - http-outgoing-0 >> "OqL8aPcyWzULirOblzCT1EihX7ksNK6uyT1EXSitaHJtryZahQ8xxlUGRA+P8A2ylSOLog4wCubfUDIkmTe3URNzA/jPCDnNx94rkMscg8gDq0XNBjFxS4Y4TMcesuxqH8ijxH+jl1B9SLK+7KeRR4j/Ry6g+pFlfdldm8YG3ZPe7QDVXakM2WNLcpxMgjv7EpYPEuSlZr3HZcsJoIQWOFgixCR265yxLDIIHLIjgVG7iHiLjjbBVyHOlU3T5bUTkDwUThyJIm5k9KONPXQwCNcwiKiJChpwvGbTpQxe+OBgmakQRAeTeMFccgBk+Qz1ssuyEGObYuI/1Xdi4j/Vd9xHkUeI/0cuoPqRZX3ZTyKPEf6OXUH1Isr7sqinm+19h7annm4VNf5+ZRSRYgkiP9hEx7Ms8prqMVXiKYkONwkS4yk2lRFXCuICwkJx22aeqFBM8i2IQmeYAgoQk7Zs6NRxhFI5eC9q8zZB0cnJDbayrR9sLB+wk7t5ZYjkTE8weR1hXJL0kLqAfbxNRLlTK/hinkFrNJBNBpDhQzmYSgAzHGY5OnyKPEf6OXUH1Isr7sp5FHiP8ARy6g+pFlfdlRW6Nxu1Om+HF1Hcp7GrZx4yoxpDkCGlaQ1MIMNXkZLZIqQeb7pXMwQgQDq6GjOIm21lWwDuOtqLeMrKkIMrn1AYS+mgKv/Io8R/o5dQfUiyvuynkUeI/0cuoPqRZX3ZVoFKAq/wDIo8R/o5dQfUiyvuynkUeI/wBHLqD6kWV92VaBSgKvseE/iOxxxxtxy6hXtja2Nr5QmzM8r2tbsW7bPNNyyyv+D8OWV75ZX/De973vev75FHiP9HLqD6kWV92VaBSgKv8AyKPEf6OXUH1Isr7sp5FHiP8ARy6g+pFlfdlWgUoCr/yKPEf6OXUH1Isr7sp5FHiP9HLqD6kWV92VaBSgKv8AyKPEf6OXUH1Isr7sp5FHiP8ARy6g+pFlfdlfuciOvO/Oy6ZF8b6cbltzSqPlM66QtjpGTY3zfM7H26KAheKqZCqmcPkUZpHRsw3KXX13I2iuFNzNIaogLV+8D6QpUd9GhifKB9w+eCFspBkOV7xXthErCtJUsuC7qkp74tjOfUnFyPVxXALXVnAp4lbGD5vuAVsxMu1xx7GNr3Auo8ijxH+jl1B9SLK+7KeRR4j/AEcuoPqRZX3ZVWvKg71neHlc1g4jFyV3bE+njU1xem7m95ljvk7G5yTmQlKi02mVFLueqcdSj6KwiqujJSg7wQlIoROJT6DVchgV9rt1SSO1tQeLbTmHNv4z2P4et02pEULM1OW23txqTF8oqe1cOz0RPhhk22bUbqc8K5mJH2h5+ERizuzCc+WKgRSM05CIhZvMs8Ec2xh/vjFTaZPTyKPEf6OXUH1Isr7sp5FHiP8ARy6g+pFlfdldfcjPGZIHI7N2tyJJuxK81+P+NwnGs7AapsU88mQ49kXecKqeDaAd0jtFyJBoNjIZkJu2ybuJbA3YsK7B05SILakiLCDTazIQivjQ6QvpVqRxnLDrZ8LT/A8wOPdvU5Jk19SPF7DTW60ncsx7KyukvRyO0ywHSrraeiZJxo2oFDOYZdOSkkMmnSMaLLgF6fkUeI/0cuoPqRZX3ZTyKPEf6OXUH1Isr7sql+dGquc0nOLPGh0vPh/EuOTjhiNjLcqwwwHo4mKj7Ez1JiUgrCcnyOqtJUSF86hpYDhWUnEENSLDJFozUSzfsmGHstrOfEZMhsjwGcrXHdjqG5H40+PXkbkU5q9MerTgfzvfMbxvMSooNpEYUhsTN+Lq6oNodUXHqhLAxjv4+dKJrWfqNmogN5yJaWjNtX+Zd5AjyZ1dWluyJOMbFVHS/NGtO9QI30YUtW9aYagI++nvOxF4nIrYiGzjDmJoKDGA6MWWRUcqWyPgpgyooikgx754l8zpnIO1ri5dnXdGfC9xNKcbx8pKHHdqOdPqDIah48cMwozBTBs4bQSA5kyOLmmXyEGHGEzFFEyvfLPPPLK973ves3fTiv5KuO384Oxv6uRDW3qJf5Koy/N8zP1cTaFIAeRR4j/Ry6g+pFlfdlPIo8R/o5dQfUiyvuyqK4mznfpGW522Jp3z9LsHcRmm0tqUCM6I4CealHK7txIyBmJdcXJIfSAKErnmiYIApjsMohjtQ0duOtjI7XJpTpydbzFnnK/RutIm0wlZc48hZU4/NsW+QzUYp2GiKfJ8OGgXSnB5DpSbJyK65FdRJ7MhZOYBk3YXEJ4LxhMMG8SijlgIYIHX5zll3aI/Jwn9ck4fIo8R/o5dQfUiyvuynkUeI/0cuoPqRZX3ZUM+XBubDNHo9O3LX2skNiSzPyDrkWS5GkqN2ocZDUeqsUfjXCAXyzXOGjNktRPJ2JPNesQwTkc4uWUD6KgtxKNE0BNrj6Lk41jVd/T9xtO9QOZoT/gHVfk01q8JDZC5qbD2ShWM7zIRTRTGOAmaaynqqslqghA9vgOsJrsUM8biiGThxj9Vjb4GO6fLKr0S7F9HkUeI/wBHLqD6kWV92U8ijxH+jl1B9SLK+7Kq26Se6VSfimi/FCylE4Gs7vz3nIM1Bo418lFN1e1hTM5MkUyMXxvjiCKMdKknU3RjWeBc0fjRQLW7F8BDBWtjSb+hgbA/mz2y/by4qA04eRR4j/Ry6g+pFlfdlPIo8R/o5dQfUiyvuyqcuLzgB4idh+NvSmZZc08RnNKUra1RW9329yssz42FlZdjhapE+rrgd2nKiGTSjRo6MIYsGjlCBQHPLtQC4YVrB2/C0xtJfGHz6gcU0YTvLc06RbC6mH9hGTF0xvpVk1V1ldaYK9RQkhsOhayHVUtFFzjZaLho9sypRRRJAbBlewWXKjAuFQb2fqGbDf3O3M2nKpdV5FHiP9HLqD6kWV92U8ijxH+jl1B9SLK+7KtApQFX/kUeI/0cuoPqRZX3ZTyKPEf6OXUH1Isr7sq0ClAVf+RR4j/Ry6g+pFlfdlfzyJ/EdbK+Xk5dQuze2ON7fImzL49jG+V7djC6b2uN79tftsrWtlla2Nsr3thhbG0GlAVf+RR4j/Ry6g+pFlfdlPIo8R/o5dQfUiyvuyrQKUBV/wCRR4j/AEcuoPqRZX3ZTyKPEf6OXUH1Isr7sq0ClAVf+RR4j/Ry6g+pFlfdlPIo8R/o5dQfUiyvuyrQK6c2GRpqccGyu3tcXU0mJOy8xHEixS+X0RNqrUZb1VU8Ygiu5YSiRJRGVQ20YMWWiyZmQNlFE6SLE1AAQgOZxuBCLyKPEf6OXUH1Isr7sp5FHiP9HLqD6kWV92VUiu9HS01j/SSRZc3EkyTn3vs1ojkGW5Q5Fjew03kHm0JPRW8tuwd5tURQeia3S7IY44HciBNxNUQ2qohDI2t54KwwQ5HuHimmjkI3/wCj7sZytOYkhm7qvdqSVEkebKSqWVlSwqaz5ZW48KSosZJycpqSw+UxiJSolpzjHJqgivISEUdTiufFNKthSZH/AAI+sPNEs0XTw5Yb5FHiP9HLqD6kWV92U8ijxH+jl1B9SLK+7KpV2h4ANJNW+NabdjHo/wCXiPIFBet71mte5CrbGzgTk9a2JZjJOurJZLZqD7DRs2w6H2SBbCK27IGLmMIqkRLlFYR/mMXINZFoLJG6m/3BNCL0JTCWhncydNeFdsJ8/r7YFWDKMrJ7ycEfkJiEQU4ykWHdjpYSEC9UxQJZlCJZ2LpNdLksiAGBDN46+x46+yRHkUeI/wBHLqD6kWV92U8ijxH+jl1B9SLK+7Kz1cjfC9o7xycVsjbXKMqSi2uR+ImI2nSk7347ETKiy7LG0A59IEHTkVOUZBMJIqY/V66glJTcJIplwITXv4aMLRhZSVhzmZRclvIZupEXB7oOZbCmqMTkH5EEzU/Xq7nAA8WXczH7MMcFnDIr0IlQgS+bPdiiKRwb17kiQKmxVx92OowCcrIJIwSmQdZsm265pMg6zZNt1zS3PyKPEf6OXUH1Isr7sqL+73DzxYsfS7bx6s/j/wBU227Whq/Pzoa7iR4bZ5FXQHE34odisiLSUdATcRiaklKZQqeImgcsRS5oAIYPK2eFr2gTtf0dbX/W3RaQZ10/f0+sTkl10ipam5K3HITlK95LmyRY0b4zxdaO9kg68TrSDSpJxRlBKSU9JSUu7fUDaKIbU1NOCcRZwT3g/cta5AOj0PTa514ksH3JGgOz6dJPg4sARJDyXHUfynGUgKZNML/xKSQXnaz1ZwJiUHbuZBMVSRcK+YOAYmd8ZD7yBfeN8rkDPF0SDQDSTbjS7ZR67O6sQdPLtbW0ArXb7ilGPkB3q6O3cYojxWsip51XKGBiqbZTUT56xULLELvo2ON2vbiZXvq88ijxH+jl1B9SLK+7KoB6Ev8AzB9r/wBL4f8AYxF9bPqAq/8AIo8R/o5dQfUiyvuynkUeI/0cuoPqRZX3ZVoFKAq/8ijxH+jl1B9SLK+7KeRR4j/Ry6g+pFlfdlWgUoCr/wAijxH+jl1B9SLK+7KeRR4j/Ry6g+pFlfdlWgUoCr/yKPEf6OXUH1Isr7sp5FHiP9HLqD6kWV92VaBSgKv/ACKPEf6OXUH1Isr7sp5FHiP9HLqD6kWV92VaBSgKv/Io8R/o5dQfUiyvuynkUeI/0cuoPqRZX3ZVoFKAq/8AIo8R/o5dQfUiyvuynkUeI/0cuoPqRZX3ZVoFKAq/8ijxH+jl1B9SLK+7KeRR4j/Ry6g+pFlfdlWgUoCr/wAijxH+jl1B9SLK+7KeRR4j/Ry6g+pFlfdlWgUoCr/yKPEf6OXUH1Isr7sp5FHiP9HLqD6kWV92VaBSgKv/ACKPEf6OXUH1Isr7sp5FHiP9HLqD6kWV92VaBSgKv/Io8R/o5dQfUiyvuynkUeI/0cuoPqRZX3ZVoFKAq/8AIo8R/o5dQfUiyvuynkUeI/0cuoPqRZX3ZVoFKAq/8ijxH+jl1B9SLK+7KeRR4j/Ry6g+pFlfdlWgUoCr/wAijxH+jl1B9SLK+7KeRR4j/Ry6g+pFlfdlWgUoCr/yKPEf6OXUH1Isr7sp5FHiP9HLqD6kWV92VaBSgKv/ACKPEf6OXUH1Isr7sp5FHiP9HLqD6kWV92VaBSgKv/Io8R/o5dQfUiyvuynkUeI/0cuoPqRZX3ZVoFKAq/8AIo8R/o5dQfUiyvuynkUeI/0cuoPqRZX3ZVoFKAq/8ijxH+jl1B9SLK+7KeRR4j/Ry6g+pFlfdlWgUoCr/wAijxH+jl1B9SLK+7KeRR4j/Ry6g+pFlfdlWgUoCr/yKPEf6OXUH1Isr7sp5FHiP9HLqD6kWV92VaBSgKv/ACKPEf6OXUH1Isr7sp5FHiP9HLqD6kWV92VaBSgKv/Io8R/o5dQfUiyvuynkUeI/0cuoPqRZX3ZVoFKAq/8AIo8R/o5dQfUiyvuynkUeI/0cuoPqRZX3ZVoFKAq/8ijxH+jl1B9SLK+7KeRR4j/Ry6g+pFlfdlWgUoCr/wAijxH+jl1B9SLK+7KeRR4j/Ry6g+pFlfdlWgUoCr/yKPEf6OXUH1Isr7sp5FHiP9HLqD6kWV92VaBSgKv/ACKPEf6OXUH1Isr7sp5FHiP9HLqD6kWV92VaBSgKv/Io8R/o5dQfUiyvuys2PSpeOTQ3VbjIQpO1u1GgKEJDH2giprjPONI2bjUcQrdVWlJ5tSRc1RKJFzWSaeNJacOZK3E7kMKSLZ543uFj2Nx1ZQ+mR/ij27+l9DX6lS9QH+vAxxX8b89cR+l0uTRpFrVKEnvRkPU87X49opaq+6XEcIy7IaQTMq6wfICmzoxZLTiJAEQcTLLAqUABxvbAPG1rd/Io8R/o5dQfUiyvuyugujffiS9B/wA3z/8A23SfV3tAVf8AkUeI/wBHLqD6kWV92Uq0ClAKwB8+n9Ka4V/+HJ/1FJkrf5WAPn0/pTXCv/w5P+opMlAb/KUpQClKUAqrfm2ZC9IfEjyGNltFjB1YvqzKTgAJlMBBTRsuzEMV5qRUqADhmMYMmExAOAgFQsMxTQueBcPHLMTG1WkV9NQTyCuQPJSqRKKaWpkzKepJqgWBOEFAgdBzLHCJ0oYwELmihsuKIAZLDhiAjgiZhC4ZYZZY3Aq04Nn03pE4g+OxebJoscTk7ViMGKaFK54ZhhuGMEbGNnYVzvhe9rGSTpaawUN4X/h4GgRsc7Wzteqo+G1dQnBy8dI42MxW01FiJvTTEMbqD1UlEomtYFYiZPl1MkdRMLZ24SOXJM/Jr5n1lSNmgyhAkrFzgwmRUbMbHvxo8GmzWroUkxjxv8tMyaYanSY6F91i66K+usX7Ejxoedol83GTg+WHw52+7IwTxcBBQknIiSUldPF7gsnldYdAN18WzTQXjY1y49NWzGrEWJ6s9m27FFzuaZXjJopJxvCcHu+SACW83TIY2JMsnqGSyklSaAEkhEsCJRvECSeLY8a7+UT7v/O/GgSDLqiQpL3LZCA+rPAXwjltenGkxxCEVbZx7Mhl0mw59fTsb88PEwXMqB9HUScXzYh9gRmFW4slFUmEajZRQ1Mq4AFMwsKJ1fxOmb9DdF4kCQg9btzdUXQ9l6TI/wBGd6pi1zgl8uE7dTOCRQ38iOSO1gFHs3xMJyIdBPLSWAH2C6WmuwojpuBZFT0okU7BY3CBtdq2231BvHpy7TBqVqA9HG5nElQE4dbIv2Cc0TXepwQ66kmFZxdzsbTxYCYZFMm80jLBMVVRHPjiOXwkdehlTc6lLSLOHeLtctACmjGqewOwutyoWfZCYzuzkfuNDvNjvmomrpS4ce0hCqCGK3XYiuAdCQ0JyMjJNTUlWZKMntUQ0GCGOdMMzP2OuzJrf8j8ENelkuBJRuFCfU1ROAFTjtkvXpvoIAwmOAiirFpharqGJlcb/hGHwQ2ytKGQeP8ACsWIGBr/AMELKu3+RXZLWrTXi01pRNudWEfcVTkZO1ygSKNT3M2GqvgyZsAcYJXNtpJyzzSF5KaYaIMhKgpl3WQ1VRRTdyhFMTzioqlCo3B13g8nnaGXYSenKJybv/fKI9eXsnyVHeuaPrNFGr8aLT8R/wCClrssF46cLjBkfEIHIYqYLipaGMInnFRGJHU5BXXAkq1gvJ5xsRjyeQI3YffT5ekSO+NZObM1wrMced5ZuuMpUaBZUJIy+AQULYFVtKzJrJ8BSRBTSdmYzuSPkVRMVkxOUCxfdv1tiqiPvD6eZS1y7srlPeXD9uK6NnXrpNAcZJMGFlVT1agiHZElh1gpKa4WwdR2irbFPOWmo00pYbpgsmhmTrHgs6jBG08QJDUTZPEqpiQj5TExNePDB0ZdGdqeScyQ6pe4tkxzJa+VAVk5wpq5qmEVWk9aJHsByymSVipoyXUSpwMYA6AYGCMYCBiZ43uXnziI303D15kfW7bnmMfD+YTyZCg3iRCItOIigEssuWwGF24vTOK3345XPJbZSFQIusLEdM92Q8gu4wXCKLBmyfa5W/L9geFtRn7TDjA1HVNnyyAZ43JG1nfAUjlYQEPhTGna1MIePUdAyZokwFco+MuRI7xMHFqzrewacbLD3CRzgRrAMqzL8DjETlnppNk7B5+EJGB4V9+EMulJ5ZGSYCDwS0oqTLlk5NDQXQ1DKKCQJABhligKUMQJZp4JcMMIp3qBYDDDELC1v1dLNmIn1G4MNK9m5+dNmvFkQccmqrpdy1mH32eFLloLj1OSURGJXECzVnK5FcyltpsI4YuA6wvqiYmhZ4imscrTB3+1Q+fNprsJqR4+/Jd8vDBMsf5QPFbx28Ve+VFPP+FPFTxjaPhztO8O5d5eMiP23de6d949z7TOsfdvhJd+3fF5p3xmoO414gb2sCLAiO75LtAWD8CmwCA4pFjtBLKkeDzK1ibaRVRbzLPoyhnXS9SoCklI5EQQ93hioiAQ11/0x2R51pSi/kE5PE1Qi3RJqLJOSdHeNoAznmVdiSJaw7Sm/Z8x3MENxGHMjChH05tCgdsvIqlkUCBbDAUFRFkfUM7ZPjCOD7ORH3IbCYam/Vss1GAkO12t5rn3o4zJgkRJttnJ6yoETDiWxzSgnlCyOignD4pg8SLhFshDIGGdG5Xjm5ziJYuSJdIiAJkyYAJUoUK8Q+nBcsVLFw8QgC5cAJ6YBAAABYYBAghYYhhh444YY4442taWW7fFmz+QzUeFYG2amV7HZ9gz5OXuzdxovQ0GLp"
20:08:59.936 [Test worker] DEBUG org.apache.http.wire - http-outgoing-0 >> "IS9hGQ3CSYtTI32kj5HG41iL7WwTq+sR2km7JCR30QBbislqzabbhTGZkKjJP8oUMcwejBPh5XXLzq6VSM4FCbG/NqAcnSK9iirPmpmvllTQ/xUleQIrczuahqSoZHutO3FMFwY7uLCAMw0ZKoxlGwRsS6rsPYbtKP5jsx9J5U0RIPRqN12kiR7HHE6TKONIJrBYqcxxvfHE0XBOYBGMcb3xsLhna1+xas+j34NtmttD8XM/k35YJQ3X1mip4IL6Ka6NnWKJdYUmQ19sd1wRrTC9WA5XItSAm5FRRCSmXGIpZ8YEyfNo6ohLR0VWtoxAABLAgliwIRcuXCDAAAADwCBABCwsGECCEHbHAMIPDHHAMPDHHDDDG2ONrWta1Ivk6fqJpURfJ0/UTSp/rSlKAUpSgFKUoBSlKAUpSgFKUoBSlKAUpSgFKUoBSlKAUpSgFKUoBSlKAUpSgFKUoBSlKAUpSgFKUoBSlKAq/5rvxR/I1+iDN36lKdfn8H34objq/93/4KMT/q+B/82pYbr63fPD1H2N1Y8c/k7+cBED3inx78XfG7xS8ckQ0j+HvFjw62PD3g3vnvjwX4wo3fnadx8Ile27rj9fR7Wf5mmoWumqnjt8o/yAxQ04w8fPFvxP8AGzxXT8CHhzxX8POnwD392ndfBnjEs97dntPCBjsdvcDIZ0W7jB06nrTqY5H27hpkbKy9Guzsua9hsmc0YnIjMhJMbCQyF5cSmtHTpwUmyiOt2uF0H11yPLwTdwnggUJOKnygKIJ3zL3iZYiZorz8cnXG1rypKhHTUfXlhbXN2JxVlRW2/CkqrY8IBmm2gYqJs5kj4LqZLbgMhA2zCOnmiiMYipiqniyRPVO998MEwRvs5POz3GfyIv7j5WNqF27z2Giwxr9Ge0EMvGRBhTplRkFssaRltsgMh0rKkoqC2qKJc2rjCq6mqYFcybfOWb4Em+NnirYHH0pznLK5L8ibR7abRuIk5th9nZZLphBzPMwl5nBElvtdspORkgxWUnCnRzADdKqauLkN3mWFVM0RCayMgE7TxpWkJi7rCK1T/nR9W2gyNunIt1dONPeY7Xo5CzwmZwuaNmrIJkRRcer81oRY4jv1LbR5LNNp0H0QN3NlSGT0l3BKJ1lvBHUS4YxlGUjaXbsFM88/mmDmnxDgrnt4J3OqNaTwtMdVZcamr0jsGNGdGCousWe4IkOzeaLta8boyK2R3iRMOBqHMlcmlDrqs41V4YrCmrXKJg1rJTHCROMATlPkucXnJU/9Amrs68T0kS/BitrdFe00S4yIqZmBVN1xmgSKvtfGODJ0cyKPmAU8L3wwuXRsDFmqlIDdR5ncafFzHXHSnzc7LypIex+y20T2LSHsnsrK/eADvkpxJ+SsIkEE9DS7ip7UaSKYX186loIR1XNhHFw9iZWjSeWRE5HRv9aumlERV0jNpGixtCqb2VdKtGvo075b774T9IB0E0WGza7XkdjLxUDPC4yY4GpMshpx0qeCxvfIuZNF8SayFgLbHMcgqkjtrXCNB5ZQ44+c8ZM6TlzYyu0r2UWRHUEazwi4Fgre4hLB/ZMiHiRpKMCh45A4qCerRI/EjIEQWw+GaEbx7n/AFxC7/TuECfNaX7NJ/i75OpG0FhGf3iryI+tcT2tkVbMR41nw4AQSy0uQqM/3C2TcUWNFwAQASxEFZzALFkwjmaMJrfbZFHsI42eNSGeNGJXgxI6cr3lORpefqrLOwE+yofAV5PmmTlzMUU+43KfACDDLECwhg5dFRAcjGJIRQVVNQPrDjXF9eVkc8Th8/lj7fWyv3r4k1i1KUoBSlKAUpSgPpKammoqaoLCwoEklISSJtTVVRSNAEU5NTSAAho8oHzpoQIsTJEywQpg0aMChgFwAxBhRMA8MsrZJHGe2N6S6/wB0NBgu91608G8YyEaajnfKDYVFmfkQdbGVgslcm1cjhe92tB6YrFgwyhtRKmCnfwAB1XSXG9yw7ZiLRhvlrU69x9PNgtWWXMA0CrU8x8oRqNKxdn5P4ZstxyGiZR6F8Glg7WLkr+MrOuvNPK2LqSbksFzJR7c13n3iapYgDhz5edW4aj3X2BOfUlHcPxWgBNlhswhxOaqqwCIjhmTB3MIRXcckLLgWDps8cNqCkrrisprCoomzR9SPmjhgYfNmbjP9ybKX5NZrQXp5r6nNhtEGrC2u+u0Yi4Fi9hfBrUj2NI9QRjqgoKB42KMP3mkoycbVVtZUjJpQPDYnVZVOHD5kyZFy+pTB2K6TI8y0iyYqPbWng6Yz8HzjKJkwc22pl5BFhiropbF7vw8DfA00okLL6aNYgSDEzzTzRMQiglzj5I5SCybXJ+43tvNpuMKUtCJ/5Hh39MkvKpYq8NvSuqLHYBszHJd9ITtEj0GDo0kpnNkAA+kImTMVVwJ4BjqiIqKd1AgZuYyAqKcTcTfMtBcXx5C8TdIEJMuMYpZjbj1gNNP4k9STRRvNBopJRDQEkM4qSAeVT+RNNJFwhlFWPn1VRGxEPKZ44fMGDIoPF9Zv18l9QhyFtZ4oQyJ5UjqDIWjFvNxnIV1pXb7Aj1ktpILEm610AsdVzaYhoycTLAkEhJJ5GAcOxiXKAY5Z3wxvn95m+IyLdgUKTeU2HpkdrP2411h5QnOIVJxiMKadaVrCGWGI6UombiKT2m82YTDcyK2we8ng3si2JBdHIO82SX7FMiRm1JU0XP7B6Arej/IhNBjc9UkBsOFuS5ORCMWfr2sPEyO+1F5MJ0N6PWGOtNBhuWMAw2aWbpxOyUyh5aZJFyrBE2MqKScJVGb4Kd4VqAgNInJzeTyp6GhtwvGw8MlNWYZTJqOwsWLBpgUTm9ofGY46jTdsgh+L2YRxnmk0y37+LJxFMtPDBv4uAkGZPhOI+ksVU8iG5Lp3E42ejxcoMtoia2CKHyKw4sT14MLjlWumLTMfzrbTpdYRMfMzdHaq6oQa5llPBOGxwkoqupyRkeNiCAjD7Ity303Yy1A2mkd1nC5JrsfXSaXYuGzImGAGCUhRw41M32cs+zjnkKCXyCBDtbLIcUTAIPDPPPHHLoeROLnT2SuPkvxlrbBOE9XkqOkCPm0lpSp3J4tUVqmS6s3X6iOg4WPCYyGnugti7TDgUCZ8BcXDClZxJqskrCslHat3HwTbfy/EiBqJstzQ7BTFoii5N1KPQSla5xHHctvNiNE6RNt1iv7aAk4XA9HglE8E4oCbFWWwYsp5AFhzpYQRPTO8gusGkyTu8sRJqvZfRcGSusnhG1DxcBcwSMus5OT2IEzOImAoSE4Z6kkVBMWwEww7UurpQBVdJ5B3EDGJKhcxjn2RssMNBVcHjKNWLDUcsSJIwbSczY5jJoN1hsVppGGYaY3Gk1EoqiICMSxFzFGyAT0wkWLYCmBRjI3c7imBhh8xBMucUCxzaR07OcHQXsiwFKGth4zjyYI7dl7XOMGSW+judFUTRAMQYBQJJiwAP3BYSLZ5m09YTLAKyMN2DpA4UHwxGxz8yb0dNCgbJ1Spw/7kbJ8cct2CPLyZGyRJS/I2qrvXCwOZwqlvqOXwaWVK6cpnAgSgymrrL1Q24WzxOlWEq4kAU0Ww7kU4loe39eEQTqRk+WNXdv8AXfvnCDtqoGWCyQ/2snGxzRow03KnHQRE96MYY0oKhjJvmR0o4FdXXSRNaKo7mdKWuxXdvFDyYzo1TsQ7Q860zPiBXEQGQX204J011+1ilB6tc5hcoooKjNbYW3grkS6sliGUxXxTW0XIrBU0YCVk08AKKBmf/MsV2+t3gqf6qSSKKzRi1P5GZY5OOjg7/wA6TsgoyVMTE1h3xgyQVxtEQ0psv9aY+tiytln4iJZcQcgnYrKI8EoouFkgxmh+NSYvjIZdLSRiaMnVhyN/QdG3/wDC9H//AFMkutbgPHRBUf8AHVJ/G/rgmk4KiZ867zJAyErl00y8jzeOTIyXO1VqR3AWPLSOovxy5qrnNOlbsoONKML5zHMhgqpBXMtkSgi4+EDxg4OU3hk+c73p4PTm+Q+ch8i3fHdvAWzJXYruvyPfKyD3PvrvbxO7n8qWfcO38Ye3G7XwHkIQfnsAXSbkn4OuQwllmmRttzAjJ4y9m1O2WRYiMsPllojt1zUlk1e/e+Rk8/M++VVUP5Y96t2MCoOYtgMLDk+q4KKZ7myN0kblQU7eEmSmQVsRx36qKd7WEJWi6BIWXDUqL7eFEvnkOgSA605iu5OOgXxwsoqTpJ5Z2zsMSJ3vb68Zjf3o48iWi6rKZyOHA2EqFTEcT4ltDNbWo/kGFTrdGSX+jNEJ4NwXv1UTElaQhiQD0ImU9NdB+5RZubLgGMvjrDxitHVriyH4zmZImR8FSgmZYqX5rMsrEqcXXtOBB53d0oHmNZ2GhRL4Lz0NqBFrDPowKAjJ6a28XRiCVBPhxEZESkeF7jciQREbRHujLtu6zmy6HQ/RvvxJeg/5vn/+26T6hZyuf0gDo+X/AMENtv1JRKuy43tNfJ86SwHpz8o/yufIe3nAg/KL4oeIXjP4de7oeXfXij40PTwL3r4yeDe4eM6t3fvLvzuwPfHeoHSu13Gt857kA4+N6Plo8SPmImJbH+S35OfGX5VPlSRCKN2njv49oHiP4C7z757bxRd/hPunce1T+07rnSlpFKUoBSlKAUpSgFKUoBSlKAV50PDv/S4eQb88XJL+2pWr0Xq86Hh3/pcPIN+eLkl/bUrVFl5/ntCLLz/PaF8vS5Ijecl8Q6y62cmDK4cA7FQ5NbtJglcj17NAoXeMaHzo5LDHPMwnpilJiQpq1+0uEUSSh5QN5BEihkYPQPAs4snafXmMNgIbchI6zJsjRCfjKXyty6tgnhOhFCOAgHi9sww8lZtqAwqWvIxrvYyRWUxQSFEEocLGQAu0Hc0Ws/2o5WK+G8jO5mPJBV2s7Gq4k4qroDkba+QMJa2hLaUeCGJKSUrJpoyRUCJsEUuaKjigDB5h55Y3z/Mbg1nTT1cdBTix5Spy0mhR2rii5B9apJhmPtyoYaKqrGMjJ/GM0eU3A2VhkkzAvcxDA2CwquNSzDwutORVwwCDCvyvrPkqe3X1Dq0eSB/JdMPNdxZENRZDd/KmyNkmzPe4EV68LzJKaCQTD4xJGdoK0uKqti5gF5/mRshE9uGEnAmVT00yHkp2UAVUEQliAPJPdm9+tG8MWHZv2gurO4IYmPZv2omHyRbA59pnj/szw7fDHLtcrXt22OOXY7ONr2ksX4SnVPkjxdJ3KDyBT3yDDwm9kuR4viQsyGBqprkhvtEyvmiu1WieG7DqDkX0S98gkxQUHxhnmRMqaUs4rKUrKJIxKqbeN35Y+UfS/kp+Wbxc+aFFswxr8i/yd+F/lC+VhoSE1PDXyjePSX4p+APHzv8A8HeIjm8K+Cu9e/07v7vkmzM/WZn7nig3a/DhPjfpBum51QDbwWpa8qba6MEDeWFy+bK3KJJTYixsoGGXZCMN+N5XckVpC7gWL2wsvOVzZ9zxFDNAl49bQaej6P8AGF0ciGl4gMTkha5QtX5imPM7iJ4YFlaZRl6QXSQXRRf4ZhUaOC0nsLMxl+EQq0yl8sxcrZDCX5cl/A3F3JFunq7t445lPxoUhpPaDPnSKiUfXdCZs/FbEllLlxtx24XAG/mmE0yIayEuklI+dbL9ucAUkU0XIkDTUTsh5X8mHG7fkUvpv/8AFmtD1tStvYy2svb5OvlBvIF45797DDtfx7ZFmpZYscv2XR2HL4P7na9m8d7a9rPlUujI3pVdf8Ry6ru2kUgjtoiKrrCMG0RCifnDZszSDzx8KzO17mgjrzMi5H+wYDGmVSjVEmAixj4CQ4zp4+YjdxqaMiunE+jFlJFxKH1MoGUzU8VMPPMckEFnYDJHEpycbMtNXijbTnSlN1Qa8SBlDkKPdc9LYJ1hcjtbaiFmUWG+PKaG6Ho4QUtaThR09VTRkw2iqJIyZIqaSoExRQRJgbPcY/zj+SXQ7kJ+W7xN+ZIjSSk/JF8m3jF8pvyhI62k98eP3j8heJngjwx3x3LxKdnhDvbuXdCXdu6BWsUBG3UXUuDtHNeo51h10auTRimMUwyRRCJo6MqrKmoKigbWnC5nKsmLWMLDkcq6oH1lYP54AgXNG8iyeUT0ssRTyskqUoBSlKAUpSgFKUoBSlKAUpSgFZdOB78Zh0jj9O9nf+d7D1qLqrrQ/jY+ZLsxyObFfLR8pnlAZ4Rps8T/AJOvEz5JfBJ2RDniz4wePbr8fO+PH3ufhnwIzO5eCe38Eid/dqTAoD2c08inabpWYcVbPF1FZht+cd7WkglF46wopLUnYGPnaAGlx+8y6YcJjuZlJT3Zx+SlFqij2TlZZjVMwWip5IwOkzf2eZ3UvX/i72k4pt6OPyNWdrDMrl3Xj7WqQI1gtFIx8zJwieQcbmnAiL0fNkNPbY2NyaOaaaocTEokaVbPsgaVjBtVQ2udSr3+Rfivam9TzgfYBgTjIeo25erqirG4I2gitMRnAtISW4AswV5mPdlrwhRJkJiqWAxu4jcPqaZjbFSW04Q2M33M6URcjdGPC5Jjz2zhPcXko3/f3IVIOsB0dc1sYeUEx1rRCcYu8YYkbDfJmNo/W3QVcjxIKiUjrhFcyUkgxktITeMKtlUk30VOIFj4Ro5Hy0NYIVYtJ0Rou/7aEGiqoXDSC4IefZhzazuaSmynveSo6c5MzHiVICUgS0Ox19KUEJYcrbRSqmC7yQJQsOcuUc6aR7mmHQLGQjQY5bs45Kh9c8ejy8omhqHqy9VSSdXeVSajmvk1x5MyAw3bNTVfppdZCS2nq2p+INJEk5ZaZBakJMWjLWcyurJZKyU4LqVldScyOrtW8DkJ4l0PcuboO3ChbYeQ9L95dc0tQbMZbJRu226/AjbIVMlgUwx5GjV1ikkR+NgAZxOW5RLMK6WVGKulypa4CuJSpiSK9PQtw0yQpbhRJvDyK76v7kFmTXIosBa3NsWEY/1shSI1ZfCDCUncVixgrbpJLbxtcuTNFV0dWIiZKKaiqKsAsG201REJnWeLPHnDaK+HbZZ6S1IdcWAmEZ9Ia574idF8SrvkojrNN7RAM2viOrMIo3xjh9STMhMcbmiBAWY2inHRC/dASx/sEhc7Dl88Mf70jAQN87Q8DECIOXfMgPjkyj9+pxIte+Z0kzY4cMegPJwjBg4CjgJyMXdpNSNGe0vjiXIGhcMRblRbB2O728TBXaDYmLt3tbdmJA0a3niVrGo+SZ9j5ntiS26944NjnDVmVLsQu8ymN2REtPMKB7JL79VyGNgTdyyyAuApTXxb3ENV+H9fYW4KfyA7y7jPzkC25ZjMPx9DTsccWMmCYqhFsq4CmSVxY6hpiqS+kJblUExZWEsdeyXcsRSy2tnDScZXD+CwWXjHPsJBXWMUXaTfKfBn06cV/JVx2/nB2N/VyIa29RL/ACVRl+b5mfq4m1iF6cV/JVx2/nB2N/VyIa29RL/JVGX5vmZ+ribQGWHoo62RhFmckXHY/RgUXYXWjfKTXm6Gwf7QirK7JdjfZMbpjrTio2IY60lWX4nU8x1sn3yTDTXEzhMxQiy2jCHrkt4IB5LX69T8i6jcljW1MixvxuHY9ESzpRF+wJxVdyGK4VRXdGEhPF7oCqRBXE0ZFSg0HBKHJJeaOIfBFHEURwg+uN4OGSJdpp+b+6UGzZMGjG9LZSgEIPZjXo2nBmXyglCpdPJoMysBWwwQZMSCqYVLpVwjBxFPKqMTTG+41FcbiMjo5Dq5U4yeVKT0odiT7zyS+txWrlBExzpmvWkuuWskqLaUZCyLmwSsyoiw+lhtnRy2Yoff7dQU+2OYmQuZUXtQ8MH55hPPEAkrIm6vJ1+3bVkkVApG7WxnID0UDeHYjaV5kH5K6gSlJpmnAmtNrMsqIhNeR2AXRStkRnJCIi4ZlgjAuOZnAjiZMXytkYFEyxxvb9mVwRNPmV0YTljTs809tNLXnUvRjatY7N8gBYM2P14aoTTcDkyxvgJdvxo4zz8dFxB8xAruRUblsMcTNgQzV5jr4bdfETirlfip1mW1WBoyktqKaLjIC+WVJhcJNyLziRnI4Xwvpio6mnk41ZbOJFrGU1OXWoiErDBgopFLTiZdOty+cOLtnT5xKJPFc95EuMmoWsELQGkTTgyMMxyLxghtskkyZZAj7J2Y5B2DdbESXK"
20:08:59.938 [Test worker] DEBUG org.apache.http.wire - http-outgoing-0 >> "cZoT8DzHTRjrYydtwjIqpmF8tD6hDUqq1tKZbycyfLZvOodlWivQ6ED3G7rsaGtcYhi/yaItOjYlVShQrd74q7ZdnjKhiGcc88jTbksmHl3WwYWRevPSb+hgbA/mz2y/by4q07cb3GqgceGjAunybKR2WXW5FWXHhKM8K7TEbizJUjS0oqQh97LLWFd7rMBnU1v5NptdzMvNUNqhRrljZtVwMnBe5RhhLhT+R3hgkHiH+ct4x+PbZllu/OE+RvwR4K+VB+qL378+Sf5VVTv7wH4Q8Gd7/KWT8J9x797un9070wDMyiQYgFxdaZcv0gccGla9FPNChQPEbl1ritTYUap3HDA0jOGO2iea5ARJaOMhu6QgjTlNoxATEn40qiFieOig4mxSIYueVsbV9AOHuLdKZrlHbmQpumTcbdqaUMNsP/AGYnk+m5LBRrYiJQgzUjxoooAaSyG2Z8AIAGRLI6vHCCcip6EiqSU3A80cSb2lGt3zPNR9ctWPHP5RPm/wAQMiKfHvxd8UfG3xNRCqP4e8WPDrn8A+Eu9u+PBfjCs959v3Hwia7XuuUoKAUpSgFKUoBSlKAUpSgFKUoBX0lNTTUVNUFhYUCSSkJJE2pqqopGgCKcmppAAQ0eUD500IEWJkiZYIUwaNGBQwC4AYgwomAeGWVvu1EffLWp17j6ebBassuYBoFWp5j5QjUaVi7PyfwzZbjkNEyj0L4NLB2sXJX8ZWddeaeVsXUk3JYLmSj25rvPvE0BnPcZ7Y3pLr/dDQYLvdetPBvGMhGmo53yg2FRZn5EHWxlYLJXJtXI4XvdrQemKxYMMobUSpgp38AAdV0lxvcsO2Yi09tZrQXp5r6nNhtEGrC2u+u0Yi4Fi9hfBrUj2NI9QRjqgoKB42KMP3mkoycbVVtZUjJpQPDYnVZVOHD5kyZFoNgDhz5edW4aj3X2BOfUlHcPxWgBNlhswhxOaqqwCIjhmTB3MIRXcckLLgWDps8cNqCkrrisprCoomzR9SPmjhgYfOZk/cb23m03GFKWhE/8jw7+mSXlUsVeG3pXVFjsA2Zjku+kJ2iR6DB0aSUzmyAAfSETJmKq4E8Ax1REVFO6gQM3MZAUyfv82CQ3m65wmyQKo0pg7FdJkeZaRZMVHtrTwdMZ+D5xlEyYObbUy8giwxV0Uti934eBvgaaUSFl9NGsQJBiZ5p5omIRQS5x8kcpBZOpoQ5C2s8UIZE8qR1BkLRi3m4zkK60rt9gR6yW0kFiTda6AWOq5tMQ0ZOJlgSCQkk8jAOHYxLlAMcs74Y3oVibib5loLi+PIXibpAhJlxjFLMbcesBpp/EnqSaKN5oNFJKIaAkhnFSQDyqfyJppIuEMoqx8+qqI2Ih5TPHD5gwZFs6VNFz+wegK3o/yITQY3PVJAbDhbkuTkQjFn69rDxMjvtReTCdDej1hjrTQYbljAMNmlm6cTslMoeWmSRcqwRNjKiknCMz0g0s/LPGGyFVvM3xGRbsChSbymw9MjtZ+3GusPKE5xCpOMRhTTrStYQywxHSlEzcRSe03mzCYbmRW2D3k8G9kWxILo5B3myS/YpkSM1P8iG5Lp3E42ejxcoMtoia2CKHyKw4sT14MLjlWumLTMfzrbTpdYRMfMzdHaq6oQa5llPBOGxwkoqupyRkeNiCAjD2rG+CneFagIDSJyc3k8qehobcLxsPDJTVmGUyajsLFiwaYFE5vaHxmOOo03bIIfi9mEcZ5pNMt+/iycRTLTwwb+NqkicXOnslcfJfjLW2CcJ6vJUdIEfNpLSlTuTxaorVMl1Zuv1EdBwseExkNPdBbF2mHAoEz4C4uGFKziTVZJWFZKOhxOvEotCdUgx3xuW+m7GWoG00jus4XJNdj66TS7Fw2ZEwwAwSkKOHGpm+zln2cc8hQS+QQIdrZZDiiYBB4Z55445ZzOHhkrrK6Kc48XAXMEjLr1N5B3sQJmcRMBQkJwqc+ioJi2AmGPal1dKAKrpPIO4gYxJULmMc+yNfDHvNx8E238vxIgaibLc0OwUxaIouTdSj0EpWucRx3LbzYjROkTbdYr+2gJOFwPR4JRPBOKAmxVlsGLKeQBYc6WEET0zvK1/bqNWLDXGDtJEkYNpOZscxlolOjDYrTSMMw0xuNJqQG6kRARiWIuYo2QCemEixbAUwKMZG7ncUwMMPmIJkHaojwara6yiZt+hL/wAwfa/9L4f9jEX1s+rGD0Jf+YPtf+l8P+xiL62fUApSlAKUpQClKUApSlAKUpQClKUApSlAKUpQClKUApSlAKUpQClKUApSlAKUpQClKUApSlAKUpQClKUApSlAKUpQClKUApSlAKUpQClKUApSlAKUpQClKUApSlAKUpQCsofTI/xR7d/S+hr9SperV5WUPpkf4o9u/pfQ1+pUvUBP/o334kvQf83z/wD23SfV3tUhdG+/El6D/m+f/wC26T6u9oBSlKAV53fSWJYZEC9I84q5zkxRMI8cQvG+jksSArlE48sG0pkR1vbO7wdaiVSUwAypKhgigo58yCnJ5YweOiBYligApgUMPL0RK88vpIMbsiZOkpcTEQyYgF3XHEqsfQ+N5Aa5sweKFHIyHzvtObYdaAaNJhoipFi6wgqh9OGMJ50meBDM5CFDRcxiGLgBfr1sHhL84uQfZ4m73Jp1sHhL84uQfZ4m73JqQXVvuEvzB4++v83fE+nVvuEvzB4++v8AN3xPoCPvWweEvzi5B9nibvcmnWweEvzi5B9nibvcmpBdW+4S/MHj76/zd8T6dW+4S/MHj76/zd8T6Aj71sHhL84uQfZ4m73Jp1sHhL84uQfZ4m73JqQXVvuEvzB4++v83fE+nVvuEvzB4++v83fE+gI+9bB4S/OLkH2eJu9yadbB4S/OLkH2eJu9yakF1b7hL8wePvr/ADd8T6dW+4S/MHj76/zd8T6Aj71sHhL84uQfZ4m73Jp1sHhL84uQfZ4m73JqQXVvuEvzB4++v83fE+nVvuEvzB4++v8AN3xPoCPvWweEvzi5B9nibvcmnWweEvzi5B9nibvcmpBdW+4S/MHj76/zd8T6dW+4S/MHj76/zd8T6Aj71sHhL84uQfZ4m73Jp1sHhL84uQfZ4m73JqQXVvuEvzB4++v83fE+nVvuEvzB4++v83fE+gI+9bB4S/OLkH2eJu9yadbB4S/OLkH2eJu9yakF1b7hL8wePvr/ADd8T6dW+4S/MHj76/zd8T6Aj71sHhL84uQfZ4m73Jp1sHhL84uQfZ4m73JqQXVvuEvzB4++v83fE+nVvuEvzB4++v8AN3xPoCPvWweEvzi5B9nibvcmv5l0sLhMxxyvbYqQs72te9sMdeJttlle1uzbHG+bLxxtfL/Zbtsscezf8OVrdm9pB9W+4S/MHj76/wA3fE+vjn0bzhKzxywvoQwLWyxvje+MhTjhla2Vr2vfHPCUMc8Muxf8GWGWOWN+xfG9r2tegI/9bB4S/OLkH2eJu9yadbB4S/OLkH2eJu9yakF1b7hL8wePvr/N3xPp1b7hL8wePvr/ADd8T6Aj71sHhL84uQfZ4m73Jp1sHhL84uQfZ4m73JqQXVvuEvzB4++v83fE+nVvuEvzB4++v83fE+gI+9bB4S/OLkH2eJu9yadbB4S/OLkH2eJu9yakF1b7hL8wePvr/N3xPp1b7hL8wePvr/N3xPoCPvWweEvzi5B9nibvcmnWweEvzi5B9nibvcmpBdW+4S/MHj76/wA3fE+nVvuEvzB4++v83fE+gI+9bB4S/OLkH2eJu9yadbB4S/OLkH2eJu9yakF1b7hL8wePvr/N3xPp1b7hL8wePvr/ADd8T6Aj71sHhL84uQfZ4m73Jp1sHhL84uQfZ4m73JqQXVvuEvzB4++v83fE+nVvuEvzB4++v83fE+gI+9bB4S/OLkH2eJu9yadbB4S/OLkH2eJu9yakF1b7hL8wePvr/N3xPp1b7hL8wePvr/N3xPoCPvWweEvzi5B9nibvcmnWweEvzi5B9nibvcmpBdW+4S/MHj76/wA3fE+nVvuEvzB4++v83fE+gI+9bB4S/OLkH2eJu9yadbB4S/OLkH2eJu9yakF1b7hL8wePvr/N3xPp1b7hL8wePvr/ADd8T6Aj71sHhL84uQfZ4m73Jp1sHhL84uQfZ4m73JqQXVvuEvzB4++v83fE+nVvuEvzB4++v83fE+gI+Y9LC4TL27N9ipCx/DlbsZa8Tbe97Y5XtbL+Cy8rdjO1rZ49m9srY5Wtnjjl2cbf3rYPCX5xcg+zxN3uTUgMejecJWNr2toQwL2vlnl/CkKcc79nPK+d7WvnKGV7Y2vle2ONr9rhj2MMLY4Y442+XVvuEvzB4++v83fE+gI+9bB4S/OLkH2eJu9yadbB4S/OLkH2eJu9yakF1b7hL8wePvr/ADd8T6dW+4S/MHj76/zd8T6Aj71sHhL84uQfZ4m73Jp1sHhL84uQfZ4m73JqQXVvuEvzB4++v83fE+nVvuEvzB4++v8AN3xPoCPvWweEvzi5B9nibvcmnWweEvzi5B9nibvcmpBdW+4S/MHj76/zd8T6dW+4S/MHj76/zd8T6Aj71sHhL84uQfZ4m73Jp1sHhL84uQfZ4m73JqQXVvuEvzB4++v83fE+nVvuEvzB4++v83fE+gI+9bB4S/OLkH2eJu9ya/3L9K34UzYmQRbYaQhhMADRrLC2vU1YXsXJFhjhsXthWaHjewBUuMPfC2VxBLB3DBwFGywDz776t9wl+YPH31/m74n1/oF0cThQAyvmDoYwgs8gxgcsw5CnDDK4RgEQuYCvfGULXuGMAKICLhe/aiBCZ4ZWvjle1wI89bB4S/OLkH2eJu9yadbB4S/OLkH2eJu9yakF1b7hL8wePvr/ADd8T6dW+4S/MHj76/zd8T6Aj71sHhL84uQfZ4m73Jp1sHhL84uQfZ4m73JqQXVvuEvzB4++v83fE+nVvuEvzB4++v8AN3xPoCPvWweEvzi5B9nibvcmnWweEvzi5B9nibvcmpBdW+4S/MHj76/zd8T6dW+4S/MHj76/zd8T6Aj71sHhL84uQfZ4m73Jp1sHhL84uQfZ4m73JqQXVvuEvzB4++v83fE+nVvuEvzB4++v83fE+gI+9bB4S/OLkH2eJu9yadbB4S/OLkH2eJu9yakF1b7hL8wePvr/ADd8T6dW+4S/MHj76/zd8T6Aj71sHhL84uQfZ4m73Jp1sHhL84uQfZ4m73JqQXVvuEvzB4++v83fE+nVvuEvzB4++v8AN3xPoCPvWweEvzi5B9nibvcmnWweEvzi5B9nibvcmpBdW+4S/MHj76/zd8T6dW+4S/MHj76/zd8T6Aj51sLhM7a9vnFSFa1rY3tn83ibe1yve+Vr42tZl3y7OPa2vl2cbY3tnj2uWV7Z2x/vWweEvzi5B9nibvcmpAW6N5wlWyvn8whgdnLHHG9ryFON8exjfO9r2wvKHaY5XvnftsscbZZ2tjbO+VsMLY/Lq33CX5g8ffX+bvifQEfetg8JfnFyD7PE3e5NOtg8JfnFyD7PE3e5NSC6t9wl+YPH31/m74n06t9wl+YPH31/m74n0BH3rYPCX5xcg+zxN3uTTrYPCX5xcg+zxN3uTUgurfcJfmDx99f5u+J9OrfcJfmDx99f5u+J9AR962Dwl+cXIPs8Td7k062Dwl+cXIPs8Td7k1ILq33CX5g8ffX+bvifTq33CX5g8ffX+bvifQEfetg8JfnFyD7PE3e5NOtg8JfnFyD7PE3e5NSC6t9wl+YPH31/m74n06t9wl+YPH31/m74n0BH3rYPCX5xcg+zxN3uTTrYPCX5xcg+zxN3uTUgurfcJfmDx99f5u+J9OrfcJfmDx99f5u+J9AR962Dwl+cXIPs8Td7k062Dwl+cXIPs8Td7k1ILq33CX5g8ffX+bvifTq33CX5g8ffX+bvifQEfetg8JfnFyD7PE3e5NfzHpYXCZe3ZvsVIWP4crdjLXibb3vbHK9rZfwWXlbsZ2tbPHs3tlbHK1s8ccuzjaQfVvuEvzB4++v83fE+vjj0bzhKxte1tCGBe18s8v4UhTjnfs55Xzva185QyvbG18r2xxtftcMexhhbHDHHGwEf+tg8JfnFyD7PE3e5NOtg8JfnFyD7PE3e5NSC6t9wl+YPH31/m74n06t9wl+YPH31/m74n0BH3rYPCX5xcg+zxN3uTTrYPCX5xcg+zxN3uTUgurfcJfmDx99f5u+J9OrfcJfmDx99f5u+J9AR962Dwl+cXIPs8Td7k062Dwl+cXIPs8Td7k1ILq33CX5g8ffX+bvifTq33CX5g8ffX+bvifQEfetg8JfnFyD7PE3e5NOtg8JfnFyD7PE3e5NSC6t9wl+YPH31/m74n06t9wl+YPH31/m74n0BH3rYPCX5xcg+zxN3uTTrYPCX5xcg+zxN3uTUgurfcJfmDx99f5u+J9OrfcJfmDx99f5u+J9AR962Dwl+cXIPs8Td7k062Dwl+cXIPs8Td7k1ILq33CX5g8ffX+bvifTq33CX5g8ffX+bvifQEfetg8JfnFyD7PE3e5NOtg8JfnFyD7PE3e5NSC6t9wl+YPH31/m74n06t9wl+YPH31/m74n0BH3rYPCX5xcg+zxN3uTTrYPCX5xcg+zxN3uTUgurfcJfmDx99f5u+J9OrfcJfmDx99f5u+J9AR962Dwl+cXIPs8Td7k062Dwl+cXIPs8Td7k1ILq33CX5g8ffX+bvifTq33CX5g8ffX+bvifQEfetg8JfnFyD7PE3e5NY3OOXk/06146Qjt5v/Kj/XkTWKWpH3ScTHeRNhPJaWFJKmWTVByMAcwzklHNuhOzVEgwEYMgH0wAZLzyuAoYFxsb4W3S9W+4S/MHj76/zd8T6xKcZnH1p1N/SQNzNLpUg9CeGsMaybvKiMeJjq68iaQ30qLZTUkFgky6ulOQg6DAbbSAQiRXM8umhTIeFsz4hsbsiXi13TtG5IvEPbo2P4U109bB4S/OLkH2eJu9yadbB4S/OLkH2eJu9yakF1b7hL8wePvr/N3xPp1b7hL8wePvr/N3xPqlI+9bB4S/OLkH2eJu9yadbB4S/OLkH2eJu9yakF1b7hL8wePvr/N3xPp1b7hL8wePvr/N3xPoCPvWweEvzi5B9nibvcmnWweEvzi5B9nibvcmpBdW+4S/MHj76/zd8T6dW+4S/MHj76/zd8T6Aj71sHhL84uQfZ4m73Jp1sHhL84uQfZ4m73JqQXVvuEvzB4++v8AN3xPp1b7hL8wePvr/N3xPoCPvWweEvzi5B9nibvcmnWweEvzi5B9nibvcmpBdW+4S/MHj76/zd8T6dW+4S/MHj76/wA3fE+gI+9bB4S/OLkH2eJu9yadbB4S/OLkH2eJu9yakF1b7hL8wePvr/N3xPp1b7hL8wePvr/N3xPoCPvWweEvzi5B9nibvcmnWweEvzi5B9nibvcmpBdW+4S/MHj76/zd8T6dW+4S/MHj76/zd8T6Aj5j0sLhMyxxvfYqQsL3ta98MteJtvlje9uzfHK+DLyxvfH/AGX7XLLHs2/Ble3Yvf8AvWweEvzi5B9nibvcmpAY9G84SsMccLaEMC9scbY2vnIU455Xtja1rXyzzlDLPPLsW/Dlnllllfs3yve973r5dW+4S/MHj76/zd8T6Aj71sHhL84uQfZ4m73Jp1sHhL84uQfZ4m73JqQXVvuEvzB4++v83fE+nVvuEvzB4++v83fE+gI+9bB4S/OLkH2eJu9yadbB4S/OLkH2eJu9yakF1b7hL8wePvr/ADd8T6dW+4S/MHj76/zd8T6Aj71sHhL84uQfZ4m73Jp1sHhL84uQfZ4m73JqQXVvuEvzB4++v83fE+nVvuEvzB4++v8AN3xPoCPvWweEvzi5B9nibvcmnWweEvzi5B9nibvcmpBdW+4S/MHj76/zd8T6dW+4S/MHj76/zd8T6Aj71sHhL84uQfZ4m73Jp1sHhL84uQfZ4m73JqQXVvuEvzB4++v83fE+nVvuEvzB4++v83fE+gI+9bB4S/OLkH2eJu9yadbB4S/OLkH2eJu9yakF1b7hL8wePvr/ADd8T6dW+4S/MHj76/zd8T6Axn9KL5d9F+TlhadoWnslON/KUQO+ZVZ9Arsbvth4JhF4o0eE0EUsM8UJHCUsjRhvKm"
20:08:59.941 [Test worker] DEBUG org.apache.http.wire - http-outgoing-0 >> "AoZDIcQtYHDIxiHiMFfLT/AB90qrhZQGEyEJT2Hf4KkitBtJKgDhr5NY2AR5NRiRM2FiMEy8whcQzAImGIgeWQedrWywyvje175xeli8Zmi/H/AB7pSsae69tyEVKTXnNyY+jSE4n2uZuEi10ONjSCXM4PF1OMIvinGFpUECyIYFBBLm87GMxccArB6uI46OhwsrUesNYU9D2AbUlZmNdTUDWb9mvDMyePoZE0bMZYBSYGFhkMYFEEyxDwwDxvle2GGONrWsB1h1sHhL84uQfZ4m73Jp1sHhL84uQfZ4m73JqQXVvuEvzB4++v83fE+nVvuEvzB4++v83fE+gI+9bB4S/OLkH2eJu9yadbB4S/OLkH2eJu9yakF1b7hL8wePvr/N3xPp1b7hL8wePvr/N3xPoCPvWweEvzi5B9nibvcmnWweEvzi5B9nibvcmpBdW+4S/MHj76/wA3fE+nVvuEvzB4++v83fE+gI+9bB4S/OLkH2eJu9yadbB4S/OLkH2eJu9yakF1b7hL8wePvr/N3xPp1b7hL8wePvr/ADd8T6Aj71sHhL84uQfZ4m73Jp1sHhL84uQfZ4m73JqQXVvuEvzB4++v83fE+nVvuEvzB4++v83fE+gI+9bB4S/OLkH2eJu9yadbB4S/OLkH2eJu9yakF1b7hL8wePvr/N3xPp1b7hL8wePvr/N3xPoCPvWweEvzi5B9nibvcmv51sLhM7a9vnFSFa1rY3tn83ibe1yve+Vr42tZl3y7OPa2vl2cbY3tnj2uWV7Z2xkH1b7hL8wePvr/ADd8T6+NujecJVsr5/MIYHZyxxxva8hTjfHsY3zva9sLyh2mOV7537bLHG2WdrY2zvlbDC2IEf8ArYPCX5xcg+zxN3uTTrYPCX5xcg+zxN3uTUgurfcJfmDx99f5u+J9OrfcJfmDx99f5u+J9AR962Dwl+cXIPs8Td7k062Dwl+cXIPs8Td7k1ILq33CX5g8ffX+bvifTq33CX5g8ffX+bvifQEfetg8JfnFyD7PE3e5NOtg8JfnFyD7PE3e5NSC6t9wl+YPH31/m74n06t9wl+YPH31/m74n0BH3rYPCX5xcg+zxN3uTTrYPCX5xcg+zxN3uTUgurfcJfmDx99f5u+J9OrfcJfmDx99f5u+J9AR962Dwl+cXIPs8Td7k062Dwl+cXIPs8Td7k1ILq33CX5g8ffX+bvifTq33CX5g8ffX+bvifQEfetg8JfnFyD7PE3e5NOtg8JfnFyD7PE3e5NSC6t9wl+YPH31/m74n06t9wl+YPH31/m74n0BH3rYPCX5xcg+zxN3uTUd9vek/wDDpLepu0EUsef32pPWTdd5rj1npxmBJkTS590vSNXM22+SHUTzOAJEATSspFABTpwYEqVwEyHMChgh552sK6t9wl+YPH31/m74n1Grc7o+fDpGunu18jMfR9iN96sDWqdXsz14s+ZkMGER0tWL3Sut9XALnpINEhxk1WIFDoQJwqZKi5g44GABgcsw8gM33RjeaLj840tTZ+inbqU3Ow3q/diBZCbKchxfIL6LnGtlGrGbdjoyi0G+rkiY3hZDUQO8jQwRrtAsB+5dxFDzy0qdbB4S/OLkH2eJu9yaz8dFV4qePzffT3YmRtutbGxNT1ZuyorJbK8uOWQUQwlNbGL2Cu2SAS7Qd7dJDA2VldRO92NFRzXbms8O79xxDDw1E9W+4S/MHj76/wA3fE+gI+9bB4S/OLkH2eJu9yadbB4S/OLkH2eJu9yakF1b7hL8wePvr/N3xPp1b7hL8wePvr/N3xPoCPvWweEvzi5B9nibvcmnWweEvzi5B9nibvcmpBdW+4S/MHj76/zd8T6dW+4S/MHj76/zd8T6Aj71sHhL84uQfZ4m73Jp1sHhL84uQfZ4m73JqQXVvuEvzB4++v8AN3xPp1b7hL8wePvr/N3xPoCPvWweEvzi5B9nibvcmnWweEvzi5B9nibvcmpBdW+4S/MHj76/zd8T6dW+4S/MHj76/wA3fE+gI+9bB4S/OLkH2eJu9yadbB4S/OLkH2eJu9yakF1b7hL8wePvr/N3xPp1b7hL8wePvr/N3xPoCPvWweEvzi5B9nibvcmnWweEvzi5B9nibvcmpBdW+4S/MHj76/zd8T6dW+4S/MHj76/zd8T6Aj71sHhL84uQfZ4m73Jp1sHhL84uQfZ4m73JqQXVvuEvzB4++v8AN3xPp1b7hL8wePvr/N3xPoCPvWweEvzi5B9nibvcmnWweEvzi5B9nibvcmpBdW+4S/MHj76/zd8T6dW+4S/MHj76/wA3fE+gI+9bB4S/OLkH2eJu9yadbB4S/OLkH2eJu9yakF1b7hL8wePvr/N3xPp1b7hL8wePvr/N3xPoCPvWweEvzi5B9nibvcmnWweEvzi5B9nibvcmpBdW+4S/MHj76/zd8T6dW+4S/MHj76/zd8T6Aj71sHhL84uQfZ4m73Jp1sHhL84uQfZ4m73JqQXVvuEvzB4++v8AN3xPp1b7hL8wePvr/N3xPoCPvWweEvzi5B9nibvcmnWweEvzi5B9nibvcmpBdW+4S/MHj76/zd8T6dW+4S/MHj76/wA3fE+gI+9bB4S/OLkH2eJu9yadbB4S/OLkH2eJu9yakF1b7hL8wePvr/N3xPp1b7hL8wePvr/N3xPoCPvWweEvzi5B9nibvcmnWweEvzi5B9nibvcmpBdW+4S/MHj76/zd8T6dW+4S/MHj76/zd8T6Aj71sHhL84uQfZ4m73Jp1sHhL84uQfZ4m73JqQXVvuEvzB4++v8AN3xPp1b7hL8wePvr/N3xPoCPvWweEvzi5B9nibvcmnWweEvzi5B9nibvcmpBdW+4S/MHj76/zd8T6dW+4S/MHj76/wA3fE+gI+9bB4S/OLkH2eJu9yadbB4S/OLkH2eJu9yakF1b7hL8wePvr/N3xPp1b7hL8wePvr/N3xPoCPvWweEvzi5B9nibvcmnWweEvzi5B9nibvcmpBdW+4S/MHj76/zd8T6dW+4S/MHj76/zd8T6Aj71sHhL84uQfZ4m73Jp1sHhL84uQfZ4m73JqQXVvuEvzB4++v8AN3xPp1b7hL8wePvr/N3xPoCPvWweEvzi5B9nibvcmnWweEvzi5B9nibvcmpBdW+4S/MHj76/zd8T6dW+4S/MHj76/wA3fE+gI+9bB4S/OLkH2eJu9yadbB4S/OLkH2eJu9yakF1b7hL8wePvr/N3xPp1b7hL8wePvr/N3xPoCPvWweEvzi5B9nibvcmnWweEvzi5B9nibvcmpBdW+4S/MHj76/zd8T6dW+4S/MHj76/zd8T6Aj71sHhL84uQfZ4m73Jp1sHhL84uQfZ4m73JqQXVvuEvzB4++v8AN3xPp1b7hL8wePvr/N3xPoCPvWweEvzi5B9nibvcmnWweEvzi5B9nibvcmpBdW+4S/MHj76/zd8T6dW+4S/MHj76/wA3fE+gI+9bB4S/OLkH2eJu9yadbB4S/OLkH2eJu9yakF1b7hL8wePvr/N3xPp1b7hL8wePvr/N3xPoCPvWweEvzi5B9nibvcmnWweEvzi5B9nibvcmpBdW+4S/MHj76/zd8T6dW+4S/MHj76/zd8T6Aj71sHhL84uQfZ4m73Jp1sHhL84uQfZ4m73JqQXVvuEvzB4++v8AN3xPp1b7hL8wePvr/N3xPoCPvWweEvzi5B9nibvcmnWweEvzi5B9nibvcmpBdW+4S/MHj76/zd8T6dW+4S/MHj76/wA3fE+gI+9bB4S/OLkH2eJu9yadbB4S/OLkH2eJu9yakF1b7hL8wePvr/N3xPp1b7hL8wePvr/N3xPoCPvWweEvzi5B9nibvcmqCOkg85/HDyK8eyPAGqcuOt7yeT2IjeQh0ZaiaSWUTxazcbMhpqsdssutuJSXkMAbcCWHgSxNXND4jZiAhZ4Ai3x089W+4S/MHj76/wA3fE+s7nSdOITjh0c430SaNU9XGpD0nmtlYwZI7tRXVJKycEay61ZJPqyRcm63ovpdgThtFSx8xsSNjWGRTDEEcPDMXEQDuLhh6RPxVab8Y2putE9za82xLsUtB2pL1QUyFZWcxFOPK0nvlzEQi66gNU+jqGIiOtpw+QhI2OGGILmBnliMEJhjZ/1sHhL84uQfZ4m73JqEvB5wecVW0fFVp7Pc96esyRpdkZmPJTer1U3lKyaeXjybKz+QCJgwSQH8ko5fIujpKcSxxJJxUPIMrhnnhkNkIJna51b7hL8wePvr/N3xPoCPvWweEvzi5B9nibvcmlSC6t9wl+YPH31/m74n0oC72sAfPp/SmuFf/hyf9RSZK3+VgD59P6U1wr/8OT/qKTJQG/ylKUApSlAKjRubsQQ1I1K2U2eUCAKuFAsIyVKhVEMCZhAuBWZrUVFlCbuYuAgOYfjCtFU9FxExGCvhketlYUPsdvjJeqt+bZkL0h8SPIY2W0WMHVi+rMpOAAmUwEFNGy7MQxXmpFSoAOGYxgyYTEA4CAVCwzFNC54Fw8csxMbUBRtxm8LcM8mOlza345SnBMexG4G5JJwSy25FzmSR2aNroyl9WUQowIQihNNxpTQQMiqETR3mQKKjbWG6j3USLTIoFm6kjl1aQfCXu5MkPRDym6h7nSS4pod/DhIj4LgSy5zwpp4v/W4iiSM4GUbVlRTMH1RXOliMUuZQT1JXNGzyc2XI028czysjA5C2b8Gz6b0icQfHYvNk0WOJydqxGDFNClc8Mww3DGCNjGzsK53wve1jJJ0tNYKG8L/w8DQI2OdrZ2vWdqBG+rTrOPTJH7G4Q6miOaIJA17ahtO7cQs4ZLasB7KMtfT0sYDC4Js2lLqQUDGyCF7ph4fIiBXFxN2FxTjo0eGhpXV2EVV5I0YsmiI6azdYRuzfc0Q090R5H9W0Xkf5uJqQHRsbu88JUdMJJMq7WuGC0DXyLW7IDkYTIZ+vTSKSQyEotZMNNcZyED2ZBfDuAcRQjRLI/k4zLg01cZurcv6d6wI8ISruGubtpaI41lTh6WXW2PA7tR4bWAiBlmsFddF32+85Mu3bWPGEl7iGUbERFUyDeT0UmiICTjVCvR9uKHjs2I4mNf5un+Ao22nk6bmo+EV3PiZ0kF/qzGRWXJD4jxFjWLRljMyPEiOzExv4hB5sQRvrRpxG1hyjqVzKiWsU7F6NgZcUNTLzGceaG8nA9dbNGNxiLc1wHcSuZXzLRb79XpnT3JHZVUMiC9rg1hIyb4ywQK3LlLO9Xcy34PJHV49iIzbhY72aKxGbbNB3R9pJqrqd+dK0/EhbRf8Aw465/wDqDjerQmnsTDOp3HVEuw2wb8SY1iCMNYoYXXk8FnE2MXTyorDaSankyZBPLnFRYWlpXPEERAQUckeWF1bUCCSlEjZ84XAEqj6WS4ElG4UJ9TVE4AVOO2S9em+ggDCY4CKKsWmFquoYmVxv+EYfBDbK0oZB4/wrFiBga/8ABCyrt/kV2S1q014tNaUTbnVhH3FU5GTtcoEijU9zNhqr4MmbAHGCVzbaScs80heSmmGiDISoKZd1kNVUUU3coRTE84qKpQqNNUsvx9E1RdGXtPoKPSDtcWmw2fOcr6eckkKapPhQbxdG28k/WBITYGARnccLEmk8lkVvSi5ZSRWY6szpEVtLyjGAAK6CoJt0sM0Ipp4ZmZO/nKbrDxyxhAczTld6uOM9iZeZkQM14xeAx1tARjL5byw6kt/u1XdT8ZSYSjQm30Q2qKbiRji8dBJZgGiiMdL5iChUvcu7K5T3lw/biujZ166TQHGSTBhZVU9WoIh2RJYdYKSmuFsHUdoq2xTzlpqNNKWG6YLJoZk6x4LOowRtPECQ1E2TxKqYkI+UxMTXjwwdGXRnanknMkOqXuLZMcyWvlQFZOcKauaphFVpPWiR7AcspklYqaMl1EqcDGAOgGBgjGAgYmeN75yGTVdy3pBJJBJXurK6QkXDyN0ljRSO05LkfOEOQB2arqjgIt228La1AehTUcubPqV0kAzhIj1VGe5Fknmdt3IvdsMdeNqeWWASOUUTGeAN528iMU7P7uaVhR/x+bNNCAlqchmQpHdgrGHLmftADhSzC4smYoW2iXGU0x1PEkYboCS4QRiFy7ZPrmSeqJasZTVIp0lz8ISMDwr78IZdKTyyMkwEHglpRUmXLJyaGguhqGUUEgSADDLFAUoYgSzTwS4YYRTvUCwGGGIWFrfq6WbMRPqNwYaV7Nz86bNeLIg45NVXS7lrMPvs8KXLQXHqckoiMSuIFmrOVyK5lLbTYRwxcB1hfVExNCzxFNY5WDWGSlDKlHvL/wAR+k/FTx4PTeXSlyy7rBufrstRGpsnYZPn6U1h9za7VySmi2HA3pIRnO7lRpPIZ4JauuuNSSUdqpScEKmjYjplmCXXm6aut2agjb3k9429XGixNiT2lrvnhma9SZtastFIWiz4UWI546TXHKUNsZXTlUgfYptWcS1gXNKQmRzuyciiNhVLm0NZWyZutPX/AEx2R51pSi/kE5PE1Qi3RJqLJOSdHeNoAznmVdiSJaw7Sm/Z8x3MENxGHMjChH05tCgdsvIqlkUCBbDAUFRFkfUM7ZPjCOD7ORH3IbCYam/Vss1GAkO12t5rn3o4zJgkRJttnJ6yoETDiWxzSgnlCyOignD4pg8SLhFshDIGGaWvOf7UktWbdZWeX3GaqYxuVfRXV/hvc3HZLXFVZ8QRu1I26EURKHFrcmyVHue2pi5fAWcX0VkpgvJ5ufFzpN3ME0UVaWCZBPSMRXyImnSoh002BkLbtWMXmD0YJ8PK65edXSqRnAoTY35tQDk6RXsUVZ81M18sqaH+KkryBFbmdzUNSVDI91p24pguDHdxYQBmGjJVGMo2CNiXVdh7DdpR/MdmPpPKmiJB6NRuu0kSPY44nSZRxpBNYLFTmON744mi4JzAIxjje+NhcM7Wv2LUz/OMUsNNpW22SUNPJyulKUApSlAKUpQClKUApSlAKUpQClKUApSlAKUpQClKUApSlAKUpQClKUApSlAKUpQClKUApSlAKUpQClKUBlB5z9I9/JigHkLnuY+QxwMbT2FoTkR/6/6jaztcWORH2G3GAGrABbPyEeMmlZ5EcXQXOE1Vll/D7acCUVIrqMNHyobHSCNt3B9+KG46f0UYn/V8Cv0Oa78UfyNfogzd+pSnX5/B9+KG46v/AHf/AIKMT/q+B/8ANoPM19ekkZ8tWWDp1zOPTc7kS5cZVR1XWJF2vf2rGi8GyvsWvwRB0fx3FyahmhnumlkR/R2WX5DfRR0o+SqoiKow9llPcJoUqZBybVkC/wB4qdJVjSdmy82mJuus7X6dyC9gnpqSyHFjd5m9dmSPmqhqrDbs65SI8MpOZJm+aQAikg0RuE2+ZQj6iF3+quhdHyzidFu4wdOp606mOR9u4aZGysvRrs7LmvYbJnNGJyIzISTGwkMheXEprR06cFJsojrdrhdB9dcjy8E3cJ4IFCTip8oCiCd8y94mWImaK8/HJ1xta8qSoR01H15YW1zdicVZUVtvwpKq2PCAZptoGKibOZI+C6mS24DIQNswjp5oojGIqYqp4skT1J+oL6xGeQd0ecmtBtX1XTR1Z4TAVeBSK9nNh9odleWGS1TdXF9PRRNa4R7Z8S7EUU6pwqUuoCJbUbKAzZEQQLuIgnDEy6w7BDeBY+ZSx3SMSCcq2tqhqLfAZsy4oq135drK0pPqfNEtBtlp1K6kys8XQZeiisQdFyA8HUutFuSCpZCAuFtoLSb7LW0Q0XFySARHmZPJoJNKUShIvchurpxp7zHa9HIWeEzOFzRs1ZBMiKLj1fmtCLHEd+pbaPJZptOg+iBu5sqQyeku4JROst4I6iXDGMoykbS7dgpnnn80wc0+IcFc9vBO51RrSeFpjqrLjU1ekdgxozowVF1iz3BEh2bzRdrXjdGRWyO8SJhwNQ5krk0oddVnGqvDFYU1a5RMGsrZowyTfohPl4Lp7gkfDDil4vo15nNaVzk25ZjEibFS7tg+ZNVIQavytykxGLrJE7WeK2w0FLiFrMl3IBRBO3cDZWVBMHUcVRPu3yjXM5po6uoOpYcsxeCWY5zhTankg4d9g5YeE3Z6KvVmvDWqR5HVhV+RFHXKUE/BYbzZdC2aEuaPhtZvrcaKaXbOxnBNHei0hJ4xFt"
20:09:00.035 [Test worker] DEBUG org.apache.http.wire - http-outgoing-0 >> "IzZSScmujTvlvvvhP0gHQTRYbNrteR2MvFQM8LjJjgakyyGnHSp4LG98i5k0XxJrIWAtscxyCqSO2tcI0HllDjj5zxkzpOXNjK7SvZRZEdQRrPCLgWCt7iEsH9kyIeJGkowKHjkDioJ6tEj8SMgRBbD4ZoRvHuf8AXEI+W67gyQcrzSeqOmNBpRhsiqanaUpQgpSlAKUpQHTmwyNNTjg2V29ri6mkxJ2XmI4kWKXy+iJtVajLeqqnjEEV3LCUSJKIyqG2jBiy0WTMyBsoonSRYmoACEBzON82i70dLTWP9JJFlzcSTJOfe+zWiOQZblDkWN7DTeQebQk9Fby27B3m1RFB6JrdLshjjgdyIE3E1RDaqiEMja3ngrDBDkdUKmppqKmqCwsKBJJSEkibU1VUUjQBFOTU0gAIaPKB86aECLEyRMsEKYNGjAoYBcAMQYUTAPDLK2SRxntjekuv90NBgu91608G8YyEaajnfKDYVFmfkQdbGVgslcm1cjhe92tB6YrFgwyhtRKmCnfwAB1XSXG9yw7ZiJ4f4xW8sRUdoPH1FFjZUTyxJvimmjkI3/wCj7sZytOYkhm7qvdqSVEkebKSqWVlSwqaz5ZW48KSosZJycpqSw+UxiJSolpzjHJqgivISEUdTiufFNKthYxbQ8AGkmrfGtNuxj0f8vEeQKC9b3rNa9yFW2NnAnJ61sSzGSddWSyWzUH2GjZth0PskC2EVt2QMXMYRVIiXKKwj/MYuQbT61mtBenmvqc2G0QasLa767RiLgWL2F8GtSPY0j1BGOqCgoHjYow/eaSjJxtVW1lSMmlA8NidVlU4cPmTJkXL6lMHYrpMjzLSLJio9taeDpjPwfOMomTBzbamXkEWGKuilsXu/DwN8DTSiQsvpo1iBIMTPNPNExCKCXOPkjlILJNu90elUl81KyLuzzim2y6fNSyfQWSN1N/uCaEXoSmEtDO5k6a8K7YT5/X2wKsGUZWT3k4I/ITEIgpxlIsO7HSwkIF6pigSzKESzsXSa6XJZEAMCGdOXI3wvaO8cnFbI21yjKkotrkfiJiNp0pO9+OxEyosuyxtAOfSBB05FTlGQTCSKmP1euoJSU3CSKZcCE17+GjC0YWUlYc5nYAIchbWeKEMieVI6gyFoxbzcZyFdaV2+wI9ZLaSCxJutdALHVc2mIaMnEywJBISSeRgHDsYlygGOWd8Mb5/eZviMi3YFCk3lNh6ZHaz9uNdYeUJziFScYjCmnWlawhlhiOlKJm4ik9pvNmEw3MitsHvJ4N7ItiQXRyDvNkl+xTIkZXDOz57b4Oo+S3kM3UiLg90HMthTVGJyD8iCZqfr1dzgAeLLuZj9mGOCzhkV6ESoQJfNnuxRFI4N69yRIFTYq4+7HUYBOVkEkYJcc2v6Otr/AK26LSDOun7+n1ickuukVLU3JW45CcpXvJc2SLGjfGeLrR3skHXidaQaVJOKMoJSSnpKSl3b6gbRRDamppwTiLOCD3IhuS6dxONno8XKDLaImtgih8isOLE9eDC45Vrpi0zH86206XWETHzM3R2quqEGuZZTwThscJKKrqckZHjYggIw+yLct9N2MtQNppHdZwuSa7H10ml2LhsyJhgBglIUcONTN9nLPs455Cgl8ggQ7WyyHFEwCDwzzzxxynPHSbor3lvN0d19SabJvFbpBmeOfEPuWtcgHHBqntc68SWD7kiPzSdJPg4sARJDyXHTnX4ykBTJphf+JSSC87WerOBMSg7dzIJiqSLhXzBwDEzshrPr0XBkrrJ4RtQ8XAXMEjLrOTk9iBMziJgKEhOGepJFQTFsBMMO1Lq6UAVXSeQdxAxiSoXMY59kbLDDQVVzcqwhae7R5MoXSJdhH019oeMXVaVZ/kfUnjo2Yfz4J7YTnGDiOx+prRtvZoIaBGrplQiFcdiss4Eoh2XsxTZNJMo7hWHOvgqCcxO3TpEuHo4HFLIETBuvTIB860S6poXhqHNz9eNk5vdzxRnBkDkMivXBVUZhWG9IaQOpYAGlYtidIHFEjY0UbjpahwYBWJ3pTnB0F7IsBShrYeM48mCO3Ze1zjBklvo7nRVE0QDEGAUCSYsAD9wWEi2eZtPWEywCsjDdg6QOFB8MRsc/Mm9HTQoGydUqcP8AuRsnxxy3YI8vJkbJElL8jaqu9cLA5nCqW+o5fBpZUrpymcCBKDKausvVDbhbPE6VYSriQBTRb3xp+8FgsIo7/mzOvqFVLBNso5lqIuE3cuMp0nAXZOVGRx2bbN51zmaYpWN1GSBSEDyWGmL6y0CTkdpUgvXRfBpNdOgrxuy6rlDq/kGSEU8yJbMRI39B0bf/AML0f/8AUyS6s81P5GZY5OOjg7/zpOyCjJUxMTWHfGDJBXG0RDSmy/1pj62LK2WfiIllxByCdisojwSii4WSDGaH41Ji+Mhl0tJGJoydWHI39B0bf/wvR/8A9TJLqESSfM/JZl0aNyK2uZreHimeygbEPasye1NgYExWB+3Pqms+1jRSJBbAJHtccQjeDaPmSSw5zYONgw3NJgxW2WVw7gluoOlCOlV2cemq/GI0VA4EnGWHsLyFbI3TBbgmUuIdXYgkZWYKefFD7OWCY/3Kjv1CLXGuGEC6kpqj4WzMWAGKc7nsAXSbkn4OuQwllmmRttzAjJ4y9m1O2WRYiMsPllojt1zUlk1e/e+Rk8/M++VVUP5Y96t2MCoOYtgMLDk+q4KKZ7myN0kblQU7eEmSmQVsRx36qKd7WEJWi6BIWXDUqL7eFEvnkOgSA605iu5OOgXxwsoqTpJ5Z2zsMSJxJItErtNd2itYSiEki0Su0VVpsrrVUbdLAOENLnVb6O3qyk6yOpgMjYBQgyVy0RuuUkNTckeob2EmeUPA511o6MLgpGErEW1wxBywCn4PFECURkJwgFBUJRp2kzTjYfVTnh4RnFtRvFL+7c5Tm6ti3E+HA8yZBoRQwhWrHeRdPbEHxUkiGEpgt22blU7qtk8coTXhwCKiC3m8Nc2VHvt6N9+JL0H/ADfP/wDbdJ9Qs5XP6QB0fL/4IbbfqSiVQakKUpQClKUApSlAKUpQClKUArzoeHf+lw8g354uSX9tStXovV50PDv/AEuHkG/PFyS/tqVqiy8/z2hFl5/ntDY7zGchQPGJoFMm1BBHTHLIKXZEYcONhZyGsjrkrPw/ZIbWSwGXGLGDSG2itlV7r6cWOETashNdSSyR8kdOFzQVXeovAo19oIsaWyXNTIc1bxbUTChJshOGNn1L8jsyEYAu6SQawSjhhRtGTmZiMSOtkooXTXDgDfFmhLWJwJsNkgAVwVVP7nS5Ijecl8Q6y62cmDK4cA7FQ5NbtJglcj17NAoXeMaHzo5LDHPMwnpilJiQpq1+0uEUSSh5QN5BEihkYPQPAs4snafXmMNgIbchI6zJsjRCfjKXyty6tgnhOhFCOAgHi9sww8lZtqAwqWvIxrvYyRWUxQSFEEocLGQAq/H+lSPhU9zT/dCoeKOHyTtGtsookzjR2ccEJafHhDJDZjRya3JJs5RAupOIxPvZagjB1udUX40e5ktmoXFWc3LmEnqJFCv3JYaV1dknqIulFa0OTbXky1Ch5jjKoMiB8f8AtlKkcXRBxgFc2+oGRJMm9uoibmB/GeEHObj7xXIZY5B5AHVouaDGLilwxwpacl0w813FkQ1FkN38qbI2SbM97gRXrwvMkpoJBMPjEkZ2grS4qq2LmAXn+ZGyET24YScCZVPTTIeSnZQBVQRCWIA8k92b360bwxYdm/aC6s7ghiY9m/aiYfJFsDn2meP+zPDt8Mcu1yte3bY45djs42vZmMPUPHRcbxgbdk97tANVdqQzZY0tynEyCO/sSlg8S5KVmvcdlywmghBY4WCLEJHbrnLEsMggcsiOBUbuIeIuONsFXIc6VTdPltROQPBROHIkibmT0o409dDAI1zCIqIkKGnC8ZtOlDF744GCZqRBEB5N4wVxyAGT5DPWyy7IQY5u2uDdr8OE+N+kG6bnVANvBalryptrowQN5YXL5srcoklNiLGygYZdkIw343ldyRWkLuBYvbCy85XNn3PEUM0CXj1tBp6Po/xhdHIhpeIDE5IWuULV+YpjzO4ieGBZWmUZekF0kF0UX+GYVGjgtJ7CzMZfhEKtMpfLMXK2QwjejXijvGnmN0DTSEGvFlRnR5TWE21VCZnN9r7D21PPNwqa/wA/MopIsQSRH+wiY9mWeU11GKrxFMSHG4SJcZSbSoirhXEBYSE47bNPVCgmeRbEITPMAQUISds2dGo4wikcvBe1eZsg6OTkhttZVo+2Fg/YSd28ssRyJieYPI6wrkl6SF1APt4molyplfwxTyC1mkgmg0hwoZzMJQAgfzhs2ZpB54+FZna9zQR15mRcj/YMBjTKpRqiTARYx8BIcZ08fMRu41NGRXTifRiyki4lD6mUDKZqeKmHnmOSCCzsBkjiU5ONmWmrxRtpzpSm6oNeJAyhyFHuuelsE6wuR2ttRCzKLDfHlNDdD0cIKWtJwo6eqpoyYbRVEkZMkVNJUCYooIj8p1ijNd6danL+jcbtTpvhxdR3Kexq2ceMqMaQ5AhpWkNTCDDV5GS2SKkHm+6VzMEIEA6uhoziJttZVsA7jrai3jKypCDK59QGEvpqNuoupcHaOa9RzrDro1cmjFMYphkiiETR0ZVWVNQVFA2tOFzOVZMWsYWHI5V1QPrKwfzwBAuaN5Fk8onpZYinlZJUGY4pSlAKUpQClKUApSlAKUpQFbfIjrzvzsumRfG+nG5bc0qj5TOukLY6Rk2N83zOx9uigIXiqmQqpnD5FGaR0bMNyl19dyNorhTczSGqIC1fvA+kKVHfRoYnygfcPnghbKQZDle8V7YRKwrSVLLgu6pKe+LYzn1Jxcj1cVwC11ZwKeJWxg+b7gFbMTLtccexja99dFZdOB78Zh0jj9O9nf8Anew9Af3lQd6zvDyuawcRi5K7tifTxqa4vTdze8yx3ydjc5JzISlRabTKil3PVOOpR9FYRVXRkpQd4ISkUInEp9BquQwK+126pJHa2oPFtpzDm38Z7H8PW6bUiKFmanLbb241Ji+UVPauHZ6InwwybbNqN1OeFczEj7Q8/CIxZ3ZhOfLFQIpGachEQs3mWeFeWzmnkU7TdKzDirZ4uorMNvzjva0kEovHWFFJak7Ax87QA0uP3mXTDhMdzMpKe7OPyUotUUeycrLMapmC0VPJGB0mb+zzO6l6/wDF3tJxTb0cfkas7WGZXLuvH2tUgRrBaKRj5mThE8g43NOBEXo+bIae2xsbk0c001Q4mJRI0q2fZA0rGDaqhtc6lFbh46L6kz+FSoVPTPsqL8QfwqKXb8jPGZIHI7N2tyJJuxK81+P+NwnGs7AapsU88mQ49kXecKqeDaAd0jtFyJBoNjIZkJu2ybuJbA3YsK7B05SILakiLCDTazIQivjQ6QvpVqRxnLDrZ8LT/A8wOPdvU5Jk19SPF7DTW60ncsx7KyukvRyO0ywHSrraeiZJxo2oFDOYZdOSkkMmnSMaLLmq+QXBDz7MObWdzSU2U97yVHTnJmY8SpASkCWh2OvpSghLDlbaKVUwXeSBKFhzlyjnTSPc0w6BYyEaDHLdnHJUPrnj0eXlE0NQ9WXqqSTq7yqTUc18muPJmQGG7Zqar9NLrISW09W1PxBpIknLLTILUhJi0ZazmV1ZLJWSnBdSsrqTmR1dqs9hp/NWlwvJ2zOjVXOaTnFnjQ6Xnw/iXHJxwxGxluVYYYD0cTFR9iZ6kxKQVhOT5HVWkqJC+dQ0sBwrKTiCGpFhki0ZqJZv2TDD2W1nPiMmQ2R4DOVrjux1Dcj8afHryNyKc1emPVpwP53vmN43mJUUG0iMKQ2Jm/F1dUG0OqLj1QlgYx38fOlE1rP1GzUQG85EtLRu7+LATCM+kNc98ROi+JV3yUR1mm9ogGbXxHVmEUb4xw+pJmQmONzRAgLMbRTjohfugJY/2CQudhy+eGP96RgIG+doeBiBEHLvmQHxyZR+/U4kWvfM6SZscOGPQHk4RgwcBRwE5GLu0mpGjPaXxxLkDQuGItyotg5OqoqIs02VeJT23IkWR1X/AMkiitNUeEpXK4unFfyVcdv5wdjf1ciGtvUS/wAlUZfm+Zn6uJtYhenFfyVcdv5wdjf1ciGtvUS/yVRl+b5mfq4m1SmSyJs536Rludtiad8/S7B3EZptLalAjOiOAnmpRyu7cSMgZiXXFySH0gChK55omCAKY7DKIY7UNHbjrYyO1yaU6cnW8xZ5yv0brSJtMJWXOPIWVOPzbFvkM1GKdhoinyfDhoF0pweQ6UmyciuuRXUSezIWTmAZN2FxCeC8YTDBvEoo5YCGCB2IPRR1sjCLM5IuOx+jAouwutG+UmvN0Ng/2hFWV2S7G+yY3THWnFRsQx1pKsvxOp5jrZPvkmGmuJnCZihFltGEPXJbwQDyWv16n5F1G5LGtqZFjfjcOx6IlnSiL9gTiq7kMVwqiu6MJCeL3QFUiCuJoyKlBoOCUOSS80cQ+CKOIojhBoK2zJXRM33iJ+knOSN55TWSkQOXBubDNHo9O3LX2skNiSzPyDrkWS5GkqN2ocZDUeqsUfjXCAXyzXOGjNktRPJ2JPNesQwTkc4uWUD6KgtxKNE0BNrj6Lk41jVd/T9xtO9QOZoT/gHVfk01q8JDZC5qbD2ShWM7zIRTRTGOAmaaynqqslqghA9vgOsJrsUM8biiGThzgiRu1sZyA9FA3h2I2leZB+SuoEpSaZpwJrTazLKiITXkdgF0UrZEZyQiIuGZYIwLjmZwI4mTF8rZGBRMscb2/ZlcETT5ldGE5Y07PNPbTS151L0Y2rWOzfIAWDNj9eGqE03A5Msb4CXb8aOM8/HRcQfMQK7kVG5bDHEzYEM0nfz5gkPpvCrNzBNWRIS3gk02WYPST3SqT8U0X4oWUonA1nd+e85BmoNHGvkopur2sKZnJkimRi+N8cQRRjpUk6m6MazwLmj8aKBa3YvgIYK1saTf0MDYH82e2X7eXFVhmtpTLeTmT5bN51Dsq0V6HQge43ddjQ1rjEMX+TRFp0bEqqUKFbvfFXbLs8ZUMQzjnnkabclkw8u62DCyL156Tf0MDYH82e2X7eXFT5GZ4/YwJx8XnADxE7D8belMyy5p4jOaUpW1qit7vt7lZZnxsLKy7HC1SJ9XXA7tOVEMmlGjR0YQxYNHKECgOeXagFwwrWDt+FpjaS+MPn1A4powneW5p0i2F1MP7CMmLpjfSrJqrrK60wV6ihJDYdC1kOqpaKLnGy0XDR7ZlSiiiSA2DK9gsuVGBcKh+rxdaZcv0gccGla9FPNChQPEbl1ritTYUap3HDA0jOGO2iea5ARJaOMhu6QgjTlNoxATEn40qiFieOig4mxSIYueVsbV9AOHuLdKZrlHbmQpumTcbdqaUMNsP/ZieT6bksFGtiIlCDNSPGiigBpLIbZnwAgAZEsjq8cIJyKnoSKpJTcDzRxG9UbpfgJrCcOleqoyMsS36lKUApSlAKUpQClKUApSlAK6c2GRpqccGyu3tcXU0mJOy8xHEixS+X0RNqrUZb1VU8Ygiu5YSiRJRGVQ20YMWWiyZmQNlFE6SLE1AAQgOZxv3HX0lNTTUVNUFhYUCSSkJJE2pqqopGgCKcmppAAQ0eUD500IEWJkiZYIUwaNGBQwC4AYgwomAeGWVgMry70dLTWP9JJFlzcSTJOfe+zWiOQZblDkWN7DTeQebQk9Fby27B3m1RFB6JrdLshjjgdyIE3E1RDaqiEMja3ngrDBDke4eKaaOQjf/o+7GcrTmJIZu6r3aklRJHmykqllZUsKms+WVuPCkqLGScnKaksPlMYiUqJac4xyaoIryEhFHU4rnxTSrYWMjjPbG9Jdf7oaDBd7r1p4N4xkI01HO+UGwqLM/Ig62MrBZK5Nq5HC97taD0xWLBhlDaiVMFO/gADqukuN7lh2zEWntrNaC9PNfU5sNog1YW1312jEXAsXsL4NakexpHqCMdUFBQPGxRh+80lGTjaqtrKkZNKB4bE6rKpw4fMmTIpEp432lujNQIlGdZbwblERmmhmC2h4ANJNW+NabdjHo/5eI8gUF63vWa17kKtsbOBOT1rYlmMk66slktmoPsNGzbDofZIFsIrbsgYuYwiqREuUVh"
20:09:00.037 [Test worker] DEBUG org.apache.http.wire - http-outgoing-0 >> "H+Yxcg1kWgskbqb/cE0IvQlMJaGdzJ014V2wnz+vtgVYMoysnvJwR+QmIRBTjKRYd2OlhIQL1TFAlmUIlnYuk10uSyIAYEM62Epg7FdJkeZaRZMVHtrTwdMZ+D5xlEyYObbUy8giwxV0Uti934eBvgaaUSFl9NGsQJBiZ5p5omIRQS5x8kcpBZOpoQ5C2s8UIZE8qR1BkLRi3m4zkK60rt9gR6yW0kFiTda6AWOq5tMQ0ZOJlgSCQkk8jAOHYxLlAMcs74Y3Njr4+X+dDY66M3uPqpj/5G+F7R3jk4rZG2uUZUlFtcj8RMRtOlJ3vx2ImVFl2WNoBz6QIOnIqcoyCYSRUx+r11BKSm4SRTLgQmvfw0YWjCykrDnMyi5LeQzdSIuD3Qcy2FNUYnIPyIJmp+vV3OAB4su5mP2YY4LOGRXoRKhAl82e7FEUjg3r3JEgVNirj7sdRgE5WQSRgl25zN8RkW7AoUm8psPTI7WftxrrDyhOcQqTjEYU060rWEMsMR0pRM3EUntN5swmG5kVtg95PBvZFsSC6OQd5skv2KZEjNT/IhuS6dxONno8XKDLaImtgih8isOLE9eDC45Vrpi0zH86206XWETHzM3R2quqEGuZZTwThscJKKrqckZHjYggIw8lTdktTZGTqQZEaLRjxdZQSFn0nDtf0dbX/W3RaQZ10/f0+sTkl10ipam5K3HITlK95LmyRY0b4zxdaO9kg68TrSDSpJxRlBKSU9JSUu7fUDaKIbU1NOCcRZwT3g/cta5AOj0PTa514ksH3JGgOz6dJPg4sARJDyXHUfynGUgKZNML/xKSQXnaz1ZwJiUHbuZBMVSRcK+YOAYmdpW5b6bsZagbTSO6zhck12PrpNLsXDZkTDADBKQo4camb7OWfZxzyFBL5BAh2tlkOKJgEHhnnnjjlnM4eGSusropzjxcBcwSMuvU3kHexAmZxEwFCQnCpz6KgmLYCYY9qXV0oAquk8g7iBjElQuYxz7I18Mbk/jxmqbrRGiq7eJJDH6J6Ev/MH2v8A0vh/2MRfWz6sYPQl/wCYPtf+l8P+xiL62fUApSlAKUpQClKUApSlAKUpQClKUApSlAKUpQClKUApSlAKUpQClKUApSlAKUpQClKUApSlAKUpQClKUApSlAKUpQClKUApSlAKUpQClKUApSlAKUpQClKUApSlAKUpQCsofTI/xR7d/S+hr9SperV5WUPpkf4o9u/pfQ1+pUvUBP8A6N9+JL0H/N8//wBt0n1d7VIXRvvxJeg/5vn/APtuk+rvaAUpSgFYA+fT+lNcK/8Aw5P+opMlb/K88vpIMkMiG+kpcTEvSYvl2pHEVMfQ+SJAdBsueNlG2yGNvtObnda+aKphU8pGS6OgpZ9RGLp5I4eGDLZBlCpgxkGFmB6GlKpC6yDwl+fxH31Am74YU6yDwl+fxH31Am74YUBd7SqQusg8Jfn8R99QJu+GFOsg8Jfn8R99QJu+GFAXe19NQTyCuQPJSqRKKaWpkzKepJqgWBOEFAgdBzLHCJ0oYwELmihsuKIAZLDhiAjgiZhC4ZYZZY3pO6yDwl+fxH31Am74YU6yDwl+fxH31Am74YUB0K0eDTZrV0KSYx43+WmZNMNTpMdC+6xddFfXWL9iR40PO0S+bjJwfLD4c7fdkYJ4uAgoSTkRJKSuni9wWTyusOgG6+LaJx38dsCca+t5XXOE8XA4ySo4Ft9ShIkgHCy0/Jgkl0gEyzle74PAlSpMycPE09OSCSeXKBlE9DTCBLO503ieUj8Nesg8Jfn8R99QJu+GFOsg8Jfn8R99QJu+GFAdFtbg42T1ZUpXafGTytSno9rRLrwXXyoa4LOtMU7KoUdLzosHiu4wm8H25G0uRmnXBwsUSwSJVSPlAACBhQU1hYTiqthIeEuFONtZtI3Zqlrts/sxEErP+VU3YCQdzGy5kMae5AnBMVCC1i4XqKqI51FcDEOHE0sQVY2MhYkVhAzUSiutH1tecTjWPzOsg8Jfn8R99QJu+GFOsg8Jfn8R99QJu+GFM6+k9IP3meUTY6aXeDyedoZdhJ6conJu/wDfKI9eXsnyVHeuaPrNFGr8aLT8R/4KWuywXjpwuMGR8QgchipguKloYwiecVEYkdTkFdcCSrWC8nnGxGPJ5Ajdh99Pl6RI741k5szXCsxx53lm64ylRoFlQkjL4BBQtgVW0rMmsnwFJEFNJ2ZjO5I+RVExWTE5QLRf6yDwl+fxH31Am74YU6yDwl+fxH31Am74YUWP5DoLGf10daz5xEb6bh68yPrdtzzGPh/MJ5MhQbxIhEWnERQCWWXLYDC7cXpnFb78crnktspCoEXWFiOme7IeQXcYLhFFgzZPtcrfl+wPC2oz9phxgajqmz5ZAM8bkjazvgKRysICHwpjTtamEPHqOgZM0SYCuUfGXIkd4mDi1Z1vYNONlh7hI5wI1gGV/b6yDwl+fxH31Am74YU6yDwl+fxH31Am74YUH7zMn5v9qh8+bTXYTUjx9+S75eGCZY/ygeK3jt4q98qKef8ACnip4xtHw52neHcu8vGRH7buvdO+8e59pnWPu3wku/bvi8074zUHca8QN7WBFgRHd8l2gLB+BTYBAcUix2gllSPB5laxNtIqot5ln0ZQzrpepUBSSkciIIe7wxUROedZB4S/P4j76gTd8MKdZB4S/P4j76gTd8MKA63K8c3OcRLFyRLpEQBMmTABKlChXiH04LlipYuHiEAXLgBPTAIAAALDAIEELDEMMPHHDDHHHG1rSy3b4s2fyGajwrA2zUyvY7PsGfJy92buNF6GgxdJCXsIyG4STFqZG+0kfI43GsRfa2CdX1iO0k3ZISO+iALcVktWbTbcKZ0r1kHhL8/iPvqBN3wwp1kHhL8/iPvqBN3wwoDoZ78G2zW2h+Lmfyb8sEobr6zRU8EF9FNdGzrFEusKTIa+2O64I1pherAcrkWpATcioohJTLjEUs+MCZPm0dUQlo6KrW0YgAAlgQSxYEIuXLhBgAAAB4BAgAhYWDCBBCDtjgGEHhjjgGHhjjhhhjbHG1rWtaqR+sg8Jfn8R99QJu+GFfHPpIfCVhjlnffdgXtjjfK9sY9nHPK9sbXve2OGEX5Z55di34McMcssr9i2Nr3va1M/zbx8DP8ANvHwXf0qkLrIPCX5/EffUCbvhhTrIPCX5/EffUCbvhhQF3tKpC6yDwl+fxH31Am74YU6yDwl+fxH31Am74YUBd7SqQusg8Jfn8R99QJu+GFOsg8Jfn8R99QJu+GFAXe0qkLrIPCX5/EffUCbvhhTrIPCX5/EffUCbvhhQF3tKpC6yDwl+fxH31Am74YU6yDwl+fxH31Am74YUBd7SqQusg8Jfn8R99QJu+GFOsg8Jfn8R99QJu+GFAXe0qkLrIPCX5/EffUCbvhhTrIPCX5/EffUCbvhhQF3tKpC6yDwl+fxH31Am74YU6yDwl+fxH31Am74YUBd7SqQusg8Jfn8R99QJu+GFOsg8Jfn8R99QJu+GFAXe0qkLrIPCX5/EffUCbvhhTrIPCX5/EffUCbvhhQF3tKpAx6SHwlZWve2+7Ata2WeP8KPZxwv2cMr4Xva2cX43vje+N745Wt2uePYzwvlhljlf5dZB4S/P4j76gTd8MKAu9pVIXWQeEvz+I++oE3fDCnWQeEvz+I++oE3fDCgLvaVSF1kHhL8/iPvqBN3wwp1kHhL8/iPvqBN3wwoC72lUhdZB4S/P4j76gTd8MKdZB4S/P4j76gTd8MKAu9pVIXWQeEvz+I++oE3fDCnWQeEvz+I++oE3fDCgLvaVSF1kHhL8/iPvqBN3wwr/QLpHfCgPlfAHfNhC54hjDZYBx7OGeVgi4IhgwLe2MX3vYMEAIQYXO9u1DCDzzyvbHG97AXc0qkLrIPCX5/EffUCbvhhTrIPCX5/EffUCbvhhQF3tKpC6yDwl+fxH31Am74YU6yDwl+fxH31Am74YUBd7SqQusg8Jfn8R99QJu+GFOsg8Jfn8R99QJu+GFAWO7r63fPD1H2N1Y8c/k7+cBED3inx78XfG7xS8ckQ0j+HvFjw62PD3g3vnvjwX4wo3fnadx8Ile27rj9fR7Wf5mmoWumqnjt8o/yAxQ04w8fPFvxP8bPFdPwIeHPFfw86fAPf3ad18GeMSz3t2e08IGOx2966usg8Jfn8R99QJu+GFOsg8Jfn8R99QJu+GFAcNffDBMEb7OTzs9xn8iL+4+Vjahdu89hosMa/RntBDLxkQYU6ZUZBbLGkZbbIDIdKypKKgtqiiXNq4wqupqmBXMm3zlm+BJvjZ4q2Bx9Kc5yyuS/Im0e2m0biJObYfZ2WS6YQczzMJeZwRJb7XbKTkZIMVlJwp0cwA3Sqmri5Dd5lhVTNEQmsjIHS3WQeEvz+I++oE3fDCnWQeEvz+I++oE3fDCgz230no6sMcJE4wBOU+S5xeclT/wBAmrs68T0kS/BitrdFe00S4yIqZmBVN1xmgSKvtfGODJ0cyKPmAU8L3wwuXRsDFmqlIDdR5ncafFzHXHSnzc7LypIex+y20T2LSHsnsrK/eADvkpxJ+SsIkEE9DS7ip7UaSKYX186loIR1XNhHFw9iZWjSeWRE5H6E6yDwl+fxH31Am74YU6yDwl+fxH31Am74YUn353XfzTZBPvzuu/mmyHTydwgT5rS/ZpP8XfJ1I2gsIz+8VeRH1rie1sirZiPGs+HACCWWlyFRn+4WybiixouACACWIgrOYBYsmEczRhNb7bIo9hHGzxqQzxoxK8GJHTle8pyNLz9VZZ2An2VD4CvJ80ycuZiin3G5T4AQYZYgWEMHLoqIDkYxJCKCqpqB9Yca4vrytFjrIPCX5/EffUCbvhhTrIPCX5/EffUCbvhhTOvpBnX0hd7SqQLdJD4Sr5Xw+fuwOzjjjle949nG2PYyvna1rZ3i/tMsrXwv22OOV8sLXxvnbG2eF8vl1kHhL8/iPvqBN3wwoC72lUhdZB4S/P4j76gTd8MKdZB4S/P4j76gTd8MKAu9pVIXWQeEvz+I++oE3fDCnWQeEvz+I++oE3fDCgLBd8tanXuPp5sFqyy5gGgVanmPlCNRpWLs/J/DNluOQ0TKPQvg0sHaxclfxlZ115p5WxdSTclguZKPbmu8+8TVLEAcOfLzq3DUe6+wJz6ko7h+K0AJssNmEOJzVVWAREcMyYO5hCK7jkhZcCwdNnjhtQUldcVlNYVFE2aPqR80cMDD5yi6yDwl+fxH31Am74YU6yDwl+fxH31Am74YUByqfuN7bzabjClLQif+R4d/TJLyqWKvDb0rqix2AbMxyXfSE7RI9Bg6NJKZzZAAPpCJkzFVcCeAY6oiKindQIGbmMgKinE3E3zLQXF8eQvE3SBCTLjGKWY249YDTT+JPUk0UbzQaKSUQ0BJDOKkgHlU/kTTSRcIZRVj59VURsRDymeOHzBgyLILrIPCX5/EffUCbvhhTrIPCX5/EffUCbvhhQEuFTRc/sHoCt6P8iE0GNz1SQGw4W5Lk5EIxZ+vaw8TI77UXkwnQ3o9YY600GG5YwDDZpZunE7JTKHlpkkXKsETYyopJwlUZvgp3hWoCA0icnN5PKnoaG3C8bDwyU1ZhlMmo7CxYsGmBROb2h8ZjjqNN2yCH4vZhHGeaTTLfv4snEUy08MG/jKTrIPCX5/EffUCbvhhTrIPCX5/EffUCbvhhQZT1IlhInFzp7JXHyX4y1tgnCeryVHSBHzaS0pU7k8WqK1TJdWbr9RHQcLHhMZDT3QWxdphwKBM+AuLhhSs4k1WSVhWSjtW7j4Jtv5fiRA1E2W5odgpi0RRcm6lHoJStc4jjuW3mxGidIm26xX9tAScLgejwSieCcUBNirLYMWU8gCw50sIInpneUmOsg8Jfn8R99QJu+GFOsg8Jfn8R99QJu+GFA6708bFwsZRqxYajliRJGDaTmbHMZNBusNitNIwzDTG40molFURARiWIuYo2QCemEixbAUwKMZG7ncUwMMPmIJlziqQusg8Jfn8R99QJu+GFfHHpIfCVla97b7sC1rZZ4/wo9nHC/Zwyvhe9rZxfje+N743vjla3a549jPC+WGWOVwO5eRTiWh7f14RBOpGT5Y1d2/1375wg7aqBlgskP8AaycbHNGjDTcqcdBET3oxhjSgqGMm+ZHSjgV1ddJE1oqjuZ0pa7Fd28UPJjOjVOxDtDzrTM+IFcRAZBfbTgnTXX7WKUHq1zmFyiigqM1thbeCuRLqyWIZTFfFNbRcisFTRgJWTTwAooGfYvWQeEvz+I++oE3fDCnWQeEvz+I++oE3fDCgz1JtmaCoS+B46IKj/jqk/jf1wTScFRM+dd5kgZCVy6aZeR5vHJkZLnaq1I7gLHlpHUX45c1VzmnSt2UHGlGF85jmQwVUgrmWyJQRcfCB4wcHKbwyfOd708HpzfIfOQ+Rbvju3gLZkrsV3X5HvlZB7n313t4ndz+VLPuHb+MPbjdr4Dy5h1kHhL8/iPvqBN3wwp1kHhL8/iPvqBN3wwoDvrfXjMb+9HHkS0XVZTORw4GwlQqYjifEtoZra1H8gwqdboyS/wBGaITwbgvfqomJK0hDEgHoRMp6a6D9yizc2XAMZfHWHjFaOrXFkPxnMyRMj4KlBMyxUvzWZZWJU4uvacCDzu7pQPMazsNCiXwXnobUCLWGfRgUBGT01t4ujEEqCfD6H6yDwl+fxH31Am74YU6yDwl+fxH31Am74YUkG4gTf43tNfJ86SwHpz8o/wArnyHt5wIPyi+KHiF4z+HXu6Hl314o+ND08C96+Mng3uHjOrd37y787sD3x3qB0rtdxrfOe5AOPjej5aPEj5iJiWx/kt+Tnxl+VT5UkQijdp47+PaB4j+Au8++e28UXf4T7p3HtU/tO659FdZB4S/P4j76gTd8MKdZB4S/P4j76gTd8MKAu9pVIXWQeEvz+I++oE3fDCnWQeEvz+I++oE3fDCgLvaVSF1kHhL8/iPvqBN3wwp1kHhL8/iPvqBN3wwoC72lUhdZB4S/P4j76gTd8MKdZB4S/P4j76gTd8MKAu9pVIXWQeEvz+I++oE3fDCnWQeEvz+I++oE3fDCgLvaVSF1kHhL8/iPvqBN3wwp1kHhL8/iPvqBN3wwoC72vOh4d/6XDyDfni5Jf21K1aoesg8Jfn8R99QJu+GFYlOMzkF06hDpIG5m6MqTghM/WGSpN3lW2PLJ1CeRxIcCVKUpqS8wThdISm2fdBcNyJAwR0rgeQiopYPO2B8MoN2Q7RflO0IvynCo56gzuaLWf7UcrFfDeRnczHkgq7WdjVcScVV0ByNtfIGEtbQltKPBDElJKVk00ZIqBE2CKXNFRxQBg8w88sb5/mNwazpp6uOgpxY8pU5aTQo7VxRcg+tUkwzH25UMNFVVjGRk/jGaPKbgbKwySZgXuYhgbBYVXGpZh4XWnIq4YBBhdzdZB4S/P4j76gTd8MKdZB4S/P4j76gTd8MKpTiRfhKdU+SPF0ncoPIFPfIMPCb2S5Hi+JCzIYGqmuSG+0TK+aK7VaJ4bsOoORfRL3yCTFBQfGGeZEyppSzispSsokjEqpt43flj5R9L+Sn5ZvFz5oUWzDGvyL/J34X+UL5WGhITU8NfKN49Jfin4A8fO/8Awd4iObwr4K717/Tu/u+SfQXWQeEvz+I++oE3fDCnWQeEvz+I++oE3fDCgOGcl/A3F3JFunq7t445lPxoUhpPaDPnSKiUfXdCZs/FbEllLlxtx24XAG/mmE0yIayEuklI+dbL9ucAUkU0XIkDTUTsh5X8mHG7fkUvpv8A/FmtD1tStvYy2svb5OvlBvIF45797DDtfx7ZFmpZYscv2XR2HL4P7na9m8d7a9rdB9ZB4S/P4j76gTd8MKdZB4S/P4j76gTd8MKDM9SO5dnuMf5x/JLodyE/Ld4m/MkRpJSfki+Tbxi+U35QkdbSe+PH7x+QvEzwR4Y747l4lOzwh3t3LuhLu3dArWKpC6yDwl+fxH31Am74YU6yDwl+fxH31Am74YUBd7SqQusg8Jfn8R99QJu+GFOsg8Jfn8R99QJu+GFAXe0qkLrIPCX5/EffUCbvhhTrIPCX5/EffUCbvhhQF3tKpC6yDwl+fxH31Am74YU6yDwl+fxH31Am74YUBd7SqQMekh8JWeOOdt"
20:09:00.038 [Test worker] DEBUG org.apache.http.wire - http-outgoing-0 >> "92Ba2WNsrWzj2ccMrWyta9rZYZxfjnhl2L/hxzxxyxv2bZWte17V8usg8Jfn8R99QJu+GFAXe0qkLrIPCX5/EffUCbvhhTrIPCX5/EffUCbvhhQF3tKpC6yDwl+fxH31Am74YU6yDwl+fxH31Am74YUBd7VXWh/Gx8yXZjkc2K+Wj5TPKAzwjTZ4n/ACdeJnyS+CTsiHPFnxg8e3X4+d8ePvc/DPgRmdy8E9v4JE7+7Un0P1kHhL8/iPvqBN3wwp1kHhL8/iPvqBN3wwoDuTkX4r2pvU84H2AYE4yHqNuXq6oqxuCNoIrTEZwLSEluALMFeZj3Za8IUSZCYqlgMbuI3D6mmY2xUltOENjN9zOlEXI3RjwuSY89s4T3F5KN/wB/chUg6wHR1zWxh5QTHWtEJxi7xhiRsN8mY2j9bdBVyPEgqJSOuEVzJSSDGS0hN4wq2VSTfRU4hy3rIPCX5/EffUCbvhhTrIPCX5/EffUCbvhhQPp8Jn5CR2JyE8S6HuXN0HbhQtsPIel+8uuaWoNmMtko3bbdfgRtkKmSwKYY8jRq6xSSI/GwAM4nLcolmFdLKjFXS5UtcBXEpUxJFenoW4aZIUtwok3h5Fd9X9yCzJrkUWAtbm2LCMf62QpEasvhBhKTuKxYwVt0klt42uXJmiq6OrERMlFNRVFWAWDbaaoiF+71kHhL8/iPvqBN3wwp1kHhL8/iPvqBN3wwpnX13upGSNfzmCRmc83t4mCu0GxMXbva27MSBo1vPErWNR8kz7HzPbElt17xwbHOGrMqXYhd5lMbsiJaeYUD2SX36rkMbAm7llkBcBSmvi3uIar8P6+wtwU/kB3l3GfnIFtyzGYfj6GnY44sZMExVCLZVwFMkrix1DTFUl9IS3KoJiysJY69ku5YilltbOGk4yuH8Fgt9LrIPCX5/EffUCbvhhTrIPCX5/EffUCbvhhQpQD04r+Srjt/ODsb+rkQ1t6iX+SqMvzfMz9XE2vOY6WLyZ6L8gEe6Uo+nuwjcm5SjJ5zcpvoqhN19oebeIuhDjYqgmDObxarcCMYqJhFVAwsSGZsQO5TO5jALHMK4mriOOkX8LKLHrDR1PfBgFFJJZjXTFArmwprzzLHiCGRKmy+WYUZiBZ5AmAhA8sg88w8r43vhnlje17gdubwcMkS7TT8390oNmyYNGN6WylAIQezGvRtODMvlBKFS6eTQZlYCthggyYkFUwqXSrhGDiKeVUYmmN9xqK43EZHRyHVypxk8qUnpQ7En3nkl9bitXKCJjnTNetJdctZJUW0oyFkXNglZlRFh9LDbOjlsxQ+/wBuoKfbHMTIXMqL2oeGHKOsg8Jfn8R99QJu+GFOsg8Jfn8R99QJu+GFB+abbbeJ6nP3Xw26+InFXK/FTrMtqsDRlJbUU0XGQF8sqTC4SbkXnEjORwvhfTFR1NPJxqy2cSLWMpqcutREJWGDBRSKWnEy6dbl84cXbOnziUSeK57yJcZNQtYIWgNImnBkYZjkXjBDbZJJkyyBH2TsxyDsG62IkuU4zQn4HmOmjHWxk7bhGRVTPpHrIPCX5/EffUCbvhhTrIPCX5/EffUCbvhhQEg+N7jVQOPDRgXT5NlI7LLrcirLjwlGeFdpiNxZkqRpaUVIQ+9llrCu91mAzqa38m02u5mXmqG1Qo1yxs2q4GTgvcowwlwp/I7wwSDxD/OW8Y/Htsyy3fnCfI34I8FfKg/VF79+fJP8qqp394D8IeDO9/lLJ+E+49+93T+6d6Yft9ZB4S/P4j76gTd8MKdZB4S/P4j76gTd8MKAsd0o1u+Z5qPrlqx45/KJ83+IGRFPj34u+KPjb4mohVH8PeLHh1z+AfCXe3fHgvxhWe8+37j4RNdr3XKUFUhdZB4S/P4j76gTd8MKdZB4S/P4j76gTd8MKAu9pVIXWQeEvz+I++oE3fDCnWQeEvz+I++oE3fDCgLvaVSF1kHhL8/iPvqBN3wwp1kHhL8/iPvqBN3wwoC72lUhdZB4S/P4j76gTd8MK+Nukh8JV8r4fP3YHZxxxyve8ezjbHsZXzta1s7xf2mWVr4X7bHHK+WFr43ztjbPC+QF39KpC6yDwl+fxH31Am74YU6yDwl+fxH31Am74YUBd7SqQusg8Jfn8R99QJu+GFOsg8Jfn8R99QJu+GFAXe1EffLWp17j6ebBassuYBoFWp5j5QjUaVi7PyfwzZbjkNEyj0L4NLB2sXJX8ZWddeaeVsXUk3JYLmSj25rvPvE1X11kHhL8/iPvqBN3wwp1kHhL8/iPvqBN3wwoCLsAcOfLzq3DUe6+wJz6ko7h+K0AJssNmEOJzVVWAREcMyYO5hCK7jkhZcCwdNnjhtQUldcVlNYVFE2aPqR80cMDD5zMn7je282m4wpS0In/AJHh39MkvKpYq8NvSuqLHYBszHJd9ITtEj0GDo0kpnNkAA+kImTMVVwJ4BjqiIqKd1AgZuYyArivWQeEvz+I++oE3fDCnWQeEvz+I++oE3fDCgI+xNxN8y0FxfHkLxN0gQky4xilmNuPWA00/iT1JNFG80GiklENASQzipIB5VP5E00kXCGUVY+fVVEbEQ8pnjh8wYMi2dKmi5/YPQFb0f5EJoMbnqkgNhwtyXJyIRiz9e1h4mR32ovJhOhvR6wx1poMNyxgGGzSzdOJ2SmUPLTJIuVYImxlRSThIj9ZB4S/P4j76gTd8MKdZB4S/P4j76gTd8MKAi2b4Kd4VqAgNInJzeTyp6GhtwvGw8MlNWYZTJqOwsWLBpgUTm9ofGY46jTdsgh+L2YRxnmk0y37+LJxFMtPDBv42qSJxc6eyVx8l+MtbYJwnq8lR0gR82ktKVO5PFqitUyXVm6/UR0HCx4TGQ090FsXaYcCgTPgLi4YUrOJNVklYVko7E/rIPCX5/EffUCbvhhTrIPCX5/EffUCbvhhQZX3tSRGdx8E238vxIgaibLc0OwUxaIouTdSj0EpWucRx3LbzYjROkTbdYr+2gJOFwPR4JRPBOKAmxVlsGLKeQBYc6WEET0zvK1/bqNWLDXGDtJEkYNpOZscxlolOjDYrTSMMw0xuNJqQG6kRARiWIuYo2QCemEixbAUwKMZG7ncUwMMPmIJlDjrIPCX5/EffUCbvhhUatzukGcOklae7Xxyx94GI4Hq/wDWqdWSz0EsxpkLmFt0uqL3ShN9IAMHo3KkgBlJWPlCQQxw0WKhZjY5mBwQccxMQIJ9CX/mD7X/AKXw/wCxiL62fV53PRVeVbj80I092JjnbrZNsQq9XlsqK9mygrjakFbMKrWyi9goVlcEw0Gg4iQIN1ZIUSXcTRoA125XPPuHccgxM9RPWQeEvz+I++oE3fDCgLvaVSF1kHhL8/iPvqBN3wwp1kHhL8/iPvqBN3wwoC72lUhdZB4S/P4j76gTd8MKdZB4S/P4j76gTd8MKAu9pVIXWQeEvz+I++oE3fDCnWQeEvz+I++oE3fDCgLvaVSF1kHhL8/iPvqBN3wwp1kHhL8/iPvqBN3wwoC72lUhdZB4S/P4j76gTd8MKdZB4S/P4j76gTd8MKAu9pVIXWQeEvz+I++oE3fDCnWQeEvz+I++oE3fDCgLvaVSF1kHhL8/iPvqBN3wwp1kHhL8/iPvqBN3wwoC72lUhdZB4S/P4j76gTd8MKdZB4S/P4j76gTd8MKAu9pVIXWQeEvz+I++oE3fDCnWQeEvz+I++oE3fDCgLvaVSF1kHhL8/iPvqBN3wwp1kHhL8/iPvqBN3wwoC72lUhdZB4S/P4j76gTd8MKdZB4S/P4j76gTd8MKAu9pVIXWQeEvz+I++oE3fDCnWQeEvz+I++oE3fDCgLvaVSF1kHhL8/iPvqBN3wwp1kHhL8/iPvqBN3wwoC72lUhdZB4S/P4j76gTd8MKdZB4S/P4j76gTd8MKAu9pVIXWQeEvz+I++oE3fDCnWQeEvz+I++oE3fDCgLvaVSF1kHhL8/iPvqBN3wwp1kHhL8/iPvqBN3wwoC72lUhdZB4S/P4j76gTd8MKdZB4S/P4j76gTd8MKAu9pVIXWQeEvz+I++oE3fDCnWQeEvz+I++oE3fDCgLvaVSF1kHhL8/iPvqBN3wwp1kHhL8/iPvqBN3wwoC72lUhdZB4S/P4j76gTd8MKdZB4S/P4j76gTd8MKAu9pVIXWQeEvz+I++oE3fDCnWQeEvz+I++oE3fDCgLvaVSF1kHhL8/iPvqBN3wwp1kHhL8/iPvqBN3wwoC72lUhdZB4S/P4j76gTd8MKdZB4S/P4j76gTd8MKAu9pVIXWQeEvz+I++oE3fDCnWQeEvz+I++oE3fDCgLvaVSF1kHhL8/iPvqBN3wwp1kHhL8/iPvqBN3wwoC72lUhdZB4S/P4j76gTd8MKdZB4S/P4j76gTd8MKAu9pVIXWQeEvz+I++oE3fDCnWQeEvz+I++oE3fDCgLvaVSF1kHhL8/iPvqBN3wwp1kHhL8/iPvqBN3wwoC72lUhdZB4S/P4j76gTd8MKdZB4S/P4j76gTd8MKAu9rKH0yP8Ue3f0voa/UqXqn/1kHhL8/iPvqBN3wwrO50nTl744d4+N9EhfVPaNqTDJ5XZWMHsO0kVqySjHA2shNWSSCsr3OOtloCXcEmbWksDMHE9c1nkbwyBAEwwFyDA0R9G+/El6D/m+f8A+26T6u9rHNwec4fFVq5xVaewJPe4TMjmXY5ZjyTHqylNmyspHkE8pSs/l8iXMHUBgqyOYyMI6snHcciSiaDxDNYYZ54jYiB4WudZB4S/P4j76gTd8MKAu9pVIXWQeEvz+I++oE3fDClAXe154XSWIxaU99Iz4q9f5MLH1mLJnj7R2MX+3SispJGSo0pH3pnZlOwsVPphksdSj59uqx0iErJwxdSJ3zDGKmQhQQs8fQ9rAHz6f0prhX/4cn/UUmSgLveqfcJfm6SD7Q83e+1OqfcJfm6SD7Q83e+1aP6UBnA6p9wl+bpIPtDzd77U6p9wl+bpIPtDzd77Vo/pQGcDqn3CX5ukg+0PN3vtTqn3CX5ukg+0PN3vtWj+ulNk5za2sWvU47GvcIYw0YJiWQZbcRMqJiEcUUqP2qqOg0lEM8gxrWUVXBMunJ2PcRriHTQAeIQmWVsMgKK+qfcJfm6SD7Q83e+1OqfcJfm6SD7Q83e+1RV0D1G5AeW3V3HkM2h5Q949WZC2NNu13azwnp/KF4igmE47IrqmisEd6xuUTxcZaBVRUfFYwKLK6nqisyTSfdadBpzLJ1TS5n8Ke4+x250J7xaObrPVVL7jaLyw8tV5amiMRirNdjoa7kLPBtsCZW4pEEsumor7scab2sguVMQgyZwNtNd5Ckh1JWUMc2rKvzD8GrL93hSBxrqn3CX5ukg+0PN3vtTqn3CX5ukg+0PN3vtX4WwPDoz9b4KmPYKQebDn+LMiE4xfMqOrPHkgDCHEQ2I21JyqBQncWG+1EUDwCbkSTi+OOYpo+YLFgQxRhQw8u5+jVJOyB3ivi+Y9pZtnKcZI2Pe78mdHWJ8lN7yy7WrGh08TZMeNlMX3wqqp0o3FJAZAUhkSJDMuQEMvs6oWLhDnBQgwOteqfcJfm6SD7Q83e+1OqfcJfm6SD7Q83e+1drdJemGW4H4etjZNg6UpGhmSUN1wKWRZBih7uaO3wjl1ic2AkK4CW7Ggpo68ngqqUdOJikEUPg4Hk82ZJGsRSw4oWdpkMSggNHTiHpgmR/prfb6NrnGj6keS5FcwBBNIFsI5Qldxux4OxwnAwQsb55GVFWWVc92wouYpk0YzEEyzyatfhvsatfhvspd6p9wl+bpIPtDzd77U6p9wl+bpIPtDzd77VLhA59+I1xr7bQie4KQmlXi4cmo1n27Yj2AYsNry9gZEKZEk2dnrFDfhczhiYBHwudwfveFrADid9dyBFzwm5tNu3q/pUjxW4NmpRBjJFmuVG5CcZKObTfbuLuSTHaVPnW+3s8mG13TkhgnyiWeHycDjxSGySwAvc+slbiBWEDPcimvqn3CX5ukg+0PN3vtTqn3CX5ukg+0PN3vtUtHt0gXhsj6Uy0NuXfmHvHMwrYImRxukn89Y6IKWRjIrmAszIy2c4IgQQiw+GeJ42tvpPJJ+OOQh4wXCtfOu+OTFQ35V9SVZI4wCDDU9kJFXW020OQ3e5Gqnt+LY+XC5445ZYRcHNY0gupcTiZYgmtpLzKqgHfTgCcV01XLouaYeDM8FafVPuEvzdJB9oebvfanVPuEvzdJB9oebvfaokckWoO4vE7pI6+Q2CuXnkAlmdddDkZOSS2NtXMJSV9ZZsJuuRWgxXS3E6FFZHATo8LHjzssZbhNJW1U+USi924TUwl86ReSXbbtc6uRDcnju1tdXHItMbX6YNqW3Az6kmQ3ypY5LsEQzKDCIvJ8mI5InkVRKrcjphhYS0NPzPhJ4xVLwXTaUcSnNkiKyWn++94/cAiv8vDR+uYESeqfcJfm6SD7Q83e+1fzLonvCZljla2ushYXva9rZ47DzbfLG97di2WNs3plje+P+23bY5Y9m34cb27Nrwp5FY+2k4OwNLtqIH5Kt89qR5F24ivXeZ9cNz5sAntnTQ3JBS3OsrRmOUFSQE41HK6BdrmU0r4s2MmE+y8jGCaoTyRjBRzbFqZmfI8ZmvyiomcDqn3CX5ukg+0PN3vtTqn3CX5ukg+0PN3vtWj+lAZwOqfcJfm6SD7Q83e+1OqfcJfm6SD7Q83e+1aP6UBnA6p9wl+bpIPtDzd77U6p9wl+bpIPtDzd77Vo/pQGcDqn3CX5ukg+0PN3vtTqn3CX5ukg+0PN3vtWj+lAZwOqfcJfm6SD7Q83e+1OqfcJfm6SD7Q83e+1aP6UBnA6p9wl+bpIPtDzd77U6p9wl+bpIPtDzd77Vo/pQGcDqn3CX5ukg+0PN3vtTqn3CX5ukg+0PN3vtWj+lAZwOqfcJfm6SD7Q83e+1OqfcJfm6SD7Q83e+1aP6UBnA6p9wl+bpIPtDzd77U6p9wl+bpIPtDzd77Vo/pQGcDqn3CX5ukg+0PN3vtTqn3CX5ukg+0PN3vtWj+lAZv8eie8Jlrdi+ushZfhyv2cth5tte1ssr3tj/AAXpjbsYWvbDHs2vlfHG188ssuzlf+9U+4S/N0kH2h5u99q0f0oDOB1T7hL83SQfaHm732p1T7hL83SQfaHm732rR/SgM4HVPuEvzdJB9oebvfanVPuEvzdJB9oebvfatH9KAzgdU+4S/N0kH2h5u99qdU+4S/N0kH2h5u99q0f0oDOB1T7hL83SQfaHm732p1T7hL83SQfaHm732rR/SgM4HVPuEvzdJB9oebvfav8Acv0UjhTKCZClteZCBEzANFcs7bCzVne5c6WGJmwu1FeQmNrDlTAwF87Y2EDsJcQHMIbHATDRxSgM4HVPuEvzdJB9oebvfanVPuEvzdJB9oebvfatH9KAzgdU+4S/N0kH2h5u99qdU+4S/N0kH2h5u99q0f0oDOB1T7hL83SQfaHm732p1T7hL83SQfaHm732rR/SgM4HVPuEvzdJB9oebvfanVPuEvzdJB9oebvfauqOZla5x1GL96H/ABVLsMaI6V6xRW9n6z31FqmqPzbDZpPbLHBc9giLixDSwoJSTCrYw3zqiiGWm+2wqkDoyWakFuGCagctw4dn095O4tdDJBkl4uqQn88NZ4yXna93w4Vd2O90rh9DBGPLTjcq8cUFpbVjot7im1FTOmjhkS98xhs8r3vQFc3VPuEvzdJB9oebvfanVPuEvzdJB9oebvfao/6yldkueKdd0p1Vt69wNQ9FdddiHbqtq5Gmj0rhwE7pIV44Ippl6TFJ0jEURcW3GUXgF9uKiA3hAhkskIqCpRcQli3FHxmuA41IH5Ddak6coi3T2OaG2EVIL/DH1GmdUU1w1smdi814S78bexQY7Jb7bUlxHsGhCo7lTHM7llWOnHPgrmyiUXbREmGj/wC5ilf/AFT7hL83SQfaHm732p1T7hL83SQfaHm732rk53jg5Gdzdj9mZN3S5BNp9ToUT30cbumMG8c2w4kOE02Kygh/BNeszuYqyzCi8Xyqlbph1SRVgA6VJLwi1gUUMmvZDQE3hXCRvPOigwOUaI9wZoUthG1xebKSnGSFtQsJxDB0yREcfAvYyfEdg6T2CbgdTWT2CZVz6oIaOqpgF0EU9R"
20:09:00.040 [Test worker] DEBUG org.apache.http.wire - http-outgoing-0 >> "VVPIiApm2aYvh/Q1bMs+8nb73VPuEvzdJB9oebvfanVPuEvzdJB9oebvfaohcd0N7yc5EQPvkU2M5EN3tOY5lqQJDRtNtetI5fDhNmx7HDGcKg0C7kkYwSQDhmXFLJ3IqyiDl1/EqOoZN5XVslcMg5EdDaU4eELdHaV4ynvXxp72PgvK2zvHtJKEjo023SSqCqzjBb4DUhmG715KIBYFrr5JOIIyqcVhrBqCkhvtqgq+Ss4U1ecCsGj+NskuKca6p7wmdte/zdZCva9sbWw+cPNva43tfK98rXs9LZdnLtrWy7OV8bWwx7XHG9875f3qn3CX5ukg+0PN3vtWj+lAZwOqfcJfm6SD7Q83e+1OqfcJfm6SD7Q83e+1aP6UBnA6p9wl+bpIPtDzd77U6p9wl+bpIPtDzd77Vo/pQGcDqn3CX5ukg+0PN3vtTqn3CX5ukg+0PN3vtV7mwy3NDcg2V1vXNlIEiT0QYjiEh9mOxbLNxqLsiCJ4wLVAdCybNkQybbLq4pU8u9zOkzZlKKmyhEyAdHLi450yPFFyJqupbj2T2O5hd/425CQ4+dstKrdjaeEBA0tjV6JqWqOJIjs/A7ebeLGcbLRAQSyO7FROVSScoDhGVNILhpgGBM+zLT6jAeOt0RfSK9WVEjA7Q6p9wl+bpIPtDzd77U6p9wl+bpIPtDzd77VzHj23+3u3v4MELamHY+Yr73+Vmq+o3axNxmkVjxy75MZsiHY4DlVRDODpqATJgN8D5Ql5slc0pHVHSlK7URAUlLOkAykUZk4yt+4N0Hkvc958ynIUm7+xDADw2SfSSLOCAc0vLPxhsdQkV0xWW16wamLD8RC3go80Ca6GLkm5m8cXXk2skLPFlBlh+Z+ro7KRVbRTv3qn3CX5ukg+0PN3vtTqn3CX5ukg+0PN3vtUpdQ9wtxd6+FiM9sIIasaEN25hgpcLNBPe5gw3YsCmFvvFdi1Tfpwv3msCFG2IebinJCM2RATxU0FmnNkc7mTMZqFqltu9E989H+N2Q+QN3cx+/Im+EIxmjzVIjeWpxSHDpYpvvI6iiuWIm9rypNIuzBm4KbPjM5mHhMcS6wu3IqYjXLJyqG1CDNi+ru3fy31MTqn3CX5ukg+0PN3vtTqn3CX5ukg+0PN3vtX5u+XMFPEGcJWpm30cM1JTt0t8mfrRH8Otm6Vioorcmef4+DeSw50tuLFzISklo6WmuA6x09fzNJma0pswBxhqyeKdT1DorZnjV5K9PNK3duhD3L1vdK+80AR2dnaUmBJ8nl39qFKgLJSMnZKcfsnXxZb90hskQkROWcWPlcRVHWDBINKFS0ow4SZxsx9qZ6ixHRndNOfyMYbqhIfqn3CX5ukg+0PN3vtX8x6J7wmWt2L66yFl+HK/Zy2Hm217Wyyve2P8ABemNuxha9sMeza+V8cbXzyyy7OV7Y+NzcVN3/wBGdatv05JKIBiao6LLDmb6eIOOmN5/t5VVGXJSAlDms8zZhIRJBbTmS0kwbyubMJpQqMZ7A4glrTdqlM4HVPuEvzdJB9oebvfanVPuEvzdJB9oebvfavpc2u7mzTC2044uOXX6ck7TdH3ud7uJSXt4bREVacrWQmwaRE4rH8YZOe9m8kPB0G1fBMsrC44rIa84WEURlNEDNqQp7m0kcKWzbUYyo6tSeaLlNRdm0JPGVGOqbO7NYznr45HWVCuZKpciQ+oR5dEKtlWOh4ERTSMlKmDdJGRDwjUeNymKOdZmbbj6fWOyJBo3hDc4t1T7hL83SQfaHm732p1T7hL83SQfaHm732qfGxDg21jjh02oc+wbwYyHuFH2hWz606pI1mX3oitUpJTQheQzjekSMlxWR2Y8mssZZpyK6gsiqelGGq6szIDfNZlE5OPiZ5n9tXtCT6HKgbOk9kZ7K7KDITHGG2FLTDIYE4iim+QtOZRoUWWQnFi/RBDLNzzaRjPJfvkM2c80ES+SVlcpcCyHqn3CX5ukg+0PN3vtTqn3CX5ukg+0PN3vtX53Ry9lp0cTI3D0a2yluQ5n2H0unYmeTZGlt3OF5yE/NdZ+boD/AIWc6s4HeqLDkV++QS7gUAO+VE2CgttdZ6GH3uWBJYi9W9JY2p2BRQNUNGtQppk2DZpmMzNuzcpSPDD4dDBfrP1v1TiF5Px2lBHE0FVHWk9NewhZXMkMQzmBdVU45zSDPbhGrlDj5RF8LFBtVHR9lR89HcfVPuEvzdJB9oebvfanVPuEvzdJB9oebvfau1eIybttHxwJa8Tiz8VHa/b1QhST1xqFZ6llbxUZZfaXLMjJ6ClvSV3YYW1bt8yBEomkTa4plyuQZJORzS83Uy91lMqRcDz5kof5oeIdA3w3TSDiZtc6J0U13UvVQd2sDW6PW6xWEKORaLlzsfTD84nBlFwAHhzcjkHNdvKSIFiiuRcJjFTBNnQz/cVaNEsZ6p9wl+bpIPtDzd77U6p9wl+bpIPtDzd77Vo/pQGcDqn3CX5ukg+0PN3vtTqn3CX5ukg+0PN3vtWj+lAZwOqfcJfm6SD7Q83e+1OqfcJfm6SD7Q83e+1aP6UBnA6p9wl+bpIPtDzd77U6p9wl+bpIPtDzd77Vo/pQGcDqn3CX5ukg+0PN3vtTqn3CX5ukg+0PN3vtWj+lAZwOqfcJfm6SD7Q83e+1Y3OOXjA062H6Qjt5oBKjAXlvWKJZH3SbrHZpN+vJFWE1KhqTVBtsAAw8UlYKOhRzS0guEXMjn1McZUzxuOoZmBsr539WKvOh4d/6XDyDfni5Jf21K1RflOVQi/KJ7VDQ/wBU+4S/N0kH2h5u99qdU+4S/N0kH2h5u99qtU5Kd7WBxtaYzPt5IKWM5S0cI5Eo0mSVO4J51+yI6VQo22M0ADuQJnIgVU3AolBl5VCJnxUJslFtexTz1kvIoLTVqXohyaciMZNfbLkd5KNvdYx5mRiEgxpqHx/Pkrq2gxAxHMVwVmmkPx6J6KvPN0LxhFPlzx5CWjRtwt0YQuQXnmsHwTaWmUsN28L7k3PaHYPVPuEvzdJB9oebvfanVPuEvzdJB9oebvfau1Yo1R5XdHdsooR4Y2od/IHx8yAIZTpoa+80ioqhsnr4KCMTwweUfTcntYq4JSxNAGRTJJpL6TmQEDRTaAe8EH1wq/06nnpMco71EN7daIm0z2o2PgZSw0e2T2FGaELS/IbDQH0ra7En3LyuAvtRouJJSXUrKDIYC0jJYSmnqIxwzmnpeQJsoLmRGAsx6p9wl+bpIPtDzd77U6p9wl+bpIPtDzd77VchoptCgbqac62bVNzvQIpOMRM98KaeRz7oXQHacTAir7als+6C9sM0XsTcDYM/xovYMpA1rCZ2t218QvIpvtuVLnMAUkaCtq9hYs09gnk20k42yEaxjMcjMiMJceGCg63Zscac7UaDkTWk5jqO60U4z3AKskT4y+zHC0k85mYTiOBEmGLmv+l9XVPuEvzdJB9oebvfanVPuEvzdJB9oebvfao/cy6nNcmczvEjpu09s9u9a4a2MY04gykV1V2EfkGLS4O105dcSMpCjNg9dFNqpUyiFSQZ5ZQlYYJMGNlC9wO7WEDlBL/CzsmxGK5XtpnzLcrLbntsoikssFO2Y2ix2ThJxOFMJinkxAejDfTRLl8U5bOlwEsys5m1EmjFzQygZbLgDAyTTDMcH4HVPuEvzdJB9oebvfanVPuEvzdJB9oebvfapUcDHInIPJzx1x9sRL6SkJswITweURSgdbpGyU3nQ6GMKmmS7uSUjHMQJJs4Wyvt48sJpXLFOKOPJaDSS5JJsRJFrl6Z7GezOB1T7hL83SQfaHm732p1T7hL83SQfaHm732rR/SgM4HVPuEvzdJB9oebvfanVPuEvzdJB9oebvfatH9KAzf49E94TMccbX11kLO9rWtfPLYebbZZXtbsXyytg9McbXy/237XHHHs3/Bja3Ytb+9U+4S/N0kH2h5u99q0f0oDOB1T7hL83SQfaHm732p1T7hL83SQfaHm732rR/SgM4HVPuEvzdJB9oebvfanVPuEvzdJB9oebvfatH9KAzgdU+4S/N0kH2h5u99qdU+4S/N0kH2h5u99qsb5EVDlEOpkXx5xntzXJHWJBOukjLew2w68pmE+AkZPAQs2+rtSMUpPPDv9wuHvxfxIZmSi8ipB9EJFl5ujJ61dVTKjejuyFt0p7OczMJbdbZShts69b9korjRKeT7V1kBsFDRH5bE5ynY4jUdZVGvFSE4zSEnmTDZZwCcmZYkE/uwOeZQHuYHa/VPuEvzdJB9oebvfanVPuEvzdJB9oebvfav1+TzYvZaeuRXUjh01LnJ16xZyvFzs2e2+2HjMIheWmdAbdOrqG2mXFy6dLnMGU6Xm5WwqkDrmLAYLKOOrMg+XHyQs19GcPaMKcePIRpnuFDzqgDkHmnavSJzpS6k7Uw7yMzc55jllvnQQAAms9Nc5EIRmoGw1axgwIcUGguHWe3RMUs6SPKqri5EowxAOl+qfcJfm6SD7Q83e+1OqfcJfm6SD7Q83e+1S+5GddORrbCbtboZ112KVNRdIxQnGv7czXCrzBbG2S0eAKqeTUYMUHjbdUrNJLGMJ6YCfdiYqAHQzDnFUDicqkGp4BcNZrRWtlOMLmz0k0Ubm6+0W6Gsm9cTTAuOyO9w5JCnaX4ac0aNd5ORNkBrSabSUpyE2qpmWtYgGjmwg0fNOLvaxsNVUyKAdQ5nXtZyeU0JGnu2ms1ltdu9OqfcJfm6SD7Q83e+1OqfcJfm6SD7Q83e+1dZbQzVtnyVcwr24rtc9l5W081V04h9syjuLMmvKqA1J2kF9vxObqu1oyYsmZkT5pjhApL0QMQBksDuWBlIkU2v4LppMbCOR4jm/ts+GDlK0r1vkLbvYHc3j35HlpZh5ln9s3fhK05wRsOSNIaa3iheWBExPWF5Dcrjd7JS04iqXJJxlCcLm/wC5hltjFl5Ypdlgy/4nvIKZzOlF8ROi/GMwtO17T2NXGwVKX3fMqQ+xl2SH2/MFMiz0WPDiCEWBeK6sBJuRYdwqmQohDEAQ1YfDAxkJiCFbHT/H3RVeFlfYTIXVPXh/jKS00G0rKA2Gwc1g4CnlJGJHDYuIIT0wCCxEMDCZ4hh44h4WvbHDG2NrWtVl04r+Srjt/ODsb+rkQ1t6iX+SqMvzfMz9XE2gKAeqfcJfm6SD7Q83e+1OqfcJfm6SD7Q83e+1dCDbW78c0282yWs2jGwino9x7aWPYaK5y2kj5vJC7PE+yoSOqCcrtGJl1dAMEWeiF1BDVskpdbQ5U2mt4umvFwqC+C928xiUmZX4hN04SYStJnH/AMu/I24NmGeQzWmwx93tgEfZiAJbOpgeRoVjuxnu9jpyazBXZYPNJLO1FtgVbwpvE1dKx7kEoJ61Kd7C1KTumnerRPweqfcJfm6SD7Q83e+1OqfcJfm6SD7Q83e+1dy8l0yblMngc2YmCWwyusm5jb1/LKDqOa3Sm5LlGU+C71bqaOtxtIqOIiOdFBWU/Pv/ABJF1I2cbuKobbd3K5gSN19Vg10Z3azYpUMbL6RbgzbKU6yy0mhrdujC8iTU+3TIj7dGvO2EJMF5goxRzO9YWlY6hRoqKbZLHQ+/MihBzPxXIF7A9wzIkgJAdU+4S/N0kH2h5u99qdU+4S/N0kH2h5u99q+70ibZKbGtGWomkGq0rv2G9j98Nk0FqlpGit1r7LkCPYIiTEo+JpfaI5GioJrpSQ0Sxhn2WvBhwt4WZ4rtShxDBYYyRNV76g7SbNObolE47IOTYudnBsQkx5s2dSp6W5dkBVmhMOIE1LyUhG0+Uj7hMPgkaRUsEFNSTBZdCFTiAQZMnmCXwxDsBPvqn3CX5ukg+0PN3vtTqn3CX5ukg+0PN3vtXTPHjxWujbDQnUzZB/8ALVzYoMmTlAUcyY6hGfyHvoBuJ7mdjcJqqjihITmbTnDCSgjZjOxUiqGVbPEC2IYxkbLsiX/W0q2S3a0j5kxuHnarZRe3YhyYtcDuxesM3SOiIqfOTMJpY7quYacjLyGGHZ1lxPk7kZNNqC4IpKho6nNNdSTDfTFhQa5RnKJ8vZFG8JfaJ88LR+0OqfcJfm6SD7Q83e+1OqfcJfm6SD7Q83e+1aP6UBnA6p9wl+bpIPtDzd77U6p9wl+bpIPtDzd77Vo/pQGcDqn3CX5ukg+0PN3vtX86p7wmdte/zdZCva9sbWw+cPNva43tfK98rXs9LZdnLtrWy7OV8bWwx7XHG9875aQKUBnA6p9wl+bpIPtDzd77U6p9wl+bpIPtDzd77Vo/pQGcDqn3CX5ukg+0PN3vtTqn3CX5ukg+0PN3vtWj+lAZwOqfcJfm6SD7Q83e+1OqfcJfm6SD7Q83e+1aP66c2GW5obkGyut65spAkSeiDEcQkPsx2LZZuNRdkQRPGBaoDoWTZsiGTbZdXFKnl3uZ0mbMpRU2UImQDo5cXEMxyiPqn3CX5ukg+0PN3vtTqn3CX5ukg+0PN3vtXV5Hii5E1XUtx7J7Hcwu/wDG3ISHHztlpVbsbTwgIGlsavRNS1RxJEdn4HbzbxYzjZaICCWR3YqJyqSTlAcIyppBcNMAwJn5A8e2/wBvdvfwYIW1MOx8xX3v8rNV9Ru1ibjNIrHjl3yYzZEOxwHKqiGcHTUAmTAb4HyhLzZK5pSOqOlKV2oiApKWdIBlGZnA8YyLwrp42ZTh3VPuEvzdJB9oebvfanVPuEvzdJB9oebvfaugpk4yt+4N0Hkvc958ynIUm7+xDADw2SfSSLOCAc0vLPxhsdQkV0xWW16wamLD8RC3go80Ca6GLkm5m8cXXk2skLPFlB2Rah7hbi718LEZ7YQQ1Y0IbtzDBS4WaCe9zBhuxYFMLfeK7Fqm/ThfvNYEKNsQ83FOSEZsiAnipoLNObI53MmYzULRFffzn7uhEV30lOr/AFqy0ItdU+4S/N0kH2h5u99qdU+4S/N0kH2h5u99qh3t3onvno/xuyHyBu7mP35E3whGM0eapEby1OKQ4dLFN95HUUVyxE3teVJpF2YM3BTZ8ZnMw8JjiXWF25FTEa5ZOVQ2oQllvlzBTxBnCVqZt9HDNSU7dLfJn60R/DrZulYqKK3Jnn+Pg3ksOdLbixcyEpJaOlprgOsdPX8zSZmtKbMAcYasninU9Qt8zTfSSh92e9vlWTf236XVPuEvzdJB9oebvfao77e9GA4dIk1N2glZjwA+016xlrvNchM9RMz3MikXIOllxq5nI3zo6ceeI5I+CVVk0oOKSOAjFTWAeQBgIQETPC/92Z41eSvTzSt3boQ9y9b3SvvNAEdnZ2lJgSfJ5d/ahSoCyUjJ2SnH7J18WW/dIbJEJETlnFj5XEVR1gwSDShUtKMOEmcbNlaJuKm7/wDBBJW36cklEAxNXH5sasOZvp4g46Y3n+3otkhlyUgJQ5rPM2YSESQW05ktJMG8rmzCaVKjGewOIJawuqpt1D5VnR0qZB+jG8LvH5yW6mz9K23UWOd+PVhbECx62VFDlCQWKXJtbGNWM5LEhk5oOBIJHBvCy4oj9+mgRTXaC4Ad17iEHhjpU6p9wl+bpIPtDzd77VADoS/8wfa/9L4f9jEX1s+oDOB1T7hL83SQfaHm732p1T7hL83SQfaHm732rR/SgM4HVPuEvzdJB9oebvfanVPuEvzdJB9oebvfatH9KAzgdU+4S/N0kH2h5u99qdU+4S/N0kH2h5u99q0f0oDOB1T7hL83SQfaHm732p1T7hL83SQfaHm732rR/SgM4HVPuEvzdJB9oebvfanVPuEvzdJB9oebvfatH9KAzgdU+4S/N0kH2h5u99qdU+4S/N0kH2h5u99q0f0oDOB1T7hL83SQfaHm732p1T7hL83SQfaHm732rR/SgM4HVPuEvzdJB9oebvfanVPuEvzdJB9oebvfatH9KAzgdU+4S/N0kH2h5u99qdU+4S/N0kH2h5u99q0f0oDOB1T7hL83SQfaHm732p1T7hL83SQfaHm732rR/SgM4HVPuEvzdJB9oebvfanVPuEvzdJB9oebvfatH9KAzgdU+4S/N0kH2h5u99qdU+4S/N0kH2h5u99q0f0oDOB1T7hL83SQfaHm732p1T7hL83SQfaHm732rR/SgM4HVPuEvzdJB9oebvfanVPuEvzdJB9oebvfatH9KAzgdU+4S/"
20:09:00.042 [Test worker] DEBUG org.apache.http.wire - http-outgoing-0 >> "N0kH2h5u99qdU+4S/N0kH2h5u99q0f0oDOB1T7hL83SQfaHm732p1T7hL83SQfaHm732rR/SgM4HVPuEvzdJB9oebvfanVPuEvzdJB9oebvfatH9KAzgdU+4S/N0kH2h5u99qdU+4S/N0kH2h5u99q0f0oDOB1T7hL83SQfaHm732p1T7hL83SQfaHm732rR/SgM4HVPuEvzdJB9oebvfanVPuEvzdJB9oebvfatH9KAzgdU+4S/N0kH2h5u99qdU+4S/N0kH2h5u99q0f0oDOB1T7hL83SQfaHm732p1T7hL83SQfaHm732rR/SgM4HVPuEvzdJB9oebvfanVPuEvzdJB9oebvfatH9KAzgdU+4S/N0kH2h5u99qdU+4S/N0kH2h5u99q0f0oDOB1T7hL83SQfaHm732p1T7hL83SQfaHm732rR/SgM4HVPuEvzdJB9oebvfanVPuEvzdJB9oebvfatH9KAzgdU+4S/N0kH2h5u99qdU+4S/N0kH2h5u99q0f0oDOB1T7hL83SQfaHm732p1T7hL83SQfaHm732rR/SgM4HVPuEvzdJB9oebvfanVPuEvzdJB9oebvfatH9KAzgdU+4S/N0kH2h5u99qoI6SDwYccPHVx7I8/6pxG62RJ5zYiN49HWVqWZJepPJrONsyGpKxKyM63GqpeIw5tvpYmB3ErY0BiDmGCLhgMLbL0Nqyh9Mj/ABR7d/S+hr9SpeoCHvDD0djiq3I4xtTdl57hJ5ueXZWaDtVnqvJk1Ss2SKieSZPfLZIil0JAdRBHT8Q0dETgMgyRQAMQQLMfPHIYUTPKz/qn3CX5ukg+0PN3vtUgujffiS9B/wA3z/8A23SfV3tAZwOqfcJfm6SD7Q83e+1K0f0oBWAPn0/pTXCv/wAOT/qKTJW/ysAfPp/SmuFf/hyf9RSZKA3+UpSgFKUoBVUfOeirK9xAciRFCDGFOgauyQtD4gW7OdkZuJ2DhcQmX4bfxILfS1MYxf8A9xfAW/Yv2Oxe1yuOPFoNqQWi6mE9Ecm4mc922uNB2N9RwyET11tOVMNIy6jng8MsM8yamlnTRI1hjnhlkAPnjjlje9r2DIxTyVwcJy0hr/EbxzHm8KAKQA1DhRFMZlsscw7LjbZqa3XMFlfG97WHBciUrAmsb/wsDQY2GdrZY5WtVJwz2wX+bzpFTvbl8RGgSmDXNmnjBftO8xnqilJcTF0rbPHLsCHUxXQXEEoYYWyyLjmewa7kIOFiJymAuOHmq432C7NTuPHaDRSRNPc3K7lmEFLdFrThhPeuKQ+Fg8uqTcbAUVJqpH0ggIysrKS4THeHeqarOUwZVBUBFSVA02rWX8UHGkhcZ8CO5lKckqk6T5OUnOOdtmp6XU/wWoyfLbvywzUzZNOENqJlObqVhjmGmlTaibMnVQ6vuU13odcRogVV1l13lVdWVIOk2eFffzW10oaYHaf1JgDjyiQ/YCauTjZ2MdeUArh2/fAbASXc2Vp5q/ZByxMWTwXcoRa317HHIEAVuOdZwNmQythgxtEsQRc0oPiaMIWYRLwaxoijxlxizU+/adkk1mG3E1rIBXK4eAeF8wEpKKB55YYYY5Z43ytjbs9iqfJi40J92C5u9buQiUXdEQ+pOn8GOFswjFhJdeShKJybHURcJdWfTmbB1gk2SlkATLtuYJKCZIaqo2FjlgmfAoI5hSuQss27YOzcjQqqoWoU6NbXudCS+13G2Xw+I5LSgzFQq3FkuqqrCdjcGUE02Wbj7Jl8m6tL6KPmvoaccMHkYAU/gDaz3jRnjD3jRnjFMXSvDxUpwkbJgGBgwhlN+a7ESOGeeOORk0HOzDUswQrZXtcQTEknnDF8MLZZWCLi53t2mGWWPa3IK79CY84b4jQ+S9IfjmgV1RrrSyQokjVafqNJUtSwSZ6E42RHLPIsB1MtTX14RVa5leCRV5eItQO7dyVl/MINKBHBjXP/ABc8rnKM7oQjzlNnDRhk6Xw/JaFLLthbRxGno85NhHG2QzJZMSJAXJuKkMmkgCkVFWIdybyqtAkSquoDXTVNdCQHA37AuYfjNX+SXXuKmdFMppUHzlrdOzF2MgZ4riCKvscJ7sIkrJ5FuPBEJX74wbZ8BVxMYn04ofOJKglJouCWqJ2Sgknioy2TSM2XQKjL8pGbPKfh6FP/ACzufdiXeFbZhtK3HBBenupTHglomm41Jn2IzcuwzTaLAcDPOR5m1oOiqGVyOmE4kIJJRggUJyTeCqt4OwxBRKlz4BpPtFLl9SSc28LXRwEOULGnYny5LXGkkyJY6fPAHXMTf2qIpN22NqhEyWUwTSyArKHdz5M2XPBimczBcyEYtgLjbXt3p7zob+ajTRqvNkr8ZMDo8iRwpoagpQQlbISCqyi4C+ABxFbK0uyo20onCbCXFsoUEdi03GZMD1IpQYhRt5lzYlztvzNpuIPamfuP7hv1aR3jr8jSZx4Spp265kVVR4SLdiuls61RaLHC78mSsTiUyvq64vdwIqSOQdTWZpC2IxoA8rlci4QhpmX1IjQa0ZozJzOEH2RjtjnI1p1/jfgl3LiOPIcjhixrF8Npzhj1ltRoIaIgtBeajua59FXEIiSJBBkVsEwXvkZWguwrH++T1zxwxkeN5DS447ZhZ8Y8OujE4TU901pshjcd2s77kZ/Oo9kEno6Eha9spRXF9ZOid1HGzwLFxTA18MRzp41l3IuCYNmAwhOyeT3V1/7q6BbS6rRYsM9AkKboxOMtqLMgKC0lMxPVDCqlnsDDhUG633UtlE+wREXHIVNbqsYsJkHaxXLG+WeFTG/fE7vfsPws6ZcYsCSfro1XzFjF1gYWza4/nvK6HG0gtmAItIpB9qNBUaETOF2q6CuSqhtZ0ADLTcZp0RKbRPMXAidMCkQiN4pmyQKnFJ6J0jJsRe+T/ZrpMT/aj6kpMdWsHB3G8gF3VHkeqGBhDnDkCW2gpDliLscuII2JhmxFkMGcwIZhDWDJ4Diht67leGIbxjbXSkJCWgJKYhIacSSEVFTiSQjpKcWCJp6YlppYImnpxAoBjgAVJEigIJYqWBwwCAACwCDxxwxta2fFpNTpOzDaraY7MROj3tlns1vozVajbRivIgRSG+228nFkhDREokDbEIonJSYTKkSJYLGwYBYAILC1scLWqSHIXx1T9yCasaz4Dz+i6yb9a4rsZTg3JZhgJ2q0Hk5/byKjG343izWch0q5V6GVd6p2J5pCugM66UYuitlRWE5axxcDcXAKO+W3V2feMnYBoc1ckS3fkshSH58TjQute1ADqwNamtuVX9hgjOTVYdDfwMZFHE3Fc42my31N0RmaPoCgntNzXDWTpEZQRtmbUcyQ9Gu23i3x8jSC7EBHcyIazCzBzMpC8nFlRNHzBEtbMLIYmaBEyCztbMO+V8Mrdm16zP7H8afMtyfNeP8AWnkh2G0Gi7T1FfDResvJukDen1RmGfMGUdxPEG4unJmIpbaYhA+ZCDUcDLaMHgEVwWLrOaM4AEtNSAtNyOkJiAkpaCiki6ajoicSSElOK4dzKkExNLBEyBIsHbs2DLlSoIQAOFr/AMEMPHH/AN1Ov8h37nsi+eES0faRZIfo0pSgFKUoBSlKAUpSgFKUoBSlKAUpSgFKUoBSlKAUpSgFKUoBSlKAUpSgFKUoBSlKAUpSgFKUoBSlKAUpSgKv+a78UfyNfogzd+pSnX5/B9+KG46ux5qMT/q+B/8AOqRHIbry9NtNGdsNZY5VGuivydoIkWL2irPY6rJrRTl93N44kppxxn0JEciyTRwDJjDM8YTEBYOhAWyyLp5kS1g8vq8c2uT31D0T1S1hklVaq2/oLhJkRs7VdjnldSaCiuNpLDInjbcPryG2lo2kii4XyKDqaAkHBA+xcYgBl2cLAY6+jb8VUX74aEvpy7pSHNj6j5j7Ly0wWXrOzZjkWHo4aD5JJTKWnzKT4LRY4We4HhK64orhBKTxnGrGUxuNZuJQBZPMZKxrEtZ7xDuGZdL+X3ffhwV5rkyetZI3gtpbWayqUvug69ntEbbWFGK01XjGzkUb5HbpNxZfLEyyZcSyXlZkAudMTUZQdTjBN9zovGTyWaB7G7PyRxKzTpsf1726kpUnB76u7voczkWvE0xuO2WTqc8TOmCy6grDp64PiAHZGUiqKQKNwkiNYQuezbaS4cZMcYHF3Keq827Q7zblTe29it89xB0IjI7uYbcPtiLYyj1rhki6DFUXFFe+C8oN8sXRWyVGV1sikmM0loNBKDSAjSQqLjkJrxPdPjSGsxLV59pGSaaQ1WcVlZyO6cy/u9Adodhjc+aNHnLdezVjsnQmFkKtuBJzb64jCs5fxKOBorl20aNKxVXOYN91t9SFMpJUGx/EAQbDLNfok73BGegvOvwxLcHxBF+wukesWxtgXxAhd14t3ZAnNOvb/BbMsuWz5X3S7jMnKQBZnGlo+uOMexlIcLZQU5MRS7UGJY2Bsnjj5beP6YdkTvGTsZp5KGtOyEmrMyAQjyDA7BDKsEPhwghF1QrHD1hzFcVHK3bliiYmFybjGSw8W+iISdmTyWiKk6l2VvFrxcvzT927a7N7azI3dkt0N6XWkOCeHY2GsI3orbTZbZZVKt2L48Q1a2SkcbKeAsGippSViaVdSR09rIuTfKYtzM+sM/fUEvLVC+4+KrpojJykHTjfRullEXOEzQwygiAZlCbDkFGOYl8sb2CW0ObZNSV8MXHH8OA91koeEFxytbLLITun4cc8crwj0WsG4elMczrobtsDLdb2sGsLOcqgUthkUu8h4510xAKjiY3/AAniobVcSYJjlbtsRkg6Flf+Jt23M4S4yOWjjIMy/DvFjPmj7y00kh/OaSY5ivedFncN7azrDvuFkrIUdOKHCysWe7aBFCCMAE3cKmFzBgqXOiJ5dYOuhXc1gHE/xjnuPZqz0+ZbmAfYzcHcGUh5m2lnXNExbaY5HN3ZZMoLSaCBYUbJMZbNFcrlFSLDd7jGjrgVRi6agIlkVsIT5nx4b6kPUX8RRaT9I1lLa6UpQClKUApSlAP9n+2soO02y20fOvJ0s8fHGu4Pkl0BY68dizefkVHK5nSkhjY4B4PHX3WgqGOWs7gDqWZ7ydS6SOliTmTDuOJxaQI5Vkg3LF/PILFWw86aV7JQtqk72WwJ9lmMFqOWE9ZBW3K22s1/HLMu33QtmV5nth4uZIVCDLPuIdtH0duKBos58UcTtiQVhFApQ5pPpx0jTQTWSLtUICJcDAEaxSlHCCaouYff0673OpqyqdXF92PJUQkRuJas6HCsqJxQVTxJDSilxBcCxFPIkCxUoAGfXr686GdXtbIV0c1pjHW+GU4Nnw3BjM8CI+ayfL3MXKlxTi453e6ljMMkUHXHKuHVp3u1XuARJmFlVUz2BYkWzwLg5qZxlTZzpG74e+rGm7hVtfeH1jvHNm7L7oXI5BPjb1UbKgXNLMVa7Jx7DHHJhZmgC+Ki4DQVk46UuXVXaMKmjlYueVmu02uvLRtzxOznrK+Xto/HO9E3gm4+VnnCrg2BbWt6XDa07EnF1ECSm8GY/ZVxdDpi8Nxs9XCzbwqVkYcAwhQ2UBCxEqG+rmtvSSdPteIe1ihZM4CkqMYTYqIw2qGoZcgwqyol0ov/ANvcjkNJiekp6i7HYriqDndqsUS04FXcquqqeJEr333DBKOolf8Az900qaI4MhSNtcIcjOBYebhdpRfETLQGCxm8XEFMeDm83E8FPI4mThjIQ2pKJjAG5xVVjwox9WUzBtSPjjnDQ42ec/np4yNj55QZC3SZOy56WYz1vaRecTfGZPhV5m9RJQChRsZr69keKxxJEfKRx1KBNFUl1LKOoutpSquj5t4c+goqudNB2pSdqLPe9nG46dV9+nlGEc7FSo2lgi+pC0nOyUSjVjuxEkM65Iqc0Z3k04nSEfKJiOjsgR9ILiUCITlPZPFulzpRvKhQwFVau6K9IfeWqZjj6c23/HIDAqrHGcCOHa4gzNij+4K1CZhDs0D4J1mHipaJRXuqM3MdAVF8FyFVk2WGzPYOYs7MxXeITRu/n5CQZvDr2vyV+cnG3TT3R0u6OJvgmsonGMQOLkcgTN7sktmBZrx+ttN1Hms5WqnDhlyBfJtIR+JpEItsxciQsM208EcQmRyyzLB7CNsVlDbmrGyzhc4pcu20LX+ZFlwjm74YlQUNLjpxnVYUzkJewdi4ZAAxmNfO9sLB45XyvbHs3quKV+EnWyTOJZo8TgLhciCxI0aLfxjKX7EiR96NWYG4rqDswmLNJwGT042fcLwXHQedbdKG0oufQHc428kqiHmZJKpCEMqaDc/+0+uwmiGxu5mgzb1wdCKnR3Luy0QsieVLcKW4rKZFiiwkr7UdBdEh9JWnyjgip72NIKyRsrgGRyeRq5E8tBK7eoacZ/SJprU7d6K2jLKPwgamiK4YwISy4NhllGCHxthlijGNiJQKgCY4Xv2+IJo2TOnAMs8cLjAmMBw7ZAihCZ6Hq6W1ygGN9V4GiPXGIEsZHjSFWC247ZxI2PibUc0htpwJANQWDuIQFlFdWBgxldeU7ghZqayePHxA8RDGWNu6aBceJDPd/j91L5FYnwhrbeJEmTWqnnxVlrKXfii33mxXAKX72yXmQ8kE0QcDePChWDDPlyx3JIXC4AJFwpisn4d6XpIcfFPyzaCIai5+KXk6kKZWO0k8c4haUcghJPmBsLKWlg5mwWQxpi7QkqM7EfEGya3ENER44T8jIgAa0/k0qOeUbWRcjGie1mxb2hjYXSbeyUNR9gYHueCTWUrKTne2p80Ih8Q3mMhTJB+C4A1x1a2KioEwJALN5bXQUk1iRHTTp1HZiw0IuPCHukgzq0j8RPjY7ix1ZazoTjDfdM86vMraOQ53Tkg8FkRUT7Ea0vDN1itxeMp4xi4J6y8KpJR/IE4gLaMcLlzoAr3bWLTgsHR7asm0Ouoy5MC3Kz0e7frZY6wcIwkFC1I3kh+YWOSNGz6CjSay9cXIqKQzXOKGOCnm3ltvultOAkSU7CqKEKqmW4bPrAyPktqNNsjf0HRt/wDwvR//ANTJLrTQwOKKONYOJad+NLVE4EXOSdrlsTHRSQZQUDAQrxmScozcjRMyNJKm3URSMEiJhZVUoI4G326pCIDSSE9KSUpTySy4RqBLs4YtoV3o5CTxBk35AgeyhBKa5EZ7mXRIeEHZCom35PYA1kE5QotGfuQYjNL5phe+UZ4ZZua+BMTAJKvdaxZuTMzyp00uYjaO8wfErtyXv4Nijk504Z+iM6msMcQ075cWkyWY5YGXlLHsBgiOR6n7MOO0DK1+6l0NsuEMvcPEYUuc6oSS2e8W4HSIuQ9Sx8LRlqZp3PHGXrGfGtc4nhqTGiB4OXYhURjOVrlsRi71DyOJakQvfE225WOF8c8wBMzB64rks41ZN3Q41421mjB6sZh7Va/qWt8na/ym4VFeKMdlzjBWaInDOPNWS2i4XKAmnWuM9kpJOl2ibOBG1ZMOnEi4QBgrX09L+L966ocOby0AEdLHcWw0nwlscnydJYao4xmQ7J/2ERnmEoOZRcRtrl3aebKQacCC28F8wzMHCZa7ZJnhm6Ip3zJCRIfyie6MyonvhE8xEb+UTedIorXeL0SM3/J6N9+JL0H/ADfP/wDbdJ9Qs5XP6QB0fL/4IbbfqSiVb1xLaiyTobx3ayakS8tsdxyPC7WdCI6FuN1JeWGQfNrcivF3FREBSc7aZ68aLhprhJAGM1FtpQmB4I0EGEKXwCMjx73a47Jr2S5QOLfdZjOiLUqK9IzU5DysgOxbdhGQHBhJjdTkhBtHqUjshdbirkUMlBc1ezkdbTsABlhkTufEvkFjSlzVKUoBSlKAUpSgFKUoBSlKAV50PDv/AEuHkG/PFyS/tqVq9F6vOh4d/wClw8g354uSX9tStUWXn+e0IsvP89oXg9MGaLmcXEYVcKGnmFFDjTa2D3xIAIVx8S2LQMpcgsIC6jmBe2QZId5vloEriZX7GBs0Vvhew3cr20ssF9tyUYnZcmxMfSFlpyHHrefMaqeOVsUFTb7rbhReZ522SdcTtUo4nn08a/eV874FBL2L9te2HZ/PnCE4w2PiGRYImlpJz6iuV2mrMp8tRU7riWVkJZL5AGMAjJYQE6nKJTPuR9IWE4wVVUVWKklZKN"
20:09:00.044 [Test worker] DEBUG org.apache.http.wire - http-outgoing-0 >> "lFEkVMhZ/oE45eZTjSRzEIce24GpOx+oSYeUjEVxByJtaXUh8QkjqR8woZNRrylAJJTPuZLBMD5i4WV0tLb5a4o+KGzG/kMYFMXX/ecpepO6pPSitpq/iGvS+6/JrzlccWOtjq2oiTiuXo92B2WjvXUvaCF3a9xvBLUnpZRUjKqIVfYrHRixMqiIar3A1Y4pi4qmaeGIkjlRDAoPNt5CxY/wBKA4cEs8WLnU1X1O3ITVMgbACMlD6eZiDYKxkmaLjYZhDFjGONsBws8b4Ch3yDEtkHnnjl2PJ/FPyHckD5gha5WNpNampD2u0vtuc2drjoPF7yLkXNIrTwNAoCs6pzn4ypvcoTKkzqimqaOjtHAgskVY7mXxQlQslqZGV+xHHnNMt8zPH3yJNtzxeShTVGGZ5juRGutrTrLSksrcosSUmu3zTLRCDKUmmopZNQe6UMsDrj3bhsuTLqAhIioDBFi5sCn3j02qA4hNZOcDTR/HsMReKeRJGmnWdKcQ2eN3HB+yiWdeGuLbADMZ2uaxWZEPI3h00COLgXWpYKlRRL5ZgiD10Stqmsap8W3R8Cz5wNizHsPy7a9bZzcqqdr+G1eQJ+EU3aSFX+3xsYsvpEe+IrZW8TWWZiyqhHLidyvl3AK63l04G5W5CN7YS2HiiVI8jqC3yzIwhrkKj5xrbvRnHM8OxROjVl9ALs9MbrHcyI5HWZLo+KViYdTiZgKMOz2R3ooHCYquEFObl0465i3zA4/ikIL8UNAnqdvPDWy75LSIrOhvgH46jfA8EpIDFAaLHeIRt0ihGQg0hMV7NtCywCvgYXSWNsaSilq6Krtoqx8Rk4l5ho8WVZPBVtKMin3nDG2GA54+FYbVIlDyjsHhH+wd41JT8deSdEBhTukOOyni9jsfFDzxLkcW9dYzI5IZUYfJZxTcB8bEsjOeM+JVhDpIezzHcMOPefuLDUFhv9GUGw7pN1lbm0cqzilN5bKjJi2G0wZaLthnpp80mmDIRZRJHUxeTxBcDiO4kVSAAOAd5bi8b847Cct3Gjvqy3VFKZD+mqBLaVJ7bdC47yUkrph+oLhS0fNho6UxlprqgJYwrFs1LJwvFr5gg4D5FQzmeIYYl19BmZcg1xyaERJxp6kxrqVDh5YX0BkWV1dwPRx4FQnE/ny6FEVXdTvVy5HHEmRueOjYEklKLXGDRG6nIyNc4o5p+aganLSlAKUpQClKUApSlAKUpQClKUArLpwPfjMOkcfp3s7/zvYetRdU0cafHdNWm233LHP8nuiLl1m73bKoEyREmMNbdio5m42EpRlU2YISOTcLJa6UkL2Yb5ScQSrZWXen5Zl1G2aoHiCWyNgUjbQ6yuba3pT7vhNYmeTYSjV58bjXUZAORM5TTEkSTIcQ3ahGVaKWo/iOOK20Ex3yGmkrvZVbAoCwpMZGejULniOK8cNFv0t+9aE7gS2b48dsdAJJmljwdPG2TI1b2f1Rd8yyTLUayQhyJiYP4uxITZKcjqWCjuKoaQ8e0WDikrCJLkzaR9v4JBezgT3DclyT8ZE1bAbH62cgujM2MqAd7tXEZeYqIoyq3FZzwvNUQOXJWEUYplkm3riONPRyhlxucwmLCGSUjpXBzLNy5MquhtpzNiNd+LzkW3m251e2H5a5s1IDiPTF7AyvDeq+kaLL5hivOXCBhOPob5lN4TYWS3CYujKiMkmbIYBBbTDKUTMt4jghl190n157260eLK1pwRwvwyzdoT4ZpIjwiaFn23lJ3Md5NRGdKwxlhztRwt5KerexLZL7PUlpIOJpF0oeJwMUpksN80ZCVkzE0EIWudKAWHDzCvljfHIwYilThH5htWlnZZ8pfISi8ojnPa3NLdSYy72z3Cg154qDXSW3GwYy5ITxYQcXq6y72uSE8TkFrnVBJMqwYl0VPZycgum5LkP44tqZW2tgLkJ4/dkGlDG1kFtFVjVXjWeCbzcesM4xyqiLo9kV/IrLNZLaAqlc3KtFjLgREVTWFEoKgiETzdVmeiKldCNbjE5C9ut5NXdyOV+atULtfSJYV3trprHpQiSuNH5qUlXNIMgSNIL6mgoku0yoo6m3W0rlkomQPExTbdSAE4dvkhHKA6W7fWqe8lo3RNvrlF0VIz3bo/iWvg2uf3pB7PcvagvFcWtXHohFzOWNjorLFbLiU8TIAd73zyJeDnwxc754/wcQzRC2Xa3EwtX96SLbBbnjgiYiNfHN/OTlRiFSbAAXaXPWTEJ0MEovnwrZZY3wJpp5wNodQHyviXL45ACmBA8MbZVMbdrjD2XP7zNDlC40ppiSHNui8Y/InNccbDN52LOvOyUZlxyhlGLPw/H3dX2211DuloZXwghETwyiWbDMyJGm6O3Dmbj4hBfGDujN+/MU8inK7M+vD1fGsTYcCBqrrPqShyMDAcYr7sAGJr8mLDjlwMk83M7jRTMIfuBpH7W64QbasCrEybPQ0PEmlGpJvmngiJJ4sqLCCwZfEUtoylJXTiv5KuO384Oxv6uRDW3qJf5Koy/N8zP1cTaxC9OK/kq47fzg7G/q5ENbeol/kqjL83zM/VxNoUy19EbOlGZrXyCa3Ou4RKeoS5F5ZFlxDNXv4fLBrzMYLMRlJYwGzyOYWNOqKpGSQcRccQbGEE9nhlmYFN3tcduu5eYRsv0wraLNbjjW4ISI9LK62Y2qc2ySTK13qQML5pyFkwjE6EfaYjYsiAIF0YQydCVBVMRXDO4hFsCYmUTtruHiX0/cdc5IOLfZhH0/20fqUAjT2wX+zRH3rLsyRL9544DyG2E8TBVarhOWIkxFpzoCetGzp0mCvJBNuPE6uutZ+6uRx0j6XkI9HTzmriL1xbriTjKKvS5BUebTTRJ6YTPl8yZs+1WDNI7ZjnA7YAUUQIm4FBZL3F7nh3yFjhlmI7ZHZ5to/+BK6IjtvB2dnXictK15I5EZV5Qui5bz7VTIzI+Yb1VEKQ2OM34zLuMs1w05myIwypA0EE6XA5lax0zgazyOZZqmQF8sce4gA27Nr8HviPpbJ/RkuTInldMYM66X6v8aO1Kpa1iaaKjS/ArNcsEKy4ZBxsAGVSX2YX3MsqJvEPEFPj5DJ5jXLBhWKWlHuEcvDHCNOPFBqzJuLkdkmNdw3ISbPJ0VAQVB/u52N5yOBTVg2C03GebDWtijZlUVJTkN1KSeXxKAH1JYM5GlUTsrZziweOyPCKweNZWc7ESp8jHVvWpiseRwVRyYMFvbCa4tFhlkdzpbkBa/jkQZyu42goIY7hLsuznBZbiUTIbZxU8/BlmedPS/6J+d9F01acyBzQLZb387vIBsca7CrDnFHqUf1CiMx/tTsti5fazrWJeX07t+6B3XGslHJKjN02AsEYwLXaeRjMMKwIZivfSb+hgbA/mz2y/by4q0ScUfHFKGiuiEhw1NT4Zcl7ZbCSHPc37Hyq11BdUGk95jmE8fJl1gutrjTbDkNEAGsQaYasMaaSdlZds4ThBK7ibDsPD3Xfh02aiTo/Eo8UbkfUEndiHsz5vb6U80RzSAZhcuckqTFV5oQqg4j8YJr4CKlEs8CArZlo6NigH8RAiYJ8vbE1mG2TivKq5Hji6NdIKMccGlZHXZF4fk2Fr61xWHFC/NC9uSek6zGu1yGDfNPlAY6EC1snhZOuCKqFUVXwQrHcBcC5nIC+Fsp+aD8SkxxVubInJjyAbMpG027b7j+0VtMvH7Iyj+EIGjsTMrY02o5RzpgdYVxsixTJOJLZ0m3MwCCw6RlRMXHE5VRyC2I8eWvL01L0Z1P1lkZUa60/IJgiOovdysyTqspNFRX2i3iaSpHG4fXURtrJxHHMl88yJhTQEc6KBfHIwnlhL3DxmRQVzM0QUpSgFKUoBSlKAUpSgFKUoBT/AGf7aVDrkFirYedNK9koW1Sd7LYE+yzGC1HLCesgrblbbWa/jlmXb7oWzK8z2w8XMkKhBln3EO2j6O3FA0Wc+KOJ2xIKwigUAoG2m2W2j515Olnj4413B8kugLHXjsWbz8io5XM6UkMbHAPB46+60FQxy1ncAdSzPeTqXSR0sScyYdxxOLSBHKskG5Y0X6va2Qro5rTGOt8MpwbPhuDGZ4ER81k+XuYuVLinFxzu91LGYZIoOuOVcOrTvdqvcAiTMLKqpnsCxItngXBzzaT6cdI00E1ki7VCAiXAwBGsUpRwgmqLmH39Ou9zqasqnVxfdjyVEJEbiWrOhwrKicUFU8SQ0opcQXAsRTyJAsVKAT42m115aNueJ2c9ZXy9tH453om8E3Hys84VcGwLa1vS4bWnYk4uogSU3gzH7KuLodMXhuNnq4WbeFSsjDgGEKGygIWIlLhK+cy5WVOMqbOdI3fD31Y03cKtr7w+sd45s3ZfdC5HIJ8beqjZUC5pZirXZOPYY45MLM0AXxUXAaCsnHSly6q7RhU0crFzy1IQZCkba4Q5GcCw83C7Si+ImWgMFjN4uIKY8HN5uJ4KeRxMnDGQhtSUTGANziqrHhRj6spmDakfHHOGhxs87mrmtvSSdPteIe1ihZM4CkqMYTYqIw2qGoZcgwqyol0ov/29yOQ0mJ6SnqLsdiuKoOd2qxRLTgVdyq6qp4kSvffcMLRZO1FnvezjcdOq+/TyjCOdipUbSwRfUhaTnZKJRqx3YiSGdckVOaM7yacTpCPlExHR2QI+kFxKBEJynsni3S50o3lQoYCfvLfQ2ybP1jlVvPTxkbHzygyFukydlz0sxnre0i84m+MyfCrzN6iSgFCjYzX17I8VjiSI+UjjqUCaKpLqWUdRdbSlVdHzbw59BRVc6aDr85ONumnujpd0cTfBNZROMYgcXI5Amb3ZJbMCzXj9babqPNZytVOHDLkC+TaQj8TSIRbZi5EhYZtp4I4hMjllmWDsDXdFekPvLVMxx9Obb/jkBgVVjjOBHDtcQZmxR/cFahMwh2aB8E6zDxUtEor3VGbmOgKi+C5CqybLDZnsHMWdmYrvEnRK/CTrZJnEs0eJwFwuRBYkaNFv4xlL9iRI+9GrMDcV1B2YTFmk4DJ6cbPuF4LjoPOtulDaUXPoDucbeSVRDzMklUg+/rOpBZeX32eHhGX6LHdsVlDbmrGyzhc4pcu20LX+ZFlwjm74YlQUNLjpxnVYUzkJewdi4ZAAxmNfO9sLB45XyvbHs3rNHwxoyyj9FIdoiuGMCEs6w8jayjBD42wyxRjDi2EKgCY4Xv2+IJo2TOnAMs8cLjAmMBw7ZAihCZ9wypoNz/7T67CaIbG7maDNvXB0IqdHcu7LRCyJ5UtwpbispkWKLCSvtR0F0SH0lafKOCKnvY0grJGyuAZHJ5GrkTy0Er2qT3AMb6r8R2weuMQJYyPGkK6BzlHbOJGx8TajmkNuB3eQwUFg9iEBZRXVgYMZXXlO4IWamsnjx8QPAQxlawvyia8KjdcmejoS/wDMH2v/AEvh/wBjEX1s+rGD0Jf+YPtf+l8P+xiL62fUIKUpQClKUApSlAKUpQClKUApSlAKUpQClKUApSlAKUpQClKUApSlAKUpQClKUApSlAKUpQClKUApSlAKUpQClKUApSlAKUpQClKUApSlAKUpQClKUApSlAKUpQClKUArKH0yP8Ue3f0voa/UqXq1eVlD6ZH+KPbv6X0NfqVL1AT/AOjffiS9B/zfP/8AbdJ9Xe1SF0b78SXoP+b5/wD7bpPq72gFKUoBXnt9IsezRjTpM3ENI0gONHZzDYDX0Dez2dzhPAJiA1mi1d/pvXXI41xSM5YFk9HQ0YgdU1M8YzwAKEio5gXLEMPK9vQkrzq+k3Q20di+kUcX2vkgCLALDnaJ9KIbewzeOgJq+E0ZP3lnxkuQRDUTJNQLEFjBGXDuSYdMEDwBU7YAcUmZDDyBzA2KeWu4j/SNag+u5lfedPLXcR/pGtQfXcyvvOqg+pucR/5RbfeuVlfCKnU3OI/8otvvXKyvhFQFvnlruI/0jWoPruZX3nTy13Ef6RrUH13Mr7zqoPqbnEf+UW33rlZXwip1NziP/KLb71ysr4RUBb55a7iP9I1qD67mV9508tdxH+ka1B9dzK+86qD6m5xH/lFt965WV8IqdTc4j/yi2+9crK+EVAW+eWu4j/SNag+u5lfedPLXcR/pGtQfXcyvvOqg+pucR/5RbfeuVlfCKnU3OI/8otvvXKyvhFQFvnlruI/0jWoPruZX3nTy13Ef6RrUH13Mr7zqoPqbnEf+UW33rlZXwip1NziP/KLb71ysr4RUBb55a7iP9I1qD67mV9508tdxH+ka1B9dzK+86qD6m5xH/lFt965WV8IqdTc4j/yi2+9crK+EVAW+eWu4j/SNag+u5lfedPLXcR/pGtQfXcyvvOqg+pucR/5RbfeuVlfCKnU3OI/8otvvXKyvhFQFvnlruI/0jWoPruZX3nTy13Ef6RrUH13Mr7zqoPqbnEf+UW33rlZXwip1NziP/KLb71ysr4RUBb55a7iP9I1qD67mV9508tdxH+ka1B9dzK+86qD6m5xH/lFt965WV8IqdTc4j/yi2+9crK+EVAW+eWu4j/SNag+u5lfedfzLmw4jsccsr8jWoV7Y2vle2M2MzPK9rW7N+1wwUsssr/g/Bjja+WV/wWte97WqoTqbnEf+UW33rlZXwir459Db4kMscsbOTcDC+WN7WzxmRkXywve17WyxtnD+eF8sb/htbPDLHs2t22OVuza4Fv3lruI/0jWoPruZX3nTy13Ef6RrUH13Mr7zqoPqbnEf+UW33rlZXwip1NziP/KLb71ysr4RUBb55a7iP9I1qD67mV9508tdxH+ka1B9dzK+86qD6m5xH/lFt965WV8IqdTc4j/yi2+9crK+EVAW+eWu4j/SNag+u5lfedPLXcR/pGtQfXcyvvOqg+pucR/5RbfeuVlfCKnU3OI/8otvvXKyvhFQFvnlruI/0jWoPruZX3nTy13Ef6RrUH13Mr7zqoPqbnEf+UW33rlZXwip1NziP/KLb71ysr4RUBb55a7iP9I1qD67mV9508tdxH+ka1B9dzK+86qD6m5xH/lFt965WV8IqdTc4j/yi2+9crK+EVAW+eWu4j/SNag+u5lfedPLXcR/pGtQfXcyvvOqg+pucR/5RbfeuVlfCKnU3OI/8otvvXKyvhFQFvnlruI/0jWoPruZX3nTy13Ef6RrUH13Mr7zqoPqbnEf+UW33rlZXwip1NziP/KLb71ysr4RUBb55a7iP9I1qD67mV9508tdxH+ka1B9dzK+86qD6m5xH/lFt965WV8IqdTc4j/yi2+9crK+EVAW+eWu4j/SNag+u5lfedPLXcR/pGtQfXcyvvOqg+pucR/5RbfeuVlfCKnU3OI/8otvvXKyvhFQFvnlruI/0jWoPruZX3nTy13Ef6RrUH13Mr7zqoPqbnEf+UW33rlZXwip1NziP/KLb71ysr4RUBb3jzYcR2Vuzbka1Ct2L5Y/wpsZmN+zjlfG/wCDJSte9r3te+OVrdrnj2M8L5Y5Wvf++Wu4j/SNag+u5lfedVA49Db4kMbXtdybgZ37bO/ZymRkWva2WV8rY27SH8bdrha9sMb3tfK+ONr55Z59tnl8upucR/5RbfeuVlfCKgLfPLXcR/pGtQfXcyvvOnlruI/0jWoPruZX3nVQfU3OI/8AKLb71ysr4RU6m5xH/lFt965WV8IqAt88tdxH+ka1B9dzK+86eWu4j/SNag+u5lfedVB9Tc4j/wAotvvXKyvhFTqbnEf+UW33rlZXwioC3zy13Ef6RrUH13Mr7zp5a7iP9I1qD67mV951UH1NziP/ACi2+9crK+EVOpucR/5RbfeuVlfCKgLfPLXcR/pGtQfXcyvvOnlruI/0jWoPruZX3nVQfU3OI/8AKLb71ysr4RU6m5xH/lFt965WV8IqAt88tdxH+ka1B9dzK+86+YfNVxJi5XxB5FdRhs7YCCXwBmpmi52CBDyGHFviGo5ZWCABDEHHFvawYIAYgwuWAQeeeNQHU3OI/wDKLb71ysr4RV9gr0OfiWJC5DFnLt8GJmXOFMsrzGx8+yAfKDkTWHYziDK1u6FjAwdsrWtnhfPtw8sc8ccrAW6eWu4j/SNag+u5lfedPLXcR/pGtQfXcyvvOqg+pucR/wCUW33rlZXwip1NziP/ACi2+9crK+EVAW+eWu4j/SNag+u5lfedPLXcR/"
20:09:00.046 [Test worker] DEBUG org.apache.http.wire - http-outgoing-0 >> "pGtQfXcyvvOqg+pucR/wCUW33rlZXwip1NziP/ACi2+9crK+EVAW+eWu4j/SNag+u5lfedPLXcR/pGtQfXcyvvOqg+pucR/wCUW33rlZXwip1NziP/ACi2+9crK+EVAW+eWu4j/SNag+u5lfedPLXcR/pGtQfXcyvvOqg+pucR/wCUW33rlZXwip1NziP/ACi2+9crK+EVAW+eWu4j/SNag+u5lfedPLXcR/pGtQfXcyvvOqg+pucR/wCUW33rlZXwip1NziP/ACi2+9crK+EVAW+eWu4j/SNag+u5lfedPLXcR/pGtQfXcyvvOqg+pucR/wCUW33rlZXwip1NziP/ACi2+9crK+EVAW+eWu4j/SNag+u5lfedPLXcR/pGtQfXcyvvOqg+pucR/wCUW33rlZXwip1NziP/ACi2+9crK+EVAW9+Ww4jr5Xx8o1qF2bWxyvf5bGZbHsZXytbsZ3Uu1yvbtb9tja98sbXxvla1s8L5f3y13Ef6RrUH13Mr7zqoG3Q2+JDtr5eMm4F7XxxtbC8yMjtcb43zvfK17Q/bPts7ZWtlbLPLG1sMe0xxvfO+fy6m5xH/lFt965WV8IqAt88tdxH+ka1B9dzK+86eWu4j/SNag+u5lfedVB9Tc4j/wAotvvXKyvhFTqbnEf+UW33rlZXwioC3zy13Ef6RrUH13Mr7zp5a7iP9I1qD67mV951UH1NziP/ACi2+9crK+EVOpucR/5RbfeuVlfCKgLfPLXcR/pGtQfXcyvvOnlruI/0jWoPruZX3nVQfU3OI/8AKLb71ysr4RU6m5xH/lFt965WV8IqAt88tdxH+ka1B9dzK+86eWu4j/SNag+u5lfedVB9Tc4j/wAotvvXKyvhFTqbnEf+UW33rlZXwioC3zy13Ef6RrUH13Mr7zp5a7iP9I1qD67mV951UH1NziP/ACi2+9crK+EVOpucR/5RbfeuVlfCKgLfPLXcR/pGtQfXcyvvOnlruI/0jWoPruZX3nVQfU3OI/8AKLb71ysr4RU6m5xH/lFt965WV8IqAt88tdxH+ka1B9dzK+86/mPNhxHZW7NuRrUK3Yvlj/CmxmY37OOV8b/gyUrXva97Xvjla3a549jPC+WOVr3qE6m5xH/lFt965WV8Iq+OPQ2+JDG17Xcm4Gd+2zv2cpkZFr2tllfK2Nu0h/G3a4WvbDG97Xyvjja+eWefbZ5AW/eWu4j/AEjWoPruZX3nTy13Ef6RrUH13Mr7zqoPqbnEf+UW33rlZXwip1NziP8Ayi2+9crK+EVAW+eWu4j/AEjWoPruZX3nTy13Ef6RrUH13Mr7zqoPqbnEf+UW33rlZXwip1NziP8Ayi2+9crK+EVAW+eWu4j/AEjWoPruZX3nTy13Ef6RrUH13Mr7zqoPqbnEf+UW33rlZXwip1NziP8Ayi2+9crK+EVAW+eWu4j/AEjWoPruZX3nTy13Ef6RrUH13Mr7zqoPqbnEf+UW33rlZXwip1NziP8Ayi2+9crK+EVAW+eWu4j/AEjWoPruZX3nTy13Ef6RrUH13Mr7zqoPqbnEf+UW33rlZXwip1NziP8Ayi2+9crK+EVAW+eWu4j/AEjWoPruZX3nTy13Ef6RrUH13Mr7zqoPqbnEf+UW33rlZXwip1NziP8Ayi2+9crK+EVAW+eWu4j/AEjWoPruZX3nTy13Ef6RrUH13Mr7zqoPqbnEf+UW33rlZXwip1NziP8Ayi2+9crK+EVAW+eWu4j/AEjWoPruZX3nTy13Ef6RrUH13Mr7zqoPqbnEf+UW33rlZXwip1NziP8Ayi2+9crK+EVAW+eWu4j/AEjWoPruZX3nTy13Ef6RrUH13Mr7zqoPqbnEf+UW33rlZXwip1NziP8Ayi2+9crK+EVAW+eWu4j/AEjWoPruZX3nWFDi03D1Yi3pNu7uzkjz/FLJ16e8p77qrQmZyvJHSY7cia/ZaU1ZlHkZ0GzIaYfLOlMFDPoYwA+eCgVzxGL3zwva9aM+pucR/wCUW33rlZXwirJBx+8SmrOzXPJtZxuyOoSsDr1DEg7gtloHG27kZMkUVNgyRj7VZV1lyGmopJh0yImFw8lsUBuk8T5rthQAyWF+5Wi/KdoxF4dPbo2Yvot+Wu4j/SNag+u5lfedPLXcR/pGtQfXcyvvOqg+pucR/wCUW33rlZXwip1NziP/ACi2+9crK+EVUpb55a7iP9I1qD67mV9508tdxH+ka1B9dzK+86qD6m5xH/lFt965WV8IqdTc4j/yi2+9crK+EVAW+eWu4j/SNag+u5lfedPLXcR/pGtQfXcyvvOqg+pucR/5RbfeuVlfCKnU3OI/8otvvXKyvhFQFvnlruI/0jWoPruZX3nTy13Ef6RrUH13Mr7zqoPqbnEf+UW33rlZXwip1NziP/KLb71ysr4RUBb55a7iP9I1qD67mV9508tdxH+ka1B9dzK+86qD6m5xH/lFt965WV8IqdTc4j/yi2+9crK+EVAW+eWu4j/SNag+u5lfedPLXcR/pGtQfXcyvvOqg+pucR/5RbfeuVlfCKnU3OI/8otvvXKyvhFQFvnlruI/0jWoPruZX3nTy13Ef6RrUH13Mr7zqoPqbnEf+UW33rlZXwip1NziP/KLb71ysr4RUBb3jzYcR2WOOVuRrUK1srWytbKbGZhla17dm3bYZqWOWN/w/hxytbLG/wCC9rXte1f3y13Ef6RrUH13Mr7zqoHHobfEhjjjjdybgZ3xxta+ecyMi2Wd7Wta+WVsIfwwtllf8N7YYY49m9+1xxt2LW+XU3OI/wDKLb71ysr4RUBb55a7iP8ASNag+u5lfedPLXcR/pGtQfXcyvvOqg+pucR/5RbfeuVlfCKnU3OI/wDKLb71ysr4RUBb55a7iP8ASNag+u5lfedPLXcR/pGtQfXcyvvOqg+pucR/5RbfeuVlfCKnU3OI/wDKLb71ysr4RUBb55a7iP8ASNag+u5lfedPLXcR/pGtQfXcyvvOqg+pucR/5RbfeuVlfCKnU3OI/wDKLb71ysr4RUBb55a7iP8ASNag+u5lfedPLXcR/pGtQfXcyvvOqg+pucR/5RbfeuVlfCKnU3OI/wDKLb71ysr4RUBb55a7iP8ASNag+u5lfedPLXcR/pGtQfXcyvvOqg+pucR/5RbfeuVlfCKnU3OI/wDKLb71ysr4RUBb55a7iP8ASNag+u5lfedPLXcR/pGtQfXcyvvOqg+pucR/5RbfeuVlfCKnU3OI/wDKLb71ysr4RUBSt0vzeXTvb+N9GE3VvZaGp9PsV7zseeJOK32hvEw2Sa8gxgAjGVkJHNGciAKmMlqIRIQe2GJjMkZxDve4WXY13RnzQ8TSZG8fJqhyI6jkj6eyGoRPEzM1swIwUOFEEgAZLDhZqdsgxgBg8whQ8rWywzwyxva17XrCP0lPhU074mmPqW4tW1KZT5+bHXLiK8cZUeyG7S4RNkJDBPI10YNHZrVyIjZDOVRsdzHEO4j4WLYh4A3CyyE0kMToe3E05GOzXEoOHbjE+vNRvLR7EtMTMDL2OKiQTPGbAB5xKJkGDYYfOwWGQgmWGHa43zyva+VwLp/LXcR/pGtQfXcyvvOnlruI/wBI1qD67mV951UH1NziP/KLb71ysr4RU6m5xH/lFt965WV8IqAt88tdxH+ka1B9dzK+86eWu4j/AEjWoPruZX3nVQfU3OI/8otvvXKyvhFTqbnEf+UW33rlZXwioC3zy13Ef6RrUH13Mr7zp5a7iP8ASNag+u5lfedVB9Tc4j/yi2+9crK+EVOpucR/5RbfeuVlfCKgLfPLXcR/pGtQfXcyvvOnlruI/wBI1qD67mV951UH1NziP/KLb71ysr4RU6m5xH/lFt965WV8IqAt88tdxH+ka1B9dzK+86eWu4j/AEjWoPruZX3nVQfU3OI/8otvvXKyvhFTqbnEf+UW33rlZXwioC3zy13Ef6RrUH13Mr7zp5a7iP8ASNag+u5lfedVB9Tc4j/yi2+9crK+EVOpucR/5RbfeuVlfCKgLfPLXcR/pGtQfXcyvvOv55bDiOvlfHyjWoXZtbHK9/lsZlsexlfK1uxndS7XK9u1v22Nr3yxtfG+VrWzwvlUJ1NziP8Ayi2+9crK+EVfG3Q2+JDtr5eMm4F7XxxtbC8yMjtcb43zvfK17Q/bPts7ZWtlbLPLG1sMe0xxvfO+YFv3lruI/wBI1qD67mV9508tdxH+ka1B9dzK+86qD6m5xH/lFt965WV8IqdTc4j/AMotvvXKyvhFQFvnlruI/wBI1qD67mV9508tdxH+ka1B9dzK+86qD6m5xH/lFt965WV8IqdTc4j/AMotvvXKyvhFQFvnlruI/wBI1qD67mV9508tdxH+ka1B9dzK+86qD6m5xH/lFt965WV8IqdTc4j/AMotvvXKyvhFQFvnlruI/wBI1qD67mV9508tdxH+ka1B9dzK+86qD6m5xH/lFt965WV8IqdTc4j/AMotvvXKyvhFQFvnlruI/wBI1qD67mV9508tdxH+ka1B9dzK+86qD6m5xH/lFt965WV8IqdTc4j/AMotvvXKyvhFQFvnlruI/wBI1qD67mV9508tdxH+ka1B9dzK+86qD6m5xH/lFt965WV8IqdTc4j/AMotvvXKyvhFQFvnlruI/wBI1qD67mV951F/d7mG4sXxpdt4ymfyAapuR2u/V+fmu126jzIzzyuvuJwRQ7ElERUokApZDHFJVUzZUiRKg45CmDQ4QIeN887WvCPqbnEf+UW33rlZXwiroLa3ok/FjC+rmycxM9f2sEdsTwFMUltcNZlxnnUgRxMSO3G6ETBVJgRUTGNpuSmlFcTxYE2VFHK3FCDMgZ52FxAh50SDf/STUfS7ZRlbO7TwdAztcu0Arob7dlGQUBoK6w3coojxJstJ5JXNlxjSbdTTj5GxoLHILvooOD23bh5Wtq88tdxH+ka1B9dzK+86wxdHC4I9JOVfVyc5i2dVJxIO2Op9EjRvhxc/EBqJGbdwjtlOi2agTV2Q6BjKl4TXz+NzIRsuF3rYALvbtw8hRNEPU3OI/wDKLb71ysr4RUBb55a7iP8ASNag+u5lfedPLXcR/pGtQfXcyvvOqg+pucR/5RbfeuVlfCKnU3OI/wDKLb71ysr4RUBb55a7iP8ASNag+u5lfedPLXcR/pGtQfXcyvvOqg+pucR/5RbfeuVlfCKnU3OI/wDKLb71ysr4RUBb55a7iP8ASNag+u5lfedPLXcR/pGtQfXcyvvOqg+pucR/5RbfeuVlfCKnU3OI/wDKLb71ysr4RUBb55a7iP8ASNag+u5lfedPLXcR/pGtQfXcyvvOqg+pucR/5RbfeuVlfCKnU3OI/wDKLb71ysr4RUBb55a7iP8ASNag+u5lfedPLXcR/pGtQfXcyvvOqg+pucR/5RbfeuVlfCKnU3OI/wDKLb71ysr4RUBb55a7iP8ASNag+u5lfedPLXcR/pGtQfXcyvvOqg+pucR/5RbfeuVlfCKnU3OI/wDKLb71ysr4RUBb55a7iP8ASNag+u5lfedPLXcR/pGtQfXcyvvOqg+pucR/5RbfeuVlfCKnU3OI/wDKLb71ysr4RUBb55a7iP8ASNag+u5lfedPLXcR/pGtQfXcyvvOqg+pucR/5RbfeuVlfCKnU3OI/wDKLb71ysr4RUBb55a7iP8ASNag+u5lfedPLXcR/pGtQfXcyvvOqg+pucR/5RbfeuVlfCKnU3OI/wDKLb71ysr4RUBb55a7iP8ASNag+u5lfedPLXcR/pGtQfXcyvvOqg+pucR/5RbfeuVlfCKnU3OI/wDKLb71ysr4RUBb55a7iP8ASNag+u5lfedPLXcR/pGtQfXcyvvOqg+pucR/5RbfeuVlfCKnU3OI/wDKLb71ysr4RUBb55a7iP8ASNag+u5lfedPLXcR/pGtQfXcyvvOqg+pucR/5RbfeuVlfCKnU3OI/wDKLb71ysr4RUBb55a7iP8ASNag+u5lfedPLXcR/pGtQfXcyvvOqg+pucR/5RbfeuVlfCKnU3OI/wDKLb71ysr4RUBb55a7iP8ASNag+u5lfedPLXcR/pGtQfXcyvvOqg+pucR/5RbfeuVlfCKnU3OI/wDKLb71ysr4RUBb55a7iP8ASNag+u5lfedPLXcR/pGtQfXcyvvOqg+pucR/5RbfeuVlfCKnU3OI/wDKLb71ysr4RUBb55a7iP8ASNag+u5lfedPLXcR/pGtQfXcyvvOqg+pucR/5RbfeuVlfCKnU3OI/wDKLb71ysr4RUBb55a7iP8ASNag+u5lfedPLXcR/pGtQfXcyvvOqg+pucR/5RbfeuVlfCKnU3OI/wDKLb71ysr4RUBb55a7iP8ASNag+u5lfedPLXcR/pGtQfXcyvvOqg+pucR/5RbfeuVlfCKnU3OI/wDKLb71ysr4RUBb55a7iP8ASNag+u5lfedPLXcR/pGtQfXcyvvOqg+pucR/5RbfeuVlfCKnU3OI/wDKLb71ysr4RUBb55a7iP8ASNag+u5lfedPLXcR/pGtQfXcyvvOqg+pucR/5RbfeuVlfCKnU3OI/wDKLb71ysr4RUBb55a7iP8ASNag+u5lfedPLXcR/pGtQfXcyvvOqg+pucR/5RbfeuVlfCKnU3OI/wDKLb71ysr4RUBb55a7iP8ASNag+u5lfedPLXcR/pGtQfXcyvvOqg+pucR/5RbfeuVlfCKnU3OI/wDKLb71ysr4RUBb55a7iP8ASNag+u5lfedPLXcR/pGtQfXcyvvOqg+pucR/5RbfeuVlfCKnU3OI/wDKLb71ysr4RUBb55a7iP8ASNag+u5lfedPLXcR/pGtQfXcyvvOqg+pucR/5RbfeuVlfCKnU3OI/wDKLb71ysr4RUBb55a7iP8ASNag+u5lfedPLXcR/pGtQfXcyvvOqg+pucR/5RbfeuVlfCKnU3OI/wDKLb71ysr4RUBb55a7iP8ASNag+u5lfedPLXcR/pGtQfXcyvvOqg+pucR/5RbfeuVlfCKnU3OI/wDKLb71ysr4RUBb55a7iP8ASNag+u5lfedPLXcR/pGtQfXcyvvOqg+pucR/5RbfeuVlfCKnU3OI/wDKLb71ysr4RUBb55a7iP8ASNag+u5lfedPLXcR/pGtQfXcyvvOqg+pucR/5RbfeuVlfCKnU3OI/wDKLb71ysr4RUBb55a7iP8ASNag+u5lfedPLXcR/pGtQfXcyvvOqg+pucR/5RbfeuVlfCKnU3OI/wDKLb71ysr4RUBb55a7iP8ASNag+u5lfedZselS8jehu1PGQhRjrdtzAU3yGBtBFToGZkaSS3HW4gm6lNKTyiktZpaUdMGsU0iaVE4AyauH3IEU6WwzytcXHszS6m5xH/lFt965WV8Iqoz6Qf0fDQ3jD0NSdkdblafTshnZ9j2NBgZLkJuOhu+Lrobj+VVLPBNSmC2jWKliabSdYsZuo3CCCyM4Zlhbi45BgXo8DHKhxvwLxH6XRHNG7utUXyey2Q9SLtYb2lZqoDpbpw9Lshq5Msro58+EbJDGUtRInwQxw8csypsAbG18BMb3t38tdxH+ka1B9dzK+86yv8QnRi+N/ePjh1c2smhb2VKyfMLUdS07QGTJ7VQmsGcRpJejUJ2SEk/Gy0bJg3S0AjkNgOqG8szVxxsc8MBMQg7JOpucR/5RbfeuVlfCKgLfPLXcR/pGtQfXcyvvOlVB9Tc4j/yi2+9crK+EVKA1eVgD59P6U1wr/wDDk/6ikyVv8rAHz6f0prhX/wCHJ/1FJkoDf5SlKAUpSgFdKbJzm1tYtepx2Ne4QxhowTEsgy24iZUTEI4opUftVUdBpKIZ5BjWsoquCZdOTse4jXEOmgA8QhMsrYZd11VHznoqyvcQHIkRQgxhToGrskLQ+IFuznZGbidg4XEJl+G38SC30tTGMX/9xfAW/Yv2OxdmTGRl5Ypy0D1G5AeW3V3HkM2h5Q949WZC2NNu13azwnp/KF4igmE47IrqmisEd6xuUTxcZaBVRUfFYwKLK6nqisyTSfdadBpzLJ1TS5acPHJZsVIWuHIDEO7dikh7hcUD9kePJdcLcJFkfOaGo1Ed7qbCd+QBBOJpoa46jUbvdBBUkxHLlFtKSUB0ClhVJbULZTz4TlpDX+I3jmPN4UAUgB"
20:09:00.057 [Test worker] DEBUG org.apache.http.wire - http-outgoing-0 >> "qHCiKYzLZY5h2XG2zU1uuYLK+N72sOC5EpWBNY3/hYGgxsM7WyxytakLjtl1lQ7yfdKa2ncRcZShCCM47c0jAphYqc8KjxEw51W38jkSpgTAsorIN2U7SIpATK+GR88EXO3ByNh4iJyk303sauiQZ3nJm1krrTpf8AXjK1e3A5iNPkjkX2U5W9/wCE5B2GdMrnoiijTKagILgeE2wwZLd0bIiKqRsloaqVkEYJbZZ44YuvKoCgoNgcgnLimecgik4hbDuj/bo7JbVa/wCy8X7ZO0hKc06RbcyjqerzemJBJEBmBFYGKb4IdaqRTQi6d4xhjDKRA8aJlgbqKOC3lRTyOLx5XUTlP3FToHyPbIaXvDYjT/f2/FBrPtq5ZJkWAtJooi0DY5txY2lRwLSFZUAlOXXcA9I0PvBUSTazmRh7xcIJZc4ScaYSRVIzm1UiyDo1L+ZTdgDavRvKFWxDWw2ie0z2jbaE6y3S7Hu3JukxcPKqXnPgbnfZ9Td5lRfJiP1lKHT1hSPhp6S1UMRJFT0g6RbqFEZe0jNFbiMrUJB/TKquqwdfFNNYncnSXphluB+HrY2TYOlKRoZklDdcClkWQYoe7mjt8I5dYnNgJCuAluxoKaOvJ4KqlHTiYpBFD4OB5PNmSRrEUsOKFnaZDEoIDR04h6YJkf6a32+ja5xo+pHkuRXMAQTSBbCOUJXcbseDscJwMELG+eRlRVllXPdsKLmKZNGMxBMs8qY+leHipThI2TAMDBhDKb812IkcM88ccjJoOdmGpZghWyva4gmJJPOGL4YWyysEXFzvbtMMsse1uQV36Ex5w3xGh8l6Q/HNArqjXWlkhRJGq0/UaSpalgkz0JxsiOWeRYDqZamvrwiq1zK8Eiry8Ragd27krL+YQaUCOC1TZl+G+RqmzL8N8nbiBz78RrjX22hE9wUhNKvFw5NRrPt2xHsAxYbXl7AyIUyJJs7PWKG/C5nDEwCPhc7g/e8LWAHE767kCLnhNzabdvV/SpHitwbNSiDGSLNcqNyE4yUc2m+3cXckmO0qfOt9vZ5MNrunJDBPlEs8Pk4HHikNklgBe59ZK3ECsJm15Z3PuxLvCtsw2lbjggvT3UpjwS0TTcakz7EZuXYZptFgOBnnI8za0HRVDK5HTCcSEEkowQKE5JvBVW8HYYgolS58A0n2ily+pJObeFro4CHKFjTsT5clrjSSZEsdPngDrmJv7VEUm7bG1QiZLKYJpZAVlDu58mbLngxTOZguZCMWwFxuZ87COqNBIaorJCvDSWLmhd7dIF4bI+lMtDbl35h7xzMK2CJkcbpJ/PWOiClkYyK5gLMyMtnOCIEEIsPhnieNrb6TySfjjkIeMFwrXzrvjkxUN+VfUlWSOMAgw1PZCRV1tNtDkN3uRqp7fi2PlwueOOWWEXBzWNILqXE4mWIJraS8yqoB304AnFdNVy6LmmHoQc5GtOv8b8Eu5cRx5DkcMWNYvhtOcMestqNBDREFoLzUdzXPoq4hESRIIMitgmC98jK0F2FY/wB8nrnjhjI8byGlxx2zCz4x4ddGJwmp7prTZDG47tZ33Iz+dR7IJPR0JC17ZSiuL6ydE7qONngWLimBr4YjnTxrLuRcEwbMBhCMae1E1kX8ZpyT5dqFIfJFqDuLxO6SOvkNgrl55AJZnXXQ5GTkktjbVzCUlfWWbCbrkVoMV0txOhRWRwE6PCx487LGW4TSVtVPlEovduE1MJfOkXkl227XOrkQ3J47tbXVxyLTG1+mDaltwM+pJkN8qWOS7BEMygwiLyfJiOSJ5FUSq3I6YYWEtDT8z4SeMVS8F02lHEpzZIisl1H/ACf7NdJif7UfUlJjq1g4O43kAu6o8j1QwMIc4cgS20FIcsRdjlxBGxMM2IshgzmBDMIawZPAcUNvXcrwxDeMba6UhIS0BJTEJDTiSQioqcSSEdJTiwRNPTEtNLBE09OIFAMcACpIkUBBLFSwOGAQAAWAQeOOGNrWc3WWTuEhqq30g37pFVhvj55FY+2k4OwNLtqIH5Kt89qR5F24ivXeZ9cNz5sAntnTQ3JBS3OsrRmOUFSQE41HK6BdrmU0r4s2MmE+y8jGCaoTyRjBRzbFqxW8turs+8ZOwDQ5q5Ilu/JZCkPz4nGhda9qAHVga1Nbcqv7DBGcmqw6G/gYyKOJuK5xtNlvqbojM0fQFBPabmuGsnSIygjbM2o5kh6NdtvFvj5GkF2ICO5kQ1mFmDmZSF5OLKiaPmCJa2YWQxM0CJkFna2Yd8r4ZW7Nr0zrTzPw8ISCSyUER5I821Z4Mn79KUoUUpSgFKUoBSlKAUpSgFKUoBSlKAUpSgFKUoBSlKAUpSgFKUoBSlKAUpSgFKUoBSlKAUpSgFKUoBSlKAUpSgFKUoBSlKAUpSgFKUoBSlKAUpSgFKUoBSlKAUpSgFKUoBSlKAoS5n+SPYTW94ao6GaFJLWWN+N9Hkca8cOR5kcFhpQVHaUYLFXRMbiQxih8sqip9h1A6jAqKYsIZJKaT2cKwjLuLfJtlwfkI/CJO6m1A1uTebnlwWNgzRXA8pviOtiCMZwmXdGIfb9uia4kWwqNgs0bG+x3dtHHAbHNlccgQVZNsL2AoY7xDl496WTxMSK/8sE9hv8A00k2I4+XVPKwCUFK2JTbEqOlExhewDkrqvyjsVughhXyNDnHajlb42xGA7OtKnvEycUjoPbbPCUV/wBinecHjS3z2/izf2YeGvkqeDfl2cWPH4cz6rbXIjaJMfPZaFP4GWZd2NRMDCSyr8Rk7FQGFOJQPcxTLMkJIWVBdUG4TdruhY/mXNG7fSVty9LnJvZyCQBr7GukMfTi0mRqjtpI8IpSc+CoGsTbMZhIicYV2qXTVYGTXOqLIJFvEzyiuZlFEZQ7fA0Gb5/tYYAkHpdHGkksHLBRW4O0gldcmk8mZWHu22442btUSbqO4e43vkXzEPPdsGAC5u2OIeD8Qjodr5HAezGh2Q9szNnStt7GrqruCpaTyGn8fMcOBZlRKgqLNgzC+zCmGoycox9mzJdCGbaYCqriq3XHk5yONlwlm1A0otlYgtKdruJZ9DiWfRefHPDIjxzITDkIPk95mnsIw3m13ngzJG5CHy7Y9d2bXWyK3i2H41TLaALOZmL+RGyU6G+YGBAWkQ2eTRRQwzOWdqweVMabJu6QXxo6MIm4G5etsBz1qzLzhkVH1Q2Pf8FKKmvsNtbNPxFXLYtw8M3RlgVSj1tpSgpqjcUzphvF80wIcv2pUcrdxp9q9v8AwnJa46tquUJf3YjxQYqm30aK1XTzXTXwugPM2vtlRTpBwecRFgXIpjJSGlOJuYtg9ldDO4OsRVM43PoqZe2fDluj+ZpS6TLxPMTX3YE5q1Ly7qDOHijO6fGLImQ2xfBjP20WV/uMbyOGKzHH4zthPWmcJ4Zwy8DhOHNeTuwqpZG9gLYvIYonpZOc3/7pTIHurV4xUCxUsXLWFHHsXABAsOaFuOZGsCHiHYUwNl2MhhxO17cYXK1riCXyzv8AhvVVmten3JjFs1st97Bcwbl2liFC8Y/G6CFDRTVmGyj68JtNdRkDu0kRwUCebc8WHOoIrxD8DZ4+GBW9ggqPZSlQ9a9rVAKUpQClKUApSlAKUpQClKUArzoeHf8ApcPIN+eLkl/bUrV6L1edDw7/ANLh5Bvzxckv7alaosvP89oRZef57Q258lO9rA42tMZn28kFLGcpaOEciUaTJKncE86/ZEdKoUbbGaAB3IEzkQKqbgUSgy8qhEz4qE2Si2vYp56yXkUFpq1L0Q5NORGMmvtlyO8lG3usY8zIxCQY01D4/nyV1bQYgYjmK4KzTSH49E9FXnm6F4winy548hLRo24W6MIXILzzWD4JtLTPwumDNFzOLiMKuFDTzCihxptbB74kAEK4+JbFoGUuQWEBdRzAvbIMkO83y0CVxMr9jA2aK3wvYbuV7aWWC+25KMTsuTYmPpCy05Dj1vPmNVPHK2KCpt91twovM87bJOuJ2qUcTz6eNfvK+d8Cgl7F+2vbDs00j6aKmiTnNUfZ4tLdXpZijVHld0d2yihHhjah38gfHzIAhlOmhr7zSKiqGyevgoIxPDB5R9Nye1irglLE0AZFMkmkvpOZAQNFNoB7wQfXCr/TqeekxyjvUQ3t1oibTPajY+BlLDR7ZPYUZoQtL8hsNAfStrsSfcvK4C+1Gi4klJdSsoMhgLSMlhKaeojHDOael5AmyguZEaWe6/JrzlccWOtjq2oiTiuXo92B2WjvXUvaCF3a9xvBLUnpZRUjKqIVfYrHRixMqiIar3A1Y4pi4qmaeGIkjlRDAoPNt5CxY/0oDhwSzxYudTVfU7chNUyBsAIyUPp5mINgrGSZouNhmEMWMY42wHCzxvgKHfIMS2QeeeOQhexoptCgbqac62bVNzvQIpOMRM98KaeRz7oXQHacTAir7als+6C9sM0XsTcDYM/xovYMpA1rCZ2t218QvIpvtuVLnMAUkaCtq9hYs09gnk20k42yEaxjMcjMiMJceGCg63Zscac7UaDkTWk5jqO60U4z3AKskT4y+zHC0k85mYTiOBEnYtx6bVAcQmsnOBpo/j2GIvFPIkjTTrOlOIbPG7jg/ZRLOvDXFtgBmM7XNYrMiHkbw6aBHFwLrUsFSool8swRB66JW1TWNU+Lbo+BZ84GxZj2H5dtets5uVVO1/DavIE/CKbtJCr/AG+NjFl9Ij3xFbK3iayzMWVUI5cTuV8u4BPjzae6K/27i+kpu8G9orq+kIu5bVzLqc1yZzO8SOm7T2z271rhrYxjTiDKRXVXYR+QYtLg7XTl1xIykKM2D10U2qlTKIVJBnllCVhgkwY2UL3A7tYQOUEv8LOybEYrle2mfMtystue2yiKSywU7ZjaLHZOEnE4UwmKeTEB6MN9NEuXxTls6XASzKzmbUSaMXNDKBlsuAMDJNMQG5wxthgOePhWG1SJQ8o7B4R/sHeNSU/HXknRAYU7pDjsp4vY7HxQ88S5HFvXWMyOSGVGHyWcU3AfGxLIznjPiVYQ6SHs8x3DDj3n7iw1BYb/AEZQbDuk3WVubRyrOKU3lsqMmLYbTBlou2GemnzSaYMhFlEkdTF5PEFwOI7iRVIAA4A/M08jaD8a755JFcDHInIPJzx1x9sRL6SkJswITweURSgdbpGyU3nQ6GMKmmS7uSUjHMQJJs4Wyvt48sJpXLFOKOPJaDSS5JJsRJFrl6g1xyaERJxp6kxrqVDh5YX0BkWV1dwPRx4FQnE/ny6FEVXdTvVy5HHEmRueOjYEklKLXGDRG6nIyNc4o5p+aganLQClKUApSlAKUpQClKUApSlAZseVzabbKaORHT/hq0nmRa1rXpsYK3sPtdskzCZY5IcdQIhm3KUIN6PlEyHni13I4jDIcJfJXJXBWrLS1HZcJSSG+dcNlSKu6l9tOj/SfqdtY2d7tvdxtCZPm9q6/wC3kU7uyhjPjuYoT1KnzadK8cP80hpCw3QU5KQnGqYpJIFKTwXSkIyGpHFhEedk5B7aS74NbpeLj8ae1AykfihAtG3fWWONzmZGQ0G5/wAG2yv2RMsQ2E/riY4W7a2JU/le3ah55VyfpdKglgcOztRjdsBVp27DQI3WeTthYQ2fcnjApLlyacFbsiDHRG+iLwmIQOOYuYARi1sb49veyzKrpy3Lc7wJHREVXSVVTfVEXtngfY5A9iNtN0eWaLeG7UPYB8apRoyILE2a3k2Dh/MonzcVZ504VJN6No2c50oZyZJw3Zfj+9nMlZBn7qEikz5jA6ks1Qbjq6Wm9f2x4J93dGlE7uptBuTxzbqzCl6zSy3Nz5CwmmT4LlV0CFC7PfbWl04jpi7ghCBnFBxCt4EpiUEQWe8ktRJKqofaqygfq6HJp9ldKO5MW29c7Yuh0cfGra22MzOQXdTqG0Y51OZzxzI54Z54mAfHImPkYuFnla4wAmWPbBhd0rkvSyrBrWnWjbDS7YGX09OUHW8iyE4K2GaiMo4MSak8Q2SDyvbK+IJhZTU4XPG9uwMrlA8vwDdmz54z58F31TSDKmM/lnOX8gexG2m6HLNF3DdqJsA+NUY0Y8GCbNbybBxBmUTpvKtA6cKkm9G0bOc6UM5Mk6bsvsC/jMlZBqF1CRSZ8xgdSmaoNx1dLTev7Y8E+7ujSid3U2g3J45t1ZhS9ZpZbm58hYTTJ8Fyq6BChdnvtrS6cR0xdwQhAzig4hW8CUxKCILPeSWoklVUPtVZQOd6h44oPSwOV4gvXxBU33o/ry62JYx2uApppN5nasNZx94XvfsigYukvl3xbH+F3YuJe+N8Ab5W/nSyrBrWnWjbDS7YGX09OUHW8iyE4K2GaiMo4MSak8Q2SDyvbK+IJhZTU4XPG9uwMrlA8vwDdmz54z58Dn48tuj+W3P0toZq2z5KuYV7cV2uey8raeaq6cQ+2ZR3FmTXlVAak7SC+34nN1Xa0ZMWTMyJ80xwgUl6IGIAyWB3LAykSKbX8F00mNhHI8Rzf22fDBylaV63yFt3sDubx78jy0sw8yz+2bvwlac4I2HJGkNNbxQvLAiYnrC8huVxu9kpacRVLkk4yhOFzf8Acwy2xiy8sfucS18G1z+9IPZ7l7UF4ri1q49EIuZyxsdFZYrZcSniZADve+eRLwc+GLnfPH+DiGaIWy7W4mFq/vSRbYLc8cETERr45v5ycqMQqTYAC7S56yYhOhglF8+FbLLG+BNNPOBtDqA+V8S5fHIAUwIHhjbKk2bdLxZ9llJFbkkVRGR1dEgkYqjzpp6iVw9OK/kq47fzg7G/q5ENbeol/kqjL83zM/VxNrEL04r+Srjt/ODsb+rkQ1t6iX+SqMvzfMz9XE2hTMMNtbvxzTbzbJazaMbCKej3HtpY9hornLaSPm8kLs8T7KhI6oJyu0YmXV0AwRZ6IXUENWySl1tDlTaa3i6a8XCoL4L3bzGJSZlfiE3ThJhK0mcf/LvyNuDZhnkM1psMfd7YBH2YgCWzqYHkaFY7sZ7vY6cmswV2WDzSSztRbYFW8KbxNXSse5BKCfEvojZ0ozNa+QTW513CJT1CXIvLIsuIZq9/D5YNeZjBZiMpLGA2eRzCxp1RVIySDiLjiDYwgns8MszApu9rjt13LzCNl+mFbRZrcca3BCRHpZXWzG1Tm2SSZWu9SBhfNOQsmEYnQj7TEbFkQBAujCGToSoKpiK4Z3EItgTEybSWW0dpZ5E2WCwRdIyaTR31eKxcjZyXTJuUyeBzZiYJbDK6ybmNvX8soOo5rdKbkuUZT4LvVupo63G0io4iI50UFZT8+/8AEkXUjZxu4qhtt3crmBI3X1WDXRndrNilQxsvpFuDNspTrLLSaGt26MLyJNT7dMiPt0a87YQkwXmCjFHM71haVjqFGioptksdD78yKEHM/FcgXsD3DMiS6rkjkRlXlC6LlvPtVMjMj5hvVUQpDY4zfjMu4yzXDTmbIjDKkDQQTpcDmVrHTOBrPI5lmqZAXyxx7iADbs2vwe+I+lsn9GS5MieV0xgzrpfq/wAaO1Kpa1iaaKjS/ArNcsEKy4ZBxsAGVSX2YX3MsqJvEPEFPj5DJ5jXLBhWKPiP36QfEZtDX0kccsZ6RNslNjWjLUTSDVaV37Dex++GyaC1S0jRW619lyBHsERJiUfE0vtEcjRUE10pIaJYwz7LXgw4W8LM8V2pQ4hgsMZImq99QdpNmnN0SicdkHJsXOzg2ISY82bOpU9LcuyAqzQmHECal5KQjafKR9wmHwSNIqWCCmpJgsuhCpxAIMmTzBL4Yh2kk0C2W9/O7yAbHGuwqw5xR6lH9QojMf7U7LYuX2s61iXl9O7fugd1xrJRySozdNgLBGMC12nkYzDCsCGYr30m/oYGwP5s9sv28uKmf76zRi9dIntosWF8ePFa6NsNCdTNkH/y1c2KDJk5QFHMmOoRn8h76Abie5nY3Caqo4oSE5m05wwkoI2YzsVIqhlWzxAtiGMZGy7Il/1tKtkt2tI+ZMbh52q2UXt2IcmLXA7sXrDN0joiKnzkzCaWO6rmGnIy8hhh2dZcT5O5GTTaguCKSoaOpzTXUkw30xYUGuU654ujXSCjHHBpWR12ReH5Nha+tcVhxQvzQvbknpOsxrtchg3zT5QGOhAtbJ4WTrgiqhVFV8EKx3AXAuZyAvhbKfmg/E"
20:09:00.058 [Test worker] DEBUG org.apache.http.wire - http-outgoing-0 >> "pMcVbmyJyY8gGzKRtNu2+4/tFbTLx+yMo/hCBo7EzK2NNqOUc6YHWFcbIsUyTiS2dJtzMAgsOkZUTFxxOVUcgrOX+PStqo3h5dZuiw9Rvq6l7NKUoBSlKAUpSgFKUoBSlKAV05sMtzQ3INldb1zZSBIk9EGI4hIfZjsWyzcai7IgieMC1QHQsmzZEMm2y6uKVPLvczpM2ZSipsoRMgHRy4uPcdP9n+2gzGj6MuBHii5E1XUtx7J7Hcwu/8bchIcfO2WlVuxtPCAgaWxq9E1LVHEkR2fgdvNvFjONlogIJZHdionKpJOUBwjKmkFw0wDAmfktxu71bw8hXB+39l4tRI1N76r7NkeOGuqve2DUixwyiyHwqx8SlNVJp6aeJFS+aQUCeyu3CKUAgHXgRUm2QKJSAZL4FIdbTbLbR868nSzx8ca7g+SXQFjrx2LN5+RUcrmdKSGNjgHg8dfdaCoY5azuAOpZnvJ1LpI6WJOZMO44nFpAjlWSDcsaOdUNX4i0u11ibV2CEMZvxXDjVAa7YKHDGBxVPZ5mjSquuRfPBgFQlBzO1xqKu6XMoAlSgB5eWFE0ATKAChlgmZlSJTXlkRPjzOamYHbvRPfPR/jdkPkDd3MfvyJvhCMZo81SI3lqcUhw6WKb7yOoorliJva8qTSLswZuCmz4zOZh4THEusLtyKmI1yycqhtQheaztzHW6OHlL39fKSXZL3UePIfahzppDEwST0dzB6+mJNURETA0IMbLpAqkEIcQMDAw5vFNHI4iijD9tnnVhz08ZGx88oMhbpMnZc9LMZ63tIvOJvjMnwq8zeokoBQo2M19eyPFY4kiPlI46lAmiqS6llHUXW0pVXR828OfQUVXOmg5+Q85WfzacL6EM2RDetrV3P1zX40VyjSTE9dwiocgqq8WSI22smj+BSCm3UtZablbiBYQNJsYbmRMe5YgNl3uE26xemusGqQZUa3ptfhLrpVhxlcTcrbY6C6q7MTxy983aDKk6RMiye5EmPeQl3oTMJlncYOqzYwQkpxNB2LJUsI0jCEMNc84VLMc4IZMhiAgDBFgJvc2m4M1cXfGxD7Q1ed7jdOxcpyNBmkULTBMqsDIz3JuFbaizgamCRFxxEDBN8SCeQWAoCKTicCaaLH345gHSrI6oVAOJRqG+z3R9IV1u4+XnJkF7Kbeou7eoWuCk9Yt2qG2PldOUzR2AI9EWUCPi0dAPESN2FFJlIaYLKbjZaiGUOMduXSQbLy/ZIM2VuaGITkLpF3R+tWHU53umxntWfwQ5jj2TzBIdPbpfZDXp3yJDZx1rpFAKZm0ZCkgumvAY4I2yAtmoZdhVbRkRTAQSqAdbNq0dEinwq+tXEXRmeEVkkUefl4NDU/G2t4297NG9N5L3PgXmB5CpX201pjJanl+tafJaKSZqtMCfG6MM9JTaSXr4uIQqcy0xTb6Su3ZhUquLR4lkGWRhRxjJ0uspNlZva1K3j4N5M2zSUsBCtOXHZOTyWW+VFFMFG278oSfCU+m0SND37ubIt16Jq8ikjg9sRjhUgCZFwDEFywxq43Mlfnge3HHtRGOzOuOp2r7WZ+qU1mtj9x29P4ElmJPj9rRa4jb0R4KgJCQSx9kPqXE8iO1iam+XXdKbALmUFNGSgVskhpuPZvGY2Fho9FWRUpcCGBOm+Pvc1zgYD4iY55I72vP7zbwuNhLWyuCOgL6YOXyt/F5gCB5hXuFlhe5tc0q1/iLozVFjqqvokJs6QdKozReG/Ql/5g+1/6Xw/7GIvrZ9WMHoS/wDMH2v/AEvh/wBjEX1s+oBSlKAUpSgFKUoBSlKAUpSgFKUoBSlKAUpSgFKUoBSlKAUpSgFKUoBSlKAUpSgFKUoBSlKAUpSgFKUoBSlKAUpSgFKUoBSlKAUpSgFKUoBSlKAUpSgFKUoBSlKAUpSgFZQ+mR/ij27+l9DX6lS9WrysofTI/wAUe3f0voa/UqXqAn/0b78SXoP+b5//ALbpPq72qQujffiS9B/zfP8A/bdJ9Xe0ApSlAKwB8+n9Ka4V/wDhyf8AUUmSt/lefX0hVwoDR6T3w5ut1riO2Gs2Efj2cLlcrhUySKgN5AReQealJYXFxYUhyycko6SnFjJ9TUz5kuSIEi45o0OEAEIJiB6ClKiD5QjQfz39QfaVhj30p5QjQfz39QfaVhj30oCX1KiD5QjQfz39QfaVhj30p5QjQfz39QfaVhj30oCX1cceLQbUgtF1MJ6I5NxM57ttcaDsb6jhkInrracqYaRl1HPB4ZYZ5k1NLOmiRrDHPDLIAfPHHLG97XtGTyhGg/nv6g+0rDHvpTyhGg/nv6g+0rDHvpQFJMBccPNVxvsF2anceO0Gikiae5uV3LMIKW6LWnDCe9cUh8LB5dUm42AoqTVSPpBARlZWUlwmO8O9U1WcpgyqCoCKkqBptWnZx+8QEY6gaWT5rBLD4V9i33ukclhy7qTIslckJVmJ1Tc3T7WfQSeXuaUjiMgF0JUUSaVgZPnTZhWUl50mLFTzgNECsyvKEaD+e/qD7SsMe+lPKEaD+e/qD7SsMe+lAUla16B87nHREQuoOl2y3HTN+rzTUHPhBry3DaWwTdnqJGw6F1QX8m/4NiBPWGM8wkI+sqZ5MzcKlmEIoiYhAgJbVxItBK7p1L4hdptKNUdgwYP3XQROR3aifkzZyedpH7DxN1xy/HiTXjDhUYqGj7JUJHUuOV/NUcyapusgPg7QBne4l1FSUcLNFbSHaZ5QjQfz39QfaVhj30p5QjQfz39QfaVhj30pTMoNG+klZoUkUjT/AMXPK5yjO6EI85TZw0YZOl8PyWhSy7YW0cRp6POTYRxtkMyWTEiQFybipDJpIApFRViHcm8qrQJEqrqA101TXQkBwN+wLmH4zV/kl17ipnRTKaVB85a3TsxdjIGeK4gir7HCe7CJKyeRbjwRCV++MG2fAVcTGJ9OKHziSoJSaLglqidkoJJ6W/lCNB/Pf1B9pWGPfSnlCNB/Pf1B9pWGPfSixpb9cL6t+vy5UNt3p7zob+ajTRqvNkr8ZMDo8iRwpoagpQQlbISCqyi4C+ABxFbK0uyo20onCbCXFsoUEdi03GZMD1IpQYhRt5lzYlztvzNpuIPamfuP7hv1aR3jr8jSZx4Spp265kVVR4SLdiuls61RaLHC78mSsTiUyvq64vdwIqSOQdTWZpC2IxoA8rlci4Qhq4zyhGg/nv6g+0rDHvpTyhGg/nv6g+0rDHvpQZm/n5U4Zye6uv8A3V0C2l1WixYZ6BIU3RicZbUWZAUFpKZieqGFVLPYGHCoN1vupbKJ9giIuOQqa3VYxYTIO1iuWN8s8KmN++J3e/YfhZ0y4xYEk/XRqvmLGLrAwtm1x/PeV0ONpBbMARaRSD7UaCo0ImcLtV0FclVDazoAGWm4zToiU2ieYuBE6YFIhXNeUI0H89/UH2lYY99KeUI0H89/UH2lYY99KAqfaTU6Tsw2q2mOzETo97ZZ7Nb6M1Wo20YryIEUhvttvJxZIQ0RKJA2xCKJyUmEypEiWCxsGAWACCwtbHC1qkhyF8dU/cgmrGs+A8/ousm/WuK7GU4NyWYYCdqtB5Of28ioxt+N4s1nIdKuVehlXeqdieaQroDOulGLorZUVhOWscXA3FyaHlCNB/Pf1B9pWGPfSnlCNB/Pf1B9pWGPfSgKPtj+NPmW5PmvH+tPJDsNoNF2nqK+Gi9ZeTdIG9PqjMM+YMo7ieINxdOTMRS20xCB8yEGo4GW0YPAIrgsXWc0ZwAJaakBabkdITEBJS0FFJF01HRE4kkJKcVw7mVIJiaWCJkCRYO3ZsGXKlQQgAcLX/ghh44/+6opeUI0H89/UH2lYY99K+OfIVoJhjlnnvFp/hhhjfLPPPZeF8ccccbXvlllld62tjjja173ve9rWta9737FATApUQfKEaD+e/qD7SsMe+lPKEaD+e/qD7SsMe+lAS+pUQfKEaD+e/qD7SsMe+lPKEaD+e/qD7SsMe+lAS+pUQfKEaD+e/qD7SsMe+lPKEaD+e/qD7SsMe+lAS+pUQfKEaD+e/qD7SsMe+lPKEaD+e/qD7SsMe+lAS+pUQfKEaD+e/qD7SsMe+lPKEaD+e/qD7SsMe+lAS+pUQfKEaD+e/qD7SsMe+lPKEaD+e/qD7SsMe+lAS+pUQfKEaD+e/qD7SsMe+lPKEaD+e/qD7SsMe+lAS+pUQfKEaD+e/qD7SsMe+lPKEaD+e/qD7SsMe+lAS+pUQfKEaD+e/qD7SsMe+lPKEaD+e/qD7SsMe+lAS+pUQfKEaD+e/qD7SsMe+lPKEaD+e/qD7SsMe+lAS+pUP8AHkK0Ezte+G8Wn+VrZZ43vjsvC+VrZYZXwzxvez1vbtsM8csM7f7ccsb43ta9r2r5eUI0H89/UH2lYY99KAl9Sog+UI0H89/UH2lYY99KeUI0H89/UH2lYY99KAl9Sog+UI0H89/UH2lYY99KeUI0H89/UH2lYY99KAl9Sog+UI0H89/UH2lYY99KeUI0H89/UH2lYY99KAl9Sog+UI0H89/UH2lYY99KeUI0H89/UH2lYY99KAl9Sog+UI0H89/UH2lYY99KeUH0Hv8A7N39Qb/7b/zlYY/2Wt2b3/8Aq0/91vw3/wDsUBL6lRB8oRoP57+oPtKwx76U8oRoP57+oPtKwx76UBL6lRB8oRoP57+oPtKwx76U8oRoP57+oPtKwx76UBL6lRB8oRoP57+oPtKwx76U8oRoP57+oPtKwx76UBL6lRB8oRoP57+oPtKwx76U8oRoP57+oPtKwx76UBL6lRB8oRoP57+oPtKwx76U8oRoP57+oPtKwx76UBL6lRB8oRoP57+oPtKwx76U8oRoP57+oPtKwx76UBL6lRB8oRoP57+oPtKwx76U8oRoP57+oPtKwx76UBL6lQ/tyFaCXyvhbeLT++eOOOWWFtl4X7bHHO+dsMr4+OvZtjlfDO2N727GV8M7Wve+N+x8vKEaD+e/qD7SsMe+lAS+pUQfKEaD+e/qD7SsMe+lPKEaD+e/qD7SsMe+lAS+pUQfKEaD+e/qD7SsMe+lPKEaD+e/qD7SsMe+lAS+pUQfKEaD+e/qD7SsMe+lPKEaD+e/qD7SsMe+lAS+pUQfKEaD+e/qD7SsMe+lPKEaD+e/qD7SsMe+lAS+pUQfKEaD+e/qD7SsMe+lPKEaD+e/qD7SsMe+lAS+pUQfKEaD+e/qD7SsMe+lPKEaD+e/qD7SsMe+lAS+pUQfKEaD+e/qD7SsMe+lfHHkK0Ezte+G8Wn+VrZZ43vjsvC+VrZYZXwzxvez1vbtsM8csM7f7ccsb43ta9r2oDovlC4voj5PIiZrQdzwdkNTNCzzLyfrZsfHN7YyDCElEhCI4K2k4WOJmashqBlKRh19vBq6KYPGURCVUpcQXEgoa2nQvR436TIz2phGJPYLiPlEsSKhopHZGRmFs42prOEbB2L5OZbi1jpfyOmXcHh/2oAAoaKt7M1jjifIng8xcs7RvKEaD+e/qD7SsMe+lPKEaD+e/qD7SsMe+lMzRfPgMm0d486L5Qhxxl8TSZo495t2inGbXFt1vxtEMALO+zLtRCjZD8CAjETRSN4yZ5MyeLM1gJwyWjBZEgTd7KILbbJUqnt5vNxuNdD4fEXG1OTA54dpeUJYdcTmYBm7Tdva8tRoJi67xpgT3okqOuZwyqOFANMUmyyjXzCiFy4gHU2QFZWyEPIdhEQPEyfyTJ7+UI0H89/UH2lYY99KeUI0H89/UH2lYY99KAl9VJWxHG1OUt84WgXJa23XE5KCdVoIlyL5Caa2uu8tLSyvv1i7BthHOMxCIMVSZyijlj8sN0ZSMLb8bp0EmSWhCqecGLES6lPfyhGg/nv6g+0rDHvpTyhGg/nv6g+0rDHvpQEvqVEHyhGg/nv6g+0rDHvpTyhGg/nv6g+0rDHvpQEvqVEHyhGg/nv6g+0rDHvpTyhGg/nv6g+0rDHvpQEvqVEHyhGg/nv6g+0rDHvpTyhGg/nv6g+0rDHvpQEvqVEHyhGg/nv6g+0rDHvpTyhGg/nv6g+0rDHvpQEvqVEHyhGg/nv6g+0rDHvpTyhGg/nv6g+0rDHvpQEvqVEHyhGg/nv6g+0rDHvpTyhGg/nv6g+0rDHvpQEvq86Hh3/pcPIN+eLkl/bUrVug8oRoP57+oPtKwx76VgJ4m54g5m9Kc3tl93zLFLUiVxSzyFHG/KLkkRoIUdLpRyzAqHW4aR3sqLBVtKZZwEssTaIOSUxwlUrliYIZDhXtneLLz/PaEX5TtD0YJwhOMNj4hkWCJpaSc+orldpqzKfLUVO64llZCWS+QBjAIyWEBOpyiUz7kfSFhOMFVVFVipJWSjZRRJFTIWf6BOOXmU40kcxCHHtuBqTsfqEmHlIxFcQcibWl1IfEJI6kfMKGTUa8pQCSUz7mSwTA+YuFldLS2+WuKPihsxv5DGBTFy/lCNB/Pf1B9pWGPfSnlCNB/Pf1B9pWGPfSrXPJdXxaLQp9k/in5DuSB8wQtcrG0mtTUh7XaX23ObO1x0Hi95FyLmkVp4GgUBWdU5z8ZU3uUJlSZ1RTVNHR2jgQWSKsdzL4oSoWS1MjK/YjjzmmW+Znj75Em254vJQpqjDM8x3IjXW1p1lpSWVuUWJKTXb5plohBlKTTUUsmoPdKGWB1x7tw2XJl1AQkRUBgixc3NPyhGg/nv6g+0rDHvpTyhGg/nv6g+0rDHvpQFIHLpwNytyEb2wlsPFEqR5HUFvlmRhDXIVHzjW3ejOOZ4diidGrL6AXZ6Y3WO5kRyOsyXR8UrEw6nEzAUYdnsjvRQOExVcIKc3Lpx1zFvmBx/FIQX4oaBPU7eeGtl3yWkRWdDfAPx1G+B4JSQGKA0WO8QjbpFCMhBpCYr2baFlgFfAwuksbY1NnyhGg/nv6g+0rDHvpTyhGg/nv6g+0rDHvpTK6QtALnCavCHKsQO3F435x2E5buNHfVluqKUyH9NUCW0qT226Fx3kpJXTD9QXClo+bDR0pjLTXVASxhWLZqWTheLXzBBwHyKhnM8QwxLr6iD5QjQfz39QfaVhj30p5QjQfz39QfaVhj30oCX1KiD5QjQfz39QfaVhj30p5QjQfz39QfaVhj30oCX1KiD5QjQfz39QfaVhj30p5QjQfz39QfaVhj30oCX1KiD5QjQfz39QfaVhj30p5QjQfz39QfaVhj30oCX1Kh/jyFaCZ4454bxaf54Z42ywzx2XhfLHLHK1r45Y5Wet7ZY5Wva9r2ve17Xte1+xXy8oRoP57+oPtKwx76UBL6lRB8oRoP57+oPtKwx76U8oRoP57+oPtKwx76UBL6lRB8oRoP57+oPtKwx76U8oRoP57+oPtKwx76UBCPk74w5I2slzWTdfT+akDXLfbTw8uBRa+3m3TbnjGSI/dIJos5IjllNS73XAWweBUlwEqroxdTMEU50vFNyRTZhfIq7dist8YXJDyAbGayyZy5TPp4VgDUeQiEysPVjSBFmY2z5Wl9D7lm23ZLjrnIFPWcCSKNiKFZCTSayQMt40sNkHBOu5F1bNXC+UI0H89/UH2lYY99KeUI0H89/UH2lYY99KAgJyJcYc5TFtbAvJBoJNjCgTeiA2gqRacAmBurjjgifocVTCudvHEtE2nl4zpoBA6vrQhVwIhJUVO9z4GJbBOWG+019A6UaXGFv1t1uvrbuHy1TPq2pNnS9XNvXXDVPS9GlXOKPlbMCphwjLEiPOZS6W71Vcb6miIiulo5ZNMk8VBBQ+8TyKm4uhLd9s3lCNB/Pf1B9pWGPfSnlCNB/Pf1B9pWGPfSg+0XykiAnIlxhzlMW1sC8kGgk2MKBN6IDaCpFpwCYG6uOOCJ+hxVMK528cS0TaeXjOmgEDq+tCFXAiElRU73PgYlsE5Yb7TX0DpRpcYW/W3W6+tu4fLVM+rak2dL1c29dcNU9L0aVc4o+VswKmHCMsSI85lLpbvVVxvqaIiK6Wjlk0yTxUEFD7xPIqbi6Et32zeUI0H89/UH2lYY99KeUI0H89/UH2lYY99KD7RfKSK5t2uMPZc/vM0OULjSmmJIc26Lxj8ic1xxsM3nYs687JRmXHKGUYs/D8fd1fbbXUO6WhlfCCERPDKJZsMzIkabo7cOZuPiEF8YO6M378xTyKcrsz68PV8axNhwIGqus"
20:09:00.060 [Test worker] DEBUG org.apache.http.wire - http-outgoing-0 >> "+pKHIwMBxivuwAYmvyYsOOXAyTzczuNFMwh+4GkftbrhBtqwKsTJs9DQ8bSPKEaD+e/qD7SsMe+lPKEaD+e/qD7SsMe+lAZAunFfyVcdv5wdjf1ciGtvUS/wAlUZfm+Zn6uJtYIOmbbGa9zrGWg5SEZ3hqYzbcfewBlwlorlBkSEYQS6k34qCTh1kForiuIlgnxCZsMkKexAwNZlTOAGQmQAtsdk8W7/6Hk4yjoob3Y1HKmyrEaJYyWM7Iw2AYLGAG+nhDADgivPEQEYETHIMUITHHMPPHLDPG2Vr2sBADa7h4l9P3HXOSDi32YR9P9tH6lAI09sF/s0R96y7MkS/eeOA8hthPEwVWq4TliJMRac6AnrRs6dJgryQTbjxOrrrWfurkcdI+l5CPR085q4i9cW64k4yir0uQVHm000SemEz5fMmbPtVgzSO2Y5wO2AFFECJuBQWS9xe54d8hY4ZZiWW+UI0H89/UH2lYY99KeUI0H89/UH2lYY99KZs2kGGI0GszFXh7hHLwxwjTjxQasybi5HZJjXcNyEmzydFQEFQf7udjecjgU1YNgtNxnmw1rYo2ZVFSU5DdSknl8SgB9SWDORpVE7K2c4sHjsjwisHjWVnOxEqfIx1b1qYrHkcFUcmDBb2wmuLRYZZHc6W5AWv45EGcruNoKCGO4S7Ls5wWW4lEyG2cVPPwZafPlCNB/Pf1B9pWGPfSnlCNB/Pf1B9pWGPfSgSGYpDHij44pQ0V0QkOGpqfDLkvbLYSQ57m/Y+VWuoLqg0nvMcwnj5MusF1tcabYchogA1iDTDVhjTSTsrLtnCcIJXcTYdh4e678OmzUSdH4lHijcj6gk7sQ9mfN7fSnmiOaQDMLlzklSYqvNCFUHEfjBNfARUolngQFbMtHRsUA/iIETBPl7Yms7kPKEaD+e/qD7SsMe+lPKEaD+e/qD7SsMe+lAfV48teXpqXozqfrLIyo11p+QTBEdRe7lZknVZSaKivtFvE0lSONw+uojbWTiOOZL55kTCmgI50UC+ORhPLCXuHjMiog+UI0H89/UH2lYY99KeUI0H89/UH2lYY99KAl9Sog+UI0H89/UH2lYY99KeUI0H89/UH2lYY99KAl9Sog+UI0H89/UH2lYY99KeUI0H89/UH2lYY99KAl9Sog+UI0H89/UH2lYY99K+NuQrQS+V8Lbxaf3zxxxyywtsvC/bY453zthlfHx17Nscr4Z2xve3Yyvhna173xv2AJgUqIPlCNB/Pf1B9pWGPfSnlCNB/Pf1B9pWGPfSgJfUqIPlCNB/Pf1B9pWGPfSnlCNB/Pf1B9pWGPfSgJfVDrkFirYedNK9koW1Sd7LYE+yzGC1HLCesgrblbbWa/jlmXb7oWzK8z2w8XMkKhBln3EO2j6O3FA0Wc+KOJ2xIKwigU/38oRoP57+oPtKwx76U8oRoP57+oPtKwx76UBQrpPpx0jTQTWSLtUICJcDAEaxSlHCCaouYff0673OpqyqdXF92PJUQkRuJas6HCsqJxQVTxJDSilxBcCxFPIkCxUoBao89Rdpd7OOmUtV+R55QhHM8SoErERZC0MOy4SYTHuiONNckWuZt3lw4nPs+rJikjp4j3QTigRSHKm5KbdAOlCCoMYCkt5QjQfz39QfaVhj30p5QjQfz39QfaVhj30oCjhd0V6Q+8tUzHH05tv8AjkBgVVjjOBHDtcQZmxR/cFahMwh2aB8E6zDxUtEor3VGbmOgKi+C5CqybLDZnsHMWdmYrvEsgXeILX9V4nyHEynuh6IEWIkWJrLQJOTBQC79TX4luO0gYyrcIoITJCKStJmZx1ONtlxySUsJqustTu5VKUMxA5T+UI0H89/UH2lYY99KeUI0H89/UH2lYY99KDMzUpIeeiHSApX1XMcez/2849E3XpcYOMFPba9ssrYQ/uC8oQySw2wqE1OPlUInDwDydLO75bjpVCjuDHUSBwyIAsFF0cy4zFispcTEUuji3ReMGKJOkyD2swo5bLWi+ZWctHicgNx6NM5ZcCfq9ggqLZActng4xVg9IraCNIyY4CLncBFKFbxkRKUUqUXlCNB/Pf1B9pWGPfSnlCNB/Pf1B9pWGPfSmZ6GdapFoFH8qcdfOpuhBCHopuft/o22tTj1ms35um/XVqzee3Bn2PmeoJp/BBcKa/klIiVmLD1ySSubxWmyYGBFO/wxU1ZQBltruC4bbiNmXDXF7s/EUcIhdtR9Fuhc2R2xm8UvnkWQ2izNfXO3W4kgZi5ZiiBp6QnEyuIgueYolgu6C55iZZZX515QjQfz39QfaVhj30qKe9+9+jzi0e3Lb7f3L1TXV5d1T2HRkRER9iIiU1dYV1OIngSTUpKTSTwHOqCkoHRwShEiUBGNGzQwRcuEIKJhhdnqFvQz1C3oor6Ev/MH2v8A0vh/2MRfWz6sKHQ6NnNbIO0e2fb81bCQdD68r7WDLKUiSjLLCj9XU0i8RRuSsqp6a7F9JOnU250qaKWPFgRSvfRYcv3XuoImGOvHyhGg/nv6g+0rDHvpQEvqVEHyhGg/nv6g+0rDHvpTyhGg/nv6g+0rDHvpQEvqVEHyhGg/nv6g+0rDHvpTyhGg/nv6g+0rDHvpQEvqVEHyhGg/nv6g+0rDHvpTyhGg/nv6g+0rDHvpQEvqVEHyhGg/nv6g+0rDHvpTyhGg/nv6g+0rDHvpQEvqVEHyhGg/nv6g+0rDHvpTyhGg/nv6g+0rDHvpQEvqVEHyhGg/nv6g+0rDHvpTyhGg/nv6g+0rDHvpQEvqVEHyhGg/nv6g+0rDHvpTyhGg/nv6g+0rDHvpQEvqVEHyhGg/nv6g+0rDHvpTyhGg/nv6g+0rDHvpQEvqVEHyhGg/nv6g+0rDHvpTyhGg/nv6g+0rDHvpQEvqVEHyhGg/nv6g+0rDHvpTyhGg/nv6g+0rDHvpQEvqVEHyhGg/nv6g+0rDHvpTyhGg/nv6g+0rDHvpQEvqVEHyhGg/nv6g+0rDHvpTyhGg/nv6g+0rDHvpQEvqVEHyhGg/nv6g+0rDHvpTyhGg/nv6g+0rDHvpQEvqVEHyhGg/nv6g+0rDHvpTyhGg/nv6g+0rDHvpQEvqVEHyhGg/nv6g+0rDHvpTyhGg/nv6g+0rDHvpQEvqVEHyhGg/nv6g+0rDHvpTyhGg/nv6g+0rDHvpQEvqVEHyhGg/nv6g+0rDHvpTyhGg/nv6g+0rDHvpQEvqVEHyhGg/nv6g+0rDHvpTyhGg/nv6g+0rDHvpQEvqVEHyhGg/nv6g+0rDHvpTyhGg/nv6g+0rDHvpQEvqVEHyhGg/nv6g+0rDHvpTyhGg/nv6g+0rDHvpQEvqVEHyhGg/nv6g+0rDHvpTyhGg/nv6g+0rDHvpQEvqVEHyhGg/nv6g+0rDHvpTyhGg/nv6g+0rDHvpQEvqVEHyhGg/nv6g+0rDHvpTyhGg/nv6g+0rDHvpQEvqVEHyhGg/nv6g+0rDHvpTyhGg/nv6g+0rDHvpQEvqVEHyhGg/nv6g+0rDHvpTyhGg/nv6g+0rDHvpQEvqVEHyhGg/nv6g+0rDHvpTyhGg/nv6g+0rDHvpQEvqVEHyhGg/nv6g+0rDHvpTyhGg/nv6g+0rDHvpQEvqVEHyhGg/nv6g+0rDHvpTyhGg/nv6g+0rDHvpQEvqVEHyhGg/nv6g+0rDHvpTyhGg/nv6g+0rDHvpQEvqyh9Mj/FHt39L6Gv1Kl6r/vKEaD+e/qD7SsMe+lZhOlsbW6uTRxYoDPh3ZOApYdoe1kSLIjXjSYo7fbiDSCTPlUA4q5ojXcaqp4ppQY4UBMnsitioAposGKLhmOFbIC3zo334kvQf83z/AP23SfV3tZrej57naexpw6aPseRtr9amA9W+xH0WXme9p1i9qulEMGJkkg8XAV2+uukgrJow5I0VOAhHSgOYpUyAYwxyBGDzyuU8oRoP57+oPtKwx76UBL6lRB8oRoP57+oPtKwx76UoCX1edF0oWGkTZjpBXGhrM61RRQGjP8PabQ05F9vFknF0IqJK+7E/sBZVEQ8pJ54Lwimpi4YOpZZQBOJOKiCEMZTx8chcRPRdrAHz6f0prhX/AOHJ/wBRSZKAl91JfQfzr9vv7eGPhfTqS+g/nX7ff28MfC+tn1KAxg9SX0H86/b7+3hj4X06kvoP51+339vDHwvrZ9SgMYPUl9B/Ov2+/t4Y+F9OpL6D+dft9/bwx8L62fV13L0ps2DYnk6apFUckiP4hj55Sc+FXHDAXNOaLDbqi6HEdDCzEBwGFLJCWbFCByFDsKJhiH2+PbdtYDIL1JfQfzr9vv7eGPhfTqS+g/nX7ff28MfC+pB6fyRzr8tMHODfOIN0Yh48ogfy688tStZM9Wo6nXB9M1oLii3U1am2UpABNPNtAOJcRFBGMK7ITBszgAZp4IjWT0gZDR1CYnGjzGrc9aT7myjuexUyLtmOMVWmJo7pMZlY5eDBzUMN1yuMy7mglnVBQFTg3QXZzsb4SKMrnQsne013NMMYoh1JCDZT3K+2okrLCD4srvLWaFXHUl9B/Ov2+/t4Y+F9OpL6D+dft9/bwx8L6kppevc8PKLrmR33afIDDOiDNl8y6l/XLU9C1BjScG0YYyAvqyA2jMuS1IQwsiJwzsNIo9zZ1pBHBLI5gq7E9JSxD+DJTrLOGvkSkLfuCpZSNhWY3I42+1Enh9avbSsxoiGfFW8iMA5kTs72qVOmj51Pb7l7ioErETR83cs4265QSYuaVgnZ5vzkfnPyUf8AUl9B/Ov2+/t4Y+F9OpL6D+dft9/bwx8L6ub6QPtnsDpDxYzzsfq+/wD5MZnZblhZPbTy8VWS9PBpR2zGyWq4AfF6Qm27Goc8IIKuokO6KCGaFKd8d9Esyx0IAwFZ7r471l569Qg/niphnnC64ZjV3ulZFAIJoRxZXWQirS4piFiABJMIBmDxo0azAJlShArjncMuAAXDwDwatfhvsatfhvsyT9SX0H86/b7+3hj4X06kvoP51+339vDHwvrUM2d/9D3rIRaJGbuxqO7ZWOqV0YnGTZ2QhxekI2sWFsBdKLMxKeZtxjqVh8sQbkQk3M13W9g+5dve1q7mlGcoUg4u1Dc1TDFsPlH47UxgMYzKMgtKPy7zfa1gOKjspqDOxXSQ3E7VYMqaETG2j5HFk/gWHzKkhcQRL4hnuRkT6kvoP51+339vDHwvp1JfQfzr9vv7eGPhfWql2bn6eMKTE6FXztfrUzJjWDpdNSYmdk6xc3ZMVFE4L3AoQTmGsOkm6Tp00Na4JcqWShRxxf4sIPLP8FdE8nmxO12tWqbgeOkmtTg2k2YczlQY/jRjpaQfWW41j7jwUBjkmSMWTTqYduxmeRTR8zQJdSTvCK8fb6SZUUwgfOKZIDOZ1JfQfzr9vv7eGPhfTqS+g/nX7ff28MfC+pD7pOfnb4tdXT/IHIXIdCe6bdiI6wlrYfUZd1DjKGmVg1Xi8G80VwnEczMHMpJKiabCo5SZVPU3aUJCHUsIy6TSSaNEsWSrWjbn7b7oOTQ2CZq4u9fg5fmnbInDCmyDj7yTcGnA0azEzwHmYl+REkVYTBV3FpJygkpmCGmCH8A1ZVstnk9aSUI4grDNfrrsJGl0VG46faaKhRl1JfQfzr9vv7eGPhfX8y6EvoRfHK2G2G3uOV7X7W+QsM5Y2y7H4L5Y2jHC+VrX7F742zxve34LZY9ns2793B2C5eOGbPVjY/ZTfKPOQ3XiXdjY715nSI1LUqLteHUwxpGIOBYwdENumKjWCk48kki118AmXelx8szhZGxOJB8utKBlt6wqDM/DGD1JfQfzr9vv7eGPhfTqS+g/nX7ff28MfC+tn1KAxg9SX0H86/b7+3hj4X06kvoP51+339vDHwvrZ9SgMYPUl9B/Ov2+/t4Y+F9OpL6D+dft9/bwx8L62fUoDGD1JfQfzr9vv7eGPhfTqS+g/nX7ff28MfC+tn1KAxg9SX0H86/b7+3hj4X06kvoP51+339vDHwvrZ9SgMYPUl9B/Ov2+/t4Y+F9OpL6D+dft9/bwx8L62fUoDGD1JfQfzr9vv7eGPhfTqS+g/nX7ff28MfC+tn1KAxg9SX0H86/b7+3hj4X06kvoP51+339vDHwvrZ9SgMYPUl9B/Ov2+/t4Y+F9OpL6D+dft9/bwx8L62fUoDGD1JfQfzr9vv7eGPhfTqS+g/nX7ff28MfC+tn1KAxgY9CX0Itb+Ftht7e/Zy7F8RYZxt2t8r3wt2Lxjl2b449i2WXZtbLK18rY4WvbDH+9SX0H86/b7+3hj4X1s+pQGMHqS+g/nX7ff28MfC+nUl9B/Ov2+/t4Y+F9bPqUBjB6kvoP51+339vDHwvp1JfQfzr9vv7eGPhfWz6lAYwepL6D+dft9/bwx8L6dSX0H86/b7+3hj4X1s+pQGMHqS+g/nX7ff28MfC+nUl9B/Ov2+/t4Y+F9bPqUBjB6kvoP51+339vDHwvr7ZLoUmhqeNmOX2u25uIIUPksrDCQ3nh3BSImU4ze1sIzCysLiWNC5AZ3yvhgPYPMQMYPHILPZnSgMYPUl9B/Ov2+/t4Y+F9OpL6D+dft9/bwx8L62fUoDGD1JfQfzr9vv7eGPhfTqS+g/nX7ff28MfC+tn1KAxg9SX0H86/b7+3hj4X06kvoP51+339vDHwvrZ9SgMYPUl9B/Ov2+/t4Y+F9OpL6D+dft9/bwx8L62fUoDGD1JfQfzr9vv7eGPhfTqS+g/nX7ff28MfC+tn1KAxg9SX0H86/b7+3hj4X06kvoP51+339vDHwvrZ9SgMYPUl9B/Ov2+/t4Y+F9OpL6D+dft9/bwx8L62fUoDGB1JfQjtr3vtht72vYx7Fu6wzbK2Vr5dte+XyY3te17XwtjjbDG+N8cr3yy7a1sP71JfQfzr9vv7eGPhfWz6lAYwepL6D+dft9/bwx8L6dSX0H86/b7+3hj4X1s+pQGMHqS+g/nX7ff28MfC+nUl9B/Ov2+/t4Y+F9bPqUBjB6kvoP51+339vDHwvp1JfQfzr9vv7eGPhfWz6lAYwepL6D+dft9/bwx8L6dSX0H86/b7+3hj4X1s+pQGMHqS+g/nX7ff28MfC+nUl9B/Ov2+/t4Y+F9bPqUBjB6kvoP51+339vDHwvp1JfQfzr9vv7eGPhfWz6lAYwepL6D+dft9/bwx8L6/mPQl9CLW/hbYbe3v2cuxfEWGcbdrfK98Ldi8Y5dm+OPYtll2bWyytfK2OFr2wx2f0oDGD1JfQfzr9vv7eGPhfTqS+g/nX7ff28MfC+rrOXnlOWePhvQTEkCRSW2H3l3Gf1ot1ahI4fFIN42td+I6YpPqQzhQ4nmyjJbyi4kEnmUCVEIZdOKGeHjA30RIcrlQOjUfTbpArkagb5d3MvC0aSudK4KwkFMDj9ht6QIhqfc+7XaFpOeJspMSujZi9goM57EyamUCyEGAS1HPAPIVmv+ZRWZr/mUVqxepL6D+dft9/bwx8L6dSX0H86/b7+3hj4X1a3xi8o87y5s3PHGZyIxoxoi5ANcUMs8w1mLTSkJDOyERmLpGJOT4zDXRx1RMOWKL7fU1RBGNC5mSSuMeLpzcPIbsaDThRKOwHJ1s5z7bVcb2u/IgpacQhDepLF2HbeKVqrrTPBjJXGK6/Iq6h5jyezQ3LcFbVZdUnBkfOO9QwTs00NMIpgZMzhckBHvqS+g/nX7ff28MfC+nUl9B/Ov2+/t4Y+F9XSRzo1y1NiQmG5X9zluyTmI3nm11x6xqPx06cs8CQ2kkrZE+42MM7W8SxcDWCdiOXOIAjjQ8sVhEwULqaZex0qBeoM8m+0HIQd5sdA+N3UrdA5qDG+z+uEmP14OZP18gWdTZJ2R6jbAPbBVBTZcZ6kpC+Fk2K0hsCESLrR00kEZzV8CZg4GMEdAiD1JfQfzr9vv7eGPhfTqS+g/nX7ff28MfC+rcfJ/cy//APMCPH/7mNpD/kavGKhjAli4Rkxc2YCABDHNXCDBuZGwDxxFMXBCtYIG42dshLhB2sGHfLtMLWxtagMZHUl9B/Ov2+/t4Y+F9OpL6D+dft9/bwx8L62fUoDGD1JfQfzr9vv7eGPhfTqS+g/nX7ff28MfC+tn1KAxg9SX0H86/b7+3hj4X06kvoP51+339vDHwvrZ9SgMYPUl9B/Ov2+/t4Y+F9OpL6D+df"
20:09:00.061 [Test worker] DEBUG org.apache.http.wire - http-outgoing-0 >> "t9/bwx8L62fUoDGD1JfQfzr9vv7eGPhfTqS+g/nX7ff28MfC+tn1KAxg9SX0H86/b7+3hj4X1lo0W4dYP2n5tdm+MR4SfKzeiaD31tc1W/IDazaOMiKxOAn+daTbMLOSo21BtXMrJEtgZXLkkIoFc1llcgGTB7AVvXVrzoeHf+lw8g354uSX9tStUX5TlUIvyie1Qsg6kvoP51+339vDHwvp1JfQfzr9vv7eGPhfWqHczbaItFdZJe2tnNSNp8bQ82brqsAmBAmFxwKh48TQ2sz24VMDlS5lyPF0qiO2EII0aKEbKSqXFUTpFPCNHAKKdXXLz0co7ER9qAdlYf4l9cJMKBumA4qaOtrL2mnp1RsqYXNNd1yQsTWYLtZFDciYYKq6MpIySlGFpKuWO3YqATOkzx+lIadSX0H86/b7+3hj4X06kvoP51+339vDHwvq1SKJC5oNQtsoogbZxEb/JnqdNAhlOC3EhSJmtAMv6/LhUYmCMcneLUtyYxmcZGNjxYYIy0BS62dTgl1XSxVJXSSzBUq3OkW8jvJtqLtvAMUaBzcVjtIUdSZr2SfzJORPEEhF3iSggw6Hu9zAqm/wCPXa40kJOi9nuE8MXb6ujhCgJYtw8ix4bFQCMPnz0cO6kvoP51+339vDHwvp1JfQfzr9vv7eGPhfWsfV6fmjtVrhBeybDyx8Upziliyiilu74mBkwB5N0gtjIZ0THHDtVNANmzCIrA5hhillMgbLjBBChZh446uQ/mf5CUXl6Toi1NnMkwNJYc3V0j0VllvBRdDbrvJkszGddDtl6xR2vuPHM9UwwgJrdX4ycZZtONHDQDCIiKiaAnqa1kqqDMf/eRmP8A7ydndSX0H86/b7+3hj4X06kvoP51+339vDHwvqavLhtLvwh8qnGbobqHt8b1JZ+3TMl8w/nYRgeDZwNF1hkFFZeSlYFIl1oLBnLLvREESLkkxxIRO+J7I8OGZHL4YZ9ly5qr0gSEGQ45Sgzlxjfbx4MpGUXGT14nrQSB4obsl3RioqiI2CMhQqfTXMlrS0GVyTEYrlilkzikbLhHXO3y1xFIuBW/1JfQfzr9vv7eGPhfTqS+g/nX7ff28MfC+r/uHvkdTeU7RmO9q8WcBHrxOLLlj6U2QQOGFJFb8jso0ACr2bqgbxxOGW8uJR9DdCQEd7qeSya6GinjaicTB1E3aBQGMHqS+g/nX7ff28MfC+nUl9B/Ov2+/t4Y+F9bPqUBjB6kvoP51+339vDHwvp1JfQfzr9vv7eGPhfWz6lAYwMehL6EWxxtntht7lla1u2viLDOON8ux+G+ON4xzvja9+ze2N88r2t+C+WXY7N/71JfQfzr9vv7eGPhfWz6lAYwepL6D+dft9/bwx8L6dSX0H86/b7+3hj4X1s+pQGMHqS+g/nX7ff28MfC+nUl9B/Ov2+/t4Y+F9bPqUBjB6kvoP51+339vDHwvp1JfQfzr9vv7eGPhfVonKvyHbUMnbPUjiz47gWEmbi7aJq1IjqmGTEXxqaWucCNsRexUJB8U8ssiC8vqdma+R0wJeBNpWOLRuhAIystO5HMI8Vpz225ROGKfdUF7e3a1h8guhWz8sIcASDLwuuUe6zShrdJTqAHHQFrFOis1k1l1mZEiC05xs1ayypH2+1nYj2BQ1gsgKq6/wA9Cujs84pZ/wDYTIydSX0H86/b7+3hj4X06kvoP51+339vDHwvqyPkW3/3HdvITBvERxrLcfxvO75jM7POyO0MhM4rJiRrfDgBg8UT8m/Hx8bFEX3yo5kyhjAs5ypxHHGdjARcMSODmU3K1ul1ncXkm4o96tQoG5B9jmLvXpzvW9sIYY2zBWBmRrlKEJzmdMpSc3W+7mtGRjFgHWctKi+jh5nz3dT5lFEXXEXUEfxHUURykjLM6jIJGXmmIr7NZWiJ1JfQfzr9vv7eGPhfTqS+g/nX7ff28MfC+rI+Rbf/AHHdvITBvERxrLcfxvO75jM7POyO0MhM4rJiRrfDgBg8UT8m/Hx8bFEX3yo5kyhjAs5ypxHHGdjARcMSODmU3K1ul1ncXkm4o96tQoG5B9jmLvXpzvW9sIYY2zBWBmRrlKEJzmdMpSc3W+7mtGRjFgHWctKi+jh5nz3dT5lFEXXEXUEfxHUURykjLM6jIJGXmmIr7NZWiJ1JfQfzr9vv7eGPhfTqS+g/nX7ff28MfC+rBtyN7t4djOT0DiO40X4wdf1+J4mTps3J2/fEdI8wH4iRnCWQzrWZEfRs5RsWatOY8lu9kqGYDkwHGWRXaDiUEbiWz3CpqnEo+3W5C+Ozku1w0I5IZsYe4UB71J7hStX9v0WHWpr++0KYGz3nY1GUiMJgjWYxgI6oK7abhW6OTMHDB59MlcCXAwMnI3UkR0hGezrzIx4dIZ4MNe+Htm6uuWEZdmWTjc6uaVENwgSrmyMy6OXYaUyD6cMi2aTUbglhjgjoN4HbnszeHaFy3e+AOXdMs9B7J6Fnoe52Y0nIb2q24Lm3C2EFcMgFhob73AMKyUUPjAgd1jIQTuIYhjLALumeefaY49vnll2b36p6cV/JVx2/nB2N/VyIa29RL/JVGX5vmZ+ribQpkC6kvoP51+339vDHwvp1JfQfzr9vv7eGPhfU4Jd5Ot6d5t55k4+eH5FiNnN7VlSwbu3m+c6Ih97MyOnnc8eTDcfROwCI4BFxu9MWUVeQA83GAslHEtN91ABpzabTfCfKtz2V4H6QPq0wlab4i5GYr5G3OxiGa+vanS9pDEuv5WTEdNDyNLiNGL/hFxFHOQe5kkGYCaaK4To5BSU+9ATKtln2E9QfnOR18j85+tSuLqS+g/nX7ff28MfC+nUl9B/Ov2+/t4Y+F9XLb2bt7MMrhQnjdlqRy+9L9om3BpZ4lY+khKYL3dcQvkN3IaEpFTJJWTnUyHQnCgjnDKCbWkDAc8hqCecWWy3F7vtES4o9HV5GtrNumtstAe+khlJH2hhJRhKY287g2WxI7zdete0cOteSYjOF2zHrVZzeMZpgGZpTU1Quj3MhFXs209QMj5hljRplPcvseF7RLqjpzHQgv1JfQfzr9vv7eGPhfTqS+g/nX7ff28MfC+rYue/ebYTUmAdf4p0yeZJj7kblbLR9B0NOUy2Wk8bs9ulzgS/Jz8Hbr7QHQ0TiKjJoaE2HAaWUFQwRU17iLhaxI2nAqhCC+rnJdu1I3RkJh5CnlNXhjcBrMbYVYQZe+TiJU/vBSY0trTYaxnxBSmGRi814LQyhcj3E4yjAB3uffKiEbOZ5mMgOhepL6D+dft9/bwx8L6dSX0H86/b7+3hj4X1MHSeDea/b/TfW/abDnYWWEsz5DTHla7LNca2mLsRmyaeCGWWLoQisVT2korJUjmZ72ufCBRxzGGHdbFwMr9zt2PozyJ7zRjyZOPiE5NMIhkeU1qFx561r2khNuH2MmTAxiQqlkcIvePzAoiairuRduvfG5pBKoaekLDCWkPvNxlFFIdRgzvRH6+xN4Sj4h0+uyle/Ul9B/Ov2+/t4Y+F9OpL6D+dft9/bwx8L62fUoDGD1JfQfzr9vv7eGPhfTqS+g/nX7ff28MfC+tn1KAxg9SX0H86/b7+3hj4X1/OpL6Edte99sNve17GPYt3WGbZWytfLtr3y+TG9r2va+FscbYY3xvjle+WXbWths/pQGMHqS+g/nX7ff28MfC+nUl9B/Ov2+/t4Y+F9bPqUBjB6kvoP51+339vDHwvp1JfQfzr9vv7eGPhfWz6lAYwepL6D+dft9/bwx8L6dSX0H86/b7+3hj4X1s+rpzYaS3TDcGyvKTGix2ze9mIxHE4mbD7FAyGdclOsgnjZtxmI98QTPegi+sXJp5lUyKmg0gkMZVRSpkMnkAIBkk6kvoP51+339vDHwvp1JfQfzr9vv7eGPhfUvW7H/SOpJ1dUt0HFvjEGuUzHGa4ZcQ+Oc5pVGarHCElJhJQW0KJ31NDrUz00N91LKSWKgLA9jJ8ZrqxjwUbPmM8DSgSmfpryizJupw6keQCFtbc5H2eMsV7IxLW9rKuBBFc86sp0nmAIVR1dwKZQUnH6mqlyr6HBMrRlbR2cZNomKmruFOsZOCItFS9kX5a6KU59SX0H86/b7+3hj4X06kvoP51+339vDHwvrvKdFPpCurWiTk5KZR3+hI0/Y4j1NneUuPBb03itMidrNQa6cpuSKsZzQlq0wnHazkQ4YCPCALuQKgvEjjeTnSaBwJupQvWZW6ybInGYk8g5ZEzZyev6Wj7WCtxQGwPeK2QcNmJNUEUY4MCXCUi6IZLmSOChkXAAUixbA7YAIIxYPEkYarpDNSpFUSSrv4+zNv1JfQfzr9vv7eGPhfTqS+g/nX7ff28MfC+pF8fkNc7m7emOvO2S/wA6ZyH1CeWCXkHCOQuMrTd8BttKVFNSDQQ8XUKE0M1jwmhF01ZuPduJmIOSjcrgGPgBiaHsN5Xt/wCVOJ3joYj8LDEdndt3Ytw9q9GS46W0nM9ElzYl1to74Ukl2Mhkm0lNb6YqgM94PgZktM8ko4awOls1NVEVMOBKZMPSXgUz9SX0H86/b7+3hj4X10ds50OjR6DtbNhZqb+z+1iuvQ/B0syiiJSyNEV0hTV4/YS+7E1PVbEo3Knbpp06kAlj1ihosa71FF73HBF7QTGyTYdD6QTotq2696nPyFwZtkswgzRJinvStU09jSOozwj1ulcV+UUiNZzYoyXKaqcYbbAVz5BWcBRK8OJ6UYUMywZwABGV7RpT2SZG4XDbNe0UchmCrNnXj0mqR0hMOjAjqKBk4YFdxpTbCqMXtYuIsNVXufbixmXtcvdTSzfcL5Bdpldmexjx+W3MDXR+uj9a2cuutk0TVNU0TjGi9Gk4iRclJUXCMLBIPpGDCaDssoKFnY0HEdupXOuI0WvcsaAK96gAfxHde6CZ32dSX0H86/b7+3hj4X06Ev8AzB9r/wBL4f8AYxF9bPqAxg9SX0H86/b7+3hj4X06kvoP51+339vDHwvrZ9SgMYPUl9B/Ov2+/t4Y+F9OpL6D+dft9/bwx8L62fUoDGD1JfQfzr9vv7eGPhfTqS+g/nX7ff28MfC+tn1KAxg9SX0H86/b7+3hj4X06kvoP51+339vDHwvrZ9SgMYPUl9B/Ov2+/t4Y+F9OpL6D+dft9/bwx8L62fUoDGD1JfQfzr9vv7eGPhfTqS+g/nX7ff28MfC+tn1KAxg9SX0H86/b7+3hj4X06kvoP51+339vDHwvrZ9SgMYPUl9B/Ov2+/t4Y+F9OpL6D+dft9/bwx8L62fUoDGD1JfQfzr9vv7eGPhfTqS+g/nX7ff28MfC+tn1KAxg9SX0H86/b7+3hj4X06kvoP51+339vDHwvrZ9SgMYPUl9B/Ov2+/t4Y+F9OpL6D+dft9/bwx8L62fUoDGD1JfQfzr9vv7eGPhfTqS+g/nX7ff28MfC+tn1KAxg9SX0H86/b7+3hj4X06kvoP51+339vDHwvrZ9SgMYPUl9B/Ov2+/t4Y+F9OpL6D+dft9/bwx8L62fUoDGD1JfQfzr9vv7eGPhfTqS+g/nX7ff28MfC+tn1KAxg9SX0H86/b7+3hj4X06kvoP51+339vDHwvrZ9SgMYPUl9B/Ov2+/t4Y+F9OpL6D+dft9/bwx8L62fUoDGD1JfQfzr9vv7eGPhfTqS+g/nX7ff28MfC+tn1KAxg9SX0H86/b7+3hj4X06kvoP51+339vDHwvrZ9SgMYPUl9B/Ov2+/t4Y+F9OpL6D+dft9/bwx8L62fUoDGD1JfQfzr9vv7eGPhfTqS+g/nX7ff28MfC+tn1KAxg9SX0H86/b7+3hj4X06kvoP51+339vDHwvrZ9SgMYPUl9B/Ov2+/t4Y+F9OpL6D+dft9/bwx8L62fUoDGD1JfQfzr9vv7eGPhfTqS+g/nX7ff28MfC+tn1KAxg9SX0H86/b7+3hj4X06kvoP51+339vDHwvrZ9SgMYPUl9B/Ov2+/t4Y+F9OpL6D+dft9/bwx8L62fUoDGD1JfQfzr9vv7eGPhfTqS+g/nX7ff28MfC+tn1KAxg9SX0H86/b7+3hj4X06kvoP51+339vDHwvrZ9SgMYPUl9B/Ov2+/t4Y+F9OpL6D+dft9/bwx8L62fUoDGD1JfQfzr9vv7eGPhfVMHO50cLVzio0kS9nYdnOfZFdp+cWHFwjfksSO827gkOtAe6ucUMLNdlICn4SLDNcoEWvkfuV7kYM91AEz7lkH6btZQ+mR/ij27+l9DX6lS9QFOvFT0VXT3ffj81s26kbYnZVmvWamw5VxebLJFi/FrJRhEkF3tAuCkWXWCrK1gRiTdKmhu/VE1n30OP2meIPcw8LCOpL6D+dft9/bwx8L6uB6N9+JL0H/N8/wD9t0n1d7QGMHqS+g/nX7ff28MfC+lbPqUArAHz6f0prhX/AOHJ/wBRSZK3+VgD59P6U1wr/wDDk/6ikyUBv8pSlAKUpQCqnudW6zbh95EfAXd+/fmxSBYfvewlxPA1yoFnF23c/wCF3Dxf8J99Xv8Axdi3dri/xXb1bDXXUwRWzZ0iaT4TkVOurx/L8evOMHwl454hZqLRfrdUWs4yQYuYYuIIplIVTYQQ1whO5CZYidplfHsXAgRwq4IuHEjxyYoFgbEb6ewZmP3DtO08NCMVJEcl8u0tbHu13FkqXM9n+H3xcXul7idteqK9CoIRNmeTPpVetfhAdGjOfU2NIgdqylgZGcUVyShHk8NRTWgALCAFhlpKUVt4qQYQowQoh4sNjcTHHu2du6dP2Rzm8T0GnNDYw0cibkRiSM1l4FNV9nym2MbwDi2WG6XAqOJERJsi6RsMXktjNhTWzh00nsc9iGUTsfE1EcCmQKJbiCnxw/8AGZKWk8F7IOfZaTCDr3W3ull5zzs3JEZC3LpzWdTuwVskRrMBUU0wKxoJiGXE418ipmUXEgXczlVSaaTNt5OSxDJtdf8AM1kE3i7KjXZ351uVxccuyPJZxh6ytjjmnrie2p2SkeAjTmY0ATdrMdjpb16l9kqDnWFxlmn5KLoc7fIRATI4rNkfwospKiplG6UTjbma6OuF1QoLx3oyYczHNtuetxzoWaxGSVrdpsYSQmMM4OpMRBmAu5Nhz8pNdpqRkEAwqJDVWlgm3yioZDxMqRRPKnTFrij5ZZSJil5dIv02Zcg61LGqMbcmyqUdTuGgje9e2ui2GCwTXdCkZPt288w87w01/LxxmjHszBtIYoxUKyWAGykZfUCianus13NpboBu5xlceDxSYBOQLsZyIzJPahtLsupSwuupqRlKbzfS8lm5MZLNdyWj4K6UfDZ6WG3mO5HEkkG+K8jiu8VhHRSCuMjlWNkeRr5lBvlbR9nDOlbihh8ImzuGedschnproEFa9/wiCWn+Oxr4Y/8Azb2CCEz7H/6OGV//AHV31uk2dZ3Xwrthl7k7UPzTnXpw65wAjyVKkcL6K33moJuDQaZq8cJwaozX2puMF9DkrIywymm3jLmd6PdQQAO6pR5XJm68929dOX7mwBhvUnYrShkcbml6JLLSk/ZN7KO2cX7ISNLSUzszNyrGjJOiQkW8BgjXPnDhQZ3pSfgKtgoK6aUk0JvDN1xzt51uOKbd6NUoDa+qITBNSRqdsjFuw7NhyRj/AIHjSV0qN0NxN/5OFM2IGKmp5gQkuA2SBlvIBEGIAqyGfOpoazZUIlRlfZFlGbbWCoyvsmkZsumqNoUhcl6PqpIHDNLiDqZw3zbG8LQxFDQdkTbjSdEmvmtZ1o+KDgbBpIldsl3fIqXtY9zL2IBD3XHGHGoJx9FXKfUVc0eLqwxsT7nNYqOfZbh86PQtSG8nUC85/nTjtVHzILfVsk17hOeVdXz5tzPJEXBAjWZB1YKq8dW01WEBM5FVewJzIIa4d8MrId+1Hmc5DtFNidW29xasfWVbkyKVVMca7Lu68IyYacpgjcorYsOGESKB8kow5nYpEAEpHeMwvGLmm2y4oqmtkT98cSNdVbl8cu7018ZnA9ArIgYybmLS2YdD1jZJkGpLhogLHbagGGBI9kFfxcJyRQWi7yxJXJgjEyLFX3MsKRQ6AKRTR8wzQZdBoZ8Nt/gtjMn23Oir/pzJ8OXGxrxwv7Zjw/qVEjVfsORmRfrQm0RtFFifRXYiO1umTiy45sVsTckuYVyBiq"
20:09:00.062 [Test worker] DEBUG org.apache.http.wire - http-outgoing-0 >> "JVwEFlxm0Q4XVDQQaUACGUCLXg8bMlH3Nxh6Iy5KDqDEUlfRrWt+yG+HSqAlwhTg8FM5bdbtci0ojBFy+Iw3f60sqZ4cMAHtzJoyNgHjnnbivL7Acs7R8aG42v0FNTx5l2VYiPNdhNHw62mz4eXRllHNhkfDzxWW+2Evti5UwJ3ysrScTt3PtMjFs88McqfeQTULk9cHABphx96owYpuSfj8IarQZtq1EmYoSY59mRvGsMpYEqNEk+3fIiK0FkZwP9tt9kqJhoLTpTFhrGHKBkGpoCnlmYXFzp3ZKSp96Sm+lLULUMusxHw+x5JqNhtFuqskTKer7WLMeuAks4xXruiqRbGyk3CC4nklgNePFBigKsnoTqdOSQXT0FjyBrdY7LbMbspoR4y0oBCZzCa7fZbSQytxLlUZstZJKIaClFri5iC3ATksiVKA3EzzEuGDjfPPLLs3vnXhHabmM1ziKOYKhzo1aayYvilpI7KZLYSuWzTgEqmIiKVwLAXFywY2GR1SPCYiqKyqmu6H1lYNnlZSHMqB0yYFmFyFw7yXbJasazy7phIQmoW58VrsZTe/daXBJ2C3E0gmxUVGW5F1gk9/sosAiPYg33KX8Ap7qKgFWa8CyetkhroiO8A19CZmehkf8AFKLeWpn7kav7WwnvjyqqCRvRxbQrtCnL0Xw/BC0BEYesC+4HUeDiyT5qigWOhRthT7STM0xETcjcn4klRf7/AEFQyR0R5jozg2npCsmr6SlrqKdLqSOtJxJWSVEoJYUqoJqiWCOETpYW34BC5oqMEOCJb8GYYmOVvwXrKXvNEPNRzKxA09GZg0IjHjogN1P6P3LspPjk24inZBVcDZYi6UcWaHELAiwn4aTlAwtpxFeS8XhYIE8ZJJyGprKCR8JqxrVM1GykMprNpmt8DMsgtJARmyiFhBchhC6QgpxZKTQMxs/4YuYRMoCHkLn/AAhMsb5ZfhvekZU9U23kvYi/j1snclZPJ+/SlKAUpSgFKUoBSlKAUpSgFKUoBSlKAUpSgFKUoBSlKAUpSgFKUoBSlKAUpSgFKUoBSlKAUpSgFKUoBSlKAUpSgFKUoBSlKAUpSgFKUoBSlKAUpSgFKUoBSlKAUpSgFKUoBSlKAyYbn2B629xSXe//ANSHzHJT+Tjwh2PA/wAp9kjcrwt3Cw9+9/DHgq7b7jfG1hbnfF6wPZN2K1rPqm3l54slrkHbsEy1Akrlted5NOX/AGlPVmbThARQbxRb77R1JSYshEypNQOGmS4lFuoJsQ2CmLoqGcTss7t9wois5G0vdGo+5PSBW21MGM7+GiFZLlYkVDSs50YHIDDbLgRbUu52Bu7vkxeJU3MSSj4Ddg4M2bHDambCtmAApp2eYdg2af7lnZmu/qqENNv7g26XNxY+JX/1R30el60r94f/ACPxI8UNxrtvxh7ha9rX8NWw7z767AtzPi/a9+43JVGV2BbxDdK23sx0DPapJ8xW4+Y4yco24KTLyxGmUaWw1GsshIZaF1pCdIb6ydN2bmmDnzYiBigYOYM0WzURUoUG4bjF4uJ3iPZueOTPkRktjS7yAbHIZZmBo0WlVIOGdb4jL3SMicYRmIugAKimcuUQG+mKi8MVCzLEkgYiXUXGeXHY73ZxWD9H9omf0kHcbfdxxh4O1NlTQ9sQwwpX8dY8N+HpKTlXVcycbfiKRdpqSkvuIMbvTPwwss5OQBPA3ahKmeailYngJ26fFuXkGS1zLfxY431CHbsVTxbQOnzb2cR5Lxku6+2bowq4Zmh1rrWEYuLWs8sFMAgUDX8l/NsiFTOCcEqhDZ8OW7DZcTpMvE9hp8agwnsXlqDOHydmdlCL+U4UD7DP20u7fHQlF6ikvoft2LZzBtzwGoF+5uzNCGU+6o4agAJsvrPltJo/tFI3SHOM/edmxh4Z1Z191wm5hS9KPjrHif4oux3x1s6gt1K8SVV2kZFXvCKrIbOK9/NhorSaU8Md3PHCxZPVBiQEs9ayvOIHNbLz3BXeKU5rpj4x/KIW1ram3aZNYnZaa7ZpeJZ2UHmrMUDtH1dsiOPw4nmO6NPBdBTO5LAieOHa1SlAKUpQClKUApSlAKUpQClKUArzoeHf+lw8g354uSX9tStXovV50PDv/S4eQb88XJL+2pWqLLz/AD2hFl5/ntC7XpiAbhy4kkQVKxUs26W26hEeRQ07O4fdGZduycCFgbz7XILEDJ5DNCxfIe3csVPwfle187YY307Nc43bR43VCNSicqNOzLSDjAIogwBNJUW7ZDLjtUokGBLWLFU42m94AkBhLWAALCBZ5WsHjeunNw9UIj3i1ol/VWcksypxpMbVFbi1mnCgl1pDPljhRZbLtbpowAaLFXKzXQmI7pbxg0UOEg1dIJ9/EjpK5goPRFq23OePi3YKLqeW1fiLlj1wi4iG1tf5cZ+yrI1anVsRqmf9mazPktDm3A02VjFspQJZGQU5AUVDJDRwCqfk93AUJkihG/cP3mhUrqsLNrCEdVPubAc7W7WnxyEjm3/DM94DY86TayoHaz2N7y6+yKDi83oKZFLA5IMZtl0LV8SiQnKytmIcATU8bFPuSupgGzRXAThu/wC3kN5dJk4imQ6UomutV8acbrtF0IqgHcYkrt1dhfYUksJZoO2WNsyygSzFJmcL9m2ZcYXD8F8rZW+e02nHKrzMOzWFB2l16gTjY1v1t2JZmxpxNMzoX2x2NfLmZJZSIpyGk3jFOa0RIaAppqwrFlPJTXR1JKPDpikRGXC6ecSVKWu0emWykjc9fGPukzY38M60a9QLsiy5gkrxwYSf4oOZ/RxMaC0k3xOVXSRf6/4WVnUglO/Gu1VtPId/93UzRMsVOjF2ZnyMzPkgxw97ThccujPKdqTOqmKpq3CtKs7HG8ArGrF1B569vIq7Jagc0DkJbExkbkhwFnaXQQsAcQgSTga6eXDCvkGXDphc+ujrhrjT4PJklbuxued7ObqHd4JmWzwN8FFXWZ1UFdVZxocUW9zHcj8cEmk4xCedgwyay4Vu4YVxBxzBi2Xmk4ct19qOQFGemoqKFhq7vvGkEwJyWLhZ6MBsnGm1oOnlgvVNkvBIdDtb7odCzlHzaQkJGJMZGdZ26ey1xDUyZYN0kcs7CeajROetl0Hi4aup0RlHW3NW+QXXmW38kJ7rj9lJ8dwdGhM6nH1ckA+XU2LLBRAI3JFSrda1lpxDgB44EEgz2l7Wb1bpHdL8JcsnqyJFYSVYX1V0REupW9zhvyV4x54+FZ9wdBp7ZOVW7H+wZlnwgmyA04sPP84YSHGQOpxd/Pn/ANlG5knpJtQXMjKx/EmsEvJPB/7WcL1PaWNqOkCT6xXJFsGcS0Z6bul8Iik3CmxGwe+UJyqiRxZZKDJo7lT44hZIUnQdXEbAfNQRTZjBWJFlEuUMHGwulMRE8x+9vbpFs/MvNvxK7dxtGPjJrxrI2puT5vkLx0j1H8STbvbboT26D4przsS3w5PCBtRJg90aLaXwindu6HsywQYueGgWhMzIlYnEDxyJXFlo1HGqQLwBkJ2p6s5H9KL4JERktIccjvU2EZWc0FOM5iGyzfRE0mitZFFO3DPKSeggLB8qQOKI5ArZ3SlAKUpQClKUApSlAKUpQClKUBliQsbZ9Lxed3Ra/ZC4oCuUc992v2LXvIjUwPXTe62/2dqI+7CXLfg7N1C2V+z3xauT9LrDSM+Gx9ZqPcfCIM+QMK2b59ju1ly7lOgi3J//AF3fPi+KvWv2nYz72uY/D2vbWvIflJ4/tqHPt3qXyn8eQUfOHbrVRDcMXveFJNXrs5rbIa/Om6/kbYRd55YXTW66EMd4PQRDHcWZZF7u5wl+6qSUmelpi/FeedVuUHmcmfVZmbxajMTj10P1umJv7ByhGhrZSO9m5U2SfrOLmS7ZaxM9E5AFstxk3KKq6gKIa3mnHQ0lwLS/gIpLIDfSEw29F65TwnyZNZOiw8LDzOWt14loOGrZdKM5Phn3YXxyw4/NVg0HI9YaxyyCLGuo+T4sXsa/jrF7v0LsnbB9gPv7H/tH/au3rk3S0A8b6W6Siplr2ewXKDrbix8yt87KtlgSPpyv2pHuF7Gr45ZYF8s7A/g77wT8v/pjEtUkeQfRDcdi8hcMcufG22o9lSbGvEqhrxszq1ID0KRaQ2LhwdQGVkgZsyOogDITefSQeul4WMucYskB5NBiKVrKIKEqtxx9KOPUfkm5Xt2NO5i381oYuh2mujEhBzo2tdQ58YuyUqTzOqWKmHWgruhxRkVyYCQx26eSSdhE43mGo2SBXKiXJrlnn4TZ782yGofemzxX2raryca08D7PSv8AlrFXLf8AemGkeugbGyH7butmWKytUcnNYj3T8PeWTwCBuZ72/iO/Mce6/wDaO2r+dLQDxvpbpKKmWvZ7BcoOtuLHzK3zsq2WBI+nK/ake4XsavjllgXyzsD+DvvBPy/+mMS1SR5B9ENx2LyFwxy58bbaj2VJsa8SqGvGzOrUgPQpFpDYuHB1AZWSBmzI6iAMhN59JB66XhYy5xiyQHk0GIpWsogoSq3HH0o49R+Sble3Y07mLfzWhi6Haa6MSEHOja11Dnxi7JSpPM6pYqYdaCu6HFGRXJgJDHbp5JJ2ETjeYajZIFcqJcmuWefhNnvzbIaj8SDary2vZxriOxtfny6QqI5LX8b8XLq7giXNWvY54mZt13XDsB3W3du8rpobIvh2n8TcGxG9uzh3C9Okkh2+W7glHRLW+UAPlchQNo3A7e6j3EV1sXJQsUsDa5i4d1cFr93sD+G4tituxfLtOx3jt5o9vBrVycmOWfjZjiP9i1OZ4gSYS3I1AeslJEMLEok2uGhFGdIkbyW5y4zIRnOmpDRZ6OZzc/chEoFtZ4kQHCUeayXQeIsrTbkJ5GuSDWDeTkXghiaZa+6Gl3K4tb9SkeaWnsJIbvmx0d42EkyQn5HpUNilE5HOITXcKWWTTWCgnqDPbqOXTTACg5l026RUZtGbpQk0fRUWFGXtKFT3Tiv5KuO384Oxv6uRDW3qJf5Koy/N8zP1cTaxC9OK/kq47fzg7G/q5ENbeol/kqjL83zM/VxNoDLf0Q7IqFqNvWQdFrWnUnyOTFaYPCGVsnLmPnHsVBpQqtfLDExiUycZd/BlcDF75+FwnGJ/B7pfG1yG5+4W/Gvki+Atb+LN07kRUVYZJ1rExo23UAQeTSl25texXGhmyJLxzdJsZCS0tMVhFoqHmnqGC2GTJYZGSBq166Jk4z959HN65k5D+II7Ej6RNpzICzuFoZNy+dYjRkp5AnjqkPI8TSAUwyTG49lJWWF5dws6R0wk315yvA7gecrfc1mSkdzOXbLnal5tK0dMrhsiDXdyOhIPIectbC8h0RSZFbVEUygpEVSNMmBW0ckxzEi9h8h+4k7oJ2+AeOOIAogl8Q34i3bSnUhpHREmqTZPdklJ4ELtpuR5L5UujSb27Zo8Sn4VJKrRejExY6k8i77NACMuQWMUEUrr5VtNQITBQubtngVskYZFrYXxyMD9t2bR2iHIbSHbzo6u8xTHBKizkF439bOOjYkwXt3um4yQYg2M3Zr0tKOQuWIGa05nSI120WNjC5iFGtHakAF3K4uffcySHDJPGrnR4NjOM2LnAlbKbFyE2neuJYSBZEjZvLD1e72aq+caqAqyG50pJCSUMikCgFnG6lhuXWrgCHBEtFFNApQPcm4XGxOuxHATr/qK32xZD3a1n1r06d0SoWDoZ4Rxq7S60R8xyJ5uJb0zXvEEJVUAiD5jtOdV3Ti0ATLgwWbr+SLhc7mvmwnPF9/e82I5vkATffn/AJ7cwlrq0I8Nek7lZ6NlbsnEXPbLaRlrhlWOB2z7BbvsjHJtZRVDG1hRkpzxWli44YGbYDlq+tJv6GBsD+bPbL9vLiq9Hhy0Z2O1s0g2Oc22rWIpe9+8Mx7EbGbEohFeaK9imPSQDawisxmEnO2HG4GgMiFkUmVcSYUTnKeSW8beqql3P42KD3Dg1q5xo7tRz0ZCYePV5Qr4H3AdLG2FR0GIflHiVQ7/AFJ8y2tOdrFvH5Kfh6LyvhRDNlz3djj1LgEu6d7KIpQ5hmXxDMyW6xPzuLreDljZ/HBpWx4U4Sl2amM29a4rRGDMSjyD6uRc3pDbhJrkCyQ9smm4Sag8GwUWC1gVDxeUCQ62SCEyLD42GDyytKPRfjo3ikXkudHLzyZmoeYcspsMCQNrdq/B66pPZGhtiHRT/fpx5v8AOlwCSy4Qy6688ciyCYXk1WVX6vLnhFAKEUdrFbQuLyGJK11469K4JmNt+J8qxLrhFjCkFreGEBweL7sbjXIpy0leHGsqLbcVe8zgIoPfyIsKSaY7XuhQ4OFljneeFAKUpQClKUApSlAKUpQClKUApSodcgpraUvpXskFpM0h3rtYrRgttqD0Yq5mgzjZR6uvMu2S7rJON+rzZaCcdYZFWPPkl4bWyZc4aboRALE4bNFyJkClPkb5Bdht4ZXlHiH4h0cs7pYMJp1g7rboHxzJeEtPmc48DaE62kQdREIxisTKdT/CqOYCQrH1dsGwlRIaqepvpIcJ6NLpOPjSeOOO7T6FNQYtPnlxuRI3TRVQdaoXDKKr1eTiWFF1Pp5qBQIYzgQzcjtWldSJJGJs6GgpQyeglzhoqmADZZyeMYTmN4ydSGNrEwOj1hPZaTTau65Wl4xyoadNlwzRKLlOZm3HITlTckRzGixsyDiQREhPOOVeFRm0ioqNZVO4ke+Rbr3mg7874cdMpNZwNFz8TO6bxCVisehNTYFpzqej5VabjTVhoq6lKsRpZFKHbEkFE0VAdZFHTDC83W6tqQxYA4sFSQeQSfXWXCTlSc2cqt6QlrbyXSYyJHkpCkFAmXi9jVvIEm7CaJRs5cIDn6UGPGRAm6X/AGHm+8ZSEccLbLHEU87DrOTj6AZNIpK5dKTVxzkkOwdjZImw+UXhGyZmio6FCUc7TadH4Wh1MdpE4GhxG2jCAYiJej1bJN66kYvgwiiQ4o/MXSM1EsIZSu7FBTpLLAUWvB9vjpGMqabOLRNx8c0KFpefURKmvD05AFjdiKVGKFNCcLXGYrkmS0KEiBiXwXgsoJw8piF8iJ0sTdA2bhDaxkjlgygp7s3iyk2F+GVp8aWue0r2g+cI+irEmzdmo7VXEzDxCYzb5PSy6VEMRAOhOJPj15vdacbcUiQA5tZT2MuiDFsDS6QK5ZM0z3AbX1b5+YLpqVpSbxZ8kOi/HWUl2EeXHZExsfpJrYmryNDCekR0W0sXWVr7H4BkzEiBDozFBUVMyIz2sOhpUhP5VXFl6LwYK67EdKOr58dL5VtawJk6QlwR6o7HwASbzO2vQXYw9qo5aQp8FKaa1OsFqkhRJIzJTFdfMCFUZHWljJ8HmKI5DghENSItNPcy0UTxFNfK/tSm6ekOznpy4tClzj7hZoSvI0VKGvMk8gqpuhGSzECi2HA38mS85cRYYSUwxN5J1OpsnFQyCWHShhUBxHLuEskmccS7bKzvF4zptgzh+Y/Hvo3tGuwNP0NxqjlY7n9PL2SE5fkwFwHHs/PGUiERcSghMmUXOuu0AxdLDV1pmgLaaqlvGMwg5p6u29M7f/pnKFX3m6hpaoiylJf5nJWhN91Sblcm3/JlyBz/AMdm0sRmOJjZbW2XDeqE4Etlpjn8VmNnU+IWEQidzCTE9I1e2LjUXXNCrm2C6+XjhpJLTKXEXlFFOLKsdQUtWMmebcXpBWTeinpJdaxFxOCaD7vnwbDf/H3SVVR2JVEHK3Ztb+KzQjidmB//AGcg+xe9vw345sQndIA5CNWx+PmStH4W1CwltFRo02c3tMbVxnJzMXo7AMEA5EUYkgFgd3kZIVpNTCpwlihuozmQJJqootwY+j+FAXU3Lg9gIMY+sfEdPmu0aFhyrBhHj2mKLmlgbyDzPjojK15cyATPqgwQYWBpYU8CPhFYO2DwyOqZo2bzt242VKxSElbZF0jq3Gg2WknRdEoi+7M6KZ4+hL/zB9r/ANL4f9jEX1s+rGD0Jf8AmD7X/pfD/sYi+tn1AKUpQClKUApSlAKUpQClKUApSlAKUpQClKUApSlAKUpQClKUApSlAKUpQClKUApSlAKUpQClKUApSlAKUpQClKUApSlAKUpQClKUApSlAKUpQClKUApSlAKUpQClKUArKH"
20:09:00.063 [Test worker] DEBUG org.apache.http.wire - http-outgoing-0 >> "0yP8Ue3f0voa/UqXq1eVlD6ZH+KPbv6X0NfqVL1AT/AOjffiS9B/zfP/8AbdJ9Xe1SF0b78SXoP+b5/wD7bpPq72gFKUoBXn99IANlE/pSHDCfPmi5IiSL8dRs6dNjBlihQoW5EJmGMGjRgbLAEuXLg4ZijDC54BhB4ZCCZY443vb0BK84zpTUHFNnef7jj1rPuIw0COwsEagwcddpRNDWDbXKSzunsIwjDiKpAxxPBVTCICv5qYKaKfIhnhC2JUQ4WxFuNgB6GXytRV9JkffXNufeVPlair6TI++ubc+8qxC9R1ir0iMg+zk3Pi9TqOsVekRkH2cm58XqA29fK1FX0mR99c2595U+VqKvpMj765tz7yrEL1HWKvSIyD7OTc+L1Oo6xV6RGQfZybnxeoDb18rUVfSZH31zbn3lT5Woq+kyPvrm3PvKsQvUdYq9IjIPs5Nz4vU6jrFXpEZB9nJufF6gNvXytRV9JkffXNufeVPlair6TI++ubc+8qxC9R1ir0iMg+zk3Pi9TqOsVekRkH2cm58XqA29fK1FX0mR99c2595U+VqKvpMj765tz7yrEL1HWKvSIyD7OTc+L1Oo6xV6RGQfZybnxeoDb18rUVfSZH31zbn3lT5Woq+kyPvrm3PvKsQvUdYq9IjIPs5Nz4vU6jrFXpEZB9nJufF6gNvXytRV9JkffXNufeVPlair6TI++ubc+8qxC9R1ir0iMg+zk3Pi9TqOsVekRkH2cm58XqA29fK1FX0mR99c2595U+VqKvpMj765tz7yrEL1HWKvSIyD7OTc+L1Oo6xV6RGQfZybnxeoDb18rUVfSZH31zbn3lT5Woq+kyPvrm3PvKsQvUdYq9IjIPs5Nz4vU6jrFXpEZB9nJufF6gNvXytRV9JkffXNufeVfzKXIowxyzzk6PcccbXyyyyejbxxxxxt2b5ZXupWta1rWve973ta1rdm9Yhuo6xV6RGQfZybnxer459B0iy+OVsORN/453xvbDLPXBu5445di/a3ywtMGF8sbX7F742zwvlbs2tlje/ZsBt8+VqKvpMj765tz7yp8rUVfSZH31zbn3lWIXqOsVekRkH2cm58XqdR1ir0iMg+zk3Pi9QG3r5Woq+kyPvrm3PvKnytRV9JkffXNufeVYheo6xV6RGQfZybnxep1HWKvSIyD7OTc+L1Abevlair6TI++ubc+8qfK1FX0mR99c2595ViF6jrFXpEZB9nJufF6nUdYq9IjIPs5Nz4vUBt6+VqKvpMj765tz7yp8rUVfSZH31zbn3lWIXqOsVekRkH2cm58XqdR1ir0iMg+zk3Pi9QG3r5Woq+kyPvrm3PvKnytRV9JkffXNufeVYheo6xV6RGQfZybnxep1HWKvSIyD7OTc+L1Abevlair6TI++ubc+8qfK1FX0mR99c2595ViF6jrFXpEZB9nJufF6nUdYq9IjIPs5Nz4vUBt6+VqKvpMj765tz7yp8rUVfSZH31zbn3lWIXqOsVekRkH2cm58XqdR1ir0iMg+zk3Pi9QG3r5Woq+kyPvrm3PvKnytRV9JkffXNufeVYheo6xV6RGQfZybnxep1HWKvSIyD7OTc+L1Abevlair6TI++ubc+8qfK1FX0mR99c2595ViF6jrFXpEZB9nJufF6nUdYq9IjIPs5Nz4vUBt6+VqKvpMj765tz7yp8rUVfSZH31zbn3lWIXqOsVekRkH2cm58XqdR1ir0iMg+zk3Pi9QG3nGXIoyt2cZOj3K1r5Y3vi9G3e1ssMr4Z49mylf8ADjljfHK3+3HK17X7F7XtX9+VqKvpMj765tz7yrEHj0HSLLWv2/Im/wDK/bZ3tfHXBu427W+V74Wva8wZ3vljh2uOeXZtbPK187Y4Wythj8uo6xV6RGQfZybnxeoDb18rUVfSZH31zbn3lT5Woq+kyPvrm3PvKsQvUdYq9IjIPs5Nz4vU6jrFXpEZB9nJufF6gNvXytRV9JkffXNufeVPlair6TI++ubc+8qxC9R1ir0iMg+zk3Pi9TqOsVekRkH2cm58XqA29fK1FX0mR99c2595U+VqKvpMj765tz7yrEL1HWKvSIyD7OTc+L1Oo6xV6RGQfZybnxeoDb18rUVfSZH31zbn3lT5Woq+kyPvrm3PvKsQvUdYq9IjIPs5Nz4vU6jrFXpEZB9nJufF6gNvXytRV9JkffXNufeVfy8uRTjbs5SdHtrdm1uzd6Nu1uzle2ONvwqX+3LK9sbW/wBt73ta34b1iG6jrFXpEZB9nJufF6vuEOhBRenj5jg8h79zzEJqJG9hNcm9fGwSmnmk0fK1sZgwv3TAE2JmFe9742FxwvnjnhbLDIDbd8rUVfSZH31zbn3lT5Woq+kyPvrm3PvKsQvUdYq9IjIPs5Nz4vU6jrFXpEZB9nJufF6gNvXytRV9JkffXNufeVPlair6TI++ubc+8qxC9R1ir0iMg+zk3Pi9TqOsVekRkH2cm58XqA29fK1FX0mR99c2595U+VqKvpMj765tz7yrEL1HWKvSIyD7OTc+L1Oo6xV6RGQfZybnxeoDb18rUVfSZH31zbn3lT5Woq+kyPvrm3PvKsQvUdYq9IjIPs5Nz4vU6jrFXpEZB9nJufF6gNvXytRV9JkffXNufeVPlair6TI++ubc+8qxC9R1ir0iMg+zk3Pi9TqOsVekRkH2cm58XqA29fK1FX0mR99c2595U+VqKvpMj765tz7yrEL1HWKvSIyD7OTc+L1Oo6xV6RGQfZybnxeoDb18rUVfSZH31zbn3lT5Woq+kyPvrm3PvKsQvUdYq9IjIPs5Nz4vU6jrFXpEZB9nJufF6gNvPyuRRfK+FpOj2+WNscr4+Ojb7a2OV8rY5Xt4S7NrZXwztje9uxe+OVrdntb9j+/K1FX0mR99c2595ViDt0HSLO2ve/Im/wDtO1xtjjbXBu2ytla+fb3vn8sF7ZY5WvhbHG2GN8b453vlnbO1sPl1HWKvSIyD7OTc+L1Abevlair6TI++ubc+8qfK1FX0mR99c2595ViF6jrFXpEZB9nJufF6nUdYq9IjIPs5Nz4vUBt6+VqKvpMj765tz7yp8rUVfSZH31zbn3lWIXqOsVekRkH2cm58XqdR1ir0iMg+zk3Pi9QG3r5Woq+kyPvrm3PvKnytRV9JkffXNufeVYheo6xV6RGQfZybnxep1HWKvSIyD7OTc+L1Abevlair6TI++ubc+8qfK1FX0mR99c2595ViF6jrFXpEZB9nJufF6nUdYq9IjIPs5Nz4vUBt6+VqKvpMj765tz7yp8rUVfSZH31zbn3lWIXqOsVekRkH2cm58XqdR1ir0iMg+zk3Pi9QG3r5Woq+kyPvrm3PvKnytRV9JkffXNufeVYheo6xV6RGQfZybnxep1HWKvSIyD7OTc+L1Abevlair6TI++ubc+8q/mMuRRlbs4ydHuVrXyxvfF6Nu9rZYZXwzx7NlK/4ccsb45W/245Wva/Yva9qxDdR1ir0iMg+zk3Pi9Xxx6DpFlrX7fkTf+V+2zva+OuDdxt2t8r3wte15gzvfLHDtcc8uza2eVr52xwtlbDEDb58rUVfSZH31zbn3lT5Woq+kyPvrm3PvKsQvUdYq9IjIPs5Nz4vU6jrFXpEZB9nJufF6gNvXytRV9JkffXNufeVPlair6TI++ubc+8qxC9R1ir0iMg+zk3Pi9TqOsVekRkH2cm58XqA29fK1FX0mR99c2595U+VqKvpMj765tz7yrEL1HWKvSIyD7OTc+L1Oo6xV6RGQfZybnxeoDb18rUVfSZH31zbn3lT5Woq+kyPvrm3PvKsQvUdYq9IjIPs5Nz4vU6jrFXpEZB9nJufF6gNvXytRV9JkffXNufeVPlair6TI++ubc+8qxC9R1ir0iMg+zk3Pi9TqOsVekRkH2cm58XqA29fK1FX0mR99c2595U+VqKvpMj765tz7yrEL1HWKvSIyD7OTc+L1Oo6xV6RGQfZybnxeoDb18rUVfSZH31zbn3lT5Woq+kyPvrm3PvKsQvUdYq9IjIPs5Nz4vU6jrFXpEZB9nJufF6gNvXytRV9JkffXNufeVPlair6TI++ubc+8qxC9R1ir0iMg+zk3Pi9TqOsVekRkH2cm58XqA29fK1FX0mR99c2595U+VqKvpMj765tz7yrEL1HWKvSIyD7OTc+L1Oo6xV6RGQfZybnxeoDb18rUVfSZH31zbn3lXnicQbpbCd0snf1wqDjQSKAbl/kcEKLhxXTyqOaDOzOqiExC6mOYwJDYGw72zLZBj5Yj4XtkFfPG/ZqYPUdYq9IjIPs5Nz4vVms0u4ZWztdzEbF8XCjPi6y0CC3rs41Ckxko/T1tXcYWvr5ONAkdMMwd1ppJNEc4RWx40CE4jmKWJncAIQ7jawt4td07RuSLxD26NjeUPXN+VqKvpMj765tz7yp8rUVfSZH31zbn3lWIXqOsVekRkH2cm58XqdR1ir0iMg+zk3Pi9VKbevlair6TI++ubc+8qfK1FX0mR99c2595ViF6jrFXpEZB9nJufF6nUdYq9IjIPs5Nz4vUBt6+VqKvpMj765tz7yp8rUVfSZH31zbn3lWIXqOsVekRkH2cm58XqdR1ir0iMg+zk3Pi9QG3r5Woq+kyPvrm3PvKnytRV9JkffXNufeVYheo6xV6RGQfZybnxep1HWKvSIyD7OTc+L1Abevlair6TI++ubc+8qfK1FX0mR99c2595ViF6jrFXpEZB9nJufF6nUdYq9IjIPs5Nz4vUBt6+VqKvpMj765tz7yp8rUVfSZH31zbn3lWIXqOsVekRkH2cm58XqdR1ir0iMg+zk3Pi9QG3r5Woq+kyPvrm3PvKnytRV9JkffXNufeVYheo6xV6RGQfZybnxep1HWKvSIyD7OTc+L1AbecZcijPHHPCTo9yxytbLHLF6NvLHLHK3Ztljeyle17Xte17Xte9r2v2bV/flair6TI++ubc+8qxB49B0iy2ONs+RN/wCWdsbWzyx1wbuGOWXYt218cLzBnfHG9+ze2N887427Fr5ZXt2b/LqOsVekRkH2cm58XqA29fK1FX0mR99c2595U+VqKvpMj765tz7yrEL1HWKvSIyD7OTc+L1Oo6xV6RGQfZybnxeoDb18rUVfSZH31zbn3lT5Woq+kyPvrm3PvKsQvUdYq9IjIPs5Nz4vU6jrFXpEZB9nJufF6gNvXytRV9JkffXNufeVPlair6TI++ubc+8qxC9R1ir0iMg+zk3Pi9TqOsVekRkH2cm58XqA29fK1FX0mR99c2595U+VqKvpMj765tz7yrEL1HWKvSIyD7OTc+L1Oo6xV6RGQfZybnxeoDb18rUVfSZH31zbn3lT5Woq+kyPvrm3PvKsQvUdYq9IjIPs5Nz4vU6jrFXpEZB9nJufF6gNvXytRV9JkffXNufeVPlair6TI++ubc+8qxC9R1ir0iMg+zk3Pi9TqOsVekRkH2cm58XqA470214NJ0Rbx7Btl0txxZk3/sRmcwQltMV8yuAzdiTEHIzinmjFwMRbhiWCyFtjYS4edsL3vjl2NrsTyvFocWxqGJJTAwzwYDOwzwzeTdxzwzxbqdjljljko2vjlje17ZY3ta9r2va9uzavLI54uB1pcNjS1tczZ2Scc85z045LQjhNdjRMYODawYKYzVAEyWGT3k6rqeSnd1CBChChkrFbEsM8MxrjZYh3tM/oSMWuhpNZzCchL/J5uJuIi7mTw13bo2BXNXTCqhkWxGylsO4uIFzFwsRbhh3EtjbO+GN79rYDc58rUVfSZH31zbn3lT5Woq+kyPvrm3PvKsQvUdYq9IjIPs5Nz4vU6jrFXpEZB9nJufF6gNvXytRV9JkffXNufeVPlair6TI++ubc+8qxC9R1ir0iMg+zk3Pi9TqOsVekRkH2cm58XqA29fK1FX0mR99c2595U+VqKvpMj765tz7yrEL1HWKvSIyD7OTc+L1Oo6xV6RGQfZybnxeoDb18rUVfSZH31zbn3lT5Woq+kyPvrm3PvKsQvUdYq9IjIPs5Nz4vU6jrFXpEZB9nJufF6gNvXytRV9JkffXNufeVPlair6TI++ubc+8qxC9R1ir0iMg+zk3Pi9TqOsVekRkH2cm58XqA29fK1FX0mR99c2595U+VqKvpMj765tz7yrEL1HWKvSIyD7OTc+L1Oo6xV6RGQfZybnxeoDb18rUVfSZH31zbn3lX8+VyKL5XwtJ0e3yxtjlfHx0bfbWxyvlbHK9vCXZtbK+Gdsb3t2L3xytbs9rfsYhuo6xV6RGQfZybnxer426DpFnbXvfkTf8A2na42xxtrg3bZWytfPt73z+WC9sscrXwtjjbDG+N8c73yztna2AG3z5Woq+kyPvrm3PvKnytRV9JkffXNufeVYheo6xV6RGQfZybnxep1HWKvSIyD7OTc+L1Abevlair6TI++ubc+8qfK1FX0mR99c2595ViF6jrFXpEZB9nJufF6nUdYq9IjIPs5Nz4vUBt6+VqKvpMj765tz7yp8rUVfSZH31zbn3lWIXqOsVekRkH2cm58XqdR1ir0iMg+zk3Pi9QG3r5Woq+kyPvrm3PvKnytRV9JkffXNufeVYheo6xV6RGQfZybnxep1HWKvSIyD7OTc+L1Abevlair6TI++ubc+8qfK1FX0mR99c2595ViF6jrFXpEZB9nJufF6nUdYq9IjIPs5Nz4vUBt6+VqKvpMj765tz7yp8rUVfSZH31zbn3lWIXqOsVekRkH2cm58XqdR1ir0iMg+zk3Pi9QG3r5Woq+kyPvrm3PvKoj7/ylGRzQ/dgoUkViGjZrUfZEsWLFnc3xzBkwPDjzCBAABCUMhBhhhMsQwgg8csxM8scMMb5Xta+T3qOsVekRkH2cm58Xq6a2M6GTGUFa9zvNxTfh9uM3DkNShKhZvGdf2+ml14xHrIXHcCjDqIUqnBCAKoIkYkRToZQ1mVwHyHwLD5B2CyAl30LN7MxsaH7VFHI7Ww3jZjbgYyAWXF5KSTA5f5HIyC7uCCfNlxBAe6BiB91wxyw7fDPDtu2xva2yT5Woq+kyPvrm3PvKvLM4L+jyszmD17l2bnJtE54KNxjMokVgN5DixKfhdYL4MhqO7wyMon3w1xCY1xHHmR7ywKGMO0KYD989sLcIO7nqOsVekRkH2cm58XqA29fK1FX0mR99c2595U+VqKvpMj765tz7yrEL1HWKvSIyD7OTc+L1Oo6xV6RGQfZybnxeoDb18rUVfSZH31zbn3lT5Woq+kyPvrm3PvKsQvUdYq9IjIPs5Nz4vU6jrFXpEZB9nJufF6gNvXytRV9JkffXNufeVPlair6TI++ubc+8qxC9R1ir0iMg+zk3Pi9TqOsVekRkH2cm58XqA29fK1FX0mR99c2595U+VqKvpMj765tz7yrEL1HWKvSIyD7OTc+L1Oo6xV6RGQfZybnxeoDb18rUVfSZH31zbn3lT5Woq+kyPvrm3PvKsQvUdYq9IjIPs5Nz4vU6jrFXpEZB9nJufF6gNvXytRV9JkffXNufeVPlair6TI++ubc+8qxC9R1ir0iMg+zk3Pi9TqOsVekRkH2cm58XqA29fK1FX0mR99c2595U+VqKvpMj765tz7yrEL1HWKvSIyD7OTc+L1Oo6xV6RGQfZybnxeoDb18rUVfSZH31zbn3lT5Woq+kyPvrm3PvKsQvUdYq9IjIPs5Nz4vU6jrFXpEZB9nJufF6gNvXytRV9JkffXNufeVPlair6TI++ubc+8qxC9R1ir0iMg+zk3Pi9TqOsVekRkH2cm58XqA29fK1FX0mR99c2595U+VqKvpMj765tz7yrEL1HWKvSIyD7OTc+L1Oo6xV6RGQfZybnxeoDb18rUVfSZH31zbn3lT5Woq+kyPvrm3PvKsQvUdYq9IjIPs5Nz4vU6jrFXpEZB9nJufF6gNvXytRV9JkffXNufeVPlair6TI++ubc+8qxC9R1ir0iMg+zk3Pi9TqOsVekRkH2cm58XqA29fK1FX0mR99c2595U+VqKvpMj765tz7yrEL1HWKvSIyD7OTc+L1Oo6xV6RGQfZybnxeoDb18rUVfSZH31zbn3lT5Woq+kyPvrm3PvKsQvUdYq9IjIPs5Nz4vU6jrFXpEZB9nJufF6gNvXytRV9JkffXN"
20:09:00.063 [Test worker] DEBUG org.apache.http.wire - http-outgoing-0 >> "ufeVPlair6TI++ubc+8qxC9R1ir0iMg+zk3Pi9TqOsVekRkH2cm58XqA29fK1FX0mR99c2595U+VqKvpMj765tz7yrEL1HWKvSIyD7OTc+L1Oo6xV6RGQfZybnxeoDb18rUVfSZH31zbn3lT5Woq+kyPvrm3PvKsQvUdYq9IjIPs5Nz4vU6jrFXpEZB9nJufF6gNvXytRV9JkffXNufeVPlair6TI++ubc+8qxC9R1ir0iMg+zk3Pi9TqOsVekRkH2cm58XqA29fK1FX0mR99c2595U+VqKvpMj765tz7yrEL1HWKvSIyD7OTc+L1Oo6xV6RGQfZybnxeoDb18rUVfSZH31zbn3lT5Woq+kyPvrm3PvKsQvUdYq9IjIPs5Nz4vU6jrFXpEZB9nJufF6gNvXytRV9JkffXNufeVPlair6TI++ubc+8qxC9R1ir0iMg+zk3Pi9TqOsVekRkH2cm58XqA29fK1FX0mR99c2595U+VqKvpMj765tz7yrEL1HWKvSIyD7OTc+L1Oo6xV6RGQfZybnxeoDb18rUVfSZH31zbn3lT5Woq+kyPvrm3PvKsQvUdYq9IjIPs5Nz4vU6jrFXpEZB9nJufF6gNvXytRV9JkffXNufeVPlair6TI++ubc+8qxC9R1ir0iMg+zk3Pi9TqOsVekRkH2cm58XqA29fK1FX0mR99c2595U+VqKvpMj765tz7yrEL1HWKvSIyD7OTc+L1Oo6xV6RGQfZybnxeoDb18rUVfSZH31zbn3lT5Woq+kyPvrm3PvKsQvUdYq9IjIPs5Nz4vU6jrFXpEZB9nJufF6gNvXytRV9JkffXNufeVPlair6TI++ubc+8qxC9R1ir0iMg+zk3Pi9TqOsVekRkH2cm58XqA29fK1FX0mR99c2595U+VqKvpMj765tz7yrEL1HWKvSIyD7OTc+L1Oo6xV6RGQfZybnxeoDb18rUVfSZH31zbn3lT5Woq+kyPvrm3PvKsQvUdYq9IjIPs5Nz4vU6jrFXpEZB9nJufF6gNvXytRV9JkffXNufeVZWemEvtjuTiabye3Xk1F4/jtxDpnIiiuJIVDli4bMlvAQe5YicHGsCHkIHjmLfDtMMhMLZZWvlja8K+o6xV6RGQfZybnxeqovmr6NYx+JrTtN2kbu2jrmw+fmVkxXkzlqI0hkEwi7tQ3ksCLNlki/nKNkMRyaoYGBK6dbAfE7mJkZCuDjiIBs/wCjoSNHqLws6Hpiw/GYkqRRgP3A0nqboQyB4tnnNcmC4YmCho8EYByzCEwExxEDxvkHnhna18crXvdf8rUVfSZH31zbn3lXnMcZnROo95AdF9e9wljdZ5xkpTc3HEummKmQihugi3s0N9upnYFi68aklFMKOJgJuYH8hREspcMQ3mXthniFYUSdvUdYq9IjIPs5Nz4vUBt6+VqKvpMj765tz7ypWIXqOsVekRkH2cm58XqUBu7rAHz6f0prhX/4cn/UUmSt/lYA+fT+lNcK/wDw5P8AqKTJQG/ylKUApSlAK+AmWWAYmeIeY2WGGWWIQdw7CC5Y43vYMO4ogQVs872tjjcUUMO2V7XzEwx7OVvnSgMTPKXy586sdxA39ko/1lbnGnq8PsIwYaRDE0+IUq7eSgddJtdExPmY/XkN4R9G7PHINhVDUiKw3bOQMUcgbazvXk0zY8Hsil6U2bBsTydNUiqOSRH8Qx88pOfCrjhgLmnNFht1RdDiOhhZiA4DClkhLNihA5Ch2FEwxD7fHtu2tm46W/8Aiz4j/Tv10/8AJJQqyrnVus24feRHwF3fv35sUgWH73sJcTwNcqBZxdt3P+F3Dxf8J99Xv/F2Ld2uL/FdvQbt4cql0/kjnX5aYOcG+cQboxDx5RA/l155alayZ6tR1OuD6ZrQXFFupq1NspSACaebaAcS4iKCMYV2QmDZnAAzTwRGsnpAyGjqFjvCtyUyPyCQzNDQ2TYiFF25+ms0uHXXaRjti4wbdzdzfMnyaa9EAgYPKhhITHEaRXIiGUwVUPhBOVoOMwmD2QzSUCH3Fwq4IuHEjxyYoFgbEb6ewZmP3DtO08NCMVJEcl8u0tbHu13FkqXM9n+H3xcXul7idteqnuGwOwXOL0izBt2tZo3lXWYVXsV7fvLxzGT5eFOXF7S1gLHslQR4XG7f+OuN312Oz2Bb06bPfqAmsJM6yXbXR1XRbQd59dIH2z2B0h4sZ52P1ff/AMmMzstywsntp5eKrJeng0o7ZjZLVcAPi9ITbdjUOeEEFXUSHdFBDNClO+O+iWZY6EAYCs918d6y89eoQfzxUwzzhdcMxq73SsigEE0I4srrIRVpcUxCxAAkmEAzB40aNZgEypQgVxzuGXAALh4B4UZ9K3FDD4RNncM87Y5DPTXQIK17/hEEtP8AHY18Mf8A5t7BBCZ9j/8ARwyv/wC6u+t0mzrO6+FdsMvcnah+ac69OHXOAEeSpUjhfRW+81BNwaDTNXjhODVGa+1NxgvoclZGWGU028ZczvR7qCAB3VKPK5M3NUsvx+k1TZlf2n6WANnf/Q96yEWiRm7saju2VjqldGJxk2dkIcXpCNrFhbAXSizMSnmbcY6lYfLEG5EJNzNd1vYPuXb3tau5pRnKFIOLtQ3NUwxbD5R+O1MYDGMyjILSj8u832tYDio7KagzsV0kNxO1WDKmhExto+RxZP4Fh8ypIXEES+OL3kvR9VJA4ZpcQdTOG+bY3haGIoaDsibcaTok181rOtHxQcDYNJErtku75FS9rHuZexAIe644w41BOPoq5T6irmjxdWGNifc5rFRz7LcPnR6FqQ3k6gXnP86cdqo+ZBb6tkmvcJzyrq+fNuZ5Ii4IEazIOrBVXjq2mqwgJnIqr2BOZBDXDvhlY65LEVkcsdYShqisix9wgkNzXm7Nz9PGFJidCr52v1qZkxrB0umpMTOydYubsmKiicF7gUIJzDWHSTdJ06aGtcEuVLJQo44v8WEHln+CuieTzYna7WrVNwPHSTWpwbSbMOZyoMfxox0tIPrLcax9x4KAxyTJGLJp1MO3YzPIpo+ZoEupJ3hFePt9JMqKYQPnFMlSlzJ8OXGxrxwv7Zjw/qVEjVfsORmRfrQm0RtFFifRXYiO1umTiy45sVsTckuYVyBiqJVwEFlxm0Q4XVDQQaUACGUCLXg8bMlH3Nxh6Iy5KDqDEUlfRrWt+yG+HSqAlwhTg8FM5bdbtci0ojBFy+Iw3f60sqZ4cMAHtzJoyNgHjnnYMyJR/uk5+dvi11dP8gchch0J7pt2IjrCWth9Rl3UOMoaZWDVeLwbzRXCcRzMwcykkqJpsKjlJlU9TdpQkIdSwjLpNJJo0SxZKtaNuftvug5NDYJmri71+Dl+adsicMKbIOPvJNwacDRrMTPAeZiX5ESRVhMFXcWknKCSmYIaYIfwDVlWy2eT1pJQjiCsU17JSVPvSU30pahahl1mI+H2PJNRsNot1VkiZT1faxZj1wElnGK9d0VSLY2Um4QXE8ksBrx4oMUBVk9CdTpySC6egseQNbrHZbZjdlNCPGWlAITOYTXb7LaSGVuJcqjNlrJJRDQUotcXMQW4CclkSpQG4meYlwwcb555Zdm92afUfPQSGr3b6jvF57MiZZdwdguXjhmz1Y2P2U3yjzkN14l3Y2O9eZ0iNS1Ki7Xh1MMaRiDgWMHRDbpio1gpOPJJItdfAJl3pcfLM4WRsTiQfLrSgZbesKsT/LUz9yNX9rYT3x5VVBI3o4toV2hTl6L4fghaAiMPWBfcDqPBxZJ81RQLHQo2wp9pJmaYiJuRuT8SSov9/oKhkjojzHRnBtPSFZNX0lLXUU6XUkdaTiSskqJQSwpVQTVEsEcInSwtvwCFzRUYIcES34MwxMcrfgvQZHOVip+jWSVvTlyq7qc0PJdpPC3Jgq6gwrqalxe5o/RkrULVucRMyjwaLFEUUUVTkNmEXRfDFXWFJWxPqrmXDHbGe8QsC5MEvgFrarDpCIPION0jnmjtx8qOmyc88W3B95Bz3JRptWWwI2PEeMrJmDNChJeQVUFesq9m54RbGHT8k/sYlw8TP8KovynfyRflO/k0GwtpVypMSV2C8Zd5q3ROsZNxyJ6o94eOcfmo8cFpFb5bO+R5rDvtmFA3U1Q1LC9g7rKDniolOx24F+ze9fc5BdpOSxlya0ta+OXRkhLz1fTGBdqttpOrxJNDVOFwja2soOaYuk00+XeD7eqZimF1o200UynqYCWsIyknJTsLZqZQj3dpsX5VAXO8r8gytx9qLMyQSNo+w02b2xqM5w3P4QvdTzeQs2uZeShkG6V2LEQ0QEBQxUOzkYEyLfwasEqlKCOjl7pbV71aPSlLO4kkJ0ny01tvZjikBdR2cy2SkJzVaDajQ6mt9LSmQ12mSNJyaqL63mRVVkgbchssaCwVlM3kADYG2PcLaiLdJdZpl2nmZR8Hx9DLLUXUqABCghKLgUsbhEGwzUHvjLEEZyPZznUdptwAXLAEZaWSOA4gQFxRcKCOiVfi7Nhf/EP2U/ViIa4FvjtHrxvfy7xNojL+wMLxLpVxvK7b2b2syliVWNHKNP20wGGJiE4FT8XevJZd3N2N8D2LqkBPLhnkccxm7Gm5ipFaS2yZEZ412HnNdjtXo7e/nIBuzIPJQ3t+3EXs7IKleHyLLiUqyI/aQMElJGJSw4FyMrH2i1UBwuPNtApLcboxx/qzrcZcZviWMrA54yqGz3aHI7OO+0kcqmnvHJo/uTbTEs99W5n2Rm6QQdeIZ2KNZoqK5cWuwL5NeWUoTIqFm4G2sIgYqM5G8FldfHNnw1kVPIFQYl8EGwEDLHKRzxpSRNsRKqpOG5TMXYWTU2SWaePy+iIZOellbWIvJlVoUw/0pHSP+9VRQaYasUT03/txsYEr/G1NLaDiH2f2O5VlfeJq7yObVqJFTUJE1ZNYQClJYey+bdTX6FI6kgtt7PtquhoR2lrjxFFWzj0b5FQdwRNNs1ixEJOc64eAZG6Rgm0+EdkCfSRnNIy2n5bYmvpdq3yIwfI7kdG3/KYf3kYCkyDiA3YvG0r1+1qLNl4GF5AUSz9zeEVHT7jWxyCKmLTeBbRsQBEGDchhUNYDn0xMyAk1uFtRFukus0y7TzMo+D4+hllqLqVAAhQQlFwKWNwiDYZqD3xliCM5Hs5zqO024ALlgCMtLJHAcQIC4ouFCWp857icfvMm2+J3ZDZx/wC6mvO1UAOOddU5cmkBINzrHjkZJd5KboYT4eaQnpvjmTERY2eg5sc8WzCxyFZCigBt3vtzohnrjfHaPXje/l3ibRGX9gYXiXSrjeV23s3tZlLEqsaOUaftpgMMTEJwKn4u9eSy7ubsb4HsXVICeXDPI45jN2NNzFSK0ltkyI1bNHaTza41bNHaTza52r0dvfzkA3ZkHkob2/biL2dkFSvD5FlxKVZEftIGCSkjEpYcC5GVj7RaqA4XHm2gUluN0Y4/1Z1uMuM3xLGVgc8ZVDZ7TnWSjgg2AgZY5SOeNKSJtiJVVJw3KZi7CyamySzTx+X0RDJz0sraxF5MqtCmH+lI6R/3qqKDTDViiem/9uNjAlf42ta9MyQyM/IpSlAKUpQClKUApSlAKzG8vO1m/La5UOMvRDULbw1qYz9vGpKfj86yUEQbN5ossNLv9US1gFJl1nrJnLLAmkiJdyCY4kInnicyOGMDA4GGOWnKsn3Kf/SQOBj/AOF6fP8AyN00BKiUNV+kIQg2VSSoF5XIi3SdjWKGFktrpsVovB8It2RMU8HvkRtkJLhNVR1tNWFfEIQkkgnR24mCKA5YNSdqGSyGUC0veJbk/bXKLqWqTQXZJuIZnjB1OKJNhIbUTAxo3HMstYiWOHAiGagWJqJltLZI6UVEYVTIAGyJrwu1lDI2qNpSNC2uVkl6P33C/It0lW7Vv2Y0vvEm+AO9e2ui3dvyhbdXfd0jud+8+x3zdI7v3rbudyngruV+9rF6D7rr/nak5Ojb7r7N79cb4M97aSX8rEs5TxKTMydfibH7E7LabhVpiIyb4CjRqM1tW7zzUz2Xflkax8x3fsGzQ9gwbB/idIa3i2j0Zh/SZ06syh8ly9Lu9kWQ1IZ7xKjt7eMMbONrvZRWm53rIrSdxNJ78OJCcN4YQy6YvF+9+5lFQAIUfAWjzo0hbmVF41Qs9GVrjJIQb8vkq2wA2wbO1CtK/jfYo0vGDPI3EDtRWh4t5B3TrIwViXhPDOx250YTHIC2Pw6QUX5agY80Cy5AFfjqUIvvyFwvZnhadt3ZZGfuD98BvG5cRyjzU6V1vCtDxesvYjApZYFZus5JGeA9iOB0POrPwnSGv6nJv/H+f/ijr5nU3r0pSoZFKUoBSlKAUpSgFKUoBSlKAy2xzt9yZ8v23G3rP0E2eY2gujumMmH4GC2Avr2wdlpQ2KmVBEOAObFEQpQNWZSMxCFiwKyAYI2TVos3FhnmhRVg67DxZmSD4yuQrbf572zvE9ySnY8dGzcAsdMmqItiI6bgTBa2x0DqY6GCO41VoBi4IaA8UbJ0oAxsm2ASib2MXajDJgQ7BOuByRx6IMH2nFtIuR+3YeAu7k+iSHcTtu/MnpZtxUEduod0/wC0d++CgkfHPvn+P7liD2/4O1r/AA2GKFx+lvaSAJAVhMz/ABcSADIYJbt7hGEARy7SAJWKxiDftL9upWSQ7d9djLLDFKt/9aSq/SU+Nvt97dpIqaZBY1R30X8rTvZPlr5sx522e1Z3XYXHDpUy5hd8P64oaXqnGeyknzSUZmBEc1IElG5ePhFG0SPBqyZbvRojke1O5q7cDIhZt3F2uSefE5v9sfMk1bnceu+BWP77p6JOlpBrj+jJNMN1lTzDsjpOC4wZSSmqZEEzbyuKlGkM85CJXAilhlXi1e80wgbyVCZesjjv+fXwNlZ00SevHntJuvrCZm16yhqLsHqCks6Qj5xrvfBOABZktNlbdTWzYIxLNIJn1VWWTuA6e4FJzBkCrkbOKAtjcR4lnFsnI3SV+TeS9lY2RIYkZe0oiw47YZb7pIPjCIyS/lrMdh9iOp4JAQaM45AJxWlkVF7KKLkKh2dKgulUMURILE72irGTWkkr711eSkd9NEkkEWCNB4+Zorq6KducvXJpzTxnFG4EhamalN/TvXDUtXOorg222OUGk75NmOxZ+JLDT1zXCGhiblbODcXDq2mrKS53+gu1uLTYHzHwPoTgAHQwtGulMhPCXNNdSZWkJX8YH9J2skDSE+F7welpPht4PSK2o5HKr+C0Qkmoqb4SWlI6d8HpCcQSyfdu908kVKBhAB1udJB/El78fm+YH7bowqd/HD+Ly0N/Qx1d/YexqAovix3cs3I5uzyepGuPKgJpdrrqBtIV1ujhjktIdZth8FRaazRLF5FsI7H+SQHSWFTnSQEPihKiy5RRBnGKWAESSCcSI3vs02h7aGEoqVGlttuKb3ek4691ZfT5cNQFGOuXgdnnEdvEEphAMKKBTDeNgI6omLi5dynzI62oDuYciYzwT0pMACoo104GdyGIJt8ddvK3PcCZbB7ZzVtM0W9pOG32SlBvaXjCWcOuiZHM92ccfMg54WSktJtGyWtt5qJRRHMKaevDKrvWsicjeCPeHZvYIlu5pxum5UmSNn+ODYkxBTvmZFRybfLy+yFM88E1gvNTSE8sSIBLpsxHbs7qeKkU/NTb+baNqxPJx5Laiohea+c/x2WCX+UpSgFKUoBSlKAUpSgFKUoBSlKAUpSgFKUoDij7e7YjNjvKR3urF0Flx+1HE93cunL3xKIrYaiQcXl9WNXta97F05KIGzg97WvewQOV7Wvesa3GPy+8jL53Q0tkXdSTyJzRjltObiIGpMYmowiloiQU74olQUvGCAdfLRZqM+XSIppCeRjlt+NzkXsnLd6EV05mqHS4S4FPHpW25dtYuLd0RGgLxdFkTdB4pGvqSNkYFBHTo5FtdzTIujYA4iCiIYrRSwY/XLhgGRQwpGLXCLCZ5WyDo85Y99+JFX4o9RYY0P3OaDk2i403trHIWsQaXG0yt9dci9FNkhmOkwCrueN0VEKm1MM7nLKx4UWCN1ZcZ5W2JkVQGALmQ9Sg+9YpS01dIG3PfmTXvCuiu6cyRkt+LUkRLqZsbJsfOPwakLPi+92HDzydLUW/A7gIKqCq+Cl5KIH/AAatpakkHu"
20:09:00.064 [Test worker] DEBUG org.apache.http.wire - http-outgoing-0 >> "4d6qRA4TFGLiU6a6767Yvvo0jh5AnXK3hXbojqBtHKRWW/EWNiPcn3HLrl1NZq74hJrOJxln4GJNdCA8GCMzNHUO8e6KqeeGMnBDEw9j9j2lt9wSbN7PsfIHFtzpxdbESOVIhD2M5IZ5xaxvg2utc2Nb8F1Jpr2Sm2lXD8PclNJNhXve+F73p91G/obbr/AEAN2v15nugO2ePCMearezSLXrbgzznOGMlSdGLm8M2QFxwaVvBObI2K6sI+JCy1khtc0sg9ql4j5jWIpImVxsg8ccO0sJlzhn798jPHnyKap6D8lrzhfa2Hd5TTjbOt23sUxvlCchk5HbwqQQFa8oRalqKgysABVlxM5JGLtgPDFOCfSOv4OpawJKzcToDcc3JNyZ6a8LWvcitHh6DnjWiEYHUHEBOCDvVHiO43Ow0x1OE0sPfOBk6GXdIKSRQrDHzS0mhGlY4nIiSeXzQoKaAYELya0Lg6fuazZbUDmd20lHXlP1614SnIr6c6m63rjqfBpoSOrjlwHMsbAvl2ojcGISK1l9IRRlttIKfcueVGYy8sA0NGT1EJ5RJIr6I9XtCbeKOqRJIrxZN3V4d6rstTWXSlKpRSlKAUpSgFKUoBSlKAUpSgFedDw7/0uHkG/PFyS/tqVq9F6vOh4d/6XDyDfni5Jf21K1RZef57Qiy8/wA9obwdzNtoi0V1kl7a2c1I2nxtDzZuuqwCYECYXHAqHjxNDazPbhUwOVLmXI8XSqI7YQgjRooRspKpcVROkU8I0cAop1dcvPRyjsRH2oB2Vh/iX1wkwoG6YDipo62svaaenVGyphc013XJCxNZgu1kUNyJhgqroykjJKUYWkq5Y7dioBM6TPH+E9MQDcOXEkiCpWKlm3S23UIjyKGnZ3D7ozLt2TgQsDefa5BYgZPIZoWL5D27lip+D8r2vnbDG+nZrnG7aPG6oRqUTlRp2ZaQcYBFEGAJpKi3bIZcdqlEgwJaxYqnG03vAEgMJawABYQLPK1g8b1fgs5aKnuaJ+alJEUSFzQahbZRRA2ziI3+TPU6aBDKcFuJCkTNaAZf1+XCoxMEY5O8WpbkxjM4yMbHiwwRloCl1s6nBLquliqSuklmCpVudIt5HeTbUXbeAYo0Dm4rHaQo6kzXsk/mScieIJCLvElBBh0Pd7mBVN/x67XGkhJ0Xs9wnhi7fV0cIUBLFuHkWPDYqAUptgOdrdrT45CRzb/hme8BsedJtZUDtZ7G95dfZFBxeb0FMilgckGM2y6Fq+JRITlZWzEOAJqeNin3JXUwDZorgJw3f9vIby6TJxFMh0pRNdar4043XaLoRVAO4xJXbq7C+wpJYSzQdssbZllAlmKTM4X7Nsy4wuH4L5Wys8ZyMx3NEWr0/NHarXCC9k2Hlj4pTnFLFlFFLd3xMDJgDybpBbGQzomOOHaqaAbNmERWBzDDFLKZA2XGCCFCzDxx1ch/M/yEovL0nRFqbOZJgaSw5urpHorLLeCi6G3XeTJZmM66HbL1ijtfceOZ6phhATW6vxk4yzacaOGgGEREVE0BPU1rJVUJicPe04XHLozynakzqpiqatwrSrOxxvAKxqxdQeevbyKuyWoHNA5CWxMZG5IcBZ2l0ELAHEIEk4Gunlwwr5Blw6YXPro64a40+DyZJW7sbnnezm6h3eCZls8DfBRV1mdVBXVWcaHFFvcx3I/HBJpOMQnnYMMmsuFbuGFcQccwYNw3tYxlNIyVKSUNOjRqstUd0dYIqNFkgpf7y4bS78IfKpxm6G6h7fG9SWft0zJfMP52EYHg2cDRdYZBRWXkpWBSJdaCwZyy70RBEi5JMcSETvieyPDhmRy+GGfZcuaq9IEhBkOOUoM5cY328eDKRlFxk9eJ60EgeKG7Jd0YqKoiNgjIUKn01zJa0tBlckxGK5YpZM4pGy4R1zt8tcRSLwE5w35K8Y88fCs+4Og09snKrdj/AGDMs+EE2QGnFh5/nDCQ4yB1OLv58/8Aso3Mk9JNqC5kZWP4k1gl5J4P/azhep7SxtR0gSfWK5ItgziWjPTd0vhEUm4U2I2D3yhOVUSOLLJQZNHcqfHELJCk6Dq4jYD5qCKbMYKxIsolyhg42F0piInmH5L9zYZBnZ4z5Jx8PfI6m8p2jMd7V4s4CPXicWXLH0psggcMKSK35HZRoAFXs3VA3jicMt5cSj6G6EgI73U8lk10NFPG1E4mDqJu0CqxOIHjkSuLLRqONUgXgDITtT1ZyP6UXwSIjJaQ45HepsIys5oKcZzENlm+iJpNFayKKduGeUk9BAWD5UgcURyBWzugzcUpSgFKUoBSlKAUpSgFKUoCtvkR2k3RgBMi9l6M6MuPcOY5lOulKIuFSeKEwIJhGzdAQhQ3JNToUj5M/gSU8VkcdAQCBlDzcmCAuEijlJK4ScQUq3uBndLkG2bnblSh7kFkiPHo/NSZ0jGMUFuRMzm2241YCgewlsq90ZlK5Nrob4dbfMKLTSbEFKRlVyLgYZHtgDoOBozYfSLWXTge/GYdI4/TvZ3/AJ3sPQHeHItv/uO7eQmDeIjjWW4/jed3zGZ2edkdoZCZxWTEjW+HADB4on5N+Pj42KIvvlRzJlDGBZzlTiOOM7GAi4YkcHMpuVrdLrO4vJNxR71ahQNyD7HMXevTnet7YQwxtmCsDMjXKUITnM6ZSk5ut93NaMjGLAOs5aVF9HDzPnu6nzKKIuuIuoI/iOoojl/F08D7PSv+WsVct/3phpHroGxsh+27rZlisrVHJzWI90/D3lk8Agbme9v4jvzHHuv/AGjtq/nS0A8b6W6Siplr2ewXKDrbix8yt87KtlgSPpyv2pHuF7Gr45ZYF8s7A/g77wT8v/pjEtRKxzPFYluy8NRd/pWeCNYPyMSxyfOLYjXTTfjwZYMQoMrJC08585CpBi4KU4z1/bKViuWTWi0mmpmi7Zc0qLYjfHzxS3RgYS+wttBPxxIhLqk5WvBlY2w5K+LnkF0U1r3a2lY3ILrPyGvhahpmymHr0wtb5ohmYCZtqJSEWNt2KjHiS5marLL4bBcwaNgjKYqeaWzeIiIO2SpZ4X07c7cwJo3Ab62U2TfJJhxcwSOIx46Lj32sr6wa7YJEaDQRQ88Dbjd7kO42IoiIS/jBxbiGjYpJLJqCgUz06ea6be8u29EG8t+9Menta9VtaQVtZ46NOlzLMWRlY25sSoxTYSZMRQgrohxY7yQXMkpuARA6rn20ysiRAuzW6CvSczT6hlXmrv43lCWu89liyyl5Zdgd2zG9/F/x/wCjO09tSnTtkHtc7phlW0HxNPeaCyIVjlvPBqi3ZkrI50kJgpHyTuSgsktabI2Z4cncydPBhBk7S51D1L5LYal3F57W8tp/c6K8GytpfyMZ6K65a7hCOU/mR8DukaQY0UFF03wQQgT1sUIDAuTUhjoQpwx3MnYuYjFvbxQ7Obc8mMA7ixluUb1XiyKdZHHBK8ai9AIKWxgZ92ux5rTsPxkvPBuOFiMrN1Ia02m6Yd4pE+40EmjKuKYmmRFYEwnxMjuWtx+K7l91c0NmjbeWN2tMeQZmSBnDru2PFQF2eoUmCOkw6pHko4/kNIRBHk3lcXBtJQwRoknp2Ib1JmEtERjbUUzDvZmTTaI3x5Z4sVwdOK/kq47fzg7G/q5ENbeol/kqjL83zM/VxNrEL04r+Srjt/ODsb+rkQ1t6iX+SqMvzfMz9XE2gMpWncpcu/I7upy2xuxeV9a1WjLSbdV+QrGTMSdJdSJjxFYw0jS6kttNHcLwZiG4r3a6Kw05NDOrKg4lZYsNmcU1MQ5gIKY5juTtty/cH14p2J2s2XiTky0ZdUqNeLpkVMtdGlrJsNE+LqwPGibka6ZFSgOxl8uCVSVPEIdWsdBVVYNObo6S27LwDmSoN8XmyW6sDci/PwR1N46nDvOnubkhkUw9FZE2dhPXsOOTybLewQKGnGyst3xGcnjGAdUjIZxGy73SsUcQM/2Mzpa950biaicvPODlE2vu2utsQcaGjDRlRsynMaBhsS2NmtiZZyawZ8mRbTaWYsSyrDQCo5NXVL4BKeZENJVByLiGU3LmglW2pszT2Gq081u62fRZgcpW8uyGv/InwZQtA0phtaGN0JumdtT63QmdH7kCkxntoXXXNqFA152tRcczTDKFn65s8DrGWGwoHMVa2R80ZyJJ1yegGsq3OEVKJPLh0Z8sVADJJhDZ3YVLKAgh3wLFQ7ndSSicTDtjbtQ8e1DxBAD/AAW7XDsW/g43vbVTV0S6/H6WH/KSf/r+n3Zv5Z+W8mfrg63d2f3ClHlgbuxknfKIja078SJCsJk/EuPWl4lRmhOF6EUptd8MVptg04+9SqSnheGXaOvOAfvftzKqMIKPmJE/SvbPlW5xi8z7G6sbfRZxr6bx9NTthaKkZE1tYuz2w8jjNJLby2ZckmZzAfDZTHufS3YhHS5FCTbGSgwp5DFSThcgTejg/wB+jRBCXmLnPOWx7JUxynTAEAPa9rhiiAOl+ii44ZWvfs9oGaL53vb8F8RsL2vfs37HdclcEEpQPMsobJ8PO9khaAvqWXCcfEia+L7YSZf1GfruODDmTZi8drwYwTHwPmDZy+B7BFfeTVLHDKaw0trpPehAnMmzRTx7kTXJunjeZIjW1N5vNdNtmlEeyjsiXkV0sfqGqDq22zbZsU6tzhBDnJgGM0so9IbSHcQbr7bioZxKkRbR8jLqt3A0O4Mz6MIkBtBxXd1mIj/l55AdItoNe9QOaHWaJW6kbNPMpFsG7xapuZWUoUdj8NKCWipaY9mS6ch19sCKaouIwKsrHc2SOkYnPDRePhmqGpqyFp3ptRPdVr/jINre9XWvUmRmFKUoBSlKAUpSgFKUoBSlKAVwCVnoqRvF8iyEiMN2SkssVjOt3pUaMIAiafEgKLbQzywTZbPLKZxPTzLmcxgmGjIZc2dLADqZwsFmLjbOuf0oDGpMXKDzho+8nFoXmeHYz0A1X3P29akTp+vVh2ZMexbyj8BzMYB1fLS6V5tLSWw8FpFeRMJKIMMvHj+Qzff5VYALmChc4PrH2GlFxwnB8oy20Iif8+OaPWasOhFhuLQCBqQpEPJZe4wTbahVSMlgDSqbtbLMMqB34pmQghQEVJWlgQijns7HPf8AjE+jn/8AiHmP1ngGtRdAY+SnJNzZAcsPGTEm1cfRBpbrnuc5pdyIaqswdnS/K5tlR+yTKsGJOEpK7fW/A7iGVVZCNJQEVqjENBgETye626mGwswT2oLa+SZeiDXGYZIgCG1HYObGqzFA5FsNpigRSRX09zOYKcgJp1RUT6YXJoZU+cCVnGNgeAO4t9PU7JvdFK5QETPnyuf0gDo+X/wQ22/UlErUhQGTOdFPpCurWiTk5KZR3+hI0/Y4j1NneUuPBb03itMidrNQa6cpuSKsZzQlq0wnHazkQ4YCPCALuQKgvEjjeTnSaBwJupQnduTzSpet/D1DPJK2YxxWZQ2iYMHgQDCSyaOmyZ2ap2aGLoTWssGkyxFWW0NmJxF1rh3FGwIKLuINfBNTTKIYXS6kQhv0hLW3kukxkSPJSFIKBMvF7GreQJN2E0SjZy4QHP0oMeMiBN0v+w833jKQjjhbZY4innYdZycfQDJpFJXLpSauOckh2Dh5yrTnAuzOp/Rs5j1/bebK1Cd3IDq+nIrCNFQihKO0Bmm01hhRspgAjG0zAxHhZtvhlZ3BNGyY2KEfFImjRLPu+clbV4wg+uz+fIaUYPF3o8VVpVnFW1lzPYfSLtMtR1XkCd+70D7CumKGgHM2wWgBnU2N2pHTajhMJhrsioDDndlmiUouVajZvBqKipG1E6nF1EilrBpKUlUwmJpJz2qPbahi7u8Lcz7YRsWMJ7RnPj9nt7FEQ6ZBOn2wqmYWfJF0M5SOFsAixxUZrqIrTVUzRYPAsYPo5kYvjiDnhapxbUhoo2r+yALksBduiwLMAa9Y12vet0USPXFiqWM9ta+PcLkbj927a18e59t2bdiszHC7dZv0UV3+FO796W1m5IrN/u3de18DeNGxHb9790/g3Ast+GbW7j/FWE7rb/5JYS1X3x/v++m8ZJSMkbev3p1F0Jf+YPtf+l8P+xiL62fVjB6Ev/MH2v8A0vh/2MRfWz6gFKUoBSlKAUpSgFKUoBSlKAUpSgFKUoBSlKAUpSgFKUoBSlKAUpSgFKUoBSlKAUpSgFKUoBSlKAUpSgFKUoBSlKAUpSgFKUoBSlKAUpSgFKUoBSlKAUpSgFKUoBSlKAVlD6ZH+KPbv6X0NfqVL1avKyh9Mj/FHt39L6Gv1Kl6gJ/9G+/El6D/AJvn/wDtuk+rvapC6N9+JL0H/N8//wBt0n1d7QClKUArAHz6f0prhX/4cn/UUmSt/lYA+fT+lNcK/wDw5P8AqKTJQG/ylKUApSlAKUpQFC/SJ9Ltlt7NG46h3VWNvlTkZC2zheTVVu+OLBZHerIaSW/CzgW/C8jOpoIQ/g8ZaTMPBpZTGVzffPbEiBnAExkFdHMEVs2dImk+E5FTrq8fy/HrzjB8JeOeIWai0X63VFrOMkGLmGLiCKZSFU2EENcITuQmWInaZXx7F+xaUBlY0/ZHObxPQac0NjDRyJuRGJIzWXgU1X2fKbYxvAOLZYbpcCo4kREmyLpGwxeS2M2FNbOHTSexz2IZROx8TURwKZAoluILvLRvj05BeO/T/YqXGCc132E5RtvtjgNoNkykhrzpasQuAsoOIwrL8NMh4oyTgdIrBFGWHfdpuVYSCzUSno81MMUMVppKaMZ0a0oKZ53kZO929dOX7mwBhvUnYrShkcbml6JLLSk/ZN7KO2cX7ISNLSUzszNyrGjJOiQkW8BgjXPnDhQZ3pSfgKtgoK6aUk0JvDN1xzt51uOKbd6NUoDa+qITBNSRqdsjFuw7NhyRj/geNJXSo3Q3E3/k4UzYgYqanmBCS4DZIGW8gEQYgCrIZ86mhrNlQjevSi+rfrhY0t+uZmN+1Hmc5DtFNidW29xasfWVbkyKVVMca7Lu68IyYacpgjcorYsOGESKB8kow5nYpEAEpHeMwvGLmm2y4oqmtkT98cSNdVbl8cu7018ZnA9ArIgYybmLS2YdD1jZJkGpLhogLHbagGGBI9kFfxcJyRQWi7yxJXJgjEyLFX3MsKRQ6AKRTR8wzQZfV5Sg/ech+qVvcvsByztHxobja/QU1PHmXZViI812E0fDrabPh5dGWUc2GR8PPFZb7YS+2LlTAnfKytJxO3c+0yMWzzwxyp95BNQuT1wcAGmHH3qjBim5J+PwhqtBm2rUSZihJjn2ZG8awylgSo0ST7d8iIrQWRnA/wBtt9kqJhoLTpTFhrGHKBkGpoCnlmY1R0oDNfCO03MZrnEUcwVDnRq01kxfFLSR2UyWwlctmnAJVMREUrgWAuLlgxsMjqkeExFUVlVNd0PrKwbPKykOZUDpkwLMLkLh3ku2S1Y1nl3TCQhNQtz4rXYym9+60uCTsFuJpBNioqMtyLrBJ7/ZRYBEexBvuUv4BT3UVAKs14Fk9bJDXREd4Br6FcdSgyMTJ1vNEPNRzKxA09GZg0IjHjogN1P6P3LspPjk24inZBVcDZYi6UcWaHELAiwn4aTlAwtpxFeS8XhYIE8ZJJyGprKCR8JqxrVM1GykMprNpmt8DMsgtJARmyiFhBchhC6QgpxZKTQMxs/4YuYRMoCHkLn/AAhMsb5Zfhvev36UaL+M12m8rhov4zXabyuKz3aLaO7Rw3zkcsG4ckRf4ua57LM2IEqE5E8dY7V/HU+10Fikl0DxRQXaqPpud4mUZSC7q7Wwggmu9u3JiGAxgMxdCNKLHjhXCx44VxSlKAoX6O/pdstovpjMcT7URt8lsgOvcub5XQEDxxYL37/YDvQo4Jt1f8Kx06ncilfCJlBVg/BZ1SLLRTvTtzycWDHLZjWEyBxm8c0sPRySRKOhmnUjSE8VMdbdr5fGtkPOp3OdZM2xsYVXA4ltnnlZYUR7YYd2OqBswZF7XHtxMuxapv0oDNTxG8RgOpe//J7sBJumkKxk0HHsYiuLj3fKWgQeqqLLik8mS4gvMKISjKPrLmg5HVUBzoSKsNwwnsQ0rpJ3FOFSzRQoaBLd47Dx9y4asb9PrbTUhJUOQjUyc2E3m08NF33sklwwtwI/m4WTieL8gNclMUxGBFBXu8"
20:09:00.065 [Test worker] DEBUG org.apache.http.wire - http-outgoing-0 >> "DKu4UoYwRUlJRcCyk5kwiJFuK6XfLSgzNPboZ0dTNKN59l+U8ny0ch0WsLVu8KQWqQFqZqWz5RQ5sdbSLOfJyBu2QZPktoAAsU+qnU57PRPKFm13YY+E4CBU4GjlmUVGdlp8gcZvHNLD0ckkSjoZp1I0hPFTHW3a+XxrZDzqdznWTNsbGFVwOJbZ55WWFEe2GHdjqgbMGRe1x7cTLsWqb9KZwwzhjNTxG8RgOpe/8Aye7ASbppCsZNBx7GIri493yloEHqqiy4pPJkuILzCiEoyj6y5oOR1VAc6EirDcMJ7ENK6SdxThUs0UKGgS2lalKAUpSgFKUoBSlKAUpSgFZjeXnVPfly8qHGXvfqFqGa2zZ+obUlPx+ahKd4NhA0ZWHb3+lpaOCrS68EYzjlmTVhFS59Mbq6TwxJ5EzGZccfDLHTlSgM8kp7T9ITm9sKcawFxSRFpY7XSUMI4Gxmxe80HTe3Y6xUAblRHGnRrCaYrrSispGI2Z5IMHizlSwj5cDNSZ66TxFTzUvuJXi/bHFxqSpQoUehuXJlk10uGWdgpiUQBSpmRZZdBAqSOCpwagZNqJVsohEiTS0UFTPjmzxmyu6FCxRUcikWBtdpTNcyzM1zLNQT0bfSjZvQXjfBgTbSNPknlnGeJSeeTU8co/ffYbTjKtMNGUvDsaOt5Nq/fmaYex7zss3Pl+4dk2VAsIDcT8TpDWju0e80P6TNbVmL/lRXoi3siyZZDI+OsdsnxejZuNd7Jy04++pFdrRJq3eZxXTgfA6GYU14x3x3QoljhBD5haEaUWPHCMVVf0iekRE6FKUoQUpSgFKUoBSlKAUpSgFKUoDL3G2qHJlxB7T7ermhuq7F370c3IlpV2HToOC2HYGs8p64zI6Mc/HAFLV5SK5MtwsNTwwT0cmXIiHljJvoLUCysknW6o5O+QXGvoNt4c3s2S5Z+RtLj1h7HTTHqNBcHa3xw6gZEQNbIJSTSKoHEdafgAGKM4n0uH26mZnFBrimEzAQ28VUM+GE97tdraAqUH7qtNHbTbVTOkSPc72i057JoLRgRN5ddaZZf6nIuujpcO08S63y1rwnKwXccInfwclpJVNc7TQwy5AonjswoeFG7zNuq4pdSdKi10PvziH4/J71uc23m5u7KyyFneDfuTUl/SoiRyaNKzEhuPmgVUCMZQw1V1QxuaWPFVNVjBRZVC4oxAwXT20jAn3Bi2cHQt3Y0oEhmed1isSrHmx1wmfbni4261z16ZvygzLJ7OaCUxmd4xNRqeHD6XKbEcZ8Dxhe642mqmdwRUZSOd1WFxPBF7273BEENjFwBZVabRm7Yy0p1UhuRk002H1H2rcGxm/EckskjBxvO1pxM12s6E0o4W0onU8c0krBA8VAWW+rGyQopfA8lKJgDIAznKSlAZp4PG56uO8jKuvo2tYfMAwB5AdLq162rd26sew5KKE0HIPgKmMeeESawzC6siNwftjgYzFFUCacEIcRUcwcTBUnFClNwv8AHbOGmLd2tnzblzsxx7k79z2qbBTyRjYQ2Zj9g4CnHCfaUattRPYYGFcNrmHg7DJg8DjimlLLJduJQqqRQAnGu3ZUplqJQbwSlKJS7ilKUApSlAKUpQClKUApSlAKUpQClKUApSlAZ1tidGdrtu+fXU7YeVInumce2hEMOJzRU8VV8Roqp8lbKu4niaNm06P014n5LQhUhZVWSYwUnEyUVJFPQPkMGpmCi4h2U755GithStHr7i58NtNWGVJLNc7Bd6TmVL4YKjXeKIebrgTs87BXvhidSVE2Wyyta98bC3va1+x2K7CpQSMqfG7oZyJ6+8NHJXxmzpEIorhSmdubGujbiCkyIVJKmxjzhGj+ItNPT7JMgqXyed/yeoqbiz+VPJi4kCkmpwJ8EjdCXxCPd2uuhW2LE6NI4eP11xT4K26PagbRxaViTx6jY93V9yM65dUmahePqa8TkZYeGSToQh/CYjzwR0/v7uaqoERixwMvo+pQFZ3DzrzLGrvGLqBrrsAzsGTLUYxWK2JBZYq413WGjKorncZ/NPEXGesuNqq+AhBQLCZjJCypE8sRrg5DXEwFDwqdY/HzvBxM8lypKfGpDQ0+8Zm4i2I4dn9T0iSYojs7rXIOZksVOyRDSfLb8YKGZL4BG7qaA320dGwUW0UWIwcBJGIoEWOdJ1J0qMzJsRmZNhSlKpRSlKAUpSgFKUoBSlKAUpSgFedDw7/0uHkG/PFyS/tqVq9F6vOh4d/6XDyDfni5Jf21K1RZef57Qiy8/wA9obyNw9UIj3i1ol/VWcksypxpMbVFbi1mnCgl1pDPljhRZbLtbpowAaLFXKzXQmI7pbxg0UOEg1dIJ9/EjpK5goPRFq23OePi3YKLqeW1fiLlj1wi4iG1tf5cZ+yrI1anVsRqmf8AZmsz5LQ5twNNlYxbKUCWRkFOQFFQyQ0cAqn5PdwFCZIoR050q5e5cvcy07TaccqvMw7NYUHaXXqBONjW/W3YlmbGnE0zOhfbHY18uZkllIinIaTeMU5rREhoCmmrCsWU8lNdHUko8OmKREZcLp5xJUpa7R6ZbKSNz18Y+6TNjfwzrRr1AuyLLmCSvHBhJ/ig5n9HExoLSTfE5VdJF/r/AIWVnUglO/Gu1VtPId/93UzRMsVOjF74aUzM+BmZ8GP7mk4ct19qOQFGemoqKFhq7vvGkEwJyWLhZ6MBsnGm1oOnlgvVNkvBIdDtb7odCzlHzaQkJGJMZGdZ26ey1xDUyZYN0kcs7CeajROetl0Hi4aup0RlHW3NW+QXXmW38kJ7rj9lJ8dwdGhM6nH1ckA+XU2LLBRAI3JFSrda1lpxDgB44EEgz2l7Wv4pTH9fCNiDPTJ0jbmfre3SLZ+ZebfiV27jaMfGTXjWRtTcnzfIXjpHqP4km3e23Qnt0HxTXnYlvhyeEDaiTB7o0W0vhFO7d0PZlggxc8NAtKUApSlAKUpQClKUApSlAKUpQClKUAqhfiX0u2W1l3k5qpim+NvEmOdtts21Juvji8cWC5PlAZCeqTMZNrfghoupfXWp3EF1oGfg17JjbVxO/wDtQiGeZU7iWvopQGfLkH0Q3HYvIXDHLnxttqPZUmxrxKoa8bM6tSA9CkWkNi4cHUBlZIGbMjqIAyE3n0kHrpeFjLnGLJAeTQYilayiChKrccfSjj1H5JuV7djTuYt/NaGLodproxIQc6NrXUOfGLslKk8zqliph1oK7ocUZFcmAkMdunkknYRON5hqNkgVyolya5Z5+E2fp4pT830yI/IvtkTKrzP66clOwXI9pDIUU8e3z7NFdPEcaXDMPKW0eu8ANiU9mlwV0FCCm7ApOcamsKCPF5RPj5SSSirG6kmK2Yzyb4JzFJdCzlnPCIt6+Zl4ytGrSlbgf+RqMHO/Gk35El3yoOq0ifJeyFhdIp7pkHxBbbQKuF7eJ6IYOuDxUQzJdXcHg/wUnDBGzYOeN3VKAo03GjDlagrexv7uaPDm9ytfnVFPyWzZx1yDsADDqUkOEoYThkuYoEXXzmYihuOMcBFSgl3BbLkzvb+M4AGSqHIBo+zegIj043/3r5R4C5HeQKDWPpnEuk7Ee7e1m1VR5kak/wAiuSRJCT1JHX5Hkh+R8DZiEU/AmoFVMmnIh+5wuotZopl04wAXXV5Z0lUoRou67tt8+HYwidOK/kq47fzg7G/q5ENbeol/kqjL83zM/VxNrEL04r+Srjt/ODsb+rkQ1t6iX+SqMvzfMz9XE2hSj/hv0k2e1U3B5q5SnuMvENibbbyLkw6+LvjnHro+UCOTj+nJaLOLwYzHY4llqd0THi3DPgh7J7bXcPCPcREzEwUPhFdANKUBSxzScbkub4R5rhKOrD6aMdbm6PTygbE64LsgYHvEZcV0g2kqC4w3OZTSagbTSThPtppKwB7wcoETB5sFkFYLlkdcPK6V1Ao7r8/yoyxWeh8J0XNaXTSZmkBTIv8AIbAi5BSUvXL9ws9M44SbAywot6xzsng2bZTAVwyt8SYrlNDB5DDaBqUBT3w0cabx43tQ3ZG8qyaSkHZifpWfuwWxMptEDDNMylaQyaYnjF2cK40XGyimNggjkBSp1dbZcosOQyurIzbJEFWyMBFtkPTpDGl7qfjDfkARRzFxSpOxWW4tm9oThB+ls5oDaURrZFG5JTGdbXbMXHhU6wV8i5RmlM8SffRgTxsVS1yKIj6KKUEus9GZV26M8i3LLtLqvMfI7FMR6SakabSkSm9hamsSWU7YWapdlhGNJhtDOSpKTWTUyOUdkksksuDkSa3bqoiYcciAKRGGWyDtQNNVKUZs8BmzwKUpQClKUApSlAKUpQClKUApSlAUL8uel2y2z+53C3LEGxt48R/qZuWNK+wK/wCOLBbXiAwM12ITmK/4Kd7qb606uyWa66J4LZKa5Fq3ePaXTrCGSeBi+ilKAoT5BdLdmJw5gOHXaSL418Z4J1XObECzy+vHFgIviIG+mslpzVy8WHC6kl4ujwodLDA9hmt5xZEe07oo2JhZYCZWab2wdNOxup8yRBrnPbn1jnR0N4sLFk1tQ+fTTzRd6Grpy8ml1I2l4DKQLYc/g0RpusdOLmlMm3VxSPpRUyplCYOcuKUBllfb46RjKmmzi0TcfHNChaXn1ESprw9OQBY3YilRihTQnC1xmK5JktChIgYl8F4LKCcPKYhfIidLE3QNm4Q2sZI5YMoLuqYuBhOevCLCnF40JVIpUza0hN2VoYnE4TUSKAnbNJDkdz4XXGIVJYHV5GZzpWpFkNtFjBPBRXGuguImshkV1SRbJahowpQZHGhorPWCGWmelzpEW4uqbk0Pceg8Ea6PGX2ULC8476mdvo1dsXH2GvEsW5JLpj6CGaQPyy3VZ+NsyqlACagEo5t0JROd4Fgjo6eZQrNXhqox9HuFaZdTY5NGFJqQZx+z6yy64cLAkjzoWAoYfSi63goEi+YpckovJ2KC26VAmXEELlTiuOABnmEHhle2Gog8hH8wfeD9EHZX9jD1oMhCVjL/ANCX/mD7X/pfD/sYi+tn1YwehL/zB9r/ANL4f9jEX1s+oBSlKAUpSgFKUoBSlKAUpSgFKUoBSlKAUpSgFKUoBSlKAUpSgFKUoBSlKAUpSgFKUoBSlKAUpSgFKUoBSlKAUpSgFKUoBSlKAUpSgFKUoBSlKAUpSgFKUoBSlKAUpSgFZQ+mR/ij27+l9DX6lS9WrysofTI/xR7d/S+hr9SpeoCf/RvvxJeg/wCb5/8A7bpPq72qQujffiS9B/zfP/8AbdJ9Xe0ApSlAKwJ89h0sD0pDheLiJKebGF8nR3M+YEVcTZbunIhMWGPcMCqmWI5dxytcYPvkmY7ImWVhu6g9qFjvsrAHz6f0prhX/wCHJ/1FJkoDf5SlKAUpSgFKUoBSlKAUpSgFKUoBSlKAUpSgFKUoBSlKAUpSgFKUoBSlKAUpSgFKUoBSlKAUpSgFKUoBSlKAUpSgFKUoBSlKAUpSgFKUoBSlKAUpSgFKUoBSlKAUpSgFKUoBSlKAUpSgFKUoBSlKAUpSgFKUoBSlKAUpSgFKUoBSlKAUpSgFKrb5EeR9C0HTIvQknXLY3a2dJ6OulHhGEteI7V3SoOlXaACEOtiut3hFDCGwm8mhuNKHPqpsJXVQyGZ1TIt1ST0hWMEYYcKvKFtxyFyhyFxztvAcX64urT6Vo3jpKjJiH1pxudsnHQBJdnS3pHfBl4OBsPRdQjrLIFS6wzUBnJWWQqhYRNMXzAyLAX50r6CqqpiElqS2tKJFIRkcgcVVZWUzQBFNS0xPLiGz6ioHTOYRYmRJFQRTJs0YEDALgBCDC54B4ZZWzV8UnOVLnJbyY7Xa6E4vj9n6gR/DSzL+tTyybL5SpokdppsmsWOUJ9utSWnqZbAjVf4Cs4ne3ktNjtuKRBJON0oYVVPIicUFkMz0ppjpVMHLpvXthqk5dEIL0jbevDj2J3c2QOw6g32bS5JVYzQWqiNIwruNyng4qdbWdZK6MpKTZMHlEvZwYl0bwmEE3Tp0wVGK801bC52/luaOW6x3iUvrfiA47vwLVtL3Fxm4czdsq+LRDaI8sq+TDKgYvLJBGcYyyWNiZtkJXLJgOCqYJGywFtdK4q+3y0IxZLwkiQHCmNJiMBsLz0ebpWjFiqQ22q2Es0tOBdVDN7XsAQSkokaPGxe1yvgABnlbHK9rWvng4Uuaed+U3aveOO33D7CieEYXRYvkDXUEm3nkky6uxfL5twLDAX5UPrj5Xm0onXTHITRd5LFqtVskgMV/LEIZUKXLGcgNJNKUoBSlKAUpSgFKUoBSlKAV50PDz+HpcPIH2L9r2sx8kt79r2P4dvloWMe1y7a2XYt2b2z/AIHaZdtjjbtu0vljl6L1edDw7/0uHkG/PFyS/tqVqi/KdoRdLp2h6L1KrK5jdz5R49eN7ZLcKF0FgueTIdKxaO2UOT0twrTFPZvebY2jZVsupjUdLKXzWJdCeKmbT7J7nS7hKwBAczc2TCMEDUEIjk7pJkxwlFU6tG3CKaRZXjFiysgtJYbu9bcX7Ij8aiY7k1FOqgD4cyQQXQSSqXJj54hn0vA/iJbvzIraxmqU0SUqkDjU5Z5D2h2V2B4+9y9cQ9U99NZ24QfDqZbfd4L7i6T43UB2+XDkOM3F3PA4XT8PHBnG80U+ZWsskp0JJ4ovGzoLjR23+5xV8jM27ybB8rETyy1orbzd0Z3bfmtkSnY7RHakrTiYzXe0mttPVZFMuV8O0irOwYizEsU4ebSc0UcQ2YPiAIRcEUuAVTeiP7b78RSaFRHeiIq2Vk+UtHVC6OlVRc2O9Ut8bvHTMu3UHN2OXVJMdr8UJSKiSukOZcY5ou+5SaTIV81RNaDvYq8OMWSl44YTcijlI4AqAZYU0GcLYClBvzd3eVlmcf8AxzRju7LrFUZBeUqoUNt9gRFH4maNnIM3S6yM3cmsxJU1W6+K20AEqlOdZOKZsNxqZBvoJrAkQca5mSTlA/36I6a5j32Lb6VQCTfnSZnE08JJJQlxAMSxwlZdKa6PN5bUOCYCRPIHvnFnrEpthXLRCC9bWv3lY4SKnGlc5bDMdXKFhBcytgfHVt3Mu4MIqTt2I09mnSebmO8FVgSDE8tIC2AjKaojYhdh6xG91JERCEjRuvXzGxTV1LAEDLHSh0pgZV0nwI53C+nXPLD6dc8sT7pSlAKUpQClKUApSlAKUpQClKUApVbfIjyPoWg6ZF6Ek65bG7WzpPR10o8IwlrxHau6VB0q7QAQh1sV1u8IoYQ2E3k0NxpQ59VNhK6qGQzOqZFuqSekKxgjDDhV5QtuOQuUOQuOdt4Di/XF1afStG8dJUZMQ+tONztk46AJLs6W9I74MvBwNh6LqEdZZAqXWGagM5KyyFULCJpi+YGRYC/OlU/cjO9O4ENTdrdpzoRq6lzZsfskE41wSV5rKSCi6mwKymwVUzZlfld4shPscUFRTDQl4Qg00lfSV25dLCsTAVldfbKGrxzhDks3yhHkVhLjj5Q4i1aLOba5iPV5a2bC6ZLMphRgrrMfJSuuuKP3qypmMqjwS1jBKRDnYWyyqEQBUzrZIFk9VLuA2ot58fn3rHYeFvpp9pjPoNpVNHIxyI7JwpsRrpohohru3Zx2+2SSFp5gu2ZTTvbes8FRmgYrlzL3lZytEnksKwx4RruPAi02+qJy1cukZiA5HldXareccbWtyccg2ou8eremvK9Dmp/i5vAqLjN1z2X0nWpaCYRSUkTNGLBxzIjDmg0rO0qeWFJyNpJKrSeoFiARtyIoxMBaJYOcdqMkuZVHatv2sER65FUfRTSqHt5uUrY9E3mYnFzxqwnFk2biLEdXmSYX9Pq66kfXvW2Mhbg4pinIRVh5l3qvKangfRTgpNFUCAhEB0MkmnAORUdneaLxLX/lK3KhzkEjvja5XITgFgyPsU1Fl0ar7KaoLUgmNf5aUm6XOHFiPzyDKxhQeLXdQBYgbK9uorOBjFwZoKRigjJ7ybDgPB85nkpe6b6aAKRfx4CDpxNTwyfuxuFgD2agGFhldvQ/lYXG6afTxriWtjfC1sxswu1zyvcO+dsMsNtsR2vaKYxte98r2j1l2vlfsdnK9m2m/hv2tscezf8A237XG1uz/sta34KxDdOK/kq47fzg7G/q5ENbeol/kqjL83zM/VxNoD"
20:09:00.065 [Test worker] DEBUG org.apache.http.wire - http-outgoing-0 >> "sGlZY4b5HuaDdXebky1l0/SOMFnsPj/ndNi/BW2TY21gzudaA7nDKqS0DmZ+L5cNIygsFC0UqubkMWQGuSyHUE/JMT8g8zIZSzvXMrzmhzOyc9tl7ieN684jrPyjFtc2nt+nTOKWu3FizesyTsmPRUY4A+LuugZrN10gYDzbmKwGRtgp5khcALYaVS5rjyMzbL/NTyGccTla0VkYQ1MhuDZDjl0oaI7S0qrS1Jkdws7V4q9lw++FNoqKWUUpGWwEgBCYzbNgESqUGcOnxwDZk9OXkBn95ap6PbZ7Lx4mNlZfcD6/SnKzQSXmTVVFpKLiY7RVF9JJOQghrLdWDiKYOEgglEumLyOeFLZCYFlEoLfEbB8jav2qfBL6lUoMPkhnF0cER7lAUGrFIM+ltMZH2KDaBNDd4cP3ezPRXQopiXmgDvow9LtYcdEKYHiWMgYqwoQhjEuuFc8w8wu3tQeRxGenE3EPJVuKsx7EaUsQUJMMvqDTJLiUx0G4Cmpp9k5pIq8vu1ymjasYLJ6Q3G7kury6vOFRJIyX34fUCZTKOkKo6WxSOkKxTj7QtRpVMPD9uvvJyINCTNsZzhyKdf9PX441EHShjAtp74bFveOiqqMGUlOV3OpyOrMgNCVCAOBJvkW3H6MI5j2aivp58FokW6pvi56qUUpSgFKUoBSlKAUpSgFKUoBSlcAlaSmxDMXyLLz2usWZsWsZ1yG68m8gqzoXcW2zEM84lvJHbaCUPLS6pYpqcZyJpSWTMnjw9sC5YHMUTHGgOf0rJM5OkLbhO/cLj6YMacezlgDTXdHZtpwk3Jt3ESFtElyWm0oOFqpzoccWxQ3Xe3BWAWIJDrS1JvO50iyQ2XBgeLiFitxADpELWzQClZjed/neknjTkKFoH1Sj+MZWmNcNN15z8elFDeTlZEPxO8VzJnMEicCYz4YJolIckOSymfboKivmMU9ttQ8dNNlQLONLVE69ncjaFo6X6xTHs8+G863ggRE1M167OYyWOsu94LR1QIoLXabfIgBC38IORzKyQjYHh8LEEkM6IrKggKaRNjBgSZpWXpY346QY3tTjnIqsae8dxbXNOjYfYNV1PEfOxBXchJgksiZPE0bPvozbCIw3sQZOArkPoV2fisFyQWZO7Wu7sRGYHOuWubXWeL+JdqcstkNxrUeyOzm+PGsT5GiSc9HPLbiVT7WwiAVUsEeTCKg3nciOci7HEWAVCSegtFxuJJIrlixJNUIiouZCsiIqLLHeW6QmkC5qog8g/8wfd/8HZ//BB2V/Bfs9i//wARh6fgv2L2v/8Auva//wBmqKpS5F+fTVjW4jv7sppLoyu6wpaciPuWdb4lec5pe5ENRWtiEsx152OB1HFmKVFWahE4GZeScgt88Zb4d8jSqQT09OchxvW4bAT1G+0fElsNsXECsKtxnNOgc4yKzD5oDEooXRHNAzuUQCSuRxFH8GrqXmMIlrqVmMIKlrBM8njZ5Cls71S70zHiZ7+hSGQTWhu1woBAomh225EDuWJZnhAMs8YbjPK498lE6fM91zxzxDztiYsBbAEO+AOAlxcxdmdYwehL/wAwfa/9L4f9jEX1oX3c8sD46M3yb/k2Pk78Vx/lB+e586Dx08dPCxrvbxN+Qj/uPxX8B95938N/97eFu+u5/wDY+5UBZPSsqLm5Cud7X7kN4+9H9j0DiNeBzc9/Kw60T1jb25DgezEhCNB01clx7qAknP5mIyIdzZATuGYJvMg6iBxdaytZXTMCZDuZ6y3kZ3p3AhqbtbtOdCNXUubNj9kgnGuCSvNZSQUXU2BWU2CqmbMr8rvFkJ9jigqKYaEvCEGmkr6Su3LpYViYCsrr7ZQ1c/xyPzlWzguBpWfKEOSzfKEeRWEuOPlDiLVos5trmI9XlrZsLpksymFGCusx8lK664o/erKmYyqPBLWMEpEOdhbLKoRAFTOtkgWT1Uu4Dai3uz+RTk42Ah3b/XPjV0KhSN5k3Y2KYyzLwy5OzkcDagWE4dRDTlI5PmQLs7GzucHhA4zHYGGjoJ5MUC+CQVDJBLqsvoyMYZEI66Lpy32XfUrOy1eTXkI1G3f1c045XIZ1QybW7yssszXXZvSZalkFgEpSR8kwEKNpFYc0mFZ3FVJaUF9tpZNZT1IqnhmnCjjkgFspi5xWlomoMz7vsopSlAKUpQClKUApSlAKUpQClKUApSlAKUpQClKUApSlAKUpQClKUApSlAKUpQClKUApSlAKUpQClKUApSlAKUpQClKUApSlAKUpQClKUApSlAKUpQCsofTI/wAUg279m/Ytt/Dd72/B2MreJEv27GX4Oza1r3tl/Bvjftsbdm98e2xy1eVlD6ZH+KPbv6X0NfqVL1AT+6N7bscJehHZve/Zj+Qb/h7H4LXnCUL2xt2LW/Bja9scez2cuxa3bZZZdnK931UhdG+/El6D/m+f/wC26T6u9oBSlKAVgD59P6U1wr/8OT/qKTJW/wArAHz6f0prhX/4cn/UUmSgN/lKUoBSlKAUpSgFKUoBSlKAUpSgFKUoBSlKAUpSgFKUoBSlKAUpSgFKUoBSlKAUpSgFKUoBSlKAUpSgFKUoBSlKAUpSgFKUoBSlKAUpSgFKUoBSlKAUpSgFKUoBSlKAUpSgFKUoBSlKAUpSgFKUoBSlKAUpSgFKUoBSlKAUpSgFKUoBSlKAVl04HvxmHSOP072d/wCd7D1qLrOLwtwdNUWchXPi9ZPh+UY4Zsx7otR1RE7X5H7saDZlRsFledhTDjjhecKQnJT4QQA1hJEGWGybVE8LBUTs8zGOJ0tcUDkXNjMT/wBhXlAfCrrM5DiJNO+WZhY2WfCFlYQ/Amh7YOiWl53nr5W73KqUpAJyrHrVLH8u8nECWc7VHyJn3Ggms4waLRkx4W6TbuvD8ZoBNqx3FvFZrfHzGbZDG+JNCabQw1qQUBKA7a9888CSWQLAd1FyzGGywuKNnmLnnnla5tXwk8au605K2yOx0Crz0mhcbiC0lR5o077CR0KabzaLYE0ZMujxrKbRQAgSoAYds8wUoMU2KHgOcEHHxsJVDuqPB1AcYdIJnIyU1MnVuahQXr/CE0aySSsuzZ3KM/nKtV2Qs48g06aFx4jF5PU0lRDchtQjJyvF2N/AEifLqDVyJpVwSoZzfb/CyvlW0p5D9kuRHjKnvTjKFWy0tTUjZMyuSlNZjNxtuOnhOTOIMrN03iRIWUFzyGrt9BQSiiyU8iol0bJ8CIuLpMlGsGuiZ9Vo27nI/wAcvIxqbpzyMyzD+3mu2/qmvMWBdmo8h0nAj9YM1IoqOUKsZ4x8gLq42TCCrrDpaCEVv34eUjWLqJr5Jx38W3C2jMud/Zv5MtSduYO2DhaKH5uFx0nWMqsvZPWOBWAxXNsow3/kZUxkWYo8KGyyU95CSxixhCJ5MhIceZUAVJcPhXBPCW0NTSq8pDQtn+aDks465SK6X7Pad6S8c8krOxDokDcqOrQjKcvS+EfaKyymixIlUVNUcgiEnLbDQMhHCYELJwiSqOwwrZEVBOaqS4jY+fYbrf4WD+H8Hf8Ay7vdyb57QwBwcwotqBJJlgFK2K5HXq3DQwBqNdNmKvp54jG2aqQyyGRnVO7qLpiGAHfII4QIGGrkqETzSe54TDqLirbyE0ekD87bUa6SnoDabDH0dbzdQkkqESS0VCRYaRE1JSU0kBjgAUT01PLFyZMqDhgEXLAhhB444YWtayDZDgl4vds58kHZ6dtfHE6ZvlPxbs+3ojbBbIMG67i0WmgMhvYZoMfS2120RDT2y2ERPsEmo5MMxmSueNYjHzBo0NSrxlcMEOwtze8gjxP6qTgxIG10O63u7RWRnW4dkiDAUXQbYxYzIRhsSK5nV4JnnFOXxzQKslupdkFPbpm106xNOwCxLYMzN2GN854Y2RUpSgFKUoBSlKAUpSgFKUoBXnQ8O/8AS4eQb88XJL+2pWr0Xq86Hh3/AKXDyDfni5Jf21K1RZef57Qiy8/z2hpw6T3+Iw3q/wDgfr5/6roJqPOnnNgSZOnOrDCQeK7mak9cZmtkGs8BXYeh64bYLpOt+L2wjBrzcfio90tENslaHJd/ozoyvgCeRTJZSAKCWFxAvMTpFcUyjN3DVubF8Lxs/pdkx0kYMwbMdxgznC/n04s0jZmGF5VxQmk1E5WX1fJMQktTWlDFPTzFySSnH1EzYImTMDB2FaMN5faOk2nbUdaGsNh0tjVnXxvOVtOFMOoq+3l9FiVopqwhriOpAFlFJWElRLGSCmmHyxc6QOlxypoAIcIQPGl9WV28sqL6VCjvjD1L3TmzlS2h5lN0IL+aQnyXCKVrrrhrQtuhJdMmJzEKHGKKZe8lCoOVyyEpiFmDj3NDU8SisKqO9cDERU5JbrfUl7hXR38sfnp9Inw7Nu3tyuS7lfHs27a2Ocrz5bDK+P8AttjlfHK2N727GV8cuxe/Yv2NT9ZQkFlbd8MPJ1v1PjW0w2C3W0K5GHk3pxOqmo7dTZQnKE5tLGHQrutPVIdEWEVaWUZbcT6dxg2pEzASYMg5M4ynrAq6mr7Zyb1/Por/APsyIyoy0j/KovDRjKKkjulafiQtov8A4cdc/wD1BxvUoti+OCJuUbiogjVuXlxxsfLGI9fZBjuRWsEAO4oylNpRkQJt92lEs9mCTWAA09cXm+uoZociIpN9dVyqeqoKxmnrqZUpyTSDuZzsxyweP3W3j13V1Tgt7y/Hzr2f2e3oiUtrontaNmMr2XBEuPWEuLys4n0sjrGKUsFciWOBsRRQSqNdFsjqyi6m/fXvgJvvEGsaCb4vmHA0jSnGJ5rlTMMzoEvABv8AilATrp5xqxw7iMgMNDbEgYBlUzFOOvYwcbx5NspA3GT1XBOzNNX2hCredjOqK8nScldNEdc9VHp8jdI745kcmkyXC8F8x8DNApgWxkGHXGchXcS7bTgsSoB10tNaJm0V7uAIoCHlgks1oSI7nAcvkOtPE4cNm1Evafxo8qWt/KFH78cUNEX5H0lQy4yzLnmApeQMGvLEPu0zkpgFyLkSATZ4oYTFI6guEmkKxQ124ppBV0xXT0NeS1NFJQ0S+cCXcmyGluLhN5hU2c8CmJQ2w0XWMqvxNdz3w7S5YhsRm6UlqGGjY3/F5OwygETWJW2RzBti42wDE/L4Y9BNm4knvfTkb3PaTUhifOQV9oK+S1pY7jIu5Pg+O2yaXDaSmPN2ot7t90SEs3VU+ywbRchygHgcZXHMgq7rVkBuvznV7fEh9P7k3h+NzQbSlKFFKUoBSlKAUpSgFKUoBSlKAVl04HvxmHSOP072d/53sPWous4vC3B01RZyFc+L1k+H5RjhmzHui1HVETtfkfuxoNmVGwWV52FMOOOF5wpCclPhBADWEkQZYbJtUTwsFROzzMY4nS1xQNCD7NPAix3kejxKR15/k2o4TTGQ3CfGSkBZeBdIODNlKXFQvgKOmo6itYEiamfBCEGJkhhzAeGeYeON8cuv8hzgvc8mvD05yGYsQFtDhH0gMbjFj6KUVtqulJ7JZS1VJfigBMBWR3s7HVM62kuM2lhITqRm8EQVj7cyN4pB1SjNAEuR5D5+5PNSNrYCneBoQdu4nHkYaKq1dmtdIHYzVcezzTe9xF3NJk1glzwhBzPRKFLHW7cu0kY5kV77bS8nrxpDBcyKtJ9bktFdpuaPkk40JAa2i+12m2o/HhMZ/Y+Qpe3WjUOCpFkF6k1VjOBuR7HkXH1dUcJ9JOqcepicoLARgckZJrSoeV7Ifi8jFHW5+Jb+vvVvqtpSj4dlZUXwqPqSlqW40geNXrMUxvdvRxF8dIB1zvV7upQCTEJvohDG1xjZwyJ2csxBRMwihEiWDHUFRRMFExNKm1A2WLC5WIXDm7n55ItXN984yc0I8V3Hk8HQ89WlmQk4REkfbia8lBHEDkdGQBe1HSo7SnC0GkoFlA1Y4SJFWqYbhI2adTqeZGPvoc/rrm6X97NJ9bXzo9yDbPcZsRAFtjNo0bTnWmQZcLzxKPfDrKxtEayqkxmwzFJtM4dvIig8EvJ8ETWCPIiyLiUEcSQ3ByVlsEczCO+H7EEFN3h55qITb7rdTEitDdch8fZWN4RihHWFRMaqauPRdIyibJMWMWSSHBOr6mTSDJVtthNNGS6cKETwL5Bv66WGbkK+JcEJ0dIB6QY+XLjgO826rawsNBNGMccjoDJybi6n3KFxcv4eBLIhHrExzDx/gZYkyF8uzcIOnSRQA0Wf+B6SUbDDB/tPlMidEbBoPudjtkl0umPD7iTgssrXyyJKp1pNkBRAvbIuZwDACM4Z43xxvyLZWHtqONHmAkXlFgHWKXdxNUd0IbacZ7cxNriklHhPMZyXHZJuo7RkxlRYKoJpx+J51BaKUFYukG8A8Ti5IOS+Mimh2ucWeIn2XtTzP8nOjk/vPT/YnTPj/wCONxrM3omO3TMBiSb532JMmUM+0cEyJBFdWWUVutFwM9pKxBXUbjEbIxF14mT5dYdCQjJ8aT6KlZMuvSqtyIkkWDKkoyZZLOUlmmqFePTiv5KuO384Oxv6uRDW3qJf5Koy/N8zP1cTaxC9OK/kq47fzg7G/q5ENbeol/kqjL83zM/VxNqlMT3HFOm70LcuHSFfma6GI27njLt8xflH8LbZR7q78mXgZ67ReKHe/j2x3n48+OnhV0d18FeDfFnxTD7+788YCfeurzS6dN3pp+Un55WhiNpH4teJ3yceCdso92i+U3wz41eN/fHiGx2Z4jeJfgpr9y8K+EvGbxsE7x7z8XznfVQPCdA05RTyhdITkCUYYliNmHNO00ROGHHs/o6d7OaMsoCY7tsjKiuRm5HCjpyM/EdPLONvGDqm1jqqSKALyMKOOGGqEch9MlAZYNHcsbdKq5q8b3tbLLV3UvLHG97WyyxxhTVXHLK1v9t8cb5Y2yva3YtfLG172ve3Ztv5m/xS/I9+hjsL+zVwVVbtzCG3vH5zJrfLVrnrBI252umzmvCDBG20SwXdKV57YrgZvieQbUgMWP1I+mjvsO6FHLGKp5JKMCWv2j2TV4dt4Hm2tD8O5Ct69yeS7VqTdFNHeKnkSjl97LoheL3rNG7kFA6sQ7FcdOI+TwfaqMuOhzK4zpUh2yEqImZBLCBzKAqYioi+NKqTJtlUKsqQ5/QqypDnmKtC0z5xDhnh0QRWtnjlhe/FnN+drZY3xvfARqP/ADwyta9rX7XPDLHPDL/Zlhljla97XteswadsnOk98eHGotTTrbKavwe8fkmQlG23wqCqWQ1fYWTVRfWTDkdgpApkKorsOxIZVkhiAEygiaRWXi5h0UVzpbpcqUPG+4jZjTxfgfgPmvR6JkZyyy8o345HlBbXSmU21dwOyTXulQ0cb5gZtNJGLKC0pLL1c9jZ9OQEwobO5mVMMgUAFzthhf7vEtrCXVOE7VfVLaSGFlEJuPWpSjiZoVlNoLLOXwCboU3OE4UJ1NVdJJLgQFY0XUszl8zJUgrlDY4KoWFAOWAM4xpJsjRR5KnMIeSNJKNukF/lbvCDVhoWsxU5o3ekYx47ocUmwsRK5WS11uMlRlYk8GeeYKkikjTSMNcJODBIgIAiEKRuklygIBcuR7gAECDgHYPHn1ZeuGhq7mcZu0s2cRE2xdPkr6YoqgvShoRuQUjF8uWK26yV8Y+6VGEZLk1Fb5lkM1Y7QRSPFE9fUkANNkNPdSYRxOI8hxsBWoWqXrLS1FKUoBSlKAUpSgFKUoBSlKAUpSgMunPf+MT6Of8A+IeY/WeAavw3L2vizR3WCZ9q5lUO8mDDTMPuc8UCHCAUXKs5ZBJrUZKFkNa4WbifDqPIzTQMBrWL+FlgpmazBKYDjB0wc2MHTVK2+HAq8Iuh+UZJaUPb2ju+W3QwY/djxbsWtO7ihEezokZbbqQopjIbtwUlVGstuY0mJtwkxQEsZ7QmZuHcluLpVrXv1DJjX7a2PRpNiU25UJ3mGuA8XyxsxHA2sjWaKeuuR65Gq4bYk8jhjK5OyrYkYvna5ksNcMLtGfYz7MOfIrrLLTM4XTe8+2BS9t1OSfkV1h2NmQsZBFDMRpG4iRIBTXuBE7A1/wBuIIcXRycByCRj+OCmgqLhPtlSzNCN4uYv6GlYiudDo+eqkU6bNJy8fmnc+PScDGx8RoiykR3IW2mxS6FF6kE6LPNQGYau/wCRipFKKZ"
20:09:00.066 [Test worker] DEBUG org.apache.http.wire - http-outgoing-0 >> "AJPfrqxQQB0S4gOIaqSsczxHvc3Rajo4ueIuX444v4Fl53v9ktZXZ+ucZRuny5sVIqA75rkQfNffpbwoYkeQV3CPzT4dUlhZrZlVSiOaIRRs8C6JYuSDfieEhoPxPCQ0IZcvHIrImwC/JfDNxgs2+wG5s1MxdjfYmQiBjEOG9OIlehERuSAryg9wgjKenPgZtKp1IASwM8jjTOqYN8cFGQbNxiLdffLRp02tLdSujs8emC1d3xYzORrX9rSQtHSdiiY8nQfXhzT2cQySIIPiSTnAtSZJKkQShzJrNOS1S6eMbN5giGROe8UO7TG40tSmVDZHhS55XFN7lKE3xtJMpXjpPq61M87LYOZ95uU+6l2VyLlXG6lq55QR2LgtlSJoq2wADh5OLr6svmTtiPJ7rnKPNJxYx5JevMTzZrTtFGMtom0OuERbYsopB00I0kQs6XqyLtCQWyfXFpOZRl+N0RacLCHV1wRCPiHI7XF06jJJw2dSyx9v100LrMixaWi7bLHWGiSdVLmNt26hPDVLZtpOgAuabLo17mhuuIsbxwzKmEJbjdypiuAZwF7IeRcZPNGAxsRLdpkHllbP8Ag3vWajhkW1lZ6KQ7Q1cUUYNE1g5GkRGFGy7fPJGLOHYQyXCtne3b3CKGThwkXxzvl3EAsGAHfEEILDDmWyvJvyHbb6dPvT+FuH3kBi3eGe43VINe7wlSKiTD1GiUy+0cRnyO/wBr7GrLmwRXSmJqSqK5xhi5kUu9jeRZQPmR8EoMqu2Et7Tkhx/8Dkk6gE1YovnIX4/dj0p0r6cGOCmL0gOSL5JfElLaSCawwNgo6vIDncqgkAm8MTYKaYKhmrd3wEpmZ8lZnXVURNFg7zmluimHoS/8wfa/9L4f9jEX1s+rGD0Jf+YPtf8ApfD/ALGIvrU7uzLciwTqNsZLkPx095al1jxE9FWKI3jlmL0gvB4SaIjmCDASExoNhNWFxXLiu04kCrXeCWeunoQSmqGAMipIfsAZ/uPY/ff3pBPJRvKY/wC+Il0LYTc4+dejo9++E+zv8MKpmXVxunA7dwHGTnGgSXa5kC9gBm1LaTfDI7bPAyHp4fZp4EWO8j0eJSOvP8m1HCaYyG4T4yUgLLwLpBwZspS4qF8BR01HUVrAkTUz4IQgxMkMOYDwzzDxxvSj0crTF7aX8XcVIswNZztCfp3dr62PnRDfKUqIr4TnnIioGQQk53pa8XKuBLcqfGzbYwDiSVwuXU01xeGCxwuCZsNjXJeQ+fuTzUja2Ap3gaEHbuJx5GGiqtXZrXSB2M1XHs803vcRdzSZNYJc8IQcz0ShSx1u3LtJGOZFe+20vJ68aQwXMirSe+kp8T3H5otNGeGusFms6btf5DnBe55NeHpzkMxYgLaHCPpAY3GLH0UorbVdKT2SylqqS/FACYCsjvZ2OqZ1tJcZtLCQnUjN4IgrH25kbxSDqlGaAJ3py9vBVg/md0JnbRVFWdj+ToeCnVFLg0mKIZQFkyHqioK76U7PqQpkUXO2kaAhG+uqz4MITmVQHSWWlFLRPDKWmISOIG5v8ZaK7Tc0fJJxoSA1tF9rtNtR+PCYz+x8hS9utGocFSLIL1JqrGcDcj2PIuPq6o4T6SdU49TE5QWAjA5IyTWlQ8r2Q/F5GKOvtPdqHdtdHuaJscukOauShuzrvKeq1tXJ/jaAyRB07BRKMnL6OtlHawI3OnSBp7ElKzTagxQsjmcbZC3e6YvHG3ifbqiqt4bbRlHS+7zeYSLwRmRnacIzS8qq8yIMxS3sRs1zKcXKLy9QCNxwx/Er7X39pKyGu7mzsiyNltoDRtqYJTaeOyjNU0hAY6wiOBHYg7UZRiOgD6qaMioZ5QL5vRuqmG0Gsh21Y+2vONtxx5s2NtCduNPNUdPtm2jtLNs+7uxhjr+9Fw4x1BLOEWLFceqKuqOJTGVCBNVSS6uUzUsBHAspKorp6AgNcdRW9eNM/cRJVH55gkfuCShBhSlKAUpSgFKUoBSlKAUpSgFKUoBSlKAUpSgFKUoBSlKAUpSgFKUoBSlKAUpSgFKUoBSlKAUpSgFKUoBSlKAUpSgFKUoBSlKAUpSgFKUoBSlKAUpSgFZQ+mR/ij27+l9DX6lS9WrysofTI/xR7d/S+hr9SpeoCf8A0b78SXoP+b5//tuk+rvapC6N9+JL0H/N8/8A9t0n1d7QClKUArAHz6f0prhX/wCHJ/1FJkrf5WAPn0/pTXCv/wAOT/qKTJQG/wApSlAKUpQClKUApSlAKUpQClKUApSlAKUpQClKUApSlAKUpQClKUApSlAKUpQClKUApSlAKUpQClKUApSlAKUpQClKUApSlAKUpQClKUApSlAKUpQClKUApSlAKUpQClKUApSlAKUpQClKUApSlAKUpQClKUApSlAKUpQClKUApSlAKUpQClKUApSlAKUpQClKUApSlAKUpQClKUApSlAKUpQCvOh4d/6XDyDfni5Jf21K1ei9XnPcPGOV+lxcgd+6Z27WZeSbLK1rB9gTG80LNrB59nC97YY3yxzxuHfAS+QeFss8sbiYiRZef57Qi/KdoejDSlKpRSlKAUpSgFKUoBSlKAUpSgFKUoBSlKAUpSgFKUoBSlKAUpSgFKUoBSlKAwidOK/kq47fzg7G/q5ENbeol/kqjL83zM/VxNrEH04u1/ks47Mu2ytaz/2PtfC1se1yvk3YfvbK9743z7bC2N7Y2xzxxvbPLt8cr2wvht7iO18YojG18r53tHrLtfPLtbZZXs20218srYY442vl/tv2uOOPZv8AgxtbsWsB2FSlKAUpSgFKUoBSlKAUpSgFKUoBSlKAUpSgFKUoBSlKAUpSgFKUoBSlKAVEHkI/mD7wfog7K/sYetS+qH/IVa+Wgm8WNsssL5af7L2tnjbG+WF7wu9bWyxtnjnhfLG/4bWzwyx7Nrdtjlbs2uBmB6Ev/MH2v/S+H/YxF9bPqxgdCXtf5hO2F+2ve19vRbWw/g9rje0Mxje+Vr2xtl2cu2tbLs5XxtbDHtccb3zvls/oBSlKAUpSgFKUoBSlKAUpSgFKUoBSlKAUpSgFKUoBSlKAUpSgFKUoBSlKAUpSgFKUoBSlKAUpSgFKUoBSlKAUpSgFKUoBSlKAUpSgFKUoBSlKAUpSgFKUoBSlKAUpSgFZQ+mR/ij27+l9DX6lS9WrysoPTJMb34kG1e2eWNsdwIbyyxxthewlvEeYMe0z7bHK9sbXysJa4d8M+3wxtfK+F88MwLAejffiS9B/zfP/APbdJ9Xe1SB0bvG+PCVoRa+eWd7sCQsu2ytha9rZTjKOWOFu0xwt2odr2Dwve1874Y43Eyzz7bPK7+gFKUoBWAPn0/pTXCv/AMOT/qKTJW/ysAfPp/SmuFf/AIcn/UUmSgN/lKUoBSlKAUpSgFKUoBSlKAUpSgFKUoBSlKAUpSgFKUoBWX0bki5etiOVXfPQDStF43m2ztOScfLpR0bRMnZ065XChvVrM9QyAMqkTywGlnVUstuA7bG4TSb5PBKCKh3uYN4DDD6gqw6QjMu4UNdI55o1TT3StK3Ucqy24PIPBrKuzjG1kDZSEAx4yMEV8JefLOeJRz5nz/ZTskgiWJmSmNu/BBxAv4uovynZF+U7NBsLFOfPCV2DnsS4OIEzB2LkT7yiBCzP3PIyuKz+3v4VwYJt8vhQaBdyXC7Hg8RxEjKXjn2e+Qssa+5yC8o7k1Lk1pawa66YbG7t7fSSxgX+y45jJrm29E6A1jq2stko55XnRXImWsykUNbQzwBq4RRUuStgVsvmm0XV0o8a7u022D37mVzvJL3C47UPSttIyCRPs90pW5Ma7NiPVdHULlzyAKgsZgM422MCCf2FHFXPGThY3lfvMMAMX+MqwSrmZ8lzM+Slrgl5GZ35PNQJCn/YlixfHL+aWzcowsC1omJOUo3iKAyG+wFUjipDOh5Pc0quME66lMmprCcpJ6MohlCYxBEIW7rce1KcJojnXOHpMniXnEWacZRGynC/3u4DXYyxT2+2k4dSPXLF7ZYin1IzgBYmkpZa2Z1WVDBNMIhDHDYAWecfolX4uzYX/wAQ/ZT9WIhrnfI2tneULkNhbh1YZoU7rhBI7L265RVtPEyyTFJqt9SIOCCdU1UbG4YIhuTV/wACO12I1xcT1m0ZQHKjmO+GeukqZ41XwNkf/NVgcx4G+XbY/lVX95/l8h2OoUSdf3/FZOJ2i1UN5pT5JsiVikkr6URlo66Xs5yK08U5vNtr4GzzcQWMQzUDCwNm3iuBgqRTew+RTevkAY+/+pvHxx2N3TpQkycYOmGdJAcm4STNag0Wq12Eolk9uCEDkKu1FWU2ywbTHOmCWNN1yWPqgqKHgMili54czFzgrBBL8mfSLi5cIMAuBu3GgIAAIeIQIIIWc84BBBBYWxwDDDwxxwwDwxtjhja2ONrWta1c02o0Q5SJN5qh9xdXHxBMBxKV0PStW0LYSU28XmtdZmYso5Si6c2JA5V0NW6k+1JYURkUmrvRRBZQDQycwo+ZhezbRawf5ymq/f7Y7pcHzFYyO5MuRE5xoiRFZkHMWgBpcnbRgyPlI+S8gXICuQ1OKoYbGDICbGLpwOF0wmIvDrwyAICZLJ5ZRCNzbnCaI51zh6TJ4l5xFmnGURspwv8Ae7gNdjLFPb7aTh1I9csXtliKfUjOAFiaSllrZnVZUME0wiEMcNgBZ0S6a77bzQZyenuJHkrccVzU7ZLhg/PmpW1kTsa0XZSi20PJdzcjRf8AHJM8db6GvEyLPfB0HFEuXERhGcZBNiudOdSEsp/HORtbO8oXIbC3DqwzQp3XCCR2Xt1yiraeJlkmKTVb6kQcEE6pqo2NwwRDcmr/AIEdrsRri4nrNoygOVHMd8M9dJU1a3qDqm7P7hUatVPh1Sz6a+zmPA3y7bH8qq/vP8vkOx1CiTr+/wCKycTtFqobzSnyTZErFJJX0ojLR10vZzkVp4pzebbXwNnm4gsYhmoGFgbNvFcDBUim6H6zAcFYIJfkz6RcXLhBgFwN240BAABDxCBBBCznnAIIILC2OAYYeGOOGAeGNscMbWxxta1rWrT/AEApSlAKUpQClKUApSlAKUpQClKUApSlAKUpQClKUApSlAKUpQClKUApSlAKUpQClKUApSlAKUpQClKUApSlAKUpQHAJWkpsQzF8iy89rrFmbFrGdchuvJvIKs6F3FtsxDPOJbyR22glDy0uqWKanGciaUlkzJ48PbAuWBzFExxrLK5OkLbhO/cLj6YMacezlgDTXdHZtpwk3Jt3ESFtElyWm0oOFqpzoccWxQ3Xe3BWAWIJDrS1JvO50iyQ2XBgeLiFitxADpELWzWXTnv/ABifRz//ABDzH6zwDQGg/aXZGM9P9dZj2dmJQMJ0bQmw1x9ufIiGCMqqAKUX7Ce30IuYHKlzbjdCuKnttuEhzRUE6uqqeUFMlwxshsM/yPvx0gx+azFOQePNHdFz2uS40y0zNDTcZ27Dru9ruhE4WsuJhxEdKCXtFJt9OBoilnMgtksxTDiPkDAZIq0DbsHJtE3yLpazlVkHhbmRMTRRgyryl2AW0u2CyzxxFSS8jpjtDCMdr+DIG6y1kjPtc/4FxsAv9uVsbV+K4Gr0hJC1UKbUw7PmpEZmGPEyc+2DxpZ65+OKSXjFrNUsrN6L3RsacdBR4q8yXZ5AskLRRsJLUZJx8ZGExDciChCFVMoHtnSXTss9S3aQN/2xFnHiocgsiQnOzKT0qIEmRlTXd1R6vt6fkt4Lg5BBTYjVGQrJxRTTnSO+FMk1slM0SDRMCo2Ls74ybPYP3p5WN+OkGN7U45yKrGnvHcW1zTo2H2DVdTxHzsQV3ISYJLImTxNGz76M2wiMN7EGTgK5D6Fdn4rBckFmTu1ru7ERmB25cU+/aJyZaLQrt2mNkNkLb5JLiFIDHANinyrTkZkLyg1ncmpp0bHEY0hHj6bZwNoUxfM7ZtrKTgpZWUsDmGFVnLxyKyJsAvyXwzcYLNvsBubNTMXY32JkIgYxDhvTiJXoREbkgK8oPcIIynpz4GbSqdSAEsDPI40zqmDfHBRkGzcYi2mzK1V4favwxGVZK1V+YQTeBMyWubXWeL+JdqcstkNxrUeyOzm+PGsT5GiSc9HPLbiVT7WwiAVUsEeTCKg3nciOci7HEWAVCSegtFxuJJIrlixJNUIDSlyL8+mrGtxHf3ZTSXRld1hS05Efcs63xK85zS9yIaitbEJZjrzscDqOLMUqKs1CJwMy8k5Bb54y3w75GlUgnp6c5DjehRy0adNrS3Uro7PHpgtXd8WMzka1/a0kLR0nYomPJ0H14c09nEMkiCD4kk5wLUmSSpEEocyazTktUunjGzeYIhkTXNtu3UJ4apbNtJ0AFzTZdGvc0N1xFjeOGZUwhLcbuVMVwDOAvZDyLjJ5owGNiJbtMg8srZ/wb3qTejX0WU6NP2HdFhadFlOkXsrn7+u89RvtHBUS7FxArCrcZzSwW1IrLPmgMSihdEcyaAogElcjiKP4NXUrMYRLXUrMYUVLWCZ5PGzyFLZ3ruWs8XRXFtZWeEHU0NXFFGDRF/YVERhRsu3zyRi2w8nmi4Vs727e4RQycOEi+Od8u4gFgwA74ghBYYaHapfz99FbfIjyPoWg6ZF6Ek65bG7WzpPR10o8IwlrxHau6VB0q7QAQh1sV1u8IoYQ2E3k0NxpQ59VNhK6qGQzOqZFuqSekKxgjDDhV5QtuOQuUOQuOdt4Di/XF1afStG8dJUZMQ+tONztk46AJLs6W9I74MvBwNh6LqEdZZAqXWGagM5KyyFULCJpi+YGRa/OsunA9+Mw6Rx+nezv/O9h6A0+KqqmISWpLa0okUhGRyBxVVlZTNAEU1LTE8uIbPqKgdM5hFiZEkVBFMmzRgQMAuAEIMLngHhllbNXxSc5UuclvJjtdroTi+P2fqBH8NLMv61PLJsvlKmiR2mmyaxY5Qn261JaeplsCNV/gKzid7eS02O24pEEk43ShhVU8iJxQWey+bGYn/sK8oD4VdZnIcRJp3yzMLGyz4QsrCH4E0PbB0S0vO89fK3e5VSlIBOVY9apY/l3k4gSznao+RM+40E1nGDRaMmPC3Sbd14fjNAJtWO4t4rNb4+YzbIY3xJoTTaGGtSCgJQHbXvnngSSyBYDuouWYw2WFxRs8xc888mfYzt80j4sY5dN69sNUnLohBekbb14cexO7myB2HUG+zaXJKrGaC1URpGFdxuU8HFTrazrJXRlJSbJg8ol7ODEujeEwgm6dOmCoxXmmrYXO38tzRy3WO8Sl9b8QHHd+Batpe4uM3DmbtlXxaIbRHllXyYZUDF5ZIIzjGWSxsTNshK5ZMBwVTBI2WixyraU8h+yXIjxlT3pxlCrZaWpqRsmZXJSmsxm423HTwnJnEGVm6bxIkLKC55DV2+goJRRZKeRUS6Nk+BEXF0mSjWDXRM+q0bdzkf45eRjU3TnkZlmH9vNdt/VNeYsC7NR5DpOBH6wZqRRUcoVYzxj5AXVxsmEFXWHS0EIrfvw8pGsXUTXyTjv4tuFtGQWy7v/AJHPBMffPejedp7YQ7ofx26vM2Q5kkVgKUrPzZHZsnJyPqHC7OIm1UiVR1xYjooVXHg+FMZJEGGb7fcBVRRwFRrdomrWK+fHbPV2pnJduW3ORnDi15MIg13bM6P6ED2wMATZqOuSGaheT2gkHFssst0605VGUXw2HGngtV3GBDJ9X7lcdrni1kvvBSb62rXSTOpysjRJJKtBbZaz0mZNZLkOxa0nutGW4z3I/CyUZFa6I514mGKaSENSV8SpVSUC4eQpUqIILh2L49tbJTx8PyS3BztqTs5kW26oZ5MXLr2vMLSCKWu22thp6TgRPGcrhc1ock5DkaQnDIMlKCaE/lVRydwiPillVB9pBzuyzZuILfccvKn+I4hXxqrom0N7PrFNkVKUoBSlKAUpSgFKUoBSlKAV50PDv/S4eQb88XJL+2pWr0Xq86Hh3/pcPIN+eLkl/bUrVFl5/ntCLLz/AD2htI5adupJ0N47tm9t4hRGO45HhdrNdba6JJCavLDIPm1uRWc0TQa+mthys9eNFw01wnRy+Cc5EoTA8EVFEFFL4Clh64tcpf6Rzstr1A+xzQUuExDaewEMxfNjXRHIwt7A3Ejt2VWQhvtFS14NMlFSTQ"
20:09:00.067 [Test worker] DEBUG org.apache.http.wire - http-outgoing-0 >> "1pPTV4sUVME9RPkcDwI+JQ6aL2DHE726SD+JL34/N8wP23RhUKuO3cvmFa/H7ou2Yy4VmpKkbN3TrWRCj6TzPJxBjBMSOx0iFGSntN+jsVXh1TVWWM8EEuQcIrSU1JQUG5mo5I508bMkxTAlKWfrUy8iusvHbu7sVuL8ytzbGwHCWxE2REQ1ob05lYTPo0VwaffLQS5HSpSeFn0oqZx9IK0C5A2w5UEqZaQyWWTDyasd9n8e0OKza6RN4+PnV/bCWUZlt6RZrYh50OpFjtOXEllJ6gWdjjQQwW+nOVxu1cKk7k0gsJmGouNVGuZzHzxMYhZBghcK5El18Onhn3ocsmsIGK5JcfGPs2uyDF5Z2J7+Lxw+FfVZ7KDrYRd9JBFMSnqCz14wfbwTsS01PT3HgnYrBIiULHAi4fS/R4MscuFrQC+OVsrWiFXxvfG9r2tlhJL4wzx7Nuz+HHLG+OVv8Abjla9r9i9r2q6Lu6fL/BdFunz+H0OQHkhnHVPki4ptPY8asUrMZ7zvOUm7LS480N3qL6bpJkZMeyULHSmhvpuoCSaMeMp/whm5Ww7gRe5FO9gCncxu7uQHkhnHVPki4ptPY8asUrMZ7zvOUm7LS480N3qL6bpJkZMeyULHSmhvpuoCSaMeMp/wAIZuVsO4EXuRTvYAp3Mbu9f3Mzhnnzo9HYthjlne0obDZ3tjjfK9sA/kozzyva1r37XDDHLPPL/Zjjjlle9rWveo2dJb2JK6l8mnCHsaZZDmksSJVjZdzpcdM0C5h0vxxWEiBOa7ORA8QjAljzlcZ9KRwxQCh8yXxOZGCqapGAgiBiELl+XzlWceihGHdeNVY8Q9iuRna5zpjX1r18UQlJTRwU3NVxKrsnSgTQV5sKqZH6YCXUSBIfNytkNSUSyqp5rJJssx7KqLa1CQU0gxJH2OxihGapOeTYThpSNQ0gudtRZg8DAdzCqQYqU9HQ8XVZvJQglkskorq+OfW7E8lsUgh2UMUJNx88LTwezQ5m9rCnLrGozF5WNnYrZMsazuNyrJFVYaXr6sNwdWccCQWUwzNEG4vMYgn+AFa6asL6iqEI6f7fFUi59uO5Sf8AtYoP3zH4lD0KUpQClKUApSlAKUpQClKUApSlAVt8iPI+haDpkXoSTrlsbtbOk9HXSjwjCWvEdq7pUHSrtABCHWxXW7wihhDYTeTQ3GlDn1U2ErqoZDM6pkW6pJ6QrGCMMOFXlC245C5Q5C4523gOL9cXVp9K0bx0lRkxD6043O2TjoAkuzpb0jvgy8HA2HouoR1lkCpdYZqAzkrLIVQsImmL5gZFr86y6cD34zDpHH6d7O/872HoCdnLpvXthqk5dEIL0jbevDj2J3c2QOw6g32bS5JVYzQWqiNIwruNyng4qdbWdZK6MpKTZMHlEvZwYl0bwmEE3Tp0wVGK801bC52/luaOW6x3iUvrfiA47vwLVtL3Fxm4czdsq+LRDaI8sq+TDKgYvLJBGcYyyWNiZtkJXLJgOCqYJGy0WOVbSnkP2S5EeMqe9OMoVbLS1NSNkzK5KU1mM3G246eE5M4gys3TeJEhZQXPIau30FBKKLJTyKiXRsnwIi4ukyUawa6Jn1Wjbucj/HLyMam6c8jMsw/t5rtv6przFgXZqPIdJwI/WDNSKKjlCrGeMfIC6uNkwgq6w6WghFb9+HlI1i6ia+Scd/FtwtoyC2Xd/wDI54LHOQ/k1tpCvRpD8aaobI7k7QTijOJYiCGoPZKndvnyLXPJiauLcgSybTTzaYTZRjawmYrqkCQcykgF1FNUltFT0ZRKKgke+Dfks2b5JGNuAsbTxNFcLP7XDapza/gsKL8l49ghBthDSjKukuxxqz1eSY7XKjOAwpJJlyNWyC21QEoGZTkcMITEYS86st/Rmv8A5a8zf/i2bE//AESFTPvOx1t6d18Q2clfvNylbHom8zE4ueNWE4smzcRYjq8yTC/p9XXUj6962xkLcHFMU5CKsPMu9V5TU8D6KcFJoqgQEIgOhkk04ByKjs7zReJa/wDKVuVDnIJHfG1yuQnALBkfYpqLLo1X2U1QWpBMa/y0pN0ucOLEfnkGVjCg8Wu6gCxA2V7dRWcDGLgzQUjFBGT3k2HAejZxLghOjpAPSDHy5ccB3m3VbWFhoJoxjjkdAZOTcXU+5QuLl/DwJZEI9YmOYeP8DLEmQvl2bhB06SKAGiz/AMD0ko2GGD/afKZE6I2DQfc7HbJLpdMeH3EnBZZWvlkSVTrSbICiBe2RczgGAEZwzxvjjc8Eq3LbPKcCPBFs81mqbaImt1kVy9OK/kq47fzg7G/q5ENbeol/kqjL83zM/VxNrEL04r+Srjt/ODsb+rkQ1t6iX+SqMvzfMz9XE2hTM/r9yL82O822nJNCmpaVxaM2O9D9r3vr+SPbFMXbMR6OhBIPuSm60FQ0cjSXTyGfV7I8f5CuQ2EjtkkMpG8REtHLlc7ly3LZq5Z+TTi6eUSrHLfrHqk5tTpakJGi83thoc8JVsiRC5l4MybTh5BjKbbKDuPEvBqcqqhvFNNpxayakKuSKrOBcLkG2r1lcXnIAkaVci/PwkKepO92zAkhckMini5zTfWdd2ATmp4vy3sEWyJPo0jLKXZtKCxkrYCt8qPgNkqgEFQQLLCxLO2Ul+SNQ3q5+2fFWkMF8eW1WmusRmZmXJGwmz29zMRYKcqQ2GhiplsUeP4dMr6+5HIdGyWRlUkKUMGTp5UTEhLUk9toRtacBBmn++vIaUUs6I/uMKeS2zka5HZp1F3s4hdZIubUUOGOuQCYZaYMurr1RnYrOxvoDFHg7BDPRgpt18tpDSlE4FJq5moGXMgPMkY71SMiZMniAcsfumrKhzbJpJB5aujKo5HG4CckbI7CpJHAQTLPIMqSH1GJEwshRL3yEE7mGGHbLO98xM/w37OWVar6uibur8fpYf8AKSf/AK/pF9fy3alKHELyQzjv7IfJK0pjasUtpN073OfOusZDxmhu9GOrrJbK460wgqPsR0vp5AKbpGAQimZs63yzYSRBhDOQKGXwzCDBinCHKZyZcozhlp4cTcB6dMrUiJZMcESJ2y+97ql5THmx0NksnHVY/HEUwSIlr6Gh4ElpFPkzTnWRSppMVCogqkTcQKy0UXqro0eGdpp51M745Wwy5TJdwxzvjftMs8HXIV88ccux2L5YWEwvlja/Zxtnhe9rWyt2f00Pif5OeK5+S68OF+e4PkHWaU3+syyu8fu3iKrk2+3XStBFi6kBEcqNcwTPlzOSeSIIqJZZW2ATCRUlBLPdTfZ1CKqY889R9y27aaSLw+Iq6b0em6pMnFrbubyosjbZpamciWjbOVW1JiGqKrE3d0JIy++tYUJUSgDA/ixMqO/k5Vd0UDKeQOBIkuOdcJlvCxxPAJpiugCLDrQLu6zy62c7iuDstGWj/JvpZLPHRtFL6iC24kVHItJMl66TK6szhZKLJDDl5CCJkM1JdWTyclIxQgG7G6CsqRFuqD5DWjyQXVdDVB8f7HEFKUoBSlKAUpSgFKUoBSlKAVwCVpKbEMxfIsvPa6xZmxaxnXIbrybyCrOhdxbbMQzziW8kdtoJQ8tLqlimpxnImlJZMyePD2wLlgcxRMca5/SgMkzk6QtuE79wuPpgxpx7OWANNd0dm2nCTcm3cRIW0SXJabSg4WqnOhxxbFDdd7cFYBYgkOtLUm87nSLJDZcGB4uIWK3EAOkQtLu0uyMZ6f66zHs7MSgYTo2hNhrj7c+REMEZVUAUov2E9voRcwOVLm3G6FcVPbbcJDmioJ1dVU8oKZLhjZDYZ8Oe/wDGJ9HP/wDEPMfrPANcw6Ws5VZB4W5kTE0UYMq8pdgFtLtgss8cRUkvI6Y7QwjHa/gyBustZIz7XP8AgXGwC/25WxtQHHUffjpBj81mKcg8eaO6LntclxplpmaGm4zt2HXd7XdCJwtZcTDiI6UEvaKTb6cDRFLOZBbJZimHEfIGAyRVoG3YOTaJu16ZuSuMdeON1Q5H5xjSW4jbCVFTefCpBUlNJRYs3Jb7dJxPbaHDas1XOVTDaa7jr7VCTWsfNlQ0fEmJk77DZtjC5+9VLgavSEkLVQptTDs+akRmYY8TJz7YPGlnrn44pJeMWs1Sys3ovdGxpx0FHirzJdnkCyQtFGwktRknHxkYTENyIKEIVUylYvMZv4kcoPAPoFsWXbviInz5yGQdF0+scsfFNkGsrtVCn5LfCWWPi44GDTcOORqozkbQo+ff+CEqofhETFSBOYYsppk+hq0XfWCaboiI12iuxYooci/SAm7qdhyQr2j+h42sATLBm9U1QTX3PIW6qPAWadi5BnSeeZrusSWWiTMvk7FBIwZeTkT0W17mmXgvgHmyUsHmLm11Zi7igbvLCmk112xlITVQ8owjMMyTS3m65bX1ZQatocNnrYqSakrbXeCI6Et8LBfBYJIyWznQuJJZxYkyJFSt7U26hrDeUGmopZIy21VFNt0+iZFwsU4whniIiaaS8iuGOIOJIUgLmUuXxwxCsBl3PHG2PYtXl068nDbw4reGmGXSbzVYhO9IHyaposfuGMlmmyGYYNgsRgu1xBELD2kqRBs8MrdzyuoKHY7GAna4tKvHRNP3gPBN3jokWlz0anJS5F+fTVjW4jv7sppLoyu6wpaciPuWdb4lec5pe5ENRWtiEsx152OB1HFmKVFWahE4GZeScgt88Zb4d8jSqQT09OchxvW4bAT1G+0fElsNsXECsKtxnNOgc4yKzD5oDEooXRHNAzuUQCSuRxFH8GrqXmMIlrqVmMIKlrBM8njZ5Cls71J/bduoTw1S2baToALmmy6Ne5obriLG8cMyphCW43cqYrgGcBeyHkXGTzRgMbES3aZB5ZWz/g3vWajhkW1lZ6KQ7Q1cUUYNE1g5GkRGFGy7fPJGLOHYQyXCtne3b3CKGThwkXxzvl3EAsGAHfEEILDBv7+Id/6g1XRJpOiNtuqytE6c6Ev/ADB9r/0vh/2MRfWhfdzywPjozfJv+TY+TvxXH+UH57nzoPHTx08LGu9vE35CP+4/FfwH3n3fw3/3t4W767n/ANj7lWejoS/8wfa/9L4f9jEX1s+oDKi5uQrne1+5DePvR/Y9A4jXgc3PfysOtE9Y29uQ4HsxIQjQdNXJce6gJJz+ZiMiHc2QE7hmCbzIOogcXWsrWV0zAmQ7mest5Gd6dwIam7W7TnQjV1LmzY/ZIJxrgkrzWUkFF1NgVlNgqpmzK/K7xZCfY4oKimGhLwhBppK+krty6WFYmArK6+2UNXre49j99/ekE8lG8pj/AL4iXQthNzj516Oj374T7O/wwqmZdXG6cDt3AcZOcaBJdrmQL2AGbUtpN8Mjts8DIenh9mngRY7yPR4lI68/ybUcJpjIbhPjJSAsvAukHBmylLioXwFHTUdRWsCRNTPghCDEyQw5gPDPMPHG5frf8zdB+fv19oUOQhyWb5QjyKwlxx8ocRatFnNtcxHq8tbNhdMlmUwowV1mPkpXXXFH71ZUzGVR4JaxglIhzsLZZVCIAqZ1skCyeql3AbUW92fyKcnGwEO7f658auhUKRvMm7GxTGWZeGXJ2cjgbUCwnDqIacpHJ8yBdnY2dzg8IHGY7Aw0dBPJigXwSCoZIJdVl9GRjFPOv8hzgvc8mvD05yGYsQFtDhH0gMbjFj6KUVtqulJ7JZS1VJfigBMBWR3s7HVM62kuM2lhITqRm8EQVj7cyN4pB1SjNAE705e3gqwfzO6EztoqirOx/J0PBTqilwaTFEMoCyZD1RUFd9Kdn1IUyKLnbSNAQjfXVZ8GEJzKoDpLLSilonhlLTEJHEDcxvia0smmiIzyeYRGhRFisWhGKapoiT3msqmrya8hGo27+rmnHK5DOqGTa3eVllma67N6TLUsgsAlKSPkmAhRtIrDmkwrO4qpLSgvttLJrKepFU8M04UcckAtlMXOK0tE1YvpilvYjZrmU4uUXl6gEbjhj+JX2vv7SVkNd3NnZFkbLbQGjbUwSm08dlGappCAx1hEcCOxB2oyjEdAH1U0ZFQzygXzejdVMNoNMzbzq9kf776tN3ddEUpSgFKUoBSlKAUpSgFKUoBSlKAUpSgFKUoBSlKAUpSgFKUoBSlKAUpSgFKUoBSlKAUpSgFKUoBSlKAUpSgFKUoBSlKAUpSgFKUoBSlKAUpSgFKUoBWUPpkf4o9u/pfQ1+pUvVq8rKH0yP8AFHt39L6Gv1Kl6gJ/9G+/El6D/m+f/wC26T6u9qkLo334kvQf83z/AP23SfV3tAKUpQCsAfPp/SmuFf8A4cn/AFFJkrf5WAPn0/pTXCv/AMOT/qKTJQG/ylKUApSlAKUpQClKUApSlAKUpQClKUApSlAKUpQClKUArMrx3wLObJ6QnzNTS84Xlhow5KLFhEnGUsueOnggRnIptJbkeAKpViPxVRyjWdxhMHJHQVABvqqgKTFKGgzOIeZcW2GmqlFjxwrhY8cK4pSlAZxejCQdNUA6Hzoz53h+UYUdqvvbsC70lry3H7sjhxKjTWm7FgCO6E5EeKQjKZ1uqwyefBTVssVFTT4pE4GVMi5lhrYSjmfo/wBxSbATNJuwMpa5OZYlqYnKO7pHdKNsds6y8XI4DGNsMzwqGy5jb7eI4449mwBNMSiRItbMSxcsFYTPtrl6UBj94QuIWNNe+TXkzmN1avzbF6TrvsmQSdB3zICrsIgtNYjJ3tua2Y81JpKLvcILc2BShG2qpRLJ0unKRRUUVRT1IgqEFI6AcGsd2H2n5LtG9+n083zr9Ou8/GJLbCb2EXIun0Ns+RJ+1ilVLLJxdwJzrYyAE3pBkVpuY8CsqVl0woqZNISFRDLkR8llDVk1bvlpQGX3WaKdo+RfmlYXKjKmrMy6aat6g65uiEtc2Zsu3yjC2Al1+yAXfKU6Hg4YrDUFNUYzfIoUlOgteyyeyCFsls+6PkpnVN14Nqdcz9H+4pNgJmk3YGUtcnMsS1MTlHd0julG2O2dZeLkcBjG2GZ4VDZcxt9vEcccezYAmmJRIkWtmJYuWCsJn21y9KZl2GZdjH7whcQsaa98mvJnMbq1fm2L0nXfZMgk6DvmQFXYRBaaxGTvbc1sx5qTSUXe4QW5sClCNtVSiWTpdOUiiooqinqRBUIKR0A4NsCpSgFKUoBSlKAUpSgFKUoBSlKAUpSgFKUoBSlKAUpSgFKUoBSlKAUpSgFKUoBSlKAUpSgFKUoBSlKAUpSgFKUoBSlKAVnF5sYOmqVt8OBV4RdD8oyS0oe3tHd8tuhgx+7Hi3Ytad3FCI9nRIy23UhRTGQ3bgpKqNZbcxpMTbhJigJYz2hMzcPR1SgKzOYXRVR5HuO3YvVBtKCWkSC80BFckWKy0JkXSiklx45kd8tImpncAjGaalOU8hZNBZVMCxoRMR3CoHgipkQvgDnUokcsfIu39NimtCnw4ciJ/kXSYnDhQJyk4eTVDTxQkwk2cWcWmAzseA6M2rg0DBwPB5nEYMMUnkdyzbIDwukZXewWp6lMzN2iM6+m8wMvUX667ecK3R11yJYLjp9zfvkE1F48UakDspyy4uNyZ9hX4CSPK7cQ2ajr51aLwI0F8JSMrIZA83lhaYAh7LLJGWAQqivxQ7tMbjS1KZUNkeFLnlcU3uUoTfG0kyleOk+rrUzzstg5n3m5T7qXZXIuVcbqWrnlBHYuC2VImirbAAOHk4uvqy+ZO7LaUGaU86dmePk91zlHmk4sY8kvXmJ5s1p2ijGW0TaHXCItsWUUg6aEaSIWdL1ZF2hILZPri0nMoy/G6ItOFhDq64IhHxDkdri6dRkk4bOpcctleTfkO2306fen8LcPvIDFu8M9xuqQa93hKkVEmHqNEpl9o4jPkd/tfY1Zc2CK6UxNSVRXOMMXMil3sbyLKB8yPglBlV3VTSg8ZuQd41tOSHH/AKKa0agE1YovnIXjsBKdK+nBjgpi9IDkV1V8SUtpIJrDA2Cjq8gOdyqCQCbwxNgppgqGat3fASpxUpQCs4vC3B01RZyFc+L1k+H5RjhmzHui1HVETtfkfuxoNmVGwWV52FMOOOF5wpCclPhBADWEkQZYbJtUTwsFROzzMY4nS1xdHVKAqk2r4SeNXdaclbZHY6BV56TQuNxBaSo80ad9hI6FNN5tFsCaMmXR41lNooAQJUAMO2eYKU"
20:09:00.068 [Test worker] DEBUG org.apache.http.wire - http-outgoing-0 >> "GKbFDwHOCDj42Eqh3VHg6gOMOkEzkZKamTq3NQoL1/hCaNZJJWXZs7lGfzlWq7IWceQadNC48Ri8nqaSohuQ2oRk5Xi7G/gCRPl1Bq5E0q4JXZ7SgKUt/Zv5MtSduYO2DhaKH5uFx0nWMqsvZPWOBWAxXNsow3/kZUxkWYo8KGyyU95CSxixhCJ5MhIceZUAVJcPhXBPCW0NTSq8pDQtn+aDks465SK6X7Pad6S8c8krOxDokDcqOrQjKcvS+EfaKyymixIlUVNUcgiEnLbDQMhHCYELJwiSqOwwrZEVBOaqS4tXVKDx37n+UKLd19m+TvS7ednyy19eJM3b4w3tF2TdekVavRo1njs1B0wlzBa9nintnAZMeklt9TLp2AhMkXVw0UABxOcBUzSVBvNHxhgwktbaXlr5hdG9xzGl+yOlmnPHi3JRWQnTt+xwIam6Z5KkJKyTi7bb0UDqisvEmyTUSLcO4KxwQdLuhEXXc8oJq0soaGNq5pTM2enhh8z4ltJXvBhSlKAUpSgFKUoBSlKAUpSgFedDw7/wBLh5Bvzxckv7alavRerzoeHf8ApcPIN+eLkl/bUrVFl5/ntCLLz/PaGtnn5jKSZk4gd2YziGPnxKsjutjMgo14/jdprz5e7kNlJhjpTNFUBqNggqLywYLJpE6oGAU4gZEBIkzRsTHEuXFEwlNxktN1MLjb4+WK+my4GW9mXpBqg03iznYjKLcdTTdTcgZgo7hbLmbywWJq6C4EJXJnEtZRlQmVUUtRKmSJ4sAZAFCxm/SqU6qnaJECfoQmSCXWOOWa81RVIcSOQyVwxEMl0CR2isM5YHLh55YYZjhJyyZEBwzzwxyExxxyyxte97ZeONXZrdTh31wR+PHc/jP3vnknr6434lQpsfojC1toY4lCMXG9XA9EgwuAIDiR1pmKZM44TxNHIqpPFUs37JRJyI7dVk03dQ1uUoDLFFUWbfcqPMDrHyDzDqPMOlelug8dyCThFnbNkUloz9M8uyQlqySdXlaL09SVFJhoqSGooCsIGpmjBTAZjJZcisrhhyrBBq895bYBmuT+ZTgbk1hwpKUhxhD0mTaqSzITRjh2O1hxYXPGIuMISjIjsRkZQbzIBODpZodJOOU+mYGBU4wKTEzzKCZB6YKUCViUac6fGu7t39fWrNesp00yuQDSxwWnHUqQW+ICQcqiut0cmurUU+ERMbg5gPW6KQNNnBQ/7ATfiQ3bHhyrdUnQGemhxm7VS7uFqDGksbCa7y/q9PxcrdozPE8xRRIESHykgt4sUDV3KykaQ0NEU1aO3gGYLONrqRG6oVTQ1Ey0j6qZcDaWrBz7pQrwa/LfQpSlCClKUApSlAKUpQClKUApSlAKzi8LcHTVFnIVz4vWT4flGOGbMe6LUdURO1+R+7Gg2ZUbBZXnYUw444XnCkJyU+EEANYSRBlhsm1RPCwVE7PMxjidLXF0dUoClLf2b+TLUnbmDtg4Wih+bhcdJ1jKrL2T1jgVgMVzbKMN/wCRlTGRZijwobLJT3kJLGLGEInkyEhx5lQBUlw+FcE8JbQ1NKrykNC2f5oOSzjrlIrpfs9p3pLxzySs7EOiQNyo6tCMpy9L4R9orLKaLEiVRU1RyCISctsNAyEcJgQsnCJKo7DCtkRUE5qpLi1dUoPHfuf5QVnB6PPBs1wqpctAkyQ/KUS4SPyfzw/48zk2P3Yw8H6w1gwHkkvZmZOpISrOhoqlrXunORDueRj1rXuWOi2tWj6lAZgNlYe2o40eYCReUWAdYpd3E1R3QhtpxntzE2uKSUeE8xnJcdkm6jtGTGVFgqgmnH4nnUFopQVi6QbwDxOLkg5L4yKaHa5xZ4ifZe1PM/yc6OT+89P9idM+P/jjcazN6Jjt0zAYkm+d9iTJlDPtHBMiQRXVllFbrRcDPaSsQV1G4xGyMRdeJk+XWHQkIyfqtpQJCULQlIwidOK/kq47fzg7G/q5ENbeol/kqjL83zM/VxNrEL04r+Srjt/ODsb+rkQ1t6iX+SqMvzfMz9XE2gM9XBZBE4RFvDz5O2V4alaMGrMfIU4XrETmkOPHcy2/KjNHkjYU8C7Y4WXIjpqc+GyMSWkY4EvNgyqJQhVWTDGBu4J8rmLpWpSgKBOd/R3ZnYZJ0m2+0sa6VI+0nHJsimz0zIiWFsi3ApZY5w81FN/MlMWFQySTg1lQOR+zs7ETh9PuqN4NyEks0I4hEROUPqKPORMRllikWnwl8wxyfR0zMqnsFzatZNqIQ3l3v2uJVU2DFcZpvl2TiodkLF3l20OeGI2xOZNgrlnkADoGpQWhH6/z/Cifgc0D2G0j1KmNwbQZttE293F2BkvaSXEZPELuhBjpxv0sQLILNPCoayEnr4qMMSOuNfAQ3HkVxUHKoN9OcpsBNLrQ3V7I5QeTbVp1PyLuSTi22Fmk0nuxWEjDYzivh1anyIn6yRhrWR81mMlKQ1mRo9PFrBjWyzcK2YVzOI4AB1rpgZPw4taKKUH19R45Uyb7ARTuBzsbX6QKyxpdM+iGi2lk6JuwznknbhMRI/2YmV1oJ5COEI8YEMJKuuuJiI5/BFxKqLjXlPJNHLqdl25gJcaaa1lzWRSlA3uDruyMKUpQClKUApSlAKUpQClKUApSlAZxebGDpqlbfDgVeEXQ/KMktKHt7R3fLboYMfux4t2LWndxQiPZ0SMtt1IUUxkN24KSqjWW3MaTE24SYoCWM9oTM3DsH5hdFVHke47di9UG0oJaRILzQEVyRYrLQmRdKKSXHjmR3y0iamdwCMZpqU5TyFk0FlUwLGhExHcKgeCKmRC+AOdmdKAywpHLHyLt/TYprQp8OHIif5F0mJw4UCcpOHk1Q08UJMJNnFnFpgM7HgOjNq4NAwcDweZxGDDFJ5Hcs2yA8LpGV3sFxcjwBSQY6OmmcaSivtsrtwnHBNkklXwV72Z6Lsbk9Tb4KsjFdK45hWTwmccHhw27C2RhODVDJp5k7DpuABXLWNSmZ2LUz3Ey2uHln5LHRqKo65pfD5yEJvJYuRqYiI08zkSoyfpylyioIGbYPTSS2SzdmDNEbBc4KK9U5Dv3EjiqYhtkZ2eBw8XgY62lHgFltA4GNeNLYYcDcM7y6oyU39ymWvFlQJNbro2XLrjocLrZRByKveREBNCQXooMlkriwCkoykrs5krDlshEx1FQT9bdKD8nGV9azMq2yvJvyHbb6dPvT+FuH3kBi3eGe43VINe7wlSKiTD1GiUy+0cRnyO/2vsasubBFdKYmpKornGGLmRS72N5FlA+ZHwSgyq7YS3tOSHH/wADkk6gE1YovnIX4/dj0p0r6cGOCmL0gOSL5JfElLaSCawwNgo6vIDncqgkAm8MTYKaYKhmrd3wEq6Cog8hH8wfeD9EHZX9jD1oV/G843Mv/Ql/5g+1/wCl8P8AsYi+tTu7MtyLBOo2xkuQ/HT3lqXWPET0VYojeOWYvSC8HhJoiOYIMBITGg2E1YXFcuK7TiQKtd4JZ66ehBKaoYAyKkh+xli6Ev8AzB9r/wBL4f8AYxF9bPqEKJ+jlaYvbS/i7ipFmBrOdoT9O7tfWx86Ib5SlRFfCc85EVAyCEnO9LXi5VwJblT42bbGAcSSuFy6mmuLwwWOFwTNhsa5LyHz9yeakbWwFO8DQg7dxOPIw0VVq7Na6QOxmq49nmm97iLuaTJrBLnhCDmeiUKWOt25dpIxzIr322l5PXjSGC5kVaT7s6UzQfm2nhtIwjrBVMlMtFdpuaPkk40JAa2i+12m2o/HhMZ/Y+Qpe3WjUOCpFkF6k1VjOBuR7HkXH1dUcJ9JOqcepicoLARgckZJrSoeV7Ifi8jFHX2nu1Du2uj3NE2OXSHNXJQ3Z13lPVa2rk/xtAZIg6dgolGTl9HWyjtYEbnTpA09iSlZptQYoWRzONshbvdMXjjbxPt1RVdQdKb1rb6l8xCQ8s86cQl8xMh21Y+2vONtxx5s2NtCduNPNUdPtm2jtLNs+7uxhjr+9Fw4x1BLOEWLFceqKuqOJTGVCBNVSS6uUzUsBHAspKorp6AgNcdRW9eNKUzPQz4+BSlKAUpSgFKUoBSlKAUpSgFKUoBSlKAUpSgFKUoBSlKAUpSgFKUoBSlKAUpSgFKUoBSlKAUpSgFKUoBSlKAUpSgFKUoBSlKAUpSgFKUoBSlKAUpSgFZQ+mR/ij27+l9DX6lS9WrysofTI/xR7d/S+hr9SpeoCf8A0b78SXoP+b5//tuk+rvapC6N9+JL0H/N8/8A9t0n1d7QClKUArAnz2CJWPSkOF7A0SUBj2Xk6O9jBdTLFioXZ5EJisD3cmIkmxjHcxu2zF7mfLd1DviFj3HLG42W+ysAfPp/SmuFf/hyf9RSZKA3+UpSgFKUoBSlKAUpSgFKUoBSlKAUpSgFKUoBSlKAUpSgFKUoBSlKAUpSgFKUoBSlKAUpSgFKUoBSlKAUpSgFKUoBSlKAUpSgFKUoBSlKAUpSgFKUoBSlKAUpSgFKUoBSlKAUpSgFKUoBSlKAUpSgFKUoBSlKAUpSgFKUoBSlKAUpSgFKUoBSqqd7uTb5lG3vGlqp8iXymeURleQYw8fPlJ8TPkf8RFCICHhzxX8QXX8oHhX5Vu6+DPGJk94+Ae08IHPCnbp1q1AKV+K5HEhs9urztc6oTQ2010VUcThWlAWwBBHQ0QiOpqyoeGva9gSaeQLGDZkW9r2DBBzzvbsWrPpxUc/afyU7GCwG6dTV3V8B9wW6djtZHk5JdLv2+wMVM2ZXJCy8qFm7hGTGuz1YqvNVdOYI+K26hByyA5RQjGackl1VUA0S0qu/lG3Tlbj31Ee+2cZayZbVJ0UnkxVlNhk5UFipbbUXD5DlXBI6SdCjKUPGIJnnRUo44kXJMRwyDUFXHYYWgSTbNFjMo9btg4y2ugWJdkIaW8HDGUzMZCfjRUf4rE1gnrRTEUZJVi4Qo1k9wN8/ibQXIk5iZGEdfTVJLNdqZJi42A7tpVQ0Zcqg09cqMwcc0BQFeSI91hYZNd2m2yzlG6K2YpkVVAPYpMQoTBLRyul3y6jCrdMRjdxpIaY5A6mSYHkljCxqdBWfqbx8xUVaozy0tM4ZhWXN3d6HwjhOJL1j1/LpVz7QbZgtY8Uc0xP1bGxb0YIBtOvZTxMHS6uoEEcYg4VxLSGyqpa2cCuky4SlZ4pJ5lt59TW/aWd++Fmb4I1vICl8npMkD7SwluEajRLMDBAiOCQmExEVmKjdbqZccIRYXc1UdJK4XyCKHFA7cuTMT12Z5G2zHXGq+uSvVFmo25ccteLyczt5vN+QDMblXjG5JZJF38sYOgZhvo83VOOW7i5V9yt1ZZuCqnHWitthaBQ1gsZxKMz2P98QjaKRqWUUqMumOz7R3T1R1+2sYxLwS3Z4i1qSGE38lMNZHaSsspwd3MyjquCUIAqakyXMEsNJTPAkSYRpQRjIwZUvhniFhC7d3lIE1T3c0A0QjuCLT7MG8LtXgFPHCULR2FCUWtg6k4rkrK5HCPX4Zd5MsiBv5fLoJfNt98lY3XgclsuKOXywAtrpSlAKUpQClKUArzoeHns9bh5A+1/B2Jj5Je37a3bdtj8tCxbsY9i+PaX7e+OXbX7e3a2yx7Xs5Wzx9F6vOh4d/wClw8g354uSX9tStUX5TtCLpdO0PRepUCOT3eDyb+jE67pfJh8svyKl49H+TXx1+Tvxl8e5XYkYdp44+KT58DeCvHXw523iqq9/eDPBnak+/fCBSulicnHMdI8YsaY2fwNJrlYEhslsSM2DSJyl693cCmznegEnMiKBVur8PN0x38aRlAoYsjHTBFSxFE7zyAxN2uBVKaDaVU5xycuUO8grymSCDcWy1q9t5rncrlOGrc7o5ZLfTYTzZkAmC522pERciLvZ/fZ1MLCLAZVIPF8lhBOmkUujuVsqi1+px38mHz95p5E4g+RT5KPmDbXvDWDxh+Ufx6+VjxUdb9bHjx4J8Q2d4id/+I/f3i14TeXevhTvbxgM95d8G29J8faBEd2iyOsUkrfaey0+lV0crW/vkxdIZR3K+Sb5bvk2WY5Sfk48fPk18NeP8hNth98eN/ia/vB3gnxh8K9y8Vz/AH/3n3j3Ql3x34B+hsryT6+acaNt3e3ZUyqsxguJlRyvJrNbQWLvebheUmt0out6MmSWzxQAHI5DNxjgQRw7dvJIKalKbiXDKEiJ6iaJMz2Mz2WD0qgEnygctjiaeEqs7gElg3E5slZfTMHhvNAbEnk81sge+sD+evR9lqDmTnDkVv29mOorxZzCGMciZYmYHzLWMWB8dXIvB/JVCKlMEOpL9Y6uzHgqxrLkQSw3cmpJ8SSSgYhXWGo6kfu5ssLbDuthE5WTjZgmbxwNEDeKY4klfQEd/o/0n3SlKAUpSgFKUoBSlKAUpSgFKUoBSoD77cmOn/Gyym07dpZGMoCs/wAwqJ0VRk0m+qvWVZaW0fJKCPorAZqKCIOfMFzK6iFDKmrGkVtp5tYSy6ouERFApYWKvEjzA48qbq3Eb+OrMh6vW1RfEes66PLLmsZkpx5Pwq+jGXjrHtmcgWixwIOTKuAfbXjI975iKPYyVS9yd8TIF0VKq43P2u5LoRlhLaGoHE58+GLjbHSF5Sl/59sBa0+CXocWHCSVWF8n8ntxWcR/wMkpqAteNJczilKPjJ4NLA4mUc7mJAiOuabfDHkC1X4/doOIUDWV97SAuZyoy8FyAxFOphrxkyEhfWXhISi24oiNRLYkU0s2lYsmJ7hdDSzcSmXETko6KOEN3MDR9Sq4d/uVfTrjcTmsV2DeThVJSkYAXOJdf4oailIk4SuYDOYpwZVns5M7iWACNKOV04osOpYbTfNKOAiaXVhVHGxTLqHiE5Ws+Vph7GPcXW516yjwBPirBplmPp43cr1PG0lCS1g2ddyJdks7JgOUgZURUZbZWYrlESFIgZBEXh88cgwwLfKVTvvty5JWqWw8TaR6763v/eHeqZW+Yerd17jt2tyO0ZpMItdSxs8ZYlh0lFVAj1KPZJCmKRzOpB/AIgnGFNcGQyJ1vjLvEdTeYpVkncXHj13d0/fvH9uK4WabkGJ2Q6JNZ83xfNjUTiykfUc4zmRlJbeSF1bJpaKvKgiYGhWKYgNtyp4qsC4UUyiXDykZRKBum+5p4cX8eF1IqcNg3fuxtsAyJ8BPFxF8XofvbPIYdOU8Mw7YWzxuHYDDK+WWOVhbWwvhnttiPs/JTGPbXtfL5PWX217Wvja9/FtN7N7Y3vle1r3/ANlr5ZXtb8HZv/trEN04r+Srjt/ODsb+rkQ1t6iX+SqMvzfMz9XE2gOwaVm0YPNlvbsXspu/AOnPEei7BpmjmxLy19fb+VuQeOYZyWjzeeL3ayC4AGq+oGyGJWc5diqisIlJy25AkK+WBAysHM+4mTHMBedh/wCt0wRVFHKpx0zFx4I83Ookxo3ncCYY42g12Fd6jnhiRSHlKMbp7dKs65jDO4+ffCYoHkwkGZWl1OSW4mrC2mA5obpVWG8vJh8y/cDjU1R+RT5SfKHyhJUbePvyj+J3yQfJ4PEoPhrxW8Q3T8oHhj5Ue28HeMbJ8H+Au17+O+E+yn2n0zPZWVn0VVTyjP2gpVU3Gjyc+USe29bO+RH5H/mVbSu3Wnwj8pPygfKX4rKziS/HXvTxBZHib394A7v4ud9OrvXvvuXh4x3Dug0VSnNvK+y0nSqxOK3jmlDkBZcHvRTjeSdhlqdIz1U19yfaLiEIrN+O33IyU6TcjCp4ZkkIYySUEoYzKH01cKEzTUV0VxKQmf6skmaA6VSJrbzGOFy7bNLRHe/SWWuPvZ+UENUcELEnI/GfPEHzAURADBlUTGXO8fEUdAHcYIBYUQJKNIgBbu9gEU8pp7pVUFvq93dNqo6WG1Ypbf63nIUpSgFKUoBSlKAUpSgFKUoBSlcUfb6ZsXsl3yTIjmRmYwWC2lx5PV3OI8AmILYaraTTKwvL6yomcsACSYkpZM0eOmhcscAS4AmeV+xagOV0rMgP0njW+QNvNVdbtWdeZlneLtldiG3ryFtw4iy3C8IAr6y4EdCWTUWZuRirq5Lakz7LZI8vN86VjftADJHMBWzKnyxzLRVL0sx7A0VyJNUsOUkzozilmOJ/vt0KFhsyqG1mslmVhZP5AFgxjZwYIkUFsVTyIBlQUTWQJFPLGTpgAAQDsW"
20:09:00.069 [Test worker] DEBUG org.apache.http.wire - http-outgoing-0 >> "lZnhuenbQ1BZ/eVtcMWwazxzEE8y977CnNjobRZsNwwRGFuemAlqeMjm3OYaoCYFkvYG7SBijit3t3RdfCaYBlwA3GHuQbVohooJyOCP8AyF1XxhwGbg3eCmmLq5hsGSodyqGC3hcgjmL4MrYwLNDao+QJ7B5iWb5jIE1jnfBnX2gzr7QmrSsyahz5batjX9K3sffDJOza47lYghPELYAps5DC5MhaI3QcIl25KZ3VsNCIuQo3VcupElIuMO+8EvFINFV/Nbs2jZVcGuJnPkV1V190cz5Dny/czGtRyMmZKTTXkMhmbX38kySRSTkcoTPb50VOMHXU8xV1IIJqQfFTcE8waGMuI2ipaYrqBACcdRB5B+x8wfd/s/7Pmg7K9nsX7F+x8jD0/wDf2L9j/wCf2L//ADqpVXufTaiJYfaO4mynDVsLDmgruMNk7bYNM2BiyQ5QajJehsiVaj8f+s5JtoDuZaCs3USWQQy26i4GIhxOK4mxTS0hAqluu38jMeYOMTaeV4zcqa8o6krRSdH2xXYjiZipTkaTrgN1LjeWyGYoYQ3eqmlHipsLEcEEcPEWwY4IQ2OYeIZntDN/0KTMiJobtdknFjZUt87kS2QR06CfHuPaG4zvmJYwAQTQ7BZB3CxwBuWyzwzwEzuPniLiGDszrGD0Jf8AmD7X/pfD/sYi+rwd2eW5va27GMjR/XLXST95t6H41cn8Br9FC42GUhx+we2yDAeE0S88cxGtGCSo52DyT81Eio5YFzCccWbIpRfawy+Bb7Ss80i82Gymmykw3Fyh8Wsg6ca8P16Isf4bJxjs9FW3bDYrlcOOd03OUEditdjOZmoOOQQ9zKx3gqZD4Fxw0AivqGGJDPvranmEIxttKFolpfq5I/INuQSZ6dIL9jqNHqzYyjCHGYsFk48jKcwTk9LH2yzTS0nrSGppZGyQp4CkFtG75OFFFbQU5VAufpWf5W5qZw1ilKGWRyicbj90YjrYCQUqJ422JaGxkYbWwsUkVdsJkjIEkrbHbzIWI7wUAgDQwBpSRTwuZMkpq4RIVAQ3CsI/dG2HL6DFm1l9CNONVpN393RSWqSfUjRlHjxaEWRvCjTUgSBlLOzNNr4wOt1kKCqTWEU+QTckZR7YmspGBs0TUlpCTVU+ZdA+mv3/AKnhUUuZpWf5W5qZw1ilKGWRyicbj90YjrYCQUqJ422JaGxkYbWwsUkVdsJkjIEkrbHbzIWI7wUAgDQwBpSRTwuZMkpq4RIVAQ3CsI+gGgz3mOKVSTP/ADFqxHbB8aMaBabyRyF7Mw+mp6pPRdryQyILguD7q2GAic337O79KLSGXeQoeWeYraT0E6LYcA8jEzZ5zozgQUfh7X5m5WiXZGCdaeS/j4kLQhX2jduEe6+yykTtG+0kFPKQjJ0inpbMcT+YCO0TbFXFxQU01OSiau3TBjI2oFTSiAnN+xtdKBq3xnovmpVJM/8AMWrEdsHxoxoFpvJHIXszD6anqk9F2vJDIguC4PurYYCJzffs7v0otIZd5Ch5Z5itpPQTothwDyMTNnnOjOBBR+HtfmblaJdkYJ1p5L+PiQtCFfaN24R7r7LKRO0b7SQU8pCMnSKelsxxP5gI7RNsVcXFBTTU5KJq7dMGMjagVNKICc37G10oGrfGei+alKUApSlAKUpQClKUApSlAKUpQClKUApSlAKUpQClKUApSlAKUpQClKUApSlAKUpQClKUApSlAKUpQClKUApSlAKUpQClKUApSlAKUpQCsofTI+z5JBt/7Oxbb+G+2t2Pw3t4kS/2LY37PYxv23a37N7ZWvja+PYtfK2WOrysofTI/wAUe3f0voa/UqXqAn90b3s+RL0I7N7X/wDifyD2OxbsdjH5cJQ7W1+ze/ZvbHsWyy/BbLK18rY42vbG131UhdG+/El6D/m+f/7bpPq72gFKUoBWAPn0/pTXCv8A8OT/AKikyVv8rAHz6f0prhX/AOHJ/wBRSZKA3+UpSgFKUoBSlKAUpSgFKUoBSlKAUpSgFKUoBSlKAUpSgFKUoBSlKAUpSgFKUoBSlKAUpSgFKUoBSlKAUpSgFKUoBSlKAUpSgFKUoBSlKAUpSgFKUoBSlKAUpSgFKUoBSlKAUpSgFKUoBSlKAUpSgFKUoBSlKAUpSgFKUoBSlKAUpSgFKUoDKnzt/jeejS/pXbA/rBqBWqysg/SQZijbXzkk6PJN0xOguyoti7YfZV5v12myKsplm82UZZ1CMqaqOnoRBUWDgZQDG4mQCanHDedrdgIuJl+CrK+sqcIXn5s71VbB/COgOvekxbRuKBuMp4w3GWRg5Oe9L4amnEVISaJa6uqYSoONhIYZYrbLAUQspx8QXWTc1bMMIosvZBsKJfIwCCNXPyta9keH9icF28sXlcs0XjSeTA1K2DUm6TG79eUDSuzQEGRnGoh4hX7a6ioJMkXKZZhdnxzmME1cmMJcOxb8LbJrxLzrc/0KakOLv+SdHdA9UFWcJWKIbidzLLO6Q5zb7TXUIAg6mspNlzopzLB3wKY71In05wk7sh+pYohLOyoAUnXtP0X3jCe+t84tmDYKeTTm5Ti174Q051TZnZ12piFKoLePmI/UVJuPiY3A1VZNCdISXipFFhINlxCAhm2HcB+5GAmiK84y2ukppWcmUsUijeowWqQi6QnFYoqGjY0VakhtEySOl0N5MZ8twYqbKGgia223W1HMmZAjlzAAuJhPV0NcRzuYQoQmI5NQIGssM8RQBb2yxIG9q5Y6N0492OORBaD1lFiTsUNzdwqBl0dTeGIslTO8kuPl7XhTy7me7+FjV7udMeuaEYHKiOAm21pUHzCcc0togPc50ajcQ7ttxTQolO42YzlrVY0p6nSiQUe6hLBQ3EpZOLsAdSLG+wod8mopU2OAonTmN8zjkIOHDIXMyVNYBRI5+bWvyfdG17NrX7G97uvbs2tfsXs+tU8rX/D/AO+17Wvb/wCZe1r/AO21qJ4Xx1klVCd77Lum30Wl8NXHPhxw6doTDex/F3bOzCtHZx25k40d8Nq73nV844qLiKCuMXIU0tIrLsNZsI53MawCwYKrDwuVLKjsV+61EdGfTSk07Ccz+8b7DwWJvk/e15RKMsqP/alNrxwzTqi50dnIxgfth05Axs4kRHyIg3DBHIsBqlxcc7IZOwOtmshCAVl/o/PI/uXLTphCXJi4p+Ql+YTielODmYqSStakzYcUl5YcheQmO3QBllMYRpTda6nXVQC4hU41AmBZvGlRzt9wtMwhs+1IpHjFHh/iKRztjXAvoCI60Fba7mSU5fbbkSFJAcCErlAFBJWkRYJjJyqkqhAzgIWOpykQMmCZ0oYDEAMlhhQRcMg88sb5L+jDN5NFg/lj0DcuIj0gGB95pwh5pIq2bHUiY0avgqusdyNIMUXPLOyKqFWcYVjIAQlsRlJ0rahe1jKiOKLLOaOkkaaOdgrLX4306XuQXbNypppIiuFoe1/nQuTTneogZFkVZlVceTAaJRsMxFPCYHXLgUGPLoRMoOCKSTCogywRkBwK8ckj8dGlh9E2CUyy1tTsfKTo2Q2PNFTxNWCRX09iqYTKMkNaT73T1cVso6UWHXjybmYSRnstO3JDPqSFdMPmAzrmKQn6Uhl0aZfcmvzc314lpJVDJt7ccu1zuT2FmpZYlzS5r7M6irulgOIgSyxwuITW11MdT5HHL44BlikioARksUEMgXNcX47U++/vP1yUchSna6zEujaIk8ems54a/faZZ3pWZ3CZFtuKGNrgjZpaqUfpnAUvlgVHb84lMwu/rZYna6L5p5mWOHDlAZvKazUg4IydxdI9g9WJRATyWZ8iNsjEzFyemtC6vl8scgbmHY4EWLWTY9lgJdHZbKeKhfHIDE0VPXFcBenx/TDi21tZDrKGgJZllENbJzaaUu6+HDkmTl3s7xyzjyGvkMI4GqzxWew1YUXMUQU008xMxRcsr55B5fw2iczeCeS5OlKUApSlAKUpQCvOh4d/6XDyDfni5Jf21K1ei9XnQ8O/9Lh5Bvzxckv7alaosvP89oRZef57Q04dJ7/EYb1f/A/Xz/1XQTXQOoPSJ+HOKNNtVI7d24pC0hR/rXBjFcrIQIZ2GdDiLvNqxa2EJbbZQu3omUSx88VWU82nWMFDYqYIMH3bE/3plYzXf3Se/wARhvV/8D9fP/VdBNWU8eRUqBoTpGIAWABEF1C1quLmECGHmJf5GWXl2RMsMbZZ37a979nK9/w3vf8A23ql5pmLuhn/AOLNpTNu5zabfcxFoAlbXXUlxa2omtcFDTS0jMeSDPJ0qaizAeQcWme/7eK1ACkbqZkNUFsKRsGostHJKR5VQnKSR+T9Hf8A56PSJv8AxXpf/avPdanqx2w7NyXwQ8q3KAZ3XZsnNDSvkQlxI2ihTbhsxk95DituvxYU3y533H78Mx+guVZRFcRckVTSAyuaWMfTsWiQXDRDxZdxJdL151RuUX4Kis6NNGtFF5YnH0rT8SFtF/8ADjrn/wCoON67J3o4zxeVPiH1t18QJGBiiUGOydap1hR8qJM0oNxKlJixJmhpZZ2FCFslO7eWW88nMjGVBLDNH0A4fIuMBLXrpGSAqVT8vnITFXNvALV4yuKItIW1L2nyZYtEl+YEOIpRa0HwLGTIc5V2qTmfj6frTaZUIQFdTW4avgRBMp2aSVWCWCpd0joDeWdEe7k47C6EaoNB56p6duDd0KKrMtovOL2i/wAdpygkxQhIwaWderHbBGP3walBcSwk0kWMstIskK+WChZXJ9/k05QLhZ1fZ09spnV3SEPLo0tl8uVOp/Lryj6FI5NF5ZeLuR30ymyUwLOHdPQA8mTLHaonkAsSwz1eUS93JqUckRbBXUVtVcLmZgAg4w9kNhpoNyCWJd3pPvtqjyHRHjNepMtJEoswsoWRHEWCKKSE7GS47FgjYjcezPXyic4G2q4gC4jFu/iNk9XKdhSQT6qliAnhayEvpM/EcdbIZpTmKWGzKVymNjWuK3rPP155JuLLD8DNEbKTHyo2zK93z2CPfRB3G2xiav2BHCGFiILhH/gN1Pm1C2X5MuRZ9QE59OIe3yk5srMB6vPNJAaj9KtBsqz0Vx5OkdglewExV1zGXTkcTkAxjgdDUVt7GQQcm6YbiwvX6ekZe0vyhdrO/TXTIoaeaUpQClKUApSlAKUpQClKUApSlAcTW2ExXK4Wm7nGy2mvuthCqo7Gc623EdVcLLHXixcmuDNNaPEx1JuirJQoVKqoiOZJ5qJYsXAOZDBAh445oOB78Zh0jj9O9nf+d7D1qLrLpwPfjMOkcfp3s7/zvYegNRdZY+ME/wDP150eVHkNM3urRdqkktrjn1rUBrd+JmebbUxVOYFlunP4QN7eMzYUl8kbL3DsK35nuGFYUMwMOLczyp7egaI8em1+0mBwEk443idbBjrIbueWA8sPMQsxIoAyBzv2TBe8hOVuCqAQeOYmKYCdHtj2gOeWMNeji6pGNT+I/WRNXyYxaQ57TFPaaSjJuwllFRXpxzLOBrDqth+ybxVyEUF45QlXE7nkbxPpBiw9gs+yXCZXSKdLcmrNo/l0lG76RLoVFhMZXd7ckFWZbTVH6z01cRmk91FuI513tZIc+Sdk5UpuOUyTFWURNcOSQk5LhFMOlSqtklp1z4Ri5ItcLM30Zr/5a8zf/i2bE/8A0SFWpCst/Rmv/lrzN/8Ai2bE/wD0SFQp+TxaEwZR6RHzzzO6sMTjxitL1ugpmGTV75jIzDVEDvVRT0vAS+VihJQFhVpqBzAv3MMwcyyNCY5Cmhs83SLiQLE2v4F9i28H3pIbI5J2HGpVQJ45BH1RkyU5I9NuttmxQMghzaapFmpdNuVEEviEAtKoZe4PhI5cbiUzu05wu83+xG801Mx/5cdXJDD8fpsiTiwmM5n63tedg4sTkJDJXk1MZqUtOFNQl4kjL6yAbDSTZhXNyMOIhYqFmc5CJLiMsTQh893KPxwldOEJ9vfQfjwk85tZOu0y9Hr0Y0YPeV0Q+21eN4xYvygN5uqLmUiK4zCKUol8U8AQ8lu10qwJUZCauKiquGVIzk052WbkRJJJEVF3gioq/O5EXpxX8lXHb+cHY39XIhrb1Ev8lUZfm+Zn6uJtYhenFfyVcdv5wdjf1ciGtvUS/wAlUZfm+Zn6uJtCmJ7i25PtEuPbkU5/EbcbYFFhNTk/khkVUYhVWaMjubJwkGtLWwZVfMACMRnOkEpZOMLaWGIGoiExRrm8Mi2A2OAuQfN+Yjc9j8+ERRLx18Vkdyzs0deU/R++5M2cMQvJDD15gpnNMq4E48tLj1kpsNE3go90cdhRRyycETOoZNWRUE4uuFcSEY1Ljo95UqPyCdI1zHLADZhcmLmuFmKCGJmHf5U9l79kPLPHK+F+za1+zje34bWv/ttatWdBn+YttTKbzYJmKLyz9GSRsTJg7ik7GbCpmJw5n3Q2bxIZ6jFbGTQn4O3MD2CsKPn/APXC55Zf++tWVZr+kNQBPY6zxuciWvcTO2e17jU2nxlSRYej5NGWn454WeSlHqnIJ9roxUIwfVTadeK0RLNhJpU6cSyLiHdA5TJHbysYLdlKPSdOIsNliqzdmSUXlKmaZmIna2IGuM8fLqpOnEv3SzEwQlCPyTUKOGxz/u0Q+beATUsaxyyAcZktcIcWvBqqvtvoqrBE2VVf/wC7/lO0Ip9Gj/lr51f/ABSpb/WyRa691/1Y5a+Ak/MMfada6sDkx453rK7mmRsxsgv0vFW2kPCOQolpp9LLWXCqglvjAkjoaGn5praRXucdx5HCXU5OjoZaW02pkdHQ1Z2NgzVXZzYnY+MzkWTzvltZLG1mEPPDM83ldltt3Bls2cgPQIZKOLLZU1NaEcqwZLnUMVaSG6rol1JvgLQR5ID/ANGR0h2HofdT8iXlhgKV+MWZWg7FZLQg3e2ZLnODJOa4I1sEhyxrOcdRUXTXIEatiZwMGBGwmt8TuRe6YvHlAwdR0ie6o+J2RN6b6KqQ1Tb0d9aTc8emO4MwlNXHQizRp5uGPbIvbWDbiOlGKpAVFUuWFNHE1qqBgQ43lw7YEAUymIh5QQXkskMBDpJp3DKn8Sd11Yy9xnmic+W8vG9fjziSTVWJtMthUWcpm5HXdFLviFgoTNbrjabjyiyIF+QUNsu5+OVUPtzwkEiAJBUMm48WwrFwcm2I5nGk7NKT382zoT382zoUpSgFKUoBSlKAUpSgFKUoBX5i2iIzlRlduONITHA3nAmH0ReQVsgUVUZbRlUoKQVEhXSz4Q5FSTFIiOOTPkDgAxQ4UGFLmAhARM8Mv06UBlb5zm632jvt0bpsNRCRmw2kHkAslobebyYSRUNFTCbjgAEonJKSmgFiCcQKhY4hFiZMuCXADxxwCDxxta1dw9LAf6yyOFiekxGNDk/lIkWCmAqjFs7hC5ow0nITuPFbi4XtniAf8UAiJzDHK1jJMyYKDWzLmBg8+t+e/wDGJ9HP/wDEPMfrPANWFc8Wk76394utk4AidOssy9intWTIrQ+7hF83G74udiQ8LtQoIYFAKYqjwbycvtNEyOmCxIJbWk4Y4ZLlghRcA9eUfKbTK/fnk80EQ6gtnY2C+N3Vy+ksSQw3FJoa5v6Zn4S3ccGurDZpDBKdxlDQG2NEzLVlOPUsJy/JdcR3vduADWbGaI4XETuRO3U6ObdQjyYaaxRs9HqBiajWZUAzmqMJ6EUxVNNdzNlcON93MlyERAx008ZbDtQj5QsdsXxKK5MsmuAgFgTUCd6ouSekpakp2khVkOloTiByQp8NYRmoaDmteJlxlNT2GKNHFrit8L/2Fu18GMou3C6jdUHWcFou0xbgCte7utg0hefcaWu+/HFp0f1GS4rg5Dk/eRCTXjP4etb5FWbdvd7v4NeOxxcBvKKer5yGlRLjgpBtMmYCOGpJDMMnDEQ2NiZze8R8nP0WC0q2yKi+rxWh1J0iHdXYJhxQ/wDQ5G1eccFaczC3mNGct8mLpab9kGAYhjN3YouDmQ0aNYXYDrXia1gBnkxE0y4T6EmBqGfg9IJZjHiCukx65oI2h9M0c6PTo/Ej5KStqbIW4+mUZln0UPljqPLkZoDOSmKiuRQNJwoiacIvJGfKk5zRMG+adgdGDELgh94F8Qu9dkOkQaN7H8dUxwcaaEvuDfOd9b"
20:09:00.071 [Test worker] DEBUG org.apache.http.wire - http-outgoing-0 >> "3zCatx/Aa7zUfktPnSRWAospQaxix1jCtsyzUV0rGSkCthL5tbNNosF3oiCPO2bYB6Qm/ij3PSujr8erHabOVXBvdx3SGzdx2/FZfGyw7zw4EgSM+1SHCBUqKPdSdLKa8iIWd24jmRzqutRni1W1dRUDqaUOm1az7oy/TiEIOy2kqQdYQVIoy2V0Q1T7rRu2JY012qit1p5Q41n3rjM7QVSY4OGQGBBYjlwp/dgcex2C5ghcUM2QMg9zHImyxc0VECHACEwzs8PT4Xnx0U9xZuEyYOmmpqXyCscgdNZiCCjILbUp8Lt8tjmJnl2S6Ojik0ElhhbAMEmlFy+OH8VfLL721XSKdYdhdJpNhXUBqz5IvIpP0TuCGmrpsQgaXg5WiaT5Kb5hmLBx+KBtlFGbimxiYWjKuIcSHApYuAwnEipYEuXMKppFmnBGmq7oD0eR5apu/vLx+jrQLaFUkrFPMAHiZaSpIYMqSc/Uosplv4lWKN50vFTbqeqB3uEeTkkmOB2pfILDFmZ8l+USEIa6PHRYlU3Ql/5g+1/wCl8P8AsYi+tfSbEETI8kuCZUiL47SpgdqIUbTqlZNZLaIyS5m4n4puJBAcD6KpgToWkQlijI+JRKUlQyRLYpSbYEDCxEr3LIL0Jf8AmD7X/pfD/sYi+ti72WyTaZrucalZQunN9sLy2fsk5B4KtySUlGz5qyZmKKAFgoXAAE7yyEGBDxM9zvmKHja+dhMUylb7umWukNSA4eOjTRJwa/HxBs7oRLd7fNfxCzRnq94zUMVI5Bms6OJiJ47qSCeEAUVR3Y43RDC0WQjgqgkMnNHPyhqBYsGwlEis4ngwYujhjOpzIzfSnw/EJoNxEeLySGaSFKN7B9PImnll51BoBQU1YgM41I/cjYybEByCuYHyzrK4CjepKhxY68KGkDYmVq66nFiahGoS2FGZRyaDquFOEhlncpvtSj4UdrqZkdzAKZdAMkxMhgWgVbqebtgYJZ4Y2G7bLzMauqezbnkcJ2Dx43Ne5nXn6Cwxk8u+RmYjxw5FB0BMwwrigJQDsEQy57BujKY4KeEsXJ5nRQy2Iudm+2THzo7/AO+vCGZTY01J3STpsjSGNfm/djcRepuzCVIMw7cOUPIst7YynFmKshisLWlFvjicMsogRcLiSBpBO9qiCGVfxjNdofbSG0HZqnQImiJjPB8yg140jdnv+Qwk8SS5EQGa2G+8HyAg4m80rN8u1OTSi05gkXA4ezT8l9QO4J2Jo3kWuDYca+UE+G4fXAzxkagmNRm7JLU1zHjg+LGCHMOTWElEBLzejoyVjb6GZQozWMuJWct1pXPmkcS5c2IfsZzxwMCjYYyw22XmY1dU9m3PI4TsHjxua9zOvP0FhjJ5d8jMxHjhyKDoCZhhXFASgHYIhlz2DdGUxwU8JYuTzOihlsRc7Io6Xf6hYsoVV91vZkYzKbGmpO6SdNkaQxr837sbiL1N2YSpBmHbhyh5FlvbGU4sxVkMVha0ot8cThllECLhcSQNIJ3tUQQyr+MZrtD7aQ2g7Nd1VmcNw+uBnjI1BMajN2SWprmPHB8WMEOYcmsJKICXm9HRkrG30MyhRmsZcSs5brSufNI4ly5sQ/YznjgYFGwxszpKC6KpJQaKKr7rezMh1Mkx7BsIiSnKCAxIqiYd4CnX/NUgIbVabHMuwwiAKqsfecnOhOIJg7gMpRc8tqJpwOk6cGJhnFQ0IbDxMms88vigTmTpE+3erM1sVnH4a4iNFNhsJkYcvvQqMnSZvFMUarxcAA/HLRMhhKTYh8gpohlt4L6rinGs0pSdAwwxh7Xu0I7v65MnFETV49d0lmfikjn4Qx1ql5MlojEBpEJSgcjxfZisgO0swzblHLN4u5x0RTOBJQq2LZLwM5YXO4Cl+6BZ/e43hIZG4/NKR9dUJ3NqCTOrkGmokRZBxQrSCTYJqOW8YbWT/EbGYreNPs0migHHkfRhBE9RcphUPl888DNsrgd9pMewbCIkpyggMSKomHeAp1/zVICG1WmxzLsMIgCqrH3nJzoTiCYO4DKUXPLaiacDpOnBiYZxUNCGw8TJrPPL4oE5k6RPt3qzNbFZx+GuIjRTYbCZGHL70KjJ0mbxTFGq8XAAPxy0TIYSk2IfIKaIZbeC+q4pxrNKUnQMMMYe17tCO7+uTJxRE1ePXdJZn4pI5+EMdapeTJaIxAaRCUoHI8X2YrIDtLMM25RyzeLucdEUzgSUKti2S8DOWFzuApfugWf3uN4SGRuPzSkfXVCdzagkzq5BpqJEWQcUK0gk2CajlvGG1k/xGxmK3jT7NJooBx5H0YQRPUXKYVD5fPPAzbK4E1KUpQClKUApSlAKUpQClKUApSlAKUpQClKUApSlAKUpQClKUApSlAKUpQClKUApSlAKUpQClKUApSlAKUpQClKUApSlAKUpQClKUApSlAKyh9Mj/FHt39L6Gv1Kl6tXlZQ+mR/ij27+l9DX6lS9QE/+jffiS9B/zfP/APbdJ9Xe1SF0b78SXoP+b5//ALbpPq72gFKUoBWAPn0/pTXCv/w5P+opMlb/ACvN76VgVnE7z08exLWLIxhsob131OK69ZlDbZTzeE4mNy9iQomyKn3qMWZpIxi/c0C4Jt2mC7ZLCWxGXhgkrA2JiB6QlK88L5M+nF/7ykH1tcZvvnT5M+nF/wC8pB9bXGb750B6HtK88L5M+nF/7ykH1tcZvvnT5M+nF/7ykH1tcZvvnQHoe0rzwvkz6cX/ALykH1tcZvvnT5M+nF/7ykH1tcZvvnQHoe0rzwvkz6cX/vKQfW1xm++dPkz6cX/vKQfW1xm++dAeh7SvPC+TPpxf+8pB9bXGb750+TPpxf8AvKQfW1xm++dAeh7SvPC+TPpxf+8pB9bXGb750+TPpxf+8pB9bXGb750B6HtK88L5M+nF/wC8pB9bXGb750+TPpxf+8pB9bXGb750B6HtK88L5M+nF/7ykH1tcZvvnT5M+nF/7ykH1tcZvvnQHoe0rzwvkz6cX/vKQfW1xm++dPkz6cX/ALykH1tcZvvnQHoe0rzwvkz6cX/vKQfW1xm++dfzKMenFZY5Y3UpCtbK18b3xlzjPwyta9uxftc8Hpjljf8AD+DLG9ssb/hte17WvQHofUrzwvkz6cX/ALykH1tcZvvnT5M+nF/7ykH1tcZvvnQHoe0rzwvkz6cX/vKQfW1xm++dPkz6cX/vKQfW1xm++dAeh7SvPC+TPpxf+8pB9bXGb750+TPpxf8AvKQfW1xm++dAeh7SvPC+TPpxf+8pB9bXGb750+TPpxf+8pB9bXGb750B6HtK88L5M+nF/wC8pB9bXGb750+TPpxf+8pB9bXGb750B6HtK88L5M+nF/7ykH1tcZvvnT5M+nF/7ykH1tcZvvnQHoe0rzwvkz6cX/vKQfW1xm++dPkz6cX/ALykH1tcZvvnQHoe0rzwvkz6cX/vKQfW1xm++dPkz6cX/vKQfW1xm++dAeh7SvPC+TPpxf8AvKQfW1xm++dPkz6cX/vKQfW1xm++dAeh7SvPC+TPpxf+8pB9bXGb750+TPpxf+8pB9bXGb750B6HtK88HGMenFY27FlKQr9m+WX8KXOM/K/Zyyvlf8OT0ve1rXve2ONr9rhj2MMLY442tb+/Jn04v/eUg+trjN986A9D2leeF8mfTi/95SD62uM33zp8mfTi/wDeUg+trjN986A9D2leeF8mfTi/95SD62uM33zp8mfTi/8AeUg+trjN986A9D2leeF8mfTi/wDeUg+trjN986fJn04v/eUg+trjN986A9D2leeF8mfTi/8AeUg+trjN986fJn04v/eUg+trjN986A9D2leeF8mfTi/95SD62uM33zr76bGPTfLmBLKSlIXe/eCrcPsS5xq437/xSzmSV+Es9LCdjwpYn2bZfxGVuziatcrca1wPQupXnhfJn04v/eUg+trjN986fJn04v8A3lIPra4zffOgPQ9pXnhfJn04v/eUg+trjN986fJn04v/AHlIPra4zffOgPQ9pXnhfJn04v8A3lIPra4zffOnyZ9OL/3lIPra4zffOgPQ9pXnhfJn04v/AHlIPra4zffOnyZ9OL/3lIPra4zffOgPQ9pXnhfJn04v/eUg+trjN986fJn04v8A3lIPra4zffOgPQ9pXnhfJn04v/eUg+trjN986fJn04v/AHlIPra4zffOgPQ9pXnhfJn04v8A3lIPra4zffOnyZ9OL/3lIPra4zffOgPQ9pXng/Jj04q2V8vCUhdm9scb2+VzjPvj2Mb5Xt2MLvTtcb37a/bZWtbLK1sbZXvbDC2P9+TPpxf+8pB9bXGb750B6HtK88L5M+nF/wC8pB9bXGb750+TPpxf+8pB9bXGb750B6HtK88L5M+nF/7ykH1tcZvvnT5M+nF/7ykH1tcZvvnQHoe0rzwvkz6cX/vKQfW1xm++dPkz6cX/ALykH1tcZvvnQHoe0rzwvkz6cX/vKQfW1xm++dPkz6cX/vKQfW1xm++dAeh7SvPC+TPpxf8AvKQfW1xm++dPkz6cX/vKQfW1xm++dAeh7SvPC+TPpxf+8pB9bXGb750+TPpxf+8pB9bXGb750B6HtK88L5M+nF/7ykH1tcZvvnX8xjHpxWNuxZSkK/Zvll/ClzjPyv2csr5X/Dk9L3ta173tjja/a4Y9jDC2OONrWA9D6leeF8mfTi/95SD62uM33zp8mfTi/wDeUg+trjN986A9D2leeF8mfTi/95SD62uM33zp8mfTi/8AeUg+trjN986A9D2leeF8mfTi/wDeUg+trjN986fJn04v/eUg+trjN986A9D2leeF8mfTi/8AeUg+trjN986fJn04v/eUg+trjN986A9D2leeF8mfTi/95SD62uM33zp8mfTi/wDeUg+trjN986A9D2leeF8mfTi/95SD62uM33zp8mfTi/8AeUg+trjN986A9D2leeF8mfTi/wDeUg+trjN986fJn04v/eUg+trjN986A9D2leeF8mfTi/8AeUg+trjN986fJn04v/eUg+trjN986A9D2leeF8mfTi/95SD62uM33zp8mfTi/wDeUg+trjN986A9D2vOh4d/6XDyDfni5Jf21K1ch+TPpxf+8pB9bXGb751nz1HbnM0e5WZ7Q9UTC9hykFXdsSHOg5N066pyxk7CjyNYbBXMOF9q5WETeebvsauZEa6mMQO59kRp5Dp18MrxflO07IvynCo3s9kmleeF8mfTi/8AeUg+trjN986fJn04v/eUg+trjN986pT0PaV54XyZ9OL/AN5SD62uM33zp8mfTi/95SD62uM33zoD0PaV54XyZ9OL/wB5SD62uM33zp8mfTi/95SD62uM33zoD0PaV54XyZ9OL/3lIPra4zffOnyZ9OL/AN5SD62uM33zoD0PaV54XyZ9OL/3lIPra4zffOnyZ9OL/wB5SD62uM33zoD0PaV54XyZ9OL/AN5SD62uM33zp8mfTi/95SD62uM33zoD0PaV54XyZ9OL/wB5SD62uM33zp8mfTi/95SD62uM33zoD0PaV54OMY9OKxxxxspSFe2NrY2vlLnGfnle1rdi3bZ5vTLLK/4Pw5ZXvllf8N73ve96/vyZ9OL/AN5SD62uM33zoD0PaV54XyZ9OL/3lIPra4zffOnyZ9OL/wB5SD62uM33zoD0PaV54XyZ9OL/AN5SD62uM33zp8mfTi/95SD62uM33zoD0PaV54XyZ9OL/wB5SD62uM33zp8mfTi/95SD62uM33zoD0PaV54XyZ9OL/3lIPra4zffOnyZ9OL/AN5SD62uM33zoD0PaV54XyZ9OL/3lIPra4zffOnyZ9OL/wB5SD62uM33zoD0PaV54XyZ9OL/AN5SD62uM33zp8mfTi/95SD62uM33zoCQXTiv5KuO384Oxv6uRDW3qJf5Koy/N8zP1cTa8kTmoa3PG3Wvr/nzJmnGYbJpfkLGBbLrw1cdGGK6EnNO7+uWD13W1c6TyuniNXuubpxAKjWthilZCChnrY3QNWNem3Ztdt5tdRf9mzmgI+TdthK/GuHhZCyTi90i2IZ55YncMfB9y/a4HMcTWNuxiYxsLbO1gPRcpXnhfJn04v/AHlIPra4zffOnyZ9OL/3lIPra4zffOgPQ9pXnhfJn04v/eUg+trjN986fJn04v8A3lIPra4zffOgPQ9pXnhfJn04v/eUg+trjN986fJn04v/AHlIPra4zffOgPQ9pXnhfJn04v8A3lIPra4zffOnyZ9OL/3lIPra4zffOgPQ9pXnhfJn04v/AHlIPra4zffOnyZ9OL/3lIPra4zffOgPQ9pXnhfJn04v/eUg+trjN986fJn04v8A3lIPra4zffOgPQ9pXnhfJn04v/eUg+trjN986/nyY9OKtlfLwlIXZvbHG9vlc4z749jG+V7djC707XG9+2v22VrWyytbG2V72wwtiB6H1K88L5M+nF/7ykH1tcZvvnT5M+nF/wC8pB9bXGb750B6HtK88L5M+nF/7ykH1tcZvvnT5M+nF/7ykH1tcZvvnQHoe0rzwvkz6cX/ALykH1tcZvvnT5M+nF/7ykH1tcZvvnQHoe0rzwvkz6cX/vKQfW1xm++dPkz6cX/vKQfW1xm++dAeh7SvPC+TPpxf+8pB9bXGb750+TPpxf8AvKQfW1xm++dAeh7SvPC+TPpxf+8pB9bXGb750+TPpxf+8pB9bXGb750B6HtRB5CP5g+8H6IOyv7GHrWID5M+nF/7ykH1tcZvvnXU09x10zcrBc0mZ1UH3lCJaJpGHmPEzKXHUcL5RUCz1kSQsRyjYdw7lNA3aOKvYUs3gRlwfC+QSSEIfyL4XAtY6Ev/ADB9r/0vh/2MRfWz29rXte17Wva9r2va9uza9r/gva9r/gva9vwXtf8A215H3DO0ukNOGC5SM8PZtzl4RAlnMCTsUN7alNgvlKvie2hM8himwa8kuUwN4o5ty3fKKCIh9pbAKwvf4ZzDG4X5M+nF/wC8pB9bXGb750B6HIQIQAeIQAQYIWHZ7UMLDEMPHtsr5Zdrhha2Nuzle+V+xa3Zyve9/wAN718s8cc8csM8cc8M8b454Z2tljljla9sscsb2vbLHK172va9r2va97Xt2K88T5M+nF/7ykH1tcZvvnT5M+nF/wC8pB9bXGb750B6HQYYYOGIYQeAQeFuxgGHjjhhjb/5mOGNrY42/wDsWta1f3PHHPHLDPHHPDPG+OeGdrZY5Y5WvbLHLG9r2yxyte9r2va9r2ve17divPE+TPpxf+8pB9bXGb750+TPpxf+8pB9bXGb750B6HQYYYOGIYQeAQeFuxgGHjjhhjb/AOZjhja2ONv/ALFrWtXzrzwvkz6cX/vKQfW1xm++dPkz6cX/ALykH1tcZvvnQHodCBhi4ZBi4YCB52vjmGJjjnhnjf8A245Y5Wvjla//AL7Xte1f3DDAPDEMPHHDDDHHDDDDG2OGGGNrY444442tbHHG1rWxxta1rWta1rdi1eeJ8mfTi/8AeUg+trjN986fJn04v/eUg+trjN986A9DoQMMXDIMXDAQPO18cwxMcc8M8b/7ccscrXxytf8A99r2vav7hhgHhiGHjjhhhjjhhhhjbHDDDG1scccccbWtjjja1rY42ta1rWta1uxavPE+TPpxf+8pB9bXGb750+TPpxf+8pB9bXGb750B6HtK88L5M+nF/wC8pB9bXGb750+TPpxf+8pB9bXGb750B6HtK88L5M+nF/7ykH1tcZvvnT5M+nF/7ykH1tcZvvnQHoe0rzwvkz6cX/vKQfW1xm++dPkz6cX/ALykH1tcZvvnQHoe0rzwvkz6cX/vKQfW1xm++dPkz6cX/vKQfW1xm++dAeh7SvPC+TPpxf8AvKQfW1xm++dPkz6cX/vKQfW1xm++dAeh7SvPC+TPpxf+8pB9bXGb750+TPpxf+8pB9bXGb750B6HtK88L5M+nF/7ykH1tcZvvnT5M+nF/wC8pB9bXGb750B6HtK88L5M+nF/7ykH1tcZvvnT5M+nF/7ykH1tcZvvnQHoe0rzwvkz6cX/ALykH1tcZvvnT5M+nF/7ykH1tcZvvnQHoe0rzwvkz6cX/vKQfW1xm++dPkz6cX/vKQfW1xm++dAeh7SvPC+TPpxf+8pB9bXGb7"
20:09:00.072 [Test worker] DEBUG org.apache.http.wire - http-outgoing-0 >> "50+TPpxf8AvKQfW1xm++dAeh7SvPC+TPpxf+8pB9bXGb750+TPpxf+8pB9bXGb750B6HtK88L5M+nF/wC8pB9bXGb750+TPpxf+8pB9bXGb750B6HtK88L5M+nF/7ykH1tcZvvnT5M+nF/7ykH1tcZvvnQHoe0rzwvkz6cX/vKQfW1xm++dPkz6cX/ALykH1tcZvvnQHoe0rzwvkz6cX/vKQfW1xm++dPkz6cX/vKQfW1xm++dAeh7SvPC+TPpxf8AvKQfW1xm++dPkz6cX/vKQfW1xm++dAeh7SvPC+TPpxf+8pB9bXGb750+TPpxf+8pB9bXGb750B6HtK88L5M+nF/7ykH1tcZvvnT5M+nF/wC8pB9bXGb750B6HtK88L5M+nF/7ykH1tcZvvnT5M+nF/7ykH1tcZvvnQHoe0rzwvkz6cX/ALykH1tcZvvnT5M+nF/7ykH1tcZvvnQHoe0rzwvkz6cX/vKQfW1xm++dPkz6cX/vKQfW1xm++dAeh7SvPC+TPpxf+8pB9bXGb750+TPpxf8AvKQfW1xm++dAeh7SvPC+TPpxf+8pB9bXGb750+TPpxf+8pB9bXGb750B6HtZQ+mR/ij27+l9DX6lS9VP3yZ9OL/3lIPra4zffOqt+Xhm9JUQdU089yynHWPq3eWWgAQwWn3ps5CfyqiIzsyaWVk+B3EqPfEayOG6rYGRS1kMPG+eB8XAwIRtkBvI6N9+JL0H/N8//wBt0n1d7Xl5ceLD6WKraZwWocfx55haemUBeyhENMkbRBFI4oWD0coa5YumSs6CEglMbvHBx3ywcpQE1mJfMUtjkniE88pofJn04v8A3lIPra4zffOgPQ9pXnhfJn04v/eUg+trjN986UB6HtYA+fT+lNcK/wDw5P8AqKTJW/ysAfPp/SmuFf8A4cn/AFFJkoDf5SlKAUpSgFfAQQMEMQUUTAIILDIQUUTLHAMMPDG+WYgmeV7Y4YYY2vlllle2OONr3ve1rXvXzpQGWjcnpV2oMHnrpupsNyfvSno0htmOX7MDMzVoy1kZbgcxkQEkg5TirMd4BON1myxY8oIaWgtA03nGRIGzCU8BAgBsw9SgggYIYgoomAQQWGQgoomWOAYYeGN8sxBM8r2xwwwxtfLLLK9sccbXve9rWvespfSqWExY04rYZaMcstpsBpkN9NfhyLYZLcR2q3iY59NlQ4eGKoqETIJpcU6bGGNGxAS2GZgyKIONlmLnllfVvQGWjcnpV2oMHnrpupsNyfvSno0htmOX7MDMzVoy1kZbgcxkQEkg5TirMd4BON1myxY8oIaWgtA03nGRIGzCU8BAgBsw9S9ZSOlUsJixpxWwy0Y5ZbTYDTIb6a/DkWwyW4jtVvExz6bKhw8MVRUImQTS4p02MMaNiAlsMzBkUQcbLMXPLK+regK6OVrf3yYukMo7lfJN8t3ybLMcpPycePnya+GvH+Qm2w++PG/xNf3g7wT4w+Fe5eK5/v8A7z7x7oS7478AmtEj7+VKKYyk7wV4C+UaPWW+/Anf3hPwN43ttNcHgrwl3mn+EPB/hDvTv7vAj333HvjvMt3TuOFCPStPxIW0X/w465/+oON6nS/0ndFwcVsaN/j9X4iZ+0q9rdBSSwXvNigqE2aySptkNPByOgsWTWW+wVZ1pyDY9Zopy4h5NrBeHJqS9kcTk4ZFVZqll+PsmqJRe0+y0alYgeQRyR9obqQ5pThbpBeyEn8mkIIzVe6jHK5vMkzdHUrPEm4UAGSGis6h4jr7LajNGJnF4VpI5pvkBUIAglF10+vBYqeZ6RHNpu3te6ONfhe2U1glJ0a+zHt9sNpk6jhVmv8AfzDaCsZnCBFl+gx3IwrGWCK25YnydKolhuVtHRFMBRSyFssyho2EBlVzMUviGm9UW1/Rr2qFnIBvnA/G7rK8do9hT6xi0G2bTG+gNdrEy6k9ZFfbhyHDbTCZSYbOJ5Q64FnIqcNXzOnyKcloyarrqocKpaUcMB55eUDR7kE1Y0QmDkBF5nd8HTuDr430SUFZvNBzNOKtNl8As6kUu4WonaxtFtE0TJNJJiqdsjnXetusBVzTiuK+3hwDopUroT1bX2pvTo7ptOE8RnHT5UpfgDX/AGEUW662chOluN+RXzFaC6D6m3ktxEVIunG0k+5FgmkKJfAM+UImBQgTGGA4tswKk39zmbdawMto7Db5cOU3av6aOZaayYsT0gbJxTOT1i8g+FEmmNZclyAWy1m48mGUNGVEgCpEz6wMqJamaLtjvI28DiY3T9lW/wDyda+cf2q7a2kd4TilpLlNbZTN19YMTFy667J3fMkpRlbYqCyriChk+8FdEKGl4yujZiAFkYvl4PKLC4dRUFWpi549wjW7ZNx8FOgrax2D2ynpYZBLYxwo1szcX6lRW0321notrkrPIuEbS0VxXUkREIqaT2po43Ug6cLDhBvxWZDcW9HkMa8seJ4B1/gRQTkl+JGvkXxbHDXVnQhpykZzEi1mojQSXKAAfCO2TlcYFEBOWMFhe+Cwwl7BmL3xtnd65+85CVZeHvHfZoe1peOc3Gxuu0iQAlcmPFxImi0L7MSIgxLHE+pezkT7KNhvSI7MRR2035gQWM3GspRlc6TBHPmxDZxYNlCZFaMl09QBbrgETND1YmeWTaR47vbpauaDb1xG4uM7Rdj7mI79T9jJvRXu6AdyHfGKo5Wux2ZFT3arI+SOLEB5Ia6pqCgrP1+ZjIhByoLhVMylkQVvrm2ag8vklrZGjAVnVdvNLuE6OQnbnj/094u0raJy6iYM4+8Hwq7zsaBQ1ZCeTbbC0RVQm4+YPVShTMI+47pGSeRdq8ZyxJeERLlwjPcANFVYdIR3BOafdI55o3KT1M3J2zyeDbg9Czbmm0QocvOdpYkWPGR+y08k1cfjDCSEE7e/eJE8AcPiDqFrl8iweP8AG0WlO48BaU7jwaDYW3B5cXrK7Bacy8NjXhCK19yJ6a/JcKclEJSiZj5uGM74n3MBHiDEaKsvAROw7AlkNNVSBs52e0CM4Xt+HnHIDy96f8dau2Y3lFUfcnbIyIkF1eKNVYGZKrJc7yOWPnVRLSjKS3E7EBLSExSVUZVIElFyrKRipDJioEhgLBxPMFMewtNt+j+4LneTaOaL8gmpmLPQSK7g49yYFbcQth25HlC5C6KzVJDk5+Cq68Stbv48RHJkAwE+9jGJkTL+KqbAjCYoz2AkoVltMWRirdyaBZ/iNxHzexdp5HxlTJrgOrInddBbuSmYHUckQM/im3PjjHLlrmBMxMgK1+IDk2x5XtYnjshjBajr1i1Z5f0J4sNYfdn+rj4shEZi1ZfVFDFlMWyKonrO+xI82LJqlZHNJouNl5SsP2ALL3m8WtHbPdUgPleTGqymM21x3u9zrRnAkjt1sNpMNLK8uqpwS9gyqckpRI0fOmM79qCWAEEy/BjWZnolX4uzYX/xD9lP1YiGu2+Xt+ubeLZXXvg9hFaUChebsUyf+RJ6Nw2MCai/SZhr5I6KwRVRPz74Q3TPbmKp7XIdnPEwUIDoQCunHGs+xhwwzJnenDhzRN7l/UtuBmhACxCrP1ue7EQWcvOCQPGxbldoyPaQDzWd6o1vEFoYxycNILMT1YZuBrj5CDycNyoLgMBJuB1T5NyD8oM66r7X6z6XaqaOfPgnrYyOJUlIJq32YZutoLQakZCkMRDxlcfTAdrbUAlgPxhywzUFpt5AGEMEgRCWTqqGCUgFwHt5CaPIz0hdqNdJT0BtNjceJW83UJJKhEktFQkUvOiakpKaSAxwAKJ6anli5MmVBwwCLlgQwg8ccMLWt8tto95MDHP2mbCalajNqTGsyeOYCAo+mPYN3r8a6ysl5uSXTEgvF2LTjaqA6HW710FFWcmKEwWenF3EfzUfD2RsBCaivcwxNNUTf5hqrIqhPcmWUXRHn/k5I5bHpds5yOTbI7kbe4fF4Q0ejpLZBxbb8lhbxQzs0ZdD1CXkAgSY2DHjRmISmjAG0I+4F8Z1qCn3gUEb5dIsRMmFoIwSsJebxa0ds91SA+V5MarKYzbXHe73OtGcCSO3Ww2kw0sry6qnBL2DKpySlEjR86Yzv2oJYAQTL8GNUmaO8qGwjq3jfPGHyN69sHXncFIja00xI7IYeK08YG2HjAMcUuoqbBFdJUB1I6kmd5LBkEqqjns1EBsvQspF2urNa6ardT8vb9c28WyuvfB7CK0oFC83Ypk/8iT0bhsYE1F+kzDXyR0Vgiqifn3whume3MVT2uQ7OeJgoQHQgFdOONZ9jDhvx+F0fRfgfj8Lo+i/B3pw4c0Te5f1LbgZoQAsQqz9bnuxEFnLzgkDxsW5XaMj2kA81neqNbxBaGMcnDSCzE9WGbga4+Qg8nDcqC4DASbgdU7vKy2cB7eQmjyM9IXajXSU9AbTY3HiVvN1CSSoRJLRUJFLzompKSmkgMcACiemp5YuTJlQcMAi5YEMIPHHDC1rak6Zt9jmsnFKUoBSlKAUpSgFKUoBSlKAUpSgFKUoBSlKAUpSgFKUoBSlKAUpSgFKUoCg3kV6Q1p7oouyfEbCasmbkbORIgrjgkOFoEQVM8jRQmN0jipLSxOEr5I6m2Y5b6IT7fNyG00g9Vxr3xwycLbTi4ljGNpWj2zHzy9QtdNq/En5OPl+ihpyf4h+Mnjh4p+NCfgf8B+NHgFreHu8e37l4T8XUbvnsdv4PL9ntLQ75kWExmtxWcpLobLLabdc0g6pzAsv1xITcR0hde6ulRoYQUxVd6unky6g5VJOQk8gikDyyYOmiaSRJpxcUMmWBBw/c4PvxQ3HT+ijE/6vgUG94WrUjS4eQLnBTV9cTkHo9/jIhEFhTJIri8rDqKj+HkkqdHATlrwQdZghxL8KEwwT3g43nmZI9372HzyFCzvfsjiQ5UZc5LF7cJvShpmX1MO6gywmQW4symxzf2JIOiWCY7tAkhpp680Y0ZTWw+TjJCQO/FhBcDtSV6ztIiphvAqV75NzL5GNsEvRvRraHa1SGKBmobiNzL7TLnrB5FFWR1IHBtxagGMRb2wuC4pHW2shi9mwl7YKGWVghr2sFnAno52rynrFxOa6CO8I3lKWyAS5trKykpXEurLLnnkwXcjbPLFx7XN2WQIsAjxKV8TuWRuyonHLj4giXuXBca8y15GdQ1310kcUdPNBNEubDz7AHGLx0vfkGC1WcorBnyYDuxkXatxAiSSVEOAKLCYLrkZDc+MjriSdTzyWpWJFkcEI6TGOl8jTZMJTjU5bca/KDHfIkQm9pZRbIOuWy2rb5AjrZXWqVMk807o0cZ7NXCRz6evpPaJbtaK6O318okOAsVSzA5pDP5jo5ZOMIiisdnbQ7K6R8U+vb/n6VQ47gWOBVo0snEVgtJuIDlluTVNP7BVEazUQCyQK+pKchVJDAxGHvfMBNThFZxq6U2kVRVU/OTpPHO1aXrNz1c3E5Rwsa8P/AHa1tmOR9cYVPYmST3ZMTwlBEmK0du10gXwJnS645i+DRBSMzJRFU1C7ZUHhgmlEp4IeIblm2/N3WkkCa6+t/G/rQn8T5zZv2RkScUbi54ypK5AoZ1zdamw5I2Jz2KjDXCPHC9EQAM2roUJhvluug3Lw5coJgaL4JYyQdOFDKSohkMEhytZSXLEeNPkvhHk3hlySXFyE843fMYPZRi6doKk8gAkSbDUlo9r9/txyp4IomBggauGZyQ1wLAvgod5KScfIo7kRHAgI8NujPR22474UdK8G+TKgGXqgyTIjnPAB4YjrDkdcvv0wOcPiYWt3c0QSgEhugiZ2vmGmoZAre97F7XvDnjtJBRN0mvm1iBm4YprDkqFNc57X0YpjkETzkI40omWVJWMhh52AzUFJfmSQ1kQfMLuwmS6Zyvn2chshrvmWTpC7wjRcfxuuiGqalKVCClKUApSlAddy7LEfQRFshzTLDmIs2M4qZrifz8dKjYbMohNZrJZlYWVDMAqEOcNiAkigtyxAiXMqCgZuCRTypk4YAAEz2o/OruXIkJq258J8LE8yJoSnkXA7SE4KuzcNMuZ3HFzWEP2XJHbmrQ7fXHetJBcqnGjxIBMd5vFXIh5n0s6bTghzoWjd0tRrPlvqjSezaQHg1Vwt3mttl0oyc4G+sFO6YC96qiMrFjacoFu6hBi9wNlhgu6B4Z9r22GN7Uo8tvJbEfH1CSdqPr+xS0q7sT6xDkUajadQ+2gFBSKWcKUeaTfdq4zG0WxBa0XNTtDAialhlCWbsFRDLeboJdMIOVwNZ5zE7IukWjtVO0dKJG0x2dyfafvLj2D5OikgGUvVQONlOR1ZfWEvIBzoV0NWMtZZYii3Co5zMSQyL7KDx8C3kw4oArDvuVIoSiqE1BPUDVVBjna3QJwHjvGc4UJ9B4/cm9hJXy4Y7PQoLNwcIiA4qAUumNWMUSzlAbmaFlZxZC5vvwWE3f8A2pFXMWffBx5TQ4eONv5mPFfBmmGy7bZEkubIm4H1M7LcKUhvliF3o/XwekW7RyT1QuqIC7gwBDKIiZKYeB1OUHE3R3Cjjd7GCOYcaebjkUZkJw04uL7U9hiz9v1t7Ey/A8S60xWklT1otYEjNI+zlCRJALEbAorDbDZZJ1SVGolq1yZQcMgVWVQumR2lrzhT1ufFUr9lZZJOW+1b8RLvNddgIs2qg2Ldi4TcWLqiqYmckvdlLdy4pIyOkqwPbXKKacYtYylLaQcwNJC8kGscTaQtED6aaxxMFRcbVC8yfOnGvEmuwFHQMPC7GzNOCpkpG46ISVhGmEeRSGqAtjCTHKu4MGRxu5LTzOF2000QVCTy7hGTXUNZwERm9gSVJC6RRW0OHLiOidjbEPtKKN/UOBHG9ZseBMbI0kl108qOSUZBTmvkZ70MrgITtdCq2WQWsCWUnLliilCqeCoKQJHHHhyLRbKUvcXD15cNnUEwhz3yN796sOCLWYp3zGMwdpOzS8hlddowTLjYWwJ5uVHFvIrlOJeJMq8LKbTcKqQAX8D9rM/G+5bLITprWzV1eVzeTubuFB+hmt8lbTbDuAygRjGSYXNqGCUVDUnI41lUPF0hts9oo4hkniruhzrZ0mlJJMU2TIgiDiKKwopSIRU1QlRyvc+m1ESw+0dxNlOGrYWHNBXcYbJ22waZsDFkhyg1GS9DZEq1H4/9ZyTbQHcy0FZuoksghlt1FwMRDicVxNimlpCBVOB9KGLYSIk8SWtbgtcaNp/5R4Kb0ipwmWeBFZRQxBGpdKVLY3tgYTxiUgKxgQqPiIDmOVLme07qUBzw0CbrRu2JY012qit1p5Q41n3rjM7QVSY4OGQGBBYjlwp/dgcex2C5ghcUM2QMg9zHImyxc0VECHACEwZvCH6ngaL+rJlWXrW0juuNpGY8wR4xpXjNypryjqSmk3n2xXYjiZipTkaTrSiq43lshmKGEN3qppR0qbBxHBBHDxFsGOCENjmHjzWs+/Rc3wvPjhH1CzcJkwdNNQ1N7HIHTWYggoyC254kgBvlscxM8uyXR0cUmgk8MLYBgk0ouXxw/ir5ZaCKBmnsnKOKoe1t50412p5bJk4xYoh0ZXacPsp+Lg20eMk4CIzvdcYqbcbb5bbYjcNhXDOoKM8lVcagT2CkgcqpKDUUTBFHGIGSpm/ZPNVupI2t2vrL151ey8J73b7PYPWbU1DKGbgKDdWHNgWJP+bTY2GAmSW34abCtgtDuEUIYihOVUah9WLiIYSsIBTNpjqOwdE+kW6v6oRvexlvw7wlgoJ5ezL2LHHm8Ts3uxbfz+VQrZidorPt7Ka+7FEPugmBc0riFQMrFgAcMQL0uQ3lTbWk8lwRrFF0FP7cHdvZ3NVMQnq/Ga832gfUG2hBnxVh9yDIDoxMIUcsUrZJWcMHCoJymHnZCcJ8cuVQm24VhK6KhbmQkhM2/iPSHkW0NfXH1MmyBJaH1scYs4x7snCsuqzeDBFVGeVlJgIrXJoD0tcyULFUA4kGs7qCgip6iYTDbnaYa/cW42VD6Y57zq7mlGye82Q1FMpeY3Ggtco52gxyYCmoLJa8hKZQNVQGoVKnFg8pg3VyiQAAbUzJrHEMc1nnlBcEnKHPby96YPXVdsrBjj14mZYccpPbblSTDiU2JunvA8zVxNjyIRToIQrlRiKqxGbgKdL964itxRdDoVQw0s3G3ja657TH8NactB2jPby6LN"
20:09:00.072 [Test worker] DEBUG org.apache.http.wire - http-outgoing-0 >> "LruUTkhfegQeqbUhvV/Lbuc9vZ6CgqMYgwmpDge5g/duH1o0u5vdxsl7oYQBM9ihphkFXLoaWWAWRFU84CYKf3uc/N1b295VpXm5osbZjh5TtTYXVgHGK7Z2x5D4DngZoCprZV1JvFi8WMJhpjlcormcxRHbGeZVUIAIhdXHXzYo5dLzIm4I8w8c70Pbk64h5D1N1RP7EIGtvzpHsrKbmcYkfwc25Hk5iJLOYytK8jhJS8M3UtiCNzN7WIEUU4uujAOzRbNsXA408Yv2TEvKruZBG+sK6B8rGuMGxUt7Yp68Jqxshq2/Ho7YQfDvbYYYilGS6mSQlpzwTHHcQ2lpeCkJiQECX19pE820Ijuou4k9mZcS+9PeNqxKnbbb7lLh6aVlj6r8PPzxoeJI7fOpE5eUE12178NqyimhGV1F+TORmypuhN8XFDIRM8ImTeZZX7l36TwwAzxxtEjW/mV3SkPkninjb2d4qS+qD/AJBid1To4XQX3ri7YfNgROgprtASXYqt+J4mESRPGd9tskxSKOqPhuqxYdeIrohQVLyKeENDt72ta973ta1rXve979i1rW/De973/Ba1rfhve/8AsrLLwVnvnwcgvLny4Huyps98zEm6VaurN7dqX+RKESKIZXFBKwy7fDFNexFPhlymMiOdyfjKG57CDnDtzOYIvjStI6z8I66Iam6UpQgpSlAKUpQClKUApSlAK86Hh3/pcPIN+eLkl/bUrV6L1edDw7/0uHkG/PFyS/tqVqiy8/z2hFl5/ntDbPye7weTf0YnXdL5MPll+RUvHo/ya+Ovyd+Mvj3K7EjDtPHHxSfPgbwV46+HO28VVXv7wZ4M7Un374QKV0sTk45jpHjFjTGz+BpNcrAkNktiRmwaROUvXu7gU2c70Ak5kRQKt1fh5umO/jSMoFDFkY6YIqWIoneeQGJu1wK/f6T3+Iw3q/8Agfr5/wCq6Ca6B1B6RPw5xRptqpHbu3FIWkKP9a4MYrlZCBDOwzocRd5tWLWwhLbbKF29EyiWPniqynm06xgobFTBBg+7Yn+9MrGapZwvt7jt63LCeOTlyh3kFeUyQQbi2WtXtvNc7lcpw1bndHLJb6bCebMgEwXO21IiLkRd7P77OphYRYDKpB4vksIJ00il0dytlUWv1OO/kw+fvNPInEHyKfJR8wba94aweMPyj+PXyseKjrfrY8ePBPiGzvETv/xH7+8WvCby718Kd7eMBnvLvg3UTxZtKZt3ObTb7mItAEra66kuLW1E1rgoaaWkZjyQZ5OlTUWYDyDi0z3/AG8VqAFI3UzIaoLYUjYNRZaOSUjyqhOUkj8n6O//AD0ekTf+K9L/AO1ee6qa0SHtE+zSJD+naH8oqNu/8puu62ehcPytb++TF0hlHcr5Jvlu+TZZjlJ+Tjx8+TXw14/yE22H3x43+Jr+8HeCfGHwr3LxXP8Af/efePdCXfHfgH6GyvJPr5pxo23d7dlTKqzGC4mVHK8ms1tBYu95uF5Sa3Si63oyZJbPFAAcjkM3GOBBHDt28kgpqUpuJcMoSInqJolWv0rT8SFtF/8ADjrn/wCoON67J3o4zxeVPiH1t18QJGBiiUGOydap1hR8qJM0oNxKlJixJmhpZZ2FCFslO7eWW88nMjGVBLDNH0A4fIuMBLXrpGSAqZ1RNGXtPsxqll7T4VT8cnygctjiaeEqs7gElg3E5slZfTMHhvNAbEnk81sge+sD+evR9lqDmTnDkVv29mOorxZzCGMciZYmYHzLWMWB8dXIvB/JVCKlMEOpL9Y6uzHgqxrLkQSw3cmpJ8SSSgYhXWGo6kfu5ssLbDuthE5WTjZgmbxwNEDeKY4klfQEen1P5deUfQpHJovLLxdyO+mU2SmBZw7p6AHkyZY7VE8gFiWGeryiXu5NSjkiLYK6itqrhczMAEHGHshsNNBuQSxLu9J99tUeQ6I8Zr1JlpIlFmFlCyI4iwRRSQnYyXHYsEbEbj2Z6+UTnA21XEAXEYt38Rsnq5TsKSCfVUsQE8LfrF7lr6L9YvctfRMKlKUApSlAKUpQClKUApSlAKUpQEB99uTHT/jZZTadu0sjGUBWf5hUToqjJpN9Vesqy0to+SUEfRWAzUUEQc+YLmV1EKGVNWNIrbTzawll1RcIiKBSwsVeJHmBx5U3VuI38dWZD1etqi+I9Z10eWXNYzJTjyfhV9GMvHWPbM5AtFjgQcmVcA+2vGR73zEUexkql7k74mbdlthMVyuFpu5xstpr7rYQqqOxnOttxHVXCyx14sXJrgzTWjxMdSboqyUKFSqqIjmSeaiWLFwDmQwQIeOOaDge/GYdI4/TvZ3/AJ3sPQFkHIRytIumMwwRqZD2vUh7lbvbKklVeibWyOHC3mNjZmId1PBSfchyS6wjaGwWhYRCcWJdZMpSqXxDbLkPqt0hKRzKhXS8Lcx8kpu3sR6Rciuhj84+pl2QJLI+tjjznCPdlITlxUbwWIqo0C8qMBGaxRvvW3diZYo3jiMbEufUUYgpGEsy5Wlg4YDcvz9S9DOZrQTkWaWAOw8nPCBnXqQt6IxwTcTk2rkBkmlx/OBMlaB2k3244yinkiKb0WAl8u7jrMS1Qu1skFvrB1RWVky3ejZe2gF5XeZfi5iqToZlvjibWnD5cW0TMaW8zLVomn3at8FDDVVUdlwi2SJZwMI8koirHqb4ezEk8RUWktQXxU1GMKDXwSzqktaqkM8z2LtKXxvBvhX2RNnt72ta973ta1rXve979i1rW/De973/AAWta34b3v8A7Kog4++dKNuRTkO2r0ph2HRgYx11ZLkeLR2cvJOCunTWA0ZBZ8ZLJpux0EwU8BIaptzr64I2XUDIzkwXUVBJKOSUnCrYhJG/35vtn5QT2JD/ABsalK/e26nJW5FCGWcqkcxRTMKwEGWvnsHP61iQFwUUxParEzVE1GPACElGxgyuOBtmTCoyhimVdvGlr5HGqHSOdt9bYjS/BEcQpxQa5R81S2eIXfhki3xtcSoyyrCghh4nF9wnrG19xKWWFhVRdUlFRHvkOaEyuzM+RmZaStbHvty5JWqWw8TaR6763v8A3h3qmVvmHq3de47drcjtGaTCLXUsbPGWJYdJRVQI9Sj2SQpikczqQfwCIJxhTXBkMidb4y7xHU3mKVZJ3Fx49d3dP37x/biuFmm5BidkOiTWfN8XzY1E4spH1HOM5kZSW3khdWyaWiryoImBoVimIDbcqeKrAuFFMol4H8WhMGUekR888zurDE48YrS9boKZhk1e+YyMw1RA71UU9LwEvlYoSUBYVaagcwL9zDMHMsjQmOQpobPN0i4kCxNr+BfYtvB96SGyOSdhxqVUCeOQR9UZMlOSPTbrbZsUDIIc2mqRZqXTblRBL4hALSqGXuD4SOXGm3is1TbbWf3Iq0kV0RZrNUScJPspXV04r+Srjt/ODsb+rkQ1t6iX+SqMvzfMz9XE2sQvTiv5KuO384Oxv6uRDW3qJb9iKYzv+G/Yj1mX7Fv9t/8A2bTf9n/2apZlWu33MIyYM2MA0h1e15lvfveLwCA6HHA0HHG6327ErcOgETCasTxMbtHxZ8UFFUFVSBillEuqDlCqujG10FGLuBtZrcbXrzfz7qA4GMd5UuLyVtHYKkJzJrNTdlmBsFGe4cUM5xK98u8AJYGjFutdaYRISwRi+I1k5cUD1ixnNCSlkEqcGLRP6JICHL2sW7u874tgsT/tlvZJp+TXWav3wqiJLebDNdqA2RDIlrjBkklxye+FEoVwuCXCLLJUAMuGEUAtbT/MkLRNsNGzmh2co8acrRY8gk4F1MF8I5Rfa6+EkK5BfS8FNKPBiFjViC0lJqoUuJhe4B4kWMB3xECxvZ5hDSNdY8DzCGkU33fgr95XeThL40NI7botuKyGy6KceUaNlAa6NKBdgpbiS5MEGulOdKfRNkyUUNELFMADxHEqgGS6uXNBCAKAAV8Rc+X8V/I+xOULVVN2HbLLORM9Ed5u6MJng5ZX7uVxw3J7OUO5qDRWlkRvtMZSucQjiE5k48K2kQQRPXAShtPJqZFRJlqfelcM9pxbwieIkdNlBZLIYEz63NhktBspRNGbTWbbaNn01AQEJGTwgCCYjpCcTKkU9OJgglipQAIAEPAPDHG3C5IN58KXO4jS32bN/j95oFIq05PE7OYDWiLdpMOZ5JjuO5XvkVSS77XHBdXUVNRNkShotJ0mLAwV06MydgIizfRfhFI86LOjIvjWa0Lj2LyVeOnLrM3Fb8i3g35I9SUvaX5d/lG788YfCTqils+IvyYeIhXwT3D5Tu/fGf5Q1LungPvbxeD8Jd8J/AEvleNNbleUeLrY3Xv5CzT8j41Iuo+wWMr+ObL2cTyWGRs42yzfMxqzM4+exMinugM03x3M7ccVtoqSQAeMBrDNUXPXzBwQgfS6Nx888e1xH4kGuKFfs2v24dpZ1XBvl2LXve3YFBEx7GVrX/g9nsdre17y86QRqVHs76IOvYg1I6PAWwGhWRjarWjYo+Y8Gjx7IEf5EV27XGUgC5lRESZMMIyO3iyURAOmBn0Cw1cqkLp9DJoqhbF9Jd/Ws7Kd08rHKmicbDdgRutCFlXafaHaaWUiJ9ftY2w9wGC4n4bMGiBRfcQ7nFab4sjITfNLDeSbj5No/wB/LzlRSWWRFN8LrSPaU1TbkPthuHnkiJbadx1BSDbqbiGvjutFQHGYTy4y2io7oNITXMuRLSlPM0RIL5hst0dYKABKAqEkiGMiBfIH0f13D8wG2M5cx+1a8yVWeoOSGbq7r/ro3hz4yZrK2TTAKqrslculLAOJwA5NSivPTxOVsRjYRUE/KiX3+o9xSgW5sapmZtVzwlmayk26qUpQClKUApSlAKUpQClKUArriYJcjqA4rkObJcdCeyoxipnr78fbqU7i3JojZbScOqKp3IEuGMbOD4li+eBJNIFzKipncy6enFTR4yXLi9j1m56WG+F5n8LE8JyGZMFA5AkiCGOujFcxAhckEWT0J0my2QoWWOeJc8ZapIicw7PczRQyOTGxzBMCYZAtInGE7n42sesHr+7UTcMexL849UDFcXr7BnNg4na8urMatk4cLOCTW9q4O31R1rbVSgCJk+aUk96Do+BAueUclrFJSlZRI24oXJtp2v8AH/5TQrJmJbU8KNjUkH3WdT8w15LxIKebZPsU83QRTA95HKvsPOObNUoYN5nnxcFHSzh8M2TOGJJwPF7PjTXeHIZbyQmYsNhw1H8ao6H3qAMkZNVtspJbJJNzJiB5FjBERKJhlxQBQsghwcssRcMsc8rX8zxzqa02ODbYXTVJVlQtFwHSLQNZCWeJo1mEnxaYjxXeIKJYUQbMPweReMcprmxwGwFxssqNzgthBxQxA2uU194kSOqwZmfVFn/Karqq0NXg3P1tcmwKT3oXuF3YxM47DpYm68NgQthYgPzOBEp8YOxSWDeq+CKC5SrRMEhcVYFYGfuLazRMwXF4zYtc0VXRrpFff7VRF0gF5EjUnERNUg4lKzKFIBYoZFHNtc+EAGnpJZCywwU7vU8umSzNAZwwIK3i9hsGsYLAK2IgGEiF6KWC4YmWYPPNpNxi5cjtRik4zwSweCPZgqbaGaBhtBE745A4Jtm6Pmlhlr45B4lewFfG+NuxWaDopxBHmThgwh6Xm62pOYEfbLzlHSc1nw30x1NRQQCbhbEnlwh0BwAKaSbKl3q7lZbJhilcwyql2hoHHE0DYe7bn8lUbabt4lzNdrnYxjna3QJwHjvGc4UJ9B4/cm9hJXy4Y7PQoLNwcIiA4qAUumNWMUSzlAbmaFlZxZC5vvwWE3f/AGpFXMWffBx5WqSHyhaeRrx+F+TFbkIc3q6qR0gSE2lhLTLiu11ZuowXSm6xENrnDBIfOQ1FzGcGkYbh8yRwQ10upWcR5ITEZXUyNcvNxyKMyE4acXF9qewxZ+3629iZfgeJdaYrSSp60WsCRmkfZyhIkgFiNgUVhthssk6pKjUS1a5MoOGQKrKoXTI7S15wp9PfJlpor6k8b/R6+LWR1km5kRw8gUGtWe8k8cwK2lxwO10OFYfLfAMi4ACKjSIL82u4kj5nSoHf5BIS1MUgUMghgF5GmlNnVZ7unDiMNXVkhZ993aezln69z6bURLD7R3E2U4athYc0FdxhsnbbBpmwMWSHKDUZL0NkSrUfj/1nJNtAdzLQVm6iSyCGW3UXAxEOJxXE2KaWkIFUt12/kZjzBxibTyvGblTXlHUlaKTo+2K7EcTMVKcjSdcBupcby2QzFDCG71U0o8VNhYjggjh4i2DHBCGxzDx7T3WjdsSxprtVFbrTyhxrPvXGZ2gqkxwcMgMCCxHLhT+7A49jsFzBC4oZsgZB7mORNli5oqIEOAEJhnZ4enwvPjop7izcJkwdNNTUvkFY5A6azEEFGQW2pT4Xb5bHMTPLsl0dHFJoJLDC2AYJNKLl8cP4q+WVyS9+8mm9EfWiTvP416H6Ev8AzB9r/wBL4f8AYxF9aF93NneRGCnozUPTTi++fez1prjqrufPz1oO1f8AElyhqxomA0/FmVEBXVHJ3wlhFljw6mDBEAu+vB+YdzAAmV89HQl/5g+1/wCl8P8AsYi+tn1BlsqZojXNvyGxpt3phqPtFwxl9e3HutKNmIwVsPkZhaZjqY2W+pN35UpCMtOJYfcJ7JKjdruDxoMFFxRawLiCIG01JVrDlj4xCfXIhypI2k8n6/6vxNr+/Nw919pRVweFNaY8crdYuZ1uNkubMrr1f0jOoI6iMBnlAk1XzDWjaSqA9wQHIpHsE9FbysqFaxtYT9uQDpKu4GxHZ8MQ5xQwMj6jxcbx/ASAn2TDbhAktVLWvfMvmrJGWc7sJczL3yOd4kWlmdFLBWKFBNKkiFU1AR3FKibGRWRJFYjLdCk0U1MTkXF8rxlPRVQ8WZTXcKmDYRLNOgxmKilcczgBDvhVzub/AIgUe+QZnj1dFQqM1o5fJAc+6LS4+98NHXvoPs1LLGXpDgUoPNLC2OiWY0FrElZUcKagSqwUdskiDuT0lBXVTJvGkMXEIsinAFFRTVI63SC92hyEcrSLpjMMEamQ9r1Ie5W72ypJVXom1sjhwt5jY2ZiHdTwUn3IckusI2hsFoWEQnFiXWTKUql8Q2y5D6rdISkcyoVRdrfsIvcinPjAEkb5M09x3ynp/FklltNNEZTQZBvLc7KD7brmS3lK6jKi4xGhGC+jkkQY+rIbVYSurqJoyz8sSmCimt11rCr3hy/P1L0M5mtBORZpYA7Dyc8IGdepC3ojHBNxOTauQGSaXH84EyVoHaTfbjjKKeSIpvRYCXy7uOsxLVC7WyQW+sHVFZWTLdctP9bLCWjyndIwbTEmk+YW5j5JTdvYj0i5FdDH5x9TLsgSWR9bHHnOEe7KQnLio3gsRVRoF5UYCM1ijfetu7EyxRvHEY2Jc+ooxBSMJZlytLBw3p1jBl7aAXld5l+LmKpOhmW+OJtacPlxbRMxpbzMtWiafdq3wUMNVVR2XCLZIlnAwjySiKsepvh7MSTxFRaS1BfFTUYwoNfBLO7PqDElTi9RSlKAUpSgFKUoBSlKAUpSgFKUoBSlKAUpSgFKUoBSlKAUpSgFKUoBSlKAUpSgFKUoBSlKAUpSgFKUoBSlKAUpSgFKUoBSlKAUpSgFKUoBSlKAUpSgFZQ+mR/ij27+l9DX6lS9WrysofTI/wAUe3f0voa/UqXqAn/0b78SXoP+b5//ALbpPq72qQujffiS9B/zfP8A/bdJ9Xe0ApSlAKwB8+n9Ka4V/wDhyf8AUUmSt/lYA+fT+lNcK/8Aw5P+opMlAb/KUpQClKUApSlAZdOlv/iz4j/Tv10/8klCtRdKUBl06W/+LPiP9O/XT/ySUKvv272jbenMKqs7vKOJlk1oN1fa6a6UuDI8VZPeTbbq8sl01Zf59qImXhUZnMYgKO4nceIAmzZFGJGBSxI2PcMDOTlKAxWcxfIzDfNdBkfcXvFUZfGzsobBzRGB2YnumxBLLPjjX2LWU4AXKeccnLshsxoCoopdxFG+eNBYFRS5NGSVwqdOF3AcbqKtTm6SCw54ZfGZAscQYQmNd14ZU5wa0NzU6D8FgST1TT9sNdaRnSAIE3+yoiNUwdJN3xqsWtkXwNXRRVjsNgNezx020otOY/QWkOfoxl"
20:09:00.073 [Test worker] DEBUG org.apache.http.wire - http-outgoing-0 >> "cgG/fEWscOe22rXF4gkXpk4NfVAvdh6va1yOmpkcNdCFS1pwSDPrpUGG2EZjp7eTE40ddC5Jrjs+FlUFzsCRcK8cGxE6U5FVVOWeGnovhtLOlj5YGfOLhKFHKjBjhBqKFrfdDWCWWYeWWOJlOV048nnAb3sIXNlRwBccBQs8Md0FKZ9ehnTekRsRqfefz8TXyEfmDU/wBYW9VRW33I67uN/oyvH07YlXcWxPE96iaba/xG7cbCCDx6edGuaCuPCTQAAADJm5tnspvLWKCbLFzQia8ldqn8iR8IAQiY170oDHjxpctnRtONHXlGiKLt0gFuQ18Ai4p/nFX1h3FOSHO0qmAczDjebtcB3X4dXMJ+SudVMmo3jBwYk2Uo1kAD3dTOLKqqXAchfInPuv8AqxrPvJpNAQe4utj8XYyf03At9tv0WWU3VWSUVGdyfLcYMbHJtrXf4bYOZ5KBF3ovd2wZW0RSc6GnoqS6jCZcdSmZlxmqdGJzmh5L9U+ZnTpC49uNdOkLb/aOcpdiFQIIaJCUrtYjr2SbDmAV157ya55BZDbRmdgVIhqTPWFAqeOE0dGWnAqrKiSQQLDqOzOPW6pNBgMdprCwK4Vdrs9st1VXx7iXHXFJERSSaeWBrjZZjXFUzRYU6JcXPIS+Y9+3yyy7N78wpTXOf8TXca5z/ia7isnvGR/SX+dX83sA/qvGVawqVFR/aL6VyKj+0X0rilKVSmXTolX4uzYX/wAQ/ZT9WIhqU0i8CUcO/a3YncRhcgnJfrrLOz64lK8oW19nqO2GjGyTeIhJjXaxIQeFllyZNRrJ4IZJuo6s4lUNLK4BFwBLBAAYh3y0oDFdwEabqzZ5XOXpwi7fbjuUPVDa9HaSkgOWWEdQb+0orsbk9tgJ17XEQ2YWEk12tUS1nK01RJMNEFMc/bKIxM2DexTG2zYfl2fegO/T6irkIjNPijj1ejCby9q7uoxI6lh5omb7xLJ2LujafD7YGexJsr1lQRbLN6yc2Em1k5ORlxStkkuMU2g3y0oM/wB/1LmSjX57YctPP/C3IZrI0H2Lo3onqq+IrJ7Iu5iuqP2xPcsSQRlFCFbkbF3mkoLgcCKgpsrmD4woqOXxSTTTUjqn3kA6WfdanlIvAlHDv2t2J3EYXIJyX66yzs+uJSvKFtfZ6jthoxsk3iISY12sSEHhZZcmTUayeCGSbqOrOJVDSyuARcASwQAGId8tKQzw/tnYQzw/tnYxXcBGm6s2eVzl6cIu3247lD1Q2vR2kpIDllhHUG/tKK7G5PbYCde1xENmFhJNdrVEtZytNUSTDRBTHP2yiMTNg3sUx2o0pQClKUApSlAKUpQClKUApSlAKUpQClKUApSlAKUpQClKUApSlAKUpQClKUBV/wA134o/ka/RBm79SlOvz+D78UNx0/ooxP8Aq+BVqFKAygdJYc6rs5I/Gbw8MZRN4LG72z7afM04pAudlBEgOLlEEupHVAHHK2WaYKKqOh+Fsgg8xLHIaGyuKXsHjiY1XI6Qlt9IS0FEIFUpFRE4ikJCYRCxLkk1LTSwRIgQJgYWtgCVJlAQi5cLC1sQwg8MMbWtjav0aUB588Y8tPFhtdyo7Dbr8qmxRRNj7Vh/HIk40dZ16Ip2lOOG6228qi4rmzS4kxtF76aJt/vFQRkhaRw3EcFU0lUNiCjkhy7EjBRR9WMEcjXG5zHsLZTWXVrYMWYA1SF3O0pZJgRNNLBGQGPLSMtx+IoAjS3G7GS1YUfE8eCDJJpo+PhmHbM2AEXzsJlbPSgMb3FRyiRHw4avmeMzliykDWmatTHrJyBFDmNxFK75YmysUOR7r79bLliJ1MJmuUkvC4qDoUkYgTNWTgc0PBudqczVwXQltyXfBtEs0Tpt3yUcxE4xM9oTIbvvFisHWCP5MRxm5IoeucSJJdvIrzdDdN4XNpAbzRG7GxdLByEDCMm2svqifdVbak2l1Q0zUp+7Uo+m/QzxClN+kFKUoBSlKAUpSgIdcgu2qLonpXsltuuJwC0HCEYLbpREE0IKAUcb1NZl2/HzZOmQL2HKknI+1luIR04D2RihVQGMhYCCBY4ZY8uGrlY4VNaWu5tzN4d1A5A5T9qFFaeexknunXfaJ4LUYpywduEhwXGy03oNW2u3ma2G6RRSiqXYqiKjqB0AFCIqBtlNVlpqRvSpQFIu2fNXrc1eJCfuTXUV9kpnabaT1NgQ+rqLNfbNIrU3rDnS43bhNQasjtpluoyjtl2OEm4HEDklFAlNuIivZNP37OJjCiDhx5VOB7R6GbzJPu7wsh8jWzRIKR9yZ4eWu22Lvfg76dogThVYoRnYSgVRIFWSwzghdEHLtRQzb7qXUYRy4CmE2zcJo25mlAVMz1EGnvP5x2oiG0Z2lwXU6dHISdiRI0MhHYuc7wxiGQFxDNIqghzRGZ1QDb5WQGmcubTnCxCwhxQbiWspQ3ewaefHzK9Ib4u1PUvQCPHgFyL8k+waKHs/BEfJkW7Hz+1H1FiCVUybsLkHChtZCi5oXTnM1i6dgXa50I/cmllzJsKyeLiIH3LehSgMyHMZxhT8qcX0IIetUjz9t9s/x8bHNfbyM3XPjpJyfsJMuDcdDvW3Czjq6kIDZDc6ogpruJHGegpSMTV1RGjVvM9IDVF0yUCUettqukU6w7C6TSbCuoDVnyReRSfoncENNXTYhA0vBytE0nyU3zDMWDj8UDbKKM3FNjEwtGVcQ4kOBSxcBhOJFSwJcuYVTSLq4pQQ20bX7000pFStjiB01XdAeNzVLVN395eP0dMA2qSVinmADxMtJUkOlwSc/Uosplv4lWKN90vFTbqeqB3uEeTkkmOB2pfILDGyelKAp13h4Z4v3f2yjLc8/tru3rbNcQROJEDAU9XpUYsfE28gnld6qTgWUsZwRY9F5LczsKPhQbroUUlcIALDcTkdKMEu5lRsjOdxP45F1sdJWj/X0TkM5G3KeTOPUjNmU9uefW4o7AqJRKl9WKZQ0pPgONSycYhNU7wyMqrPxboZ0ybPHxsVwKw+IYe62lAY0+kf8gcMDbcaj8VuwOwC9rXps/UsrPvIDJjRRn44XK6IwLn3LjHMBpxKMmy7ngWBfa0xj9nJmVQD5Qtk42I4FC+KQhKhFTsn1A50uBImYgPSzTzYpstvBecbKhOCohaGs+0bOQhnI8V4k3GsggKS9BqOgkDa+41YC6o5nStFcDaooHF5zrlxzCgpZaBaUGZ+lKW/vJbOXHXtzBylNcKF1Ti0khjKqZKO0jAYckv6Q9fJqKmVO6bjJaSz1BbLEYrUiIaBkVVS7IHVj5hUWgk0Yyba2acs1O7CT+xecjlQ4oyegae9JW1x4/ZrWdoti9sxI8fDLiVGPpSvHrha8VtpwPpvtk6uuRdUI4DSVBNTSBnBSu5U0+n5GUhru1QSNh9KZmfiG3+74/yVBc8O43zHeK7a+X0pV8Fv9ysUaFInFBFuCo4yLM2d2KmqqPn22GN1JmIyovSEHbPLte92gZy7mPljiXF5VwlakX0l4uNPYLUEy6W8w4rTZJk0sMD3JQBkuYDBiTXimKeV7WzHNtdSdF2cELn+HFPbhEAPsAgBY2tTpQClKUApSlAKUpQClKUApSlAK86Hh3/pcPIN+eLkl/bUrV6L1edDw7/0uHkG/PFyS/tqVqiy8/z2hFl5/ntDTh0nv8RhvV/8D9fP/VdBNWU8eRUqBoTpGIAWABEF1C1quLmECGHmJf5GWXl2RMsMbZZ37a979nK9/wAN73/23qYtKpRWO2HZuS+CHlW5QDO67Nk5oaV8iEuJG0UKbcNmMnvIcVt1+LCm+XO+4/fhmP0FyrKIriLkiqaQGVzSxj6di0SC4aIeLLuJLpfYlSgMYPL5yExVzbwC1eMriiLSFtS9p8mWLRJfmBDiKUWtB8CxkyHOVdqk5n4+n602mVCEBXU1uGr4EQTKdmklVglgqXdI6A3lnRHu5OOwuhGqDQeeqenbg3dCiqzLaLzi9ov8dpygkxQhIwaWderHbBGP3walBcSwk0kWMstIskK+WChZXJ9/k05QLhWN0oSsJ7aQhOlqFAyX0mfiOOtkM0pzFLDZlK5TGxrXFb1nn688k3Flh+BmiNlJj5UbZle757BHvog7jbYxNX7AjhDCxEFwj/wG6nzahbL8mXIs+oCc+nEPb5Sc2VmA9XnmkgNR+lWg2VZ6K48nSOwSvYCYq65jLpyOJyAYxwOhqK29jIIOTdMNxYXtPNKfX+5Fvb2tG+/fHt1KUoBSlKAUpSgFKUoBSlKAUpSgFZdOB78Zh0jj9O9nf+d7D1qLpQGSXeN1KPG70gJkcnWzsbyK7dG5W0uy1tKz4ymG45LR9WZDJuMopnDTySGqnLThbycok0xQ7icT00QwtpknObxfLLZxAcycD0jvdttF/ODuvxWxHxgpj+nInqtuAztmJz26TovkFjRfBrAaiy2FJaQS7xfzZaxoyvLJNEzVsksIAkSWXEgMtupB1aWFA4Ag7SKUCx/3T9i+ivIpW2x4Soy2o3MNb2Fd0N+NbZ2GixFhogoazTCwo/TUGPkgUQ4OgN8daiR2uVKILyqOYW18iXcdk8+rmjZ2xMHI0PiJQ3p9x/rjX6TBsrFYu+W/zmMQJq3Ac5nZPc84ICjKs6Ek13wKr5QlPTmCj4qUe0GKOJ+ySpM1PSG+eMJBFPK4LwWYGY4242lBnL9mSyZ3ac4Xeb/YjeaamY/8uOrkhh+P02RJxYTGcz9b2vOwcWJyEhkryamM1KWnCmoS8SRl9ZANhpJswrm5GHEQsVCzOchElxGWJoQ+e7lH44SunCE+3voPx4Sec2snXaZej16MaMHvK6IfbavG8YsX5QG83VFzKRFcZhFKUS+KeAIeS3a6VYEqMhNXFRVdgNKS7CQlfPRhE6cV/JVx2/nB2N/VyIa29RL/ACVRl+b5mfq4m1iF6cV/JVx2/nB2N/VyIa29RL/JVGX5vmZ+ribQGULW5YevRxdn9uIpneJJadfFFtNMytsfA2zcOR65ZRQ9Z3o5S4Ce7Y5nRqstOV3OgJoTcSm2hJrhIph0RVKMVGVUJJWxHA6iTCkns5zzktnWX8gHBc339uRuBJJ5MQEmT02FX6ga/a2JZo8WutSHLzwmFmNVr4iEE24hdGSzYBtBwUzWA6+esZIlGq49NdKL9Z57Cx44b6yRkr6UIiSy3OA1DQ54eqDI00pkna0lZUfLVb4bUa7mfuA6jd0KjaboVsbJDfFV8jWKKUFxxM4puBbI3jiayGta7blc0FaPJlopMmsCvmnknUvI4T0hN4nMb9qx5raIBlSjtz4GcMBByieaOCmGu5ximHfg7KcrlIlcsBjmOeNj1KjTqr8InwTVaq/CJ8GBzo8m00tbYc50pObYduLra2Qh/iXVtZdhS7j7PhlUlrX7ZbXiO19xKtshc8sF5eIpSSpO0HuRYIu8R3CWJgZEQSpgede+kgKvOTyiNDiLh9YPGND9L3MlTNyUv5unDACZIb3aKr3Nv67lllPFCwGCIuAPxVOE8DwZrF5CPdzBpwx2D04yZ18Uqlz9xDI1yssdycLm8MM80usDIFD1ifoLK1j5J4OYqcAnN8dg5XS21GUvozeI4F0kguIJQilN9LN42RyRV3ttjN/IzYnKLyFH1XRpJLFmOPGPLEYOdKescyS1UF7sd2oY/fKS42q5k0sroawQGvjhncufTzYA+GAuAY4V87hDhBDYCB483pR8zJ7qMzJqqzUUpSgFKUoBSlKAUpSgFKUoBVVfNhpI5+QnjO2c1mj4EqYlNebaG9onLmzJUkGoyJF7qRZAQG3ifPZBkE8R7Yt82xrKJ8YuRT8XLkcNmipcEQyFapSgMrUI9JJ1jizTRmR9sAz57b3JdFcUo8aufRpQgGZgpakGd2Y3AGyEG3TRdjmWuUaz9cCZ4cCPqTgAUm+jnxipxNNLJckRVYLovCDti5+jkSTGbgax8nyCyZswf5MwY3MYlCTmKSn3dLSCkdD5Gb4+DXyowuQUzJVvGRAM0eSnHk01EUtlgpGbbjaUSEgkJW9f4ZbXD0mjWxX1FUUhosydxOUVVjUwzk7Qsrr1NVpZRdljyBmkYJw982N4v5MZIeItlyyqCtCLxlqgYlg27i77itgD8WAQnr0dzo3ak+ZHQ08PZhtNRekBQZx4UsoEiOxexb4KoMdtdZwJi5AKocbFF5ll3+XIqJgFQBZDqukquRMUkPhqspTNx9JNljvLUwzcOPKpwPaPQzeZJ93eFkPka2aJBSPuTPDy122xd78HfTtECcKrFCM7CUCqJAqyWGcELog5dqKGbfdS6jCOXAUwm2bhNGsp5impblx4t4G3e4yFI3Pbq1w2Gau3uvFkloPJuuCVQYSdbzjyQ2m32a+G+1nrksEVtPUVxPQh0MgsOw7H5ZMbAKoOuIwalpwpQXjlG+vBlH2q6RTrDsLpNJsK6gNWfJF5FJ+idwQ01dNiEDS8HK0TSfJTfMMxYOPxQNsoozcU2MTC0ZVxDiQ4FLFwGE4kVLAly5hVNIs04I01XdAejyPLVN395eP0daBbQqklYp5gA8TLSVJDBlSTn6lFlMt/EqxRvOl4qbdT1QO9wjyckkxwO1L5BYY3y1EHkI/mD7wfog7K/sYetBmO5l/6Ev8AzB9r/wBL4f8AYxF9and2dmW7prqNsZtK6e9hUyDIiekgFk81ncMJecKQjmLtBq4Z2zD7Bp2uwVFbBLsig43OKwGOQwWN7iY5YuhL/wAwfa/9L4f9jEX1s+oDOj0XvXZxxNxgN6dZJyNHpl3plWRttpGXFUO11lUBfCtZDZRo0a7XG45RdajcIyAUwxt3IMy+1EXC1hDI18u++Q/k+mjjh2tgI5MOv5ld4x5JaKqQlzauPmjIUgPuA5ZKiLveBd9NhoeFC5KPTZfBqGwVKyCYWFYuedWCACpKjVskKt2dKBaQ8PjmM/ZLZaMObLla4ih+N5LfEvxzopOS3P2yG3IUYv5hRazWYEtRs4MooKOt9tprKSssPEKPj6KZRgyVi546vI+CP4WKAO803u1t43Uo8bvSAmRydbOxvIrt0blbS7LW0rPjKYbjktH1ZkMm4yimcNPJIaqctOFvJyiTTFDuJxPTRDC2mSc5vF8stnEBzJwOtqlBnDK367Iupi33u22i/nB3X4rYj4wUx/TkT1W3AZ2zE57dJ0XyCxovg1gNRZbCktIJd4v5stY0ZXlkmiZq2SWEASJLLiQGW3Ug6tLCgcAQdpFKUGZm+4pSlAKUpQClKUApSlAKUpQClKUApSlAKUpQClKUApSlAKUpQClKUApSlAKUpQClKUApSlAKUpQClKUApSlAKUpQClKUApSlAKUpQClKUApSlAKUpQCsofTI/wAUe3f0voa/UqXq1eVlD6ZH+KPbv6X0NfqVL1AT/wCjffiS9B/zfP8A/bdJ9Xe1SF0b78SXoP8Am+f/AO26T6u9oBSlKAV5wXSsViX23zwcezk1uKn1bZVB1+1QWIFQyiElLmSlL6VuPsQfisqUT1cYVOWT51/AIhMJCVE7NKP3zDAOjCADigW9H2sAfPp/SmuFf/hyf9RSZKA69+eb00T6AZC9lvXn7kp883pon0AyF7LevP3JXofUqRp6/b4kZGnr9viR88H55vTRPoBkL2W9efuSnzzemifQDIXst68/cleh9Skaev2+JFGnr9viR88H55vTRPoBkL2W9efuSnzzemifQDIXst68/cleh9Skaev2+JFGnr9viR88H55vTRPoBkL2W9efuSnzzemifQDIXst68/cladN2+kT8X2jb3T4qdUvK06y8ZcJFuK0Y6yJ7flBcaBs6eCThcnm4z7racbtwymmhscFRuHnzZ5lcbZZWbItrW7N5VI09ft8SKO6erVx08+eD883pon0AyF7LevP3JT55vTRPoBkL2W9efuStLrt6QhqgG8JRQoA1s5At3GPCTgUGrLM9aaavGJfgVkOBGxsIvpxyQDzzaVlnFDLduoHFFrJS8kmUcO64kH1NGEAPjWg6ebk67b5wQ1tj9X5BJyJFzpGPJ2B/AodSVpvuJIzDDW2k7W6qAllZuOdGEGAucS1EuHcYmaT1hNGPoaqlKZ1HdPVq342iRX1T0v3RePOGH55vTRPoBkL2W9efuSnzzemifQDIXst68/clbbOQTeqJON3Vh+7dTi3ZGd"
20:09:00.073 [Test worker] DEBUG org.apache.http.wire - http-outgoing-0 >> "UbR2pMtKWkSKEhsrj4NGH28URkJGaWmu93sVBHBLKq8TMKWRtykcwU8MyKVDOGcAig0oY7e6VJkfsWSEEuoFEOQWc2HujFVcIsAqlkp1ohFeTi6mATNnyYKgCTPghnQip46WDM4i4AGzIWOA2aO6erVx08o7p6tXHTz5+XzzemifQDIXst68/clPnm9NE+gGQvZb15+5K9D6lI09ft8SKNPX7fEj54PzzemifQDIXst68/clPnm9NE+gGQvZb15+5K9D6ug9ndnoM03hB9bF7HyAlRpEUdJwR9yOdUDOG8+6nDQKelI6OkJhc4sOBxLqmZKpaEgIxE6qqqiZBLFComeV+1Rp6/b4kbGmNW+JHB7883pon0AyF7LevP3JT55vTRPoBkL2W9efuStHqX0jPUNOMR2uzjrLyJamwbLCykoke7VbOaonY91rcg7htcVtnAn+lPR1KKakOEn/3qmK6y2k0hdCsM4DY5REKnFAvahuLu7rXodr8t7NbKyGUZsVJQyUmpp4gVMuFaebjcAY4rbabFQkjAwddDicAZYyZTyhDG5YFMJqK8qHE5vJSqrEnlPHiuOnmeU8eK46ecOXzzemifQDIXst68/clf5i7ndNEsEJf5A5Gw7Aed+3C1Y15FFx7GN79sGHZBFuIJj/tww7kJ2+VrY9zz7Pa308Rhz66uOmXIdiGb9cN+NHzuw62TbEDvvdbWYaHIwlhzqgxUBGbzXeCa83mCWUlgQ+m2JWcpRAKYWVEu540T8JErDXlUjunr9viRJHVPX7RcSPng/PN6aJ9AMhey3rz9yU+eb00T6AZC9lvXn7kr0PqotlTnohdgbez9pMwdIeSHaCZdaxW9aUM9XYEjOUW0nknOgITgSlYsOPO7dcgaUKC4SSdkbWWwj9sqhGiwGAwWARgdGnr9viRRp6/b4kcyfzzemifQDIXst68/clPnm9NE+gGQvZb15+5K1gQty3q0yyuwYsG4q+X6IQn45E9uCSbNOpjKZ0UMjE/nfC7gfzoITk4DiE2yPY7dQUSyKpil8L2yxKCf7KltuPyB6caAsa7/ANtp9YkQJhgsYMIKErqAik/XjkW7awhdjx2hAqb2d42AuNgR80FCOlSGWeIikZJF7ZjY2NMat8RXsaY1b4iviJ+eb00T6AZC9lvXn7kp883pon0AyF7LevP3JWzvjb5JIF5S4FcOxmuaBKDfj5vSu7IhECllvtttOFTXWgkNhbOLKamtl4PQvZuKBB2peaYMpn01byEwOBKCGnZBB92n0dOk00mbUVE2WIJ5AsOdPHjo4RUmSJlQsxzJs2ZHzDALli4AeYw442eAQIWGYgmeOGN72kaev2+JGR3T1at+No+eV883pon0AyF7LevP3JT55vTRPoBkL2W9efuSte3G5y7ar8qKvssQ1dTJV8EaxPZvstyPCQG61UFsSBi6jL1BbzqjERCfDqWlJqqpZjKCoXHd6IylrFPUkfIdDBNDHiif9ffXlmiPQeYYKgBb103F2hmXYVsSA8GJG+nEQtqZHiC3o2ul3cKisttVkdjreJfIBRMnCoyGQXAQyaGtmVQVMDLF7m0aev2+JFGnptq3xFfIj883pon0AyF7LevP3JT55vTRPoBkL2W9efuStiGl3JKY3MkdyR3nx+cl2pwTbZBx6XkDdHWRMhCOFwQqvICHgzm24AJJdxtWe53FdEWyaMGkhlskFBXzxhRLilCpY9ZKdOk00mbUVE2WIJ5AsOdPHjo4RUmSJlQsxzJs2ZHzDALli4AeYw442eAQIWGYgmeOGN72Rp6/b4kUcS1b4iv55XzzemifQDIXst68/clPnm9NE+gGQvZb15+5K17cbnLtqvyoq+yxDV1MlXwRrE9m+y3I8JAbrVQWxIGLqMvUFvOqMREJ8OpaUmqqlmMoKhcd3ojKWsU9SR8h0ME0MeKJ9pFI09ft8SKOJat8SPng/PN6aJ9AMhey3rz9yU+eb00T6AZC9lvXn7kr0PqUjT1+3xIo09ft8SPng/PN6aJ9AMhey3rz9yU+eb00T6AZC9lvXn7kr0PqUjT1+3xIo09ft8SPng/PN6aJ9AMhey3rz9yU+eb00T6AZC9lvXn7kr0PqUjT1+3xIo09ft8SPng/PN6aJ9AMhey3rz9yU+eb00T6AZC9lvXn7kr0PqUjT1+3xIo09ft8SPneh7ndNEvje/yByNl/GC27ImrGvIeVuwLnbtbY+AQ+yHh2O0Cz7W/dQscBLCC2z7rn/p883pon0AyF7LevP3JXofUpGnr9viRRzxW+JHzwfnm9NE+gGQvZb15+5KfPN6aJ9AMhey3rz9yV6H1KRp6/b4kUaev2+JHzwfnm9NE+gGQvZb15+5KfPN6aJ9AMhey3rz9yV6H1KRp6/b4kUaev2+JHzwfnm9NE+gGQvZb15+5KfPN6aJ9AMhey3rz9yV6H1KRp6/b4kUaev2+JHzwfnm9NE+gGQvZb15+5KfPN6aJ9AMhey3rz9yV6H1KRp6/b4kUaev2+JHzwfnm9NE+gGQvZb15+5K+2S3M6ZvkNnZQgWRwQLFFDIPMHVnXvPO53EgZyTAr2wb417BDqVigI2V8LYYAiCZiCgB45Dh+hnSkaev2+JFGnr9viR88H55vTRPoBkL2W9efuSnzzemifQDIXst68/cleh9Skaev2+JFGnr9viR88H55vTRPoBkL2W9efuSnzzemifQDIXst68/cleh9Skaev2+JFGnr9viR88H55vTRPoBkL2W9efuSnzzemifQDIXst68/cleh9Skaev2+JFGnr9viR88H55vTRPoBkL2W9efuSnzzemifQDIXst68/cleh9Skaev2+JFGnr9viR88H55vTRPoBkL2W9efuSnzzemifQDIXst68/cleh9Skaev2+JFGnr9viR88H55vTRPoBkL2W9efuSnzzemifQDIXst68/cleh9Skaev2+JFGnr9viR88H55vTRPoBkL2W9efuSnzzemifQDIXst68/cleh9Skaev2+JFGnr9viR872253TRO652+QORr9gMO/aX1Y15sFj2chbdtgJ4BtbMTLsdgTDuufc8cAsu5h91tkL/AKfPN6aJ9AMhey3rz9yV6H1KRp6/b4kUaev2+JHzwfnm9NE+gGQvZb15+5KfPN6aJ9AMhey3rz9yV6H1KRp6/b4kUaev2+JHzwfnm9NE+gGQvZb15+5KfPN6aJ9AMhey3rz9yV6H1KRp6/b4kUaev2+JHzwfnm9NE+gGQvZb15+5KfPN6aJ9AMhey3rz9yV6H1KRp6/b4kUaev2+JHzwfnm9NE+gGQvZb15+5KfPN6aJ9AMhey3rz9yV6H1KRp6/b4kUaev2+JHzwfnm9NE+gGQvZb15+5KfPN6aJ9AMhey3rz9yV6H1KRp6/b4kUaev2+JHzwfnm9NE+gGQvZb15+5KfPN6aJ9AMhey3rz9yV6H1KRp6/b4kUaev2+JHzwfnm9NE+gGQvZb15+5K/zD3O6aJfG9/kDkbL+MFt2RNWNeQ8rdgXO3a2x8Ah9kPDsdoFn2t+6hY4CWEFtn3XP0QqUjT1+3xIo54rfHfzwfnm9NE+gGQvZb15+5KfPN6aJ9AMhey3rz9yVs+2y5HoP042N0d1hk5qysuv7fyQXhG0Oq7EQ2iptBtLjJORwRVTcln3A+WutIySYFlBAyTx2sgPI4KGTWLmSBTIuSwULAKRp6/b4kUaev2+JHzwfnm9NE+gGQvZb15+5KfPN6aJ9AMhey3rz9yV6G5o0WIljB06YAJkyYAxo2bNDBlyxUsXDyFHMGBxcsAgAAAsMxRhhc8Qww8cs88sccb3tTTx0c6mm/JxNb5gmBWrPrPdbTj5Wlhtq8zslmtFrzBGaDI5qKll7xIdb0jvJUcKEmvItZONjLKM3DAIguZbMvZRTlkgmI09ft8SKNPX7fEjle+eb00T6AZC9lvXn7kp883pon0AyF7LevP3JW1XkR35jzjX1xU9pZdimdJRi1tuduN57CQK22Q6V5hkHQazS0x5OlOe8iRyWBZ1nAIkNs2oJSgqqBVZcSJjmk3IDGz5KWUZyQyJijpiSzGjiT3dHkltFuvtjulKEuKnOFqOtJKLiAsE88scM+4KCYdLGcMBcAxg7CdzGDDFwzwxRxF+74iljiL93xFPP4+eb00T6AZC9lvXn7kp883pon0AyF7LevP3JWyFO5PoFcnI6scYbDZ0wyPOjJjAKVpefjLQGWchGEEQ2nhKKciyg61SQEh2J7qVAlVnAkUhtsNzh5mX61wxjgFsXFm3/lvRyr6a8eqgymfOr3cS7M0n2wvF2u0Ns1aleepDxGNDES47fj1sBCmSaeePFjhBLWHMdb6MrqRE8lpKgdUyZgmG8pCfFcdPM8pCK8Vx0843Pnm9NE+gGQvZb15+5KfPN6aJ9AMhey3rz9yVpQN9IY1gjxSbmW2Go/Jdogw3WrE0NFmXcDTpcYESiqijnYMiSOudmOyRTaQOPllhkIErJBIQgBlkbU8SRQEccKyHbLeaIdStN3pvQppD1nODWU02q/xzGuwbJfi44mC7lhBTCT2aGS892a019sEiThKOdSVC7sDCxapc8sEbH8S+IIjynqcopGUZ1TaLynqcopGUZ1TaOI755vTRPoBkL2W9efuSnzzemifQDIXst68/clb2td52YGz8Dw7sZFho6bjqcI2Z0os3NUBLFVgBBeqESXiKeukiZxRLJzgSwzvgxfTAT5zFMWSh4hcyNkXuJlFLb3kxgrTXYbTXVx7s+XpFmTeKQD7BiVtxCgM1es3sUlVaiUrPSShnW/WTm3GKmZOwA8bV0sBxH/AAYhuc4AkD4ohjHJGnr9viRRp6/b4kcaXzzemifQDIXst68/clPnm9NE+gGQvZb15+5K9D6lI09ft8SKNPX7fEj54PzzemifQDIXst68/clPnm9NE+gGQvZb15+5K9D6lI09ft8SKNPX7fEj54PzzemifQDIXst68/clPnm9NE+gGQvZb15+5K9D6lI09ft8SKNPX7fEj54PzzemifQDIXst68/clZ9NR5c5e2xysT3JWrzHXljkuWXdsSbmxok42YK+sJ7oXnmaNTwAYYa0TFZ6XmmOzMyAZLJpXAJHzxuXTLBl8OxXsk150PDv/S4eQb88XJL+2pWotYxTtL6xxwtYxTlUvrFDkHzzemifQDIXst68/clPnm9NE+gGQvZb15+5K9DY2bKJ5Q0fPmi5IiSLjGzp02MGWKFChYPIYwaNGBssAS5cuDhmKMMLngGEHhkIJljjje9qNlnpAOp7geTwaGp+vW+3IgUj1VNIL4kDRHV5TmOK26tksccjCXeRHC6Y/bS8Nljl25Aw1Di+nrQNrGUM4pFcwx80d0xq54ijumNXPEcyXzzemifQDIXst68/clPnm9NE+gGQvZb15+5K2R6KcqOonISffzOhZxPNoTXEud8Jb1unJjq8S7ARp2DQRIQdyx8v3zEMECx4wVIKKq21FfSkhSOEUtXOkFI6VKDRi2m59dIdOd+mPx5TggzmhSa+DUWlQpXKNePRYEbFpdMYE2udeDsPymmvJGTCpwUEBwKYcenCKPgL36MOImgGzhdHEtW+JEjr/lq46ecvPzzemifQDIXst68/clPnm9NE+gGQvZb15+5K9AeTX8jxVG8gyg4SykcQI3ZDrfy4TRQSphYNo7PQT7hUyySXPHE4kOpDkk4cIiCcUCJUU1mFgYOFQssx8IOQJyXRZs1x0FOSyFoa2JecVKTQlF6pEOp7VjzPYpbS4gkF5x47iSKzg5SEYymvZnmG4FpCRCklCnl1GwJFiAYjnPANzJHdOvmGuJFHdOvmGuJHG3883pon0AyF7LevP3JT55vTRPoBkL2W9efuStuOgu+MBckWszN2q1xUF4VgO48uohxvvIkkpL9Y7qbShmnrTQfaGiLjlTUZxFMe81QMuTXVQmfQVdEXE48bTFYkZG6kYPKTAUsch0n8bcVMqZ5GleDWaE75vlprN1kmNeYkFMkixkqzne+D8hp7pEfRg4oJSFi3m2wXBkEuHjZEyaAxa72HbFjiWrjp5qOu2NXHTzjp+eb00T6AZC9lvXn7kp883pon0AyF7LevP3JXofUqRp6/b4kZGnr9viR88H55vTRPoBkL2W9efuSnzzemifQDIXst68/cleh9Skaev2+JFGnr9viR88H55vTRPoBkL2W9efuSnzzemifQDIXst68/cleh9Skaev2+JFGnr9viR870Lc7polwg7/IHI2fZDwv24urGvIQuXZxtfthA7oIVwxMv9ueHcg+0yvfHueHY7W3+nzzemifQDIXst68/cleh9Skaev2+JFHPFb4kfPB+eb00T6AZC9lvXn7kp883pon0AyF7LevP3JXofUpGnr9viRRp6/b4kfPB+eb00T6AZC9lvXn7kp883pon0AyF7LevP3JXofUpGnr9viRRp6/b4kfPB+eb00T6AZC9lvXn7kp883pon0AyF7LevP3JW1Hfbkd1a4346a7/ANk3UuAH5DcuDLiaL4/bhx8y7LzwyuUtm3Y6ZCdmEZVzRbv9PwPqB42loKcZU0dPPK5dSXEQmoRW1w5w9WZ12KaOpskQ/uBpBsNJSXmrxJGm9ECiwSqS2UwCHGtgwVIq6XkgKB0fEqbBIpyorI55UUShhESy51cD8G3Rp6/b4kUcT9vx5yr/ADzemifQDIXst68/clPnm9NE+gGQvZb15+5K3O7Wbq6p6PR6LKO187R/CTPtiZ8HDO5XtivOYyTwwFMprKZyYEoPB8rAQeeAuaM0EJbVMQb92yKWBxyzxjvxpcqWtXKywpakzWFHlYgzYhlAWKlVUlJroDTEcyrggpjjAXmonpDudCjk2ziarFMi+bnKthfwH7qCcb5W+Fr5I09ft8SNjTGrXlNo46vnm9NE+gGQvZb15+5KfPN6aJ9AMhey3rz9yVsx355PdWOOZLjkKc1F9uqTJnXBW1CkAQmyT0nztLy4XFKAGCLGYacYJWMYBGlBOIeEVpURUoZVUU9HKnh1Y8UJDdLam80ere0ew99RXFG+0enm1J1vDO1qa/bswqLB0iSA2SpQ4oHFhiBl3G7264AyycnqClZPwcACwdTU1YUUxNPEUJcMJtjiWrjp5MuJauOnnJv883pon0AyF7LevP3JT55vTRPoBkL2W9efuStie+PK1q1x9OOMIzkwtLEt7BTZkNnEWsOtkdm5e2AkEgWGMlRldFZJVQRyZVJyOkzhEidXV1HwWThBWAQ8VPNCXPBvEtL+YbVrdCa3fq+UaOwmsO1bKQrupU1j3CiYeE5kOtXDAAYVxICPZcc6A4CIJU0WURCyU5TKv4GHsvYJmaICZUQEcS1cdPMjiLoz649I+a3zUTbzey219fy3LpHjjY7cQ16Qh4PFXYojeN8FFbPJzTwfIZYdhkSYytkWIlWxkKEpXEDJ4jYZlrWzHG7N0DV3G6ZUVbDcLNqBZAGbhdBRwEAUPWHX0xgKiBJ5cNKEwHGRshR8MyOIGWIwuVxBbXtnne+WV71KHpxX8lXHb+cHY39XIhrb1Ev8lUZfm+Zn6uJtCmAL55vTRPoBkL2W9efuSnzzemifQDIXst68/clbFd2eWLT7RF3M6JpNXX7JmxUjFrHY81c10j1dmvYV5Ecu+bAn09gNjDsJJE7mTNhJRx1KreLLYpM/giiqF0xS70i80+fvUstKDEijaOB95OPBZlNSCRIzc2+utxiEo5e62NkFiGlJsgo7ufbXShsbjBWNm3SoN9LTMxAw1U+RFGBwEnlNNP2+IryPWi6tGcljH6jmL+eb00T6AZC9lvXn7kp883pon0AyF7LevP3JW07ka5DIW4xdaVDaieWxKDxj5NeLSZAyPDyK1HA8hVV5mTJVKMF095PVgomaeCIVzyPC5OEMyHhlhcsUNZXvjjyfQneqCeR3WVkbV67mnFZgPM44EgdvPUikJL+ZTma6uZR1xqPlDQl5zJiO4CmYICjgWKLqmVOIiojLJE4ZT1QoOIjunq1cdPKO6erVx084ivnm9NE+gGQvZb15+5KfPN6aJ9AMhey3rz9yVtIanInCjw5GJN4x0xrykBPUVa7kNmHC7T6I0goiOMRRcEfNwBJRV4u9zTzMO3A9JCGKKQPMFORsShRWzwXsxgCYB7hrB5SoCe"
20:09:00.074 [Test worker] DEBUG org.apache.http.wire - http-outgoing-0 >> "XIhJXGM4GTNER7KMRjZSU1R5VbrIR45nZjYBlTeThgx0NyRHUou4HBLHNK4xBZbzXVyxNBdoJpOAU2c6U9IR3T1+3xIvKbZG/HnHT883pon0AyF7LevP3JT55vTRPoBkL2W9efuStmnI1yYa78YkUMuUZ6TpJeZ6TZHQ4qi6JYUbqG8phkl4rdsxO8mc0190s4goFkkthiOrnDC8SCAFNpSUV78XV1DSlGdjVWjbkbDccR9trzNPLyCkLJ1oOrwJ4ztU2qJ5c8Ybbj8WlpyN3w8hjD5piv4AcS8i+ECpjwWsqhHuB0expnm/Hmxpnm/Hnz3/nm9NE+gGQvZb15+5KfPN6aJ9AMhey3rz9yV6H1Kkaev2+JGRp6/b4kfPB+eb00T6AZC9lvXn7kp883pon0AyF7LevP3JXofUpGnr9viRRp6/b4kfPB+eb00T6AZC9lvXn7kr/O253TRO652+QORr9gMO/aX1Y15sFj2chbdtgJ4BtbMTLsdgTDuufc8cAsu5h91tkL6IVKRp6/b4kUaev2+JHzwfnm9NE+gGQvZb15+5KfPN6aJ9AMhey3rz9yV6H1KRp6/b4kUaev2+JHzwfnm9NE+gGQvZb15+5KfPN6aJ9AMhey3rz9yV6H1KRp6/b4kUaev2+JHzwfnm9NE+gGQvZb15+5KfPN6aJ9AMhey3rz9yV6H1fhudzN1lNtwvJ3riS2Gm0kNWczocq8fKpSG3m6gkDCqtri0qHRQSaakpKaVMn1E+bGCKkyZcYwYFDCDzysjT1+3xIo09ft8SPnu/PN6aJ9AMhey3rz9yU+eb00T6AZC9lvXn7krQ8c6S5pFdFcMpNjXnkNkHVBqOUw2XDvCyNSllT1OSzBNS8EnFEy+TzrS3filEz+QJYyNZgXNBGDRMpkT78OFS4t0aVtPrst64AbepkwsgxrOYjcaXMZmyVsC7LCjwsmiqxxxHDpnAEchgQKgDhKKYdLF1lOUy5lFPJxdYLjEMLHEtW/tNoo4i0rniOD755vTRPoBkL2W9efuSnzzemifQDIXst68/claGw+kwaQ2b5SXD2u/IkkajH3OG1ye9KnqGvgamGRhVW6IGqBPMJzjvnJKyVcRE7H/wCJxZTzUghkvBMyVARSWN86BKUbOmNUaZW++2mqRM4WcQkJGkguvJviUfYqokhLxB3AuMQxglWbxlFHCVMFUQzgTxJZ2MCC4B2vlZHEtW/G0ay/ErSjjp58/wB+eb00T6AZC9lvXn7kp883pon0AyF7LevP3JWodudIM415G3hiXQaDpIdOwktS04llqlX1DjfSl+DWkuIiCruMcsvyYtOVulXCWMpyKasUVIqTZISbmswSxo8Vz7v3C2GcpxibWqI37O86PlEjWJYxQDDle71cIowaaipQAoJYO/cioJk+oKKgfMk0pFRUsodWV1aPJ6KjEDyqfJlBkaY1b28Rkd0zze3iOBf55vTRPoBkL2W9efuSupp7266XstwXNKNNkGvxOhlXiaRkyXFAzrVAqUXIxifZ6yVfpwdUTkfBQTQSzVFVhhT5DPA4TwwyMFcsRw8L20+JnSVtJMU9kyFIOvfIRCmsUjuAk3mLulLuqCq3tVXOOpi5BJSimPxJdrgcmaQqWDHGInRWSF3YuUPj3CwCTz2Re0ve9YSHFx4bluBvqicuIK7pfsOsIi2jnSymkrCQpwe8DqaqJaiSFGJqCcoExwTZE6UGFLGywwQ4AogQmGd55SE4Wrj0ijiLSueI+Ybwzzzz4RPBUpI3E1Gjne0MqUsiKckH0OHovkYuUk7xPbJXMmMpvkgbUSI3iqXbw3eBTPAl2guJi2Pdxhr3uE+eb00T6AZC9lvXn7kqwDoS/wDMH2v/AEvh/wBjEX1ran7YSE9WImd06bDSU14liZjEsTzmeruPXJphLEUXEuTJFQAQzCisLSqbECIIjfRCSiurqkOXTEdOPHzABYS51+8bRsdMl++02jgl+eb00T6AZC9lvXn7kp883pon0AyF7LevP3JWkC3SHYBUGwPKbP0K5Z5A10BLZquO0TP0gWDEFGWsEHkMYexRaWXyiO8yzipbDMybXQmVkXKg4Z3HxDzwywtbZqdt7rnvFC7e2B1blFBliLHGMZIgLiNidJHkdbIYAZqbZdbdWCqe4Wk6EvA0VFPt9xJicqAlThE/iWzT1AgbMyNPX7fEjI4i/d8SOFP55vTRPoBkL2W9efuSnzzemifQDIXst68/cleh9Skaev2+JFGnr9viR88H55vTRPoBkL2W9efuSnzzemifQDIXst68/cleh9X4DrdTcYrWcr3eK0nttos5AWXU6XErmMCaUgtxvJxlXXFpTNiXsGVT0tMJmjx0wJe2ABYAUXK9scb0jT1+3xIo09ft8SPnwfPN6aJ9AMhey3rz9yU+eb00T6AZC9lvXn7krflDsyxVsHGzXmKEX+2JRi17FzxtpP1mKgC02XCWTFY+hKA6UplcsgDYZNYS1FNHyDyvYM2SMA5fwg8rV2ZSNPX7fEijT1+3xI+eD883pon0AyF7LevP3JT55vTRPoBkL2W9efuSvQ+pSNPX7fEijT1+3xI+eD883pon0AyF7LevP3JT55vTRPoBkL2W9efuSvQ+pSNPX7fEijT1+3xI+eD883pon0AyF7LevP3JT55vTRPoBkL2W9efuSvQ+rPui9Idhp+yhP8AFUIcePKxsep60y674TlJyQDrXFkjM9MerOcK23DWAKqS2HKnQiCsYQFA+hXWUtHUjiXYMyYTCYtxC4SNPX7fEijunr9viRzk/PN6aJ9AMhey3rz9yU+eb00T6AZC9lvXn7krTmyOkCaZCSkzYc2bijc7jye0jKQaNHtt+NbVuC2u8lUYyCVDKJb6Tlx7ssmBcUwFjmsry8jN8DLPAIyrAjighCT+2l2I2BhKRNVGlDGoTq2Yak4zSkRzNb/br9Ls4jrDHp9VbpI9MLjSxma6M3mkpRJXVlMVAAUWqIOG3xwbLQNzeIpestPTfN2unmxpv0u+sWuk9cR3zzemifQDIXst68/clPnm9NE+gGQvZb15+5K9D6lSNPX7fEjI09ft8SPng/PN6aJ9AMhey3rz9yU+eb00T6AZC9lvXn7kr0PqUjT1+3xIo09ft8SPng/PN6aJ9AMhey3rz9yU+eb00T6AZC9lvXn7kr0PqUjT1+3xIo09ft8SPng/PN6aJ9AMhey3rz9yU+eb00T6AZC9lvXn7kr0PqhlpBsRsDsnHchu3YvUJ1aZOtpTS845arAdr9LyEef0et1LbB1vzCRVCzNZOCWku86tLKYUQM05REICNswNktHbHMQitjTPN+PNjTPN+POI755vTRPoBkL2W9efuSnzzemifQDIXst68/clehcrH/BaUpqfcu7+Dk86f7h2/cu7d5lhDHcu69oJ3Punc+07fuefadntu0y7Ha3rX4i+RvyqOmTb26+Rz5CfGB8v1l/J98oXyn96eJCvileEvGzxHjzvjwn23d+8/FoDvLsdy76N/wDySpGnr9viRkaev2+JHHz883pon0AyF7LevP3JT55vTRPoBkL2W9efuSvQ+pSNPX7fEijT1+3xI+eD883pon0AyF7LevP3JT55vTRPoBkL2W9efuSt0+421Ee6R6yTDtbKyM8nBHkJNaztdSNHqeiKr0UE3JUTkiwDfTnI4mmhmz3fKmBncNScSSB3DAbLvnumOAQnK9bJ4aG0mvkJbJx+muRHY09RWxJdZ6U8SaYnuxNbcgttOdCKRchFEWHCjk1wqnqYAKoWS11YIAnMBgyimdAxwMCI09ft8SKNPX7fEjgt+eb00T6AZC9lvXn7kp883pon0AyF7LevP3JWziW+SWDYa5A9YeN50NSWD847YsR7SFHTqQUJoGopRUVhoMhOJXKvVcUH0lu9OVDJKNl0JNBQmM4ygxo2k4GjpMIc4OQsGpGnr9viRRp6/b4kfPB+eb00T6AZC9lvXn7kp883pon0AyF7LevP3JXofV0oibHwO5J0eWsiDLLHVtgo9aSa/HxD5FcKjvxrM1Y8C+C3KtIGGVzZJIP+MSF3scFxsGL4VJdrf+Pw7KNPX7fEijT1+3xI4LPnm9NE+gGQvZb15+5KfPN6aJ9AMhey3rz9yV6H1KRp6/b4kUaev2+JHzwfnm9NE+gGQvZb15+5KfPN6aJ9AMhey3rz9yVr2105Kfl+5Ld7eO75F/FP5lLWh9y/LB8o3h75S/lXaLXdXeXyf+IiN4m+APGTvDvnx2dfhTvLvruCd3x3uBaRTykJwtXHpF5SE4Wrj0j54PzzemifQDIXst68/clPnm9NE+gGQvZb15+5K177jcv2n+mUqIWvC6JLewG0zlTwldG1W1Ni1cnmehEgcAM2AoqrVbwhRJa4RomMXPECrtcKEpKaYOGrJpI4l2EOB9MxLzv6kvCbWLrtP0Rbi8f0tSsaDTojb+++vpuCUyU1UYyXJgJbNeKe5nuyxzxk4aLJ5TBXcCOEcVzJRBKijLp0mmmLHEWi715TaNjiLGSwjGfKbRy3fPN6aJ9AMhey3rz9yU+eb00T6AZC9lvXn7krXxv/AMk/zGJ6464Q+Rf5Ufn9bMJ2uvjP8oviT8k/hBaYqP44eBfER3ePfcfHXvjxf8LM3ungzuPhvDvzupS0apGnr9viRkaev2+JHzwfnm9NE+gGQvZb15+5KfPN6aJ9AMhey3rz9yVtx2l2I2BhKRNVGlDGoTq2Yak4zSkRzNb/AG6/S7OI6wx6fVW6SPTC40sZmujN5pKUSV1ZTFQAFFqiDht8cGy0Dc3iKXmbVjTPN+PNjTPN+PPng/PN6aJ9AMhey3rz9yU+eb00T6AZC9lvXn7kr0PqVI09ft8SMjT1+3xI+eD883pon0AyF7LevP3JT55vTRPoBkL2W9efuSvQ+pSNPX7fEijT1+3xI+eD883pon0AyF7LevP3JT55vTRPoBkL2W9efuSvQ+pSNPX7fEijT1+3xI+eD883pon0AyF7LevP3JT55vTRPoBkL2W9efuStRL357dMY75Oi3FM7mbsGkzwbkGN4uBkwZox18gN3rLkcIMkR8jZuz5V7PrAw5C7lSWmQDyjSwwzxHzJBBZo4Wa5a7Wkaev2+JFHdPVq46efPB+eb00T6AZC9lvXn7kp883pon0AyF7LevP3JWoaBefDTDZDkYdXGdGTM2EOzI03pM7BNScfaEcgwIquGBkxYUX+EhO0lLCg8lEqBkiHCCYa+TwHE6bEJjCYlks4XUc7uKRp6/b4kUaev2+JHzwfnm9NE+gGQvZb15+5KfPN6aJ9AMhey3rz9yV6H1Qy1w2I2Bl6ctuIzlnUJ1a+RxAr3azagyaV1+l3UkbUtxbu8bLLzbLdBZrcEZJRs2byBkYTx1x25HPG0rax4r3hl35Y0zzfjzY0zzfjziO+eb00T6AZC9lvXn7kp883pon0AyF7LevP3JXofUqRp6/b4kZGnr9viR88H55vTRPoBkL2W9efuSquOXfYfpEso6pp7a5SYsdbN1oDlloKZFXWoTiePieUnFUZ2AtYnZeZSaVWMxhkk05s8CGQveZjEHMQfG+ZcG9vWFrKH0yP8Ue3f0voa/UqXqscT9vk7HE/b5PNbx47QdKOYumcFtPRKHHo5NTEZBXgYZW0zX+FncRPog70cptaELuNzJRhdVMQ3aYcAGQqgNmIEIFmWDvYAEK1pofPN6aJ9AMhey3rz9yVqB6N9+JL0H/N8/8A9t0n1d7SOJ+3xIo4n7fEj54PzzemifQDIXst68/clK9D6lSNPX7fEjI09ft8SKsAfPp/SmuFf/hyf9RSZK3+VgD59P6U1wr/APDk/wCopMlUpv8AKUpQClKUAr4CBhjBiBCh4ChC4ZBihCY45hiB543xzDEwytfHPDPG98cscrXxyxve17Xte9q+dKAxmdI70g1F0n4q41amqWvUXwakrW/GvBtfGY7bKk15yGBEyVDOObmdhvvx1OTErmJcNODXVlQCSyuIRJOwKkwQQA9j64iprkRFhurJfI2jryWoIqqVwMGieZlNVCgxE8XwNkRix0rkMVHFDxMEzABoC+VhS4wQuOGeOYjpb/4s+I/079dP/JJQrTW7XU32K1XM93aqFkNqs5vrLqcy0dyvgTR2+3k4yrrKobzxtlliWT00mZNj5WxyviEDne1r3t2KAr0fr049uD3SpbXvBTO1q1sjw24VdvsJtCGji09X86TJ5dyajFSlhUOrzyfbuUcRgyBHM+KEnp5fI0oHERoIBs6lVu9GLgCZI10+2D2Dl+PjsMA707cydtXF8LnAjBMRixW9SKEVaxkRKMlyIqX4f7xOCIoQieUzUGQnM5bwxsWVCwBer3RrY7QXlP2fefKRyr7k6ktRuRvJjkZXHhoNPeysLMtDgyOWwoAWCmiTYoeD2ThXBJz3PgFDYBpxpWZAZRRhXGGCqIRSLCzJ1OO7lD482fDC3sQJuLr+74Qaz/ZEYu+T4qkpszCz2Y85DUyiU1kt5LEWqDuLNUM2KdBOGzy9mQIpaTYVXUTBVNBEM4vviDeXfgbvN/qdXfgrD6Vp+JC2i/8Ahx1z/wDUHG9Tqf0m7WxHxXRm89I4AK7K7OF9b4JToujNWczWajcuqqrIaZI263SedTuZQKggtBNENrphtoy4WX3OaKk0EgMmhHzS2lUf9JB3u1v3C0xYXHZpPNEU7abObqTtDLYZTC1/kFsSxkkNxuO4k9TDrdSsw1NfSGyl5rCG308Lw2cKGBk48rOEIvmhtpdUE+U3SApz2G0N419W2NAsou6FGo4pv171h2C2bYBEfN4Q7BmTOV0pwu9uHSoIh9oqaqdbqWXKOskIUPkc8sUBMOlFpxphgM0XovLL8BopZmu30dabvuvmW46dKT+8r95SIqleWouSGfIEm6cPTVXXpmwo8CKsvoKe843jl8tQqhTqYFZoKyasmuK7tMKDtLohgXIk3TCoBZO5NzH8qG1kS6E8V+3Oiijm0HVupPOrpozHagkxquCP1gTnDK1JpGHTy/JTQciU083AoioKGZe6QVRFhIytmdLqZIt3wHnDHlVibgj104p9lsYMc2pUu7MydDYhCJ5cWZHau1228lucc2lKJ95JsjqCrIkoFgxk4BTW3O5kIw3GK3COZjMfxfRcCxULr3kkFDG4cOi85hZ4iY2nDinCvlhe2VrCAavlgBsL3t/9cEMHmHnb/bjnhljf8Nr0zLYhPLw0krIjqifU3dYrCa/IA4ekJam6hP8A5E1/fHVdurEKp6E/pA0OjLUpur8OZs8y5klMV0HDYeQVlcmNwq6IQWMBle6SEyyyninH8ENxEcsiZsxdcmRtrVy26O6pSFs3CLekOOpfjqB9rkiMnKoLYiM2no8IyKuVKxHukKaTmsZtsq+FhHxAU7mk41YQUUwSFzsFkH0Zz+fia+Qj8wan+sLeqvWUOSQxxedGv0SnhphJB2a3rpfpnC2vicv965IfysPjX5uGybiXgzgoRQVEYrXQXO9zZc9mGmqhlvkUBQNEi6zc2CTFVk2TRPKqX8nKSJ4k61U/nSYNqo8eOsBviThlAtPm9u7a/FTZjeB2WAAtrrAbqHI7WkEST3yGF2SrMScCrOEKN80smkrLEIyeeIuWDOablUSt0rR0Rhdzataf6/7RR6xdgT+qbEg0u31V7JNnASKSvD8eozNCkdFwUcccwlgQwSUTBU+MFYx3uomAhcLYmBw8qZ+KgTh20JaKpMEpcoGhE8cgs9E8HRtZtW+d0dd3I9nI8HB3srOFkMtZUJGEHb0aIariGQJk0zEiM6vBCcsuDDLEogpDesm5F+VRi8fEMa7bPmYwWp+1YmaSGC13vPcSOpOXGfEMcSOEmKLXmse6CkufF9sRaRDZs8gnW+cKpy8csgI6etZHXchd3BKcW+oQgxQLyvblRny+7e6z8QcXEDcBH4d3cakpzNO20qk2IOxU7w+dfDAszNXGi5F+z2mZ2vjNecGTVOIaSmgqJok3wi1hERcPryNtUrGr0lrb/QfcTQqMog1kmiF9qd0JEnqGTGn7e11ezWlSX226D7nIeHVgjkwVJUcLGKrTY7+bNy6sKj5qboOIZbAoOpovdUrX1HpN1J7AY5B9HQlJ7EWe2SbxUQMscgFB1FkUkC4ToOWGAeGQRpWwNjh5YYYY3wEtfH"
20:09:00.074 [Test worker] DEBUG org.apache.http.wire - http-outgoing-0 >> "DG17WsfS69cr8T2PFvPSOtV+J6JzCsOkI7/wCp2gHSOeaN47YyWqxo3ZAbcHtlpn0qK5hlQRTWk1jxkqHSgqfDzAf6mlYBEb92xOLBNPIjZfxABkQx/FVuLrJ7xkf0l/nV/N7AP6rxlUX5TtCL8p2hd9ptylaM7/ud5M7U6YVyS3FH6CRczsIKsJz7FYaYiqShdLJGwlCYYuYCYq5inrdxyJo5xQPA4/x45YIv/G12y/tG9QpW2GaW10na7RZImwzCZ5FiMmT3s2CjoW2o20tcV3GlgIBNa79REtVTFlfWjac5SiWE5SGKmcKlFcEmNkXvKulUpl06JV+Ls2F/8Q/ZT9WIhqRnNdN7/l5ZgLhy1mcB1I2A5DTxorNTwQ87XUIE0Xb5ga88yWdzvbMAmefKMnrcds8soYhlHJ2HgiFTZNeEQ8h459Eq/F2bC/8AiH7KfqxENdsvjhx34Jcgm0XIDrlyqtmF31skRQWYEku7RRhTkpxzEDUCTcW5FTWcz2mAsWT2+XMJKcorIiA2m34zK5EosLhY2phZmxGqQr6aHkapCvpoeSPPR3oyY8K728+cPxmgE2rHcW7WQlH7GbSfjfEmhNNoJs3oKAlgdte+eeBNMIlgLii5ZjD5YZDDZ5i5555fgbkTrM7H6SQyXXFGnU7beLkMcYpxkxow4wwbbRb+MoyPMB1dcroeUtSQpIMfsJmEI4Ww0RSXzR9SM+M5tsN0BKHHXcxiHQvARDO6KZyucvSi6N1EJ0NyJtr0dI21bgOtLIQxduXerNye0tovBGWCrmHM69ANB0W8ah26zwXITcIOV0E4ZLFce+crynHzExBDHI3ImgG3LXSNS0wvG7dkvXfZaXZPRkKItlE5RAT/ABhRW8puBAbKE0HC2VI2eQvBiq7lMdYWm6up5TEIfwHguMWw91bZ/J/toby6tbbXYSVdLJv12lbSXd2H26A+HBr3MCk3XKA6mAYETgvHGMJGawmCA+0slmrpYh/ImSJYCklEBTQBnAmE1w2jdA8103v+XlmAuHLWZwHUjYDkNPGis1PBDztdQgTRdvmBrzzJZ3O9swCZ58oyetx2zyyhiGUcnYeCIVNk14RDyHg6jSZHe/3Sidfpq05cqLL0P6NaSvpn7KzvHJ4BxRcfc7/LzWjs2MyL9RszTXdJ0ipSgiLZHBJVT+Bk4lvEErjnmyVoQpK98cOO/BLkE2i5AdcuVVswu+tkiKCzAkl3aKMKclOOYgagSbi3Iqazme0wFiye3y5hJTlFZEQG02/GZXIlFhcLG1MLM2I1lsvpmuiz20Gstl9M10We2hHno70ZMeFd7efOH4zQCbVjuLdrISj9jNpPxviTQmm0E2b0FASwO2vfPPAmmESwFxRcsxh8sMhhs8xc888tXFYruAiGd0Uzlc5elF0bqITobkTbXo6Rtq3AdaWQhi7cu9Wbk9pbReCMsFXMOZ16AaDot41Dt1nguQm4QcroJwyWK4985bUaAUpSgFKUoBSlKAUpSgFKUoBSlKAUpSgFKUoBSlKAUpSgFKUoBSlKAUpSgFKUoBSlKAUpSgFKUoBSlKAUpSgFKUoBSlKAUpSgFKUoBSlKAUpSgMqfO3+N56NL+ldsD+sGoFarKyY9IJd7SYHKn0cF6vx0N1ks1sbO7FLDldruW0xttlvJBNd1BENqi4vLJkklJKcVDtcQyePmy5YDC18hRccfw1oA8o9x5eflpj7UUH+/NAQD6RZt+oahcVk9mGeZM4y5sdim6nw6QTe63WT7sm4JQRnFmiYleyexWUiMCb+XEQYlhkYDXU5KwCyCFFDFwpm2+1zJ8Hq10fDcpHBLIzW1mIoXH/ustkb4Zpqo0Z1RFV2u91nsS/aYiJCG/V7YaSCdjQuZLxnPNcOxoE13EU3zblDbIHMfzladcbDKlh8tCC9NIQX9w5vlSCnEiE3i2H49EpvLsYrLRXz6S6W2GrJYRyBzLVcRlMUMSadK7iNpoGYuIIw0h+QPo8jomfTufGsDyb8qmxrtSI6c75jGHtg9imTI8UPSVGOin3GwEZzNYGHkY6ZDU3CRKJZc4nKxA+mjHsTpcbO4ORcZH308eqLVA0lhH4WNU1TTWKRNNEoRmwJujN9xHJ7bTHtGkos9fY73a6rhcdLcbTdSUZSFlMMdzzwEsEdTjgweBgsKEYL55YGSo4JgMIXDHNrryCqHR62Dvtxr7WKSk+RNXG0pz5xaKbhuZyO7LQ9MbrFQ2REJQUriAKYV2dLK4WxdRdHCMnUoiLLpxJK2aUbp+Yl2nR990b7x8VGskirKrdUkiMG7lrtLwgw/fKh4+wwXItsBUWBuz22au8mLkypAUL5Yh3sO7csbYWxta962ukEtltrHKF0cAZWQEVTFP7wOZLPCn0skbEOphKRdV1EmnHMzAAmRkgVPiinS5Me+ZYE0KKOGHiKKJllUVtluEX40++l8lhPBdx7vfTjW91zdszkYX99t5XaNsXt071oEHxiTHI6x1BdbUTjZhY4hFS0dlnAp5q6aUtciUfLgd4CYMKglkMIrWt0fFuJ23++fL5yfy6WCd0v32wcusULKC8GGfORFETJwOXwbrUzMYi+Csz7JMRy0jZ0ncEyIntY+BhmGE4V0M/rorG1qnLCDwBcn28mvu5N1CMdFuQeZjWyWpG0SgkKIkPtp+rx1dUnREz4chAubKthRIkFwo1TJtY71ujhMFCc6yGWab3KLxCe1hC7pOKaPpuN4KsN5RScuu2Nb8vRJHE9Rg/IZl5ooz8jKTGwrM57NFfKBnEtcQFkrmVOFRwhLXuENhbPEwROl8gjqafBLKBAcudKlxw8rvRvEMaVNIuTHivnFUUpEinWTZ3YbUtJHVhQxjGcLyQScjXXGqVyywEACBwcCc/XGU7UG4ZMy7hAi+OJUqVBBtc2+52uNbViG1uQ0XaWEtipCOpYwMTwbrtKDPmSSJVep8LuLUbKYkRwqOgdCILqsMUKDOhfDIoxIDMbIEY8oYlUw3H3o42j846m6byPLW1KGZa2zm8k7vDaaUGeok801bY5B3BFQ2o1HGmi5CDpjhEt4ceaqjmxMVJujPTFsLJYotoakXxfKPOaQ9pLhR7imitD5SKM1Ft1P0YaRHizNYdl+NyXT2Q8x8Y+1ElwYoBCdvbM5GLuc7idLDcZfvgTMzkkLTqKSgC28uyKT8VkxCuQNClMwwgOtNXE7yhfSVNxdqTuFliGOKSI0bT+HjOeONydp6eWDnIyQoFbfwygyk2jqlPjYWMwO6HwixljjmxymIZMnbqzkSnFK4VeaBy77qJfErBHIXoXNKA9CAuIgSGpbcalscB1xqAZxJ9yDAV5AR2/HEZtiw2QYii4JCdR0UXtbHDxGyvo5mrTh1w4wYpekk2NGpy3FXnLubNS2qB9haWHJOopVZagqpmJhgaCOYxkUZI6onmLYXJOM4v5d7gDGTGN3rxnysojyj7JFnTV3akVVN3L2aUpQClKUApSlAK86Hh3/AKXDyDfni5Jf21K1ei9XnQ8O/wDS4eQb88XJL+2pWqLLz/PaEWXn+e0NA/SudgpGhPinNsWMlc2gLW2mwcX6qrKyRMiEjRZnPVBf78dad34DliICnupKjMVmL4eNs8TzccaunC4ZAHBexexqxrZF2n+vMRa1Q0309uR5D7IRGcilSBIuSEUx00mHirudY73wxsecrtWLnnK51YxcU6rryooKR0cY0ZFFyrI6QXx+yByM8bUhRNDReyhOsXPJpbCQoh3NAkM3M+Y6Lriada5M+YFALk1pxsR1vNHbI5kcsSu6DiKEoHCKeKaPF/8AHQ3nW0a2Tg1tm572EiXVLaJkIJNubK6/7KvNuwE+I8lduFcE5/FiaLKCg1slls2XCpxQTVFHyN5JiUdIkHOWb7iBUUQjS42/Hys/CTiX+PLVRx7vMzkSNMJRTtrWOwDcZp79bjvdLYT1xqnE9cSMi75ajfVU5uP80XSF80mEjTyT1vMoUIN7EDHARrt0RMy07n6PM3kb5++THUN3Yp5M7IvDE11WOXWeB7pdiS60Zn1uWI1dwYoYIxsAmQctipZxhkO5HFVonXAgYi4l1gxbK42CuXt7b0ci5XXnj6jJpTfovEDcUhNr93ljF2EWSnSBmAZMIcfQOtlhSjefyrmJZKJDC3Lni6qCoq7mSRcWm2C6u6YwQze1ulxba2ve1r5cQrbta179js3+WjWa/Yt/82/Yte/Yt/7rXv8A7LXoHrR+Pxj9TjG3ye+3vEDt9B+wuKgl7taIw3PWrW0TVXxrCu40tsqNXugMt+q4XdBxzBp3pbfPoq4piCiZK8gs18ni9sSI5K4neHRcfxFGjP8A9sz/AOsPYKq0ualnKnFXveV5SY+Sj4Wr2/MQvnSXf9voBTMQqiPp1MBTTIjm3MgWCGCBM5iI6KcVlABPENZCMFxJgYxhelnOw87OjlSrH0GdHa1XmSWHSmMmNIwae2z4fLsWRbhJyC2W5tnsSpqygY7THMYbIIqXEsXKFQhzp4zkCSJFzBscEEQE27+VgnRVnyCS6/ejP7fT3LGsyA3nJq3ymsGR3NHcJGV5DSEvX7e9nl04IOQE9rqp0qDeHVEd5EVlyk0myeQzKqoTSNGkJNYzFAU9C3DHxvlOOvVINOe62XkTa7YldEnjb+ZczoS4oSBMbx7usHk0s5eyIOtNVk3VjqUhHLj3Kraqbc75CKEDr0USuFH2jWnpPpC8jbe8n2+jJWANbZXZL+1G454jWMscDkWxAUNKSM49gUMPKxkiWkrBxYmMUZxhinwMJAykfDvcdvIjG72mJwPbiyrFL7mThB3iXbjbY6KZCp0GvlVzELA7E6qEwygjCXG9meFzHUT7Nap9vGCJfIXwkNGqu3QTRUZZZD6PBM0muN/qIGSbxgivqq7ekSuuiGnKlKUApSlAKUpQClKUApSlAKUpQGU+S0gnst0s6F2e/AMFlpaO8dypMkdNtRwDNIxOSnW7B0Qy8cCJjHMG60ADKbfMFDdschCSiyGyplbgnkoAfD9rpabNAR+PWJNtGvYFFm3TbbiFJRiZ8lg8MFxAMqysMin0wkd7HdwU4+4MGU5TpcHMO4ymy0ExfO1ifa58V5DXOn8bHP7p9yVS53y2tPdn9aF/SiaZdEJHTTbimSySusOdoKL1PlQxgEJDceZeOAy5k93uEGkNl/L2IhgBuHgweuef3amEeTJm6pcTWicxx3szMu1uy0aOKRVGB3i3ZXasRQOxPCSo5ny+XQyVJaQETvA4eR3ViQNn7nMGs2V5SMFAcR0KyonCKMqLyjy003vqZZRSKLGMFVFWWiyTxPXSE/dOdPtq35B+z02a5xfKspRuzc/kqc8iNsq7BWalPHJHcwwRZHV8Rm6ePp6kTKn0BXVUU4qtY+IpG2wbRhlhXyO0ZdGYxxwU+ZrDDG2OOPLXsRjjjja2OOOOJgK1scbW7FrWta1rWta1rWtbsWrUMnkCiWQJJhAGxcinFCxAkXxyyyxAKEwcC5YHHLPLLPKwQIeGFss8ssr2x7OWV79m98vXRmv/AJa8zf8A4tmxP/0SFTPUhq++J6OOw8kEtiulp7euCQQQ14DQfROLGlCpM/jiOE0nDLDbip3n19KDFwviXN+CZulNMEGCtcXKzmzyuYx7gEDj/elIJBSJG1xf74tIAJOmbWfkah1uIDiK2xLKJhjvhLcz0crcOGgg8hT6UfWombYAyWbsOSzIqK4DcDIJROgmvwp8kBscWXSQTG3uxKkEwNReS7U5ChQzPC/YRPjaOthIu8RU5JRH65he2INsuYacUIGGCkp5k0oMs/cVg0aLpDVdSkl8L5mNhIZ5YdneNDi70ykpl7JGrbdMjbDZ56wo5UiR2JDkLREmK6MomnS+GkeUWuApKaA+3cbKotlvA0GtJrUR1DvFTeDXBUWLfQS8qiLdYJbFO0uOtIJ7EdJM5mNhHwBgsrmqTBgTW6HglHAM2Exm+7m9iXcZhu4D45ZJpxVOxi4DI50t2piwT4dRPEbEmtGgBf50gJIJQpyBcD27DOBDRZMRN5W7rY611OxxLqrpiOWFtsF1lqqRzAPMcdPIoB6Sk5MBv2wRbGQXFfIIbv3tceJIEosfiZ6RNuIv7RONKhzVvlUiCMX7D06vc1ggxcRmmIk1JQ3Gw3e+lIQBtNk5mfOSErjmlpQIFkos5I/BPXBAcpQ7l+TyDzjFvLRy28T2nmnD6a+wbB08nK27u28rRUtkHzFLERo8VGorMlpnH+2DZ5uGVpdHbiy1VEsmqRoQisvpqpvdQ1DFaAS5tpFOGVZNBZaWIkURFgy/zOMlRVlHd2uy6w46cV/JVx2/nB2N/VyIa29RLe1opjO9/wDZaPWZe/8A86zbTaxC9OK/kq47fzg7G/q5ENbeol/kqjL83zM/VxNqlMtXRbk0rtWl7/cs8rlgnLsftXt2+mCUdCwGGoqzGhhkttjORuR61zxmwplAQAB3gVb5hHTxgyg6BHrBKDd2DQSGJfRruLptr1vpAzn1t2dYoT+ip1n0FWOJuB44irKYstlWLK6OtttyJQpZabawXGAEJZqaOcKHB0dQVkYcURNVT5YxmB4w5gY/ALs7tpxmbzrQEFa2zVP7l2S0J2fewYyZB75a7vIIrcXY7csjD4Wb7HdTWbrYY2CkUcZtNR0teIu0RTUU8kusY677POQTnd1pgCP01jaQveLt+N5ZbVEtpa862wA7CM2WWnGqmgbCrkiHInWVPFrtRFSu+lQQqZWEtdXs8SoKYGAkeGXGhWSwbSKU8CUYaRZow3RLRR1IX9KdYTahfgwSIyZAKrg0IsljV9ktIuvuFddayG3WZmaRUMurOhzKCs418+GnJxYI2srimoKygLjmaPHDBkQQXLj8KnL8LHOi99ZlK3i7oLzGKxyW9fhc74k2jFG5hYwCUeEfp2PagEEsF7q6kWb5RITCeAVij1gdCLi2KtlSyD/nShFKX1ngNQ1fYBus9nzaqydrSpSm0WApnVtmNV7nh1E0vtturShmIaWE5CPiipYatnnkGpZFczpfsFxwrWtb5t+PETke0Sfccsf/ALt2Nig6UnfVZ3kjNk1YQ5qj8uZPoyOQXAxAB0ws/UzNRZg5vvoMomKCujukUMU22k+4eUmt/hDOq7v8J14uV0wbjlj0uncq+WOWNs+JJr5YXva9rZ42lbVTC+WN727GWNs8M8L3t2bdtjlj2ezje1pJ892kbhlKEmjyE64LqLG28fGmMpbFRBIKkcJoia7I6ZIQjqlCH3yqnDRAiZaq43k5SVUwquGsUnJRCU2wbMpTefztO50lcDW75/kH523xsQ7Es+gy4Jw2EY1n1AUEwRHES5xivYTXNkyAMXTMy4Fk4g4jyUXd5BKx7qIiFXEEhnBLKCYcBBnfy+za9+T7dyLeA/Vl0qKWyTJhEmHk7l1pmeznHsINk4kOACHQVAPAcEBdX7nG6aVi+YIpcZ2OWLmyfHskiSAnF6aZ88fJ17xULKjz3b2GOYadW8QbmvulBZIgzSrWs6vpboGaM9mWk2HjMEyvQoVEzAxVEtVcBEwwVE4mEjqrbxHVcMSJ+KE40qbBKx07MNJF6OPyJRLuNCDTEafFNu0ExNc9vIqahQ2M2IAldoo90qNZpRU4O4wxcAZAKnl03iHgpHVjEhL5AxcVddbHwKbBUdYSXCkpa+gqaetIS4nEVhFWUk4XUEtWSVMsEdTlNNUCggxU8nnyY4JomcLCilzJYUMYETMPPHK7/evwQTXdWXwnTI8991/RpSlAKUpQClKUApSlAKUpQCs7nSn5ackVcLeyQDXPGUs9KTliCJT58oJkEYDbbnkdCUXURtna17XLOBuIKm2lEPK3ajJiydB7NshLXtojql3pBuoj73W4mtpYhipDPOeVENJakux+2kwuKdVXIrxK8EV6LLbRk4v/ANoU19xMxNdCG3EwtiIZPuBQSypcEcYXAERmZ6IvyneXJ4646vxRFWlEQaiAs5CPxC2teWxDS0zzZAuKjOdumWOXb7vCXSuOOIakK88jawecxoftzCyoLCkfOijGjgw2fnVq0lyEy+j1T1oMnO1Vyb6Vzr20XRT4xjLPuMVHk07OAKSJjgGGHcsLKkfKzpOhBiAAGjKsLjnhhhnngY2B629IC45TfHEwtnJT2eiZqSIxISRA5Y19VHu3k6fQJjaLWL"
20:09:00.075 [Test worker] DEBUG org.apache.http.wire - http-outgoing-0 >> "JzqjxuxIoHy76Xz627k48UaCmRQxEdYSzBddFOk0wBTHT85ydxqbTv/o0ctzsNHjgB2ekbe09y2N+Mg0dRFeAjTLhFGQEGTQexY6YHFjQw7piRE+xfNVWG+pEiYBYRVOkyYZJx2ldU2eKR31KkVddoorurqklR4sizRU8si7onPqlCzk1NWdLLs9KJwIpwWZ16Ks3AkXzTkuPMmXdjJxEoXuHiEGYSUnEuKQNB4Bjlj5UA8AIEaCDFxzy9GhQmvuVwR56v7MtohKcWtiTp91scLUXzShmUW2HdeTn8CkXUyBhOWSeKMcfwxduqKYolFRvhpaQIiHk4VMId6TBdXSION8px7qO5re2Wh82+zcQDr7e1twfbcNTzaaDTcyyTYgPRTifu9QVMq9BAERRXB0TBrhI+Obw8M5tLMFYF+z0bXUeQ9POJmCGlLqEqtWUZYWnzsA82quFRyS23M5NWbCtFNWiRvtDhBbzjtIZygtpZ4uTPoywePI6gVDOkDF82ibaZ4CSbRI+4a2lMr33xgaFdbucDo7cVQDFLAhuOEI9tt4MZkcNVHaSACNkxUAMc8KQRihQM6qne5YCKSue75VFMxbI0oHDJnPMXLs7pS4x6SIo42dORT51PZe4PJNBEcSTiQMiFRFdnBGR0jNDMC4Xxv3rktPFHcGF7Z4ZhKbcTDOGdrgX7P2+Vz+kAdHy/+CG236koldk9JxhCUnPpxA22sLtNRfD5479t4l23VGwklzBxTUY1Zop8F5GCZQpgKZzwQFLNpOpbOBgD4pLSQXGrGA8SpIccGWpSRFpSUNc6LZt9tcY2mvj22j1sVmshF4+XdZpEaDfQCqaTLJDTGbjFPGY8UEBODBxJJozBX0ZurjXxAAxASj6EmiABWwLYYVR7xQS045g6K2pKjsPGFNZZOlO8ES4HTImQmeTci8rNzQYxEO+drXwLojDTWygFw7ZZ44ApeFsb449gMOQu8/PFx34cZ8uTHBu0EUSfJ80Qa5mfBMGNN4oS1OyjK8oNU22Gk3XLECYoGn41B2uvrhQ29vDiMQDSSRAwGCOZOnkUupfS0y1Neuk/RrF+ApNRzTfk1L0I2yfshICgHkCqNx1S+0ZdlY41VkvfLLEstM8q8SbSVy4d+0BUEMxj2wmdsxRLmZ+VpquqJN4xmmmk9tVK7OhL/wAwfa/9L4f9jEX13Xyxkwd0OkAcR/GvKYdlrWVnxs8t4JDj09bEy15IeCABN2DOTXcij9uRcScmGYLwQ809QAELXbUgPUjniMAsGwM+lOhL/wAwfa/9L4f9jEX1K/m/iKXNXd7eP/nFiKOXRLzR0+JOOGNwWQxk7JaeyZrU8w3kRNSGgIOGYfhkmzUyVJSHWO6CggoqqaaC0oDEW4VcS8hVM92XPS1G1pXVNGVzUWEEEAEGAAGGCCCHgECCFhiGEEEHjbAMMMPC1sAww8LWxwwxtbHHG1scbWta1qgFAOkemPG387WeIZaZyIkKZ1ldn2fw8Ha7FFgp47VLOp0LC01I9MqZlosQgnElheEFJsxBSrjpwKcli93T0RFKEOvErmv4mliG/l3LcgmroDCxRrrY5RRlRupkjlg7F7mbpBiGzxoCXcHVcK1+4tCzIydBrLsYlEke+eHbRK1H2n2r5kNYuQU2ra/JevGoM0R9LUI6Lv8AeITpQ5cmVsvliOxm5yo7m2oHDCelNK2ailKKUrIYQZQ+ZUz6MmGFTxUOrSpKS/KUcmyZClHgdFaQS7yvcxEUOPd2Ody0bjg1nfLyfje1Qh5j6yQ1sA+XSymK5VNn3kWcHlNJdaxyOHnSiLaQYa8fF2mXM4JRoyRV04DIicP811P5QNo3pEfLDq3tGAx2dyGcY8byQqmJFjdEDLsKXWqbi13O+GZ3bbKc4SySSTh2yQjLjha6iXNt8Quvtc1ZJIl1o+10aozg3gHi5dunN4G3dfUk647waoveUI22QiF/8g20msBlKzJv1xLzedTejBD2LjxlEWrdrLSQjqyozkEFJyc6SrqKjn3ZYKn1Oc2tKHxROyMOZCWuN+HNhlJbaOqU5QbK250hyhMkswxPIyVFC4bBbUSSFMM7SUpSLk0/FxMCMOIg1EwumoZRG7wWxmw42yKuxPv4TbrSMYqkSd3WMNtFRJbJpGMVTjPF/JvSA+UvROJptObtQFpw1ldNeZZrTyBq/Gs/7AbDraBIz2Q1ByOWOxxmBA0QsNGGIl2EhkEVmmXiq5s1RcqqVEAXCCid/wA4C3J3i3z4m+ZLX/YWZm7H232hLj2UgCS52jSL2UopcrM+M2o5jLsSjjDcKUC0Eg/IZdoSJG6k4m2gN0dDbyojuhtpSQ6yGRgSxLoy/wCI50R/+F+bf/U1NNVX8XjWXHwR6WqymwnGlhyvDc7eprN5JIg5mTqouOAHZRJSU4mXDtcQc0dPmy5YuCHa+YowuGGNr5ZWtVROV1XGQqd73rLaDQ8koujYMvZ+MeH+KZv+Wp1bKsdYhGV1XXzSktH0JRmEy3i1Zclsa7Zbk4jhIbgcahKLgIXKYKMsuPFuNUyu90uZJJJC2YXYrWj7ngkrXN1bN7Ach8Y8fk1K+LzXWTp0ma3ayPyE48CRTqwGzGTJ00v4y9XquHHkUTCZpUX2o/MQ22QVwzZcFYOlDSSHXNxv8jBaI+i9mimo8nR4v7260667FuD5GCCy23PLMcJiHssvFXDLalFJgc8sDoLDYkmt2SQFNXQDjUEyNo5dVwOFxjafn35oI3uDQDSKEN3t2tgNdNwtjH9FLTf04S1urKqBsfKyXL7jQyKq9IuZkNyIrvE201ZlukweZbSjuPI9DdhsJKTsCoS8fMAHjLPch9PssZLbxE7YbfMNsLsZ0buYOSljHEOG9sI/j13IqotNZtojgayNJzBkpJaRpzt1ryCnu9DGTHM2zhFe8BuAiuFkU4tm0oIY9ZMLKAvevEqR5nth2Xp5u3uJu/D2EHydC7UeKzqDHutseBqEjsl6wrkajqYHZO5XAgus+U3U51Nryg7I+YqGRjtMJHFBsphdCw7DeS6AtGcseprbtA3vawxZcnIAyFe/YELj2kuNhLgjYX/hBC2DFDzuHnbHK2GeGV7djK177AOLo2okOJbjsPI6b4YVyXHXqObS0ju+BXwqoltao+GIpvfQlrhlu/jOARbu+dr4A917pla+ON6ZsGklte17IQJzc5rtqZo2YdT52HTuJXWeMnwosrXNoNmINX9k5NmJoJ+OYgc1yk+JCUpOZjUSlMLImOVaTdASDwAx06hnhimbYs4nh97hS5Bdgdp3hv5qZtM744l6auPmdkONh9hIqQCDSas6Ry/c33gwXqaaiKdUG6hucfOOHGOslGyMXQy5U8kJoRPI8mn1VWpy4hHJojyARLLe4XNFsRFU07dos3yQjPHXzc6XkNpQ9qo02sohBIjYZ2q8hOdFjlEQzGGJo2bcq8zVXLFRLnkDE6AuI7rHVZBdHKc0Curkj5/1vWQFmE4EWpY09PxCVj1rhMtiiscJO2eBTzrKbRdIQiZJqGbCBm0QwmJRZIUk04TVUnMymqBQ2OHv4oi3o0p6LrwrFhwHbiaj6ybJc4iNsltNrlr2rurktlNTbCVOE3xnE6k401PfkrlT6ggkX650A0sESRoYEsbNp4RgAsOKGCMJgJnjjfafWMro/Wr+tE/7G85alPGu8GTYooHJdKScgqEuRIwZIOoiedfcsGDpBINPJvrI6aTNjh4DGipMQEAwNhgILhnnjbKwH73SG9+dNN/NOsuOXSV3M3fbcnYGUokEh5qa1mk6ZCsajtJ+IjgcsjrD+a2SmyGwVyaRVeYZ4yI5QDZFJe6mrK+JFpp6+qE5lcgOzG4Gg7i6PlrdH8y2SRJr2Y171b2uN2arHeVpdbaSHCLLeJSy0+2mvrrfsvDqblH8YWkcbTmv4U75xVATQJbMvAlST1Tov+9ig701tHV3ha30kAuCvnk1HFWXHpHOChhlcAtieLFzCypxuISAEHTkgYUc+tMVNMFk8FVfEaYfKHJrnoczdem2/Rv3g0F1IdDTdXJrEbjbLlb6iUWEFwt9besFqSOtoqsQFMEVNKVU8yXPJ6gTHGKnCg4RguKIEJhleonSvFFdf+Z+NNo+KiRoqKqo6LFP5n020ZrKVEbbobUxZ0gSZ+P3YeUru/WfYTVtK2I0eRTrJjpANtBcbAxQnIbCLulqNBvuR23zEbkvLF7PFecyoloLVbWfZDyUzJ418p23P2pkHnt1X479apPuzIGibXJ07P72E01lR25zTpSFQ8YS49YJ1deLRcThaN/C9o7DHMshXaakYQ5XNG7qJs6lpuKf130gNqiQQ5OOLlhb4GRY9x+beslLmlUK4XBG+atsYrJEaSxkcNA2uKNYmbGQ0NKBHxELk8HyvGbdriMZAN/3ghbNtiZt5Q+WdaxspY7obYuOJtfVwe1h8jGrOrA48YMRaSDdrdoEUdhtOxSlgoBmKBc9G5DPEUSweOeUzP0l/GI2u8fCIfi68bWchHMPOW17i1E2hQdDdENW5rcWtzDkRrQTGU9TbsrJrMKlTLydBgeayK8xWPHxMoqt1aQS6W0Rls2muNPTzxrJSCUzCZ3dobvXtey+QybeJHkIcLHlKZGdEiZsXrPtKxWUWi8rsZCJ5SARlYN6Rqmmzrea0iNtXFPlRsGpkVQDtmu8CwRTINCILrnoQ4gNRNCInlLenQLkid8iQdtbDW0z9ekdWWN1NlNUWfNWvLwIIwTLfUeobFnKMGK8jJgRvqjmUFgqQOOg013O28lAYcujGw0m4HQhlcMi5ygOwlo7Gmws6bIaxRSeTHbubhsJPGxWtkfI7zAUk4zDmMqSrsg+URwO45ZeVRCrWb7PcKeRUTLiPJ6kXVW27hkKJvFq+NFSiwrqTW+6tFk0VEXRYeXUgvxiTpz9cpje2lcTS5C4d13iaA9upfixrSatanwvKkpPxcbBFmqZGETjQKojLZbditpN1XR1czJQicdk9RWXyokQ1BxEkcuC35tS/vjtPsLzHznxiMLc1lcbTEgCK4ydzMdx2JYnkmb9uXfIDaaTpVSUejT+UWIzT241SznFTvBjaaS87ThlvrBzHIyXyVAWVxjon/8AM/37/wDFr2o/ZfrnU091L8HO7mxbi0q3vTIGXtlovZyKqk0uckZ4QO/8GY7bCqJAOGp5WykaG3wjDCZiH1BNh+SHEnkz4ZzJSLBKKUq4ECSSyb/fdx/MUSyRit1Z74iEstPI15IYkkSTWftzshCe20C5JCWpQzMZKOMIT2ZLOUQcHBdacpxuwW2WgxTaoBPMUVDeDQVkRezOk72UmrkVWcMG7RzorzXTgzOH7kf5CNzHhaeHjrBuhN8MxMk+LDCjyyuSLpcGN+GI0HCjdpNgkIm5SDJOea86jSSsOkq3jispGzamCjlCoPFuM82o6384EjaM6C7QydtXxooupwckS42nXKZmfI41Om024FNNbUex/KI5hUASlAculoeeDVJLoxo+Qd7mJuMosrcdCqiHUpAut8k7P9Gh5emTEiGpul9M7lLmKXyLTRiw51VciJFwWsbnehFOJFsRDR9QJMks4l1OTCgBk6qn0gsmEi4hw4Ba2poqwn/OiRRldmWXrc1NFWE/50SKMrsyy9bmgmGY96Qc/takDch072a4G5CkiOQZbB473NqW0UCEkppuxAxcKfFguxjdXAJybz2Dbh4EDw6pCu1IQHVlZJVRXIlFDDhNQS4Md12dx29GSee4b2RhHOnw/JE4G0RoAHsU0d5vhzyYisxgNPFQ73OCJxVdeThRCSsqgkFERERc1Ja8HnA04QDO22FOczjVdvHlH09q20sRIy8YhJuJK7ApN3IqlsCTlWzSKIyhEiDCBI6JI7jdwrrsKiN0ujN4ynuArkUcCYoDNkzgsWzYai6wydtr0O2YoyhtAVHdJKHMz7lRvs5FKjnlh2FYsnJqvJ1IiQnlMRTiotCMxMcRxBRyJY2fWlwmnI5EsIbPA3xl/wArv2pFhFkTXVUgiOzqsGjrN4l/sYRVz2Trq63dsL8h8VRDP8ksBNmRiaTpmocQKuujfAcKMG6GpDD6lJ2ZK873VVJNNJ6Q5nkmPYHBorJo2AVKOcok+FVWd3EFyLA8nelzZ2GVmWBGkrNx4uyGZ9jcoKbGTmTNEe5J93ImpOahmIpBJCsjrTcdiWnqYppSRCTiBQlBQVDiYOqHKUdRGhwBzBozGe0Dx2TekbApcUN07NDVdvKdui0ndGEgorcK4Ppjq8eW2mJr5ZYT18opE24iIjeFydRO6UZZRJUIKyT3zbFwhN3RsPUJZk/j81w2A1wgacZadEjhEdi1N6qTvlZw5JDcbh+YkPN+S1L68I0HUWQiSekqY62kWXDCEfVsEa4JkFVUonry80RcaDR1ImuiwVlVVWMZaT9ej/LpB/4mLkD/ADJh/rs0qrm40Ofjihg/jv0ehuTtlHU3pGivVOB4+fSEV1a2+cpZGdrRjVuIbgTAHC1IEXGythEVQkZLYKrfWVVHPYh2MpygbKiBD52M9IP/ABMXIH+ZMP8AXZpV3nw8fioONz9CDWP9j7SqlM0bs3z1W386T/xCSDqhJCpJTSZMEbGs1zKarGEuRaMnuMSGtolvAiGky+w2CsqQd0xQKGPCKWnnUy2QuRa5yxoEYAO0fYHdvefcHlJkXi4475SYerbR1XjJqyRt/t+54tQ5veKW4nuRQldqRTEkfu8e0emFAykudJyU1Jzljmdj5Z1dqMliMe6M9Y775f0rLhZ/Rh2Q/ZftfXGYWldhcZPSLuRFJ23dCJDcUclMbw3Kutc5yQolmxGrkckZoxNJc8cGnysZlm4314BbXniRAJK6qTCyxbzXAFzBPvRokVRmZcK2yxVES7pbXjckMd3D5COMPkG081b3v2AZu72qPIA6VCJoh2OxhRlQHMsRz0EbRU1usl5NeLLlY5cTXc6y6mqkElDFJTVU9itHFgqYT7MpTRnNXrCMAbdr/Sjd/wBBaW/bpYTsRNcozkt0PwrrlAriNvaEFR0QOroWtRlvLyCYQUFHbDeVUFpAyoiFgJIVi7WLrKmoiqyuqjDd8cp8zxhyY8onD9pfps+mrPy1rbtIl7l7PPmJ11Pe7IhmMYwXWSrAk3C+myaUW0nuFwk0hxJwaXmqYnk1wHWKmmi/f7sSSo3+ybO8QagdKo3Td2z0mMSBGDNnG7HJ6PX9LbqRGAznAYax2EipwgRcjnPJqOIZExjmRMgA7m8chxmerEwe3Ng4gCGX8107fR9wy7bQiq6R8+d4ITWn/dnczbHk/fPFpx/yUytZ0DWSKmxK24u3rjjVEml4t5XfJRCVWTEEOR47R8Y8FXVJEc6KfVnA8Cq0XL5ZOHAImQNsfNIe3GTG4G9PGlyDak6pbyzw3d0NWOQBdVoyg/ZMxD7Fg6ZIh2BTRUkojxzIDcicqlxq7Gs9FJytdIQFco3W+tjm10wcwyDLs1WKOCraT9edV4f6RTt8Q5G1d9xfBW/kXRpJupE6p+x04ayRwvv9ktdmNl6Rm5JFiGTYzRjK/wCEQHKGjo70XThYiERalyQCcoyKgFlaZDmhngTSd8NPNb2E0Ni90NqMpHSJejkvEm5Wzu0LP1jVo6XkJbS5ems68dsjzNYCClmywasOCMScaucS0cYFRbBgust4k4Zr7Sc2Z4SgqsuqeSJFYw0eKIrM7JqzxmtzlPHV/SW+dn81un/7I4wrSpKb4BjGMZHkkyTyUC8esN3vgwQwzuHmeBabfUV4UngJbHO4eRkMhkDjnbDO+N87ZWxy7HYvmr46v6S3zs/mt0//AGRxhWnRzN1IeDbcLScBWx5BdKGrN1bJZZZYYnEhbIGExSK5ZY9jLGxgmaGBvlje2WNs+zb8NqJP+r/CBJrf4QzAdFPjUJ76czJyKygIA9Np97djpdd8nympg4mHCK2mm6BG8lMhPNjXGMJbXJuoi6nAXRyouBa1lVNJ54ZkkBDBI3s7uaHaw8iENgwTtbHtn+wCbtb75SQyayrNhxIDnbgwtyio3XU3zZBeQjBtPNKKEqCJh4sIeQ1ZSTxM7YmLZ4ZseGvZdncKK7M/D1ySPRL198UJne8l6ZbEyiLiz4Nn+En0ZKGL3TZLUrgspAXk5YLDuBTKryylAE1R2KLNNCFnG2Byh+xLfvnXiWLi7HgfjX"
20:09:00.075 [Test worker] DEBUG org.apache.http.wire - http-outgoing-0 >> "PRjyKb7TI628gRhB8LusrKjKQEbNVJju54y8841XBEVloaU27HO4YKLpSzhEyeIuhbBKshJX1UveL9wKkeYqvuPuE9CCvSOxHpF2wfABeFWMYlqQGDvKnARZHbmfo6SZkJ0txSg4uzmu45OdeS4bICOJSKJ5BafDiyVzYHfRpcVcj5iw+Qv6XJnKvPZxz60qPJO7N6NYn42oxeUbGZm0VYmpiEkwwlNV/vpvMEBHas/ulXWZ8d2JJyudBSzaibHj88ZJnzayUFKCpwKOo/v84Yr2H296NMPJRVuEJFG5B49FfpFnGFA40STzEX9f8ANzk2ucVgwVU43iq3kdARTakCAfMpwZYc4ACYEECwlz0o78RRvN/9rN/6w9faav8A4M5RfhrKpxnk75Ddh4olngjMa3yCNHEb76bgw2z5rbZloR86zDziGRlKHTYjRHVHg1F9SbI2SO9FUmKuMg42l7DM1kMWVARS5TMvLnfVa5VXxsHr7rjogjtWBILeqUtOfYvkAdyJGssnYrsm4rGSTG0bQa6HcWOq7wVrJJW5lxOhlLLPyydjfCJKBXNFdFwqSeUL/wCXXRMf0u9Qv/oHWiucbrS2ibE89omg3IPsO5Ne+Phi6ooUtw5Et5ZVNeYx2+lpYOtcNRJSdISQuNJUeyUmiKL9IpzFzdJVJHPRViWIlgjh5ylXG0/lYOqPyvwNP5WDqj8r8Hfoe5G7WgfKxpdpPsduczt+oG3tJSa1Exwq8Ow5D066+ytHaWSPkC6sQgki32uttV0H1lupoOTjbRBRECUVsUnmAKzxc3J1vNW8HL07+d/ZHjx0qecJG4rQdYIvkErhsA0W6IwddSiyXig29pmByZaGhzFLDtNHHGYabSjo+/h2pZZeoCurkSiA3xjSdCLcALjDZ3NBwJxRx1JOqaKPHE/zcHOltXkJjYpwSi6kqHAY0TZFkFhEhEt3PO1kN6iF0hccy4728XO3NKpVMAc6aKq2C62/0s/kL/8ADPin/wA/1foGnOPFsmfmi7NcqXHHyp6Eaublbkx/vfrdyIjSYzEBYK6xR5rc7ohkJhpyONmE3icdG1PJWSQFp4MEDI27HM5hFRBWV4DwYiqyWnqx7tnZTdXfrcLlGkPi2435bj7VJs6tRc1JJ262/d0UIM5utGcT6JIas1Yyi2O3gNdhqRsVGdKIOeGcAQQ46gWdeFlZDszsU539Z83n44jo1n6Se03/AN5qtXTcdTXHfFh0jLfy24TmSYYhHkvi+H5I15n+Qjwbci0864xQ0pHcjEcD3VBAW01jpZbUXqUEHXFUkTIBJbPuoiJ9nw3AzQfCb4/t76fpTpsFzMaJcmnEvqjN2+EabIa7bdzM/kFbejf1cieH5VkZLavybYOpkykhlEl3NtsJrVxdqGZYjohtUZK2u3crtDd2A1khtYEdcdYyeT3dnVLavm84BGJrXOseTqqwjsPNBqS1aKnASfLLb48lWgizWSA363RFBmrC/lgw3AMsoaKtqCm2wrJt18snZK6dgY2bUHOU5PPB5IddXLPPIt0jV4xkKaJznp40eOjeGElZOCyEU0d166QkwFtyqCf3IPIcU8DGSu+bpZIG+WRtc8E3sAPkBhjjrJlflHZDc4Yl3lQQBkwqVVNSE2XGgkCi4DkScyvdCINtpR2ezGzzxzFT5uXE1gq2PbGMgzJY5bDE1kHbESuTRNJTF7pJ/PQhrRAoqoy1BumySrJh8AMyRUkxRgaKCZ8gcLC45BGChwqMKXMACY5BigiZh543xyvaqIWQ0X665TinotS6QcZ5mw5y0SBLLxUzgRu5FT44WYgY7KtBtLRwzbMCxqRfG1xu0EXIUYIu4B2iU7AohovirRFiryRXuqp/KN5hzR4k/wCn/wDVFRfLIjPOMPSrOfc/Frqmsah8rfBUzHkEbtKks8c+yezczHFTumS6fkvYDGfnuaxcgo9u+BXE3mgMzWSr5jiC55G2rnnkIIJmIKJpQl0jzGbI7sSrGkaSElcbuicOtVBMMzYYlHcA7FTNtK8VctgIs5IqA/lh8NSKWO2jGChhlZzMso67liCcZMAGRHaKVYkONowwwelUcYIIQeAQQXH7PwYQQeOOAYYeBbYXHAMPDG1scMMMbWxxxxtbHHG1rWta1rWqG+qLz105COQXk5J8y88ot1bVjZhyxbrdonPUy2iTXlmwm3lZeKo0oBxIfczSak1rS+lEUjw06nIRdCbkUMEHIeKik3SzhUq5mJ4LHfVHVY6o/lZbOuhZLxp74bRjcmG33FRtXOkebeKMLQw2NkIW2nZDFZ0Zr7pYKmqMJvupmyazo3Hyjws5m4uSS3iBMZtJ6RnfNKXTp8MwCrpZFC5vxVbpbL7JciPNvBU0yV45xXqHsJDzH14a3icwG78nrWdQk7YryX4babVQnG7O/wCzNbdu/XwruVRK+Df+xmy9zh/vqrjjRcWmaz0nrajHRMtCJLXpM4sxms3b67tduNaHT7oQJ01pLu0Rk5M1ISWY5y4SkVNFj7nad1VGUVJPUQMVc2cTzuAEo+Dj8bZ0kr9LDX3/AP67O1dFunShEgt0qzoqznWPTGo6lKVAKyh9Mj/FHt39L6Gv1Kl6tXlZQ+mR/ij27+l9DX6lS9QE/wDo334kvQf83z//AG3SfV3tUhdG+/El6D/m+f8A+26T6u9oBSlKAVgD59P6U1wr/wDDk/6ikyVv8rzg+lSv+U4o59OO2UoLZXylTbGuv+pD/h2OvFxxvHx+lNnbn7DuKPmV4os86nO11eNTtTkhC8XGsoEHGud/+DEQ6VUzRUfAD0fKVgD8vp0pr0K/+HJyKfGSnl9OlNehX/w5ORT4yUBv8pWAPy+nSmvQr/4cnIp8ZKeX06U16Ff/AA5ORT4yUBv8pWAPy+nSmvQr/wCHJyKfGSnl9OlNehX/AMOTkU+MlAbq5cg6FdgGyUZU8Q/F02M1PXk51EGlLkftOSGyRc6PgaCSHGUQXkkLKUWXkoM8dDTlgEpgoEcDhrAsYCxMC2z5s5W03Ho3HAzni30R2NF2Iiq2nS1nKlEF1uOVuLpAdLXG+4ENUANJiyiLKYaNJyqlKJUyQUSBkcobAGLjCB5YHvL6dKa9Cv8A4cnIp8ZKeX06U16Ff/Dk5FPjJQGv3yTvFl6NPQD2N9dfhzXfUX6j6pQgznfHULax69RDH0giZCv5ixfC8bsBnPcXMj4MzEd7YajaSURyiZJv/d+Wa0RO5ZEf+yXvcv8AxdYiPL6dKa9Cv/hycinxkp5fTpTXoV/8OTkU+MlAbaIg0x0917cig8YC1Q1qg93K5ccqquqIIKi+NHIplTOWOZksoLjLayKpnS5jPHHIcEyaFDFyxxyExyva1671dTUaz6bqw0Hs2kB4tJwkRUxfa7qRk5wt1cTR7WsOnrCIrljiapkRrWtYUodLDgCWtbtw8uxasEXl9OlNehX/AMOTkU+MlPL6dKa9Cv8A4cnIp8ZKLGcbhYzjc2is/QHRCPEp7ITA0o1IYyHJaApNOR0Zn63w42UqQGssh3BWG09k5FZhIo60BVCvcJSRl0E+nHg73wNFhcb9iucq+qGrS+x4xjFe1qgFbjWE1pEckNR6rw5Hakx4kcTaCMAtxejFpnG4MgMJaQATZsJEVGqnpR5KCNGAyI4GAwlssQPl9OlNehX/AMOTkU+MlPL6dKa9Cv8A4cnIp8ZKA3mSBHjAlhmOGOZTYzPkuPXcn5JLrYkgNlFeTMc6XmIGNmmuFruIkpIi0n5ighC5E1IiZL5CBB53Dvlhje3UT/081HliOWFD0p6s65SVEkVFkwlF8Wv+EIzeUcxuTREXFtoxRhMhxNhSbLPLJDdxxQUwBvJicEQRccUspgERtYC2JDy+nSmvQr/4cnIp8ZKeX06U16Ff/Dk5FPjJQGv3yTvFl6NPQD2N9dfhzUzCccR4nR+nxMnsJlkIrSWmQYaXGZNrIZWP01jJSUAhpbMT2YARwbhNppqIWLI5Bul00NHJpRcBPLkwygQYOODby+nSmvQr/wCHJyKfGSnl9OlNehX/AMOTkU+MlAbXIm0h0ugR2Dv6C9Q9X4XfRoIyAZekTQDFEcuwwCcxzwNgjuNntNGWBQjWAgmJkMQ5lgPjnniLbK2WVrygrAH5fTpTXoV/8OTkU+MlPL6dKa9Cv/hycinxkoDf5XU7YgWDGTJj7mlmQvE7RmOUS6eTk2WWxHTPQJMkUokhFQEoq+34lI5R0u4umAEiQKeA4FVQCJhFCoZbEPAuFbDC35fTpTXoV/8ADk5FPjJTy+nSmvQr/wCHJyKfGSgN/lKwB+X06U16Ff8Aw5ORT4yU8vp0pr0K/wDhycinxkoDdXEkHQrALdUWfBEPxdCjSV3Epu9Wa8SR+044bqo7FoImAsOhRRGckIyYdcSsCnkAVNbMlRVI+ERJhmjIuBYG2HaNYA/L6dKa9Cv/AIcnIp8ZKeX06U16Ff8Aw5ORT4yUButYsIwvF7nkd7RpEUYR285iXCznlx3MVgtRpOeU3ITufuTcMjr6Akp6q91wpdVVLllZzG1M+BdSP3CMYd+GO6fQmTX2BNi28VaOwcIRDOrUIm7qBJsTJGrMk9vEz+WFg7nSqK9kVcTS5u4eNsLmQi2A18LWxvn2trWrDD5fTpTXoV/8OTkU+MlPL6dKa9Cv/hycinxkoDdfE8KQ1ArVDYsGRJGULsgIyIdCZsTsJqx01Qjg2OGAxsNvM9KR0jAyLgGHgIPiTsLniHhjlne2GNrdm1gD8vp0pr0K/wDhycinxkp5fTpTXoV/8OTkU+MlAbrWLCMLxe55He0aRFGEdvOYlws55cdzFYLUaTnlNyE7n7k3DI6+gJKeqvdcKXVVS5ZWcxtTPgXUj9wjGHfhjunZ9YA/L6dKa9Cv/hycinxkp5fTpTXoV/8ADk5FPjJQG/ylYA/L6dKa9Cv/AIcnIp8ZKeX06U16Ff8Aw5ORT4yUBv8AKVgD8vp0pr0K/wDhycinxkp5fTpTXoV/8OTkU+MlAb/KVgD8vp0pr0K/+HJyKfGSnl9OlNehX/w5ORT4yUBv8pWAPy+nSmvQr/4cnIp8ZKeX06U16Ff/AA5ORT4yUBv8pWAPy+nSmvQr/wCHJyKfGSnl9OlNehX/AMOTkU+MlAb/AClYA/L6dKa9Cv8A4cnIp8ZKeX06U16Ff/Dk5FPjJQG/ylYA/L6dKa9Cv/hycinxkp5fTpTXoV/8OTkU+MlAb/KVgD8vp0pr0K/+HJyKfGSnl9OlNehX/wAOTkU+MlAb/KVgD8vp0pr0K/8Ahycinxkp5fTpTXoV/wDDk5FPjJQG/wApWAPy+nSmvQr/AOHJyKfGSv0Ezns6UgZMiBnOF7vcHFPVjGAnk6ORALtjZRKOmiAHbCzFljfvk8CXLdytbug3de4g5YjCYZWA32UrAH5fTpTXoV/8OTkU+MlPL6dKa9Cv/hycinxkoDf5SsAfl9OlNehX/wAOTkU+MlPL6dKa9Cv/AIcnIp8ZKA3+UrAH5fTpTXoV/wDDk5FPjJTy+nSmvQr/AOHJyKfGSgN/lKwB+X06U16Ff/Dk5FPjJTy+nSmvQr/4cnIp8ZKA3+UrAH5fTpTXoV/8OTkU+MlPL6dKa9Cv/hycinxkoDf5SsAfl9OlNehX/wAOTkU+MlPL6dKa9Cv/AIcnIp8ZKA3+UrAH5fTpTXoV/wDDk5FPjJTy+nSmvQr/AOHJyKfGSgN/lKwB+X06U16Ff/Dk5FPjJTy+nSmvQr/4cnIp8ZKA3+UrAH5fTpTXoV/8OTkU+MlPL6dKa9Cv/hycinxkoDf5SsAfl9OlNehX/wAOTkU+MlPL6dKa9Cv/AIcnIp8ZKA3+UrAH5fTpTXoV/wDDk5FPjJTy+nSmvQr/AOHJyKfGSgN/lKwB+X06U16Ff/Dk5FPjJTy+nSmvQr/4cnIp8ZKA3+UrAH5fTpTXoV/8OTkU+MlPL6dKa9Cv/hycinxkoDf5SsAfl9OlNehX/wAOTkU+MlPL6dKa9Cv/AIcnIp8ZKA3+UrAH5fTpTXoV/wDDk5FPjJTy+nSmvQr/AOHJyKfGSgNvs6anasbQeK3zl9adf9iPEfw34lfLpDcdS34n+M3gjxk8VvH9uODxf8YPF9B8N+Ce9PCvgRI7/wC+PBpPuMf/ACTvFl6NPQD2N9dfhzWQLy+nSmvQr/4cnIp8ZKeX06U16Ff/AA5ORT4yUBuNj/WXW6Jny5pPivXyEIzkt6IyU3XjIcfxQw2Y+XY30MunlERCcztbiAmr68jI5VJSiyUlqigaJJ5dMTwSgAIZItiF3fWAPy+nSmvQr/4cnIp8ZKeX06U16Ff/AA5ORT4yUBudh/XuA9ek1xI0BQfEEHJDvcI7tdiVD8aMyNE10Os0ACVNOZxEWWiohVbcJkqWLlh1pSCMqQwAAIIhnIMLDHH7T/giD5XdEbPeUoaimSnpDK8M6Yfd7/jxovJ0RS5zA6UaMOONl9xI6irMVeHMoKGYGV2ubS1AUdGShszGQicTyBwseX06U16Ff/Dk5FPjJTy+nSmvQr/4cnIp8ZKA3+VxR7sNjSY2lJlyOzGpIDOWQ8QVhpvduo7rbSqFhlbPAJSQl4mfSzweOdrZ44GiouOOVrZWta9rXrBd5fTpTXoV/wDDk5FPjJTy+nSmvQr/AOHJyKfGSgNqkU6LaRwQ57PaD9OdV4aeeOQmeLuinXuJI8c9sxrZYi5WXmi0UdVtkLjnniJlY32c7Z5Wyve2V+zKisAfl9OlNehX/wAOTkU+MlPL6dKa9Cv/AIcnIp8ZKA3IzdrXrnswiI7a2QgGFNgW43VXNdb7fm6K2LKyIhLYhQZPEWEdKfiCvEExVzIGByWagSAAN5FBxi2Q1wRM8Mu4E9PIJJAilJREmmJaYTLJ6amp5YEkQTyBIHAsTIkSZbAMuUJlC4YYBYsAGGCACHgEFhhhhjjbAd5fTpTXoV/8OTkU+MlPL6dKa9Cv/hycinxkoDf5SsAfl9OlNehX/wAOTkU+MlPL6dKa9Cv/AIcnIp8ZKA3+UrAH5fTpTXoV/wDDk5FPjJTy+nSmvQr/AOHJyKfGSgN/lKwB+X06U16Ff/Dk5FPjJTy+nSmvQr/4cnIp8ZKA3+V50PDv/S4eQb88XJL+2pWruLy+nSmvQr/4cnIp8ZKzoad7xclsP8uGwe2uv+n/AMqO+MgPHZJYlXWb5v8APr28SXBJD1NrUwJfyMsp2pkyNvxCcYo6T3i43IdOtbuXeDoFPHsMxbxY+04VFIsfacKinsV1GmYtL9O9iFsu5tgNTtaZzchMMEEo4JigmLpNWyoJfDAMAIuqvVrLZ8AMAMIPAEMIxjiHgHhjhbHHDG1sTPl9OlNehX/w5ORT4yU8vp0pr0K/+HJyKfGSqU3pMliMiNGwlMmOWa1WAzEIG5ZEaTJbyQ1Wwjl8s8hMi6UgoRMglJ4OQmeYlwihQEO+eWWd8e2yve/FykGwony6qbAkIei0lPS40g2AtTcUj5pFpdWGICbTj4TKVJJBSMHmoNII8jpJwNtm1oZGwNpacYxJWGJFswsKvl9OlNehX/w5ORT4yU8vp0pr0K/+HJyKfGSgN3UpxHFM5sZYjGbYxj2Yo1cWSdm4I8lNltuQWMu5pCmTWknNYabtTVdAU8ktYTyCsnZHU8e5JTIkz5a4RosCLhwG2purFoMw1ftrRr/bWkO4lw9eLQ1HXyGB3FdQr7FvhEvi54g4XFe447yE7Vv27d1DCuHLsq4mZy+IPy+nSmvQr/4cnIp8ZKeX06U16Ff/AA5ORT4yUBvTZDGZMZtBuR9G7Pa0fMJnJBNvtFkMhvpLUaDWQU4LEBPRG42kEoQRkNIIAY4gk01MJFSZULHEMAHDC1sbdfrutuuzpmJr7EOaA4WcWwDHS/AbKnNdixjK8xM9E7ktAeB2vJqghGHq30vuLkcQPg9JWyhTuS8tB9x7RUPWHw2eX06U16Ff/Dk5FPjJTy+nSmvQr/4cnIp8ZKA3+UrAH5fTpTXoV/8ADk5FPjJTy+nSmvQr/wCHJyKfGSgN/lKwB+X06U16Ff8Aw5ORT4yU8vp0pr0K/wDhycinxkoDf5SsAfl9OlNehX/w5ORT4yU8vp0pr0K/+HJyKfGSgN/lKwB+X06U16Ff/Dk5FPjJTy+nSmvQr/4cnIp8ZKA3+UrAH5fTpTXoV/8ADk5FPjJTy+"
20:09:00.076 [Test worker] DEBUG org.apache.http.wire - http-outgoing-0 >> "nSmvQr/wCHJyKfGSgN/lKwB+X06U16Ff8Aw5ORT4yU8vp0pr0K/wDhycinxkoDem9WMyZKayyx5GZ7Wf7KcRXvFwM96t9JdTWXSXdMBe81lvrpQ+kqZXuoYYve50oOF3QPDPtO2wxvbqmFNT9Wda81cXXPWqAIBEcGGIS8JCkNx1Fea2HiLgNiGr5sVuIOSlhiMGGLjgcuNjYUPAS1u2xxvbEF5fTpTXoV/wDDk5FPjJTy+nSmvQr/AOHJyKfGSgN/ldWxlBsKQrm8xIbh+LYlzkd3KL/kPOMo/abDzfr8WL2yVns88mqkJV3Q7lS9rXUXIuXPLJ69rXMnRb2rCr5fTpTXoV/8OTkU+MlPL6dKa9Cv/hycinxkoDeJI0YxrMLSU2DLceseUmItWDxWGVIzTQHu0lbELLtgsVNuOZPU0c/YPK98g7GiYtsMvw49i/4a4PCusetmthBUStdNe4PgJLXBQR1pNhWJ2FFZBYHL2ysAMqE2KgIRdQFAtnnYEQ2GNmHbPK2F8bZX7OHPy+nSmvQr/wCHJyKfGSnl9OlNehX/AMOTkU+MlAbtJVhuIZ1aRhgzdFUbzGxDhgE2bZUqsZsSE0jRsviJgXNGG47ktXRxzAGIwuIIwpPIQLEUS2GWNs8rX/HhvXqAtdEA21dfIOh+CWuoGcDp9tw3GjLjBAOnAsRMQjZtHZKIhpxkyHiKLjgOMXzFwxFEtjna2eVr4Y/L6dKa9Cv/AIcnIp8ZKeX06U16Ff8Aw5ORT4yUB2D04r+Srjt/ODsb+rkQ1t6iX+SqMvzfMz9XE2vJm5xeQrli3eamuyVyUaO/NDQ48cMjKETKXzaNk4B8eVVxprQLO4j35Pb1dhNzeAiaQgD97NoMkZS/CndVPMcI6SxCu9aXPJ0oVJajZSkHhk8JoaY3kVPRlLydvIWd8IJRJNLFk4934TmAMmb77Jhgj98lQwyw/dO6gYYBZ442A3ySLGEaTA1jrGlqPGNKLJUssM1FnyK0kB7NY/mHgJgHmdb7mT1NJNZYYDC4YZDlBL44CiY43tbPK1+sYX1D1O1uOKSjrvrBrxAigsg5F1c9C8KxtFpxVL5CYC5AKRljNpCHPA5ChhiZBGsxcLiB4Z3xvljje2Iry+nSmvQr/wCHJyKfGSnl9OlNehX/AMOTkU+MlAbrJfhCFtg2aNHU+RDF83x8YUCCuYYkvsBqSUzR1VLzzETFMZsPNJWkQVQThBBBCB3MjkZJ5iZ5FxQ8ssr37OwwwDwxDDxxwwwxxwwwwxtjhhhja2OOOOONrWxxxta1scbWta1rWta3YtWAXy+nSmvQr/4cnIp8ZKeX06U16Ff/AA5ORT4yUBt6j3UvVWI5QeM3RTrNr7GM0SIGvgyBLsewzHLLlB8guxfIux0hPF/NttprrcwbldKWmOVfDWlY9isr6cRWVGxlRKFzIf7Mc6266w885DkeJIDhaLZDl1SzWZYfkcxYxmQ85PVxVJRWRFWQ3Q2UJMXHqpCK6urKuZ5yHlM1mpKiieyFuaOmRRcNnl9OlNehX/w5ORT4yU8vp0pr0K/+HJyKfGSgN3MqRFE86sdXjGbowjyY42cGacKvR7KjKbchMdbESFEqsJIiu03cmK6CpZpauRIqidmcTxsiSiTKni1wjJcEXD91mMpmxw0m4wY8aTZYbEZyMntxospmIKU12k1W8klgyaUgtxuIZQijoaMmEwgiqelphMqRJFgwwCwAYWGONsFPl9OlNehX/wAOTkU+MlPL6dKa9Cv/AIcnIp8ZKA3+UrAH5fTpTXoV/wDDk5FPjJTy+nSmvQr/AOHJyKfGSgN/lKwB+X06U16Ff/Dk5FPjJTy+nSmvQr/4cnIp8ZKA3+UrAH5fTpTXoV/8OTkU+MlPL6dKa9Cv/hycinxkoDf5SsAfl9OlNehX/wAOTkU+MlPL6dKa9Cv/AIcnIp8ZKA3+UrAH5fTpTXoV/wDDk5FPjJTy+nSmvQr/AOHJyKfGSgN/lKwB+X06U16Ff/Dk5FPjJTy+nSmvQr/4cnIp8ZKA2qLmi2kjnkzOaXLp1qu4ZjFUbLAksrmvcSK0mCK9hO62VM32faJh05qNhf4yx7JVuZsJ/DsL234alRWAPy+nSmvQr/4cnIp8ZKeX06U16Ff/AA5ORT4yUBtULaK6Rk5O+WwnpzqsVmayp4ctLZbXuJAJOst90uN4Y8fQmhg6vCndb3F8IeFu++6Xvn3btr9mpUVgD8vp0pr0K/8Ahycinxkp5fTpTXoV/wDDk5FPjJQG6p2QbCj8kCPZZfMPxa85UiTJXzimS3ZH7TcUgRlm4AMCy9lHryWEg442Xktlggi6vk21JNupAB4BHLjB4Y427Rva2Vr45Wtljla9ssb2te17Xt2L2va/4L2vb8F7X/Be1YBPL6dKa9Cv/hycinxkp5fTpTXoV/8ADk5FPjJQG1Vp6L6SsOR/liY2nerDMlyx4RUtKbT18iVuyP4TFE7qKo+PCO0Sbm7+EF/jRDfhTvjMT+HkJfL8NfkchH8wfeD9EHZX9jD1rGD5fTpTXoV/8OTkU+MldQbCc43SXJBgOcGFK3D94kRc94gktoSS9PJ/b9NrxQYLlZi0jPF0eMbklo63UDwA3Tqiq+Gl4mbRUrvTv5ULDkQBwswLHehL/wAwfa/9L4f9jEX1s+ryZOEvkp5i9KYDlhhccWgfztYudcv5u98vT5q+0k8+Lb+yZjXRsmv4xwS+2o3UfsN1LRVXwKsEzK1bwj39cz3ibKBB3P8Al9OlNehX/wAOTkU+MlAbPj/HxoOqvj5TlTSDUFSkrv6yn8oR/WqGDj48JWztnZQ8bDDLEXu/rZ2tnY34Q7vbO1su6dm3ZqXYYYYQeAQWGAQQWGIYYYeOOAYYeGNscMMMMbWxwwwxtbHHHG1sccbWta1rWrAN5fTpTXoV/wDDk5FPjJTy+nSmvQr/AOHJyKfGSgNs0yaX6d7FLpF07Ban60zq5kwAEqmuKZIJi6Tl1PKl75XALEVd7NZcUCgAF8srgggGAww75ZXwxx7N67dT4wjVJj7KJUqPGMmRVm3j7SzjNPaSASj7NqKpYySVGzkzCyeG3Mm8pEzhsofRbpt004WNGQDBYQIcXDLB55fTpTXoV/8ADk5FPjJTy+nSmvQr/wCHJyKfGSgN4EZRZGMKMZBjCGo5YcSRq1gzwLYjyMmg32Exm4EpqZ1bUgkFpNVOSkBIDUFlSUVc9gnp5fE2pnzp8ewho0OKJ+THcGwpEKxIjhieHoti9fl52nn/ACwuR3HzSZSxJ77UzR08pPWRFNtJCYdertUDqkonDzkco6msmzR86YMHRBTQ+YmFXy+nSmvQr/4cnIp8ZKeX06U16Ff/AA5ORT4yUBt/YGqWrkTv53StFmtkBRpKMgYHg35JLAh2O2a/nsGpmwz6lg7ni3W6muJyYKB8II6exWVE7ibNhhmR7CDYY524e0tD9HWBIeEusTTTVJlSuGezU8JPaWu8RNuQ8FIQTuoihg9UZnknJieEF/jMzdlKxjIT+HkJfL8NYsPL6dKa9Cv/AIcnIp8ZKeX06U16Ff8Aw5ORT4yUBt2RNRdT21Fb0gtuaw68oEJSQqqC7IkOokKxslRW/VxX8G+FVl6R6RbQDSdKqp+BkfwgoriQeNnfBSb3yML3iV7l3M02m1WE1WyxWK2W+y2Sy2+jNNnM5poyc3Gq02q3E4sjt5stlvI5YmkILfQkgmTS0ZGSyZVOS04qWIkSwBYAILHBH5fTpTXoV/8ADk5FPjJTy+nSmvQr/wCHJyKfGSgNqT40T0hk2QcpaknTfVWQpVzNhH8pMfGvMRuyQcjxfte4HcnmvNA+47mwe0w7kZupXGD7THtM8e1t2O0mjAsGR/IL4lphwvE7JlSTiqMSkmTGjHTPbcgyETbhQEg3ij4eaMjknG7CqCRLgE0YuvKSgEllAAS5HAAELDDHC35fTpTXoV/8OTkU+MlPL6dKa9Cv/hycinxkoDf5XU8ZwLBkKqD8VocheJ4lVZUc5l7yepxnHTPYahI7zOjmzJx3Pw61kdKMu9zmzKgfMGV9wiKKqOOdNiim8xDI2WeFvy+nSmvQr/4cnIp8ZKeX06U16Ff/AA5ORT4yUBu+k+KItm5kLUZTPGrAl2N3JYli4o+k9nN1/MhfxTVAqrJ2K01HWnKyCqWIKhEkpErHiA9iqgTKnAO5mS4QmHWweomp4SLDbbC1g14Dbuuq+E69fUAOFY2wRYKdIKmCtAuWG0vFtWIxivhLJcurBLLJAQ1ENTABP4GbGgsBccRXl9OlNehX/wAOTkU+MlPL6dKa9Cv/AIcnIp8ZKA3kyHHEeS6y3BG0sMJlyfHbtJ4pzqYMhtZDerLcyfgYAOYEXA1nIRU0NZJ4GyxY1iVUSJkDEwXAHthYUIPLH/KNoxjWGmQgRnEEeseKY3ahcyVa8fRs00BjMhtlTh80qGyyA1GwnpaCjlzSmePKJkFOIFgxz5w0cFxyMGBhM8Hfl9OlNehX/wAOTkU+MlPL6dKa9Cv/AIcnIp8ZKA3CTZqxrFsqAlFtjNcoHn4shd08CF5siGPpUAR+7Z4iDeCgn03l4NP7qJjiIJ3piD2+eOOWXZyta9c3jGJYqhNpk2DDUZx9EjFTxRRyDLjFmNxhNMiOPYPEcYm3GqmpSOWFGxCCxFEBJ4ZiWDDtne9sMexhE8vp0pr0K/8Ahycinxkp5fTpTXoV/wDDk5FPjJQG6qJ4NhSBUdfb0GQ9FsLoDsdqq/3ShxPHzSjpHcr7XSqaRW3qvpjPSEcksu1ZJI6QTVXIogGVlRKpSaXNnRgiJXAL8CatYta9kySYmbFa9QdPiai5iiIyfNUTMKUySSIPfC4+aYUfKAugEMxrh4XFyKhhZCXwwvne98bdjDp5fTpTXoV/8OTkU+MlPL6dKa9Cv/hycinxkoDdZEsIQvATXxY8FRDF8KsrEzmdxZ8SsBqRw18TguGAYhvFvs5JRkmxkTAMPDMexSwueGGGOWd7Y2tb4xNB0KQIiLbZguH4thdtuV1Kj6cbfiaP2nHKIvvdcLp5RbeK2lM9IRiCq6lgokpZVUcJ8uOrqBdNTwDZwYImWxDwq+X06U16Ff8Aw5ORT4yU8vp0pr0K/wDhycinxkoDbCiaUaaNmUDc3tzUnWRvzQfHPGj8vIkCxWlSgdNKmOeCmZNv8g1C7rMjqOIgmJ4YZWzEN4iZ2MZCWzytfs2IoThnX5mFo4gaI4xhKPCZ4+qE2HETCasbMwopqo1jCoolmuzUlFQwDykYtYc+bCI4GDg1rCmBBM/4VYUfL6dKa9Cv/hycinxkp5fTpTXoV/8ADk5FPjJQG0h16C6KPt/jSu+NK9S3lKRg9ZUMSU69cYdcT/HU8RLi2URnirs044hT1hb3FsbzUcjFhL3zsJ21+zUsAQQS4IRcuEGAXADwBAABDxCBBBCxtgEEEFhbHAMMPDHHDAPDG2OGNrY42ta1rVgH8vp0pr0K/wDhycinxkp5fTpTXoV/8OTkU+MlAbypCjmPZbZbgjeVmIzZNjx2kfBjqYUhNdEejLcybYcEzZPcDWchFSQ1ojYyXAMd6KREyB3cAEXufdAsMsfvM5mtCO2m22FH7VbbFYzMQ0tsM9ls5DTGy02o20QmCnIrebbdRCpFHQkNITy4BFLSUsmVIECYAJUoXCACwwxwT+X06U16Ff8Aw5ORT4yU8vp0pr0K/wDhycinxkoDdKvQNBrqlZlTw6IYidyTjGyWpIkdTKvR00FiVmCirJVWIq6QypEUEcw72slqpJeXSaknoSwQKHiq0rFzQIoSicwG+xLMIwxPjXyY86xFGE0srI0GeyZ8ssFqSM18joWGYYRzJvvBJWUm5oPAQTAMxcp3XDATPHHO1ssrXwpeX06U16Ff/Dk5FPjJTy+nSmvQr/4cnIp8ZKA3LQzrlr1rijH25rzA8MwM3lUcE0qIUMxeyIuRlI0XxFxAMn0tkIaGRODgYjDYgjGABBA8RRbYZY2Ez7P50xas6x7EH2uq7Aa5wROaoyBhTLLUpiiGPpNPtAwMKEOMO1zj1by2YQBhRgABhRUkQpmIKCEJnlfMPC9sPXl9OlNehX/w5ORT4yU8vp0pr0K/+HJyKfGSgN2MnwvDs2tASPZniaNJdYIuYAorHk9iNZ/NAQQsHkCWEEbTrSlZFzzLhZ5hAZ5Er5BB55YB3xxyva/GYV1j1s1sIqaXrrr3B0Bpi3mCKsp0KxMwosIq4he4ly4imUYyAhFz+YFxRbg5mwxcgriCXwvj2+XZw6eX06U16Ff/AA5ORT4yU8vp0pr0K/8AhycinxkoDdU3INhRnyW+5paUPxa1pjlIqjkZNlluR+00SS5GJN4mVT0Am+32mJBV0u8qhkCJIijl3AqqAKYTJlSxLAAEuFhh2lWAPy+nSmvQr/4cnIp8ZKeX06U16Ff/AA5ORT4yUBu0lGG4hnFsiMuaoqjeYGcKNYyK05RYzYkBsiGMcMg8RxEF2Jaul5jY4Z54WFyK3zthnljbLsZXtfh8Kasaxa1gqhfXPXGBoBLrdsLLQEKRBH0Vgq9g87CB2VAmK3kHA/bAS1hMLG8RbY52tlj2MrdmsPfl9OlNehX/AMOTkU+MlPL6dKa9Cv8A4cnIp8ZKDOvpPSG6uQIOhSWV+OnVKcPxbJboh9zBvWJXJIEftN5L8XPIEcgZBdsdLDjSFJRZLmCMpaYYDXm0ZTFXAdOIC4m7CEy+Qf6MpRPFk4sRdi2a40j+YIydHgzxmjqUma3JAYji8CLCe4kbw60XYmq7fV/BDgSEpdTPCCeY7wWExPUyvcjpIsOFhD8vp0pr0K/+HJyKfGSnl9OlNehX/wAOTkU+MlAbmHRrpr4+M4lFesEw27xICV0dwQUI6IwZLgzhVfb2KZigLkS5qyGbyjhXQ8UVGxR1JnXRjqZikpliQ4FiBWwX15q1p1y2TS0xD2KgCE58RUQcY0jJE1RUxJTS0gyZsFiYMJie+UFdKEBzGIANhhigIQgtgQrCZZWDw7GG/wAvp0pr0K/+HJyKfGSnl9OlNehX/wAOTkU+MlAbZSOl2nSYTi5OTdTtaE9Pg9ziPeFiBGCYtKE4gegoqWOK7ouKl2qGAwHOKOhoowi+08ElVzFR0sTI3fNPKZA9jJsHQojS04Z9R4fi1KnV3NkoynZNSbH7TIy052aQESxSLScMjlUgJ4rTZJCoaKKUQVJZMpRcRHS8wSmGSeUuDhU8vp0pr0K/+HJyKfGSnl9OlNehX/w5ORT4yUBuqfEGwpJrxjWRJIh6LZBkCGFJVWoefT4j5pOx4xQsLvgqy2rRq515IPrbFUliyEh2VT7XPJRpQ8DJXfYo3g4n3Gn/AJFN8IDgzYJG185NtFkdw8e7yZgDqZe6j5YoezkEkZbLXLlh45l+IrQ45cogUwQBFvwK8Dqy5S6yVzSTJcoUTjTsNM7Or5fTpTXoV/8ADk5FPjJTy+nSmvQr/wCHJyKfGSlhbPSpHGJuMQtr3yXcv/G+s8aMNo7b48OMZInaXZDm+M4MOQdAC9MUrpDfR0qOoyIiM9jpLmcgCwxY+Mq5pMTcbGEWzkUS2R5Pb5cwf2QVgD8vp0pr0K/+HJyKfGSnl9OlNehX/wAOTkU+MlAbrG/CELNKTX3NTViGL2zMkok0ROk2Wm+wGojSbIqe2iJNLbhF9vxNSSzpdxNvpqeQTkQq4FVQASiJEmUIYAFywIeH0CuvkBkZkUtiyUIRAT2DWG8G0VedisaswvMiq1AgSBcJsKUnhIuD2PN4MulJgAaKaXBU3AFNIBYlrYEy+IeGLy+nSmvQr/4cnIp8ZKeX06U16Ff/AA5ORT4yUBusVYPhZdldsTytxBF6xOTJbx9os2ZlVgNNQldpNRV8JWVGw2JENpIzvQW8pWWVix9FSlgomnPCql3wWE7+Nd164l/S3TnYRyEXlPuputE4O9MALlk11y/BEWyW5E8sUvfIqXIrr0aq0qFAC173uXCANBhg3ve4eON6xNeX06U16Ff/AA5ORT4yU8vp0pr0K/8AhycinxkoDcih6165tmQ0SXW3AMKN6WGyxQIvbcnocVsVJkNvxmWFEHLR2iPUggl3IlMUuMMMMA0SCmXQAhRRBA0/HPPK9/2WNB0KRg7pJf8AGsPxbHj7mZWT1+YHsxo/abSd0rLqRdUulLUkuR"
20:09:00.076 [Test worker] DEBUG org.apache.http.wire - http-outgoing-0 >> "ASE9ZfSsmXW1q6eoug6qHCV1dUuWGC8IG+64VfL6dKa9Cv/hycinxkp5fTpTXoV/8ADk5FPjJQG/ylYA/L6dKa9Cv/AIcnIp8ZKeX06U16Ff8Aw5ORT4yUBv8AKyh9Mj/FHt39L6Gv1Kl6qv8Ay+nSmvQr/wCHJyKfGSqoeZHlJ5ttxdR06JeQbjo+axA5eX2a7ykm/NF21g/u7+RkR3km81/HObZBc7NF8Kpyuvm/AoSbitHvBndyJkIAkdwFA3O9G+/El6D/AJvn/wDtuk+rva8yTje5h+kE646SwHCmoXFn8vGuLCbzgT4ulv5kO7EoeOiUoPd0Laqe8fYxk5DYji7ycimtJHfLdSiZYt4P7wM4ZnyhsUSb/l9OlNehX/w5ORT4yUBv8pWAPy+nSmvQr/4cnIp8ZKUBv8rAHz6f0prhX/4cn/UUmSt/lYA+fT+lNcK//Dk/6ikyUBv8pSlAKUpQClK+AgYYwYgQoeAoQuGQYoQmOOYYgeeN8cwxMMrXxzwzxvfHLHK18csb3te17XvagKON2+kT8X2jb3T4qdUvK06y8ZcJFuK0Y6yJ7flBcaBs6eCThcnm4z7racbtwymmhscFRuHnzZ5lcbZZWbItrW7N5VYzOkd6Qai6T8VcatTVLXqL4NSVrfjXg2vjMdtlSa85DAiZKhnHNzOw3346nJiVzEuGnBrqyoBJZXEIknYFSYIIAeyk8SKqRI4nHgMDJI+VMEjhYTs3DMFTQWYBgAS1r2v2goImYeXYva/a5X7F7X/DQZmIUMu7pEWopVyyyVhDXHkA3Fi+CVxVbkv7Jak6wiSlrqxFZvBYmHMEpSKovdpiKJRuEr5qikrN5EWUgZDD8YUo+pIIxVSMW2ar7TwVunBLD2S1vfRKRIjkYiaNt5wFSp5NNBGU08ZSVpEW0VVLk1ZCcCCrkjiWsJCmULmihstne2IpYQuYGqi3s3p0y6P/AK5NNgRZqa5SaNIV5AVYnjSEWOkteEib7EPIYBwzLslK6kltOLkRcXHMkZH1k/dUUBEsupGE5HOBJWQOH+nRwtUjmpnFrFbeU5NjCU1iXXq/p6VliFnijSDFiAafx4iRAZbReTdOHkFcxbKa2yBNxCoxkdLJPDJxJZA0olSISmdBputk1SU6LNCwvkE3qiTjd1Yfu3U4t2RnVG0dqTLSlpEihIbK4+DRh9vFEZCRmlprvd7FQRwSyqvEzClkbcpHMFPDMilQzhnAIoNKGO3ulSZH7FkhBLqBRDkFnNh7oxVXCLAKpZKdaIRXk4upgEzZ8mCoAkz4IZ0IqeOlgzOIuABsyFjgNnQD0rT8SFtF/wDDjrn/AOoON6nU/pN2tiPiujN56RwAV2V2cL63wSnRdGas5ms1G5dVVWQ0yRt1uk86ncygVBBaCaIbXTDbRlwsvuc0VJoJAZNCPmltKmqJReG+yaolF4b7LRaVlV3fdfMtx06Un95X7ykRVK8tRckM+QJN04emquvTNhR4EVZfQU95xvHL5ahVCnUwKzQVk1ZNcV3aYUHaXRDAuRJumFQCydybmP5UNrIl0J4r9udFFHNoOrdSedXTRmO1BJjVcEfrAnOGVqTSMOnl+Smg5Epp5uBRFQUMy90gqiLCRlbM6XUyRbvgPOh+nRdFyrUc1CV0Hs7s9Bmm8IPrYvY+QEqNIijpOCPuRzqgZw3n3U4aBT0pHR0hMLnFhwOJdUzJVLQkBGInVVVUTIJYoVEzyv2ub7kAcPSEtTdQn/yJr++Oq7dWIVT0J/SBodGWpTdX4czZ5lzJKYroOGw8grK5MbhV0QgsYDK90kJlllPFOP4IbiI5ZEzZi65MjbWrlt0d1SkLZuEW9IcdS/HUD7XJEZOVQWxEZtPR4RkVcqViPdIU0nNYzbZV8LCPiAp3NJxqwgopgkLnYLINklTZddniX88wReHZdlIGpfSM9Q04xHa7OOsvIlqbBssLKSiR7tVs5qidj3WtyDuG1xW2cCf6U9HUopqQ4Sf/AHqmK6y2k0hdCsM4DY5REKnFAvahuLu7rXodr8t7NbKyGUZsVJQyUmpp4gVMuFaebjcAY4rbabFQkjAwddDicAZYyZTyhDG5YFMJqK8qHE5vJSqrEqI+kwbVR48dYDfEnDKBafN7d21+KmzG8DssABbXWA3UOR2tIIknvkMLslWYk4FWcIUb5pZNJWWIRk88RcsGc03KolbpWjojC7m1a0/1/wBoo9YuwJ/VNiQaXb6q9kmzgJFJXh+PUZmhSOi4KOOOYSwIYJKJgqfGCsY73UTAQuFsTA4eS/HzHfioR9W8awvu6aQi28HYw59dXHTLkOxDN+uG/Gj53YdbJtiB33utrMNDkYSw51QYqAjN5rvBNebzBLKSwIfTbErOUogFMLKiXc8aJ+EiVhryqxV8r25UZ8vu3us/EHFxA3AR+Hd3GpKczTttKpNiDsVO8PnXwwLMzVxouRfs9pmdr4zXnBk1TiGkpoKiaJN8ItYREXD68jbVKZmdwXV/rRV/zTwiqLZU56IXYG3s/aTMHSHkh2gmXWsVvWlDPV2BIzlFtJ5JzoCE4EpWLDjzu3XIGlCguEknZG1lsI/bKoRosBgMFgEYHvSrDpCO/wDqdoB0jnmjeO2MlqsaN2QG3B7ZaZ9KiuYZUEU1pNY8ZKh0oKnw8wH+ppWARG/dsTiwTTyI2X8QAZEMfxVF+u/gL9d/BoNhblvVplldgxYNxV8v0QhPxyJ7cEk2adTGUzooZGJ/O+F3A/nQQnJwHEJtkex26golkVTFL4XtliUE/wBlS23H5A9ONAWNd/7bT6xIgTDBYwYQUJXUBFJ+vHIt21hC7HjtCBU3s7xsBcbAj5oKEdKkMs8RFIySL2zGx4HptylaM7/ud5M7U6YVyS3FH6CRczsIKsJz7FYaYiqShdLJGwlCYYuYCYq5inrdxyJo5xQPA4/x45YIv/G12y/tG9QpW2GaW10na7RZImwzCZ5FiMmT3s2CjoW2o20tcV3GlgIBNa79REtVTFlfWjac5SiWE5SGKmcKlFcEmNkXuzM1GZmp1Pxt8kkC8pcCuHYzXNAlBvx83pXdkQiBSy3222nCprrQSGwtnFlNTWy8HoXs3FAg7UvNMGUz6at5CYHAlBDTsgg+7T6OnSaaTNqKibLEE8gWHOnjx0cIqTJEyoWY5k2bMj5hgFyxcAPMYccbPAIELDMQTPHDG97ZfeiVfi7Nhf8AxD9lP1YiGpGc103v+XlmAuHLWZwHUjYDkNPGis1PBDztdQgTRdvmBrzzJZ3O9swCZ58oyetx2zyyhiGUcnYeCIVNk14RDyHDbxTzYlvxucu2q/Kir7LENXUyVfBGsT2b7LcjwkButVBbEgYuoy9QW86oxEQnw6lpSaqqWYygqFx3eiMpaxT1JHyHQwTQx4on/X315Zoj0HmGCoAW9dNxdoZl2FbEgPBiRvpxELamR4gt6Nrpd3CorLbVZHY63iXyAUTJwqMhkFwEMmhrZlUFTAyxe5upfo70ZMeFd7efOH4zQCbVjuLdrISj9jNpPxviTQmm0E2b0FASwO2vfPPAmmESwFxRcsxh8sMhhs8xc888vwNyJ1mdj9JIZLrijTqdtvFyGOMU4yY0YcYYNtot/GUZHmA6uuV0PKWpIUkGP2EzCEcLYaIpL5o+pGfGc22G6AlDjruYxBiDnRLum2fF1Ol3JKY3MkdyR3nx+cl2pwTbZBx6XkDdHWRMhCOFwQqvICHgzm24AJJdxtWe53FdEWyaMGkhlskFBXzxhRLilCpY9ZKdOk00mbUVE2WIJ5AsOdPHjo4RUmSJlQsxzJs2ZHzDALli4AeYw442eAQIWGYgmeOGN72qH0N5dWttrsJKulk367StpLu7D7dAfDg17mBSbrlAdTAMCJwXjjGEjNYTBAfaWSzV0sQ/kTJEsBSSiApoAzgTCa4bRugea6b3/LyzAXDlrM4DqRsByGnjRWangh52uoQJou3zA155ks7ne2YBM8+UZPW47Z5ZQxDKOTsPBEKmya8Ih5DtWqiWdukWP2NWqnh2+3XEJb8bnLtqvyoq+yxDV1MlXwRrE9m+y3I8JAbrVQWxIGLqMvUFvOqMREJ8OpaUmqqlmMoKhcd3ojKWsU9SR8h0ME0MeKJ9pFZR+jvRkx4V3t584fjNAJtWO4t2shKP2M2k/G+JNCabQTZvQUBLA7a9888CaYRLAXFFyzGHywyGGzzFzzzy1cUApSlAKUpQClKUApSlAKUpQClKUApSlAKUpQClKUApSlAKUpQClKUApSlAVBbO802s+vGw63qYxIf253X2SZiETc0nRBo3BQk6OSJERSALGk03JJ0252Y2W8MdLHSI2KZgvHVYriopWCiQJCrCSGd730J5NNX+RVJki0HHn61ZIhVfLtaboDmxjqEXzrDy8cyPBkSD8YamMbuTxODJioUBUElTWEuyklqiQMeCVk08RL89b0HaV6HfOj2nTGzHWvwcurBuZtqpmXV46nlXMppRpwK4rqeS851g4WIgEzrqcAxIgn3IEMDS0MWT0/uxgAC9APCycWt5eXPk25go0ZLjYmm8ushk6yQUuOVHNtwef1WOwo1RnDLKeknASpocgQwiXC2B86ULikMXwC1B8xXK3HeUTHr5yb+KiOyNzpXWL+Ja2Vzzzi6zRPP8j6xxBA+6+9kxwriFhObc0S15GnUnCyiNca2CHILgOuxloRRexELmCZlIRD66bJLBU83ToZdxpimkk5baHciusHI1HTokDXFzL4p2O3UOxJZjCQmyfYcuRA9y/d+6NeRmMq3zNo57PvU4GVOkjKohHjScrp5FWMqKGtFE/wDiPGuiHFzFGwk4J6PHesMXOZ1LU57ByCqK6xmG5Hop4hgHnGtqa+pLa2suBaN54FEZupFzBtZcCpkUQEU0urogR6kHo+aI+NjNt+VvlhJxy4og1p3llRiI+tjccZDNDVZIbEVXdSery6fROxiDgGtiHk4fFTLZqRMy71yREsmqHPAhg6fYt8aHMRzvT6SU/cUawGdOc3WaLNgZN1jh+AN396pag24ZeeErRbXYScUiFVUS5nHxfkBwH3eykouvgiEzRMyloJheHKLBNRbpnuTjSVZJIzU0V381p5FobMTZrM61RaQkVzqTFfLUdiAeaEiRo/UcEqZVWU/mkp2uaRlwmWPFDFsyw6gkHgB8RktVPB4C5Bxe20nrSHhChKStkyeszxIpk4ywpOSRyGsUVF3C537KyuhuFzHHrIpwZVREhHLHQ0pT8JvFzLBQgAoH8bZXGOqPaD04cUJp3xPxv82HLSSe0ShPrbhU233QbkZQnJzZlhKgEdhRtKUltdnO91NEc4iF5VLKznMGnMjBB3Nk04q2TqoEWVFI4ipTJfsOdqjWcFlv3tHWSpHSzaWefrUtlTJLcJwpBG8e8jg19OGkyfXPpDrgNNcew0rEBDQKklPR4nXezk8Q4mikFME7ds4uIsGZSFolgZEOoqqWJ2I6Tbza0chUGpewmrEghPxgHFQ63FgE0nHUF1Mp4JQJQwsMt7thUCBU285UwA+RNCFR8BCagmnk9aRTyohqacpm6sOi/wAKNaIuGfWFeRiBcN1Tobk6bJKXccMbnnQ6nHJLoQUpQUzN+2GMmU1hNhnNzEQcUTO4aNYTs4ZC54WitxaJBTW7pEPN9qewQAkiJZBZ8FbWlGyTtiAko75dSAx3O6jKWmhh4lUrwm4Z6c+A4RGwAQxFORQcwswk8kGTvDZrrS8mLwqXtrrKFV0Q1Y0pSoQUpSgFKUoD8NzuZusptuF5O9cSWw02khqzmdDlXj5VKQ283UEgYVVtcWlQ6KCTTUlJTSpk+onzYwRUmTLjGDAoYQeeVs/ZzpLmkV0Vwyk2NeeQ2QdUGo5TDZcO8LI1KWVPU5LME1LwScUTL5POtLd+KUTP5AljI1mBc0EYNEymRPvw4VLi/DpT8tOSKuFvZIBrnjKWelJyxBEp8+UEyCMBttzyOhKLqI2zta9rlnA3EFTbSiHlbtRkxZOg9m2Qlr2ty1x1fiiKtKIg1EBZyEfiFta8tiGlpnmyBcVGc7dMscu33eEulcccQ1IV55G1g85jQ/bmFlQWFI+dFGNHBhs2ZuN55H89xgfhSXvHGbV0+Kbrw0wps3Ri1dQ2S5WO1dM48ymiW5GQXw4UdvlVJksERXbBlRs3bq+as9CJ88lqjVSURxXVSIKkjGk21Ub76RixYuZ7ikOTeIvnSjpgNBLMLbtfL70GR2iz2uilLWyNq7iczgnBPRURLK43tkYPqZ0sUBte1xBcbXtXTfRQ1lbbule2GsimrnVpG1F5B9hYZYJg6N3W5NkYFme4MSAdrYYB4d2eak9V8xcLtQxDS+NnYEO973E5L0myR3M/IF1M4yIvVhiEqcne10aQ2Y70yv3ymw4y3W2HDITkG7lfuoSekOtTjLJX7p3ImYbWbjwNiZlQjJcVoi7svv2RFdEXdEWe8c+C7CGd1oZl3S9l75q93HB8BPGH8Z4GPzmXb7TXWfGAqaYXSzkeICC5HagkC51uhAuEj4McSxgbSlBPzBEzNGbFcKns+kn6eBNYOZDGq/JWW1GGVrJ4O8Q+nC9hqsMnZqlkUN1YO6zsyfPiyKp3sQCO5R1icEUeykYp91jHJPtcXIepGvEs604afSTGiS7tcbM1kR+LF504rp6KZaMcjN8wzkUYwhKCSp4k0cw1kEUIIA6DgN4PDBMYil8xQc6mua/brVnj/wCN56afozbSV2S9hNfHFqJqDqGxU0Zwux0hvBkjQ41sEllkMFBWsw2GVVCNzB4cLG6saTiLSRDRx2LKYVFRVmnXj3vpsuhX0Z66romnty2t27a62sbWY3uS55jZSbrCUjpMli8zYqVzrQOMJbKEjiCtpRggEaOLAjhspJpJvJCUUOLa6sKSehpSabWTpYiLTamdJW0kxT2TIUg698hEKaxSO4CTeYu6Uu6oKre1Vc46mLkElKKY/El2uByZpCpYMcYidFZIXdi5Q+PcLAJPPZF6Rt/tZpb194aeBLiqms8oJK/sButB7A2ASSqpYQyQS3q9nY7jcXH1AoMKVHwY6vLyEnZikDQpINZYCeYTDY5IuCMJrz321xjaa+PbaPWxWayEXj5d1mkRoN9AKppMskNMZuMU8ZjxQQE4MHEkmjMFfRm6uNfEADEBKPoSaIAFbAthhUfxWkF9NBw6MqxpKU56whpdCZ6OsJDiSEpwN9UTlxBXU0isIi2jnSymkrCQplQjqaqJaiSFGJqCcoExwTZE6UGFLGywwQ4AogQmGd/0qoa6MzLTjmDhT0xVHYeMKayyUeS4lwOmRMhM8m5F8uvpoMUiHfO1r4F0RhprZQC4dss8cAUvC2N8cewGHfLVL+c/Woqq2L+YTUqZeSeU+LiOS8mOWeobaS8530+iSG0RISIHmqG2fGlklnVi+snecebaOukmjLhHBgYpCeukFpHHW8TyWODX+/L1viraHakqS/FqVd57Wzy6ETXTTiMSYICgrvfYWTxM0RomAUcW/wD3gkMzuwzuWgx7AkD10xPbQ54mccidnnna47NMSGhPSF9ddeRla7skFO4c1d7zpIhgwYPqUnz9Ik8Ot2y+/VJWPWupq11h4qSgWRjaqIMogNhPQU0wMJ3hhegyuTt5NNW+XJnrHx4kI2KTOPIb2lKa10w2oR16gliqEqz5MK0TyK4HijEYCWYJ3NAkhDxEuMpLCojJWZ88RSix4dWPFCI/ROrvNPrHsdsUl6ivSJdtNL9m3UgnXRHcK7vwaLBztlJBTCxw6on47NE3M82y4sihJOUjdiNl8qpnS6UsCJhI7ZFVrEp1ubULW15bLx7uK6Ymby7svE7MU49jiWVAwsjLrOZ6zg5glRHRCN1OyAVseBeToAMH/BGanmAsmwO/bA9ywDzI7hSw1+WDnV424W0vwxkZscWMpuud9u9mWvjY7HLMMGFtiqIMKJz0K27xWlZXUYtwaaqRSjSkWUlpzmiRTshMJ/DpLrnxFMe6NaJOzo6pXby+6X5b88nurHHMlxyFOai+3VJkzrgrahSAITZJ6T52l5cLilADBFjMNOMErGMAjSgnEPCK0qIqUMqqKejlTw6seKEhultTeaPVvaPYe+orijfaPTzak63hna1Nft2YVFg6RJAbJUocUDiwxAy7jd7dcAZZOT1BSsn4OABYOp"
20:09:00.077 [Test worker] DEBUG org.apache.http.wire - http-outgoing-0 >> "qasKKYmniKEuGE2sOHkglsV0tPb1wSCCGvAaD6JxY0oVJn8cRwmk4ZYbcVO8+vpQYuF8S5vwTN0ppggwVri5Wc2eVzGPcAgcf70pBIKRI2uL/fFpABJ0zaz8jUOtxAcRW2JZRMMd8Jbmejlbhw0EHkKfSj61EzbAGSzdhyWZFRXAbgZBKJ0E0xM95AXRtl343dC6ve/kx1q49ysaJkuYSZIctTatHG/COucAME9LE/y+qJuJfJVDY7ATjSfiOUTLGyuBtTWldFS7mjJZPLHDCkYBJidUaecw+tG3c7reqZ6ONm9StqUhrZvsjrjujDgkISo7WMF3TIw7GURAcTubrlTAAQhjmZYi47rIiYVUlYslDpSMtHE6gKXtybx/0ozaJXGgWW9uZmgHTSKdd9PtfolTUwyv5u2U2nG82Ph6juZzHU1oRg02+1n/IKe9JEXz4JMgluyyZkXUBzpcthZtCfJZB8scjcN698hfGcqaPchIzPcJjUmSJlJw3ORZeb5sgt5ORrw9ssziAmbdWldP8AGQoMktwxijqmeaw1zq6C4Fki3lsMvLPjU0SUpSgFKUoBSlKAUpSgFKUoBXnQ8O/9Lh5Bvzxckv7alavRerzoeHf+lw8g354uSX9tStUWXn+e0IsvP89oeisbNlE8oaPnzRckRJFxjZ06bGDLFChQsHkMYNGjA2WAJcuXBwzFGGFzwDCDwyEEyxxxve1Gyz0gHU9wPJ4NDU/XrfbkQKR6qmkF8SBojq8pzHFbdWyWOORhLvIjhdMftpeGyxy7cgYahxfT1oG1jKGcUiuYY+ceelc7BSNCfFObYsZK5tAWttNg4v1VWVkiZEJGizOeqC/34607vwHLEQFPdSVGYrMXw8bZ4nm441dOFwyAOC9i9jVjWyLtP9eYi1qhpvp7cjyH2QiM5FKkCRckIpjppMPFXc6x3vhjY85XasXPOVzqxi4p1XXlRQUjo4xoyKLlS/N98T/CMeinKjqJyEn38zoWcTzaE1xLnfCW9bpyY6vEuwEadg0ESEHcsfL98xDBAseMFSCiqttRX0pIUjhFLVzpBSOlSg0YtpufXSHTnfpj8eU4IM5oUmvg1FpUKVyjXj0WBGxaXTGBNrnXg7D8ppryRkwqcFBAcCmHHpwij4C9+jDiJoBs4Xm8v8eWqjj3eZnIkaYSinbWsdgG4zT363He6WwnrjVOJ64kZF3y1G+qpzcf5oukL5pMJGnknreZQoQb2IGOAjXboiZlp3P0eZvI3z98mOobuxTyZ2ReGJrqscus8D3S7El1ozPrcsRq7gxQwRjYBMg5bFSzjDIdyOKrROuBAxFxLrBi2QSr3perN6NnMmv5HiqN5BlBwllI4gRuyHW/lwmiglTCwbR2egn3CplkkueOJxIdSHJJw4REE4oESoprMLAwcKhZZj4QcgTkuizZrjoKclkLQ1sS84qUmhKL1SIdT2rHmexS2lxBILzjx3EkVnBykIxlNezPMNwLSEiFJKFPLqNgSLEAxHOeAbmVVfGNvk99veIHb6D9hcVBL3a0RhuetWtomqvjWFdxpbZUavdAZb9Vwu6DjmDTvS2+fRVxTEFEyV5BZr5PF7YkRyVxO8Oi4/iKNGf/ALZn/wBYewVMj8y+BkUXlIL0WY6C74wFyRazM3arXFQXhWA7jy6iHG+8iSSkv1juptKGaetNB9oaIuOVNRnEUx7zVAy5NdVCZ9BV0RcTjxtMViRkbqRg8pMBSxyHSfxtxUypnkaV4NZoTvm+Wms3WSY15iQUySLGSrOd74PyGnukR9GDiglIWLebbBcGQS4eNkTJoDFrvYdsZnOQSXX70Z/b6e5Y1mQG85NW+U1gyO5o7hIyvIaQl6/b3s8unBByAntdVOlQbw6ojvIisuUmk2TyGZVVCaRo0hJrGYoCnoW4Y+N8px16pBpz3Wy8ibXbErok8bfzLmdCXFCQJjePd1g8mlnL2RB1pqsm6sdSkI5ce5VbVTbnfIRQgdeiiVwYmZwLpo76LkdbKsWt1pSlAKUpQClKUApSlAKUpQClKUBBLfbkd1a4346a7/2TdS4AfkNy4MuJovj9uHHzLsvPDK5S2bdjpkJ2YRlXNFu/0/A+oHjaWgpxlTR088rl1JcRCahFbXDnD1ZnXYpo6myRD+4GkGw0lJeavEkab0QKLBKpLZTAIca2DBUirpeSAoHR8SpsEinKisjnlRRKGERLLnVwPwbeuWS0gnst0s6F2e/AMFlpaO8dypMkdNtRwDNIxOSnW7B0Qy8cCJjHMG60ADKbfMFDdschCSiyGyplbgnkoAfD9rpabNAR+PWJNtGvYFFm3TbbiFJRiZ8lg8MFxAMqysMin0wkd7HdwU4+4MGU5TpcHMO4ymy0ExfO1ifa5lhvPbdkTNoo5FVpukW9qye3f1uX67Wbq6p6PR6LKO187R/CTPtiZ8HDO5XtivOYyTwwFMprKZyYEoPB8rAQeeAuaM0EJbVMQb92yKWBxyzxjvxpcqWtXKywpakzWFHlYgzYhlAWKlVUlJroDTEcyrggpjjAXmonpDudCjk2ziarFMi+bnKthfwH7qCcb5W+Fr5dyv3TnT7at+Qfs9NmucXyrKUbs3P5KnPIjbKuwVmpTxyR3MMEWR1fEZunj6epEyp9AV1VFOKrWPiKRtsG0YZYV8jtGXRmMccFPmawwxtjjjy17EY4442tjjjjiYCtbHG1uxa1rWta1rWta1rW7FqZ950XWntVWD0Z3abuXCb6cnOs3HgWjFLmHGTJAlmcVw23YQ13gFgnpWnqXFVOuUxUQWUxSJtNCGAIiqBAsIeWVhGImDx0snETBtQFxK11NqNzH617XbBHNSVmLdp9Q9p8WmZfre193UhQWEpFfbJI4GBT7mYgZRxvFtuQiTLkzx3MqWcQauYTkxaUiKabT2+vmUyY8wQnrYnP9P3ckOF287Zr1vjR8isqUCTRu5ZXarKBbrqNuhuMLvfHNSGNLaQtucgAjp+PfKqOtmCIXZzOWtWXXXbZpkc1/PBrbstFYRKA4s41Iwl1NAY02uVnM7bieHjIrccDZU8kyBk5wrDzbcWs7xoS1I4ur+FwLFcjpIzgUU3bkmoTNKfsnWOiSeeqfsEdY+r/ALfHla1a4+nHGEZyYWliW9gpsyGziLWHWyOzcvbASCQLDGSoyuiskqoI5Mqk5HSZwiROrq6j4LJwgrAIeKnmhLng3iWl/MNq1uhNbv1fKNHYTWHatlIV3Uqax7hRMPCcyHWrhgAMK4kBHsuOdAcBEEqaLKIhZKcplX8DD2XsEzNEBMqIFU/HWkE9iOkmczGwj4AwWVzVJgwJrdDwSjgGbCYzfdzexLuMw3cB8csk04qnYxcBkc6W7UxYJ8OoniNiTWjQAv8AOkBJBKFOQLge3YZwIaLJiJvK3dbHWup2OJdVdMRywttgustVSOYB5jjp5FAPSUnJgN+2CLYyC4r5BDd+9rieVVTlkScquR4Iu7JFkmqInq+rVK9enFfyVcdv5wdjf1ciGtvUS/yVRl+b5mfq4m1iF6cV/JVx2/nB2N/VyIa29RL/ACVRl+b5mfq4m0KQ6015JYN3hmjdqC4naksN526GTYPA0vqMhoTQSW443eXcUgtnNSjY22307VNYbdz8bLg2JxzpDPVLlDaSJdHxGHOFyHHN2eWLT7RF3M6JpNXX7JmxUjFrHY81c10j1dmvYV5Ecu+bAn09gNjDsJJE7mTNhJRx1KreLLYpM/giiqF0xS70ps6PLe1uRXpI17/7LckCne//AM60tbXV+L0W5NK7Vpe/3LPK5YJy7H7V7dvpglHQsBhqKsxoYZLbYzkbketc8ZsKZQEAAd4FW+YR08YMoOgR6wSg3dg0EhiXZHNJ6XGnXHxpC5YY0+fvUstKDEijaOB95OPBZlNSCRIzc2+utxiEo5e62NkFiGlJsgo7ufbXShsbjBWNm3SoN9LTMxAw1U+RFGBwElZye8n8CcT8CM3YnYdnzC+WW+Zhb0JIyTCDfZjmdYbrczMf75Tzxwg+H/HKTggYJMcrZYwZKrZtSxUjaSCAkmCxg2bI9+7i6ba9b6QM59bdnWKE/oqdZ9BVjibgeOIqymLLZViyujrbbciUKWWm2sFxgBCWamjnChwdHUFZGHFETVU+WMZ6+kqx81Yc0T4rYtZ5VTzZMYcp2kLFbBFxr627Va7YZ8RT0ho5NZczpPLDgcJyyWnly51XXlBSVFESwhlQNGjAogmbz+SHnx619w5NDenG20Ob1a0xNtZAimoqUYTA3LLyIAuFyJFzN8+UOm0dxs93JyYpLKcmu1nuJOVG24ySesK6aErJhq6WrKqbmUUTXUcQcicKTVvdtXx7NZrykQmjUBqRs8JKc7gRGkVjBcTJRbDUdbfAYy0nPdVdameJpzwTAVgJfZTZLlzoB4MkaUAAi5k1RNx7KI3DpzCT1xSOkTNE043yPLW1/HseOZ5BN5mSAdCHzkiB0swLl3mnBWLoqigoyWMdFOdhix4YsWEWpVvkP2BoJjlh0nvnHtnjlje8Fad5Wtla+N745wrBWeGVrXta/a54ZY543/2ZY5Wyte9r2vUWHtOVRCLD2nKsaj6UpVKKUpQClKUApSlAKUpQClKUAr8NzuZusptuF5O9cSWw02khqzmdDlXj5VKQ283UEgYVVtcWlQ6KCTTUlJTSpk+onzYwRUmTLjGDAoYQeeVv3KzudKflpyRVwt7JANc8ZSz0pOWIIlPnygmQRgNtueR0JRdRG2drXtcs4G4gqbaUQ8rdqMmLJ0Hs2yEtewHzOdJc0iuiuGUmxrzyGyDqg1HKYbLh3hZGpSyp6nJZgmpeCTiiZfJ51pbvxSiZ/IEsZGswLmgjBomUyJ9+HCpcW71j7CQjJEFo2zTKlBnLsAL0fiymnyyEsAFGZjHxZKHWlFzqSqo3J4IpBFTSh0ZwYLWCebbopBRJrhdPOp50uB1jrjq/FEVaURBqICzkI/ELa15bENLTPNkC4qM526ZY5dvu8JdK444hqQrzyNrB5zGh+3MLKgsKR86KMaODDZ4Bm5PD9gLoxHKPq+ludWEAhnkmdWnTKV7mxLGiMTup+xi7XY3wsgsQw8SznHKyeCsh427gbKPdUCuAHcW2eTXw/pvsatRVi2jJ8vqxqUO9JP0uAQz8sJ2t3Iu4dQ0xx5t47vig6guA1qKCEEs3b5lxeOplzk32I3CqzayYMbDjXM7ZTzCSg04RVGCJZ3Xi7FQWDAd9pRZVZYeu1o0wmL5YslotZjXjERCxcwbzxWe27jkjiIeeB8PPG1xxMcsQMAMjWWIF82xTlGU4T0PaxVscLezE28TcbQEgRatzYpHYaTS0hQA3GUTaS/Iifqc7DBh+OiFHW2C55yBup5hNpDcTMP3c7kyRk88eELXOwuz+PnkO47Y9a0URjHjo0Em9jI5lsxG1W5eL2OVQ0J4YLY7PHZ7FFbWDTUGlIrdNFHM3kzMqCWdKMqEzdzgdzGRlDe/FaytEaz3htKve6RK+M+kn6eBNYOZDGq/JWW1GGVrJ4O8Q+nC9hqsMnZqlkUN1YO6zsyfPiyKp3sQCO5R1icEUeykYp91jHJPtci7dtdbWNrMb3Jc8xspN1hKR0mSxeZsVK51oHGEtlCRxBW0owQCNHFgRw2Uk0k3khKKHFtdWFJPQ0pNNrJ0sRFqU5r9utWeP/jeemn6M20ldkvYTXxxaiag6hsVNGcLsdIbwZI0ONbBJZZDBQVrMNhlVQjcweHCxurGk4i0kQ0cdiymFRaH9/tZpb194aeBLiqms8oJK/sButB7A2ASSqpYQyQS3q9nY7jcXH1AoMKVHwY6vLyEnZikDQpINZYCeYTDY5IuCMJIpPWTeH9OkeCR11Zm5uzpGFtruUzpK2kmKeyZCkHXvkIhTWKR3ASbzF3Sl3VBVb2qrnHUxcgkpRTH4ku1wOTNIVLBjjETorJC7sXKHx7hYBJ57IvaXvesJDi48Ny3A31ROXEFd0v2HWERbRzpZTSVhIU4PeB1NVEtRJCjE1BOUCY4JsidKDCljZYYIcAUQITDO/wCdvtrjG018e20etis1kIvHy7rNIjQb6AVTSZZIaYzcYp4zHiggJwYOJJNGYK+jN1ca+IAGICUfQk0QAK2BbDCqPeKCWnHMHRW1JUdh4wprLJ0p3giXA6ZEyEzybkXlZuaDGIh3zta+BdEYaa2UAuHbLPHAFLwtjfHHsBh3eNbJ8xfELqtIxaiS9rrB4kZOhL/zB9r/ANL4f9jEX1oX3c5IfmTvRmsz5hXJPtv44tcdz+Nmkerfy9MtrdwVjSV4vPJd8emp4DdA3e3hIBJ71Nd0STBU53xbuvc8c9HQl/5g+1/6Xw/7GIvrZ9QGfFv9Iihw3PmuWuUh8cnLhr2/dqJPRIoiA3sdqUzIcba4vKi2goysq4n3TOgB883GQG5EtbfZ9upS8bbaAPioDpwtxigBmwHfTk51m48C0Ypcw4yZIEsziuG27CGu8AsE9K09S4qp1ymKiCymKRNpoQwBEVQIFhDyysIxEweOlk4iYNqAuJWqd2eftyAdJ1e7iCy8Mwpw5axYslIFCvc6h32j2ELmyy0ZyCE7IQCmA1114t01ne1syq/ChIUsFkMB36HftMEJ62Jz/T93JDhdvO2a9b40fIrKlAk0buWV2qygW66jbobjC73xzUhjS2kLbnIAI6fj3yqjrZgiF2czlrUV+s10xB+fvH1CZDjUbmP1r2u2COakrMW7T6h7T4tMy/W9r7upCgsJSK+2SRwMCn3MxAyjjeLbchEmXJnjuZUs4g1cwnJi0pEU02nt9fMpnaW+XKFq/wAeYkYtuXspLkOZJvVDKRC2uOv0fqEsz5KhsiIACdzaTFTTKeF3oXMGQCgZ5cWEUooHhMk9KGPngDJYHPVrts0yOa/ng1t2WisIlAcWcakYS6mgMabXKzmdtxPDxkVuOBsqeSZAyc4Vh5tuLWd40JakcXV/C4FiuR0kZwKKbtyTULunlldjZ48eazRXlt2HGTlHU3DWt56guIynrLfUJJieRTyrJ6ynP1pRYeViLzf6KqpkngJDkEjRIci03UEBzn1gnjYw3k5ac+vOqw1m+8YBEusnglHWCy1m+kJJaJq7zTax7HbEpWoz0ibbPS7Zx1IJ1zx1Cm78GDQc7pTQE0sfOKKjHRok5Xm13D3oTS1M3Yj4wlFM6Alq+aYSPXRVixC3ysZc27bwPzecvnFQ1tDF668i8f0nunZyfJhfiaahlaxZ9zkerBaN49jyUAWjMr4u4DDCsku4RJYgiCj4ORvnjp2yTZXPEtmlMzfj5VnhZN9wtqqlKUApSlAKUpQClKUApSlAKUpQClKUApSlAKUpQClKUApSlAKUpQClKUApSlAKUpQClKUApSlAKUpQClKUApSlAKUpQClKUApSlAKUpQClKUApSlAKyh9Mj/FHt39L6Gv1Kl6tXlZQ+mR/ij27+l9DX6lS9QE/+jffiS9B/wA3z/8A23SfV3tUhdG+/El6D/m+f/7bpPq72gFKUoBWAPn0/pTXCv8A8OT/AKikyVv8rAHz6f0prhX/AOHJ/wBRSZKA3+UpSgFKUoBSlKAy6dLf/FnxH+nfrp/5JKFaaXgqrSE0nQtttuDPFxIzdW1VBaJdRKpBh0rScmGjaW3AFY7gISSxlw8CAmBKJsPMqSzNYmTGGQQWeN+IS5B0K7ANkoyp4h+LpsZqevJzqINKXI/ackNki50fA0EkOMogvJIWUosvJQZ46GnLAJTBQI4HDWBYwFiYFtn2jQFEep3PXx0ba65P92bJSNEOnr4ZavIkeT9qhtTI7NRpAa1m+pKiKdSTrSeRVsqMhkHIh4AYG0tBaalmGuHVJgmyRpdTRy5ir7o9OxMPaV6C7mbRTU5FHX/j3lPkkfdtPlB+IzlLoiNG7+WW6yWyqEiwaeoGkFiDqeCS3T62ZsA3kdaajvOqpspcqpHRdO0naL6SzY9LSPM2nerEuSHjctli/ZO18iV+vTHInbDEplZ0upoqy5a5XEIPEtex7sgWDwsF2tsMexII2y2cfaQrBPNNtHWKOiWbQzLNoSWYaQzcsVsRsgCtwYrmjiIliWOJOyVmTuRsVxsXsB3G1sKR3vW+TEd71ztrLkf6SDvdrfuFpiwuOzSeaIp202c3UnaGWwymFr/ILYljJIbjcdxJ6mHW6lZhqa"
20:09:00.078 [Test worker] DEBUG org.apache.http.wire - http-outgoing-0 >> "+kNlLzWENvp4Xhs4UMDJx5WcIRfNDbS6oJ8pukBTnsNobxr6tsaBZRd0KNRxTfr3rDsFs2wCI+bwh2DMmcrpThd7cOlQRD7RU1U63UsuUdZIQofI55YoCYdKLTjTDAd5cQaY6e69uRQeMBaoa1Qe7lcuOVVXVEEFRfGjkUypnLHMyWUFxltZFUzpcxnjjkOCZNChi5Y45CY5Xta9d6upqNZ9N1YaD2bSA8Wk4SIqYvtd1Iyc4W6uJo9rWHT1hEVyxxNUyI1rWsKUOlhwBLWt24eXYtRac4oVtOYfbcmMzlVibgj104p9lsYMc2pUu7MydDYhCJ5cWZHau1228lucc2lKJ95JsjqCrIkoFgxk4BTW3O5kIw3GK3COZjMfxfRcCxULr3kkFDG4cOi85hZ4iY2nDinCvlhe2VrCAavlgBsL3t/wDXBDB5h52/2454ZY3/AA2vWt1n6A6IR4lPZCYGlGpDGQ5LQFJpyOjM/W+HGylSA1lkO4Kw2nsnIrMJFHWgKoV7hKSMugn048He+BosLjfsVzlX1Q1aX2PGMYr2tUArcawmtIjkhqPVeHI7UmPEjibQRgFuL0YtM43BkBhLSACbNhIio1U9KPJQRowGRHAwGEtkHqreERtoJKyJKNffP5+Jr5CPzBqf6wt6q9ZQ5JDHF50a/RKeGmEkHZreul+mcLa+Jy/3rkh/Kw+Nfm4bJuJeDOChFBURitdBc73Nlz2YaaqGW+RQFA0SLrNzYOlyQI8YEsMxwxzKbGZ8lx67k/JJdbEkBsoryZjnS8xAxs01wtdxElJEWk/MUEIXImpETJfIQIPO4d8sMb26if8Ap5qPLEcsKHpT1Z1ykqJIqLJhKL4tf8IRm8o5jcmiIuLbRijCZDibCk2WeWSG7jigpgDeTE4Igi44pZTAIjawFgKDOKgTh20JaKpMEpcoGhE8cgs9E8HRtZtW+d0dd3I9nI8HB3srOFkMtZUJGEHb0aIariGQJk0zEiM6vBCcsuDDLEogpDesm5F+VRi8fEMa7bPmYwWp+1YmaSGC13vPcSOpOXGfEMcSOEmKLXmse6CkufF9sRaRDZs8gnW+cKpy8csgI6etZHXchd37b8k7xZejT0A9jfXX4c1MwnHEeJ0fp8TJ7CZZCK0lpkGGlxmTayGVj9NYyUlAIaWzE9mAEcG4TaaaiFiyOQbpdNDRyaUXATy5MMoEGDiBkI6S1t/oPuJoVGUQayTRC+1O6EiT1DJjT9va6vZrSpL7bdB9zkPDqwRyYKkqOFjFVpsd/Nm5dWFR81N0HEMtgUHU0XuqVr6j0m6k9gMcg+joSk9iLPbJN4qIGWOQCg6iyKSBcJ0HLDAPDII0rYGxw8sMMMb4CWvjhja9rW6PibSHS6BHYO/oL1D1fhd9GgjIBl6RNAMURy7DAJzHPA2CO42e00ZYFCNYCCYmQxDmWA+OeeItsrZZWvKCmNWEeEGNWEeEFZPeMj+kv86v5vYB/VeMq1hV1O2IFgxkyY+5pZkLxO0ZjlEunk5NllsR0z0CTJFKJIRUBKKvt+JSOUdLuLpgBIkCngOBVUAiYRQqGWxDwLhWwio/tF9K5FR/aL6VztilKVSmXTolX4uzYX/xD9lP1YiGu2Xxw478EuQTaLkB1y5VWzC762SIoLMCSXdoowpyU45iBqBJuLciprOZ7TAWLJ7fLmElOUVkRAbTb8ZlciUWFwsbUwszYl8MSQdCsAt1RZ8EQ/F0KNJXcSm71ZrxJH7TjhuqjsWgiYCw6FFEZyQjJh1xKwKeQBU1syVFUj4REmGaMi4FgbYdo0zPQzPRiu4CIZ3RTOVzl6UXRuohOhuRNtejpG2rcB1pZCGLty71ZuT2ltF4IywVcw5nXoBoOi3jUO3WeC5CbhByugnDJYrj3zleU4+YmIIY5G5E0A25a6RqWmF43bsl677LS7J6MhRFsonKICf4woreU3AgNlCaDhbKkbPIXgxVdymOsLTdXU8piEP4DwXLOGLCMLxe55He0aRFGEdvOYlws55cdzFYLUaTnlNyE7n7k3DI6+gJKeqvdcKXVVS5ZWcxtTPgXUj9wjGHfhjun0Jk19gTYtvFWjsHCEQzq1CJu6gSbEyRqzJPbxM/lhYO50qivZFXE0ubuHjbC5kItgNfC1sb59ra1qAy+I0mR3v90onX6atOXKiy9D+jWkr6Z+ys7xyeAcUXH3O/y81o7NjMi/UbM013SdIqUoIi2RwSVU/gZOJbxBK455slaEKSvfHDjvwS5BNouQHXLlVbMLvrZIigswJJd2ijCnJTjmIGoEm4tyKms5ntMBYsnt8uYSU5RWREBtNvxmVyJRYXCxtTCzNiXyxPCkNQK1Q2LBkSRlC7ICMiHQmbE7CasdNUI4NjhgMbDbzPSkdIwMi4Bh4CD4k7C54h4Y5Z3thja3ZtNXzR+hq+aP0YruAiGd0Uzlc5elF0bqITobkTbXo6Rtq3AdaWQhi7cu9Wbk9pbReCMsFXMOZ16AaDot41Dt1nguQm4QcroJwyWK4985bUa6wYsIwvF7nkd7RpEUYR285iXCznlx3MVgtRpOeU3ITufuTcMjr6Akp6q91wpdVVLllZzG1M+BdSP3CMYd+GO6dn0ApSlAKUpQClKUApSlAKUpQClKUApSlAKUpQClKUApSlAKUpQClKUApSlAYo9mtp9UOWblRmvWDdfcqDtc+MPjfdiU31SEpN2EYMFGt3dpkpVV0tyCL4zpd7WVXDF0Ur7fcKAbBQTBnAniRSDZA2QOyQYOoGpzWXavQaVcU+ENONk9Q5LtHTJLmEyJNaplht7ZseOW8OkNwqZJsaMXIqCNxmoppUQkIIyEmFEVPMqSSm4iBDHCgIvFV3i64zXQtrDlcvHXoq4nG4lVQXXA4F3UeAFdbXVtXNjKCqsLCqoR8YPqaqpnzA51QUDo45s6bHGMmRhRhc88uzYU0l0x1qc6i9tc9RtYoBeawgmGqrO6FIDiqK3OqNg2oJisbbiivsVqIKqdQTKqio6mYRzJsVPGUElMOiF8jJAqKEBkdVdo9JeY7kmnFa5CNy9cIi43+PuUc451q1Il7YuMoiTdrprbxg8nuvYWSkB3PBuqj5jpNGJGi7SJZFfAyghriS3cRCwXyspT21w68bXaYT3gaY+p+yesM0Bx2gJGB1n68TFFMjYMVrh2skIGBpvxs41jFsIGGJTFLSMRShFOxsWsSJWtYGwWPUY/FJxcGhxjJnjZ0FMGTAog5gwPp1rwMOOONncQUYYUSOshBRRRMssxBM8ss888r5ZXvle967sg/TrUbWRTXVrW3VjXHXxYdJEqluZWg+EIyidTcaYRMZmyKcun2G2EA0rkSZoUQyVKKApguXMCZjAh4CZ5ZXArP1i52tSpUkvaOBdsFZk8fE96vSouMFwRhs/MLKaPjs0E8sAInSYynS7AmS319EWxMVEwEmIwyuYBbni+7MTZpDdSYYtT3xFxIydxdnukZiarAYNzjl20I/ITGjhSEU6jRW6ZXdkcP9qSc7Y3TMCxQnmlEzrtXnEfuhlyYeTferItYDAsKlgFNWk0adai7IKiaubEasa4z0tIxfEokK80QfGUpKiUUwzzFxKpqg+GwumyJfETPMTEEqMEHbPPPO2Nssr3v3OzGQzI4bCOyY8aLYYbMbxWxFAaLMQEprthDJWzzEsTR0BDKEUpMK2EEzEsXJFAAbZ555Ww7bK97s8Tb2iOFpDtnduEfcyx8AXJBrXrHoSFobvNNcXakbT6BPGWIqlOOdg342YrVlFt2kBzvhtOxoeOCkklXeihpDoDbls2wYVTQwiKUWLFrJDobJxW/f4Os1DdLkr5a+X5FRFxO1+nZyx1rRq25llJPo2EoMSFEREaTqfaKQUgyhzBBOBRxHZosZzKZXyW1hyIZzIkutlbIBaEZh0z0/2GcKc7Z+1S1snJ1o4ARZIc0wwZF8mOFLLAZXyBLpy09GstqREAHK98ggixkIMPK974Y2vXfqEgobWRktuNlGSW63kQiXTEVBQk4mkIyQmkw8QSielpaeCXIkCJUHHEIuUKABAAB444BB442tawed3rJvWSP1qUpQClKUApSlAUu9IN1Efe63E1tLEMVIZ5zyohpLUl2P20mFxTqq5FeJXgivRZbaMnF/+0Ka+4mYmuhDbiYWxEMn3AoJZUuCOMLgCJ0/rb0gLjlN8cTC2clPZ6JmpIjEhJEDljX1Ue7eTp9AmNotYsnOqPG7EigfLvpfPrbuTjxRoKZFDER1hLMF10U6TTAFMdP0BVFdc0W0kc8mZzS5dOtV3DMYqjZYEllc17iRWkwRXsJ3Wypm+z7RMOnNRsL/ABlj2SrczYT+HYXtvw0DZ6+inroxOvMrxDx3OeZpwbJ9nyXvDstLO4JxtqxUyRVUhrSMWbCEz8TZE1bEYuXcCc0hn0j92DwNDIbwTRTWOAmVgAYxQ8oeUS6UVN0mY38NQjw/a84Q00TAd7mUfDYyUMVhCco5gmJa4ACwWHck0N0Yzle42B2H2+YLhYilgjBfWVXUcZ6/wNCqxILhhuEoiiVflpxiPGVVyM42ZrDWJNdwppTPCumQVNrIqUdebjEOrSwcEXHGOpKeZpWUzGRq4p81mKCx8M0E0+az1d4nRHIlua0ePnSzYLb55EMFklDjHEU0Ft5mMitnc/V9ST2lHLRzM4WzGKFnK+15vJCgfABMCpaYbOqli42JLMPLOPw/u/jVQcyPJ/yH8kmictcoGy6IWfS6qSRtjr6UtqazHSRzHbcFRWx1eQ7YxorthqnwEJ39zJFF1AMjK7BIClEouuDubWBLcLw7PzKOxtO0TxpNcdKRtPUFFgy2xGtI7KPn0k1gdSjp1qvFKWUI0bTDoYZtPMjkBBiRoPAwWzDFxxztEvyTvFl6NPQD2N9dfhzQZ1X41KeekQo19leP7WjkF0vXWlsqm6L7axttymr0MulGktsPOM42W15tyQaaziZJ5bSFoJmu9ORlB2HksyfDbiQz3kKo4AZI5+5Xufefni478OM+XJjg3aCKJPk+aINczPgmDGm8UJanZRleUGqbbDSbrliBMUDT8ag7XX1wobe3hxGIBpJIgYDBHMnTyKXUr34xiiLYTYiHFsMxqwIjjJsYKIbajmMWc3WExG8GsKp9eVw0NoNVOSW+k4Ki4qqiyo4kE8vieVVI+ombCnDhgYTpdp6L6SsOR/liY2nerDMlyx4RUtKbT18iVuyP4TFE7qKo+PCO0Sbm7+EF/jRDfhTvjMT+HkJfL8NBCNeyHPBVqa9dJ+KTT6ApNRzTfk1LYy6/ZCQFAPIFUbrql98uiVjjVWC98ssSy0zyrxJtJXLh37QFQQzGHbCZ2zFEttpSgKKORHid2g3B3l1s3agrftG1pWNVo0W2pEkfO/VRs7HtxsyA8lB0hv6Wkss8JPa7dAczoaqm0m0Hc401A4iZMVHWUpWBULFsiFFKfrdyTJfSVo/j108ljWdOxBXj1IvdT2JC0ojFCS1SECkvqwKtBmMOlHyO3CJ9WNF1A5hKIS3mvELKGJYFKEDKB557ra6vzhCFhJcB2AEiGLxJ4Ls+8egTZmwGpnLgDByOiqV2ODJGSTd5Bs+6iOMoXbWCzii3OjCmrku7iZiXAzec+2+xsGctXOItjbQsXTHHb1OUXztzta+36141KQxqoRzcRM23208XatIKKlPaXxmg9G8l4iq6ceNCpaS1wc7E34YPJ9hWgsucJmosbxrp/pBt5oaSLKa2jN5uNFlbWQK8JSmGSnGMQQiiktCJT5NuiSZOealcgnFrBljZ40NmmtxuJpFJJo6KTm9MWiWkGxDw+ULYDTbVSc394KIoXjxMWvMRya8PAiZmYETUfxmerQW1rwUn5mzeZFP7970KZmTGQAIdxhL5cNaHGZxvR8620+2Fx96RMh8MxeSXUz3k0NUYHbTrajnQD4CohONtOJGYRJXQl5FUypZRSVhLOFVBNPlgDhMwCYBDExAoOnyQGxxZdJBMbe7EqQTA1F5LtTkKFDM8L9hE+No62Ei7xFTklEfrmF7Yg2y5hpxQgYYKSnmTSgyz9xWDRoukNV1KSXwvmY2Ehnlh2d40OLvTKSmXskatt0yNsNnnrCjlSJHYkOQtESYroyiadL4aR5Ra4CkpoD7dxsqi2W8DQa0mtRHUO8VN4NcFR1lSNGMazC0lNgy3HrHlJiLVg8VhlSM00B7tJWxCy7YLFTbjmT1NHP2DyvfIOxomLbDL8OPYv+GuDwrrHrZrYQVErXTXuD4CS1wUEdaTYVidhRWQWBy9srADKhNioCEXUBQLZ52BENhjZh2zythfG2V+yH2nrVPPBmSkV+xrxkdJolDZfalTSYt175J9OmmxY52IeGQSPHDUmSKgIiayuwXY91DEBIaYBxvQ8lKSsdVDpZNKjuhhmD5oEkZOGU3h/JRPUKck3MXwoQFo6/mZsQ9NTNiFHajYGVYbcCU/GJFMPtp0RO6VZuK8jNQyqNnvh3FI5UUtYSMFm2RJYNslCOBCKrqIEsdZUoRFFE3NI2wZojCPJeYp8cEyeZUoMptv9pHDJfETAAwbbjrTVZHMDgYjDYgijE8xA8RRLYZY2Eytfi0La1a5a2pamh66wBCcBoq2OCaWUeFoqYsWJauZLYiYlzCmnsZBQih8cviMNiCMaBFECxFEsHljbPK12cC3wulo+fcEO7KUpQClKUApSlAKUpQClKUArzoeHf8ApcPIN+eLkl/bUrV6L1edDw7/ANLh5Bvzxckv7alaosvP89oRZef57Q1UdIL4/ZA5GeNqQomhovZQnWLnk0thIUQ7mgSGbmfMdF1xNOtcmfMCgFya042I63mjtkcyOWJXdBxFCUDhFPFNHi/+OhvOto1snBrbNz3sJEuqW0TIQSbc2V1/2VebdgJ8R5K7cK4Jz+LE0WUFBrZLLZsuFTigmqKPkbyTEo6RIOcs33ECoohG7yo0zFpfp3sQtl3NsBqdrTObkJhgglHBMUExdJq2VBL4YBgBF1V6tZbPgBgBhB4AhhGMcQ8A8McLY44Y2tS9asiPn5shVlBXL29t6ORcrrzx9Rk0pv0XiBuKQm1+7yxi7CLJTpAzAMmEOPoHWywpRvP5VzEslEhhblzxdVBUVdzJIuLTbBdXdMYIZva3S4ttbXva18uIVt2ta9+x2b/LRrNfsW/+bfsWvfsW/wDda9/9lr1pYZLEZEaNhKZMcs1qsBmIQNyyI0mS3khqthHL5Z5CZF0pBQiZBKTwchM8xLhFCgId88ss749tle9+LlINhRPl1U2BIQ9FpKelxpBsBam4pHzSLS6sMQE2nHwmUqSSCkYPNQaQR5HSTgbbNrQyNgbS04xiSsMSLZhBHM58toZJualnKnFXveV5SY+Sj4Wr2/MQvnSXf9voBTMQqiPp1MBTTIjm3MgWCGCBM5iI6KcVlABPENZCMFxJgYxhelnOw87OjlSrH0GdHa1XmSWHSmMmNIwae2z4fLsWRbhJyC2W5tnsSpqygY7THMYbIIqXEsXKFQhzp4zkCSJFzBscEES/2U4jimc2MsRjNsYx7MUauLJOzcEeSmy23ILGXc0hTJrSTmsNN2pqugKeSWsJ5BWTsjqePckpkSZ8tcI0WBFw4DbU3Vi0GYav21o1/trSHcS4evFoajr5DA7iuoV9i3wiXxc8QcLivccd5Cdq37du6hhXDl2VcTM5dmZ6GNkc0MpOjWnpPpC8jbe8n2+jJWANbZXZL+1G454jWMscDkWxAUNKSM49gUMPKxkiWkrBxYmMUZxhinwMJAykfDvcdvIjG72mJwPbiyrFL7mThB3iXbjbY6KZCp0GvlVzELA7E6qEwygjCXG9meFzHUT7Nap9vGCJfIXwkNGqu3QTRUZZZD6PBaSWQxmTGbQbkfRuz2tHzCZyQTb7RZDIb6S1Gg1kFOCxAT0RuNpBKEEZDSCAGOIJNNTCRUmVCxxDABwwtbG3X67rbrs6Zia+xDmgOFnFsAx0vwGypzXYsYyvMTPRO5LQHgdryaoIRh6t9L7i5HED4PSVsoU7kvLQfce0VD1h34V1ZrTiyJt4Vf8AHO6aUpQgpSlAKUpQClKUApSlAKUpQGT/AJDXOn8bHP7p9yVS53y2tPdn9aF/SiaZdEJHTTbimSySusOdoKL1PlQxgEJDceZeOAy5k93uEGkNl/L2IhgBuHgweuef3a"
20:09:00.079 [Test worker] DEBUG org.apache.http.wire - http-outgoing-0 >> "mEeTJm6pcTWicxx3szMu1uy0aOKRVGB3i3ZXasRQOxPCSo5ny+XQyVJaQETvA4eR3ViQNn7nMGs2V5SMFAcR0KyprderGZMlNZZY8jM9rP9lOIr3i4Ge9W+kuprLpLumAveay310ofSVMr3UMMXvc6UHC7oHhn2nbYY3t1TCmp+rOteauLrnrVAEAiODDEJeEhSG46ivNbDxFwGxDV82K3EHJSwxGDDFxwOXGxsKHgJa3bY43szPoZvH6pi96J5AolkCSYQBsXIpxQsQJF8csssQChMHAuWBxyzyyzysECHhhbLPLLK9sezlle/ZvfL10Zr/5a8zf/AItmxP8A9EhVqQrq2MoNhSFc3mJDcPxbEucju5Rf8h5xlH7TYeb9fixe2Ss9nnk1UhKu6HcqXta6i5Fy55ZPXta5k6Le1AVu7hcu0U6Ibta66wbPMFTiuDtkWatqrX3ZdbrTkeDm5IKIKshmIxeORtJxwb6hhYkgDHnEqLxJFSSr0bqio5AJWCyoJNKXIzNOuO4XOHwnF+PZ/wAczlsrEswOR47Lyprwvob4TGrqsnn2Oacbbk6SGOaUUA0TMtEOUk1MQlBZNDoODoOJJkBOGkNHKLmuGTYniyamkdYMyRpH8tMRSECGUWVJrNbr8aR8YCwlgBTrcdSaqo5oQGwotghByYmQdhBLYXtbPLs8JhTVzWXWosqktc9dIJgEmu5BZLhSFIij+KyyzkBllkBkqgMVvIISjkDlnnkFc5gNcPLPK+F8b5X7Li2sp5ZtG+y/kForPfw2ZdAlFj8TPSJtxF/aJxpUOat8qkQRi/YenV7msEGLiM0xEmpKG42G730pCANpsnMz5yQlcc0tKBAslFnJH4J64IDlKHcvyeQecYt5aOW3ie0804fTX2DYOnk5W3d23laKlsg+YpYiNHio1FZktM4/2wbPNwytLo7cWWqolk1SNCEVl9NVN7qGoYrQCXqslWG4hnVpGGDN0VRvMbEOGATZtlSqxmxITSNGy+ImBc0YbjuS1dHHMAYjC4gjCk8hAsRRLYZY2zytf8eG9eoC10QDbV18g6H4Ja6gZwOn23DcaMuMEA6cCxExCNm0dkoiGnGTIeIouOA4xfMXDEUS2OdrZ5WuSGZ6CQlpvGV39GKTpxX8lXHb+cHY39XIhrb1Ev8AJVGX5vmZ+ribWIXpxX8lXHb+cHY39XIhrb1Ev8lUZfm+Zn6uJtAZhOjy/jFukjf+JAp/tb2urpzjDmBj8Auzu2nGZvOtAQVrbNU/uXZLQnZ97BjJkHvlru8gitxdjtyyMPhZvsd1NZuthjYKRRxm01HS14i7RFNRTyS6xjrv1kR5A0GxE45JeETwxE8YO2ZXJk8pfdMeR00GU45Wd+ZtWUM3VJK220dMU3y5Mz68uHclxzmlRUyNrSsZuauMonMxv3pFjCNJgax1jS1HjGlFkqWWGaiz5FaSA9msfzDwEwDzOt9zJ6mkmssMBhcMMhygl8cBRMcb2tnla4f5pRb6aedClXkE53daYAj9NY2kL3i7fjeWW1RLaWvOtsAOwjNllpxqpoGwq5IhyJ1lTxa7URUrvpUEKmVhLXV7PEqCmBgJHhlxoUDekdKUvrHHlxSrGwDdZ7PmxV5RtKlOU2kwFM6tsxqvc9E+wJpwNturShmIaWE5CPCipYatnnkGpZFczpe9i44VraToX1D1O1uOKSjrvrBrxAigsg5F1c9C8KxtFpxVL5CYC5AKRljNpCHPA5ChhiZBGsxcLiB4Z3xvljje3NZYg2FJ6R0BvTnD0WzQgNN2pT/ayHLEfNKRUdtPtCKqRFEeqAmPBIWCSM7UYksK5NKcicAWWU4qqqRcodBCPGsBQxCoXn40HeO5WmxaUdf8TqXulpC7Se0eqLnb4NsnZk7GEITXnMwkMawYgwhp6pSETOIKcHjiGfkRqsDvvPEkXM2ypr6PbuSi8gnMpyT7hI6ZkhGZo050rPu5v2BHBKt6SWdFUQRzJ6Gl3M3yMmENMkBnOQqgnh8rjKCNgRPCWwyMXDx2wVH2I9StVdf3O7HtA2s2vsJPN+YZhvl3RHDEcRs53mGIoCKwmDsX2a20VVcWGaqMKp54rBs5jkoCiHcrXM55C3io/HCovwFjwvKLfTfUkFSlKoFKUoBSlKAUpSgFKUoBSlKAVS70g3UR97rcTW0sQxUhnnPKiGktSXY/bSYXFOqrkV4leCK9FltoycX/AO0Ka+4mYmuhDbiYWxEMn3AoJZUuCOMLgCJdFSgz0Z/dbekBccpvjiYWzkp7PRM1JEYkJIgcsa+qj3bydPoExtFrFk51R43YkUD5d9L59bdyceKNBTIoYiOsJZguuinSaYApjp9ATK40tlpa6LtuA61uOnCHsjtPss4eStFjDFLPXdhtoFHMxP8Auoqh5BCKRk+4YuabzkRnpZYrmtLgLmb6fgXyNnwyge1dc0W0kc8mZzS5dOtV3DMYqjZYEllc17iRWkwRXsJ3Wypm+z7RMOnNRsL/ABlj2SrczYT+HYXtvw1KiiQ/cf5CQ/Y8z8pGsTPKic7nFso8Wpad17YmDAR7azYoi7qyK8mwFMucgBx3ZCUYMLQyIexeBg0YcFhmsUPBIeTRHRMsXT4axZthFwOJHE/Jzo4cejRldm9k2uqkFhrIEnTgyotcVjKQrGx5ikXJIgVnHwhQ++0YvJC4ttNwGRcABjaKhPQZTNE7GiZsmHoiM6GaNHZJymU5pjqgbl/JVuvZSsZ11iAeScly43fF1nJ8is/Nz3VbmLWHuo3VLnLjW7rcbt/4VdyS3C8Oz8yjsbTtE8aTXHSkbT1BRYMtsRrSOyj59JNYHUo6darxSllCNG0w6GGbTzI5AQYkaDwMFswxccc7MzPsa7355fwZP+H938aqDmR5P+Q/kk0TlrlA2XRCz6XVSSNsdfSltTWY6SOY7bgqK2OryHbGNFdsNU+AhO/uZIouoBkZXYJAUolF1wdzSG6RCjX2V4/taOQXS9daWyqbovtrG23KavQy6UaS2w84zjZbXm3JBprOJknltIWgma705GUHYeSzJ8NuJDPeQqjgBkjn7lbhvJO8WXo09APY311+HNTAjGKIthNiIcWwzGrAiOMmxgohtqOYxZzdYTEbwawqn15XDQ2g1U5Jb6TgqLiqqLKjiQTy+J5VUj6iZsKcOGBhAnOntP0og3n54uO/DjPlyY4N2giiT5PmiDXMz4JgxpvFCWp2UZXlBqm2w0m65YgTFA0/GoO119cKG3t4cRiAaSSIGAwRzJ08il1L6WmWpr10n6NYvwFJqOab8mpehG2T9kJAUA8gVRuOqX2jLsrHGqsl75ZYllpnlXiTaSuXDv2gKghmMe2EztmKJcI09F9JWHI/yxMbTvVhmS5Y8IqWlNp6+RK3ZH8Jiid1FUfHhHaJNzd/CC/xohvwp3xmJ/DyEvl+GvyOQj+YPvB+iDsr+xh60LiyX1CBl/6Ev/MH2v8A0vh/2MRfWtLZOdWhrDr5Nuxb+FxCZsHRY+pTcOHdsABjqcyG4ouARKJZ5459uprGZHBKSi4YYoxtSOFSpcEYcYMLPJb0Jf8AmD7X/pfD/sYi+thEjRrHMwspwRrLbAZMpRy7CoRF0sCRmqhPdlOUkAbLqABNwNVzEFNCWSoJ8mUOhF1EgZBDNlS5nDCwwAWeIhnX6LXDTvI6GyTuxLmFzU3cj2ycs7NvVaMA5gKBxAzdCs2W0XGwFvkL4PNuAk/nwi5CCCdumvsEUPO4IgdTq3C5dop0Q3a111g2eYKnFcHbIs1bVWvuy63WnI8HNyQUQVZDMRi8cjaTjg31DCxJAGPOJUXiSKklXo3VFRyASsFlQSbTWUyWZGzRbbAjpothgsNnIxButFkspASms0Wq30ovgUS0JtttCKEEZDRk0qGGWIJaYSKkiZcPAEuAGHhjjb8aTYniyamkdYMyRpH8tMRSECGUWVJrNbr8aR8YCwlgBTrcdSaqo5oQGwotghByYmQdhBLYXtbPLss/Zj1pv966x1g0GyPcjM0647hc4fCcX49n/HM5bKxLMDkeOy8qa8L6G+Exq6rJ59jmnG25OkhjmlFANEzLRDlJNTEJQWTQ6Dg6DiSZAThpDRyi5yjcKQor1r6TzA078hR9HaesTh0hNMrTGXJSwwBhSNZ9KOkIdxmTrnV8LtNlOkqTMPcBQX1QciKjYvpgKSkfIEjKOeK6g4U1c1l1qLKpLXPXSCYBJruQWS4UhSIo/isss5AZZZAZKoDFbyCEo5A5Z55BXOYDXDyzyvhfG+V+zzKUIhiab2oZYc0xfHcvMY6MEZOMyUGU2n+1DZgHETAEcy3XWmKyOOMDgKLiEKKTzzDxFExwytbPK12+svEvrEgLxdE20aCK0ki31AyL8wexmt+33JNwwsjjxkeOp93bjvb5rvR3yRrm4EKQw431oIqiCckNLlCQWGaU0nJpmEvBVcCo0z6soXTWimvLJRSiBR4FwXJssroKE9UdW9avCvzcta4BgDw6HgCt/InDkdxV4YCDFsMGEq+IrcQfCAeA2OIuGBvu2OItrCY2tla1679pmZqozNa3VWFKUoBSlKAUpSgFKUoBSlKAUpSgFKUoBSlKAUpSgFKUoBSlKAUpSgFKUoBSlKAUpSgFKUoBSlKAUpSgFKUoBSlKAUpSgFKUoBSlKAUpSgFKUoBSlKAVlD6ZH+KPbv6X0NfqVL1avKyh9Mj/ABR7d/S+hr9SpeoCf/RvvxJeg/5vn/8Atuk+rvapC6N9+JL0H/N8/wD9t0n1d7QClKUArziulTyo5oD56uO2fGK2y8gPuFoG1KlRnRtcFaGMPVzRxuXsM82828sEckMbFLuZZRyiDYFKFGWs8zeViZLITIDLP0dawB8+n9Ka4V/+HJ/1FJkoD/DrZnKb6JAD6ubFe7dOtmcpvokAPq5sV7t16AdKjV7pWnN3jV7pWnN38/zrZnKb6JAD6ubFe7dOtmcpvokAPq5sV7t16AdKNXulac3c1e6Vpzd/P862Zym+iQA+rmxXu3TrZnKb6JAD6ubFe7degHSjV7pWnN3NXulac3fz/OtmcpvokAPq5sV7t062Zym+iQA+rmxXu3WxPbvk70I0PPN5G2t2cj2KnQ6zicSb7EysvveSFHwqYwKkFHCNI5RXe/gEAYwJgDk5TTcAbwGeXYMKYXYv2J4UavdK05u5q90rTm7+f51szlN9EgB9XNivdunWzOU30SAH1c2K9263EbObQQNptCbz2K2XkVMiuG4/DSxHU8lNOXlrElmuLJBvo5MkgtVJXnOuqamsqZEgRSW+iqimZGHtcIpkGGLmHyeD5sjHZCIY6nmF3N45xRLLTSXxH7q8DOBu+H2uuF8TSWqeA3WlITkSu+i+WIneS2jpqiB2e1MFAc7Xxo1e6VpzdzV7pWnN3wodbM5TfRIAfVzYr3bp1szlN9EgB9XNivdutu+1u2ev2kMIOjY/aB//ACYwwyzjcT3K8vFV7PTwabdrhTWq3wfF6PW27HWc8ILyunEO6J6GaCKd8d9HcyxIIcwF3W0nUgvpqNh7tU/4Va7xbyK6m2p96nSPhFBcKaWV0c/3kolyagT78Tzhcx3qfKFTpfuncjRcAfAQLE1e9Grj3c1e9Grj3fA71szlN9EgB9XNivdunWzOU30SAH1c2K9269AOlGr3StObuavdK05u/n+dbM5TfRIAfVzYr3bp1szlN9EgB9XNivduvQDrhkiyMwYiYzpk6U3m2I7jtjoxxwvB7vNbT241myhkMO6G1RaW1UwVT08mBj2LZDGRw8chMsAsO2FEwwyNXulac3c1e6Vpzd8F/WzOU30SAH1c2K926dbM5TfRIAfVzYr3brT1E/P9w+zZJyBEEf7uMQw+HYsWb7VDdjJmCNGq51sQ9imF0xuSLJcdNGOlw4dUhAk5OBS3UayUj45cmQ75MGAQ87Npqm+IdcYydczTvI7RieK2QRwUHS+nuslENvpAAw4RMoEKbN5498H1I+YLJqQlE8DCosKhoolpZM4oGy5YUyw/YyrRcdzLCrNOMpRpkXwn9bM5TfRIAfVzYr3br/MbpZ3KbgELn5JMoD2geeXdRm5sVcILtcb37oLbxeC7IeHY7bO3dA+zja/8PD/462qbW3nJ4p9t5VQoRgjcFnuOUnWL3uzmm6mTLcSmHsbvmKGCQYylL8fMNFeqkcEAGxT01rKSufUrhZ94FzPa3q2GjV7pWnN3NXulac3fz/OtmcpvokAPq5sV7t062Zym+iQA+rmxXu3XoB0o1e6VpzdzV7pWnN38/wA62Zym+iQA+rmxXu3TrZnKb6JAD6ubFe7degHSjV7pWnN3NXulac3fz/OtmcpvokAPq5sV7t062Zym+iQA+rmxXu3XoB0o1e6VpzdzV7pWnN38/wA62Zym+iQA+rmxXu3TrZnKb6JAD6ubFe7degHSjV7pWnN3NXulac3fz/OtmcpvokAPq5sV7t062Zym+iQA+rmxXu3XoB0o1e6VpzdzV7pWnN38/wA62Zym+iQA+rmxXu3TrZnKb6JAD6ubFe7degHSjV7pWnN3NXulac3fz/OtmcpvokAPq5sV7t062Zym+iQA+rmxXu3XoB0o1e6VpzdzV7pWnN38/wA62Zym+iQA+rmxXu3TrZnKb6JAD6ubFe7degHSjV7pWnN3NXulac3fz/OtmcpvokAPq5sV7t062Zym+iQA+rmxXu3XoB0o1e6VpzdzV7pWnN38/wA62Zym+iQA+rmxXu3TrZnKb6JAD6ubFe7degHSjV7pWnN3NXulac3fz+AulncpueN7+STKC9gQbHtgm5sVbG3aC54dzv8A+zwn8YD2vchr9tbsi4Z37QLs9zw/062Zym+iQA+rmxXu3XoB0o1e6VpzdzV7pWnN38/zrZnKb6JAD6ubFe7dOtmcpvokAPq5sV7t16AdKNXulac3c1e6Vpzd/P8AOtmcpvokAPq5sV7t062Zym+iQA+rmxXu3XoB0o1e6VpzdzV7pWnN38/zrZnKb6JAD6ubFe7dOtmcpvokAPq5sV7t16AdKNXulac3c1e6Vpzd/P8AOtmcpvokAPq5sV7t062Zym+iQA+rmxXu3XoB0o1e6VpzdzV7pWnN38/zrZnKb6JAD6ubFe7dfaJ9LE5SDIuYY3E2SI4YlTxiww7c2IvhmKUJGDQBPHt0AC3dlAcEMgXvbPLKxgyFfAExnbEAXfzSjV7pWnN3NXulac3fz/OtmcpvokAPq5sV7t062Zym+iQA+rmxXu3XoB0o1e6VpzdzV7pWnN38/wA62Zym+iQA+rmxXu3TrZnKb6JAD6ubFe7degHSjV7pWnN3NXulac3fz/OtmcpvokAPq5sV7t062Zym+iQA+rmxXu3XoB0o1e6VpzdzV7pWnN38/wA62Zym+iQA+rmxXu3TrZnKb6JAD6ubFe7degHSjV7pWnN3NXulac3fz/OtmcpvokAPq5sV7t062Zym+iQA+rmxXu3XoB0o1e6VpzdzV7pWnN38/wA62Zym+iQA+rmxXu3TrZnKb6JAD6ubFe7degHSjV7pWnN3NXulac3fz/OtmcpvokAPq5sV7t062Zym+iQA+rmxXu3XoB0o1e6VpzdzV7pWnN38/i3SzuU24ueHkkyl+1DCy7lZubFd1w7fIa3dM7+L1+yGL2nahW7nh2MgRv4YnZ7UL/TrZnKb6JAD6ubFe7degHSjV7pWnN3NXulac3fz/OtmcpvokAPq5sV7t062Zym+iQA+rmxXu3XoB0o1e6VpzdzV7pWnN38/zrZnKb6JAD6ubFe7dOtmcpvokAPq5sV7t16AdKNXulac3c1e6Vpzd/P862Zym+iQA+rmxXu3TrZnKb6JAD6ubFe7degHSjV7pWnN3NXulac3fz/OtmcpvokAPq5sV7t062Zym+iQA+rmxXu3XoB0o1e6VpzdzV7pWnN38/zrZnKb6JAD6ubFe7dOtmcpvokAPq5sV7t16AdKNXulac3c1e6Vpzd/P862Zym+iQA+rmxXu3TrZnKb6JAD6ubFe7degHSjV7pWnN3NXulac3fz/OtmcpvokAPq5sV7t1/mF0s7lNzxvfySZQXsCDY9sE3NirY27QXPDud//Z4T+MB7XuQ1+2t2RcM79oF2e54egPSjV7pWnN3NXulac3fz/OtmcpvokAPq5sV7t062Zym+iQ"
20:09:00.079 [Test worker] DEBUG org.apache.http.wire - http-outgoing-0 >> "A+rmxXu3W994PJoR41l58P91NxjspqpZtbdDvd64mNprtxFIB3GPK68vrJoklJCYTBxyFNH1A2XKlw7XzFFwxte9U0q/SO+FdFcBxuGd5WqcHIKQSScXkGJ9g3Qwi54fOwYOGcmNqJFaOu4C5ZWuGdxdNyWQd+62MXCtfOxl63pWi47mXrelaLjvm262Zym+iQA+rmxXu3TrZnKb6JAD6ubFe7dbsoam6HtiY8QZagiTmNL8ZucIQVCfMduZJdjaUbgZ9yNlg1RHNGi4Sgnj2yKqaYYzBUUs6GKSUCpY2CKDhXps5zecYunU6ubWjYjY9SZE3s5Jb665GIlQFstIphMSHSjpq+hH81uMIdebaMAnUpXTTOXea0YzJ5mwyh7AsctmXxNXulac3c1e6Vpzd8rHWzOU30SAH1c2K926dbM5TfRIAfVzYr3brTTHPSCeJWWZCYcVsHZl2Lb7kx5teP2UjD6qbjIQCs7XmtkW43EwZbcOv6S30YI+sKRMqIqriomo6fgLc2pqBMkCOZD743K5c+Pfj9klnRBtrPRyL5IkBn5P1ntZPhqepONrTTwVVdFzVQTURxc/E0t3NSQVcEQieOlVLAIlmbzJ2JiAmBDV7pWnN3NXulac3fI91szlN9EgB9XNivdunWzOU30SAH1c2K9260bdZK4aPOsePsf7vfu31eMVMgnCxc4WyvmXNgAmQM74CBXzBHDxFCyuGLjgKHfLDLG98BMMBML37XPHHK17WNXulac3c1e6Vpzd8AfWzOU30SAH1c2K926dbM5TfRIAfVzYr3br0A6UavdK05u5q90rTm7+f51szlN9EgB9XNivdunWzOU30SAH1c2K9269AOlGr3StObuavdK05u/n+dbM5TfRIAfVzYr3bp1szlN9EgB9XNivduvQDpRq90rTm7mr3StObv5/nWzOU30SAH1c2K926dbM5TfRIAfVzYr3br0A6UavdK05u5q90rTm7+f51szlN9EgB9XNivdunWzOU30SAH1c2K9269AOlGr3StObuavdK05u/n+dbM5TfRIAfVzYr3brOrp5yh7L67ctuwfIHH+rGMjzxLbw2Rcbr17uQfw+DOUJnexpyvBOuSRE4w8g8WWomREu2KkSBHCvhbFUsEPbLC/sW150PDv/S4eQb88XJL+2pWpJN4p8Jq9/2Ikm8U+E1e/wCxO2+tmcpvokAPq5sV7t062Zym+iQA+rmxXu3XoB1Vdsfzb8V2p8gH4omzcqOkyTUg6OlrjAYKLIM3O9uqxWwlzaO5kCD2dIqk2lkpiFnkcSF0unqRTDtczBUPEQO+Rlx6VpzdzV23pXVubvlN62Zym+iQA+rmxXu3TrZnKb6JAD6ubFe7dbI9QOSbRffYFavqTsrHswqraA77cbPICrLWkZvEe74FPCS7GL7SWtIaQlXOCYErKqi2Cydc9e5Kxm5rHIG3Bd0OWvj34834wIz3F2GLQw85QRBHIyEw5GkyPEmqoQSzm3xlM2vx3HjvbqCWAVcMy493ErJOQAWGZ0XHAjjczY1e6VpzdzV7pWnN3yLdbM5TfRIAfVzYr3bp1szlN9EgB9XNivduvQBwzwEwxEDyxzwzxxzwzwytlhnhla2WOWOWN72yxyte18crXva9r2va/YvVcWw/Ljx5ap7NR9pzPWxJRkbISl4g2ZMal40mR5DKYkoOc0zmIXPuhiR252U2zS8vkxS+BRzuRHNECIhNbVQSKGoEFEyavdK0XHc1e6VouO+RvrZnKb6JAD6ubFe7dOtmcpvokAPq5sV7t1ry3S5XdB+PR4R8wdvJzNxW8JURFZxMFCIxDOUnGnEjoZ0JOVTYOcRRo/SxLIobGDDuVUxyRwXG+Q4BcUDDMXGLrV6RjwwO1zJjRA3cbrVWFcXAIiJKcQ7DwwhXvmJgHYU07JdiJkNVOK4ZCY92OKKyVKAY3vmMMHhjllY1e6VpzdzV7pWnN3zX9bM5TfRIAfVzYr3bp1szlN9EgB9XNivdut9qCvIbpREhzNhaSXG3HAmkllBcCCok1dEW0dSLBnE5WSFVPGMEFJNUCgwRokeJGBiposKGOAKIFnjlf9ajV7pWnN3NXulac3fz/OtmcpvokAPq5sV7t062Zym+iQA+rmxXu3XoB0o1e6VpzdzV7pWnN38/zrZnKb6JAD6ubFe7dOtmcpvokAPq5sV7t16AdKNXulac3c1e6Vpzd/P4B6Wdym5hBZ+STKDduHhl3UFubFWCF7bG1+6BW8XhewHn2e2wt3QTsY3t/Dz/APjr/wCnWzOU30SAH1c2K9269AOlGr3StObuavdK05u/n+dbM5TfRIAfVzYr3bp1szlN9EgB9XNivduvQDpRq90rTm7mr3StObv5/nWzOU30SAH1c2K926dbM5TfRIAfVzYr3br0A6UavdK05u5q90rTm7+f51szlN9EgB9XNivdunWzOU30SAH1c2K9262/7N7X64aZxcemfaKYmVCkaEDpZLu5Xmo5FsVJZOBjjFEJvJBME4uuhwGi5U2aLIDbS1VZHJkjpsIjkWJmhQosah8wnGxvc+zEW6ubVM+QpMATjCsBHi02pGip8LCWTKWUDqg2WpMDMYK66yZJOvdTOmGyQVgiiZjmomcgiQeY+Jq90rTm7mXHpWnN3yT9bM5TfRIAfVzYr3bp1szlN9EgB9XNivdutr+2e7Gqei0dAyttrOLJhBjnVDNJR1B1GjphVciuGXzODJLRaiESV3c8FUAmHmcMJrXQlc8XJ4ZmhwAy+NxLdL6dcrvHrv24l5m6nbOM+Tny2iGassR8fQn3GkiAI4OYIRlaKx/LLUYryU0UkKZKBKCwloZ1MTxTpEM6aL5nimIxq90rTm7mXHpWi475COtmcpvokAPq5sV7t062Zym+iQA+rmxXu3W1/bPdjVPRaOgZW21nFkwgxzqhmko6g6jR0wquRXDL5nBklotRCJK7ueCqATDzOGE1roSueLk8MzQ4AZfG4lul9OuV3j137cS8zdTtnGfJz5bRDNWWI+PoT7jSRAEcHMEIytFY/llqMV5KaKSFMlAlBYS0M6mJ4p0iGdNF8zxTEY1e6VpzdzLj0rRcd8hHWzOU30SAH1c2K926dbM5TfRIAfVzYr3braFuFv7pxoG0ER77fT6y4URHOcNEGqVW8VpddbsNEMARFENpsJnJLjfToxTMTRPwoMgNxRATMjxDA+IXzPk8R+Jabcm2iPIFm5ymomx7OlxdZYGJx1s3FNdzFkNvp2RvBP8AC6nG8ltxmv0siYqAoKeIt5tzwSGfHLkhDmJowAEIavdK05u5lx9Grj3fzEOcLl92x5Pmrrug7KaeB6tkYfcEjK7SUME2SiHjibeKa0SauTvd+paeCL4GBbxAa1k3IUTDwj2TVsMMgb3u6afSteUNvtZtIJDibBPkURvoyQSP3b2w2VzpRNTixIubvkC27g5XMgg4DXuFe4d759kO98exXdHTiv5KuO384Oxv6uRDW3qJf5Koy/N8zP1cTafm/wB/N3H5v9/N3MHvWzOU30SAH1c2K926dbM5TfRIAfVzYr3brbHtJurqdpMzyT72v2AjOCm4qjGSyCI+3GWILDoNEsAhDpNoNcv326HedIhDgjnSbZRlY0TAEwHMhBA5WzqCMTdIE4eZqeqDHzL3dYyc5XQMCXbXynsWZIPby+OaExBKAIz0muOI/ZikMcHECLkgya+NmcMjly5bEUcwAGIau29K05u5mmu29K6/N3zFdbM5TfRIAfVzYr3bp1szlN9EgB9XNivdutzuwOwcQatQq/8AYed3fix4di9Cxcr5eOKE5nViiImZ0mn4HsUJlozicyrjkbPlArAIqKomb2GsL3HuOAgmHVumG9uqPIVFKpNunstlJjjNEeirHaw4S7TfjJMJjzRUpCXFJCPN2SGsznQWHBR3MhKIRgVFxInCimXFJGjGPdO0NXulac3c1e6Vpzd8WnWzOU30SAH1c2K926dbM5TfRIAfVzYr3brbpthtzrto7CTj2L2mkgpFUONNQbqUtu0ygO12DBKbrXCLdQSBBsMRAdDvWzZ1UUC+GYCIgKIhIlgcVz+JVITlA8V6iZPJdpLI2l7g5CmbNXhjT9rJjsWF6Xvk4lpP7wTWMvGWw6TPiCqsMjKBrwWuFDBHuJNlGBzvc++U4I2TzwMZGr3SuPdzV7pXHu+OjrZnKb6JAD6ubFe7dOtmcpvokAPq5sV7t1oow6S9wp5kQlT54S2GlDBYDhq5jVPc8skXLiW7OBjJVMa8BJ+BbLH+FYwIZxB7X8Pb9j8NWc6r7sam7us06/tT5+jedG0kmC5ReFY68EaWGucOBiikiTuax3Ak6midPAgjDkSjmRUoycLhCDlQhQcMs7GXHpXHu5qyZ50rr83fE91szlN9EgB9XNivdunWzOU30SAH1c2K9269AOlGr3StObuavdK05u/n+dbM5TfRIAfVzYr3bp1szlN9EgB9XNivduvQDpRq90rTm7mr3StObv5/nWzOU30SAH1c2K926/zt0s7lNuLnh5JMpftQwsu5WbmxXdcO3yGt3TO/i9fshi9p2oVu54djIEb+GJ2e1C9AelGr3StObuavdK05u/n+dbM5TfRIAfVzYr3bp1szlN9EgB9XNivduvQDpRq90rTm7mr3StObv5/nWzOU30SAH1c2K926dbM5TfRIAfVzYr3br0A6UavdK05u5q90rTm7+f51szlN9EgB9XNivdunWzOU30SAH1c2K9269AOvgIIGEHmKLngEEFhkIIIJljgGGHhjfLPPPPK9scMMMbXyyyyvbHHG173va1qNXulac3c1e6Vpzd/P/wCtmcpvokAPq5sV7t062Zym+iQA+rmxXu3Wmdz9IY4aGfIh6MFreuO83EmL1myfWUNmy+6oyKLV8xA+9Rpoa0dLMPYhWyCFvkf8evB+GAYgmZrEPDLO1tyc/wBiK7FKSglPRpqUaKDWCfJGQiLiSDTIOModKsuAu8s6wDmaEM2BUW9lfBeDP5JeSXex+xq5X+Nol+6Vx7uS7y3ou+0fN3wVdbM5TfRIAfVzYr3bp1szlN9EgB9XNivdutMqX0hrhlWZFAi8lvdG+K+aX82wXXz7RlxJikdZwzwwyACnJWjwlCuZX+MDExVMX/dKzAzxM4nci+Vhb3FH1tITEQ45DqgVBQU9KMLZtV7pYUkEkFCmZ8wod2B7piIVDJh5me6BdvbMK3bYdta9uyS/dK493IjyV5b0rj3fAh1szlN9EgB9XNivdunWzOU30SAH1c2K9260IhdJ94Nxw8RQN1zgwWfZ7UQLVzcoQPLtcr45drnhr1fG/YytfG/YvfsZWva/4bXq40lsLCpuA0XaI3IiA2oAXYwQJmKye/BDUdN8hGbmbpF1o7qcmL8LNxSaBYZBUiR02RdZFFVkoQbvFWIEVEIYoGavdK05u5lx6Vpzd8MPWzOU30SAH1c2K9266h2D6UTyXS7Ak3xQ6+LIFoNaT4hkqPHK7bIE+hXa6A9WYtNtYcVhFJvBJwd0ROUjKnbM+IGSw717Y1ngBYTK2s+N+kFcOksSOjRUzN42Bk7XEteLqAYdTLl+PGQtrdzQZENOSZRkKOmtGKiOOcFBLFblHeKGbGHL4FsxbmAe3mpyEfzB94P0Qdlf2MPWjV7pWnN3MqT+aVpzd/Me4TuajcbjNgOV4o1x0kD2daz+l8SQl13ZpcpH/AC/kzGs27tywjEST6dh2qchklO+BwXA7/2+2Vw7AXCyyuc62Zym+iQA+rmxXu3UxehL/wAwfa/9L4f9jEX1s+os/wDaVTbbXWLln/tKpttrrF/P862Zym+iQA+rmxXu3TrZnKb6JAD6ubFe7degHSjV7pWnN3NXulac3fz/ADrZnKb6JAD6ubFe7dOtmcpvokAPq5sV7t16AdKNXulac3c1e6Vpzd/P862Zym+iQA+rmxXu3TrZnKb6JAD6ubFe7degHSjV7pWnN3NXulac3fz/ADrZnKb6JAD6ubFe7dOtmcpvokAPq5sV7t16AdKNXulac3c1e6Vpzd/P862Zym+iQA+rmxXu3TrZnKb6JAD6ubFe7degHSjV7pWnN3NXulac3fz/ADrZnKb6JAD6ubFe7dOtmcpvokAPq5sV7t16AdKNXulac3c1e6Vpzd/P862Zym+iQA+rmxXu3TrZnKb6JAD6ubFe7degHSjV7pWnN3NXulac3fz/ADrZnKb6JAD6ubFe7dOtmcpvokAPq5sV7t16AdKNXulac3c1e6Vpzd/P862Zym+iQA+rmxXu3TrZnKb6JAD6ubFe7degHSjV7pWnN3NXulac3fz/ADrZnKb6JAD6ubFe7dOtmcpvokAPq5sV7t16AdKNXulac3c1e6Vpzd/P862Zym+iQA+rmxXu3TrZnKb6JAD6ubFe7degHSjV7pWnN3NXulac3fz/ADrZnKb6JAD6ubFe7dOtmcpvokAPq5sV7t16AdKNXulac3c1e6Vpzd/P862Zym+iQA+rmxXu3TrZnKb6JAD6ubFe7degHSjV7pWnN3NXulac3fz/ADrZnKb6JAD6ubFe7dOtmcpvokAPq5sV7t16AdKNXulac3c1e6Vpzd/P862Zym+iQA+rmxXu3TrZnKb6JAD6ubFe7degHSjV7pWnN3NXulac3fz/ADrZnKb6JAD6ubFe7dOtmcpvokAPq5sV7t16AdKNXulac3c1e6Vpzd/P862Zym+iQA+rmxXu3TrZnKb6JAD6ubFe7degHSjV7pWnN3NXulac3fz/ADrZnKb6JAD6ubFe7dOtmcpvokAPq5sV7t16AdKNXulac3c1e6Vpzd/P862Zym+iQA+rmxXu3TrZnKb6JAD6ubFe7degHSjV7pWnN3NXulac3fz/ADrZnKb6JAD6ubFe7dOtmcpvokAPq5sV7t16AdKNXulac3c1e6Vpzd/P862Zym+iQA+rmxXu3TrZnKb6JAD6ubFe7degHSjV7pWnN3NXulac3fz/ADrZnKb6JAD6ubFe7dOtmcpvokAPq5sV7t16AdKNXulac3c1e6Vpzd/P862Zym+iQA+rmxXu3TrZnKb6JAD6ubFe7degHSjV7pWnN3NXulac3fz/ADrZnKb6JAD6ubFe7dOtmcpvokAPq5sV7t16AdKNXulac3c1e6Vpzd/P862Zym+iQA+rmxXu3TrZnKb6JAD6ubFe7degHSjV7pWnN3NXulac3fz/ADrZnKb6JAD6ubFe7dOtmcpvokAPq5sV7t16AdKNXulac3c1e6Vpzd/P862Zym+iQA+rmxXu3TrZnKb6JAD6ubFe7degHSjV7pWnN3NXulac3fz/ADrZnKb6JAD6ubFe7dOtmcpvokAPq5sV7t16AdKNXulac3c1e6Vpzd/P862Zym+iQA+rmxXu3TrZnKb6JAD6ubFe7degHSjV7pWnN3NXulac3fz/ADrZnKb6JAD6ubFe7dVR8x/Otu3yNakJ2v2wehwWtzDJy8zZDBkLBIlsjcZfbiK7kxObvdnsjkUa9lIs4T5ntMR7ncvB3ZAwyDxGvj6r9ZQ+mR/ij27+l9DX6lS9REyNN1XbIuRMjTdV2yL52+ODpGHILpppPAms0Q8cAU0RxFDfX0hryfkiTYaydpRWe7nc5o5cdsIRpBE70Ulw6l9lOMCh2sR7US9jFhcbTd62Zym+iQA+rmxXu3Wkbo334kvQf83z/wD23SfV3tGyNK0yLmyNK0yL+f51szlN9EgB9XNivdulegHSjV7pWnN3NXulac3dWAPn0/pTXCv/AMOT/qKTJW/ysAfPp/SmuFf/AIcn/UUmSqU3+UpSgFKUoBXwEDxFDECyvnbETDIPK4YggIlsc8b43uGKFlgKFna173xECzwEwy7GWGWOVrXt86UBhD5/+I3SHQDj6aUowlHq+4p5kHe+DA33sbND0XpanR0k10rJCmophx9OgwMImJpscim2UCjdIIuC3kmEDjhurqQHf2W7ysunS3/xZ8R/p366f+SShWjKeyEwqsGzIl68q7Tb8+KUWP8AT4TXn7Y5dkIcsnGqqlo8WHfinpi2eybKY7REk8uYlEZVMZJoBnEFOO53sWEAyD83z3UuTx079w00T50zphw8anTrLMzrCcYFDQpX5CluJ3klxVHlzIGWOCiT1wRBnA6lW5MzbNLkMBUbbm"
20:09:00.080 [Test worker] DEBUG org.apache.http.wire - http-outgoing-0 >> "TRC46MYE0A8H34objp/RRif9XwKzWvrSLmo47uGjdLXpcQOLRxQcowvs1Jey8tJ8i7aOfZ2UTkgN5cU5JkARRW2G3WUvydm38CiE3BFoqnJGRRAQSysIJcI4eMXJcDErTLFfFDqs4t13ZqjFsLmY0gZn6ruVqPR1oq2tNF2poKI2EeajUmBpDZJyqvOA2lJaSkMM4eSD5gwKAXyzGuDjkGa/OeGPwOlafiQtov/hx1z/8AUHG9Tqf20rj004roz2AZkAS5tC9mjrfBJZmQfCrTcrseL1cy0yGmlpgJqzWb7nOttppmZjNYd7tHRjoCGgkDopYkqK4qWjqNX3SzZca5LjFx1dSzxdenbbmdIPj+GouRzAB57PA2gyIiPQ+fR28DnkpHEsAygJLcEUQgO9MHA6W4lZD2NqxUEXuXmO3R2E4uuPXT9jQCrsxlzFLsoa/aZYTq+0gs4WFBoR1gKQa/JppNUsRkNTPp2LOzySSziKHkPBPusLB5PULJIZA1NUWi8t9BootF5Zfg4HsZvNzn6Xamib87Bwbx0OqH2SnM98TVq9Gw2xTb2HYLBdq0iJY5AjLjmeDijJce7Nsvk8XkCFHIaMVEKrA6EO4C6eXso9l8tXMnImmOnWgG4WqUdNeXmvuTNcEo/iq8mi6nO71mHZki5clAiBHKGz38y8g5YVk4mkJzaCVDy+iXVD1yZhIPXFCGCiDzK8e8QwJxHbcSrsJt5tZsxOJWJwCzWkHYvbWS0RirUkrC4i2LprD10Zj0ZGvgGKsZyN5tlmfJ66FEuVCACwPq50oIpjQ+5J72vw49F4va9r2+W3ijt2bX7P4batlLXt+D/wB9r2va9v8A3Xte1/w2qt5/xMVkb2OV4VkSSeYwnu7lgu4HI7z1au66r2/bm0a0Pj3V+P7IDjkXWh3zJLj+3JQmCtOFNRLKik9WiVa8GoakXwWE4dYIp6c9lNt4ZmhTKEp5kDZQK1adNbta+avRKCAJWMymm6+TqgQbtIQbDKeGLLV3GkrrOLPpnNR+GQE5TxVEEtZ0kFNVRA8S9ruNER1IA2AZSS2dus+fz8TXyEfmDUv/AMjib3YqLKHyENPjI6OnpLtIvIwTvdaboppyxoajvMYcHKSJmecGswkyWpfMr2Dfg0LIuouhzXI38IhtBtuAZLwHUgyhcZmPLoa5TdYV+DpjpRrs1aY3FnbTnJmNJanuaHVDsfaOwMyW2mmnunOltyGzg81mNmmhlM1RtoKGzCqqx7GkJPLklMw6EuOg+38asSt7SXbxvRnubpNpfr5yBJbik9cgdsa9vh9JQL2WSCU7Z3jSMSTYcKi97JZzvV9o51XUHTY+lrXf6Wp4qhgwIGILmGNhE7i/4llpgvkPkh5G1/PY/lBmJJKOBYcbrCAOMvVJHWSmZgjDcGNe9hEZsm2imnxG6rudMC7crn4VRGaKnoh9eUXfYFvTyO648dJSCVvZoZ7N5mT7LyPCqHIiK3CqmwmK6lvuIxRQlJxHFhKAZ7awTLKq2OqdzURcUduOI4ESG8G5BiLJ6T6xEJBJJ6SjaUT0hnT5kJsg3lUnHTbje46wsZa201q3aZkiSjLDJaSk3mdphHUOCOVqyKWWZIVUlEIFjgK9ikHgWiyTqwXPHY4AK4giOYo0E07shrIb0pKINTIn03ZG5USIsew/v6i7BRKu6szFDJFCaE1yS6VhzljrmKF1dnlyq5I6aC1zSo8sDCjZaCILJNMHKmgMl4yWWNYUenHSosBjqD5IhJj2Ps9snHgmgY2wAT3SaRSQ7gIg4Y5iY4BFFbM2XDxsJnbHAO1rZ5Wt210Pcb16LD2mmra8p8HMKUpQClKUApSlAKUpQClKUApSlAKUpQClKUApSlAKUpQClKUApSlAKUpQClKUApSlAKUpQClKUApSlAKUpQClKUApSlAKUpQClKUApSlAKUpQClKUApSlAKUpQClKUApSlAKUpQGSjmx8Mb6cu/F7wyuFdW0jWZ8t9d3E2hbqGqH0kKVWwxhZMUGox3EcTTJU/ik2tBzuRyoRUcLIorv4g5sO1WG03j6ZqNaENRGwI0T4YY8YR+0oiS0PJsp8YN5oICSwSrezAuWFRQ2kTIAoV00wBlkGaKZEcgTVsxLmMBchM75ZdObHwxoXy7cXvM04UJbV9Z2KgL2nW0LiREs+rBxU1nyJJhBqPhwlE0uaO5JH/wAXB3rBYQqAJmbV2EQbOF81dzN8go6i2hM0RSBGhCZ2PKEfu2IlRDycpCT2870BWYJlv4AXMirODtJHxkKyaXAtkIZN5nsQSuOGffGQV8M7YyD6Pzp+cEg9f8/ODKhBLOTOJ3pKKdpxr+D4oac8ouu7jmwrByVkIUjuK52YSNJi4pqrHQsc7lG8GZKw24AQiCYEUSQUqSyDZKlA0pmtUmj8camwsBa19LY34fWxk4w/ALJVuN9gNNLeM1yWy4raqk6jxvTVYItlPcL6WkFIOOA4kIK4qFUYucEUTCcjKp4EtmWTjgoPIoJeCZyx9JRTdx4AH8b9OeLnXhxwmVnBKxENx3Ks7P1GkxDUkpjrtg7FHCGVLTK4BwT6YKaShkqMyDmKmxEl5NU4s/QYEKQ1PHS4N+2hOMSRlMrTTuNlhORPa8rMJqyI3SDiJntMUwovEkR3pSwmlVoqmrCsnl1QAsGeAIqiiUCHxLnjIYtzPwuZ+GmqFN3dL9lHUoMXXPbvWCfnskt807FRnQpPsUyo6k1qkVFKRzzmUG8xXYvK5Nvk1ddQ0s0smCYacXUVlKIjGcDKiTCGzRclksRZB3SleIeUprkuP4fjJr6g7AeM0iyk8m5H7EbvhuO9wm6jeHXc7FJIb6R4XcCulISZ4QUC/f6wpp6YV7qdOlgBdPcU6marwO4jrvg7WjX6GnYoophtqDoimGo5jtxH26cPJymbQTq20G2jqRpFNKSOkqBhLHMiERzyWnGxQMjBEsIFmR5HI4jyXOlQcQMeyswmXJzBcGoOwfh5jyE1kN6M9b8ExtuKtpfhdtOQipIql4NWk1OV0/v0kN3mqECSgX7mbKgDBgaMIt5CdBZxfaFFsKbw6gTBJro8J+LMdRbstC8gPtxeBEdQcSz4CaLTequ4FfwQ30hVXVPwenmO8EdMUFM13IkSMjhS/qMse6U6axG8EiQop1J1kjF/N/wh4BfEewNFbLeCJ4WSzqIqeCHK22omrSb4SRVJRSFDvI6D34lnzqeY7oUNDgiSaoBSlKAUpSgFKUoBSlKAUpSgFedDw7/0uHkG/PFyS/tqVq9F6vOh4d/6XDyDfni5Jf21K1RZef57Qiy8/wA9oaa+kqbqSfpFxYSY64UWlVrS3Nz6ZOt7HeKEKKXXGiNIoS8rupaQjZfIM0nuDOP2e7khvLBIYuoIS6qJy4nDhn04tlUv+LbjC184ydbGHF0asdtXlw21UYxPE1CJhQ1IEryOaJlzjtU1h1jhjLOTZCX8zmDTa2J7JGb6RgVCLgCnxFBSPxK6SXpLJG8/FdKzJhpEUXXLcNvBm7FMJnI4IphadxqOcFpNdSChFi+OZs84ho8dbyONtJIgjqC64CSYhEAcjakDe0qOL7kn195RdUWRIDLerbMSmMxUxF2JhaywVISDF8iYpgaQ+EpZbAZgs4CLbOruKkKznUGTKpy8ijFDRIcuoBHk9PpU10i3Ezm80cX+o837cQdvMtNJxsfZyBjZkdBk2JHWoRmsvciNiWDCQJaMNjEoZkZulCgRxKDR14yIVNoC0uttVxUW8pjpd83vPhqom7w8y+jmpp4Mlmemvjv3fb7PFULhWLEJLQ41mh7RUsCZC27GISFJDXaq2Y7TIMTIqnj4WGBtlkJjGLnR46OO/j4VePUPTJIPxxsU/wDfWEEBys35z02SW+FiJxrLBs8ZtHEjy28zACDk7QWiVGcZJvAXxPG05J8JY4q3ehu2jdr+lH8L/wCi5uD+yDYOj8Z8cB+M+OCeXA3t0b234r9bH09zooEnw+2T2uc5ALYncFhHkaABLMdRNuu5i+Fyi44monNh+K+BiwORfN037sGDfHLDDFdNgpvbidI25c14AQym7d9IU1hhHW88oBZWMFtYdYSC80Wmoo1+xgGUIvIQ2jlHGUww7AjojoyavjYUQYydsD3f2NX+H6cedrSxmAKJUbkkjxhbOaKN5JCGAMG5Z2sdAWvWwpBngF7XKBOYouuVyudtkCncRi6PEBLuAPYyAAAklyp6pJGjukPR09UUgMpYSF+SDTxtuU0R7XvRYkI4XXnBJzjL9pbHGwbmkVYdDgxt/CvjZT7W+Yl7XzySfwnhkXiCXfYsnSiNCbsu7IiJDWNnJNcnn9JJ4HP/AITtkv1OetXq8iQ2mQOoU2fP0vGN9csmG6PG8OTroPcBbWQz/e+LLxWrZGspH7pfGzDu2Mcndi57pl21bwx3pWcLnD18ijannj4Vtf5xbx51xVJMf7Bpjwb6a6XYyjykTTEhxuEkGXdDGW2460jIJWSE8zkMjrZAYbAHIqMIIUHMAC2zMvo5/DGyHKmu4vpK23gupQmAhXOXJVnua0bO4edhMAzjTlyVHq0T5fs2xxzKHUEcqNjjbEYETs5dl+TiT/YxkpGDom4cvYcNMRXlO654FElSZBIXxXe+O6YRDdzh2JWTLGrWGsh5P7GQREnsdkvcqJjkRv3hkWrSlX5aGhorZRkluNtHS2+3kBNIoyEgoaeUSUZFR0wsESTUpJSyAJcinJqeTBBKESJMAEqULBBAABBhB44W/UoBSlKAUpSgFKUoBSlKAUpSgMnW17SR97ek+ao6yy0RLPGBNE9MV3asGL14DFSaa9MLmdGaUTcSykGLiET2KabWYcVCxc0XzDENMgMsasZTlE2TF+/0qWOE6JNeNYuTqLEwi2doNHdqYeWG1ISYBgnraxHK+qKAShHy8oE7AGlduDvAu1TYCcpCnCBNOMu1LAJ4lXctWMf3ZxwJGkfSg9WdjpWUCjPg/e/SVx6tpclOAyEltVLmdounw2XaimrGe5EiQqtkgxGkpmZkxjcdVfJUPOwRUsMYw/S6VO+iMpava38bsbKBFxbN7x7XQ012THSeLgecBNkIKueNq8hKqaWuKaTmumOvNqJgyocDLExADKydCMZFG6tiEzLLZXjVoxk7s8PTEZVhsrx0RWd6MrWhKK8IR0dtcgvSlnkBKxIB5xLxqaQxs+oWZC8AEpNkhLszJcWSAmPcy3zWZpJFXwEmZzSmEq5gZHCyyw49Ol8rjNhKNlv0+kjtFF1bmHi15WoyTizXnCGt5Ixgx/OVBACTVeRYYkdEdS4sNF4ni+RYwtIwCKx3SzigJke4pZGklxEwhQy5m2Rf+NU02tCulJyF8qKgWZsZckWisatSDnivGQE5vrUtwkQiqPCkfiLZnAmlYOQdvw4o4BJeQ9jplUdbETigORl1JJUb9HpJrjRdmZH4tOLiOlEo450nPfKLJndLVRRw1JZY0KxohPBCcz2dqeVsZMoaBZOfK06Cpw6WxufSY8dZkiGZCSDuNjtrmn5WpXZYQeuqwScpJ5R3c/PyaKNvP0q+SG3MxAq8Yz4udNGK44jYy2CGptZOmiVSsYvMq9h0A5cdLGXS6fMJ1SAVhS1jxdYYUeHQewO2Eo0VdJHaKLq3MPFrytRknFmvOENbyRjBj+cqCAEmq8iwxI6I6lxYaLxPF8ixhaRgEVjulnFATI9xSyNJLiJhChlzNsi/6ZBwoulPSrJZXZgUSbOYPJ5pQxEuG3ktmAk1uLczRIHF7IxYHho5YumhuEwixGqYAJQhrI+ZUnWw04sGIadSSWG+HSTXGi7MyPxacXEdKJRxzpOe+UWTO6WqijhqSyxoVjRCeCE5ns7U8rYyZQ0Cyc+Vp0FTh0tjc+kx46zJEMyEkHcbHbXNPytQitJW3jqsEtJPKOfQ1NaKNvD0mbkdnGXiBV7IXGzFcKQZrc23CXxVEmPHS+0nv9ZeqOUNXGKF3EAvo0vmE09gDgIUu9sjQdrKSSmnivx5rWeiahcsnC1yIxMnlGY/ZW2kTtONjVFDADT7yjGknm2u2UzN1gFLlS68ptppr8gglTyxicNDXLswO5kDBnIfev6WnzgSNLeku8l8HSsoFGam8i8UQdP+t644TISYQkhbYiXmluNnIBgz3EA65MXCvSwGRSwBBTBooxTmdv8AtRoqWGc3LjRtruU3hO4+YvPlHfIkf7YJu40+I6IMEfMxhE0Tmmy4yht2Zl8TASCYdjZRZBzSQFXuAtxSiDlmXEwciHY9J+FSeslpPeDLYiIis+ipFZs6KsVj1toV9dOK/kq47fzg7G/q5ENbeol/kqjL83zM/VxNrEL04r+Srjt/ODsb+rkQ1t6iX+SqMvzfMz9XE2qUyN8HsMM3lx203g5kNwUIhNJ1rbMufXHTGOpDJBOFjwVHsdJyM6iKkgNBWxNIOa6Sbr4ZhFJWLJwVyLuBf7ywCydTlEUyGpLbDUbX7duDHnrtsjHaJIUaPVKMp45I+UK2V22oZlxAU52MlZzLjHGo8W+NnidQHElXBOp5sLD8IpbMcsNl04RJaaHEduPvZw67bLiZDGT32TcGzelUgP46WbbJnJgyMnpDSLJSA7FfMmh3cZlsslh5pSCAoGbnXeXkRoA54uZt5kFK5Xkp4zeMnYyzr2z3ZbQJNyMmKM2sDJi9s3MsHM5Gb7axcq8gF1As0pcYTDsIAqrimP4RUSGZ89gOGWNmzJYsVBBbWTxCXj1tATRJSTpIJb1toR95ctdmNqb0evbvXWM1Z+LMfxTrmXa7QMyU9VmQXaXQiz9bApBLNuheFGUTSekgjWTUNP7ISegohVPQkYoRR00gRL1jcCZj5jW+KHqqZzwTYg5PuMrTDf2Dguzjgl/Le2ITbSPPaCkdytgXEXnkeEkCRVoELHIQq3W02rjWxxFBHORF0vPLan0Nnc5RXTiqoGTh+cMy55XMGzY5ooFKjAK45gmjmYgg5YIwAYL45YZ5BYDAjA2vbMMTHGZW6zfUoG4ruj68sLNTzQrl43GFoctScKmA59/qWr87wlEkazKiZCFf+1GMlI0I00AmFngMCSJuhwGccMcRjIZlO+8PMV35hqwntu7Iq+FWT0nLWEj+co4Judv/AMcXF0l2sqsdo5v7ke2pS8rd2TLx3BTedJCJEFxBA37cZEfLqTnwz1QgLnh/2hxNg9bDDKxY6Wr00m/oYGwP5s9sv28uKrDeKixXdDZXmk5dBRQ1pmSg4nPpbqav4XvkSNa9a7M8uWX3U2s8sb3EbMqLhFhuW2YWWGGLhQ3BiLjkYuLYGvLSb+hgbA/mz2y/by4qDMye8102cK9wceInjqyMXCxL46eQpcfIa+NgbA2Y6bcW4t8/4FgrYdtcS+f8G2HZ7b8HZqhrX28LD9LGeIvHtdpWiALSFdtvXnC/gz5Jxpbuoq+N7HbtbGzPycV17KCrrvg69zuT7BeGajldw2dlrdr8W3ADxP7CccelE0TNrS4H2/ZU1uil8vo2e2Q2lSkJZc6+2E9SVT9mc3JqRminlzBsUXPFITUQojF8BLgl08IK2GGOjXVzS7VLSdmHGBqjAcawU11QcqbXSzDbpZPVHOdIhCgEj7vco9zTmd6gSAGGLkz7mWFY4VLiiAADhhZ5YXfTeMRBv60lDPBJ2lKUApSlAKUpQClKUApSlAK6e2ChRtbIQhKkBvRaeDfZ0wsdwR47VRgrtmy7w2w6SAqS4CqIv96HsksdTSTJxMHNBlRBcSZwxiDcMXLAXDuGuqZ1miP9cYYlSfJWV7oUbQ2wHVJL3VcA7DmCrbZ6McW1OxEpcQPI+qGC5PMqlJoWdjCkpDlSBa2RgyHjcCrPaFjcd3E3w/ShCz9bzURNTmRCTxjdOYLuxRFRxza9Hagq+BBAuDmSI2estSO5Rc1IyrgEABiZ6xt1GRERCb5k+lRR4QNJ1+Wej4QlqVuinP4k0JxZsjGjrQBci+y3oQg6QpWcD3ZKBdbSzBRcSUp1tg0TWsU3AxjYRmuoNvHAAiQphNB6W499NnlzMPxl8wvJ8QzcsbKKsrLfHjocoDXPwtDMTFFjMs3ZVklBHwwIyPIr4ESw1zERZJCI6wQCS3EqFjyKZZLNjvQvuXtpGeiutkk7TTAjP1ZjCJiSKoO8tGbYwdzqJpay4khsBKRVByUUnAZNTTyyTMrRvI6CAk"
20:09:00.080 [Test worker] DEBUG org.apache.http.wire - http-outgoing-0 >> "JAZxVN5hkSRkUNmZAb34rVYWkpne5kZj0DgfQNzcFmubCxljaV2xbHEL626hMFkK7lcraWFHJAUmXLTwdpxIBaiIpIwOOMiqrxW3Ji6nCvjGFpQ7pifX1ojYpLBGQ9C+j6PhsSq4AlGX9cuLlTjtwLQKldQK3lZv675MVOKElm+VhFMkSewhBIT1Xs2MKRUuAd7Sw5jtLdXcp7U4xd6OJCctzJIRYScjMcGq7mleE9jTiW0iEntd8hsM6qRQRa78LY5Ogg/C72CRWgZjgFXGHVV7E3Ha0inu7HUnPgGje6l4Y6OXrpt3yIMGTJ6bjfg4n8rKGVZKLKr1d0VCy2rsOK3c420+lpHIO1LNxxlHjlcS+uKQ+QyQYHeCqMYAwPH8SQVF2GqLqlbNTRYx+4jcXnNhojpHxs6GxPJbQ22bEWtyHY5aj02tvqlKvzTkGXHeH4wP5r5S3mlAWXjTekBwL7fU1FpoDgSjainHTCSoKaf3I8N2V0rd9lnRxf64q7edQivrLLe6eswk4O9iqmakiOLXdca0gvBPVw1ZFEHLKDSU18gx19JVCgo5cysF2qOQEEzMF8srIt+Js0uefCHsfKwSxGttR5D0ce+EXAEA24mNYwC5IwPp8PMxmI5LKyQkvEi8M2y32g20rAE82XqnkU8qEQPo//AGWuDTx6QFAPRetalHlQjZ4STroqQwVSJOagLJXnqpAxjIs0OY7AakYIpJpOWm8RTmurRZk1naRUkk21VLNrKSSqJpwAgcBLpomq1hKVYKuqTi6KNNJOvn+ZSmirB4uibqWLcvMG6lODhb22ZK+3YqQYHjjUd6u2DhU0i3irMYrpZTCOKsBKsbikg7ESRgR3gtVJa4bbFCHcgKzZuEhDQLgELmoz6Szk8NjejGkZUfyobXHcc43tmGQsragMMaUloWIWTLsQFVdVOGMszB5WUyLFKnlRQMCCGFBQHMnRxBBR888q699uPHit0x4qZY2lQNhNjJ8hgaB3LhoZC0w7cPCVNaEeX5bZik2oPX4WhsQwnojgVmkqOQs7k4BUCc4raTEFUc5gsUON7JWTrQ9YddXVql0bW0GPpLMoL2bPGnPzheLfOgiF1BuOqTotkyVHC21MuLa2YCq3ld6nEZVBv2cQlEiZwwvlhjje6zNN03VEps2th6adXhOHzpIq/wChL/zB9r/0vh/2MRfWz6sYPQl/5g+1/wCl8P8AsYi+tn1AKUpQClKUApSlAKUpQClKUApSlAKUpQClKUApSlAKUpQClKUApSlAKUpQClKUApSlAKUpQClKUApSlAKUpQClKUApSlAKUpQClKUApSlAKUpQClKUApSlAKUpQClKUArKH0yP8Ue3f0voa/UqXq1eVlD6ZH+KPbv6X0NfqVL1AT/6N9+JL0H/ADfP/wDbdJ9Xe1SF0b78SXoP+b5//tuk+rvaAUpSgFYA+fT+lNcK/wDw5P8AqKTJW/yvOD6VLOnzX+fTjt2X8VvHj5u+v+pE6eJXhvxZ8cPkk3P2Hf8A4reMfghweL/jB4v+CfDfgFb8Fd99/wDghS737zGA9HylYA+vOf1XX22f9I9OvOf1XX22f9I9Ab/KVgD685/VdfbZ/wBI9OvOf1XX22f9I9Ab/KVgD685/VdfbZ/0j0685/VdfbZ/0j0BtZ240u1p3sjNIh3aqNvlTjlCfjck1Kbvji/mR3q92kAqFm+t+F45dTQXR/B4K0p4eDTKmMkG++e2OkDOYJfIKUdYA+vOf1XX22f9I9OvOf1XX22f9I9AbsJnh6OdhIlkiDJfbvjdFkuMtwx7ITW8LrqB4wM91phhHX0jw22FNFcST3+nGhy/hBEV01UK907sSOlh8cBcelTOh+oSlqk2tH3BAzKeGqrOaKEx2zDz8wVX+ipDfa4eIbbxLLD0Ul51ZLSDfDAdHdQy8K6U45hgfKLIR3DExbFz15z+q6+2z/pHp15z+q6+2z/pHoDVFrVwf8VuossJM5QNqAzm3LDd7GTWejqecry2os0bDDMIA2yC8wP5+JrKPlARRQCKi1SSQeIADDAEjAAQwuGc7dhtboI2yipwwhshFjQmKKnTcqIssx6JtlBOENkBe7pyqQHDzAUUVcTB/wCPSl5FOp6ymDXuKQPlxMr5Xw4dec/quvts/wCkenXnP6rr7bP+keixnG4WM43NOyDwE8RqAgOBsY6fI7kRnCzF1gdxkOW5/lI21mq5E/NKWCMZqslSu61aIjhhNEzJALsWHmcvpxfK4aaplLXqSb44yNIpJhPWHXZ8QwZcMO6auqPXrrY0jcpzMELGzkilKMoUenMHMUkMs7naWbCObGTSSQ+l5zowxOwAB1PNYFCtgce3XnP6rr7bP+kenXnP6rr7bP8ApHoDc5P8BxNtHDUha/Tq1PHmIpVQBWu/Wj4dcrZ8PIQxgubEI+Hmcst9zpfbGCpcTvlGWk45bufaYmLYZ545RMn3ig0E2g1rgrUCcoIHe+uWtJNoEYVjbGWpwa5ZnF2EyBo4aPdXGzZKbzxdI6IyjJpDLm3k4XCbFDNGjpscwpGRjgmRbrzn9V19tn/SPTrzn9V19tn/AEj0Bf8AdVx4KPMZ+0zuH+8FVsri021eeOsTd0zesLM19ayNOPWTFreiR9Fzj1Q01lxwipjfYpHBRdJ1WcQ6s1k1GS7JDrNLI7tLHyQKxZcusWyP5YnOvOf1XX22f9I9OvOf1XX22f8ASPQGonX/AIHeJTWCU27NUOaZMtJkpnHC6kzXC8nvL0uAs1UJGbnU5VZ6BL8hvttNVWST1+/kZUQEdOPox3AM2lmChkIMXC3OsAfXnP6rr7bP+kenXnP6rr7bP+kegN/lKwB9ec/quvts/wCkenXnP6rr7bP+kegN/lKwB9ec/quvts/6R6dec/quvts/6R6A3+UrAH15z+q6+2z/AKR6dec/quvts/6R6A3+UrAH15z+q6+2z/pHp15z+q6+2z/pHoDf5SsAfXnP6rr7bP8ApHp15z+q6+2z/pHoDf5SsAfXnP6rr7bP+kenXnP6rr7bP+kegN/lKwB9ec/quvts/wCkenXnP6rr7bP+kegN/lKwB9ec/quvts/6R6dec/quvts/6R6A3+UrAH15z+q6+2z/AKR6dec/quvts/6R6A3+UrAH15z+q6+2z/pHp15z+q6+2z/pHoDf5SsAfXnP6rr7bP8ApHp15z+q6+2z/pHoDf5SsAfXnP6rr7bP+kenXnP6rr7bP+kegN/lKwB9ec/quvts/wCkenXnP6rr7bP+kegN/lKwB9ec/quvts/6R6dec/quvts/6R6A3+UrAH15z+q6+2z/AKR6dec/quvts/6R6A3+UrAH15z+q6+2z/pHr9BM6cd4RMiF/Jgdx7mnqx/t/nrd07PgtKOqfcu1+aVh2O7959w7ftr9y7p3XtBO07nkBvspWAPrzn9V19tn/SPTrzn9V19tn/SPQG/ylYA+vOf1XX22f9I9OvOf1XX22f8ASPQG/wApWAPrzn9V19tn/SPTrzn9V19tn/SPQG/ylYA+vOf1XX22f9I9OvOf1XX22f8ASPQG/wApWAPrzn9V19tn/SPTrzn9V19tn/SPQG/ylYA+vOf1XX22f9I9OvOf1XX22f8ASPQG/wApWAPrzn9V19tn/SPTrzn9V19tn/SPQG/ylYA+vOf1XX22f9I9OvOf1XX22f8ASPQG/wApWAPrzn9V19tn/SPTrzn9V19tn/SPQG/ylYA+vOf1XX22f9I9OvOf1XX22f8ASPQG/wApWAPrzn9V19tn/SPTrzn9V19tn/SPQG/ylYA+vOf1XX22f9I9OvOf1XX22f8ASPQG/wApWAPrzn9V19tn/SPTrzn9V19tn/SPQG/ylYA+vOf1XX22f9I9OvOf1XX22f8ASPQG/wApWAPrzn9V19tn/SPTrzn9V19tn/SPQG9h4M1oSG1l5jv9qtx8Mp1JZtEdDQd6GmOVruNFPh3BPJC8gLJU6lK6YcByyCNEFAoYKmA73wFCzxve1U0q/RxOFdacBxxmdGmqTHPqQSscQUGWNg2uwjB4DOwgOecZtqW0mOu4BZY2sGSxa1iWIdu5WL2CvfC+b3rzn9V19tn/AEj0685/VdfbZ/0j0BurhqEYe12jxBiWCIxY0QRm2AhAkJjR22UlptpOuPn3U2ZDS0cqVLiqCgPfI0pqZjAZRVDogp1QNGTYwo2fULa0f1dZ+4Ehb7tyMPB22UqReShh+yv46yGb8PRqnDscyTbfiKedpqNUvuI0bsvPwwjM5OXxPA3aiqmeCiq4nsWXXnP6rr7bP+kenXnP6rr7bP8ApHoDf5UUHvo/q7I22kNbzvKMPDO02vrPcrCiGUfHWQ0/xRabvSHqguJK8SUp2kY6XvCKVIbxK9/OdorSkU8Md3InCxlPSxiWLLrzn9V19tn/AEj0685/VdfbZ/0j0Bv8pWAPrzn9V19tn/SPTrzn9V19tn/SPQG/ylYA+vOf1XX22f8ASPTrzn9V19tn/SPQG/ylYA+vOf1XX22f9I9OvOf1XX22f9I9Ab/KVgD685/VdfbZ/wBI9OvOf1XX22f9I9Ab/KVgD685/VdfbZ/0j0685/VdfbZ/0j0Bv8pWAPrzn9V19tn/AEj0685/VdfbZ/0j0Bv8rzoeHf8ApcPIN+eLkl/bUrV3F15z+q6+2z/pHrOhp3zRfNN5cNg+U75tnj98u7x2SdnyFfLF4q+KvzhXqbeHg/5TvkscfhzxQ768Hd9fJ6j+H+59997Ivbd64xflOFQi/KcKh7FdVWbHcIvFbtfIihLk16bx8pyesmx1BefrBcEjQi6nGqGr5XNLDmWYPekdHXItG+2vY2tLoqgqGsbY4GDYmOONrZVuvOf1XX22f9I9OvOf1XX22f8ASPVKa6NU+JTjg0lcfjrrRqPFjAf+Pd+95KVAF6SZQI2N4ZhHcUyTJUW3s/ErA+GJlgoYJrhK4KGF7YnMR7Y42t3o9tMta5G2khfdJ5Rv4Z2X16azwZcPyV44P1P8UGy/kdwoLtTfE5KdJFgL/hZJdS8U78dDVW1Ah3/3dMNEzJUkMXxR9ec/quvts/6R6dec/quvts/6R6A2VbD8d+mm103a97G7AwgkyLM+q6+Wc8FPU2534hisxZJONEdxAwcQ2s6kNtPUsmuVvJSymJj+RnQlpp0M3mRJl8VRVxO8x2Y0x1r3DvDd9jY3vIl9f5ebM8xH/wC2L+aNmlK7O7tdtuu9mI6WxZfum98DdhDc9lpuG+3vY8jmbWt2MUnXnP6rr7bP+kenXnP6rr7bP+kegNqEn6RawTLslA23ckxj4ybD6yE3KnwhIXjpISP4klHeTOp7iB8U0F2JbHcnhAoonAe6O5tL4pTu3dCOZYUMLPCVlYA+vOf1XX22f9I9OvOf1XX22f8ASPQG/wApWAPrzn9V19tn/SPTrzn9V19tn/SPQG/ylYA+vOf1XX22f9I9OvOf1XX22f8ASPQG/wApWAPrzn9V19tn/SPTrzn9V19tn/SPQG/ylYA+vOf1XX22f9I9OvOf1XX22f8ASPQG/wApWAPrzn9V19tn/SPTrzn9V19tn/SPQG/ylYA+vOf1XX22f9I9OvOf1XX22f8ASPQG3XZ3UzW7c+LjsMbSQ4yprjU6eLqtm2807MxdLWSgRguVXm2skhiTgajiLFTZwmXcDZVUlaBJHjxMI9iVOmgRosajcO/Gtoo/R5U1f1UZ7Ak4RPMpRaQ1xzyPK73Rk04VsQOEWw6Zhej+W2mWOJ1rphwJsHUnE0mZippiwhEYUvnkx685/VdfbZ/0j0685/VdfbZ/0j0BtW200k1R3sjsvFe20Gsmb2SnqGaujEXSXPFVZtKwpfIoOqtJ2oB5HdzQUzJTLImaUGwupJs0UvcqYGFA/i66W084n+PPQdzLj41R1jaEaP1xkBUlWkNRX37JsiiI4+RfI0ik3/LbsfbxSkU7mTJ5qCQkrZJNP5kiWZ0qPkULXCyJdec/quvts/6R6dec/quvts/6R6A2rbaaSao72R2XivbaDWTN7JT1DNXRiLpLniqs2lYUvkUHVWk7UA8ju5oKZkplkTNKDYXUk2aKXuVMDCgfxddLaecT/HnoO5lx8ao6xtCNH64yAqSrSGor79k2RREcfIvkaRSb/lt2Pt4pSKdzJk81BISVskmn8yRLM6VHyKFrhZEuvOf1XX22f9I9OvOf1XX22f8ASPQGzjcPj/0239aSGy9voBZc1o7WOGj7UOrWS2gu5pGT+JfFRyaT/Zis2321wlSxMldWLoDkTiyrkQT81AIzkQJ5AcS024xdDuP4Zzn9Rdb2dEjgeZexJ1PTwm735Ia6m2N4n7pChI8muR5vwZEzPhgnxUTxiskjHixU4MTzMlSwoWPTrzn9V19tn/SPTrzn9V19tn/SPQHYPTiv5KuO384Oxv6uRDW3qJf5Koy/N8zP1cTa8mbnF57PLNtTXZsfNS+bf8gbhkZe7++XP5YPGz5QE1oJ/eve3yOxb4C8E+Kndu798LPf/f8A3PuJLvXtzN3rS6b/AOKzUbLY8mL394uN5FQe/vnpd69+eCE0sn99d7fNNMd798d7927h3wP3Lt+592F7Xt8gNvO1Okupm7zNJsHbGAI2nRtpQxkyhBvdBCMrTXNHcAgjpxoOsjmRdbPOngQQgTpxsLaSZOABYAGRRQsbYWr5ZXR2OGNhuFKcqZo4z3CdRBMBEpMk6TJ3mVoE7YZY5WBwYUuym92PmUvfDDHMiK3hCYgeOIYgGQdrY1mt685/VdfbZ/0j0685/VdfbZ/0j0HzOrS9G32YNWoAnfXl06oSXGaKpa8PJqFGMuxY2zSxHaBdokDJI0RQEceOVJqK7ZTyYycS71CbKkkZFwgMS4WWBfLMLL81f1E11dOqVtIHFGxRX1dxhlE1+xi064HaKDhErbbKez0Bs4O7w/Z+4G0hBSk0Ag68XTZ4ljxEsthuCy4Fio2xKdec/quvts/6R6dec/quvts/6R6A23a8aka8aoa8t7VPX2NykcwG1Ut0o6GwiS+7VvvUk9VlbcDp7u6HQvrjzUjiwsOJZPGFNTcRxTDEOdzLGwQS5UMDqFk8aOksc6XuDj1ZsK+B9P3SmOxHXoh+UeWlDv8ATXyvGXO6S3j8qvw9KBXwouGzB7uxN6lxyXdO9k4UoTwwL447+vOf1XX22f8ASPTrzn9V19tn/SPQG6yE4YjXXWI44gmHG34nxVErPQ2FHzW8ML7g8X2m3CQScipXhx0qi241XvMmCED38trCkpGO17obODi5ZZ37QrAH15z+q6+2z/pHp15z+q6+2z/pHoDf5SsAfXnP6rr7bP8ApHp15z+q6+2z/pHoDf5SsAfXnP6rr7bP+kenXnP6rr7bP+kegN/lKwB9ec/quvts/wCkenXnP6rr7bP+kegN/lKwB9ec/quvts/6R6dec/quvts/6R6A3+UrAH15z+q6+2z/AKR6dec/quvts/6R6A3+V0hsjrjDW3EJP7XTYNojPyG5PT09KfTQAdDwZma6nJa4luMmTycjBcDWdqcDZXRk4czikrxC54uEKnHrmU02cKGMOXXnP6rr7bP+kenXnP6rr7bP+kegL/uq48FHmM/aZ3D/AHgqtL1l0X1R0917Map6+w8kNHXo6O7x1KLnAuu+UUFXxf1xbPIktGJYcL4V1pJcIYwxdRRVVSOJAhQYYngSwKC5g5YtuvOf1XX22f8ASPTrzn9V19tn/SPQGlAp0dThbJPkKQQtD4+EVwVy7iDb5x9TQoxhZVyvhfIS8LqElmYgzJ54B4AZpWbGySsyuNimRK5a3cquKMtBpnWmYYRxrt02xjbeFaJplmURNHaZlpjpuSMM2DDcFLZo4zeGSMskoVFEJ5JoiblkRzLXK3uFfBL15z+q6+2z/pHp15z+q6+2z/pHoP8AfO5piS+j18NaO/ysjk9Fo8EWCTgEdJNtqTyl9aicoti54CCGS8GrEin4WBL53DDDumBsDFL7gHgWsSsXwxCtbe6WIyXwy1yOHm0Gy649czfONNxMZxISYstFda6gSzTTzcVm6oFTCQoIZxPEzImUs0UFJDFMrl8wLhX7WsF3XnP6rr7bP+kenXnP6rr7bP8ApHoP987mnyJeAziEhCWUGbY50lYSfIDUXMnM1BnE8ZakBotRwXNhKA"
20:09:00.081 [Test worker] DEBUG org.apache.http.wire - http-outgoing-0 >> "Ky14ykKQXTGbcUSKgAWUEo2itAiKkHypQ6l5EzRQuKFMLkI/mD7wfog7K/sYetYwevOf1XX22f9I9dQbCdNG+XeA5wg7ybPir8ssQSXFPjR88Xw54t/KIzFpoeHvAvzWEfwx4H8MeEPBfhZL8Id796eESPdu+QgLHehL/zB9r/ANL4f9jEX1s+ryZOEvpEnkdIDliDvmffOL+U+X85W8aPnA/JF4D7dmNdoeAfAvyJSf4T7Hi34Q8KeFk/s9+96eDrd7d8j3P9ec/quvts/wCkegN/lKwB9ec/quvts/6R6dec/quvts/6R6A3+UrAH15z+q6+2z/pHp15z+q6+2z/AKR6A3+UrAH15z+q6+2z/pHp15z+q6+2z/pHoDf5SsAfXnP6rr7bP+kenXnP6rr7bP8ApHoDf5SsAfXnP6rr7bP+kenXnP6rr7bP+kegN/lKwB9ec/quvts/6R6dec/quvts/wCkegN/lKwB9ec/quvts/6R6dec/quvts/6R6A3+UrAH15z+q6+2z/pHp15z+q6+2z/AKR6A3+UrAH15z+q6+2z/pHp15z+q6+2z/pHoDf5SsAfXnP6rr7bP+kenXnP6rr7bP8ApHoDf5SsAfXnP6rr7bP+kenXnP6rr7bP+kegN/lKwB9ec/quvts/6R6dec/quvts/wCkegN/lKwB9ec/quvts/6R6dec/quvts/6R6A3+UrAH15z+q6+2z/pHp15z+q6+2z/AKR6A3+UrAH15z+q6+2z/pHp15z+q6+2z/pHoDf5SsAfXnP6rr7bP+kenXnP6rr7bP8ApHoDf5SsAfXnP6rr7bP+kenXnP6rr7bP+kegN/lKwB9ec/quvts/6R6dec/quvts/wCkegN/lKwB9ec/quvts/6R6dec/quvts/6R6A3+UrAH15z+q6+2z/pHp15z+q6+2z/AKR6A3+UrAH15z+q6+2z/pHp15z+q6+2z/pHoDf5SsAfXnP6rr7bP+kenXnP6rr7bP8ApHoDf5SsAfXnP6rr7bP+kenXnP6rr7bP+kegN/lKwB9ec/quvts/6R6dec/quvts/wCkegN/lKwB9ec/quvts/6R6dec/quvts/6R6A3+UrAH15z+q6+2z/pHp15z+q6+2z/AKR6A3+UrAH15z+q6+2z/pHp15z+q6+2z/pHoDf5SsAfXnP6rr7bP+kenXnP6rr7bP8ApHoDf5SsAfXnP6rr7bP+kenXnP6rr7bP+kegN/lZQ+mR/ij27+l9DX6lS9VX/XnP6rr7bP8ApHqqHmR6S/5WzUdO1Y+ZV83/ALwl9myt49/OP+VXuviiiO9H8A+LHyDRv3Pwh41d8eFPGHPvTvDuPg4z313UuBud6N9+JL0H/N8//wBt0n1d7XmScb3S0/J86SwHpz8wH5XPkPbzgQflF+dV4heM/h17uh5d9eKPzb3p4F718ZPBvcPGdW7v3l353YHvjvUCb/XnP6rr7bP+kegN/lKwB9ec/quvts/6R6UBv8rAHz6f0prhX/4cn/UUmSt/lYA+fT+lNcK//Dk/6ikyUBv8pSlAKUpQClK+AgeIoYgWV87YiYZB5XDEEBEtjnjfG9wxQssBQs7Wve+IgWeAmGXYywyxyta9gIJbd8nehGh55vI21uzkexU6HWcTiTfYmVl97yQo+FTGBUgo4RpHKK738AgDGBMAcnKabgDeAzy7BhTC7F+xPCsIfP8A8RukOgHH00pRhKPV9xTzIO98GBvvY2aHovS1OjpJrpWSFNRTDj6dBgYRMTTY5FNsoFG6QRcFvJMIHHDdXUgO/st3n+z/AG0GIUtTJ0hvh8gCW5IguWNuhW1KURPFbYEiNknr3tM6w24722dFTltFzX2bCLgbKmKnngBioplGWVEjkKFniCaE7W97WJanbd697ww0kbBavvwzJMRLyuvoSO7TLJkFgXPKjYURElcACb8mNVmuiwRFRBGKd+iIuBEyKELYmZMYh55Y4/8Ahh5jdY9aYD3kl98xjtxMSxPPIjtTtTMz6171mkGWY/hZnP5QbYbaMyxJRMBMaKAAIlISg6sCRVWVTxJLV+/ThUtY4XDE2NazbOQVuJCjJ2H1vkRGlCIpBIjHW260bE4WtmITNDEFRJVklULEVlvuBFUS5lNW2+uJ6esJJ8uMVPEwRMexcM857ix+Ztbtnr9pDCDo2P2gf/yYwwyzjcT3K8vFV7PTwabdrhTWq3wfF6PW27HWc8ILyunEO6J6GaCKd8d9HcyxIIcwF3W0nUgvpqNh7tU/4Va7xbyK6m2p96nSPhFBcKaWV0c/3kolyagT78Tzhcx3qfKFTpfuncjRcAfAQLHPj0rT8SFtF/8ADjrn/wCoON6nU/tpXHppxXRnsAzIAlzaF7NHW+CSzMg+FWm5XY8Xq5lpkNNLTATVms33OdbbTTMzGaw73aOjHQENBIHRSxJUVxUtHUZqiUXhvsmqJui/H2Wi0rNFsZvNzn6Xamib87Bwbx0OqH2SnM98TVq9Gw2xTb2HYLBdq0iJY5AjLjmeDijJce7Nsvk8XkCFHIaMVEKrA6EO4C6eXso9l8tXMnImmOnWgG4WqUdNeXmvuTNcEo/iq8mi6nO71mHZki5clAiBHKGz38y8g5YVk4mkJzaCVDy+iXVD1yZhIPXFCGCuZ+lnaEd359oaEq4ZIsjMGImM6ZOlN5tiO47Y6MccLwe7zW09uNZsoZDDuhtUWltVMFU9PJgY9i2QxkcPHITLALDthRMMMs024HI7z1au66r2/bm0a0Pj3V+P7IDjkXWh3zJLj+3JQmCtOFNRLKik9WiVa8GoakXwWE4dYIp6c9lNt4ZmhTKEp5kDZQK1adNbta+avRKCAJWMymm6+TqgQbtIQbDKeGLLV3GkrrOLPpnNR+GQE5TxVEEtZ0kFNVRA8S9ruNER1IA2AZSS2dgzPZ1ZE/P9w+zZJyBEEf7uMQw+HYsWb7VDdjJmCNGq51sQ9imF0xuSLJcdNGOlw4dUhAk5OBS3UayUj45cmQ75MGAQ87Npqm+IdcYydczTvI7RieK2QRwUHS+nuslENvpAAw4RMoEKbN5498H1I+YLJqQlE8DCosKhoolpZM4oGy5YXOH0o12atMbiztpzkzGktT3NDqh2PtHYGZLbTTT3TnS25DZweazGzTQymao20FDZhVVY9jSEnlySmYdCXHQfb+NWJW9pLt43oz3N0m0v185AktxSeuQO2Ne3w+koF7LJBKds7xpGJJsOFRe9ks53q+0c6rqDpsfS1rv9LU8VQwYEDEFzDGwX7/PvegSvCz4htrvqyfia285PFPtvKqFCMEbgs9xyk6xe92c03UyZbiUw9jd8xQwSDGUpfj5hor1UjggA2KemtZSVz6lcLPvAuZ7W9Ww1je5kJsg3lUnHTbje46wsZa201q3aZkiSjLDJaSk3mdphHUOCOVqyKWWZIVUlEIFjgK9ikHgWiyTqwXPHY4AK4giOYo0E07shpmbC/GQtNPIpSlAKUpQClKUApSlAKUpQClKUApSlAKUpQClKUApSlAKUpQClKUApSlAKUpQClKUApSlAKUpQClKUApSlAKUpQClKUApSlAKUpQClKUApSlAKUpQClKUApSlAKUpQClKUApSlAcbeDyaEeNZefD/dTcY7KaqWbW3Q73euJjaa7cRSAdxjyuvL6yaJJSQmEwcchTR9QNlypcO18xRcMbXvVNKv0jvhXRXAcbhneVqnByCkEknF5BifYN0MIueHzsGDhnJjaiRWjruAuWVrhncXTclkHfutjFwrXztXFzY+GN9OXfi94ZXCuraRrM+W+u7ibQt1DVD6SFKrYYwsmKDUY7iOJpkqfxSbWg53I5UIqOFkUV38Qc2HarDabx9M1GtCGojYEaJ8MMeMI/aURJaHk2U+MG80EBJYJVvZgXLCoobSJkAUK6aYAyyDNFMiOQJq2YlzGAuQmd8mT+G+e4Mn8N89w/whqboe2JjxBlqCJOY0vxm5whBUJ8x25kl2NpRuBn3I2WDVEc0aLhKCePbIqpphjMFRSzoYpJQKljYIoOFemznN5xi6dTq5taNiNj1JkTezklvrrkYiVAWy0imExIdKOmr6EfzW4wh15towCdSldNM5d5rRjMnmbDKHsCxy2ZfGmKCWcmcTvSUU7TjX8HxQ055Rdd3HNhWDkrIQpHcVzswkaTFxTVWOhY53KN4MyVhtwAhEEwIokgpUlkGyVKBpTNapNH441NhYC1r6Wxvw+tjJxh+AWSrcb7AaaW8ZrktlxW1VJ1HjemqwRbKe4X0tIKQccBxIQVxUKoxc4IomE5GVTwJbMsnHBQQLgo56QTxKyzITDitg7MuxbfcmPNrx+ykYfVTcZCAVna81si3G4mDLbh1/SW+jBH1hSJlRFVcVE1HT8Bbm1NQJkgRzIffG5XLnx78fsks6INtZ6ORfJEgM/J+s9rJ8NT1JxtaaeCqrouaqCaiOLn4mlu5qSCrgiETx0qpYBEszeZOxMQEwJIOFN3dL9lHUoMXXPbvWCfnskt807FRnQpPsUyo6k1qkVFKRzzmUG8xXYvK5Nvk1ddQ0s0smCYacXUVlKIjGcDKiTCGzRclksRZB3SleIeUprkuP4fjJr6g7AeM0iyk8m5H7EbvhuO9wm6jeHXc7FJIb6R4XcCulISZ4QUC/f6wpp6YV7qdOlgBQLL+slcNHnWPH2P8Ad792+rxipkE4WLnC2V8y5sAEyBnfAQK+YI4eIoWVwxccBQ75YZY3vgJhgJhe/a5445Wva0R4t5CdBZxfaFFsKbw6gTBJro8J+LMdRbstC8gPtxeBEdQcSz4CaLTequ4FfwQ30hVXVPwenmO8EdMUFM13IkSMjhS/oBSlKAUpSgFKUoBSlKAUpSgFedDw7/0uHkG/PFyS/tqVq9F6vOh4d/6XDyDfni5Jf21K1RZef57Qiy8/z2h6L1VXbH82/FdqfIB+KJs3KjpMk1IOjpa4wGCiyDNzvbqsVsJc2juZAg9nSKpNpZKYhZ5HEhdLp6kUw7XMwVDxEDvlF3pKm6kn6RcWEmOuFFpVa0tzc+mTrex3ihCil1xojSKEvK7qWkI2XyDNJ7gzj9nu5IbywSGLqCEuqicuJw4Z9OLZVL/i24wtfOMnWxhxdGrHbV5cNtVGMTxNQiYUNSBK8jmiZc47VNYdY4Yyzk2Ql/M5g02tieyRm+kYFQi4Ap8RQUj9Kdqagck2i++wK1fUnZWPZhVW0B3242eQFWWtIzeI93wKeEl2MX2ktaQ0hKucEwJWVVFsFk6569yVjNzWOQNuC7octfHvx5vxgRnuLsMWhh5ygiCORkJhyNJkeJNVQglnNvjKZtfjuPHe3UEsAq4Zlx7uJWScgAsMzouOBHG5m36E0cX+o837cQdvMtNJxsfZyBjZkdBk2JHWoRmsvciNiWDCQJaMNjEoZkZulCgRxKDR14yIVNoC0uttVxUW8pjpd83vPhqom7w8y+jmpp4Mlmemvjv3fb7PFULhWLEJLQ41mh7RUsCZC27GISFJDXaq2Y7TIMTIqnj4WGBtlkJizJjzeH+m0rDPATDEQPLHPDPHHPDPDK2WGeGVrZY5Y5Y3vbLHK17Xxyte9r2va9r9i9VxbD8uPHlqns1H2nM9bElGRshKXiDZkxqXjSZHkMpiSg5zTOYhc+6GJHbnZTbNLy+TFL4FHO5Ec0QIiE1tVBIoagQUTPR/A3t0b234r9bH09zooEnw+2T2uc5ALYncFhHkaABLMdRNuu5i+Fyi44monNh+K+BiwORfN037sGDfHLDDFdNgpvbidI25c14AQym7d9IU1hhHW88oBZWMFtYdYSC80Wmoo1+xgGUIvIQ2jlHGUww7AjojoyavjYUQYydZkultqjMlvsttU3n7pcrug/Ho8I+YO3k5m4reEqIis4mChEYhnKTjTiR0M6EnKpsHOIo0fpYlkUNjBh3KqY5I4LjfIcAuKBhmLjF1q9Ix4YHa5kxogbuN1qrCuLgERElOIdh4YQr3zEwDsKadkuxEyGqnFcMhMe7HFFZKlAMb3zGGDwxyytAHk8/pJPA5/wDCdsl+pz1q9XkSG0yB1Cmz5+l4xvrlkw3R43hyddB7gLayGf73xZeK1bI1lI/dL42Yd2xjk7sXPdMu2reGO9Kfkx+TJjIK8hulESHM2FpJcbccCaSWUFwIKiTV0RbR1IsGcTlZIVU8YwQUk1QKDBGiR4kYGKmiwoY4AogWeOV/1qzW9E3Dl7DhpiK8p3XPAokqTIJC+K73x3TCIbucOxKyZY1aw1kPJ/YyCIk9jsl7lRMciN+8Mi1aUqAUpSgFKUoBSlKAUpSgFKUoCPeze1+uGmcXHpn2imJlQpGhA6WS7uV5qORbFSWTgY4xRCbyQTBOLrocBouVNmiyA20tVWRyZI6bCI5FiZoUKLGofMJxsb3PsxFurm1TPkKTAE4wrAR4tNqRoqfCwlkyllA6oNlqTAzGCuusmSTr3UzphskFYIomY5qJnIIkHmPjTLte0kfe3pPmqOsstESzxgTRPTFd2rBi9eAxUmmvTC5nRmlE3EspBi4hE9imm1mHFQsXNF8wxDTIDLGrGU5RNkxfv9KljhOiTXjWLk6ixMItnaDR3amHlhtSEmAYJ62sRyvqigEoR8vKBOwBpXbg7wLtU2AnKQpwgTTjLtSwCeJV3LVjD7b4T2tiPB6sqS2RN5v6jQ0JbZ7sap6LR0DK22s4smEGOdUM0lHUHUaOmFVyK4ZfM4MktFqIRJXdzwVQCYeZwwmtdCVzxcnhmaHADL43Et0vp1yu8eu/biXmbqds4z5OfLaIZqyxHx9CfcaSIAjg5ghGVorH8stRivJTRSQpkoEoLCWhnUxPFOkQzpovmeKYjUYo6O2uQXpSzyAlYkA84l41NIY2fULMheACUmyQl2ZkuLJATHuZb5rM0kir4CTM5pTCVcwMjhZZYcenS+VxmwlGy36fSR2ii6tzDxa8rUZJxZrzhDW8kYwY/nKggBJqvIsMSOiOpcWGi8TxfIsYWkYBFY7pZxQEyPcUsjSS4iYQoZczbIuSsMzzSJq8OXqnKXSbLDRHtnuxqnotHQMrbaziyYQY51QzSUdQdRo6YVXIrhl8zgyS0WohEld3PBVAJh5nDCa10JXPFyeGZocAMvjcS3S+nXK7x679uJeZup2zjPk58tohmrLEfH0J9xpIgCODmCEZWisfyy1GK8lNFJCmSgSgsJaGdTE8U6RDOmi+Z4piNSJk0UbefpV8kNuZiBV4xnxc6aMVxxGxlsENTaydNEqlYxeZV7DoBy46WMul0+YTqkArClrHi6wwo8Og9gdsJRoq6SO0UXVuYeLXlajJOLNecIa3kjGDH85UEAJNV5FhiR0R1Liw0XieL5FjC0jAIrHdLOKAmR7ilkaSXETCFDLmbZFyVhmeaRF3Tl6pyl0nGGgbcLf3TjQNoIj32+n1lwoiOc4aINUqt4rS663YaIYAiKIbTYTOSXG+nRimYmifhQZAbiiAmZHiGB8QvmfJ4j8S025NtEeQLNzlNRNj2dLi6ywMTjrZuKa7mLIbfTsjeCf4XU43ktuM1+lkTFQFBTxFvNueCQz45ckIcxNGAAhKJ9TWijbw9Jm5HZxl4gVeyFxsxXCkGa3Ntwl8VRJjx0vtJ7/WXqjlDVxihdxAL6NL5hNPYA4CFLvbI0Haykkpp4r8ea1nomoXLJwtciMTJ5RmP2VtpE7TjY1RQwA0+8oxpJ5trtlMzdYBS5UuvKbaaa/IIJU8sYnDQ1y7MDuZAwZyH3rNqtOE1RMf/Mu7Mk1RIrFHVESEd9VIGdOK/kq47fzg7G/q5ENbeol/kqjL83zM/VxNrEL04r+Srjt/ODsb+rkQ1t6iX+SqMvzfMz9XE2qU6g2k3V1O0mZ5J97X7ARnBTcVRjJZBEfbjLEFh0GiWAQh0m0GuX77dDvOkQhwRzpNsoysaJgCYDmQggcrZ1BGJukCcPM1PVBj5l7usZOcroGBLtr5T2LMkHt5fHNCYglAEZ6TXHEfsxSGODiBFyQZNfGzOGRy5ctiKOYADEpo4PYYZvLjtpvBzIbgoRCaTrW2Zc+uOmMdSGSCcLHgqPY6TkZ1EVJAaCtiaQc10k3XwzCKSsWTgrkXcC/3lgFk6nKIpkNSW2Go2v27cGPPXbZGO0SQo0eqUZTxyR8oVsrttQzLiA"
20:09:00.082 [Test worker] DEBUG org.apache.http.wire - http-outgoing-0 >> "pzsZKzmXGONR4t8bPE6gOJKuCdTzYWH4RS2Y5YZ+fue00H5W+e0OW7A7BxBq1Cr/2Hnd34seHYvQsXK+XjihOZ1YoiJmdJp+B7FCZaM4nMq45Gz5QKwCKiqJm9hrC9x7jgIJh1bphvbqjyFRSqTbp7LZSY4zRHoqx2sOEu034yTCY80VKQlxSQjzdkhrM50FhwUdzISiEYFRcSJwoplxSRoxj3TtKrOXLXZjam9Hr2711jNWfizH8U65l2u0DMlPVZkF2l0Is/WwKQSzboXhRlE0npII1k1DT+yEnoKIVT0JGKEUdNIES9Y3AmY+Y1vih6qmc8E2IOT7jK0w39g4Ls44Jfy3tiE20jz2gpHcrYFxF55HhJAkVaBCxyEKt1tNq41scRQRzjK/PmMOnlOXWyR8usE3NWu2G3Ou2jsJOPYvaaSCkVQ401BupS27TKA7XYMEputcIt1BIEGwxEB0O9bNnVRQL4ZgIiAoiEiWBxXP4lUhOUDxXqJk8l2ksjaXuDkKZs1eGNP2smOxYXpe+TiWk/vBNYy8ZbDpM+IKqwyMoGvBa4UMEe4k2UYHO9z75TgjZPPAxlSNzlHBNzt/8Aji4uku1lVjtHN/cj21KXlbuyZeO4KbzpIRIguIIG/bjIj5dSc+GeqEBc8P8AtDibB62GGVix0tXppN/QwNgfzZ7Zft5cVAXq4dJe4U8yISp88JbDShgsBw1cxqnueWSLlxLdnAxkqmNeAk/Atlj/AArGBDOIPa/h7fsfhqznVfdjU3d1mnX9qfP0bzo2kkwXKLwrHXgjSw1zhwMUUkSdzWO4EnU0Tp4EEYciUcyKlGThcIQcqEKDhlnaLvCvcHHiJ46sjFwsS+OnkKXHyGvjYGwNmOm3FuLfP+BYK2HbXEvn/Bth2e2/B2aoa19vCw/SxniLx7XaVogC0hXbb15wv4M+ScaW7qKvjex27Wxsz8nFdeygq674Ovc7k+wXhmo5XcNnZaze0LwhLZxvG3EPKPGDQNlNKUoBSlKAUpSgFKUoBSlKAV8BBAwg8xRc8AggsMhBBBMscAww8Mb5Z5555Xtjhhhja+WWWV7Y442ve97WtXzrp7YKFG1shCEqQG9Fp4N9nTCx3BHjtVGCu2bLvDbDpICpLgKoi/3oeySx1NJMnEwc0GVEFxJnDGINwxcsBcAKxHP0hjhoZ8iHowWt647zcSYvWbJ9ZQ2bL7qjIotXzED71GmhrR0sw9iFbIIW+R/x68H4YBiCZmsQ8Ms7W3Jz/YiuxSkoJT0aalGig1gnyRkIi4kg0yDjKHSrLgLvLOsA5mhDNgVFvZXwXgz+SXkl3sfsauV/jaqL2hY3HdxN8P0oQs/W81ETU5kQk8Y3TmC7sURUcc2vR2oKvgQQLg5kiNnrLUjuUXNSMq4BAAYmesbdRkREQm+ZPpUUeEDSdflno+EJalbopz+JNCcWbIxo60AXIvst6EIOkKVnA92SgXW0swUXElKdbYNE1rFNwMY2EZrqDbxwAIkKYTQREeLtPSyTq7rZiWSX0hrhlWZFAi8lvdG+K+aX82wXXz7RlxJikdZwzwwyACnJWjwlCuZX+MDExVMX/dKzAzxM4nci+Vhb3FH1tITEQ45DqgVBQU9KMLZtV7pYUkEkFCmZ8wod2B7piIVDJh5me6BdvbMK3bYdta9uzlQ5kZj0DgfQNzcFmubCxljaV2xbHEL626hMFkK7lcraWFHJAUmXLTwdpxIBaiIpIwOOMiqrxW3Ji6nCvjGFpQ7pifX1ojYpLBGQ9C+j6PhsSq4AlGX9cuLlTjtwLQKldQK3lZv675MVOKElm+VhFMkSewhBIT1Xs2MKRUuAd7Sw5jtLEmib6oltHfPdSaPJVmiWfeOX68C6T7wbjh4igbrnBgs+z2ogWrm5QgeXa5Xxy7XPDXq+N+xla+N+xe/Yyte1/wANr1caS2FhU3AaLtEbkRAbUALsYIEzFZPfghqOm+QjNzN0i60d1OTF+Fm4pNAsMgqRI6bIusiiqyUIN3irECKiEMUDy2cXnNhojpHxs6GxPJbQ22bEWtyHY5aj02tvqlKvzTkGXHeH4wP5r5S3mlAWXjTekBwL7fU1FpoDgSjainHTCSoKaf3I8N2V0rd9lnRxf64q7edQivrLLe6eswk4O9iqmakiOLXdca0gvBPVw1ZFEHLKDSU18gx19JVCgo5cysF2qOQEEzMF8snzLj7T2m4gjO7K0tXaXtPZY5G/SCuHSWJHRoqZm8bAydriWvF1AMOply/HjIW1u5oMiGnJMoyFHTWjFRHHOCglityjvFDNjDl8C2YtzAPbzU5CP5g+8H6IOyv7GHrUKOXmDdSnBwt7bMlfbsVIMDxxqO9XbBwqaRbxVmMV0sphHFWAlWNxSQdiJIwI7wWqktcNtihDuQFZs3CQhoFwCFzUZ9JZyeGxvRjSMqP5UNrjuOcb2zDIWVtQGGNKS0LELJl2ICquqnDGWZg8rKZFilTyooGBBDCgoDmTo4ggo+eeQZuvSFd3Ql/5g+1/6Xw/7GIvrZ9WMHoS/wDMH2v/AEvh/wBjEX1s+oBSlKAUpSgFKUoBSlKAUpSgFKUoBSlKAUpSgFKUoBSlKAUpSgFKUoBSlKAUpSgFKUoBSlKAUpSgFKUoBSlKAUpSgFKUoBSlKAUpSgFKUoBSlKAUpSgFKUoBSlKAUpSgFZQ+mR/ij27+l9DX6lS9WrysofTI/wAUe3f0voa/UqXqAn/0b78SXoP+b5//ALbpPq72qQujffiS9B/zfP8A/bdJ9Xe0ApSlAKwB8+n9Ka4V/wDhyf8AUUmSt/lYA+fT+lNcK/8Aw5P+opMlAb/KUpQClKUApSlAZdOlv/iz4j/Tv10/8klCtMb4cobMZbveAqC4HSE1GuvuURsNNOBV3U4w0JJNqmaC2UkwaIl1RwK+JW6ejJw50mCdUTBYsKaL4C5DYdCbcaXa072RmkQ7tVG3ypxyhPxuSalN3xxfzI71e7SAVCzfW/C8cupoLo/g8FaU8PBplTGSDffPbHSBnMEvkFKOgK2+OfcvRPbHTq+xGpKWy4k19BWJE8fGarNmPomGjFebakoBPQWV2m2FM212geUksmA8zB5SUhLKTQWEdwHzOIJzLAGkTox8gxpFGsm/8oHXi2Ip00kXlGlZM1PUnwrkmQz1BGdArSa7WT2iO4TCcRuXcFxWY0kUkTvjY24khRSQMM1EmcBCtmmjgW4j9gJPc0xSdpgyzr9eyr4depxovmYYtbz0Wsjt1MdXeDDiyRWYwnSpnlPIRTUzy82VAyqqQ5k+pCmjZowMLNp06U6jvbXApqC6dcogV9Yk5HJoaTB4zIRAY9RSScOIcThkFDKlQAUJXT1EYZWIuBIyJL5NaGGWi6kGqiiHMhI6tLTf4bkoY6WbLjXJcYuOrqWeLr07bczpB8fw1FyOYAPPZ4G0GRER6Hz6O3gc8lI4lgGUBJbgiiEB3pg4HS3ErIextWKgi9y8x26OwnF1x66fsaAVdmMuYpdlDX7TLCdX2kFnCwoNCOsBSDX5NNJqliMhqZ9OxZ2eSSWcRQ8h4J91hYPJ6hZJDIGpj61cH/FbqLLCTOUDagM5tyw3exk1no6nnK8tqLNGwwzCANsgvMD+fiayj5QEUUAiotUkkHiAAwwBIwAEMLhnO3YbW6CNsoqcMIbIRY0Jiip03KiLLMeibZQThDZAXu6cqkBw8wFFFXEwf+PSl5FOp6ymDXuKQPlxMr5XLTw8Psqtpzi6mZzmV494hgTiO24lXYTbzazZicSsTgFmtIOxe2slojFWpJWFxFsXTWHrozHoyNfAMVYzkbzbLM+T10KJcqEAFgfVzpQRTGh9yT3tfhx6Lxe17Xt8tvFHbs2v2fw21bKWvb8H/vte17Xt/wC69r2v+G1aC0HgJ4jUBAcDYx0+R3IjOFmLrA7jIctz/KRtrNVyJ+aUsEYzVZKld1q0RHDCaJmSAXYsPM5fTi+Vw01TKWvUk3xxkaRSTCesOuz4hgy4Yd01dUevXWxpG5TmYIWNnJFKUZQo9OYOYpIZZ3O0s2Ec2Mmkkh9LznRhidgADqeawKFbAsysIjOkS0EjvyscOfz8TXyEfmDUv/yOJvdiosofIQ0+Mjo6eku0i8jBO91puimnLGhqO8xhwcpImZ5wazCTJal8yvYN+DQsi6i6HNcjfwiG0G24BkvAdSDKFxryJ/gOJto4akLX6dWp48xFKqAK1360fDrlbPh5CGMFzYhHw8zllvudL7YwVLid8oy0nHLdz7TExbDPPHKJk+8UGgm0GtcFagTlBA731y1pJtAjCsbYy1ODXLM4uwmQNHDR7q42bJTeeLpHRGUZNIZc28nC4TYoZo0dNjmFIyMcEAg3xf8AEstMF8h8kPI2v57H8oMxJJRwLDjdYQBxl6pI6yUzMEYbgxr3sIjNk20U0+I3VdzpgXblc/CqIzRU9EPryi77At6eR3XHjpKQSt7NDPZvMyfZeR4VQ5ERW4VU2ExXUt9xGKKEpOI4sJQDPbWCZZVWx1TuaiLijtxxHAiQ3g3IMSvbquPBR5jP2mdw/wB4KrZXFptq88dYm7pm9YWZr61kacesmLW9Ej6LnHqhprLjhFTG+xSOCi6Tqs4h1ZrJqMl2SHWaWR3aWPkgViy5dYtkfyZmehkP1FM03Skog1MifTdkblRIix7D+/qLsFEq7qzMUMkUJoTXJLpWHOWOuYoXV2eXKrkjpoLXNKjywMKNloIgsk0wcqaAyXjJZY1hR6cdKiwGOoPkiEmPY+z2yceCaBjbABPdJpFJDuAiDhjmJjgEUVszZcPGwmdscA7Wtnla3bXq81/4HeJTWCU27NUOaZMtJkpnHC6kzXC8nvL0uAs1UJGbnU5VZ6BL8hvttNVWST1+/kZUQEdOPox3AM2lmChkIMXC3OmtO/r2s6DWnf17WdBSlKAUpSgFKUoBSlKAUpSgFKUoBSlKAUpSgFKUoBSlKAUpSgFKUoBSlKAUpSgFKUoBSlKAUpSgFKUoBSlKAUpSgFKUoBSlKAUpSgFKUoBSlKAUpSgFKUoBSlKAUpSgFKUoBSlKAyVc2PhjQvl24veZpwoS2r6zsVAXtOtoXEiJZ9WDiprPkSTCDUfDhKJpc0dySP8A4uDvWCwhUATM2rsIg2cL5q7mb5BR1FtCZoikCNCEzseUI/dsRKiHk5SEnt53oCswTLfwAuZFWcHaSPjIVk0uBbIQybzPYglccM++Mgr4Z2x5M8Ga0JDay8x3+1W4+GU6ks2iOhoO9DTHK13Ginw7gnkheQFkqdSldMOA5ZBGiCgUMFTAd74ChZ43vaqaVfo4nCutOA44zOjTVJjn1IJWOIKDLGwbXYRg8BnYQHPOM21LaTHXcAssbWDJYtaxLEO3crF7BXvhdkvl/jqLzx8/mtI1fwS8Ezlj6Sim7jwAP436c8XOvDjhMrOCViIbjuVZ2fqNJiGpJTHXbB2KOEMqWmVwDgn0wU0lDJUZkHMVNiJLyapxZ+gwIUhqeOlwb9tCcYkjKZWmncbLCcie15WYTVkRukHETPaYphReJIjvSlhNKrRVNWFZPLqgBYM8ARVFEoEPiXPGQxdXENQjD2u0eIMSwRGLGiCM2wEIEhMaO2yktNtJ1x8+6mzIaWjlSpcVQUB75GlNTMYDKKodEFOqBoybGFGz6hbWj+rrP3AkLfduRh4O2ylSLyUMP2V/HWQzfh6NU4djmSbb8RTztNRql9xGjdl5+GEZnJy+J4G7UVUzwUVXE8By6KdTNV4HcR13wdrRr9DTsUUUw21B0RTDUcx24j7dOHk5TNoJ1baDbR1I0imlJHSVAwljmRCI55LTjYoGRgiWECzI8jkcR5LnSoOIGPZWYTLk5guDUHYPw8x5CayG9Get+CY23FW0vwu2nIRUkVS8GrSanK6f36SG7zVCBJQL9zNlQBg9d9RQe+j+rsjbaQ1vO8ow8M7Ta+s9ysKIZR8dZDT/ABRabvSHqguJK8SUp2kY6XvCKVIbxK9/OdorSkU8Md3InCxlPSxiQH6se6U6axG8EiQop1J1kjF/N/wh4BfEewNFbLeCJ4WSzqIqeCHK22omrSb4SRVJRSFDvI6D34lnzqeY7oUNDgiSapSgFKUoBSlKAUpSgFKUoBSlKAV50PDv/S4eQb88XJL+2pWr0Xq86Hh3/pcPIN+eLkl/bUrVFl5/ntCLLz/PaGnXpJekskbz8V0rMmGkRRdctw28GbsUwmcjgimFp3Go5wWk11IKEWL45mzziGjx1vI420kiCOoLrgJJiEQByNqQN7So4vuSfX3lF1RZEgMt6tsxKYzFTEXYmFrLBUhIMXyJimBpD4SllsBmCzgIts6u4qQrOdQZMqnLyKMUNEhy6gEeT0+0GqrNjuEXit2vkRQlya9N4+U5PWTY6gvP1guCRoRdTjVDV8rmlhzLMHvSOjrkWjfbXsbWl0VQVDWNscDBsTHHG1r8r6tm5Uh5V19NiGWnnR46OO/j4VePUPTJIPxxsU/99YQQHKzfnPTZJb4WInGssGzxm0cSPLbzMAIOTtBaJUZxkm8BfE8bTknwljird6G7aN2v6Ufwv/oubg/sg2Dq23VPiU44NJXH4660ajxYwH/j3fveSlQBekmUCNjeGYR3FMkyVFt7PxKwPhiZYKGCa4SuChhe2JzEe2ONrd6PbTLWuRtpIX3SeUb+Gdl9ems8GXD8leOD9T/FBsv5HcKC7U3xOSnSRYC/4WSXUvFO/HQ1VtQId/8Ad0w0TMlSQxdmZ+MzPzGFu/sav8P0487WljMAUSo3JJHjC2c0UbySEMAYNyztY6AtethSDPAL2uUCcxRdcrlc7bIFO4jF0eICXcAexkAABJLlT1SSNHdIejp6opAZSwkL8kGnjbcpoj2veixIRwuvOCTnGX7S2ONg3NIqw6HBjb+FfGyn2t8xL2vnlp52H479NNrpu172N2BhBJkWZ9V18s54KeptzvxDFZiyScaI7iBg4htZ1IbaepZNcreSllMTH8jOhLTToZvMiTL4qirid5jsxpjrXuHeG77GxveRL6/y82Z5iP8A9sX80bNKV2d3a7bdd7MR0tiy/dN74G7CG57LTcN9vex5HM2tbsPlUhpBG+1veFebas/hESftW3X1mH5w9fIo2p54+FbX+cW8edcVSTH+waY8G+mul2Mo8pE0xIcbhJBl3QxltuOtIyCVkhPM5DI62QGGwByKjCCFBzAAtszL6OfwxshypruL6Stt4LqUJgIVzlyVZ7mtGzuHnYTAM405clR6tE+X7Nsccyh1BHKjY42xGBE7OXZsHk/SLWCZdkoG27kmMfGTYfWQm5U+EJC8dJCR/Eko7yZ1PcQPimguxLY7k8IFFE4D3R3NpfFKd27oRzLChhZ4SsoQ/LQ0NFbKMktxto6W328gJpFGQkFDTyiSjIqOmFgiSalJKWQBLkU5NTyYIJQiRJgAlShYIIAAIMIPHC36lKUApSlAKUpQClKUApSlAKUpQGUrZxwJGkfSg9WdjpWUCjPg/e/SVx6tpclOAyEltVLmdounw2XaimrGe5EiQqtkgxGkpmZkxjcdVfJUPOwRUsMYw/S6VO+iMpava38bsbKBFxbN7x7XQ012THSeLgecBNkIKueNq8hKqaWuKaTmumOvNqJgyocDLExADKydCMZFG6tiE9Dmzupmt258XHYY2khxlTXGp08XVbNt5p2Zi6WslAjBcqvNtZJDEnA1HEWKmzhMu4GyqpK0CSPHiYR7EqdNAjRY1G4d+NbRR+jypq/qoz2BJwieZSi0hrjnkeV3ujJpwrYgcIth0zC9H8ttMscTrXTDgTYOpOJpMzFTTFhCIwpfNDFyFmHMljRvqn3TK1TTa0K6UnIXyoqBZmxlyRaKxq1IOeK8ZATm+tS3CRCKo8KR+ItmcCaVg5B2/DijgEl5D2OmVR1sROKA5GXUklRv0ekmuNF2Zkfi04uI6USjjnSc98osmd0tVFHDUlljQrGiE8EJzPZ2p5WxkyhoFk58rToKnDpbG59Jjx1mSIZkJIO420I7aaSao72R2XivbaDWTN7JT1DNXRiLpLniqs2lYUvkUHVWk7UA8ju5oKZkplkTNKDYXUk2aKXuVMDCgfxddLaecT/HnoO5lx8ao6xtCNH64yAqSrSGor79k2RREcfIvkaRSb/lt2Pt4pSKdzJk81BISVskmn"
20:09:00.082 [Test worker] DEBUG org.apache.http.wire - http-outgoing-0 >> "8yRLM6VHyKFrhPzT3r6H5BeddpdlLRBwoulPSrJZXZgUSbOYPJ5pQxEuG3ktmAk1uLczRIHF7IxYHho5YumhuEwixGqYAJQhrI+ZUnWw04sGIadSSWG+HSTXGi7MyPxacXEdKJRxzpOe+UWTO6WqijhqSyxoVjRCeCE5ns7U8rYyZQ0Cyc+Vp0FTh0tjc+kx46zJEMyEkHcbaEdtNJNUd7I7LxXttBrJm9kp6hmroxF0lzxVWbSsKXyKDqrSdqAeR3c0FMyUyyJmlBsLqSbNFL3KmBhQP4uultPOJ/jz0Hcy4+NUdY2hGj9cZAVJVpDUV9+ybIoiOPkXyNIpN/y27H28UpFO5kyeagkJK2STT+ZIlmdKj5FC1wn5p719D8gvOu0uyljT5wJGlvSXeS+DpWUCjNTeReKIOn/W9ccJkJMISQtsRLzS3GzkAwZ7iAdcmLhXpYDIpYAgpg0UYpzO3/AGo0VLDOblxo213KbwncfMXnyjvkSP8AbBN3GnxHRBgj5mMImic02XGUNuzMviYCQTDsbKLIOaSAq9wFuKUQcsy4mDkQ7Hr8tw+P/Tbf1pIbL2+gFlzWjtY4aPtQ6tZLaC7mkZP4l8VHJpP9mKzbfbXCVLEyV1YugOROLKuRBPzUAjORAnkBxLTbjF0O4/hnOf1F1vZ0SOB5l7EnU9PCbvfkhrqbY3ifukKEjya5Hm/BkTM+GCfFRPGKySMeLFTgxPMyVLChAkKxRY0b6e5k16cV/JVx2/nB2N/VyIa29RL/ACVRl+b5mfq4m1iF6cV/JVx2/nB2N/VyIa29RL/JVGX5vmZ+ribQGSLhElpocR24+9nDrtsuJkMZPfZNwbN6VSA/jpZtsmcmDIyekNIslIDsV8yaHdxmWyyWHmlIICgZudd5eRGgDni5m3mQUrleSnjN4ydjLOvbPdltAk3IyYozawMmL2zcywczkZvtrFyryAXUCzSlxhMOwgCquKY/hFRIZnz2A4ZY2bMlixUEGcu1Okupm7zNJsHbGAI2nRtpQxkyhBvdBCMrTXNHcAgjpxoOsjmRdbPOngQQgTpxsLaSZOABYAGRRQsbYWr5ZXR2OGNhuFKcqZo4z3CdRBMBEpMk6TJ3mVoE7YZY5WBwYUuym92PmUvfDDHMiK3hCYgeOIYgGQdrY0/EvCa17mEl4REhb1yq6zUzV6XnltT6GzucorpxVUDJw/OGZc8rmDZsc0UClRgFccwTRzMQQcsEYAMF8csM8gsBgRgbXtmGJjjMrdZvqUDcV3R9eWFmp5oVy8bjC0OWpOFTAc+/1LV+d4SiSNZlRMhCv/ajGSkaEaaATCzwGBJE3Q4DOOGOIxkMzq1mDVqAJ315dOqElxmiqWvDyahRjLsWNs0sR2gXaJAySNEUBHHjlSaiu2U8mMnEu9QmypJGRcIDEuFlgXyzCy/NX9RNdXTqlbSBxRsUV9XcYZRNfsYtOuB2ig4RK22yns9AbODu8P2fuBtIQUpNAIOvF02eJY8RLLYbgsuBYqNgzOzPbxUWK7obK80nLoKKGtMyUHE59LdTV/C98iRrXrXZnlyy+6m1nlje4jZlRcIsNy2zCywwxcKG4MRccjFxbA15aTf0MDYH82e2X7eXFWyLXjUjXjVDXlvap6+xuUjmA2qlulHQ2ESX3at96knqsrbgdPd3Q6F9ceakcWFhxLJ4wpqbiOKYYhzuZY2CCXKhgdQsnjR0ljnS9wcerNhXwPp+6Ux2I69EPyjy0od/pr5XjLndJbx+VX4elAr4UXDZg93Ym9S45LuneycKUJ4YF8QzMnEoZ4tuAHif2E449KJombWlwPt+yprdFL5fRs9shtKlISy519sJ6kqn7M5uTUjNFPLmDYoueKQmohRGL4CXBLp4QVsMMdGurml2qWk7MOMDVGA41gprqg5U2ulmG3SyeqOc6RCFAJH3e5R7mnM71AkAMMXJn3MsKxwqXFEAAHDCzywv2bCcMRrrrEccQTDjb8T4qiVnobCj5reGF9weL7TbhIJORUrw46VRbcar3mTBCB7+W1hSUjHa90NnBxcss79oUApSlAKUpQClKUApSlAKUpQCuqZ1miP9cYYlSfJWV7oUbQ2wHVJL3VcA7DmCrbZ6McW1OxEpcQPI+qGC5PMqlJoWdjCkpDlSBa2RgyHjftaukNkdcYa24hJ/a6bBtEZ+Q3J6enpT6aADoeDMzXU5LXEtxkyeTkYLgaztTgbK6MnDmcUleIXPFwhU49cymmzhQwBm1499NnlzMPxl8wvJ8QzcsbKKsrLfHjocoDXPwtDMTFFjMs3ZVklBHwwIyPIr4ESw1zERZJCI6wQCS3EqFjyKZZLNjvQvuXtpGeiutkk7TTAjP1ZjCJiSKoO8tGbYwdzqJpay4khsBKRVByUUnAZNTTyyTMrRvI6CAkJAZxVN5hkSRkUOqPquPBR5jP2mdw/3gqtL1l0X1R0917Map6+w8kNHXo6O7x1KLnAuu+UUFXxf1xbPIktGJYcL4V1pJcIYwxdRRVVSOJAhQYYngSwKC5g5My4ti8zX8KsuU9qcYu9HEhOW5kkIsJORmODVdzSvCexpxLaRCT2u+Q2GdVIoItd+FscnQQfhd7BIrQMxwCrjDqq9ibjtaRT3djqTnwDRvdS8MdHL10275EGDJk9NxvwcT+VlDKslFlV6u6KhZbV2HFbucbafS0jkHalm44yjxyuJfXFIfIZIMDvBVGMAYHj+MkynR1OFsk+QpBC0Pj4RXBXLuINvnH1NCjGFlXK+F8hLwuoSWZiDMnngHgBmlZsbJKzK42KZErlrdyq4oy0GmdaZhhHGu3TbGNt4VommWZRE0dpmWmOm5IwzYMNwUtmjjN4ZIyyShUUQnkmiJuWRHMtcre4VwyXzrbTeJUrvxNmlzz4Q9j5WCWI1tqPIejj3wi4AgG3ExrGAXJGB9Ph5mMxHJZWSEl4kXhm2W+0G2lYAnmy9U8inlQiB9H/7LXBp49ICgHovWtSjyoRs8JJ10VIYKpEnNQFkrz1UgYxkWaHMdgNSMEUk0nLTeIpzXVosyaztIqSSbaqlm1lJJVE04AQOA2IpfR6+GtHf5WRyei0eCLBJwCOkm21J5S+tROUWxc8BBDJeDViRT8LAl87hhh3TA2Bil9wDwLWJWL4YhWtvdLEZL4Za5HDzaDZdceuZvnGm4mM4kJMWWiutdQJZpp5uKzdUCphIUEM4niZkTKWaKCkhimVy+YFwr9rTZdfiEtXguuw2WSot9UV0krwekJs5jp3248eK3THipljaVA2E2MnyGBoHcuGhkLTDtw8JU1oR5fltmKTag9fhaGxDCeiOBWaSo5CzuTgFQJzitpMQVRzmCxQ43slZOtD1h11dWqXRtbQY+ksygvZs8ac/OF4t86CIXUG46pOi2TJUcLbUy4trZgKreV3qcRlUG/ZxCUSJnDC+WGON79/RLwGcQkISygzbHOkrCT5Aai5k5moM4njLUgNFqOC5sJQBWWvGUhSC6YzbiiRUACyglG0VoERUg+VKHUvImaKFxQphchH8wfeD9EHZX9jD1pVWdmk2ifL/AOjbdtk2TVJxtvNVMv8A0Jf+YPtf+l8P+xiL62fVjB6Ev/MH2v8A0vh/2MRfWz6gFKUoBSlKAUpSgFKUoBSlKAUpSgFKUoBSlKAUpSgFKUoBSlKAUpSgFKUoBSlKAUpSgFKUoBSlKAUpSgFKUoBSlKAUpSgFKUoBSlKAUpSgFKUoBSlKAUpSgFKUoBSlKAVlD6ZH+KPbv6X0NfqVL1avKyh9Mj/FHt39L6Gv1Kl6gJ/9G+/El6D/AJvn/wDtuk+rvapC6N9+JL0H/N8//wBt0n1d7QClKUArzmulITOnayc//G1s4uIhl0IGvsLaezOrtdJU00muuFOibdTYGQVFETrGxMrkzKuSQhU8kpmy100I4Yw7qJl3MQO3oy15+fSC0hKcHSheGpBXkxPW0NbT+PFIWUZXJFlJKV0pS5C5oJqKYppxwIYmfTz5MYYqdJGgRSxosKKAOEIEJnhcCRnXetXfMcnz1jx5/k6dd61d8xyfPWPHn+TrX780nVTzZdfPUxHHu3T5pOqnmy6+epiOPdupHFtS+SkcW1L5LIF13rV3zHJ89Y8ef5OnXetXfMcnz1jx5/k61+/NJ1U82XXz1MRx7t0+aTqp5suvnqYjj3bpHFtS+SRxbUvksgXXetXfMcnz1jx5/k6dd61d8xyfPWPHn+TrX780nVTzZdfPUxHHu3T5pOqnmy6+epiOPdukcW1L5JHFtS+SyBdd61d8xyfPWPHn+Tp13rV3zHJ89Y8ef5OtU0usLji1+QSDpnll6Swk2FVVLIKW45dbkExsgqS4dyxwJoxBXeRNFTziqbzyxwLJxcwIcHyyxxCBzve1q7X+aTqp5suvnqYjj3bpHFtS+SRxbUvksgXXetXfMcnz1jx5/k6dd61d8xyfPWPHn+TrTRLyzxI6+OdNZM9qvHPCDzWQC5pHaMvHtZ41c6qWNiXBKGE1AeYqKqngDQ1rhFxipQUMYS18A8ssvwVIZK1e1AXUxOW0TXfW1ZRlckVUklXSokjBRTFNOPA4GSSgnHyjfGKnSRwuIGYKmiwooBgETAUITMPPHK6OLal8kji2pfJZEeu9au+Y5PnrHjz/ACdOu9au+Y5PnrHjz/J1q3leKuPiB2OqSbOMb6bQzGyGMmllqQZXZ8JR2x0cwsKBZISAFR2O9OR0FPGVVU6TTE0I2fBzPKBssSK4imRwgs+bJGsGnzgSkxeQdeNbFtDW08kroyykRLF6klK6UpFgjicppiiTb4xM+nnyYwJokdKjCljRYUIcAUQITDO6OLal8kji2pfJZEuu9au+Y5PnrHjz/J0671q75jk+esePP8nWv35pOqnmy6+epiOPdunzSdVPNl189TEce7dI4tqXySOLal8lkC671q75jk+esePP8nTrvWrvmOT56x48/wAnWv35pOqnmy6+epiOPduv8TOqWpZMuYOHNbNdipQqCKZNGjMOxqAXLFwMMhRzBgcVu4BAgghY5CCiiZYhh4Y5Z55Wxte9kcW1L5JHPFL5LIR13rV3zHJ89Y8ef5OnXetXfMcnz1jx5/k60rR68uHqXH5lFkUurjVk6TsRjBfKOY9XNXno/MTBS2dzQGTQbZpScFhi1g87mArp1swbYZ90xx7W/Ykos6x6dtxIU3A4de9aUFBRSBpUWVtZieLktISUwiDmZOqKmpHkAAmQIEy4Yhg0cNDBFy4IeYowmAeOWVkc8UouSRzxSi5LIr13rV3zHJ89Y8ef5Ovjn03vWC2GVw9Gp6yztjlfDHOSo9wwyz7F+1xyzxICXwxvfsWyysHnfG173thle3a30zxCvcRuwTnPMmBFnjjm95pgBgypNGIVHWaSnOnlil74mzB5AZgy0qlACuVr2MCmCgYYN7XsJlje16ktnqNqiJhkGJrHr1nhnjlhnhnC0b5YZ4ZWvjljljk2r2yxyte9ssb2va9r3te3YvSOLal8kjvylKXyWQTrvWrvmOT56x48/wAnTrvWrvmOT56x48/yda/fmk6qebLr56mI4926fNJ1U82XXz1MRx7t0ji2pfJI4tqXyWQLrvWrvmOT56x48/ydOu9au+Y5PnrHjz/J1r9+aTqp5suvnqYjj3bp80nVTzZdfPUxHHu3SOLal8kji2pfJZAuu9au+Y5PnrHjz/J0671q75jk+esePP8AJ1r9+aTqp5suvnqYjj3bp80nVTzZdfPUxHHu3SOLal8kji2pfJZAuu9au+Y5PnrHjz/J0671q75jk+esePP8nWv35pOqnmy6+epiOPdunzSdVPNl189TEce7dI4tqXySOLal8lkC671q75jk+esePP8AJ0671q75jk+esePP8nWv35pOqnmy6+epiOPdunzSdVPNl189TEce7dI4tqXySOLal8lkC671q75jk+esePP8nTrvWrvmOT56x48/yda/fmk6qebLr56mI4926fNJ1U82XXz1MRx7t0ji2pfJI4tqXyWQLrvWrvmOT56x48/ydOu9au+Y5PnrHjz/ACda/fmk6qebLr56mI4926fNJ1U82XXz1MRx7t0ji2pfJI4tqXyWQLrvWrvmOT56x48/ydOu9au+Y5PnrHjz/J1r9+aTqp5suvnqYjj3bp80nVTzZdfPUxHHu3SOLal8kji2pfJZAuu9au+Y5PnrHjz/ACdOu9au+Y5PnrHjz/J1r9+aTqp5suvnqYjj3bp80nVTzZdfPUxHHu3SOLal8kji2pfJZAuu9au+Y5PnrHjz/J0671q75jk+esePP8nWv35pOqnmy6+epiOPdunzSdVPNl189TEce7dI4tqXySOLal8lkAx6b3rBe1+30anrG/bZ2tbGSo9ztfC2eVg8r3uQwvbLLDtcs8e1vbDO+WGOYlsbCZfLrvWrvmOT56x48/yda+8dRtUcLXxw1j16wtfLPO9sYWjfG18xM8hBMr2s2rWvlnnllnnl/tyzyyyyve973r5fNJ1U82XXz1MRx7t0ji2pfJI4tqXyWQLrvWrvmOT56x48/wAnTrvWrvmOT56x48/yda/fmk6qebLr56mI4926fNJ1U82XXz1MRx7t0ji2pfJI4tqXyWQLrvWrvmOT56x48/ydOu9au+Y5PnrHjz/J1r9+aTqp5suvnqYjj3bp80nVTzZdfPUxHHu3SOLal8kji2pfJZAuu9au+Y5PnrHjz/J0671q75jk+esePP8AJ1r9+aTqp5suvnqYjj3bp80nVTzZdfPUxHHu3SOLal8kji2pfJZAuu9au+Y5PnrHjz/J0671q75jk+esePP8nWv35pOqnmy6+epiOPdunzSdVPNl189TEce7dI4tqXySOLal8lkC671q75jk+esePP8AJ19sl023WNQGzAL6OzvYQMofO5XGkqP8MO4JpEyombWvgni5XFyLFRcQML42wzHuHgIICHlkLhry+aTqp5suvnqYjj3br+X1I1Syt2MtZNe727Nr9i8Lxxe3ZxvbLG/4W3/txytbK1/9tr2te34bUji2pfJI4tqXyWQPrvWrvmOT56x48/ydOu9au+Y5PnrHjz/J1r9+aTqp5suvnqYjj3bp80nVTzZdfPUxHHu3SOLal8kji2pfJZAuu9au+Y5PnrHjz/J0671q75jk+esePP8AJ1r9+aTqp5suvnqYjj3bp80nVTzZdfPUxHHu3SOLal8kji2pfJZAuu9au+Y5PnrHjz/J0671q75jk+esePP8nWv35pOqnmy6+epiOPdunzSdVPNl189TEce7dI4tqXySOLal8lkC671q75jk+esePP8AJ0671q75jk+esePP8nWtB9QPozFzSXH9JkM6nx2xGwSzUnK9X1HcQNFpN5ODyxxEPrjjX0dPR0kkHlnhjmaPnC4GOWWNshLXyta/zY8B6Oyc0G5IMbQtqlITBeCSUXmk92PHMQuxoOlDPh2GIrTccqCjKCKtpJ0K9hSiimHTRMyHe2YI2eN7XpHFtS+SRxbUvkslnXetXfMcnz1jx5/k6dd61d8xyfPWPHn+TrSRLUjcM8BvU/Gs6vvjHhaRksqnnlNgS059Vo4eqcSVygaglHD7VeJ5GXSZVTIDAnU8wYIBgnSgoZktmKDnjnfseEELjE2aSFtwa3I2h2wSC2lIFGca3CCdr7K6QgK5kridLpS2pMMFfJJSkYJZYmwSJ8YA0KVyxMBhZBXtnSOLal8kji2pfJZcOu9au+Y5PnrHjz/J0671q75jk+esePP8nWnKaTfE9rappCLsSZ48YDWXAXsbQUmaRtbYsU1srcUQCxlIIPnJCNKRe44QoNhiYQwfdQhA+27fDK1u62prtpU+24jvBjwXq48mi4iQSk33S1IxidxNxcTh+z3FQR1tIRDiYpkhu1y7kaJGhwBOxftBL9i9I4tqXySO/KUpf3WGSLrvWrvmOT56x48/ydOu9au+Y5PnrHjz/J1psmFT4l9eXAltKflDjrg11LYIZhFbMwm9aozcCuXGy7QIdLRnoIiKJ8EXP+AGKULC4Z5fwccr3/BXfqHrLpy5kdLcTb191ocLfWyJVURV1DiiLVZHV0w6DiYJqKWpkEAwSPkTYGeAxU2UHFLmAc8RAhM8MrZXR6+KXxYGXPFL+6o2RS3Te9YO3ytfRqerYdrjfHK0lR7fO+d759"
20:09:00.083 [Test worker] DEBUG org.apache.http.wire - http-outgoing-0 >> "vjlh3ha2OONrB3xysJlfO+Wdr4YWwxyE+XXetXfMcnz1jx5/k61921G1RtnkJbWPXq2eWOOGWdoWje2eWGF88sMcsvFrs3xwuIJfHG9+xjfPO9rWvll2fl80nVTzZdfPUxHHu3SOLal8kji2pfJZAuu9au+Y5PnrHjz/J0671q75jk+esePP8AJ1r9+aTqp5suvnqYjj3bp80nVTzZdfPUxHHu3SOLal8kji2pfJZAuu9au+Y5PnrHjz/J0671q75jk+esePP8nWv35pOqnmy6+epiOPdunzSdVPNl189TEce7dI4tqXySOLal8lkC671q75jk+esePP8AJ0671q75jk+esePP8nWv35pOqnmy6+epiOPduopuJ88ObQkkSGnY8ONBry+CpYo4sVOJwatoskhK+WfcsUoRjKRss58FLIT+LxI5JdjV8/4Fgr5fgpHFtS+SR321SlL4sM13XetXfMcnz1jx5/k6dd61d8xyfPWPHn+TrX5bUvVLK1ssdZte8scrWvjlaGY4va9r27Nr2vZt9i9r2/Da9vwXtUWyzv4fDsofIgTdHGubmnwpZD+SEst6vjyh4buLYGyP4gBGc3X4UuNewVk/wT33cW9g7A9v+CkcW1L5JHr4pRclmn671q75jk+esePP8nTrvWrvmOT56x48/wAnWv35pOqnmy6+epiOPduoqJr34dVmTbQokO/jRVZlyVckLGJE1f1cPSbkt4C9wzR7MIqbFdV1XEa9gck+yV33iL/F3Btn+Ckd+Uo+l/ejwR35SlL+6o2a3rvWrvmOT56x48/ydOu9au+Y5PnrHjz/ACda/L6l6pY2vllrNr3jjja98srwzHFrWta3Zve97tvsWta34b3v+C1qi403dw+v2SLw4xnPxsPSXbHRE28VtNa1fcUkWUQsu0FIXY6OZOOex0PO18RCvgvu+GVu1yDtf8FI77apSl8WCO+2qUpfFhmm671q75jk+esePP8AJ18cem96wXtft9Gp6xv22drWxkqPc7XwtnlYPK97kML2yyw7XLPHtb2wzvlhjmJbGwmWv/5pOqnmy6+epiOPduvjjqNqjha+OGsevWFr5Z53tjC0b42vmJnkIJle1m1a18s88ss88v8Ablnlllle973vSOLal8kji2pfJZBOu9au+Y5PnrHjz/J0671q75jk+esePP8AJ1r9+aVqnb/brLr56mI4926hutTBwnNp3iR845R4tEB+gnLJwzIWntqYlO8JQvnYKxERtHlMBZDOXEvYOxXIlYe+d7Ydp21+xSPXxSi5Iy54pfJZyuu9au+Y5PnrHjz/ACdOu9au+Y5PnrHjz/J1rxTtWtRFcgSVUnXPXBTS1IoXPpyknRDGR0gfImwsBypwkcLN4UuaKGQBMBi5gAQQEYLPAQPPLDK17xUliSOGWBXupRnOb94xYXkdHLpxtXj+WHTqrHT3SiiwRAU0k0pNR4HkdeIl1RNMllBOGMkAgzpEwAbLZClxQxMkd+UpS+SR35SlL5LNz13rV3zHJ89Y8ef5OnXetXfMcnz1jx5/k60NNjYXgrezkbzMZk48TLueDuXElsNRqNiTNPV5yOdyLx8ulITebyElLZtUWlxaVDZVNSUlNKmT6ifMlyZMuMYGDDym2c1V1JTyho+f1v1zIkCJYc4dOnIfjMsUJlCwWQxk0aMjN3AEuWLg4Zijji54BBBYZCCZY4Y3vZHFtS+SRxbUvkshXXetXfMcnz1jx5/k6dd61d8xyfPWPHn+TrR+gSlwuOx8gxi1pF4vnLJRg/ZKLx4gO7VFZfI6pcWwFk0FppygZXxT9xr2BsTwT8jFxb2D7n29+xUvvmk6qebLr56mI4926RxbUvkkd5M8UpS+SyBdd61d8xyfPWPHn+Tp13rV3zHJ89Y8ef5OtfvzSdVPNl189TEce7dPmk6qebLr56mI4926RxbUvkkcW1L5LIF13rV3zHJ89Y8ef5OnXetXfMcnz1jx5/k61+/NJ1U82XXz1MRx7t0+aTqp5suvnqYjj3bpHFtS+SRxbUvksgXXetXfMcnz1jx5/k6dd61d8xyfPWPHn+TrX780nVTzZdfPUxHHu3T5pOqnmy6+epiOPdukcW1L5JHFtS+SyBdd61d8xyfPWPHn+Tp13rV3zHJ89Y8ef5OtfvzSdVPNl189TEce7dPmk6qebLr56mI4926RxbUvkkcW1L5LIF13rV3zHJ89Y8ef5OnXetXfMcnz1jx5/k61+/NJ1U82XXz1MRx7t0+aTqp5suvnqYjj3bpHFtS+SRxbUvksgXXetXfMcnz1jx5/k6zG6R8yUa6qczuyfKE4IZfLrYs5PbaR1pMWo7gQCTtQgNgH4cdyQUUVo6FkjmBW8WNWKKQhYK2BofC+ZW2IeX4PVv8Amk6qebLr56mI49268+niQi6MnF0rHfaPXBHTEXWCky3yJFUpjrLRb6oz0wsizIqFkYunto6njopIBJL4YAJgRYkGGQBwxCK4hYY2xs0junxRNc0Gkd0+KJrmhYz13rV3zHJ89Y8ef5OnXetXfMcnz1jx5/k61+/NJ1U82XXz1MRx7t1HmZxOKXXEyTJ7DZ8e0DHFAHEwQKTPlrhFxk8XzvnbAcmA97oYpkHO4YlsRQcM8Mrh52tle+GXYRxbUvkkc8UvksxHXetXfMcnz1jx5/k6dd61d8xyfPWPHn+TrVdE8bcds9Nmz1gxg6WzOzch7lcXbE7Wg2RWzkZthiLcvZeZ5FYSrj2DzwEuDY33TtMsc+17XK178FmIxxQ67uRtM3YAfjzgx3vMtidZ7VmIXW6MnI6yeR/wVibbSG9ckRUXS2Sn/wB24jpZU0Fc/wD9jtncx/F0ji2pfJI78pSl8lmL671q75jk+esePP8AJ0671q75jk+esePP8nWv35pOqnmy6+epiOPduo6yQa4n4bkprwzLxjjyiuYXuEgjsuKJIG1tY8lO8B0rRttNgZrsVz5JboXwnG4yB9AQRElLN4K60SNpSfcweLDAYI78pSlFySO/KUpRclmM671q75jk+esePP8AJ0671q75jk+esePP8nWm+cD/ABN6yKaEi7JHeO7XxYdJE0qNlJnAzrXE6m40wiYwKHlFCIPzNANK5EmaFDLGjaeEYLlzAmAIwmAmeON+CsGYOE6V3EQaEWylxZyS7FQcMqmNdgvfUx4uJRNDZ4hgliCI3VNRUjY4omeGAYJcsIJnnljjjjfLK1ro4tqXySOLal8lnK671q75jk+esePP8nTrvWrvmOT56x48/wAnWv35pOqnmy6+epiOPdunzSdVPNl189TEce7dI4tqXySOLal8lkC671q75jk+esePP8nTrvWrvmOT56x48/yda/fmk6qebLr56mI4926fNJ1U82XXz1MRx7t0ji2pfJI4tqXyWQLrvWrvmOT56x48/wAnTrvWrvmOT56x48/yda/fmk6qebLr56mI4926fNJ1U82XXz1MRx7t0ji2pfJI4tqXyWQDDpvesF8MbiaNT1jnfHG+eOElR7nhjn2LdtjjnkQDvnja/ZtjlcPC+VrWvfDG9+1t8uu9au+Y5PnrHjz/ACda+8NRtUQ8MQw9Y9esMMMccMMMIWjfHDDDG1scccccW1a2OONrWtjja1rWta1rW7Fq+XzSdVPNl189TEce7dI4tqXySOLal8lkC671q75jk+esePP8nTrvWrvmOT56x48/yda/fmk6qebLr56mI4926fNJ1U82XXz1MRx7t0ji2pfJI4tqXyWQLrvWrvmOT56x48/ydOu9au+Y5PnrHjz/ACda/fmk6qebLr56mI4926fNJ1U82XXz1MRx7t0ji2pfJI4tqXyWQLrvWrvmOT56x48/ydOu9au+Y5PnrHjz/J1r9+aTqp5suvnqYjj3brqiO2FxxS+vP5rRMy9JZQc8UqpFBlFuR23IJey9Gy4p4ns01GfyQ2iamoM5VUMExSzIpziLpxw3innsgARLFDFw0cW1L5JHFtS+Sys9d61d8xyfPWPHn+Tp13rV3zHJ89Y8ef5OtTE2NXjQ1pbiW8NjW5ovADSW1sNtIrpmxHgGKm4ruMYieVAkBLW32XQUxQWxUxMUlENKKGhj2ZFPPG8QLlyhgQPqaLJS4XJzfSJF0JyLxfTDJjlsp5NyOosd2qMgvpwYoqQfcCzkiNFpKCu4FWySgpSmtqdyCeYsQSE4+pGu5EyZgYNHFtS+SR321SlL4sM4HXetXfMcnz1jx5/k6dd61d8xyfPWPHn+TrWBJcPaCQu0VGQJii3T+J2EkXCxVnvJbIhdiNFLyHyviBiouR0JiUjErjZY3xCsZOhXEyte2HZva9cOhVB4xNlExTWtdEbQ6fUZEHCKrKtCqdr7KiYkGh7CXBLKZ9igrpUgONYIW4QJsUIQSwYl8Mb9pl2Ed9tUpS/uqM88pSmPVGy4dd61d8xyfPWPHn+Tp13rV3zHJ89Y8ef5OtW0pxZx7wW0jL+m2ONNYdYpMcIqcesptCEo9aRQyPiLmAXMuN2pyQjgDjYAjZhAinMBBMQhcsMb2Dyvb8iG2ZxsbFN807NfWpo9OrVImsCR1zQ2hQLJzfJnc8c88ChpZZJVcTi5rPAMTPAuKZwFyxwzythe2OV7I4tqXySO/KUfS/vR4eaTz+c7MU8xjP1mbUbwNIUNDwQ5JPXVY093M218JfCfqWyyBQBOwQQQcyoifm1jAhjIzfLEbE2DiFa2WGfZvzZvTXtYmu0Go2h9I54NDN1toaEMaCkWPgwjIqSllSAhgMPMpfPAMbMvcTDDK98sccrWyve9r3rqLpqEPRJF0X8f5iM4tjmOx1h+7Bgq4zFZDZaIqqESb0T5kwlIRvpifmeDKZmTGZbA1kLiBkONkFbC4ud8toUV6n6tGYwjgwY1qgAcwOwmeMOONDkdCjDDCt5OzFFFFzbmWYgomeWWYgmeWWWeeV8sr3ve96R6/dPhPAj1+6fCeDJ913rV3zHJ89Y8ef5OnXetXfMcnz1jx5/k61pvWA9HY2bai8pFhbVJgtBHDxFVnU9Y5iFrNtLCzythgIori6jEEwkHnne2GOZk0Fjlle2Nr3ve1qj9Fb34dZ0deLDhJ38aMxPjPt+0ZkVr+rkhOvPuWOeYnat1pG1dXy7ngGJnn2Cd+0xDzyy7Fscr2R321SlL4sEd9tUpS+LDNb13rV3zHJ89Y8ef5OnXetXfMcnz1jx5/k61lyFB+iUSMtwSRK0QalRlHjSI+E3U/ZCj+HWWy2ym3HBLWUHA6XIkpqGikbmTABfvtSPFgO7jghd07oLhjlxuG2Dxx7FNDOQdfWXpLOrCDVzrfEe8NtyCZOaGC8mhFB1FEzcrJJriNirkAD5EY6m5HbHCoRwoIOCHgYByzRxbUvkkcW1L5LKx13rV3zHJ89Y8ef5OnXetXfMcnz1jx5/k61dypEvH7BbGWZQm2M9OodjRuZpobhkOVGZCkesZCzWVUkho+Cy7XampCAl5qq2pJyOm4nlAC55VPkk8rYU2aABE4WiJvF05oXUNkG2Q0GcGu6SVVjqrPSIV14VYXTCaAfESl02oSkQDMMckVRVQEZNVjBldCCTj4QhM5mCYwyDsjvylKX91gjvylKX91hl4671q75jk+esePP8AJ0671q75jk+esePP8nWgILafgMHFwBA2N4gRhhcrYBhBS9pgIKJnf/ZjgHg4css8r/8Auxxte9//AHWqZzHgjRmTm0nPSNoa1PkJnK+OeaS7GPHcQOxtKeAeV8BM05dQUdQSzuOGdr455FjQtscrXxve1/wUji2pfJI4tqXyWS/rvWrvmOT56x48/wAnTrvWrvmOT56x48/yda/fmk6qebLr56mI4926fNJ1U82XXz1MRx7t0ji2pfJI4tqXyWQLrvWrvmOT56x48/ydOu9au+Y5PnrHjz/J1r9+aTqp5suvnqYjj3bp80nVTzZdfPUxHHu3SOLal8kji2pfJZAuu9au+Y5PnrHjz/J18bdN71g7fK19Gp6th2uN8crSVHt8753vn2+OWHeFrY442sHfHKwmV875Z2vhhbDHITX/APNJ1U82XXz1MRx7t18bajao2zyEtrHr1bPLHHDLO0LRvbPLDC+eWGOWXi12b44XEEvjje/Yxvnne1rXyy7KOLal8kji2pfJZBOu9au+Y5PnrHjz/J0671q75jk+esePP8nWv35pOqnmy6+epiOPdunzSdVPNl189TEce7dI4tqXySOLal8lkC671q75jk+esePP8nTrvWrvmOT56x48/wAnWv35pOqnmy6+epiOPdunzSdVPNl189TEce7dI4tqXySOLal8lkC671q75jk+esePP8nTrvWrvmOT56x48/yda/fmk6qebLr56mI4926fNJ1U82XXz1MRx7t0ji2pfJI4tqXyWQLrvWrvmOT56x48/wAnTrvWrvmOT56x48/ydaUXE+eHNoSSJDTseHGg15fBUsUcWKnE4NW0WSQlfLPuWKUIxlI2Wc+ClkJ/F4kckuxq+f8AAsFfL8FSrtqXqlla2WOs2veWOVrXxytDMcXte17dm17Xs2+xe17fhte34L2pHFtS+SR35SlL+6wyB9d61d8xyfPWPHn+Tp13rV3zHJ89Y8ef5OtLBZ38Ph2UPkQJujjXNzT4Ush/JCWW9Xx5Q8N3FsDZH8QAjObr8KXGvYKyf4J77uLewdge3/BUpfmk6qebLr56mI4926RxbUvkkc8UvksgXXetXfMcnz1jx5/k6dd61d8xyfPWPHn+TrSkmvfh1WZNtCiQ7+NFVmXJVyQsYkTV/Vw9JuS3gL3DNHswipsV1XVcRr2ByT7JXfeIv8XcG2f4KlVfUvVLG18stZte8ccbXvlleGY4ta1rW7N73vdt9i1rW/De9/wWtSO/KUpfJEfflKUv7rDIH13rV3zHJ89Y8ef5OuldlOmT62TnrpPsJpWmM4oSpMUKSpFiauKEgMIyQRj8gsVeaRNVPFixTEwYJpxhXDOGQAMrDCgg5hhXtnljetYbTd3D6/ZIvDjGc/Gw9JdsdETbxW01rV9xSRZRCy7QUhdjo5k457HQ87XxEK+C+74ZW7XIO1/wV9HffVrWRH0X3RVknXOCEtVS9TdjFFMU06Io/JKCcoEofeJkkeInSzeCMlDhQyEGYKmi4gY5ccPAULPATDHKyO/KUpf3WCO/KUpf3WHnx8C3SEIe4g9c5ihORdeZKmFUk2axJTIrbKdTXQE9LT82K0mlZKNF10AUwMc74bg5u4wN7A9xMhYdi4mOdXo9d61d8xyfPWPHn+Tr6nQz4UhqTtFtpFaSYkjKQlRP2yHTiCk+GE1XYoEU/wCR+NDPeJM4vJSgYLE++BxjHewImAPdhhRe07oJnlfYR80nVTzZdfPUxHHu3RXfKUWuvp4Fd8pRa6+nhkC671q75jk+esePP8nTrvWrvmOT56x48/yda/fmk6qebLr56mI4926fNJ1U82XXz1MRx7t0ji2pfJI4tqXyWQLrvWrvmOT56x48/wAnTrvWrvmOT56x48/yda/fmk6qebLr56mI4926fNJ1U82XXz1MRx7t0ji2pfJI4tqXyWQLrvWrvmOT56x48/ydOu9au+Y5PnrHjz/J1r9+aTqp5suvnqYjj3bp80nVTzZdfPUxHHu3SOLal8kji2pfJZAuu9au+Y5PnrHjz/J0671q75jk+esePP8AJ1r9+aTqp5suvnqYjj3bp80nVTzZdfPUxHHu3SOLal8kji2pfJZAuu9au+Y5PnrHjz/J0671q75jk+esePP8nWv35pOqnmy6+epiOPdunzSdVPNl189TEce7dI4tqXySOLal8lkC671q75jk+esePP8AJ0671q75jk+esePP8nWv35pOqnmy6+epiOPdunzSdVPNl189TEce7dI4tqXySOLal8lkC671q75jk+esePP8nTrvWrvmOT56x48/yda/fmk6qebLr56mI4926fNJ1U82XXz1MRx7t0ji2pfJI4tqXyWQLrvWrvmOT56x48/ydOu9au+Y5PnrHjz/ACda/fmk6qebLr56mI4926fNJ1U82XXz1MRx7t0ji2pfJI4tqXyWQLrvWrvmOT56x48/ydOu9au+Y5PnrHjz/J1r9+aTqp5suvnqYjj3bp80nVTzZdfPUxHHu3SOLal8kji2pfJZAuu9au+Y5PnrHjz/AC"
20:09:00.083 [Test worker] DEBUG org.apache.http.wire - http-outgoing-0 >> "dOu9au+Y5PnrHjz/J1r9+aTqp5suvnqYjj3bp80nVTzZdfPUxHHu3SOLal8kji2pfJZAuu9au+Y5PnrHjz/J0671q75jk+esePP8nWv35pOqnmy6+epiOPdunzSdVPNl189TEce7dI4tqXySOLal8lkC671q75jk+esePP8nTrvWrvmOT56x48/wAnWv35pOqnmy6+epiOPdunzSdVPNl189TEce7dI4tqXySOLal8lkC671q75jk+esePP8nTrvWrvmOT56x48/yda/fmk6qebLr56mI4926fNJ1U82XXz1MRx7t0ji2pfJI4tqXyWQLrvWrvmOT56x48/wAnTrvWrvmOT56x48/yda/fmk6qebLr56mI4926fNJ1U82XXz1MRx7t0ji2pfJI4tqXyWQLrvWrvmOT56x48/ydOu9au+Y5PnrHjz/J1r9+aTqp5suvnqYjj3bp80nVTzZdfPUxHHu3SOLal8kji2pfJZAuu9au+Y5PnrHjz/J0671q75jk+esePP8AJ1r9+aTqp5suvnqYjj3bp80nVTzZdfPUxHHu3SOLal8kji2pfJZAuu9au+Y5PnrHjz/J0671q75jk+esePP8nWv35pOqnmy6+epiOPdunzSdVPNl189TEce7dI4tqXySOLal8lkC671q75jk+esePP8AJ0671q75jk+esePP8nWv35pOqnmy6+epiOPdunzSdVPNl189TEce7dI4tqXySOLal8lkC671q75jk+esePP8nTrvWrvmOT56x48/yda/fmk6qebLr56mI4926fNJ1U82XXz1MRx7t0ji2pfJI4tqXyWQLrvWrvmOT56x48/ydOu9au+Y5PnrHjz/ACda/fmk6qebLr56mI4926fNJ1U82XXz1MRx7t0ji2pfJI4tqXyWQLrvWrvmOT56x48/ydOu9au+Y5PnrHjz/J1r9+aTqp5suvnqYjj3bp80nVTzZdfPUxHHu3SOLal8kji2pfJZAuu9au+Y5PnrHjz/ACdOu9au+Y5PnrHjz/J1r9+aTqp5suvnqYjj3bp80nVTzZdfPUxHHu3SOLal8kji2pfJZAuu9au+Y5PnrHjz/J0671q75jk+esePP8nWv35pOqnmy6+epiOPdunzSdVPNl189TEce7dI4tqXySOLal8lkC671q75jk+esePP8nTrvWrvmOT56x48/wAnWv35pOqnmy6+epiOPdunzSdVPNl189TEce7dI4tqXySOLal8lkC671q75jk+esePP8nTrvWrvmOT56x48/yda/fmk6qebLr56mI4926fNJ1U82XXz1MRx7t0ji2pfJI4tqXyWQLrvWrvmOT56x48/wAnTrvWrvmOT56x48/yda/fmk6qebLr56mI4926fNJ1U82XXz1MRx7t0ji2pfJI4tqXyWQLrvWrvmOT56x48/ydOu9au+Y5PnrHjz/J1r9+aTqp5suvnqYjj3bp80nVTzZdfPUxHHu3SOLal8kji2pfJZAuu9au+Y5PnrHjz/J0671q75jk+esePP8AJ1r9+aTqp5suvnqYjj3bp80nVTzZdfPUxHHu3SOLal8kji2pfJZAuu9au+Y5PnrHjz/J0671q75jk+esePP8nWv35pOqnmy6+epiOPdunzSdVPNl189TEce7dI4tqXySOLal8lkC671q75jk+esePP8AJ1TtzhdJJhTle0wTNXo/1qlKJl0hNbGlPN0vF3tNcSRCDTQXokGErEkilwjljhsR0gDAj3y7iHgUGxztfLPDsekN80nVTzZdfPUxHHu3WXDpd8EQfG/FM33DHkNRSwl/PbKIU7NcZcdtBrLGaeZZssCmCOSmho5E7kTMCly4g5W49wBRAAcxMMsgsL4kfXJUSuSI+uSolclUvxd9K4gDQPQrXTUF3amzDIDjhNtONDVHi3HwyktEXBVx/Ox4BDkCCmWzPFgwCzjBJiYmM75ZDlhRMewHnha0+uu9au+Y5PnrHjz/ACdWu9Hj1x15enDPou53jA8MuxyqzCfYyq4XLFzIXVxTFBmeSioQqgrKiGaPnRAiwABcPMyYEywABCBxvYMPDG10HzSdVPNl189TEce7dI54pfJI54pfJZAuu9au+Y5PnrHjz/J0rX780nVTzZdfPUxHHu3SkcW1L5JHFtS+SkHWAPn0/pTXCv8A8OT/AKikyVv8rAHz6f0prhX/AOHJ/wBRSZKpTf5SlKAUpSgFfATHLMMTDETMHLPDLHEUOwdxAsssb2sIHYUMUK+eF72yxsKEIHfK1rZh549nG/zpQHn+dIC4jWpqtqWy9w5k2g2R3W3Cdm5ELMMaZ52eGRdCaMfOOz8WTrKjWKG7mC0WahDjIKJmOU7ZWLljJIURuANwicGTLbndjZdJ6/a9TxPSiVwPJ8JQzKEuniQmeQYZwnGzIXHkaKiCYXxzwwMAIuYOeeOWOWOOd8sb2va16ztdLf8AxZ8R/p366f8AkkoVePyIR44Zd4/95ooaJIdSdknad7NR62E4qHmMZPuJ6Qq9m2iEi4IeOYgw5pSUiwAQWGGWYggmOGOOV8rWuGKZA+MqT+ERkaZoOw3MPIOrMr718iK7KE4zGpbCMfCcZMQ2s5H86mkw0VMJkmq+VeGmiYaLcTnE3xAA2d/GqmF0o8Klt9ueC9RPElrXq5q7p6gMjSvZN77NavOR4u6QIlcrrkxnSshMhIcp0LwlHEbuNoNpv94MpvrpNSM5txwjLjkSHYpui6wp4nzRgkVrY6L5C2qStw0Qm4GfHkcuZ0StlKaLsyqLLeQnE4Xe8UWRXW28mnIYikUODnEZJYhVqEm01VLG6SXZplHPF0+9lkwcPdJdGxJN+NdnOdKDIaP4B6bRTvekJ2vCcTO5GGWhuNZV5iQpDbTMOZi5lDZBJS2nFKEniFBjOZ9JIoBu5k9c4CaMP3j9mE1lw6yjd4KyQ8sSc6Vp+JC2i/8Ahx1z/wDUHG9TzeW7EH8enFxFm1uwimqEo8jrXKCcPBTdJgKbteDlXWQ00dsMxoJRk2QLqDhcKsaAKlrGzxBMTimJ1bW1FMQktTUilbfS1Hwgtzhuk5knzgdnNMczQEwWCih9kVTcTkTpHSpEMpyWSDvkZOGA26xls3lgXCFytYHHDte3FD7MgOSHfB9cWHHtqS3WfEzUljZCaFrX7TuKmTIx4chGSZJq2w8ChlwSSYJiFjJxqIJhuCFTKSQU0k4pn1AjbFVTU8BQUCs1RaLy30TVFovLfR1rJfNHuvr3AKHufsrw/vuM9NTWLQXXe+G7t1Gb/n2N4+faolJjYejy1ytG7YyI5Gc1xHuqNsOTxVhsjKIRZ0Yo2RZTzISK5QuZiNOODW3U/a0jHOE9Q7tJL0Zsgm40x8nmQG140khhLskF5cTypeO36pvHAk1kbA8UZgKchHljE6GGGsEzAeIA1dnL5qNuoQ4jt0ZN265H5QlZ0IUHDripB8HRPBMH6wZH7ryAKK2TJMxGrwnV6N5KNiYBEFNZmFFPKliQB40kpvd80sCEXJXawnDj0XqwlrZ2zmziktnbP+FbO2WrRTtrZWy7PbWy7N+27PZ7PZv2f9tXMtrwojrsjpo7I7Ld3nGUJ2bT9z17SwVFOO3apwubVEdByRxAFcc+SVM8QRnMiK1XEtE0RLeAmp9i7ufxNGUjCkmZJZt2uVoJg1lIjkoqqSXMYGb2Mbu6yIvMFoWz44jbZZ9wdCOyCZFcsrD2j1AKH16U4LcbeweKfH5rBRVErNFQnuXWGyqrQ2ApkQcolXQVAgeSFRUJj9e8/wDhgJw1cg+ImGOeNoFP52tla2VrZhOVuCh52tfs27YMTDDPC/8Atxzxxyt2L2teusYE3Zibjz6PzpptrNApoy04v489RxU9tpxgAFefjxV4Uj5FZTBbtzNs8LKroXzZBNxN5hDFUROyPL6jhgkpB8UIkby63VZq9izurdInKutHYrQ6RTo1xjaa8TK054qgCENbtgY5d0MI2nT9iJpIbBnU5KadIDWMGSia/W4XIP17H/EEg8XK5z7lW1o53ZNEeIhrJ4kUZRxt6n7QFyco3HfqPBW3sryxFyqK2dbpU2la8fCJqGalx7tuP0k8+oukLIcp30WaZx9H1BVUCCTmnmSjiRkNTLiBGkUn2kH9DeMmaN0Zkj/lm5hzWL2nQyXIPXUjSrGxrGDtLmapjFF9oGFFrnc88HFMeBYNIVlDJaBEEQFwAupOm6690tFuwr0dgtw9aNVVmG0DYWW2/FipsDIJCKogCcRVczLPN/qhxLIEW4XUUxKPpqSYHMrKdj32vm0pNCCGEMjHQypQ4MASEsg3QRESWQbpKxiZLuaCHNDG1LvHBAnE9HGvjQ5O2Tu1GA7bR9N2wy0h9xxDzRKuEtI56fjEVFgcUZqIzgxaR5VzlQXFSCIEXeod0xQbPvMxtnrH1z8afQxxoQa5eWvQZXXdO9y21PrBWXipxu93UnMnZ7KTZAzEdzOlSMD6+ZZjvwNHVZWfagVARi4amnpjiAWiigVFLGEjWrHriUXgwGO7VdHFbys6Ge2XEqIA/dO7oaitopJTOo43dcAxe6phk0KSE7rhgJ24F+3wxy7NrO4+kbXaPcN5B9u9H0k6wTd4arzClKUKKUpQClKUApSlAKUpQClKUApSlAKUpQClKUApSlAKUpQClKUApSlAKUpQClKUApSlAKUpQClKUApSlAZRucviNa0qwByJbx7K7SbKT8HGUEyfJWqutiu7sWVr5ritoEcX7yUSDOZ1iGL6cZJxFDionuFWzSrnEk0UQXqmvYYgItHraeD78UNx0/ooxP8Aq+BX6HNd+KP5Gv0QZu/UpTr8/g+/FDcdP6KMT/q+BQGdVi7GcRhTlr5t535S1bU5ZKZT1r5rfA7Y2LjNszQsJNtfYrVGHKiiy2MfZz8XUhMOrKc1C684U9FJJoiiSsXPH8zV7hYat9Ii+iCjDBd/8ebe1mSYLkRUHW81bVpoR4zmQ4nIRAASTw66RjtIRSl3algFSyQqlV4mE4kmxUJMUQCuRfEvhHHQFtcUsvLW1exGh7MiR0OqTJuezV2xfxFlu0o8F6Y7Z4uh8t54FZVSCTiJgGzbyEWFFLSk8mz1JUVlEcIAyohKPcKkODZAQYb5f+evXDXwAqm6ksiVoXdqMz29fENiR3MjoTnTZ8txqJRW1kpu9osF3Y1jqOmhlgiKfHbfQ7FgijdIlyyHm6rslVursFVKvD0iIiQit4snkm+JxacZOqclbebucgDshyfHHs/Iig612Ud/yMOLLXixt3KKZhOiKLMZCT8G4hNxGRrCJSQSTS1nEO2EJGQe7GU9FLAY1ycCr6Oa0afczG0kbtt1pvHWzdgdmNgNB2w7SrjR0dUh6NWy/XctqbFIuLHFeLx+uIqMxEgibsHewiujuAAyIM5SLhva7xyonF/zcQ48mC4i0fbfxXDMvKjSdSTmI/GuoRxMiC3RSJ8IA0XzZDxQ18igOw0TAWUkwGUEscUCpM+KbIHQylBmjaVOCuu9Ir4VmxLUj7FwJCkDPCPtVVuR3QdfzujI3sBCkitjGDsnmojin1BPRj6kQbSSjGjhYBHVWI5DBEkRGV1QEA+/WqqiQ2n6fyVp83VGZGm6+nikl7Z6P9xra57T6JqG/e+sORrt1tFyDvWVpKkV+z+yW9JaohM4u+XGwW41mZg6CCkUZRAyVa5h0gGWkEkKJUutoyGCcBSmg2U9H5XwT2XNK+Rjlj4dirhXluB9enUw9jNV0NeVD6yLHEcTMmJLqXWSnqalmZMmEksnyJGQdgsTAIN3KnO1fFLirDmWTF5bdGLl1sypww6oJaMfLiuKHLyfDchomOePf7XdrVlF3KJRKVi9uwIUOn2WvNJzBgDYYC2Ir5TLPG2WV6ipxjnC0/8ASL+b/Z9ijBK0WxuxoA1W8YymeA6YfkFuthgt53phI8Hn3ueMITmgl2FlDEr3bvEIZMsZzC78K3NKeszQQinreC+d4paMGXVJSlKAUpSgFKUoDpzYaNndMkGyvE7DlVfg52yOxHEykWX2mngqbrjodxp4yUM6muWMHk0MNyJZQyYGQj9jxYVKVbFFQuJ3cmFjeiiQ+GbiP0c4ppfYuwUNwo7ECNYJfi5KW2Uix20QJ7cr9MIykYvICTJBkFRfSC9VF2HipKO2w3HSNcqfNo7OQwFC53IsoaD34+WjGDHeUlSAvp7UYkfNZwPd6OhXFuAlNxptVJNrjhXVIa2OeQRFJSCJs+bExwzyxAAEvjjlla2N8ocJwVLvSRH+k7i7hG3XF/EWwZBVhNP9KE0+dQFraQdlK5xDEnnYtUTDIJjwCfUyimmIzZTTVjJYIFURG2eSEoBXekrPn4V+4oRbJ6TRUWPlEasUSClfxrdHcKCOiLa9HjTqeiXOOykiBahQs+jyiok3+Rh14SZJIjcunKxjOyiVseiCPHAw2QsYilR09jKDdV0E2GIVSD+V7Lt6OZx4jcbh3TFua8xOBLaXDwxBubPgMxDKTmYn4i3MhiErKEo4kg3qYAUn4EEpKTSGWcWrk2hbs8ukE0AuSJFOgelWRYKh8UcUvONmcTIszTPbvWSYhWq1ksolojaj9qpj1h1HTEtJTwyxBJQkw/JTZRyRQqWwIJpTIuEGAAVA7cHQu5NkYhbetSztqM8Eg1BiRDByfMXwCeL4Ix6NSzNzfZdeKnc8+4ZFz7fsGZJ5WyyuLkOEHhjmJnjhdst4WbR/jzMsmV4o8NIMrzfpt1eFCvDRIsnctPAajxbKE4SfH0qHEORtR5EndmnS+UrYJbMWy5EiqllVfKnb5upYh5WbrVcbhPXNLR1QMrLi8IArprEwWhXy66RcMmhnEu69QkOOtelDcdOjlks3XTNAa7GU97pX2DNnUAFvyDkK0iQkwKA7qWsslp352uCy8W8dzaacUBSxW238+6ejfyNHWiHA+Q2p2zeJKHYjkCeJYmE+8V9NXDCejoTwfjfhpsHDRFETlhXwKuN0tQEBGFxT+0OBK6UYC7cseLGR5f8AK9x9aRbP6uzdyYsJWPRJs+ydX13YeC964Ukd5x29ChJgRMaekbqhhZb7gSkteZa43U9MSDQKgnXUvFpSEuhqCQr2Jny7Md09oovDJxRelspAXl2lzciL+EnjN0zcbycrP3D3zWtQNOJvdJ1RN2eibk5Y9IWlgivLJYfv4041d0l22zZCFAPY+MBBaeRQU4OVUhcTMx97uAvj5A4vZQh+A9cY4jSYIAhBwv6CZ+bDYR0aecpbilqmnSgrbxlpKJFHk6xH4sIQaY8sVtRUSXe6tmfR00goIbaESaW93NkJon/hk4COUnYLA+tuOAN6Yee+wDiDS8QTJ5ssyTXszy0qrJMmCAVBu8vkha589mRJgkzS+/SWKaULlDYQOGxneyd2BDGhe02wC84ka7FautMnvAktBKJQZLX7H2EqWaJFGPBjXKqJh5K6gjIrbwKjCeGFFZTSxLIUQ2DbKb67P4vrqsSRZUddKSRNdYzrNFYjFwY7avTdzip0/wBgZMVzK/JquxVtiSKvnxMhlRxu6IHu54pUXWsD3xxxHWXkEzirvVhgsbBCH10xljgF+EIO2eqFujKxQ4oj4UdMk11ETCasPZKk6VwyRkLMLPFuyZL77dbHPB9vle4hdbYp9tL5YW2IeGYCqH2mOeNrDC301Sr9avpOEImV7nOlSY9rN7uPzg5h6SnVDrP28JOGatvnsx1HNHeKtrg0bPI0ZYSMtBhieDCLlSIrlayoXMBjkl9cLstIVQDbdzX0VctmZvC3xQsaJS8KpHH7quoMoFJwSDBt1w+z3k/VTHADuFlRXlJ0pitJKk4rWvcUFxmXVmtkxr4ikDxW4YXc6WOWhbJ6SdIL4kOR+VxcULWd8Ra9NKX9IR2+IDaj52q+E02bam7Fka+BJupo408J7gHPKAwQGTXYb3P4XsAhqAwOt0AcA0ACZLDBGCxgIMcuYAEwGAHAGwsIEMCKHfIMUIUPLHMMTDLLDPDK2WN743tem+aJ6fbySDrvd/8AH5Mj+iobo4gucZT4iWs8nY5dDtz4QXtktQI+eDhU3SPr6+EMu+V93sRrrq2OaPhtcyXi6UbGEYUccwbK3jxbUDZpyiOlYcvG2BCkNTx0uDftoTjEkZTK007jZYTkT2vKzCasiN0g4iZ7TFMKLxJEd6UsJpVaKpqwrJ5dUA"
20:09:00.084 [Test worker] DEBUG org.apache.http.wire - http-outgoing-0 >> "LBngCKoolAh8S54yGLyJVcSbvj0r2HXHCRsF2xhxaaoPdvTu+UYQM+2ictyAjTK07MUFfJ5ip4yynqMxoKeYR8B7nwVpgyQnjA9s2lXArH12aP6sb9dK23sh7bqJE2Zo2bfHzHElojXVXA8W2XIPhHw1Ga6avYHmQ4myqijFUF5OVOxKGD4yeJgqCDClBDIBQYuKasm/oDog015EdLW0n1IbTnbSumuBuONv63w4jLzfXkY4CopC2iK6czCyglK6UoFi59NUiBgA4ROAAmiowQ4WGeOfDfBTdHLLzYtrhzWXi7Gvo5qjBads7uyymW4VNpqWwTlV8GYqsiLnU4EUwWU7MYqDJEUm8kQmaJGDIKu91gMQNfR2Uutm6bT7iK46dBZLXJh1F1nQIZklyMVTjRbdCU9ZSchg+x1hfbLoUkHMi93y5koIE0vM1tKORsuQBUA80sMEI2GWHNgmKRg1Qpoz0sCRX3NBgJrxhym6gtNjwi+1jMNOa5qYo1R4TaPiBmvG7hp4a+c+Q8YiAiZD4njazJEdkwMMh3EmgGmZ+BnfIa6pHZvguFlPhE4pZXg5XgJQ0U1tZ7VPt8whpTojeJmQxZTaZoQpkXKudtSihIhd7F3QSHsEfzVVBZUrLZoHubnAXCJg6TNdhcXepuxekeqDc1v2O2hvtmrx+vLBGN5GOtJUbThQ4nyCIeKrAcSgsOt1qDuNNUxgqhJa8ZHT8ibdNIzVAI3ItwoaMT8Xl5DaqGsudzrKW3W23EpRXXA4FxQKpSKhoiQUGUFVYWFQ8KARTUtMIFxzp8+cHBKkygApgwKGEHnnaFOgfIhAHJNGT1mPWonJQ8Zs2SnDFwLvfrJGZyS9VptYlxFBYYQwx87dxtjIudIihq2OJTMIU3ZOPlCSuTUk4iGWJ2UpSgFKUoBSlKAUpSgFKUoBXnQ8O/9Lh5Bvzxckv7alavRerzoeHf+lw8g354uSX9tStUWXn+e0IsvP8APaGsPny5BHlxtca8tzrFYxYnNTtW2vCkLKhwoAfLID9kQU93Z195GgzBQ4fZ7LRXe60ImeKnE044UZJKqpM0ljHAc+m+N7gW1HgCI27I238RszcneKV0hPfex857QoafOq2LJTlIgKLiQWoXkou4k1GS2ycMDt8u4CxAF1uUIqMoLqqIEbLpSbwHpU+tchbFcRshKsZJiiuOXW2VI72YMoyQAIaVDTVYxR0NV6qJUuHjlcQNpNN+rD4U75W7ASO2FEfDEQUIMIS3zSfbiKuQLUeKdloedJU43ZaYhAwsBt9RByWY8fQySAA9WKq2tkZESHcw3CMcSjRc1gJ2BihVTK5HUs6ROG7rVMxfoqLVUikHX2yaV1VIO0IS34Ttd403YirdrS51r+iDmbeBhLnGJtcW4127CWzTTyMlTBRsyHGOZXFkI4WFrKoR1UbjcLqZgwolnCQGSXkiJLmL0G9JD1JG3m5XtNtY0wlkedr+48dzFiNy4d8sRxpUjNly1KkZEghMMscwg1h8MpCQz+eNs/8AutTPY3CGxyuFnyPmF1+2W4tUPR+UIZ5X+VGUj0xb0w5CDya077RlnMzzTJXibicKsGGls5iMM4KcODNwonD2PqJ5NFSzh8uKnCCjAjgTp3a/pR/C/wDoubg/sg2DoC0Lhl3Ez3r40NTtg1ZSzU34oxsSYUtimBL5KF5ciowPHcgnlIHPLIYoO5F5uGHgULj5ZC+CXEmj9uLgPgLnhi24VR90N+m9yoGxBVFhvDnh1E0d1YUrCiYp4kK62EVSztX0MPK+eJpCkhcHYjvAMhidzLOAN1FrXuNmOXJWcPzawxwnqnSG9NU48O3bvVJTt1OP5KI55gGMlTdI0jQq6gGOR/gGxikRya7GOAnpyfcX/sseOg/la1ghzI/6G/WngGhnHX0cPWEZPCT3UxeSnU1Vk3APAO2Y0uPwVxvyUrij49kQ4GTfDkW0pNMD5ZC4oyemlcbBAlgQAkofk2VOOdmYM0F2RoWVONtdooS25dmAxJR6Q7wasKTGU0pFYrjZGxZZwst9ttHdzTXS5ZtO1QLF1luOAkoI6oCXPlCh0AI8THDCNlS5kPHEYEPPG2LdDiC4mZa11lwjLeomrkQttKjx3rR6ao/iSO4jesVFUdAUFEV9Jr9ZaK21YkE1LFvD4yepKBhtqOKfYqvpakmCGCgtMXOHDpqf+ePhWh8lLkwwOae0f7BkQZagF1k2PL7MyIpDjWLnmS6j6M4SaOeO4puSQeGHRj2I6OoKRTEMPMxiMFY44uj0wdLJYBA2m385YdwY4uZLGVaGtgd0jyhErhyKD4jgYLLYj9hx+eH7XMMO9jAK4AeCzx7oWNgZ9i+L8mNoPrGUFz8OF9FfnGcJ34g4qWZyX3C7lBjSXKMXx67XUaOKS4vRc0FJO8XcDKyfEGNq5ZsKagvsZKMjDC3JpDWIo2OfaJeOOOjGutYdhyLdfYwZULwoxW7GkVx0hl26ymO1CGCchoCSXzEGuCWAxvkIMZNmxzKiqKRwUypLCqcOqyqcOKR02aG7KoBSlKAUpSgFKUoBSlKAUpSgK2+RHj3XeQpMi+PVbb7Y3XOC0E66RJui/XhZSGYobEJCyAhYIjadb/FJnFxDbyGImKoZ9GKFVNKcpBxnQTxEsoEUlVJUg9GphOOdbty+emAohRR25F8PbcRZHjCQjSsqrplLa7XM7AJaQUMrK4cUFdTHCKlw7DHVA4YMjiXyzEEve9rW1xVl04HvxmHSOP072d/53sPQH4vSApB11Mb4cJcL7Wr8Xo+toEy7KbJTteaLIA8XXbEGRYhn2umvNMcwJlFXCbvVFNdayY3TZM/k5VY2XbhNOUlBWKEDFhvHpInBPsBIyg7ON9qaCmJojhOUTRhRhKA40iWZm0gKoIjdWFZLL5R4yJEwbB8up5IKsuo5cRBHDVQ0o8dysphFzHas4JvFtMXItAEUbANyMH3yExtGC3K+vTWkBqvNRVkuOBDS6GpudriKKZ8lK2MTUEpfUiIBwyqORIU26cX0coTPNrwgnU6cyDMaEN81vApNkApCO0NmJd2KdkUy6MzCZZNXpE14zUYyQHYbfICZiFmpp7YZj2kQkRUlQLMQwnKKiXuYMF20UDTAjSWR/C3/AHe4toA3h2O1r2K2qei88Ya1LTngultWXeG2TWtrycqwmqtjUiSmlK5O4qyYQAbohqxVUPCNy5BrYJymRGRFpzklaipstrVxd6SRp+p8RTfi0gxYz19mIhyPOPU5JbybreWbiw3XaWjZrPgzGgJaMlGQDDxDb/diabYyr3cJRmDKt8zzOU7Ium+RtmtR1aeCvHvJkitE1O03xI5XKSgBfJrdlKQYjUE10JTnNFx8kzBBPpZtKb7vLnCQazioCE0dazwK3DImcw80Oz0Esrhb5WuJwDjpWHdD8S8gM/LkHbK6Zpz6djmhV0oYyxGjcGmZvsBzLa3ZquFolJAGUzquj5FSpERuoYCXilph13kHClm7bprCTPwqT/k1aEU1grOnMeTJ0UtDlw6Rbtm2NoEUjLepvFLEkbtCKoGd4OCzGK1N0sJSOrrDzejJPBjN9zZhqQciEThRXJHQlgJoR2GpXMJiDdKF/J37gqNeIvmC4rNwtN2a3oDjDdmZ7aUbcQ/GKUTZMTO4u+FZporKeObDbxYq3iSoniOk+7FGyQnpoOa7GrcVwyo6orucyqdv8cZsDX/pIHNRAjzExSVzZ1ha97LRNmfviVDejUbCHbxkyb2Q+drqIyOsSopphouX7Yft2i4jGANyiSaFC/nSBzhWZN7OBvTlpihq8kubfZubCLyGQyxMqrdiaIFdqmnO6lEkEJiOXThEGz3UU4cXuQR2zGcWIQ+Hgw1kGirXR9Nn3SWsbwIjqiJVJ/8AjqirRIeNFVkhXT04r+Srjt/ODsb+rkQ1t6iX+SqMvzfMz9XE2sQvTiv5KuO384Oxv6uRDW3qJf5Koy/N8zP1cTaFMfmh8IpHSJdzttN7t3zqxKOjequwTj120k1NMLSqRh8wpNMmRVFaSX82080TCcC6eaS4yHCshGxjgbkW3kcQVkwYZLMQG0LebtXwbcaez0LLEWENVYP18dQBCwsYTZrrEzEiCVIidydjiO2HU1XGwUZtHjgSEqgkz4zYVjRhvrGJawB0piL3A4WqE6M+70vTeWuR/h4mU4G0J9h/bt/TpGKK4hLJx6WYfebZZ7bBc7HCM5YZLKcUb7FaD/zwCwseEb0kp6ngEMWIq90q57enjycuyztVpqQuQ/kb1au2owujgRhqrP7ejKKVA42buNcwdCm21KN3UeGc6vkphJy0phLIGBpMSEgAIuXEK5DCtlnBG17CRZZwRndV0ZIvKW0CI/LhEL1gTo9O3MOyFOT82SdUf65Fm6fmmTyiMVf74AJvxr2TjjpyQi5cooKZFOyKpWawbucXVkIiEpuVWW3CaU1g/Wj0bk8Z0q2gkbQNXGET443E0f065Q9bChkUQEiIsSDDLDbexiclhiiZhimjT4HuTTCRfLugLaisc1fGwOFwSfQ0FbAzjsz0Q7duUdhZakGapHNCTAimXxJjqV3i6B0hHkqPQkpNFWlw0cP5kk4MUTAmWyGuEXxzzxDxxtleu7toCImqum/RquXdCDEJFtPIt0yhfY5TJ45YiZ6sbOa8x8x3kqLIl8cgRyTPMjHyCCWHvgGGvyNiYtewmIY5Z8R+/LYobiO8ptVn/ZEqekMKo+2E98dHEygCCnkuaJKc+32zqcTFEBzB1x1kbLiX8ENaHwvliTSpGUSTzJJBsUK+AbuZaHhhlmPmCUNV16Tf0MDYH82e2X7eXFVh2hJfDdrki5peTc5nitR1EbfWeNXVVW7bE+lXbUQNuy9Oq03DeeWYIia4HsXbrlQ1ZNvcMyRfjhK4DWBGMYGK8dJv6GBsD+bPbL9vLioMzw3ly7biL4/tDpR4qNCXJJek+pMguN46oQ8rO1wvbXGHnSvOdVUmcnDKKq4FlbZx5SWFM8OJmObUFA0YOGBs8hhRshL3yqtjVmNY/wBAOk/uLTnREcdqauzvpmal/ZjXtsrKipxrEksEwnEfRlNObpg8eBaSnkCiRupJmOdwrpKVMh5vo4ZFtKSOllOzOLrh6U5t44NK5GP8rPMDGqNImtcVue8Twvt4gx5GLMLrTXIG7tJjJRWI1BbQWemhC5EEtKwXxzRYliEFkoi3wvlld3ofxU6Z8dIz5cWvbEXzsrSn2vyqTzK7yXZQm2RLWOYqIgLhfLlMDClSBtSDBU1JIbRFARlZVLFFZUTzimULmwmcv2iKN4JH3NF+ExEexqlKUApSlAKUpQClKUApSlAK6c2GjZ3TJBsrxOw5VX4OdsjsRxMpFl9pp4Km646HcaeMlDOprljB5NDDciWUMmBkI/Y8WFSlWxRULid3JhY37jrij8fLRjBjvKSpAX09qMSPms4Hu9HQri3ASm402qkm1xwrqkNbHPIIikpBE2fNiY4Z5YgACXxxyytbG4ZGXl4ezPhIfDNxH6OcU0vsXYKG4UdiBGsEvxclLbKRY7aIE9uV+mEZSMXkBJkgyCovpBeqi7DxUlHbYbjpGuVPm0dnIYChc7kWUKUTW6O4UEdEW16PGnU9EucdlJEC1ChZ9HlFRJv8jDrwkySRG5dOVjGdlErY9EEeOBhshYxFKjp7GUG6roJsMQqkH8rAYTgqXekiP9J3F3CNuuL+ItgyCrCaf6UJp86gLW0g7KVziGJPOxaomGQTHgE+plFNMRmymmrGSwQKoiNs8kJQCu9JW7a6VZFgqHxRxS842ZxMizNM9u9ZJiFarWSyiWiNqP2qmPWHUdMS0lPDLEElCTD8lNlHJFCpbAgmlMi4QYABUDtwSR8t9atpuE9OqaRaCbpokHaDJBjv529HM48RuNw7pi3NeYnAltLh4Yg3NnwGYhlJzMT8RbmQxCVlCUcSQb1MAKT8CCUlJpDLOLVybQt2eXSCaAXJEinV3DRIsnctPAajxbKE4SfH0qHEORtR5EndmnS+UrYJbMWy5EiqllVfKnb5upYh5WbrVcbhPXNLR1QMrLi8IArprEwWvqcmyMQtvWpZ21GeCQagxIhg5PmL4BPF8EY9GpZm5vsuvFTuefcMi59v2DMk8rZZXFyHCDwxzEzxwvmq6N/I0daIcD5DanbN4kodiOQJ4liYT7xX01cMJ6OhPB+N+GmwcNEUROWFfAq43S1AQEYXFP7Q4ErpRgLtyx4sZHaJ3+6hJIk2j7ZHX0dLcuukXDJoZxLuvUJDjrXpQ3HTo5ZLN10zQGuxlPe6V9gzZ1ABb8g5CtIkJMCgO6lrLJad+drgsvFvHc2mnFAUsVtt/Pl3LtLm5EX8JPGbpm43k5WfuHvmtagacTe6Tqibs9E3Jyx6QtLBFeWSw/fxpxq7pLttmyEKAex8YCC08igpwcqpC4mZ9cr3H1pFs/q7N3JiwlY9Emz7J1fXdh4L3rhSR3nHb0KEmBExp6RuqGFlvuBKS15lrjdT0xINAqCddS8WlIS6GoJCvYmfL0UbubITRP8AwycBHKTsFgfW3HAG9MPPfYBxBpeIJk82WZJr2Z5aVVkmTBAKg3eXyQtc+ezIkwSZpffpLFNKFyhsIHAuS3R8eGiO7xbx2oqpGVFi8Isia3Sb3cBfHyBxeyhD8B64xxGkwQBCDhf0Ez82Gwjo085S3FLVNOlBW3jLSUSKPJ1iPxYQg0x5Yraioku91bM+jppBQQ20Ik/tacbavTdzo2Lg2BkxXMr8mq+g+2DEkVfPiZDKjjd0QM+XIpUXWsD3xxxHWXkEzirvVRgsbBCH10xljgF+EIO1veyd2BDGhe02wC84ka7FautMnvAktBKJQZLX7H2EqWaJFGPBjXKqJh5K6gjIrbwKjCeGFFZTSxLIUQ2DbKiLidihxRH0VlTTXURMJqw9tLN45XDJGQsws8W7JgE4Otjng+3yvcQutsU+2l8sLbEPDMBVD7THPG1hhG+Rr4yBd1omutEsjMkKIRo6Ev8AzB9r/wBL4f8AYxF9bPqxg9CX/mD7X/pfD/sYi+tn1AKUpQClKUApSlAKUpQClKUApSlAKUpQClKUApSlAKUpQClKUApSlAKUpQClKUApSlAKUpQClKUApSlAKUpQClKUApSlAKUpQClKUApSlAKUpQClKUApSlAKUpQClKUArKH0yP8AFHt39L6Gv1Kl6tXlZQ+mR/ij27+l9DX6lS9QE/8Ao334kvQf83z/AP23SfV3tUhdG+/El6D/AJvn/wDtuk+rvaAUpSgFYA+fT+lNcK//AA5P+opMlb/K86PpPM1tXWvpDvGPsW+k9wKzJgGH9L5reKW0yqcedSk1Yr3gn59OFPbJFYVUFIOOA4kIRwujFVRcRk4woiFgTyqnFsxTgIHouUrIF11biy+gPf8A9Vmuv71VOurcWX0B7/8Aqs11/eqoDX7SsgXXVuLL6A9//VZrr+9VTrq3Fl9Ae/8A6rNdf3qqA1+0rIF11biy+gPf/wBVmuv71VOurcWX0B7/APqs11/eqoDQTyKcd0K8mkGt2AJ4dEotJmtmWmXMhBTiNbaaC5hnOxSq8USCBw48mS/UoRBMhuI7kolQUYuoDZhFbllQnjgLiPPSsgXXVuLL6A9//VZrr+9VTrq3Fl9Ae/8A6rNdf3qqAsffPR8tTz8hSy+YB2N380bR54XFBzTJEelezxiHIZkFwLHb+G1NWYigzHiXTclbEYyAMSbZ1DSyRE2ZS0cimJQveOMlEHhs0KaGkeGgLIjV0MOCsHWlSVZUY8lPdqyyJMKGfTldImQ1KSMsFHOfkRNWEdHUCJ0+YMoZMNISEUsgBNpJTUUpSZ11biy+gPf/ANVmuv71VOurcWX0B7/+qzXX96qg/wBLOI64DdWESd4s2Fn/AGG3u3weUFqgK/CaJvJsoLNzGixxlTRQ8ScDZbJNnM4I0qEzqennsM3OZcJYyoJyapKBU4oJieaKz93p0N1v5FoKNa+bONVTcLMxciQ9mysNtcONd6sF+N8E+VQ3wyHKRtmKjuJNJqyqQwEHLH004nKagnKiafIGxy+ecrrq3Fl9Ae//AKrNdf3qqddW4svoD3/9Vmuv71VFjP66Cq/5DqRZO/OAyCZsixzQ1szuxybbTsFZa55vN1Cnfa4mvpTBVByeRRIfqK3mvGjQarzfrSvl381FqZ"
20:09:00.084 [Test worker] DEBUG org.apache.http.wire - http-outgoing-0 >> "0CUyqUqYhqeSYZOYYjW7wlzhz1umvWHRHVF6yRsDkwOPR8wk+4UcKW5Y1JvpxnoBaxhmsBHk1QFic03VpDxb4wRNYCa7XZioeyJFRwVUmL3zkZpo66txZfQHv/AOqzXX96qnXVuLL6A9//AFWa6/vVUHx84npDTZt9q6wN1dZ5j1WlNYeCBHs3NAdlutZj9QRUp5p6WYOkz2ZhvKDib7qRCihYUiFjiKpN1WL2DyEtcrllfHPCA213CdrPt9o3qtx+v+XNnGhCOopaKgI+WIzesaoUiOgeGoxOxSyVCQVtdiJ0N9UPFEBRPKRnNuNVqF83CY8IFS5MAEsSBqM66txZfQHv/wCqzXX96qnXVuLL6A9//VZrr+9VQE//ACBf9dRz/f8A3Rv/APU3Vg2xPG3rPt5p+y9L9pyT6n5gsRtMFLRpJkZ6Hj08ivGOmyE2EeZFCUksBJUjEvKxex9QdrpBJFiTqPLrhLrSKaRVtQSBs/XXVuLL6A9//VZrr+9VTrq3Fl9Ae/8A6rNdf3qqAsaavR7tUc3/ABa9Ni9leQTetBhFcT3NE0P7rbRGJhhhkuFHvj4HVSTGTWWzcFYRODDAK95uVRW0tUTS4SQukFVJ7oSEvjrIF11biy+gPf8A9Vmuv71VOurcWX0B7/8Aqs11/eqoDX7SsgXXVuLL6A9//VZrr+9VTrq3Fl9Ae/8A6rNdf3qqA1+0rIF11biy+gPf/wBVmuv71VOurcWX0B7/APqs11/eqoDX7SsgXXVuLL6A9/8A1Wa6/vVU66txZfQHv/6rNdf3qqA1+0rIF11biy+gPf8A9Vmuv71VOurcWX0B7/8Aqs11/eqoDX7SsgXXVuLL6A9//VZrr+9VTrq3Fl9Ae/8A6rNdf3qqA1+0rIF11biy+gPf/wBVmuv71VOurcWX0B7/APqs11/eqoDX7SsgXXVuLL6A9/8A1Wa6/vVU66txZfQHv/6rNdf3qqA1+0rIF11biy+gPf8A9Vmuv71VOurcWX0B7/8Aqs11/eqoDX7SsgXXVuLL6A9//VZrr+9VTrq3Fl9Ae/8A6rNdf3qqA1+0rIF11biy+gPf/wBVmuv71VOurcWX0B7/APqs11/eqoDX7SsgXXVuLL6A9/8A1Wa6/vVU66txZfQHv/6rNdf3qqA1+0rIF11biy+gPf8A9Vmuv71VOurcWX0B7/8Aqs11/eqoDX7SsgXXVuLL6A9//VZrr+9VTrq3Fl9Ae/8A6rNdf3qqA1+0rIF11biy+gPf/wBVmuv71VOurcWX0B7/APqs11/eqoDX7SsgXXVuLL6A9/8A1Wa6/vVU66txZfQHv/6rNdf3qqA1+0rIF11biy+gPf8A9Vmuv71VfcI9NJ4t1AfMAGBd+8cwyaidvcWLdd8cbhJieaUh8bXw2nzv3TMAoJgDa9rY5C5YY55h4XyExA140rIF11biy+gPf/1Wa6/vVU66txZfQHv/AOqzXX96qgNftKyBddW4svoD3/8AVZrr+9VTrq3Fl9Ae/wD6rNdf3qqA1+0rIF11biy+gPf/ANVmuv71VOurcWX0B7/+qzXX96qgNQu0OvLL2011mrWWRlR0IrDnaOHTF7uVmSdSU13JyA7ksdJUjjcPrqI5EYmsAFjGeZEwpoCwSCHtjkYTzIdrh5f46r65MjUPXKF9YY2VXUtsGC4+b0bNJXfB5IUneoobaJ4ESJtxn0FDbSKbVhQsLZGx0xASCYgnZuCQAx7GFswHXVuLL6A9/wD1Wa6/vVU66txZfQHv/wCqzXX96qgLWJh4MdaH3Okp7EQfsDvDodI08m7qs8ZaLbE5Qi2ZkcOeZwUZ0vZqqbOe6Ni5zA6goHR1ttFm6cEVlJXX75+H1taVFCaGi3H5rJx1RMoxFrOz1JGT3K5Tr2kJ7O5ePvKTJSfKiHgEeeEhvVVvc+uK4wYdsAQAAyCKm45mPBKSQucOXMZ1+urcWX0B7/8Aqs11/eqp11biy+gPf/1Wa6/vVUEpZL6T0WjzDwPatvuepS2Rg6ft49DJPnU4Iqzkb0T2OGg5Bl1eHGNGjLheTbUGg9km60aOHjykZNoBdCxGWlBTcGQXh5WVVM7MzQvjm1d44Y5c8fa2tdfAOSG5xHxLEmyA5j77lqXXoLiNjdzSG9lSwZhVOBWNHMyienlElAIGlFXUCKOWUlxaOKGezrq3Fl9Ae/8A6rNdf3qqddW4svoD3/8AVZrr+9VQFnEo8BuqzqmGWJogvYPezRVbnxSNLk6NPR7ZQeEo5lpwH8xxFJedTMOs94p5VUURDh8Y0K1826DYwpqxsAAA0rKQ5qwnSXRbWjj1hEjAOrbBxZDHDWT7pXjp9TPOJ3vp5q4RUFYej6dSqKMqONyKQJEkVyMmBAyaemkSCMikUxFTiCcWzfddW4svoD3/APVZrr+9VTrq3Fl9Ae//AKrNdf3qqDM9Ia/aVkC66txZfQHv/wCqzXX96qnXVuLL6A9//VZrr+9VQGv2lZAuurcWX0B7/wDqs11/eqp11biy+gPf/wBVmuv71VAa/aVkC66txZfQHv8A+qzXX96qnXVuLL6A9/8A1Wa6/vVUBpj3J1YZe7escwapyM7pFYrDm1sgtB3OWJ1hAQX8VQLrCYqqRBEVXQ2Hmglgl4sm5t9awUWyqBmkBUVCYOBYyOCcLU4sfo6DIjFoNyPo25d+dSPWCz0kogtJkMffpIabQayGQDsCRRW42kGEE9FREkkFawRROTCRUmWDtbAEHDG1rVCrrq3Fl9Ae/wD6rNdf3qqddW4svoD3/wDVZrr+9VQGimEdG2BF2q7i1DlSVNgd143eZd6pj3ce70lBzvJTzbb77oGqtJyO4RAbVjzbTyouZNAJBpoA6OXvjcsb74DCHwq3w6NXphk2i0PntmeSBW1GKLoS0W0aUtw3ANqiCACp+GQW/gzwWuA+cUAFUt4SCLWkbv0NT7ZVwULKuYh3KD3XVuLL6A9//VZrr+9VTrq3Fl9Ae/8A6rNdf3qqA1EOXWTX9368HdTHDEjLP63H44LxGNDmKSGSZYEckkoBFTWwmp6fkVESCqQQKk8UQ2lDklJENkiSkknSakTKmwqUrdGq1BGaBOF1TbTk1XNTCCmCdLaUqu4yqJq6GmllHBWLtfBnlWUUd4baLqGFjpckC/AzRY/lmqFzwSrnkevCTrq3Fl9Ae/8A6rNdf3qqddW4svoD3/8AVZrr+9VQGnB3ai61PrWI3pk6IbZalq8bjpMij5GcU8Qi0ibDQypIqgIyUGnjlT6MO3rpqafb62lHia8hrScnryWplFokWPh09J/RttNB0toRvImyvItNur7CWkxYaGlsu7cLDh1WQsEMziaQkUmw0lpt9y3QUPLG4SUnjPYXvMAYyGGN/wBrNXGgp11biy+gPf8A9Vmuv71VOurcWX0B7/8Aqs11/eqoDXSiIiM2UVIbjcSU1BbzfSyCIhIaMSLJqQjIyUUCIJaSlJxMMEmnpqcRLgEyJIqCEWKlQQgAA8Ag8cbfqVkC66txZfQHv/6rNdf3qqddW4svoD3/APVZrr+9VQGo3YvWuCNt4idUD7Ixg15eiV6ABAr7NdZUUYmKMVEsOQVEw+SHJrDecCSZtibRXI3lFLcCIdwwOpKkTNYYDWpwTujzQc2G3nGkdcg/LrFkCWC7wK65MDeJRTIaTG9la4YrSSkpSj5Xdae1jJe+ZU2kFnhgGaL554mBBMsr51AHrq3Fl9Ae/wD6rNdf3qqddW4svoD3/wDVZrr+9VQevSP7maQdLtENVOPmJ8YY1NiVFi5nmT/hpxmgDCiuO58OPIHEAVyvt5r5tRcrrWswse4lxlVRGKpRS+KYiFExKBLkQetWPxtQawOSGY+UJHdcsGZ+m6B0vXl1tBTXWgND6ey0k1FZwsqN5AKsUm9CjozFiFtYjnVKQFZJyDPLlg0QPIyQyTKCOurcWX0B7/8Aqs11/eqp11biy+gPf/1Wa6/vVUBr9qJ25Gjurm/kRjwntdFCLKTIxUA1xDyNGFJFdDLcxcEUAm6mK8UA4muVpOEqEMKDc8jKZbA+SFMJSuAoo5w6nmM2fXVuLL6A9/8A1Wa6/vVU66txZfQHv/6rNdf3qqAsFUejya7PBIJR9Mm8PKxP+vpMcp2+r0xbvOJdglQS08wEOmt1VR0FoNl6qCCl2ABLpZMw+shUwAPCxAyXEwxEtdrE8SxnBMcM+IIbYrZjSMGAil2+zWMzkkqit1vJJa+YmJYgnlMMA8cxzAo508bF7qdUlEybUlAwaPmzJkXKL11biy+gPf8A9Vmuv71VOurcWX0B7/8Aqs11/eqoP8zNtjX7SsgXXVuLL6A9/wD1Wa6/vVU66txZfQHv/wCqzXX96qgNftKyBddW4svoD3/9Vmuv71VOurcWX0B7/wDqs11/eqoDX7SsgXXVuLL6A9//AFWa6/vVU66txZfQHv8A+qzXX96qgNftKyBddW4svoD3/wDVZrr+9VTrq3Fl9Ae//qs11/eqoDX7SsgXXVuLL6A9/wD1Wa6/vVU66txZfQHv/wCqzXX96qgNftedDw7/ANLh5Bvzxckv7alarYeurcWX0B7/APqs11/eqrKJoVzBa0at85u0nJpIDHnNYgebn7tu6Wo0mc2WCoS4np89yEedjPBcKCtya3maUOJqcZDAcoaa/VYAmdtmGlmFgC2JnKL8pwqEX5ThUPW0GBBMAilzAQY5ccMQEcAYPEUEYEXG+AoQoWdssBAxMMssBA88b4543vjla9r3tVF7l6Pppomye75a1Vl/dPjrcshHM1F+pWhOxx+EmM7FDMQQXu5+P1lsvxnJ5YLMXK5REbyMit1PyvcRORygmWeeda3XVuLL6A9//VZrr+9VTrq3Fl9Ae/8A6rNdf3qqpdl2iW1RBwX6WMSVGrO03OLZXfOa2CdCUY+kjfienPsWeYh8AwAbAOtZoKBdvxinHCh0oSPJhzNijm0Q8RJHEMZNMlwxbSjlLjzhaW99tY+RJyOeUCU16osKSI7jtroi01C0WrKJKLbeLXcBp6Ih9lKTsUVQmnvdVGRx0N7twoXOF08Q6RUAQjJc3ny66txZfQHv/wCqzXX96qnXVuLL6A9//VZrr+9VQF0G7nDZp7v5tPqtt5OtpIBk7UxTRDjVSmatNFOZckJbZfafIzcacvpbgYrnWXE1EZzllQYqmNtwM8UYo6XMUPmzmB4tcl3ZvJx5Qvv/AH1pvMbolFtW1Y2OYuz8fWjNaaaNZZf8fd8+BUl5eNLJed1BoGO+xbKaeh3bqyP/AAe9l8ne173z59dW4svoD3/9Vmuv71VOurcWX0B7/wDqs11/eqpTz19D/dttrIX9ztxvwdsJu3qVvq9HVKyZMGmqa90qMG211xoEo2XS79TVRLWM34jqrGWnQqDFi6sZzTcm88WvgCNgBkaDOYYiBiWBVkC66txZfQHv/wCqzXX96qnXVuLL6A9//VZrr+9VQGv2lZAuurcWX0B7/wDqs11/eqp11biy+gPf/wBVmuv71VAa/aVkC66txZfQHv8A+qzXX96qnXVuLL6A9/8A1Wa6/vVUBr9pWQLrq3Fl9Ae//qs11/eqp11biy+gPf8A9Vmuv71VAa/aVkC66txZfQHv/wCqzXX96qnXVuLL6A9//VZrr+9VQGv2lZAuurcWX0B7/wDqs11/eqp11biy+gPf/wBVmuv71VAa/aVkC66txZfQHv8A+qzXX96qnXVuLL6A9/8A1Wa6/vVUBr9qBepfHdCum05bqz/GDolFdeW90tJsyS6mPxbaao2W450o08zZchHBNvMlrqqQg5iPlWxGKuZZd6hlgXTrYKgeQJnI3n266txZfQHv/wCqzXX96qnXVuLL6A9//VZrr+9VQF9u9XGFrLyAHYweEpCSfGM3wgoGlKFdl9d5APxHsFFYx/LHM+A1H4nFFEERONCY93smOBGXCBI0IZOJhcibOHRzHU+qXDbrNrDsLnty5JM2h3C2nKNs0zmpP+6szZTY/wCO2ooAnCqggx3iSbTNazUKnCaipEMjZBteFSyarLaanqBMg4F4spU1ddW4svoD3/8AVZrr+9VTrq3Fl9Ae/wD6rNdf3qqB13p42L399eLLVrkOORg7pctJ0bzZCJ4yfhrZLXqQVCJJ8jEQ4LgZMl2w+U4qogZksjgQZ8oUXEZZBSFDvg+iYpps+oinOm9XOFHV7XDY1M29ecr7Z7obPNdDONqPpr3fnIWcHbGCIoljpE+Sj4sSbLMbSDkYJKSkTCO5oBxRTi6mrBpJxP8AC6rc7UJ11biy+gPf/wBVmuv71VOurcWX0B7/APqs11/eqoP8zN91L1N7OKnV/f10RhKchn5fhvYiFcDJaJdotZZJOw7sCwko6KaMG0JIexMgsETqLmZPHjRQivoKzijmFJZEQs0u7gX7KfEtNeH3WDTmbXNtDZ7bGbTbVOhu3Zo+zG5EvmZvmBGZ2du0GbDXVfAjYbzcTRwLYEcxkptF1XFJsKigqISOcPEDVLHXVuLL6A9//VZrr+9VTrq3Fl9Ae/8A6rNdf3qqAiD04r+Srjt/ODsb+rkQ1t6iX+SqMvzfMz9XE2vLu6RtzjancvbK1Ubetce7EMg9Bjplhbdos4tONm0UUSj7SWIQSA26IwpakwY2YLDNg/kpYKYCQGCGMTuVFOZCDYF9FjH6Z3xeNllM9tn4H33GPN9rN9EOilIv15EKCm0pJKEDAhUQbaUuNmXzGL55A5igAiZB3xuIEHle+GIF/wDvXxNaWchqqzntOrEcCBNUb4g4RtsXDLwWIonliBlTQp4kXR38288BFIimnTBs8jpbqT3ElIagdPKSMSIKB00aFiOb4CofehPxXn7kI5dNo4rHDsVWYUnXetxH4xdCde3aCJbpIR2zI6cq8SGB7YAS6g6BTXcsxLYGsMxM88q4eurcWX0B7/8Aqs11/eqp11biy+gPf/1Wa6/vVUz4G9d4mgGSONDU17aIvzjlZjHy1/1mfzRFZxxDgYFvNReRiZlZT14+sJKk4W870846VVSTgjK05HUjOVUWjA5s4qjnD49zdv0ZD48oElLjyA4z3sZfCvr+W13j/W4suCqbd+U0Bsxc3G0gMZ5hrWTVzadpEQTjQbzsKqt2TdvYupOCOeK9k63gq2e3rq3Fl9Ae/wD6rNdf3qqddW4svoD3/wDVZrr+9VQSNDGkvHzA+g2niDpPBpp7mYvRCb+BMOh6qbdVZJcajI6ytrLgcDkW0Nqtpvn1sLJa8GJY5dqEiZNGSUVOyJDBEOyL0FF3DprLEnGO8OKNtvqdjuu72QpDb6q81tzR+ZmguTkp3HXmuip7iIRgmscI0UVDwwCTmZjo2EAQxDCOAnzFsjWdMnXVuLL6A9//AFWa6/vVU66txZfQHv8A+qzXX96qgNQur2vLL1L11hXWWOVR0LTDgmOGtF7RVnsdSVJ3KKA0UsBJTTjjPoSI20Y4sDli+GZ4wmICOSFHvlkXTywd7B498VkC66txZfQHv/6rNdf3qqddW4svoD3/APVZrr+9VQGv2lZAuurcWX0B7/8Aqs11/eqp11biy+gPf/1Wa6/vVUBr9pWQLrq3Fl9Ae/8A6rNdf3qqddW4svoD3/8AVZrr+9VQGv2lZAuurcWX0B7/APqs11/eqp11biy+gPf/ANVmuv71VAa/aVkC66txZfQHv/6rNdf3qqddW4svoD3/APVZrr+9VQGv2lZAuurcWX0B7/8Aqs11/eqp11biy+gPf/1Wa6/vVUBr9qMu5OrDL3b1jmDVORndIrFYc2tkFoO5yxOsICC/iqBdYTFVSIIiq6Gw80EsEvFk3NvrWCi2VQM0gKioTBwLGRwThbM511biy+gPf/1Wa6/vVU66txZfQHv/AOqzXX96qgJqsfo6DIjFoNyPo25d+dSPWCz0kogtJkMffpIabQayGQDsCRRW42kGEE9FREkkFawRROTCRUmWDtbAEHDG1rVapCOjbAi7VdxahypKmwO68bvMu9Ux7uPd6Sg53kp5tt990DVWk5HcIgNqx5tp5UXMmgEg00AdHL3xuWN98BhD4Z1uurcWX0B7/wDqs11/eqp11biy+gPf/wBVmuv71VAThw6NXphk2i0PntmeSBW1GKLoS0W0aUtw3ANqiCACp+GQW/gzwWuA+cUAFUt4SCLWkbv0NT7ZVwULKu"
20:09:00.085 [Test worker] DEBUG org.apache.http.wire - http-outgoing-0 >> "Yh3K6dy6ya/u/Xg7qY4YkZZ/W4/HBeIxocxSQyTLAjkklAIqa2E1PT8ioiQVSCBUniiG0ockpIhskSUkk6TUiZU2Fl366txZfQHv8A+qzXX96qnXVuLL6A9/8A1Wa6/vVUBNu3RqtQRmgThdU205NVzUwgpgnS2lKruMqiauhppZRwVi7XwZ5VlFHeG2i6hhY6XJAvwM0WP5Zqhc8Eq55Hr3Ku7UXWp9axG9MnRDbLUtXjcdJkUfIziniEWkTYaGVJFUBGSg08cqfRh29dNTT7fW0o8TXkNaTk9eS1MotEix8PMf11biy+gPf/ANVmuv71VOurcWX0B7/+qzXX96qgJ1p/RttNB0toRvImyvItNur7CWkxYaGlsu7cLDh1WQsEMziaQkUmw0lpt9y3QUPLG4SUnjPYXvMAYyGGN/2s1ca0DexERmzx27kNxuJKagt5v6W7DIiEhoxIsmpCMjJUHO8glpKUnEwwSaempxEuATIkioIRYqVBCAADwCDxxtnU66txZfQHv/6rNdf3qq6I2l6YNxozdrJsZC7Ug7edPdMvQRLsXto+4Y0gIogEV9/x+4WojnFw0m7NKyiWRyyirFhlMwQSlM6CSwHEKp5wfEMsIBzboS/8wfa/9L4f9jEX1s+ry++jvc/enPElrJN0L7HRrsu9XTJM7iSghH4SZ0WuNAKIGcfs1qWJqxp9zLGyiAseEW8dGuXJpR8l3kKVEsoXHzFLAaB+urcWX0B7/wDqs11/eqoDX7SsgXXVuLL6A9//AFWa6/vVU66txZfQHv8A+qzXX96qgNftKyBddW4svoD3/wDVZrr+9VTrq3Fl9Ae//qs11/eqoDX7SsgXXVuLL6A9/wD1Wa6/vVU66txZfQHv/wCqzXX96qgNftKyBddW4svoD3/9Vmuv71VOurcWX0B7/wDqs11/eqoDX7SsgXXVuLL6A9//AFWa6/vVU66txZfQHv8A+qzXX96qgNftKyBddW4svoD3/wDVZrr+9VTrq3Fl9Ae//qs11/eqoDX7SsgXXVuLL6A9/wD1Wa6/vVU66txZfQHv/wCqzXX96qgNftKyBddW4svoD3/9Vmuv71VOurcWX0B7/wDqs11/eqoDX7SsgXXVuLL6A9//AFWa6/vVU66txZfQHv8A+qzXX96qgNftKyBddW4svoD3/wDVZrr+9VTrq3Fl9Ae//qs11/eqoDX7SsgXXVuLL6A9/wD1Wa6/vVU66txZfQHv/wCqzXX96qgNftKyBddW4svoD3/9Vmuv71VOurcWX0B7/wDqs11/eqoDX7SsgXXVuLL6A9//AFWa6/vVU66txZfQHv8A+qzXX96qgNftKyBddW4svoD3/wDVZrr+9VTrq3Fl9Ae//qs11/eqoDX7SsgXXVuLL6A9/wD1Wa6/vVU66txZfQHv/wCqzXX96qgNftKyBddW4svoD3/9Vmuv71VOurcWX0B7/wDqs11/eqoDX7SsgXXVuLL6A9//AFWa6/vVU66txZfQHv8A+qzXX96qgNftKyBddW4svoD3/wDVZrr+9VTrq3Fl9Ae//qs11/eqoDX7SsgXXVuLL6A9/wD1Wa6/vVU66txZfQHv/wCqzXX96qgNftKyBddW4svoD3/9Vmuv71VOurcWX0B7/wDqs11/eqoDX7SsgXXVuLL6A9//AFWa6/vVU66txZfQHv8A+qzXX96qgNftKyBddW4svoD3/wDVZrr+9VTrq3Fl9Ae//qs11/eqoDX7SsgXXVuLL6A9/wD1Wa6/vVU66txZfQHv/wCqzXX96qgNftKyBddW4svoD3/9Vmuv71VOurcWX0B7/wDqs11/eqoDX7SsgXXVuLL6A9//AFWa6/vVU66txZfQHv8A+qzXX96qgNftKyBddW4svoD3/wDVZrr+9VTrq3Fl9Ae//qs11/eqoDX7SsgXXVuLL6A9/wD1Wa6/vVU66txZfQHv/wCqzXX96qgNftKyBddW4svoD3/9Vmuv71VOurcWX0B7/wDqs11/eqoDX7SsgXXVuLL6A9//AFWa6/vVU66txZfQHv8A+qzXX96qgNftZQ+mR/ij27+l9DX6lS9XX3XVuLL6A9//AFWa6/vVVSTz7dIx0k5UNGUrWXXyLdqGc/CM7sCUBlaZGREjeaOSA1W8+0lRJhn2TOEhrN1gYy5yGZIvkgYEhAATmQ6gXEDBDMAa9ujffiS9B/zfP/8AbdJ9Xe159nEt0pzj60N47tZNSJeh7cdxyPC7WdCI6FuN4+hNYZB82tyK8XcVEQFJz7Cs9eNFw01wkgDGai20oTA8EaCDCFL4BGR7FuurcWX0B7/+qzXX96qgNftKyBddW4svoD3/APVZrr+9VSgNftefH0iFptV+9Jx4fGK+my33oyXo3+P1pvFnOxGTnG1XY1XHyBzYjuFsuZvLBY4kLzfXUg4cS1lGVCZpOVE40ZIniw5YcULL0HKwB8+n9Ka4V/8Ahyf9RSZKA1++Sd4svRp6Aexvrr8OaeSd4svRp6Aexvrr8Oan/SgIAeSd4svRp6Aexvrr8OaeSd4svRp6Aexvrr8Oan/SgIAeSd4svRp6Aexvrr8OaeSd4svRp6Aexvrr8Oan/XwExyzDEwxEzByzwyxxFDsHcQLLLG9rCB2FDFCvnhe9ssbChCB3yta2YeePZxuBVZLui3CBr8gkHTPOnXFTCTYVVUsgpbjl3XvUaNkFSXDuWOBNGIK7yaKKnnFU3nljgWTi5gQ4PlljiEDne9rV2GucXPEw2EVYcjk46+OxvN1vJaguL6+uaja1JKKhoqSUGPqqwsKp+Pi5FMS0wiXHOqCgdHAKEygAxkyMGCHnnjkP6QFxGtTVbUtl7hzJtBsjutuE7NyIWYY0zzs8Mi6E0Y+cdn4snWVGsUN3MFos1CHGQUTMcp2ysXLGSQojcAbhE4MmW33riGiudFWG25EdLcLdcKWoIa+gLieUVkVcRVYoMQVUdYSj4JgippamRMDklBPOgDlDhQcYsZBEBEzwyXCVlTYoV/8AzWX+oB/w66k5Cek/Bhss2lN565akcTs/s9FXBmwsOuE4F0/lVtJLlLkE9VMN5TXWK1F5LILgCWrJSkMkmjQR8Igpp5zMviXOlhBOlORLUvid0d0d2h2tU+Njj1xMQxELocbWLHtNdc7k1aRDxfFvRe3zNs45tj3FySMstZAEve2fa4qV8rBi3tYPL/Xo5Wpmeo3Edq+gq6WGlvqcEU9s/ImGBQEgIMuTfkVcTWDNkQQgbEjyNFQMdNk6TzwwzKmUMQC4ReweJUACQcr8f3CtA7HVJNnHSXi6hmNkMZNLLUgyvrbqfHbHRzCwoFkhIAVHY72YjoKeMqqp0mmJoRs+DmeUDZYkVxFMjhBZ82SOLTiccCUmLyDxzceC2hraeSV0ZZSNQ9bFJKV0pSLBHE5TTFEnHoxM+nnyYwJokdKjCljRYUIcAUQITDO9b/StPxIW0X/w465/+oON6nm8t2IP49OLiLNrdhFNUJR5HWuUE4eCm6TAU3a8HKushpo7YZjQSjJsgXUHC4VY0AVLWNniCYnFMTq2tqKYhJampFI8Woq+m+yPFqKvpvs575J3iy9GnoB7G+uvw5p5J3iy9GnoB7G+uvw5qtSS+aPdfXuAUPc/ZXh/fcZ6amsWguu98N3bqM3/AD7G8fPtUSkxsPR5a5WjdsZEcjOa4j3VG2HJ4qw2RlEIs6MUbIsp5kJFcoXMxGnHBrbqftaRjnCeod2kl6M2QTcaY+TzIDa8aSQwl2SC8uJ5UvHb9U3jgSayNgeKMwFOQjyxidDDDWCZgPEAalf7/wA38S1JQ+Sd4svRp6Aexvrr8Oa/xM8U3FSTLmDhzjb4+ipQqCKZNGjOnmuIBcsXAwyFHMGBxY6wCBBBCxyEFFEyxDDwxyzzytja97VVT9z17SwVFOO3apwubVEdByRxAFcc+SVM8QRnMiK1XEtE0RLeAmp9i7ufxNGUjCkmZJZt2uVoJg1lIjkoqqSXMYGb2Mbu6yIvMFoWz44jbZZ9wdCOyCZFcsrD2j1AKH16U4LcbeweKfH5rBRVErNFQnuXWGyqrQ2ApkQcolXQVAgeSFRUJjs3qPzlEXpUOm49gXo7EuPzKLIphfhZk6TsRjBfKOY9jrRt6PzEwUtnc0Bk0G2jqTgsMWsHncwFdOtmDbDPumOPa37ElFni34mW4kKbgcPHTx2oKCikDSosrazqLrWlpCSmEQczJ1RU1I9HwBMgQJlwxDBo4aGCLlwQ8xRhMA8csrUIdIp0a4xtNeJlac8VQBCGt2wMcu6GEbTp+xE0kNgzqclNOkBrGDJRNfrcLkH69j/iCQeLlc59yra0c7smiPEQ1k8SKMo429T9oC5OUbjv1Hgrb2V5Yi5VFbOt0qbStePhE1DNS4923H6SefUXSFkOU76LNM4+j6gqqBBJzTzJRxIyGplxAjSKT7Rx5d+PHISqN8w0h4uk9vz4h1x6PXsE5zzJgSBuGeb3mmAGDKk0Yhi7SKSnOnlil74mzB5AZiGtKpQArla9jApgoGGDe17CZY3tepMeSd4svRp6Aexvrr8OazL80EOaGNqXeOCBOJ6ONfGhydsndqMB22j6bthlpD7jiHmiVcJaRz0/GIqLA4ozURnBi0jyrnKguKkEQIu9Q7pig2feZjbPTMz9R1ytlvvoyrADyTvFl6NPQD2N9dfhzUOJIjLo1sNvdfjOXo+4OYqkdqGC5R0R/JDT0JYz3bZs2RKqZUqvtRzkEteRzBlNPElAuCokCwgxE4VNh45FzAQmd41Y49IoCgqfOknc36POsKxLNSQgMqB1JCS5ajhnSOnIqiZaEZFTCgkkXijLJZNOjlv+zjGiYQI4oH8TmJkH/BosOOVYLDjlWLSmKwujPSi8G7HkZsvgtkR/vBULIbSYzFbugbueDoWjmV8SiO3Wy3yagtLaoaytfEsnphI0bHytewQOV/wVIuVNAeFSCmkZf83aT8XEOMQmYBKG3rKmt+p0etIqaMYiZFyxlyO5mJCOAYHxCFyBBFO4iC4hCXwxythl2JONDRLSCPnOhvZhabaqMh5tlQAV227mhrzETac7eVSuXbFlNDXkZoElVJUC2X8IA6QNlzIOX4Qxcb/hqH2yfEdEm5G+kT7g7UvIedIngqM1RnRVpi/GYkLcEor4WjVzCrKzgTlJSOprzcJ8MYUA2mr7XHImcEtnd3FEwaJEIdi2t+jFtSE7qj7pr9iGNKuC3Y9FPuTXnUribnlupZkMmpr8MQNp9KKKnGxrCZBFT6qx2quESZkXEEXIMAwOGLnYIS+ON7YZdj7swaL8H+vLZDek/adcVEHM4Y3inguyYNfNRYzbIp/PDITEkGvPRooiXmbyDxyExLYmrjXwxyzthfG172pEleNII1o6Tpx7Rzx0sxmRE7ntBUvZ79RTBKEms6L8YryablXWKqSSy2aXT2ghOU6ZJgOEPvkgnqB1XKROsmgTBtcRR1W5iUeHuEtjuRI3vhtm4wtoGu2YoJRjA+qEtsJAccGwgbvZCHX3ynIqudVUl4OlwKZFfUxTDjbWWBQy4iwtrmDLQZ5lHd5n7AkWSTskpe9vjQ5NEOinCFsG2c3rAmnHFVN7NDNZEc3bEOvWo8lNnA7jhYTInmvMxoLSViaxDyxzyL3N2Fthe2V8O1va9fGX9FuEDXts4PWfdOeKmD2aIaxIhu2X9e9Ro0bOZ3PHtsCeC89GiipWRrPG18sS+Ju42WP4bYXt+GqT4uY0N6+9KobcO8dzcbEbxct6POVX5CYnhdOJN+IW68SOL2UGGfV2U3wizTaz0DVVCCxxwkpNT8SdndmMDiEqvJ4WUPtaowrH/Lvzo8nU67etVDm6EONhztnUbWSCpITSruiVAeFz7rRZGehljLIBlvLi0G4YycS0NdfTlEsMoPxLMXDMCshojoaOqZ9a2LdFt5ZFtJZS9l18TaFcJc+NXB9QVpfxZTSyBDQpEN4xNrpqXIzVzOg4BiDE8HCz2cspGRoIMULMUvicuMHgIHllhbHPG9/oTHo9wca6t0s79gtQOKOCmkcOeDyjomOANQ4xbpo/2lhO8Sy29mkiJg5zud7Z97BGchu0vbLtOxfs1TLMsOsXiE6QJx9O/VNuJcNa18qCFJUBzzArBJBt6LTEosENHs1Hs32WlghNlpnsXFIcZmSgCMlEgSoZN/hpveIL1cNxLd9hOK/UOU93j3I9us7U6YWjHULhRqxIQ2PLMBS1ag4Cx9IMqEikkd2EcEYVxqJ/BaGMKDyGUSIZ9z4mwQ8DzfaQ6KX6zNQv1+/RzKJtCeEyfGoE/IK0v4sppYwxkUkC84m101LkZqCnAccMxigTiZ7OWUgQyFgKHmKBgcuKHiJhlnha2eN79neSd4svRp6Aexvrr8OaoK4rkKGlbn/3ukLjORm4l8cpbVdpMuaFuFU4umarunbUq5GWcSS0Uht4IuwVFZSW5d0j5nmQBkhlu+H2dLDd7O4kbWNelMzI6OjKMkqaPB9MR0iQA8k7xZejT0A9jfXX4c08k7xZejT0A9jfXX4c1P8ApQEAPJO8WXo09APY311+HNPJO8WXo09APY311+HNT/pQEAPJO8WXo09APY311+HNPJO8WXo09APY311+HNT/AKUBADyTvFl6NPQD2N9dfhzTyTvFl6NPQD2N9dfhzU/6UBADyTvFl6NPQD2N9dfhzTyTvFl6NPQD2N9dfhzU/wClAQA8k7xZejT0A9jfXX4c08k7xZejT0A9jfXX4c1P+lAQA8k7xZejT0A9jfXX4c08k7xZejT0A9jfXX4c1P8ApQEAPJO8WXo09APY311+HNPJO8WXo09APY311+HNT/pQEAPJO8WXo09APY311+HNPJO8WXo09APY311+HNT/AKUBADyTvFl6NPQD2N9dfhzX+gXFHxbgZXzB42NBAc8gxgb5hada7h5XCMBZgDhXywjq17hjgCCAjYXv2ogQmYedssM8sbz7pQEAPJO8WXo09APY311+HNPJO8WXo09APY311+HNT/pQEAPJO8WXo09APY311+HNPJO8WXo09APY311+HNT/AKUBADyTvFl6NPQD2N9dfhzTyTvFl6NPQD2N9dfhzU/6UBWm+uNvh3i5pLj+kzQjjTjtiNglmpOV6vrVrV1otJvJweWOIh9cca+xU9HSSQeWeGOZo+cLgY5ZY2yEtfK1r/Nj8a/D3JzQbkgxtoJxrSEwXgklF5pPdj6savOxoOlDPh2GIrTccqCxFBFW0k6FewpRRTDpomZDvbMEbPG9r1Tfzl8RrWlWAORLePZXaTZSfg4ygmT5K1V1sV3diytfNcVtAji/eSiQZzOsQxfTjJOIocVE9wq2aVc4kmiiC9U17DEBFo9bTwffihuOn9FGJ/1fAoCLqindF0SFA8kqxHgNTFRMOGU5STVEtx4klBPUCQ+ZY4RPEzOARgocKGAhC5ksYDDGAHDzCFwwEwyxt3hBmqfANs+K5gNadbeH3YcZlhpArxBgyHtLpaFaYTgyUsEERzBsFuuDNBDW80ZXxSM1SxXFSySlLEnca5E1YLteX+PPiVjZiyhOEp8eehILZYLTesqyM6lTT/Xo+cCQ2sjqbudzgUTZuPrjnTWBAioKJswZHuKZGsIIMNfPPLOqrOiuQQQRdL513ZFjhpRWschO0EoTI3mMx22jtBqMiF2e6XA0IzYDabCEQTEtEa7WcGcmDtQgnESSaG21tLyTygZXPAYwzM1CpqiKzz+/aeVQnzNeq/AHrWcSE7YvXHh6gJQcAFzKCRmuINLIrOLZbEXMDIwkFn03kIdSAxHDEBuKSwGDsKHmHfLt8crW7fZnGnw/yM2Ed7R7oDxsvtmOErY8gO1maq6wOhsLhK+eYdjiOvIjDPJSmVuIGIHYwSNjhXzwzw7ftscrWj9A3B/qwz5w2u2Y22T2bv8AzjtJIx11mXjs1ELJeCbFbA73uAixLHLVdebzQkFtN8sIIklFBOBTjojYIt9t5BBpyGHYzTLw4zGy9W5y6Ri6tVBMlvjX1WUT0xQ63U9RUD0UJUoseP5OdUsIcTHu7mCN20eEZ4qeZFbwpsoI0EmNDZYbJPHRRzrPOa8DM3vC0I3YzDrN0fXXlwJbSn7X3hvg11LYIZhFbMwxRpPGbgVy42XaBDpaM9EFEUT4Iuf8AMUoWFwzy/g45Xv+Cu"
20:09:00.085 [Test worker] DEBUG org.apache.http.wire - http-outgoing-0 >> "/UPi54l3MjpbibfHXx2OFvrZEqqIq6h6j61KyOrph0HEwTUUtTIR8YJHyJsDPAYqbKDilzAOeIgQmeGVsr0cdH+41tc9p9E1DfvfWHI1262i5B3rK0lSK/Z/ZLektUQmcXfLjYLcazMwdBBSKMogZKtcw6QDLSCSFEqXW0ZDBOApTQbKej8r4J7LmlfIxyx8OxVwry3A+vTqYexmq6GvKh9ZFjiOJmTEl1LrJT1NSzMmTCSWT5EjIOwWJgEG7lTnavilxVhzLJi7M896jJ82ftEmXYeSd4svRp6Aexvrr8OaeSd4svRp6Aexvrr8Oan/SgIAeSd4svRp6Aexvrr8OaeSd4svRp6Aexvrr8Oan/AEoCAHkneLL0aegHsb66/DmnkneLL0aegHsb66/Dmp/0oCAHkneLL0aegHsb66/DmotLcBdHabUm3hVxwrwtt+ZMVGyRlEq3HGjiVJuKtkLcHFLuwz6MA6bKOQ1rhWJXSu+bi2uHYLt7div9OkFbePvSfic2kmCKVw62JUWklqRJHzlTDGZNVbaxLTwRWWruRGPhWuOmrzdZqk51xuqRa+Bkgvp6YaLjADBYDhx71t6PTx5eTMZOsMs67Ro5pakiFUdUlfZNSZ6Ipz6BOTybICyvyA15SPFc3mjWajwUjObRbpZbCQAkMiAhLJBVJKS9ZVDeMv8AesmWS+Sd4svRp6Aexvrr8Oai0WgLo7R2UPkQJwrwtm5p8KWQ/khLRxo4PKHhu4tgbI/iAEjZuvwpca9grJ/gnvu4t7B2B7f8FZb07k52sYnRmZThky/XFntRHW8BviYRZIAW1C70CbI5Uq+Q8k9w59zOBHC8Yl3XDKArd2LqyUiJRJSBNALJMoey0Su3o5nHiNxuHdMW5rzE4EtpcPDEG5s+AzEMpOZifiLcyGISsoSjiSDepgBSfgQSkpNIZZxauTaFuzy6QTQC5IkUJFq6rWQSLTR2V9kVp+38KWIeSd4svRp6Aexvrr8Oai0WgLo7R2UPkQJwrwtm5p8KWQ/khLRxo4PKHhu4tgbI/iAEjZuvwpca9grJ/gnvu4t7B2B7f8FZwHFy0bKObopsfOpPfDovtRIU2JvGyZlHFUPF3wZzxWV1VxVbLgnYUsXguQA3yrLV3OYO5LYq0pqjrxUwXBmEMBeo7ejmceI3G4d0xbmvMTgS2lw8MQbmz4DMQyk5mJ+ItzIYhKyhKOJIN6mAFJ+BBKSk0hlnFq5NoW7PLpBNALkiRRr86BJom+uiX98KT6XuLviVaqGtOdz8dvHU22020lRXnC4V7UjWlHQ0FDRyYygrLS0rKEflyCWkpZAuYPKKieMAEyRMAYyZGCBCzzxgt/8Amsv9QD/h11Wbr7yJSFMnRJdkpoltzKq7LMa69T3p+6nosmTA6+uKyoZDhtgLCofN/wDbjbmsypPYhNWWTZg0qKrjKHFs4azUTo1sOz+PZ+dGpT4R071QfxXi9fe1hGBILZchHnxBENuJSd01iR82SjyLLExuWOTTQcT1WHyKplRShh8n1o4tj+CsbDqV8QLu9tYUHavCzeddi9RL4seJ9cTE5aReOTjyV0dXIlFRJVkvULW1QTFRMUC4Zsgopx8pHoxU6ROlRgjJQ2WFFLmS4oYwImYeeOV/veSd4svRp6Aexvrr8OansSJE00mUTk4oWIJ5AsASIkSQARUmSJlQsACxQoWAwDALli4AeAIAAOGAQIWGAYeGOGNrW+zQFa7141uH2NmssviRdA+NdgspulbnnA8Hrqvq+1WshErCYBXOLLgXWIQSUwrYUQMO5g6bABsIJhh2/bZY2v1JCmqvALsoZViWumt/D5PpxACsOulIUh7S2VDKKBcTAGwysAxW6uipwVxRQwrCHMAcLiCYYWy7bPG1+acgfFsyuR6W9UVyepUchzW/Wx6KkiujUsJDAMRxPzzGLYgN5Rk5TstFDBxPa9wAQCKKMkKZMdIUncjidzLuw/mFQ/zMwZrFqXyGcLBnj4iqL9ft63luC0UU8z9cGW3Y0yeOsagrI6BIBiVmlHaeipZtnDh5mW7ZacJAKxtmWkkkGoCpLeVPBQRpj/LeNdEv4kbjr4aYfaKm/wCW9FeMiLWGiYh5LL2kbWPVdkNFIxGzsGDkpuRzMhMRiGIol7Bh3NnQrZ53thje+V7WrgUKagcDGypVVPa56u8Rc/EkLILBbOQpCemsqFUbMe+WIOCqYYrZXgk/IbLHLELE3mDcS+OVsLXva/Y/V3S4oI136221hnbZWQlaQtfNY0pfOJmk7ga6cqwpIcnLYS6XDkuQ8zCpjdxmEwudbpcq2VVDUUYQo2REwxcRGdTqTFSj3kCiDXjVjnm4WkHjqj2PYP2WkR7PYhtbHGvTZRGEguDVA2O1PCCvKTDZZNLbV7CtBLmNRSVQ4kWPHsWmErKQ4gzRZxoix9rwXF8K1pqu0Z2Tl6Mt9cicdPDVEDSVH9LOinGTF7ERMMBFp6yJrFquyWkkBiZdqHmqONyshMR0/DPL+DhkbOBY5Zfgxve/4K4RCum3BFsmnKixrrqrxJT6kIgwJdaVIVg3TmU05IMGbCXLgKh5jNddLJ4w9gRbghGxQsxbBCXwxy7TLsVGbGx2h8q/SQgNN9gyvjvp3xo6tIU7LMErIgpqO5LnqSAWSoIqi+kC/aFXCFggS01BrJqliaSRkmPjqCZBESXi60xY4bzH67xDxJba8afKTpdHbP1vLKe1jM1K2qj+GW4mR/HktxHKpBRWRsVxhtMknNQNTJNllPktdXxRMxTThHY68awHWmiiGMA3zZd7+UYvGlnQjhNgNpiv2dNLuLOFmKAaBIjvSWdc9S45aYJ0xgIIATFcbwZyMjhmh8ARswS+ZywomAQmWGGVg8r2/OhvSDg32Lbxp3a+ahcUU6tQibsnnXPDcAahSe3iZ/LC4liRpaZLTXE0ubuHjfOxYUzgNfC18rYdra96+tttxYaxbRbiRZvHuC7h5LjTWmKHC3WvrXLwDPUNV24onjCmqL8vutAcZO6apODvU2DirGHQKbQcyraao5wtbxYT8wqWdRW/r2udJRWHfxQojETtRGZpQpNXe1wa2paWmauK01nV51jM1vJRpmhAxepyBjnnF6kZDZ1xO6DIT0NY45K5GQDGa0cSmLdx6xqVa9IpoN8k7xZejT0A9jfXX4c08k7xZejT0A9jfXX4c1P+lAQA8k7xZejT0A9jfXX4c08k7xZejT0A9jfXX4c1P+lAQA8k7xZejT0A9jfXX4c08k7xZejT0A9jfXX4c1P+lAQA8k7xZejT0A9jfXX4c08k7xZejT0A9jfXX4c1P+lAQA8k7xZejT0A9jfXX4c08k7xZejT0A9jfXX4c1P+lAQA8k7xZejT0A9jfXX4c1gt4qNX9aJE6ULvLr/IGu8GPqB2lK3IAnNSE3jEjBc8RtlPZkuqaazyLejdbb55mopNqJwYae2iqajFgEIlhgVS8CoGOIdvTRrzoeHf+lw8g354uSX9tStUX5TtCL8p2hshk/jz4YYRYq7KE0aOcYURRm1sU/NzSJJ+s+qjBYrdwV1YggpWS67XWyklASMVNdVExFT8lBQL2OqyiQTi1xThwuCJyRt8YPEg8m6gu9ocePHM6mm6kVLcjXdDb1L1nXG65G6uEQFNFXkFbTGAaTVhFWE00WUEtUTzJgioETABsoOMXGDEyhV0nv8AEYb1f/A/Xz/1XQTUcd5OQR98cXRz9Upeh8bElOsm6v6Z6+wgr5lQD/i4/wCR4IQTxh0lSBkMcseWGux2u819tFTRY4QFc6cjeEyJ5MscKDUpOmZNauj466K5Vv7BwDw2QSvHggxySJMkV6SxgrnABsccwhiqa9kFDOmAhcMscgxAgc8M8cscsb3te179wsDjk4b5Xaya+Yt0P4zZKZKzjnmkPFgavasvJrKuAeXaCZprhbrHUUk9iHn/AAc8ipsW2OX8HK9r/gqOmhvBdpHrlCjcy2DgOLds9rX4hkXNsvsJsw0EGfnzIEsOImGoPscgsSiRdF0NshrJk2mJaejYEhFJJIkTrnMrzgGUFk5/lrlw5AaRciy5tHpFLqdr5p/LjFMp+w+iic01VXjh3SUEWVwUZ/xlbF1JqBE5hMNeLJ8AEg3FmxAsXd7ZRgk1su0FOQmXl+/YnJtNZy1kmv2dguLVLgHaEyImurs1s4fmvsE5c0oNuQU4od0uRJkXxF0IQZDwRIxUm6WeyrmsghCipWJFDHyUQghBCdhsMMr27wWuLfiabiOrOFw8dPHcgoCCmn1pcXFrUXWtLR0ZHSyop5TVlZTPR8ASTk1OJADnD584OCVKFQRTBgUMIPPO2Qrls0rfm6/O1vMkwcrL6HtFrVxkRJuHqwpNoyOXV7zTBUtQcaTUhOxAxyuYXHG2XC5m+0cBLhgFHqpNtVMiWLJwwYmk7WLkCa3JhwrSTs+k3IEHso6tTsyZwaJG/aeI04M2KV4i/wBv3K5ZiDEk8+ZGJu9rFzImZvJluhtmTd8TI4oeAOknjtnk75i3j24XpxYiFKUKaPcYEwRk6PCfizIsW606pSAxHF4EWFBurPgJ3NNlK7fV/BDgSFVCU/B6gY7wWExQTDXcjpIyAF2B5J3iy9GnoB7G+uvw5qAHRcfxFGjP/wBsz/6w9gqv+oCAHkneLL0aegHsb66/DmnkneLL0aegHsb66/Dmp/0oCAHkneLL0aegHsb66/DmnkneLL0aegHsb66/Dmp/0oCAHkneLL0aegHsb66/DmnkneLL0aegHsb66/Dmp/0oCAHkneLL0aegHsb66/DmnkneLL0aegHsb66/Dmp/0oCAHkneLL0aegHsb66/DmnkneLL0aegHsb66/Dmp/0oCAHkneLL0aegHsb66/DmnkneLL0aegHsb66/Dmp/0oCAHkneLL0aegHsb66/DmuqI70W4QJfXn81om064qZQc8UqpFBlFuR3r3qM9l6NlxTxPZpqM/khtNFTUGcqqGCYpZkU5xF044bxTz2QAIlihi4fMuRHj3XeQpMi+PVbb7Y3XOC0E66RJui/XhZSGYobEJCyAhYIjadb/FJnFxDbyGImKoZ9GKFVNKcpBxnQTxEsoEUlVJUg9GphOOdbty+emAohRR25F8PbcRZHjCQjSsqrplLa7XM7AJaQUMrK4cUFdTHCKlw7DHVA4YMjiXyzEEve9rWAuhk/j54W4RaRt/TPpDxfRExE8YEufesn616osFpEjBiwly4BtxutlpKOWGHsELcEIY5hmLYMS+GOVsMuxxaFtMuCbZFLUlzXbVHiVntFRhgSyusQtBencpJaUYMWFuXAUlBjNZdKERh7ADXBCNDBZi2BF7THLuefYqG2FjZhb+9J/bOre4SOnyBrlqXoMJOUIwO+Q8VSLpGlhwulok1pxLjOUL5pDtM2T3oqinyR8sdTzxaIUcookjKcQUixn8zlahyCOKnkO4i929OY9YOtaxM20pDUPZOPobQUSOGRMsKScabZJSPOGO2uWSWqoKrKLGVVRLrWKOGOO4zDKUFc2KebTaMkALupL48uGKF2ioyBMWjfGHE7CSLhYqz3kvWfVRiNFLyHyviBiouR0MlKRiVxssb4hWMnQriZWvbDs3teuHQrprwRbKJimta6aqcSU+oyIOEVWVaFYN06lRMSDQ9hLgllM+xWuulSA41ghbhAmxQhBLBiXwxv2mXY/e3e4toA3h2O1r2K2qei88Ya1LTngultWXeG2TWtrycqwmqtjUiSmlK5O4qyYQAbohqxVUPCNy5BrYJymRGRFpzklaipstrVxd6SRp+p8RTfi0gxYz19mIhyPOPU5JbybreWbiw3XaWjZrPgzGgJaMlGQDDxDb/diabYyr3cJRmDKt8zzOU7IqOeNvMVbSeqOItNobxVo+HvelPQDhVgtpGX9Nuk3FzDrFJjhFTj1lPW7U+PWkUMj4i5gFzLjdrMSEcAcbAEbMIEU5gIJiELlhjeweV7fkQ3pBwbbFN807NfdQuKKdWqRNYEjrmhuAdQpOb5M7njnngUNLLJaa4nFzWeAYmeBcUzgLljhnlbC9scr2pvTopaHLh0i3bNsbQIpGW9TeKWJI3aEVQM7wcFmMVqbpYSkdXWHm9GSeDGb7mzDUg5EInCiuSOhLATQjsNSuYTEG6UL+Tv3BUa8RfMFxWbhabs1vQHGG7Mz20o24h+MUomyYmdxd8KzTRWU8c2G3ixVvElRPEdJ92KNkhPTQc12NW4rhlR1RXc5lUbV+ZexsqRdtN1RExtrFX/AExnUPU7WKNdED+ter+u+vR53vmeyjtOwdCkbRMbdBRHQItGSCriMMJtIAy2XShlA+KmgqeZkMiIeOCFcQsjI189hcYcVPF4oRrHh8/xu6EHTx1jNI2dOm9PdeTJs2bMoCeMYNGjA0d5jGDBgbPMUYYXPMQUTPIQTLLLK975fOnFfyVcdv5wdjf1ciGtvUS/yVRl+b5mfq4m0BTE7Gn0Y5hOpzMV9NnghZb2ZbgWWm8Wc7Ebj8bjqabqbiiZR3C2XM3lgsTV0FwISuTOJayjKhMqopaiVMkTxYAyAKFj3rDemPBPsUQOquvuqHErOqYmWCuoqMNwVp3JxBPsP2e4XOnGS1lwuUsN2L9yuOIH3TsX7TtuxWdviTvxs2335/77430ess25PZovHt9ufkF8KWR/lm2A8Ybs35ZP+1+DO+/B3hrwJ/2XvjvLv7+M7hX3Z9irTd4c0fFe8OCxtRvk/mbMJ1T33e+jpBPA1jQdZwHCwxXInSc44vDwg0m4XEzsJSQ7pKOeCWV5QPJCQ5QDC+aYgdAvw7S24jOqGiyRdFOEKIFyOWxLWnHFVFzlmF1FWLEbekXXrUdkrkpPc8cTU8kzo5SXK0Ew+93UcPrKQRKt5sl1NXMHFVNLBE8xjxXAXmLw4z+IOPGo432/+P3jcYzHZ6KouR2vJ4ap6xNlqNZuo5UU8rLzjcS0wiSQiIqWSBGOKKopnCpEiVCFMGRwgg887U7dIk/nx9HO/wDFQjD9r2uNcH3KkJ7c/m8Dh4udbXuoNzjf1GdDacPJHPrNVAwR5kfJJXPDNnW6O1ADIQM8ml1ttLBY2rCYGUXN0N9bd4pU+VjpmFn4GZ7Lem7pjwTO+Gz+xbT1R4lXRr4lJThXVSdm7Bena3DaaiNIY4Xdawfk9Naxlkk0psmE5QAcKgYXAyiKMROBKQxbMqPjhzuP+ODhzlhmN6Ros0M40JLj13J+Ks1H3H+rmrbyZjnS8xBAcFJvOhusZSRFpPzFBFCxOJp4yXyECEwsJfLDK1uB8pkYx/C3CnvTEkUtJFYcbRxoXNrOY7NbpTEkitxtIMUrZBKSiBe18srBFiwOGOQw4gxo0LcQ0bHHNDDDZ0HRRyYv3VvhP4p9KdMCZN+cl27sJpcf66s4EdPEtFyEsuh1JKzPbxwP3yTktKbeICnZoCODHBGOLaUruBRBU2yxHYQzmvh+UT5IqtlUTtS/VmaXcFUjyW+oWjzU7iYfkxxdYXKTImZkEaeuiS46xAOgJw930xENqnnS0bAqBksQFu4EpPsGdMAFc+1HFDDy7o8k7xZejT0A9jfXX4c11xxNcYcccYGt+McpitlJM9yaqWkXaTYFX76OOuaJcU++DaqpGlZVyGWsmmgG1FSJM1KPj5DAgGlNwquI7sdDoVFO0aqUgB5J3iy9GnoB7G+uvw5p5J3iy9GnoB7G+uvw5qf9KAgB5J3iy9GnoB7G+uvw5p5J3iy9GnoB7G+uvw5qf9KAgB5J3iy9GnoB7G+uvw5p5J3iy9GnoB7G+uvw5qf9KAgB5J3iy9GnoB7G+uvw5p5J3iy9GnoB7G+uvw5qf9KAgB5J3iy9GnoB7G+uvw5p5J3iy9GnoB7G+uvw5qf9KAgB5J3iy9GnoB7G+uvw5p5J3iy9GnoB7G+uvw5qf9Uv9IK28fek/E5tJMEUrh1sSotJLUiSPnKmGMyaq21iWngistXciMfCtcdNXm6zVJzrjdUi18DJBfT0w0XGAGCwHDDPZ/mtwF0dptSbeFXHCvC235kxUbJGUSrccaOJUm4q2QtwcUu7DPowDpso5DWuFYldK75uLa4dgu3t2KlL5J3iy9GnoB7G+uvw5qtrW3o9PHl5Mxk6wyzrtGjmlqSIVR1SV9k1JnoinPoE5PJsgLK/IDXlI8VzeaNZqPBSM5"
20:09:00.086 [Test worker] DEBUG org.apache.http.wire - http-outgoing-0 >> "tFullsJACQyICEskFUkpL1lXpLgMkjZTcfh2m3VR07CvWJtktW5amvR9F2MQyhB5vxlgMlMbC0w3QVKunDEou4s9Pd2TATgTBlNWM220Stii2iLtibgLNeZWflfI1by7aIyLysJeCzt0aK8ILIkVjQ+9NOeKloS1J/ffyaxc6Ne9RkCRZD8HgGDJ/xGZKs0CjldveRYobMG/ACYod7AFTAo3aBgiZY9r+Sd4svRp6Aexvrr8Oaysyfxpw7x187nB7iyJAm2bJanZ2bLOyfJ82DkZWkSTJWdLbjsqSSFBUMGrl0hKJpYa0sBJpVNTsVDIocDBXFheHJFTYe6Wg4zPtZlUUyaQcG+uqIiubYLULiigptuVwlmk3XBMkA6hRiiL7rOlDh8m2EVVezTRCCq4TZFOUDpZFImB1IcoQOGQi2YJUfPDshe4u+JVqoa053Px28dTbbTbSVFecLhXtSNaUdDQUNHJjKCstLSsoR+XIJaSlkC5g8oqJ4wATJEwBjJkYIELPPHFDz3y46eSQrI+7DccClbSjSfcSItGtTwSI97NubJfcKkpOTaWeQcrY9oqIiUO1GVHLCViRg8hrbfxEViAhNTwWi2eyDnElW0M8RPIW9bGbkhjWsUiR6TNY5doIAozEQwiFMEAE7NrhmbKD5Ld7CYXsIGY7nmHewmONPluZWF9W9Lf8AKkVP/wA1l/qAf8Ouuy90+NLi+TdE9s5FjrQDQlPUE/Uqd3qxX0ytVNeipwkcKw66l1sO1pOdCYYY5Y0WHDIrCCvI57AUEXAooJ5vHPEEa1aPHs/OjUp8I6d6oP4rxevvawjAkFsuQjz4giG3EpO6axI+bJR5FliY3LHJpoOJ6rD5FUyopQw+T60cWx/BWNh1K+IF9DW/ZImm8fe6qcnFCxBPIacbHEiJEkAEVJkiZWE3kAWKFCwGAYBYsXADwBAABwwCBCwwDDwxwxtayuiyXcV0WS7mPHogmlunOy+k2zLr2O1N1o2AdKDtMM3kJyzbBEWysvoqBaJY5UrIaSsPtqryinI9lE8dP2TCZkElY6cNGrAd3MCiZ6Q5u1q6PjrMtIzb2QgHhs1+cTjSxFxvIE3RVpLFC0uooRsUgKsIyU/EFBPKiWGeAGJCKBEAcpgbBFLZDWGDzwtSn0Jf+YPtf+l8P+xiL61Vzdplp9sytIzk2Q1R1r2BcTcSxENvL83QXF8rrSEiimxT4qOjKr8ay8eS0sQ8OMdETyI4BTM2MKZyBuMJnndiDEKsGw2OjEvZyt5mMxvcDrueDuXElsNRqNhJ4+l9yudyr58ulITebyElFzaotLi0qGyqakpKaVMn1E+ZLkyZcYwMGHlKaS+PLhihdoqMgTFo3xhxOwki4WKs95L1n1UYjRS8h8r4gYqLkdDJSkYlcbLG+IVjJ0K4mVr2w7N7XqiV86k6jSr0lPUPW/WLVnXCEo944YIXdwtiTcHQfGUTGF6YHeOh2hhtuw+xGwh5rRhkn1GGZEaZRUEMiFgF12jJpYvfvs9a8fd7i2gDeHY7WvYrap6LzxhrUtOeC6W1Zd4bZNa2vJyrCaq2NSJKaUrk7irJhABuiGrFVQ8I3LkGtgnKZEZEWnOSViv1z+Yo/OfyPTyPwYV014ItlExTWtdNVOJKfUZEHCKrKtCsG6dSomJBoewlwSymfYrXXSpAcawQtwgTYoQglgxL4Y37TLscxkrjy4YoYaR9/wAw6N8YcUMRKzBDVHrJWs2qjFaSaIYvliBgfcboZKUjk8x745WBxMHA8hL45Wwtle1+xQu2W1q4u9JI0/U+IpvxaQYsZ6+zEQ5HnHqckt5N1vLNxYbrtLRs1nwZjQEtGSjIBh4ht/uxNNsZV7uEozBlW+Z5nKdkXs7lBZcdTJ0h3jRiDewBGWNFDOr0iumHmNKgwQUByFt0TXJIBVkJ2FVoUBquBxht0CLhizbW7jlVkfxQbghJSAdJpGVV6aL89szRlEXpourUerybfW2KE9P+BnZUoqqGuWrnEXP5BCzCDXDsJwlptKpRGEHyzxAwVTLFbK8CnZjZBCYhYnMwchMg87YWyvhl2O9fJO8WXo09APY311+HNZ7d+IX1w1l5x+F63HAxoyh7ZKQZMfLc2qjPWpDbrPSFvU/GzNEcjgl+PGAWIN4iWBagskHEVdWkcqaWrt/wgKZPGGG3DCNsRpmYozPx0q7okAPJO8WXo09APY311+HNPJO8WXo09APY311+HNT/AKUBADyTvFl6NPQD2N9dfhzTyTvFl6NPQD2N9dfhzU/6UBADyTvFl6NPQD2N9dfhzTyTvFl6NPQD2N9dfhzU/wClAQA8k7xZejT0A9jfXX4c08k7xZejT0A9jfXX4c1P+lAQA8k7xZejT0A9jfXX4c08k7xZejT0A9jfXX4c1P8ApQEAPJO8WXo09APY311+HNPJO8WXo09APY311+HNT/pQEAPJO8WXo09APY311+HNPJO8WXo09APY311+HNT/AKUBADyTvFl6NPQD2N9dfhzTyTvFl6NPQD2N9dfhzU/6UBADyTvFl6NPQD2N9dfhzTyTvFl6NPQD2N9dfhzU/wClAQA8k7xZejT0A9jfXX4c08k7xZejT0A9jfXX4c1P+lAQA8k7xZejT0A9jfXX4c08k7xZejT0A9jfXX4c1P8ApQEAPJO8WXo09APY311+HNPJO8WXo09APY311+HNT/pQEAPJO8WXo09APY311+HNPJO8WXo09APY311+HNT/AKUBADyTvFl6NPQD2N9dfhzTyTvFl6NPQD2N9dfhzU/6UBADyTvFl6NPQD2N9dfhzTyTvFl6NPQD2N9dfhzU/wClAQA8k7xZejT0A9jfXX4c08k7xZejT0A9jfXX4c1P+lAQA8k7xZejT0A9jfXX4c08k7xZejT0A9jfXX4c1P8ApQEAPJO8WXo09APY311+HNPJO8WXo09APY311+HNT/pQEAPJO8WXo09APY311+HNPJO8WXo09APY311+HNT/AKUBADyTvFl6NPQD2N9dfhzTyTvFl6NPQD2N9dfhzU/6UBADyTvFl6NPQD2N9dfhzTyTvFl6NPQD2N9dfhzU/wClAQA8k7xZejT0A9jfXX4c08k7xZejT0A9jfXX4c1P+lAQA8k7xZejT0A9jfXX4c08k7xZejT0A9jfXX4c1P8ApQEAPJO8WXo09APY311+HNPJO8WXo09APY311+HNT/pQEAPJO8WXo09APY311+HNPJO8WXo09APY311+HNT/AKUBADyTvFl6NPQD2N9dfhzTyTvFl6NPQD2N9dfhzU/6UBADyTvFl6NPQD2N9dfhzWZvpX2i+kmunF6gyBr5p1qvBL8G2midvDPaG9e4kjB3CoCk0ZSMqKGI5GS0UNZzRz5lPIGDqZkduSNDkSYo4AghYHLDbHWUPpkf4o9u/pfQ1+pUvUBzjgG46uPqZOIHSaTJe0U04lWR3WxnubdEgSRrFCb5e7kNlJhkVMKml91udkKi8sGCyaRJJ5cZRPmRASJMqUDyxLlwg8LhfJO8WXo09APY311+HNRB6N9+JL0H/N8//wBt0n1d7QEAPJO8WXo09APY311+HNKn/SgFYA+fT+lNcK//AA5P+opMlb/KwB8+n9Ka4V/+HJ/1FJkoDf5SlKAUpSgFKUoDLp0t/wDFnxH+nfrp/wCSShWouoF8inHdCvJpBrdgCeHRKLSZrZlplzIQU4jW2mguYZzsUqvFEggcOPJkv1KEQTIbiO5KJUFGLqA2YRW5ZUJ44C4jz0oDKj0khxKOz8l8ZfD0zDxvwlu9tE3H5N4SOOJgopOvERHQhV4yeCDvbO5Axc+5X0RzCt3Sx6HBr3HLY4dkXU2QJI7cSktITi5BFRksqnIiOnl8ASRAkULhgp6UlkQMe5gghBB4AEyRUHG1rY4hAA4f/G41X8e4y4IWuSdG5SXI7pec8/tGFxoLj9mri+zR4bjlpGyqoUPKTObxVgk3qTch8JyPS5s4pSEqJueb5dHaJAeJlPwTe/dttS4e3XhdXgmbyruzZ6itNx1JyqwXy6Y4erVebNVQV1nPFrO1oqSYqJq8110sVV0rIbM4mZHSwN1BNPAY3AyZO1L8DJ2pfgo26Wo+EFucN0nMk+cDs5pjmaAmCwUUPsiqbicidI6VIhlOSyQd8jJwwG3WMtm8sC4QuVrA44dr24ofZkByQ74Priw49tSW6z4maksbITQta/adxUyZGPDkIyTJNW2HgUMuCSTBMQsZONRBMNwQqZSSCmknFM+oEbYqqangKCgV/bjrgN1YRJ3izYWf9ht7t8HlBaoCvwmibybKCzcxoscZU0UPEnA2WyTZzOCNKhM6np57DNzmXCWMqCcmqSgVOKCYnmis/d6dDdb+RaCjWvmzjVU3CzMXIkPZsrDbXDjXerBfjfBPlUN8MhykbZio7iTSasqkMBByx9NOJymoJyomnyBscvmX3lQrPvVOWdvhyhTl81G3UIcR26Mm7dcj8oSs6EKDh1xUg+DongmD9YMj915AFFbJkmYjV4Tq9G8lGxMAiCmszCinlSxIA8aSU3u+aWBCLkrtYThx6L1YS1s7ZzZxSWztn/CtnbLVop21srZdntrZdm/bdns9ns37P+2run5wGQTNkWOaGtmd2OTbadgrLXPN5uoU77XE19KYKoOTyKJD9RW8140aDVeb9aV8u/motTOgSmVSlTENTyTDJzDEa3eEucOet016w6I6ovWSNgcmBx6PmEn3CjhS3LGpN9OM9ALWMM1gI8mqAsTmm6tIeLfGCJrATXa7MVD2RIqOCqkxe+cjIeGpszIjY+qxVT8Hn/wwE4auQfETDHPG0Cn87WytbK1swnK3BQ87Wv2bdsGJhhnhf/bjnjjlbsXta9dYwJuzE3Hn0fnTTbWaBTRlpxfx56jip7bTjAAK8/HirwpHyKymC3bmbZ4WVXQvmyCbibzCGKoidkeX1HDBJSD4oVoO32rrA3V1nmPVaU1h4IEezc0B2W61mP1BFSnmnpZg6TPZmG8oOJvupEKKFhSIWOIqk3VYvYPIS1yuWV8c8IDbXcJ2s+32jeq3H6/5c2caEI6iloqAj5YjN6xqhSI6B4ajE7FLJUJBW12InQ31Q8UQFE8pGc241WoXzcJjwgVLkwASxIFymw5TYhFobxkzRujMkf8ALNzDmsXtOhkuQeupGlWNjWMHaXM1TGKL7QMKLXO554OKY8CwaQrKGS0CIIgLgBdSdN117paLdhXo7Bbh60aqrMNoGwstt+LFTYGQSEVRAE4iq5mWeb/VDiWQItwuopiUfTUkwOZWU7HvtfNpSaEEMIZGOhlShwYCpfyBf9dRz/f/AHRv/wDU3Vg2xPG3rPt5p+y9L9pyT6n5gsRtMFLRpJkZ6Hj08ivGOmyE2EeZFCUksBJUjEvKxex9QdrpBJFiTqPLrhLrSKaRVtQSBgM+XPxp9DHGhBrl5a9Bldd073LbU+sFZeKnG73dScydnspNkDMR3M6VIwPr5lmO/A0dVlZ9qBUBGLhqaemOIBaKKBUUsYSNaseuJReDAY7tV0cVvKzoZ7ZcSogD907uhqK2iklM6jjd1wDF7qmGTQpITuuGAnbgX7fDHLs2tSY1ej3ao5v+LXpsXsryCb1oMIrie5omh/dbaIxMMMMlwo98fA6qSYyay2bgrCJwYYBXvNyqK2lqiaXCSF0gqpPdCQl8dOvmHTcr5muYybVXyrDpCPH3p7yCdI55o2buFCqVNTaj5twe5melqrlfLaDRV1SY8ZJR5QCHYzoa5szmYIWsXyBPGDRbDH+GGDgL/DrcXVe0Fca8Ga+7ybYb/Mx1ywpzHuIjNBDk1tOddZ52M0IoyiCEnJQjERkpiIrpTDBgBvkslDNwPNzhCiimsiwJTDMLAGL8p3EL8p3E/wBdNuK/QTj7c7yeWnuuyHCrlkFBItl4KiU8JKcoi0hJqhdVIp4oD5ejoKFsC6he5nEYiXKmc8v4Ag2YX8Cocct/IXOsQvqBuOvj/R0F08i+6Yar4iK7lxDMMzWuHEzv8F37Gv8AKiFT4ZkBGLpTizZqeaTlJPNnmu41I2luMdCTmO87y6o82w4JIU2t3Mcm9uW6PI1rfPThYjdjINT1P2EZMMkG8w28lkSF2s3FACGl57k0RdPEs3I4ks28z5BRcZ86fxLFwblShWl3rn5iHcnGBxLw1xvt14PERzuLYLcCbxMlnZXbuTxR1OSpTcB85gsKiamjKBxTMtRiWXLeECzdAUTx9UNAEFF2rbiUk5MMEIx8qu9+yijP8U8SnGwYRyW8GxrNPv6SpwW8bHGtpvrkAYGTViVlUHAE0Hm+li4JsszSZgAwOnC3ShQE4dddzHzF7g194bPkAmaPpk8qtzNzZ8n67Zc+SrYLeT5SIZe3YJmingeQWN8l6N4yIV++u+rp/hQl2ThcqN3b+J7XLree+ASE5x3ImfepG3r5OdcJ5nZPQUF6qWq+yrIhZMDaTab7TbiQyUswkQmednigXKsluHs0NZdayXGWSAaqLfI1gDkEGTb4XQlnxn8WOvPGNGS83YyFX5ImeUTwTm2H2YkgwIsS5Oj4EHOHzi041Y0YPDpiECqKaoaQ2qVPGS6fkfNqKuoOJ1KS651io3hHMloR5eOkE6qvQUNFkR4bUoe3DKRDueIJ5zRtL65Ir1OryWDlnkIaTkQpJ8b2NmAr5BBiOwiFewQndAsLKNWOIz5rk6MucfKd8vexfiYG5Q/kf2n3S+V2C3X4ytNcanbvSP8A5NW94dEQPDfjI2svC5XwU7EhDWOwP4P72F5nuxxGawbuSwxNi1l0z5rdtJG6KI12ptDqLKxmFJvLtIXMyJk1VNw4I7jRF9ExudPggBrrbUThUkoKKYVOgJigdJjt6t8fCN/g3qz+G+knKGyFUXLqcLTxzucBes7IGCVXxCz5m7amSiJXPAcVsR8QDYjgbymr9pnjZMLq2cFvYiVyOZB9+nMk0sWwFHNlgTN3z2lnRPc1/wCw3Gu/XIw5jkBpspCV9hdal4k4AjxJjrAzUXkJRWMByKYUPJoo64zVQEyhK5sQnmrIZgbMvc4VuJ1Xo9xMavaKSNI87NJcm6e9m5cTgUKQ9pNq5QOTPPLibJcYkOC1/GswmIKSjoXdkxLyNFUBupQymGjoZdWMnyqCigJ/4G53Dzq5uZNrU2hHeexOru1bQQMWiQ2Z06l4zCMwqTSDsJgC23GrXRHO33AnglxxyGA6m2zCqIji2Qh1IZELlE4uBTtBLKx4sOkIQTx56hPl+BaSbf6pSDMDy1Ucr7c8hMfXV9NYrLa0nveNAnYrLawyUp2qkYk0vIpmoZYKBl1LhY6MfJEmaVbmuKquNH+IrVzRiU5C2FbbjnjYbaGUkcNtPbaLbOVjk0zkqNQIUiNZrlnIKlN5GR0cQVLS++sUZuEDx8BLSSB88ZTklMKFLR6DIQyu6xFKUoBSlKAUpSgFKUoBSlKAUpSgFKUoBSlKAUpSgFKUoBSlKAUpSgFKUoCr/mu/FH8jX6IM3fqUp1+fwffihuOn9FGJ/wBXwKmxtDryy9tNdZq1lkZUdCKw52jh0xe7lZknUlNdycgO5LHSVI43D66iORGJrABYxnmRMKaAsEgh7Y5GE8yHa4eX+Oq+uTI1D1yhfWGNlV1LbBguPm9GzSV3weSFJ3qKG2ieBEibcZ9BQ20im1YULC2RsdMQEgmIJ2bgkAMexhYCjjpROxLojrjqT9WIpzENzpyFzRHeqMeIZEa4asfRnGuEld85FsLWvYUgslCKNGipa2AudsJKLWDCvll3UG87V2BGtqzrdBGtzKxD8V4LiVgxYkGMArA5qQLJbKagirRvG3ZyzUV00SHWVMwJlmMaUTxoyOIIMMJnlGLZnjLgjbTcDT3cuXndLx14aQKay4oXi5JX2aVhgV3rZ0mpjPN2ICgwVV4qLkKKaI0lEiZRX43iYRtlNnIUgOGXUA1KxSmZD5GZD5MuW4k07Lcxu4c0cU2ksnqmv2n2tmZBvcku4LV/jXu6HCt5mypzVCEx7ZYhEFIwGQXUSQFkbPDHI6jOZMWew2ULxXl60Z08csLQJxU7MaBadxsUZTXemqexMZNtJJ5ZnnE8n9J8PudniOt4LxjLBQdD0c6meIYqSyoD45dzCIpSdgmoaYlJpCAjF6NPCkUKsiK0N8nfM1CYkrvtck"
20:09:00.086 [Test worker] DEBUG org.apache.http.wire - http-outgoing-0 >> "2QyMM7lsmLUl2vxxmczKu6V5MZMAopRWWzWWdgc1RRDNH7lgwS+RnIMLDG1k+kHHT8yRyvty/Ps5HNuvHpCSkPwBu/s98vjaZ3gtQHP+GGIleJDT8Xl1R7t3kqqHdznfhAIEt3EPufb3fI3rPj6QhD0YuXWzKnDDqglox8uK4ocvJ8NyGiY549/td2tWUXcolEpWL27AhQ6fZa80nMGANhgLYivlMs8bZZXqKnGOcLT/0i/m/2fYowStFsbsaANVvGMpngOmH5BbrYYLed6YSPB597njCE5oJdhZQxK927xCGTLGcwu/CtzU35R4DdVnVMMsTRBewe9miq3PikaXJ0aej2yg8JRzLTgP5jiKS86mYdZ7xTyqooiHD4xoVr5t0GxhTVjYAABpWUhzVhOkui2tHHrCJGAdW2DiyGOGsn3SvHT6mecTvfTzVwioKw9H06lUUZUcbkUgSJIrkZMCBk09NIkEZFIpiKnEE4sxf99iPt39o3y/6pLylKUApSlAKUpQGdvpUETOSVeFvZEdrETKoei1zRBLKgnkwshjIjbbMjoSa6j1sMb2tYs326vqTmUhcuziAlop4bsXyDxtVxWuuw8ayrqBDm0RJ1oZWLXfALOmA47DSgWARUJsmGMScq6bWTuYlgEzFsgYKALgwNZBZo5lNPlj2AA5QcPDv10NdtvdsuJlvFCSXS0XchKzYdLZX08qrITibi8QMJS2hLSWdCGJqSSrJhs0QUSBsEUscJmBi44eYQmeN6BDPRsNMgUFwRS09l+RyOtT3QtHlhc0fYu3y6maonwVQ/kpqiCMyFFqqzwzQVM7lYyoE8n/kOcMBgGhzeZsuAOGGdZ5UyMLEavd6dH42C32S2srZtM9zx/PjRSmRQTDM1EZAgbhEBav24lsbF8ZNkRUa5vO4YgZQ2lC93EvjgJkV9IlybIxC29alnbUZ4JBqDEiGDk+YvgE8XwRj0almbm+y68VO559wyLn2/YMyTytllcXIcIPDHMTPHC/00nVLXJD1rA09S4dZBfWMCOB4kxhjJLsZZosfG08VNOoBsqaEHNHrnwTBgyoqx02YXFBWMGFw6pjrQ4qhnTLh0avTDJtFofPbM8kCtqMUXQloto0pbhuAbVEEAFT8Mgt/BngtcB84oAKpbwkEWtI3foan2yrgoWVcxDuTZNE/K0xhoiIyIkki0kST0i3CIiGUvKApMbHRQIN2MNNo+MXZ/KQj7zHiAZfMMbCPsFp263k1QQAQTugKcpOhRTxiRkYKwQqapEVHHHIiOEey9FpybIxC29alnbUZ4JBqDEiGDk+YvgE8XwRj0almbm+y68VO559wyLn2/YMyTytllcXIcIPDHMTPHC/6KhrxByrA42rx+K2UY15HjfCIc4euhlA2JjGYSHg2wGaChhYBlyyOWRQwiJQIv3IUpiECMWFCMhBjY0kYdGr0wybRaHz2zPJArajFF0JaLaNKW4bgG1RBABU/DILfwZ4LXAfOKACqW8JBFrSN36Gp9sq4KFlXMQ7k/fj62C7XrFW+r1gVgcNCZphC3RyC67yrYoiJqbtpsw/nespzyQ5GUEBX7+f6Omx/ZTAjUioOpKJm3fCFnGgrAmKan5ZFkUz372iinZHrXucfVHTUjwgbRNHOLonZsaQLAIrs16yb7eb6SQj18trFMwirxAUyYGAiWZdbhzRWeYGTTWI7rTnKdSFAVRBWjIZi2mS9PdZpd1iUNM39DbNWNY1Bho0aYw+AQyR2uks5tAkAmsnNzBGFIHW0ZaYiSknmqroRtPWG6qJacqpB4ooki5kOo8p0crUVTT2LH8t7QcjOxWtkaKyQqMnTydNsz7q1jRA25fCzYRcGWisxsuY6gNgAPEi30pRepsBMTLjJYHYTzJksNI53pLYOuniP+MiLFvmc7+Il5SVIXF7oK9peNqalIbk1ShdSX1daFHHWl7AVlJWKM41g0Z/7ScVXEgYJa4onjF8zB44oDGxhBBBshMrFa+ilpaYhpicioqcQR0ZHIFEtJSUsoXT0xLTE8uGUIJycQKBglSRAkVBCLFChYIIuWLhBggh4B4Y42+9VBUry68kavx/Q9HTchdhAzTurtfIBWDdOoQzEviWdklK4hAmZdzoxwNkBrMJgZrSIZcVgj6dc+pLTcQzCu3k9XPudD6p4x+H8DVh/OPdvcmTDW3fJtMREUaTNgnNbIw3YvKK5OxY9GcAoQ5YmVajSTE7KzY8OlktJPqKCXyR0NJZbPOjs+3PeQXhihTkS2BhPZl87Obta+ynr2z1JoxSr6oTCyYmFa2a2qKiivOtLWVWJ3q70l3rpZSCQVZVQ3OlFzaAkpafchjcM2Oc6nZ3Bb4nu5rO3yxfO26fFZxobj8WXjyEeG2i4/AimVU/ATqRfkiK+F24r96+D1xL75L9/phg0U7uF3XumL6bw6L8IK+OUXtEOweXjkdknURJg7WDUNmJcr8hu77rUI21hYyvmEI22WXIggXeE4SIFnlYIJnR6TOBnggFHIBOUDQJ5TUMjDbajqDD+zxfcQjE0OUHpsTMUgLW1fIVPAAh3YXbWQBDB9aPGFPIkaUGJFxI/fPNmxunjkSJQAELAFWXy6Ul2ULJiAlNhnNX8zd/hChPeXbdm7sODbbfnXWdY7i8nETFXdTJxZEOWaTRBNvA4pYoCwLD7oeyYoOW77chVzDlXeGWV0474NFJ4ErZgCfkxFwm/JJK0ayp5XDm6k35Nn40n38nEu77eOkVP3xTXSK74myUz/AJKU3xpYbl7x8Du1veESPhlCOH0/vwt3x3bAMukPm+hBeEzJaAell7nIb8FDQsN6NCopfcMGT+eIAbvVolQ4lYysgo2Qmd++z4abDclrAxcHsZhFGqdEECtjcIUX49KROFpYYnGLpG1hgj8w7L8lEKqbXbgGeAqhdnMpGdbRdjiEK454il0pGWZYaAh9THyBJFCdzww44YRcYUG5jfXjF1d5EiUbnpqKSCy5ThZaMOGFNhYLfR+K56iJXN5FhDZlkP5MLne4AmByRI5dOWUtZTAFIkTVihIuqFQDmHS2qvC/rDrLsMW24dUobU7k7RoreNNJkTxu5No04vqNm0fKmyJ9Jj7As3Ge2W5ibJH1IldQCbw6wUJKy2TTlEkVXlsFQZ41H56eNqQmSofk9aWztMMocaciPNlPmXXLC6q4pN1vcKevYGXBC7nKJqQrmTJgwmlEJWSlIi5yYBkkkrphVxLGDg/ewYaYpCk856nFKJw+c6PHdrboc53u0dWuQBszKXnPSoZ+ut7xgy1ZoIqoqEZkYTddqy4DrGNKCkFZYMnCIuOFyjGd6MVNAN9THS0y8HebiU1a3zkSNJzeizNkFbMw8njosbbR6sSgdhqeWu3TAp8cVuAOwumrqWpI+A6qrCEwVtvKZhKxWV0BINECq+uAKPGNO+G/V7UGeVva4y/tltsNrFdtjswrsludMhib5WbDPNYZgm220DwaC1G63SJgoIKnd9EW3isFkcyoIZJTKoqsrkD5fqe/5pLwT0u1JT8uzbI7FsdKUoUUpSgFKUoBSlKAUpSgFedDw7/0uHkG/PFyS/tqVq9F6vOh4d/6XDyDfni5Jf21K1RZef57Qiy8/wA9oacOk9/iMN6v/gfr5/6roJqsHmigORZl6Mzoo/I0SDS+r6mx1oTtKuJBEqKeNDM5n65Dx+5lLvMG1xhk9rkZP8b18XC1sSDcb6upj5hlSQ+eOnPe7TCLuQrVKWNPZoXn82IzmIFnAOZcjBUbyK+iODIkFpySlXQlN1tZ6oBXIwus5MKKF1BsKlhUkc+AWsUOClz5XuKIYcaMNQdF+vqFdQcLDimKGVDiNk8bpisqrjRYzQTGSnXdVyaWloymoKaMlg3XLlUVOTDhkc1cBLKFRMSgdLmNi6wON6ubIRft5r3EeykNL5Bxx3MLIQ3mhGyJ0udzTs1MoHmqtpXuWyysScjUV8Tzac6SPiEdR19KUUw8XANlRgcI8Pzku1kYm+EU8cPfr1emz0qM9Sfni/HrYCdTfjVrp5E6qhqMvLpVUCyYOKmkJxtXTAz5EfMVOulmDFitnI18VqFSl0fjU9sO13ubU3Yzf/jySpAVTS69I20X2pV4gihdWztsbGVPBgOJsSAiIA3YxywIANQNBIoRfO5JvlEkiGAWBmXoxxeah8e3juuQSz3EtS1Kg9zUt7DTA71iVJ9lIzmaxOiXd8juTMQ93kOdDBPm0RvlUFAPKYAKudSjCthc9cP3xtlJlRUMf0uHbb/whG3+2nWWoYTqkZcMvJ1tVFtuwgcf/NhBs2rDABGv3uzIj3gIMdxYKDYDwthmUSCcgrTiySk5PTyZIBQClJho4dxkyLjOZbS62+PCF2tyLSBybJzqlMSeJJ10Jaxr7QNrbSEiEBgEHIyHSCqJiCCyAHmA7bqTBRcBD5p/HUe5UZQDxQcBRiwxT/Lke44NdeUXXYTWzZGzzTGyWebakFrvWNFRAQpIYjvbIhkIFZaC052w80MmOqIakuNZZDUmyrAGkBeUsAAiininKZAM+l8FfPRcfxFGjP8A9sz/AOsPYKr/AKogaFaUxZx26nRTp1Ci/IDojKH/AB68WV2UlVuLb7PfKBJLxlJZ8OqbTajJb5nvZwPZVJpng9sJncUcunlzXfp0IyoG5f0ApSlAKUpQClKUApSlAKUpQClKUArLpwPfjMOkcfp3s7/zvYetRdQL1L47oV02nLdWf4wdEorry3ulpNmSXUx+LbTVGy3HOlGnmbLkI4Jt5ktdVSEHMR8q2IxVzLLvUMsC6dbBUDyBM5GwIBclGnume2+82r5BC3Oc2k3LPH7BWnPrg+olOpucnuqHQRXmYWUZwMlxErIcisAnkSkoUNH8LpQ2QA75T1DJVbp1dRx6Q+UzQ5+pu93C/E02bnTPvvubNG7LNdArhfCGyo5akSavwmst50SkOwIHiogRaDKLuMIbJzu51nrqau8fkrLAAqBIo11PATU1vrxgaxch2MYrsvZSbHcwQesGVyE9jdfn8ciifInPnsywp67PfRImpgYlTQ5MoasRW0ZaJkjwGCimAET+QpkTr/TniE1s1Am1w7QmZE2W2x2mX2xkxgtkdz5iGnCWWwxRM8sxmezFANAajda6OPbLIuIIltoFWsnim0oJTDSlFSJHDJ3JLLSaztFwyNNljJKotJx3lFFSBJ6RtmtR1aeCvHvJkitE1O03xI5XKSgBfJrdlKQYjUE10JTnNFx8kzBBPpZtKb7vLnCQazioCE0dazwK3DImcw80Oz0Esrhb5WuJwDjpWHdD8S8gM/LkHbK6Zpz6djmhV0oYyxGjcGmZvsBzLa3ZquFolJAGUzquj5FSpERuoYCXilph13kHDfrvrxZatchxyMHdLlpOjebIRPGT8NbJa9SCoRJPkYiHBcDJku2HynFVEDMlkcCDPlCi4jLIKQod8H0TFNNn1EU503q5wo6va4bGpm3rzlfbPdDZ5roZxtR9Ne785Czg7YwRFEsdInyUfFiTZZjaQcjBJSUiYR3NAOKKcXU1YNJOJ/hdVudZGOz53q3zZ0os1Rdoaf8AlW7xxmwNf+kgc1ECPMTFJXNnWFr3stE2Z++JUN6NRsIdvGTJvZD52uojI6xKimmGi5fth+3aLiMYA3KJJoUL+dIHOFZk3s4G9OWmKGryS5t9m5sIvIZDLEyqt2JogV2qac7qUSQQmI5dOEQbPdRThxe5BHbMZxYhD4eDDWQdvm9nFTq/v66IwlOQz8vw3sRCuBktEu0WssknYd2BYSUdFNGDaEkPYmQWCJ1FzMnjxooRX0FZxRzCksiIWaXdwL9lPiWmvD7rBpzNrm2hs9tjNptqnQ3bs0fZjciXzM3zAjM7O3aDNhrqvgRsN5uJo4FsCOYyU2i6rik2FRQVEJHOHiBpzenPyESTxZp0a2zvN5KZmunFfyVcdv5wdjf1ciGtvUS/yVRl+b5mfq4m1iF6cV/JVx2/nB2N/VyIa29RL/JVGX5vmZ+ribQGQHhS011G2l3y6QcqbL6wa/bBqTQ5RZfINM/NUPsCTzjZIq0ybCmFQmgGXogLQyQWUhyZMY+AQzLhmxShYQxiJkAFfD83n911gbh/YutvIDxqpifpvtKDs+yWEJFMGHlBnxlsoyFJBdK84Wc8IHb5wBnuAinGkFHLnjSW2i5cZNXhkVbDPKR9mmUW1fHo+MOt2bdmJ2hrkH5T9a3JtnNb5nuX25rvsjF8bMtSfD7drleJsMmlltfD6mIkIR92LBBtBLq0uqqekjYlzKufMXHNj88hbgF0rjqd2Zs3NMg7a74TrGp8srRs/wDe7YNXng0wlciaCPJym30IBEZ7UzMpJ0EE+ihrKCrk0VTAJq6SVJK6cmnibVO9Uiku56DbxdIosI7pukqsVT9KkjlzzdLPB3EjVe6zDzzl3eYGOW3JCL3YZwRa5385YLbKO90nwcoJhgVZZCqrF14h3iqp42Z1MC72UCgl8DIfB9u9JcejiSvrfyacf7WeK3qK1Wox9aeSOEsVQyuq72j82olUxH2QM5mxASGb7ML5suKoqBfwAjpUgYNMqQJJzQfb9BB0nbnccMH7zSrpbL8tOqVm85dFJ+QdjYjIx0uNFJQ3E92842U6CSVIxZysZ3H1dqin2IkAmiLZU2gr5kzKkGEuADDFTBOZkjx0x5ej96xXJjZSnpHcjNZdZL4aS4X76SHI1XMmmUhdRVEDtsMsyqgnGzBYW4eYY2FhO6AihC44CYgk3lo8ZLabOVgcoMrx5OvCTvDMsSupLfEZyfoLNL3YztRhchU5ebTiiZaUks+B3TAMcDMQsPhiZJGwS55PNYDkT5YsdLjgB5edG+j8JuwvCrFW3cRSg9R+TpxJbG2T1dmU+5FBKxioSETiySijXRoWHUhCCE0lJNIDXGcIneuZOQjrbcJrsNxolkUxqF184a4A1y0Fnvjaa83bSO/WqeEOS21YlIr1jFeeMQIMtJBxLeSRDi+mQ6gk0RMNGT5txFE53Iz3IlHObUVjEvmMsLWCjOPUHV1gaVazw5qtFiw8F+PYRaADLaizICgiqrzUEsudOHsDDhUG632qiG1C4p4XHIVNbqSXuHiHaxXHK2WebXH0433gNU29LpCD+d4EFeGDk7S+TLVbBxvFODYu18FK9oh2+h80TERVdjy4hXNp5lcCbhywakkth95pKirIxU0D/wByLJN0scQ0eUWapGhLe6rIZPFJrzFvIq/+S2JnrNUWy7MLTEak2xQy3ExSmvMyZCEwwM3S+mMpRwqOjxxzUiKK5RV1rv1tZjuZGsrGABhHE9g3TZvQZmgpSlAKUpQClKUApSlAKUpQCs7fSoImckq8LeyI7WImVQ9FrmiCWVBPJhZDGRG22ZHQk11HrYY3taxZvt1fUnMpC5dnEBLRTw3YvkHjatElfhOhrtt7tlxMt4oSS6Wi7kJWbDpbK+nlVZCcTcXiBhKW0JaSzoQxNSSVZMNmiCiQNgiljhMwMXHDzCEzxuB0FrrsPGsq6gQ5tESdaGVi13wCzpgOOw0oFgEVCbJhjEnKum1k7mJYBMxbIGCgC4MDWQWaOZTT5Y9gAOUHDwoO6KSkKji01282XNJhxKb22nIhsTMMeBnC+YF1Bi5FmchAqQXb5XtlbB3EHigj4Y4/xJpAHDyFEztlgF3mZ6NhpkCguCKWnsvyOR1qe6Fo8sLmj7F2+XUzVE+CqH8lNUQRmQotVWeGaCpncrGVAnk/8hzhgMA0ObzNlwBw7zodh2MNfYtYsKQuykSOorjNuEGmx2U3QMwElAQk0O+BcqDcYQc2bMC55Cm1FTUTJxVV1IwbVVY6dUjho2Mxx4dWZ1mknlu0dKSbNzyuf0gDo+X/AMENtv1JRKtN5kCW8zh4+5vj/jsj4aQNl5VIkYwSu9Hmy2Kps1jPIUVNkV6oa2/HG0kMNwJzTuoJSCIGvElVKV1sm40uxg0h4lhuzdg+OyFNktwNOt1ny6JSSpU0jGkQeKUBprbTIx+4M5MSyqQvWkJKWGQuuNVxKFigWaRZtutp3AHyzyOXPh3xCxntQHnRcsapuHAXDhrDpW6+Ip26eQLB06wATQpaW9wdcZgGekgpQb0UTwSy0IwvktF3RLjoVXK7ltx5WshJqwaPWFwDAMEwcdcezM/a3Orjd8bubCBk/UyJJbcycyJcgCQHoo"
20:09:00.087 [Test worker] DEBUG org.apache.http.wire - http-outgoing-0 >> "Tslt5cS5IUFaLSy3IOt6eoFzeLhzYbbkBMUkvIiRQTxtNQlY+EsF7gjyM5D+PWF+S6CkXXydnPJ7TZiFKjJl0opxKtNRCc4jkYeKvijkTJ14sp+JWaGZstGvCRYJFBPjXDL96qZPtBLCyG2H14hna6GH9r5sGwkaTIhk1GuhvFnLnfIZVQKhmi6gRNlDxAwTVEZaRlUmRWUBfRjpBaQVogQV0g8TUCZcwGEdPopq5x9UdNSPCBtE0c4uidmxpAsAiuzXrJvt5vpJCPXy2sUzCKvEBTJgYCJZl1uHNFZ5gZNNYjutOcp1IUBVEFaMhmOVQi8pKkLo4iI9peNqalIbk4lHapL6utijjrS9gLrG4MUZxrBoz/ANpOKriQMEtcUTxi+Zg8cUBjYwggo2QmXDinRytRVNPYsfy3tByM7Fa2RorJCoydPJ02zPurWNEDbl8LNhFwZaKzGy5jqA2AA8SLfSlF6mwExMuMlgdhPMmSw1nG+aWmIfHpueioqcQR0ZH0y2KS0lJSyhdPTEtMT4QeJQgnJxAoGCVJECRUEIsUKFggi5YuEGCCHgHhjjaRzWuuPOAjquQjrb7gZjehL/zB9r/0vh/2MRfWx52upvMRqOZ7u1UKobUZreWnU5ls7lfAmjt5vJplXWlQ3njbK+BVPTSZk2YytjlfEIHO9rXvbsVjh6Ev/MH2v/S+H/YxF9avdrNdm3txrjM2sjzeMgsJmTmw1uNni54sVEBFfhRpuYCxBykEFTdDZeKCUuvogh5vKWag2lTHNHVFAIAMA0IAbL0GeToy6G4NhyXIfy0SGlmijv5B9tHTjH+CpjYYwjQPDxxUTmejJZrK+fciCWtOVbYRkIEQSxgOMEbIyMPmUAuFfPI2zWo6tPBXj3kyRWianab4kcrlJQAvk1uylIMRqCa6Epzmi4+SZggn0s2lN93lzhINZxUBCaOtZ4FbhkTOYfIdPdVIs0f1mh3VGFMV28ZQm08Go2TbpNph90K/dVA+tLLhcx5FR2+kHHG5XAqqrgXTSWhI6eOqqRsUmmEQMwywcdd9eLLVrkOORg7pctJ0bzZCJ4yfhrZLXqQVCJJ8jEQ4LgZMl2w+U4qogZksjgQZ8oUXEZZBSFDvg+iYpps+oinGT19D819xa7QhVmWgrZ6CWVwt8rXE4Bx0rDuh+JeQGflyDtldM059OxzQq6UMZYjRuDTM32A5ltbs1XC0SkgDKZ1XR8ipUiI3UMBLxS0w67yDh7B3ub5Xk456GHxSbTOhwpGjENajh7VCwagOBQYoe0Eu5rZROLFHG6kAylO9SQm6lLxhQJo7fWSOafaOXQcKGCptQPnSlqGrnCjq9rhsambevOV9s90NnmuhnG1H017vzkLODtjBEUSx0ifJR8WJNlmNpByMElJSJhHc0A4opxdTVg0k4n+F1W53tbfDii1U5BXNGUnyhlK0U7BQtiMBEezut0jqMPz/AB+nmDBg4IlIr2TyimUNJgR44dPppVeQ1iyEcUVgwgZpYi8u3UrvaDeLVffkqa1REh4hNEeb71mZ8d39XIL4JN4eMGbuM5MUoRF3C2oaep+w2r5V5ux9s2dotdS81iR1xJSHIS67F1DdLPMrxUkSV2+ohEibgcDRMYkAMhFgu5dnVUza78HGq0J7HNXbiT5d2+3i2KjopkUiqTd554EnBSim2WI2OJlhI6e1mS2Ew6W74MDppo8iKYqMpDZraNknrtsFPG5mpnjrrgn56RPVoShFhSlKAUpSgFKUoBSlKAUpSgFKUoBSlKAUpSgFKUoBSlKAUpSgFKUoBSlKAUpSgFKUoBSlKAUpSgFKUoBSlKAUpSgFKUoBSlKAUpSgFKUoBSlKAUpSgFZQ+mR/ij27+l9DX6lS9WrysofTI/xR7d/S+hr9SpeoCf8A0b78SXoP+b5//tuk+rvapC6N9+JL0H/N8/8A9t0n1d7QClKUArzuukySq1te+kU8WmxEjYq5aMoRjbSSVX0ppKWOqHAWtGe8s8Ph04pZMO4dlJXBb6OcME0sMfAc2L3ELG+Fhcc7eiLXnp9I3j9mSx0lviQiyRm8nu6PZLZ+hUfvtqK2ImaW52Y8t+pxbrobylgCICLmnrSIpHk05iEKEJkXMiWwEwyvbKwF1fW9eG/8sNg/UUsffFOt68N/5YbB+opY++Kn/wCQD4a/R7wH/wAscPvDTyAfDX6PeA/+WOH3hqRxbUvkpHFtS+SgB1vXhv8Ayw2D9RSx98U63rw3/lhsH6ilj74qf/kA+Gv0e8B/8scPvDTyAfDX6PeA/wDljh94aRxbUvkkcW1L5KAHW9eG/wDLDYP1FLH3xTrevDf+WGwfqKWPvip/+QD4a/R7wH/yxw+8NPIB8Nfo94D/AOWOH3hpHFtS+SRxbUvkoAdb14b/AMsNg/UUsffFOt68N/5YbB+opY++Kn/5APhr9HvAf/LHD7w08gHw1+j3gP8A5Y4feGkcW1L5JHFtS+SgB1vXhv8Ayw2D9RSx98U63rw3/lhsH6ilj74qf/kA+Gv0e8B/8scPvDTyAfDX6PeA/wDljh94aRxbUvkkcW1L5KAHW9eG/wDLDYP1FLH3xTrevDf+WGwfqKWPvip/+QD4a/R7wH/yxw+8NPIB8Nfo94D/AOWOH3hpHFtS+SRxbUvkoAdb14b/AMsNg/UUsffFOt68N/5YbB+opY++Kn/5APhr9HvAf/LHD7w08gHw1+j3gP8A5Y4feGkcW1L5JHFtS+SgB1vXhv8Ayw2D9RSx98U63rw3/lhsH6ilj74qf/kA+Gv0e8B/8scPvDTyAfDX6PeA/wDljh94aRxbUvkkcW1L5KAHW9eG/wDLDYP1FLH3xTrevDf+WGwfqKWPvip/+QD4a/R7wH/yxw+8NPIB8Nfo94D/AOWOH3hpHFtS+SRxbUvkoAdb14b/AMsNg/UUsffFfHPpe3Dhjhlli7dhRL445ZWDwgpVtnne1r3thjcRawwtlle3a43zzww7N7dtljbs3tYD5APhr9HvAf8Ayxw+8NfHPgB4as8MsMuPiBbWzxyxvfBPcgedrZWva98RA3Fjnhl2L/wc8Msc8b9jLHK17WvZHFtS+SRxbUvkoBdb14b/AMsNg/UUsffFOt68N/5YbB+opY++Kn/5APhr9HvAf/LHD7w08gHw1+j3gP8A5Y4feGkcW1L5JHFtS+SgB1vXhv8Ayw2D9RSx98U63rw3/lhsH6ilj74qf/kA+Gv0e8B/8scPvDTyAfDX6PeA/wDljh94aRxbUvkkcW1L5KAHW9eG/wDLDYP1FLH3xTrevDf+WGwfqKWPvip/+QD4a/R7wH/yxw+8NPIB8Nfo94D/AOWOH3hpHFtS+SRxbUvkoAdb14b/AMsNg/UUsffFOt68N/5YbB+opY++Kn/5APhr9HvAf/LHD7w08gHw1+j3gP8A5Y4feGkcW1L5JHFtS+SgB1vXhv8Ayw2D9RSx98U63rw3/lhsH6ilj74qf/kA+Gv0e8B/8scPvDTyAfDX6PeA/wDljh94aRxbUvkkcW1L5KAHW9eG/wDLDYP1FLH3xTrevDf+WGwfqKWPvip/+QD4a/R7wH/yxw+8NPIB8Nfo94D/AOWOH3hpHFtS+SRxbUvkoAdb14b/AMsNg/UUsffFOt68N/5YbB+opY++Kn/5APhr9HvAf/LHD7w08gHw1+j3gP8A5Y4feGkcW1L5JHFtS+SgB1vXhv8Ayw2D9RSx98U63rw3/lhsH6ilj74qf/kA+Gv0e8B/8scPvDTyAfDX6PeA/wDljh94aRxbUvkkcW1L5KAHW9eG/wDLDYP1FLH3xTrevDf+WGwfqKWPvip/+QD4a/R7wH/yxw+8NPIB8Nfo94D/AOWOH3hpHFtS+SRxbUvkoAdb14b/AMsNg/UUsffFOt68N/5YbB+opY++Kn/5APhr9HvAf/LHD7w08gHw1+j3gP8A5Y4feGkcW1L5JHFtS+Sr+x6Xtw4ZWve7t2FwvbLPHtcoKVb3vbHPLHHO3aLWdu1EtawmFr3tnbDLGwmOGfbYY/LrevDf+WGwfqKWPvip+48APDVha9rcfEC3tfLPL+EnuTO/ZzzyzytbLNxZXtja+V7YYWvbAPDtQw8ccMccbfLyAfDX6PeA/wDljh94aRxbUvkkcW1L5KAHW9eG/wDLDYP1FLH3xTrevDf+WGwfqKWPvip/+QD4a/R7wH/yxw+8NPIB8Nfo94D/AOWOH3hpHFtS+SRxbUvkoAdb14b/AMsNg/UUsffFOt68N/5YbB+opY++Kn/5APhr9HvAf/LHD7w08gHw1+j3gP8A5Y4feGkcW1L5JHFtS+SgB1vXhv8Ayw2D9RSx98U63rw3/lhsH6ilj74qf/kA+Gv0e8B/8scPvDTyAfDX6PeA/wDljh94aRxbUvkkcW1L5KAHW9eG/wDLDYP1FLH3xTrevDf+WGwfqKWPvip/+QD4a/R7wH/yxw+8NPIB8Nfo94D/AOWOH3hpHFtS+SRxbUvkoAdb14b/AMsNg/UUsffFf7l+l18O5sTIIs69hBhMADRrLC0GKmF7FyRYY4bF7YVbDxvYAqXGHvhbK4glg7hg4CjZYB5z48gHw1+j3gP/AJY4feGvmHwEcOAWV8gePyCAc74CB3zBIuULO4QweQI4V8g3HjlcIcEQQAcK97hjACCAi45hCZ4ZI4tqXySOLal8lX71vXhv/LDYP1FLH3xTrevDf+WGwfqKWPvip/8AkA+Gv0e8B/8ALHD7w08gHw1+j3gP/ljh94aRxbUvkkcW1L5KAHW9eG/8sNg/UUsffFOt68N/5YbB+opY++Kn/wCQD4a/R7wH/wAscPvDTyAfDX6PeA/+WOH3hpHFtS+SRxbUvkoAdb14b/yw2D9RSx98U63rw3/lhsH6ilj74qf/AJAPhr9HvAf/ACxw+8NPIB8Nfo94D/5Y4feGkcW1L5JHFtS+SgB1vXhv/LDYP1FLH3xTrevDf+WGwfqKWPvip/8AkA+Gv0e8B/8ALHD7w08gHw1+j3gP/ljh94aRxbUvkkcW1L5KAHW9eG/8sNg/UUsffFOt68N/5YbB+opY++Kn/wCQD4a/R7wH/wAscPvDTyAfDX6PeA/+WOH3hpHFtS+SRxbUvkoAdb14b/yw2D9RSx98U63rw3/lhsH6ilj74qf/AJAPhr9HvAf/ACxw+8NPIB8Nfo94D/5Y4feGkcW1L5JHFtS+SgB1vXhv/LDYP1FLH3xTrevDf+WGwfqKWPvip/8AkA+Gv0e8B/8ALHD7w08gHw1+j3gP/ljh94aRxbUvkkcW1L5Kv63S9uHC+eWPjbsLa1sccrCXgpV7TK+V87XwxtZavn22Fsccsr5YY4XsJh2mWd7CWw+XW9eG/wDLDYP1FLH3xU/bcAPDVbPLPyfEC9nLHHG9rp7kvh2ML53tfEO7ivhjle+eXbZ442zztbDHPLKwYdsfl5APhr9HvAf/ACxw+8NI4tqXySOLal8lADrevDf+WGwfqKWPvinW9eG/8sNg/UUsffFT/wDIB8Nfo94D/wCWOH3hp5APhr9HvAf/ACxw+8NI4tqXySOLal8lADrevDf+WGwfqKWPvinW9eG/8sNg/UUsffFT/wDIB8Nfo94D/wCWOH3hp5APhr9HvAf/ACxw+8NI4tqXySOLal8lADrevDf+WGwfqKWPvinW9eG/8sNg/UUsffFT/wDIB8Nfo94D/wCWOH3hp5APhr9HvAf/ACxw+8NI4tqXySOLal8lADrevDf+WGwfqKWPvinW9eG/8sNg/UUsffFT/wDIB8Nfo94D/wCWOH3hp5APhr9HvAf/ACxw+8NI4tqXySOLal8lADrevDf+WGwfqKWPvinW9eG/8sNg/UUsffFT/wDIB8Nfo94D/wCWOH3hp5APhr9HvAf/ACxw+8NI4tqXySOLal8lADrevDf+WGwfqKWPvinW9eG/8sNg/UUsffFT/wDIB8Nfo94D/wCWOH3hp5APhr9HvAf/ACxw+8NI4tqXySOLal8lADrevDf+WGwfqKWPvivjj0vbhwyte93bsLhe2WePa5QUq3ve2OeWOOdu0Ws7dqJa1hMLXvbO2GWNhMcM+2wxsB8gHw1+j3gP/ljh94a+OPADw1YWva3HxAt7Xyzy/hJ7kzv2c88s8rWyzcWV7Y2vle2GFr2wDw7UMPHHDHHGyOLal8kji2pfJQC63rw3/lhsH6ilj74p1vXhv/LDYP1FLH3xU/8AyAfDX6PeA/8Aljh94aeQD4a/R7wH/wAscPvDSOLal8kji2pfJQA63rw3/lhsH6ilj74p1vXhv/LDYP1FLH3xU/8AyAfDX6PeA/8Aljh94aeQD4a/R7wH/wAscPvDSOLal8kji2pfJQA63rw3/lhsH6ilj74p1vXhv/LDYP1FLH3xU/8AyAfDX6PeA/8Aljh94aeQD4a/R7wH/wAscPvDSOLal8kji2pfJQA63rw3/lhsH6ilj74p1vXhv/LDYP1FLH3xU/8AyAfDX6PeA/8Aljh94aeQD4a/R7wH/wAscPvDSOLal8kji2pfJQA63rw3/lhsH6ilj74p1vXhv/LDYP1FLH3xU/8AyAfDX6PeA/8Aljh94aeQD4a/R7wH/wAscPvDSOLal8kji2pfJQA63rw3/lhsH6ilj74p1vXhv/LDYP1FLH3xU/8AyAfDX6PeA/8Aljh94aeQD4a/R7wH/wAscPvDSOLal8kji2pfJQA63rw3/lhsH6ilj74p1vXhv/LDYP1FLH3xU/8AyAfDX6PeA/8Aljh94aeQD4a/R7wH/wAscPvDSOLal8kji2pfJQA63rw3/lhsH6ilj74p1vXhv/LDYP1FLH3xU/8AyAfDX6PeA/8Aljh94aeQD4a/R7wH/wAscPvDSOLal8kji2pfJQA63rw3/lhsH6ilj74p1vXhv/LDYP1FLH3xU/8AyAfDX6PeA/8Aljh94aeQD4a/R7wH/wAscPvDSOLal8kji2pfJQA63rw3/lhsH6ilj74rIDx5cq2pWt3PztpyIyarPsrrfMEh7kOVlqKMyjiu8B0ybZJPOdjZKDVCNBmCA46UZDzUwRDOXg4btgc8hMrWvff75APhr9HvAf8Ayxw+8NYdeMHRrUmYekq7q6jybBDGeetsfyfvajMyIFgseEaTdS42ldRRWKSTgQTwJwMJspQIRFN7c4JliBhbEXIW973u0junxRNc0Gkd0+KJrmhqL63rw3/lhsH6ilj74p1vXhv/ACw2D9RSx98VP/yAfDX6PeA/+WOH3hp5APhr9HvAf/LHD7w0ji2pfJI4tqXyUAOt68N/5YbB+opY++Kdb14b/wAsNg/UUsffFT/8gHw1+j3gP/ljh94aeQD4a/R7wH/yxw+8NI4tqXySOLal8lADrevDf+WGwfqKWPvinW9eG/8ALDYP1FLH3xU//IB8Nfo94D/5Y4feGnkA+Gv0e8B/8scPvDSOLal8kji2pfJQA63rw3/lhsH6ilj74p1vXhv/ACw2D9RSx98VP/yAfDX6PeA/+WOH3hp5APhr9HvAf/LHD7w0ji2pfJI4tqXyUAOt68N/5YbB+opY++Kdb14b/wAsNg/UUsffFT/8gHw1+j3gP/ljh94aeQD4a/R7wH/yxw+8NI4tqXySOLal8lADrevDf+WGwfqKWPvinW9eG/8ALDYP1FLH3xU//IB8Nfo94D/5Y4feGnkA+Gv0e8B/8scPvDSOLal8kji2pfJQA63rw3/lhsH6ilj74p1vXhv/ACw2D9RSx98VP/yAfDX6PeA/+WOH3hp5APhr9HvAf/LHD7w0ji2pfJI4tqXyVf2HS9uHDLDHLJ27Ch3yxxyuHnBSrfPC97WvfDK4a1nhfLG9+1yvhnnh2bX7XLK3Yvf5db14b/yw2D9RSx98VP3DgB4asMMcMePiBb2wxxxtfNPcgmd7Y2ta18hBHFlnnl2Lfws88ss8r9nLLK973vf5eQD4a/R7wH/yxw+8NI4tqXySOLal8lADrevDf+WGwfqKWPvinW9eG/8ALDYP1FLH3xU//IB8Nfo94D/5Y4feGnkA+Gv0e8B/8scPvDSOLal8kji2pfJQA63rw3/lhsH6ilj74p1vXhv/ACw2D9RSx98VP/yAfDX6PeA/+WOH3hp5APhr9HvAf/LHD7w0ji2pfJI4tqXyUAOt68N/5YbB+opY++Kdb14b/wAsNg"
20:09:00.087 [Test worker] DEBUG org.apache.http.wire - http-outgoing-0 >> "/UUsffFT/8gHw1+j3gP/ljh94aeQD4a/R7wH/yxw+8NI4tqXySOLal8lADrevDf+WGwfqKWPvinW9eG/8ALDYP1FLH3xU//IB8Nfo94D/5Y4feGnkA+Gv0e8B/8scPvDSOLal8kji2pfJQA63rw3/lhsH6ilj74p1vXhv/ACw2D9RSx98VP/yAfDX6PeA/+WOH3hp5APhr9HvAf/LHD7w0ji2pfJI4tqXyUAOt68N/5YbB+opY++Kdb14b/wAsNg/UUsffFT/8gHw1+j3gP/ljh94aeQD4a/R7wH/yxw+8NI4tqXySOLal8lhx6TbzJaVcqLF1Db+pqzIysowy7JhWHti+mAdZYQBJ6I0fkkTJNFNnTdlATMduKdjQeFsLl8MQcsr5WFt2NMbC6W5w9t1istvqTvn/ABUUJptxHP2Bg1YFBsdTEcmSNWCFsr42ECsOAJYMTtbdvj2Muxbs9iqJOlv8eOlGjsdaQqupeucewUoyI9ZyT3sbZBVSLiuMk3EKMzKGXUbn1E/bMNNHV1MUtYKwd7ZHBu2vla+NsdaUbcCnDwrx0wVZS0Agc4oqjLayifNipjg7qaOnUMgZNGBO1X8ce6DjiiC59rjjj22V+xa1vwUj1+6fCeBHr90+E8ENOt68N/5YbB+opY++Kdb14b/yw2D9RSx98VP/AMgHw1+j3gP/AJY4feGnkA+Gv0e8B/8ALHD7w0ji2pfJI4tqXyUAOt68N/5YbB+opY++Kdb14b/yw2D9RSx98VP/AMgHw1+j3gP/AJY4feGnkA+Gv0e8B/8ALHD7w0ji2pfJI4tqXyUAOt68N/5YbB+opY++Kdb14b/yw2D9RSx98VP/AMgHw1+j3gP/AJY4feGnkA+Gv0e8B/8ALHD7w0ji2pfJI4tqXyUAOt68N/5YbB+opY++Kdb14b/yw2D9RSx98VP/AMgHw1+j3gP/AJY4feGnkA+Gv0e8B/8ALHD7w0ji2pfJI4tqXyUAOt68N/5YbB+opY++Kdb14b/yw2D9RSx98VP/AMgHw1+j3gP/AJY4feGnkA+Gv0e8B/8ALHD7w0ji2pfJI4tqXyUAOt68N/5YbB+opY++Kdb14b/yw2D9RSx98VP/AMgHw1+j3gP/AJY4feGnkA+Gv0e8B/8ALHD7w0ji2pfJI4tqXyUAOt68N/5YbB+opY++K+Nul7cOF88sfG3YW1rY45WEvBSr2mV8r52vhjay1fPtsLY45ZXywxwvYTDtMs72EthYD5APhr9HvAf/ACxw+8NfG3ADw1Wzyz8nxAvZyxxxva6e5L4djC+d7XxDu4r4Y5Xvnl22eONs87WwxzyysGHbFHFtS+SRxbUvkoBdb14b/wAsNg/UUsffFOt68N/5YbB+opY++Kn/AOQD4a/R7wH/AMscPvDTyAfDX6PeA/8Aljh94aRxbUvkkcW1L5KAHW9eG/8ALDYP1FLH3xTrevDf+WGwfqKWPvip/wDkA+Gv0e8B/wDLHD7w08gHw1+j3gP/AJY4feGkcW1L5JHFtS+SgB1vXhv/ACw2D9RSx98U63rw3/lhsH6ilj74qf8A5APhr9HvAf8Ayxw+8NPIB8Nfo94D/wCWOH3hpHFtS+SRxbUvkoAdb14b/wAsNg/UUsffFOt68N/5YbB+opY++Kn/AOQD4a/R7wH/AMscPvDTyAfDX6PeA/8Aljh94aRxbUvkkcW1L5KAHW9eG/8ALDYP1FLH3xTrevDf+WGwfqKWPvip/wDkA+Gv0e8B/wDLHD7w08gHw1+j3gP/AJY4feGkcW1L5JHFtS+SgB1vXhv/ACw2D9RSx98U63rw3/lhsH6ilj74qf8A5APhr9HvAf8Ayxw+8NPIB8Nfo94D/wCWOH3hpHFtS+SRxbUvkoAdb14b/wAsNg/UUsffFR9216VdxKTFqrszEbLdk7jPGU9fZmjhpgqMKqxBPFcr3jlyNlCDPHs1bPAkTEVFQriaN54Z4lgL5jZY5Wwva9wPkA+Gv0e8B/8ALHD7w1GXdbgz4kY90221fzL0Qg5uvFj6yzy72m4E9OXsT6E5m1FjrWkFZI5CLwgeJxMVCRU6WyEDEwsMBhfPDLG18bo4tqXySOLal8llh6NTzg6I8Xmqk8RHtWuyalvGQdgxZGboLHjk+8k8Rs5RwyGziKcPFTxUMqcuqIShh3plhlnYHAIa+Xai42rRz1vXhv8Ayw2D9RSx98VS70TzjS0P3Z012Ofu1usUazi8Wns0M0G44HqTUzCgkNm0Vx8s2RiuZFTIh2J2VFNQO2xzDzzsObFv2/YvbG2qHyAfDX6PeA/+WOH3horvlKLXX08Cu+UotdfTwgB1vXhv/LDYP1FLH3xTrevDf+WGwfqKWPvip/8AkA+Gv0e8B/8ALHD7w08gHw1+j3gP/ljh94aRxbUvkkcW1L5KAHW9eG/8sNg/UUsffFOt68N/5YbB+opY++Kn/wCQD4a/R7wH/wAscPvDX5a5wP8ACi2EVYcjk0P1vbzdbyWoLi+vrmCskoqGipJQY+qrCwqn3MXIpiWmES451QUDo4BQmUAGMmRgwQ888Uc8Uvkkc8UvkoKdb14b/wAsNg/UUsffFOt68N/5YbB+opY++K7+G4t+jhF4MB2fHg/QEDWkzljgX2HGlNtBwYPnk6c2NjiDLWciYsEXLJ7BiM/HHBwZXu6Q82/a11bDIpbvNL4F+FhcTE5aRdCNdVdHVyJRUSVZLLrSgmKiYoFwzZBRTj5RyjFTpE6VGCMlDZYUUuZLihjAiZh545XRxbUvkkcW1L5KB3W9eG/8sNg/UUsffFOt68N/5YbB+opY++KlbL/DrwAa+NGz/nzVfTGEGJkrEEDF7S+7ikatHJdVbD3S0Wzkeb3RUa6spWLGbkE6x3vw5YuPcuCJ3ITte0vIB8Nfo94D/wCWOH3hpHFtS+SRzxSi5KAHW9eG/wDLDYP1FLH3xTrevDf+WGwfqKWPvip/+QD4a/R7wH/yxw+8NPIB8Nfo94D/AOWOH3hpHFtS+SRxbUvkoAdb14b/AMsNg/UUsffFOt68N/5YbB+opY++Kn/5APhr9HvAf/LHD7w08gHw1+j3gP8A5Y4feGkcW1L5JHFtS+SgB1vXhv8Ayw2D9RSx98U63rw3/lhsH6ilj74qf/kA+Gv0e8B/8scPvDTyAfDX6PeA/wDljh94aRxbUvkkcW1L5KAHW9eG/wDLDYP1FLH3xTrevDf+WGwfqKWPvip/+QD4a/R7wH/yxw+8NPIB8Nfo94D/AOWOH3hpHFtS+SRxbUvkoAdb14b/AMsNg/UUsffFOt68N/5YbB+opY++Kn/5APhr9HvAf/LHD7w08gHw1+j3gP8A5Y4feGkcW1L5JHFtS+SgB1vXhv8Ayw2D9RSx98U63rw3/lhsH6ilj74qf/kA+Gv0e8B/8scPvDX5a5wP8KLYRVhyOTQ/W9vN1vJaguL6+uYKySioaKklBj6qsLCqfcxcimJaYRLjnVBQOjgFCZQAYyZGDBDzzxRzxS+SRzxS+Sgp1vXhv/LDYP1FLH3xTrevDf8AlhsH6ilj74rvA/xldGvSoYQNj1SIOPNN14dapdDa89H5eaROGHItYqqqhZI6BKJiSA2OsKllxBXEa6enLpk3ZVRlVOuD32nHAQZH+QD4a/R7wH/yxw+8NI4tqXySOeKUXJQA63rw3/lhsH6ilj74p1vXhv8Ayw2D9RSx98VP/wAgHw1+j3gP/ljh94aeQD4a/R7wH/yxw+8NI4tqXySOLal8lADrevDf+WGwfqKWPvinW9eG/wDLDYP1FLH3xU//ACAfDX6PeA/+WOH3hp5APhr9HvAf/LHD7w0ji2pfJI4tqXyUAOt68N/5YbB+opY++Kdb14b/AMsNg/UUsffFTsWuB3hTbaOrOJxaG64ILfQUw+tLq6tBq6WjoqOllRTymrKymecwBJOTE4kAOcPnzg4JUmVBFMGBQwQ887dfQlw48C2x8Vs2boQ0r1vkSKZBTh1ZlvVFSXeGlOFNLKJ1KGOkcVFWIne4YqCecL45jFQu6XAuIHbMLIMTNHFtS+SR6+KUXJRU63rw3/lhsH6ilj74p1vXhv8Ayw2D9RSx98VP/wAgHw1+j3gP/ljh94aeQD4a/R7wH/yxw+8NI4tqXySOLal8lADrevDf+WGwfqKWPvinW9eG/wDLDYP1FLH3xUvIt4YOBOcmaRkWFNRtQJhj5TOKiemvqLXFhILNUD6GomUhbIkXO03mrohs4jqxM2lqhYA8IMnqJUySN4AmQBQsew/IB8Nfo94D/wCWOH3hpHFtS+SRxbUvkoAdb14b/wAsNg/UUsffFOt68N/5YbB+opY++Kn/AOQD4a/R7wH/AMscPvDTyAfDX6PeA/8Aljh94aRxbUvkkcW1L5KAHW9eG/8ALDYP1FLH3xTrevDf+WGwfqKWPvip/wDkA+Gv0e8B/wDLHD7w08gHw1+j3gP/AJY4feGkcW1L5JHFtS+SgB1vXhv/ACw2D9RSx98U63rw3/lhsH6ilj74qTKhxFdH+SZ4b+sKrqDq4mT87I6UpZa0WqADlJuZyR6jrAiCrONBCMLYZRXCTFMEYM+QTzZhVKFQB1IcgGmgCnMO5vIB8Nfo94D/AOWOH3hpHFtS+SRxbUvkoAdb14b/AMsNg/UUsffFOt68N/5YbB+opY++Kn/5APhr9HvAf/LHD7w08gHw1+j3gP8A5Y4feGkcW1L5JHFtS+SgB1vXhv8Ayw2D9RSx98U63rw3/lhsH6ilj74qf/kA+Gv0e8B/8scPvDTyAfDX6PeA/wDljh94aRxbUvkkcW1L5KAHW9eG/wDLDYP1FLH3xTrevDf+WGwfqKWPvip/+QD4a/R7wH/yxw+8NPIB8Nfo94D/AOWOH3hpHFtS+SRxbUvkoAdb14b/AMsNg/UUsffFOt68N/5YbB+opY++Kn/5APhr9HvAf/LHD7w08gHw1+j3gP8A5Y4feGkcW1L5JHFtS+SgB1vXhv8Ayw2D9RSx98U63rw3/lhsH6ilj74qf/kA+Gv0e8B/8scPvDTyAfDX6PeA/wDljh94aRxbUvkkcW1L5KAHW9eG/wDLDYP1FLH3xTrevDf+WGwfqKWPvip/+QD4a/R7wH/yxw+8NPIB8Nfo94D/AOWOH3hpHFtS+SRxbUvkoAdb14b/AMsNg/UUsffFOt68N/5YbB+opY++Kn/5APhr9HvAf/LHD7w08gHw1+j3gP8A5Y4feGkcW1L5JHFtS+SgB1vXhv8Ayw2D9RSx98U63rw3/lhsH6ilj74qf/kA+Gv0e8B/8scPvDTyAfDX6PeA/wDljh94aRxbUvkkcW1L5KAHW9eG/wDLDYP1FLH3xTrevDf+WGwfqKWPvip/+QD4a/R7wH/yxw+8NPIB8Nfo94D/AOWOH3hpHFtS+SRxbUvkoAdb14b/AMsNg/UUsffFOt68N/5YbB+opY++Kn/5APhr9HvAf/LHD7w08gHw1+j3gP8A5Y4feGkcW1L5JHFtS+SgB1vXhv8Ayw2D9RSx98VQ/wBIn58ePjkq0CSNdtYXBKynJBLYKOpHHLPSMlBoo9m02m3ICWqCYqplQNB5HMTTjTbAlO52yGDyGztlawV7X1v+QD4a/R7wH/yxw+8NZyOlF8WPHtpvxqIcuawapRbC8kmdmotaA7wZxNWAVhGystSTDqojZZnVU6D3mdNpCYONjYG2d8yYPa542tlbIj65KiVyRH1yVErkv9+HPpKHGNpTxqaq6uzi5pmIytEbSdaO8SraiNTcKGCdWJMezpJ4p6yApgBHg7pK6n5iCYBYWDHyFBva9wr3vZj1vXhv/LDYP1FLH3xXSvBXw5cYeyHE7ptNs5aYw9JcrP5lPNQeL4cZBaFW3AdT5ZkBDJGD4hVZLAZCF0lLTyIdwwA7WAKhWva+Vr5Xtp8gHw1+j3gP/ljh94aRzxS+SRzxS+SgB1vXhv8Ayw2D9RSx98Uqf/kA+Gv0e8B/8scPvDSkcW1L5JHFtS+SuCrAHz6f0prhX/4cn/UUmSt/lYA+fT+lNcK//Dk/6ikyVSm/ylKUApSlAK+AlhLhiWCywwFvhlYLMQPIUPAS+N7YZCBYiA5CYY5di+QeIoWWeNr42Ewve2VvnSgPP26QFpDvuxNVGRtlvzyFOPYB9qu4EPR80NbIWbWUVahxs2HEK8Vex4szxxBVd+PAvg10uya63IVILySEaPpx9UdPal1S28CZXW42JEErPhnInjM7mbGz5dbWbfchx/GBxt5sKiuhoncSuWBkbwspkypDuRfPAcTvjtAssRL43tm96W/+LPiP9O/XT/ySUK0H7VziW1i1f2O2SOIYzmK6/QRLk2GG2XHuVGcAMWMBwPgREDN2CGsUyVcUO5GxzILMMp3fvgXHuYWVAZNeG7im1B5bNCW7yAchynJ22+3GyL2mdQcUmr86ys31aDRmlKbwY7baUZIbGeLcbjNDSkxtpD0S0003zZFOCXiCWlp4bLLpaYJYL0aKdZrk7WPbCH5Tld07BM7UDeCY9aYInd5qojicT7iRmFG8bb5RRdIuZgRy+CA1LFRTFIU4auUQHIjIJTMJIRksEOurjA4bAuQ7S5c3gl3cjaLWZ2chB5/SevQRx6vpC1e1faKWoONwNJNTlmJ0BsLKbIy0oFEWx52qLpN3OKAZ8RBVB1FVJHHUq2EdHCmJwpcf7s8cbtbMWll3jA2jc0AFpHiFgIkYtyYG0oOB7kEt7uRoNwPBGLyQoLLBcp14KRXEIdQCUUXFXDHXSqqrKsSMfWruy+I6UIjUSEIurKz6QtJGZ1g/7/StPxIW0X/w465/+oON6tCaexMM6ncdUS7DbBvxJjWIIw1ihhdeTwWcTYxdPKisNpJqeTJkE8ucVFhaWlc8QREBBRyR5YXVtQIJKUSNnzhcASqPpZLgSUbhQn1NUTgBU47ZL16b6CAMJjgIoqxaYWq6hiZXG/4Rh8ENsrShkHj/AArFiBga/wDBCyrt/kV2S1q014tNaUTbnVhH3FU5GTtcoEijU9zNhqr4MmbAHGCVzbaScs80heSmmGiDISoKZd1kNVUUU3coRTE84qKpQqM1Sy/H0NUXRl7T6Cj0g7XFpsNnznK+nnJJCmqT4UG8XRtvJP1gSE2BgEZ3HCxJpPJZFb0ouWUkVmOrM6RFbS8oxgACugqCbdLDNCKaeGZmTv5ym6w8csYQHM05XerjjPYmXmZEDNeMXgMdbQEYy+W8sOpLf7tV3U/GUmEo0Jt9ENqim4kY4vHQSWYBoojHS+YgoVL3LuyuU95cP24ro2deuk0BxkkwYWVVPVqCIdkSWHWCkprhbB1HaKtsU85aajTSlhumCyaGZOseCzqMEbTxAkNRNk8SqmJCPlMTE148MHRl0Z2p5JzJDql7i2THMlr5UBWTnCmrmqYRVaT1okewHLKZJWKmjJdRKnAxgDoBgYIxgIGJnje+chk1Xct6QSSQSV7qyukJFw8jdJY0UjtOS5HzhDkAdmq6o4CLdtvC2tQHoU1HLmz6ldJAM4SI9VRnuRZJ5nbdyL3bDHXjanllgEjlFExngDedvIjFOz+7mlYUf8fmzTQgJanIZkKR3YKxhy5n7QA4UswuLJmKFtolxlNMdTxJGG6AkuEEYhcu2T65knqiWrGU1SKdJc/CEjA8K+/CGXSk8sjJMBB4JaUVJlyycmhoLoahlFBIEgAwyxQFKGIEs08EuGGEU71AsBhhiFha36ulmzET6jcGGlezc/OmzXiyIOOTVV0u5azD77PCly0Fx6nJKIjEriBZqzlciuZS202EcMXAdYX1RMTQs8RTWOVg1hkpQypR7y/8R+k/FTx4PTeXSlyy7rBufrstRGpsnYZPn6U1h9za7VySmi2HA3pIRnO7lRpPIZ4JauuuNSSUdqpScEKmjYjplmCXXm6aut2agjb3k9429XGixNiT2lrvnhma9SZtastFIWiz4UWI546TXHKUNsZXTlUgfYptWcS1gXNKQmRzuyciiNhVLm0NZWyZutPX/THZHnWlKL+QTk8TVCLdEmosk5J0d42gDOeZV2JIlrDtKb9nzHcwQ3EYcyMKEfTm0KB2y8iqWRQIFsMBQVEWR9Qztk+MI4Ps5EfchsJhqb9WyzUYCQ7Xa3mufejjMmCREm22cnrKgRMOJbHNKCeULI6KCcPimDxIuEWyEMgYZpa85/"
20:09:00.088 [Test worker] DEBUG org.apache.http.wire - http-outgoing-0 >> "tSS1Zt1lZ5fcZqpjG5V9FdX+G9zcdktcVVnxBG7UjboRREocWtybJUe57amLl8BZxfRWSmC8nm58XOk3cwTRRVpYJkE9IxFfIiadKiHTTYGQtu1YxeYPRgnw8rrl51dKpGcChNjfm1AOTpFexRVnzUzXyypof4qSvIEVuZ3NQ1JUMj3WnbimC4Md3FhAGYaMlUYyjYI2JdV2HsN2lH8x2Y+k8qaIkHo1G67SRI9jjidJlHGkE1gsVOY43vjiaLgnMAjGON742Fwzta/YtTP84xSw02lbbZJQ08nK6w6Qjx96e8gnSOeaNm7hQqlTU2o+bcHuZnpaq5Xy2g0VdUmPGSUeUAh2M6GubM5mCFrF8gTxg0Wwx/hhg4C/w63F1h0hHTYnuT0jnmjbBzZvcnWTFmtuD17Be022BXNfnO58jzHjJPukPJZQ01SFcCCUtbvwimDhhBllDsmsc75fwai+op2nciL6inadyNBsLcCPEdrvK7BnCGtNmux5Ui9yJ7vYbuKSPNqmZbzjS87iEFMBPXpMVUY4IXzvfKwCknHCmfZ7AoGdvwVwneji3lLkX3HjA7stNwg/GPGMdnslLTqPnjJDAXZqmw6ZFvg5pjXGiK3/C7OTiZoIFISyLoDPJF0AGyVgSu73YKLLDTbj6IabOd5OcnuTyCbN5PJBIoOaDuTtQ5NgWw2MSKhdQsrs1GXEdNCb68bvfvM8pgCCiGU/sFcsLY/wAKujOV3kzVdGm5E8La9xtfYbf3bhwnI91M1/LDdqSPLQOIIazJ8kmQzZHJFi5g4GwVBZMDKCRZYECGK3Wm+3013PFpXw9C+H2ScaJvApkLw4xeI3nz4+dVOPZxPRna/wC7kWy4PshpqPJL3kOPmuWZ7feSw1pmb6Q+191K7SUTqi3FI8CpYHvwFGG6kROME0RfVSGNoG2XEg9uQzeweQN4JfvIPHBH8ZkEiGdJGE9ZQjws4JaMBogy9JE8GmkdbITruAcEdISAUTHD3UsmgNIl2xQjZ4J7n+7xc8SC9q5Iz83o3Ylkfavkyn1KuVk+YjlsvEiKG4fxJiCxNBqKIUIhJDaTgiRBEHX8ExHyNoySSRG232e3MlBJVP3+VrkvkfWNwxBpTpNHhKdeSjbkBRBgyPFDPDxPiplE7ni6/sBLw2QoIZJlNiycsmEkmcHJkloy3XCcOnLJTYVCZ1lvXrYIjIyJJE8N8aR3kVYa4sFD4xOkSxhx66Ru98Aaa7J6eOeX5k1gW5Cd0mMnXyQG8FJig3Xkzs3itOFaZg7jEY7UJCEDqsMbNFJAMWPZmkYwxCyD9UlF9ueDmN3yinZx0vta44+MYy0IUb+sbYfbsYLLl6f3AItknI7JOMMhbRFRzeL7jYsh44gAqJE4mp5aP0sIyTJGHeTdVtPFbxJJOh6hJeyE8SqsbU8huyoQRzZDZ91d0zuNgMOTP5xtFieZBAGbUapJpPSQMcO9yJpw4t5AzzSm23kJpspqV8cDV8GDyb9IohZyZd4PoXe8tOJJNPdkFRUWDLrrm51N1SJhDYhjGE0mlLSALcUPDIAuA4UjKwmQZ8vmIbj8efneG2htlkypWTpG6os3RKnVbPYRzg35r9QNX4Geb+LcbnJ005DaqFr49n06H42oM2EjwqAOGpRUZeSusLKWRVlRajZJN4GVgybUCD+XC6vms3bDKxS7NdvuIAxyE7up8pbpzWsyhoOwosBQYy0Va6zIcbNwzLoplKMKMoSs4WW8EYR8Z37o4g08kBikmSpcBpJ9zeaURcZBywe5pc8ZH5pujrw01L2UXy1p3nabnCmFb3EPJTBbnyPuQVVHCCxEFDTzybFb+EzGzwwAvg3DfbCdqGLkFfnPjP173JYM2aZuuUyxk2utpPTZUaEUSuRbcystEOKCYrpp4zZuKQrsZllAcqSsAcPES5dRJmMyl7GCpzMMQseOMe4z03+3UzocX7bQ9Reerc/j+0nezxX+P1n6nNqTntD52QXRJ8c607JCOhkJgDSZzhdSw4zrdWVZIVl4ZYa4q2Oqn8jagTV7mfk4JFkPWzWQzRJhuHhV5mY64kotdpaU9Mt44MfGwUdZO5kx4lzhFElsJMkhYVA3xJzGabVVpVRTyVGK2kpqi9QDZguXXm+nJNksdtrZp2686ZYM3G0IShlpClKUApSlAKUpQClKUApSlAKUpQClKUApSlAKUpQClKUApSlAKUpQClKUApSlAKUpQClKUApSlAKUpQClKUApSlAKUpQClKUApSlAKUpQClKUBlT52/xvPRpf0rtgf1g1ArVZWVPnb/G89Gl/Su2B/WDUCtVlAQo5Hdt0jRPRnZ7bBVFJ4modihwrTRKH+170WZKVsAmxFjeMWy7PZAcUjLbXRR72wEuGAeEFsEJYO+GWOLimiZ68Qm6fEZKcnLK5m3OafU53MzYVRcR42czw2rdz/MzrEimshmM73IOk6gyVDsSFiAtgRM1VSfypniYPDqfcJ4dKJkmSthpA0A4ktfY3XJ0knYaUBtkpXhdpvBusJwPWHIVKrY6c0hHe7TpFstpMd9k2TXBgvrhgIkjqsVEDvamxcMCQ8dedF6cpG1OjicrrnDK/dSctKpBa22TO2BR90NWZSEh5PhhFWrrZ4swmIMVdKiiEGybHVBSaBYbFONN1GWRU8yAiYh4WWi9Q102XHLLRek0fSLou+26tpo5Y+Oticn2lEoaxujJPR3mYL4PaDX+cBzzEjaa2wVOiMpz4ighDGgkk7kbPNN4BlA8zZtlONwlSPcVEQkaLxC4Y+Sw5N2i0kkN01rCNNpuN0ZzwzvaE9zWICkgiRElqogEyuQTHIe4ie8Gm11ZQXFkC2RRSebXfYiOFmlBpwg9mOiW0rd3Z051u2sbHegZGcImaj0U04kJ3Yu33eORxIP1pd07cTtxmc+SLiaxq/dBP+1I41u3z7HbXyfdIT0+SQeTDQ9Hi2SHpC6DzNu5u6Zb2ozCyJkysnsCKpZ18U0N0C3HwE7g9h0RxkmoaVQ8cO7IDZTkkfEdIW3kmOSJV+PSz41bQifrQ9LSclmxMnhhiV5cje5c8c+mx7dU01GexhwQTxrxw6C9rGIx1wahtVbCnJQJXPIwGTXXn3VdRATJQfALJZXZlVC4RlDdbZMl+sW+amDpA3I9uXErrm6W4d4qOPZ+4wceiuDnoqxstbbTWTU15HcZiQny3Ri60psIuotRcUckkAwGVItUZgWbxZMc7gcLtA1jx3HzKiVgsqLo3baWzY9jpqoDIZDTRAO9khttRrpZVFQENNA7bK4ZNMSyRYmXtnnmJcMLHIQQQS+WeWVjo0CiVhXYTmf0cfmeKNOEY72vGWxkZSt3oqOiN3mcUG0jPFGLD9qYUW/ni3UNZufBsICCQf7VMi5YYrpK4zy3zFPWasNJqkGvFIPntiUk0dG300bDBWXRxvqMvcfW2baTTSvFc0w9sBOhgmou9OAyMoqNKqG8n+7ijnZi0eDwJOXMoCRXRSZscYU6plQxkc90TqvLb56QVwXbaa4bEoaYm7iMDCQ9bJPCuRT0Yma2Rh8uiv6HJJullO0TkINZdhNpYu8mlZEEyzjRX0URCyQ3xk8kX1Jr6+iNRBW3Q5lZOQG220hSX3Auq5sBPSUVERyYyiqqyofM5hliScmkCxg4dNmBAwCxYEUYXPEPDLK2VXoqRBSfzA5N9vSSWdSYw2x5C5SeMT4HiQyfdUbSaaUl0wrkC4+OGWadiaf2DduNhh2gau3FhOyy74TjAYQZ1zBIz9qTy6OPtcf2s4m9dRHUOavJ+uYCtqdKhBQ7tZWS3HBlyaE2C6ziatie8NHIqNx2rrOR7DE3dWUj1h7iiY5DCQH3ETbcjPSUNLtUscfDcJcWMRHNwZqJXxvkQDml3m2yvx4iqGNssiRoyWOfN5XiJQ9iIYGRTr3ALlMSvfxjP97S5ZQeMXnL5PdUXmoFmbrpuXEgfJxDKio5XLIaGtNsVbvsQmpgQFrgFxBVEzIa2OQBwysns2KkTMMImGMACa550a9iOCYmLuxyxSWkGU+QuTHaZ9vNmF1HHEQ03teYtcjia0btsoKJ2wxcumr5x6IHah5XCUkNptI5mOcsEXGwDw3+JKm0ENNtKUoBSlKAUpSgFedDw7/0uHkG/PFyS/tqVq9F6vOh4d/6XDyDfni5Jf21K1RZef57Qiy8/z2hpg6Ud+Io3m/8AtZv/AFh6+10TrZ0eLhkfumWucovnVVOa7wdWtcPyC7ZURJ0ntjrSa5XBF7dX3A8cFQlK5JESRrKR04qi4jEPAIF8ssBU65HG5eu9ulHfiKN5v/tZv/WHr7Ud9cOjb8RU46ba2up7QDIPjhIeu0LPJfc6bs1spgYCdbmjhsryqtpTfU5VVGUnC5qxwc2VIBNfJGI9nAAmmglQQgMKW5+X0aOVZmX1zk+gMedpH2j0v1b2pJRjpVP0kuEw/FBzNYNQkwq7WwiySNYQB3oTbbyFFCwUukmLN0r433VW2RTURxEiQHTXElNcX648jvSnp2ml3pbCiuK9hISeT4diwJlgTSURJWtwBRssAg8RDJ9ROi3BTkZHTwTKotrBsijpJQ4pHipUXt3iPliatQOWHcTg7cksqOwGuECwK39iNZno7Udrk5OjBsq48Rmj0WvZTZ6IgEXB3UKaSw3hlUI4jjGW6TV04BHKvHJATaddeuMNc5T+YfnWhWQZrdcb6ZtHalDeuwUfx+dDTHlLso3ObCo+tYOKiOnmigLUjtQOyc914uezNk1BYJNQjdCNGxyjiabmWS/PA5j3PTlXjqxa/wAe2vkpc0W4iNzP7ws1Va+rsUqJ5O4r9T3eDhmVIt0kpBig7NP5EEuMnmF1eUE4k4UAxnY5muugmlrZA7dix3GRpwft8zf49Do6/wCdLYP/AO/iaud8F23svQVJMm8Ge+KyHfabTNOxD1rkI9cUonbKanp5ULNkqLWHOCZ+FFNiNbJMzIkgzGar8n+QKUfJXXowkA9hC/pMEfzjLHJlwhRhrbJJaHJukNc2RZbClczgMJ8nJ5ymodSFN5lMSwIxzwo3UE2qqiNcj3BQxVixLIgdTzmIB4uyOQJbWObHfPINKkq83+4y1w+6fu9XaWlsCLyOr8pO0bTFxyAVDSWrd8ENXI9We5jphxeGVkkwTXAcrHcTbtS1LJSIZteL3OmPLT5CUKRbrlEkfQXCjNSI+iqLWwnNBjtBDCyDII6KmB3xDxyEFzFNn1A6PkOorKwojmlZcWDh9ZVzp1UPGzY2PhmRuf6LdvHFIOD0ez64j99wmNGMsv5/nMVRV1+23bqAGmYys5zpUsARIpT+DKn3SuZlcSeB1onHeWDIncoYagCrtTLGS5wuAbKDgmihoEIyWMlhcBy5kuPhiKCOAMFlkGMCMHliIEKHllgJhljnhlfG9r3N8/51/rl0Rb6RqkrU5P8AalKUApSlAKUpQClKUApSlAKUpQGV3lacsqcgHLfqJwvNWUn9FOsd4WWttt3z8VuM60nbI7LJKbhTGtEx1wJgwKmWQDR1topJQJAiBp4uUnknEcLKik0EIApFnky1Gj/o9a5qpyS8bIkgQpCSNP7GhrdTWQvJsjPyK5biZ8gKQo7vNIkiup0ClXaRLIKggAKVzpu5VzLzNdCMRTVFFXDK5KkyJhFnS608w7L4lANleLI0ixgYM2vYFUWWu9A1dZS04bPHELNSJJMMuxRNkwc8zAJDPA0LhgEbDvlyPpcK6Ux4mLxqWCuoPWbdoICjeOkEtawqmuuu6usu/AimlcbXGHGETGqoBdkPHsWEHBCyytkYDwERkm/dpwlONXJFYJP/AKgqQWKpaSSrGcp7cifGk+uSaaNaU2Rdjlpvce8fFl9wTzq1H6i8GYu7LulRJKXiti6ZLZzlSR/EJHFwbd7IARexnImM6zCYpkVpTRFlBpyZkIRXxodIX0q1I4zlh1s+Fp/geYHHu3qckya+pHi9hprdaTuWY9lZXSXo5HaZYDpV1tPRMk40bUChnMMunJSSGTTpGNFlzUapDxIsNrHUd3yi2AX+7YYONlRYqRISYhywfZxtsDtRddjaSAFAs8ioAQPfwpR0p6dhinHArGsDAJgv/AymD6549Hl5RNDUPVl6qkk6u8qk1HNfJrjyZkBhu2amq/TS6yEltPVtT8QaSJJyy0yC1ISYtGWs5ldWSyVkpwXUrK6k5kdXarPZWn8zi0uF03O9d6w3xyuc37a4llmR5AZGjOqGt5PZXcBjRw7lliKc9u50jN7xXjl2OdtHiSrk0PB0hxkIGh4DgGLEDEgKxIUuuWay62+ltytdWn0ercPj92r0SVnzE2k2yOxbZ1M3E1bUJHfT3iExm/gBjbck5tpb/cjjPprwSW8lvlyBm7rAVyiqzUognGCKA5ncmqUkNYL4Rx0sXkqQ3Vl4ON7D6IQVIsY5H+yDZcR2A29dmAulEbIbHCxnOyq1HObEAK3Ftlg3lgfK9rkDOITpWmeL01v49Nem/ex2T5x5QNeExiIIF75qR/FPbEkt1QPEAA8RDAtyS6/GemCXACzvgIvF7XvbLPDAQkP3MtAqe6KjtRO7qsIq/Xk6NVc5pOcWeNDpefD+JccnHDEbGW5VhhgPRxMVH2JnqTEpBWE5PkdVaSokL51DSwHCspOIIakWGSLRmolm/ZMMPZbWc+IyZDZHgM5WuO7HUNyPxp8evI3IpzV6Y9WnA/ne+Y3jeYlRQbSIwpDYmb8XV1QbQ6ouPVCWBjHfx86UTWs/UbNRAbzkS0tG7v4sBMIz6Q1z3xE6L4lXfJRHWab2iAZtfEdWYRRvjHD6kmZCY43NECAsxtFOOiF+6Alj/YJC52HL54Y/3pGAgb52h4GIEQcu+ZAfHJlH79TiRa98zpJmxw4Y9AeThGDBwFHATkYu7SakaM9pfHEuQNC4Yi3Ki2Dk6qioizTZV4lPbcykWR1X/wAkiitNUeEpXK4unFfyVcdv5wdjf1ciGtvUS/yVRl+b5mfq4m1iF6cV/JVx2/nB2N/VyIa29RL/ACVRl+b5mfq4m1SmJrio4vNDuQnfvn3XtxdfEWa1eNOT2a0ZjnVV3yQ2M0BNck0T8cWywGDEeTWBNWPGUsgLmKfDNjg3LY2LiA45CY59gbAa8x1xLcw3FRD3E3J0ntDDZ+ZRGftxowlTM+5gjhNgYutscJwyuuMZ5uV4LTOsnsdakdwJ6u4zhgIpkx7LTLuigN9xhqPW3FfxdaTche/fPsvbZRa4pEU415O5rRWcMiTJNcWhJqc5Jon44sgGikTyGyCizkaMJZHLAZbBURymIWQZMQuGOYwF5/yaamM/o2iBE/I7xjvB1x001nYBlxFsPqlI7j+VGO5kYruTHO6TZZsueQC69JjXcdsWUaAOilHidHzBNF3EnmUkZtKJRzMfyj6Kso+J7tfCR8omjqyI+miSJidIk/nx9HO/8VCMP2va419zlS2GmrlA2jMcGmgzrNtprlypFX5Q9p0HHM2iwrEJoXDvqBUdSLiYAKL8exe+ZBytsqbLjKxsUrHqibLoAMx3bHRPSpEqWXlLPB2ia+OQgxZ1dW8wKVCDvcQHaJjOllccsFlI1ci6WFTlftSDeeBpFVFMAVIU+1LlBw80472LlRemVjXx99Fz2hgza5vyLJ0/8fW2pJlQnyQON3ZHHA62tsTmZVj6btDkVL9+qBdOWFdacK4mkBRXCeCKivxiqC0qON4sI9gFGf8AIxh9F5m++sML6acDe6mtWvrQKsqKYr0Qn1AbiSD2gp44J8nDjNKzjcKjiECItut0K451fdC6ZwsZWFxQOnhrYXGsHhV3AXJuT46ej7cbCfGjYyl7dLZCIUyJdONf0osOsLb+lBYcqsmAuNSQiAmKmaZLJNKyWcW8C2RfNbVjyA0C59MMOLFXTbreXtwITs4eeQN1NdZTHE2XNo1OTgbrgRDxZURl1CWYoWVFIWUhSJCDE1FMU08yXOkDxQYUsbKDhGABMwhMMr45tQuGnciQeK7Xnlih7YV4unkDgJusST9GItRBO7MRo6zwufduJmAibeuSAxWnvKd1F0vNUJ44jJLnVjADAUATGb2dq8NFmkW51TjddHJqnqsV/mi6Qo7mrLhn4sT+hUdPmb9jnHjMfIntmpiSLtrOKmZAWDwS0tnMl20Ts5VwDwBLsxqnx+2VB0sMsUdrlAup4BANtIZCE2"
20:09:00.088 [Test worker] DEBUG org.apache.http.wire - http-outgoing-0 >> "rrqrp4s+RaLuT/AE/j7ZiPsSqG5TOGTRmiNLG7mFOJ5iQSxWzvZh+wvams0/LMyWX2kpGQwRllnrKEpGQCZ8c6nk7Fqsi3z1D7FKUoBSlKAUpSgFKUoBSlKAVVbzW7uOfj14z9m9m4/FKgyk322hsuKBzhUseBTpEk91Isft9x94HbZkVDJl+MBp7+Dj4Q5E/i28iZsqbLjiFhbUqzcdLEZC87+FieFFELGDYTAkmB3uuhFsBBRcUEOT0JqmjNwgsM88y5I26iJ05ne1gypQuOdGzwBLCZ4iLds+ToOEOjawJLmkLSkue5CnlY5SJaixLlhY3hUJ4mC8lxlOryQQ3amJqITKvANunGUxFxTCbaiXNoIy640wmoqQKsjLBlHMIMheF/czdbfjh/kMsTfzLRuQzXl3Szqaak+ZkY852wdlmNiDfVmc8JISkEeymqGBmo7m8iudwhBq4im7UlYdptGceWZ1APXwwXILXkeBoelRtqBEZmPuI4/f6CqAjhYpojZczOSXCmHgzHbWAwJZJZ0EfEW+dgsQf4V8rY27Ns4fRTMMnRrLv5OScGLgyJ35N9iXtHY2eAgYCs1MkCPcwFsjjkHgHmTMHD5tKsKHle9zSKbAzwDuXt2xN0kz9NCTfPl6kVf/8Aa83Sf8okFo+lyu6TNONh9VOeHhGcW1G8Uv7tzlObq2LcT4cDzJkGhFDCFasd5F09sQfFSSIYSmC3bZuVTuq2TxyhNeHAIqILebw1zZUfaNsMlzqtwfKKTrI6mAyNgFBmrBaI3XKSGpuSPUN7CF7+BzrrR0YXBSMJWItrhiDlgFPweKIEoioThAKCoSjnT5XP6QB0fL/4IbbfqSiVqQoDCrJmnGw+qnPDwjOLajeKX925ynN1bFuJ8OB5kyDQihhCtWO8i6e2IPipJEMJTBbts3Kp3VbJ45QmvDgEVEFvN4a5sqPp85lpVtC/FLyDP7A1YkcL6ozE1kg523a5FXBIzSPxy3DAV/8AZ3cFedacIXxv2cch8Q8cscsb3xvU7yuf0gDo+X/wQ22/UlEq6fkhiHU3YbUOSdft2JYSYa1+mM6zmu5Hapyo1YbHHV0N3o0hNpERnq8M7I4KofWWUWGulZAmxVdLJqZO5QYrma7UE071+Pgz4aG8FXAQ+dc9TWTNcVwu+tynTrdCzsmJn5bdS+kygpSW5IzbrmfRgeLWtPqOZR7Brago5Yp6Y1U0mTKBYWDJgBYdi2iPedAR2rx0biNdvEQktAbelWwaAhpgGQmQCcjo8GO5OTCIOQ2Yo2QRQkWALh5CiCCXwDtfPPPLs5Xow5b+FLjhg3ienl6wJALGgSZdRIkNTTDuxjIByb88YPyKMCrkIm3bLZMUs8X2rPIVOHSTA7qVVUQqsrQC238EpcT0g2SnfHc4yDsp0ewxO0sDDHJLk7ixkNyvhWMA4FxnE5R9cnOWVXWKAFjgCDm7TRbNzXCLhhlsPC3algggLBh4szPxtu0cnvpo+rJTt0Jf+YPtf+l8P+xiL6khzj/jluja/pIbBf8Am+sVRv6Ev/MH2v8A0vh/2MRfXYPSMIvDmrk/6PnFAz+k+LQn9NmyLbEkOFXmbjuV2fifVNYMLrjBfBEuaONdyFOx2xBXLFxhSud75YYXver/ADNLp2a/n/2/n/7k7NftZPejPfzgOeL/AMTqSP11lup6+QxRPSyc5v8A90pkD3Vqi3hQTXjC+r3SeEeNXU/HU/4ml3a1NYD3d7hNuWTnI8WJHk/FWq6nQ68ggj6+/FhaSiCutOG4AZtVcJgypXCwGH7S0Ml8Th55dZlKRpTjzWLW7fHfovCC0bbEtSRpJrkBLUUMt0J1xLKDbyfDifbBJOlZLWCGEBLMQB1YK5cIQ0gDKxXHu1+0A9/NYuRDjU3HmDWJ8GXIjoOv+xLNfjTcaIotCRoxe6fEjpFUGbIbKWggVVvrZXAS2QYlrG0dUDxEMIiqplghB8Y6dGDbbBb/AAlabmmIXTsM3QDMTkex4mGDicVX8LOUjI68YWhAuyIOopwCMnN0sIZvcYNDREcrj2Cxcvjaq+LASTQ5eelJMaK8AysQLWkSS/nsRR8bYoOE3KeuiYsrZsxiBaxay8fdT2mM4o55Y4mc1MwuYC3EEBGzqp/7Jf5T7xzX8f8Av/N0X/8Asn270qco0DlzTuDOiYa/SbvrDDj2B1bQMnkDIcUtNEQ3EuuM4s8gsgorLGJpDje0eJBnFEfCg3V0zkZdqZkAVTRjAGB4wEEQM3/bM8kenfH/AKtQvNErn3M22ZJyOwmxr7DLKaozwmKQ1FdbSYea0eMJhIx41ZQWk9FHTyh4cwtlm0lmRCBA45MTasjBqWRV2f0Gtnf/AAQJf9UhZqeknWJPDn96Pox5LxCPx00eOVwyNFiStWwFQcpuFiiWBzx8kAZ7Jay+mk2HHq6SFDxxNhK7fbRgHK5gsUtbOrUVfSp9mNWoq+lT7Iq9I95TIj2t44iUHLMAbmaiTco7Aw1ILQirdPXVdhFxyIxEDNxE3G6GCrFVZ4MhwlW4bW0cBcScHYXcydkoB5jIdgS54Qpru3j5ANaePOMkKS9jHOtlLvd2EI/i6O2I2VN9yvLsgKvY8HMuNmKi4ZqK+tGezhjmKMInoxIQwSAUVUmYUU4I3R10vxPIGuJxGOGSRQwbTNtYLGTTQ5YEYynjGSL6JmBSI4mGQpQUcoMMVGEAyDyFLCigZ3yCEzxvLrlQ23jBibZaLaqRtpNFW6/I/I6s6JJ1R+V0JttxoazIbdt4Tdc3rMqqTZdDvZxIv4gmVnJHjtOwWnMHHJruqiRWEtpk1nSyS21Vz4NK7fzbRF3XR1js1ILr2ayea+CTU6wpr5sHrJvJo68dkFrBqwKu7hQc2mCwZSehjMmERYqE8GJJ0mp6W8j5hRTSZZvu3FuHsVBUSU01gWUFZMLG+/zfJlBaNySJXF06mbMDNnt2w0POEaPZyIDMLwxLLVJEzR1TS4/cZF/qD1PudKCQ3vZQT1mPUIiFePHfngqCggIwq1m56QUyuQBGhHjvk3byd9Y3B3HlQ1cS27E+s8AP9jEGQ5jrUl1WAcQc1yVNT5drvCKFW8bIipgcfMQofOnia1kGVzSSqfVgnSO4SebJjTWHliglGEPT1xcTc2pYWCZDtgTT41xcq8ipcustSELYd8mEoLIFGPKQwueYKIxTsmGAMQc1Ice019e2jFcSOjE6hNWur6ekRFoWqbe8j0I6ZTjphrs/2nLD6lPeqVTsUw6hxUhNFbwRzaQfZ5BwPOQRXS+WaIhMRuWe6OeWVZGAcioCngqhkshm+8BMMrAayhQu+Gfye9I7bmwjAUsXbrrx08esaOlgrIVrGkc3MG57UEezVVcg7ZjFA1FVhuVVPu3aCi5JqzG5QLHDFSIjDFtXtBmYpk+Rf6YI7v8AwxC3/mrYqdDi6RBoI1Z42T1hVkPZQ3sFrpLWMKkYeZkMCSjI2wj2DBdRhTtr4zYrcj2cbhQkIFqDZLi9ICZGqeQEWW8XyEzNKWQBeC6L/TBHd/4Yhb/zVsV+rwaNNrGuXfpFz3NNxDMvJF2zjttIzrMJREZxpDecC3PaivIaYtCAZKKekLh9voB1YTihgEopmkNHHPBDipZHIB+do++j+R+do++j+S0TRbmS1m3snSTdXEWNNn9ZdnIpbQb2cWvu4UOYwvKRxk5mEgqK6khDLOd3FRE8sI4W8KKSU1FLXxCC2QViiOZSe+jxbo5xdIg0Eas8bJ6wqyHsob2C10lrGFSMPMyGBJRkbYR7Bguowp218ZsVuR7ONwoSEC1BslxekBMjVPICLLeL5CZmlLIAvEGZy4Kd0u3UoQiHiVzXuJpyGFnIC3c7qQwMmbNFQhDfa9ju2QZdGSgsb59nsYECtrf/ACLHsflcGjTaxrl36Rc9zTcQzLyRds47bSM6zCURGcaQ3nAtz2oryGmLQgGSinpC4fb6AdWE4oYBKKZpDRxzwQ4qWRyAm9FT4VeFVLk3oqS8Ks5QVU1iWiaLcyWs29k6Sbq4ixps/rLs5FLaDezi193ChzGF5SOMnMwkFRXUkIZZzu4qInlhHC3hRSSmopa+IQWyCsURzKT30eLW0VlomcuCndLt1KEIh4lc17iachhZyAt3O6kMDJmzRUIQ32vY7tkGXRkoLG+fZ7GBAra3/wAix7GpejzorcIvyN6fSL8lOStzTwmuyRLkdax6t70b0gwO8VWOZckfUaEWm7onaMioGAYjhYQL7kuVIoTne6ULEUHJQTmCG67XDMFByYxsueJCmO8oq5ANSdztPdhpubRF7uGNYqbUxM/ZOEn6xFNiTKyFFiNFVOSbEj7jp2mUMVMdeaFidS7F8lnFBOmxhiQLkwFJqWZCrFl8YfKFxkSBPLj4nJ+1rljW2cZhdM+LWmW5zYeKIKz3q8bEwnOWi6aY4MjKpoyeJJiSmI2TusgopMgkpAbgLryqUUV9b7QgvlLP8gmnXKrDcu6/r2re3mlsNTHHWyEMKLoT343U9RcUVSkWb7kY75TSicXX0JbNsty9kDAmMGnAgJpgmtuNIV0tbPaSaXTltl+Tf8on/X8xgv8AX83R2g6I0HabuU58x8qamTZ0Y7XCT9GohcEDasOjadn5xVE7pRkVvrzSBSJdnhBd+B9Ibzxf6OTusv8AS3U4S9ibuV7DlFYuZHyJGRhk4nrJ3p5C9XuOuNkCR9lHiqJmb5coDJi6OmU3VJ8SvLj2M2CuA1I4YiLhmorql2RyuBo4YzTkFNHPJhZVWCJlXSgTuF+ev6GLoV+lAa/9VO1dXq7ygFHf0priGaEmY4H45aupU6SDE6SsWsMhZzjimT8ZVjxMuZt3rZeTEpmR+vlBwu2NhKrfbZjC2IxQllRZfzb5Uiy/m3ypPlmc62tOcuxXDWyWu282gq7OisXbsMOjd/XkvEcdSO6TohcIm1El8Nt9SCjIbiHENlcM056iNbMgMbJFlTMiaPkQDPY28vNJpZx07FRRrntOdkhmKMuRW8paR5NS2qkuGM0NFZ2DjDs312ye6LyUdebrVm7dus5vsyN3bmsLq0iFBjJEEwcMkYadK0QGIrcJ2ySw7QiHjGzHzr05YpOGbB+EE6QBp0YbYMGUHPK3dQ1MSPHG/iQwhbLAbBGNq2fbXCxFxygjKpAzKfPx0dY7NaCQdDqUuPN6v12EHclllXuMnI8BzM9Al0wSUwBgw3C3H6RLuFKP5BYnUdwppJVJCF1EkXHCJH/qn/8Az9rDyERFT+t0SHv+UflYUfUswZ/SNtCx5oKwvPzF230cMr7DcslR9Ie8EBGdf42lJmtdMU1k6sMRVVnQrOIyXUU1HUs25mvtZvYOVTAAbCJmedimkIKh+rHvSFdMHvsNBsBuGHd3IRS9oHGA1Natg9gtZVuItep4XFI2RTm6Wjd0uZfCeaoA51NWRE1IUD8fpaeEcXUbBZNJAagAJeFHPazGi9eVjo4qI8WwgOpFVtpp7IqyO4kggspSqSLKWriiXJqacogGCagUBPABGwixsEYHAfG4mOFr559t+70ogELBmcTalgHjgoE+WbXEEodwt2posEZSneYMBgD49gQLEYcgSGEthlbthCoGd/4QWF7RocemVfebhlZF3VvKf8qvt2SbeHOyukHyK7JXXeO3ihY7hVmyFyXbNk2zO6y3jg5NcC1Zh861nDMCAUMlbYmCIjnBcKYb7riOECqJbUXW6ewGSFZUthaBtdxS8f8Au5GMLwxstrulPqLddyng+FmShvqVIsRWAnWQElrhJqSFET5Ygw6aVb6EkpZFOUxj5IgWJB2JAACZCZ503cj9xCXSW+CY+t45WbJmMtr05JEFx/7Pk6M4xk4C+AWWfbh3MYG1JpXvbHDEXHIQrl3S2WQWQep2j/PMyP8APMzA9yx8JfFzG+3vFfoRpnq+HHc1be7HCOqX3KVmfYOQFRvaoRKRupSoBdvSTLDwbxS7mSDLgWkpZCSQ1MMSMFYkXUyBc0c741kctWzIOmPGfuXsAQOhoayw4HdaLH5oHPEpiQkh/FwIzivIDEPtL44l3+7WzliAB3PO4QeQYOQV+1zwpi48z9uQTpC3JJvKYzutRJoKwUDQbXs2NfvhOwd46srhygvN09hfIA1mTXW7LOXfBW+JcVuS2k59k33QA1UnOc7/APCFl/id42CX/bANtN4UWXJbRsLYj4K2uWnaJlK8qoqkD2csCxVZzUEAwQNGsLhCHUETAEMzcAwDZntqQjMR0SKbo82gqJWE2kdgQ3otuzCfD1pNpno3PEd6kTc12FGoE2Sk/Y1yktQahV8Ia++J6zjhsGM8UbKQ7yy7jJtEGcxfweInBqoOSghqw5FXJ1ScRWtjj1L6R1v7CTv2FmTaV1IWgEerzlmydl7JffrtX3q6tenetZ5CZCGPBLeJqi0bKtlu2OqXgJHwLJ91I9kFkZE2a1l01c/pYPJd/wCHhCP/APvWOgLM+U3SvaPfNswTBUP7J/Ny1zNygWW9z82kquhtzPK8RJ5lF7nF0bO1vEjADfKL5PN0Wc2SoYLFj5rFsBG8FJDBXEVVz0cvek2u3Buj6W7h8WIb41v2HVtv4yh1Zh1AmOVns1dq2E5UVzqLnaz+Y0gPR3ZuMSxpDRkw2rlLFgAvGrLM3jd1DsxXR9RvIjvxDXG1q689nJnsoq5JINJ7Vj+Pm9cPJ3y1KbkxMhs2NWiCJgLbJVXByhs2dOdwMhobcTFxxGCpkskDFxah9HeMjZfbbZJg8rvMYpgqU5NjINyaf6NI2Qtoh0vRDwwKohqTkTjGQuLimotmEmKhrM1ccdAcacQWXGprLnSGykxq2hzOOsfHhU3DSVdIz2VFk6TVkVpoiorsppapUFt2nTyIJhWK2px6RhrY43W73Av/AClyxtY6XcUieIGqhJAR1MsOwI0UUmTX6vPpSGFR0bNsqAae2jBDvlxhXT1LE6nQJWNmekCM5NNxua4xtP5dktUAxTW9srFm6QLU1obSobHyKBud+wxKzfQthTTcRsb4LJ5vMtWWl5WKYiJRFSInb4HKA470jaJHBbRQHeSGjV2vtTxvSKzNn4MfxAK+CoRSiToQW/LjNUTAd8RTjGdTEUDSq7W0P3RMc92ikpasFmnCmcb3Jazzeg7M65wNsW1gLlG7O0OxtLyMRzF7sKnEJFZ6O7AEwwJfAPLI0mYq3eBq2YQQmJkuLgIGHnjlhjCbmMMZlOH3kJEeuaVdTy0nm4sq5pmA+CPk6TcaqxMtdKwP5Cm8CWblHLWTcTWeZvAO5ewueRi18q/C4JSysV4e+O8JawEDOZazMQyDiLbPHK6ScCNG0DO1s73v3MVCHThAb2v2mQOeGQdscL442ZnIfTbrPmelstKUoBSlKAUpSgFKUoBSlKAUpSgFKUoBSlKAUpSgFKUoBWUPpkf4o9u/pfQ1+pUvVq8rKH0yP8Ue3f0voa/UqXqAn/0b78SXoP8Am+f/AO26T6u9qkLo334kvQf83z//AG3SfV3tAKUpQCsAfPp/SmuFf/hyf9RSZK3+V54fSTZSYkHdJH4oprlJd8V4yh+P9FpSkVzeDFhb8XWJH++U6ux3LvgZup6u4FfwQ30hQUPBiElKawf7371TE86dFALCgeh5SqAetHcFHnzfZm3D/d9p1o7go8+b7M24f7vtAX/UqgHrR3BR5832Ztw/3fadaO4KPPm+zNuH+77QF/1KoB60dwUefN9mbcP932nWjuCjz5vszbh/u+0BLnlw42PKm6ztHXX5aPkK8VZ4jmbPHD5OvlO7/wDEAk6Cfiz4v+Pce96+FvGTunhnw2Y7w7y7TwSd757YCyJ4NFsyA0XSw3qikHKzns3Ftou1uqgXfCYvtlyJhpGXkVRA7OPdiCqlHTRE4F21u6FxxMOzbtuzVEnWjuCjz5vszbh/u+060dwUefN9mbcP932gOv4x4QtzNRmu5YQ49+ZSYtY9TldbcSw2YLkLVmH9mFyLQnapGFVeSoulp5uhrrzRTxTh9RME8CqIKIXUjo7jNCKDtMqLgPyJg3hKjjWXS996x6/bTbOxVMspS0lbByXuo3nQijT3IE3JCqTWy628LqqSfRVuPzR8niWV41M4d6LiQcWQlpdUFtxOFwqvW3WjuCjz5vszbh/u+060dwUefN9mbcP932g0bRM+Dja7weTztDLsJPTlE5N3/vlEev"
20:09:00.089 [Test worker] DEBUG org.apache.http.wire - http-outgoing-0 >> "L2T5KjvXNH1mijV+NFp+I/8FLXZYLx04XGDI+IQOQxUwXFS0MYRPOKiMSOpyCuuBJVrBeTzjYjHk8gRuw++ny9Ikd8ayc2ZrhWY487yzdcZSo0CyoSRl8AgoWwKraVmTWT4CkiCmk7MxnckfIqiYrJicoFoPdaO4KPPm+zNuH+77TrR3BR5832Ztw/3faLH8h0FjP66PrT5xEb6bh68yPrdtzzGPh/MJ5MhQbxIhEWnERQCWWXLYDC7cXpnFb78crnktspCoEXWFiOme7IeQXcYLhFFgzZPtcrfl+wPC2oz9phxgajqmz5ZAM8bkjazvgKRysICHwpjTtamEPHqOgZM0SYCuUfGXIkd4mDi1Z1vYNONlh7hI5wI1gGV4z1o7go8+b7M24f7vtOtHcFHnzfZm3D/d9oP3mZZ7v9qh8+bTXYTUjx9+S75eGCZY/ygeK3jt4q98qKef8ACnip4xtHw52neHcu8vGRH7buvdO+8e59pnWPu3wku/bvi8074zUHca8QN7WBFgRHd8l2gLB+BTYBAcUix2gllSPB5laxNtIqot5ln0ZQzrpepUBSSkciIIe7wxURP8utHcFHnzfZm3D/AHfadaO4KPPm+zNuH+77QH+BXjm5ziJYuSJdIiAJkyYAJUoUK8Q+nBcsVLFw8QgC5cAJ6YBAAABYYBAghYYhhh444YY4442taWW7fFmz+QzUeFYG2amV7HZ9gz5OXuzdxovQ0GLpIS9hGQ3CSYtTI32kj5HG41iL7WwTq+sR2km7JCR30QBbislqzabbhTIqdaO4KPPm+zNuH+77TrR3BR5832Ztw/3faA4O9+DbZrbQ/FzP5N+WCUN19ZoqeCC+imujZ1iiXWFJkNfbHdcEa0wvVgOVyLUgJuRUUQkplxiKWfGBMnzaOqIS0dFVraMQAASwIJYsCEXLlwgwAAAA8AgQAQsLBhAghB2xwDCDwxxwDDwxxwwwxtjja1rWtVA3WjuCjz5vszbh/u+060dwUefN9mbcP932mf5t4+Bn+bePgv8Aqqe1j4v/AJuXJhvXyJ/Lh45fPVbzAQfke+TTxe+TTxGS2ym99/KD8oC545eFPFzu3cPEhq95d+dz7sb737oPGLrR3BR5832Ztw/3fadaO4KPPm+zNuH+77TPQz0X/Vno3C4ZtuZ35KM+SjXXlAB1TkZDh9Hg+MW4d0ljnYy8asQJNMWdhNGVpSloBuZnHg41h1rhhWJR8jrKaRcx9vAqRkmIeMKP7PWjuCjz5vszbh/u+060dwUefN9mbcP932gO49fdJeXyOpmj57Txzf8AzjYgbi7Y+/IQ8mrrFEPyjotiZoG6B8pTNdZ5ztDsmxSx3wqjFBzdu9O97YdzHEvaMU7cKm6zu5J5w5KdaeWMHV+SZdYjfiVHbprQ+L9gfk7iRBR2WUyYyAtS1L5tJCCV19mAutWWENlthSNKiqrA5Zd6Hz4ZznXWjuCjz5vszbh/u+060dwUefN9mbcP932gJCasabcr0Tzoy37s1zN/O1hRDDcuLwgHydmt0DePAio01xIbonyqR+6FJ2NnxWdB9Fd/aJZMbFb8A+L57uacqGxcOM7h8RClMO2yXyA6a7bv3QXdPJjl4xkGTWlHDQmiO5nYJLBPBTUiWYaeyghojsUEkkkpCamqwi6WsARRG9kIRHUmw21JJ6h60dwUefN9mbcP932nWjuCjz5vszbh/u+0B3VpVxG5wFtO8t+NsdqH/vlvA6mTjGCLMb4YbTiZkxXG/dRBTDYiCHGacWEFjeErDmS6meLLZy2RU8tYppRLMOp5GXHx/bLh5XJK3JE5DdI9xn9oDuI5GMRjWWXs3YvZc7RjNDOSy6QRSwJEh99KSAlK6yTS2+3koNTuvWK4FWy2TxVKKuBFAW8+tetHcFHnzfZm3D/d9p1o7go8+b7M24f7vtBkITsdv6WcQ5+Cds3VyAbdbbyHvpuwusC8UNmVXjHzRhxgxVG4g4o5tvRZDjKPLSI0hlC5k+AcOALg5axZWX8iKaSUXQ6lFcufqgHrR3BR5832Ztw/3fadaO4KPPm+zNuH+77QF/1KoB60dwUefN9mbcP932nWjuCjz5vszbh/u+0Bf9SqAetHcFHnzfZm3D/d9p1o7go8+b7M24f7vtAX/UqgHrR3BR5832Ztw/3fadaO4KPPm+zNuH+77QF/1KoB60dwUefN9mbcP932nWjuCjz5vszbh/u+0Bf9SqAetHcFHnzfZm3D/d9p1o7go8+b7M24f7vtAX/UqgHrR3BR5832Ztw/3fadaO4KPPm+zNuH+77QF/1KoB60dwUefN9mbcP932nWjuCjz5vszbh/u+0Bf9SqAetHcFHnzfZm3D/d9p1o7go8+b7M24f7vtAX/UqgHrR3BR5832Ztw/3fadaO4KPPm+zNuH+77QF/1KoB60dwUefN9mbcP932vsFulB8F5wTIEtvF3QTAubNZY/No3Aw7ABEqMdNCdkTX/HG/cipcYXtbXvnn2naB45iZY4ZAX7UqgHrR3BR5832Ztw/3fadaO4KPPm+zNuH+77QF/wBSqAetHcFHnzfZm3D/AHfadaO4KPPm+zNuH+77QF/1KoB60dwUefN9mbcP932nWjuCjz5vszbh/u+0Bf8AUqgHrR3BR5832Ztw/wB32nWjuCjz5vszbh/u+0Bf9SqAetHcFHnzfZm3D/d9p1o7go8+b7M24f7vtAX/AFKoB60dwUefN9mbcP8Ad9p1o7go8+b7M24f7vtAX/UqgHrR3BR5832Ztw/3fadaO4KPPm+zNuH+77QF/wBSqAetHcFHnzfZm3D/AHfadaO4KPPm+zNuH+77QF/1KoB60dwUefN9mbcP932nWjuCjz5vszbh/u+0Bf8AUqgHrR3BR5832Ztw/wB32nWjuCjz5vszbh/u+0Bf9SqAetHcFHnzfZm3D/d9p1o7go8+b7M24f7vtAX/AFKoB60dwUefN9mbcP8Ad9p1o7go8+b7M24f7vtAX/UqgHrR3BR5832Ztw/3fadaO4KPPm+zNuH+77QF/wBSqAetHcFHnzfZm3D/AHfadaO4KPPm+zNuH+77QF/1KoB60dwUefN9mbcP932nWjuCjz5vszbh/u+0B25yp8Uck8hcz6I7AQ7t6X1IlLQ54So+2EvG9e0nYEsvOaRDMQm0w8OirsoR4jp4bWHim2WRNSIucou2Xe1FBTsUzsKPFPmL83vp5md/9ya18+OFcO60dwUefN9mbcP932nWjuCjz5vszbh/u+0B3ZCPFC4WVymyLylTlsyHPkguHXVra+RrH2EMF46SYkKJKKykx0O1JXQJMd4amoPA633grjJRNstxPSBpPdhUrkYLd54h23PJot2QGg6mG8EssuNJ7NtcaLoRDmPbk1huuRMNIy2lm8OzbtyygmHTRQfHs27YIbO3Z/DVEvWjuCjz5vszbh/u+060dwUefN9mbcP932nx/vajOX7UlZxBcbjn4q9WlXVJR2PMbHskjKrzfsXqihF9oyUo9az0xTDp+PxgApEf5RxFwnOXW3VZbAs3bjKjpWMckjAG5bEH/PfzjJ+fLs/xtbIfLb8l/k9p3WJs8TPk28dvld8KrkUrXiz4xePzR8Qe9/kx728M+Anr3Xw33bwSH4N7kfiv1o7go8+b7M24f7vtOtHcFHnzfZm3D/d9oC/6qe95OHSKtrp5aW5kMzVLmkW9DHRwm6l7Oa/mUux93tsuWsRKNmYmEtg5N6TkEonWsmYlzhhHUD6OCQby4qK7ZSUpEJ9C9aO4KPPm+zNuH+77TrR3BR5832Ztw/3faA/Aknhp3n2yb9om375ppvnfW8+KXxekNwPq1CWnpqS0suMEMI35CfrEWnmqOJuqdwAg1hCzSgEk1hbIUoTTzti5wveLBUGRNrPEMfwNBTHRo4iWL28Va7IZiCGLino6UWzFHEvmOaFMH1JTUjxg2rLi4qmzqyvrZ5QW1o+eVT5w2NSz1o7go8+b7M24f7vtOtHcFHnzfZm3D/d9pmeh/niELQSFDn/MRw05cppiDncxNm1TUWX4Yb85x1nJqFFuEomnlDmxMfjR1J8ZqyTaR4yEAILCAZUSIKhmsqFiaa4HSRLJwYy5mfLWl6xQAy9VNdYQ1rjzC9mXBkXMmL0AxmXDLGlMozkAiiiLqiEHmLjdXcBoqOuLI1xRhDKqoHDIowwouYudOvWjuCjz5vszbh/u+060dwUefN9mbcP932gL/qVQD1o7go8+b7M24f7vtOtHcFHnzfZm3D/d9oC/6lUA9aO4KPPm+zNuH+77TrR3BR5832Ztw/3faAv+pVAPWjuCjz5vszbh/u+060dwUefN9mbcP932gL/q86Hh3/pcPIN+eLkl/bUrVpg60dwUefN9mbcP932sXHGzyT6VQD0incTeyW5o8U9VZUkrdtfYcp/J1LC94dSJelBRcUdm/EhssRZkdL8YUYcI53BZaCcZSe373XAUw1jkBaL8p2hF+U7Q9EblH0Y8pRonOelPyo/Iv8tHyZf/ABS/En5RvFr5Opij6Wf/AKjfG5ieGPDHiJ4A/wDqrSvB/hXwr/27vHwacrwaPGPzIseNGZD7U56iTYYTEZzaj5vF27xb69gOJPZ7UQybcR00m5luYXAcCOgI5AqXstjAmlXuoffnfNzd7jX/AEOtHcFHnzfZm3D/AHfadaO4KPPm+zNuH+77VKSY43OIiF+O50TJNV5QlvZzbLYwcAacNoJ4WSyw/HUVLm8D+DdQSZMHAs12rmoAFFA0nZnFpVPmiCUCfXTSUgNpMRf0NEeMn5lG3vJbtX8tvymeURlePpP8Q/k28TPkf8RFCXz/AID8aPH51/KB4V+VbuXhPxdZPePgHt/B5zwp2idFfrR3BR5832Ztw/3fadaO4KPPm+zNuH+77QHeXJ3xIkN+JJ1b2ViCez+n+5OpD6KuCM9jECOAJOMnmVYY0pH4zdzPyfEc2cbcMLgmJ4kGouYVOIkFV8IJhEUkx9rgd+Sbc8YSptrupxs7mrk9EGctaALT2cKuxUqJDCmlzMqPgBnWULJq0clMubi8gUNtYYYmWNEZLMd7qIZYc8KKRyNno09aO4KPPm+zNuH+77TrR3BR5832Ztw/3faZnoPnr6QtW3X0/iDfPWGXNVJxSvCDDldsmEjNQLggiLLQcZXPBQab8bAo+OQZZzMtxFk5wI4glsiw5kj3gogmko4eJmOsuNXUqZNGtSY71bmPZz52RiJAxmzHknm4rMRQvEIuKBFsGixF9MHk6U7L4zKCxNIqG4A1dK7DSAbyCMj5GEIVYVa9utHcFHnzfZm3D/d9p1o7go8+b7M24f7vtAX/AFKoB60dwUefN9mbcP8Ad9p1o7go8+b7M24f7vtAX/UqgHrR3BR5832Ztw/3fadaO4KPPm+zNuH+77QF/wBSqAetHcFHnzfZm3D/AHfadaO4KPPm+zNuH+77QF/1KoB60dwUefN9mbcP932nWjuCjz5vszbh/u+0Bf8AUqgHrR3BR5832Ztw/wB32nWjuCjz5vszbh/u+0Bf9SqAetHcFHnzfZm3D/d9p1o7go8+b7M24f7vtAS65IeLiPeQUSEpHTJWkHWTazWB0HHhrltDEwacaeDAUFS5PwyhLzfVbgpr4Y61knkh1FsnTyYLkMWzAKq5VJWHOlL8VmFwvSxJGzcFbQ8mfIQ++Qxf1aWLuzXeMcNf4z1ihVkv3EYgbJv9xMCOllzFns7UtSTE5ZTlMydSc8FRLSMDljqImgol/wA7rR3BR5832Ztw/wB32nWjuCjz5vszbh/u+0GZ6T0SF5CeJdD3Lm6DtwoW2HkPS/eXXNLUGzGWyUbttuvwI2yFTJYFMMeRo1dYpJEfjYAGcTluUSzCullRirpcqWuAriUqYkivT0LcNMkKW4USbw8iu+r+5BZk1yKLAWtzbFhGP9bIUiNWXwgwlJ3FYsYK26SS28bXLkzRVdHViImSimoqirALBttNURC431o7go8+b7M24f7vtOtHcFHnzfZm3D/d9pnX13upGSNfzmCRmSZ5DuKZs7syfBm0MWTxIWne7mtIaknw3tBF6KhOs+Vayx4RyUWFITBcohVEkViijLC2OG3T6kmA9hfcaebGOIbjXUlQ6Vg3hufhjb2MN4+RLeZ9chU56/JqoQ1xRz8LMHXSEYbPrYYYak70mIWGsOdNVn1e4II5Vym1gvlgeKpSofJKSq2WgebvEOtHcFHnzfZm3D/d9p1o7go8+b7M24f7vtPziRfziR37vbxMFdoNiYu3e1t2YkDRreeJWsaj5Jn2Pme2JLbr3jg2OcNWZUuxC7zKY3ZES08woHskvv1XIY2BN3LLIC4ClNfFvcQ1X4f19hbgp/IDvLuM/OQLblmMw/H0NOxxxYyYJiqEWyrgKZJXFjqGmKpL6QluVQTFlYSx17JdyxFLLa2cNJxlcP4LBbrHrR3BR5832Ztw/wB32nWjuCjz5vszbh/u+0BSF04r+Srjt/ODsb+rkQ1t6iX+SqMvzfMz9XE2vN26VRyuaCckUf6ZIml09fLMqRO8ZpVX+V+S2aI78AEHaixyUbw/dpXjpil1XwgYQVYPuSKKojFO9O3PBlsBy2Q2puO+k88G6FH7GRFXd7vVURmc2UpSK/Nr29H72Pp6KRKHAO7FoBGLjdxMAiB91AFFBE7XtwhM8L45XA4/HPCXvhrbsVu9OenXLoi6/pG8Oysh7HvlhKvHtHEyZoak8ny93giN0B1vqebjnsWqVfB9GzVk9FbYK9cHFSMIpHPMMoW5WFwOvnYaa4omflR5F5n5Ey0HOgs9o0hG0SR1rLruVdZIUEUkpumKY6UHIQc1gLgBYmLYKKQdWi4OCS41BZbplVRFPk3WjuCjz5vszbh/u+060dwUefN9mbcP932gyEOrY6kqORLjJ+fxOXHPM/y2/JR8wHahsbMeLfybePXys+Lbvjh1+JPhjx+Z3iH378n/AHh4yeCnn3v4X768Aj94d7HZ0bI68RRtlBEqa3zg2wXZFUwtBTZjwRhL4BmLkj+OIhRVSDeYQ10txt1UAIuFsLQIdzaG4ktLWCd8TZIHPGm/rR3BR5832Ztw/wB32nWjuCjz5vszbh/u+0BzjXXiKlyHeKifeLCRN2xptZsiRrKcQwrLaxAorcdMHR1JbcUEcBqKiJebXIDJ6Oy1FSNKbXAsuMMUimmBGqXMF0Imgl0SwXQHVD5jOmuvepHj78qPyDsEsx/lA8VvEnxq72UVA/4U8VPGN3eA+37/AO5d5eMix2vcu6d95d07TCsLrR3BR5832Ztw/wB32nWjuCjz5vszbh/u+0zPQO4ddeIsXULksnzeHWjYe0bwNtYmXO7CaTjRNdXZ7kk22CgoYSiyJEKyaiYMRZwdZ424sE8aNnQWBCdEhIRQwVTHKi4tC52qAetHcFHnzfZm3D/d9p1o7go8+b7M24f7vtAX/UqgHrR3BR5832Ztw/3fadaO4KPPm+zNuH+77QF/1KoB60dwUefN9mbcP932nWjuCjz5vszbh/u+0Bf9SqAetHcFHnzfZm3D/d9p1o7go8+b7M24f7vtAX/UqgHrR3BR5832Ztw/3fadaO4KPPm+zNuH+77QF/1KoB60dwUefN9mbcP932nWjuCjz5vszbh/u+0Bf9XW8xRFHU/RTIkJS42CL0jGVmc4GE+2so3GwKrbYcyaYS1UncwWEAOEjGRYxmISUiBgspJh0MuoJxoqeLFzAdJPWjuCjz5vszbh/u+060dwUefN9mbcP932gOokrgi3DYkKK+l8R81GwrE0CUySy0ysFKOuMPOyaECLXAIasrxo3dqR11Jd6IgGSRwZMBCTGaUIkUwQZLJJRdINnU4zeZqPqlC2kOusX6u6+twVsxVEyDkit8odNYqCyqGzp42suBzuVTxAK4qrodbhUVRxOFQDKlC5hWUjVyRIgRsWJF6kOtHcFHnzfZm3D/d9p1o7go8+b7M24f7vtAS22u41vnPcgHHxvR8tHiR8xExLY/yW/Jz4y/Kp8qSIRRu08d/HtA8R/AXeffPbeKLv8J907j2qf2ndc7SKoB60dwUefN9mbcP932nWjuCjz5vszbh/u+0BLba7jW+c9yAcfG9Hy0eJHzETEtj/ACW/Jz4y/Kp8qSIRRu08d/HtA8R/AXeffPbeKLv8J907j2"
20:09:00.089 [Test worker] DEBUG org.apache.http.wire - http-outgoing-0 >> "qf2ndc5IbzaTQXyF6zSJqrsQjqSjHcglyItlNvnAUt2s5zIhwJTbL1ZysYKHwE1yN5TBDMlczZE+mKBXM6iLiaqoKopphyrnrR3BR5832Ztw/3fadaO4KPPm+zNuH+77QHXL24OdxtgYubequ3nMxOM7aRoplsFl2E0LWmJYolaSWoyjycearTk/ZRLdDkdjzJkRUogIpHlJrd+OA6WLrKvkZXiaeqErWdyWGz4t4zdrIyj1vp7TYMd6LToxmS1kkPIJLbbSacBOlBbiCmhZ5iCBkUhHIEyBTEQQQSwBfC2YmeXZyvXZ1o7go8+b7M24f7vtRx3G6SjwqSpqLtRF7C3Q8PPmSNcJwYTLQ/m6bYpfhl2PCMnO3m4leE1mCU5HTvCKwokyffyqoEU0p3bvg8cKlQxR8GZ9CWZCkkIm9CX/mD7X/pfD/sYi+r594+Mj5525fG1tx8tvyb+T2kiQZB+T75NvHD5XfHs3GBrwR41+PzW8QfBXycdz7/APFp69/eGe27yJ+Du1PY6ei48wnHPx0ai7CRfuTsR8jr5fGx4r9ayH8kk6SF4UaeUZMNvYqvhOLIyfCOS7KwiqRPvFRUCilbvbvi5PvUYuOLpv60dwUefN9mbcP932kioqoqKk0V0uhf9VTHGvxbF+Pd8b8O85NIM1lN5dl3TsKaQTMXhsUvHZd0K7vUx2KYHFfz5CfIIITsyJCrghFrBnMCeWeaCFibuCXjR1o7go8+b7M24f7vtOtHcFHnzfZm3D/d9oQ/NjvhW2Q07UpPbHGJyfPfTfXOUXgtP7PXOQNX4v2ta0YupxdzsqmIWX3w7mYpsZJtiHgESQ1Eq6SWWABMVd8PnitjucnNTeIOJNR9ZdsoebEoP6Spy3dTJGN7KbZS0ETc0lSO/pAbDnQMHMqJJAwik8W81TjvX1hvs4FVwExMLC1kecptRVjSteOvWjuCjz5vszbh/u+060dwUefN9mbcP932iQj5KiqkU0V0oqX/AMXU+urcFXhTg1R+GD50vcPBJgAf5yXyI91747jtId2V7T5HvldD7l23ffiX23ypidjufjH2t+38A4yD3i4f473QiXVFMLzO/oE2e0jBbBvW3bOK00gC72avIaK3ElU8KNJRP5lHA0HKYayMsH2oI4SJssfTigRVyYpw68SXuhOtHcFHnzfZm3D/AHfadaO4KPPm+zNuH+77TV9Uz4JmeiPO5fR+dseQ2Hkdh7ncxEmzA7mW8G+444OJepsZRZCbbBTwzgK6pr8ERnIzayfskrBQx4MR5AcckZlWaknXERQ2jay+KKVsP5BOKnLb/YHW/c6DNlnlp5ulqwScLdjSbG6w2zLbaU2O6gVUutsx+xY7FBDT3OlCAOBzFCve7jR8cSDrchVRAVO+UsVHjt1o7go8+b7M24f7vtOtHcFHnzfZm3D/AHfaA69274O9td7WpFge0HLO83y+oVm+PpnjYihamR8wdeEZQZOKzYyMqQY0ZPTXM6nwrYqYZFOfrmmxVs0UQVxpCA2gQnUpC4Xp7JqUTI2uc9Ks/AJx2Dk6F5OOTOUVccbJR6LS7JWxJBJn8BBg8bkzjVxVi44WQ+F8whcg7C2vlbKqbutHcFHnzfZm3D/d9qnzavfPo5G48hyI5Jk5neQnOI5dXm4vShqQ1RNyG/q09cmymIaSVRjzDw1JNOlGbh8u3EcwrIbTfjeInVQpgs9zCVuwcsSCvVNW/wACQV6oqxbb4Qmj0QzVASEeNVwbBLaIdSnLuHL66+UPJWFuOsYQvGYV40i1KPD5ligpoAuqJshLyQd72JljyK5yBwgSAJDgZjasKzqsPpKfR9ovZDQjaO9wUdmsFgNlDZrLaTf1Z2+TkNstVtJpZHQUFIIga+YhFE1KSyZUkTLh27UIAHDH8PY7N+WdaO4KPPm+zNuH+77QJJCTxLjA7z5glfle+XDunhXWELXD5BPk07TuHczaYa8cvlS+UDLuvZ8G9p4u/JyH2O7dt4cv3PtRP2tFuNj5lm1HJBsx8tHyleUFmdoy74lfJ14m/JH4rDySP4veMnj26vH3v/5Qu18LeAWX3r4I7bwYY8IdglEfrR3BR5832Ztw/wB32nWjuCjz5vszbh/u+0BLZ9cavjpy6wzypfLT4N+SPUlU1a+Qj5Oe/PGHwk6pWc3j18p/j2V8E9w+U7vLxY+TxS7p4D758YQ/CXe6f8tFuNj5lm1HJBsx8tHyleUFmdoy74lfJ14m/JH4rDySP4veMnj26vH3v/5Qu18LeAWX3r4I7bwYY8IdglEfrR3BR5832Ztw/wB32nWjuCjz5vszbh/u+0+R8ktn1xq+OnLrDPKl8tPg35I9SVTVr5CPk5788YfCTqlZzePXyn+PZXwT3D5Tu8vFj5PFLungPvnxhD8Jd7p9pFUA9aO4KPPm+zNuH+77TrR3BR5832Ztw/3fafI+TuG/HPvtFT4kxQ1P5d5bZkWSW61V6YxftzBiXvWpxsrrWOGJtMiyWH/LkfyEiM5PwCBAbrPdCi9ElHALA5CYqB4dUPKXK9X+JFga0Qbum0bzI+Zc2R5ASL7NbO7WyQiol3I8ne7mu722jH02PWuI3203GUxcnu4D7ZYKSoAhlrqqiQs4AyQicGlRz60dwUefN9mbcP8Ad9p1o7go8+b7M24f7vtHaOQb69xmVFVFdJwX0zQlonmJ1+/ej7+O/DFAnET87fwX8iEoCyT84P5Be/fGfukqytJvgX5J/loKeBe1+U7wJ4R+UtW7PgTwl3jbwl3gQsH5H+MCMuQ4lCzuFkqQtd9ldY3mNIGtuzMSCJ3jzGTiOCJgqqQOpSsFmmuxnLgyKjmFltGx04QyYSili6sTJjq5NVhx1o7go8+b7M24f7vtOtHcFHnzfZm3D/d9p8Ef65fs/wAndwtT3to9YfM8o/JI7d34QhB6JMlNfWxm6xxlqtF71f6EGKAmL00YMx2PlQkgoEVMnCwiIGI2iARY8pk0uyWnLS8RVZdzVxq2l/lP0z5LsZns28dRYmliLsYTtHNlaz/tKDTkprWW7SNZ9pdmnZCtIfftkuzCcllKyP3r4QT/AAh3wRiT1o7go8+b7M24f7vtOtHcFHnzfZm3D/d9pLorrLdG8IqLOc0SukiW+8fGv887bbja2l+Wj5N/J7SxIMoeIvyc+OHyu+PecYZeA/Gfx7a3iD4K+TjseE/F569/eGez4PJ+Duwe/nKLxq+Umb+qKF8tPyMfNi22jXaXvr5OflF8d/k8JLpPxF7h49sTxa8MeG+6eM/dl/wf3t2ni8d7t2wUSetHcFHnzfZm3D/d9p1o7go8+b7M24f7vtMz0HVm0RVXyrP0h+H0gPXaVDbQ085IdfWcpyFMfFpsInbArEfIIdhHBIGuimbbos+tlECwDzFNKOCQz2+rDg437oE1CTwFIBjqtyRYxdBHMvNParXBvTNrTJaMYbM2Rdm5ohlAJIwc6akGHMhj4oC6qNbJTRxFA61FgXDFyMw6rIqgAqpKk2FQ0kKABrIrT31o3gnv/t3l+zLuH+77XHmp0mDo/rEbyY0mPt+3ma1UQHMsjNlqambZN5vJBcQcU0IAmIqRroTTSAIhkccxmEVLBYZjjCi5Y3EEzyuzEb58bT2/+No7z18LpNPiF4xUHij1XVNeikrmp3eLxlp8zLJcyKLMyYSi+Xc8MEhMAGMNwV4v80SsktluICVnmYdyrkoqBZRW+1JCKwpIHsBY0Ms6OTxncjTslWy0Ri7Uxe1qiiCrMXvYqy3K8H/d2vOZbyFm8DeakuOBu5isLJvAslKALIuQZkRaODhdyzgb1o7go8+b7M24f7vtOtHcFHnzfZm3D/d9oC/6quou42Pk15Ydl+T/AOWjw184nXdkQJ8h/wAnXg7xP8Tbxjfxr+Uvx7P+MHhL5OP/AJRfJ+id5+Gf/lwa8Hf9uiN1o7go8+b7M24f7vtOtHcFHnzfZm3D/d9oDsblv4mJg5LZD06kGNN2AdUDOm77WpaZqWb1rb+w6U4JbGVGcotF8q6I75RZjRNCsSzRyBRUdxNZ1Jo3h5a75x73ODlBevQePLnUwFCzF6RN3YLATDIQHySGnofdQ8crXzD7pi9b5Ydvja+Pb42vlj2e2t+G1f59aO4KPPm+zNuH+77TrR3BR5832Ztw/wB32gL/AKlUA9aO4KPPm+zNuH+77TrR3BR5832Ztw/3faA430hSQXfNEGx1xL649q4Nr+Rp6NVqBphOwhrGKNbmQ8Ed3TFOj+71sJmiMJOAbxdqDDncAhXAVUnQWbVlBZQhimN6UIRI1IBheI4KYYIhdkQxGbEiloAjWDsOG2Y9a6W00PEx3HAMK5jwYklrj5B4YY5jXzytjbs9iqML9Jg6P7d14vy+37eu+MG9m0cHnfUzbG7rxagilgsiNjFxfN08L4t7NXCDVc0WxyybkpB4Hsi1zWGItuQ9aO4KPPm+zNuH+77QbSg8dY/4X/UqgHrR3BR5832Ztw/3fadaO4KPPm+zNuH+77QF/wBSqAetHcFHnzfZm3D/AHfadaO4KPPm+zNuH+77QF/1KoB60dwUefN9mbcP932nWjuCjz5vszbh/u+0Bf8AUqgHrR3BR5832Ztw/wB32nWjuCjz5vszbh/u+0Bf9SqAetHcFHnzfZm3D/d9p1o7go8+b7M24f7vtAX/AFKoB60dwUefN9mbcP8Ad9p1o7go8+b7M24f7vtAX/UqgHrR3BR5832Ztw/3fadaO4KPPm+zNuH+77QF/wBSqAetHcFHnzfZm3D/AHfadaO4KPPm+zNuH+77QF/1KoB60dwUefN9mbcP932nWjuCjz5vszbh/u+0Bf8AUqgHrR3BR5832Ztw/wB32nWjuCjz5vszbh/u+0Bf9WUPpkf4o9u/pfQ1+pUvVL7rR3BR5832Ztw/3faz5dJa5reMnkB460WCdRtl/lalUpsfGb9MNb5GtgGH3Npt9ryMnK6r4ck2KmY3M+9Di8kg944LGSkY777oVJjBAGcwQNJ3RvvxJeg/5vn/APtuk+rvaxZ8J3P/AMR+o3FxqLrnsLtp8n0yxgznglPlnfIPsy6/AZ9UlN9uMgB4wsiGXK1VPu6KsppzuqOuKAIXfPe4wgZsEwAFad1o7go8+b7M24f7vtAX/UqgHrR3BR5832Ztw/3faUBf9Xnh9JNi1iTj0kfiihSUkLxojKYI/wBFotkVs+E1hE8YmJIG+U6tN3IXhluqCQ4Ejwu31dQT/CaEqpiwQ7476TFAkdCAMheh5WAPn0/pTXCv/wAOT/qKTJQF/wB1XHgo8xn7TO4f7wVOq48FHmM/aZ3D/eCq/wCpQFAPVceCjzGftM7h/vBU6rjwUeYz9pncP94Kr/qUBQD1XHgo8xn7TO4f7wVOq48FHmM/aZ3D/eCq/wCr4CWEuGJYLLDAW+GVgsxA8hQ8BL43thkIFiIDkJhjl2L5B4ihZZ42vjYTC97ZWAoE6rjwUeYz9pncP94KnVceCjzGftM7h/vBVn06QFpDvuxNVGRtlvzyFOPYB9qu4EPR80NbIWbWUVahxs2HEK8Vex4szxxBVd+PAvg10uya63IVILySEaPpx9UdPal1S22rdqc1fWLTba7Y9vJhdacEC64zVMCAkHAxBSKkuxzHLjdqMSUMQswxLJplSSSoSjmHnjkGSyMCY3tfCmYwzGdfkqg6rjwUeYz9pncP94KnVceCjzGftM7h/vBVXfxW8LOqHItobGG9HISrzHtNuJtkmOqUFSelmeJZbrjibBQdjhS2ihRIntF3IrVbWDOTkxPOAlT7eWE0kuXOoxRNLs0onNgpOjo9myU1O1n7z6KbCyW4ZrkfjP28fWuCFMDuOCqTtfkOArTmSo1PuxVNimFBYXSptju8ENRUBxDmLdybqWZyEMpYw478zwPznmByjquPBR5jP2mdw/3gqdVx4KPMZ+0zuH+8FXDulafiQtov/hx1z/8AUHG9WhNPYmGdTuOqJdhtg34kxrEEYaxQwuvJ4LOJsYunlRWG0k1PJkyCeXOKiwtLSueIIiAgo5I8sLq2oEElKJGz5wuAJHi1FX032NUTd/j7K7uq48FHmM/aZ3D/AHgqdVx4KPMZ+0zuH+8FX6ij0g7XFpsNnznK+nnJJCmqT4UG8XRtvJP1gSE2BgEZ3HCxJpPJZFb0ouWUkVmOrM6RFbS8oxgACugqCbdLDNCKaeGZmTv5ym6w8csYQHM05XerjjPYmXmZEDNeMXgMdbQEYy+W8sOpLf7tV3U/GUmEo0Jt9ENqim4kY4vHQSWYBoojHS+YgoVGUjWSkIuq48FHmM/aZ3D/AHgqdVx4KPMZ+0zuH+8FX40jdJY0UjtOS5HzhDkAdmq6o4CLdtvC2tQHoU1HLmz6ldJAM4SI9VRnuRZJ5nbdyL3bDHXjanllgEjlFExngDedvIjFOz+7mlYUf8fmzTQgJanIZkKR3YKxhy5n7QA4UswuLJmKFtolxlNMdTxJGG6AkuEEYhcu2T65knqiWrGU1SKAQr6rjwUeYz9pncP94KnVceCjzGftM7h/vBVVzy/8R+k/FTx4PTeXSlyy7rBufrstRGpsnYZPn6U1h9za7VySmi2HA3pIRnO7lRpPIZ4JauuuNSSUdqpScEKmjYjplmCXXm6aut2agjb3k9429XGixNiT2lrvnhma9SZtastFIWiz4UWI546TXHKUNsZXTlUgfYptWcS1gXNKQmRzuyciiNhVLm0NZWyZt7T19/UfYSrpvLiMdotGjKvTHVceCjzGftM7h/vBU6rjwUeYz9pncP8AeCqoflX0V1f4b3Nx2S1xVWfEEbtSNuhFEShxa3JslR7ntqYuXwFnF9FZKYLyebnxc6TdzBNFFWlgmQT0jEV8iJp0qIdNNgZC27Uy4vDX3qlPooB6rjwUeYz9pncP94KnVceCjzGftM7h/vBVf9WHSEePvT3kE6RzzRs3cKFUqam1Hzbg9zM9LVXK+W0Girqkx4ySjygEOxnQ1zZnMwQtYvkCeMGi2GP8MMHAX+HRYccqwWHHKsXG9Vx4KPMZ+0zuH+8FTquPBR5jP2mdw/3gqkBC3AjxHa7yuwZwhrTZrseVIvcie72G7ikjzapmW840vO4hBTAT16TFVGOCF873ysApJxwpn2ewKBnb8FcJ3o4t5S5F9x4wO7LTcIPxjxjHZ7JS06j54yQwF2apsOmRb4OaY1xoit/wuzk4maCBSEsi6AzyRdABslYEru92CihmfWJ1r1XHgo8xn7TO4f7wVOq48FHmM/aZ3D/eCqusvDjF4jefPj51U49nE9Gdr/u5FsuD7IaajyS95Dj5rlme33ksNaZm+kPtfdSu0lE6otxSPAqWB78BRhupETjBNEX1UhjaBtlxIPbkM3sHkDeCX7yDxwR/GZBIhnSRhPWUI8LOCWjAaIMvSRPBppHWyE67gHBHSEgFExw91LJoDSJdsUI2eCe52ZJwjtKMHR/8dsQ4n1XHgo8xn7TO4f7wVOq48FHmM/aZ3D/eCqBGuLBQ+MTpEsYceukbvfAGmuyenjnl+ZNYFuQndJjJ18kBvBSYoN15M7N4rThWmYO4xGO1CQhA6rDGzRSQDFj2ZpGMMQsg/VJRfbng5jd8op2cdL7WuOPjGMtCFG/rG2H27GCy5en9wCLZJyOyTjDIW0RUc3i+42LIeOIAKiROJqeWj9LCMkyRh3k3UzGcXdOetN6eiwHquPBR5jP2mdw/3gqdVx4KPMZ+0zuH+8FUDGewjnBvzX6gavwM838W43OTppyG1ULXx7Pp0PxtQZsJHhUAcNSioy8ldYWUsirKi1GySbwMrBk2oEH8uF1fNZu2GVil2a7fcQBjkJ3dT5S3TmtZlDQdhRYCgxloq11mQ42bhmXRTKUYUZQlZwst4Iwj4zv3RxBp5IDFJMlS4DST7m80oi4yDlL9Z47H5zHjuB171XHgo8xn7TO4f7wVOq48FHmM/aZ3D/eCqEnF+20PUXnq3P4/tJ3s8V/j9Z+pzak57Q+dkF0SfHOtOyQjoZCYA0mc4XUsOM63VlWSFZeGWGuKtjqp/I2oE1e5n5OCRZD1s0zNxmblAPVceCjzGftM7h/vBU6rjwUeYz9pncP94Kr/AKlAUA9Vx4KPMZ+0zuH+8FTquPBR5jP2mdw/3gqv+pQFAPVceCjzGftM7h/vBU6rjwUeYz9pnc"
20:09:00.090 [Test worker] DEBUG org.apache.http.wire - http-outgoing-0 >> "P94Kr/AKlAUA9Vx4KPMZ+0zuH+8FTquPBR5jP2mdw/3gqv+pQFAPVceCjzGftM7h/vBU6rjwUeYz9pncP94Kr/AKlAUA9Vx4KPMZ+0zuH+8FTquPBR5jP2mdw/3gqv+pQFAPVceCjzGftM7h/vBU6rjwUeYz9pncP94Kr/AKlAUA9Vx4KPMZ+0zuH+8FTquPBR5jP2mdw/3gqv+pQFAPVceCjzGftM7h/vBU6rjwUeYz9pncP94Kr/AKlAUA9Vx4KPMZ+0zuH+8FX2C3RfOC8mJkMW0d7mJmXNlcsvnL7gZ9kA8VGJGg+wJsBljbupUwMF21rWzw7ftw8sBMcc8b9qUBQD1XHgo8xn7TO4f7wVOq48FHmM/aZ3D/eCq/6lAUA9Vx4KPMZ+0zuH+8FTquPBR5jP2mdw/wB4Kr/qUBQD1XHgo8xn7TO4f7wVOq48FHmM/aZ3D/eCq/6lAUA9Vx4KPMZ+0zuH+8FTquPBR5jP2mdw/wB4KqwuP3WJjdIbnHd/e/kIOvmZtVI/2PeOtWk2roclyCxIlZTRj4mnKZyRzyPHbpbJpZeKw33S0LCL4amEEdc5h6mD+CgWItAo1u8ePp1PLim5hNieJVzS0/XxpJIOsAm52nZSVXUpvVxQkkoBs6E9Y5Q11aMjqXiTgE3JU7QjmYNYYYR4gLOBUJdcTyVFNmZ8s3XbeF/XUZEzOq48FHmM/aZ3D/eCp1XHgo8xn7TO4f7wVVb8Wej8f8+7Xnnk85SAJAm9tyzNkhMXUXXoxKcksmLdf4aYxzFKKHmqjxw7mtli6fCxlSbAx0U0YDFONQ671HJWc7nNKJOWXDm+Jg0w5Ot8+FKSJYfkzwvEkftfaXSx1SkvmHO9GtDblMMso4Y1HcqlnkfVk9ANSS2EggQwCJJxJYZj2W0dNJEHFcsVZmojCCxR7Izx1l61Ykt1XHgo8xn7TO4f7wVOq48FHmM/aZ3D/eCqr/pBWkG/bw07392q2e5DHANAsUDYqmtemWuLWEjKMjTIXJYarWbI+x7hOmDC3KjjKtlx55qyEdAUEoq5yWCu3XGnpZi7fA0S6lSigwdxH6yzU6QxRWxEHHLDEouMIAQMEYRBj/WdtuxXDBFG/ighc09JMYhiC/xeGd7ZZ/wbXoCDXVceCjzGftM7h/vBU6rjwUeYz9pncP8AeCqsjil4vo15nNaVzk25ZjEibFS7tg+ZNVIQavytykxGLrJE7WeK2w0FLiFrMl3IBRBO3cDZWVBMHUcVRPu3yjXM5po6uoOpYcsxeCWY5zhTankg4d9g5YeE3Z6KvVmvDWqR5HVhV+RFHXKUE/BYbzZdC2aEuaPhtZvrcaKaXbOxnBNHei0hJ4xFtIzZSSbMz6LBnf3D1zxud5dVx4KPMZ+0zuH+8FTquPBR5jP2mdw/3gqv+pQhQD1XHgo8xn7TO4f7wVOq48FHmM/aZ3D/AHgqv+pQFAPVceCjzGftM7h/vBU6rjwUeYz9pncP94Kr/qUBQD1XHgo8xn7TO4f7wVOq48FHmM/aZ3D/AHgqv+pQFAPVceCjzGftM7h/vBU6rjwUeYz9pncP94Kr/qUBQD1XHgo8xn7TO4f7wVOq48FHmM/aZ3D/AHgqv+pQFAPVceCjzGftM7h/vBU6rjwUeYz9pncP94Kr/qUBQD1XHgo8xn7TO4f7wVOq48FHmM/aZ3D/AHgqv+pQFAPVceCjzGftM7h/vBU6rjwUeYz9pncP94KpDcnGgmxXIW89aooIbFCw1os33SqufcON2G4Xkzpf2JTwQQsmvHhV2NksEEnsHAUqMXcCYKtp/hGy+YWrgjrLVaooFFPIFqfBvCLuJxSydxeDPKAndszuG0deZh1bR5Zkx8MDYuKHOqthGc6ussyRHc8hs1Ru3W0xBCXCeXckxdeDccgBcByJRRRGDq8fXw5ah1XHgo8xn7TO4f7wVOq48FHmM/aZ3D/eCrufkY43Ju5F9iNdGtIc/DM/jTYCQtLuwut0fOl/MGTNjpFMYrmCAkO13NG6cFlFaTiG1L5IwS8RUb3Gd5orYuuCtZdb9M2wmusV8MHLvxGNDjRUXnE7N3ilF3RJs/qCVk6QJAjFzxwXVGAjBzBdpPpzupQbqy2yztcq0XXcDoJfI4xw8kPEmUAfhZdZp957ZqzeYN3JNddkXSzLquPBR5jP2mdw/wB4KnVceCjzGftM7h/vBVHnpALGi3aHb/hV0Wm0AgrQvMGxs/TfNCGpuRSaSSYjbW2GgHA4brjlR1dBU26mGW253WCMskllKNFCYCmOXUSeQGY2MytDOJnhChqXkPaTQCLIfUpTisRwo6TJMXbMyjNxVnmni2FtnrxI0RU5qf7SLKCq11ldSu1VEvI6CWNmhCVwB8LDBgdd9Vx4KPMZ+0zuH+8FTquPBR5jP2mdw/3gq7K3o4t5S5F9x4wO7LTcIPxjxjHZ7JS06j54yQwF2apsOmRb4OaY1xoit/wuzk4maCBSEsi6AzyRdABslYEru92Ci1Ql4cYvEbz58fOqnHs4noztf93ItlwfZDTUeSXvIcfNcsz2+8lhrTM30h9r7qV2konVFuKR4FSwPfgKMN1IicYJoi+qkMQi9N3s3zZqwsU6rjwUeYz9pncP94KnVceCjzGftM7h/vBVf9SgKAeq48FHmM/aZ3D/AHgqdVx4KPMZ+0zuH+8FV/1KAoB6rjwUeYz9pncP94KnVceCjzGftM7h/vBVf9SgKAeq48FHmM/aZ3D/AHgqdVx4KPMZ+0zuH+8FV/1KAoB6rjwUeYz9pncP94KnVceCjzGftM7h/vBVf9SgKAeq48FHmM/aZ3D/AHgqxccbPGxpVP3SKdxNE5bhfxs1ViuSt20BhxZ8ossIPgJIiGUFFux2U8d2y+0aR1TxeRgAifd1l3qJlW7TvhcGUzWWQ9/VFrzoeHf+lw8g354uSX9tStUX5TtCL8p2hpg6rjwUeYz9pncP94KnVceCjzGftM7h/vBU6Ud+Io3m/wDtZv8A1h6+10TrZ0eLhkfumWucovnVVOa7wdWtcPyC7ZURJ0ntjrSa5XBF7dX3A8cFQlK5JESRrKR04qi4jEPAIF8ssBU65HG5eqU726rjwUeYz9pncP8AeCp1XHgo8xn7TO4f7wVRj6NHKszL65yfQGPO0j7R6X6t7Ukox0qn6SXCYfig5msGoSYVdrYRZJGsIA70Jtt5CihYKXSTFm6V8b7qrbIpqI4iRIDpriSmuL9ceR3pT07TS70thRXFewkJPJ8OxYEywJpKIkrW4Ao2WAQeIhk+onRbgpyMjp4JlUW1g2RR0kocUjxUqKH3/mRjAsB6rjwUeYz9pncP94KnVceCjzGftM7h/vBVDDj218lLmi3ERuZ/eFmqrX1dilRPJ3Ffqe7wcMypFuklIMUHZp/Iglxk8wurygnEnCgGM7HM110E0tbIHbsWO4yNOD9vmb/HodHX/OlsH/8AfxNQEtOq48FHmM/aZ3D/AHgqdVx4KPMZ+0zuH+8FUL+QaVJV5v8AcZa4fdP3ertLS2BF5HV+UnaNpi45AKhpLVu+CGrkerPcx0w4vDKySYJrgOVjuJt2palkpEM2vF7nTHlp8hKFIt1yiSPoLhRmpEfRVFrYTmgx2ghhZBkEdFTA74h45CC5imz6gdHyHUVlYURzSsuLBw+sq506qHjZsYP0pT6rjwUeYz9pncP94KnVceCjzGftM7h/vBVf9SgKAeq48FHmM/aZ3D/eCp1XHgo8xn7TO4f7wVX/AFKAoB6rjwUeYz9pncP94KnVceCjzGftM7h/vBVf9SgKAeq48FHmM/aZ3D/eCp1XHgo8xn7TO4f7wVX/AFKAoB6rjwUeYz9pncP94KnVceCjzGftM7h/vBVf9SgKAeq48FHmM/aZ3D/eCp1XHgo8xn7TO4f7wVX/AFKAoB6rjwUeYz9pncP94KnVceCjzGftM7h/vBVFvlacsqcgHLfqJwvNWUn9FOsd4WWttt3z8VuM60nbI7LJKbhTGtEx1wJgwKmWQDR1topJQJAiBp4uUnknEcLKik0EIApFnky1Gj/o9a5qpyS8bIkgQpCSNP7GhrdTWQvJsjPyK5biZ8gKQo7vNIkiup0ClXaRLIKggAKVzpu5VzLzNdCMRTVFFXDK4+2x95IHRnq0J7SVtYJWkS0rquPBR5jP2mdw/wB4KnVceCjzGftM7h/vBV3xyJ8aT65Jpo1pTZF2OWm9x7x8WX3BPOrUfqLwZi7su6VEkpeK2LpktnOVJH8QkcXBt3sgBF7GciYzrMJimRWlNEWUGnJmQhFfGh0hfSrUjjOWHWz4Wn+B5gce7epyTJr6keL2Gmt1pO5Zj2VldJejkdplgOlXW09EyTjRtQKGcwy6clJIZNOkY0WXALFeq48FHmM/aZ3D/eCp1XHgo8xn7TO4f7wVS05D9V9/9sl6NI51m3nKaS64nUZxB7DuKOWCMsbPOQ/38mXbyPFj9NKJVPYyQpJeSqCouNINt10thTKEjhfN5JquaRUeoXoqLLwjdncrUcBOR1vICPOTKWmGWdr6VrLz1cxRmoyQ2yi67luxcpiruVVLJgR1bUsChQM4pDGTAZUvgJiDgBMbquPBR5jP2mdw/wB4KnVceCjzGftM7h/vBVB2dGquc0nOLPGh0vPh/EuOTjhiNjLcqwwwHo4mKj7Ez1JiUgrCcnyOqtJUSF86hpYDhWUnEENSLDJFozUSzfsmGHstrOfEZMhsjwGcrXHdjqG5H40+PXkbkU5q9MerTgfzvfMbxvMSooNpEYUhsTN+Lq6oNodUXHqhLAxjv4+dKJrWfqNmogN5yJaWjNtX+Zd5AjyZ1dWluyJOMbFIfSqOKPQTjdj/AEyW9LoF+RlUlh4zSlP818qU0SJ4fINJFjk23gO4yvIr6LpXg8wvKwndUUJOGN999oeEM4AFsQdTcd9GG4N12P2MtqukPfSoss5sqqka+cpt6B3yfUEUibOD9xLT8CXB7sYGEE7kAEECH23aBB4YWxxtTn04r+Srjt/ODsb+rkQ1t6iX+SqMvzfMz9XE2hSkLquPBR5jP2mdw/3gqdVx4KPMZ+0zuH+8FVLnFtxhaJchPIrz9rO42vyLNinF/JDIqYxDSs7pGbOTeIumWtgza8XADYrxawJuyiYREsQTNRDOChXKYYlswcMxsROY8x+lUf8AApEMTci/FZIMqaurLPn+PWJI2tmcxyQ+9fZ4aTpKOBSPIS+yZHc7tNCnuy274DlgFLIgUQDKwrIRJDciOjLRQPGZm1uXVceCjzGftM7h/vBU6rjwUeYz9pncP94Kol82Clks8s/RklfImYT8lXYzYVSyIHMe0Nkcj2eoxq5M1j2Me1MFri3BHx7Fu1Fwyt2LdjsVqyqtB6qnpvsrQRd1VPSIvyUA9Vx4KPMZ+0zuH+8FTquPBR5jP2mdw/3gqiX0aP8Alr51f/FKlv8AWyRagLxLRHqxzSSNtc5uZOSnZNW9zN2QkNkI+iUkTlIMVsuA40bRZKwIlInhJnO9jjrpZIcIjuazjUMfDIaaO3CBtzJJZ0KArqdE9Ses0l7Jr4es0SHvdC67quPBR5jP2mdw/wB4KnVceCjzGftM7h/vBV2HrbwtN7RbbZpTZohs7LWvmsA6GqJE06FuQ08Jwg+SDZkAwEluNlq8gydkvxI40gcYJQCVipd4Ge7kgEwjmmNY4vNxau7ptb1QbY1PvTZVmUA9Vx4KPMZ+0zuH+8FTquPBR5jP2mdw/wB4Kr/qUBQD1XHgo8xn7TO4f7wVOq48FHmM/aZ3D/eCq/6lAUA9Vx4KPMZ+0zuH+8FTquPBR5jP2mdw/wB4Kr/qUBQD1XHgo8xn7TO4f7wVOq48FHmM/aZ3D/eCq/6lAUA9Vx4KPMZ+0zuH+8FTquPBR5jP2mdw/wB4Kr/qUBQD1XHgo8xn7TO4f7wVOq48FHmM/aZ3D/eCq/6qrea3dxz8evGfs3s3H4pUGUm+20NlxQOcKljwKdIknupFj9vuPvA7bMioZMvxgNPfwcfCHIn8W3kTNlTZccQsKCqxFPquPBR5jP2mdw/3gqdVx4KPMZ+0zuH+8FUOoQ6NrAkuaQtKS57kKeVjlIlqLEuWFjeFQniYLyXGU6vJBDdqYmohMq8A26cZTEXFMJtqJc2gjLrjTCaipAqyMsGUcwgxxj3lw3QdXRidtdhBXMufPo1AeRzTuQ5ODxCMvEqqlJOiNoH5VHzBxHEyejfiKWQMjrw/hjCvptqb4HGxGDNXCa5KFa5APFo3hRN91ZHZy1PquPBR5jP2mdw/3gqdVx4KPMZ+0zuH+8FVdLz4M+P1p8SqxuqiPWXEvc1vaXD7ZE+QwrsnMuMnKUtE4htLgTvuoWf9mmI0V1dDDTAEkqiYKNm2bCyILXjlfB1CWl6CSVulyAcEsIvRPmEvDW5c568rDWIT+4GwKsmkZYTHm4I9JzCIgp5hI7u7HQxUEJ6pigSzKkSzsXCa8XJ5kAcCGbavvTTzmjavvTTzmnCuq48FHmM/aZ3D/eCp1XHgo8xn7TO4f7wVVUcjfC9o7xycVsjbXKMqSi2uR+ImI2nSk7347ETKiy7LG0A59IEHTkVOUZBMJIqY/V66glJTcJIplwITXv4aMLRhZSVhzmba9ltkZfSejfyLsRP+BhDnt68XZYZ/iniGKKpF5bmeD05m+EzqNiCWwRFs08HqUUzSF3sXwSVUcRKyKg4lrgYsyAvxH6/evy+q48FHmM/aZ3D/AHgqjjuN0a7hUivUXaiUGFpf4BfMb64Tg/WWufOL2xVPAzsZ8ZOdwtxV8GLM7KKOo+DlhOJnO8VVPPJpvuPe54maKiCgZ9J6G8FXAQ+dc9TWTNcVwu+tynTrdCzsmJn5bdS+kygpSW5IzbrmfRgeLWtPqOZR7Brago5Yp6Y1U0mTKBYWDJgBYdi2iPedAR2rx0biNdvEQktAbelWwaAhpgGQmQCcjo8GO5OTCIOQ2Yo2QRQkWALh5CiCCXwDtfPPPLs5XAwz9Fx4e+OfkX1F2ElDcnXf5Ynyx9jxWE1lz5W50j3wW08YyYbhxSvBkWSax0c72FhaUjnfyinm1K/fPe9zneoJcALTf1XHgo8xn7TO4f7wVVf9CX/mD7X/AKXw/wCxiL60L7ucQvHdyNPRmyHuXr18sbwj9rjsxorHyszjHvgltGVY0uDpvg+K5LY6Wf7dUOGTXfimSOn8e6dwwNYl8AwcQxM/0hR1XHgo8xn7TO4f7wVOq48FHmM/aZ3D/eCqlh18THHew+kRceWpuj2u5eMEzWSPVrfDbJbLSjNMmiDitVeIGICayiWleR3yUQ8keQ0JkKR8JJBTfCyNKSfkpCqOBQmTC0ScjPGZIHI7N2tyJJuxK81+P+NwnGs7AapsU88mQ49kXecKqeDaAd0jtFyJBoNjIZkJu2ybuJbA3YsK7B05SILakiLCCB0F1XHgo8xn7TO4f7wVOq48FHmM/aZ3D/eCqupmQhFfGh0hfSrUjjOWHWz4Wn+B5gce7epyTJr6keL2Gmt1pO5Zj2VldJejkdplgOlXW09EyTjRtQKGcwy6clJIZNOkY0WXO4OURFW93uczR3i3naQH+0tFHHqk9NlXlFrIezhjcvs1JqOtSsQyYDncjWPpKwsIzcR2EgLQqATUA1BNR83QeThklQWiC2QX4iL8R1S2bI6pLXquPBR5jP2mdw/3gqdVx4KPMZ+0zuH+8FVb+wuskZ8LvK9xGJXGufe8Qx9vNMjsg/ZTUUvJ0gv2LHoxSZthJ5mXQGm+3O6lBFXGSUfCmtjrZc5gWKmm6liJeKaWHehdx7HqAoB6rjwUeYz9pncP94KnVceCjzGftM7h/vBVf9SgKAeq48FHmM/aZ3D/AHgqdVx4KPMZ+0zuH+8FV/1KAoB6rjwUeYz9pncP94KnVceCjzGftM7h/vBVf9SgKAeq48FHmM/aZ3D/AHgqdVx4KPMZ+0zuH+8FV/1KAoB6rjwUeYz9pncP94KnVceCjzGftM7h/vBVf9SgKAeq48FHmM/aZ3D/AHgqdVx4KPMZ+0zuH+8FV/1KAoB6rjwUeYz9pncP94KnVceCjzGftM7h/vBVf9SgKAeq48FHmM/aZ3D/AHgqdVx4KPMZ+0zuH+8FV/1KAoB6rjwUeYz9pncP94KnVceCjzGftM7h/vBVf9SgKAeq48FHmM/aZ3D/AH"
20:09:00.090 [Test worker] DEBUG org.apache.http.wire - http-outgoing-0 >> "gqdVx4KPMZ+0zuH+8FV/1KAoB6rjwUeYz9pncP94KnVceCjzGftM7h/vBVf9SgKAeq48FHmM/aZ3D/AHgqdVx4KPMZ+0zuH+8FV/1KAoB6rjwUeYz9pncP94KnVceCjzGftM7h/vBVf9SgKAeq48FHmM/aZ3D/AHgqdVx4KPMZ+0zuH+8FV/1KAoB6rjwUeYz9pncP94KnVceCjzGftM7h/vBVf9SgKAeq48FHmM/aZ3D/AHgqdVx4KPMZ+0zuH+8FV/1KAoB6rjwUeYz9pncP94KnVceCjzGftM7h/vBVf9SgKAeq48FHmM/aZ3D/AHgqdVx4KPMZ+0zuH+8FV/1KAoB6rjwUeYz9pncP94KnVceCjzGftM7h/vBVf9SgKAeq48FHmM/aZ3D/AHgqdVx4KPMZ+0zuH+8FV/1KAoB6rjwUeYz9pncP94KnVceCjzGftM7h/vBVf9SgKAeq48FHmM/aZ3D/AHgqdVx4KPMZ+0zuH+8FV/1KAoB6rjwUeYz9pncP94KnVceCjzGftM7h/vBVf9SgKAeq48FHmM/aZ3D/AHgqdVx4KPMZ+0zuH+8FV/1KAoB6rjwUeYz9pncP94KnVceCjzGftM7h/vBVf9SgKAeq48FHmM/aZ3D/AHgqdVx4KPMZ+0zuH+8FV/1KAoB6rjwUeYz9pncP94Ks+XSWuFLjJ4/uOtFnbUbWj5JZVN7HxmwjDp+WXYB+d0abga8jKKuleA5NlV5tzDvs4gpI3f2CPipF+9O5lTgIQ5nAb0C6yh9Mj/FHt39L6Gv1Kl6gI38J3ABxH7c8XGouxmwupfygzLJ7OeCq+Xj8vGzLU8OH0uU323CA/i8yJmbTVTO4IqMmk+5I6Gngi97d8DBiGxjA4tp3VceCjzGftM7h/vBV2D0b78SXoP8Am+f/AO26T6u9oCgHquPBR5jP2mdw/wB4KlX/AFKAVgD59P6U1wr/APDk/wCopMlb/KwB8+n9Ka4V/wDhyf8AUUmSgN/lKUoBSlKAUpSgMunS3/xZ8R/p366f+SShWlWS2eyJCjl/sGTE9NVo4fDJdTPkBKWB+9UhTZDlQj6K609VM92L97pp1BOnyx4fu4PcSogondg+17fGvDlw42PKm6ztHXX5aPkK8VZ4jmbPHD5OvlO7/wDEAk6Cfiz4v+Pce96+FvGTunhnw2Y7w7y7TwSd757YCzdTTE1bTVFGWSBJVSFcibTFVLUSwJ1PUk0+XEKniB8mZwELmyRwqKKXNFhwxARwBBAhcMsM8sbgZhNPuOjlb0vjA/rnx08junMg6FKbpeR2GnzOkROWWJr1+RXC6FY25UWNzEeOshFEinEB0DrhowG9FHBvnXZdXEybTWDOHEgv0/0XSJhmZMfNq9k19uqXWYq74/JCjzU8Ryx1emFyQwoyseeUjq6gSDBImlh7DScjvJSsTCDLA5OMDEHDEPLHG0pGlwT7N60o8mQpx88uM1agabye53E5hddjevUazg5Y0yeYnbOtJhGd3W7G+9IwTzQWYwKOZTko8tpA1wl4dXVXd344z06GbxMRhBnH82NCtS5ynrVcszXAkP8ARtgYycSHlMq5KaY4gHafekjHFJCEQnyTeC6VLAvVoipiShq7WLlWYnYordJESZZXPUhr5q3qTePUSCfSyXAko3ChPqaonACpx2yXr030EAYTHARRVi0wtV1DEyuN/wAIw+CG2VpQyDx/hWLEDA1/4IWVdv8AIrslrVprxaa0om3OrCPuKpyMna5QJFGp7mbDVXwZM2AOMErm20k5Z5pC8lNMNEGQlQUy7rIaqoopu5QimJ5xUVShUbg67weTztDLsJPTlE5N3/vlEevL2T5KjvXNH1mijV+NFp+I/wDBS12WC8dOFxgyPiEDkMVMFxUtDGETziojEjqcgrrgSVawXk842Ix5PIEbsPvp8vSJHfGsnNma4VmOPO8s3XGUqNAsqEkZfAIKFsCq2lZk1k+ApIgppOzMZ3JHyKomKyYnKBYvu362wVEfeH08ylrl3ZXKe8uH7cV0bOvXSaA4ySYMLKqnq1BEOyJLDrBSU1wtg6jtFW2KectNRppSw3TBZNDMnWPBZ1GCNp4gSGomyeJVTEhHymJia8eGDoy6M7U8k5kh1S9xbJjmS18qArJzhTVzVMIqtJ60SPYDllMkrFTRkuolTgYwB0AwMEYwEDEzxvcvPnERvpuHrzI+t23PMY+H8wnkyFBvEiERacRFAJZZctgMLtxemcVvvxyueS2ykKgRdYWI6Z7sh5BdxguEUWDNk+1yt+X7A8LajP2mHGBqOqbPlkAzxuSNrO+ApHKwgIfCmNO1qYQ8eo6BkzRJgK5R8ZciR3iYOLVnW9g042WHuEjnAjWAZVmX4HGInLPTSbJ2Dz8ISMDwr78IZdKTyyMkwEHglpRUmXLJyaGguhqGUUEgSADDLFAUoYgSzTwS4YYRTvUCwGGGIWFrfq6WbMRPqNwYaV7Nz86bNeLIg45NVXS7lrMPvs8KXLQXHqckoiMSuIFmrOVyK5lLbTYRwxcB1hfVExNCzxFNY5WmDv8AaofPm012E1I8ffku+XhgmWP8oHit47eKvfKinn/Cnip4xtHw52neHcu8vGRH7buvdO+8e59pnWPu3wku/bvi8074zUHca8QN7WBFgRHd8l2gLB+BTYBAcUix2gllSPB5laxNtIqot5ln0ZQzrpepUBSSkciIIe7wxURAIa6/6Y7I860pRfyCcniaoRbok1FknJOjvG0AZzzKuxJEtYdpTfs+Y7mCG4jDmRhQj6c2hQO2XkVSyKBAthgKCoiyPqGdsnxhHB9nIj7kNhMNTfq2WajASHa7W81z70cZkwSIk22zk9ZUCJhxLY5pQTyhZHRQTh8UweJFwi2QhkDDOjcrxzc5xEsXJEukRAEyZMAEqUKFeIfTguWKli4eIQBcuAE9MAgAAAsMAgQQsMQww8ccMMcccbWtLLdvizZ/IZqPCsDbNTK9js+wZ8nL3Zu40XoaDF0kJewjIbhJMWpkb7SR8jjcaxF9rYJ1fWI7STdkhI76IAtxWS1ZtNtwpjMyFRkn+UKGOYPRgnw8rrl51dKpGcChNjfm1AOTpFexRVnzUzXyypof4qSvIEVuZ3NQ1JUMj3WnbimC4Md3FhAGYaMlUYyjYI2JdV2HsN2lH8x2Y+k8qaIkHo1G67SRI9jjidJlHGkE1gsVOY43vjiaLgnMAjGON742Fwzta/YtWfR78G2zW2h+Lmfyb8sEobr6zRU8EF9FNdGzrFEusKTIa+2O64I1pherAcrkWpATcioohJTLjEUs+MCZPm0dUQlo6KrW0YgAAlgQSxYEIuXLhBgAAAB4BAgAhYWDCBBCDtjgGEHhjjgGHhjjhhhjbHG1rWtakXydP1E0qIvk6fqJpU/1rDpCOmxPcnpHPNG2Dmze5OsmLNbcHr2C9ptsCua/Odz5HmPGSfdIeSyhpqkK4EEpa3fhFMHDCDLKHZNY53y/g1uLqp7WPi/+blyYb18ify4eOXz1W8wEH5Hvk08Xvk08Rktspvffyg/KAueOXhTxc7t3DxIaveXfnc+7G+9+6DxX03T08eCK+m6enjwdu6bcfRDTZzvJzk9yeQTZvJ5IJFBzQdydqHJsC2GxiRULqFldmoy4jpoTfXjd795nlMAQUQyn9grlhbH+FXRnK7yZqujTcieFte42vsNv7tw4Tke6ma/lhu1JHloHEENZk+STIZsjkixcwcDYKgsmBlBIssCBDFbrTfb6a7ni0rd6z0bhcM23M78lGfJRrrygA6pyMhw+jwfGLcO6SxzsZeNWIEmmLOwmjK0pS0A3Mzjwcaw61wwrEo+R1lNIuY+3gVIyTEPGFG5sXIT8HaXFzxIL2rkjPzejdiWR9q+TKfUq5WT5iOWy8SIobh/EmILE0GoohQiEkNpOCJEEQdfwTEfI2jJJJEbbfZ7cyUElU/f5WuS+R9Y3DEGlOk0eEp15KNuQFEGDI8UM8PE+KmUTueLr+wEvDZCghkmU2LJyyYSSZwcmSWjLdcJw6cslNhUJnft6+6S8vkdTNHz2njm/+cbEDcXbH35CHk1dYoh+UdFsTNA3QPlKZrrPOdodk2KWO+FUYoObt3p3vbDuY4l7RinbhU3Wd3JPOHJTrTyxg6vyTLrEb8So7dNaHxfsD8ncSIKOyymTGQFqWpfNpIQSuvswF1qywhstsKRpUVVYHLLvQ+fDOBiUyMCUXFbxJJOh6hJeyE8SqsbU8huyoQRzZDZ91d0zuNgMOTP5xtFieZBAGbUapJpPSQMcO9yJpw4t5AzzSm23kJpspqV8cDV8GDyb9IohZyZd4PoXe8tOJJNPdkFRUWDLrrm51N1SJhDYhjGE0mlLSALcUPDIAuA4UjKwmQZ8vmJZHqxptyvRPOjLfuzXM387WFEMNy4vCAfJ2a3QN48CKjTXEhuifKpH7oUnY2fFZ0H0V39olkxsVvwD4vnu5pyobFw4zuHxEKUw7bJfIDprtu/dBd08mOXjGQZNaUcNCaI7mdgksE8FNSJZhp7KCGiOxQSSSSkJqarCLpawBFEb2QhEdSbDbUkl8/n1XorzlFkWyNtsiIQC5pc8ZH5pujrw01L2UXy1p3nabnCmFb3EPJTBbnyPuQVVHCCxEFDTzybFb+EzGzwwAvg3DfbCdqGLkFfnPjP173JYM2aZuuUyxk2utpPTZUaEUSuRbcystEOKCYrpp4zZuKQrsZllAcqSsAcPES5dRJmMyl7GCpzMMSCulXEbnAW07y342x2of++W8DqZOMYIsxvhhtOJmTFcb91EFMNiIIcZpxYQWN4SsOZLqZ4stnLZFTy1imlEsw6nkZcfH9suHlckrckTkN0j3Gf2gO4jkYxGNZZezdi9lztGM0M5LLpBFLAkSH30pICUrrJNLb7eSg1O69YrgVbLZPFUoq4EUBbzE5nLibYvkrA0SYbh4VeZmOuJKLXaWlPTLeODHxsFHWTuZMeJc4RRJbCTJIWFQN8Scxmm1VaVUU8lRitpKaovUA2YLl15vpyTZLHba2aduvOqYNLOIc/BO2bq5ANutt5D303YXWBeKGzKrxj5ow4wYqjcQcUc23oshxlHlpEaQyhcyfAOHAFwctYsrL+RFNJKLodSiuXP0Ga/P+bQFKUoBSlKAUpSgFKUoBSlKAUpSgFKUoBSlKAUpSgFKUoBSlKAUpSgFKUoDLF0R6+DT48p9gZZy70kbXve+e46kRENdkNYILBdGj0TA2olhcQzOGBoyEppoQ44QdxTiGpFrWsISGww6u3GayjsZ0nthR7GuVlJaiLhvmxHfwpUS9vF9Vk0Kf2u3SKqKHiJYpbIeao4PA5GbhW/9oyeeFr3zC7tYnLfDTJTb2ymPcrjd33fXHpJ2zAhNQ2VZoMGR5srCUsOklmdHwf3yYSCtNkk234bOKKiqKLjKqZ8QVVU1s6SLJ93I5w1qQXHPxVsrRB4TrPj2miQts9ytoVJMPz3tHKyejoq+4iKLgHgjs9lM9CyMJMesNPuAVECbRBRVPwJyInd/wBkBrtNFQX+ayRp5poFVabauyIjaNG+j7ECuicO9JXuGOHWgUvYFwRFL+w8ePpMFDyAUEZ1GJWXpExTVYqJjgYKKAbbf7eHzLmQwxgwRwLZYWt2LV1fDogcl9Lb2qXGvl30k6/cZrOYUgqJW98yZR5O1zxC6ERvGxwsMwvCJlBdmKgGWFzxyxwQz1r5WGJ5A2lI5uFiZoe2DneeeMPkZf3HuR2icxl+zvDBnXiMNoYcWJGPiGRlR8x60JGXG0BGq2qmzZhRO5kRFnCxowInE+9GoXS2ymzD42eL6L+OhFmJfJyK/wDYPY/ZZ7WkXZTZqWRCWT+lVzgCqY6aWxIp1siTbaaIOtrZtHbwJpTHAOraoMbWDweRAunheuyW+l1XyR56SD+JL34/N8wP23RhXKCrHXpN6PcXjZrFzJtzyFw1AsduFCeImZs0vOzSTFBSC5XAHAQXMyMoHy4YGIQeYmQuWNsMMsr2xvLfkh018oNpLPmnPyj/ACR/Lg3m+g/KL4oePvix4Ce7XeXfXij40Mvw1314t+De4eM6T3Dv3vzuw3e/eo/e+uERfN914gaBfGHxu+RGGIuiLxr8E+AfGf5NmOhszxh8BeE1rwL4a8C+EvBPhhW8Hd895+Ez/ce+hQKkOjTvlvvvhP0gHQTRYbNrteR2MvFQM8LjJjgakyyGnHSp4LG98i5k0XxJrIWAtscxyCqSO2tcI0HllDjj5zxkzpOXNjK7SvZRZEdQRrPCLgWCt7iEsH9kyIeJGkowKHjkDioJ6tEj8SMgRBbD4ZoRvHuf8AXELv8ATuECfNaX7NJ/i75OpG0FhGf3iryI+tcT2tkVbMR41nw4AQSy0uQqM/3C2TcUWNFwAQASxEFZzALFkwjmaMJrfbZFHsI42eNSGeNGJXgxI6cr3lORpefqrLOwE+yofAV5PmmTlzMUU+43KfACDDLECwhg5dFRAcjGJIRQVVNQPrDjXF9eVkc8Th8/iPt9bK/eviTWLUpSgFKUoBSlKAUpSgFKUoBSlKAUpSgFKUoCunk55GY240tcs5gdTcWZOkx7udLizXaBWjcQR7znNTpsKE1WQhAliqgcLJ9xsO/XGtgJikImJgdi6amrTlU283lmu/jz4qp8eOx6Zyrct7zTpX3qOJQmEJQU3RMc4K0iaKoCc70aLJTMDSgRXH8kkFQ4VNLgRs+loqueWVYJWfDwHDkXLs/lA4h5+352t1L2rhvfsHUxw6bpC4aiRvn9U2jsiQTJPcyzc4uSeGVfsptln5KYyQmtBKTk5XYy7dHOtUqvkFTBQEK4pv8AmztA+bdFdzWWXb0gTx1aiS40NTczN8lNqS2/G1vEFMqaWmz4xJjyFUkHw8mhGUrw0nhCHkvvvv4oHmOAHjdq7rjfXKjV80+iSvKlyVoPHRELKzbDBUp12s2KeIUQ6ia3t7IW67LcrKWRIqCIesV7J0kx2qOrI5h2KZXGw2Qyoht8qOTPuEoeKxO40eJWUI8nVW5MOS6TwNjuSuRkAwmJ1yNw8og1KZCwVMgXiiD0nC3eWB1PSlNSQVd1kgwCWBRTXktv4HM1x3vV/wD85BuHbZvbzkAhDkAgXkeB1KfWukUGY1h9sm9PWPseQaCgviPcN9PgraSpYSmeM4XelPTJFGMGI9EPJRFDRRCKp36QJmi3Poi0U5mWdK0au2VueD5ZYwbD8aTgkSIvJfarR38qDIR10ioOmPvH5tu804WT44Ihc63/ABrQyxhXb/hDwqnAimygOGQZfPO9uyNzOPTjU353F1/UdrVxtSZPOvzIcqyyNYFOW2+WIudiL5zEVTcb5hAIxZ2u1qALOCWZGO371bKgOlJyS4g1hGyOJB2mDfbXCHOLHmQ4Z5w0IYTa11E3Nm9wao7HQtEicWZsYSVGymuRcg3cY0aoIZNslBmkXkY8uqpkimAFLLiExnB3AssJQx89dTv1xUo+3c2QnuFCOwT90y3m15SVFqxrslHrYbcgFVBhqwiqKdj2UIud4hRvyMzgx19xDkUg2qJOAeTiXAD+amRPWJg9UQFw+PkvuKwN8eQPdx7b/wCwkIIC03ddiZqGmPrrCkKhuMAcqsuJAiJjLbpIqj1MFTIwILlUl24ndciqifJqKwgtJRbl86YmU8FjrpPWzz+tGmdkcrvJmq6NNyJ4W17ja+w2/u3DhOR7qZr+WG7UkeWgcQQ1mT5JMhmyOSLFzBwNgqCyYGUEiywIEMVutN9vprueLS6x4ueJBe1ckZ+b0bsSyPtXyZT6lXKyfMRy2XiRFDcP4kxBYmg1FEKEQkhtJwRIgiDr+CYj5G0ZJJIjbb7PbmSgkqnVu4XDNtzO/JRnyUa68oAOqcjIcPo8Hxi3Duksc7GXjViBJpizsJoytKUtANzM48HGsOtcMKxKPkdZTSLmPt4FSMkxDxhR78190l5fI6maPntPHN/842IG4u2PvyEPJq6xRD8o6LYmaBugfKUzXWec7Q7JsUsd8KoxQc3bvTve2HcxxL2mZnQrrLx+67w2Lm6UpQClKUApSlAKUpQClKUArzoeHf8ApcPIN+eLkl/bUrV6L1edDw7/ANLh5Bvzxckv7alaosvP89oRZef57Q0wdKO/EUbzf/azf+sPX2o764dG34ipx021tdT2gGQfHCQ9do"
20:09:00.091 [Test worker] DEBUG org.apache.http.wire - http-outgoing-0 >> "WeS+503ZrZTAwE63NHDZXlVbSm+pyqqMpOFzVjg5sqQCa+SMR7OABNNBKghAYXD8o+jHlKNE5z0p+VH5F/lo+TL/4pfiT8o3i18nUxR9LP/wBRvjcxPDHhjxE8Af8A1VpXg/wr4V/7d3j4NOV4NHjH5kWPGjMh9qc9RJsMJiM5tR83i7d4t9ewHEns9qIZNuI6aTcy3MLgOBHQEcgVL2WxgTSr3UPvzvm5u9xr0pGviPliatQOWHcTg7cksqOwGuECwK39iNZno7Udrk5OjBsq48Rmj0WvZTZ6IgEXB3UKaSw3hlUI4jjGW6TV04BHKvHJATaddeuMNc5T+YfnWhWQZrdcb6ZtHalDeuwUfx+dDTHlLso3ObCo+tYOKiOnmigLUjtQOyc914uezNk1BYJNQjdCNGxyjiaesbjc4iIX47nRMk1XlCW9nNstjBwBpw2gnhZLLD8dRUubwP4N1BJkwcCzXauagAUUDSdmcWlU+aIJQJ9dNJSA2kxF/Q0R4yfmUbe8lu1fy2/KZ5RGV4+k/wAQ/k28TPkf8RFCXz/gPxo8fnX8oHhX5Vu5eE/F1k94+Ae38HnPCnaJxY8cZihY8aJpk56zK3uC7b2XoKkmTeDPfFZDvtNpmnYh61yEeuKUTtlNT08qFmyVFrDnBM/CimxGtkmZkSQZjNV+T/IFKPkrr0YSAewhf0mCP5xljky4Qow1tkktDk3SGubIsthSuZwGE+Tk85TUOpCm8ymJYEY54UbqCbVVRGuR7goYqxYlkQOp5zEA8Xu75O+JEhvxJOreysQT2f0/3J1IfRVwRnsYgRwBJxk8yrDGlI/GbuZ+T4jmzjbhhcExPEg1FzCpxEgqvhBMIikmPtcDvyTbnjCVNtd1ONnc1cnogzlrQBaezhV2KlRIYU0uZlR8AM6yhZNWjkplzcXkChtrDDEyxojJZjvdRDLDnhRSORs8033yoZG33dLeNyg5mRuf6LdvHFIOD0ez64j99wmNGMsv5/nMVRV1+23bqAGmYys5zpUsARIpT+DKn3SuZlcSeB1onHeWDIncoYagCrtTLGS5wuAbKDgmihoEIyWMlhcBy5kuPhiKCOAMFlkGMCMHliIEKHllgJhljnhlfG9r3i7uvp/EG+esMuaqTileEGHK7ZMJGagXBBEWWg4yueCg0342BR8cgyzmZbiLJzgRxBLZFhzJHvBRBNJRw8TMdZcaupUyaNakx3q3MeznzsjESBjNmPJPNxWYiheIRcUCLYNFiL6YPJ0p2XxmUFiaRUNwBq6V2GkA3kEZHyMIQqwq345yOIhdPeSv86E9aUpUIKUpQClKUApSlAKUpQClKUBlgMiYRZ0utPMOy+JQDZXiyNIsYGDNr2BVFlrvQNXWUtOGzxxCzUiSTDLsUTZMHPMwCQzwNC4YBGw75cj6XCulMeJi8algrqD1m3aCAo3jpBLWsKprrrurrLvwIppXG1xhxhExqqAXZDx7FhBwQssrZGA8BLOOSHi4j3kFEhKR0yVpB1k2s1gdBx4a5bQxMGnGngwFBUuT8MoS831W4Ka+GOtZJ5IdRbJ08mC5DFswCquVSVhzpS/FZhcL0sSRs3BW0PJnyEPvkMX9Wli7s13jHDX+M9YoVZL9xGIGyb/cTAjpZcxZ7O1LUkxOWU5TMnUnPBUS0jA5Y6iJoKJdC8vjEWP0ZNYo6Ldm+q/CWzqQ8SLDax1Hd8otgF/u2GDjZUWKkSEmIcsH2cbbA7UXXY2kgBQLPIqAED38KUdKenYYpxwKxrAwCYL/AMDKYPrnj0eXlE0NQ9WXqqSTq7yqTUc18muPJmQGG7Zqar9NLrISW09W1PxBpIknLLTILUhJi0ZazmV1ZLJWSnBdSsrqTmR1dq3gchPEuh7lzdB24ULbDyHpfvLrmlqDZjLZKN223X4EbZCpksCmGPI0ausUkiPxsADOJy3KJZhXSyoxV0uVLXAVxKVMSRXp6FuGmSFLcKJN4eRXfV/cgsya5FFgLW5tiwjH+tkKRGrL4QYSk7isWMFbdJJbeNrlyZoqujqxETJRTUVRVgFg22mqIhM6zxZzzhtFfDtss9Jal7VZb+jNf/LXmb/8WzYn/wCiQq1IVVvxm8a3k6Te5xr5aPli+d1ttIu0vafJz8n3yfePwmAniL23j29/GzwT2vY8Z+1bXf8A2ez4vE+x2LgVUcWAmEZ9Ia574idF8SrvkojrNN7RAM2viOrMIo3xjh9STMhMcbmiBAWY2inHRC/dASx/sEhc7Dl88Mf70jAQN87Q8DECIOXfMgPjkyj9+pxIte+Z0kzY4cMegPJwjBg4CjgJyMXdpNSNGe0vjiXIGhcMRblRbB2O728TBXaDYmLt3tbdmJA0a3niVrGo+SZ9j5ntiS26944NjnDVmVLsQu8ymN2REtPMKB7JL79VyGNgTdyyyAuApTXxb3ENV+H9fYW4KfyA7y7jPzkC25ZjMPx9DTsccWMmCYqhFsq4CmSVxY6hpiqS+kJblUExZWEsdeyXcsRSy2tnDScZXD+CwWXjHPsJBXWMUXaTfKfBn06cV/JVx2/nB2N/VyIa29RL/JVGX5vmZ+ribWIXpxX8lXHb+cHY39XIhrb1Ev8AJVGX5vmZ+ribQGJfi8gXfaZuRfn4M6Zb/N7StJQeSGRS8gJq3qVHmzAj+PKEt7BCICiUOPh4NURp+LxYqqlxCZCxsJZyVQxTIhfIgFYS5PHgpfOxMwRRLnKlyJTNyJEYPdJR8RrB2MSRtrFrkXd6eIHmRWXdE8bG3AUd4hXAOwOVzCsnnFMpkMjrx9YbqgroilMDj04yfmG7A8jk6/Lb8qvlAtmFPYrxW+TbxG+STwi6ZMcvif4b8fnh4+9x+UXvLxg8EMzungfvnwJh4Q7gRtWoM/3eymVvnkGwQOVfo2z1VL4lG0nbjzAzzysYvcIkVXn+v6rJjXIjmL43CCGVDRA7gWwEyx7rcsL2L2xwEzw1SVATkc45oG5NYBCgqcTLvbAzbd6PJUWSpG6sAgyTEsmN0E6XRng0FYyTPlbCYlFE8nKiYeJmCagQN5iA3ILRJFW0mvRR4u+XRwMsWJnF0gGUR4rOJmbbURkDRGB2vOpxrZl+8rkcNgU9/COsk4bk/wCCI+SiUE6xzXbHh1EUyILkIzPQdWaaO7Qg7IvTkWejHB4Lbw5qpISRcT7Qe3KhNIbbWi9rCEFTAgqLi8KKTNYZZBGMbpbxQjd7B3vbEE8WE7a+I+F6tZ3W4aeNrkRVDT5nmAW4Zlq9wi5ee4qV1CNJiJKaN2pMgcOvVlGiFnWoN7vbAqml3+RdhJJ72CABIBWLBYB99aJ8f+uvHnq229SIGb54xGyVdcPudQfA5JxOaTHO68cMHa7JAN4J5BMWFVwghF08yVLpJFGJoZFNQE1MKI6cUJhVbtDg1mrUR2vo1xU8nMv6KQ/IzmUHkt60veC4429hBtuFVuHZQGjNvSUvtRUYpUcIuUCyzCWFVdHCJlSqgvn00mQIFATn586Fe8xKW9PR+dq9E22hbuS1vVoBt9sCga4KEGbSjk3xPUSml5UQUtOVo+kwIPBbcAaInrgyglkEss1WnYwnFmmqM3LJaRnEk7KapGgrhnsFs1H+6PIDuBLnIxsrDQg5iCjcgs5lw7A8IKhgUsYydUb69x5302El7YGCZMcNxHVlSxxOpyKt3TsnM30NdT7uaR1bxYR1bxYUpSgFKUoBSlKAUpSgFKUoBWbjpYjIXnfwsTwoohYwbCYEkwO910ItgIKLighyehNU0ZuEFhnnmXJG3UROnM72sGVKFxzo2eAJYTPHSPXW8xRFHU/RTIkJS42CL0jGVmc4GE+2so3GwKrbYcyaYS1UncwWEAOEjGRYxmISUiBgspJh0MuoJxoqeLFzAYH5UFyC15HgaHpUbagRGZj7iOP3+gqgI4WKaI2XMzklwph4Mx21gMCWSWdBHxFvnYLEH+FfK2NuzbBNqRuiqac8EXL1ue0I6Zslpe0vJtNLHh5syg2wXXGC625bT4/QFB1OpoqIF0p1tcqhqDpK4IShiMkLq+ggIi4VESszgA97aVwRbhsSFFfS+I+ajYViaBKZJZaZWClHXGHnZNCBFrgENWV40bu1I66ku9EQDJI4MmAhJjNKESKYIMlkkoukGzqcZsqVuJHSpW44seLPJgqZPVsBmF2ySBJK4QT+JOIq4LPUKVQHVkn5g3k3OQO3fZxYFSBEVQXDBsgdbw7WNmW6IT2u+b7BIXZuUWUtJFDbx6NCWQOOdSbgvIRt2qSgz44NzTjFytILZPcexmUUFMzkMRqh6jCtK7CJQ+M4ymZIoSDOiZJ5UTBauWNkQLNjO3rht5CWfs7xN65bXTEWiHWxNSUFVi14lihlAiyFGwoxU7lKLkvNoBKx1PQGk11wkhoxpFbIRoMi3jKjk1kzIyXTSww0TT/CdyGrUH30/XOdWdT+m4ratG5yOwtTIcKTooRD3l4IEjg/tFi9BnqdIGEG+aGcUDbeHEPpAmaKfKmm9mIi52bh8V+m4XHT5LfFhKPzUbx4Iwro+Sx2zwudFcWT6zkfxkuT7jaSbyXnlJtlyyVZLxefYMYoWKPayNYF/bqsdV0iiXsVfczfEZFuwKFJvKbD0yO1n7ca6w8oTnEKk4xGFNOtK1hDLDEdKUTNxFJ7TebMJhuZFbYPeTwb2RbEgujkHebJL9imRIz2rGc068cwvBVED25FH62Neo528aaI15bXAZNbUIphySInmVQKCYM10PgwOmpITwe0LjOZLbI2asOM2zBpGyuoFQjJjPqA3wU7wrUBAaROTm8nlT0NDbheNh4ZKaswymTUdhYsWDTAonN7Q+Mxx1Gm7ZBD8XswjjPNJplv38WTiKZaeGDfxtAlril04l/jyT+MhcY6kkazt1ittmsoFCVbAvdkqTPHDUm5ISC5z5Q/fJ/lXBgM4VNZUyKgUcp9SWyrkTVVHXVdMOA/fn60hrvoU+ct/ClxwwbxPTy9YEgFjQJMuokSGpph3YxkA5N+eMH5FGBVyETbtlsmKWeL7VnkKnDpJgd1KqqIVWVoBbb+CUuJ6QbJTvjucZB2U6PYYnaWBhjklydxYyG5XwrGAcC4zico+uTnLKrrFACxwBBzdpotm5rhFwwy2HhbtSwQQFgw8Y4Pbg53G2Bi5t6q7eczE4ztpGimWwWXYTQtaYliiVpJajKPJx5qtOT9lEt0OR2PMmRFSiAikeUmt344DpYusq+RleJp6oStZ3JYbPi3jN2sjKPW+ntNgx3otOjGZLWSQ8gktttJpwE6UFuIKaFnmIIGRSEcgTIFMRBBBLAF8LZiZ5dnK7Os3hYR9Qb14aSJBFRjNZ0Jf+YPtf8ApfD/ALGIvrZmoKBFJIHlVUOFU5MTCZlQUVA6OGVJkSJMHMybOGzI2WAJcqVLhiDmBxc8AwgsMxBMsccb3tjM6Ev/ADB9r/0vh/2MRfWqjcmC3js7qrP+ujDla8HOacIudcWF5XwaGb7MMpMe6aK33GqEWsE62OKoKYjbPq5FKHBdaMMkqJsqsBDiiJ+JUcDPX0dOx7cPYHlU5g3QWNDY7YbLCwhARhWBEDUErXuDiRQNCBJZC4455E1NFPxu2lS/YwDuuxcasEXLZYDY56RpBcEPPsw5tZ3NJTZT3vJUdOcmZjxKkBKQJaHY6+lKCEsOVtopVTBd5IEoWHOXKOdNI9zTDoFjIRoMct2ceiuOfShpcdml0EadM1xXeadDbZPp6o+M0DBrDPl2uNxLDwebvGb2Cw4ckWy86HArHiqQI4F3NJICFEuysfDJ4GM4v8hPEuh7lzdB24ULbDyHpfvLrmlqDZjLZKN223X4EbZCpksCmGPI0ausUkiPxsADOJy3KJZhXSyoxV0uVLXAVxKVMSRVnScJmgWzypsnCSloUfj6549Hl5RNDUPVl6qkk6u8qk1HNfJrjyZkBhu2amq/TS6yEltPVtT8QaSJJyy0yC1ISYtGWs5ldWSyVkpwXUrK6k5kdXavcPJc2FblS5qoS4q8HCBAEeap6+C7mvrY+PEFvFdtBFhUXm6jFWNAMuriYqnoiICDLseqKyqNkrkbVxSS2Itl1QqgJBG0/oW4aZIUtwok3h5Fd9X9yCzJrkUWAtbm2LCMf62QpEasvhBhKTuKxYwVt0klt42uXJmiq6OrERMlFNRVFWAWDbaaoiF2nvvxHJe1+w8Tbt6+bLSVo/vNDLYMsNtbARs2m5IKI6WAYHUjWDOlSJnaMQb0gJBAwsq9iQBtVTgDJNUMpzhLr5Ik3gUJmfnRfUk6Seypqzuu6KUgbPay24OeSDjv3FakzS5uk2dspvb+lUmB7zuFK2E2Eism/hgk1NfWvc4KSGkvVpgp6UtuLBbbAN+8lULIVvqB04Qd+Pi7tGqguP8AhUk+Q9rYO265LuQaQuQZ56urOLs1yjgCC491jhCOnyEbTlEk9zsdMBfdYLlcyaro6Iuk1TNUSjRhYQUC62Mso6ORRgr9KEzK/SXVSlKAUpSgFKUoBSlKAUpSgFKUoBSlKAUpSgFKUoBSlKAUpSgFKUoBSlKAUpSgFKUoBSlKAUpSgFKUoBSlKAUpSgFKUoBSlKAUpSgFKUoBSlKAUpSgFZQ+mR/ij27+l9DX6lS9WrysofTI/wAUe3f0voa/UqXqAn/0b78SXoP+b5//ALbpPq72qQujffiS9B/zfP8A/bdJ9Xe0ApSlAKwB8+n9Ka4V/wDhyf8AUUmSt/lYE+exWVSnSkOF4gVU1AsRM+To75JlzpkEqY7tyITECN3cuGJiCL3UHHEIXumGXdA8ccMuzja1qA32UpSgFKUoBSlKAUpSgFKUoBSlKAUpSgFKUoBSlKAUpSgFKUoBSlKAUpSgFKUoBSlKAUpSgFKUoBSlKAUpSgFKUoBSlKAUpSgFKUoBSlKAUpSgFKUoBSlKAUpSgFKUoBSlKAUpSgFKUoBSlKAUpSgFKUoBSlKAUpSgFKUoBSlKAUpSgFKUoBSlKAUpSgFKUoBSlKAUpSgFKUoBSlKAUpSgFKUoBXnQ8O/9Lh5Bvzxckv7alavRerzoeHm1sulw8gfbW7btJj5JcsO2/D2mXy0LGHbY9n/42/aZZY9m3Yv2uWWP+y97Xi/KdoRdLp2h6L1KUqlFKUoBSlKAUpSgFKUoBSlKAUpSgFKUoBSlKAUpSgFKUoBSlKAUpSgFKUoDCJ04r+Srjt/ODsb+rkQ1t6iX+SqMvzfMz9XE2sSPTfVFQTIv48B00+cTxs37saFmMRNDlBcwrt6H87h5CAZh55B3zwwyvhe98b5YY5Xt2cbXtttiO1sYpjHHG1sccY9ZdscbWta1rWbaba1rWt+C1rW/Ba1vwWtQHYVKUoBSlKAUpSgFKUoBSlKAUpSgFKUoBSlKAUpSgFKUoBSlKAUpSgFKUoBUQeQj+YPvB+iDsr+xh61L6og8g9720H3fva/YvbUHZW9r2/22v8jD0/DQGX/oS/8AMH2v/S+H/YxF9bPqxmdCkPnlLQ3a4yonTZ8zjtyIBiYOmRjQ9gMIbjMTAGwo+YglgsBBhc8A7ZdpjmKJla1ss8r32Z0ApSlAKUpQClKUApSlAKUpQClKUApSlAKUpQClKUApSlAKUpQClKUApSlAKUpQClKUApSlAKUpQClKUApSlAKUpQClKUApSlAKUpQClKUApSlAKUpQClKUApSlAKUpQCsofTI/xR7d/S+hr9SperV5WUPpkdreSQbd+xbs47fw3fG//vxvdkS/je+N/wDba98cssezbsX7XK9v9l70BP8A6N9+JL0H/N8//wBt0n1d7VIPRvbWtwl6Edi1rdmP5Byv2Ldjs5ZThKGWWV+x/tvlle+WV/8AbfK973/De9XfUApSlAKwB8+n9Ka4V/8Ahyf9RSZK3+VgD59P6U1wr/8ADk/6ikyUBv8AKUpQClKUApSlAKUpQClKUApSlAKUpQClKUApSlAKUpQClKUApSlAKUpQClKUApSlAKUpQClKUApSlAKUpQClKUArJrzRrM3SLzMcR2nTP2z251shvY1oTGSlMrqvsI/YNWVwRADVVlKUxBmuf8Cm1YoMklyYJ9ZQlYUFOGNFQO5WGtnhrKrJ9yn/ANJA4GP/AIXp8/8AI3TQEqJQ4WdpmK2VR46Sc0HKE1p3QihhTZSZtlsZhtLBLgWiQPdyCG8WK9GZjcsmq5gLAgcWew"
20:09:00.091 [Test worker] DEBUG org.apache.http.wire - http-outgoing-0 >> "4wEgEzmoXaS7cv4NNdw8J3JnIfIrq9KxbYNoJ0b7iamSc6te9m2miA5kEzN7tkAfAg80lNsaO+Awl4QksJKokBnxwSDwajo8GWLoYiOFjdxWSDo9hko89++kgS+zsgzkUPvd1MSmcuEL4CorhWm099q1B0qyWZCvcIwGol3Y3Fuw4d/wDtRRcImBPwiYUG/j46ThGJK9FVnSbdh+K8CQ5/mOVJzf8AfYyYEO75mGQnbJrwuiphNmZJqPdzPVXW1q6Wn5GjWRFPud70KZGR7gAh3GEvlx/pOk9TnAUH6Aq0FTRLEKqry5E4eZDvU4lkV4RwoOtmKbRf5lSaLkOs5YRjK62FAySJmDyAqCGko2OULCmCgggAWWFSvRpNUuRKYuNUJ46ycrTh06jK8+Sql4w8maW61TuWxcBEo0slZ0ePcqlhnVkIuYjlMM0e+dk1OsQxyJ42yMj3v8OkFayb6wlHmgTi2t5Nl3dtkqvIXC6K347VdQ9etegWs6c0N4ngnoG6ohLgrqyKAkklVD8X1LK6SJgtZKOdu/E8peqs/CdIa/qcm/8AH+f/AIpHzPuJvXpSlQyKUpQClKUApSlAKUpQClKUApSlAKUpQClKUApSlAKUpQClKUApSlAcAlZWkNAi+RVyI2gjyBKqMxnWqxsxHC48WghPN9p6GeNtNqrDrzJqAbbTV9dCIpRxcFJmAksA1mcFD7mDle2MLaB+c3cS8g3Dc793dvm1HTc2u3farKOaWadqTtZ8RstkoTrjYRUbkpPcsqkVebTLjIvLJKcLcdZl6M4pmRMZoyueIqFixfb5WXTnv/GJ9HP/APEPMfrPANAaJ9hnDNbTg+UXLrhHbYlqdkRmrCjFkavJ3YMRsvR4Fi980tBVXYKXHLo4JzO2WIIpsROImTVgCR5cb5MyOuJ2QtwPPmSh/mh4h0DfDdNIOJm1zonRTXdS9VB3awNbo9brFYQo5FouXOx9MPzicGUXAAeHNyOQc128pIgWKK5FwmMVME9rFZb+Vz+kAdHy/wDghtt+pKJTOvoZ/u9pazL99yFvZ1vaxTGpaYspqSBtHZqZkIXbj5XExvNCzuV1Aikhr7gUFg0SThU9oJ50+7c0cwbLYuIREDb+Jkvkp2HDzuTJxlb9wboPJe57z5lOQpN39iGAHhsk+kkWcEA5peWfjDY6hIrpistr1g1MWH4iFvBR5oE10MXJNzN44uvJtZIWeLKD1ZnTpNNJm1FRNlU9PTypg6fPnTARUmSJlQsxzRs2aHzDALFSwAeYxgwNngECFhmIJnjhje9skc4yps50jd8PfVjTdwq2vvD6x3jmzdl90Lkcgnxt6qNlQLmlmKtdk49hjjkwszQBfFRcBoKycdKXLqrtGFTRysXPIztFqpkW29vAio+qpXasJtscsnXnI2Bb3ALqhvAxmihF94N11Zqa3xUkgIwJtAKzmpOh+MtxSOlNNSuYJjJxolGDkdLNQVUQ6gk3A42gmLN1pHxME1P6WzPGryV6eaVu7dCHuXre6V95oAjs7O0pMCT5PLv7UKVAWSkZOyU4/ZOviy37pDZIhIics4sfK4iqOsGCQaUKlpRhwkzjZ4lz8wrGeqUfcCLIj1uFmbrVrfyVazMIJJuNmKnIrbRcU44lYqygbEzMHlA0gM91qCorqAox5VOXVVRQMjGzJgYTTntisobc1Y2WcLnFLl22ha/zIsuEc3fDEqChpcdOM6rCmchL2DsXDIAGMxr53thYPHK+V7Y9m9SbumzJZltOrch3eU00lJW2nt4VInUXG5uKm7/6M61bfpySUQDE1R0WWHM308QcdMbz/byqqMuSkBKHNZ5mzCQiSC2nMlpJg3lc2YTShUYz2BxBLWm7WeHoraMso/CBqaIrhjAhLLg2GWUYIfG2GWKMY2IlAqAJjhe/b4gmjZM6cAyzxwuMCYwHDtkCKEJnoeqlWHDvCLR/KHV82y6zdf4bladJFPeDGFDccvST3ketcOwhdtMVuqLmWcwMRcw8BTWRBNHwKAdvbIwZyCAw7OYmNr4e+NLb/fOF9seM3dbcbZad3vrrzVubbGOxoTkOVHy7Yf13fS7LmB7W8CN2Q4lcdqssq7zfighMWyGnpuCdHq2vkk/Asn4jJeVnfSxNmnUxdEI70tiUg6XJNXIFMKDFiOzmCgqbrfq5GbDUEV3v8FpNhCDHXXCrKzlGjRl+AEwC466mu9TTsROwLkCNWRy+7NMKduJ9iaz69ccHL5Cru0dyguS9c5PlDQp7x8xYyK64pADYVXI8X4VXFTJpJKVEQruWDa5mnjp5dcTkpRVblipYRSJJ5rpCDhn5a+kNcga/+SJ1Odi8d2+z2ZLjXmc82dpdtI6mi7mssKDec7Wc7eg59KyA424vpJgoqoa8hqpMopo6wmGyqgmKBUudJGADIAQuNGer2ws+uDon7m2MXpxmBb2DL6QbfuwCdleS3opTKC6my8psKttzBSedWhnsG4G+WSksuiLOC5iopQCaQBIGS4ZMviHON/7Yoe8/R69gNsEPMna8z8XOzDicpIhe1yiHIRHXiRW9JzZAvbLLshteREd0N7HK97ZZ4plhL44dt2tqvNRv6G26/wBADdr9eZ7oDk/FdxnvDdbjv1a2ilnlg5qUiTZqjcR1usNi8icjJTaJKtnGvJWPgJIXURzDFiuJZNL5WAUT6pbIW4mQmWeGdg8f0jkxbwcO3KNoTqJJW4kob6aT8ii88I3ZOOyRdvL+yEJyI2zjSRrKQsrIaYkqT1R7K7+YIxswulgUk2hHnWVItlGWUUs4FOLfHVIfSAYb4Vdf5a1AZvGdL8NMGA1N0xfFC8zNp1ral1NNJdDiMKidkCkyQ1YycL9BwwWFBOREbIjiuAFSqOjlj7gNlCJ2SHDNC6JyuyZEnNLthuKDtZO8PJy0wI11kakaEIdivSKQTBUfB0ICqzfGR0rjueYAKsKsth4rpgjZXT1FDc4wi+bRWkI04kkWasm8ZPHlXZdnUiSSSqybxlq0E1WKKuyqhrYpSlUopSlAKUpQClKUApSlAKUpQCvOh4d/6XDyDfni5Jf21K1ei9XnQ8O/9Lh5Bvzxckv7alaosvP89oRZef57Q1XdIrlaUYR4atzZQheSX9EUmNYjBmbZkSMHi4WC+m7mr7MwwgquSE7WoopK+kZKaEqKaKoZJ6gXudSVE+nGbikzhgESLesPD0tTZqprlMaty6c3TfkCV4BiCT1o2j8hbvPoBF1vqOm86VTEk3HM0l0oMhBKyqPYBKUBjY3eOAZbNQuNa5uu5uk9/iMN6v8A4H6+f+q6Cajzp4P0jFR051YT4pTeGVtRyJrZBoEfON+LO6a6/i7Dzi9sBtU+428goRJsivbBA8HGFkoVVvF7Ba75DK5mk/HDHOlvCsYeEdfSKx/pxh7X7pwbyrbQcNW5U8CbeI8bwck7Fa5bKL7cSm5KJhkmjbFDMsiTcUTsgryhYq/se5rarmcWAlVpKo+SufRnOhJre5NwRzpNsvbb88LblmY5UlBuxByZSmwolQJEkJ2vZFi5jJ0mTWQT2XHSU5VdTIslpkSKUlkibdbQCYjliiaQLAE8ASZfAOSXGrxNP7VnZDYPf/cPY/51++mzbeIMp4PtEZxdgRnGsbp5hvmAY4jRtBjjmhku92ezSwiyeBR+wltREIlG+RN+H1ZxwW6PLniX3j6RYkD/AMUol+UySFcUrnfGw2CavSlsGMkm8g+27piCeCKDiFxMsbYC44ZXDyyvjnbGpB6ojcX2nrrFSoyf9I8/5RvC/wAfFlXVHclx0l6YZbgfh62Nk2DpSkaGZJQ3XApZFkGKHu5o7fCOXWJzYCQrgJbsaCmjryeCqpR04mKQRQ+DgeTzZkkaxFLDihZ9U8u3JDsTx+cM2vE/wgeJmpxmUDWaG8ZefxQV5k4xOSVEyq7HHMjmKKoSmE4lMv4omU4oO4S6uRzdLoTFVYTHAEAMjKX2ulcmS4HCNsyEMMGEIcfGupYrhnlbHIwYxnuPjmQIVr/hzExKlTI98bdm9ggBM/8AZherYWlrpEmxOhcTa77HRq25QjF367RA23ywXeRyNpZ/JOY7YFCztfDIsfS1dGViJdTRFxLMp64gLJEkro59PVCRY0DnVNmV4tt+x0M6pFZLJWWaY+hWE2OFuSnvHSM91TnI5bHfLbnb5Bzk5ZjLapNbMDKiwqkAj5BdaMFN9uKDJGjg/kOEeJN3xlU+/UofEMk5y4YhUwWsW46o+5BIohFSjnkSmGFthZNajwVU+PptiUkvIKy/YrxxCxbhuXGsosxpIaNJBW4Y+KkK0s1hKOEhyQB1SVFpOUXM5KkTfAlsNqFc0u8OvJ1sPqYSKGDaomavz6bC2O1UNGxxchskZMb7oKHDbDIn8su0UXOYbkmO2+F88wDdjFiw5WQvDhye7EbbyLt5pTvJFzHjTdrRR0oDdktTio0eHi6Um04RlckkPZrk1A4pHEY1lmjljygWEP8AeCqmuZvrCSQRMjCo2kCu3prSZttk4K7QoyeGlwhfJSlKAUpSgFKUoBSlKAUpSgFKUoCtvkRUOUQ6mRfHnGe3NckdYkE66SMt7DbDrymYT4CRk8BCzb6u1IxSk88O/wBwuHvxfxIZmSi8ipB9EJFl5ujJ61dVTKjejuyFt0p7OczMJbdbZShts69b9korjRKeT7V1kBsFDRH5bE5ynY4jUdZVGvFSE4zSEnmTDZZwCcmZYkE/uwOeZQHuepasunA9+Mw6Rx+nezv/ADvYegP3OQPYjbTdDlmi7hu1E2AfGqMaMeDBNmt5Ng4gzKJ03lWgdOFSTejaNnOdKGcmSdN2X2BfxmSsg1C6hIpM+YwOpTNUG46ulpvX9seCfd3RpRO7qbQbk8c26swpes0stzc+QsJpk+C5VdAhQuz321pdOI6Yu4IQgZxQcQreBKYlBEFnvJLUSSqqH2qsoHO9Q8cUHpYHK8QXr4gqb70f15dbEsY7XAU00m8ztWGs4+8L3v2RQMXSXy74tj/C7sXEvfG+AN8rfzpZVg1rTrRthpdsDL6enKDreRZCcFbDNRGUcGJNSeIbJB5XtlfEEwspqcLnje3YGVygeX4BuzZ88Z8+Bz8eW3R/LbnL+QPYjbTdDlmi7hu1E2AfGqMaMeDBNmt5Ng4gzKJ03lWgdOFSTejaNnOdKGcmSdN2X2BfxmSsg1C6hIpM+YwOpTNUG46ulpvX9seCfd3RpRO7qbQbk8c26swpes0stzc+QsJpk+C5VdAhQuz321pdOI6Yu4IQgZxQcQreBKYlBEFnvJLUSSqqH2qsoHO9Q8cUHpYHK8QXr4gqb70f15dbEsY7XAU00m8ztWGs4+8L3v2RQMXSXy74tj/C7sXEvfG+AN8rfzpZVg1rTrRthpdsDL6enKDreRZCcFbDNRGUcGJNSeIbJB5XtlfEEwspqcLnje3YGVygeX4BuzZ88Z8+Bz8eW3R/Lbn6W0M1bZ8lXMK9uK7XPZeVtPNVdOIfbMo7izJryqgNSdpBfb8Tm6rtaMmLJmZE+aY4QKS9EDEAZLA7lgZSJFNr+C6aTGwjkeI5v7bPhg5StK9b5C272B3N49+R5aWYeZZ/bN34StOcEbDkjSGmt4oXlgRMT1heQ3K43eyUtOIqlyScZQnC5v8AuYZbYxZeWP3OJa+Da5/ekHs9y9qC8Vxa1ceiEXM5Y2OissVsuJTxMgB3vfPIl4OfDFzvnj/BxDNELZdrcTC1f3pItsFueOCJiI18c385OVGIVJsABdpc9ZMQnQwSi+fCtlljfAmmnnA2h1AfK+JcvjkAKYEDwxtlSbNul4s+yykitySKojI6uiQSMVR5009RK4enFfyVcdv5wdjf1ciGtvUS/wAlUZfm+Zn6uJtYhenFfyVcdv5wdjf1ciGtvUS/yVRl+b5mfq4m0KZhhtrd+OabebZLWbRjYRT0e49tLHsNFc5bSR83khdnifZUJHVBOV2jEy6ugGCLPRC6ghq2SUutocqbTW8XTXi4VBfBe7eYxKTMr8Qm6cJMJWkzj/5d+RtwbMM8hmtNhj7vbAI+zEAS2dTA8jQrHdjPd7HTk1mCuyweaSWdqLbAq3hTeJq6Vj3IJQT4l9EbOlGZrXyCa3Ou4RKeoS5F5ZFlxDNXv4fLBrzMYLMRlJYwGzyOYWNOqKpGSQcRccQbGEE9nhlmYFN3tcduu5eYRsv0wraLNbjjW4ISI9LK62Y2qc2ySTK13qQML5pyFkwjE6EfaYjYsiAIF0YQydCVBVMRXDO4hFsCYmTaSy2jtLPImywWCLpGTSaO+rxWLkbOS6ZNymTwObMTBLYZXWTcxt6/llB1HNbpTclyjKfBd6t1NHW42kVHERHOigrKfn3/AIki6kbON3FUNtu7lcwJG6+qwa6M7tZsUqGNl9ItwZtlKdZZaTQ1u3RheRJqfbpkR9ujXnbCEmC8wUYo5nesLSsdQo0VFNsljoffmRQg5n4rkC9ge4ZkSXVckciMq8oXRct59qpkZkfMN6qiFIbHGb8Zl3GWa4aczZEYZUgaCCdLgcytY6ZwNZ5HMs1TIC+WOPcQAbdm1+D3xH0tk/oyXJkTyumMGddL9X+NHalUtaxNNFRpfgVmuWCFZcMg42ADKpL7ML7mWVE3iHiCnx8hk8xrlgwrFHxH79IPiM2hr6SOOWM9Im2SmxrRlqJpBqtK79hvY/fDZNBapaRorda+y5Aj2CIkxKPiaX2iORoqCa6UkNEsYZ9lrwYcLeFmeK7UocQwWGMkTVe+oO0mzTm6JROOyDk2LnZwbEJMebNnUqeluXZAVZoTDiBNS8lIRtPlI+4TD4JGkVLBBTUkwWXQhU4gEGTJ5gl8MQ7SSaBbLe/nd5ANjjXYVYc4o9Sj+oURmP8AanZbFy+1nWsS8vp3b90DuuNZKOSVGbpsBYIxgWu08jGYYVgQzFe+k39DA2B/Nntl+3lxUz/fWaMXrpE9tFiwvjx4rXRthoTqZsg/+WrmxQZMnKAo5kx1CM/kPfQDcT3M7G4TVVHFCQnM2nOGElBGzGdipFUMq2eIFsQxjI2XZEv+tpVslu1pHzJjcPO1Wyi9uxDkxa4Hdi9YZukdERU+cmYTSx3Vcw05GXkMMOzrLifJ3IyabUFwRSVDR1Oaa6kmG+mLCg1ynXPF0a6QUY44NKyOuyLw/JsLX1risOKF+aF7ck9J1mNdrkMG+afKAx0IFrZPCydcEVUKoqvghWO4C4FzOQF8LZT80H4lJjirc2ROTHkA2ZSNpt233H9oraZeP2RlH8IQNHYmZWxptRyjnTA6wrjZFimScSWzpNuZgEFh0jKiYuOJyqjkFZy/x6VtVG8PLrN0WHqN9XUvZpSlAKUpQClKUApSlAKUpQCuASsrSGgRfIq5EbQR5AlVGYzrVY2YjhceLQQnm+09DPG2m1Vh15k1ANtpq+uhEUo4uCkzASWAazOCh9zByvbn9KAxB7QPzm7iXkG4bnfu7t82o6bm1277VZRzSzTtSdrPiNlslCdcbCKjclJ7llUirzaZcZF5ZJThbjrMvRnFMyJjNGVzxFQsWL7GNhnDNbTg+UXLrhHbYlqdkRmrCjFkavJ3YMRsvR4Fi980tBVXYKXHLo4JzO2WIIpsROImTVgCR5cb5MyOuJ2djnv/ABifRz//ABDzH6zwDWougMU7gefMlD/NDxDoG+G6aQcTNrnROimu6l6qDu1ga3R63WKwhRyLRcudj6YfnE4MouAA8Obkcg5rt5SRAsUVyLhMYqYJ38813IOr8ZnHlMWy7MTUxZlq5ltxnCaUtlhDiMPKEhKVktJU1UmFlhkoEWkiguB7jJF8wsF3xaxQszBXFSuaBrO5XP6QB0fL/wCCG236kolfV6XEDkX48danUcwvk02FyN64O9/5ZY2yLBM4sxpvRzYh3s//ABpW6qtI4eV+xl2RRAsOx2Mr3sm3hMb4CJJHo6uvXSJREPxnFxV8pDT0tO7Tp/Lvv8ocmqBGYk3qsaH5QSFDTxSfycg5O9UgZO1tEa/iWETvcEVkJq/njdFNuG1ls0zyqCbs3CHGpc6QDKarwK6/bvQw2m+Fu9tRISFp8y2yVTQ1RBbGy4iy6W+7nemtpTubKGk0REZKm9WKgrJlSSSCo72OkOYVbKhKRFQ1jKKslJiOeXVI8UKoiemmlY+pDC4d4l0ooVzOGjwo1r5B96BFAxDAgt"
20:09:00.092 [Test worker] DEBUG org.apache.http.wire - http-outgoing-0 >> "r3w7jjfPs3xry5Nc0w01uLLhmllyFBE2IS/SDLOAcc5bABKLtoczH+Jbuud8u54FwsI4kMHtr9jDDvBQt2bYh9nJpV5+tvPzAKsE3eKrq7JlVNM+zPGryV6eaVu7dCHuXre6V95oAjs7O0pMCT5PLv7UKVAWSkZOyU4/ZOviy37pDZIhIics4sfK4iqOsGCQaUKlpRhwkzjZsrRNxU3f8A4IJK2/TkkogGJq4/NjVhzN9PEHHTG8/29FskMuSkBKHNZ5mzCQiSC2nMlpJg3lc2YTSpUYz2BxBLWsb2xWUNuasbLOFzily7bQtf5kWXCObvhiVBQ0uOnGdVhTOQl7B2LhkADGY1872wsHjlfK9sezes0fDGjLKP0Uh2iK4YwISzrDyNrKMEPjbDLFGMOLYQqAJjhe/b4gmjZM6cAyzxwuMCYwHDtkCKEJm393WXSZEaqrQhJNYJFbJrFV1U6d6Ev/MH2v8A0vh/2MRfWz6sYPQl/wCYPtf+l8P+xiL62fUApSlAKUpQClKUApSlAKUpQClKUApSlAKUpQClKUApSlAKUpQClKUApSlAKUpQClKUApSlAKUpQClKUApSlAKUpQClKUApSlAKUpQClKUApSlAKUpQClKUApSlAKUpQCsofTI/xR7d/S+hr9SperV5WUPpkf4o9u/pfQ1+pUvUBP8A6N9+JL0H/N8//wBt0n1d7VIXRvvxJeg/5vn/APtuk+rvaAUpSgFYA+fT+lNcK/8Aw5P+opMlb/K8+PpELsarC6Tjw+Pp9OZvstkstv8AH67Hi8XYspzcarTarc5A5sWHC5nM4VgyTSEFvoSQTOKiysqhwqnJacVMnjxkAsAKLiB6DlKgB5WLiy9JZoB7ZGuvxGp5WLiy9JZoB7ZGuvxGoCf9KgB5WLiy9JZoB7ZGuvxGp5WLiy9JZoB7ZGuvxGoCf9KgB5WLiy9JZoB7ZGuvxGp5WLiy9JZoB7ZGuvxGoCf9KgB5WLiy9JZoB7ZGuvxGp5WLiy9JZoB7ZGuvxGoCf9KgB5WLiy9JZoB7ZGuvxGp5WLiy9JZoB7ZGuvxGoCf9KgB5WLiy9JZoB7ZGuvxGp5WLiy9JZoB7ZGuvxGoCf9KgB5WLiy9JZoB7ZGuvxGp5WLiy9JZoB7ZGuvxGoCf9KgB5WLiy9JZoB7ZGuvxGp5WLiy9JZoB7ZGuvxGoCf9KgB5WLiy9JZoB7ZGuvxGp5WLiy9JZoB7ZGuvxGoCf9KgB5WLiy9JZoB7ZGuvxGp5WLiy9JZoB7ZGuvxGoCf9KgB5WLiy9JZoB7ZGuvxGp5WLiy9JZoB7ZGuvxGoCf9KgB5WLiy9JZoB7ZGuvxGp5WLiy9JZoB7ZGuvxGoCf9KgB5WLiy9JZoB7ZGuvxGp5WLiy9JZoB7ZGuvxGoCf9KgB5WLiy9JZoB7ZGuvxGp5WLiy9JZoB7ZGuvxGoCf9KgB5WLiy9JZoB7ZGuvxGp5WLiy9JZoB7ZGuvxGoCf9KgB5WLiy9JZoB7ZGuvxGp5WLiy9JZoB7ZGuvxGoCf9KgB5WLiy9JZoB7ZGuvxGp5WLiy9JZoB7ZGuvxGoCf9KgB5WLiy9JZoB7ZGuvxGp5WLiy9JZoB7ZGuvxGoCf9KgB5WLiy9JZoB7ZGuvxGp5WLiy9JZoB7ZGuvxGoCf9KgB5WLiy9JZoB7ZGuvxGp5WLiy9JZoB7ZGuvxGoCf9Z5eVDjb3y2I5CNCN9NI3HqMVcGmTYkQkK1NqHTMiEjOJdemZomX7mTiSNncdOpJdJUjuYwmTib5wNRDK2wBMlu7dmxvysXFl6SzQD2yNdfiNTysXFl6SzQD2yNdfiNQFccpwd0kbZRsKcTO3Zfi/0zYzuKGER1SxqY29oJQnZMQ1IG5RVxZ1plItJtI6iMSFMBlFVLPt9yJY+QZ5EdCQoAlzpex/jt46oM4ztUUPViAsFQ+mgmll0Ph+ujMvm7JQkxyEyhRffbpEIghFATJosmpKOlppEDvZFbSKipAeZ0UkKfOfDysXFl6SzQD2yNdfiNTysXFl6SzQD2yNdfiNTMzVR4TTjPakW+Bjjmm3i50PC1en90xW73/hMkiSHdXh5bdrgZ90V3Fm2CmlbKD1Y8fLXhQDJHNXPAXb9igWIgFwDpm+QlgvyecHjXnPkti/UpkwU64naarA24kdbCO8xLS68EJPUmY0W87UlSTG2KzmI/DJxzjmV4nmRJKhRHShQAzORhaLCYBBjS68rFxZeks0A9sjXX4jU8rFxZeks0A9sjXX4jUWPHCMVVf0iekRE4Qn/SoAeVi4svSWaAe2Rrr8RqeVi4svSWaAe2Rrr8RqEJ/wBKgB5WLiy9JZoB7ZGuvxGp5WLiy9JZoB7ZGuvxGoCf9KgB5WLiy9JZoB7ZGuvxGr/QLlc4tx8r4A8k+gg2eIYw18AtxddxMrBFwsxxxb44SLe9gwAAxBhs727UMIPMTO+OGGWVgJ90qAHlYuLL0lmgHtka6/EanlYuLL0lmgHtka6/EagJ/wBKgB5WLiy9JZoB7ZGuvxGp5WLiy9JZoB7ZGuvxGoCf9KgB5WLiy9JZoB7ZGuvxGp5WLiy9JZoB7ZGuvxGoCf8ASoAeVi4svSWaAe2Rrr8RqeVi4svSWaAe2Rrr8RqAn/SoAeVi4svSWaAe2Rrr8RqeVi4svSWaAe2Rrr8RqAn/AEqAHlYuLL0lmgHtka6/EanlYuLL0lmgHtka6/EagJ/0qAHlYuLL0lmgHtka6/EanlYuLL0lmgHtka6/EagJ/wBKgB5WLiy9JZoB7ZGuvxGp5WLiy9JZoB7ZGuvxGoCf9KgB5WLiy9JZoB7ZGuvxGp5WLiy9JZoB7ZGuvxGoCf8ASoAeVi4svSWaAe2Rrr8RqeVi4svSWaAe2Rrr8RqAn/VNHJrx3TVuftZxQznFzoi5BaWiu1Is5S2nP5bdiW4nE081iMVCydHJRusl0piu4rAspVxuUcyu0E3uphPxsr3wFM5lJMeVi4svSWaAe2Rrr8RqeVi4svSWaAe2Rrr8RqAn/VMu7XHZNeyXKBxb7rMZ0RalRXpGanIeVkB2LbsIyA4MJMbqckINo9SkdkLrcVcihkoLmr2cjradgAMsMidz4l8gsZN+Vi4svSWaAe2Rrr8RqeVi4svSWaAe2Rrr8RqA/K5YNddnNudA9hNZdRXtHcczFN7cTI+xecoOB2NpqpbAWnClYykQFU2UzH6vYnHTHwbhZ4AQLeFByDcA4gpsp3LESqm9XNbekk6fa8Q9rFCyZwFJUYwmxURhtUNQy5BhVlRLpRf/ALe5HIaTE9JT1F2OxXFUHO7VYolpwKu5VdVU8SJXvvuGFvPlYuLL0lmgHtka6/EanlYuLL0lmgHtka6/Eagzr6Q6K2R4/JS5NuM8zqjyPLEKtHZRyCGXQfkbUYm/VGJ4xlJqPVwHone8ZJ0vGST5UwCjKFRUh+pDhPJo61msvtHQ1ZGJn0dXI18SpoNz/wC0+uwmiGxu5mgzb1wdCKnR3Luy0QsieVLcKW4rKZFiiwkr7UdBdEh9JWnyjgip72NIKyRsrgGRyeRq5E8tBK9vnlYuLL0lmgHtka6/EanlYuLL0lmgHtka6/EagJLa5QDG+q8DRHrjECWMjxpCrBbcds4kbHxNqOaQ204EgGoLB3EICyiurAwYyuvKdwQs1NZPHj4geIhjLG3dNQA8rFxZeks0A9sjXX4jU8rFxZeks0A9sjXX4jUBDCSOM7YCdeciFeRaX3bEBrVDU6A1hk65RelOF6KUoZy+5kxULLr5ejTUY/T2IklcTb5dQhFSR5CX1P8A9hIwO3SSxzI/ZEu2cLfRHYgLjVcqYUWm45kdTb6+jKAVhyCsiLJIdOVUw6Bl/BGKHyJkcqZCv+AQEXPC/wCC9QY8rFxZeks0A9sjXX4jU8rFxZeks0A9sjXX4jUywyxVfoJxD7g6jcZHJJxsPKT4MebNm5N2mbuk7oTnbIpsw0WxP8XulipqLNZdRixJs0iyevCILxV8GHhJNw1N0vu5URQsRSMFXvGDOL+fYy4CFviuXnfD5vYNS1g2IhQB4pC+9DENYOqW3JJqw21AVwnY/IPbFvkiz0Sw1s1hHgiiWHLn8SCUpBhFxTU3/KxcWXpLNAPbI11+I1PKxcWXpLNAPbI11+I1Af6cW2q8haR8furuqUrLLNcEhwlHeTSdSzHqgtqrLUFLJxLivYdvqLkbrTXDZHvZTAwuIpN1JH7vgNj3t3PHAUSs148Se0GsXKOByE8Wj5gthRxsDlkFvxqdNTnkBjRvKpvwniaMvmODEexjJoCO/FPJRV3MVPKKOlWbD7xVFMA4vNqR3m1MbLvKxcWXpLNAPbI11+I1PKxcWXpLNAPbI11+I1EhKwSEEzTon/SoAeVi4svSWaAe2Rrr8RqeVi4svSWaAe2Rrr8RqAn/AEqAHlYuLL0lmgHtka6/EanlYuLL0lmgHtka6/EagJ/0qAHlYuLL0lmgHtka6/EanlYuLL0lmgHtka6/EagJ/wBKgB5WLiy9JZoB7ZGuvxGp5WLiy9JZoB7ZGuvxGoCf9KgB5WLiy9JZoB7ZGuvxGp5WLiy9JZoB7ZGuvxGoCf8ASoAeVi4svSWaAe2Rrr8RqeVi4svSWaAe2Rrr8RqAn/XnQ8O/9Lh5Bvzxckv7alatr/lYuLL0lmgHtka6/EasFvFRtBrRHfShd5dgJA2IgxiwO7ZW5AFFqTY8ZbYLYiNzJ7zl1TUmeeb0kLbgIs1aJutOEDUG0aTVkyAuks8DSXmaAyxEvF+U7Qi/KdobnOY3TCUeQrje2S09hdeYLYkyYisWgNlck9UcKKxSObIm2NpJVbrqm1Gs9V8riYQmcplE+6e2FS4qsOQAM2KExTB8rL7VqL1+EdZNc4XdZxHUHTEMERFF7lPt4wdNoB5fYEft5qLBxDNKSekqJlHMqKSZGTDB9KTDoxLMAQ0nkx8hCwcd/KxcWXpLNAPbI11+I1PKxcWXpLNAPbI11+I1UpP+s9cycWm7EB76zXyFcUE+6/MV07VpTbLbQav7bNN+qMCyG6WoWyLJciJLrigQZ9N5wXuMfUrFCyZYUs4F52qV104jug02ClivlYuLL0lmgHtka6/EanlYuLL0lmgHtka6/EagKmJz4u+UvlEc0RMjlVnvS1g6dxZJiBK7j1x0Ub81rJ6dl1r4mQ0hEkeRJyLIaojIVwFFUKmQkAgbJd5nRsw0TxjARHSgW38h+l7z3WgAOMIn2pnbTGUGs5Eh6xvMMDvFzt3wevIYQ4RRCkNmN1ytUhJcdnLDYCnmirKRLEFQJJimnHyghMYue+v5WLiy9JZoB7ZGuvxGp5WLiy9JZoB7ZGuvxGpmeux51fZvTEBUtkdJnSmyHHg808PTksAUxR8Nhlpl7UkpaMl7YdwydR+KUNJIxDm7u1/7ZiUJmiTTsa7UERFELWysJKLjE4u2/wAfBWdJJeswOfZvb3bN6lpF2g2Td6Kntgy93ASGWDKSgNBmJZg6nsdjN8w4FoVNQyx86IKOfz7cwWRk9tt5u9seVi4svSWaAe2Rrr8RqeVi4svSWaAe2Rrr8RqZnyMz5J/0qAHlYuLL0lmgHtka6/EanlYuLL0lmgHtka6/EagJ/wBKgB5WLiy9JZoB7ZGuvxGp5WLiy9JZoB7ZGuvxGoCf9KgB5WLiy9JZoB7ZGuvxGp5WLiy9JZoB7ZGuvxGoCf8ASoAeVi4svSWaAe2Rrr8RqeVi4svSWaAe2Rrr8RqAn/SoAeVi4svSWaAe2Rrr8RqeVi4svSWaAe2Rrr8RqAn/AEqAHlYuLL0lmgHtka6/EanlYuLL0lmgHtka6/EagJ/1TRxp8d01abbfcsc/ye6IuXWbvdsqgTJESYw1t2KjmbjYSlGVTZghI5NwslrpSQvZhvlJxBKtlZd6flmXUbZqgeIJbI3JjysXFl6SzQD2yNdfiNTysXFl6SzQD2yNdfiNQEReRLjDnKYtrYF5INBJsYUCb0QG0FSLTgEwN1cccET9DiqYVzt44lom08vGdNAIHV9aEKuBEJKip3ufAxLYJyw32mvoHSjS4wt+tut19bdw+WqZ9W1Js6Xq5t664ap6Xo0q5xR8rZgVMOEZYkR5zKXS3eqrjfU0REV0tHLJpknioIKH3ieRU3F0Jbvsl8rFxZeks0A9sjXX4jU8rFxZeks0A9sjXX4jUH2i+UkRF5EuMOcpi2tgXkg0EmxhQJvRAbQVItOATA3VxxwRP0OKphXO3jiWibTy8Z00AgdX1oQq4EQkqKne58DEtgnLDfaa+gdKNLjC36263X1t3D5apn1bUmzperm3rrhqnpejSrnFHytmBUw4RliRHnMpdLd6quN9TRERXS0csmmSeKggofeJ5FTcXQlu+yXysXFl6SzQD2yNdfiNTysXFl6SzQD2yNdfiNQfaL5SRCfdrjD2XP7zNDlC40ppiSHNui8Y/InNccbDN52LOvOyUZlxyhlGLPw/H3dX2211DuloZXwghETwyiWbDMyJGm6O3Dmbj4hBfGDujN+/MU8inK7M+vD1fGsTYcCBqrrPqShyMDAcYr7sAGJr8mLDjlwMk83M7jRTMIfuBpH7W64QbasCrEybPQ0PGwfysXFl6SzQD2yNdfiNTysXFl6SzQD2yNdfiNQGUPpxX8lXHb+cHY39XIhrb1Ev8lUZfm+Zn6uJtef70xnbzU7Z2NdECGte0Gu+wp5oPmezbtJQdNcbSyba5RYQItBSDTiLsJyr4yIXVRk8+EmjKeBYM8IROBlchciw1sNhcYcq3F4nxrHhA/yRaEEjxJjNIodJG9wteSxsobLICeCYKmi40iYDFzBcbDMIYEXDAQITDIMTHHLG9rAQ/wBruHiX0/cdc5IOLfZhH0/20fqUAjT2wX+zRH3rLsyRL9544DyG2E8TBVarhOWIkxFpzoCetGzp0mCvJBNuPE6uutZ+6uRx0j6XkI9HTzmriL1xbriTjKKvS5BUebTTRJ6YTPl8yZs+1WDNI7ZjnA7YAUUQIm4FBZL3F7nh3yFjhlmJOzysXFl6SzQD2yNdfiNTysXFl6SzQD2yNdfiNTNm0gwxGg1mYr9PcI5eGOEaceKDVmTcXI7JMa7huQk2eToqAgqD/dzsbzkcCmrBsFpuM82GtbFGzKoqSnIbqUk8viUAPqSwZyNKonZWznFg8dkeEVg8ays52IlT5GOretTFY8jgqjkwYLe2E1xaLDLI7nS3IC1/HIgzldxtBQQx3CXZdnOCy3EomQ2zip5+DLS48rFxZeks0A9sjXX4jU8rFxZeks0A9sjXX4jUCQzFI5cUfHFKGiuiEhw1NT4Zcl7ZbCSHPc37Hyq11BdUGk95jmE8fJl1gutrjTbDkNEAGsQaYasMaaSdlZds4ThBK7ibDsPD3Xfh02aiTo/Eo8UbkfUEndiHsz5vb6U80RzSAZhcuckqTFV5oQqg4j8YJr4CKlEs8CArZlo6NigH8RAiYJ8vbE1naf5WLiy9JZoB7ZGuvxGp5WLiy9JZoB7ZGuvxGoDm/Hlry9NS9GdT9ZZGVGutPyCYIjqL3crMk6rKTRUV9ot4mkqRxuH11EbaycRxzJfPMiYU0BHOigXxyMJ5YS9w8ZkVADysXFl6SzQD2yNdfiNTysXFl6SzQD2yNdfiNQE/6VADysXFl6SzQD2yNdfiNTysXFl6SzQD2yNdfiNQE/6VADysXFl6SzQD2yNdfiNTysXFl6SzQD2yNdfiNQE/6VADysXFl6SzQD2yNdfiNTysXFl6SzQD2yNdfiNQE/6VADysXFl6SzQD2yNdfiNTysXFl6SzQD2yNdfiNQE/6VADysXFl6SzQD2yNdfiNTysXFl6SzQD2yNdfiNQE/6VADysXFl6SzQD2yNdfiNTysXFl6SzQD2yNdfiNQEZ+TXjumrc/azihnOLnRFyC0tFdqRZyltOfy27EtxOJp5rEYqFk6OSjdZLpTFdxWBZSrjco5ldoJvdTCfjZXvgKZzKXL1ADysXFl6SzQD2yNdfiNTysXFl6SzQD2yNdfiNQEZN2uOya9kuUDi33WYzoi1KivSM1OQ8rIDsW3YRkBwYSY3U5IQbR6lI7IXW4q5FDJQXNXs5HW07AAZYZE7nxL5BYzf3w0xivkF1OmTUaY8lAmy5dbxdPsvo2JfJeZ7mRFUg5Wa9ELvrHIDNTazqR0lYDKD9goqlyplGUO"
20:09:00.093 [Test worker] DEBUG org.apache.http.wire - http-outgoing-0 >> "3TVE4EJ135WLiy9JZoB7ZGuvxGp5WLiy9JZoB7ZGuvxGoCn1S0I6Qg4tXBOPZd3W0BA14Nsa0Hqm3KaxNgBd01OELpPiwYTzLKMXAiOzxPNHtm4ecILxDcA5ATM5424uzIZ3Dzol7hH1fkviebPE+kKbgaEdR02EMSLpVDKklR6tOYUBZUHbaZTRDERLTlRZc7yXHQpvVGJjopVVSHi50FGOtzE2QPpsmvKxcWXpLNAPbI11+I1PKxcWXpLNAPbI11+I1B/njYqDlTQbn/ANp9dhNENjdzNBm3rg6EVOjuXdlohZE8qW4UtxWUyLFFhJX2o6C6JD6StPlHBFT3saQVkjZXAMjk8jVyJ5aCV7VJ7gGN9V+I7YPXGIEsZHjSFdA5yjtnEjY+JtRzSG3A7vIYKCwexCAsorqwMGMrryncELNTWTx4+IHgIYytblHlYuLL0lmgHtka6/Eaos7z8oPGi7tJtxGo1ORDRhzulz6s7Bt5tNpvbbQEtL7hX1qJXcmo6Gho6bIBlRVlhWUTJYgmJhAsYOnzpgAqVAFHFDDyApm6Ev8AzB9r/wBL4f8AYxF9bPqwVdEE3S051o0m2Zamx22WtGv7pXtphnChNqbZ3i2KV9aQLxLHKbZcSUd9upBUVFHuokTpCymTLDErnSZorYfu5cUPDWt5WLiy9JZoB7ZGuvxGoCf9KgB5WLiy9JZoB7ZGuvxGp5WLiy9JZoB7ZGuvxGoCf9KgB5WLiy9JZoB7ZGuvxGp5WLiy9JZoB7ZGuvxGoCf9KgB5WLiy9JZoB7ZGuvxGp5WLiy9JZoB7ZGuvxGoCf9KgB5WLiy9JZoB7ZGuvxGp5WLiy9JZoB7ZGuvxGoCf9KgB5WLiy9JZoB7ZGuvxGp5WLiy9JZoB7ZGuvxGoCf9KgB5WLiy9JZoB7ZGuvxGp5WLiy9JZoB7ZGuvxGoCf9KgB5WLiy9JZoB7ZGuvxGp5WLiy9JZoB7ZGuvxGoCf9KgB5WLiy9JZoB7ZGuvxGp5WLiy9JZoB7ZGuvxGoCf9KgB5WLiy9JZoB7ZGuvxGp5WLiy9JZoB7ZGuvxGoCf9KgB5WLiy9JZoB7ZGuvxGp5WLiy9JZoB7ZGuvxGoCf9KgB5WLiy9JZoB7ZGuvxGp5WLiy9JZoB7ZGuvxGoCf9KgB5WLiy9JZoB7ZGuvxGp5WLiy9JZoB7ZGuvxGoCf9KgB5WLiy9JZoB7ZGuvxGp5WLiy9JZoB7ZGuvxGoCf9KgB5WLiy9JZoB7ZGuvxGp5WLiy9JZoB7ZGuvxGoCf9KgB5WLiy9JZoB7ZGuvxGp5WLiy9JZoB7ZGuvxGoCf9KgB5WLiy9JZoB7ZGuvxGp5WLiy9JZoB7ZGuvxGoCf9KgB5WLiy9JZoB7ZGuvxGp5WLiy9JZoB7ZGuvxGoCf9KgB5WLiy9JZoB7ZGuvxGp5WLiy9JZoB7ZGuvxGoCf9KgB5WLiy9JZoB7ZGuvxGp5WLiy9JZoB7ZGuvxGoCf9KgB5WLiy9JZoB7ZGuvxGp5WLiy9JZoB7ZGuvxGoCf9KgB5WLiy9JZoB7ZGuvxGp5WLiy9JZoB7ZGuvxGoCf9KgB5WLiy9JZoB7ZGuvxGp5WLiy9JZoB7ZGuvxGoCf9KgB5WLiy9JZoB7ZGuvxGp5WLiy9JZoB7ZGuvxGoCf9KgB5WLiy9JZoB7ZGuvxGp5WLiy9JZoB7ZGuvxGoCf9KgB5WLiy9JZoB7ZGuvxGp5WLiy9JZoB7ZGuvxGoCf9KgB5WLiy9JZoB7ZGuvxGp5WLiy9JZoB7ZGuvxGoCf9KgB5WLiy9JZoB7ZGuvxGp5WLiy9JZoB7ZGuvxGoCf9KgB5WLiy9JZoB7ZGuvxGp5WLiy9JZoB7ZGuvxGoCf9KgB5WLiy9JZoB7ZGuvxGp5WLiy9JZoB7ZGuvxGoCf9ZQ+mR/ij27+l9DX6lS9V3vlYuLL0lmgHtka6/EaszfSvt6NJNi+L1Bj/XzcXVedn4DtNE7hGZMN7CRJJ7uCQE1oykWUVwRtsl3LizgjkDKgQLnVPIlYkVHPEwhxwxDIOOYF03RvvxJeg/5vn/+26T6u9rL3wDcivH1DfEDpNGcvb16cRVI7UYz3KOiP5I2dhNjPdtmzcwyKplSq+1HO90teRzBlNPElAuCokCwgxE4VNh45FzAQmdwvlYuLL0lmgHtka6/EagJ/wBKgB5WLiy9JZoB7ZGuvxGpQE/686PpPMKNXZTpDvGPro+lBwJLJn6H9L4UeKo0zScRdSa1ZU3gn5iuFQbJ5YSl5IJuAmkLpwwjGlRDWU4uohlhjyUolsBSY3ouVgD59P6U1wr/APDk/wCopMlAT/6lTxZfT5v/AOtPXX91WnUqeLL6fN//AFp66/uq1r9pQGQLqVPFl9Pm/wD609df3VadSp4svp83/wDWnrr+6rWv2lAZAupU8WX0+b/+tPXX91WnUqeLL6fN/wD1p66/uq1r9r8tcNqSeiLB9GSMnAsEktQNpSDgeKpma2pFigwxFIwUj17Ek/JSNYBE8Txy9ipS41jBi9gg86AyLdSp4svp83/9aeuv7qtOpU8WX0+b/wDrT11/dVqT8L8XPJdtm2H7O3IvyWbwar7HPF6OwxG8CaHbDo8ba7wSyCKgKAxktSbzaRltMlswMGXCPnjC6shqh1vjlk1wKhl0CqSwD8OIPlPmJc47d/JK3gdRSYHlxcyrsXGjxmhvECCJnO7Lgln3d6cs5gpwFkvN5KdiyggBGiJG3hciK1VI/gor6irHjwl4eb5sRj6lTxZfT5v/AOtPXX91WnUqeLL6fN//AFp66/uq1+poHqNyA8turuPIZtDyh7x6syFsabdru1nhPT+ULxFBMJx2RXVNFYI71jconi4y0Cqio+KxgUWV1PVFZkmk+606DTmWTqmlz34G97tjtmGPtlqhusqJjm3G46dgFLX6Wn6kJ5VMLye1xjjlIMCRDhQgSTE3wmsnGQ9ky55MTSRNeRUNCcwoV1JcUcri5nBXp1Kniy+nzf8A9aeuv7qtOpU8WX0+b/8ArT11/dVqxTpL0wy3A/D1sbJsHSlI0MyShuuBSyLIMUPdzR2+EcusTmwEhXAS3Y0FNHXk8FVSjpxMUgih8HA8nmzJI1iKWHFCztMhiUEBo6cQ9MEyP9Nb7fRtc40fUjyXIrmAIJpAthHKEruN2PB2OE4GCFjfPIyoqyyrnu2FFzFMmjGYgmWeTVr8N9jVr8N9mZ/qVPFl9Pm//rT11/dVp1Kniy+nzf8A9aeuv7qtW7IHPvxGuNfbaET3BSE0q8XDk1Gs+3bEewDFhteXsDIhTIkmzs9Yob8LmcMTAI+FzuD97wtYAcTvruQIueE3Npt29X9KkeK3Bs1KIMZIs1yo3ITjJRzab7dxdySY7Sp86329nkw2u6ckME+USzw+TgceKQ2SWAF7n1krcQKwgZ7kZrepU8WX0+b/APrT11/dVp1Kniy+nzf/ANaeuv7qtW5PbpAvDZH0plobcu/MPeOZhWwRMjjdJP56x0QUsjGRXMBZmRls5wRAghFh8M8TxtbfSeST8cchDxguFa+dd8cmKhvyr6kqyRxgEGGp7ISKutptochu9yNVPb8Wx8uFzxxyywi4OaxpBdS4nEyxBNbSXmVVAO+nAE4rpquXRc0w8GZ4KFepU8WX0+b/APrT11/dVp1Kniy+nzf/ANaeuv7qtf78kWoO4vE7pI6+Q2CuXnkAlmdddDkZOSS2NtXMJSV9ZZsJuuRWgxXS3E6FFZHATo8LHjzssZbhNJW1U+USi924TUwl86ReSXbbtc6uRDcnju1tdXHItMbX6YNqW3Az6kmQ3ypY5LsEQzKDCIvJ8mI5InkVRKrcjphhYS0NPzPhJ4xVLwXTaUcSnNkiKyWn++94/cAiv8vDR+uYFRfUqeLL6fN//Wnrr+6rTqVPFl9Pm/8A609df3Va/G5FY+2k4OwNLtqIH5Kt89qR5F24ivXeZ9cNz5sAntnTQ3JBS3OsrRmOUFSQE41HK6BdrmU0r4s2MmE+y8jGCaoTyRjBRzbFqZmfI8ZmvyiomQLqVPFl9Pm//rT11/dVp1Kniy+nzf8A9aeuv7qta/aUBkC6lTxZfT5v/wCtPXX91WnUqeLL6fN//Wnrr+6rWv2lAZAupU8WX0+b/wDrT11/dVp1Kniy+nzf/wBaeuv7qta/aUBkC6lTxZfT5v8A+tPXX91WnUqeLL6fN/8A1p66/uq1r9pQGQLqVPFl9Pm//rT11/dVp1Kniy+nzf8A9aeuv7qta/aUBkC6lTxZfT5v/wCtPXX91WnUqeLL6fN//Wnrr+6rWv2lAZAupU8WX0+b/wDrT11/dVp1Kniy+nzf/wBaeuv7qta/aUBkC6lTxZfT5v8A+tPXX91WnUqeLL6fN/8A1p66/uq1r9pQGQLqVPFl9Pm//rT11/dVp1Kniy+nzf8A9aeuv7qta/aUBkC6lTxZfT5v/wCtPXX91WnUqeLL6fN//Wnrr+6rWv2lAZAupU8WX0+b/wDrT11/dVp1Kniy+nzf/wBaeuv7qta/aUBkC6lTxZfT5v8A+tPXX91WnUqeLL6fN/8A1p66/uq1r9pQGQLqVPFl9Pm//rT11/dVp1Kniy+nzf8A9aeuv7qta/aUBkC6lTxZfT5v/wCtPXX91WnUqeLL6fN//Wnrr+6rWv2lAZAupU8WX0+b/wDrT11/dVp1Kniy+nzf/wBaeuv7qta/aUBkC6lTxZfT5v8A+tPXX91WvuEehbcW6ePmODPW/eWYhNRJXsLKWu+WNglNPNJo+VrYasYX7pgAbEzBve98cRccMs8BMLZB5a8aUBkC6lTxZfT5v/609df3VadSp4svp83/APWnrr+6rWv2lAZAupU8WX0+b/8ArT11/dVp1Kniy+nzf/1p66/uq1r9pQGQLqVPFl9Pm/8A609df3VadSp4svp83/8AWnrr+6rWv2lAZAupU8WX0+b/APrT11/dVp1Kniy+nzf/ANaeuv7qta/aUBkC6lTxZfT5v/609df3VadSp4svp83/APWnrr+6rWv2lAZAupU8WX0+b/8ArT11/dVp1Kniy+nzf/1p66/uq1r9pQGQLqVPFl9Pm/8A609df3VadSp4svp83/8AWnrr+6rWv2lAZAupU8WX0+b/APrT11/dVp1Kniy+nzf/ANaeuv7qta/aUBkC6lTxZfT5v/609df3VadSp4svp83/APWnrr+6rWv2lAZAupU8WX0+b/8ArT11/dVp1Kniy+nzf/1p66/uq1r9pQGQLqVPFl9Pm/8A609df3VadSp4svp83/8AWnrr+6rWv2lAZAupU8WX0+b/APrT11/dVp1Kniy+nzf/ANaeuv7qta/aUBkC6lTxZfT5v/609df3VadSp4svp83/APWnrr+6rWv2lAZAupU8WX0+b/8ArT11/dVp1Kniy+nzf/1p66/uq1r9pQGQLqVPFl9Pm/8A609df3VadSp4svp83/8AWnrr+6rWv2lAZAupU8WX0+b/APrT11/dVp1Kniy+nzf/ANaeuv7qtWIcz/JHsJre8NUdDNCklrLG/G+jyONeOHI8yOCw0oKjtKMFiromNxIYxQ+WVRU+w6gdRgVFMWEMklNJ7OFYRl3Fvk2y4PyEfhEndTaga3JvNzy4LGwZorgeU3xHWxBGM4TLujEPt+3RNcSLYVGwWaNjfY7u2jjgNjmyuOQIKsm2F7AT3mQ0nEe3tD3r4TyQG6lTxZfT5v8A+tPXX91WnUqeLL6fN/8A1p66/uq1L/jS3z2/izf2YeGvkqeDfl2cWPH4cz6rbXIjaJMfPZaFP4GWZd2NRMDCSyr8Rk7FQGFOJQPcxTLMkJIWVBdUG4TdruhY/mXNG7fSVty9LnJvZyCQBr7GukMfTi0mRqjtpI8IpSc+CoGsTbMZhIicYV2qXTVYGTXOqLIJFvEzyiuZlFEZQ7fA0GbXFz9TqVPFl9Pm/wD609df3VadSp4svp83/wDWnrr+6rVscc8MiPHMhMOQg+T3maewjDebXeeDMkbkIfLtj13ZtdbIreLYfjVMtoAs5mYv5EbJTob5gYEBaRDZ5NFFDDM5Z2rB5Uxpsm7pBfGjowibgbl62wHPWrMvOGRUfVDY9/wUoqa+w21s0/EVcti3DwzdGWBVKPW2lKCmqNxTOmG8XzTAhy/alRyoHGupU8WX0+b/APrT11/dVp1Kniy+nzf/ANaeuv7qtWYeQxRPSyc5v/3SmQPdWrxioFipYuWsKOPYuACBYc0LccyNYEPEOwpgbLsZDDidr24wuVrXEEvlnf8ADegMhPUqeLL6fN//AFp66/uq06lTxZfT5v8A+tPXX91WtftKAyBdSp4svp83/wDWnrr+6rTqVPFl9Pm//rT11/dVrX7SgMgXUqeLL6fN/wD1p66/uq06lTxZfT5v/wCtPXX91WtftKAyBdSp4svp83/9aeuv7qtOpU8WX0+b/wDrT11/dVrX7SgMgXUqeLL6fN//AFp66/uq06lTxZfT5v8A+tPXX91WtftKAyBdSp4svp83/wDWnrr+6rWUTQrh91o2k5zdpOMuQHxOaPA8Iv3bdrNR2s5zMFPlxQT4EkI802eM4V5bjJws02cUk4sGO5RE1hJIBw7fMRLLo4F8S2PrcV50PDv/AEuHkG/PFyS/tqVqi/KcqhF+U5VC2HqVPFl9Pm//AK09df3VadSp4svp83/9aeuv7qtaEuSne1gcbWmMz7eSCljOUtHCORKNJklTuCedfsiOlUKNtjNAA7kCZyIFVNwKJQZeVQiZ8VCbJRbXsU89ZLyKC01al6IcmnIjGTX2y5HeSjb3WMeZkYhIMaah8fz5K6toMQMRzFcFZppD8eieirzzdC8YRT5c8eQlo0bcLdGELkF55rB8E2lplLDdvC+5Nz2h0F1Kniy+nzf/ANaeuv7qtOpU8WX0+b/+tPXX91WrE4o1R5XdHdsooR4Y2od/IHx8yAIZTpoa+80ioqhsnr4KCMTwweUfTcntYq4JSxNAGRTJJpL6TmQEDRTaAe8EH1wq/wBOp56THKO9RDe3WiJtM9qNj4GUsNHtk9hRmhC0vyGw0B9K2uxJ9y8rgL7UaLiSUl1KygyGAtIyWEpp6iMcM5p6XkCbKC5kRgO8+pU8WX0+b/8ArT11/dVp1Kniy+nzf/1p66/uq1pO0U2hQN1NOdbNqm53oEUnGIme+FNPI590LoDtOJgRV9tS2fdBe2GaL2JuBsGf40XsGUga1hM7W7a+IXkU323KlzmAKSNBW1ewsWaewTybaScbZCNYxmORmRGEuPDBQdbs2ONOdqNByJrScx1HdaKcZ7gFWSJ8ZfZjhaSeczMJxHAiTDFzX/SyzqVPFl9Pm/8A609df3VadSp4svp83/8AWnrr+6rXPeZdTmuTOZ3iR03ae2e3etcNbGMacQZSK6q7CPyDFpcHa6cuuJGUhRmweuim1UqZRCpIM8soSsMEmDGyhe4HdrCBygl/hZ2TYjFcr20z5luVltz22URSWWCnbMbRY7Jwk4nCmExTyYgPRhvpoly+KctnS4CWZWczaiTRi5oZQMtlwBgZJphmOCEXUqeLL6fN/wD1p66/uq06lTxZfT5v/wCtPXX91WrZuBjkTkHk5464+2Il9JSE2YEJ4PKIpQOt0jZKbzodDGFTTJd3JKRjmIEk2cLZX28eWE0rlinFHHktBpJckk2Iki1y9M9jPZkC6lTxZfT5v/609df3VadSp4svp83/APWnrr+6rWv2lAZAupU8WX0+b/8ArT11/dVp1Kniy+nzf/1p66/uq1r9pQGQLqVPFl9Pm/8A609df3VadSp4svp83/8AWnrr+6rWv2lAZAupU8WX0+b/APrT11/dVp1Kniy+nzf/ANaeuv7qta/aUBkC6lTxZfT5v/609df3VadSp4svp83/APWnrr+6rWv2lAZAupU8WX0+b/8ArT11/dVp1Kniy+nzf/1p66/uq1K/lc2m2ymjkR0/4atJ5kWta16bGCt7D7XbJMwmWOSHHUCIZtylCDej5RMh54tdyOIwyHCXyVyVwVqy0tR2XCUkhvnXDZUirupfbTo/0n6nbWNne7b3cbQmT5vauv8At5FO7soYz47mKE9Sp82nSvHD/NIaQsN0FOSkJxqmKSSBSk8F0pCMhqRxYRHnZOQQ9Taeaw/w/wAupU8WX0+b/wDrT11/dV"
20:09:00.093 [Test worker] DEBUG org.apache.http.wire - http-outgoing-0 >> "p1Kniy+nzf/wBaeuv7qtSO5A9iNtN0eWaLeG7UPYB8apRoyILE2a3k2Dh/MonzcVZ504VJN6No2c50oZyZJw3Zfj+9nMlZBn7qEikz5jA6ks1Qbjq6Wm9f2x4J93dGlE7uptBuTxzbqzCl6zSy3Nz5CwmmT4LlV0CFC7PfbWl04jpi7ghCBnFBxCt4EpiUEQWe8ktRJKqofaqygBN6XovSuca6lTxZfT5v/wCtPXX91WnUqeLL6fN//Wnrr+6rUjuQPYjbTdDlmi7hu1E2AfGqMaMeDBNmt5Ng4gzKJ03lWgdOFSTejaNnOdKGcmSdN2X2BfxmSsg1C6hIpM+YwOpTNUG46ulpvX9seCfd3RpRO7qbQbk8c26swpes0stzc+QsJpk+C5VdAhQuz321pdOI6Yu4IQgZxQcQreBKYlBEFnvJLUSSqqH2qsoATel6L0rnGupU8WX0+b/+tPXX91WnUqeLL6fN/wD1p66/uq13jtDNW2fJVzCvbiu1z2XlbTzVXTiH2zKO4sya8qoDUnaQX2/E5uq7WjJiyZmRPmmOECkvRAxAGSwO5YGUiRTa/gumkxsI5HiOb+2z4YOUrSvW+Qtu9gdzePfkeWlmHmWf2zd+ErTnBGw5I0hpreKF5YETE9YXkNyuN3slLTiKpcknGUJwub/uYZbYxZeWA2WDL/ie8gpln6Rtwc6ncQjK1UcmtchbEPc9ObplhEdoU4uyNnKUTijESWIfSBG6GwoljMYoYMjOc/ipZqY6uGMGCTsVCJ5BjZmNFjH6GJxeOZlM9yH5433BPOBrN9bOhFJQ15DKBG1VJKHzAZUMbVowNgXwGMZ4g4CjjCYh2xsIKJla+eUaunFfyVcdv5wdjf1ciGtvUS/yVRl+b5mfq4m0BlD6lTxZfT5v/wCtPXX91WnUqeLL6fN//Wnrr+6rXYY21u/HNNvNslrNoxsIp6Pce2lj2GiuctpI+byQuzxPsqEjqgnK7RiZdXQDBFnohdQQ1bJKXW0OVNpreLprxcKgvgvdvMYlJmV+ITdOEmErSZx/8u/I24NmGeQzWmwx93tgEfZiAJbOpgeRoVjuxnu9jpyazBXZYPNJLO1FtgVbwpvE1dKx7kEoJ61Kd7C1KTumnerRIR9Sp4svp83/APWnrr+6rTqVPFl9Pm//AK09df3Vasj5Lpk3KZPA5sxMEthldZNzG3r+WUHUc1ulNyXKMp8F3q3U0dbjaRUcREc6KCsp+ff+JIupGzjdxVDbbu5XMCRuvqsGujO7WbFKhjZfSLcGbZSnWWWk0Nbt0YXkSan26ZEfbo152whJgvMFGKOZ3rC0rHUKNFRTbJY6H35kUIOZ+K5AvYHuGZEkBwHqVPFl9Pm//rT11/dVp1Kniy+nzf8A9aeuv7qtTL6RNslNjWjLUTSDVaV37Dex++GyaC1S0jRW619lyBHsERJiUfE0vtEcjRUE10pIaJYwz7LXgw4W8LM8V2pQ4hgsMZImq99QdpNmnN0SicdkHJsXOzg2ISY82bOpU9LcuyAqzQmHECal5KQjafKR9wmHwSNIqWCCmpJgsuhCpxAIMmTzBL4Yh2A571Kniy+nzf8A9aeuv7qtOpU8WX0+b/8ArT11/dVrtjjx4rXRthoTqZsg/wDlq5sUGTJygKOZMdQjP5D30A3E9zOxuE1VRxQkJzNpzhhJQRsxnYqRVDKtniBbEMYyNl2RL/raVbJbtaR8yY3DztVsovbsQ5MWuB3YvWGbpHREVPnJmE0sd1XMNORl5DDDs6y4nydyMmm1BcEUlQ0dTmmupJhvpiwoNcozlE+XsijeEvtE+eFo/SPUqeLL6fN//Wnrr+6rTqVPFl9Pm/8A609df3Va1+0oDIF1Kniy+nzf/wBaeuv7qtOpU8WX0+b/APrT11/dVrX7SgMgXUqeLL6fN/8A1p66/uq06lTxZfT5v/609df3Va1+0oDIF1Kniy+nzf8A9aeuv7qtOpU8WX0+b/8ArT11/dVrX7SgMgXUqeLL6fN//Wnrr+6rTqVPFl9Pm/8A609df3Va1+0oDIF1Kniy+nzf/wBaeuv7qtOpU8WX0+b/APrT11/dVrX7XTmwy3NDcg2V1vXNlIEiT0QYjiEh9mOxbLNxqLsiCJ4wLVAdCybNkQybbLq4pU8u9zOkzZlKKmyhEyAdHLi4hmOZZepU8WX0+b/+tPXX91WnUqeLL6fN/wD1p66/uq13cR4ouRNV1Lceyex3MLv/ABtyEhx87ZaVW7G08ICBpbGr0TUtUcSRHZ+B2828WM42WiAglkd2Kicqkk5QHCMqaQXDTAMCZ+S3G7vVvDyFcH7f2Xi1EjU3vqvs2R44a6q97YNSLHDKLIfCrHxKU1Umnpp4kVL5pBQJ7K7cIpQCAdeBFSbZAolIBkvgUDxjIvCunjZlK++pU8WX0+b/APrT11/dVp1Kniy+nzf/ANaeuv7qtf47d6J756P8bsh8gbu5j9+RN8IRjNHmqRG8tTikOHSxTfeR1FFcsRN7XlSaRdmDNwU2fGZzMPCY4l1hduRUxGuWTlUNqELzWduY63Rw8pe/r5SS7Je6jx5D7UOdNIYmCSejuYPX0xJqiIiYGhBjZdIFUghDiBgYGHN4po5HEUUYfts83eZFnjsoSaIrRra2+rP7ajjqVPFl9Pm//rT11/dVp1Kniy+nzf8A9aeuv7qtcl4yuJuVtsdBdVdmJ45e+btBlSdImRZPciTHvIS70JmEyzuMHVZsYISU4mg7FkqWEaRhCGGuecKlmOcEMmQxAQBgiwE3ubTcGauLvjYh9oavO9xunYuU5GgzSKFpgmVWBkZ7k3CttRZwNTBIi44iBgm+JBPILAUBFJxOBNNFj78cwDpVkdUKgHEo0BX51Kniy+nzf/1p66/uq10RtL0PnjRhHWTYyaGpOO86g6YhgiXZQbRBwyXARtAPL7Aj9wutHJrhVN1lSVEyjmVFJLAqZcgqph0YlmOGVUCY+QZkOZu1vG3vZo3pvJe58C8wPIVK+2mtMZLU8v1rT5LRSTNVpgT43RhnpKbSS9fFxCFTmWmKbfSV27MKlVxaPEsgyyMKOMZOl1lJsrN7WpW8fBvJm2aSlgIVpy47JyeSy3yoopgo23flCT4Sn02iRoe/dzZFuvRNXkUkcHtiMcKkATIuAYguWGLNP9yM0d1Vk20dd/uaPh36O9wCac8tusk3TRsdJWy7KdMbTuJF6EQhJ4xa3EA2gYR+zXXY4rFX3DUkqI6x4RcJ0G5gmqkCXeQRUOyfYfAUyPoH6lTxZfT5v/609df3Va6+6Ev/ADB9r/0vh/2MRfWz6gMgXUqeLL6fN/8A1p66/uq06lTxZfT5v/609df3Va1+0oDIF1Kniy+nzf8A9aeuv7qtOpU8WX0+b/8ArT11/dVrX7SgMgXUqeLL6fN//Wnrr+6rTqVPFl9Pm/8A609df3Va1+0oDIF1Kniy+nzf/wBaeuv7qtOpU8WX0+b/APrT11/dVrX7SgMgXUqeLL6fN/8A1p66/uq06lTxZfT5v/609df3Va1+0oDIF1Kniy+nzf8A9aeuv7qtOpU8WX0+b/8ArT11/dVrX7SgMgXUqeLL6fN//Wnrr+6rTqVPFl9Pm/8A609df3Va1+0oDIF1Kniy+nzf/wBaeuv7qtOpU8WX0+b/APrT11/dVrX7SgMgXUqeLL6fN/8A1p66/uq06lTxZfT5v/609df3Va1+0oDIF1Kniy+nzf8A9aeuv7qtOpU8WX0+b/8ArT11/dVrX7SgMgXUqeLL6fN//Wnrr+6rTqVPFl9Pm/8A609df3Va1+0oDIF1Kniy+nzf/wBaeuv7qtOpU8WX0+b/APrT11/dVrX7SgMgXUqeLL6fN/8A1p66/uq06lTxZfT5v/609df3Va1+0oDIF1Kniy+nzf8A9aeuv7qtOpU8WX0+b/8ArT11/dVrX7SgMgXUqeLL6fN//Wnrr+6rTqVPFl9Pm/8A609df3Va1+0oDIF1Kniy+nzf/wBaeuv7qtOpU8WX0+b/APrT11/dVrX7SgMgXUqeLL6fN/8A1p66/uq06lTxZfT5v/609df3Va1+0oDIF1Kniy+nzf8A9aeuv7qtOpU8WX0+b/8ArT11/dVrX7SgMgXUqeLL6fN//Wnrr+6rTqVPFl9Pm/8A609df3Va1+0oDIF1Kniy+nzf/wBaeuv7qtOpU8WX0+b/APrT11/dVrX7SgMgXUqeLL6fN/8A1p66/uq06lTxZfT5v/609df3Va1+0oDIF1Kniy+nzf8A9aeuv7qtOpU8WX0+b/8ArT11/dVrX7SgMgXUqeLL6fN//Wnrr+6rTqVPFl9Pm/8A609df3Va1+0oDIF1Kniy+nzf/wBaeuv7qtOpU8WX0+b/APrT11/dVrX7SgMgXUqeLL6fN/8A1p66/uq06lTxZfT5v/609df3Va1+0oDIF1Kniy+nzf8A9aeuv7qtOpU8WX0+b/8ArT11/dVrX7SgMgXUqeLL6fN//Wnrr+6rTqVPFl9Pm/8A609df3Va1+0oDIF1Kniy+nzf/wBaeuv7qtOpU8WX0+b/APrT11/dVrX7SgMgXUqeLL6fN/8A1p66/uq06lTxZfT5v/609df3Va1+0oDIF1Kniy+nzf8A9aeuv7qtUk8+3RztJOK/RlK2a18lLah4vw9O7Ai8ZJmR7xI4WjigOpvPtWUTgZBkwfHizZYBMtghgSMZL+ZIMAY5iOnmBBARC/pZ1lD6ZH+KPbv6X0NfqVL1AVUcS3RY+PrfLju1k23l6Ydx25I80NZ0LboRI3kGE0dkEDaJIrxaJUNATXPr08F4qXETW8SHMYKLkVRMzwpoUMUIvmEWAsW6lTxZfT5v/wCtPXX91WrQOjffiS9B/wA3z/8A23SfV3tAZAupU8WX0+b/APrT11/dVpWv2lAKwB8+n9Ka4V/+HJ/1FJkrf5WAPn0/pTXCv/w5P+opMlAb/KUpQClKUApSuCSkXkM3GUjFYhNNsjLBliO8vGB15DHS7QJyGM31ANlGnWYTEtcUgG2XcmSYKuDJ6KsHQkvA1mUS1AfEMoMBnv375A9rNvdhn9xP8P4ZIOYWuVCRt2N5FYQfCMNMW+vXMkTjRa6qTwGyW56PFwFMkCCk4mlRrKZU8loBa7rRXa44n+vtNxsxjxxdHU3j1P17EWXGIja2y1JUlSCsggguqVHz4JT12S5CcJcqIIXJd8NhsWTE5KBHN4oTPQEZFEPqw6eOqHowceXHX0iTjUhpyw5B6xwkPSz6k13S/I0oTMub5OqW5HfzyGL5KS29XS2WkyU5WFKFCZROTbYIBXIEqBmOZzNqRxRUDl+eqbQ36kGI5fYXKqj6LuI49+/2git/TLCeRGCuxY5WyOjO5HkQOdcsFvNXUxTp4lhggZ4J2SKP2o2WJu972fbxjsjWhKqj1FdUfa8IcrudecJy0hr/ABG8cx5vCgCkANQ4URTGZbLHMOy422amt1zBZXxve1hwXIlKwJrG/wDCwNBjYZ2tljla1UnDPbBf5vOkVO9uXxEaBKYNc2aeMF+07zGeqKUlxMXSts8cuwIdTFdBcQShhhbLIuOZ7BruQg4WInKYC44earjfYLs1O48doNFJE09zcruWYQUt0WtOGE964pD4WDy6pNxsBRUmqkfSCAjKyspLhMd4d6pqs5TBlUFQEVJUDTatJPVviUn7RbRqQot1V29Sk7e+ZptC2ZnTbKVYpLPxuzHKJxbJrDpZrgZZlbsqIsdOYiVGbJhVIK550EM1lzvNPABW18UgUVmsoeH8eX+VdWVIQmzwk3Pz1P0rw8VKcJGyYBgYMIZTfmuxEjhnnjjkZNBzsw1LMEK2V7XEExJJ5wxfDC2WVgi4ud7dphllj2tyCu/QmPOG+I0PkvSH45oFdUa60skKJI1Wn6jSVLUsEmehONkRyzyLAdTLU19eEVWuZXgkVeXiLUDu3clZfzCDSgRwY1z/AMXPK5yjO6EI85TZw0YZOl8PyWhSy7YW0cRp6POTYRxtkMyWTEiQFybipDJpIApFRViHcm8qrQJEqrqA101TXQkBwN+wLmH4zV/kl17ipnRTKaVB85a3TsxdjIGeK4gir7HCe7CJKyeRbjwRCV++MG2fAVcTGJ9OKHziSoJSaLglqidkoJJ4qMtk0jNl0Coy/KRmzyn4ehT/AMs7n3Yl3hW2YbStxwQXp7qUx4JaJpuNSZ9iM3LsM02iwHAzzkeZtaDoqhlcjphOJCCSUYIFCck3gqreDsMQUSpc+AaT7RS5fUknNvC10cBDlCxp2J8uS1xpJMiWOnzwB1zE39qiKTdtjaoRMllME0sgKyh3c+TNlzwYpnMwXMhGLYC4217d6e86G/mo00arzZK/GTA6PIkcKaGoKUEJWyEgqsouAvgAcRWytLsqNtKJwmwlxbKFBHYtNxmTA9SKUGIUbeZc2Jc7b8zabiD2pn7j+4b9Wkd46/I0mceEqaduuZFVUeEi3YrpbOtUWixwu/JkrE4lMr6uuL3cCKkjkHU1maQtiMaAPK5XIuEIaZl9SI0GtGaMyczhB9kY7Y5yNadf434Jdy4jjyHI4YsaxfDac4Y9ZbUaCGiILQXmo7mufRVxCIkiQQZFbBMF75GVoLsKx/vk9c8cMZHjeQ0uOO2YWfGPDroxOE1PdNabIY3HdrO+5GfzqPZBJ6OhIWvbKUVxfWTondRxs8CxcUwNfDEc6eNZdyLgmDZgMITsnk91df8AuroFtLqtFiwz0CQpujE4y2osyAoLSUzE9UMKqWewMOFQbrfdS2UT7BERcchU1uqxiwmQdrFcsb5Z4VMb98Tu9+w/CzplxiwJJ+ujVfMWMXWBhbNrj+e8rocbSC2YAi0ikH2o0FRoRM4XaroK5KqG1nQAMtNxmnREptE8xcCJ0wKRCI3imbJAqcUnonSMmxF75P8AZrpMT/aj6kpMdWsHB3G8gF3VHkeqGBhDnDkCW2gpDliLscuII2JhmxFkMGcwIZhDWDJ4Diht67leGIbxjbXSkJCWgJKYhIacSSEVFTiSQjpKcWCJp6YlppYImnpxAoBjgAVJEigIJYqWBwwCAACwCDxxwxta2fFpNTpOzDaraY7MROj3tlns1vozVajbRivIgRSG+228nFkhDREokDbEIonJSYTKkSJYLGwYBYAILC1scLWqSHIXx1T9yCasaz4Dz+i6yb9a4rsZTg3JZhgJ2q0Hk5/byKjG343izWch0q5V6GVd6p2J5pCugM66UYuitlRWE5axxcDcXAKO+W3V2feMnYBoc1ckS3fkshSH58TjQute1ADqwNamtuVX9hgjOTVYdDfwMZFHE3Fc42my31N0RmaPoCgntNzXDWTpEZQRtmbUcyQ9Gu23i3x8jSC7EBHcyIazCzBzMpC8nFlRNHzBEtbMLIYmaBEyCztbMO+V8Mrdm16zP7H8afMtyfNeP9aeSHYbQaLtPUV8NF6y8m6QN6fVGYZ8wZR3E8Qbi6cmYiltpiED5kINRwMtoweARXBYus5ozgAS01IC03I6QmICSloKKSLpqOiJxJISU4rh3MqQTE0sETIEiwduzYMuVKghAA4Wv/BDDxx/91Ov8h37nsi+eES0faRZIfo0pSgFKUoBSlKAUpSgFKUoBSlKAUpSgFKUoBSlKAUpSgFKUoBSlKAUpSgFKUoBSlKAUpSgFKUoBSlKAUpSgFKUoBSlKAUpSgFKUoBSlKAUpSgFKUoBSlKAUpSgFKUoBSlKAUpSgMlu8Q5ePelk8TEiv/LBPYb/ANNJNiOPl1TysAlBStiU2xKjpRMYXsA5K6r8o7FboIYV8jQ5x2o5W+NsRgOzrSqsvlC4voj5PIiZrQdzwdkNTNCzzLyfrZsfHN7YyDCElEhCI4K2k4WOJmashqBlKRh19vBq6KYPGURCVUpcQXEgoa2nQvR436TIz2phGJPYLiPlEsSKhopHZGRmFs42prOEbB2L5OZbi1jpfyOmXcHh/wBqAAKGirezNY44nyJ4PMXLNk6ZJ6zEdoXptNPDpYhjtYYAkHpdHGkksHLBRW4O0gldcmk8mZWHu22442btUSbqO4e43vkXzEPPdsGAC5u2OIeD8Qjodr5HAezGh2Q9szNnStt7GrqruCpaTyGn8fMcOBZlRKgqLNgzC+zCmGoycox9mzJdCGbaYCqriq3XHk5yONlwlm1A0otlYgtKdr"
20:09:00.094 [Test worker] DEBUG org.apache.http.wire - http-outgoing-0 >> "3ycZfE0maOPebdopxm1xbdb8bRDACzvsy7UQo2Q/AgIxE0UjeMmeTMnizNYCcMlowWRIE3eyiC22yVKp7ebzcbjXQ+HxFxtTkwOeHaXlCWHXE5mAZu03b2vLUaCYuu8aYE96JKjrmcMqjhQDTFJsso18wohcuIB1NkBWVshDyHYREDxMn8kwCSun2r2/8ACclrjq2q5Ql/diPFBiqbfRorVdPNdNfC6A8za+2VFOkHB5xEWBcimMlIaU4m5i2D2V0M7g6xFUzjc+ipl7Z8OW6P5mlLpMvE8xNfdgTmrUvLuoM4eKM7p8YsiZDbF8GM/bRZX+4xvI4YrMcfjO2E9aZwnhnDLwOE4c15O7Cqlkb22X1SVsRxtTlLfOFoFyWtt1xOSgnVaCJci+QmmtrrvLS0sr79YuwbYRzjMQiDFUmcoo5Y/LDdGUjC2/G6dBJkloQqnnBixEupAdt616fcmMWzWy33sFzBuXaWIULxj8boIUNFNWYbKPrwm011GQO7SRHBQJ5tzxYc6givEPwNnj4YFb2CCo9lKVD1r2tUpQClKUApSlAKUpQClKUApSlAK86Hh3/pcPIN+eLkl/bUrV6L1edDw7/0uHkG/PFyS/tqVqiy8/z2hFl5/ntC8HpgzRczi4jCrhQ08woocabWwe+JABCuPiWxaBlLkFhAXUcwL2yDJDvN8tAlcTK/YwNmit8L2G7le2llgvtuSjE7Lk2Jj6QstOQ49bz5jVTxytigqbfdbcKLzPO2yTridqlHE8+njX7yvnfAoJexftr2w7P584QnGGx8QyLBE0tJOfUVyu01ZlPlqKndcSyshLJfIAxgEZLCAnU5RKZ9yPpCwnGCqqiqxUkrJRsookipkLP9AnHLzKcaSOYhDj23A1J2P1CTDykYiuIORNrS6kPiEkdSPmFDJqNeUoBJKZ9zJYJgfMXCyulpbfLXFHxQ2Y38hjApi6/7zlL1J3VJ6UVtNX8Q16X3X5Necrjix1sdW1EScVy9HuwOy0d66l7QQu7XuN4Jak9LKKkZVRCr7FY6MWJlURDVe4GrHFMXFUzTwxEkcqIYFB5tvIWLH+lAcOCWeLFzqar6nbkJqmQNgBGSh9PMxBsFYyTNFxsMwhixjHG2A4WeN8BQ75BiWyDzzxy7Hk/in5DuSB8wQtcrG0mtTUh7XaX23ObO1x0Hi95FyLmkVp4GgUBWdU5z8ZU3uUJlSZ1RTVNHR2jgQWSKsdzL4oSoWS1MjK/YjjzmmW+Znj75Em254vJQpqjDM8x3IjXW1p1lpSWVuUWJKTXb5plohBlKTTUUsmoPdKGWB1x7tw2XJl1AQkRUBgixc2BT7x6bVAcQmsnOBpo/j2GIvFPIkjTTrOlOIbPG7jg/ZRLOvDXFtgBmM7XNYrMiHkbw6aBHFwLrUsFSool8swRB66JW1TWNU+Lbo+BZ84GxZj2H5dtets5uVVO1/DavIE/CKbtJCr/b42MWX0iPfEVsreJrLMxZVQjlxO5Xy7gFdby6cDcrchG9sJbDxRKkeR1Bb5ZkYQ1yFR841t3ozjmeHYonRqy+gF2emN1juZEcjrMl0fFKxMOpxMwFGHZ7I70UDhMVXCCnNy6cdcxb5gcfxSEF+KGgT1O3nhrZd8lpEVnQ3wD8dRvgeCUkBigNFjvEI26RQjIQaQmK9m2hZYBXwMLpLG2NJRS1dFV20VY+IycS8w0eLKsngq2lGRT7zhjbDAc8fCsNqkSh5R2Dwj/YO8akp+OvJOiAwp3SHHZTxex2Pih54lyOLeusZkckMqMPks4puA+NiWRnPGfEqwh0kPZ5juGHHvP3FhqCw3+jKDYd0m6ytzaOVZxSm8tlRkxbDaYMtF2wz00+aTTBkIsokjqYvJ4guBxHcSKpAAHAO8txeN+cdhOW7jR31ZbqilMh/TVAltKk9tuhcd5KSV0w/UFwpaPmw0dKYy011QEsYVi2alk4Xi18wQcB8ioZzPEMMS6+gzMuQa45NCIk409SY11Khw8sL6AyLK6u4Ho48CoTifz5dCiKrup3q5cjjiTI3PHRsCSSlFrjBojdTkZGucUc0/NQNTlpSgFKUoBSlKAUpSgFKUoBSlKAywpd8Gt0vFx+NPagZSPxQgWjbvrLHG5zMjIaDc/4NtlfsiZYhsJ/XExwt21sSp/K9u1Dzyrk/S6VBLA4dnajG7YCrTt2GgRus8nbCwhs+5PGBSXLk04K3ZEGOiN9EXhMQgccxcwAjFrY3x7e9pu8nfGHJG1kuaybr6fzUga5b7aeHlwKLX2826bc8YyRH7pBNFnJEcspqXe64C2DwKkuAlVdGLqZginOl4puSKbML5FXbsVlvjC5IeQDYzWWTOXKZ9PCsAajyEQmVh6saQIszG2fK0vofcs227Jcdc5Ap6zgSRRsRQrISaTWSBlvGlhsg4J13IurZo29FhDbl4v7fUyaygsISZfbz0XV9Y/6HJp9ldKO5MW29c7Yuh0cfGra22MzOQXdTqG0Y51OZzxzI54Z54mAfHImPkYuFnla4wAmWPbBhd0rkvSyrBrWnWjbDS7YGX09OUHW8iyE4K2GaiMo4MSak8Q2SDyvbK+IJhZTU4XPG9uwMrlA8vwDdm05eRLjDnKYtrYF5INBJsYUCb0QG0FSLTgEwN1cccET9DiqYVzt44lom08vGdNAIHV9aEKuBEJKip3ufAxLYJyw32mvoHSjS4wt+tut19bdw+WqZ9W1Js6Xq5t664ap6Xo0q5xR8rZgVMOEZYkR5zKXS3eqrjfU0REV0tHLJpknioIKH3ieRU3F0JbvZlvew+0vFYrVqrGR0NqHjig9LA5XiC9fEFTfej+vLrYljHa4Cmmk3mdqw1nH3he9+yKBi6S+XfFsf4Xdi4l743wBvlb+dLKsGtadaNsNLtgZfT05QdbyLITgrYZqIyjgxJqTxDZIPK9sr4gmFlNThc8b27AyuUDy/AN2bTl5EuMOcpi2tgXkg0EmxhQJvRAbQVItOATA3VxxwRP0OKphXO3jiWibTy8Z00AgdX1oQq4EQkqKne58DEtgnLDfaa+gdKNLjC36263X1t3D5apn1bUmzperm3rrhqnpejSrnFHytmBUw4RliRHnMpdLd6quN9TRERXS0csmmSeKggofeJ5FTcXQlu9mW97D89PFat+HQvEtfBtc/vSD2e5e1BeK4tauPRCLmcsbHRWWK2XEp4mQA73vnkS8HPhi53zx/g4hmiFsu1uJhav70kW2C3PHBExEa+Ob+cnKjEKk2AAu0uesmIToYJRfPhWyyxvgTTTzgbQ6gPlfEuXxyAFMCB4Y2yqY27XGHsuf3maHKFxpTTEkObdF4x+ROa442GbzsWdedkozLjlDKMWfh+Pu6vttrqHdLQyvhBCInhlEs2GZkSNN0duHM3HxCC+MHdGb9+Yp5FOV2Z9eHq+NYmw4EDVXWfUlDkYGA4xX3YAMTX5MWHHLgZJ5uZ3GimYQ/cDSP2t1wg21YFWJk2ehoeJNKNSTfNPBESTxZUWEFgy+IpbRlKSunFfyVcdv5wdjf1ciGtvUS/yVRl+b5mfq4m1iF6cV/JVx2/nB2N/VyIa29RL/ACVRl+b5mfq4m0KZa+iNnSjM1r5BNbnXcIlPUJci8siy4hmr38Plg15mMFmIyksYDZ5HMLGnVFUjJIOIuOINjCCezwyzMCm72uO3XcvMI2X6YVtFmtxxrcEJEelldbMbVObZJJla71IGF805CyYRidCPtMRsWRAEC6MIZOhKgqmIrhncQi2BMTKJ213DxL6fuOuckHFvswj6f7aP1KARp7YL/Zoj71l2ZIl+88cB5DbCeJgqtVwnLESYi050BPWjZ06TBXkgm3HidXXWs/dXI46R9LyEejp5zVxF64t1xJxlFXpcgqPNppok9MJny+ZM2farBmkdsxzgdsAKKIETcCgsl7i9zw75CxwyzEdsjs820f8AwJXREdt4Ozs68TlpWvJHIjKvKF0XLefaqZGZHzDeqohSGxxm/GZdxlmuGnM2RGGVIGggnS4HMrWOmcDWeRzLNUyAvljj3EAG3Ztfg98R9LZP6MlyZE8rpjBnXS/V/jR2pVLWsTTRUaX4FZrlghWXDIONgAyqS+zC+5llRN4h4gp8fIZPMa5YMKxS0o9wjl4Y4Rpx4oNWZNxcjskxruG5CTZ5OioCCoP93OxvORwKasGwWm4zzYa1sUbMqipKchupSTy+JQA+pLBnI0qidlbOcWDx2R4RWDxrKznYiVPkY6t61MVjyOCqOTBgt7YTXFosMsjudLcgLX8ciDOV3G0FBDHcJdl2c4LLcSiZDbOKnn4Mszzp6X/RPzvoumrTmQOaBbLe/nd5ANjjXYVYc4o9Sj+oURmP9qdlsXL7WdaxLy+ndv3QO641ko5JUZumwFgjGBa7TyMZhhWBDMV76Tf0MDYH82e2X7eXFWiTij44pQ0V0QkOGpqfDLkvbLYSQ57m/Y+VWuoLqg0nvMcwnj5MusF1tcabYchogA1iDTDVhjTSTsrLtnCcIJXcTYdh4e678OmzUSdH4lHijcj6gk7sQ9mfN7fSnmiOaQDMLlzklSYqvNCFUHEfjBNfARUolngQFbMtHRsUA/iIETBPl7Ymsw2ycV5VXI8cXRrpBRjjg0rI67IvD8mwtfWuKw4oX5oXtyT0nWY12uQwb5p8oDHQgWtk8LJ1wRVQqiq+CFY7gLgXM5AXwtlPzQfiUmOKtzZE5MeQDZlI2m3bfcf2itpl4/ZGUfwhA0diZlbGm1HKOdMDrCuNkWKZJxJbOk25mAQWHSMqJi44nKqOQWxHjy15empejOp+ssjKjXWn5BMER1F7uVmSdVlJoqK+0W8TSVI43D66iNtZOI45kvnmRMKaAjnRQL45GE8sJe4eMyKCuZmiClKUApSlAKUpQClKUApSlAKf7P8AbSodcgsVbDzppXslC2qTvZbAn2WYwWo5YT1kFbcrbazX8csy7fdC2ZXme2Hi5khUIMs+4h20fR24oGiznxRxO2JBWEUCgFA202y20fOvJ0s8fHGu4Pkl0BY68dizefkVHK5nSkhjY4B4PHX3WgqGOWs7gDqWZ7ydS6SOliTmTDuOJxaQI5Vkg3LGjnVDV+ItLtdYm1dghDGb8Vw41QGu2ChwxgcVT2eZo0qrrkXzwYBUJQcztcairulzKAJUoAeXlhRNAEygAoZYLO5pPpx0jTQTWSLtUICJcDAEaxSlHCCaouYff0673OpqyqdXF92PJUQkRuJas6HCsqJxQVTxJDSilxBcCxFPIkCxUoBao89Rdpd7OOmUtV+R55QhHM8SoErERZC0MOy4SYTHuiONNckWuZt3lw4nPs+rJikjp4j3QTigRSHKm5KbdAOlCCoMYCArO56eMjY+eUGQt0mTsuelmM9b2kXnE3xmT4VeZvUSUAoUbGa+vZHiscSRHykcdSgTRVJdSyjqLraUqro+beHPoKKrnTQc/IecrP5tOF9CGbIhvW1q7n65r8aK5RpJieu4RUOQVVeLJEbbWTR/ApBTbqWstNytxAsIGk2MNzImPcsQGy73CgGu6K9IfeWqZjj6c23/AByAwKqxxnAjh2uIMzYo/uCtQmYQ7NA+CdZh4qWiUV7qjNzHQFRfBchVZNlhsz2DmLOzMV3iWQLvEFr+q8T5DiZT3Q9ECLESLE1loEnJgoBd+pr8S3HaQMZVuEUEJkhFJWkzM46nG2y45JKWE1XWWp3cqlKGYgYdY8PV/BVFs90fSFdbuPl5yZBeym3qLu3qFrgpPWLdqhtj5XTlM0dgCPRFlAj4tHQDxEjdhRSZSGmCym42WohlDjHbl0kGy8v2SDNlbmhiE5C6Rd0frVh1Od7psZ7Vn8EOY49k8wSHT26X2Q16d8iQ2cda6RQCmZtGQpILprwGOCNsgLZqGXYVW0ZEUwEEqgHf2Xnoh0gKV9VzHHs/9vOPRN16XGDjBT22vbLK2EP7gvKEMksNsKhNTj5VCJw8A8nSzu+W46VQo7gx1EgcMiALBRdHMuMxYrKXExFLo4t0XjBiiTpMg9rMKOWy1ovmVnLR4nIDcejTOWXAn6vYIKi2QHLZ4OMVYPSK2gjSMmOAi53ARShW8ZESlFKbLBW09LKUWjrCMxtBFaSSSaaQRoRjpUqc3Mlfnge3HHtRGOzOuOp2r7WZ+qU1mtj9x29P4ElmJPj9rRa4jb0R4KgJCQSx9kPqXE8iO1iam+XXdKbALmUFNGSgVskhpuPZvGY2Fho9FWRUpcCGBOm+Pvc1zgYD4iY55I72vP7zbwuNhLWyuCOgL6YOXyt/F5gCB5hXuFlhe/15U46+dTdCCEPRTc/b/RttanHrNZvzdN+urVm89uDPsfM9QTT+CC4U1/JKRErMWHrkklc3itNkwMCKd/hipqygDLbXcFw23EbMuGuL3Z+Io4RC7aj6LdC5sjtjN4pfPIshtFma+udutxJAzFyzFEDT0hOJlcRBc8xRLBd0FzzEyyyu28b7JvHd310G05bwkm8XSLqs9oIZuehL/wAwfa/9L4f9jEX1s+rGD0Jf+YPtf+l8P+xiL62fUApSlAKUpQClKUApSlAKUpQClKUApSlAKUpQClKUApSlAKUpQClKUApSlAKUpQClKUApSlAKUpQClKUApSlAKUpQClKUApSlAKUpQClKUApSlAKUpQClKUApSlAKUpQCsofTI/xR7d/S+hr9SperV5WUPpkf4o9u/pfQ1+pUvUBP/o334kvQf83z/wD23SfV3tUhdG+/El6D/m+f/wC26T6u9oBSlKAV5+fSC1dKb/SheGpeXlNPRENET+PFXWVlXOlk1KSEpN5C5oOKKmpqJwUEmQTyBMEY0dOmhgixUsEKOOKGEHnnb0DK85rpSEMJ2zfP/wAbWsa4tmWugbBQtp7DCu6ElMTTi63k6Wd1NgY+UVtOubDxucMpBJdFUCSYbM2TRThfDuoePdBBLgb4vnbaqec1r5654495KfO21U85rXz1zxx7yVkC6kLq758c+eriPP8AOU6kLq758c+eriPP85UjiWrfJyOJat8nr9+dtqp5zWvnrnjj3kp87bVTzmtfPXPHHvJWQLqQurvnxz56uI8/zlOpC6u+fHPnq4jz/OUjiWrfJo4lq3yev3522qnnNa+eueOPeSnzttVPOa189c8ce8lZAupC6u+fHPnq4jz/ADlOpC6u+fHPnq4jz/OUjiWrfJo4lq3yev3522qnnNa+eueOPeSnzttVPOa189c8ce8lZAupC6u+fHPnq4jz/OU6kLq758c+eriPP85SOJat8mjiWrfJ6/fnbaqec1r5654495KfO21U85rXz1zxx7yVkC6kLq758c+eriPP85TqQurvnxz56uI8/wA5SOJat8mjiWrfJ6/fnbaqec1r5654495KfO21U85rXz1zxx7yVkC6kLq758c+eriPP85TqQurvnxz56uI8/zlI4lq3yaOJat8nr9+dtqp5zWvnrnjj3kp87bVTzmtfPXPHHvJWQLqQurvnxz56uI8/wA5TqQurvnxz56uI8/zlI4lq3yaOJat8nr9+dtqp5zWvnrnjj3kp87bVTzmtfPXPHHvJWQLqQurvnxz56uI8/zlOpC6u+fHPnq4jz/OUjiWrfJo4lq3yev3522qnnNa+eueOPeSnzttVPOa189c8ce8lZAupC6u+fHPnq4jz/OU6kLq758c+eriPP8AOUjiWrfJo4lq3yev3522qnnNa+eueOPeSvjntzqiHhkIJs5r1hhhjlnnnnNMb44YYY2vlllllk5bWxxxta98sr3ta1rXve/YtWQTqQurvnxz56uI8/zlfHPoQmsF8MrB7yz1jnfHK2GWcax7nhjn2L9rllhifDvnja/YvljYTC+VrXtbPG9+2sjiWrfJo4lq3yev/wCdtqp5zWvnrnjj3kp87bVTzmtfPXPHHvJWQLqQurvnxz56uI8/zlOpC6u+fHPnq4jz/OUjiWrfJo4lq3yev3522qnnNa+eueOPeSnzttVPOa189c8ce8lZAupC6u+fHPnq4jz/ADlOpC6u+fHPnq4jz/OUjiWrfJo4lq3yev3522qnnNa+eueOPeSnzttVPOa189c8ce8lZAupC6u+fHPnq4jz/OU6kLq758c+eriPP85SOJat8mjiWrfJ6/fnbaqec1r5654495KfO21U85rXz1zxx7yVkC6kLq758c"
20:09:00.176 [Test worker] DEBUG org.apache.http.wire - http-outgoing-0 >> "+eriPP85TqQurvnxz56uI8/wA5SOJat8mjiWrfJ6/fnbaqec1r5654495KfO21U85rXz1zxx7yVkC6kLq758c+eriPP85TqQurvnxz56uI8/zlI4lq3yaOJat8nr9+dtqp5zWvnrnjj3kp87bVTzmtfPXPHHvJWQLqQurvnxz56uI8/wA5TqQurvnxz56uI8/zlI4lq3yaOJat8nr9+dtqp5zWvnrnjj3kp87bVTzmtfPXPHHvJWQLqQurvnxz56uI8/zlOpC6u+fHPnq4jz/OUjiWrfJo4lq3yev3522qnnNa+eueOPeSnzttVPOa189c8ce8lZAupC6u+fHPnq4jz/OU6kLq758c+eriPP8AOUjiWrfJo4lq3yev3522qnnNa+eueOPeSnzttVPOa189c8ce8lZAupC6u+fHPnq4jz/OU6kLq758c+eriPP85SOJat8mjiWrfJ6/fnbaqec1r5654495KfO21U85rXz1zxx7yVkC6kLq758c+eriPP8AOU6kLq758c+eriPP85SOJat8mjiWrfJ6+8dudUc7Xyw2c16ztbLPC98ZpjfK1sw88gxMb3s5b2tlhnjlhnj/ALcc8cscrWva9q+XzttVPOa189c8ce8lZAMehCawWtft95Z6yv22d7XxjWPcLWwvnlcPG9rn873yxw7XHPLtrWzztlnjgHbKwePy6kLq758c+eriPP8AOUjiWrfJo4lq3yev3522qnnNa+eueOPeSnzttVPOa189c8ce8lZAupC6u+fHPnq4jz/OU6kLq758c+eriPP85SOJat8mjiWrfJ6/fnbaqec1r5654495KfO21U85rXz1zxx7yVkC6kLq758c+eriPP8AOU6kLq758c+eriPP85SOJat8mjiWrfJ6/fnbaqec1r5654495KfO21U85rXz1zxx7yVkC6kLq758c+eriPP85TqQurvnxz56uI8/zlI4lq3yaOJat8nr9+dtqp5zWvnrnjj3kp87bVTzmtfPXPHHvJWQLqQurvnxz56uI8/zlOpC6u+fHPnq4jz/ADlI4lq3yaOJat8nr9+dtqp5zWvnrnjj3kr+X231Sxt2ctm9e7W7Nrdm80Rxa3ZyvbHG34XJ/tyyvbG1v9t73ta34b1kD6kLq758c+eriPP85X2yXQktY08bMcvvFO9xBCh8llYaNY/zw7gpETKcZva2CgFlYXEsaFyAzvlfDAeweYgYweOQWaOJat8mjiWrfJ68vnbaqec1r5654495KfO21U85rXz1zxx7yVkC6kLq758c+eriPP8AOU6kLq758c+eriPP85SOJat8mjiWrfJ6/fnbaqec1r5654495KfO21U85rXz1zxx7yVkC6kLq758c+eriPP85TqQurvnxz56uI8/zlI4lq3yaOJat8nr9+dtqp5zWvnrnjj3kp87bVTzmtfPXPHHvJWQLqQurvnxz56uI8/zlOpC6u+fHPnq4jz/ADlI4lq3yaOJat8nr9+dtqp5zWvnrnjj3kp87bVTzmtfPXPHHvJWQLqQurvnxz56uI8/zlOpC6u+fHPnq4jz/OUjiWrfJo4lq3yev3522qnnNa+eueOPeSnzttVPOa189c8ce8lZAupC6u+fHPnq4jz/ADlOpC6u+fHPnq4jz/OUjiWrfJo4lq3yev3522qnnNa+eueOPeSnzttVPOa189c8ce8lZAupC6u+fHPnq4jz/OU6kLq758c+eriPP85SOJat8mjiWrfJ6/fnbaqec1r5654495KfO21U85rXz1zxx7yVkC6kLq758c+eriPP85TqQurvnxz56uI8/wA5SOJat8mjiWrfJ6+7bc6o3zyDts5r1fPHHHPLC00xvfPHDO+eOGWWPjL2bY53DEtjle3Yyvhna173xy7Hy+dtqp5zWvnrnjj3krIBboQmsHb5XvvLPV8O1xtjjaNY9tnbO18+3yyz7/vbLHK1w7Y42DxvhfHO9887Z44h/LqQurvnxz56uI8/zlI4lq3yaOJat8nr9+dtqp5zWvnrnjj3kp87bVTzmtfPXPHHvJWQLqQurvnxz56uI8/zlOpC6u+fHPnq4jz/ADlI4lq3yaOJat8nr9+dtqp5zWvnrnjj3kp87bVTzmtfPXPHHvJWQLqQurvnxz56uI8/zlOpC6u+fHPnq4jz/OUjiWrfJo4lq3yev3522qnnNa+eueOPeSnzttVPOa189c8ce8lZAupC6u+fHPnq4jz/ADlOpC6u+fHPnq4jz/OUjiWrfJo4lq3yev3522qnnNa+eueOPeSnzttVPOa189c8ce8lZAupC6u+fHPnq4jz/OU6kLq758c+eriPP85SOJat8mjiWrfJ6/fnbaqec1r5654495KfO21U85rXz1zxx7yVkC6kLq758c+eriPP85TqQurvnxz56uI8/wA5SOJat8mjiWrfJ6/fnbaqec1r5654495KfO21U85rXz1zxx7yVkC6kLq758c+eriPP85TqQurvnxz56uI8/zlI4lq3yaOJat8nr9+dtqp5zWvnrnjj3kr447c6o52vlhs5r1na2WeF74zTG+VrZh55BiY3vZy3tbLDPHLDPH/AG4545Y5Wte17VkE6kLq758c+eriPP8AOV8cehCawWtft95Z6yv22d7XxjWPcLWwvnlcPG9rn873yxw7XHPLtrWzztlnjgHbKweKOJat8mjiWrfJ6/8A522qnnNa+eueOPeSnzttVPOa189c8ce8lZAupC6u+fHPnq4jz/OU6kLq758c+eriPP8AOUjiWrfJo4lq3yev3522qnnNa+eueOPeSnzttVPOa189c8ce8lZAupC6u+fHPnq4jz/OU6kLq758c+eriPP85SOJat8mjiWrfJ6/fnbaqec1r5654495KfO21U85rXz1zxx7yVkC6kLq758c+eriPP8AOU6kLq758c+eriPP85SOJat8mjiWrfJ6/fnbaqec1r5654495KfO21U85rXz1zxx7yVkC6kLq758c+eriPP85TqQurvnxz56uI8/zlI4lq3yaOJat8nr9+dtqp5zWvnrnjj3kp87bVTzmtfPXPHHvJWQLqQurvnxz56uI8/zlOpC6u+fHPnq4jz/ADlI4lq3yaOJat8nr9+dtqp5zWvnrnjj3kp87bVTzmtfPXPHHvJWQLqQurvnxz56uI8/zlOpC6u+fHPnq4jz/OUjiWrfJo4lq3yev3522qnnNa+eueOPeSnzttVPOa189c8ce8lZAupC6u+fHPnq4jz/ADlOpC6u+fHPnq4jz/OUjiWrfJo4lq3yev3522qnnNa+eueOPeSnzttVPOa189c8ce8lZAupC6u+fHPnq4jz/OU6kLq758c+eriPP85SOJat8mjiWrfJ6/fnbaqec1r5654495KfO21U85rXz1zxx7yVkC6kLq758c+eriPP85TqQurvnxz56uI8/wA5SOJat8mjiWrfJ6/fnbaqec1r5654495K8+niQlGMm70rHfaQnBIrEQmCrS3yJGkp8LLub6Wz1MstTIqGUYwnuU6oAIp0BWL54DpgpY6IGfBzxFK5C4ZWyvYz1IXV3z4589XEef5ysxukfDbGu1fM7snxeuCZny1GLBr22kaiTKSO30A67V0DX9+HGikG1FFOi4o5cVwlitjakGWFvgVHzvgVvkHj+FpHdPiq65qNI7p8VXXNT1b/AJ22qnnNa+eueOPeSnzttVPOa189c8ce8lZAupC6u+fHPnq4jz/OU6kLq758c+eriPP85SOJat8mjiWrfJ6/fnbaqec1r5654495KfO21U85rXz1zxx7yVkC6kLq758c+eriPP8AOU6kLq758c+eriPP85SOJat8mjiWrfJ6/fnbaqec1r5654495KfO21U85rXz1zxx7yVkC6kLq758c+eriPP85TqQurvnxz56uI8/zlI4lq3yaOJat8nr9+dtqp5zWvnrnjj3kp87bVTzmtfPXPHHvJWQLqQurvnxz56uI8/zlOpC6u+fHPnq4jz/ADlI4lq3yaOJat8nr9+dtqp5zWvnrnjj3kp87bVTzmtfPXPHHvJWQLqQurvnxz56uI8/zlOpC6u+fHPnq4jz/OUjiWrfJo4lq3yev3522qnnNa+eueOPeSnzttVPOa189c8ce8lZAupC6u+fHPnq4jz/ADlOpC6u+fHPnq4jz/OUjiWrfJo4lq3yev3522qnnNa+eueOPeSnzttVPOa189c8ce8lZAupC6u+fHPnq4jz/OU6kLq758c+eriPP85SOJat8mjiWrfJ6+8NudURMMRA9nNes8M8cc8M8JpjfLDPDK1sscscsXLe2WOVr2vjla97Xte17X7F6+XzttVPOa189c8ce8lZAMOhCawWwxsJvLPWWdscbZ5YRrHuGGWfYt22WOGR8S+GN79m+ONxM742va188r27a/y6kLq758c+eriPP85SOJat8mjiWrfJ6/fnbaqec1r5654495KfO21U85rXz1zxx7yVkC6kLq758c+eriPP85TqQurvnxz56uI8/wA5SOJat8mjiWrfJ6/fnbaqec1r5654495KfO21U85rXz1zxx7yVkC6kLq758c+eriPP85TqQurvnxz56uI8/zlI4lq3yaOJat8nr9+dtqp5zWvnrnjj3kp87bVTzmtfPXPHHvJWQLqQurvnxz56uI8/wA5TqQurvnxz56uI8/zlI4lq3yaOJat8nr9+dtqp5zWvnrnjj3kp87bVTzmtfPXPHHvJWQLqQurvnxz56uI8/zlOpC6u+fHPnq4jz/OUjiWrfJo4lq3yev3522qnnNa+eueOPeSnzttVPOa189c8ce8lZAupC6u+fHPnq4jz/OU6kLq758c+eriPP8AOUjiWrfJo4lq3yev3522qnnNa+eueOPeSnzttVPOa189c8ce8lZAupC6u+fHPnq4jz/OU6kLq758c+eriPP85SOJat8mjiWrfJx+6ahMMSSjF/H+XjOUo5kQdHfuwYyuCxXu2XcKlBHW9E+BMVSDb6moZkQzeZYxgWzNYhYj5ADYhXzuFnbHaFFe2GrRaMI4LmNlYAAMAMJngjgDTHHQQwIwTeTsBQhQs3HjmGKHnjlgIHnjjlhnjfHK1r2vavMn5/OCaKeHNn6zOWN55kKZR53cknoSsVe7ZbaAEgBMJLZZ8oOnZoIw2ZoRQzdJgMxiZtjiDiUByCvfLPPsX5s3oUOsToaDUco+7k8FRnE20NdGKhR1HwgRYVWSyp8QuGJmbtnmGDmYuHhnla2WWONr5Wte97Uj1+6/K+RHr91+V8myH522qnnNa+eueOPeSnzttVPOa189c8ce8lZAupC6u+fHPnq4jz/OU6kLq758c+eriPP85SOJat8mjiWrfJ6/fnbaqec1r5654495KfO21U85rXz1zxx7yVkC6kLq758c+eriPP8AOU6kLq758c+eriPP85SOJat8mjiWrfJ6/fnbaqec1r5654495KfO21U85rXz1zxx7yVkC6kLq758c+eriPP85TqQurvnxz56uI8/zlI4lq3yaOJat8nr9+dtqp5zWvnrnjj3kp87bVTzmtfPXPHHvJWQLqQurvnxz56uI8/zlOpC6u+fHPnq4jz/ADlI4lq3yaOJat8nr9+dtqp5zWvnrnjj3kp87bVTzmtfPXPHHvJWQLqQurvnxz56uI8/zlOpC6u+fHPnq4jz/OUjiWrfJo4lq3yev3522qnnNa+eueOPeSnzttVPOa189c8ce8lZAupC6u+fHPnq4jz/ADlOpC6u+fHPnq4jz/OUjiWrfJo4lq3yev3522qnnNa+eueOPeSvjbbnVG+eQdtnNer544455YWmmN7544Z3zxwyyx8ZezbHO4Ylscr27GV8M7Wve+OXYyCdSF1d8+OfPVxHn+cr426EJrB2+V77yz1fDtcbY42jWPbZ2ztfPt8ss+/72yxytcO2ONg8b4XxzvfPO2eOIaOJat8mjiWrfJ6//nbaqec1r5654495KfO21U85rXz1zxx7yVkC6kLq758c+eriPP8AOU6kLq758c+eriPP85SOJat8mjiWrfJ6/fnbaqec1r5654495KfO21U85rXz1zxx7yVkC6kLq758c+eriPP85TqQurvnxz56uI8/zlI4lq3yaOJat8nr9+dtqp5zWvnrnjj3kp87bVTzmtfPXPHHvJWQLqQurvnxz56uI8/zlOpC6u+fHPnq4jz/ADlI4lq3yaOJat8nr9+dtqp5zWvnrnjj3kp87bVTzmtfPXPHHvJWQLqQurvnxz56uI8/zlOpC6u+fHPnq4jz/OUjiWrfJo4lq3yev3522qnnNa+eueOPeSnzttVPOa189c8ce8lZAupC6u+fHPnq4jz/ADlOpC6u+fHPnq4jz/OUjiWrfJo4lq3yev3522qnnNa+eueOPeSnzttVPOa189c8ce8lZAupC6u+fHPnq4jz/OU6kLq758c+eriPP85SOJat8mjiWrfJ6/fnbaqec1r5654495KibvvtLrIsaL7opKTsZBCoqqmpuxicmJidLsfnVBRUDsPvEsSIkSRZwimTZw2ZFDLlSpcMQcwOJgEFhmJnjjfNp1IXV3z4589XEef5yuldlOhsa2QZrpPs2JW504rqpDsKSpKaahqEfsIsQWT8fMVedpNKPGSxvIwXJqJhIDJmRwMbjBAjZiBWvnjjakcS1b5NHEtW+T7f6GfNcNRjottIkyTLcZR6qKG2Q6iQTXw/Wq01A8n/ACPxoW7+Jk15VTzBkn3wAMX75BDzB7sCKF2/dA88bbCPnbaqec1r5654495K8zHgW6PfD3L5rnMU2SLsNJUPKkZTWJFhFEZTVa6+nqifgxWk7bKpowujhGATnfDjHKXBBtcHuJYLPs2Eyzq9HqQurvnxz56uI8/zlFd8pVK6e2iV3ylUrp7aOv3522qnnNa+eueOPeSnzttVPOa189c8ce8lZAupC6u+fHPnq4jz/OU6kLq758c+eriPP85SOJat8mjiWrfJ6/fnbaqec1r5654495KfO21U85rXz1zxx7yVkC6kLq758c+eriPP85TqQurvnxz56uI8/wA5SOJat8mjiWrfJ6/fnbaqec1r5654495KfO21U85rXz1zxx7yVkC6kLq758c+eriPP85TqQurvnxz56uI8/zlI4lq3yaOJat8nr9+dtqp5zWvnrnjj3kp87bVTzmtfPXPHHvJWQLqQurvnxz56uI8/wA5TqQurvnxz56uI8/zlI4lq3yaOJat8nr9+dtqp5zWvnrnjj3kp87bVTzmtfPXPHHvJWQLqQurvnxz56uI8/zlOpC6u+fHPnq4jz/OUjiWrfJo4lq3yev3522qnnNa+eueOPeSnzttVPOa189c8ce8lZAupC6u+fHPnq4jz/OU6kLq758c+eriPP8AOUjiWrfJo4lq3yev3522qnnNa+eueOPeSnzttVPOa189c8ce8lZAupC6u+fHPnq4jz/OU6kLq758c+eriPP85SOJat8mjiWrfJ6/fnbaqec1r5654495KfO21U85rXz1zxx7yVkC6kLq758c+eriPP8AOU6kLq758c+eriPP85SOJat8mjiWrfJ6/fnbaqec1r5654495KfO21U85rXz1zxx7yVkC6kLq758c+eriPP85TqQurvnxz56uI8/zlI4lq3yaOJat8nr9+dtqp5zWvnrnjj3kp87bVTzmtfPXPHHvJWQLqQurvnxz56uI8/zlOpC6u+fHPnq4jz/ADlI4lq3yaOJat8nr9+dtqp5zWvnrnjj3kp87bVTzmtfPXPHHvJWQLqQurvnxz56uI8/zlOpC6u+fHPnq4jz/OUjiWrfJo4lq3yev3522qnnNa+eueOPeSnzttVPOa189c8ce8lZAupC6u+fHPnq4jz/ADlOpC6u+fHPnq4jz/OUjiWrfJo4lq3yev3522qnnNa+eueOPeSnzttVPOa189c8ce8lZAupC6u+fHPnq4jz/OU6kLq758c+eriPP85SOJat8mjiWrfJ6/fnbaqec1r5654495KfO21U85rXz1zxx7yVkC6kLq758c+eriPP85TqQurvnxz56uI8/wA5SOJat8mjiWrfJ6/fnbaqec1r5654495KfO21U85rXz1zxx7yVkC6kLq758c+eriPP85TqQurvnxz56uI8/zlI4lq3y"
20:09:00.177 [Test worker] DEBUG org.apache.http.wire - http-outgoing-0 >> "aOJat8nr9+dtqp5zWvnrnjj3kp87bVTzmtfPXPHHvJWQLqQurvnxz56uI8/wA5TqQurvnxz56uI8/zlI4lq3yaOJat8nr9+dtqp5zWvnrnjj3kp87bVTzmtfPXPHHvJWQLqQurvnxz56uI8/zlOpC6u+fHPnq4jz/OUjiWrfJo4lq3yev3522qnnNa+eueOPeSnzttVPOa189c8ce8lZAupC6u+fHPnq4jz/OU6kLq758c+eriPP8AOUjiWrfJo4lq3yev3522qnnNa+eueOPeSnzttVPOa189c8ce8lZAupC6u+fHPnq4jz/OU6kLq758c+eriPP85SOJat8mjiWrfJ6/fnbaqec1r5654495KfO21U85rXz1zxx7yVkC6kLq758c+eriPP8AOU6kLq758c+eriPP85SOJat8mjiWrfJ6/fnbaqec1r5654495KfO21U85rXz1zxx7yVkC6kLq758c+eriPP85TqQurvnxz56uI8/zlI4lq3yaOJat8nr9+dtqp5zWvnrnjj3kp87bVTzmtfPXPHHvJWQLqQurvnxz56uI8/zlOpC6u+fHPnq4jz/ADlI4lq3yaOJat8nr9+dtqp5zWvnrnjj3kp87bVTzmtfPXPHHvJWQLqQurvnxz56uI8/zlOpC6u+fHPnq4jz/OUjiWrfJo4lq3yev3522qnnNa+eueOPeSnzttVPOa189c8ce8lZAupC6u+fHPnq4jz/ADlOpC6u+fHPnq4jz/OUjiWrfJo4lq3yev3522qnnNa+eueOPeSnzttVPOa189c8ce8lZAupC6u+fHPnq4jz/OU6kLq758c+eriPP85SOJat8mjiWrfJ6/fnbaqec1r5654495KfO21U85rXz1zxx7yVkC6kLq758c+eriPP85TqQurvnxz56uI8/wA5SOJat8mjiWrfJ6/fnbaqec1r5654495KfO21U85rXz1zxx7yVkC6kLq758c+eriPP85TqQurvnxz56uI8/zlI4lq3yaOJat8nr9+dtqp5zWvnrnjj3kp87bVTzmtfPXPHHvJWQLqQurvnxz56uI8/wA5TqQurvnxz56uI8/zlI4lq3yaOJat8nr9+dtqp5zWvnrnjj3kp87bVTzmtfPXPHHvJWQLqQurvnxz56uI8/zlOpC6u+fHPnq4jz/OUjiWrfJo4lq3yev3522qnnNa+eueOPeSsuHS753g+SOKZvt6PJlil+r+G2UQqOaGy5EaDpWME8szZYCMHskxDWDx3EmXFMFwxzVwLABCDg4CZ45C4Wy6R6kLq758c+eriPP85VO3OF0baFOKHTBM2hj/AGVlKWV0/NbGizNrPFoNNDSQyDsQXormFXE6imBTlzhQRrAAggXx7iJgbGyzvbLDDskfXJVWuTI+uSqtcnrm6PHsdryy+GfRdsPGeIZablSWE+wVVvOWUWQhLiYKNM8lGgglBJVFwqfJCClhwDAeBkuHlmAMENja4YmGV7oPnbaqec1r5654495KwEcXfRR4A380K102+d22Uwx+45sbTjXFRnNxjspUREMVDfzsZ4QBA+pmcDxkMcs3ATgmRjC2WI5kUPHsh4YXvPrqQurvnxz56uI8/wA5SOeK3yaOeK3yev3522qnnNa+eueOPeSlZAupC6u+fHPnq4jz/OUpHEtW+TRxLVvk9wFYA+fT+lNcK/8Aw5P+opMlb/KwB8+n9Ka4V/8Ahyf9RSZKpTf5SlKAUpSgFflripZDRFhbyT1RWxR0tQVLpSGSzUltTsnlBjd09HTg8sBD6ocsD3snksM8czRsQEDHLHIS17fqUoDNDC7a6Qdvc2H7sas7YNficTjz0diZBemK3ptGU4OS7NbSgKSQledn9KJnxvSFJ0DFRC5kwyyoRU0n5WdyKjppE6mt+8u+Enkal3kC13mQDZBmNdq7Rak7BP7WGdQY87vgxni7GEGSEBeLSLqJobwWEs98m0lQSxFEQrgsoh1XJeC0VYTkpO6y5OeVeUWLKxbjc4y48x2O5LZJb/fJ/AvYuYi7T9lrBctbGXp1XTNskNMUyRFSJrDZaSyMGW7U2iK7mBMF1tnNGQ5RcQPGqm8X2pYMMKb6GlmaJGfThm7Y6Wx+/b4P2ZnqWTCy8aSMlS+StduI6cjpSKkjKmQagsik1B1qJJNVXGoJ5aI2iyvklnyRGi3KvssF8zgZ5+Uvlz51Y7iBv7JR/rK3ONPV4fYRgw0iGJp8QpV28lA66Ta6JifMx+vIbwj6N2eOQbCqGpEVhu2cgYo5A21nevJpmx4PbNWXTpb/AOLPiP8ATv10/wDJJQrUXVKUudIH2z2B0h4sZ52P1ff/AMmMzstywsntp5eKrJeng0o7ZjZLVcAPi9ITbdjUOeEEFXUSHdFBDNClO+O+iWZY6EAYCs918d6y89eoQfzxUwzzhdcMxq73SsigEE0I4srrIRVpcUxCxAAkmEAzB40aNZgEypQgVxzuGXAALh4B4UZ9K3FDD4RNncM87Y5DPTXQIK17/hEEtP8AHY18Mf8A5t7BBCZ9j/8ARwyv/wC6u+t0mzrO6+FdsMvcnah+ac69OHXOAEeSpUjhfRW+81BNwaDTNXjhODVGa+1NxgvoclZGWGU028ZczvR7qCAB3VKPK5M3NUsvx+k1TZlf2n6WANnf/Q96yEWiRm7saju2VjqldGJxk2dkIcXpCNrFhbAXSizMSnmbcY6lYfLEG5EJNzNd1vYPuXb3tau5pRnKFIOLtQ3NUwxbD5R+O1MYDGMyjILSj8u832tYDio7KagzsV0kNxO1WDKmhExto+RxZP4Fh8ypIXEES+OL3kvR9VJA4ZpcQdTOG+bY3haGIoaDsibcaTok181rOtHxQcDYNJErtku75FS9rHuZexAIe644w41BOPoq5T6irmjxdWGNifc5rFRz7LcPnR6FqQ3k6gXnP86cdqo+ZBb6tkmvcJzyrq+fNuZ5Ii4IEazIOrBVXjq2mqwgJnIqr2BOZBDXDvhlY65LEVkcsdYShqisix9wgkNzXm7Nz9PGFJidCr52v1qZkxrB0umpMTOydYubsmKiicF7gUIJzDWHSTdJ06aGtcEuVLJQo44v8WEHln+CuieTzYna7WrVNwPHSTWpwbSbMOZyoMfxox0tIPrLcax9x4KAxyTJGLJp1MO3YzPIpo+ZoEupJ3hFePt9JMqKYQPnFMlSlzJ8OXGxrxwv7Zjw/qVEjVfsORmRfrQm0RtFFifRXYiO1umTiy45sVsTckuYVyBiqJVwEFlxm0Q4XVDQQaUACGUCLXg8bMlH3Nxh6Iy5KDqDEUlfRrWt+yG+HSqAlwhTg8FM5bdbtci0ojBFy+Iw3f60sqZ4cMAHtzJoyNgHjnnYMyJR/uk5+dvi11dP8gchch0J7pt2IjrCWth9Rl3UOMoaZWDVeLwbzRXCcRzMwcykkqJpsKjlJlU9TdpQkIdSwjLpNJJo0SxZKtaNuftvug5NDYJmri71+Dl+adsicMKbIOPvJNwacDRrMTPAeZiX5ESRVhMFXcWknKCSmYIaYIfwDVlWy2eT1pJQjiCsU17JSVPvSU30pahahl1mI+H2PJNRsNot1VkiZT1faxZj1wElnGK9d0VSLY2Um4QXE8ksBrx4oMUBVk9CdTpySC6egseQNbrHZbZjdlNCPGWlAITOYTXb7LaSGVuJcqjNlrJJRDQUotcXMQW4CclkSpQG4meYlwwcb555Zdm92afUfPQSGr3b6jvF57MiZZdwdguXjhmz1Y2P2U3yjzkN14l3Y2O9eZ0iNS1Ki7Xh1MMaRiDgWMHRDbpio1gpOPJJItdfAJl3pcfLM4WRsTiQfLrSgZbesKsT/LUz9yNX9rYT3x5VVBI3o4toV2hTl6L4fghaAiMPWBfcDqPBxZJ81RQLHQo2wp9pJmaYiJuRuT8SSov9/oKhkjojzHRnBtPSFZNX0lLXUU6XUkdaTiSskqJQSwpVQTVEsEcInSwtvwCFzRUYIcES34MwxMcrfgvQZHOVip+jWSVvTlyq7qc0PJdpPC3Jgq6gwrqalxe5o/RkrULVucRMyjwaLFEUUUVTkNmEXRfDFXWFJWxPqrmXDHbGe8QsC5MEvgFrarDpCIPION0jnmjtx8qOmyc88W3B95Bz3JRptWWwI2PEeMrJmDNChJeQVUFesq9m54RbGHT8k/sYlw8TP8KovynfyRflO/k0GwtpVypMSV2C8Zd5q3ROsZNxyJ6o94eOcfmo8cFpFb5bO+R5rDvtmFA3U1Q1LC9g7rKDniolOx24F+ze9fc5BdpOSxlya0ta+OXRkhLz1fTGBdqttpOrxJNDVOFwja2soOaYuk00+XeD7eqZimF1o200UynqYCWsIyknJTsLZqZQj3dpsX5VAXO8r8gytx9qLMyQSNo+w02b2xqM5w3P4QvdTzeQs2uZeShkG6V2LEQ0QEBQxUOzkYEyLfwasEqlKCOjl7pbV71aPSlLO4kkJ0ny01tvZjikBdR2cy2SkJzVaDajQ6mt9LSmQ12mSNJyaqL63mRVVkgbchssaCwVlM3kADYH8HbTcndzZvktP8U/HLLDE1lMwdDCLOW5G3jti1Em1xxzd5XRxo9imMoxd5gBjKjmW0RyNtyKJp0YDhmktcFHTzKPkz1As6eieiVfi7Nhf/EP2U/ViIagDq1BW1W1fPHzmx5F+0Ly1Gjjx+gszOkqRAmt4XYxcbjdbi8hRXGEVOx2Jq8kRujuMnkfcjve5VDVV4sGxmq3kwuGQcCvngGS5f8APTF9+lxfmLhHbZ4a+bnuFlbu6jK8dBPWNt9WyzYd16fbRftjYwJiIpQglqO0rkqgmSxMzmnuRhs9VKkhDCAeVF0YJeWElixDnDd7fzefk+mHjU42JdYmqMZaeMxtuDbncxxxK2p5dZd/O8sROoMVxfHz1HuxRTeFjZlIUBHIVDMiKjafpsNTIANNNTHj1IyZV3X4n+XnUnR2ZdvZY3f0l5Cm2/k2JnLshmguCe4ZltgJ+Zs0SMyCjpSQbeSUcPGmYmmrngyCQInPgQwntxLVWmYOuj9To/QfY5COkaiq9v8A2xz5IlIM9kN23fl2WE/9jMo8tn3X+O7yxSxVC6f2f4juWQnev8VThmnHZK+1WfhAmujNOMIIvt5vBXZYIdq6x7zb46i8orQ4rOSuTGDsui7KRqvyVpxuS0YvQoSXHiqtImtqTljWUI+ag/iEkrASc116xLBv4YmySni2AszjiAkBPCa/e22T45ctid7B9QNMDttE9Xo1jMg+5L5An7ArfnAzJb3Vg0QyUiuB2g/DQcfKNkssvAlV9RXC9zQSkju0fA6TDbiakvGGfOUHjbl46N2MiWvZ3ZbUziENkTvnY7kzsVHWrJxYmrAX7rchinZqPYuNbuFgBFS1v4rI5V1PIjyK6/8AGrAxiapwPKaurring0Ifh9nA4KknzhJR/C1kZhsBBxvkMaNGBhAM1dYGDslt8iLiYOiCGzKYnKLiX77+R+fD+47ToVZavbo776rcsjS4nN/pkYO4aRsPAi9O+s+07RiNuwS/MTDRwehxyMWUo3ZJkRilw8EuO3gKTUEALuwI5Rvmcj6ji5ziU0NIVZtuMDRjcKb90XVzRcnaQmxtsA8YyEinVHUhHGGOA6qQaqCnB8QXkoGMcTOUkLCarLWBtHyuGZTBno91J0EklwL5dlx9pJpzXGtjiVaw1jptLwKUpQClKUApSlAKUpQClKUApSlAKUpQClKUApSlAKUpQClKUApSlAKUpQGW2OdvuTPl+2429Z+gmzzG0F0d0xkw/AwWwF9e2DstKGxUyoIhwBzYoiFKBqzKRmIQsWBWQDBGyatFm4sM80KKsHXYeLMyQfGVyFbb/Pe2d4nuSU7Hjo2bgFjpk1RFsRHTcCYLW2OgdTHQwR3GqtAMXBDQHijZOlAGNk2wCUTexi7UYZMCHYJ1wOSOPRBg+04tpFyP27DwF3cn0SQ7idt35k9LNuKgjt1Dun/aO/fBQSPjn3z/AB/csQe3/B2tf4bDFC4/S3tJAEgKwmZ/i4kAGQwS3b3CMIAjl2kASsVjEG/aX7dSskh2767GWWGKVb/60lV+kp8bfb727SRU0yCxqjvov5WneyfLXzZjzts9qzuuwuOHSplzC74f1xQ0vVOM9lJPmkozMCI5qQJKNy8fCKNokeDVky3ejRHI9qdzV24GRCzbuLtck8uJ7kA2NmCZ90OPjfMvHuO6Gh7oall+QY0Th22yJ3hqRUjBeYUqJjXNiZ5N1VzSTKIfcxItgQSgijxatyaanm7qhQvWTx3/AD6+BsrOmiT1489pN19YTM2vWUNRdg9QUlnSEfONd74JwALMlpsrbqa2bBGJZpBM+qqyydwHT3ApOYMgVcjZxQFsaN+jzj2rkbnX5qpMnONkuGJmXeMYE4oQy1XSTfA0Rm19mQCdgxiOJ3oYWCW5JHJxylpSi8FFBuKj+NqgtlEAUVKLkr2irGTWkkr711eSkd9IskpPBGg8d46f06qqKTd1o2s5VObCQtlJj0l26YnHdoXCsrOKEoKeAes8c7Kyfsk5GmXLGlV5uMtK5oNGbbRME1ZCWAxGrmRyKBLIDRAusrCG4HJaVnFhybz+9Zd3h0H5KsI5be3fH4EVejrlZhEhW5H80a+KqYAtJ8wlm4L2fAIqcjKTYX1sQmUSE0whv1rWAbqMqklwnbhHRQcEXHhJ1vyS7A2PCP3YjNydy7Tt7rVpzfQYFzPa27bu3i7ggWx7p2c+97Adi/c+0tarzfYNZD5yeX7KNLDWcI/Rw9mBHN4M747vdwYsZuhNu5vvS3dLGrGQmFYrfP8AjOx3jYG/dbg2pzvfXeSw7o2jdmm33srpqTA092C5k+aVtSxuHrPuEwONbUMvITzYmqDAG1XjXYp+TUlsk5kmmntLrhkwyPZrphlZCFQjmbBExzLrRVyJRVHzBa5Rdd09+GbkhnTbsfbDVDdRps5l70aDymXjCa7x+EZIsWTG0sCrhZlSs0U0+NmYKAr4jYWLqoBG10cQqO2nKngIhN3lG0i/a6N8GihcJeg+KBYHEjePn+IPYv2nc/DQs3SeK5b5dp/B7tk481XIz2f4ffFxe6fxnbVB7R0PELpUPMvigWvig56rawCujEpfPwf445xrrTkRyGsHfvWx/Ijkt552y/j++c1O9/47I5TvTxmKqF3SFFlCX1Fe1NT1KUoQUpSgFKUoBSlKAUpSgFKUoBSlKAUpSgK2+RHaTdGAEyL2Xozoy49w5jmU66Uoi4VJ4oTAgmEbN0BCFDck1OhSPkz+BJTxWRx0BAIGUPNyYIC4SKOUkrhJxBSre4Gd0uQbZuduVKHuQWSI8ej81JnSMYxQW5EzObbbjVgKB7CWyr3RmUrk2uhvh1t8wotNJsQUpGVXIuBhke2AOg4GjNh9ItZdOB78Zh0jj9O9nf8Anew9ASz5Od6tpUjbnU3i14+1VgMrazaVuuuWpDneSmxZ9N7WrXVm+GADL9TmIYGBSXY8HSrNl0pTXJOG5hC7/b2CGdId3dZFfbf9hRrc4Wre4UPMKZpjZvKDpZLqUulJUm7CIoD1Jl/VRzJQAFkZYFZrUd6EiyayF44aAsMSb6a7HhckGtCBFEcy3kwB+VD7QR/tDOfSnnhFOvU2W1xVlfjba6E55yJNpIdr/jmEcHeguN4mIbSXHgO3S0jup1DgMJNcCwUOANFHdzndhAiZW0ZMDz7l2ncO8HBdtNo1Jdt8djN29FNrdh2zrHOsabgq7WkGRo8dL5z7qivpgSIjNptHQgyiQA6HCSb5AggpYIrRuhLWDgLuQkebJfh/Oyxv6fYKkqo6LWX36lEmfyLb/wC47t5CYN4iONZbj+N53fMZnZ52R2hkJnFZMSNb4cAMHiifk34+PjYoi++VHMmUMYFnOVOI44zsYCLhiRwcym5Wt0us7i8k3FHvVqFA3IPscxd69Od63thDDG2YKwMyNcpQhOczplKTm633c1oyMYsA6zlpUX0cPM+e7qfMooi64i6gj+I6iiOX8XTwPs9K/wCWsVct/wB6YaR66BsbIftu62ZYrK1Ryc1iPdPw95ZPAIG5nvb+I78xx7r/ANo7av50tAPG+lukoqZa9nsFyg624sfMrfOyrZYEj6cr9qR7hexq+OWWBfLOwP4O+8E/L/6YxLUSsczxWJbsvDUXf6VngjTq3o"
20:09:00.182 [Test worker] DEBUG org.apache.http.wire - http-outgoing-0 >> "knlXlnceMNL9CkwPViFho7PSXPPIxIMMJ8woTfP4mRS6TE0OMt2GSzDcbxuHmmGlezk74sdssjWIDIgTKW812Kscbf8iOgnKTq9x674bCMTeaGd6WfIB6DdjEmDmhrzK8fSNHaafWFJqvNiRoYGYyu2DIQCWj4nypW6gYNOdKW8VJLKoa2iHbmd6969eOOzXl0bIbIuoRCaKIICjtxupAISk+JMfKiCYEb8dx23shywi+7V/MqPcAC45VOSk4qouBwqKQ3EhWViVJfHxqFuNvhve1uabkhZl4DAj5jrrP0A0mzFMmHBDzHeBBXTjEkzBc2AUuC+lxvuRaGySlJOKuQ2tLACqrpTHIspmNYNmv+aY5mD6y3hFvqG0Xm66eaUpQopSlAKUpQClKUApSlAK86Hh3/AKXDyDfni5Jf21K1ei9XnQ8O/wDS4eQb88XJL+2pWqLLz/PaEWXn+e0NdnO5s9OWmnFJthsprY+Pk4muNCcOisl6eLTQeHgUR1bBxOx17LxcfrfdLTUu/wBruZbS+wrIJ/Er3736SsXUSxQ2X5cJyCNHWTiTifkH2zchxYxIagwLLMhHUpNRE9fkaTZFjllGC6C2kNNARW6UcMhSC5C6WlJ5IqjtxJMK1hxsUdvp5kYnFXpPf4jDer/4H6+f+q6Capk59clG3RsuKm17n/EvNx8deMpd5WF7S7B+aQ+shrH+5fwrFPGfFsXCv+C/hKyfbD+Mvha9KWg6+I/PJyJxs3NpFnc+JOKyNJXRij2hXXaNdUo82kkwrHDjLYKLLV5pes6nipJPc6qijElkwkNRLT8hSaiXspJjJV8DjcTu09M9tuTGGd7TfHJyNR0Xn9HdjDOSNr3yE6+Q06GrGjqS04BXMm2tsGgopVUYkVPAzggLZQrkAooBAkuFUNCCJuYo9W46Rr5UmyXilpuKJ3j4Fsnk7JHgzuF03wXYuHZP8H3Lf9muR707l3p3v/Edw7n3L+L7Wv0Ke+KUjK9RB4vSKJ4ky+UfV3MTHLhy68n+nXLVJ7Y18fIbt0y1EgbXvaPYvXbGOIhPKLnh1wyNH8bSiIkPtTj89KBBQMqcloA1jqa8ypVrFbGXEKDihI6oVG1ZvrYdDe+jT82o18eJRUQ1/Vx5ThDz5JFSR8uICPFqo9GYu2TVYsdIijFhbEDBpIWCJgMI0CMmqxHK4ZktVALdj9nyz0qDe6KpEQiTqj6SeFfBivhrqWOWaa4Wo65R1yQHAjHg8MsM8iykkKJ0kLfDPAXEMxncLPDPsZWj9xxvl9aKpHKlwG7AuFQUDEDQXsROuib4cImFhZI1akRludWOoqfnfvcmZUGwoLhd0mEtKyOiAOBXlpHxzLpsf2xDDMyBdrwK7RztujxPap7L7Lvn5Sptkr5c/HV6+LLOZ3hrxO2TmJgNz/2cYDearSTvBzSaqCk/90oJDvzvDv8AP99KZo6dMW/VQD0XH8RRoz/9sz/6w9gqv+oBSlKAUpSgFKUoBSlKAUpSgFKUoCtvkR2k3RgBMi9l6M6MuPcOY5lOulKIuFSeKEwIJhGzdAQhQ3JNToUj5M/gSU8VkcdAQCBlDzcmCAuEijlJK4ScQUq3uBndLkG2bnblSh7kFkiPHo/NSZ0jGMUFuRMzm2241YCgewlsq90ZlK5Nrob4dbfMKLTSbEFKRlVyLgYZHtgDoOBozYfSLWXTge/GYdI4/TvZ3/new9AWg8h+0+/sPr0aQzx+aKG9mpTlxGcSj8tMjPJKY+sMFhIB5MJDGZTUglUg5FpXEDUwVJOZhBQaai5EwM6K0lZwqSOsopKFPR690d2NwmRvmU3nk1qSVKOu2673gROFYrNajQZTaTmaiJRdWQWj4vNNqLC62g3JZVMIiy+A1N3GE0YtZUPWExuAFogrLf0Zr/5a8zf/AItmxP8A9EhUBaNyH7T7+w+vRpDPH5oob2alOXEZxKPy0yM8kpj6wwWEgHkwkMZlNSCVSDkWlcQNTBUk5mEFBpqLkTAzorSVnCpI6yikoU9Hr3R3Y3CZG+ZTeeTWpJUo67brveBE4Vis1qNBlNpOZqIlF1ZBaPi802osLraDcllUwiLL4DU3cYTRi1lQ9YTG4AWiCst/Rmv/AJa8zf8A4tmxP/0SFQHbG5G928OxnJ6BxHcaL8YOv6/E8TJ02bk7fviOkeYD8RIzhLIZ1rMiPo2co2LNWnMeS3eyVDMByYDjLIrtBxKCNxLZ7hU1TiUfbrchfHZyXa4aEckM2MPcKA96k9wpWr+36LDrU1/faFMDZ7zsajKRGEwRrMYwEdUFdtNwrdHJmDhg8+mSuBLgYGTkbqTwfiOxtfny6QqI5LX8b8XLq7giXNWvY54mZt13XDsB3W3du8rpobIvh2n8TcGxG9uzh3C9Okkh2+W7glHRLW+UAPlchQNo3A7e6j3EV1sXJQsUsDa5i4d1cFr93sD+G4tituxfLtOxPx2ajz2Sz+iI6sjxdEVkTVUfdYJVNyuHpxX8lXHb+cHY39XIhrb1Ev8AJVGX5vmZ+ribWIXpxX8lXHb+cHY39XIhrb1Ev8lUZfm+Zn6uJtUpiWhXnM3/AIb5ap4K7cSyQevFwT5MdoOOgtkZjeJGsDrm7CT9Xhdfl1Ye7RYDYeKimlEJE8DGz7zd7iCOsxGkdyr4ZtxIaMojaIOfTametKeKTZzZTWV9/JpNcenIPCZ708V2a8vBAbw2DixjuLHxckBuutpqHhFruRaS+yqIJ3Ip3736RuVUS5Q2BQ/olo8yeRlpdKB1HfGZUleROVPYkywHMbByHswpXQZJk5ajt7gWDwyM4BJDnT03FeAI5AGVprDLTfzGxKqg+N467C7uP/aHoue/euWyXfqNurx1vzW/V3ZNuLo1h3Io+Ju3sLNmPH2pZ90GENCuFGRVFuLC2KZNiOF5MN2L9srE1ghnkGZnwaudheRmO9FuM5sb07LHzzjEKwnEi2IiIoSWmuOVZbkJpoYqO028TLlyiSnnnO4z5g2eGKEMEtsN8utL+ZDFJRBwMa5tdW30gff9iImyD/3Gh7inj+SUwq7Ip11i/VCP9lpVIsVbLhnWucl1yT2cEKt5znkoYopHExILWN5YGe5qzbYir3y3EqAHSJ+9wuMvhSOvfCwsFEtodOhZgBN37KNkmXgZZyBusY5Y5BWK+K4b7CvmN/FYhjD4XtfITG1bKHssOBvsd2uBmNPN/OlEai8sNRjFVlNboj1cCakGzqE0yzhV/wDudCzcaiCVRwVlT/7tTMjmJ47/ANlAFqJJLJ0RIolkuq01vvUpe1vlPmG1z3Aa+qu5jBbe9OtkkIZ5VZHILAsdosMLUcqqdn3EwhbJRFZyitBIwMjZFe8BmAKIPiTPBKKbm8rguNMZn6XLLynSNqC/dctLdNYob8/8h+5aqbIQtH7vPmyMdx40E8QyCry7KmSYdTVYy2SOaetik00kqIgAya1Xs4FNwJ5JpZJ65HJ5c4+4MCbDaYwXuFxDPTWYluvsbHuukdPtQ3SgqVixNaeb3ZjPVloVvxa2XAdGCaoL2TFgUgpnW/gsB45EiKmGL3YYtHdT7h1wtu/KF2vdPJpD/IV4S7Xs937dd8L+L/dPw9t3t8sfdu4fwu18N9n+D3WqUmjbS/pAGTYu9c+aSFgpX7z8J2hELj4h3PXqyx2lhPFP5TxRrTZdu937IHjd4Ist969gXxZ747Nr9g8T3KXJu2ckbHaQbpxU24D5EdNzxIKX2OzD5w7HMmsZSzIBJExRXZUOKCwUbR66u3hzyYeUVcEFMeDHXk5bNF3VmkN+72sl43cOuGFPk97HdPJp5fLp4N7n/wDJ+2M+CPD/AHP+F2e9vkc7j3x/GdjwL2v8V3CgzMQ1oUpSgFKUoBSlKAUpSgFKUoBXAJWeipG8XyLISIw3ZKSyxWM63elRowgCJp8SAottDPLBNls8spnE9PMuZzGCYaMhlzZ0sAOpnCwWYuNs65/SgMakxcoPOGj7ycWheZ4djPQDVfc/b1qROn69WHZkx7FvKPwHMxgHV8tLpXm0tJbDwWkV5Ewkogwy8eP5DN9/lVgAuYKFzg+qfa+SZeiDXGYZIgCG1HYObGqzFA5FsNpigRSRX09zOYKcgJp1RUT6YXJoZU+cCVnGNgeAO4t9PU7JvdFK5QETPxz3/jE+jn/+IeY/WeAa1F0BkznRT6Qrq1ok5OSmUd/oSNP2OI9TZ3lLjwW9N4rTInazUGunKbkirGc0JatMJx2s5EOGAjwgC7kCoLxI43k50mgcCbqULMtiuYBkwFw4NjlXU2HnmbkaBIgkCPIcPq2QQipKk2pKBZsMEwt4lwRTCKhri4ZOuFbJlMDYzMbi0sppLM13sTzrz6QlrbyXSYyJHkpCkFAmXi9jVvIEm7CaJRs5cIDn6UGPGRAm6X/Yeb7xlIRxwtsscRTzsOs5OPoBk0ikrl0pNXHOSQ7Bw851ZygbZvgX4wZi1ybWTL1Ud+4upCYWYJgsGUAjyLWfG87sJRjZWLlhzSfiDHrmbRZkmssTRtLFNIWIpQ0ZCzKjiETIr9/vZElVWi9Nc3vLtbSOkjNPTQbkFObtwUsSykxx84NwcaouncfFI2JsUsieOapFZSaiipjNhuRU1qhihjI9lq1jLnwGaZB6D5BFnMe76mbpADHanChGPKPG8dFV+U56HQ4eiiClE+bUCQe0aisORruFlK5hMuSXVdtM5QY74dRbEiCkrj1aiIkhE7t8y6Cx9P0VHsCYhI4Go4l8k8QqYwP4nO596ZE8ws8TWJru38V3vcC+dh+6/wAX3K+Xb/wezXlr604Gc+MThiBXe+sofy6Ql3PLv+5jJLu2bmIwxJ2EyNdkvcK4eUg3/hdnHIS6re9rid+U07WkHhSLRuNpVWWzrNk1XZ10RDUFPYfSLtMtR1XkCd+70D7CumKGgHM2wWgBnU2N2pHTajhMJhrsioDDndlmiUouVajZvBqKipG1E6nF1EilrBpKUlUwmJpJz2qPbahi7u8Lcz7YRsWMJ7RnPj9nt7FEQ6ZBOn2wqmYWfJF0M5SOFsAixxUZrqIrTVUzRYPAsYPo5kYvjiDnhapxbUhoo2r+yALksBduiwLMAa9Y12vet0USPXFiqWM9ta+PcLkbj927a18e59t2bdiszHC7dZv0UV3+FO796W1m5IrN/u3de18DeNGxHb9790/g3Ast+GbW7j/FWE7rb/5JYS1PfH+/76bxklIyRt6/enUXQl/5g+1/6Xw/7GIvrQvu5rFyIzq9GauaacoPzEGeitcdKdzG+ZTB20Hjs5RFY0cAdnjNKi+kKjb73SxSyP4CTARSAvevhDMSxgcTG2ejoS/8wfa/9L4f9jEX1s+oMzbwY/3w9uZbWrln43NDFvmFH21B2MVl+ZZ+aAGgGp0FBszW2JzmS4u9+OJETZAWsry2nNCR2QkqaWZap9vqySAKmqRtUUCWBS3/AJGXnynumbtbtXOO9voMMsiUQnG4Nht/X0y2tKrcgJDRiqmOjtZoxavrhYu5ny4M0cxhj4dQ1BBEMrLTTLHUgE+tr6DWxxEn776czPLPybmsrK0ZwypoXHjq8p9nv1IFbrDMk1GT1pvDCXzxLYq5tqtZ7Exwsu+BCUxLAF8SZcwIXH0/Psm71FjvJPj5ZS24/TzUcJNkOFcTclhFQXeaSDgDaWVhIwECzVUtLWcyR5QTcBQsjxQAYriJhcW2VgzOllq2imcqNtruRfRDlc1V48t1tmmTvpD288fSauxVNxaA2PrvLsWP2L0BccigiOBoRWPkyV1nHSyMXTbHxCmaqZHcBZTDOpIDXVE5f7Q5Hd490l3kb1k4jtAnhH0CylMULrmyc0bUyIwScsXieJEtWeSGnkmDGyyOXbThdh9SYiuEOE5AjieZHWmuRDMIJcRYXSVZENJ+w+jXN/rc8uaEQttTOe3KO54I0L3QjZ3FEmDITUBMcElRiBM1vLxqyRI/d7vyfZdsH3ndccuZsN+FrFM1zJVfjhRO9OWtUeb/AOZ7SZkcaCOPhy2RbBrkcTxkx9LicnaqMrTxeU3EXON3Y9Cu2XO7nlgaWV1eu205gXbrhbpp+JKuEeWFpQawSEtpvHuZWVPSLGMILrOH7B0O21barkv4u9/tF9cd2No2LyC6w8hD8VYVaMsYa9MPW+aIXmQEw3k5vEjTcio14kOZmrKs8G2AObOFx1MUgMtmsREIw2SwDz071i7m/Pb2M+XzjIk3nUvEr3iweQVRg6IuTSE84ELWyMtr3mO304gbn1lywiDy6eWlk+GzzraXgHyI2EE6gJysCXNoxB9ESe0SnzEnzHWW8Zap4UUpSgFKUoBSlKAUpSgFKUoBSlKAUpSgFKUoBSlKAUpSgFKUoBSlKAUpSgFKUoBSlKAUpSgFKUoBSlKAUpSgFKUoBSlKAUpSgFKUoBSlKAUpSgFKUoBWUPpkf4o9u/pfQ1+pUvVq8rKH0yP8Ue3f0voa/UqXqAn/ANG+/El6D/m+f/7bpPq72qQujffiS9B/zfP/APbdJ9Xe0ApSlAKwB8+n9Ka4V/8Ahyf9RSZK3+VgD59P6U1wr/8ADk/6ikyUBv8AKUpQClKUArgkpK74b8ZSMvRi08H7JKIxHerx6xhVNLRA3o+E1vqB1ptMRZW1BIRUjBxrwJBHzU1dVTEshicuaPqBIoEKZC53SgMWXFq1Ob/jkZU1nXXwXi7NbM7MTG6Zm2F2fXOTXTaP3XJSwtHzJpDQhUHuD9GSW41MTyqYTkoN0nCV1pfcSsVKp2CpinldOOkU67lzs0Xss7m6IfMOdaG4ySYzmb86CK9ofHpvDpmBo45vGKKkhITWx3ipZZpXgVVCGPGe07+CEsBlbGpuUoChfpE+l2y29mjcdQ7qrG3ypyMhbZwvJqq3fHFgsjvVkNJLfhZwLfheRnU0EIfweMtJmHg0spjK5vvntiRAzgCYyCtM27VNt0OFVVb0makNPudUdfa6mSZE5uBwtRmvBnkVkuZe7YIOZuFDoyA8V1vhm01orCsXybqasmS5xb7JEETDKTlKAyd7t66cv3NgDDepOxWlDI43NL0SWWlJ+yb2Uds4v2QkaWkpnZmblWNGSdEhIt4DBGufOHCgzvSk/AVbBQV00pJoTeGbrjnbzrccU270apQG19UQmCakjU7ZGLdh2bDkjH/A8aSulRuhuJv/ACcKZsQMVNTzAhJcBskDLeQCIMQBVkM+dTQ1myoRvXpRfVv1wsaW/XMzG/ajzOch2imxOrbe4tWPrKtyZFKqmONdl3deEZMNOUwRuUVsWHDCJFA+SUYczsUiACUjvGYXjFzTbZcUVTWyJ++OJGuqty+OXd6a+MzgegVkQMZNzFpbMOh6xskyDUlw0QFjttQDDAkeyCv4uE5IoLRd5YkrkwRiZFir7mWFIodAFIpo+YZoMvq8pQfvOQ/VK3uX2A5Z2j40NxtfoKanjzLsqxEea7CaPh1tNnw8ujLKObDI+Hnist9sJfbFypgTvlZWk4nbufaZGLZ54Y5U+8gmoXJ64OADTDj71RgxTck/H4Q1WgzbVqJMxQkxz7MjeNYZSwJUaJJ9u+REVoLIzgf7bb7JUTDQWnSmLDWMOUDINTQFPLMxqjpQGa+EdpuYzXOIo5gqHOjVprJi+KWkjspkthK5bNOASqYiIpXAsBcXLBjYZHVI8JiKorKqa7ofWVg2eVlIcyoHTJgWYXIXDvJdslqxrPLumEhCahbnxWuxlN791pcEnYLcTSCbFRUZbkXWCT3+yiwCI9iDfcpfwCnuoqAVZrwLJ62SGuiI7wDX0K46lBkYmTreaIeajmViBp6MzBoRGPHRAbqf0fuXZSfHJtxFOyCq4GyxF0o4s0OIWBFhPw0nKBhbTiK8l4vCwQJ4ySTkNTWUEj4TVjWqZqNlIZTWbTNb4GZZBaSAjNlELCC5DCF0hBTiyUmgZjZ/wxcwiZQEPIXP+EJljfLL8N71+/SjRfxmu03lcNF/Ga7TeVxWe7RbR3aOG+cjlg3DkiL/ABc1z2WZsQJUJyJ46x2r+Op9roLFJLoHiigu1UfTc7xMoykF3V2thBBNd7duTEMBjAZi6EaUWPHCuFjxwrilKUBQv0d/S7ZbRfTGY4n2ojb5LZAde5c3yugIHjiwXv3+wHehRwTbq/4Vjp1O5FK+ETKCrB+CzqkWWinenbnk4sGOWzG6v2S0z330/w"
20:09:00.183 [Test worker] DEBUG org.apache.http.wire - http-outgoing-0 >> "CUOQuULjmiFgbXNXaeK2lGm3mojrlhvwU7FZzR+TRkhmSpF8ivEDJikjhZCbqUTPlF/PIUIyM6O1TVjN4hKrN0cUoEhk7maaHNL+Qve7lEgbkf5FYWYGnUS6Vst5Iur2pDdmJsz6/FSQ32ROpi3IskyCxC+LIwAxCOlFYAFDOlzGCg0WSk2QrlyS+vuD9GZ9MN/NEuTOcORrjfhhhbbRVuiz2gkbZ6dL8utmAXiHJTDKhJ7cliMZCe5fJiXFFAuqKamUcRnIxdVdT3LYJxkNxJSu09JFKZmo/ON1mZwtcdJ98dxOT+PeUTkiilgautbVqNHNHmnunDVlRAnRyN5zvcosJbtlWU5DaRXFhn1QdKXlGyYA3M8hhTxZoiXJIQjFsfeMU9voW5ZDnOAZ3sRuLD59muOtMVk4v0hbKvulq/AiA0XctpbaV3xPfgN8LjyWRXgM5Dj6QUjBZZLeVi5ABlLlj+B1mN64eumlB1s67uVC6sbk8r0sToy2Fs1wyfNKhRcDcuTwn7yiet08+I4iW01xXbofyVx+1012ObxpdBBFaHbpZwHFE8PeMB7uiclmws7eqUoBSlKAUpSgFKUoBSlKAUpSgFKUoBSlKAUpSgFKUoBSlKAUpSgFKUoBSlKAy9xtqhyZcQe0+3q5obquxd+9HNyJaVdh06Dgth2BrPKeuMyOjHPxwBS1eUiuTLcLDU8ME9HJlyIh5Yyb6C1AsrJJ1uqOTvkFxr6DbeHN7NkuWfkbS49Yex00x6jQXB2t8cOoGREDWyCUk0iqBxHWn4ABijOJ9Lh9upmZxQa4phMwENvFVDPhhPe7Xa2gKlB+6rTR2021UzpEj3O9otOeyaC0YETeXXWmWX+pyLro6XDtPEut8ta8JysF3HCJ38HJaSVTXO00MMuQKJ47MKHhRu8zbquKXUnSotdD764iuPmeNcXHt9uVu4rsZc3d3+ktKfcrIMdmTKwwYdjxolFEhGkLNdbUsLmVnFrJisZJLSmAIOnmSxBtooJ5wYtnB0Ld2dKBIZnndYrEyuazaw8qPCm89ioO0v04YnInofLkvOib4BbpLZ+ONZpT1wVHkCTBWI9dYkuEjCI5WmSBSUhOT8mlidzGxTxHde6equFWaxOVPGDxq7ANybd4uQHkmAjdU2t37Ip8erUNMBSFdLAhDXNDSiqEnRBi5s8AgnGfWUdJa6U5c00ZQSsiTLQzwS0orCwuiBX9UoP3meVUypafQdzHcMTPkbTPXXTBh8lWoxKQXw9dUJHB2vjHXB/RG3H2rGF8ywZcbcokrYuIsUcJ4+umTTFDHyzVlBwHy6gOXXyKM1J3cOnHVPWqyxt1t9uw5WS6d4t+pSJSPLpGOhTKgwomZjcutWj+ImisKIWBxRCboDhUAVU4XzzTsiZFroABxwYtQN0rl39KZrTxp2M1p407FKUoBSlKAUpSgFKUoBSlKAUpSgFKUoBSlKAVQvxL6XbLay7yc1UxTfG3iTHO222bak3XxxeOLBcnygMhPVJmMm1vwQ0XUvrrU7iC60DPwa9kxtq4nf/ahEM8yp3EtfRSgKAuSrRPcIlvZrLyycdSFHsl7DQhHC/Ac2a2yS7wY5Rth4HXDq4qkkpuv44FdEbT1bys51o2VOuQYsm5jhNZUEMmwWiI1XTGeVdUOUDl92u01Xt4dVWHx8aTaYzEkbEqkTibFx/srLewcrNcQsYaxMRXikrZpN5oFu9jCCaBPCo6oTbzidhzAddVVJFJtrUrSk5xz63hwJoyp39xhBlhtEz5cg+iG47F5C4Y5c+NttR7Kk2NeJVDXjZnVqQHoUi0hsXDg6gMrJAzZkdRAGQm8+kg9dLwsZc4xZIDyaDEUrWUQUJVbjj6Uceo/JNyvbsadzFv5rQxdDtNdGJCDnRta6hz4xdkpUnmdUsVMOtBXdDijIrkwEhjt08kk7CJxvMNRskCuVEuTXLPPwmz9PFKfm+mRH5F9siZNuTSBeUaSOYuAtomPxp5b4ac6WR2APr3HSlt7rZATTWNhncQAW3HNqomyQvOJy5rDHVBUdBRU9XYCfhktxy2XOjKYZYtcVZsu193a5fJFmaPmTPHCB83KIHGu2IPyb/KVaxS98nCLcmaGuv/JqzWoRc7v7BsIsS8FIxsA3fvvvi2fcwBLXubpQClKUApSlAKUpQClKUApSlAK86Hh3/pcPIN+eLkl/bUrV6L1edDw7/wBLh5Bvzxckv7alaosvP89oRZef57Q12c7msM5bl8Um2GtetjH+Uea5LJw6EyWX4ytBn+GhGrsHE74XsfGN+uBrNNN7wa7ZW1Tsqy8QxNd5d5ErmFEyUKGOTnOPZpbQ8R8Tce22LdOoVzmokBRW/SyQooii4I2lGNo7ZIBZebS4mmFlvHF5gP8AbQB8gdIHFVurV00QmMKrN5TMhG7S6VSmbTXle56uPOMm3q04dJoi5TI/iZEJsiGdj4y21jzV5/qMdNwuGnMpLmdlTqmmsDrnS0MIijnVlrHlDIEsmBWPqD7V8zboVOe6qaFb6bCb4IPJlyfPBqxesRQ1lNnaq6KQA/1xzR3E6ctBmwVN0TM9i901Ekt9DZHDR0YBMLKyGfWcEBb8IpZBqt5mpWg6lPK/d+7rsyDzeUePMNVjo1DkaaZ7LN3pFWwu9atGdy2qj945UWBGxKtnlH49lCViclwe5DDYyY5d1DSQTtgksxwj+GzzPKt3LIliDgr5DmiYRjrbny419itoUrX7cbj/AG+QU99tVXCptlBQxHC1GbaYdf5UIKTTk+L1lxvNfaTbsUIkXApqZcuuOhIA8VF6TklIFzcLnTQ89FlKDPRUDwK6uTtpdxPap60bLsb5NZtjX5c/HVleMzOePgXxx2TmJ/tz/wBo2A4XU0lHwi0nUgq3/dK8f7z7/wC8D/eqmVOki9v1KUApSlAKUpQClKUApSlAKUpQClKUAqhfiX0u2W1l3k5qpim+NvEmOdtts21Juvji8cWC5PlAZCeqTMZNrfghoupfXWp3EF1oGfg17JjbVxO/+1CIZ5lTuJa+ilAKoT4M9LdmNO1Dk1H2OjX5OgthORGZ51iDLxxYDu8bordg4ebfdPasR1OfJA7/AMcb38COeyK4yvY7B1ILX7FqvspQCqE+DPS3ZjTtQ5NR9jo1+ToLYTkRmedYgy8cWA7vG6K3YOHm33T2rEdTnyQO/wDHG9/AjnsiuMr2OwdSC1+xar7KUBnT280e3g1q5OTHLPxsxxH+xanM8QJMJbkagPWSkiGFiUSbXDQijOkSN5Lc5cZkIznTUhos9HM5ufuQiUC2s8SIDhKPNZLoPEWVptyE8jXJBrBvJyLwQxNMtfdDS7lcWt+pSPNLT2EkN3zY6O8bCSZIT8j0qGxSicjnEJruFLLJprBQT1Bnt1HLppgBQcy6b0tUoJSgYROnFfyVcdv5wdjf1ciGtvUS/wAlUZfm+Zn6uJtYhenFfyVcdv5wdjf1ciGtvUS/yVRl+b5mfq4m0BS7w2aZ7LaqbB8xr1nyNMmE1tqORqXp7gRXu8Y/dOL+il1veQVZDdFiLLdbjVGvkbTlhKNZIb0ItxxFrHcQTSSCYANgl6lukH8LW8M4TbIk9cZEaEJEA3jhlvwpvTFXj7F8dFlE/EEjRhJ8Uy0SElJ8MZCUF5RNRy2m4pjpZowrJYLUEGxKDYPlxHA9plKArMn3juj3eLjObuiuyqcdb9lGDYmbptXRxktRcUXStH7VQLIzsbp4sYNpR5RajoTMwjIZQ8KkuVFzVkEY6MirZnMSt3XFzdIC4/2Cg60P7S+IOU+PYvSSjQifY2Ktr471rk5SYSGFgQahKW2rPYAZdddScjAlEw4pIw+AuIRMK6o4X0r9+OdW0q0okGojERGaiMZiZK0r5OuVHbXQjYHcOGYD49oP0E2IbGyDWixFmIXajYCTnc2nWxHdg3VpystMaERN1rKubAT0sdRKHTq0hZKRs2CnOfAMEIOXvLLxZSPt8/Ncd0dNZXb0Ach2miscUIVkB3p5o7HkhtBREMDLERSpZMJKSuXbB7I+tBElEmmLZcumup7t9Sb58m7hFFEu5pQpQBbdDpAGLYuys+FyFhZX708GWm4HkHh0PXq6v2nc/Gy8Xig3myzdsN2R7tHwvdbuW7AXjNYxe/Y7C4nuLSTdTJI2O3f3TlVtz5yI7kHiQsvvhmEDhKOYyYybmQFSIdiu6oTT1g22iN0hvAHlM8nJAIyYz2OgpyIVLtXNXcF3tKAUpSgFKUoBSlKAUpSgFKUoBSlKAoX5c9Ltltn9zuFuWINjbx4j/UzcsaV9gV/xxYLa8QGBmuxCcxX/AAU73U31p1dks110TwWyU1yLVu8e0unWEMk8DFmG9sHTTsbqfMkQa5z259Y50dDeLCxZNbUPn0080Xehq6cvJpdSNpeAykC2HP4NEabrHTi5pTJt1cUj6UVMqZQmDnLilAZZX2+OkYypps4tE3HxzQoWl59REqa8PTkAWN2IpUYoU0JwtcZiuSZLQoSIGJfBeCygnDymIXyInSxN0DZuENrGSOWDKClW6ODhkOrg1bPECoSCWzXGbHBEw2ZkyRx809J2AKvtRmA09SiLmLkfBaCpIq44Uc4mWHzWMY9XlFOCM2VcsDON99KDM0+d3MuC49ukguzUo7o0b0OgxHmlZjgWCVnkgF3Njk1FYyCcQsmipTMUhIqkCzSWfp1CEGP4iXRhSxV2CXc4LQuTvgzS/a8vcATRcPCjFfGBGUkEkCX9fzyDNUSzypJ5tOT89qUtbcjrXnqrF03BQXUlsO0893s0SYpTNZXGU01hHHLBOIy2C6co6OKUH02qu2sXjXdEXQy0z0udIi3F1Tcmh7j0HgjXR4y+yhYXnHfUzt9Grti4+w14li3JJdMfQQzSB+WW6rPxtmVUoATUAlHNuhKJzvAsEdHTzKFZq8NVGPo9wrTLqbHJowpNSDOP2fWWXXDhYEkedCwFDD6UXW8FAkXzFLklF5OxQW3SoEy4ghcqcVxwAM8wg8Mr2w1EHkI/mD7wfog7K/sYetBkISsZf+hL/wAwfa/9L4f9jEX1qd3ZP7CJ2o2xgmpzLMyBsubiJ6I0Gtgq5Gm0RRpMX0cwhNRYzcL4X2s108q1VNRAdR3wo4EvvsmijkSRi6gZKBCZYuhL/wAwfa/9L4f9jEX1s+oCn/gm0NdfHTxowVr/ACe3yzbnBQFdcpzynF1VFXci0oSEumVEwkmlttqKw31g40mkWaLHMKiKrqqUoZtexsgomyooQ2XDOQ+KeVdlbWwFuhx5ustPUdMRoqrAn3jqkGWgIkYktFDgi6KnSGxXatlx2iiSEAEtglRlByjlCqQYajVPlCThKHXMjGbs6UCx1a1P8MvqzqhyZ8pPIDoxsXu7q2wuPzVzj2kBQm5mxNhsGxNj5nmWZe/Wwrts6cccVgXZTeaaMtsptGRCxsUmoFE8FcKYhuIy4yplo9p7w6Nb1wxyiMvl446mNG+xrnW4CvrVsvqdI0hkIhWpAZRVXJLCWvRjJ7gAHaKAqiCITSxOYOPIuEjnmeRNgE3STc6unoui+lBmbO0WbUywy/qlymcvW2OlLi3L1Tj/AI7dNtK5vQNkFJhGNio/2UmmdJHaR1OPoCSWVYlCyababWdk4VBM4HDKOeTERfcizgecSvkgpKPqepSgFKUoBSlKAUpSgFKUoBSlKAUpSgFKUoBSlKAUpSgFKUoBSlKAUpSgFKUoBSlKAUpSgFKUoBSlKAUpSgFKUoBSlKAUpSgFKUoBSlKAUpSgFKUoBSlKAVlD6ZH+KPbv6X0NfqVL1avKyh9Mj/FHt39L6Gv1Kl6gJ/8ARvvxJeg/5vn/APtuk+rvapC6N9+JL0H/ADfP/wDbdJ9Xe0ApSlAKwB8+n9Ka4V/+HJ/1FJkrf5WAPn0/pTXCv/w5P+opMlAb/KUpQClKUApSlAKUpQClKUApSlAKUpQClKUApSlAKUpQClKUApSlAKUpQClKUApSlAKUpQClKUApSlAKUpQClKUApSlAKUpQClKUApSlAKUpQClKUApSlAKUpQClKUApSlAKUpQClKUApSlAKUpQClKUApSlAKVwCVnoqRvF8iyEiMN2SkssVjOt3pUaMIAiafEgKLbQzywTZbPLKZxPTzLmcxgmGjIZc2dLADqZwsFmLjbOsicxcoPOGj7ycWheZ4djPQDVfc/b1qROn69WHZkx7FvKPwHMxgHV8tLpXm0tJbDwWkV5Ewkogwy8eP5DN9/lVgAuYKFzg4GyulR42qjefZag53MPWLZP5o80rJhtiNSe/kdZc9+JoCY5khUcJb5LZBPJrUcXjO2yaq1e7KRwLNF8M+HCNhD6cWDyzLcmKBzTcaulky7hvPpAnj2DGJJvlm5HYfFhpy0jcgvF3OdIajaahNw5LTmzSe+z6vieUVMJureaUiJ6oq5JpkEiLjQGvClUjTFv1LfGhwqs3cfdNSvM+1KBBEXGXWjHUhsR/m+9kZZBSrJ7HNJTJQm63kVJaS64RCjlMN9vkDFmgzFxYKp4yvewA8CltI6SM09NBuQU5u3BSxLKTHHzg3Bxqi6dx8UjYmxSyJ45qkVlJqKKmM2G5FTWqGKGMj2WrWMufAZpkHoPkEWcx5q2qicNduPlMc1XUrOXM3SAGO1OFCMeUeN46Kr8pz0Ohw9FEFKJ82oEg9o1FYcjXcLKVzCZckuq7aZygx3w6i2JEFJXHq1ERJCJ3b5l0Fj6f0HPYfSLtMtR1XkCd+70D7CumKGgHM2wWgBnU2N2pHTajhMJhrsioDDndlmiUouVajZvBqKipG1E6nF1EilrBpKUlUwmJpJzhDI9XexqwpUYdLdqGLu7qnA+2EbFjCe0ZzjtFexREOmQTp9sKpnEQi6GcpHC2ARY4qM11EVpqqZosHgWMH0cyMXxxBzwtUnqAUqtvkR2k3RgBMi9l6M6MuPcOY5lOulKIuFSeKEwIJhGzdAQhQ3JNToUj5M/gSU8VkcdAQCBlDzcmCAuEijlJK4ScQUq3uBndLkG2bnblSh7kFkiPHo/NSZ0jGMUFuRMzm2241YCgewlsq90ZlK5Nrob4dbfMKLTSbEFKRlVyLgYZHtgDoOBozYcDSLSqJ+TneraVI251N4tePtVYDK2s2lbrrlqQ53kpsWfTe1q11ZvhgAy/U5iGBgUl2PB0qzZdKU1yThuYQu/29ghnSHd3WRX23/YUa3OFq3uFDzCmaY2byg6WS6lLpSVJuwiKA9SZf1UcyUABZGWBWa1HehIsmsheOGgLDEm+mux4XJBrQgRRHMt5MAfgZn4Xr0rPJyLb/7ju3kJg3iI41luP43nd8xmdnnZHaGQmcVkxI1vhwAweKJ+Tfj4+NiiL75UcyZQxgWc5U4jjjOxgIuGJHBzKbla3S6zuLyTcUe9WoUDcg+xzF3r053re2EMMbZgrAzI1ylCE5zOmUpObrfdzWjIxiwDrOWlRfRw8z57up8yiiLriLqCP4jqKI5SRlmdRkEjLzTEV9msrag6VUbyC7ScljLk1pa18cujJCXnq+mMC7VbbSdXiSaGqcLhG1tZQc0xdJpp8u8H29UzFMLrRtpoplPUwEtYRlJOSnYWzUyhGPXRy90tq96tHpSlncSSE6T5aa23sxxSAuo7OZbJSE5qtBtRodTW+lpTIa7TJGk5NVF9bzIqqyQNuQ2WNBYKymbyABsCBfvSlKAUpSgFKUoBSlKAUpSgFec9w8YZdbh5A790zt2sy8k+eVrWD7AmOU0rNrB59kO97YYXzxyxuHfAS+QWHbiZY3ExE9GGvOh4d/6XDyDfni5Jf21K1RZef57Qiy8/z2h6L1KqB56to520u4ntrNl9aHz8ms2xr8hniU9fFlnPHwL447Jw6wHH/wCzj/bzqaSj4RaTqXkn/vZBP959/wDf5DvVTKkjpeKPAdyU7E7QpWwGnHIAvkFPffVVwJrmX1wJutVm2mHX+VCKa7IwlBHbjMQGm2rFCJFwpaYOOhNdHAu016MVdXBzcTmVBc6U0WUqhKRN09mELpF8D6IJUld66pvPjvWJ0csV+JzAH8JSoVf8zIgDp8eDLVGkcn3NMaiAV8CEHgVbmXeHds0jIwaOimfqclfK1Psb7XRTxfca0SMqcN/ZfbPjy51+UDimBCOskXDYGRLPyTvAJgoon1K6aUNLYCPdQJWTiAraMeDXcqPBrs"
20:09:00.186 [Test worker] DEBUG org.apache.http.wire - http-outgoing-0 >> "9eJHwrdL8hIq1Wj4+y/ilUDC6Zc/KS1xXum8z8OOyVypIRWLwe4+PeGUTXxUWMcLDBs01JaAd+WpPb+Y9rlLvEuUGWe9b92u2sDF+2wnjxvbI7b7HQeoqO7eoji1D2CYbrU2M70AQ+QVI2kYZIFFLXkOIT2C6tLlmYrjlx+4El8U1kWt3uMjuR3IxsmuDh46pWvClhFKzANTkI5E+XXZSfIs4q3xEep2lGsL5NxS/99JLjMtOr5leT061slJJgeL1tQIsE2hFC4gaphk5riCjtk223UecCEO6ExmC/c2nc/OpxWRusbbqu1cT8r+uMWFbujYiJHnrKwtVpsasZkMrCud5xi44SMGm2rBtdOwFWV025UpQuhIoBxRu1l8oTOmyK0ZSRddoR8Ccoy31238dGnOlR81R2birczXKH9ooTVR1eMZpZie8WyKdCCLqqdcfMcitNteKlxzRcm5Wi4SKs1XMRLmzZckvoykUANmggcBxJB0ApSlAKUpQClKUApSlAKUpQClVt8iO0m6MAJkXsvRnRlx7hzHMp10pRFwqTxQmBBMI2boCEKG5JqdCkfJn8CSnisjjoCAQMoebkwQFwkUcpJXCTiClW9wM7pcg2zc7cqUPcgskR49H5qTOkYxigtyJmc223GrAUD2EtlXujMpXJtdDfDrb5hRaaTYgpSMquRcDDI9sAdBwNGbDgaRaVT9yMvPlPdM3a3aucd7fQYZZEohONwbDb+vpltaVW5ASGjFVMdHazRi1fXCxdzPlwZo5jDHw6hqCCIZWWmmWOpAJ9bX0GEMbbXci+iHK5qrx5brbNMnfSHt54+k1diqbi0BsfXeXYsfsXoC45FBEcDQisfJkrrOOlkYum2PiFM1UyO4CymGdSQGuqJy+BpfpVDXNDslt8wpX4ytR9J9hcNY5b3d2ddTLcUq4xJGc1mUOKI8YmKu+DYLElJGVkNRwShnOhLwneRhAUhhEoAj4wJ5E4dwMd9at6dcpMUTc0X5svzIKO2cNooDjwc8C5cf8ArJBIL0MKbZV0lvjGJNj9RPvBBCbDgPJjswARgwclgwiAI6gPZJPHwRgLa6VnH3I3u3h2M5PQOI7jRfjB1/X4niZOmzcnb98R0jzAfiJGcJZDOtZkR9GzlGxZq05jyW72SoZgOTAcZZFdoOJQRuJbPcKmqcSj7dbkL47OS7XDQjkhmxh7hQHvUnuFK1f2/RYdamv77QpgbPedjUZSIwmCNZjGAjqgrtpuFbo5MwcMHn0yVwJcDAycjdSRHSEZ7OvMiqfpxdr/ACWcdmXbZWtZ/wCx9r4Wtj2uV8m7D97ZXvfG+fbYWxvbG2OeON7Z5dvjle2F8NvcR2vjFEY2vlfO9o9Zdr55drbLK9m2m2vllbDHHG18v9t+1xxx7N/wY2t2LWxDdOK/kq47fzg7G/q5ENbeol/kqjL83zM/VxNoU7BpWfLhr3g2i2t3Q5tImnyT/H2P9Rd2D0R68oHiVHjW+T6PAZE2CQg2/wCFWW0m6tuztUpjtcr4WfCk5Vy/gvu+SlcydURjfCnpyFb0ciG6E+aUcTy1EsHxFqGtgMnanf6YGUJLOJGUjBlRTzEY6+RQKfTm27l1uqKOulFhUeAwqIfHQFUXvtuJfimoyCyT9DJP0aQqVmU2ZWOd7jBayXs7jsy1eYCDG44W4QnLXwfUVja9z+kNNeWCKIK5oUN6/wB1PB0niR88WsdLLaKuCoRIx4SHbi+klVdVROUc9W/O3EI6AaTTboPIDh1wlja3cDXKKiZmUIkZw7pRmfN8NTK5wWbIEezMw3sGylxPc6K0BXQD4uhOlAOoZ1KDNWAGUCh1nX2PHnT35lOZpDpVL/BvyIPnfjUxVSdicMUXd3VF/L2ue47QMpiS31YrKLMPn00o9DTbQyxBIRwn2QTTA6gXRExLbpN9Ir7Qm6QKpCGWCw6y1B3T2YlHnb5VtNH3JXh3W3W2KdbXLC0ceJzATPExbf0YxS4Xad8cEdqp79cXhZYcq2c72djoXShDv3vdMAJlSxQAAsOOVYj/ABzAvtpSlCilKUApSlAKUpQClKUApSlAKUrgErPRUjeL5FkJEYbslJZYrGdbvSo0YQBE0+JAUW2hnlgmy2eWUzienmXM5jBMNGQy5s6WAHUzhYLMXG2dAc/pWNSYuUHnDR95OLQvM8OxnoBqvuft61InT9erDsyY9i3lH4DmYwDq+Wl0rzaWkth4LSK8iYSUQYZePH8hm+/yqwAXMFC5wfTfvvt+ytB9PJ/28f5ARYb8IsM04yzdBN4p4zsdikfINlgs0JQyBM4pubxfS43GzZTyKm8U2yrc/mUM4l8gBAJeUrLk0Gh0kCWdUUHexobxQQjzK+WEkzqxeM8PUaKsYiUGyvJoLrbkNKmwrpcZSW0l7LTZOEixgyouginJboEs3FB6pxHvp6ELHdxeSt56G8VipvZs9BGEbT+jx40CZ/WYZ8NlzlgthHmeJtdNYZZ9stXcSGrtAu4TJhzHFtIUjimHHaaoHMygbhLCpIbOvvWozr71qW4UrKitpHSRmnpoNyCnN24KWJZSY4+cG4ONUXTuPikbE2KWRPHNUispNRRUxmw3Iqa1QxQxkey1axlz4DNMg9B8gizmPd9TN0gBjtThQjHlHjeOiq/Kc9DocPRRBSifNqBIPaNRWHI13CylcwmXJLqu2mcoMd8OotiRBSVx6tRESQid2+ZdBY+ntH0X8+0GyujLKsvtPbTNGlQ/5CrXy0E3ixtllhfLT/Ze1s8bY3ywveF3ra2WNs8c8L5Y3/Da2eGWPZtbtscrdm16D57D6RdplqOq8gTv3egfYV0xQ0A5m2C0AM6mxu1I6bUcJhMNdkVAYc7ss0SlFyrUbN4NRUVI2onU4uokUtYNJSkqmExNJOe1R7bUMXd3hbmfbCNixhPaM58fs9vYoiHTIJ0+2FUzCz5IuhnKRwtgEWOKjNdRFaaqmaLB4FjB9HMjF8cQc8LUGa5qUOdCXtf5hO2F+2ve19vRbWw/g9rje0Mxje+Vr2xtl2cu2tbLs5XxtbDHtccb3zvls/rGD0Jf+YPtf+l8P+xiL60L7uaxciM6vRmrmmnKD8xBnorXHSncxvmUwdtB47OURWNHAHZ4zSovpCo2+90sUsj+AkwEUgL3r4QzEsYHExsGXypZPSsf74e3MtrVyz8bmhi3zCj7ag7GKy/Ms/NADQDU6Cg2ZrbE5zJcXe/HEiJsgLWV5bTmhI7ISVNLMtU+31ZJAFTVI2qKBLApb/yMvPlPdM3a3aucd7fQYZZEohONwbDb+vpltaVW5ASGjFVMdHazRi1fXCxdzPlwZo5jDHw6hqCCIZWWmmWOpAJ9bX0EC4GlZoI22u5F9EOVzVXjy3W2aZO+kPbzx9Jq7FU3FoDY+u8uxY/YvQFxyKCI4GhFY+TJXWcdLIxdNsfEKZqpkdwFlMM6kgNdUTl/tDkd3j3SXeRvWTiO0CeEfQLKUxQuubJzRtTIjBJyxeJ4kS1Z5IaeSYMbLI5dtOF2H1JiK4Q4TkCOJ5kdaa5EMwglxFhdJOLji9VRNH3NB9KzEK21XJfxd7/aL647sbRsXkF1h5CH4qwq0ZYw16Yet80QvMgJhvJzeJGm5FRrxIczNWVZ4NsAc2cLjqYpAZbNYiIRhslgHnp3oBSlKAUpSgFKUoBSlKAUpSgFKUoBSlKAUpSgFKUoBSlKAUpSgFKUoBSlKAUpSgFKUoBSlKAUpSgFKUoBSlKAUpSgFKUoBSlKAUpSgFKUoBSlKAUpSgFZQemSY3vxINq9s8sbY7gQ3lljjbC9hLeI8wY9pn22OV7Y2vlYS1w74Z9vhja+V8L54Z6vqyh9Mj/FHt39L6Gv1Kl6gJ+9G7xvjwlaEWvnlne7AkLLtsrYWva2U4yjljhbtMcLdqHa9g8L3tfO+GONxMs8+2zyu/qkLo334kvQf83z/wD23SfV3tAKUpQCsAfPp/SmuFf/AIcn/UUmSt/lYA+fT+lNcK//AA5P+opMlAb/AClKUApSlAKUpQClKUApSlAKUpQClKUApSlAKUpQClKUApSlAKUpQClKUApSlAKUpQClKUApSlAKUpQClKUApSlAKUpQClKUApSlAKUpQClKUApSlAKUpQClKUApSlAKUpQClKUApSlAKUpQClKUApSlAKUpQCsunPf+MT6Of/4h5j9Z4BrUXVC/Lnpdsts/udwtyxBsbePEf6mbljSvsCv+OLBbXiAwM12ITmK/4Kd7qb606uyWa66J4LZKa5Fq3ePaXTrCGSeBgC+isq3OEfvuvyW8RXEYlX8KtJel7PeHaRFxvfIqJEsNgOLxWR1jMPtggiDsSm3MyJmXUP4nJaOM8UIAc0KR7Gqms72gujm14/M7yX8lu4MWXjhFdSK2tcdJiZt8xy9hFeCERTLkVR6AJjFeDsHYhhcS4xYTguluTBFcF1CRXmVGTy17KIQobXjzRefxeg+lyB91499YAlC3bM4Xki1wDkPETtu88mXmwJ0xPWUP/wCD3ldUukWz76/iO69x7P8AG9yrUmewJiEjgajiXyTxCpjA/ic7n3pkTzCzxNYmu7fxXe9wL52H7r/F9yvl2/8AB7NV+8qGgjY5MdHJp1GX1wBoK74T0lcjt9GCOSiGyJNZiuUcbNXjBMPLEcdJGUCOSA5gCuWJ4w01tdLEBAjowAwdPi49ukguzUo7o0b0OgxHmlZjgWCVnkgF3Njk1FYyCcQsmipTMUhIqkCzSWfp1CEGP4iXRhSxV2CXc4LQuTvgzS7OsxRpKTrpSEW8GVzWnAznxicMQK731lD+XSEu55d/3MZJd2zcxGGJOwmRrsl7hXDykG/8Ls45CXVb3tcTvyvS42pDRRtX9kAXJYC7dFgWYA16xrte9bookeuLFUsZ7a18e4XI3H7t21r49z7bs27FUgy9wBNFw8KMV8YEZSQSQJf1/PIM1RLPKknm05Pz2pS1tyOteeqsXTcFBdSWw7Tz3ezRJilM1lcZTTWEccsE4jLYLpyj1DPS50iLcXVNyaHuPQeCNdHjL7KFhecd9TO30au2Lj7DXiWLckl0x9BDNIH5Zbqs/G2ZVSgBNQCUc26EonO8CwR0dPMoTM49D009XeCaWgtEddE7z6KrdZvwfaneFe796Wcuxlm/3buva+BvnHyn2/e/dP4NwLLfhm1u4/xVhe62/wDklhLVojqLmk+qjH0e1PgXU2OTRhSakGR2jMsuuHCwJI86FgLuyi63goEi+YpckovJ2KC26VAmXEELlTiuOABnmEHhleUdCrHhPUBWXTge/GYdI4/TvZ3/AJ3sPWouqF+JfS7ZbWXeTmqmKb428SY5222zbUm6+OLxxYLk+UBkJ6pMxk2t+CGi6l9dancQXWgZ+DXsmNtXE7/7UIhnmVO4lhCpjaCP9oZz6U88Ip16my2uKsr8bbXQnPORJtJDtf8AHMI4O9BcbxMQ2kuPAdulpHdTqHAYSa4FgocAaKO7nO7CBEytoyYHn3LtO4d4OC7abRqS7b47Gbt6KbW7DtnWOdY03BV2tIMjR46Xzn3VFfTAkRGbTaOhBlEgB0OEk3yBBBSwRWjdCWsHAXchI82Z28lWie4RLezWXlk46kKPZL2GhCOF+A5s1tkl3gxyjbDwOuHVxVJJTdfxwK6I2nq3lZzrRsqdcgxZNzHCayoIZNgtERqumM8q6ocoHL7tdpqvbw6qsPj40m0xmJI2JVInE2Lj/ZWW9g5Wa4hYw1iYivFJWzSbzQLd7GEE0CeFR1Qm3nE7DmA66qqSKTbRfhpt7jREgirq0yroqTZpt7TaCJB1g6pE+vp4H2elf8tYq5b/AL0w0j10DY2Q/bd1syxWVqjk5rEe6fh7yyeAQNzPe38R35jj3X/tHbV/OloB430t0lFTLXs9guUHW3Fj5lb52VbLAkfTlftSPcL2NXxyywL5Z2B/B33gn5f/AExiWqSPIPohuOxeQuGOXPjbbUeypNjXiVQ142Z1akB6FItIbFw4OoDKyQM2ZHUQBkJvPpIPXS8LGXOMWSA8mgxFK1lEFCVW44+lHHqPyTcr27Gncxb+a0MXQ7TXRiQg50bWuoc+MXZKVJ5nVLFTDrQV3Q4oyK5MBIY7dPJJOwicbzDUbJArlRLk1yzz8Js9+bZDUn4kG1XltezTxWXTolX4uzYX/wAQ/ZT9WIhrUXVC/R39LtltF9MZjifaiNvktkB17lzfK6AgeOLBe/f7Ad6FHBNur/hWOnU7kUr4RMoKsH4LOqRZaKd6dueTiwY5bMYC+ilKUApSlAKUpQClKUApSlAK86Hh3/pcPIN+eLkl/bUrV6L1edDw7/0uHkG/PFyS/tqVqiy8/wA9oRZef57Q0wdKO/EUbzf/AGs3/rD19qtbktj996IkOLnnr1/QVFXUNe4X1/grexnodrYjyfq1ILRbKIVWlIPtgShlTbiiuG2yXVlSx8UsvrkVLQ2GCbHtsg7qeerVydt0eJ7azWjWhjfKVNslfIZ4lMrxmZzO8NeJ2ycOv9x/+0b/AHC1WkneDmk1V5W/72XiHfneHeBDvpTNEiRiajT1+QZA0nZ+sGwDNLKaA59ZmpC0vMVQNET4WZc5GSaz3kg5qSQaPEBDBUS54sWV0Y+ZCCNgAqSSfzuGWNUi6bMvafoi6aT9ujfJntW32zZV6VLo5K8dOEi7GBKfC9aQ2Q5UzK+aeutJ1yPsKqN5XJCZWxzzLKaUMVPg3zwDExDM44CB454ZWr8njf71L9KH5tC8gY4XlQ1C0LG2EMfva6jeJcG7BljQaZkJjbPJL8HDxNgPYC/c8LliQYnZzD/gxp4juInk9055a4ydOwbGDdumeo8DbB6ua67FZyREJ9Rc8OL8iyBJEWBK7ETZAPygnnjCnJbgC7wUWYUKNUvcBvAi4oiSmGx7duS/itnyS9qYe5P+NyUmNDO/0ItzJjrzflMoqCwls1FVrHcc49k7JABHUk9RxTlFSRii3gTMZqBARDKZKzTUWm1Hc3CaquQT36CTVVRUokdE9+qIiPCxfdOf9uIFRmEf1P0QXt5lVxqa4UeaIhbDRFr8JHienlU4ZHVTB+Wb2KuXBfMmjxQMoi/9oTck3IY5/FmwKrp0z5X5T5EkHlKgpT1Jc2pWxGjDNLMhcahuZWvMiiek6RWrOZROS01YZbYREEA4112KsA8DiUrOMirjLJfMmaAwI3yN/bS94OdfJILN1V4N2Nd9WB7xNSGByU69EYfEPWxuHdxAtyyGtSgXSMxewawbuRE4p4l797ZLfd+yNbkXEHxubE6eytv5trtg/ojWJ+5FJRYspPiL4KTnWNF8P5Mg5KqkSREJ5vYcu43eaUM5YOFVLIwgJpRLEb4NyKkvBKORktS5nvGUih0RbxS8jPHfi33n4Z+XWefH/vXtO7+NvjWB3l4R7X+F354ieJXad0/h+D+8ex/F9zrQdsZ4pfN7nfx/7z8RPkak/wAdfCHcu8PFLxIXPGTv7u38T3n4G79757r/ABXce37p/A7NZ5Wtx8cinEZsrPsqcVbHiLbDSnZ99G5Xf+hclyUVgl8RRJ6l2LKarA0nLKedYBNCNlw8EvDBy2CzLtko2moeby6O1kx5Bfc2nbHOpypxusakKuqkT8UGuMplbtfYiW3ns0wtqZsdUZn8rBOdmRi3ISLlW2khuhOzFRl0o5VVPuuoo5xOu6UAocOlDz8k1Iz91ccSl4jPyrtJT7HRHPGfyMcYeHu+/BXy2z34k989nuPix465d994dn8Henjl429v2v4O/u/f/f2a011HzVHWSKtM9cof1dhNKHSIxhZmJ7ObIR0UIwqqNwMxzy05F40XAKlzjldzhPKzqcx4uUKFzq+sqRsAoVCGwADkHQClKUApSlAKUpQClKUApSlAKy6cD34zDpHH6d7O/wDO9h61F1QvxL6XbLay7yc1UxTfG3iTHO222bak3XxxeOLBcnygMhPVJmMm1vwQ0XUvrrU7iC60DPwa9kxtq4nf/ahEM8yp3EsBd8+ybvUWO8k+PllLbj9PNRwk2Q4VxNyWEVBd5pIOANpZWEjAQLNVS0tZzJHlBNwFCyPFABiuImFxbZWxxw0n7D6Nc3+tzy5oRC21M57co7ngjQvdCNncUSYMhNQExwSVGIEzW8vGrJEj93u/J9l2wfed1xy5mw34WsUzXMlV+OFEuT5D4p5V2V"
20:09:00.187 [Test worker] DEBUG org.apache.http.wire - http-outgoing-0 >> "tbAW6HHm6y09R0xGiqsCfeOqQZaAiRiS0UOCLoqdIbFdq2XHaKJIQAS2CVGUHKOUKpBhqNU+UJOEodcyMZhgs6ocmfKTyA6MbF7u6tsLj81c49pAUJuZsTYbBsTY+Z5lmXv1sK7bOnHHFYF2U3mmjLbKbRkQsbFJqBRPBXCmIbiMuMqZaLOvvGVjzRl0ptFNFtOatAltyVcXey+7u8Gh+ycO7XkNX2lqW3J1RVVxN1rFnTNBE1OjbCabsVYrLOhFWY9ILqo1k4g2ibjcYAhtmDmxHkiElJcQkcmJBJ1SBuZw2cm2hEKPjdCc949GuR59q8EYpm0x1uPCaoVm/E810ZrLaJJKG3m3mcQllefbWxDSA00miZoIbxJm0INYTm24rWGb+w/wAn7D25g7eHQB0mNgWCzmMqxlsBxyP+bDESx5KqcdMqZpMk2NF5wXOR22pUJXUSpQ0qugqTLlS7aRRSdlQNUcqYdiLfUjkY5N+Q/THare3W1laI6wcfDhcEoxVAYM7sfYiYJdnBWGQTaK6nG6osDyYTdardVWk01YsUFNDq5CyIfSigCn45HFhrvUs683YKlkVp022RbxVZvBDhPEdja/Pl0hURyWv434uXV3BEuatexzxMzbruuHYDutu7d5XTQ2RfDtP4m4NiN7dnDuF6dJJDt8t3BKOiWt8oAfK5CgbRuB291HuIrrYuShYpYG1zFw7q4LX7vYH8NxbFbdi+XadjvHbzR7eDWrk5Mcs/GzHEf7FqczxAkwluRqA9ZKSIYWJRJtcNCKM6RI3ktzlxmQjOdNSGiz0czm5+5CJQLazxIgOEo81kug8RZWm3ITyNckGsG8nIvBDE0y190NLuVxa36lI80tPYSQ3fNjo7xsJJkhPyPSobFKJyOcQmu4UssmmsFBPUGe3UcummAFBzLpt0iozaM3ShJo+iosKMvaUKnunFfyVcdv5wdjf1ciGtvUS/yVRl+b5mfq4m1iF6cV/JVx2/nB2N/VyIa29RL/JVGX5vmZ+ribQGYTo8vZ8or0kbsdjs+UgU+x2f9nZ+Vra7sdn/AOx/82vo9Dxvhlx2bJiODtry1nv7M95euodrZw3dfyawrll4Xtn2DVsO2yN3C7paxfwjdZsD/wBosd7EveGvR/aLVLdDm0lmfIw8Qo/263YPS5ryv+OseOn5QY8GkTYJdDcHgplu1xLbT7ZKfDXNeCXwmtpct4U7hkm2MklEEpwF2ce293HJujP+5/FA3olnuFNvlwJ87R6BS4+8ohM5yuEcU1MzJWvcqmU5RajTUXAeWFwZUS3aGCkJgi6eKYprmSg2mVj0XTrj4c0l1mA6VPnmHqtx354ZZYZ4cvupOeGeGV8c8M8Y52Hvjljla9r45Y3ta+OVr2va9rXtfs1+ps4y+cHlbZfzUnVrQweJDWV6nkwDYeWlLZ9g7PbAvlikzxY8oMiIU2FCxJvNcNcGBDLLIjmV0sdXTAsywq6QSzCs2XDzXmS405olbRrjr1b0jjhwSwX1S3l1ZkJcJueTWaRdRSGIjjiYGy5H243hK7uagTvcWSm5UIdYAInzzmW1NZMnyCKKVBOXJib5mVaL2/QZnho5koQ5QW6HmjaVch5xD1Z35KFrXAbjFli4Ifyczeog4WxJJ/dCKSVcygoBEjJ7MqzZgxEM+FpIAsL2ZoQHgH0nvnD7mLgOGNAWmBoMXDsXwzwOQZApvDtMscsscsbYj2xtnje9s7W7e1rWyta15u+2m8cb/aizjqVKQYYTdl5mHEhMX+9cDh1kvUgIEsMN+pQOeQfbqTMd6ejuAAv3UIJRDIjJRzLIgfNhCZzej2cfHKPq/ubtZOXIvFJRr3eetMAwCy5JJyjEr+wkQvrylNWL2meGJsd/Ol2gHB42YjcNnVl4oqGeVzVhTSiGCsGTRMOL8p2hF+U/+SU26NeFKUqlFKUoBSlKAUpSgFKUoBSlKAUpSgMunPf+MT6Of/4h5j9Z4BrknS4T6oT4YZTLp9xLFFWaoDILlsL3tjklhvkFUBsN2L27IfhpNR8rWva9u7YhX7HZta9u/wDlz0u2W2f3O4W5Yg2NvHiP9TNyxpX2BX/HFgtrxAYGa7EJzFf8FO91N9adXZLNddE8FslNci1bvHtLp1hDJPAxYDyVaSNrkV0hn/T1zLdmtaXGoUBbLuyJ5H8Wg/movJL0j9ymCQYgA51NS3i3kYVcTyxkqZVEHJUSwTRfI53XEOLclO7z41OUJx6uC7INjlw2bj/dZPiwGR2RB0agx8iaMNZRTWwE4G7AaZEBhqHTrgQUouXKMACTni4V9QWMgsXg4moqimTiQYpu5Ld+HVyX9Hc48NmJVSkpLcynyTQ3HezRZFLZEmsfHj5B2Bbi24ACXb5gEEh34hM91mEoXsJ6MprYyOUuKXIEhhbbUx9dI8bmohfRsvx8wWrzImRjjASZyHg7nxiBFGKCWb1mUQmYxB5xOBmIw9i6DgGqZYZJgJMy6sPGMZm4kO3Y4veBHgKYfkLguItUkAgM9/AAr6vNwSQZFTCOyoz1Fk7B2EksXuKhmyii+LePe43DKrp6L+74CYFl82ILgkv7a6e038pK802eDQX80186GT2BMQkcDUcS+SeIVMYH8Tnc+9MieYWeJrE13b+K73uBfOw/df4vuV8u3/g9mvLX1pwM58YnDECu99ZQ/l0hLueXf9zGSXds3MRhiTsJka7Je4Vw8pBv/C7OOQl1W97XE78rVGuPbpILs1KO6NG9DoMR5pWY4FglZ5IBdzY5NRWMgnELJoqUzFISKpAs0ln6dQhBj+Il0YUsVdgl3OC0Lk74M0v2vL3AE0XDwoxXxgRlJBJAl/X88gzVEs8qSebTk/PalLW3I6156qxdNwUF1JbDtPPd7NEmKUzWVxlNNYRxywTiMtgunKL/AFO09D8VHjGrK6KniLRSaXfbUhoo2r+yALksBduiwLMAa9Y12vet0USPXFiqWM9ta+PcLkbj927a18e59t2bdiszHC7dZv0UV3+FO796W1m5IrN/u3de18DeNGxHb9790/g3Ast+GbW7j/FWE7rb/wCSWEtXZc9LnSItxdU3Joe49B4I10eMvsoWF5x31M7fRq7YuPsNeJYtySXTH0EM0gflluqz8bZlVKAE1AJRzboSic7wLBHR08yhWavDVRj6PcK0y6mxyaMKTUgzj9n1ll1w4WBJHnQsBQw+lF1vBQJF8xS5JReTsUFt0qBMuIIXKnFccADPMIPDK4svKI84a0j4iURdCX/mD7X/AKXw/wCxiL62fVjB6Ev/ADB9r/0vh/2MRfWp3dk/sInajbGCanMszIGy5uInojQa2CrkabRFGkxfRzCE1FjNwvhfazXTyrVU1EB1HfCjgS++yaKORJGLqBkoEIIZ+OIk/ffTmZ5Z+Tc1lZWjOGVNC48dXlPs9+pArdYZkmoyetN4YS+eJbFXNtVrPYmOFl3wISmJYAviTLmBC4+n59k3eosd5J8fLKW3H6eajhJshwribksIqC7zSQcAbSysJGAgWaqlpazmSPKCbgKFkeKADFcRMLi2ytVTwTaGuvjp40YK1/k9vlm3OCgK65TnlOLqqKu5FpQkJdMqJhJNLbbUVhvrBxpNIs0WOYVEVXVUpQza9jZBRNlRQhsuGch8U8q7K2tgLdDjzdZaeo6YjRVWBPvHVIMtARIxJaKHBF0VOkNiu1bLjtFEkIAJbBKjKDlHKFUgw1GqfKEnCUOuZGMs6TPa6qF8rKUdtO21dYu5TZDSfsPo1zf63PLmhELbUzntyjueCNC90I2dxRJgyE1ATHBJUYgTNby8askSP3e78n2XbB953XHLmbDfhaxTNcyVX44UTvTlrVHm/wDme0mZHGgjj4ctkWwa5HE8ZMfS4nJ2qjK08XlNxFzjd2PQrtlzu55YGlldXrttOYF264W6afiSrhHlhaUGsEhdoLOqHJnyk8gOjGxe7urbC4/NXOPaQFCbmbE2GwbE2PmeZZl79bCu2zpxxxWBdlN5poy2ym0ZELGxSagUTwVwpiG4jLjKmWj2nvDo1vXDHKIy+XjjqY0b7GudbgK+tWy+p0jSGQiFakBlFVcksJa9GMnuAAdooCqIIhNLE5g48i4SOeZ5E2ATdJNzq6eisz97L40Ro0SNKorNFIQK6pvz29jPl84yJN51LxK94sHkFUYOiLk0hPOBC1sjLa95jt9OIG59ZcsIg8unlpZPhs862l4B8iNhBOoCcrAlzaMQfREntErLDL+qXKZy9bY6UuLcvVOP+O3TbSub0DZBSYRjYqP9lJpnSR2kdTj6AkllWJQsmm2m1nZOFQTOBwyjnkxEX3Is4HnEr5IKSj6nqEyqrusEpClWRSlKAUpSgFKUoBSlKAUpSgFKUoBSlKAUpSgFKUoBSlKAUpSgFKUoBSlKAUpSgFKUoBSlKAUpSgFKUoBSlKAUpSgFKUoBSlKAUpSgFKUoBSlKAUpSgFZQ+mR/ij27+l9DX6lS9WrysofTI/xR7d/S+hr9SpeoCf8A0b78SXoP+b5//tuk+rvapC6N9+JL0H/N8/8A9t0n1d7QClKUArAHz6f0prhX/wCHJ/1FJkrf5XnFdKnitzT5z1cdsBsVyF4/fc0wNqVFbOkm4y0CYZTmkfcvYZmN5yZZo50E2EXbKysFF6wyUECtYZlMrkzuImIGOAHo60rz/OqZ8pvpbwPrHsV7yU6pnym+lvA+sexXvJUendKV4u0endKV4u3oB0rz/OqZ8pvpbwPrHsV7yU6pnym+lvA+sexXvJR6d0pXi7Hp3SleLt6AdK8/zqmfKb6W8D6x7Fe8lOqZ8pvpbwPrHsV7yUendKV4ux6d0pXi7egHSvP86pnym+lvA+sexXvJTqmfKb6W8D6x7Fe8lHp3SleLsendKV4u3oB0rz/OqZ8pvpbwPrHsV7yU6pnym+lvA+sexXvJR6d0pXi7Hp3SleLt6AdK8/zqmfKb6W8D6x7Fe8lOqZ8pvpbwPrHsV7yUendKV4ux6d0pXi7egHSvP86pnym+lvA+sexXvJTqmfKb6W8D6x7Fe8lHp3SleLsendKV4u3oB0rz/OqZ8pvpbwPrHsV7yU6pnym+lvA+sexXvJR6d0pXi7Hp3SleLt6AdK8/zqmfKb6W8D6x7Fe8lOqZ8pvpbwPrHsV7yUendKV4ux6d0pXi7egHSvP86pnym+lvA+sexXvJX+Y3RMeU3MIXDythQbtw88e5DOPYqwQvbY3t3MW/jCL2A8+z2ud+5idjG9/4Gf8A8bc9O6Urxdj07pSvF29Aelef51TPlN9LeB9Y9iveSnVM+U30t4H1j2K95KPTulK8XY9O6UrxdvQDpXn+dUz5TfS3gfWPYr3kp1TPlN9LeB9Y9iveSj07pSvF2PTulK8Xb0A6V5/nVM+U30t4H1j2K95KdUz5TfS3gfWPYr3ko9O6Urxdj07pSvF29AOlef51TPlN9LeB9Y9iveSnVM+U30t4H1j2K95KPTulK8XY9O6UrxdvQDpXn+dUz5TfS3gfWPYr3kp1TPlN9LeB9Y9iveSj07pSvF2PTulK8Xb0A6V5/nVM+U30t4H1j2K95KdUz5TfS3gfWPYr3ko9O6Urxdj07pSvF29AOlef51TPlN9LeB9Y9iveSnVM+U30t4H1j2K95KPTulK8XY9O6UrxdvQDpXn+dUz5TfS3gfWPYr3kp1TPlN9LeB9Y9iveSj07pSvF2PTulK8Xb0A6V5/nVM+U30t4H1j2K95KdUz5TfS3gfWPYr3ko9O6Urxdj07pSvF29AOlef51TPlN9LeB9Y9iveSnVM+U30t4H1j2K95KPTulK8XY9O6UrxdvQDpXn8BdEx5TcMb28rYUC7Ig2XahOPYq+N+3Fzz7pf8A9oQ/4wbtu6jW7W/YFzzt24vY7pn/AKdUz5TfS3gfWPYr3ko9O6Urxdj07pSvF29AOlef51TPlN9LeB9Y9iveSnVM+U30t4H1j2K95KPTulK8XY9O6UrxdvQDpXn+dUz5TfS3gfWPYr3kp1TPlN9LeB9Y9iveSj07pSvF2PTulK8Xb0A6V5/nVM+U30t4H1j2K95KdUz5TfS3gfWPYr3ko9O6Urxdj07pSvF29AOlef51TPlN9LeB9Y9iveSnVM+U30t4H1j2K95KPTulK8XY9O6UrxdvQDpXn+dUz5TfS3gfWPYr3kr7RPonfKQWFzEG5ZCR7DIqeL2BHcexFsMBTZIwVAOY9uvj27snjjBny9rYY5XMFgrYDF874jhHp3SleLsendKV4u2/mlef51TPlN9LeB9Y9iveSnVM+U30t4H1j2K95KPTulK8XY9O6UrxdvQDpXn+dUz5TfS3gfWPYr3kp1TPlN9LeB9Y9iveSj07pSvF2PTulK8Xb0A6V5/nVM+U30t4H1j2K95KdUz5TfS3gfWPYr3ko9O6Urxdj07pSvF29AOlef51TPlN9LeB9Y9iveSnVM+U30t4H1j2K95KPTulK8XY9O6UrxdvQDpXn+dUz5TfS3gfWPYr3kp1TPlN9LeB9Y9iveSj07pSvF2PTulK8Xb0A6V5/nVM+U30t4H1j2K95KdUz5TfS3gfWPYr3ko9O6Urxdj07pSvF29AOlef51TPlN9LeB9Y9iveSnVM+U30t4H1j2K95KPTulK8XY9O6UrxdvQDpXn8W6Jjym2Fzz8rYUt2wYWPdbOPYruufaZDX7nnbxht2Awu37YK/dM+zkMN/AD7HbC/6dUz5TfS3gfWPYr3ko9O6Urxdj07pSvF29AOlef51TPlN9LeB9Y9iveSnVM+U30t4H1j2K95KPTulK8XY9O6UrxdvQDpXn+dUz5TfS3gfWPYr3kp1TPlN9LeB9Y9iveSj07pSvF2PTulK8Xb0A6V5/nVM+U30t4H1j2K95KdUz5TfS3gfWPYr3ko9O6Urxdj07pSvF29AOlef51TPlN9LeB9Y9iveSnVM+U30t4H1j2K95KPTulK8XY9O6UrxdvQDpXn+dUz5TfS3gfWPYr3kp1TPlN9LeB9Y9iveSj07pSvF2PTulK8Xb0A6V5/nVM+U30t4H1j2K95KdUz5TfS3gfWPYr3ko9O6Urxdj07pSvF29AOlef51TPlN9LeB9Y9iveSv8wuiY8puGN7eVsKBdkQbLtQnHsVfG/bi5590v8A+0If8YN23dRrdrfsC5527cXsd0zPTulK8XY9O6UrxdvQHpXn+dUz5TfS3gfWPYr3kp1TPlN9LeB9Y9iveSj07pSvF2PTulK8Xb0A6V5/nVM+U30t4H1j2K95KdUz5TfS3gfWPYr3ko9O6Urxdj07pSvF29AOlef51TPlN9LeB9Y9iveSnVM+U30t4H1j2K95KPTulK8XY9O6UrxdvQDpXn+dUz5TfS3gfWPYr3kp1TPlN9LeB9Y9iveSj07pSvF2PTulK8Xb0A6V5/nVM+U30t4H1j2K95KdUz5TfS3gfWPYr3ko9O6Urxdj07pSvF29AOlef51TPlN9LeB9Y9iveSnVM+U30t4H1j2K95KPTulK8XY9O6UrxdvQDpXn+dUz5TfS3gfWPYr3kp1TPlN9LeB9Y9iveSj07pSvF2PTulK8Xb0A6V5/nVM+U30t4H1j2K95KdUz5TfS3gfWPYr3ko9O6Urxdj07pSvF29AOlef51TPlN9LeB9Y9iveSnVM+U30t4H1j2K95KPTulK8XY9O6UrxdvQDrzoeHf+lw8g354uSX9tStXbfVM+U30t4H1j2K95Kzq6ecXmy+xPLbsHx+R/tPjHE8RI8NkW469hLn38Bg8VCGHsabTwUbnURRLvITF6KJYRUtkpHRhxb52yVLij3yzsmm0U+F1a37ATTaKfC6tb9gexbSvP8AOqZ8pvpbwPrHsV7yU6pnym+lvA+sexXvJR6d0pXi7Hp3SleLt6AdK8/zqmfKb6W8D6x7Fe8lOqZ8pvpbwPrHsV7yUendKV4ux6d0pXi7egHSvP8AOqZ8pvpbwPrHsV7yU6pnym+lvA+sexXvJR6d0pXi7Hp3SleLt6AdK8/zqmfKb6W8D6x7Fe8lOqZ8pvpbwPrHsV7yUendKV4ux6d0pXi7egHSvP8AOqZ8pvpbwPrHsV7yU6pnym+lvA+sexXvJR6d0pXi7Hp3SleLt6AdK8/zqmfKb6W8D6x7Fe8lOqZ8pvpbwPrHsV7yUendKV4ux6d0pXi7eg"
20:09:00.194 [Test worker] DEBUG org.apache.http.wire - http-outgoing-0 >> "HSvP8AOqZ8pvpbwPrHsV7yU6pnym+lvA+sexXvJR6d0pXi7Hp3SleLt6AdK8/gHomPKbgEFh5WwoD2geGPcgXHsVcILtcbW7mFfxhC7IeHY7XC/cw+zja38DD/AONt/p1TPlN9LeB9Y9iveSj07pSvF2PTulK8Xb0A6V5/nVM+U30t4H1j2K95KdUz5TfS3gfWPYr3ko9O6Urxdj07pSvF29AOlef51TPlN9LeB9Y9iveSnVM+U30t4H1j2K95KPTulK8XY9O6UrxdvQDpXn+dUz5TfS3gfWPYr3kp1TPlN9LeB9Y9iveSj07pSvF2PTulK8Xb0A6V5/nVM+U30t4H1j2K95KdUz5TfS3gfWPYr3ko9O6Urxdj07pSvF29AOlef51TPlN9LeB9Y9iveSnVM+U30t4H1j2K95KPTulK8XY9O6UrxdvQDpXn+dUz5TfS3gfWPYr3kp1TPlN9LeB9Y9iveSj07pSvF2PTulK8XbsjpxX8lXHb+cHY39XIhrb1Ev8AJVGX5vmZ+ribXkx84XEFtjxgtXXde2U3DD2kIzA4JGSGkn4KUlH/ABONs5NaJxXOXs/VRQBC8MguEgDa6biEJn4O7Bq+eGINrXdNPopXKG4Gs2l4hyyAkCK230ZXJELuHYbG5IopJxY6XKXxBclgcblgRsAb2CtYO18OwHa2PYp+b/Xxdh+b/Xxdj0I6V5/nVM+U30t4H1j2K95KdUz5TfS3gfWPYr3ko9O6Urxdj07pSvF29AOlef51TPlN9LeB9Y9iveSnVM+U30t4H1j2K95KPTulK8XY9O6UrxdvQDpXn+dUz5TfS3gfWPYr3kp1TPlN9LeB9Y9iveSj07pSvF2PTulK8Xb0A6V5/nVM+U30t4H1j2K95KdUz5TfS3gfWPYr3ko9O6Urxdj07pSvF29AOlef51TPlN9LeB9Y9iveSnVM+U30t4H1j2K95KPTulK8XY9O6UrxdvQDpXn+dUz5TfS3gfWPYr3kp1TPlN9LeB9Y9iveSj07pSvF2PTulK8Xb0A6V5/nVM+U30t4H1j2K95K/wA7dEx5TbC55+VsKW7YMLHutnHsV3XPtMhr9zzt4w27AYXb9sFfumfZyGG/gB9jthT07pSvF2PTulK8Xb0B6V5/nVM+U30t4H1j2K95KdUz5TfS3gfWPYr3ko9O6Urxdj07pSvF29AOlef51TPlN9LeB9Y9iveSnVM+U30t4H1j2K95KPTulK8XY9O6UrxdvQDpXn+dUz5TfS3gfWPYr3kp1TPlN9LeB9Y9iveSj07pSvF2PTulK8Xb0A6V5/nVM+U30t4H1j2K95KdUz5TfS3gfWPYr3ko9O6Urxdj07pSvF29AOlef51TPlN9LeB9Y9iveSnVM+U30t4H1j2K95KPTulK8XY9O6UrxdvQDpXn+dUz5TfS3gfWPYr3kp1TPlN9LeB9Y9iveSj07pSvF2PTulK8Xb0A6iDyEfzB94P0Qdlf2MPWsXXVM+U30t4H1j2K95K6h2D6LtyXRFAk3yu6+U0F3taMIhkqQ3K0rL8+i3dCAymYtORYbtg1Jwipwl1tOTTKZbA+GISz767U1hmBcTG56d0pXi7Hp3SleLtZH0Jf+YPtf+l8P+xiL62fV5MHCdwr7jcmUByvK+uO7YesTWYMviR6utHNUlIh4fX8WY1nJdx2DYisQTs+2TlwkmXzOBZnf+wWxuJcCwWONznVM+U30t4H1j2K95KLP/aUXffTSLFn/tKLvvppFvQDpXn+dUz5TfS3gfWPYr3kp1TPlN9LeB9Y9iveSj07pSvF2PTulK8Xb0A6V5/nVM+U30t4H1j2K95KdUz5TfS3gfWPYr3ko9O6Urxdj07pSvF29AOlef51TPlN9LeB9Y9iveSnVM+U30t4H1j2K95KPTulK8XY9O6UrxdvQDpXn+dUz5TfS3gfWPYr3kp1TPlN9LeB9Y9iveSj07pSvF2PTulK8Xb0A6V5/nVM+U30t4H1j2K95KdUz5TfS3gfWPYr3ko9O6Urxdj07pSvF29AOlef51TPlN9LeB9Y9iveSnVM+U30t4H1j2K95KPTulK8XY9O6UrxdvQDpXn+dUz5TfS3gfWPYr3kp1TPlN9LeB9Y9iveSj07pSvF2PTulK8Xb0A6V5/nVM+U30t4H1j2K95KdUz5TfS3gfWPYr3ko9O6Urxdj07pSvF29AOlef51TPlN9LeB9Y9iveSnVM+U30t4H1j2K95KPTulK8XY9O6UrxdvQDpXn+dUz5TfS3gfWPYr3kp1TPlN9LeB9Y9iveSj07pSvF2PTulK8Xb0A6V5/nVM+U30t4H1j2K95KdUz5TfS3gfWPYr3ko9O6Urxdj07pSvF29AOlef51TPlN9LeB9Y9iveSnVM+U30t4H1j2K95KPTulK8XY9O6UrxdvQDpXn+dUz5TfS3gfWPYr3kp1TPlN9LeB9Y9iveSj07pSvF2PTulK8Xb0A6V5/nVM+U30t4H1j2K95KdUz5TfS3gfWPYr3ko9O6Urxdj07pSvF29AOlef51TPlN9LeB9Y9iveSnVM+U30t4H1j2K95KPTulK8XY9O6UrxdvQDpXn+dUz5TfS3gfWPYr3kp1TPlN9LeB9Y9iveSj07pSvF2PTulK8Xb0A6V5/nVM+U30t4H1j2K95KdUz5TfS3gfWPYr3ko9O6Urxdj07pSvF29AOlef51TPlN9LeB9Y9iveSnVM+U30t4H1j2K95KPTulK8XY9O6UrxdvQDpXn+dUz5TfS3gfWPYr3kp1TPlN9LeB9Y9iveSj07pSvF2PTulK8Xb0A6V5/nVM+U30t4H1j2K95KdUz5TfS3gfWPYr3ko9O6Urxdj07pSvF29AOlef51TPlN9LeB9Y9iveSnVM+U30t4H1j2K95KPTulK8XY9O6UrxdvQDpXn+dUz5TfS3gfWPYr3kp1TPlN9LeB9Y9iveSj07pSvF2PTulK8Xb0A6V5/nVM+U30t4H1j2K95KdUz5TfS3gfWPYr3ko9O6Urxdj07pSvF29AOlef51TPlN9LeB9Y9iveSnVM+U30t4H1j2K95KPTulK8XY9O6UrxdvQDpXn+dUz5TfS3gfWPYr3kp1TPlN9LeB9Y9iveSj07pSvF2PTulK8Xb0A6V5/nVM+U30t4H1j2K95KdUz5TfS3gfWPYr3ko9O6Urxdj07pSvF29AOlef51TPlN9LeB9Y9iveSnVM+U30t4H1j2K95KPTulK8XY9O6UrxdvQDpXn+dUz5TfS3gfWPYr3kp1TPlN9LeB9Y9iveSj07pSvF2PTulK8Xb0A6V5/nVM+U30t4H1j2K95KdUz5TfS3gfWPYr3ko9O6Urxdj07pSvF29AOsofTI/xR7d/S+hr9SpeqrjqmfKb6W8D6x7Fe8lVR8x/BTu3xy6kJ2wOwe+IWyLDOS8zY8Bj3BXls9cFfcaK7lNOcXcXssHka1k0s3j5bt8QLHcfCPYAzxDyGtkRcjTdE3yLEXI03RN8i26Lo334kvQf83z/AP23SfV3teY/xwdHP5Bdy9J4E2ZiHkfCheOJXb6+rteMMlubCuTSKJL3c7YNE7gNhdKoIffakhnVTsJxcIO9j3bCWuYuLlebvVM+U30t4H1j2K95KPkaUrkWPkaUrkW9AOlef51TPlN9LeB9Y9iveSlHp3SleLsendKV4u3oB1gD59P6U1wr/wDDk/6ikyVv8rAHz6f0prhX/wCHJ/1FJkqlN/lKUoBSlKAV+WuLSW2kRYcS2bxIIqAlqC0rnswxhcCSWlFBjx83mEXDGMC4lygAo2QYAQo2dsL4hB553xxv+pSgM0ML8gXN1yDNh+7H6F6taPwvq0jvR2NSJG7vip7CktiJ2IMlQFTVByppCMTKK0I2LrRwqbSiJF3AHQEpwBGU0VZWEogO4hZ+8V3KO3eRHVyRJle8dHdfpX1zkV+Q3tFFCkpZOMCOpEjVPKqrjMoqsVKBHVhsnEo1ibKZZp2J8iqE11t9lWERMVhU4nyoctrQ0LKtOBoZYyrs7yFz6UFTda9UGGWMrbgUT57vsmRkKSwUrK5trxijmypw2MOPmTUHTijK5RIHT0lIdbtaX5fBpx0yhx56nu8rsY6E937XbRTM8Nntk1FHMFTiMiyG/wABNCyZiUoEAwU9VwQCqf32tKaeD4MNO5acuKIZOt0FGNCv88si/KBprHaK+aRikvUCIUL8gXN1yDNh+7H6F6taPwvq0jvR2NSJG7vip7CktiJ2IMlQFTVByppCMTKK0I2LrRwqbSiJF3AHQEpwBGU0VZWEogO4hbEuJLksI8m2uzskNbi8/Bs4wlLLsgDYuGj6sGvBseV2SEQHU8UNbxAKCqjbVCqkXFJCmigBlOVSy43RRVO6HZaU+vuVDltaGhZVpwNDLGVdneQufSgqbrXqgwyxlbcCifPd9kyMhSWClZXNteMUc2VOGxhx8yag6cUZXKJA6ekpDrdrS/L4NOOmUOPPU93ldjHQnu/a7aKZnhs9smoo5gqcRkWQ3+AmhZMxKUCAYKeq4IBVP77WlNPB8GGnctOXFEMnW6CjGhX+eWRflA01jtFfNIxSXqB2JzY71S3xu8dMy7dQc3Y5dUkx2vxQlIqJK6Q5lxjmi77lJpMhXzVE1oO9irw4xZKXjhhNyKOUjgCoBlhTQZwtgKUGsLg17qsmQpD8kLxdPKLkgxbH73WSqQEZASiyq62mkLyiXTADhs+cBTwTh8YMkEaPHTIZbELAc2ZFxzGzoh6Vre1uEPaC172tfJ5a52xte9rXyv8AOCjjLsWt/wC+/a45Zdi34exa9/8AZa9TCndgSPJfEE02XGu4qFoKrKur0IYOHahwphY0BGLJLslpDO4UosnX7HBZjH1tJwGQMH5dxBnWsWUTZ9GCAXbJiomzVNmX4b5JqmzL8N8lt1K8/feSMOG6NePOR5V41CGz713D10bbbeTY5G4Hj/c1ULCyS03S38Hk7pR2yMo5WFVAi98MHBgpFizuUENIPKJcNqEknNNSwC8oOdmRJM2k4peA6WDTuwZUx7F7KaDSIZfieiEVINpSZLuuCu5RncRbg2RVNP4ILpcOSyWRBcixE1iUwI55AlxL3xv+/XsO9mRaxRFimk4TdIwNtFV6cnm+5Hjk1TcGwIMTPSd30ecqDHESQ6xSiiKqv6THbgoCoSWoqSakrgrcbZIikqyyvr+aUeyLkU3Iinkzy0opRA3nt5f+D7V3Xzjd2B3IR5L2okHfrXZoI0rN3deTdl5gcUxqrnRXcgirGGZDxsBYLcSFEmeVQEgo0mkiqTcyFICp63ccmIOa0s8eErO+dtBNIpskFQyVn9LmpOukkvlWyDwCuqvF6xE0HE6FPuQVsQwrKC4oHjlgsMbYh2Gthja1sexTNKbKtql/NtkVYUVW2VikTYnkP50uPWFE/dXdzVvj5kDVdCVGXnOEXatvSdE/ZeFGw+nCkNsopHl+RlRZih8n24rLyWjrgDVAETR1swFYBTKNXv8AeCVZVvtyRreuOmMVbJ6r6/P3cR97MqEXIWt8fsxIXg0dVzmFveNDWfklrSalqIrLjxMQsyxpTPngyffSupIjeEUUMJUNuFGpp5O9pZK5tnm9OHDjKTQ3bEJd5s8pyC71mAbm4OiZrNJ3JrmzjGP1oDMMB/Pc24W4THMgIR+1nDmiGWyiZHGyYeryaGqeIIwbEJRNF8MMkIwCzIjjtkxg0QTguI5sJsMFtJjUQAjQ2GAWAxgNKSSmA4uIYeIgtss8cMLXtjZePpP9jHgI+qvxprDeOsIPtnSmfk15bONVxa3SJyhwloS7NU9gZnZ8EOR4aVuGeCEiwA8n6WUlBEPvNNmM8sI77RyKYjrRo7m0gE8uczQlMtgqJxo03QF7TjWJblrkjaZZ3F1tA5nowFg7h7jHb5MdUUPTVsigye35KkVCV3CTh9W3AdqvINnzGDVxZ4542uJLUjXCx4itu9LRbKi0nEVxB2ygjAmAQjBcUMcuOHgMAOCJiKCMCLjbMIUIXC+WAgYmGWOeAmGV8c8b2yxve17XpmVjHx5eXyUpprGTXX/SlKUApSlAKUpQClKUApSlAKUpQClKUApSlAKUpQClKUApSlAKUpQClKUApSlAKUpQClKUApSlAKUpQClKUApSlAKUpQClKUApSlAKUpQClKUApSlAKUpQClKUApSlAKUpQClKUBR3NPJXPuu3NjrNoHKbSiMvqFuPCjkW4QlYogvFOlAlOrRJrI6uwXK5zj+OMlWTxzDeKliRBLjxKUrmJMYJW6yKMVUsj91rgXkZqoK26HGpFUdvNtIUl5dVzwlgSSUjI5MZQVFI4Le17BFSJEuOaMCXte2AQWeXY/BWc3pOcHPBQ0tire6HCfbT3xkbDRvtMyD4IeYh27MJuhATpDSrWwt2bJAJwqyH64+zljjkiR4bwyxGxzuCJ+lznb+JuPCKPJGvhw2ruzklaMPQRrkmpogYi24gtrkUspLKWWBCzxGwVhIeze6bhcO4eZFxmE8sNmXGzxxpnWUgPeNL6gSK4O+Q3Zbk+1/mbamaY/i2OIjUthH0w9Vklit15pDpXIlZg2AQjqkZUc79eKW4FsVSUMGoKbbCUz07BfaDrF8DYFTicARhrzR8zm4mmWw3zddBIkgWZHbDOn0g7uba5TOhSK48GTDbed6C2ETFtXjyR4/wR1ooV8POBxhODw1YZGVmkcKApoWQl1a63RLWRpaFaPa76ykjaWRRoAhtBQ3Yvd2DJpJ91FyArilF6jjj9xCKFnG+FB0uw2IL3MIvZSGyzvjhhe9ss/DrsjpXt7PXMlv9uBsbrwwiu70lK+qEXR5Mk1xrHrwL6gMtn4oAAWLdd7iSVYBFfLPWmGiHzfg8IkdcTAWTAIVxbmshGab1/wBaQ/O0xWizmvzXScmXs1AcM7ER2Y75Y83RiyZRbF8hQxhyyS9m8QXy6ceyDtjYNUSrHskxVLZYBjFFIobKjhAjgiBYVN7d8scqk9vB+ODjW13RNtdzW82SbzmxwP15isHW/VlqqQJAymKEuutNLHFxecBouqoxrJjtq6cp3KriYGQUlJfyGbYcJ+ir7ElzmtGzXHksSA3ZGc/HVsnIEdNB4NheTHG3nvBT5eDtVWO7mwvJZ5QIOBBOvVFkvNLUEg6eSSzYNtAAqYxLDk8L8X6L/hi839zQzo8ewam6Q+SB/ocgHzlrZq4KM2zjlXW8lZ3Et3cqmEFx6vIqnkMLBFCoZWxUuDgETDDCb5lvhB+a49to6MvfWwm+XODxxMUXZjd3WDQzZvVJqGiAk0GNBXPPrWmWHWoePFyBt9GEGfxlJHfKChiHC+ZvBFDSsr42FNL5pmt8A64yN+kCTpGGzULxlsDC7lLu+LJeZqK+mQ4S4YgFzyIuFcDIIZ0kPbE0mK6eLcZNW0c6GEoIywTPJSgAAdJjg4doKKcnrCedSVYgSVEtSKGCCimqJUA8nqBE2FkAaJnSZkMUuaKGQc8wTBccMQEYLPIMTDLDK9r/ADJEiacULkE8oWIESgWABUmSACKlCwOFuxgCXLgYBgghYW/BgGHhjhjb8FrWtQZma2b7NKUoBSlKAUpSgFKUoBSlKAV50PDv/S4eQb88XJL+2pWr0Xq86Hh3/pcPIN+eLkl/bUrVFl5/ntCLLz/PaHoCzvOUWa0Q5I8+Ta7k9iRTE7VU3k+HUpWFzAS0VLC7fPEAqWDGOqaofMZl0xERU4uaVVxZOEEhKKG1E6VLC0BQLyPcyPJckGJp49NONUdb9R1A+oAxfMvIs6pcVHjNiIQNmCfjS04qgMdLUW+nGDAdgwxVNaV20P3E3dFei+KCOXLda9MJczlQ+I0iio548Rbr82xg9qSPmTDzFxFZRZIkR6A4HAcM8LDFwHs0GaeCCEv2magUJY2viJ2mWOmBitllxVFjPZ0dIwJSPY5YKA22MgNkAI0AXZzSbxVNbaSgFinaAGQw0UgTKJYJa+IY9rAYhXtjnjeqaSiIsU3XxNo238UqxRyUb3wJtlFGm/KJqE0Ec5sAIZIwht9ozaU5R1scDjKDEy5prSCz3ainZMiTIoMoJoZ1zOM8dSCIqsUOny5VnlFd6J8Seenmv3b4ydjoQiTVOHte5Wbzx18f0+SIVlptySrO0BCjRwKV3dm1VJlyoxktOJJTJSFJfPZqiAvClAk8+o/9oA"
20:09:00.195 [Test worker] DEBUG org.apache.http.wire - http-outgoing-0 >> "L2ThZHunpG2tMbrMcpUzaQ8qMBkpUkRtRYzXVO+mZiJ2epPZ2Gu9klGDcLxkJMKGDlwsDSiOST+/VLFLIKB4IiMEUF7WLPJRHjRmLpHfFhDb/S8FpiTBozvbGD0Ss8sccVBpvaC9ikNwkr9tgJj/2xJNmynZyxvbDu3dOxl2na5CGm6GpXZ08RDFs3x4f8KMKYI7ZknstR/i+2OtZ9t1Oc6CYEsFmJhgMImKhbIYPETPuQvbh3yvfG9ZWd/wDpBO1kCcrbd0v1pi3Xl463M/YHTXV+fpMkNtSOvvhLmDZ82tuVRRGYttSWGa1SPgmPEhSJkiyq0nAOkPVrOPwuKoFswkYj3pwVbU31d43tx9ddnFoTxw4W5P2MiyTjY2dsD6tCzBu6ZOYDsI2MCXwulrSQWdrWY4OImeBlFaKR3tmOGYAEEzxqcOPNM0X4oN0JjLf/ABeuSzn6jTcmQjY+AnfYDeejhdKfHCKAIJjbK7dyQiRx8NkvbITAonP/ACADyDDtiVLvjnTTee1lYe4VTdE8umnmCoahOUjke301/wCQvQnQfSFu6iGXDuY0pNVBnZtU15lXUVurbBCPqoWIZyI5IaR4klGkZIPhCB5N1wGxVMUpfEcqV7tfH6stzZ0kbWtkuKZHXAnFLtmxmEjqDnd0Va0r21kXTYrt5EKiKa1kzDUuqbpaKioF0wqbGLp4RdTXj5jEEmiNxcUBgCA8A+cOaiuu3PHwrTQdjWYZgKsSP9gz40bwCwTkoy+6cT6Q40WxVksIgaJHHGeKZKeKmeLAGgciyOSUj+V8sCmWGU9JZ5ptmJIYblZeknDdyoOWd3OhqaNH67szrUW1og9uuBTKDkU1wut+vl5DFzBFBPChqRlGyLpRRXwKZpw7mQsTF1Eu/JYohB+Js8Szvjf37iXkw1IjjbSHk9XbyI88lhEcrIcQpUw4Y/fbWUBEp0NBWNEf+xn+8zOAKikKxbADBabioirGZJNGPiJpSdVU28DvHW/OMXjsjzXWWlZGU5gW3a8ZclMs2z11Rutx2PoZPBBaaQq3DCwVbNxsITdTFZSLYXTzriAWR0kY2lZkjhi5KmfYz7FKUoBSlKAUpSgFKUoBSlKApc5SOUl/6hynrJpjqNCaRslvxuMrKgUSxy6F423I6YbIb/d83BK0qKSb2ivm2CAZBcMApyWaS8hklqvVbOLqaG2wCC5FZS5S+RrQXZ/WSGuXeEtRbwZt89CcURttZpGtTCXYsay4qiFSyKzJYa82mlNcxAUDp0tcReLG0BOAb2Si6CGS1g2XOjpPVScCE7+l5r2bqxwMZRbxSgjxrc1jjncgMov5FLH802+X4Qc8wJFf2AmQf8K4Zw/hf+CLnauTdLrR0s7w8uZwGu0DW2JsZAjsZh22Vgzaa5sltXbFzycN2bCgHQ285nAFiMBliNiAMY7F7YXzotteFbb32xFtrorwVWRYUV121ZiW/I/ylzTB21OvvHBoVCLJ2C3w2JbahIlg5WcC03YOgaJE0RbAzkmWjrXtg4lEoZFbLiGCb6MopKnZPSLigDHlpdZ7dcvS7J5St8dTN5ddtJ+W+FdYkNI3KOmWvrPtbpqsyljDqjKRUdOIgRS9mhMZlUeScvqysuN5DKqgKgTLgK7kbViyaso6ksrTWjHoiaOPrpSXJY7nsDiI6Gfx86uojTwM4hZZJyO9Y31Pd7vyTsLYY4FreNho6ALmDjjlj34bBxywANCBZcm6WUAGj6haLSSk2sVf7A5PdczLHVgbB4qJY6bY8xqQ5EmNnjllhiZOt1GUxMMP/jzCGTEy7OIN7XYlM69l3lRUzdF8LYm9yP8AKXNMHbU6+8cGhUIsnYLfDYltqEiWDlZwLTdg6BokTRFsDOSZaOte2DiUShkVsuIYJvoyikqdk9IuKAMeWl1nt1y9LsnlK3x1M3l120n5b4V1iQ0jco6Za+s+1umqzKWMOqMpFR04iBFL2aExmVR5Jy+rKy43kMqqAqBMuAruRtWLJqyjqSytNbonUYANxdLE5WVdwYYmFOO9INfGmwLmbYC5EWw6GXqy5nGInWyt2QLZOMYyEKLh/G279Nhd0sEaFDzdLKADR9QtFpJSbWKv9gcnuuZljqwNg8VEsdNseY1IciTGzxyywxMnW6jKYmGH/wAeYQyYmXZxBva7EpnXsXam/mO6L4WxMHeblK2PRN5mJxc8asJxZNm4ixHV5kmF/T6uupH171tjIW4OKYpyEVYeZd6rymp4H0U4KTRVAgIRAdDJJpwDkVHZ3mi8S1/5Styoc5BI742uVyE4BYMj7FNRZdGq+ymqC1IJjX+WlJulzhxYj88gysYUHi13UAWIGyvbqKzgYxcGaCkYoIye8mw4D0bOJcEJ0dIB6QY+XLjgO826rawsNBNGMccjoDJybi6n3KFxcv4eBLIhHrExzDx/gZYkyF8uzcIOnSRQA0Wf+B6SUbDDB/tPlMidEbBoPudjtkl0umPD7iTgssrXyyJKp1pNkBRAvbIuZwDACM4Z43xxueCVbltnlOBHgi2eazVNtETW6yK5enFfyVcdv5wdjf1ciGtvUS/yVRl+b5mfq4m1iF6cV/JVx2/nB2N/VyIa29RL/JVGX5vmZ+ribQpSFtRzIywo7jr/ABx8XGsJDcna+PyIZ+e389nkIwdZtaABLluyWkJ2kC5hRcy+QyNAlVxuIx9BHIqZjBvJB9xvMiuNNI45K+z3SC9O2ErbBT7rBxybcw6xSGbglKMNIXVsuydgG80SIeRpxuVp/LYA5W0/gmym4GFIyjJaOUcCmEUyCIpeIYoxwjEvoi5Mi6tYt/p4deGBzYGWeRiXAZlXToYeLjO5I7Jjx3I5FUzzyzOCli7qkmRlUuKPlYO6muLYQdrigGc87mtxuUJs6ZyaBGi7pVyOT9YVkpr5HkTVXUtwzZFKcTUT64RERFN8JrgSiJJzpWKEKfWUcUG2acmKKQdFGuGextgvSUPueQE9NEWDptHWc9o7QOCbVcmJ1p8Qcr8mOs7NNBrKBDReS2MwdkY8ejUNpqxd0JDdUm5JLEAW2c5ghkowaUS2YqE5wUlXyLlFttuJbbZ5PUlHofga5Xpo5M4vn9K2nY0WxlsxAL7Yma40ohTHWis5TheaI6SH7Cz9KJ71ez9XrDusEF3Z5DWXcyA6USQzoJcoMeHLBx65BeQCDuS7o62+e0GvSbIKVHCmwXMyyxSTEFIbbosrtB/MkqqiCpiG43UQxJZiGg7kxsVbMUbG2dxAAb2ta8J9QBc9GOQThH2MBDukQ1y2cT2tGqcqi2yvdNA2ShzX+J1qJHApZYWwxyWXIggx1FzWwGwsIIAYdRgLIUPAxgVDPgvE5rORiTuOjWWO3Frs0GDJG1GwuwcXa769R7JBJwLDUXHS8lIY6uHlxEaboZjjOJpFtpR5LLmiDmSgE50OBrDKApsrnklqEONd+YvZqW+j8SjyuORiwSS2IZLPm9wJTMRGzIBaFzByNZMVWYhBKDdPyepPgUqbSyII6tgWkUoKOfyEFJjEC98SuHUG0mIm+/PunRtbsqsI8O+l8hzK8C+f8eji7V7ItC4DLSjVgu6BZqCQxjbKfDfEGuGOnLLBcAPdMO3FLGa/NJv6GBsD+bPbL9vLipk8bPL5r48SfzuWt6u7AdI52w1lhPaKO7cJyc1p0jFqSm1mm8GnvSiOMkju1JAVyCUunEeQnYlEVUIAxgCazI5LBIMe2Xcxhw7Wzv3voRy1TVJu6Ug8ZPIRrUg6vbssuP7yszT8bvYV+wbPcdh5F8zLhjpSUAcFtGM4EjAykTRz59w5jkkN1gKx9vONtKLawgRxdcyaZD3HBpXExDjK5gZjWY71ritpWdkL6MLzwjF6mEZrkCNl9jSAaeaOiLbPUxcMR0tyZ5FCpokMEaxCtbK2Fdl6Uaz7u7rcx5rmH201vV9LIjiHXA1rpq3BkguFFWJvdSeqjujIy7pFRkAYYFqABYyFJCgdS1wNKVip9YbCKmE1xNRT7oPM5/FTzYbz4ZFdPh/djUVSlKAUpSgFKUoBSlKAUpSgFdObDTg0daoNlefn4UX1FpRExHE+1pJaaSMvOtcAQU8Y4C32uil74CKrkcBvAuioRC4oARlVPFAjBkqBkKYC7jpQZkzMM0t7+kFTJrQZ34izTrj6aOvh9qrcssvVSUnhsOY3KdcSo5c8qlDADvSM0OIU93OlBJ4KzYS1duJopsqZL99ppM6YKJxmxOEOWuMJ74qrcojBiaTnQjgRy5l4/r+y00y9JRzlBpOA2xlSKEUNDTBhlcQ2+yoZBJdWKKWLCNM+ReqmkpRK5siUify2cpbub7iWeLzjmZR7ZHkrnRnqLbMIzVzLjM3U9lO5LxT1GWpnc4udkJsrCWirAKu2kNcNFSiZc4iuh45l0k82EF9T+4ntCyfGpoVA+onjGWeTlYSQtLciO4iGOCmOCSX24VR5PMdFDNBFzNm6mK6yK3mwIbKkz5luIyUaUyoCkOcwsImuSREh5SNX0Yp2fXI9z4w5qFfkqlTT/j7KauprRRZkdmq5F47EIe5zQhVezTjYR9eea73aJiTuRm+ogrrkRhWbZXRk/EYI42AXCTUGwTvuau3cfSDo8l70s3A3jGbj1kvs4ill4LEqok2uLGgkk4pi+AWHFDLKSaTwzT1kEsZFDAOljQYBkXDDAXLPz0il6clxiOJMjcvEVkniPUENqmtr5/1zJNiTtxSkVFA0xYktMIxq/ZJYiC32dgdLGyLgcyaluDMg1gRVtePprbCXiR2yd6MNqbJcFi9DnGHdPeDEl7QceC9WcFtdDbdzLMccaWiogUcy4vYFM0h0JCCKplHPktYFVEs6yCiWU+91HEe+DbFz29GjUg211WTbo3dU3gPpntJ0lHdzWCHNrY5ROElmsWbmwI72q3ZIb29ya9SKL4XU0omKuEWy93UhlxFINN8KE8U9wKWGSadJ5iihGMhi4NnHIPyLneLfj7Rtmtk2q3JRnzJOjGMgIxhkddb7LlXaF5IXbKbXjk46QXE6EGPslZHeLmTR14uvuskxEAUPMmuuWwJI7TaWiDn742eNiN5eaWwWniyk6T62NAy8dBSuv5hSSDsVwqxiF3rkb2PDfIzvd0tXbKGqud1FmoTazSVHR4aJsVQNEckIqf5RyplJN5peErUvdnSiPVRzSVHcsxBuygQUDfJwOBfVIvKyBHcqRYiAlQimTuXGa5lpwCkQiJYoqvAmyzZFAS8lxdT0UdsiRVW5VPvhXYapB1VoXVJtDXhZHaEt72c/WncCDbt7VajcfL410ZyYlvea4A19e87pm10RRsdGK5rauoOd6KDhh50K7CTjOZl4lWyWOkwO9DJsoZzRQFJVSrWtlZnYGxnFDsZPkVK+S7G0yaBTVJTHVRAe9jJtsvLX50LqTc8TvmJmnqYJU6GXVE0bK5hNUQjRExbEcuJjalnb/nigDbDjs2liKAtfdpnbs/JmqE4NGSoDd+v8ks9O1tS12J3Mmye9Z4lNzt1Ii9KY8Yt8dwLAxlGc6qquw4mpbcIpJBTcAWJLmvF4YVzXRTkkVbuPkcx0I3gLg3Mdt3TwQTUtiijftj29737higgJuJbsX7XvawXaWth2trPfXDPz70a1WLM0INBv81d0aInQl/5g+1/6Xw/7GIvrZ9WMHoS/8wfa/wDS+H/YxF9bPqAUpSgFKUoBSlKAUpSgFKUoBSlKAUpSgFKUoBSlKAUpSgFKUoBSlKAUpSgFKUoBSlKAUpSgFKUoBSlKAUpSgFKUoBSlKAUpSgFKUoBSlKAUpSgFKUoBSlKAUpSgFKUoBWUPpkf4o9u/pfQ1+pUvVq8rKH0yP8Ue3f0voa/UqXqAn/0b78SXoP8Am+f/AO26T6u9qkLo334kvQf83z//AG3SfV3tAKUpQCsAfPp/SmuFf/hyf9RSZK3+VgD59P6U1wr/APDk/wCopMlAb/KUpQClKUArgkpPM5HMZSNISe03I/T7EYjveZFjM1LPLjveZxrt9QWyzTaiIllTymsORxDEcEdDS04kcPKCocKlChUwYGDCz53SgMJ/E9tzJWqbr2P293f4e+a+buRfa2TXI4ZHmJgceLmcrTY0VYjFQWLDUTKj7e7PcTeZyQRJgZKKaVb6SAKXJthtCZqiQx26Zw1M66chRzZOBJ7m9P0d5AIDPwejuJQIxBtXrgeiCXZgOIjMOu4sRh9lpbhfKm9rrAxTBrp9k4O54y5zQCSUTjRgQPHOxelAYT+J7bmStU3Xsft7u/w98183ci+1smuRwyPMTA48XM5WmxoqxGKgsWGomVH292e4m8zkgiTAyUU0q30kAUuTbDaEzVEhjt0zho4bvJ3NEv6zyVPkE8WfIKA8orkJlN1U122ljJs6qzC/WMqilDz4fkPJbreDkTH/AOKDdEOiEkEJQTVBxuQuE3SXcxRu+cbeKUBjy5NJM3G51GHFfHfrjx4b2apRM95hYTz2s2Q3fhMKAGyx44ZCjkpiIzGTlBxrwcjrVlfMkv44ICgMOZUW4lJCcnnk1aVHA3ps9Ig0p2A2B0N15j/VmLFmcmdrlsnCckyzrC31bBPXJqgeNG+4EM2zEzAQwWzcxogIbRxvFYO4xtQD7otJZM6ut9JJGNGlKLSHP0FonuPuXwZVOR/cWXN0uMjZTVTULiU5IkFedUEGkAVFlzWC+tzRjBqNzBMUB0NnoaypGl2VXYVJJASCxoygxoO+6+czLlSymkJwPfdo+b4a5bIyPxN9HNYbK1x2BcT/AIKm/jkymtgJcLSUbfUREYrgTJmP9Yk1oBNjJxMRDa7gICkVhadCalpZLIUqIMbxCNlhBdl1KC8Zx3vmq0aq3m8jx/yxxO7zxzFjGeElyE7oSUElqMSP2ytPJ5udUzXUMbBNbzXbpJSW1pQzCBFFxJppEyYyDCEzsHfHDK9qfN7HRvlA3Rv9H9etWdddpF/ZqWtYtTNb5RQIhhGUXbMUCsYtASQLNJ5wNFtIArjZLkxxbvyUGAHAAgqKSou8/YubS11LBHK61aUkJGVzTDkxg/Q7XGNtY9feCznwbDBjxEKkxTIPGyXBWno58ypfBySC8jwMw4iLLxd6gDmqLakPllbHPMFOIYFEdPTSBSxXkLl/kuNasaz7XcacZLRt1El2MpdnnTOaGQ1mrOD+g51IqM53NExku5xFe8cTM0LZZNp2tpFUhV4mYPOYBvn1dyN1ESlq46lAY8uT+etvebHWpD47taOLnfbX1VmGSIvVJtnPeGEQoCiCF2ex3UnupUUW85lBxKuUiKRdYSClxAW8CCoqDbCOAIKUsLKuAmk9cTDaRRgsZmMUgaNHiLKabdaRI6dvjkcOFG4jk0csaN5Y/wAG5owCTwGMXx/g3Fzzvb8FcrpTV8yQ1fMkKUpQClKUApSlAKUpQClKUApSlAKUpQClKUApSlAKUpQClKUApSlAKUpQClKUApSlAKUpQClKUApSlAKUpQClKUApSlAKUpQClKUApSlAKUpQClKUApSlAKUpQClKUApSlAKUpQHAZWjNnzTF8jw7ISZgtMKV2G7o2eyPnfG2Kq0nwgKDZcSffLPATHHvxIUzhe2dw87YXEtl2uXY7F8N3GdphvlJW5HHlpBt5rrOLT1f4UH/ALfyUhTq/oxe7ZiLZF0lJWKga3H49fK+kFmu7vFRWNITpYgSKoKN84+RVjIna5PEY0BvPpQLFGWX+fSFOnPXImwzH4utk25qrDszzZOk4IJeAGk2YNjR7yi7UVHlK46PIjuOJDARF5cREtFjMJ4hE3PmVLk092HmuU7+LnlEj2/DdFuDXj4hHTnWuLZu0Z1IlaaGlD7LKy9IMja9xM+3g5pRPpICxIBtSdTlaiotqhUu7FFXIIdjx8zkQQCiWmACWLEgcMbvaUBk7z01eHGn0hmAZl041OdiRotvBrucg3YNN1wg1ZzhmC5GQDeASC6nQkxo2MmPFyGorreiRUMuRexb5UUFdltfyND2BXhBefO/V7c3iJ5D9mN4dK9eHFujpPveqkX3tTrJF60jJc9w7NBNQVlVQleJm44TZRPkVOcCu5XWrDtpFHBVz5l2n0NTASEtrttyZahqUWPHAWPHDYnyZqNkeSXkV3XjZc1r40+NbfHW+YZSIDNBf2q3wioDU+Oddm2uYZEV59NM0oORyrz6fKOnCGvAXiiVNGkJSF"
20:09:00.196 [Test worker] DEBUG org.apache.http.wire - http-outgoing-0 >> "JOJCJO86nhog96WqEQP+BNc4iiKVpreexkmMloE01/Tc/xu6ueRXcYGHUV5dMYXyFzJpdlE6ORbiYOZPHEtuE0lPPqaqeLGVI3IWlV9Mz7UaNi3zVWFKUqAUpSgFKUoBSlKAUpSgFedDw7/wBLh5Bvzxckv7alavRerzoeHf8ApcPIN+eLkl/bUrVFl5/ntCLLz/PaG3zkf0Zj7ke00mnUORVEZvEJNQigjZeZQngfPMOQWypk3IxHkVJZDFcjwKM5UwhkspIR1PzXm6Mst+6gSCVRDIdL2ou93JTx0Ra09QuRbjW3E2YNQigp8exlt1oAwQNpWzMMfNYuGjs9Ue7RTVZvPBpuAkgkiaccWF0EJyOUUANTXmijKIpxRU9QdKuvdc3/ABrr5im/0so0s2RLf1I3T50l/TuLoR49dldSIU172yj3ZGQdgN+CzYgA8MQY5BbSx2m1oMT1V9Sa4DiySXjxtMV8S5QoXPJ5JOXCyQWVRFZMl5t9CE0ubpHvEnOTbiGUHBCkb64bUociTAiMB1qsWsJbcUWTmnt9HekgEEkw02sqLigrpRFHT1xXIm1M4pp5YkCOMdLYC6MaUBiE5uNE95zHIXJjK0siOTXHAPNTE+t0H7bSUwWG73C0oLe0LTexU1Vk6Q1xspB5uMtvjQwULph028DaSA4UlyygZLGTBpON4D2L85uqL9UI84ZYq1gg2TH8x9b+RjU/M+ixZH7sfoEWwtGCGZbhdyO3Jqo6ni12Y2UgmnFD7lW7J6MRwxDuZNg2vatMlKLzvSCdJP6C8w4RE0bbnVjNJyKQPOL36QBwszKy4alZ3Q/FbU2ALSfKzXjt3r8bRwYWWq7y6OA/H0lI5trtAZWMGSwCaE4VROzPDGAAiuIuYoeOWlulKAUpSgFKUoBSlKAUpSgFKUoBSlKAze8pusW1EHcjOonMnptCjh2aPw9Gzj1u221xYRwmWk19wOumnKoIzrjdJOig4O5zNdTeS0cHQSOea2cVEKPwwiR1vhOI4iRX3ZMbU8/b41W1HZ2hu42n+jzBndoz3uFMO8MVB6/uV2IzDLny6fEsZsE24VtXdV1wkvLZXNXJZnCoToGQFQ2XT282zqkra6qUlnIzzveBmf30gParSflmjvmI1S14f22UVSNr+Lq/u/AcLhElac8G8mqRBVaspRo0VA4Ss9zpWzbYRPNuJeWShjmxsk8cdOTXkccDc6UnhK2o51dyNFm3lpNtLp5x5aazckbRzW791Y5whGR5qkxm2AyY0dMeJTa0puEdEyL3WUBQc1jFyngh3udQNGUQ+hN5NdusulB9ovr4XUzP76QHtVpPyzR3zEap68P7bKKpG1/F1g3fgOGAiStOmDeTVIgqtWU40aKgcJ2e50rZtsInm3UvLJQxzY+SeOOnJrzOOBudKTwlbUc6u5Gizby0m2l0848tNZuSNo5rd+6sc4QjI81SYzbAZMaOmPEptaU3COiZF7rKAoOaxi5TwQ73OoGjKIfQm8mu3WXSg+0X18LqZgNlYe2o40eYCReUWAdYpd3E1R3QhtpxntzE2uKSUeE8xnJcdkm6jtGTGVFgqgmnH4nnUFopQVi6QbwDxOLkg5L4yKaHa5xZ4ifZe1PM/wAnOjk/vPT/AGJ0z4/+ONxrM3omO3TMBiSb532JMmUM+0cEyJBFdWWUVutFwM9pKxBXUbjEbIxF14mT5dYdCQjJ+q2lAkJQtCUjCJ04r+Srjt/ODsb+rkQ1t6iX+SqMvzfMz9XE2sQvTiv5KuO384Oxv6uRDW3qJf5Koy/N8zP1cTaAzGKGrG9fC5vfsttTo9rst7v8fe7Tt+U6e9XY1XUpInmBZbMH1NSVntEzcWswyj0Qzaivroia3WwDmaUUVSJM5fJIBVjNl6nJeO3mRmCUWkusWAeGDl0c0quhCU0VGR5110bursYk1FUIDkQ8XVM8hv1QbaKSCGHxyFUE9OXiuIWAguYgeHaXzv4pSktEpCriXxT27mPpqcYG2WnHRetptKXmyspO2ZdzdfrzJxdAxJwyuvZHHxIDMViDMSSTeQs1B1OlKTU0UVaCapBXSwzGBvFKU1cgVspj9+7vaVzrLvR59JisYR0+ye7OikBaFbLwwwA2a4PlXRJu14jBglHcxcGOGn4PS74LNww9U0FiAJ2K+cfKUjI2adZUABDB1EUp/mXCe9FqiwX3Yzm8Jeuc8o2oe724+0UUPSL9uuSObp6nV9RY8Wu5G/ILBZSd40NCHImPNZwpac6SoDfByc6qziCimF1EVtPJFwsTDzzxwyr31B1b2abPRKJx1vcmuk7N/YhWjzZsklQKtxFICVNCmcX5qXlVCKJ8Wn28XfB00tJYwKkklyyEKKokBQzhPAYvniJfZ1SgK5+IZjvSNOL3QiP5GaDoYD8Z2rMPN53Ml7ICs1Xc1V9MaKcWUkNxttdKEFlDWE8zhmXPJimSKnSg+GQRgAMTG+NrGKUoBSlKAUpSgFKUoBSlKAUpSgFQ65BZnmLXrSvZKYNeYueszzuz4wW8odjePmOvSS6V+S13Mu2WWOWYzYTlZcciW33AskHK5SBAgNlZso6wYHzLlQRzIMxaUBiZ4gNwyXHFrkZTJG4a+d6T9yZscSzKG4OxJPjxVnKrSzKTiWVJWGBKvF0SWhutRZjZCP3JoJVTS0extSGXXYaRSS66Fm4uhJ57B7d7n8dMpS7odFM36Z7ZDhKwMOR1vnCCFGb9GXGS400wopTkj1yrDrQkpJkpvFldDZDoVlOyYUUlNMXVS5RMJHKtUpQGUyXeU7feb9Fn/qWocM3IwJvzLcFOfX13KSnBSYjadAP98Mo4wXPJ5bYIdyhNDNi5Cqp11pyIKUJku79q1zTlLowfjkLNSANGN79LeC2NdO9TZZZrL3ziGJji213SrJbWeLEGk1yyYtzA+Y0xze6IrN0wlnsHW443bTsUUwAgSUMUVym8SqUCbAq9+lBlMzQyuzjyeb+z5o6/NRkXh95DEvkBmOFXDr671pyQqktzUBsPl8NMwwnpKaXsiac+DEUGcVDVVJ1tUncAAkMoBlkNTUQEYHJwm5kRppjvfoBwiRVqrok7IyUd2oDjMusJ4TwSiS7H78fTjey3JcusNCPOQyip5HJQVXi6U6PHM4cU5NMKCcgWcQSAlqiidSb2qUGdXTTbVTJ3tnv7yFchumbs0Mg7ic3rgnbLZpjfIdOEl7BRX8l+ocMth3lgW/Nrlb86qywYAkVCPtg04UprF0pHKrJtLVRFIsTVVpOINhxW4v8A1qbOnPC1LerTROXU0OCOOiYY3DW8y9igrkUm7r+6yq+6jJTHMTAqbdS/4TcRwvhnkGAaUxgg79pjjVqdRB5CP5g+8H6IOyv7GHrTOE3ebbqNGySIs3m0f8Mv/Ql/5g+1/wCl8P8AsYi+tn1YwehL/wAwfa/9L4f9jEX1s+oBSlKAUpSgFKUoBSlKAUpSgFKUoBSlKAUpSgFKUoBSlKAUpSgFKUoBSlKAUpSgFKUoBSlKAUpSgFKUoBSlKAUpSgFKUoBSlKAUpSgFKUoBSlKAUpSgFKUoBSlKAUpSgFZQ+mR/ij27+l9DX6lS9WrysofTI/xR7d/S+hr9SpeoCf8A0b78SXoP+b5//tuk+rvapC6N9+JL0H/N8/8A9t0n1d7QClKUArzg+lSsCU5X59OO2LYLevyazbJWv+pDAh2RfGNxs7xBlN47n7Dt2Pnr43M8kou1q+KrtUUhd8Y2snn3Gh94eE0QkaUypUDP0fKwB8+n9Ka4V/8Ahyf9RSZKAeQL6U16aj/Eb5FPg3TyBfSmvTUf4jfIp8G63+UoDAH5AvpTXpqP8RvkU+DdPIF9Ka9NR/iN8inwbrf5SgMAfkC+lNemo/xG+RT4N08gX0pr01H+I3yKfBut/lflri0ltpEWHEtm8SCKgJagtK57MMYXAklpRQY8fN5hFwxjAuJcoAKNkGAEKNnbC+IQeed8cbgYF/IF9Ka9NR/iN8inwbp5AvpTXpqP8RvkU+DdXPQvyBc3XIM2H7sfoXq1o/C+rSO9HY1Ikbu+KnsKS2InYgyVAVNUHKmkIxMorQjYutHCptKIkXcAdASnAEZTRVlYSiA7iFsI4oOTlJ5JdanvKbmjFSgqZoEk95wZspDhtQzc/iJJ7AKkjqzdvqRQoEeW28pEDwIxC2SdioE1csttrsqwiLgsKiYoy+sjSZlZ8gX0pr01H+I3yKfBunkC+lNemo/xG+RT4N1dBGW+XO9uy3JQ2G0z0402g3XRpu92tqLYs3xE2Kbm1s4kGZnbEZZT05nnGsyI1zdOWIhBFJPcr3gnL2QhAddVUIlm6zVmXE1yMNzlH0zZu0aQxDsXOQRyOmOJPjc4pXW8GZJTIMlgF5MTlvIkmiKyOeIKCOvpJkdOJHACKyCnqAGJ8kayyDecDJb5AvpTXpqP8RvkU+DdPIF9Ka9NR/iN8inwbrU/zY71S3xu8dMy7dQc3Y5dUkx2vxQlIqJK6Q5lxjmi77lJpMhXzVE1oO9irw4xZKXjhhNyKOUjgCoBlhTQZwtgKUGsLg17qsmQpD8kLxdPKLkgxbH73WSqQEZASiyq62mkLyiXTADhs+cBTwTh8YMkEaPHTIZbELAc2ZFxzGzZnsZnswq+QL6U16aj/Eb5FPg3TyBfSmvTUf4jfIp8G63+UoDAH5AvpTXpqP8AEb5FPg3TyBfSmvTUf4jfIp8G63+VXpyeb7keOTVNwbAgxM9J3fR5yoMcRJDrFKKIqq/pMduCgKhJaipJqSuCtxtkiKSrLK+v5pR7IuRTciKeTPLSilEDYGQ7yBfSmvTUf4jfIp8G6eQL6U16aj/Eb5FPg3VvuxPIfzpcesKJ+6u7mrfHzIGq6EqMvOcIu1bek6J+y8KNh9OFIbZRSPL8jKizFD5PtxWXktHXAGqAImjrZgKwCmUavf7wSrKt9uSNb1x0xirZPVfX5+7iPvZlQi5C1vj9mJC8Gjqucwt7xoaz8ktaTUtRFZceJiFmWNKZ88GT76V1JEbwiihhKhtwoycvmGvUQkZR/wAfqJlY8gX0pr01H+I3yKfBunkC+lNemo/xG+RT4N1cXM/Jry2cari1ukTlDhLQl2ap7AzOz4Icjw0rcM8EJFgB5P0spKCIfeabMZ5YR32jkUxHWjR3NpAJ5c5mhKZbBUTjRpugL2nGgnnGUWSoYA/IF9Ka9NR/iN8inwbp5AvpTXpqP8RvkU+Ddb/KUBgD8gX0pr01H+I3yKfBunkC+lNemo/xG+RT4N1v8pQGAPyBfSmvTUf4jfIp8G6eQL6U16aj/Eb5FPg3W/ylAYA/IF9Ka9NR/iN8inwbp5AvpTXpqP8AEb5FPg3W/wApQGAPyBfSmvTUf4jfIp8G6eQL6U16aj/Eb5FPg3W/ylAYA/IF9Ka9NR/iN8inwbp5AvpTXpqP8RvkU+Ddb/KUBgD8gX0pr01H+I3yKfBunkC+lNemo/xG+RT4N1v8pQGAPyBfSmvTUf4jfIp8G6eQL6U16aj/ABG+RT4N1v8AKUBgD8gX0pr01H+I3yKfBunkC+lNemo/xG+RT4N1v8pQGAPyBfSmvTUf4jfIp8G6eQL6U16aj/Eb5FPg3W/ylAYA/IF9Ka9NR/iN8inwbp5AvpTXpqP8RvkU+Ddb/KUBgD8gX0pr01H+I3yKfBunkC+lNemo/wARvkU+Ddb/AClAYA/IF9Ka9NR/iN8inwbp5AvpTXpqP8RvkU+Ddb/KUBgD8gX0pr01H+I3yKfBunkC+lNemo/xG+RT4N1v8pQGAPyBfSmvTUf4jfIp8G6eQL6U16aj/Eb5FPg3W/ylAYA/IF9Ka9NR/iN8inwbr9BM4E+lIFjIghzmh74ByT1YvgH5RfkQF7U2bSjpUgP2osO44272PDFzPdbX7oD3LuwOOQweGN99lKAwB+QL6U16aj/Eb5FPg3TyBfSmvTUf4jfIp8G63+UoDAH5AvpTXpqP8RvkU+DdPIF9Ka9NR/iN8inwbrf5SgMAfkC+lNemo/xG+RT4N08gX0pr01H+I3yKfBut/lKAwB+QL6U16aj/ABG+RT4N08gX0pr01H+I3yKfBut/lKAwB+QL6U16aj/Eb5FPg3TyBfSmvTUf4jfIp8G63+UoDAH5AvpTXpqP8RvkU+DdPIF9Ka9NR/iN8inwbrf5SgMAfkC+lNemo/xG+RT4N08gX0pr01H+I3yKfBut/lKAwB+QL6U16aj/ABG+RT4N08gX0pr01H+I3yKfBut/lKAwB+QL6U16aj/Eb5FPg3TyBfSmvTUf4jfIp8G63+UoDAH5AvpTXpqP8RvkU+DdPIF9Ka9NR/iN8inwbrf5SgMAfkC+lNemo/xG+RT4N08gX0pr01H+I3yKfBut/lKAwB+QL6U16aj/ABG+RT4N08gX0pr01H+I3yKfBut/lKAwB+QL6U16aj/Eb5FPg3TyBfSmvTUf4jfIp8G63+UoDAH5AvpTXpqP8RvkU+DdPIF9Ka9NR/iN8inwbrf5SgMAfkC+lNemo/xG+RT4N08gX0pr01H+I3yKfBut/lKAwB+QL6U16aj/ABG+RT4N08gX0pr01H+I3yKfButZHKFygxHxhxEzHc7mg7JlmaanmXjDWzXCOrWykKb5KOCES4KKkZ2JqYiUhJxlWRS6+4Q0haHImVxCSUpDXXEvIaIpQvR5H6TI8GoHJ5PX7iPi4seK4LRLW6RX7s45ZsJEbh93ybC3KTIU7Q4WdwmH/ZgByhU23sDWeOR88QwwGwDCG8dsh8lA/kC+lNemo/xG+RT4N08gX0pr01H+I3yKfButO/GXyypm8b3m3V2cYScWou/GrowAU76zO1bKOYPwIMMRKlJIjJ4EyxEs8mAojKiMLkdBKWsnAuRsmiqg4W84246FyEUyckHKpInMtsTxd6NofH2jIkIa4svYgF67XM3Y1SVVJIVSMNEnCjiq0QyonlB1LFyS+RERgcGUmlQkNON4HlIc+GDkdApl8gX0pr01H+I3yKfBunkC+lNemo/xG+RT4N1pijkn0hjGQmHlLjj4ZRopxebXvJwUcsvd4vIQse2WyN3oGwzDmfpptgPPNt+EsWuM4CxhECW7kc1YAYhiYDyjhyOckXITFHKvptxn6NN7TS6ttXBD5lDF67XtSbltOQl9gEZmdCqTuoRBJbXMlUc41ImELJ5ezTWjuThP4ZGVABNFyuSAos8gX0pr01H+I3yKfBunkC+lNemo/wARvkU+DdaL+8ektflPwZfUXfr4iVeMV7572L9+3Auc7gD33crYTEtcz3PHu9y+It8hbAXF7fuNhcshLB9rbO98uzegMBXkC+lNemo/xG+RT4N08gX0pr01H+I3yKfBut/lKAwB+QL6U16aj/Eb5FPg3TyBfSmvTUf4jfIp8G63+UoDAH5AvpTXpqP8RvkU+DdPIF9Ka9NR/iN8inwbrf5SgMAfkC+lNemo/wARvkU+DdPIF9Ka9NR/iN8inwbrf5SgMAfkC+lNemo/xG+RT4N08gX0pr01H+I3yKfBut/lKAwB+QL6U16aj/Eb5FPg3WdDTvR3ktmDlw2D1K1/3A+S7fGP3jskjyrsz84CfWT47OCN3qbRZgVPlmZTSU5kcnj64wh1bv5xtskddPde/wB0BET2eYVvYrrzoeHf+lw8g354uSX9tStUWHtOVRCLD2nKoh3F5AvpTXpqP8RvkU+DdPIF9Ka9NR/iN8inwbrdHO85RZrRDkjz5NruT2JFMTtVTeT4dSlYXMBLRUsLt88QCpYMY6pqh8xmXTERFTi5pVXFk4QSEoobUTpUsLQFAvI9zI8lyQYmnj0041R1v1HUD6gDF8y8izqlxUeM2IhA2YJ+NLTiqAx0tRb6cYMB2DDFU1pXbQ/cTd0V6L4oI5ctS+U8qnU/8XYpZ8gX0pr01H+I3yKfBunkC+lNemo/xG+RT4N1oSijko3vgTbKKNN+UTUJoI5zYAQyRhDb7Rm0pyjrY4HGUGJlzTWkFnu1FOyZEmRQZQTQzrmcZ46kERVYodPlyrPKK70T4k89PNfu3xk7HQhEmqcPa9ys3njr4/p8kQrLTbklWdoCFGjgUru7NqqTLlRjJacSSmSkKS+ezVEBeFKBJ59R/wC0AF7JwoFUfkC+lNemo/xG+RT4N08gX0pr01H+I3yKfBut2cNSuzp4iGLZvjw/4UYUwR"
20:09:00.198 [Test worker] DEBUG org.apache.http.wire - http-outgoing-0 >> "2zJPZaj/F9sdaz7bqc50EwJYLMTDAYRMVC2QweImfche3Dvle+N6ys7/8ASCdrIE5W27pfrTFuvLx1uZ+wOmur8/SZIbakdffCXMGz5tbcqiiMxbaksM1qkfBMeJCkTJFlVpOAdIerWcfhcVQLZhIxEPf1cry8gX0pr01H+I3yKfBunkC+lNemo/xG+RT4N1fTykcj2+mv/IXoToPpC3dRDLh3MaUmqgzs2qa8yrqK3VtghH1ULEM5EckNI8SSjSMkHwhA8m64DYqmKUviOVK92vj9WW5s6SNrWyXFMjrgTil2zYzCR1Bzu6KtaV7ayLpsV28iFRFNayZhqXVN0tFRUC6YVNjF08Iuprx8xiCTRG4uKAwBAcCiDyBfSmvTUf4jfIp8G6eQL6U16aj/ABG+RT4N1sS439+4l5MNSI420h5PV28iPPJYRHKyHEKVMOGP321lARKdDQVjRH/sZ/vMzgCopCsWwAwWm4qIqxmSTRj4iaUnVQGAPyBfSmvTUf4jfIp8G6eQL6U16aj/ABG+RT4N1v8AKUBgD8gX0pr01H+I3yKfBunkC+lNemo/xG+RT4N1v8pQGAPyBfSmvTUf4jfIp8G6eQL6U16aj/Eb5FPg3W/ylAYA/IF9Ka9NR/iN8inwbp5AvpTXpqP8RvkU+Ddb/KUBgD8gX0pr01H+I3yKfBunkC+lNemo/wARvkU+Ddb/AClAYA/IF9Ka9NR/iN8inwbp5AvpTXpqP8RvkU+DdaWeUjlJf+ocp6yaY6jQmkbJb8bjKyoFEscuheNtyOmGyG/3fNwStKikm9or5tggGQXDAKclmkvIZJar1Wzi6mhtsAguRWUuUvka0F2f1khrl3hLUW8GbfPQnFEbbWaRrUwl2LGsuKohUsisyWGvNppTXMQFA6dLXEXixtATgG9koughktYNlzo6SBSf5AvpTXpqP8RvkU+DdPIF9Ka9NR/iN8inwbrRxyP8pc0wdtTr7xwaFQiydgt8NiW2oSJYOVnAtN2DoGiRNEWwM5Jlo617YOJRKGRWy4hgm+jKKSp2T0i4oAx5aXWe3XL0uyeUrfHUzeXXbSflvhXWJDSNyjplr6z7W6arMpYw6oykVHTiIEUvZoTGZVHknL6srLjeQyqoCoEy4Cu5G1YsmrKOpLK01nwMnb7KL/IF9Ka9NR/iN8inwbp5AvpTXpqP8RvkU+DdaOOR/lLmmDtqdfeODQqEWTsFvhsS21CRLBys4FpuwdA0SJoi2BnJMtHWvbBxKJQyK2XEME30ZRSVOyekXFAGPLS6z265el2Tylb46mby67aT8t8K6xIaRuUdMtfWfa3TVZlLGHVGUio6cRAil7NCYzKo8k5fVlZcbyGVVAVAmXAV3I2rFk1ZR1JZWms+Bk7fZRf5AvpTXpqP8RvkU+DdPIF9Ka9NR/iN8inwbrQ3vNylbHom8zE4ueNWE4smzcRYjq8yTC/p9XXUj6962xkLcHFMU5CKsPMu9V5TU8D6KcFJoqgQEIgOhkk04ByKjs7zReJa/wDKVuVDnIJHfG1yuQnALBkfYpqLLo1X2U1QWpBMa/y0pN0ucOLEfnkGVjCg8Wu6gCxA2V7dRWcDGLgzQUjFBGT3k2HAeD5zPJgz5xePXli0hamuyryUbxfO8Q5DcMjJ8TJvzl9k5+8RlVuJrQMu493nPbKaZNs+HSaugAd8toQ6ZVPBfclPAAIkSyFu9aXA30oVWajZVUHmb8GIam3kVQRk3yiXIWS8HpR1NLGU4j3mTh8QmU70JiAgd7FRBCwHc+5AZ5hYY5X7i6cV/JVx2/nB2N/VyIa29RL/ACVRl+b5mfq4m0BhE8gX0pr01H+I3yKfBunkC+lNemo/xG+RT4N1f9tRzIywo7jr/HHxcawkNydr4/Ihn57fz2eQjB1m1oAEuW7JaQnaQLmFFzL5DI0CVXG4jH0EcipmMG8kH3G8yK400jjkr7PdIL07YStsFPusHHJtzDrFIZuCUow0hdWy7J2AbzRIh5GnG5Wn8tgDlbT+CbKbgYUjKMlo5RwKYRTIIil4hijHCK0XaUZjl2kyzy+kyiTyBfSmvTUf4jfIp8G6eQL6U16aj/Eb5FPg3WobarkxOtPiDlfkx1nZpoNZQIaLyWxmDsjHj0ahtNWLuhIbqk3JJYgC2znMEMlGDSiWzFQnOCkq+RcotttxLbbPJ6ko9D8DXK9NHJnF8/pW07Gi2MtmIBfbEzXGlEKY60VnKcLzRHSQ/YWfpRPer2fq9Yd1ggu7PIay7mQHSiSGdBLlBjw5YMDPj5AvpTXpqP8AEb5FPg3TyBfSmvTUf4jfIp8G60681nIxJ3HRrLHbi12aDBkjajYXYOLtd9eo9kgk4FhqLjpeSkMdXDy4iNN0MxxnE0i20o8llzRBzJQCc6HA1hlAU2VzyS1CHGu/MXs1LfR+JR5XHIxYJJbEMlnze4EpmIjZkAtC5g5GsmKrMQglBun5PUnwKVNpZEEdWwLSKUFHP5CCkxiBe+JXAClHyBfSmvTUf4jfIp8G6eQL6U16aj/Eb5FPg3V0+ruwHSOdsNZYT2iju3CcnNadIxakptZpvBp70ojjJI7tSQFcglLpxHkJ2JRFVCAMYAmsyOSwSDHtl3MYcO1s7976EctU1SbulIPGTyEa1IOr27LLj+8rM0/G72FfsGz3HYeRfMy4Y6UlAHBbRjOBIwMpE0c+fcOY5JDdYCsfbzjbSi2sGconz8yRR8UsnymIpnh8gX0pr01H+I3yKfBunkC+lNemo/xG+RT4N1v8pQGAPyBfSmvTUf4jfIp8G6eQL6U16aj/ABG+RT4N1v8AKUBgD8gX0pr01H+I3yKfBunkC+lNemo/xG+RT4N1v8pQGAPyBfSmvTUf4jfIp8G6eQL6U16aj/Eb5FPg3W/ylAYA/IF9Ka9NR/iN8inwbp5AvpTXpqP8RvkU+Ddb/KUBgD8gX0pr01H+I3yKfBunkC+lNemo/wARvkU+Ddb/ACunNhpwaOtUGyvPz8KL6i0oiYjifa0ktNJGXnWuAIKeMcBb7XRS98BFVyOA3gXRUIhcUAIyqnigRgyVAyFMBAYZvIF9Ka9NR/iN8inwbp5AvpTXpqP8RvkU+DdXBtLe/pBUya0Gd+Is064+mjr4faq3LLL1UlJ4bDmNynXEqOXPKpQwA70jNDiFPdzpQSeCs2EtXbiaKbKmS/faaTOmCicZsThDlrjCe+Kq3KIwYmk50I4EcuZeP6/stNMvSUc5QaTgNsZUihFDQ0wYZXENvsqGQSXViiliwjTPkXqppKUSubIlAzhF+fCuk0MtPkC+lNemo/xG+RT4N08gX0pr01H+I3yKfBurW31yPc+MOahX5KpU0/4+ymrqa0UWZHZquReOxCHuc0IVXs042EfXnmu92iYk7kZvqIK65EYVm2V0ZPxGCONgFwk1BsE77mrt3H0g6PJe9LNwN4xm49ZL7OIpZeCxKqJNrixoJJOKYvgFhxQyykmk8M09ZBLGRQwDpY0GAZFwwwFybVz5QJFtH/Nnk+QMW3kC+lNemo/xG+RT4N08gX0pr01H+I3yKfBurctM9pOko7uawQ5tbHKJwks1izc2BHe1W7JDe3uTXqRRfC6mlExVwi2Xu6kMuIpBpvhQninuBSwyTTpPMUUIxkMXBs45B+Rc7xb8faNs1sm1W5KM+ZJ0YxkBGMMjrrfZcq7QvJC7ZTa8cnHSC4nQgx9krI7xcyaOvF191kmIgCh5k11y2BJHQMqvkC+lNemo/wARvkU+DddQbCcHPSXI+gOcH7K3MD47xcyIgkt3ySy/KA79OXxvYLaZi0svFr+LjkiUk3V/w+3SSileBV44URVXvvvFUMgERxxcL75b3s5+tO4EG3b2q1G4+XxrozkxLe81wBr6953TNroijY6MVzW1dQc70UHDDzoV2EnGczLxKtksdJgd6GTZQzmigKSqlWtbKzOwNjOKHYyfIqV8l2Npk0CmqSmOqiA97GTbZeWvzoXUm54nfMTNPUwSp0MuqJo2VzCaohGiJi2I5cTGzJZj7KOasrcpkdjzduEvjW5i91oDlh+8cW/nzSouakv5tB8sv51G0kDeMj+xZjXWcnR4uQSxHW3Vjst1URUrw0sHCy1fwd3jct3iUKCiXP8AkC+lNemo/wARvkU+DdS+6Ev/ADB9r/0vh/2MRfWz6gMAfkC+lNemo/xG+RT4N08gX0pr01H+I3yKfBut/lKAwB+QL6U16aj/ABG+RT4N08gX0pr01H+I3yKfBut/lKAwB+QL6U16aj/Eb5FPg3TyBfSmvTUf4jfIp8G63+UoDAH5AvpTXpqP8RvkU+DdPIF9Ka9NR/iN8inwbrf5SgMAfkC+lNemo/xG+RT4N08gX0pr01H+I3yKfBut/lKAwB+QL6U16aj/ABG+RT4N08gX0pr01H+I3yKfBut/lKAwB+QL6U16aj/Eb5FPg3TyBfSmvTUf4jfIp8G63+UoDAH5AvpTXpqP8RvkU+DdPIF9Ka9NR/iN8inwbrf5SgMAfkC+lNemo/xG+RT4N08gX0pr01H+I3yKfBut/lKAwB+QL6U16aj/ABG+RT4N08gX0pr01H+I3yKfBut/lKAwB+QL6U16aj/Eb5FPg3TyBfSmvTUf4jfIp8G63+UoDAH5AvpTXpqP8RvkU+DdPIF9Ka9NR/iN8inwbrf5SgMAfkC+lNemo/xG+RT4N08gX0pr01H+I3yKfBut/lKAwB+QL6U16aj/ABG+RT4N08gX0pr01H+I3yKfBut/lKAwB+QL6U16aj/Eb5FPg3TyBfSmvTUf4jfIp8G63+UoDAH5AvpTXpqP8RvkU+DdPIF9Ka9NR/iN8inwbrf5SgMAfkC+lNemo/xG+RT4N08gX0pr01H+I3yKfBut/lKAwB+QL6U16aj/ABG+RT4N08gX0pr01H+I3yKfBut/lKAwB+QL6U16aj/Eb5FPg3TyBfSmvTUf4jfIp8G63+UoDAH5AvpTXpqP8RvkU+DdPIF9Ka9NR/iN8inwbrf5SgMAfkC+lNemo/xG+RT4N08gX0pr01H+I3yKfBut/lKAwB+QL6U16aj/ABG+RT4N08gX0pr01H+I3yKfBut/lKAwB+QL6U16aj/Eb5FPg3TyBfSmvTUf4jfIp8G63+UoDAH5AvpTXpqP8RvkU+DdPIF9Ka9NR/iN8inwbrf5SgMAfkC+lNemo/xG+RT4N08gX0pr01H+I3yKfBut/lKAwB+QL6U16aj/ABG+RT4N08gX0pr01H+I3yKfBut/lKAwB+QL6U16aj/Eb5FPg3TyBfSmvTUf4jfIp8G63+UoDAH5AvpTXpqP8RvkU+DdPIF9Ka9NR/iN8inwbrf5SgMAfkC+lNemo/xG+RT4N08gX0pr01H+I3yKfBut/lKAwB+QL6U16aj/ABG+RT4N1VDzI8W3Ntp1qOnS1yDci/zp4HMS+zWgUjL53W2s4dwfyyiO863nR4mTbHzYZoXgpOSF8p4aCUsloj4T7gRLCgHTuYXqtVlD6ZH+KPbv6X0NfqVL1AZ4ON7h46QTsdpLAc16hcpnyD64v1vOBQi6JPnvbsRf4lpSe93QiKpHxCjGMVxiN3v1yJi0r97N1VOFjPhDv8zngfNmwg5v+QL6U16aj/Eb5FPg3Wj/AKN9+JL0H/N8/wD9t0n1d7QGAPyBfSmvTUf4jfIp8G6Vv8pQCsAfPp/SmuFf/hyf9RSZK3+VgD59P6U1wr/8OT/qKTJQG/ylKUApSlAKUrgkpPM5HMZSNISe03I/T7EYjveZFjM1LPLjveZxrt9QWyzTaiIllTymsORxDEcEdDS04kcPKCocKlChUwYGDCzAqt5UOW1oaFlWnA0MsZV2d5C59KCputeqDDLGVtwKJ8932TIyFJYKVlc214xRzZU4bGHHzJqDpxRlcokDp6SkOt2tL8vg046ZQ489T3eV2MdCe79rtopmeGz2yaijmCpxGRZDf4CaFkzEpQIBgp6rggFU/vtaU08HwYady05cUQydboKMaFz4cT23MlapuvY/b3d/h75r5u5F9rZNcjhkeYmBx4uZytNjRViMVBYsNRMqPt7s9xN5nJBEmBkoppVvpIApcm2G0JmqJDHbpnDVlqjuS4t7okl5aaGs262jrsblzzOa995dcS8Pucy4lhsjm0R+NBmG3a6Sr1azdUhy11Hvk2TLmFAoKlDBXDEyFp98Qh2vmgzr6X3RCO3MDIvLWxIiTwOLeFo2kk8tNx6gyw8lpTTj8xRkTDwRgkhdg2N3G72O1JBegaWZc6kmpa2sKGIi2koyeXbiyKo2L36g6N+Z01B4xWC1tM1+Sl5IZr+fSPPN5rQiDVmUhseaHTlmRSshthJU1tGQzmJNSbtm2RSFtcKgMvFuFjq0pr5dbM5R0gPlc5MNX49dUH8jnFzvlsftUyHQ7yLTmrSLXtEk3XSdG4cWTptjKxl4tBTRECL8QChsojmu+0E0eAbieVXl9KKO0VXbgfHOLOCN9uNnR7bHax+6drMvbSbi7nr+0zw0yjSQ2Yku+M4nfS2R8NlEhSWTeTbX5EbyQYc7mIMFPUvCSwWFarUGFTHIEsEk89Px98hOTh5QX6WDvPIyRTuTpWt7W4Q9oLXva18nlrnbG172tfK/zgo4y7Frf++/a45Zdi34exa9/wDZa9TCndgSPJfEE02XGu4qFoKrKur0IYOHahwphY0BGLJLslpDO4UosnX7HBZjH1tJwGQMH5dxBnWsWUTZ9GCAXbJiom0wcmkmbjc6jDivjv1x48N7NUome8wsJ57WbIbvwmFADZY8cMhRyUxEZjJyg414OR1qyvmSX8cEBQGHMqLcSkhOTzyatKjgb02ekQaU7AbA6G68x/qzFizOTO1y2ThOSZZ1hb6tgnrk1QPGjfcCGbZiZgIYLZuY0QENo43isHcY2oB90WksmdXW+kkjBUZYwZO2X4Coyxgyawmyx9eNSiveSMOG6NePOR5V41CGz713D10bbbeTY5G4Hj/c1ULCyS03S38Hk7pR2yMo5WFVAi98MHBgpFizuUENIPKJcNqEknNNSwC8oOdmRJM2k4peA6WDTuwZUx7F7KaDSIZfieiEVINpSZLuuCu5RncRbg2RVNP4ILpcOSyWRBcixE1iUwI55AlxL3xl7yP7iy5ulxkbKaqahcSnJEgrzqgg0gCosuawX1uaMYNRuYJigOhs9DWVI0uyq7CpJICQWNGUGNB33XzmZcqWU0hOB77tHzfDXLZGR+Jvo5rDZWuOwLif8FTfxyZTWwEuFpKNvqIiMVwJkzH+sSa0Amxk4mIhtdwEBSKwtOhNS0slkKVEGN4hGywgrPvNNyI05wZ9VZESNdnlLRT9Hl/4PtXdfON3YHchHkvaiQd+tdmgjSs3d15N2XmBxTGqudFdyCKsYZkPGwFgtxIUSZ5VASCjSaSKpNzIUgKnrdxyYg5rSzx4Ss7520E0imyQVDJWf0uak66SS+VbIPAK6q8XrETQcToU+5BWxDCsoLigeOWCwxtiHYa2GNrWx7FRx5vI8f8ALHE7vPHMWMZ4SXITuhJQSWoxI/bK08nm51TNdQxsE1vNduklJbWlDMIEUXEmmkTJjIMITOwd8cMr2p83sdG+UDdG/wBH9etWdddpF/ZqWtYtTNb5RQIhhGUXbMUCsYtASQLNJ5wNFtIArjZLkxxbvyUGAHAAgqKSou8/YubS11LBHKkxYrCCcMX8dZyRE4RPJ+Tyd7SyVzbPN6cOHGUmhu2IS7zZ5TkF3rMA3NwdEzWaTuTXNnGMfrQGYYD+e5twtwmOZAQj9rOHNEMtlEyONkw9Xk0NU8QRg2ISiaL4YZIRgFmRHHbJjBognBcRzYTYYLaTGogBGhsMAsBjAaUklMBxcQw8RBbZZ44YWvbG2aDTDkxg/Q7XGNtY9feCznwbDBjxEKkxTIPGyXBWno58ypfBySC8jwMw4iLLxd6gDmqLakPllbHPMFOIYFEdPTSBSxXkLl/kuNasaz7XcacZLRt1El2MpdnnTOaGQ1mrOD+g51IqM53NExku5xFe8cTM0LZZNp2tpFUhV4mYPOYBvn1dyN1ESloMzfEKJOWuSNplncXW0DmejAWDuHuMdvkx1RQ9NWyKDJ7fkqRUJXcJOH1bcB2q8g2fMYNXFnjnja4ktSNcLHiK270tFsqLScRXEHbKCMCYBCMFxQ"
20:09:00.202 [Test worker] DEBUG org.apache.http.wire - http-outgoing-0 >> "xy44eAwA4ImIoIwIuNswhQhcL5YCBiYZY54CYZXxzxvbLG97Xtese3J/PW3vNjrUh8d2tHFzvtr6qzDJEXqk2znvDCIUBRBC7PY7qT3UqKLecyg4lXKRFIusJBS4gLeBBUVBthHAEFKWFlXATSeuJhtIowWMzGKQNGjxFlNNutIkdO3xyOHCjcRyaOWNG8sf4NzRgEngMYvj/BuLnne34KY/pk74hu1xqeVi62hqvK6UpQClKUApSlAKUpQClKUApSlAKUpQClKUApSlAKUpQClKUApSlAKUpQClKUApSlAKUpQClKUApSlAKUpQClKUApSlAKUpQClKUApSlAKUpQClKUApSlAKUpQClKUApSlAKUpQGS3eIuXkLpZPExHj/xwUGEwdM5NlqPUNSxsOlCytcptkaMKhMIW1wsVhK+TliuIHML/tIBtpoxu+XYCBtbWlVCXM/xu7CbIO/VHfLQpWayPvxoW8jjpjduPM7gjtOdY7VRyxp0Q44lwU2nlksVRsXPk0YZSU0dDOpTsezeV1lCxcJVzIH5CPzdzumNTBEk7hG5cEfYMqVDIqTHjnXcjJsKGXRkHbDtETY4i5kprmGjc3e1h3Icb5UcoVyyHCSVKwXZFe8TfSj1YRrRdJSfTz4IY7WAF496XRxpKzCxwTluctIJXQpoIpmNgMnI3G4zdqjrdWHD3LtcjOYZ1jtkuCYN3zxEDYaITCt25IHtY0OyV9p4e6VtvY5tRdSU3cyST3HzHCEtxgq7DM7WougsczhqMoKT9wfT3arvSlYZLXkxtN7FpF00BQP4OkRYCPBFkE2XM2V8aWhm38p7+zDzKclTPb8RTi+I/DhjVbVFEcpJ8Z60wp/AxzMOx1pggqWafiynZKAIpNKG7mEZechK6ynoSg4ybSaPGdfIGnJF6VDvPsKsQxLCTALu452ix2pOKnHTvIQ+53oWWNOxTLQb0mGkcJlrToLhNhyiDoCatmVYINvLmYhTHFJP3LuZZ9DmWfRaJp9sjyLTDJa42duuM9A0zjYixVNdRJPSt34t2VMLz4Kr7ZT01hZsVkRy0FVJBVEFTcrhydphSHTyGbWDRxSIpleKGC2fDlufU3xr0mXiee2uECk9nJnRdQZw8TYPUJZb0GlHv4SZ+2iS4e7Sk6kNyILX8WmofXHeH3+infDYqBg3Sve51XLmwNl9Zm9v4GnJzdJ24nZ9bcMSw4IJjnVnYBvSFNSJHTvVYlYa+tRdtwno6G85HII5hnNdYVj7kbpFNTFtZInTxxfRSxUAUZVI4DgWFa17Xcp0lTWy2TsfxJNrWOGFrxj8cpwT+QyHZyNsjwa011Wb3cYtasVttedHjK6yCG0BO8Fol4ECX83Ea74JJBgoPa1SlAKUpQClKUApSlAKUpQClKUArzoeHf8ApcPIN+eLkl/bUrV6L1edDw7/ANLh5Bvzxckv7alaosvP89oRZef57Qu+6YS5nKh8RpFFRzx4i3X5tjB7UkfMmHmLiKyiyRIj0BwOA4Z4WGLgPZoM08EEJftM1AoSxtfETtMsdMDFbLLiqLGezo6RgSkexywUBtsZAbIARoAuzmk3iqa20lALFO0AMhhopAmUSwS18Qx7WAxCvbHPG9Rd5H9GY+5HtNJp1DkVRGbxCTUIoI2XmUJ4HzzDkFsqZNyMR5FSWQxXI8CjOVMIZLKSEdT815ujLLfuoEglUQyHS9qLvdyU8dEWtPULkW41txNmDUIoKfHsZbdaAMEDaVszDHzWLho7PVHu0U1WbzwabgJIJImnHFhdBCcjlFADU15ooyiKcUVO69RnmatUm26o2ni86Im8W7ydPSNtaY3WY5Spm0h5UYDJSpIjaixmuqd9MzETs9SezsNd7JKMG4XjISYUMHLhYGlEckn9+qWKWQUDwREYIoL2sWeSiPGjMXSO+LCG3+l4LTEmDRne2MHolZ5Y44qDTe0F7FIbhJX7bATH/tiSbNlOzlje2Hdu6djLtO1y4Tv6kbp86S/p3F0I8euyupEKa97ZR7sjIOwG/BZsQAeGIMcgtpY7Ta0GJ6q+pNcBxZJLx42mK+JcoULnk8knLhZILKoismS82+hCaXN0j3iTnJtxDKDghSN9cNqUORJgRGA61WLWEtuKLJzT2+jvSQCCSYabWVFxQV0oijp64rkTamcU08sSBHGOlsBQOteCram+rvG9uPrrs4tCeOHC3J+xkWScbGztgfVoWYN3TJzAdhGxgS+F0taSCztazHBxEzwMorRSO9sxwzAAgmeNThx5pmi/FBuhMZb/AOL1yWc/UabkyEbHwE77Abz0cLpT44RQBBMbZXbuSESOPhsl7ZCYFE5/5AB5Bh2xKl7HObjRPecxyFyYytLIjk1xwDzUxPrdB+20lMFhu9wtKC3tC03sVNVZOkNcbKQebjLb40MFC6YdNvA2kgOFJcsoGSxkwaTjeA9i/Obqi/VCPOGWKtYINkx/MfW/kY1PzPosWR+7H6BFsLRghmW4XcjtyaqOp4tdmNlIJpxQ+5VuyejEcMQ7mTYNr2pKOkulWdVZOJsJdRfVl1uyUlNiJXOHNRXXbnj4VpoOxrMMwFWJH+wZ8aN4BYJyUZfdOJ9IcaLYqyWEQNEjjjPFMlPFTPFgDQORZHJKR/K+WBTLDKeks802zEkMNysvSThu5UHLO7nQ1NGj9d2Z1qLa0Qe3XAplByKa4XW/Xy8hi5gignhQ1IyjZF0oor4FM04dzIWJi6iX4TyKQPOL36QBwszKy4alZ3Q/FbU2ALSfKzXjt3r8bRwYWWq7y6OA/H0lI5trtAZWMGSwCaE4VROzPDGAAiuIuYoeOWlug4zPwpt4HeOt+cYvHZHmustKyMpzAtu14y5KZZtnrqjdbjsfQyeCC00hVuGFgq2bjYQm6mKykWwunnXEAsjpIxtKzJHDFyVKUApSlAKUpQClKUApSlAKUpQGV5OBCd/S817N1Y4GMot4pQR41uaxxzuQGUX8ilj+abfL8IOeYEiv7ATIP+FcM4fwv/BFztXJul1o6Wd4eXM4DXaBrbE2MgR2Mw7bKwZtNc2S2rti55OG7NhQDobeczgCxGAyxGxAGMdi9sL51znlN1i2og7kZ1E5k9NoUcOzR+Ho2cet222uLCOEy0mvuB1005VBGdcbpJ0UHB3OZrqbyWjg6CRzzWziohR+GESOt8JxHESK+7Jjann7fGq2o7O0N3G0/wBHmDO7RnvcKYd4YqD1/crsRmGXPl0+JYzYJtwrau6rrhJeWyuauSzOFQnQMgKhsunt5tnVJWM9EdF9Km9dPTJI3hHRYK+qLrus0605FoiaOPrpSXJY7nsDiI6Gfx86uojTwM4hZZJyO9Y31Pd7vyTsLYY4FreNho6ALmDjjlj34bBxywANCBZcm6WUAGj6haLSSk2sVf7A5PdczLHVgbB4qJY6bY8xqQ5EmNnjllhiZOt1GUxMMP8A48whkxMuziDe1+wt9ID2q0n5Zo75iNUteH9tlFUja/i6v7vwHC4RJWnPBvJqkQVWrKUaNFQOErPc6Vs22ETzbiXlkoY5sbJPHHTk15HHA3OlJ4StqOdXcjRZt5aTbS6eceWms3JG0c1u/dWOcIRkeapMZtgMmNHTHiU2tKbhHRMi91lAUHNYxcp4Id7nUDRlEPoTeTXazMbcVlFlasHZNGmySQ5TqMAG4ulicrKu4MMTCnHekGvjTYFzNsBciLYdDL1ZczjETrZW7IFsnGMZCFFw/jbd+mwu6WCNCh5ullABo+oWi0kpNrFX+wOT3XMyx1YGweKiWOm2PMakORJjZ45ZYYmTrdRlMTDD/wCPMIZMTLs4g3tfsLfSA9qtJ+WaO+YjVPXh/bZRVI2v4usG78BwwESVp0wbyapEFVqynGjRUDhOz3OlbNthE826l5ZKGObHyTxx05NeZxwNzpSeErajnV3I0WbeWk20unnHlprNyRtHNbv3VjnCEZHmqTGbYDJjR0x4lNrSm4R0TIvdZQFBzWMXKeCHe51A0ZRD6E3k12szG3H+L5g6+JtohyriXBCdHSAekGPly44DvNuq2sLDQTRjHHI6Aycm4up9yhcXL+HgSyIR6xMcw8f4GWJMhfLs3CDp0kUANFn/AIHpJRsMMH+0+UyJ0RsGg+52O2SXS6Y8PuJOCyytfLIkqnWk2QFEC9si5nAMAIzhnjfHG/ItlYe2o40eYCReUWAdYpd3E1R3QhtpxntzE2uKSUeE8xnJcdkm6jtGTGVFgqgmnH4nnUFopQVi6QbwDxOLkg5L4yKaHa5xZ4ifZe1PM/yc6OT+89P9idM+P/jjcazN6Jjt0zAYkm+d9iTJlDPtHBMiQRXVllFbrRcDPaSsQV1G4xGyMRdeJk+XWHQkIyfGk+ipWTLr0qrciJJFgypKMmWSzlJZpqhXj04r+Srjt/ODsb+rkQ1t6iX+SqMvzfMz9XE2sQvTiv5KuO384Oxv6uRDW3qJf5Koy/N8zP1cTapTLX0RcmRdWsW/08OvDA5sDLPIxLgMyrp0MPFxnckdkx47kciqZ55ZnBSxd1STIyqXFHysHdTXFsIO1xQDOedzW43KE2dM5NAjRd0q5HJ+sKyU18jyJqrqW4ZsilOJqJ9cIiIim+E1wJREk50rFCFPrKOKDbNOTFFIOijXDPY2wqGUNWN6+Fze/ZbanR7XZb3f4+92nb8p096uxqupSRPMCy2YPqakrPaJm4tZhlHohm1FfXRE1utgHM0ooqkSZy+SQCrGbL1OS8dvMjMEotJdYsA8MHLo5pVdCEpoqMjzrro3dXYxJqKoQHIh4uqZ5Dfqg20UkEMPjkKoJ6cvFcQsBBcxA8O0vm+kdJtB9AldkdossHk+8pynr0JyC8gEHcl3R1t89oNek2QUqOFNguZllikmIKQ23RZXaD+ZJVVEFTENxuohiSzENB3JjYq2Yo2Ns7iAA3ta14T6gC56McgnCPsYCHdIhrls4ntaNU5VFtle6aBslDmv8TrUSOBSywthjksuRBBjqLmtgNhYQQAw6jAWQoeBjAr2M1OMDbLTjovW02lLzZWUnbMu5uv15k4ugYk4ZXXsjj4kBmKxBmJJJvIWag6nSlJqaKKtBNUgrpYZjA3ilKauQK2Ux+/d3tK51l3o8+kxWMI6fZPdnRSAtCtl4YYAbNcHyrok3a8RgwSjuYuDHDT8Hpd8Fm4YeqaCxAE7FfOPlKRkbNOsqAAhgs2t+9LIT+Jz0TeMsY41tJiJvvz7p0bW7KrCPDvpfIcyvAvn/Ho4u1eyLQuAy0o1YLugWagkMY2ynw3xBrhjpyywXAD3TDtxSxmvzSb+hgbA/mz2y/by4qt+4S9c55RtQ93tx9oooekX7dckc3T1Or6ix4tdyN+QWCyk7xoaEORMeazhS050lQG+Dk51VnEFFMLqIraeSLhYmHnnjhlXvqDq3s02eiUTjre5NdJ2b+xCtHmzZJKgVbiKQEqaFM4vzUvKqEUT4tPt4u+DppaSxgVJJLlkIUVRIChnCeAxfPES4bZOMffiWh3LxdcyaZD3HBpXExDjK5gZjWY71ritpWdkL6MLzwjF6mEZrkCNl9jSAaeaOiLbPUxcMR0tyZ5FCpokMEaxCtbK2Fdl6Uaz7u7rcx5rmH201vV9LIjiHXA1rpq3BkguFFWJvdSeqjujIy7pFRkAYYFqABYyFJCgdS1wNKVip9YbCKmE1xNRT7oPW5cQzHekacXuhEfyM0HQwH4ztWYebzuZL2QFZqu5qr6Y0U4spIbjba6UILKGsJ5nDMueTFMkVOlB8MgjAAYmN8bWMUHnPnKupSlAKUpQClKUApSlAKUpQClKh1yCzPMWvWleyUwa8xc9Znndnxgt5Q7G8fMdekl0r8lruZdssscsxmwnKy45EtvuBZIOVykCBAbKzZR1gwPmXKgjmQQKruWzlLdzfcSzxecczKPbI8lc6M9RbZhGauZcZm6nsp3JeKeoy1M7nFzshNlYS0VYBV20hrhoqUTLnEV0PHMuknmwgvqf3E9oWT41NCoH1E8YyzycrCSFpbkR3EQxwUxwSS+3CqPJ5jooZoIuZs3UxXWRW82BDZUmfMtxGSjSmVAUhzmFs2PEBuGS44tcjKZI3DXzvSfuTNjiWZQ3B2JJ8eKs5VaWZScSypKwwJV4uiS0N1qLMbIR+5NBKqaWj2NqQy67DSKSXXQs3F0JPPYPbvc/jplKXdDopm/TPbIcJWBhyOt84QQozfoy4yXGmmFFKckeuVYdaElJMlN4srobIdCsp2TCikppi6qXKJhI5QZmVYqa6RS9OS4xHEmRuXiKyTxHqCG1TW18/wCuZJsSduKUiooGmLElphGNX7JLEQW+zsDpY2RcDmTUtwZkGsCKtrx9NbYS8SO2TvRhtTZLgsXoc4w7p7wYkvaDjwXqzgtrobbuZZjjjS0VECjmXF7ApmkOhIQRVMo58lrAqolnWQUSyn3uo4j3wrel3lO33m/RZ/6lqHDNyMCb8y3BTn19dykpwUmI2nQD/fDKOMFzyeW2CHcoTQzYuQqqddaciClCZLu/atc05S6MH45CzUgDRje/S3gtjXTvU2WWay984hiY4ttd0qyW1nixBpNcsmLcwPmNMc3uiKzdMJZ7B1uON207FFMAIElDFFcpvEqlAmwKY/7jPUePMPT0rCNyvotEHP3xs8bEby80tgtPFlJ0n1saBl46CldfzCkkHYrhVjELvXI3seG+Rne7pau2UNVc7qLNQm1mkqOjw0TYqgaI5IRU/wAo5Uykm80vCVqXuzpRHqo5pKjuWYg3ZQIKBvk4HAvqkXlZAjuVIsRASoRTJ3LjNcy04BSIREsUVXgTZZsigJeS4up6KP8AtTjyeb+z5o6/NRkXh95DEvkBmOFXDr671pyQqktzUBsPl8NMwwnpKaXsiac+DEUGcVDVVJ1tUncAAkMoBlkNTUQEYHJwm5kRppjvfoBwiRVqrok7IyUd2oDjMusJ4TwSiS7H78fTjey3JcusNCPOQyip5HJQVXi6U6PHM4cU5NMKCcgWcQSAlqiidSU2eWyUVFjrFrTZg0oKzpBNWX+ZzWLTvIhDt/zxQBthx2bSxFAWvu0zt2fkzVCcGjJUBu/X+SWena2pa7E7mTZPes8Sm526kRelMeMW+O4FgYyjOdVVXYcTUtuEUkgpuALElzXi8MK5ropySKt3HyOY6EbwFwbmO27p4IJqWxRRv2x7e979wxQQE3Et2L9r3tYLtLWw7W1uvts9/eQrkN0zdmhkHcTm9cE7ZbNMb5DpwkvYKK/kv1DhlsO8sC35tcrfnVWWDAEioR9sGnClNYulI5VZNpaqIpFiaqtJxBsOK3F/61NnTnhalvVponLqaHBHHRMMbhreZexQVyKTd1/dZVfdRkpjmJgVNupf8JuI4XwzyDANKYwQd+0xxpCFqaoizSEdWgkhtFZatqiK6Km+qJCCRgpQp0Jf+YPtf+l8P+xiL62fVjB6Ev8AzB9r/wBL4f8AYxF9bPqAUpSgFKUoBSlKAUpSgFKUoBSlKAUpSgFKUoBSlKAUpSgFKUoBSlKAUpSgFKUoBSlKAUpSgFKUoBSlKAUpSgFKUoBSlKAUpSgFKUoBSlKAUpSgFKUoBSlKAUpSgFKUoBWUPpkf4o9u/pfQ1+pUvVq8rKH0yP8AFHt39L6Gv1Kl6gJ/9G+/El6D/m+f/wC26T6u9qkLo334kvQf83z/AP23SfV3tAKUpQCsAfPp/SmuFf8A4cn/AFFJkrf5XnFdKnQZbdnPVx2tPXNVMNvY9ywNqUgwU6bLZRGLoMtrO5ewybFyridNEBw0gwlPswiqN1syMOUJYA4jCkM8QM8swPR1pXn+fMD6ZJ56A/tKMb3Up8wPpknnoD+0oxvdSo9O6Urxdo9O6UrxdvQDpXn+fMD6ZJ56A/tKMb3Up8wPpknnoD+0oxvdSj07pSvF2PTulK8Xb0A6V5/nzA+mSeegP7SjG91KfMD6ZJ56A/tKMb3Uo9O6Urxdj07pSvF29AOlef58wPpknnoD+0oxvdSnzA+mSeegP7SjG91KPTulK8XY9O6UrxdvQDpXn+fMD6ZJ56A/tKMb3Up8wPpknnoD+0oxvdSj07pSvF2PTulK8Xb0A6V5/nzA+mSeegP7SjG91KfMD6ZJ56A/tKMb3Uo9O6Urxdj07pSvF29AOlef58wPpknnoD+0oxvdSnzA+mSeeg"
20:09:00.203 [Test worker] DEBUG org.apache.http.wire - http-outgoing-0 >> "P7SjG91KPTulK8XY9O6UrxdvQDpXn+fMD6ZJ56A/tKMb3Up8wPpknnoD+0oxvdSj07pSvF2PTulK8Xb0A6V5/nzA+mSeegP7SjG91KfMD6ZJ56A/tKMb3Uo9O6Urxdj07pSvF29AOlef58wPpknnoD+0oxvdSv8xtA+mSXCFt8843n2Q87doDsuxghc+zjf+CEJ4sA9zEy/wBmGfdQu0yvbLumHY7ax6d0pXi7Hp3SleLt6A9K8/z5gfTJPPQH9pRje6lPmB9Mk89Af2lGN7qUendKV4ux6d0pXi7egHSvP8+YH0yTz0B/aUY3upT5gfTJPPQH9pRje6lHp3SleLsendKV4u3oB0rz/PmB9Mk89Af2lGN7qU+YH0yTz0B/aUY3upR6d0pXi7Hp3SleLt6AdK8/z5gfTJPPQH9pRje6lPmB9Mk89Af2lGN7qUendKV4ux6d0pXi7egHSvP8+YH0yTz0B/aUY3upT5gfTJPPQH9pRje6lHp3SleLsendKV4u3oB0rz/PmB9Mk89Af2lGN7qU+YH0yTz0B/aUY3upR6d0pXi7Hp3SleLt6AdK8/z5gfTJPPQH9pRje6lPmB9Mk89Af2lGN7qUendKV4ux6d0pXi7egHSvP8+YH0yTz0B/aUY3upT5gfTJPPQH9pRje6lHp3SleLsendKV4u3oB0rz/PmB9Mk89Af2lGN7qU+YH0yTz0B/aUY3upR6d0pXi7Hp3SleLt6AdK8/z5gfTJPPQH9pRje6lPmB9Mk89Af2lGN7qUendKV4ux6d0pXi7egHSvP4C0D6ZJbG/wD+Gcbw/jBr9gXZdjCZX7Iud+2tl4sC9gPPs9uDh21u5BZYB9zB7TuWH+nzA+mSeegP7SjG91KPTulK8XY9O6UrxdvQDpXn+fMD6ZJ56A/tKMb3Up8wPpknnoD+0oxvdSj07pSvF2PTulK8Xb0A6V5/nzA+mSeegP7SjG91KfMD6ZJ56A/tKMb3Uo9O6Urxdj07pSvF29AOlef58wPpknnoD+0oxvdSnzA+mSeegP7SjG91KPTulK8XY9O6UrxdvQDpXn+fMD6ZJ56A/tKMb3Up8wPpknnoD+0oxvdSj07pSvF2PTulK8Xb0A6V5/nzA+mSeegP7SjG91K+0T0G6YxgLnkf3KOmALlT2AYYGyzHwzxOiEjAaaPllZtl73BLKORUyYw7plYQuEKHcAzbK5YU9O6Urxdj07pSvF2380rz/PmB9Mk89Af2lGN7qU+YH0yTz0B/aUY3upR6d0pXi7Hp3SleLt6AdK8/z5gfTJPPQH9pRje6lPmB9Mk89Af2lGN7qUendKV4ux6d0pXi7egHSvP8+YH0yTz0B/aUY3upT5gfTJPPQH9pRje6lHp3SleLsendKV4u3oB0rz/PmB9Mk89Af2lGN7qU+YH0yTz0B/aUY3upR6d0pXi7Hp3SleLt6AdK8/z5gfTJPPQH9pRje6lPmB9Mk89Af2lGN7qUendKV4ux6d0pXi7egHSvP8+YH0yTz0B/aUY3upT5gfTJPPQH9pRje6lHp3SleLsendKV4u3oB0rz/PmB9Mk89Af2lGN7qU+YH0yTz0B/aUY3upR6d0pXi7Hp3SleLt6AdK8/i2gfTJO653+ecbt2QwrdvfZdjXCy7GQ38HAPxYv2gmHZ7IufcsO6Y5g490F7l2oP+nzA+mSeegP7SjG91KPTulK8XY9O6UrxdvQDpXn+fMD6ZJ56A/tKMb3Up8wPpknnoD+0oxvdSj07pSvF2PTulK8Xb0A6V5/nzA+mSeegP7SjG91KfMD6ZJ56A/tKMb3Uo9O6Urxdj07pSvF29AOlef58wPpknnoD+0oxvdSnzA+mSeegP7SjG91KPTulK8XY9O6UrxdvQDpXn+fMD6ZJ56A/tKMb3Up8wPpknnoD+0oxvdSj07pSvF2PTulK8Xb0A6V5/nzA+mSeegP7SjG91KfMD6ZJ56A/tKMb3Uo9O6Urxdj07pSvF29AOlef58wPpknnoD+0oxvdSnzA+mSeegP7SjG91KPTulK8XY9O6UrxdvQDpXn+fMD6ZJ56A/tKMb3Ur/MLQPpklsb/AP4ZxvD+MGv2Bdl2MJlfsi537a2XiwL2A8+z24OHbW7kFlgH3MHtO5YHp3SleLsendKV4u3oD0rz/PmB9Mk89Af2lGN7qU+YH0yTz0B/aUY3upR6d0pXi7Hp3SleLt6AdK8/z5gfTJPPQH9pRje6lPmB9Mk89Af2lGN7qUendKV4ux6d0pXi7egHSvP8+YH0yTz0B/aUY3upT5gfTJPPQH9pRje6lHp3SleLsendKV4u3oB0rz/PmB9Mk89Af2lGN7qU+YH0yTz0B/aUY3upR6d0pXi7Hp3SleLt6AdK8/z5gfTJPPQH9pRje6lPmB9Mk89Af2lGN7qUendKV4ux6d0pXi7egHSvP8+YH0yTz0B/aUY3upT5gfTJPPQH9pRje6lHp3SleLsendKV4u3oB0rz/PmB9Mk89Af2lGN7qU+YH0yTz0B/aUY3upR6d0pXi7Hp3SleLt6AdK8/z5gfTJPPQH9pRje6lPmB9Mk89Af2lGN7qUendKV4ux6d0pXi7egHSvP8+YH0yTz0B/aUY3upT5gfTJPPQH9pRje6lHp3SleLsendKV4u3oB150PDv/S4eQb88XJL+2pWrtv5gfTJPPQH9pRje6lZ1dPIO5bHhy27BxJrJL+TX5I2+8NkSczyXaQkVDzXHO23saJTmZs9jaUZSlLJedWBk5cwAQAwVrZZDl7A4Z2Dumm0U+F1a37ATTaKfC6tb9gexbSvP8+YH0yTz0B/aUY3upT5gfTJPPQH9pRje6lHp3SleLsendKV4u3oB0rz/PmB9Mk89Af2lGN7qU+YH0yTz0B/aUY3upR6d0pXi7Hp3SleLt6AdK8/z5gfTJPPQH9pRje6lPmB9Mk89Af2lGN7qUendKV4ux6d0pXi7egHSvP8+YH0yTz0B/aUY3upT5gfTJPPQH9pRje6lHp3SleLsendKV4u3oB0rz/PmB9Mk89Af2lGN7qU+YH0yTz0B/aUY3upR6d0pXi7Hp3SleLt6AdK8/z5gfTJPPQH9pRje6lPmB9Mk89Af2lGN7qUendKV4ux6d0pXi7egHSvP8+YH0yTz0B/aUY3upT5gfTJPPQH9pRje6lHp3SleLsendKV4u3oB0rz+AdA+mSWCCt8843h2A8LdoNsuxhRcOxjb+CKJ4sDd0Ex/wBmefdRe3ytfLumfZ7a/wDp8wPpknnoD+0oxvdSj07pSvF2PTulK8Xb0A6V5/nzA+mSeegP7SjG91KfMD6ZJ56A/tKMb3Uo9O6Urxdj07pSvF29AOlef58wPpknnoD+0oxvdSnzA+mSeegP7SjG91KPTulK8XY9O6UrxdvQDpXn+fMD6ZJ56A/tKMb3Up8wPpknnoD+0oxvdSj07pSvF2PTulK8Xb0A6V5/nzA+mSeegP7SjG91KfMD6ZJ56A/tKMb3Uo9O6Urxdj07pSvF29AOlef58wPpknnoD+0oxvdSnzA+mSeegP7SjG91KPTulK8XY9O6UrxdvQDpXn+fMD6ZJ56A/tKMb3Up8wPpknnoD+0oxvdSj07pSvF2PTulK8XbsjpxX8lXHb+cHY39XIhrb1Ev8lUZfm+Zn6uJteTHzha881kHtXXc3yzTeJLrdcTgkYvCZbOT0CQfAa0nJrREe49gUZITMkvv4icbWFxDGQ2JvvXtA7YXAzvld009DOmFm2s2jbb3KGLN0030Ywgl7bHMgCwCKMnFhEsGwGbVvkDYIjkBhYLK98g7Y9pe9743p+b/AF8XYfm/18XY9COlef58wPpknnoD+0oxvdSnzA+mSeegP7SjG91KPTulK8XY9O6UrxdvQDpXn+fMD6ZJ56A/tKMb3Up8wPpknnoD+0oxvdSj07pSvF2PTulK8Xb0A6V5/nzA+mSeegP7SjG91KfMD6ZJ56A/tKMb3Uo9O6Urxdj07pSvF29AOlef58wPpknnoD+0oxvdSnzA+mSeegP7SjG91KPTulK8XY9O6UrxdvQDpXn+fMD6ZJ56A/tKMb3Up8wPpknnoD+0oxvdSj07pSvF2PTulK8Xb0A6V5/nzA+mSeegP7SjG91KfMD6ZJ56A/tKMb3Uo9O6Urxdj07pSvF29AOlef58wPpknnoD+0oxvdSv87aB9Mk7rnf55xu3ZDCt299l2NcLLsZDfwcA/Fi/aCYdnsi59yw7pjmDj3QXuXagnp3SleLsendKV4u3oD0rz/PmB9Mk89Af2lGN7qU+YH0yTz0B/aUY3upR6d0pXi7Hp3SleLt6AdK8/wA+YH0yTz0B/aUY3upT5gfTJPPQH9pRje6lHp3SleLsendKV4u3oB0rz/PmB9Mk89Af2lGN7qU+YH0yTz0B/aUY3upR6d0pXi7Hp3SleLt6AdK8/wA+YH0yTz0B/aUY3upT5gfTJPPQH9pRje6lHp3SleLsendKV4u3oB0rz/PmB9Mk89Af2lGN7qU+YH0yTz0B/aUY3upR6d0pXi7Hp3SleLt6AdK8/wA+YH0yTz0B/aUY3upT5gfTJPPQH9pRje6lHp3SleLsendKV4u3oB1EHkI/mD7wfog7K/sYetYuvmB9Mk89Af2lGN7qV1DsHo30tlvQJN6/NG3oy3DqHEMlLEsI19hmWp2V40TWYtHX2mXTQGwEOoWPtYBVKXIgihCm+697hiYZiY5WPTulK8XY9O6UrxdrI+hL/wAwfa/9L4f9jEX1s+ryYOE7WrndmyA5XX+KefBImh1Jl8RIkVFwldusDwlJdmY1juapdOWUVSHO9lrGm+UsdCGwC/7NcDuVswss87nPmB9Mk89Af2lGN7qUWf8AtKLvvppFiz/2lF3300i3oB0rz/PmB9Mk89Af2lGN7qU+YH0yTz0B/aUY3upR6d0pXi7Hp3SleLt6AdK8/wA+YH0yTz0B/aUY3upT5gfTJPPQH9pRje6lHp3SleLsendKV4u3oB0rz/PmB9Mk89Af2lGN7qU+YH0yTz0B/aUY3upR6d0pXi7Hp3SleLt6AdK8/wA+YH0yTz0B/aUY3upT5gfTJPPQH9pRje6lHp3SleLsendKV4u3oB0rz/PmB9Mk89Af2lGN7qU+YH0yTz0B/aUY3upR6d0pXi7Hp3SleLt6AdK8/wA+YH0yTz0B/aUY3upT5gfTJPPQH9pRje6lHp3SleLsendKV4u3oB0rz/PmB9Mk89Af2lGN7qU+YH0yTz0B/aUY3upR6d0pXi7Hp3SleLt6AdK8/wA+YH0yTz0B/aUY3upT5gfTJPPQH9pRje6lHp3SleLsendKV4u3oB0rz/PmB9Mk89Af2lGN7qU+YH0yTz0B/aUY3upR6d0pXi7Hp3SleLt6AdK8/wA+YH0yTz0B/aUY3upT5gfTJPPQH9pRje6lHp3SleLsendKV4u3oB0rz/PmB9Mk89Af2lGN7qU+YH0yTz0B/aUY3upR6d0pXi7Hp3SleLt6AdK8/wA+YH0yTz0B/aUY3upT5gfTJPPQH9pRje6lHp3SleLsendKV4u3oB0rz/PmB9Mk89Af2lGN7qU+YH0yTz0B/aUY3upR6d0pXi7Hp3SleLt6AdK8/wA+YH0yTz0B/aUY3upT5gfTJPPQH9pRje6lHp3SleLsendKV4u3oB0rz/PmB9Mk89Af2lGN7qU+YH0yTz0B/aUY3upR6d0pXi7Hp3SleLt6AdK8/wA+YH0yTz0B/aUY3upT5gfTJPPQH9pRje6lHp3SleLsendKV4u3oB0rz/PmB9Mk89Af2lGN7qU+YH0yTz0B/aUY3upR6d0pXi7Hp3SleLt6AdK8/wA+YH0yTz0B/aUY3upT5gfTJPPQH9pRje6lHp3SleLsendKV4u3oB0rz/PmB9Mk89Af2lGN7qU+YH0yTz0B/aUY3upR6d0pXi7Hp3SleLt6AdK8/wA+YH0yTz0B/aUY3upT5gfTJPPQH9pRje6lHp3SleLsendKV4u3oB0rz/PmB9Mk89Af2lGN7qU+YH0yTz0B/aUY3upR6d0pXi7Hp3SleLt6AdK8/wA+YH0yTz0B/aUY3upT5gfTJPPQH9pRje6lHp3SleLsendKV4u3oB0rz/PmB9Mk89Af2lGN7qU+YH0yTz0B/aUY3upR6d0pXi7Hp3SleLt6AdK8/wA+YH0yTz0B/aUY3upT5gfTJPPQH9pRje6lHp3SleLsendKV4u3oB0rz/PmB9Mk89Af2lGN7qU+YH0yTz0B/aUY3upR6d0pXi7Hp3SleLt6AdK8/wA+YH0yTz0B/aUY3upT5gfTJPPQH9pRje6lHp3SleLsendKV4u3oB0rz/PmB9Mk89Af2lGN7qU+YH0yTz0B/aUY3upR6d0pXi7Hp3SleLt6AdK8/wA+YH0yTz0B/aUY3upT5gfTJPPQH9pRje6lHp3SleLsendKV4u3oB0rz/PmB9Mk89Af2lGN7qU+YH0yTz0B/aUY3upR6d0pXi7Hp3SleLt6AdZQ+mR/ij27+l9DX6lS9VXHzA+mSeegP7SjG91Kqj5j9WukIQ5qQnO3k92JFlLW4SXmajkmznMLZfVsJLOIruHa6n4ESENONYXKpRNyhd/XMXCA76uHmHlkPhfEi5Gm6JvkWIuRpuib5Ft0XRvvxJeg/wCb5/8A7bpPq72vMf44NOuk6yPpPAj20b2jFYmqa+318xDrSxnNpNXFGRS73c5FZAs31BunDib3Z2FV833IcyLkLcx3xjlbAbHHGbvzA+mSeegP7SjG91KPkaUrkWPkaUrkW9AOlef58wPpknnoD+0oxvdSlHp3SleLsendKV4u3oB1gD59P6U1wr/8OT/qKTJW/wArAHz6f0prhX/4cn/UUmSqU3+UpSgFKUoBX1jp0mmkzaiomyxBPIFhzp48dHCKkyRMqFmOZNmzI+YYBcsXADzGHHGzwCBCwzEEzxwxve32a+ooJ5BWIHUtUJFFJMUihlPUU5QLAnCCgQOA5ljhI6TM4CFzRQ0XEEAMlhwxARwRMwhcM8MssbgZ2mfzh7PbUYSVJHGtxOStulqrGbvXmTnsSu7MRRrbeS1Vp54WcRyFowfjZcLokVICByuYSRwjqQoKOeYCQcS0hyCCIYFnHHDyJQjyaa6AbBQsQdjVyR3cuxpKEXyCnBJL/iaU2qCnmHCx3WSLjmSmZkAkrJKsnHyY+YJ5IVSWZkFMVw1RFTOqd9+QDT3h31zTlBSa7cSXA5TSuia4aoQu3UdDd8zSQqne+fALIZLYTQwEtLNuRaKmXm8fBGZBLHWMMsg1l1LSEgLsVuj0aU7Aal6nzJKu2iIWYuxG7+x8g7byHGQIViOMUk36AneBWerkchzOKW4Me91Rxq6XmZzMt0BfT2srBgLTfU8KeZWx4hNYu27JXTVlTf5JfctHJ3GvFFqerbHvVpDSk7FBxpTMiqGE1zYNJZk11nMDCqrlg3B4AdYjeQWmzUpwvBzOPNsrBVNT0fAnkWzPqqaCPJHR7Zj55eoWum1fiT8nHy/RQ05P8Q/GTxw8U/GhPwP+A/GjwC1vD3ePb9y8J+LqN3z2O38Hl+z2lsmO2Cyb5XGhy9cmJ/sqemujemO3+ovHYENa4qLIMmKsarRDZjalFwE7Hdi6uRxLxwy1svYRPVmidDBzAIOVqqlr6JuD78UNx0/ooxP+r4FAc55Wt/fJi6QyjuV8k3y3fJssxyk/Jx4+fJr4a8f5CbbD748b/E1/eDvBPjD4V7l4rn+/+8+8e6Eu+O/AJrRI+/lSimMpO8FeAvlGj1lvvwJ394T8DeN7bTXB4K8Jd5p/hDwf4Q707+7wI999x747zLd07jhQj0rT8SFtF/8ADjrn/wCoON6nS/0ndFwcVsaN/j9X4iZ+0q9rdBSSwXvNigqE2aySptkNPByOgsWTWW+wVZ1pyDY9Zopy4h5NrBeHJqS9kcTk4ZFVZqll+PsmqJRe0+y0alYgeQRyR9obqQ5pThbpBeyEn8mkIIzVe6jHK5vMkzdHUrPEm4UAGSGis6h4jr7LajNGJnF4VpI5pvkBUIAglF10+vBYqeZ6RHNpu3te6ONfhe2U1glJ0a+zHt9sNpk6jhVmv9/MNoKxmcIEWX6DHcjCsZYIrblifJ0qiWG5W0dEUwFFLIWyzKGjYQGVXMxS+Iab1RbX9GvaoW"
20:09:00.204 [Test worker] DEBUG org.apache.http.wire - http-outgoing-0 >> "cgG+cD8busrx2j2FPrGLQbZtMb6A12sTLqT1kV9uHIcNtMJlJhs4nlDrgWcipw1fM6fIpyWjJquuqhwqlpRwwHnl5QNHuQTVjRCYOQEXmd3wdO4OvjfRJQVm80HM04q02XwCzqRS7haidrG0W0TRMk0kmKp2yOdd626wFXNOK4r7eHAOilSuhPVtfam9Ojum04TxGcdPlSl+ANf9hFFuutnITpbjfkV8xWgug+pt5LcRFSLpxtJPuRYJpCiXwDPlCJgUIExhgOLbMCpN/c5m3WsDLaOw2+XDlN2r+mjmWmsmLE9IGycUzk9YvIPhRJpjWXJcgFstZuPJhlDRlRIAqRM+sDKiWpmi7Y7yNvA4mN0/ZVv/yda+cf2q7a2kd4TilpLlNbZTN19YMTFy667J3fMkpRlbYqCyriChk+8FdEKGl4yujZiAFkYvl4PKLC4dRUFWpi549wjW7ZNx8FOgrax2D2ynpYZBLYxwo1szcX6lRW0321notrkrPIuEbS0VxXUkREIqaT2po43Ug6cLDhBvxWZDcW9HkMa8seJ4B1/gRQTkl+JGvkXxbHDXVnQhpykZzEi1mojQSXKAAfCO2TlcYFEBOWMFhe+Cwwl7BmL3xtnd65+85CVZeHvHfZoe1peOc3Gxuu0iQAlcmPFxImi0L7MSIgxLHE+pezkT7KNhvSI7MRR2035gQWM3GspRlc6TBHPmxDZxYNlCZFaMl09QBbrgETND1YmeWTaR47vbpauaDb1xG4uM7Rdj7mI79T9jJvRXu6AdyHfGKo5Wux2ZFT3arI+SOLEB5Ia6pqCgrP1+ZjIhByoLhVMylkQVvrm2ag8vklrZGjAVnVdvNLuE6OQnbnj/094u0raJy6iYM4+8Hwq7zsaBQ1ZCeTbbC0RVQm4+YPVShTMI+47pGSeRdq8ZyxJeERLlwjPcANFVYdIR3BOafdI55o3KT1M3J2zyeDbg9Czbmm0QocvOdpYkWPGR+y08k1cfjDCSEE7e/eJE8AcPiDqFrl8iweP8bRaU7jwFpTuPBoNhbcHlxesrsFpzLw2NeEIrX3Inpr8lwpyUQlKJmPm4YzvifcwEeIMRoqy8BE7DsCWQ01VIGznZ7QIzhe34eccgPL3p/x1q7ZjeUVR9ydsjIiQXV4o1VgZkqslzvI5Y+dVEtKMpLcTsQEtITFJVRlUgSUXKspGKkMmKgSGAsHE8wUx7C0236P7gud5No5ovyCamYs9BIruDj3JgVtxC2HbkeULkLorNUkOTn4KrrxK1u/jxEcmQDAT72MYmRMv4qpsCMJijPYCShWW0xZGKt3JoFn+I3EfN7F2nkfGVMmuA6sid10Fu5KZgdRyRAz+Kbc+OMcuWuYEzEyArX4gOTbHle1ieOyGMFqOvWLVnl/Qniw1h92f6uPiyERmLVl9UUMWUxbIqies77EjzYsmqVkc0mi42XlKw/YA6t3L5gTEKbcIPHzp5qe/d+d3TrLCkp6RSzZEaUOsCHWEZCImiS1LkyPJPXUVmm1JPVUlTIJ5hCMBZklxtYGlAmou1qJ63BrolX4uzYX/wAQ/ZT9WIhr8PgbJgyByidIlndzh2UX+U3lDgNKVD1riqKRH0VPGaG2kpZIYXLMYBNU0xuNIMQHHPuAwLVRbBBhBkw8LBG7T0g6IvcJxm6Fh2j3L2BsZtG/tCdptXZA0Q3lYjTtIZWE3492tKTQkqPuyH3dzRFMLSJoyC/cE8PPM2fLEkUqFmnl1I2jnVm7cd4Lb+fIPygzrqvtfrPpdqpo58+CetjI4lSUgmrfZhm62gtBqRkKQxEPGVx9MB2ttQCWA/GHLDNQWm3kAYQwSBEJZOqoYJSu/mhJBRnzadHenVpYYpz+eU1zbAjnVC2OWB5Wj1YFixAwSRxgswxM09PT5jkfHIAS4gNrOU1lfDtcxcBv1dto95MDHP2mbCalajNqTGsyeOYCAo+mPYN3r8a6ysl5uSXTEgvF2LTjaqA6HW710FFWcmKEwWenF3EfzUfD2RsBCaivcxYde4J6n2sHLCPhrwf53hFdWtj0u2c5HJtkdyNvcPi8IaPR0lsg4tt+Swt4oZ2aMuh6hLyAQJMbBjxozEJTRgDaEfcC+M61BT7wKCN8ukWImTC0EYJQy2Y5itnI/wCS12cZ2pvHMnbcSc0oJb0/HHIqbjtHXcsI0lXNIKquFk16w050jEVEUF9GJ42DeJg8p4nMzIKYAEWMdpyPR3lQ2EdW8b54w+RvXtg687gpEbWmmJHZDDxWnjA2w8YBjil1FTYIrpKgOpHUkzvJYMglVUc9mogNl6FlIu11ZrXTVan6fph2MhHpVEyvHV/UhW3QkYfjlaSGciNFmeOIKOEGsdWI5NKb1u85QvZuGQUY+QSUzNBB/wC9T2S7gbLf9nTjdTOH+SZw/wAlj0p86eyOlB9nODlE4nJi0+gR4u1LZeOxEV7GRRuCwGqrrWQuJAd8FY8QGcsNpP7UA0YEDHLjL54sTN2baA4j+AJAxosSlRNXExOWkc8VVEhYIE1RKUiI4ZkkopqgXDNkTxMyFlkEYKmyowRguOFlkGKCJgJhlfHK174gOZrbndvaOGmzrLyOaMyDxQ6DPiUI1PzztYQWEbfI6WTm+6ySw3m7mYgcBPbcSWVXGWSbBrK8G6zZxQLlCBIkYxHMoyptEhjKOs4finKIFpNckTXjdj/Jg4kZVCXUhdj2zZTLMxYS1oDMQFXT1JuWTThNTCEzDPlxgzWGeWItr3DJ/Hrnx2VSlKAUpSgFKUoBSlKAUpSgFKUoBSlKAUpSgFKUoBSlKAUpSgFKUoBSlKAodmDmhkBf27l7Sjje0OffIhLutoZYLZR0E5wj3W6E4lcBsU2WxYw0qyAiuZNXX6WPkD6SdbgacmZWWExdTk84pDtZ22QZC8bnK4wN/nHOUJueHpC1U3B1gWCaPP2rksm0tScrWCUhMwk10tF0JOBRPfrHOC2CL2cRNMScwhDiScETbITkaa04KteiNEwXRx+bDbDLQdjknbHb1Tk/pFXzdr5rJ89gjMTEqmqJkTLMwIERUT7gWAQjAguYZ5yqo9xMsjeVJOJhRL0urXNQZmGKZfaLjHdJaWwymGQeThMtBcl0RMUFS4WeFjHaFITjRPL5GMBbh2bZXDC/ZxB7jfzMlttWpGDNk1d4S22mxL3MFLzi2mmjUjjd4/3tyFP7WEZPSdl3x8vscaxwvFzzVQzWZWOSMkSIhuco8X+UFIHiS23yCcn3S1EipFMTJy6KviJMlONfk9YPIemzc1DEVP7W/ZjVx9hRtstrTKAycfdcZuU5kqYJB9NcaRiClvBnL4qEulkVyFiaUMbMIh8QRILpo6KpLGVzo7GxXJfImp+wprQjWPX93O2R9w5lnbYjaDcmRXq0I1V5EfyYzTBCImEgxciLb+eTrTEAgVdjhXjppNajbGepEoNYQ6rDj5aLuLflSe+3ky7P6V7X69EtV98NRjiQflaN0BzYu9hP1muHEjilSdHa1mAEoWRhw1NtDjElAdYDyQ3YylpMciuEuGyCDM63nPQmdR13R9ouzK09t7dyI10F1Tl/aqUgxlJCjFu3MIjQIG8Ci9I78WDIKKwo2bWWRc5ndde7rPJaCVHDIHsEsE2ZWzpXNNTDueHSXExyGeVF0pYm4XyQ/Ib46umQm18nfj/8pngzxEdqi1+/fG3xKj7v3wr4P7+728WCnePdu9e7nO598Z1WzIuGOWflOcMcI+VljQ/hrDXH1I53C/d21NPIwfbC0TYzVx7bsAKZTWIj4VVjeZbKw6HIBNWSVoqbSXMhGbxi4RnwvRl0VCdZJaxgyUc8ewTyPvhuGyeQmBwqvNNNlpeSDBXMHMMXAyCoEC4gGQQmAmIuON8M8crWyszxD94HfUudbKhO4nzmzfsjIk4o3FzxlSVyBQzrm61NhyRsTnsVGGuEeOF6IgAZtXQoTDfLddBuXhy5QTA0XwSxkg6cKGUlRDIYJDlaykuWI8afJfCPJvDLkkuLkJ5xu+YweyjF07QVJ5ABIk2GpLR7X7/bjlTwRRMDBA1cMzkhrgWBfBQ7yUk4+RR3IiOBAR4bdGejttx3wo6V4N8mVAMvVBkmRHOeADwxHWHI65ffpgc4fEwtbu5oglAJDdBEztfMNNQyBW972L2veHPHaSCibpNfNrEDNwxTWHJUKa5z2voxTHIInnIRxpRMsqSsZDDzsBmoKS/MkhrIg+YXdhMl0zlfPs5DZDXfMsnSF3hGi4/jddENU1KUqEFKUoBSlKAUpSgFKUoBSlKAUpSgFKUoCA++3Jjp/wAbLKbTt2lkYygKz/MKidFUZNJvqr1lWWltHySgj6KwGaigiDnzBcyuohQypqxpFbaebWEsuqLhERQKWFirxI8wOPKm6txG/jqzIer1tUXxHrOujyy5rGZKceT8Kvoxl46x7ZnIFoscCDkyrgH214yPe+Yij2MlUvcnfEzbstsJiuVwtN3ONltNfdbCFVR2M51tuI6q4WWOvFi5NcGaa0eJjqTdFWShQqVVREcyTzUSxYuAcyGCBDxxzQcD34zDpHH6d7O/872HoCyDkX5Y2dozJEFayxvB0g7f7t7N5nRoU1cixXRW0rKLfTclAM6+H8+HAEcSY8YuA6QtA4OM4lKodg2+5lU0WKN9rORZSuloD5mXlnuLHuh/Ibo8/OPPYOcUc6r68nFSZGHsPCkyDJoQgp1rocxMRHbCQRe1+59wJt0VJN2zUcyiKoH0tdXWomOGFmsxMGTulm8jzjdwdlM3rTorCDBirA/a41m+RkRqa9vVbUkSwuWfewtjTzeibmKW7lh3J0rYWYeQhwUTL+9K1JBMzX3jq2Wb+GJOVoE5OIDNMFwA45WUk8sutx+uhWTyA4WYRgLv9wxoxlMbEIXHuuTfL9m3bYBiBkrxmToW/C97LPwytvabyickL70CD1TakN6v5bdznt7PQUFRjEGE1IcD3MH7tw+tGl3N7uNkvdDCAJnsUNMMgq5dDSywCyIqnnATBT+9zn5ure3vKtK83NFjbMcPKdqbC6sA4xXbO2PIfAc8DNAVNbKupN4sXixhMNMcrlFczmKI7YzzKqhABELq46+bFHLpeZE3BHmHjneh7cnXEPIepuqJ/YhA1t+dI9lZTczjEj+Dm3I8nMRJZzGVpXkcJKXhm6lsQRuZvaxAiinF10YB2aLZti4HGnjF+yYl5VdzII31hXQPlY1xg2KlvbFPXhNWNkNW349HbCD4d7bDDEUoyXUySEtOeCY47iG0tLwUhMSAgS+vtInm2hEd1F3EnszLkl96e8bVjQhSlKAUpSgFKUoBSlKAUpSgFKUoBXnQ8O/9Lh5Bvzxckv7alavRerzoeHf+lw8g354uSX9tStUWXn+e0IsvP89oehy8nk047aLnfz8caKz2SykBXdTudjjUSqQ3202kAgOqLa6tqp0QEmnJaUnFTB08dNChgFiwIgoueOGN71n/AGNznzXuIuOgfiu4uZ13ch1oLyg2zmyEjzDHumsJuhTShcwT2UcL0pIjnWXmXBEuXwGJ2QUlzELmMMlltpQNwhRuo+l2Sq8Y64iFFrtRVFRSE6bIwxDz6UAhhy9sGSMVeklnC5kwWt3YNPOLkaIBNUDxv2h1NHNp4+Ixc4KXF0LQbDkY6pwDG0IxqkkmpFcHRyis9vEiZXEEIqgNJHDBHUzYZXDMQ2qKVy5laXD+Vhz6ssHD6kcFNHjg4wtLn4VWwPzRJhjZxm6Tcgeqkm8cG0spA4iwujSU92XLUFzcZEMBkwm/Fuw7CsSai67RjggRMFBUUZG7spnEpugnhHcsJjdM9Kcy/Pid4kJth2Iy+napsqRkuKVyXXC5UabMI3UGS2m27BG4tZBNjOIpAxceJEmFksjG819vgAhWzDNWLFATCmF2UDz48EUwPqOU4Xa+JH3IBZzFEiLxl2C5jU1pFdDrOp6QBg11hdh2924dWDmKYUMHSh1OwEsCVucMWCL4ZB1/8r8Ks3ZTpBXGvrlIIGQ7LnrQHfeJXFfAIMYUqmPWC9h0kdSLYiZY2wUErEbwklGMMsRiioUJGgBAhgcBg0Mj9D3XIGrdkvJtSKzGlILMViy8z302EF5NRcJ3vkTWW050ootoSsUyytjlkWUUs8VOAXyxte4Q2N72tf8ABWdPeXpEyPqFyVsbjyaOp5ubyqlIGsUUSjOAc34sNNiqSNnFMY022qMyg4gfGLiOJsfZEHyX7o9G6Kt3zVESxdKskZK5vkvR/trDDe4t3zFWzCyG3pI4oXpOOrmw4p8TO4jeaWumSkuoCxYuLbAxi30CM8S7STjWWGGB0RgqmQWOHcsw8MuSqxne/NdNDOSeVU0dOlXlD6RHFM+5FjV72Mo0NM9xP1lw8z72y/jMk1tGRJAHbI2fa4CtZdRhC2GQGeBk0zzzXVJT0Vvuk4eIwVqRSU4Khr+5IeWuYdLtwtRtKIB0nKbeS/t+2H2vMkoe2XQteCqaeYlzJk8kDHnLFL8QzGJhHIKKnZRUF1BDDyKYkQy5ocwFe/VEn8tHJ5rW1FiWdo+CeT2xBbOIGVyQ33r3u9BGzrsZ7aTQsjay4BouQWYyXAeTEZNBNqamo3PEkZMIlBjaurppMMUyHX7zfbBQ9qtzzcKmwE/PUpHUQRvH+wim9noeTF1ZKoJFTSHG3iJgZNbSWtLhrEdYV04lbBPSzYmGRnEUTDAAMUUOds1dJV4zVCO3i39UHTJG9U8LLbWUqPtfoL13ndxKr1cqmnGCaKlrR5fjZDb5JuGlAYuCv5hnVNZwScjmaY3Vo3iEnjvzRx+aOXJ6gbcQbvPrxHO0GujpEdkVSYnGzaMbOEhEpcSVJKUTaK4Ww50UfLMdGcjbXCB5JVyOQg5e45bvtNOKKSaIKJuS1UNdG80hm/Qri7jqKtiUQ0z5XfUgv+aF6PlAcEdVjwi9xUgg3mstWLCjlyi5kgNxNcC2lYCXHRFReNoqhgEqJ54EO+WgFKUoBSlKAUpSgFKUoBSlKAq15KuVCMuOwKFmGDGL/wBk9pNm3YIytctX4myIhvaRFYqOnllFWVlhQwMEmczk00qppI04DRBUMCnTtrEEc6QTHGoocVY75q5NYG1EHal8mPH6/uO94bRnfAOuciCTxHOy8Kv96ZjkCRZhK8ix6htgk03geVlRJQSqPkTWRQVlbQLKuSYjriasmImqBMGXOl2IoLvwxOl9X+Lo25IuLG73zLpS66Hdkgq6unAZ3yCwUjaVNjrTzJwPDEcUmEECIJlgTBxw5F0uRskxeKMnK5PO6c/ID2jgeSo4chX+JV0FyDKa0zcjCcdw7UcG1yboFOCA459xENpyeaEDyHIFBAX3eGm11n8keEou0ZMqoibbuvqcUs93P2u5LoRlhLaGoHE58+GLjbHSF5Sl/wCfbAWtPgl6HFhwklVhfJ/J7cVnEf8AAySmoC140lzOKUo+Mng0sDiZRzuYkCI65pt8MeQLVfj92g4hQNZX3tIC5nKjLwXIDEU6mGvGTISF9ZeEhKLbiiI1EtiRTSzaViyYnuF0NLNxKZcROSjoo4Q3c9DjQWRnG02u4TAFiphebqKsjlbY5Y2LDKiaWPCgWxzyzzxsDmPkHbHLPLK3a9jLLK9r3vmF4wT/AM/XnR5UeQ0ze6tF2qSS2uOfWtQGt34mZ5ttTFU5gWW6c/hA3t4zNhSXyRsvcOwrfme4YVhQzAw4rJ6fM0Lz9bo85p4LQ+UTkhfegQeqbUhvV/Lbuc9vZ6CgqMYgwmpDge5g/duH1o0u5vdxsl7oYQBM9ihphkFXLoaWWAWRFU84CYKf3uc/N1b295VpXm5osbZjh5TtTYXVgHGK7Z2x5D4DngZoCprZV1JvFi8WMJhpjlcormcxRHbGeZVUIAIhdXHXzYo5dLzIm4I8w8c70Pbk64h5D1N1RP7EIGtvzpHsrKbmcYkfwc25Hk5iJLOYytK8jhJS8M3UtiCNzN7WIEUU4uujAOzRbNsXA408Yv2TEvKruZBG+sK6B8rGuMGxUt7Yp68Jqxshq2/Ho7YQfDvbYYYilGS6mSQlpzwTHHcQ2lpeCkJiQECX19pE820Ijuou4k9mZcS+9PeNqxIjfblyStUth4m0j131vf8AvDvVMrfMPVu69x27W5HaM0mEWupY2eMsSw6SiqgR6lHskhTFI5nUg/gEQTjCmuDIZE63xl3iOp"
20:09:00.206 [Test worker] DEBUG org.apache.http.wire - http-outgoing-0 >> "vMUqyTuLjx67u6fv3j+3FcLNNyDE7IdEms+b4vmxqJxZSPqOcZzIyktvJC6tk0tFXlQRMDQrFMQG25U8VWBcKKZRLwP4tCYMo9Ij555ndWGJx4xWl63QUzDJq98xkZhqiB3qop6XgJfKxQkoCwq01A5gX7mGYOZZGhMchTQ2ebpFxIFibX8C+xbeD70kNkck7DjUqoE8cgj6oyZKckem3W2zYoGQQ5tNUizUum3KiCXxCAWlUMvcHwkcuNNvFZqm22s/uRVpIroizWaok4SfZSurpxX8lXHb+cHY39XIhrb1Ev8lUZfm+Zn6uJtYhenFfyVcdv5wdjf1ciGtvUS37EUxnf8N+xHrMv2Lf7b/8As2m/7P8A7NUsyrXb7mEZMGbGAaQ6va8y3v3vF4BAdDjgaDjjdb7diVuHQCJhNWJ4mN2j4s+KCiqCqpAxSyiXVByhVXRja6CjF3A2s1uNr15v591AcDGO8qXF5K2jsFSE5k1mpuyzA2CjPcOKGc4le+XeAEsDRi3WutMIkJYIxfEaycuKB6xYzmhJSyCVODFon9EkBDl7WLd3ed8WwWJ/2y3sk0/JrrNX74VRElvNhmu1AbIhkS1xgySS45PfCiUK4XBLhFlkqAGXDCKAWtp/mSFom2GjZzQ7OUeNOVoseQScC6mC+EcovtdfCSFcgvpeCmlHgxCxqxBaSk1UKXEwvcA8SLGA74iBY3s8whpGuseB5hDSKb7vwc8RllIcaOlOFvqicuIK6mkVlEWkg6XUklYSFQqEeTVRLUSYgxQ+nKBIcE2SOlRhS5osMEOAJmEJjlerjc7k5+aLvRx16W/Ij8oPz+nTITa+Ur5SfFP5J/ES7Tt374neILl8e/CvjR/9LeNTN7x7x/8Ak5zvr/s9mTJZLQjZnNWPI+bCEymIxm8jtJms9rpZNEbbWbDfIAJSE30FHTwgCKWkJCaVLEE5PJghFihQAIAEPAPDHG2XTmb/AB6HR1/zpbB//fxNQZt9lsWxHJj8gnJzozxyfIp41/PQZsrO35Y/lI8BfJt8mLWebl8H/J54hLPjj4b8UO8u+/Hhq+DfCHfPeyh3p3AzahWV7kQ/pOPBn+Zzaz9lkz1qhoCqniM5NvKoQbN0z/Il8hPyN7USTrP4t/KT8p/jH8nrQjV1+O3hjxBjzwR4X+UPvDxb8FKng/wP314eO+EO9iVq1ZU+iM/zHN3P/FQ2T/ZDrXWqygFKUoBSlKAUpSgFKUoBSlKAV1xMEuR1AcVyHNkuOhPZUYxUz19+Pt1Kdxbk0RstpOHVFU7kCXDGNnB8SxfPAkmkC5lRUzuZdPTipo8ZLlxex6zc9LDfC8z+FieE5DMmCgcgSRBDHXRiuYgQuSCLJ6E6TZbIULLHPEueMtUkROYdnuZooZHJjY5gmBMMgWkTjCdz8bWPWD1/dqJuGPYl+ceqBiuL19gzmwcTteXVmNWycOFnBJre1cHb6o61tqpQBEyfNKSe9B0fAgXPKOS1ikpSsokbUDXKzpkV46c+UfGQDxrVSzBDe2CoWSsM3mIqCr+DKwjLFsiHgwsZNtIwlo4EQRVUNMBdts8BVzBEwyW7S0geL2fGmu8OQy3khMxYbDhqP41R0PvUAZIyarbZSS2SSbmTEDyLGCIiUTDLigChZBDg5ZYi4ZY55Wv53rD1vmOaejw8sWscFJDkepXTflffrnaTKRAj6usqsQR9iwMHW30MiHkMMohNcoMrSgZTgcMzZm5BUHL4HVIcoXFa/i0hB/qqNGTXRmeSvNErNV2RqGlg1znbrteDym6Mk8JewLS0OFRCL/PzQmbMQ055sRIfUMADpeUlnVeyAjO9NQMEQfFfO3Ou8uTTETHJdUlQo3e1Wr3IurfPVpn6UmOQlWk9Oy1VCiRLmgtIZQsaGyUmkvFiWbfIp6KIGCqCO9cVVNNaic0RwC65d4ngGwZKFlfuhYOp5487fFvNXHYuuRrTSwXi95mgFZj5A0saRkJa2JVZFfTENtUCDSsMEQRnUGJ4wKOTRu5RUjCP7J+GTgDcYrZuEpCZWnO93i6OiUaCRMoKykXbcocm5LX5WM2HF7N47NSHsXJwJcYW9+xkRTXkhERSeBixgAsOnEQgsMLFi2IA00qq2ezSwNz9bXJsCk96F7hd2MTOOw6WJuvDYELYWID8zgRKfGDsUlg3qvgiguUq0TBIXFWBWBn7i2s0TMFxeM2LXNFV0a3KUeTfT6J9B8eSddkiypq4fj1AkFruBAI3NuR5WdgxVOa7LbjbODJ5nN/q7iOBNcVtqgyYI31wJSCdJlCJIi2eT5dL0UsFwxMsweebSbjFy5HajFJxnglg8EezBU20M0DDaCJ3xyBwTbN0fNLDLXxyDxK9gK+N8bdivMmh9xLkvcN/D7p++TwqtE7l53h4aXSI+Y+KYpseywiKQ6MZwyGEDERjSvPT2VMiOVsitznaGe55GSmI1NE3eOzQ6joTaEVntpLXdd5JFTVqvc+m1ESw+0dxNlOGrYWHNBXcYbJ22waZsDFkhyg1GS9DZEq1H4/9ZyTbQHcy0FZuoksghlt1FwMRDicVxNimlpCBVLddv5GY8wcYm08rxm5U15R1JWik6PtiuxHEzFSnI0nXAbqXG8tkMxQwhu9VNKPFTYWI4II4eItgxwQhscw8e091o3bEsaa7VRW608ocaz71xmdoKpMcHDIDAgsRy4U/uwOPY7BcwQuKGbIGQe5jkTZYuaKiBDgBCYZ2eHp8Lz46Ke4s3CZMHTTU1L5BWOQOmsxBBRkFtqU+F2+WxzEzy7JdHRxSaCSwwtgGCTSi5fHD+KvlkyS9+8mm9EfWiTvP416H6Ev/ADB9r/0vh/2MRfWhfdzZ3kRgp6M1D004vvn3s9aa46q7nz89aDtX/ElyhqxomA0/FmVEBXVHJ3wlhFljw6mDBEAu+vB+YdzAAmV89HQl/wCYPtf+l8P+xiL62fUGWypmiNc2/IbGm3emGo+0XDGX17ce60o2YjBWw+RmFpmOpjZb6k3flSkIy04lh9wnskqN2u4PGgwUXFFrAuIIgbTUlWsOWPjEJ9ciHKkjaTyfr/q/E2v783D3X2lFXB4U1pjxyt1i5nW42S5syuvV/SM6gjqIwGeUCTVfMNaNpKoD3BAcikewT0VvKyoVrG1hP25AOkq7gbEdnwxDnFDAyPqPFxvH8BICfZMNuECS1Uta98y+askZZzuwlzMvfI53iRaWZ0UsFYoUE0qSIVTUBHcUqJsZFZEkViMt0KTRTUxORcXyvGU9FVDxZlNdwqYNhEs06DGYqKVxzOAEO+FXO5v+IFHvkGZ49XRUKjNaOXyQHPui0uPvfDR176D7NSyxl6Q4FKDzSwtjolmNBaxJWVHCmoEqsFHbJIg7k9JQV1UybxpDFxCLIpwBRUU1SOt0gvdochHK0i6YzDBGpkPa9SHuVu9sqSVV6JtbI4cLeY2NmYh3U8FJ9yHJLrCNobBaFhEJxYl1kylKpfENsuQ+q3SEpHMqFUXa37CL3Ipz4wBJG+TNPcd8p6fxZJZbTTRGU0GQby3Oyg+265kt5SuoyouMRoRgvo5JEGPqyG1WErq6iaMs/LEpgoprddawq94cvz9S9DOZrQTkWaWAOw8nPCBnXqQt6IxwTcTk2rkBkmlx/OBMlaB2k3244yinkiKb0WAl8u7jrMS1Qu1skFvrB1RWVky3XLT/AFssJaPKd0jBtMSaT5hbmPklN29iPSLkV0MfnH1MuyBJZH1scec4R7spCcuKjeCxFVGgXlRgIzWKN9627sTLFG8cRjYlz6ijEFIwlmXK0sHDenWMGXtoBeV3mX4uYqk6GZb44m1pw+XFtEzGlvMy1aJp92rfBQw1VVHZcItkiWcDCPJKIqx6m+HsxJPEVFpLUF8VNRjCg18Es7s+oMSVOL1FKUoBSlKAUpSgFKUoBSlKAUpSgFKUoBSlKAUpSgFKUoBSlKAUpSgFKUoBSlKAUpSgFKUoBSlKAUpSgFKUoBSlKAUpSgFKUoBSlKAUpSgFKUoBSlKAVlD6ZH+KPbv6X0NfqVL1avKyh9Mj/FHt39L6Gv1Kl6gJ/wDRvvxJeg/5vn/+26T6u9qkLo334kvQf83z/wD23SfV3tAKUpQCsAfPp/SmuFf/AIcn/UUmSt/lYA+fT+lNcK//AA5P+opMlAb/AClKUApSlAK4JKUjNiHoykaXHubzIMyLGI75Gdx4IOwohNsMhvqDmXzYYV8sLCZl0pMNjYB3zxtnlhbG+WPZ7Nud0oDz4+L7l14nHZsTM/KdytbOEcN8JAfy+3tfYpXIS2PlBp6Za7oIxgoyWvF55lQ67GQUdK0XPqQik6ElSMLQaaJmdEGS3Q9ZGyWtdMNbfaP8zWsOzDF1Q2HdzzjhxtF46+SXILAaElRE+mCblJhqSWMeZpqY43booToT0FaEVkJcKt9fSU5TCLZmwhxAsymVmdKAx67x8ErV0t4qttykP8kvKVaKIQ1anJyNvXVa2HjwOA1omSbLldSk0HPHzbhNulzrQdSsbURXUlp51LHV/CikJmdDNHBTF5McSLmSONfhT122qfbw3j2pZcnxlr+7F2Ok4oLPdtcGuvEQUdZEh6Pmw30VcacIMcieHc7uI2MOlSIJaVYctmaGwxLjacqUBis5i+RmG+a6DI+4veKoy+NnZQ2DmiMDsxPdNiCWWfHGvsWspwAuU845OXZDZjQFRRS7iKN88aCwKilyaMkrhU6cLuA43UVanN0kFhzwy+MyBY4gwhMa7rwypzg1obmp0H4LAknqmn7Ya60jOkAQJv8AZURGqYOkm741WLWyL4Grooqx2GwGvZ46baUWnMfoLSHP0YyuQDfviLWOHPbbVri8QSL0ycGvqgXuw9Xta5HTUyOGuhCpa04JBn10qDDbCMx09vJicaOuhck1x2fCyqC52BIuFeODYidKciqqnLPDT0Xw2lnSx8sDPnFwlCjlRgxwg1FC1vuhrBLLMPLLHEynK6ceTzgN72ELmyo4AuOAoWeGO6ClM+vQzpvSI2I1PvP5+Jr5CPzBqf6wt6qitvuR13cb/RlePp2xKu4tieJ71E021/iN242EEHj086Nc0FceEmgAAAGTNzbPZTeWsUE2WLmhE15K7VP5Ej4QAhExr3pQGPHjS5bOjacaOvKNEUXbpALchr4BFxT/ADir6w7inJDnaVTAOZhxvN2uA7r8OrmE/JXOqmTUbxg4MSbKUayAB7upnFlVVLgOQvkTn3X/AFY1n3k0mgIPcXWx+LsZP6bgW+236LLKbqrJKKjO5PluMGNjk21rv8NsHM8lAi70Xu7YMraIpOdDT0VJdRhMuOpTMy4zVOjE5zQ8l+qfMzp0hce3GunSFt/tHOUuxCoEENEhKV2sR17JNhzAK6895Nc8gshtozOwKkQ1JnrCgVPHCaOjLTgVVlRJIIFh1HZnHrdUmgwGO01hYFcKu12e2W6qr49xLjrikiIpJNPLA1xssxriqZosKdEuLnkJfMe/b5ZZdm9+YUprnP8Aia7jXOf8TXcVk94yP6S/zq/m9gH9V4yrWFSoqP7RfSuRUf2i+lcUpSqUy6dEq/F2bC/+Ifsp+rEQ102kysn8EnL9yASVtM2n43OPLk0PsidWZs+22C7n8xYpntAu4DL0ZEmAsNDXVVsCudxvt7mADXg08ObTgWMo4FxSIjsUG3rvpTFGKZG29IducTml0s2P15aL+VOOfjFaslvkDY14sR1x+0pq2FkoqTJk25FBV7oqMsrhVAU2xHCwfODJBYcmVaDmuoBJIK0yTzhn/sPy7PvQHfp9RVyERmnxRx6vRhN5e1d3UYkdSw80TN94lk7F3RtPh9sDPYk2V6yoItlm9ZObCTaycnIy4pWySXGKbQb5aUGI/wAszp6MlGvz2w5aef8AhbkM1kaD7F0b0T1VfEVk9kXcxXVH7YnuWJIIyihCtyNi7zSUFwOBFQU2VzB8YUVHL4pJppqR1T7yAdLPutdBTxujrHoj0quZZp2ylVOh6MVHjkabDJutUQXc4iw7tXFiOFZKRrEGU33Kr4CnE9vLJnEyIn4EQ8SWeAxkMUUuGLtUpTOBnBka5QucXS3eLS/YLSjjwRZe5BNiNmI/V4dbLMhzX2ZDDcZhh32CJDvp3OF5MVtEyxdnk8hnGkioYK5mAvJ6SKrCoKRifXky+Tiq1vkfUPjo091ul80CZk+J4Ta7ffQBZQBViqK4zFjCyotUoqFhBSikUZ4qp4qlTxEUVPNgIwY5AUQmIBnlYDSgzvF39ClKUApSlAKUpQClKUApSlAKUpQClKUApSlAKUpQClKUApSlAKUpQClKUBjV4/Noo36PbL27ehfIQXfMJ61vTZt77J6TbOXjOQnzEcgR/JBJJTxY5MLkctZziIjybaS1W2KZRM07IMBxjO8kdMJ4ObSEc0gePEs9+TfmnmTl/BjSQWJppB+s5DUjTB0Sc01dir03nFJaOLzrlBsttxEyqvgxyubnk0EsoDlSlzILybBLMYNeSHk30TVTSg8rwzMiIknhfoxi8Zm38N9H6VtveOfkdCfOvkdp20EizdqLsQZimTHpE03Q1IRFBKIyOkLscNJ4CBu9GJNYmoKREYAQMqqLKozjZssutrAqpSP4kUiQd3+YLkB5i0yLpDiPVKRYHZ+pesipJLVU2Q55vRUg3FZ5xS0kIayXAP5t8M5D5cdLVjJQMvgVd6e28BDS42HSXTtVdKfTa0r24SEtPtFT03L6IZoGZ0c2P9ZoqkRuwTyjcusXtVVGe0jOFqsvZmM22gOl6rSRjkvuRykUeBCVllacISWQKrasczEUlAsVLgjm8sQAe0h70XPTBOkziBeC67Z72DXmVtQ0NldfFyA156Jatr9G6Osu52NBbecYx9dvFTiG9nEnmzIjjUTrkUiiqKaN9gkVxHtYPZDSgMb3FRyiRHw4avmeMzliykDWmatTHrJyBFDmNxFK75YmysUOR7r79bLliJ1MJmuUkvC4qDoUkYgTNWTgc0PBudqczVwXQltyXfBtEs0Tpt3yUcxE4xM9oTIbvvFisHWCP5MRxm5IoeucSJJdvIrzdDdN4XNpAbzRG7GxdLByEDCMm2svqifdVbak2l1Q0zUp+7Uo+m/QzxClN+kFKUoBSlKAUpSgFKUoBSlKAUpSgFKUoBSlKAVl04HvxmHSOP072d/53sPWoulAZS93DLo4o+b5I5XnVHkgu7RjbjWQnrbtjIccs5cfpzX6QGecbQjSkR4thqkFBcszh0WPI9TglkIsZGuUEfZImWOLZZsoi90punsgxekGbW8fWpWhqe+Zi091+2Zau2+5O0BmN36xofQycalDRJuxggrMgthuGlp7ONBcD3RAyIaSLhdTcqAcTwlVIR3kdb2x+lPzJaj82VIThXEKUt/eS2cuOvbmDlKa4ULqnFpJDGVUyUdpGAw5Jf0h6+TUVMqd03GS0lnqC2WIxWpEQ0DIqql2QOrHzCotBJoxk21s05Zqd2En9i85HKhxRk9A096Strjx+zWs7RbF7ZiR4+GXEqMfSlePXC14rbTgfTfbJ1dci6oRwGkqCamkDOCldypp9PyMpDXdqgkbD6UzM/ENv93x/kUpSgFKUoBSlKAUpSgFKUoBSlKAV50PDv8A0uHkG/PFyS/tqVq9F6vOh4d/6XDyDfni5Jf21K1RZef57Qiy8/z2hsn5gePoryb6CTTqmWV05tPtdLo70iB0q+I10lAldiKIa41MlfMuCaMFkJw2DPsxxnypM8dTW65lVQIETZ8qWAEqt0955mZqvEjL1i5pGNM2kG1sKttKjpxSA/ohkZ4wtPwLRJgoSdJUfyTGTceqOpG3MQIBqTmGDwDZ4y6KdFazhUCprBMS9RNKv3HNNCpD26+OlMWfKbsgyebxT0Wgri1i6ctkwof3ai2fpSnZPgp9RVrozGEzkxxpK0AryzMKNHhAVe/9oMFJMSiBE6GuEkpSDRjZ9V8HJqjMvdr+lH8L/wCi5uD+yDYOtQNKAwJ82qNPmovIPtrqtre3j9250h+Jtc48bJwhlkCitfYVtzA1ojlrEYr2bXzIuqKHE4jL6OlsrZ99y+nqJzHMkmjXJ2Ic8kMs3XKD+BDX+PS1ibHhbkv0ti5pAZYBhj5IDDbhltJ5k1YK1sRDxsunhG1EzfthDJ4wOZGEEGGzzy1uUp8s/hERIWRsV34/hE"
20:09:00.207 [Test worker] DEBUG org.apache.http.wire - http-outgoing-0 >> "SW7J+b5S+UAIMbpI3A8EMHgKHmzdkrZhiYYiYZWsz3re1ssMrXxyt2bWv2L2v+G1r1qwCCCADxCBDDBCw7PaBhYYhh49m98r9rhha2OPZyve9+xa3Zve97/hvev9KUApSlAKUpQClKUApSlAKUpQClKUBlp5SW9IvH7y76lczSNGMgSZq2agtw6ibt2iprqDydMWNcypL60zZfVW8jgDq5lsAqS6giLSgXAHJlC8agIQohNbdbcwUYucm+3sY9IKF1e42eNUR/TpFjo2GYUtbmbIkovk1iRRC8MMENR7/bqmvyO0WlmYeKr4dyXU1OBK4YjrbeQGsRMm1hfNl0fZzSnhM141CQV7e0b61fpq9+UzbYjoPx27U7NkxyqWtRfESuSjMLtAcC3ypO65VgxGSwKfwcRCeD/cbayOFwMMsgkkA4LjhYMDK+MOuji6pGNT+I/WRNXyYxaQ57TFPaaSjJuwllFRXpxzLOBrDqth+ybxVyEUF45QlXE7nkbxPpBiw9gs+yXCvNpQjRejFKW/vJbOXHXtzBylNcKF1Ti0khjKqZKO0jAYckv6Q9fJqKmVO6bjJaSz1BbLEYrUiIaBkVVS7IHVj5hUWgk0Yyba2acs1O7CT+xecjlQ4oyegae9JW1x4/ZrWdoti9sxI8fDLiVGPpSvHrha8VtpwPpvtk6uuRdUI4DSVBNTSBnBSu5U0+n5GUhru1QSNh9KZmflht/u+P8mSyZ3ac4Xeb/YjeaamY/wDLjq5IYfj9NkScWExnM/W9rzsHFichIZK8mpjNSlpwpqEvEkZfWQDYaSbMK5uRhxELFQsznIRJcRliaEPnu5R+OErpwhPt76D8eEnnNrJ12mXo9ejGjB7yuiH22rxvGLF+UBvN1RcykRXGYRSlEvingCHkt2ulWBKjITVxUVXYDSkuwkJXz0YROnFfyVcdv5wdjf1ciGtvUS/yVRl+b5mfq4m1iF6cV/JVx2/nB2N/VyIa29RL/JVGX5vmZ+ribQGULW5YevRxdn9uIpneJJadfFFtNMytsfA2zcOR65ZRQ9Z3o5S4Ce7Y5nRqstOV3OgJoTcSm2hJrhIph0RVKMVGVUJJWxHA6iTCkns5zzktnWX8gHBc339uRuBJJ5MQEmT02FX6ga/a2JZo8WutSHLzwmFmNVr4iEE24hdGSzYBtBwUzWA6+esZIlGq49NdKL9Z57Cx44b6yRU3MfI8yeNdna2s/kdcMjn1l4xZcxKu4kc69PtZ1kTpbQsUUqsNtdFjhDcyswTDuUD6sfYqcdb2ZfNvIg5pZPEBrZ3vSw2pTK83XOjpZstqw2H6u6BcazCkVxrWzLmYTtYbNlSZn4QPlijRjTxySENVWbE1UGPzBgM0mkj4Sc3XkoGSBRNMtY+v7C6U7yg++Nov7eVYmYznUiybIX3G4veWuIYcf09M3SN+SG0dmGBFaCO6pFTYWlRMKJB1+tpsk7XNq4DXRT7/AMFPsdoVJqKi2TCocSULwytpvbr76TjxWlY/WD0HybJOxE7CoxzBiayx9r1sCDLDrfVymWKWyzhVejJKRm8MIr5gJ6mon1fIsCF3wOj2XBcSxU3oWpVft+vrcr9v19R8M0XoT6N/pdNmlfG2mI+xzdPMmb9hZqkzZ+QWErFrE1xkHZGLthuoaE4CPb55pq8M02K311XRDN8FFvHloZvKwBZWSzxYK+ylKhBSlKAUpSgFKUoBSlKAUpSgFVV82Gkjn5CeM7ZzWaPgSpiU15tob2icubMlSQajIkXupFkBAbeJ89kGQTxHti3zbGsonxi5FPxcuRw2aKlwRDIVqlKAytQj0knWOLNNGZH2wDPntvcl0VxSjxq59GlCAZmClqQZ3ZjcAbIQbdNF2OZa5RrP1wJnhwI+pOABSb6OfGKnE00slyRFV5hxS6z72ca3CzLskIsGJMpcg8zP+Sd1HLrq9D55vHVVyvo00iQkcnjSUGIpkn58lbPCXyTQvhiODJCoKxTghI0McUAdOtKJCHgJCCbN4xDG3IfNJx6v7VyQ8dYdRzKZzOTvELoiK+r7F01diNsYyJ/kdtmmc5x3TIIcWpWCgymcvrZtyDqZh5XV3IhFQChxMTlsyrkkfsfYjhJmYr0a+JNCo6IAre3OtpNqbPIiAjnSI+S3sAE83VJUmMhBWcxLlFFTKJUmSEymKoBiglVtVTG0BcQmnHxMgNbtKVi91lpSG5axdNXWWlHTdEQy2uHpNGtivqKopDRZk7icoqrGphnJ2hZXXqarSyi7LHkDNIwTh75sbxfyYyQ8RbLllUFaEXjLVAxLBt3F33FbAED37wm7UQ10e/UNoxgyTC7v1p5sW3uRM9GKNgCsOFbehlcXVFwxQkAJ+Q1lp2NBiqrMzPJKOdPG3Q64xNIrUMqg6ujEjW4KlCcwZX7gievElVDKPtV0inWHYXSaTYV1Aas+SLyKT9E7ghpq6bEIGl4OVomk+Sm+YZiwcfigbZRRm4psYmFoyriHEhwKWLgMJxIqWBLlzCqaRZpwRpqu6A9HkeWqbv7y8fo60C2hVJKxTzAB4mWkqSGDKknP1KLKZb+JVijedLxU26nqgd7hHk5JJjgdqXyCwxvlqIPIR/MH3g/RB2V/Yw9aDMdzL/0Jf+YPtf8ApfD/ALGIvrU7uzsy3dNdRtjNpXT3sKmQZET0kAsnms7hhLzhSEcxdoNXDO2YfYNO12CorYJdkUHG5xWAxyGCxvcTHLF0Jf8AmD7X/pfD/sYi+tn1AZ0ei967OOJuMBvTrJORo9Mu9MqyNttIy4qh2usqgL4VrIbKNGjXa43HKLrUbhGQCmGNu5BmX2oi4WsIZGvl33yH8n00ccO1sBHJh1/MrvGPJLRVSEubVx80ZCkB9wHLJURd7wLvpsNDwoXJR6bL4NQ2CpWQTCwrFzzqwQAVJUatkhVuzpQLSHh8cxn7JbLRhzZcrXEUPxvJb4l+OdFJyW5+2Q25CjF/MKLWazAlqNnBlFBR1vttNZSVlh4hR8fRTKMGSsXPHV5HwR/CxQB3mm92tvG6lHjd6QEyOTrZ2N5FdujcraXZa2lZ8ZTDcclo+rMhk3GUUzhp5JDVTlpwt5OUSaYodxOJ6aIYW0yTnN4vlls4gOZOB1tUoM4ZW/XZF1MW+9220X84O6/FbEfGCmP6cieq24DO2YnPbpOi+QWNF8GsBqLLYUlpBLvF/NlrGjK8sk0TNWySwgCRJZcSAy26kHVpYUDgCDtIpSgzM33FKUoBSlKAUpSgFKUoBSlKAUpSgFKUoBSlKAUpSgFKUoBSlKAUpSgFKUoBSlKAUpSgFKUoBSlKAUpSgFKUoBSlKAUpSgFKUoBSlKAUpSgFKUoBSlKAVlD6ZH+KPbv6X0NfqVL1avKyh9Mj/FHt39L6Gv1Kl6gJ/wDRvvxJeg/5vn/+26T6u9qkLo334kvQf83z/wD23SfV3tAKUpQCsAfPp/SmuFf/AIcn/UUmSt/lYA+fT+lNcK//AA5P+opMlAb/AClKUApSlAKUpQClKUApSlAKUpQClKUApSlAKUpQClKUApSlAKUpQClKUApSlAKUpQClKUApSlAKUpQClKUApSlAKUpQClKUApSlAKUpQClKUApSlAKUpQClKUApSlAKUpQClKUApSlAKUpQClKUApSlAKUpQClKUApSlAKUpQClKUApSlAKVVjyQ8pbJ0AVoFiNuw1Im0u2e1TlVGtrvrNFZtJSV94mELEjkuOF0u1bsMksNlJOSiTBNOI8QVM7ZZnDuCbkhoDqWUCLjO5n5li3ZiAtZ+THjrfegChtY5cGHrzKybsLGW0sOuyRjA6eSTmG7XjHaE1rMNwq6mqpqMllTRJXzGUVIgZMYFG9mbXyQPl8nfYvxpVSnIvyxs7RmSIK1ljeDpB2/wB29m8zo0KauRYroraVlFvpuSgGdfD+fDgCOJMeMXAdIWgcHGcSlUOwbfcyqaLFG+1nIspXS0B8zLyz3Fj3Q/kN0efnHnsHOKOdV9eTipMjD2HhSZBk0IQU610OYmIjthIIva/c+4E26Kkm7ZqOZRFUD6WurrUTHCDZl09puhepSqoOQ3lTbWk8lwRrFF0FP7cHdvZ3NVMQnq/Ga832gfUG2hBnxVh9yDIDoxMIUcsUrZJWcMHCoJymHnZCcJ8cuVQm24VhK6KhbmQkhM2/iPSHkW0NfXH1MmyBJaH1scYs4x7snCsuqzeDBFVGeVlJgIrXJoD0tcyULFUA4kGs7qCgip6iYTDbnaYa+zM32Do7PHbpLrok18F6lKUoBSlKAUpSgFKUoBSlKAUpSgFec9w8XE63DyB9jDDsXmXknsJe4mVr4h2mlZ7TPC3c79vnllYO2QeVw8ccc88rCZ3DxxF9GGvOh4d/6XDyDfni5Jf21K1RZef57Qiy8/z2h6L1K4o+30zYwZTskeRHOiMphMNurDuebvcigXSW+2Ww3iA6otrqypm8wyxFNTE4qYOHDI2eIYQIWeV7/g7FUNMnml2j23DV3vxlcS817da8JqqrI6PsXMGwEW6WMWShkU4OnG1KIkuUkJ0uZ8N8VQKHCQKsImolyRwqOQcJRBUwTBEClNCFKqA0S5fY+2znaQdM5sg2UdJN7IuR/GRzayTYaRFYZytWwYA4zsiGRm7ng3ZPbhUqbKHRThEmkmjiYPmuoZFYbhNQWSlv9A7ilVTcaPJz5RJ7b1s75Efkf+ZVtK7dafCPyk/KB8pfisrOJL8de9PEFkeJvf3gDu/i5306u9e++5eHjHcO6DfZ4puTHynMfbKPv5FPkR+bztdI+sXgr5SPlK8b/k+RGiseO/f3iEwfAHhfxp728Wu81vvDvDu3h87313IuzPYzPZahSqqeYvk28kzqEDtX8iXy/d1ldlRh4h/KT8lfa+OCe5T/AIc8aPEGR+z4O8Xe5eDPF23fffnb+ECve/aD2rUApSlAKUpQClKUApSlAKUpQClKUApVWvJVyoRlx2BQswwYxf8AsntJs27BGVrlq/E2REN7SIrFR08soqyssKGBgkzmcmmlVNJGnAaIKhgU6dtYgjnSCY41FDirHfNXJrA2og7Uvkx4/X9x3vDaM74B1zkQSeI52XhV/vTMcgSLMJXkWPUNsEmm8DysqJKCVR8iayKCsraBZVyTEdcTVkwGRgX6UqoPkA5Z0rUKeIX0ygnXCRd195Z8QTzzYmuscuZtx+nozATxlcsK+ZNlB1gn0Rgt02Zb7gwIHzKOplsQW8tnVswhkQCBhS4Dr5y+v07tzHujPILo8++PfYKc0BecGuplTmRg7DwpNd2sXyOOFrNyY2ClNxKIPwiStiZwax5GuJfIQonHjqcsr7QTXMBd1Sv5e9rWve97Wta173ve/Yta1vw3ve9/wWta34b3v/sqiDj750o25FOQ7avSmHYdGBjHXVkuR4tHZy8k4K6dNYDRkFnxksmm7HQTBTwEhqm3OvrgjZdQMjOTBdRUEko5JScKtiEkYC+ClU777cuSVqlsPE2keu+t7/3h3qmVvmHq3de47drcjtGaTCLXUsbPGWJYdJRVQI9Sj2SQpikczqQfwCIJxhTXBkMidb4y7xHU3mKVZJ3Fx49d3dP37x/biuFmm5BidkOiTWfN8XzY1E4spH1HOM5kZSW3khdWyaWiryoImBoVimIDbcqeKrAuFFMolw8pGUTPx04u+XyWcdlrWx7Tx/2PvllfK9srZWbsP9pa2Ha3tljla+d8sr543xvjja2Ods73w29xH214ojG+drY5Xj1l9tbHK+WNsvFtN7Nscr44Xyta/ZtbK+GN72/DfHHs9i2IbpxX8lXHb+cHY39XIhrb1Ev8lUZfm+Zn6uJtAdg0qnTb7mEZMGbGAaQ6va8y3v3vF4BAdDjgaDjjdb7diVuHQCJhNWJ4mN2j4s+KCiqCqpAxSyiXVByhVXRja6CjF3A2s1uNr15v591AcDGO8qXF5K2jsFSE5k1mpuyzA2CjPcOKGc4le+XeAEsDRi3WutMIkJYIxfEaycuKB6xYzmhJSyCVODFj5cfE6PuaHaV+ajLKQ40dKcLfVE5cQV1NIrKItJB0upJKwkKhUI8mqiWokxBih9OUCQ4JskdKjClzRYYIcATMITHK9XG53Jz80Xejjr0t+RH5Qfn9OmQm18pXyk+KfyT+Il2nbv3xO8QXL49+FfGj/wClvGpm9494/wDyc531/wBnAtZpSqptbeTn5wnJpvRx0fIj4ofMsa0auX5YvlJ8P/KV8oaC0lvvL5PfEFF8TvA/jR3r3z48Orwh3j3buBLvruRdnsZ7LWaUpQClKUApSlAKUpQClKUApSlAKUrij7fTNi9ku+SZEcyMzGCwW0uPJ6u5xHgExBbDVbSaZWF5fWVEzlgASTElLJmjx00LljgCXAEzyv2LUByulZkB+k8a3yBt5qrrdqzrzMs7xdsrsQ29eQtuHEWW4XhAFfWXAjoSyaizNyMVdXJbUmfZbJHl5vnSsb9oAZI5gK2ZU+WOZX+7LbGxFqLA0o7Jzw6AmdEsQNY063iu5gCGzAZQIYuRT0tKIA/x6q4HEtHU1uttHLdk0sr6qmpZa1zBsO1wO8qVmPG5+trk2BSe9C9wu7GJnHYdLE3XhsCFsLEB+ZwIlPjB2KSwb1XwRQXKVaJgkLirArAz9xbWaJmC4vGbFrmiq6NoTgOdYu2cheM9gYVdBV5xVLjQSHuyHIUwFAsfRVgvYYMM4SMYhm0tWTh7Dpi2jHwgFFFWSR9JUS5c8TMAhhmbnbtKoe5k+dONeJNdgKOgYeF2NmacFTJSNx0QkrCNMI8ikNUBbGEmOVdwYMjjdyWnmcLtppogqEnl3CMmuoazgIjN7AkqWf7m7hQfoZrfJW02w7gMoEYxkmFzahglFQ1JyONZVDxdIbbPaKOIZJ4q7oc62dJpSSTFNkyIIg4iisKKUiEVNUJB8Eoqh/yFXytoJvFfC2OWdtP9l74Y55Xwxyy+Rd69rbLO2Od8cb37Fr5Wwzvjbs3tjle3YvSuvc+m1ESw+0dxNlOGrYWHNBXcYbJ22waZsDFkhyg1GS9DZEq1H4/9ZyTbQHcy0FZuoksghlt1FwMRDicVxNimlpCBVLddv5GY8wcYm08rxm5U15R1JWik6PtiuxHEzFSnI0nXAbqXG8tkMxQwhu9VNKPFTYWI4II4eItgxwQhscw8QzPaGbPoS/bfMJ2wte1u1+d6L2L9te+V8rwzGPbWvj2trWta1sL45WzyvlfLK18ce1tfPZ/WMHoS/wDMH2v/AEvh/wBjEX1oX3c2d5EYKejNQ9NOL7597PWmuOqu58/PWg7V/wASXKGrGiYDT8WZUQFdUcnfCWEWWPDqYMEQC768H5h3MACZXDM38Fk9KzRGubfkNjTbvTDUfaLhjL69uPdaUbMRgrYfIzC0zHUxst9SbvypSEZacSw+4T2SVG7XcHjQYKLii1gXEEQNpqSrWHLHxiE+uRDlSRtJ5P1/1fibX9+bh7r7Sirg8Ka0x45W6xczrcbJc2ZXXq/pGdQR1EYDPKBJqvmGtG0lUB7ggORSPYJ6K3lZUKgWx0qkTWjl8kBz7otLj73w0de+g+zUssZekOBSg80sLY6JZjQWsSVlRwpqBKrBR2ySIO5PSUFdVMm8aQxcQiyKcAUVFNUjrdIL3aHIRytIumMwwRqZD2vUh7lbvbKklVeibWyOHC3mNjZmId1PBSfchyS6wjaGwWhYRCcWJdZMpSqXxDbLkPqt0hKRzKhTNuxP9h2W10qiyFuY+SU3b2I9IuRXQx+cfUy7IElkfWxx5zhHuykJy4qN4LEVUaBeVGAjNYo33rbuxMsUbxxGNiXPqKMQUjCWZcrSwcN6dAKUpQClKUApSlAKUpQClKUApSlAKUpQClKUApSlAKUpQClKUApSlAKUpQClKUApSlAKUpQClKUApSlAKUpQClKUApSlAKUpQClKUApSlAKUpQClKUArKD0yS+duJBtdrjje19wIbsJfLK+N8cPEeYL2ywtbDK2eXb2wxvjlkHa2GWWfb3vhYPPV9WUPpkf4o9u/pfQ1+pUvUBP3o3d878JWhHb44438QJCta2OV87XwtOMo2Dyve+GF7ZZYdrlnj2t7YZ3ywxzEtjYTK7+qQujffiS9B/zfP/8AbdJ9Xe0ApSlAKwB8+n9Ka4V/+HJ/1FJkrf5WAPn0/pTXCv8A8OT/AKikyUBv8p"
20:09:00.211 [Test worker] DEBUG org.apache.http.wire - http-outgoing-0 >> "SlAKUpQClKUApSlAKUpQClKUApSlAKUpQClKUApSlAKUpQClKUApSlAKUpQClKUApSlAKUpQClKUApSlAKUpQClKUApSlAKUpQClKUApSlAKUpQClKUApSlAKUpQClKUApSlAKUpQClKUApSlAKUpQClKUApSlAKUpQClKUApSlAKUpQGVXncX0fTrkG4q+TlurDfkyW4eWZVgtO0sJ5OI/OexzQlluK7JUVDXlvNdsuoyqPNihyWsjngV0sht88oKTPSxXKUNmgk1ViXvBt+Y5X97uLPUCUdfJ240Y8Ye0jM2kxc3IFH6xDMgbCOqOhgCiTCevCejl3ayVJxLeSwOijDuKQ0Y6YV19DDTkQyspZdAcMoeWPJ3aX83GgfLBLEVSPJ2j8e63PTXKSXlHDMV5HOa1P5cPTIIFKi81kIscUk9BWkyUEFMNLxYpc2YS0VxpxMVRXAWw2leK/LXu5CfObnpXpNxVhv3ZOTETcGLZ4fWxTcieTWbGusbHZaQ6EdWX3O93+0WgZSlC9neSXhAyAQ5TIJuWRcMzb0PtxDGR8JaMo7wjDyIvRNEaKL/AM6qjwVV3ok3l9rMTBk7pZvI843cHZTN606KwgwYqwP2uNZvkZEamvb1W1JEsLln3sLY083om5ilu5YdydK2FmHkIcFEy/vStSQTM1946tlm/hiTlaBOTiAzTBcAOOVlJPLLrcfroVk8gOFmEYC7/cMaMZTGxCFx7rk3y/Zt22AYgf0d3DLo4o+b5I5XnVHkgu7RjbjWQnrbtjIccs5cfpzX6QGecbQjSkR4thqkFBcszh0WPI9TglkIsZGuUEfZImWOLZZsoi90punsgxekGbW8fWpWhqe+Zi091+2Zau2+5O0BmN36xofQycalDRJuxggrMgthuGlp7ONBcD3RAyIaSLhdTcqAcTwlVIR3kdbyXzDeGUoJUkirHWEerGtZxsqH0xz3nV3NKNk95shqKZS8xuNBa5RztBjkwFNQWS15CUygaqgNQqVOLB5TBurlEgAA2pmTWOIY5rPPKC4JOUOe3l70weuq7ZWDHHrxMyw45Se23KkmHEpsTdPeB5mribHkQinQQhXKjEVViM3AU6X71xFbii6HQqhhpZuNvG3jXSP+QOGBtuNR+K3YHYBe1r02fqWVn3kBkxooz8cLldEYFz7lxjmA04lGTZdzwLAvtaYx+zkzKoB8oWycbEcChfFIQlQip2T6gc6XAkTMQHpZp5sU2W3gvONlQnBUQtDWfaNnIQzkeK8SbjWQQFJeg1HQSBtfcasBdUczpWiuBtUUDi851y45hQUsmWGawzz7loFpSlAKUpQClKUApSlAKUpQClKUArzoeHf+lw8g354uSX9tStXovV50PDv/AEuHkG/PFyS/tqVqiy8/z2hFl5/ntC9DpdklPFncVzUjpqrI6Em7JbgwdBT8PAC5g43ZZlvybKYpczmHlhlkSFcsWNnI6BcQMM0VDGLD3zAFFCE0nRPGDKhKL47h2N0Uq3I/ixktiPmUgkg8AiyS12gjE0FEIh4h44Y373TiBfDMTtbZCiWzFz7OeeV71x81HHWNygcfsrazN5VTECUwDyDKEILy3mIEiJ8rsMU0Oik1kwCEOORSXWiKDiY6grAAGBkMq6BVsMmfyTrEDUCNb+kHwPCcUNKIeXZGmTQ7cuNG6ms6UkiV4PlxwsmWnK2SYKWpSXED6jNlvdAdLfeuQALiALhGQuwdVhyDYOO9GKk3IpXG3xWTyhaPPTfT5byXvOHWHXd2zuydoHRCsbODYiNm0cZ8fzQsNNJUJFZjYUMF8M6itp0GSwimjkjILqcwAuBEcHLIs4Fkt23cFI2GL3rWfHVTerfLkh3wQZB1pj51a/cREUNZTKuiSJ/iDFryLuQ/TgZvwYahlHdxMq8WyxU47knWBcgQQJPwMmL9l7IB3LiQ2WvyeUekacdcGXk1ozhfYuH9gY7X3i203WN/61zCly7Jp9vqyiltg3G4xRqKMeraHJYZMoqs5bNvhOIWSVYgdXhEYITs3JGUbRkHdkd9mV5Tb8IadGj/AJa+dX/xSpb/AFskWv0eimfzfuSf/wAVvY/9SYkruzo1uq89wtqxsRsds6w1eKpi352rkbaM1GLgIm0lxMtlue5fxYJuNHUQSykjq6qqGXW4AU1RKlD5duqreuoEyShmbJgQH0i2WZ/APtpyO6z8gjbkuINY9iNrXbtXqptkRiyQH/DDpRZH7YFQZDicEeNtzm0R2IaKRZaaZKXTRwyS0nuXJc8BJYzZPuA0X2ReVT0GdbIvKpNdOiQPTFvxQxP9K6Fv1fkutVlYtuU7biNekA56rcdHGolyVPzBUNpI7lvafZwnE8js2EIbidjEHGlKxNQdMiNhp4qC2bAdRxdJhFC/e6mabae2EAwtLrjDJktpNAKUpQClKUApSlAKUpQClKUApSlAZWVAmDLnS7EUF34YnS+r/F0bckXFjd75l0pddDuyQVdXTgM75BYKRtKmx1p5k4HhiOKTCCBEEywJg44ci6XI2SYvFGTlcnndOfkB7RwPJUcOQr/Eq6C5BlNaZuRhOO4dqODa5N0CnBAcc+4iG05PNCB5DkCggP5vKS3pF4/eXfUrmaRoxkCTNWzUFuHUTdu0VNdQeTpixrmVJfWmbL6q3kcAdXMtgFSXUERaUC4A5MoXjUBCFEJrbrbmCjFzk329jHpBQur3GzxqiP6dIsdGwzClrczZElF8msSKIXhhghqPf7dU1+R2i0szDxVfDuS6mpwJXDEdbbyA1iJk2sL5sujm8SWdl/1EdSNo7I6LvqiriPwycunebG1x79ItivfHb6wrG1W3l4/ESBWRO64nHhI5h6YCikyXOoNZyLOABy7YFzwYIIZk2PbAmTS5TssnzgSImOxQSOiueDkd1b2M2b4gkjTiTm7sC84G5FIOeDlmWG1EB6RawR3i528G2oyMSchd+NJVdsk3a6kt5tREV1QwWQ2CfzcZUrgbTgjN3HKJvioaTS9Aja2Z0/QJd4q5Ub6ghTvPhNgLkwiwDIaVmqXbgMhREnttxpOUamQ8WqOSXbkDSgPYR0l0dNMKzdTEtxVQLS7AHMbyA8b0U8asUgEOOTj6mg9uNsNOzOg5YhGCF6XG2MgHIvixhJCwz2Fg4nQItNrwc5wyyLjkdQXSpqxXI0ltM6KdMs5+tGtJFjqs9yxmzzkybWSCfbwV7Tub7Z+UE9iQ/wAbGpSv3tupyVuRQhlnKpHMUUzCsBBlr57Bz+tYkBcFFMT2qxM1RNRjwAhJRsYMrjgbZkwqMoYplXbxpa+Rxqh0jnbfW2I0vwRHEKcUGuUfNUtniF34ZIt8bXEqMsqwoIYeJxfcJ6xtfcSllhYVUXVJRUR75DmhMr2hbY8JUZbUbmGt7Cu6G/Gts7DRYiw0QUNZphYUfpqDHyQKIcHQG+OtRI7XKlEF5VHMLa+RLuOyefVzRs7YmDkaHxEob0+4/wBca/SYNlYrF3y3+cxiBNW4DnM7J7nnBAUZVnQkmu+BVfKEp6cwUfFSj2gxRxP2SVJmp6Q3zxhIIp5XBeCzAzHGZmfA3z6bVV10iyNOfi0Jgyj0iPnnmd1YYnHjFaXrdBTMMmr3zGRmGqIHeqinpeAl8rFCSgLCrTUDmBfuYZg5lkaExyFNDZ5ukXEgWJtfwL7Ft4PvSQ2RyTsONSqgTxyCPqjJkpyR6bdbbNigZBDm01SLNS6bcqIJfEIBaVQy9wfCRy43Epndpzhd5v8AYjeaamY/8uOrkhh+P02RJxYTGcz9b2vOwcWJyEhkryamM1KWnCmoS8SRl9ZANhpJswrm5GHEQsVCzOchElxGWJoQ+e7lH44SunCE+3voPx4Sec2snXaZej16MaMHvK6IfbavG8YsX5QG83VFzKRFcZhFKUS+KeAIeS3a6VYEqMhNXFRVXDKkZyac7LNyIkkkiKi7wRUVfnciL04r+Srjt/ODsb+rkQ1t6iW/YimM7/hv2I9Zl+xb/bf/ANm03/Z/9msQvTiv5KuO384Oxv6uRDW3qJf5Koy/N8zP1cTaFMufRJAQ5e1i3d3nfFsFif8AbLeyTT8mus1fvhVESW82Ga7UBsiGRLXGDJJLjk98KJQrhcEuEWWSoAZcMIoBa2n+ZIWibYaNnNDs5R405Wix5BJwLqYL4Ryi+118JIVyC+l4KaUeDELGrEFpKTVQpcTC9wDxIsYDviIFje2U/W5YevRxdn9uIpneJJadfFFtNMytsfA2zcOR65ZRQ9Z3o5S4Ce7Y5nRqstOV3OgJoTcSm2hJrhIph0RVKMVGVUJJWxHA6iTCkns5zzktnWX8gHBc339uRuBJJ5MQEmT02FX6ga/a2JZo8WutSHLzwmFmNVr4iEE24hdGSzYBtBwUzWA6+esZIlGq4yw12/PoLDXb46kaRGSyWhGzOaseR82EJlMRjN5HaTNZ7XSyaI22s2G+QASkJvoKOnhAEUtISE0qWIJyeTBCLFCgAQAIeAeGONsunM3+PQ6Ov+dLYP8A+/iarTpj5HmTxrs7W1n8jrhkc+svGLLmJV3EjnXp9rOsidLaFiilVhtroscIbmVmCYdygfVj7FTjrezL5t5EHNLJ4gNbO96WG1KZXm650dLNltWGw/V3QLjWYUiuNa2ZczCdrDZsqTM/CB8sUaMaeOSQhqqzYmqgx+YMBmk0kfCTm68lAyQKJplrH19XSQ3WrKs435tE2F1lN42/6TRzo/mt1r/UOJqsin7nZ0E1Gl6WIU26W5r1rdscK4ZJqnpF15mRQac8owqKmqYTqg52MNnPBCd6IIonjDaw78Oox8RbTD2AZPMmDmbwgJwIxlMc5bc8oHLrKcVPiFWNvBIjNa2sbLklDMNl9K8KRuCfJkX2uIBrsikybgRCsfk0syFkKRUFVIdRhLNqSLZJVT5Uh5RfShUgl+lRTUXSlKAUpSgFKUoBSlKAUpSgFKUoBX5i2iIzlRlduONITHA3nAmH0ReQVsgUVUZbRlUoKQVEhXSz4Q5FSTFIiOOTPkDgAxQ4UGFLmAhARM8Mv06UBlb5zm632jvt0bpsNRCRmw2kHkAslobebyYSRUNFTCbjgAEonJKSmgFiCcQKhY4hFiZMuCXADxxwCDxxta1fq9LgU1QxxswlGBU+bT0Ked/dc4ieopUTMLHNsHm3LL17Bq+OVg7gF3Cx2+eD7vgKFidKFBO591wCzw/057/xifRz/wDxDzH6zwDU2ekF6MyZvzxoydGsGp4yzPUWO9j7CQsgFRC4B1xvSMTh3FQbyWOaviEG4FlirzyINcPIQEM45xkZPMDlyhswOGzJBJo8tS25eilguGJlmDzzaTcYuXI7UYpOM8EsHgj2YKm2hmgYbQRO+OQOCbZuj5pYZa+OQeJXsBXxvjbsVlx6Mhsy1YG4H31KM8vDBEiLUaYdnATzgN5XyDTmI3xEeTD5ZHKjGOydPKjleq8ChIpPOxlXXVUslEQh1A6HYbsBw9Jo1sV9RVFIaLMncTlFVY1MM5O0LK69TVaWUXZY8gZpGCcPfNjeL+TGSHiLZcsqgrQi8ZaoGJYNu4u+4rYA/a0t4GUVzcE0Rca+3bulmJnBIDpC2Cn8CFnO1Eh0FXwsvEd7o0dLR9wNV9tpUJtNKLsdGdBXJMVSph3M7FSR1WxYsQGspxlBtpB0dFSC7QpxYoM5FotlKXuLh68uGzqCYQ575G9+9WHBFrMU75jGYO0nZpeQyuu0YJlxsLYE83Kji3kVynEvEmVeFlNpuFVIAL+B+1rx+lDFsJESeJLWtwWuNG0/8o8FN6RU4TLPAisooYgjUulKlsb2wMJ4xKQFYwIVHxEBzHKlzPad1KA54Vp9Ib4u1PUvQCPHgFyL8k+waKHs/BEfJkW7Hz+1H1FiCVUybsLkHChtZCi5oXTnM1i6dgXa50I/cmllzJsKyeLiIH3K2HmM4wp+VOL6EEPWqR5+2+2f4+Njmvt5Gbrnx0k5P2EmXBuOh3rbhZx1dSEBshudUQU13EjjPQUpGJq6ojRq3mekBqi6ZKBKL4Zk0hFORtB2ZkgiQjbhX2VYLefutG7YljTXaqK3WnlDjWfeuMztBVJjg4ZAYEFiOXCn92Bx7HYLmCFxQzZAyD3McibLFzRUQIcAITDOzw9PhefHRT3Fm4TJg6aampfIKxyB01mIIKMgttSnwu3y2OYmeXZLo6OKTQSWGFsAwSaUXL44fxV8svvbVdIp1h2F0mk2FdQGrPki8ik/RO4IaaumxCBpeDlaJpPkpvmGYsHH4oG2UUZuKbGJhaMq4hxIcCli4DCcSKlgS5cwqmkWacEaarugPR5Hlqm7+8vH6OtAtoVSSsU8wAeJlpKkhgypJz9SiymW/iVYo3nS8VNup6oHe4R5OSSY4Hal8gsMWZnyX5RIQhro8dFiVTdCX/mD7X/pfD/sYi+tn1YwehL/AMwfa/8AS+H/AGMRfWp3dnZlu6a6jbGbSunvYVMgyInpIBZPNZ3DCXnCkI5i7QauGdsw+wadrsFRWwS7IoONzisBjkMFje4mIhQJrCftyAdJV3A2I7PhiHOKGBkfUeLjeP4CQE+yYbcIElqpa175l81ZIyzndhLmZe+RzvEi0szopYKxQoJpUkQqmoCO4pUTYyKyJIrEZboUmimpici4vleMp6KqHizKa7hUwbCJZp0GMxUUrjmcAId8Kudzf8QKPfKhnoveuzjibjAb06yTkaPTLvTKsjbbSMuKodrrKoC+FayGyjRo12uNxyi61G4RkAphjbuQZl9qIuFrCGRr5d98h/J9NHHDtbARyYdfzK7xjyS0VUhLm1cfNGQpAfcByyVEXe8C76bDQ8KFyUemy+DUNgqVkEwsKxc86sEAFSVGrZIVWdJzPEQLCbJL4/1XlRkQp21v2EXuRTnxgCSN8mae475T0/iySy2mmiMpoMg3ludlB9t1zJbyldRlRcYjQjBfRySIMfVkNqsJXV1E0ZZ+WJTBRTW661hV7w5fn6l6GczWgnIs0sAdh5OeEDOvUhb0Rjgm4nJtXIDJNLj+cCZK0DtJvtxxlFPJEU3osBL5d3HWYlqhdrZILfWDqisrJlu9N7JbLRhzZcrXEUPxvJb4l+OdFJyW5+2Q25CjF/MKLWazAlqNnBlFBR1vttNZSVlh4hR8fRTKMGSsXPHV5HwR/CxQB3mm92tvG6lHjd6QEyOTrZ2N5FdujcraXZa2lZ8ZTDcclo+rMhk3GUUzhp5JDVTlpwt5OUSaYodxOJ6aIYW0yTnN4vlls4gOZOBfip2i/XssF3knlYKl0eTX0Om5e2gF5XeZfi5iqToZlvjibWnD5cW0TMaW8zLVomn3at8FDDVVUdlwi2SJZwMI8koirHqb4ezEk8RUWktQXxU1GMKDXwSzuz6sW+9220X84O6/FbEfGCmP6cieq24DO2YnPbpOi+QWNF8GsBqLLYUlpBLvF/NlrGjK8sk0TNWySwgCRJZcSAy26kHVpYUDgCDtIpikx/pHVk+XuqlKUApSlAKUpQClKUApSlAKUpQClKUApSlAKUpQClKUApSlAKUpQClKUApSlAKUpQClKUApSlAKUpQClKUApSlAKUpQClKUApSlAKUpQClKUApSlAKyh9Mj/FHt39L6Gv1Kl6tXlZQ+mR/ij27+l9DX6lS9QE/+jffiS9B/zfP/APbdJ9Xe1SF0b78SXoP+b5//ALbpPq72gFKUoBWAPn0/pTXCv/w5P+opMlb/ACsCfPYGlZdKQ4XszR1QBPY+To72Ll0wsZKi9jkQmK4PdzgisUGL90G7bAXuZAz3IO2IuPdssrg4gb7KUpQClKUApSlAKUpQClKUApSlAKUpQClKUApSlAKUpQClKUApSlAKUpQClKUApSlAKUpQClKUApSlAKUpQClKUApSlAKUpQClKUApSlAKUpQClKUApSlAKUpQClKUApSlAKUpQClKUApSlAKUpQClKUApSlAKUpQClKUApSlAKUpQClKUApSlAKUpQClKUApSlAKUpQClKUApSlAKUpQClKUArzoeHf8ApcPIN+eLkl/bUrV6L1edDw89nrcPIH2v4ezMfJL2/bX7XtcfloWL9nHsWy7e/b2xx7W/aW7W+WXbdnG2GUX5TtCLpdO0PRepSlUopSlAKUpQClKUApSlAKUpQClKUApSlAKUpQClKUApSlAKUpQClKUApS"
20:09:00.212 [Test worker] DEBUG org.apache.http.wire - http-outgoing-0 >> "lAYROnFfyVcdv5wdjf1ciGtvUS/wAlUZfm+Zn6uJtYkem+4J4kX8eFlI0cKA2fuxt8BCJABQFyF8XoftbDIEdRTMMA74XzyuJYfPK2WOONgr2zvnhttiPs/JTGPbWtbL5PWX21rXvla1/FtN7NrZXtje9rX/2Xvjje9vw9i3+ygOwqUpQClKUApSlAKUpQClKUApSlAKUpQClKUApSlAKUpQClKUApSlAKUpQCog8hH8wfeD9EHZX9jD1qX1RB5B+x8wfd/s/7Pmg7K9nsW7N+x8jD0/8Ad2bdn/53Zt/8+gMv/Ql/5g+1/wCl8P8AsYi+tn1YzOhSYEQ9DdrsU4ybNFvnciXyFOkgSA9h7w3Gdsw7FwD6kHcLEOwWWA1zOOeeeYmFwMMQsRBtmdAKUpQClKUApSlAKUpQClKUApSlAKUpQClKUApSlAKUpQClKUApSlAKUpQClKUApSlAKUpQClKUApSlAKUpQClKUApSlAKUpQClKUApSlAKUpQClKUApSlAKUpQClKUArKH0yP8Ue3f0voa/UqXq1eVlD6ZH2fJINv/AGdi+38N9tfs/htbxIl/sXxt2Oxlftu1t2L3xtbG98uze+NscgJ/9G+/El6D/m+f/wC26T6u9qkHo3vZ8iXoR2bWt/8AE/kHsdi/Z7OPy4Sh2t79m1uxe+PYvlj+G2OV742yyta2V7vqAUpSgFYA+fT+lNcK/wDw5P8AqKTJW/ysAfPp/SmuFf8A4cn/AFFJkoDf5SlKAUpSgFKUoBSlKAUpSgFKUoBSlKAUpSgFKUoBSlKAVRbKnPRC7A29n7SZg6Q8kO0Ey61it60oZ6uwJGcotpPJOdAQnAlKxYced265A0oUFwkk7I2sthH7ZVCNFgMBgsAjA96VYdIR3/1O0A6RzzRvHbGS1WNG7IDbg9stM+lRXMMqCKa0mseMlQ6UFT4eYD/U0rAIjfu2JxYJp5EbL+IAMiGP4qi/XfwF+u/g0Gwty3q0yyuwYsG4q+X6IQn45E9uCSbNOpjKZ0UMjE/nfC7gfzoITk4DiE2yPY7dQUSyKpil8L2yxKCf7KltuPyB6caAsa7/ANtp9YkQJhgsYMIKErqAik/XjkW7awhdjx2hAqb2d42AuNgR80FCOlSGWeIikZJF7ZjY8D025StGd/3O8mdqdMK5Jbij9BIuZ2EFWE59isNMRVJQulkjYShMMXMBMVcxT1u45E0c4oHgcf48csEX/ja7Zf2jeoUrbDNLa6TtdoskTYZhM8ixGTJ72bBR0LbUbaWuK7jSwEAmtd+oiWqpiyvrRtOcpRLCcpDFTOFSiuCTGyL3ZmajMzU6n42+SSBeUuBXDsZrmgSg34+b0ruyIRApZb7bbThU11oJDYWziymprZeD0L2bigQdqXmmDKZ9NW8hMDgSghp2QQfduut3eXfVvRyVY/13cDdnbYraSUErNxMvVvUqLDE0TmotcPM5jk5jjbwWG4iIiPlZOUxy+S45E46dIpSspESRlNSlE2Wq86JV+Ls2F/8AEP2U/ViIa4xwlpBKdOYrpAO3T5BDW5GYWzyZp+wFk7jiMda8cRc4H8zFdFTRRMLZliS0RiSL8BAwLBY38Wcb5ZGMhxBLhHZ2n0/h/gt30X5atWN9X/JcIshLmeDdl4dKBqkl6t7SRkbhye2ogijES+DiMNIdTXUtSRsDKomAHR0NwqhhIurIoqyVTi6+hDKX5W+vLNEeg8wwVAC3rpuLtDMuwrYkB4MSN9OIhbUyPEFvRtdLu4VFZbarI7HW8S+QCiZOFRkMguAhk0NbMqgqYGWL3N1PctqQU1957eBvaRhgBJL2nt4TJqlKhknbErd1sYQNlNxuFloMIO+Cv4NDnd1jginsRBSoyW38gRQ8ktPEJcZ3InWZ2P0khkuuKNOp228XIY4xTjJjRhxhg22i38ZRkeYDq65XQ8pakhSQY/YTMIRwthoikvmj6kZ8ZzbYboCUOOu5jELzL3sWGkZe1b93+S6nS7klMbmSO5I7z4/OS7U4Jtsg49LyBujrImQhHC4IVXkBDwZzbcAEku42rPc7iuiLZNGDSQy2SCgr54wolxShUse6I2g5vIX1p3NXtDUrUXfjaDYJuRkgy6poup8Lx1KhEJjL2JS2KrYBVmpmujEFKMKCcSWTIzYBTyhxRIgBHjNzGF78k0N5dWttrsJKulk367StpLu7D7dAfDg17mBSbrlAdTAMCJwXjjGEjNYTBAfaWSzV0sQ/kTJEsBSSiApoAzgTCa4bRqJ5+2qT9PulUTLKynBGzuw5Y7xytJnWYmpsNqc5ScVEV1iOVHFxnWakqCYaLtJPsi5ElVduYyBJKKmjFMwsslDDLCZw/wAk3xoIpbiS6Q3qE0pAZkf7aa979cegkhrQLdZj13k1cUIkjVdWTOdgwCoD6bTskFDKFrZ5W7+WVEcmgooFhTq8qpaeWMmwb5sM8BMMBA88RAxMccwxMMrZ4Z4Z2tljnhlje+OWOWN7Xxyte9r2va9r3tesNHNHyaMzkzh9l8bxjXqbOPchN8txsqrG0HKpFylq3HrJTmcv4roxmNwBc3iaXnWogA5Jog60psgiEgnllNHOYl1UVSTtsEYNVOYsaR4yEdYHcKSzmM0mqlr5kcIyZXE5vICekElgwZAyzAMDqZYmEdFHBzzCFEHyEDyywyte7MzoZ5+paJ5Oc0pSgFKUoBSlKAUpSgFKUoBSlKAUpSgFKUoBSlKAUpSgFKUoBSlKAUpSgFKUoBSlKAUpSgFKUoBSlKAUpSgFKUoBSlKAUpSgFKUoBSlKAUpSgIEb68k2r3HI0GI4Nglt3KLqlxzZsuFoZilnqMizTMrtByIYmUGO2Kl5gCqY5QRWSS5s+pH0hFLKCyhpIqpirryKQPxcgTnE1jlvYVgasS5Bu6Ois4zBgP8AIoz969fBoOwmQ4XsH3VKj5eTnW928eV7iChky6crqiKYPK4pZvkcTLgPEEo1X1zhZktPOSDit5c5bDSnNqtrIYl2GplbPjC1Sz1aSrLLQdKCzJJYLFcy2kn5JOo6g6hF9aRWSXWXcnlmInHiSQNfMI+lxL3p3h1r5ytz+LfVLj/c4zqdUCbcsbbqV5jfyIpQUYYEXR1cBSXECO25MZVjSdIrsWyxayxmmMNqKZAufbzVNnVGyYIeVkCUe3ifaZKLObPJGeTO6yb0uj76Rt+eT3VjjmS45CnNRfbqkyZ1wVtQpAEJsk9J87S8uFxSgBgixmGnGCVjGARpQTiHhFaVEVKGVVFPRyp4dWPFCQ3S2pvNHq3tHsPfUVxRvtHp5tSdbwztamv27MKiwdIkgNkqUOKBxYYgZdxu9uuAMsnJ6gpWT8HAAsHU1NWFFMTTxFCXDCbWHDyQS2K6Wnt64JBBDXgNB9E4saUKkz+OI4TScMsNuKnefX0oMXC+Jc34Jm6U0wQYK1xcrObPK5jHuAQOP96UgkFIkbXF/vi0gAk6ZtZ+RqHW4gOIrbEsomGO+EtzPRytw4aCDyFPpR9aiZtgDJZuw5LMiorgNwMglE6CauJnvIFujbLvxu6GhDazdXVPR6PRZR2vnaP4SZ9sTPg4Z3K9sV5zGSeGAplNZTOTAlB4PlYCDzwFzRmghLapiDfu2RSwOOWeMd+NLlS1q5WWFLUmawo8rEGbEMoCxUqqkpNdAaYjmVcEFMcYC81E9IdzoUcm2cTVYpkXzc5VsL+A/dQTjfK3wtfKQEx6PaibCzBF89zprxF0uS1C6SsIkYO2QWyVdObTILiinq5rvRFV++m6cPElVMLqLfVVVIPqrVPCqRpsHUgZYVsz1C/RmMccFPmawwxtjjjy17EY4442tjjjjiYCtbHG1uxa1rWta1rWta1rW7FqZ950OudPCIiuxqRpSlAKUpQClKUApSlAKUpQClKUArzoeHf+lw8g354uSX9tStXovV50PDv/AEuHkG/PFyS/tqVqiy8/z2hFl5/ntD0VjZsonlDR8+aLkiJIuMbOnTYwZYoUKFg8hjBo0YGywBLly4OGYowwueAYQeGQgmWOON72o2WekA6nuB5PBoan69b7ciBSPVU0gviQNEdXlOY4rbq2SxxyMJd5EcLpj9tLw2WOXbkDDUOL6etA2sZQzikVzDHzjz0rnYKRoT4pzbFjJXNoC1tpsHF+qqyskTIhI0WZz1QX+/HWnd+A5YiAp7qSozFZi+HjbPE83HGrpwuGQBwXsXsasa2Rdp/rzEWtUNN9PbkeQ+yERnIpUgSLkhFMdNJh4q7nWO98MbHnK7Vi55yudWMXFOq68qKCkdHGNGRRcqX5vvif4Rj0U5UdROQk+/mdCziebQmuJc74S3rdOTHV4l2AjTsGgiQg7lj5fvmIYIFjxgqQUVVtqK+lJCkcIpaudIKR0qUGsbqEq/x5aqOPd5mciRphKKdtax2AbjNPfrcd7pbCeuNU4nriRkXfLUb6qnNx/mi6QvmkwkaeSet5lChBvYgY4CNduiJk2qDy/enib/SFfmjnJDB2/ro2waUONWVm0padz44tdZNHkxDaCMSXXs2VFaTD6oxBGs+nkOptYYdCN5lDrgLNhWEBELZDIZfPMUMGSOzU/s3VPXia9l5DTHMssSB4yeUrO9JZhNKUXaot1joZxfViTbILiy3Uc4tGCZIUJOLqa8jkRTOQeBlRKBXyGwzf9Gj/AJa+dX/xSpb/AFskWrguZv8AFL8j36GOwv7NXBQEn9QdomBurrPDm1MWI7wQI9m5oAPRqI0gJ6KlPNPSzB04RwLuFPbrgdSIUULCkRcsgk1xKxeweQd7Gssr5YYSRqn3gD/E18e/5g0z9YXDVwVRIoi7ohEiiLuiClKVSilKUApSlAKUpQClKUApSlAR+2R2s1v0+jo7LGz01R7CLAJd1wxXn64SaRdVOAhd2ySWyk3yFW3aviB/wizea6arrhu34CqeNf8ABUNuNfl71O5WT2w2GqROVx0DXNwslvuB4SKzkpmoT2s/izrNoKwwSWLpVnaIk2CZ6n37i9mwyFcvkMRtgkjWFHuWlNP+kupe1bxiJ/bJa/RnN7ngc65FGJzUlN4B1JzROu7FDsvmAW8qZDtxWzOCNlANAWX0lVwTT6SSUUvEkfBsZqhHgVKliPJP0jAkSLgEyZPehkFShQqCGXLFSxdX2FCALlwAscAgAAAsMAgQQsMQww8ccMMcccbWsBfjtZurqno9Hoso7XztH8JM+2JnwcM7le2K85jJPDAUymspnJgSg8HysBB54C5ozQQltUxBv3bIpYHHLPGO/Glypa1crLClqTNYUeViDNiGUBYqVVSUmugNMRzKuCCmOMBeaiekO50KOTbOJqsUyL5ucq2F/AfuoJxvlb4WvlICY9HtRNhZgi+e5014i6XJahdJWESMHbILZKunNpkFxRT1c13oiq/fTdOHiSqmF1FvqqqkH1VqnhVI02DqQMsK2Z6hfozGOOCnzNYYY2xxx5a9iMcccbWxxxxxMBWtjja3Yta1rWta1rWta1rdi1M+86HXOnhERXYuE305OdZuPAtGKXMOMmSBLM4rhtuwhrvALBPStPUuKqdcpiogspikTaaEMARFUCBYQ8srCMRMHjpZOImDagLiVrqbUbmP1r2u2COakrMW7T6h7T4tMy/W9r7upCgsJSK+2SRwMCn3MxAyjjeLbchEmXJnjuZUs4g1cwnJi0pEU02nt9fMpkx5ghPWxOf6fu5IcLt52zXrfGj5FZUoEmjdyyu1WUC3XUbdDcYXe+OakMaW0hbc5ABHT8e+VUdbMEQuzmctasuuu2zTI5r+eDW3ZaKwiUBxZxqRhLqaAxptcrOZ23E8PGRW44Gyp5JkDJzhWHm24tZ3jQlqRxdX8LgWK5HSRnAopu3JNQmaU/ZOsdEk89U/YI6x9X/b48rWrXH044wjOTC0sS3sFNmQ2cRaw62R2bl7YCQSBYYyVGV0VklVBHJlUnI6TOESJ1dXUfBZOEFYBDxU80Jc8G8S0v5htWt0Jrd+r5Ro7Caw7VspCu6lTWPcKJh4TmQ61cMABhXEgI9lxzoDgIglTRZRELJTlMq/gYey9gmZogJlRAqn460gnsR0kzmY2EfAGCyuapMGBNboeCUcAzYTGb7ub2JdxmG7gPjlkmnFU7GLgMjnS3amLBPh1E8RsSa0aAF/nSAkglCnIFwPbsM4ENFkxE3lbutjrXU7HEuqumI5YW2wXWWqpHMA8xx08igHpKTkwG/bBFsZBcV8ghu/e1xPKqpyyJOVXI8EXdkiyTVET1fVqlevTiv5KuO384Oxv6uRDW3qJf5Koy/N8zP1cTaxC9OK/kq47fzg7G/q5ENbeolva0Uxne/+y0esy9//AJ1m2m0KQX3Z5YtPtEXczomk1dfsmbFSMWsdjzVzXSPV2a9hXkRy75sCfT2A2MOwkkTuZM2ElHHUqt4stikz+CKKoXTFLvSLzT5+9Sy0oMSKNo4H3k48FmU1IJEjNzb663GISjl7rY2QWIaUmyCju59tdKGxuMFY2bdKg30tMzEDDVT5EUYHASvPotyaV2rS9/uWeVywTl2P2r27fTBKOhYDDUVZjQwyW2xnI3I9a54zYUygIAA7wKt8wjp4wZQdAj1glBu7BoJDEvo13F021630gZz627OsUJ/RU6z6CrHE3A8cRVlMWWyrFldHW225EoUstNtYLjACEs1NHOFDg6OoKyMOKImqp8sYazZIR7+uljBrskI+neF0ZPZKC17Xta9r2va9rXte1+za9r/hte17fgva9vw2vb/bVfuzXJDB2qe12mGnshtWVlmTN5194t2JVxmIbQUWK3TrIu3rKosiqa4+m6vpJUx4ykPB+babDuGF7kb75AKdzB7vMqMY7bMQxuwYpZQasCzo0ZrZYTUBXnAuOxaBbjRRiaCiAqrnc6grOJwKAKaQLBmlhcU1BVUBsczR44YMiiC5ZhuZv8eh0df86Wwf/wB/E1AXbTNyNQjBu9WqXHy7WtKijM24LakB1Ro5m6iNE3GKGnxugOdxrgL6WVJ8JDqTDhsi1FEJJDQGW5gBzQxLA4YIgiDjlp+Vle5EP6TjwZ/mc2s/ZZM9aoaAr/46eR6D+TaKpSl+BmrKzSbURz899cnIRl1DaKCuHXuwm4yHQsKqIWZr5fxAy1TJB/I4KaePqaarjHCymGaQyYIJUwcsArKn0Rn+Y5u5/wCKhsn+yHWutVlAKUpQClKUApSlAKUpQClKUAr6x06TTSZtRUTZYgnkCw508eOjhFSZImVCzHMmzZkfMMAuWLgB5jDjjZ4BAhYZiCZ44Y3vb7NcKkqOWRMEdvuJ5MbhB4R1JjPcjBfbUVO72TnI0HckHEFxoZ3IqMXNBllRIPmyYopUwXNBYjXELGAR8AxcAKc3d0hvjKSdv4U0jjiU1/YuZJrldqw6VVNf0dEe0WsJ1PBcLN9KHesmqjobTXPpYKgaxwVLxoakVWS7BDYG0kMzhYvlcXJMkMOHo/ecqyi7ERiRzHjaWHg9nk5DoSchNpsoBIZRV1hUOC3tiCVJEwBRc+xbMUS+OIQIYo2YYeWTXlp1i151M3R6ODFOtMMx3CUfJ/IeJng2o7bCa3ip43g44BCyVV00UBxUXIumMbdk64HAcU1tQEvkMeUDAueWd9Ts/wCv0O7SxE8IGn5jp8kxE/wEos8mQqnVcgmr5ZEXUtzJgB0yhKKUp2BLLiKmH+5AHgcBsymARjEUvmKCIBSRn0k/TwJrBzIY1X5Ky2owytZPB3iH04XsNVhk7NUsihurB3WdmT58WRVO9iAR3KOsTgij2UjFPusY5J9r546kRjS4wmbKUZOpFfEdyG2UV5Mh4t06GooTma7iTwFREW0o6Fe+BgkoEDIBkHP+DnbETtRMMBMc8MaPua/brVnj/wCN56afozbSV2S9hNfHFqJqDqGxU0Zwux0hvBkjQ41sEllkMFBWsw2GVVCNzB4cLG6saTiLSRDRx2LKYVFkpxPQs4eOviM1mjXaNfIM5agGCHI/JqU11SCETo1JKS075fdCOtKgIhgp3tGCM4Bm6pmiQxpPwwbg+ScOZJYlxREdWjLwz+nSNZIRH1ajcpVnSMJy2+/ya8wepfFKUhPHYsvJjsc8+u0812EwYcRGg43n3kkhk7LT1WiLyfcfpaczEhQVUJGMn8Fg0qmlVcJgpSKolyiyZSp9zlOMTa1RG/Z3nR8oka"
20:09:00.213 [Test worker] DEBUG org.apache.http.wire - http-outgoing-0 >> "xLGKAYcr3erhFGDTUVKAFBLB37kVBMn1BRUD5kmlIqKllDqyurR5PRUYgeVT5MoN543KElvPdnSyTeaiZkBSRMNk94Nc4B0OZjiAuEpRhorGK/JGZBaxJi9kVKXJ8kIqbfjpLZ5GQsxkYkpoSgM3F8mHV+nSlxj0kRRxs6cinzqey9weSaCI4knEgZEKiK7OCMjpGaGYFwvjfvXJaeKO4ML2zwzCU24mGcM7XAv2X5z9allx4dutfJIBM6StpJinsmQpB175CIU1ikdwEm8xd0pd1QVW9qq5x1MXIJKUUx+JLtcDkzSFSwY4xE6KyQu7Fyh8e4WASeeyL2l73rCQ4uPDctwN9UTlxBXdL9h1hEW0c6WU0lYSFOD3gdTVRLUSQoxNQTlAmOCbInSgwpY2WGCHAFECEwzv8Anb7a4xtNfHttHrYrNZCLx8u6zSI0G+gFU0mWSGmM3GKeMx4oICcGDiSTRmCvozdXGviABiAlH0JNEACtgWwwqj3iglpxzB0VtSVHYeMKayydKd4IlwOmRMhM8m5F5WbmgxiId87WvgXRGGmtlALh2yzxwBS8LY3xx7AYbeNbJ8xfEGq0jFqJL2usHiRk6Ev/ADB9r/0vh/2MRfWhfdzkh+ZO9GazPmFck+2/ji1x3P42aR6t/L0y2t3BWNJXi88l3x6angN0Dd7eEgEnvU13RJMFTnfFu69zxz0dCX/mD7X/AKXw/wCxiL62fUBnxb/SIocNz5rlrlIfHJy4a9v3aiT0SKIgN7HalMyHG2uLyotoKMrKuJ90zoAfPNxkBuRLW32fbqUvG22gD4qA6cLcYoAZsB305OdZuPAtGKXMOMmSBLM4rhtuwhrvALBPStPUuKqdcpiogspikTaaEMARFUCBYQ8srCMRMHjpZOImDagLiVqndnn7cgHSdXu4gsvDMKcOWsWLJSBQr3Ood9o9hC5sstGcghOyEApgNddeLdNZ3tbMqvwoSFLBZDAd+h37TBCetic/0/dyQ4XbztmvW+NHyKypQJNG7lldqsoFuuo26G4wu98c1IY0tpC25yACOn498qo62YIhdnM5a1FfrNdMQfn7x9QmQ41G5j9a9rtgjmpKzFu0+oe0+LTMv1va+7qQoLCUivtkkcDAp9zMQMo43i23IRJlyZ47mVLOINXMJyYtKRFNNp7fXzKZ2lvlyhav8eYkYtuXspLkOZJvVDKRC2uOv0fqEsz5KhsiIACdzaTFTTKeF3oXMGQCgZ5cWEUooHhMk9KGPngDJYHPVrts0yOa/ng1t2WisIlAcWcakYS6mgMabXKzmdtxPDxkVuOBsqeSZAyc4Vh5tuLWd40JakcXV/C4FiuR0kZwKKbtyTULunlldjZ48eazRXlt2HGTlHU3DWt56guIynrLfUJJieRTyrJ6ynP1pRYeViLzf6KqpkngJDkEjRIci03UEBzn1gnjYw3k5ac+vOqw1m+8YBEusnglHWCy1m+kJJaJq7zTax7HbEpWoz0ibbPS7Zx1IJ1zx1Cm78GDQc7pTQE0sfOKKjHRok5Xm13D3oTS1M3Yj4wlFM6Alq+aYSPXRVixC3ysZc27bwPzecvnFQ1tDF668i8f0nunZyfJhfiaahlaxZ9zkerBaN49jyUAWjMr4u4DDCsku4RJYgiCj4ORvnjp2yTZXPEtmlMzfj5VnhZN9wtqqlKUApSlAKUpQClKUApSlAKUpQClKUApSlAKUpQClKUApSlAKUpQClKUApSlAKUpQClKUApSlAKUpQClKUApSlAKUpQClKUApSlAKUpQClKUApSlAKyh9Mj/ABR7d/S+hr9SperV5WUPpkf4o9u/pfQ1+pUvUBP/AKN9+JL0H/N8/wD9t0n1d7VIXRvvxJeg/wCb5/8A7bpPq72gFKUoBWAPn0/pTXCv/wAOT/qKTJW/ysAfPp/SmuFf/hyf9RSZKA3+UpSgFKUoBSlKAUpSgFKUoBSlKAUpSgFKUoBSlKAUpSgFZPeMj+kv86v5vYB/VeMq1hV1O2IFgxkyY+5pZkLxO0ZjlEunk5NllsR0z0CTJFKJIRUBKKvt+JSOUdLuLpgBIkCngOBVUAiYRQqGWxDwLhWwio/tF9K5FR/aL6VztilKVSmXTolX4uzYX/xD9lP1YiGuoNR5ljTiS5wOUmCNvXk34MiDkYdrQ3B1em6TVQoy4mdTkHOO9WlFlCvteMFW4kuHBzSSqo4YC0pJoOJxj4AWEwMPBolVjUzEkHQrALdUWfBEPxdCjSV3Epu9Wa8SR+044bqo7FoImAsOhRRGckIyYdcSsCnkAVNbMlRVI+ERJhmjIuBYG2H+EwQLBmwraDZk/QvE84s8E1Y8C1JgjpnyY2gjtse0scDQnojraXgath/AsYxK2Gtj/Btn2PwUBlwnWXo95bufnjlY2qLqRpr1+4u0WU9idhJ2jk+WdEVJUiP8JBwY7CSXykDjNpzLeTkjaPwQ8UVVPF8wFh4XI5nhmU6yqfbA4+YmIIY5G5E0A25a6RqWmF43bsl677LS7J6MhRFsonKICf4woreU3AgNlCaDhbKkbPIXgxVdymOsLTdXU8piEP4DwXLN4khCFoBa1mNBMQxfCrKxNCHsWfEjAakcNbE6NjjgKcs32ckoyTY0LjhhiIYsU7rnjhjbLO9sbWt9GZNfYE2LbxVo7BwhEM6tQibuoEmxMkasyT28TP5YWDudKor2RVxNLm7h42wuZCLYDXwtbG+fa2tagzM8mXxGkyO9/ulE6/TVpy5UWXof0a0lfTP2VneOTwDii4+53+XmtHZsZkX6jZmmu6TpFSlBEWyOCSqn8DJxLeIJXHPNkrQhT8ZSmWIIN6WxNjymyVY2h5oGOMpvoRd1ym+WxHzbHWzrhio2SRgV12qiQliqpsqnnzJVOwNZGzBcicGCBzDLDZYarYnhSGoFaobFgyJIyhdkBGRDoTNidhNWOmqEcGxwwGNht5npSOkYGRcAw8BB8Sdhc8Q8Mcs72wxtbpyXtC9GdgnmPI096YanzdIRpPIJJl9y9rrEElPMylpQeQKYmjuh5s5aWxk9NCzzCIExD2RcmHllgXDDxyva4FFfPpyc8YDw42dl9eC+wkBbPTJNTHEY8Iw3Cz2aU4vLKYVQ8UDj11XJMA85g2jmy3DYo6wlVcMowxzFJzR0TJSWVQglH7ZeIGNpph7jC0bjLYYospkvszXdhIzsQnH3bFwtcIFPuK2mcugGL5GCawzWmKhNZTTh72HTTqQOni44iFssbd7xLorpHAThCd0Fac6rwq6wO37g54l17iSOHCD3UPIETuS0zmgjKQfdAcsgs+0M27cPLLDLs43vapUUApSlAKUpQClKUApSlAKUpQClKUApSlAKUpQClKUApSlAKUpQClKUApSlAKUpQClKUApSlAKUpQClKUApSlAKUpQClKUApSlAKUpQClKUApSlAZFOWd2sGCukHcWGxO8mJZP0HRYBf7Mjl+v1PGUoUjHbo4pyobEcTvyMgHENBVxk43DZki4lUMIFJHRkR3Z5kCEfqjgSesekKbP6ubeOXjZhvQCWYq2K5Gim70TvOFXRrc7GzKDli6Pk0k4TLpUHM/o9PLZNqNUw4xWI6D6KrqxMLNMbJp7GwQENtHj99gsgxtHctNRSYkqsFlyax1rEPBYZsgtZDebUVsAc7CBYqTdcZBSSD+IQlrCB4miYtsM7WyxtbK1r11NC2nmo+tqgoK+uurOuUBqquWyJqqnC0IRnFigplM8wxMyqgdYzYQjJ0tkICCJkAZFFCyzCDzvjfIPG9jTrHr6yQ32XZVSLIj+WjH6TN9PkgNjiy6SCY292JUgmBqLyXanIUKGZ4X7CJ8bR1sJF3iKnJKI/XML2xBtlzDTihAwwUlPMmlBln7isGjRdIarqUkvhfMxsJDPLDs7xocXemUlMvZI1bbpkbYbPPWFHKkSOxIchaIkxXRlE06Xw0jyi1wFJTQH27jZVFst4Gg1pNaiOod4qbwa4KjrKkaMY1mFpKbBluPWPKTEWrB4rDKkZpoD3aStiFl2wWKm3HMnqaOfsHle+QdjRMW2GX4cexf8ADXB4V1j1s1sIKiVrpr3B8BJa4KCOtJsKxOworILA5e2VgBlQmxUBCLqAoFs87AiGwxsw7Z5WwvjbK/ZD7T1qnng7wrLf0Zr/AOWvM3/4tmxP/wBEhVqQrq2MoNhSFc3mJDcPxbEucju5Rf8AIecZR+02Hm/X4sXtkrPZ55NVISruh3Kl7WuouRcueWT17WuZOi3tQHaVKUoBSlKAUpSgFKUoBSlKAUpSgFedDw7/ANLh5Bvzxckv7alavRerzoeHf+lw8g354uSX9tStUWXn+e0IsvP89oaqOkF8fsgcjPG1IUTQ0XsoTrFzyaWwkKIdzQJDNzPmOi64mnWuTPmBQC5NacbEdbzR2yOZHLErug4ihKBwinimjxf/AB0N51tGtk4NbZue9hIl1S2iZCCTbmyuv+yrzbsBPiPJXbhXBOfxYmiygoNbJZbNlwqcUE1RR8jeSYlHSJBzlm+4gVFEI3eVGmYtL9O9iFsu5tgNTtaZzchMMEEo4JigmLpNWyoJfDAMAIuqvVrLZ8AMAMIPAEMIxjiHgHhjhbHHDG1qXrVkR8/NkKsoK5e3tvRyLldeePqMmlN+i8QNxSE2v3eWMXYRZKdIGYBkwhx9A62WFKN5/KuYlkokMLcueLqoKiruZJFxabYLq7plAa5p+K9OY8oPtX3j1/QQIcXH02X6zXK+0psywnOKPFhUQV1FTYfcAqZJjiUDiokGyzYCb7WUrO3sgCNvNSDHwyvYyyWIyI0bCUyY5ZrVYDMQgblkRpMlvJDVbCOXyzyEyLpSChEyCUng5CZ5iXCKFAQ755ZZ3x7bK979CyPo5pTMb5wk+XdPtW5UkoMQsKHIcj6/RM+HyGKTxwwJiYO1zNJUX8BCuAYeBbPFQtkBiHhiFfG2GNrL50Er5bP9oZxujxOwnr1odyIcp20BNYhqG9qNs5o21TBVpCWlJTIQeXMZGCzxsjIxBRW1EmoORcdiel4ppE7kqkEQusp1zSaqEzIvdvN3y7aGrfFlsRH0CbQQnsXMG2MaGYHheJ4NkRtSjIbnWZezKtM4YMM9lqKw4UABCQ1VVPGrOJOSxBFkoUaYQQjlVCCSY0yBpyeCnhpIJEmElhE8E4JNDLA4J4afgDYtgRDJ44WL4E8C9rF8C2IdgcQbWCthYO1sajIxtF9JYwkK0txrp3qxHkrWMDm7SaxtfIlaUhWNmrZ2MmrPRAaKe5LGDFhBLDjWUu6DWEzsJll2+XZDP98HVHFZr479VeOLS3X2Qil02QIz17jxIfiRfLATJDep9GBXXYgZCh3uGPmgL6qoI2ZgO9wzGRG4wd74CY3qf1KUApSlAKUpQClKUApSlAKUpQClKUArLpwPfjMOkcfp3s7/AM72HrUXXVzDg6FYsc0jvWMIfi6OHlMa8C6pddrDj9ptBzSo5y2aiKXccjrzeSE5VfC8AIsKwgKw5jaooBZqijngYxyOmbigdo1lv6M1/wDLXmb/APFs2J/+iQq1IV1bGUGwpCubzEhuH4tiXOR3cov+Q84yj9psPN+vxYvbJWezzyaqQlXdDuVL2tdRci5c8snr2tcydFvagK3dwuXaKdEN2tddYNnmCpxXB2yLNW1Vr7sut1pyPBzckFEFWQzEYvHI2k44N9QwsSQBjziVF4kipJV6N1RUcgErBZUEmlLkZmnXHcLnD4Ti/Hs/45nLZWJZgcjx2XlTXhfQ3wmNXVZPPsc0423J0kMc0ooBomZaIcpJqYhKCyaHQcHQcSTICcNIaOUXNcMmxPFk1NI6wZkjSP5aYikIEMosqTWa3X40j4wFhLACnW46k1VRzQgNhRbBCDkxMg7CCWwva2eXZ4TCmrmsutRZVJa566QTAJNdyCyXCkKRFH8VllnIDLLIDJVAYreQQlHIHLPPIK5zAa4eWeV8L43yv2XFtZTyzaN9l/ILRWe/hsy6BKLH4mekTbiL+0TjSoc1b5VIgjF+w9Or3NYIMXEZpiJNSUNxsN3vpSEAbTZOZnzkhK45paUCBZKLOSPwT1wQHKUO5fk8g84xby0ctvE9p5pw+mvsGwdPJytu7tvK0VLZB8xSxEaPFRqKzJaZx/tg2ebhlaXR24stVRLJqkaEIrL6aqb3UNQxWgEvVZKsNxDOrSMMGboqjeY2IcMAmzbKlVjNiQmkaNl8RMC5ow3Hclq6OOYAxGFxBGFJ5CBYiiWwyxtnla/48N69QFrogG2rr5B0PwS11AzgdPtuG40ZcYIB04FiJiEbNo7JRENOMmQ8RRccBxi+YuGIolsc7WzytckMz0EhLTeMrv6MUnTiv5KuO384Oxv6uRDW3qJf5Koy/N8zP1cTaxC9OK/kq47fzg7G/q5ENbeol/kqjL83zM/VxNoDJDxhzAx+AXZ3bTjM3nWgIK1tmqf3LsloTs+9gxkyD3y13eQRW4ux25ZGHws32O6ms3WwxsFIo4zaajpa8Rdoimop5JdYx132ecgnO7rTAEfprG0he8Xb8byy2qJbS151tgB2EZsstONVNA2FXJEOROsqeLXaiKld9KghUysJa6vZ4lQUwMBI8MuNCuqkWMI0mBrHWNLUeMaUWSpZYZqLPkVpID2ax/MPATAPM633MnqaSaywwGFwwyHKCXxwFExxva2eVr9YwvqHqdrccUlHXfWDXiBFBZByLq56F4VjaLTiqXyEwFyAUjLGbSEOeByFDDEyCNZi4XEDwzvjfLHG9i5p0I9JtBIaMkpEczHIdCuuhbW2LOQ+ZYE1a2nm6IhJBVGgsvMRvREUcKFdDJvdrNqWHqISaJodCW14BHSi6q4yqq6bkzighkjZXC9sKC5xmeOOUzpF/HC3dQnegzhEHHCwZVmTYSb43Ui7si5vOF7FBQkJnpz2SBDbacCkYXW3HyVYVDUjxYQ241ksAYHNM5zF0vVtLcHwrPzX8SJ3iCLprZffWB7xQluP2nI7X79DwzDDOeAHikrKT30GGIIHgY707rjhnnjjnbHLK1/rQ7AUE68Nsdm6/wAKxLBjQMnLqBlqw7HDOjJtmD9w7BXPDobKRkRMFOXCxsHcyIVyG7na2Hb9ra1qZmdwd5mQzTc7R8xqDyWcOXKg80VdNa1wI/JRgzYp6IiOpLIMUI0wot2y2Hi4CqSXNHfAXeTufBwXMEAQUY03CyISBOrS+jpxy22Xeajiyh+FnBOKlvXq+8G8jtk84klsRxNkdPyRXkYLEMzhRstNgNlwqTsU3KojWCTsUy6SDmmGxuyu5JZYubHL2YriEiOdHU285EdKcKAtEjCasIa4nlFZHVk40HkEaIKaYfBMEj5IyFlkEYKmgBQBg8ssBA8sb3tURG7xvcd7QdJd8tPQrS9rvUodxUijwburcHIjpLKOAthsD5dwJrFLKwJ3AbHEXE0GbxHxFtYSwlsrWvQZnoqN6LHAcowzxfGH1LTVPslx7ZbKS9tYlthWJGk5VINJ+JbFZjYOmyB0EA0AWcabHIboQRBgsO/2wtoioFbuB4K9aQqf7P8AZSgFKUoBSlKAUpSgFKUoBSlKAUpSgMunPf8AjE+jn/8AiHmP1ngGruORLc1o8fOlmwW3zyIYLJKHGOIpoLbzMZFbO5+r6kntKOWjmZwtmMULOV9rzeSFA+ACYFS0w2dVLFxsSWYeUgn9B0Kys4o5eEow/F0ku2HnFd3xI6H9H7TeLii12XFTx7uiOVtxJCipshxXGSUoa622TSYpXFTE8S5ntyZa4f8AtLcLw7PzKOxtO0TxpNcdKRtPUFFgy2xGtI7KPn0k1gdSjp1qvFKWUI0bTDoYZtPMjkBBiRoPAwWzDFxxzsBk/wCH938aqDmR5P8AkP5JNE5a5QNl0Qs+l1UkjbHX0pbU1mOkjmO24Kitjq8h2xjRXbDVPgITv7mSKLqAZGV2CQFKJRdcHc12XITrck8xnHq5IT1e3PZrFjKd1ZEzN7AxEVb+wLIfTHZLvM4utkpSgz5EbCSqpqk6m7ihuM2jPTsADoSu2VUqbLmFdOv215J3iy9GnoB7G+uvw5qYMYRTF0IsVCi+F42YMRRm1sVDBsx3GDObzBYrdwV1Y+vKuKE0monJKAkYqa6qKa0oYp6eXsdVlE+ombCnDhgYRnoTnT2n6YUOfPSzkW1l424cbs"
20:09:00.214 [Test worker] DEBUG org.apache.http.wire - http-outgoing-0 >> "z8lDAn6AGVsLrpGcfQe0NEIp19Js00kIzmRY+WE51tJ+uJSESGQlJeSeA1MyWJFULjhWMmwrk8LCWV86uqu5Tc4y9VdgXhJ3z0to+NjbtkbcyJIrUiBHh0SQIybrudJ5QETInZio4kxv4R8kqEc5OA+nnVC2bYY7neSiEW7sdsU05y1CMLz62CzJnaIowmpmE1xNc5Roy0wWpI7YKuRGsYsjuEsgPFJWUoBcSrGzVk1WCKYnyNjJixUwF3YTtuzr2tla+OVrZY5WvbLG9rXte17di9r2v+C9r2/Be1/wAF7UGejPFvPzxcd+HGfLkxwbtBFEnyfNEGuZnwTBjTeKEtTsoyvKDVNthpN1yxAmKBp+NQdrr64UNvbw4jEA0kkQMBgjmTp5FLqX0tMtTXrpP0axfgKTUc035NS9CNsn7ISAoB5AqjcdUvtGXZWONVZL3yyxLLTPKvEm0lcuHftAVBDMY9sJnbMUS4Rp6L6SsOR/liY2nerDMlyx4RUtKbT18iVuyP4TFE7qKo+PCO0Sbm7+EF/jRDfhTvjMT+HkJfL8NfkchH8wfeD9EHZX9jD1oXFkvqEDL/ANCX/mD7X/pfD/sYi+taWyc6tDWHXybdi38LiEzYOix9Sm4cO7YADHU5kNxRcAiUSzzxz7dTWMyOCUlFwwxRjakcKlS4Iw4wYWeS3oS/8wfa/wDS+H/YxF9bCJGjWOZhZTgjWW2AyZSjl2FQiLpYEjNVCe7KcpIA2XUACbgarmIKaEslQT5ModCLqJAyCGbKlzOGFhgAs8RDOv0WuGneR0NkndiXMLmpu5Htk5Z2beq0YBzAUDiBm6FZstouNgLfIXwebcBJ/PhFyEEE7dNfYIoedwRA6nVuFy7RTohu1rrrBs8wVOK4O2RZq2qtfdl1utOR4ObkgogqyGYjF45G0nHBvqGFiSAMecSovEkVJKvRuqKjkAlYLKgk2mspksyNmi22BHTRbDBYbORiDdaLJZSAlNZotVvpRfAoloTbbaEUIIyGjJpUMMsQS0wkVJEy4eAJcAMPDHG340mxPFk1NI6wZkjSP5aYikIEMosqTWa3X40j4wFhLACnW46k1VRzQgNhRbBCDkxMg7CCWwva2eXZZ+zHrTf711jrBoNke5GZp1x3C5w+E4vx7P8AjmctlYlmByPHZeVNeF9DfCY1dVk8+xzTjbcnSQxzSigGiZlohykmpiEoLJodBwdBxJMgJw0ho5Rc5RuFIUV619J5gad+Qo+jtPWJw6QmmVpjLkpYYAwpGs+lHSEO4zJ1zq+F2mynSVJmHuAoL6oORFRsX0wFJSPkCRlHPFdQcKauay61FlUlrnrpBMAk13ILJcKQpEUfxWWWcgMssgMlUBit5BCUcgcs88grnMBrh5Z5XwvjfK/Z5lKEQxNN7UMsOaYvjuXmMdGCMnGZKDKbT/ahswDiJgCOZbrrTFZHHGBwFFxCFFJ55h4iiY4ZWtnla7fWXiX1iQF4uibaNBFaSRb6gZF+YPYzW/b7km4YWRx4yPHU+7tx3t813o75I1zcCFIYcb60EVRBOSGlyhILDNKaTk0zCXgquBUaZ9WULprRTXlkopRAo8C4Lk2WV0FCeqOretXhX5uWtcAwB4dDwBW/kThyO4q8MBBi2GDCVfEVuIPhAPAbHEXDA33bHEW1hMbWyta9d+0zM1UZmtbqrClKUApSlAKUpQClKUApSlAKUpQClKUApSlAKUpQClKUApSlAKUpQClKUApSlAKUpQClKUApSlAKUpQClKUApSlAKUpQClKUApSlAKUpQClKUApSlAKyh9Mj/FHt39L6Gv1Kl6tXlZQ+mR/ij27+l9DX6lS9QE/+jffiS9B/zfP/APbdJ9Xe1SF0b78SXoP+b5//ALbpPq72gFKUoBWAPn0/pTXCv/w5P+opMlb/ACsAfPp/SmuFf/hyf9RSZKA3+UpSgFKUoBSlKAUpSgFKUoBSlKAUpSgFKUoBSlKAUpSgFKUoBSlKAUpSgFKUoBSlKAUpSgFKUoBSlKAUpSgFKUoBSlKAUpSgFKUoBSlKAUpSgFKUoBSlKAUpSgFKUoBSlKAUpSgFKUoBSlKAUpSgFKUoBSlKAUr6x06TTSZtRUTZYgnkCw508eOjhFSZImVCzHMmzZkfMMAuWLgB5jDjjZ4BAhYZiCZ44Y3vakd3dIb4yknb+FNI44lNf2LmSa5XasOlVTX9HRHtFrCdTwXCzfSh3rJqo6G01z6WCoGscFS8aGpFVkuwQ2BtJDM4WL5AXg0pVV3JrzB6l8UpSE8diy8mOxzz67TzXYTBhxEaDjefeSSGTstPVaIvJ9x+lpzMSFBVQkYyfwWDSqaVVwmClIqiXKLJlKAtRpXBZOkxgQxHb3lqVHYjsWNo3bC083w8XAZsURm22G8RGUldWPj9rnn3EoTLiiWCADGMmBLYFyoA5kUIHOh0PpKemYTaTJgXdY+R9p6jLC8WRE3eVyagrRTVA0AdVsEIg4QnkUdp573bygrZ2TiJr5O+/DKjjmlhp91QPMliBocpXScibBxjHOuL62rNreDohliQm5tgzLjZg6ashuKMWuxD0jjLbUMjKJBHVsFdqkcjyEOKrEk09iYKiZqJYqLczhSmxukONOTmc2ZDjjiJ5yn6wXojEHG0HqztFWy5Go6W+qgYGkxcbzgR55OJSykKJUQMyQUk40YJmy4mAxcYQPPHK4GhilfkN9WzXkBDXRElXQBFpITVbNCcJYAmvouaiSAOZJK4ULGjpYqrpuQ1yakWLnTYAB0EcII0YDxxFz/XoBSoF8iHIbEPGvDTKmeX2FNEoE5HmhjwCw4+gBpt18Sg7pLkNPcqk2ERvNhyvJjFVYc6C1VQIMmRWB1cyauVLJyWeFHviHGnXzl/M7AzMwYctxXcxUJ2fiuKk5SrsHpkkxtDTKwBTjqjmrP58Xl5Zu30i+BHIoEZDSj45hRMkiJcqKOaDxoC4qlV5b88nurHHMlxyFOai+3VJkzrgrahSAITZJ6T52l5cLilADBFjMNOMErGMAjSgnEPCK0qIqUMqqKejlTw6seKEhultTeaPVvaPYe+orijfaPTzak63hna1Nft2YVFg6RJAbJUocUDiwxAy7jd7dcAZZOT1BSsn4OABYOpqasKKYmniKEuGE0C3alQY3t5E9auO5is53z6ru1ScMousNhwxDkVNFQkWa5qfAnet7taM2ClZgmVo8BY8QwOHj51JQiRtTRUw4rgKq+hEVKNOrfNLrTshsUk6jvWHdu9K9l3a2zbujWG944Lzg10yy3U4qcOqihG5gk6Xo3l/NOKJymYGTRlsgrGQ0launEDt0JasngW+0pSgFKUoBSlKAUpSgFKUoBSlKAV5z3Dxnl1uHkDt3PO/bTLyT4ZXtcPsB44zSs3sJn2RLXvhnfDHHGwdsxLZC4duHjjYTIP0Ya86Hh3/pcPIN+eLkl/bUrVFl5/ntCLLz/PaHovUr65s2UTyho+fNFyREkXGNnTpsYMsUKFCweQxg0aMDZYAly5cHDMUYYXPAMIPDIQTLHHG97UbLPSAdT3A8ng0NT9et9uRApHqqaQXxIGiOrynMcVt1bJY45GEu8iOF0x+2l4bLHLtyBhqHF9PWgbWMoZxSK5hj50pejSq5NFOVHUTkJPv5nQs4nm0JriXO+Et63Tkx1eJdgI07BoIkIO5Y+X75iGCBY8YKkFFVbaivpSQpHCKWrnSCkdKlBrG6AUqvzRzkhg7f10bYNKHGrKzaUtO58cWusmjyYhtBGJLr2bKitJh9UYgjWfTyHU2sMOhG8yh1wFmwrCAiFshkMvnmKGD/vx+cjUI8kLOm97Qc1pUaqVAewT21ueBeVkRooagpPlhpbdVldVbQTQfD6LHGoZLOYhgmnlQ2jLAw4JvE0hEwwwRTAE/KVX/wAlHI9B/FprkHs9sC1ZWeDBFkFrxtikQ4htFwO+y47Ca4eTjeRB7PmPUWySCEgHMTo9l+5wMQUtYAgZxzFzBsAoBSlKAUpSgFKUoBSlKAUpSgFKUoBSo/bI7Wa36fR0dljZ6ao9hFgEu64Yrz9cJNIuqnAQu7ZJLZSb5CrbtXxA/wCEWbzXTVdcN2/AVTxr/gqG3Gvy96ncrJ7YbDVInK46Brm4WS33A8JFZyUzUJ7WfxZ1m0FYYJLF0qztESbBM9T79xezYZCuXyGI2wSRrCj3LAWlUqvLfTk51m48C0Ypcw4yZIEsziuG27CGu8AsE9K09S4qp1ymKiCymKRNpoQwBEVQIFhDyysIxEweOlk4iYNqAuJWuptRuY/Wva7YI5qSsxbtPqHtPi0zL9b2vu6kKCwlIr7ZJHAwKfczEDKON4ttyESZcmeO5lSziDVzCcmLSkRTTae318ymHzLzI+evtC2alRe2s3V1T0ej0WUdr52j+EmfbEz4OGdyvbFecxknhgKZTWUzkwJQeD5WAg88Bc0ZoIS2qYg37tkUsDjlnjHfjS5UtauVlhS1JmsKPKxBmxDKAsVKqpKTXQGmI5lXBBTHGAvNRPSHc6FHJtnE1WKZF83OVbC/gP3UE43yt8LXyFzr7QsppVZvITykxFx1OTXJiPaDtptiZL2oWpGQ4gizUuMm3LEjrZmK0duLrwG8UluQGKpHCxFMdCaZt4AwXDIYOBwydLEyha5jL8XUPlDMbcS7jEl+OLlM1hwu2VtzZyjt5qmlwxEQWKLmRDsg5O8OUHOOI5lfM9hZERy6OOIdwLHhsxAACYwuIGY7pxd7/JZx2Y9rle13/sfe+dr49rjfFuw/a2N7Xytn22dsr3xvjhlja2GXb5Y3vhbPb3Ed75RRGN743wvePWXe+GXa3yxvdtpt745XwyyxvfH/AGX7XLLHs2/Ble3YvfEN04r+Srjt/ODsb+rkQ1t6iX+SqMvzfMz9XE2gOwaVQSL0gqHVudNmIAhzj75S9lnTqZMbug6YXDrrrhF8lMtLeTRc7kaogpVUL7BJyoEkL51prRxtiryIhKagmlchzCUSGwHLA8+h/nx0zfU5snWqco4250KmyTjxVKjBk746+K0DXkNYPHC5AglNlyALjwaOZpRPGypBKEVV9LJK6mbIpKWbOKqgQJGQLuKVATazkZhLT/ZDR/V6S2tKi4/9+n4+I8h1XYyI0lNnttaYIseArBqS1BffDZWkdLM5SWhXTB2s33kbGxKK9zRIncAnY/PumZ7DQfSKemftBSq/NHOSGDt/XRtg0ocasrNpS07nxxa6yaPJiG0EYkuvZsqK0mH1RiCNZ9PIdTaww6EbzKHXAWbCsICIWyGQy+eYoYMWZW52tTWnNb816gGINyN/ZXiZSHRJdQ9DdeVCckeLV0qYMlDSI83souNkMcqolDhQ0nnMExxqgBJXKm0I4OAuEjiaXAuppVTGofM1qVtrOpzVQ02dhdVNsC6MYcZDWXcyHVKCpdcjfJlTR86qtNPHVHE2XKGVTyJ5TuQSXQZWDKMQU14gnG0NKU1EnbPQClKUApSlAKUpQClKUApSlAKUr6x06TTSZtRUTZYgnkCw508eOjhFSZImVCzHMmzZkfMMAuWLgB5jDjjZ4BAhYZiCZ44Y3vYD7NKo+d3SG+MpJ2/hTSOOJTX9i5kmuV2rDpVU1/R0R7RawnU8Fws30od6yaqOhtNc+lgqBrHBUvGhqRVZLsENgbSQzOFi+V4NAKVVdya8wepfFKUhPHYsvJjsc8+u0812EwYcRGg43n3kkhk7LT1WiLyfcfpaczEhQVUJGMn8Fg0qmlVcJgpSKolyiyZSrPlpaRm2kKbgcSsmIKCikTSosra0fKpaQkphEHMwdUVNSPCgEyBEmXDEHNGzQwRcuDhmKKJhhjllYD9OlUkNzpBnGvI28MS6DQdJDp2ElqWnEstUq+ocb6Uvwa0lxEQVdxjll+TFpyt0q4SxlORTViipFSbJCTc1mCWNHiufd+4W0TbLbUgGGJdnZ92UbseFYwf0tvKyQCUMK12pHDUVni4rJZdQPJhAdRukIxyxIE6pJ5QUz3LAyeKA5ZjhhkInZ9Q/5Cr3x0E3iytjlnfHT/Ze9sMb42yzvaF3re2ON88sMLZZX/Ba+eeOPZvbtssbdm9qp2N0hxpyczmzIcccRPOU/WC9EYg42g9Wdoq2XI1HS31UDA0mLjecCPPJxKWUhRKiBmSCknGjBM2XEwGLjCB545XtD3nVs17jo3EXRElXQBFrSrYNWzQnAWAJr6LmowY7jmSSuFCxo6WKq6bkNcmpFi502AAdBHCCNGA8cRcwMyvQl73+YTthbtb2tbb0W9s/4Pa5XvDMY2vja1sr5dnHtbXy7ONsb2zx7XLK9s7Y7P6xg9CX/mD7X/pfD/sYi+tC+7nJD8yd6M1mfMK5J9t/HFrjufxs0j1b+XpltbuCsaSvF55Lvj01PAboG728JAJPepruiSYKnO+Ld17ni+B8Fk9Kz4t/pEUOG581y1ykPjk5cNe37tRJ6JFEQG9jtSmZDjbXF5UW0FGVlXE+6Z0APnm4yA3Ilrb7Pt1KXjbbQB8VAdOFuMUAM2A76cnOs3HgWjFLmHGTJAlmcVw23YQ13gFgnpWnqXFVOuUxUQWUxSJtNCGAIiqBAsIeWVhGImDx0snETBtQFxK0BYbSqmdRuY/Wva7YI5qSsxbtPqHtPi0zL9b2vu6kKCwlIr7ZJHAwKfczEDKON4ttyESZcmeO5lSziDVzCcmLSkRTTae318ymdpb5coWr/HmJGLbl7KS5DmSb1QykQtrjr9H6hLM+SobIiAAnc2kxU0ynhd6FzBkAoGeXFhFKKB4TJPShj54AyWBBFcsUpVQervNNrHsdsSlajPSJts9LtnHUgnXPHUKbvwYNBzulNATSx84oqMdGiTlebXcPehNLUzdiPjCUUzoCWr5phI9dFWLELfKAUpSgFKUoBSlKAUpSgFKUoBSlKAUpSgFKUoBSlKAUpSgFKUoBSlKAUpSgFKUoBSlKAUpSgFKUoBSlKAUpSgFKUoBSlKAUpSgFKUoBSlKAUpSgFKUoBWUHpkmV7cSDatbDLK2W4EN45ZY3wtYO3iPMGXb59tlje+N742DtYO2efb543vjbC2eeGr6sofTI/wAUe3f0voa/UqXqAn70bvK+XCVoRe+GWF7MCQse1yvhe97YzjKOOOdu0yzt2olrWEwte9s7YZY2Exwz7bDG7+qQujffiS9B/wA3z/8A23SfV3tAKUpQCsAfPp/SmuFf/hyf9RSZK3+VgD59P6U1wr/8OT/qKTJQG/ylKUApSlAKUpQClKUApSlAKUpQClKUApSlAKUpQClKUApSlAKUpQClKUApSlAKUpQClKUApSlAKUpQClKUApSlAKUpQClKUApSlAKUpQClKUApSlAKUpQClKUApSlAKUpQClKUApSlAKUpQClKUApSlAKUpQHCpKjlkTBHb7ieTG4QeEdSYz3IwX21FTu9k5yNB3JBxBcaGdyKjFzQZZUSD5smKKVMFzQWI1xCxgEfAMXDJpy06xa86mbo9HBinWmGY7hKPk/kPEzwbUdthNbxU8bwccAhZKq6aKA4qLkXTGNuydcDgOKa2oCXyGPKBgXPLO+wCsunPf8AjE+jn/8AiHmP1ngGgNMb4ezTjVlu6RX6vprUYzCbK883k6FkexVIbjVbCWaW3Auqhm9r2AT0lJJGz5wa9r9zLgCZ9i/Y7F/OY5Qkt57s6WSbzUTMgKSJhsnvBrnAOhzMcQFwlKMNFYxX5IzILWJMXsipS5PkhFTb8dJbPIyFmMjElNCUBm4vkw626crGjL75HtL5B1DY2w5zWfGTlhp+OL9JMTKQ81hkoCyEuqrGMIQTzYRrBPcx4ilYKZks5C/diBMwlHSp9LUz5QXJbz56Wci2svG3DjdmfkoYE/QAythddIzj6D2hohFOvpNmmkhGcyLHywnOtpP1xKQiQyEpLyTwGpmSxIqhccKxk2FcnhYRvCnSv8e9xvCnSv8AHvc3RzDDkW7Axs6odmtiNyTIufBMsnu9iu1PDVG44iRJSJK5UqqJ4t7BmgQFNOInQ8M/wWMFQc/w9r2Ky588fIPBUKQE5+FOHoeyYz7muL4+1+Yb8lbJowPpJCUYqyO38SR8SY3yuJqMZHYbLJgF0ZvN1MN3SFMgHcY7Y+lFkZWujlGX9n+Ovjjec0zaaXOSad4FQVp4SEpxhHzY13W5KapmQDJowqI0ft"
20:09:00.214 [Test worker] DEBUG org.apache.http.wire - http-outgoing-0 >> "/J7oDdAiuNlYsZXsSIiiZW0dkLC/YLFTP3JWrN3u5e+I3bXhwnt6vafoAdYM0avO7FA1vWHwz12eEScVxinMmUysItsau+EeQ2NJRhIyKO0NBIpbfMphd+lVss2Ay67kzbqPoZB38My+lRTnPIvHa9pV0aWToEaKycl1djTRWItZwHGzSR9bxfODsAjyEnA4m2RT8Dh0RtHUxyqy0Rww74DTWrhiIZGyKExh6j3DXMVIfHtphp+Z2G4qdxYg0OjuGNeoUx2uVFmLVZdb6cjMlpx+iPp/66N9cUJGj5qLaiWKjljLtPpy4fxUiBQijKDnUyDfN8+1D2a2b4tujkalT9Kes0j7FP6HIvS1GRYrAc47KfrIgdySA8TrFcx/BRajtUgycZRUqxuWXW4OilB2y2QD59WMpCe1lLuXz5heWrjil/h+2KJxdstDM4O/aqETEawfDDFeTfdsxuCQJNCIJbZLnYnSjp17thXYaqoFV9yl3IiJJluKKJikGbBuM0kph46J4eDW2jZH8BFRITZJetkeUkfdYyNJbNeDXkNoNV/sddTXQy3w20N4NBzIxnA4kOJruZLKrTfXUo2H/ANJquknSigRM4fwBypgIXH8GVq5JVf/FPDcja+cbOj0LS6UOpkmR1rRFDeeqEpX/7xa68C1SBg2zz1uzfHA2zrmMWuYDDyzCDFSMwwRBAscM8rAKAy99IhkJzt3YfhMbyLC0wT2mIW+Iuxx2OoYaWbqdLkc2vSY1RmA3AbGzKc3EsdwLsgDl8T7mWEtLJJBVfVzRjwcjqWQcsIm5qVZP26ifS/ffRqbOPeU9jcjRbWtySA/Y1mCJ5cXSohYGzKBkiMTw6Chvw4YPpZAm28c1mwaurIyMrKCSpuBtFlvvLe3lVaHHnszqVGOwkVn2zrBtAecTTVd1VJ4hpsZQnJaURUzSGzJFRLtU4Cmk3QJigXKOlXeDfTSiWecq+MAKkMJxmQqWubXYGCuQna/iB050jlKP9jdgW9vOwNi3Y5oIdjfk5Mg6GY/uUMu10PB3M06sIzeCFJmAnjZNEUfCORBjAmzRIK6k2fCyEcjCMGXaboiew6ZvCMGXaboieztWHkglsV0tPb1wSCCGvAaD6JxY0oVJn8cRwmk4ZYbcVO8+vpQYuF8S5vwTN0ppggwVri5Wc2eVzGPcAgcf70pBIKRI2uL/fFpABJ0zaz8jUOtxAcRW2JZRMMd8Jbmejlbhw0EHkKfSj61EzbAGSzdhyWZFRXAbgZBKJ0E1+FPkgNjiy6SCY292JUgmBqLyXanIUKGZ4X7CJ8bR1sJF3iKnJKI/XML2xBtlzDTihAwwUlPMmlBln7isGjRdIarqUkvhfMxsJDPLDs7xocXemUlMvZI1bbpkbYbPPWFHKkSOxIchaIkxXRlE06Xw0jyi1wFJTQH27jZVFst4Gg1pNaiOod4qbwa4Kixb6CXlURbrBLYpwbfnbdJYHScoXFdETSnsau6y6EGyurGukRt8Byu997LTO4lgBSPIoSuaJtxq9wi5zqq+836vn09HabMjQRcFEHPpRImdn0i8n0SvPe7VXX7lQ4rlvTPZl0LSv8xaZJsyg7ZJmYvhXOIJU2gxtOLRJm8I5kVxKZdnpfejTGOGQ1w01kxwqiKYVG5dSjnu452Rxz9I31o352IyLM7VTbTUJe1WUJ4cBTKzIiSdUBXNKpAJ3L2AIhZqEl5tozNSyi2pilgLJy87lIyKA3Gq5VFN6w5utj4C5IdoOJjR3RmT4/wBlZ9R93mDsS8ntA7pQZOQILh1hA3xdi663uzTqugpGIxNQs9TSUApjKRcjH5YdSJFR1dphrL1nm7p0wXTR0hekYyilVkxscpSlAKUpQClKUApSlAKUpQClKUArzoeHf+lw8g354uSX9tStXovV50PDv/S4eQb88XJL+2pWqLLz/PaEWXn+e0NA/SudgpGhPinNsWMlc2gLW2mwcX6qrKyRMiEjRZnPVBf78dad34DliICnupKjMVmL4eNs8TzccaunC4ZAHBexexqxrZF2n+vMRa1Q0309uR5D7IRGcilSBIuSEUx00mHirudY73wxsecrtWLnnK51YxcU6rryooKR0cY0ZFFyrI6QXx+yByM8bUhRNDReyhOsXPJpbCQoh3NAkM3M+Y6Lriada5M+YFALk1pxsR1vNHbI5kcsSu6DiKEoHCKeKaPF/wDHQ3nW0a2Tg1tm572EiXVLaJkIJNubK6/7KvNuwE+I8lduFcE5/FiaLKCg1slls2XCpxQTVFHyN5JiUdIkHOWb7iBUUQjS42/Hys/CTiX+PLVRx7vMzkSNMJRTtrWOwDcZp79bjvdLYT1xqnE9cSMi75ajfVU5uP8ANF0hfNJhI08k9bzKFCDexAxwEa7dETJtVQ5BXL29t6ORcrrzx9Rk0pv0XiBuKQm1+7yxi7CLJTpAzAMmEOPoHWywpRvP5VzEslEhhblzxdVBUVdzJIuLTbBdXdMoDXNPxXpzHlB9q+8ev6CBDi4+my/Wa5X2lNmWE5xR4sKiCuoqbD7gFTJMcSgcVEg2WbATfaylZ29kARt5qQY+GVwfLQ44KkOjR/y186v/AIpUt/rZItfo9FM/m/ck/wD4rex/6kxJX7vRa46kFQ1v3L3TfbSV2Mn7/wC7cr7BRkgLhYQsomoxOm8xElyXwEtbO5JVcy07k9MHt24CkQQy60RGMpqoSMCxt4ZdloN4udteVHjq3ak1mayPBf3WfWz0COqbHCmxswJjiaVS4KciKrTe7sMpbTzPWQWs0z9kwdWANqBtcPoyTZSU2u4yqVGi+yLvumRDRfZF7/n0d1dMW/FDE/0roW/V+S61WVja6Q1tLr5yXNXULir0jluPtop9nvb+MXK8QINc6PKrYiqKGckO0g6nW/HWyDa230CyYK6CK4fJmlGxpMaiC51pWBIlS5HI/slq5n6Mz9FKUoBSlKAUpSgFKUoBSlKAUpSgItz/AKS6l7VvGIn9slr9Gc3ueBzrkUYnNSU3gHUnNE67sUOy+YBbypkO3FbM4I2UA0BZfSVXBNPpJJRS8SR8GxmqEeBUqWI8k/SMCRIuATJk96GQVKFCoIZcsVLF1fYUIAuXACxwCAAACwwCBBCwxDDDxxwwxxxxta2pKsunA9+Mw6Rx+nezv/O9h6AvsmCE9bE5/p+7khwu3nbNet8aPkVlSgSaN3LK7VZQLddRt0Nxhd745qQxpbSFtzkAEdPx75VR1swRC7OZy1qy667bNMjmv54NbdlorCJQHFnGpGEupoDGm1ys5nbcTw8ZFbjgbKnkmQMnOFYebbi1neNCWpHF1fwuBYrkdJGcCim7ck1Cu13C5dop0Q3a111g2eYKnFcHbIs1bVWvuy63WnI8HNyQUQVZDMRi8cjaTjg31DCxJAGPOJUXiSKklXo3VFRyASsFlQSaUuRmadcdwucPhOL8ez/jmctlYlmByPHZeVNeF9DfCY1dVk8+xzTjbcnSQxzSigGiZlohykmpiEoLJodBwdBxJMgJw0ho5RcSf48Tb5dvDo36qrTbSqoqQ3SGniY9HtRNhZgi+e5014i6XJahdJWESMHbILZKunNpkFxRT1c13oiq/fTdOHiSqmF1FvqqqkH1VqnhVI02DqQMsK2Z6hfozGOOCnzNYYY2xxx5a9iMcccbWxxxxxMBWtjja3Yta1rWta1rWta1rdi1akay39Ga/wDlrzN/+LZsT/8ARIVM9SGepHFOUmZZPY3P5xnqkfaszhtasQFqNsXIEex3EiakESirJM+YPWIzGLjkR6qCJHrBQ0JtNLFacjjX1b/uYARCvYiZNKyUENY9p1zDJk7bZrmgm02q8uaGboFWaYkdlxLKziZ7+a0uMMmGcHUViKpUYw/i28DaUUS1g+oEyBW5HIkhuERJWFYw2HQVROQzZy9RdqxyLtvR3bFlE9c4tlGHxJGgrcqR5GTEWGZNeBA2llF2KDoqq3UpAYjlSMxF7uhpffwuImZNqACECw8htcMeo7YmXYs5CukZcXRTSp5tmbE7RmOZxkbaecIjV055x2zG080NQS2wwFWQG6MfQFBUMKwGTeGS01SPYFD8l3Thcwj5Jyl0o/1Zko22rxhMOkdZJZYbJ3vFSGPTiv5KuO384Oxv6uRDW3qJf5Koy/N8zP1cTaxC9OK/kq47fzg7G/q5ENbeol/kqjL83zM/VxNoDJNwi7M63wByFdIeJzxsFCMJm3NyUvQ03CsuSuw43MuAsmStseEpGEQB5LyMKqgJwp0mGeGIYmAyghstgYyDyHCtn1/0lLbzVDkMhPXnj80ZkKPtyd2ZB2gj1xRmR12XUyVAosTkhJc6Y5HSsyUxRlluNQPPBZIkVgnkvBmE1GxUnUvgJ6U18z4P7/DBp1qVtHyHdITUtl9Ydf8AYQ+y+Sl7lGgcmyH4/lIw2CqxK+xY6uVQBXs31vNJLKoycniqQBG4AR7MiUyNYC3LhdprGhrV3WbXII6Br1rtBUEAKQOJdRBhqI2BF4R8vgJiLiAdDZDfQ8DQOIuGAuIQ9hMLCYY52xtlja9g8ctwy9mcLmwKHiHLP0ZIipn7qikS2M2FKKCnlh3PJRPFs9RgTZ/IPs37S5sxgIYvh2b9rcTtezfsVqyrLN0kVJcsMSvxCcleTXcLnhrQPcUyo7CiNZLOLKo0otl5ZiMZWeg5EjjkLinJwMVGUQIyP3ImI5XE2UgcwFmsA9tbSvcy3FQ3olMTWc5A9UDbHAQc3AGCjTUx1t8HgMSfftkhOjBLVzUkHXXcP+KuzQWrk6QTdsiZhIBMhihYNETZ+W+iv/4omyrF5un8onKFPvRo/wCWvnV/8UqW/wBbJFqMWjzm3F6NqRnrW/Y3RabNrNInZPTym9j7v6jI5KT3inpTnSW6g5iTjHOZpPVkzIkkNVFNLau51pvXQVfJdT0BQkRHMIR0CaHRimBIfzZ9292XhHjmaZbfbdmZ9konZaqUKJjlWorUBO/GwqF8Fc2mJ4eDhcau7E1BMnVAojKBJNJrxdVuhq5VQvOHWDnp49Ng16SY7kiSBdH50id5rDMeuv29CkxdfJRTzCXmH3JQJ4q7zUmWugHQ888/B7feCqskLFxTB9OATDCWpKTP8riukCfVHZ0inlqboqHLtSt9uIrlMfzHk2C3frzNGxcUpagoMgnI0coqHs/E5AfLARwisxMkxtJ0koqYXM4hYLy5Hwpts5D3LCCrA+BgoKNbhWInkkUNUN7eWvjQC4jPEGTd1In2OQ5X2t2d1fLJyjHDGgJGXW2OtHJzlhjB2ZD6PmCxReIFSxlbX1Mwm5q0cHhMjT4Rm+pbdqE38Mu7o+YylKUKKUpQClKUApSlAKUpQCuFSVHLImCO33E8mNwg8I6kxnuRgvtqKnd7JzkaDuSDiC40M7kVGLmgyyokHzZMUUqYLmgsRriFjAI+AYuHNaUBj/5adYtedTN0ejgxTrTDMdwlHyfyHiZ4NqO2wmt4qeN4OOAQslVdNFAcVFyLpjG3ZOuBwHFNbUBL5DHlAwLnlnfWw+Hs041ZbukV+r6a1GMwmyvPN5OhZHsVSG41WwlmltwLqoZva9gE9JSSRs+cGva/cy4AmfYv2OxfM5z3/jE+jn/+IeY/WeAatw5WNGX3yPaXyDqGxthzms+MnLDT8cX6SYmUh5rDJQFkJdVWMYQgnmwjWCe5jxFKwUzJZyF+7ECZhKOlT6WpnygoGIvlCS3nuzpZJvNRMyApImGye8GucA6HMxxAXCUow0VjFfkjMgtYkxeyKlLk+SEVNvx0ls8jIWYyMSU0JQGbi+TDr0PpshWLNjYmf0GTazEuQonlBuHmm+2YsZnQSC8hKGOPdyuRtMNEFRPMhChgm09UST5BWSlAuVUks8TPlS5kLDHz56Wci2svG3DjdmfkoYE/QAythddIzj6D2hohFOvpNmmkhGcyLHywnOtpP1xKQiQyEpLyTwGpmSxIqhccKxk2FcnhYTblrGxJ4jSE2cy9mJ6Ttm5qSBHHk8JrSoob8IEHgGoulaU26GBGTXV11Dbvi41ziK1xcyaoZusjIoi6ZsAaUhi4T84yI/OMiZkd8YGhXW7nA6O3FUAxSwIbjhCPbbeDGZHDVR2kgAjZMVADHPCkEYoUDOqp3uWAikrnu+VRTMWyNKBwyZzzFytl5/Hi4mRw5b8H2okrK6uuKF8Y0KpKAnHlZVNlZdeLWixYuXT00EwcGBKojwUTqhmGFkGVTSxw2avgVAHExrz5XP6QB0fL/wCCG236kolXLcmG6Lz4+9SH1tc0tc3Ps6RjFQQzj+YLPdYbSXUKPTxkQk4JDDNZNZ4CH01nCip51wFAkkPAi3xlRxn1EglISgPZIQSyeqUKSYa5ipD49tMNPzOw3FTuLEGh0dwxr1CmO1yosxarLrfTkZktOP0R9P8A10b64oSNHzUW1EsVHLGXafTlw/ipEChFGUHOpkG+bvO3WeDXkPjY21f7HXU10Mt86Ozy8Gg5kYzgcSHE13NArrWm+upRsP8AizSarpJ0ooETOH8AcqYCFx/BlaqcuYXlq44pf4ftiicXbLQzODv2qhExGsHwwxXk33bMbgkCTQiCW2S52J0o6de7YV2GqqBVfcpdyIiSZbiiiYpBmwbjNJKYeljF8NyNr50eG0LS6UOpkmR1xVP5vPVCUr/94tdeB1ucxg2zz1rXvjgbZ1zGLXMBh5ZhBipGYYIggWOGeR5JSf3WyX0DpBGWU97yjOSXrT/0Jf8AmD7X/pfD/sYi+tn1YwehL/zB9r/0vh/2MRfWtLZOdWhrDr5Nuxb+FxCZsHRY+pTcOHdsABjqcyG4ouARKJZ5459uprGZHBKSi4YYoxtSOFSpcEYcYMLMDOszz9uQDpOr3cQWXhmFOHLWLFkpAoV7nUO+0ewhc2WWjOQQnZCAUwGuuvFums72tmVX4UJClgshgO/Q79pghPWxOf6fu5IcLt52zXrfGj5FZUoEmjdyyu1WUC3XUbdDcYXe+OakMaW0hbc5ABHT8e+VUdbMEQuzmctaqQOi1w07yOhsk7sS5hc1N3I9snLOzb1WjAOYCgcQM3QrNltFxsBb5C+DzbgJP58IuQggnbpr7BFDzuCIHU6twuXaKdEN2tddYNnmCpxXB2yLNW1Vr7sut1pyPBzckFEFWQzEYvHI2k44N9QwsSQBjziVF4kipJV6N1RUcgErBZUElPaSfn3SgrDSL+le8aRWDFJWu2zTI5r+eDW3ZaKwiUBxZxqRhLqaAxptcrOZ23E8PGRW44Gyp5JkDJzhWHm24tZ3jQlqRxdX8LgWK5HSRnAopu3JNQu6eWV2Nnjx5rNFeW3YcZOUdTcNa3nqC4jKest9QkmJ5FPKsnrKc/WlFh5WIvN/oqqmSeAkOQSNEhyLTdQQHOfWCeNjDeTlrp7kZmnXHcLnD4Ti/Hs/45nLZWJZgcjx2XlTXhfQ3wmNXVZPPsc0423J0kMc0ooBomZaIcpJqYhKCyaHQcHQcSTICcNIaOUXOUbhSFFetfSeYGnfkKPo7T1icOkJplaYy5KWGAMKRrPpR0hDuMydc6vhdpsp0lSZh7gKC+qDkRUbF9MBSUj5AkZRzxVN5wbel4P4aEJFTVnkklV3heDtq2kJHBJt23gfm85fOKhraGL115F4/pPdOzk+TC/E01DK1iz7nI9WC0bx7HkoAtGZXxdwGGFZJdwiSxBEFHwcjfPHTtkmyueJbNKxp8wexmt+33JNwwsjjxkeOp93bjvb5rvR3yRrm4EKQw431oIqiCckNLlCQWGaU0nJpmEvBVcCo0z6soXTWimvLJRSiBR4FwXJssp8Xxo7rr5n5vtpoiURZu8ZqUpQClKUApSlAKUpQClKUApSlAKUpQClKUApSlAKUpQClKUApSlAKUpQClKUApSlAKUpQClKUApSlAKUpQClKUApSlAKUpQClKUApSlAKUpQClKUArKH0yP8Ue3f0voa/UqXq1eVlD6ZH+KPbv6X0NfqVL1AT/6N9+JL0H/N8/8A9t0n1d7VIXRvvxJeg/5vn/8Atuk+rvaAUpSgFYA+fT+lNcK//Dk/6ikyVv8AKwJ89hIsN0pDheMCKyeUGC8nR3MgYDVcjZnufIhMWePcMyqYZI492yvcEPvk4X7AmOVxu5A9qLkBvspSlAKUpQClKUApSlAKUpQClKUApSlAKUpQClKUAp"
20:09:00.215 [Test worker] DEBUG org.apache.http.wire - http-outgoing-0 >> "SlAKUpQClKUApSlAKUpQClKUApSlAKUpQClKUApSlAKUpQClKUApSlAKUpQClKUApSlAKUpQClKUApSlAKUpQClKUApSlAKUpQClKUApSlAKUpQClKUArq5/QdCsrOKOXhKMPxdJLth5xXd8SOh/R+03i4otdlxU8e7ojlbcSQoqbIcVxklKGuttk0mKVxUxPEuZ7cmWuH2jSgFdYS1CMLz62CzJnaIowmpmE1xNc5Roy0wWpI7YKuRGsYsjuEsgPFJWUoBcSrGzVk1WCKYnyNjJixUwF3YTtuz6UAqJRPQPRJPkTCXyGlWpRGWQ1Sy2HKBPXCHS0iBrVhbGLK+D2BZuDlxVLD2sNY/ip2N2FtYSwvb27apa0oD4CBhjBiBCh4ChC4ZBihCY45hiB543xzDEwytfHPDPG98cscrXxyxve17Xte9qiyy9FNIo2kO0ux1pxqswZYscFULSey9eoja0h2Pj3vcc9Z6obQIOSxwa+V7imbKfdhL3vfPPK971KmlAKUpQHEH5HrBlNqK7Dk9jtCR2OvgYll5mPxtIrvai2WwEwGwLq7dcJJRSFIDAYMMXEI4TGDxEwwztjbLHG9usYT1S1c1psr21y1sgKALODEPBetCcOx3FVlvAHOwgWKvZiNxBspYhCWsIHic7tbDO1ssbWyt2a79pQHB5GjGNZhaSmwZbj1jykxFqweKwypGaaA92krYhZdsFiptxzJ6mjn7B5XvkHY0TFthl+HHsX/AA1weFdY9bNbCCola6a9wfASWuCgjrSbCsTsKKyCwOXtlYAZUJsVAQi6gKBbPOwIhsMbMO2eVsL42yv2e8KUBwuQY2juW2mqsKVWCy5NYq4GGEtsuQWshvNprAQQmIoQaq3HGRUkdQDDFxxEDwNkxscBMcc8bWyta9uuIU1V1f1qxV8Nc9b4EgHBwWwsvYQpD0exXit2Cz7qFZXxYrdQbKVgxP4zCxyw3aZ/w8exl+Gu+6UApSlAKUpQClKUApSlAKUpQClKUArzoeHf+lw8g354uSX9tStXovV50PDz+DpcPIH2Ldt20x8ktr9r2P4FvloWMu2y7a+PZt2bWw/gdvl22WN+17S2WWMX5TtCLpdO0PReqNMxaX6d7ELZdzbAana0zm5CYYIJRwTFBMXSatlQS+GAYARdVerWWz4AYAYQeAIYRjHEPAPDHC2OOGNrSWpVKcVZLEZEaNhKZMcs1qsBmIQNyyI0mS3khqthHL5Z5CZF0pBQiZBKTwchM8xLhFCgId88ss749tle9+hZH0c0pmN84SfLun2rcqSUGIWFDkOR9fomfD5DFJ44YExMHa5mkqL+AhXAMPAtnioWyAxDwxCvjbDG1pSUpKQlI/wKlSpEqWIkSxcmSJlwSpMmVBDLlSpUuHiCXLFi4OOAQBcALDAIEELDEMIPHHDDHHHG1rdNzNrVrnscmkEfYaAYUnhISshc0tKmaK2LKCam5j3wuPmQIvdBXCpPIa4Ydxci4QdxLh4Xzvl2uPY7rpQHQsLarawa24qWGu2t8CwHgshYAK+ELQ/HsWYqoIYlhQwVLFjN1CseCDFtYXAM1YXDES1s8bWyta9d9UpQClKUApSlAKUpQClKUApSlAKUpQCurmHB0KxY5pHesYQ/F0cPKY14F1S67WHH7TaDmlRzls1EUu45HXm8kJyq+F4ARYVhAVhzG1RQCzVFHPAxjkdM3F7RpQHX8mxPFk1NI6wZkjSP5aYikIEMosqTWa3X40j4wFhLACnW46k1VRzQgNhRbBCDkxMg7CCWwva2eXZ4TCmrmsutRZVJa566QTAJNdyCyXCkKRFH8VllnIDLLIDJVAYreQQlHIHLPPIK5zAa4eWeV8L43yv2e9qUArq2MoNhSFc3mJDcPxbEucju5Rf8h5xlH7TYeb9fixe2Ss9nnk1UhKu6HcqXta6i5Fy55ZPXta5k6Le1dpUoDrCWoShifWpmxJ2iKMJqY4poM6IzZaYLUkdqCHQcBAwjebeeKSspGZoIMUUMMxkTuLhgKJjjnbHPK1/ow5r7AuureMtHX2EYigpqHTdj5xsQ5GzMjFvGz2OFw8TplFZKKiJo5vHDLLCxgUtmNbDK+Ns+xe9q7dpQGETpxX8lXHb+cHY39XIhrb1Ev8lUZfm+Zn6uJtYkem+lQDcX8eAY6iTTMMX7sbnYc9goCBZ5Wb0P42CxsmkFAawl7ZXztfMHALtcMrXEtnfDHPbbEd73imMb3tfG949Zd7437HZxvdtpv4L9rfLHs2/2X7XK9uz/ALL3t+GgPzI8giD4icEju2KIaimMHVMbmFesuuaPI8aLLcEqPIc0pnhnbI6y20dNUXw5hjq0snBV5zmVRVENKymYzN3GPmsxe1aUoD6h8gRVSJxMUyRRSTVEqYIqCefLAnCJ8kbCzANEzhQxgIXNFTIAggJguOHmCMFnmGJhlhlljeGZLjV4505zBvVP0D0oIPII33+E7SWq0FlXMGe7funfoa8AxA1XA33T+M75xN2G7f8Ahdv234amvSgP8wgggAgwAAwwQQQ8AgQQsMQwggg8bYBhhh4WtgGGHha2OGGNrY442tjja1rWtUeZo1A1L2QOE1HYfV3XWelBOL4FE8/NEJxpKRwgVDzyEDLEzT4bK6OVL4CZ5iYAgZ4B4555Z442yyve8iqUB1fE8IQtArcyZ0GRDF8MNHMx33m1onYDUjpuZm+0sF31khs9JR0zIx3PHEPu1ytxO0tbDtu1ta1doUpQClKUApSlAKUpQClKUApSlAKUpQHVz+g6FZWcUcvCUYfi6SXbDziu74kdD+j9pvFxRa7Lip493RHK24khRU2Q4rjJKUNdbbJpMUripieJcz25MtcPtGlKA6wlqEYXn1sFmTO0RRhNTMJria5yjRlpgtSR2wVciNYxZHcJZAeKSspQC4lWNmrJqsEUxPkbGTFipgLuwnbdn0pQHVrsg2FH5IEeyy+Yfi15ypEmSvnFMluyP2m4pAjLNwAYFl7KPXksJBxxsvJbLBBF1fJtqSbdSADwCOXGDwxxt2eIGGMGIEKHgKELhkGKEJjjmGIHnjfHMMTDK18c8M8b3xyxytfHLG97Xte172r50oCKzL0U0ijaQ7S7HWnGqzBlixwVQtJ7L16iNrSHY+Pe9xz1nqhtAg5LHBr5XuKZsp92Eve9888r3vX5XIR/MH3g/RB2V/Yw9al9UQeQf+YPu/8Ah7H/AOCDsr+G/Z7Fv/iMPT8N+xa9/wD91r3/APsUBl/6Ev8AzB9r/wBL4f8AYxF9bCJGjWOZhZTgjWW2AyZSjl2FQiLpYEjNVCe7KcpIA2XUACbgarmIKaEslQT5ModCLqJAyCGbKlzOGFhgAs8cgXQpCwJXQ3a4IA+UUg77ciCXMksDwYGOeUNxnjcC+KiSIGe64Y4YiZ3xL3AvgMHbAbMSwuAWzOgOMMpksyNmi22BHTRbDBYbORiDdaLJZSAlNZotVvpRfAoloTbbaEUIIyGjJpUMMsQS0wkVJEy4eAJcAMPDHG340mxPFk1NI6wZkjSP5aYikIEMosqTWa3X40j4wFhLACnW46k1VRzQgNhRbBCDkxMg7CCWwva2eXZ7ApQHRMKauay61FlUlrnrpBMAk13ILJcKQpEUfxWWWcgMssgMlUBit5BCUcgcs88grnMBrh5Z5XwvjfK/Z5lKEQxNN7UMsOaYvjuXmMdGCMnGZKDKbT/ahswDiJgCOZbrrTFZHHGBwFFxCFFJ55h4iiY4ZWtnla/YlKA6ChPVHVvWrwr83LWuAYA8Oh4ArfyJw5HcVeGAgxbDBhKviK3EHwgHgNjiLhgb7tjiLawmNrZWteu/aUoBSlKAUpSgFKUoBSlKAUpSgFKUoBSlKAUpSgFKUoBSlKAUpSgFKUoBSlKAUpSgFKUoBSlKAUpSgFKUoBSlKAUpSgFKUoBSlKAUpSgFKUoBSlKAUpSgFZQ+mR/ij27+l9DX6lS9WrysofTI/wAUg27di/Yvt/Ddr3/B2MbeJEv37OX4eze172tj/Btlftsrdm1se2yxAn/0b78SXoP+b5//ALbpPq72qQeje37PCXoR2bXt2I/kG34ex+G1pwlC1srdi9/wZWtbLHs9jLsXt22OOXZxtd9QClKUArAHz6f0prhX/wCHJ/1FJkrf5WAPn0/pTXCv/wAOT/qKTJQG/wApSlAKUpQClKUApSlAKUpQClKUApSlAKUpQClKUApSlAKqGnvnh4qtZJxkPW6admlVrzVFB1OTpAZKVrttI/BG6bVkVLcKcGKvR5Cbra57AykLKaaxHSls8XDyM96iihnATBcK3msZ2m+zWt2svSSuble2R2DhDXxDczNglIbazN8rsOKEpwqpRnxkcNJiGovxfQCasoFif/ajBIgMYMglv48QLEL+HRfrv4C/XfwXZwtzy8VuwsrsGEYi2PdDnk2T3IntFkN85rBtw0yyu4FTO4ZEiO5HnBDeaqKGNna+Nz68tpicD/tHNhWva9WcSxMEUQOxFyUJrkljxNHLaL3Mrz4kR0IzPayUHe2Vw8Ta0unCJAMcxfG4ZQr3e5k4PfEuVBGHzwDy61hDcjUPZpVXEHW7anW/YNcbKeXV3IjQhOMYyuqt5KNme8yqmuJzDdC+cSU8yc/7KXOnwS5YYz/EBi5C/wACox7W8SmlO8WxEbbF7XMd1TaoxMzgGkyoheL+cw+vZMyAuq65d4qUQFDhRvLzuN+GR0hWMLVzyGuIhJIIraCoZJCeOXDM5JB6gbtav77RiszLqVKZWX4zQH64IyU3YSaz4ahPB6tckjKS0lFCr9bLVUlQqWIuFGNF11LJHG+pBHcMkxVOdyHsFwncnkk0d4/CDZO7fbEs2HTT0uNdoNk0Sc7xfzpBLmAihk8343jxAdz/AFhMKnBwCZpVT20YTSxscEqObDMC4B5Ul9EfKFSHHFPZEiWLkiRLkH2NKEyZQEMsVKFSzUh8EuWLFwccAQC4AOGAQIIWGAYQeGOGGOOONrW4XxRtFG3J50+aLd2XiBV4OnUWXG7pTrbitghqhKMENmKEgMp8H2iUOXMF26sHLRqTGwU0rEudyGf8i55ZgXdCrgbDxdtK+PDyg5ftpzyI6VcgCC4XDqDsIy5nAaA5cu7kVMBcDYezUudyGDIjueO30itd+t8koCljYCcoq7bJkFAwSPFyRkcYkaDB4Nu9yraEccixHDf3Knm0QLUtp7lVI+TQYwmWSjS8ntAdILOE1kHEkdvzwQERHXUwMO67dMyULimLptjmJBQuVpC5Dmii6SdIh4jdsIgTizQMb+5TBqnsskN4AJKTJLETQmUlNhyO8qUyLYqy9kqSczFPNRG7oOYMRO1hDXd8ydsDXH95d0Ymg3pKkHrckoUtyEFrxxmOgOOoxgiKXjNksvadJnlNdInm0z2Iyk8+c77yh4cZxnlVWGRkYqlopsI4rBmjSSTP1vjTVWRvatXyXfw11b7bR1uhdzpdzA8d3IXI7kiTUCfT8tP9osg5IriRRoU2Bjosms8ivIDZMqma/KsVMduGB7LTnRSgKOUVzC2aDMmDpVNGIJqmZJ8f2o5q+NDSmblDXHZTYpRYM0pbbRHcfY6ZBGyEkGS7ccYGRlHVLrEWxC9W6IEbBx7bIEJXzMlMr4BnQC4meGGXKtE+VnUjkHcMlx3DqnIjEnKGu5CytrnPkeLcQzqxE8cwXJgrKux1641jKRY6bJkTxxFUlXFEPH0oov4pRhaRgz+c+eN0dY9EelVzLNO2Uqp0PRio8cjTYZN1qiC7nEWHdq4sRwrJSNYgym+5VfAU4nt5ZM4mRE/AiHiSzwGMhiilwxYQvjgbnf4ktk5FSYlivdNg3kdfUiqMgtKSWnKkGKa4tHxcAE5ERvlyYUdFlRbVDIoRVJRyA5hSVTYwJRPKmTAwQWduNYdua7ffj/5sYVYmiPHibbG1e6L0lyOjEZSMotc/DSJBiWQcFh3atCybOSNHJ48XXkK5xAHa7AwdAiiGq3UBiQiolJJM3tUjVvLjRjpgtNzL4rrcjYZTVbzgdA9xbjuRcRUIgmqy+NcfLMe4qwfLGFES42eQvbmcu6ZZZ9m92ZwMzj375rSlKAUpSgFKUoBSlKAUpSgFKUoBSlKAUpSgFKUoBSlKAUpSgFKUoBSlKAUpSgFKUoBSlKAUpSgFKUoBSlKAUpSgFKUoBSlKAUpSgFKUoBSlKAipO+7esOs8va0QNN0m+JMr7guxwMfXRq+JkhOT5RHQ1jDPKryX4caLTXm20u8DD9aYffr6WGynGvCvbEzZjAipZE5V1lT52/xvPRpf0rtgf1g1ArVZQCq8tQOVvj+32kqSoh1K2JSpekOI00ZafTfJsWU2liQRS7izag62irD+YzVQXkjAuDDBOFVmWqOFODyNpxjIzYoppw5rpPna3Pz0U4udo5hRVTJMkh0M7OE4czLDdxVPlPmPujMR1VFv2bWEVGUjnl+RQgr9nugDOM27QW/YCzzuZ60X4KJo6PJs2KR8VGq7Ypy48N7TeWFk9MJu3YJQPzUWUHCcDtbvos2ZhkGS3eYNm8bHfAEOopO2IwBcIsSf5NEisphKwqqolOHR4aoa7dxd3tZdA4pKThtlISlF0Um3YkMm7zKRvKkjp6e414A+YRyy4XilkvhSbpBQ8GmSoC6vEk1BupZkUnJTxVFNNJm5Noi2juVFSHG3lRPXG+4Esgtoa0kmwD6WsI6qUCPpiomnyuYpY6nqBIcA2TNlxBADJcYMYHPMPPHK/Tmz2uEVbe6/S3rPNqDi44umZmKjLdafbuWBwuAewwGTl1FMjAj4pzla6yXTnM11fEEQVHcSQlqgGNxyYdZkOOPkcH4pNa96NBORNz5GpP4j2ubdkNrxozZNO7M6kOU6UTtf7MDI/masZUfGhws+L00vkKIVaxN8x40VC9lBsOUQsy3sZZN+pIszROpb66npm4yHoELKtzu3C8wxZOAiRCYklOXNIYoRNSULr7xfDdZypGzCCEKJmYxYk+Hi3lM3ZSbeBUkMI7Gvgr8g2m3T1R0kZRSQtr58jeC2spmDBNDMPleBJqznOkwwxjhBoNgpicdDwUCYAwRg4QbCMrHChbPEwYADBv3SqguAzSyTmkx5f5OdxU/vne3kqW8JcellEqOCciKC1MQBTieGkYqoZDKDdJ4IeCMtKyHkKAOnJRKP2UsFLH45CFyghxFxq1uVnlD5KeTPadFTZdTNZtgjupmk7Ce5IFwsyIGswT62MK6Ulqq2JlGKu3NAs0VskoYEuynvB4P5zAdlbPJqgmo6I+a58COzw8JKdPH0tvsSdIF4eJseyPHjK3gYKa6XCOXKoIEosqYIMSFowcFsARBSnVNsdR61VDM+YywLp9ii0L3+YFBAJ93FGCwzsN2e2kgzTaDXjsnsY8zTChWP8EEV4PUizn0/8UQu5nCktVFNjt+NWy8HUYIml1cSiQx4khmShDE3icURyhEMcyFxrcPTLXbeyC3jr7slHDefrHdaMpJ5I0oJhAZxsZYOE8yxB5x+ujlhTzTeCEPcE6lLKUKALiIBYqcxNpo5skYzk8Dort3c4vN9+KfbNym32e1akycdDhXmoYjqKmHFikhKKAyTAY6gOKbFU44cxF1gssTM53RBQG+yUwkIBZELi0zORnmEO42gapIxkljzLG7Al6MXCUd0byky2vIjBdRAI4XJORmPREJONsLpUuoFiagXAVUVRJHgy58mUPF8R7AmypcxgIDhH/Y7evVXUuQ9dYmn6UrsmSNsn7lGWvbOJMeR3ysyM9A1RrIoyWUAj1oOvBCKllN6tcqbXXWIhN8pkrgCGVUIEIyIBTx0YSbXiv6AuzTqYM8y08ccWwMqamSGjGxsxlAqjt9yKC0zR8ss8cP+6U3wg4o8Q73DBzyJx1l2wNsbYDDdDM9P8or0n2Qn2Lj4Zgjhu18SGAiZ49uaQTWz8xlVfM2OIXF7IWCslguR9pxke/aZFF6DkAcAvnkGGfoMgauKUpQClKUApSlAK86Hh3/pcPIN+eLkl/bUrV6L1edDw7/0uHkG/PFyS/tqVqiy8/z2hFl5/ntDfHs/s9BumkFvvZTZN8fJxCkaBt4V7PTxad7w8Chup2ITHQcvFxhN90uxS7/dDmREvsJKCfyK9+9+nbF04sbNl6o7dJZ4VbFy50bcNYJJxqwGQKqp6r7lpSPcMz"
20:09:00.216 [Test worker] DEBUG org.apache.http.wire - http-outgoing-0 >> "jbIuMIsKWvRVMBLjY5Y5BmBjYYGWOWOVhOxe17/kdJ7/EYb1f/AAP18/8AVdBNWSaE3T7ce+l11e5KyVbTXXPwndRuBZPsn/Ikzu/O/rmf+zd597907574/iO49v3X+B21UsdMXQ7E1q2z1p3Gj/GU9XZujucWJY34POLkfuImsXRVTuWJjwM5UvHINaay5YsIGZyRHInJSriVFBM5E7ADBCZ8e133X1k2uemxUeQDJfj68NT5YWIPn9H8TZAa3iDKKArL6GrNjwg9Go3Et096KjYXCvhplHXG3R+8e7llYYuZJjGMwnF9jEInSZuSgbQXxYx06w1ZbQc55xFcjeBhtjbrsVd72bdm7bxU8Y7LtpSyBulf9l8LYS/kn59oKetnITo7/wDPR6RN/wCK9L/7V57q70T5RPlSojp/Twb+UVPK/wApskIq3g0JbW7Z6/aQwg6Nj9oH/wDJjDDLONxPcry8VXs9PBpt2uFNarfB8Xo9bbsdZzwgvK6cQ7onoZoIp3x30dzLEghzAXYo0vxeSigGc1h9NtsxAKySEjjSI8FIFmNdMYykkl10q5l5SdV0cNupvgk0AcMiL1k4QjhnfA8GWGwEDxoX6Vp+JC2i/wDhx1z/APUHG9dUc0moeze53BJrvHmrLdVZDdrFS9TJifUMoZ8cmsTdFzHioyCvx8llQDBQVcUCq6tNd/k2+XM4KqsZYwRdtgn3TdETTmdUSi8N9mdUTd+0+48EyFPpIHCskrRtEMbwN83ciqWRjbgRYb2NcbDAUL54h4h5yS34eU497hnlnhcM7i57kRMBAhAzOQYoeWVusQzHFE/x22pbhCRmZLEYvEnkfbD7YDiTHQ2FkuGMIWMWJqySYNFbmSJsEcgpERBMDqYolzKeoFyx0sOAHRhplzpcREvMlC1ado7Z0JeqK3irAcemW1sdFIHQWXbMngnHGEVNOJGS4dUkUcYQZNSkUZVSF1YJiAZqLMSTJ7wdjazprpZqNpUxHQ29NI3SIvjOVniblxUQ2o9Xo6mOpuZyEiYY7jaSc5XY5kJsJikllUwuVTWMCituyWQSSpJPDIp6eEBc8/HO1S55+Odqkv6UpQClKUApSlAKUpQClKUApSlAfgOp2NZitxZeL3crfZzRbhAdVcLpdSynN5uIKWVx7cypLK4rmSaYlkC+H8Ic4eNAFwcf4QgmNvw1E7UnkP0x3uVpiR9RZ3bs5jQIuN1uygpNFFeATZRlR2Arg7esiO9cbiS1H0QVAW2tZgrLBWXOjYWJXsOfCuYK2H4VvPxk6r8jahCuO16XIT5ZUIrjicaZEqPJruZkWPxVcAaFiCZlFrtY+mCO/JtioAA7Zzuop4qfZQXCJgQ6lLSinj0ldHfj9jxTvz0gyNI0aTeYcfMTdCOmqzGY00omhtpsNxFUNgyKSioiQnhAEk9OIFAQgCxYuFgHhhhb8F73ve4F9u6/IPqDx2MNoybuNL2EPsp9vIOP2mq4sSTJCMrLtFRlRwYpQKHFbMfC+BhZJRlAyIpHEsukgiBgExT2B08RLmYw6t86HFtulNzR1y1o2YUZJmR9AOM02GllAGzbMBPl2k2Vd4OAcw6JAhlqM9ICIt9CUzmGayvp+J0wCAlp9zSseIETNXfO9svF0RcoHBeiSyYc4zCjyT9k9jnQhMdmuaR3quOpoMRspMEILSYTNTVhxuRyuyRsTzXQyxJPywBUVEE0dNpyUWU1InalqDzJ6gbgzus6rpabPGvOz6UhGHUS1721hdzQJKbpaxQuMdOLzSQ3FmbKLYBRPLjqoyWGpBOKyKWPrYaLmjpSseIhTznxuS4203Z1T0VjkCV9tZwZUIsc8o3R0dQdJg8aVnIsYgZGhEhotNAIrDveCqAUwzOmU5roSudKkgxDhgAIrhmLbozT7ls4699XesR5qrs+0pHkVCTx1c/HKs3JBi2Q8kgpYG51WTWLLzQYTsWkshiZK5KKiio6gST8DRXM6OBgZAyE5NMnHHrbP252ve8stEne85W1ea603IbaKwvlT0PNo+uirQ518Xj44kGS5h/4Dq5UyTc3hAMcmca7NPgA4nmulGQKA+TlzsHZDpB/D1D+pGBBxbVasPp4ybuE/WECCIYjnXW4rKUTMeyk6Um2WIYqg1CcgJYTbcBsIRDtKKIkAl7GZRAKG2PiZ4ii9N9pRlptrukl0Bbv8l+knHEmxwrbmzXaHSUtqLjSY8ywjmWZGMuQ+0SyObcQQRCJ2G+j5DBMAX0fMUyrFiBUXI+CEWGGFsJhh0/qHzUcaW+Mu4wRqlsWflOVMmytvLxZzgvY1hhYNpu5kQ1hUGcUlxEzmsBgVFUiIWJcdbDOGhjQQRMuYEvfG1P/AC1bZxTCnPrxNZy0UkFzpGuOte001NqOYnjp2S3JT+f0/pDkhdoNpkx8y01TWVlwGjkdjrBUTPAonkgW6YPH1EmWKZiXuM0n5dtRN55SfsAMS8vQ5spGaZZfeGtmzkUuCEJsT21fInhdxlmk4cjAKomAZKKfc+EmKhtUSAVBONrCaQJqacYNMz36iN6T4+0MwnTiv5KuO384Oxv6uRDW3qJf5Koy/N8zP1cTaxC9OK/kq47fzg7G/q5ENbeol/kqjL83zM/VxNoCqCR+kJ8RETSpKMKPralaT5Nhd+umMZNbSTrNtu7cWs+WWuqLaciGOts+B15uqN09aSVEmGooysopKhYrmZTD5wnkGYz7o1X5mOMTdR8l4v1x2/jl5SYeyFDS46cia94mfi6YLh5jGCbcaEwtRguFyHywAYpkynoSconS5UEc0MXwLgCiYVF9Hp/GA9I5/wDEwc37UtmK6Q6XB83sWFNXwI9s1BOTnPaWJraw4x1klW2VwJWur98ZFro//tfi0fGXxOsh+EL4kLP+7SzRr9/hjXsjmQEdMz596dJz3X1k1smDWmBJqkvxLlncB0OVma6tTxNkBx/KG5WeI0g3Em+HWm1F1tNLwdm+mrj34+VlskDfhTskTRqxFRuTlPWU3mwsq25Z+jJWXsi+S5bYzYWyzkTt2CmSrbPUayjkVt2Ldgvc53a4FuxbsBXx/Bb/AGVqyq6ItV4b7K3/AIou6qnpP5+1Ip60bu6wbhLc6t3XOTvlEWdaZTV4Vmwn4lyE0vEqTEI2okVVtd8Ppptgq4+9TSSoBeGWkOvN8fvftyyqMGKBmJHPaTmX4yNMZCFiXYbbditaVCvaYqcbNJAkKY34hCiF8TYZZytGFmdIS+2DgpLPA8EScJBMNikBQjwYGRQUMbKoXo0f8tfOr/4pUt/rZItQR4qNpI34Dn3s7rVy4QxJMMzLMWyz4kJD5IDMVuCSIx2RajmBSMEsqpyo1ElfdmIYiynKr1KpRIoqJySdei5m+UxjOoiuXVJ9bTimunyTXx8pB9IKuimqrTvlC0E37OLiRqTs2wpac7aKZqC8xcS7mY0kpaYCYDKGFY3GkkoLOf8AgjlDg5cidV7NvJNJHjJYkbNAmjIAIk9qrFjSHuLHeaeo05HYNEg6cZ8iZOMozU2GgyVFDFeSSS4nH0wwgSKTjJ5JaY5DN0k6rI+KDLiEsn0lPOKyOESJFjJ8rnZ1Ta0b0oNub0+9ZskhSlKAUpSgFKUoBSlKAUpSgFfAQQMEMQUUTAIILDIQUUTLHAMMPDG+WYgmeV7Y4YYY2vlllle2OONr3ve1rXvXzqhPpMmwzv1y4btqFthKxxBdcm4MODSayQHFLGiSHKb1RkN/BBDACBDB5K8cYu9BxECExzByVbD27awV8MgX3Y7VcXSEeGprSWcidY3ujOzoTl2zaPq6W15VcEYk1nuowPepma0BgKcNABWzLj3yPCP3EhiGCKNkasDhlna4FBXkN1IaM52wspLjbTjSk9dbzhQVEmsIa8hq5QFQSVlGVk8YwQVEpTIGADqeokTA5Q6UHBMlhhQRcM8q39YeNbWOPOMiOuPlwRW1FmIFuBUNoS0jjIyfiK+no5msSFf8jKZjMsILi+1Z3jnHUnOXHsKTcWAUoZCGT8ERKDJ1f9FjlV1luO6b9fJVdllL5he4M+a6pjjWzmIBYjG7XLtx7FhDp8+azsSS0ddcz1AKBmR8SKI3iSaQLihkCIYRdrz195FpNYSZ3eybbrCZdRuZyF6c8fKBHjm2+mpNh9Lld4ZMOPMBWo/nwrulzBEu/wA0WItyNmo8XEEmp5fItZVcRxLKtxJMqSORU1YodW0gudl+rKiehpaktqxoIglI6ecVFM8PfKwJNPTy4hs6aGvjbLKwRcsCIMJfHHLLtML9i17/AIK83vmPc7g5IoZk7lxXfDAGurU3ShXSTjgQzvfhNOWYca7leShPmxOCaLfAuZNTRJbcSUhBVBCpRYTEBoKDQVwhrohIxbc3ypSreEuNTfOUQjNiai1NSp5GQDFxO5do6lON3CiNLHulr2yxuK5lJJCtfC/dOznawdriXxtcmlWqz21oj+4FSaPq0poi+42f2QFC6T7wbjh4igbrnBgs+z2ogWrm5QgeXa5Xxy7XPDXq+N+xla+N+xe/Yyte1/w2vVxhXYOITevJfavB2ZAQKZhkLYPB9H286UzMGIRmRjI+LsOtNSRCj2T8g2ZlZYMt4+2yzpKXtmmmkQFWDEIY5beLzmw0R0j42dDYnktobbNiLW5DsctR6bW31SlX5pyDLjvD8YH818pbzSgLLxpvSA4F9vqai00BwJRtRTjphJUFNP7keGtk5yp6brP4Td6JgaDkSl5qSFrAYabVdTfUyqkiOJA2PHb0UISuiK5EUYmpJS8nyWVMJp4mOKWPkzgIxYUQIbDO75lWX2ntBtWVZS9p7Q6iD6T5wcjYYiBbrHRQ87dnAQPVvcrPDK3/AM3HPHXm+OVv/s2ve1WObzrqW6eOjcRzIg4plFcelWwa6kGRyR5NHMJavBjuUCA4ycpliakQFFKGARBCSgUKniueVwDZYAcMQLGkrSPnI4+9VtSdEYIkVC2oi2I0KCIEg5ubdyDq1KLM1JeT2bcbt1vKhhBlxaTCl1NOUV1NVDg7nDb2LdxL99r5lULoIQyoHeHv2dJqXH3uqopxssfTz+nGxx0ieJDhGiZ0mahN5DljZQyBmIAZLGABMBgBwc8whgs8BA88sMrXuG1ZZkGXUzEdCX/mD7X/AKXw/wCxiL61D7b746faINJKe23GwDAhBEcBgyUbRdznjh1zuowSxCzPhtFjt0ktPZ1+DsTBa6lk3W+p4J3fZTv7Ivc2W7rl46Ev/MH2v/S+H/YxF9aNFHjK1ncfIFbkmfgL1kuf0eMk2LI4RJCWERyxVDCQm5lBcV6JGeYbIZ5pvE2YxWzRlfu4VAUM08XcORAJCK/bFwOqIB5yuKjZmT0KGIn2/aecoukyUItVmSUxJfglWdSioXxwTUprfLpHkcFXGrqoueACSkohk8pKpnPAsnFTJjPEK8jtv+RXSXQlOQFDbjYthQ0O7LC5tRtq2aw4n46QABrFjBxtRwykpyv5eTyxrIMoZUUltmyJc4MATGMYGRwQs89XSUpAYW7hOIuJPVZkF9heRhyS/Hsjp4jRJYHM9OmOkjYnFuS5KkUoANhF1l5JPp5QymjHCpvBpKOTlWQyfdmKXdF4kU8XWu0f7oPfkIdx18zRtW+Y7Y8dBO6WFVEdDbixKZyKTRzOcHN7JuFDEdDOfAngKumg1dWPi5DquRM2SFc7uEcDymm8d2/V9jymm8d2/V9n4GtXNHxh7cycRhaDNs2isS2rZdzQo3fbPlKEnm5THc8xrEmq35wYscqLpUci4QxnBNbwCmfELAGDOBbIAuMJh3ht/wAiukuhKcgKG3GxbChod2WFzajbVs1hxPx0gADWLGDjajhlJTlfy8nljWQZQyopLbNkS5wYAmMYwMjghZ50Oep3tPka2j0041tIG3jK280F7Sx9OktzwyE4Myk6Rxc1w1Muv4SDJ5IK1mwqKSuqN12HWaWVsjgakxkAgaShHyrsVMNX8M3jJ1mau+Uq8jqwA9JN2WkxqNtko6pKSwiOxrQq2m0TCT8E6CUG7aIjx7krlAAAVk6GqKZ8ftlQQmZICuh3Zr713JtPfrWQjPTRd2Z+1TSWsk4NrVzR8Ye3MnEYWgzbNorEtq2Xc0KN32z5ShJ5uUx3PMaxJqt+cGLHKi6VHIuEMZwTW8ApnxCwBgzgWyALjCYWh1j956ne0+RraPTTjW0gbeMrbzQXtLH06S3PDITgzKTpHFzXDUy6/hIMnkgrWbCopK6o3XYdZpZWyOBqTGQCBpKEfKuxUw1sCoIz0klWn6WHjwkD9wOTrQvQk430jbHZZjRS6HUWxOtxh2Kud9SUspwhjMoCqEIyjVAeMgDpBk4EMSKK2Lb8GmzxcyTLGhTRccIPg+qfMDxtbsSANE2t+1TNeEqhgmzAEYuluSHD8iKgSeBmbULoDImdnR853JknkghlA8GgJakKTTgR1AzgESBFHw/egvjK1ngjcPZLe9OBesjbL7MqCcIvv2W1hEeRqM28mAmSRdhwsIG2UlQYTKzSskhFNJfhBWNmkZrtlNGUsiyblgYoI5RXg0uS/ln46NZdDW2HJM76C7QteadvtsGYn4WaGtsbNZzoamtw6tygTCsUWHOrDoKqYOMQFTELgvBNTGcH3ZfNvck1w1paWbGhHcDk60L0JON9I2x2WY0Uuh1FsTrcYdirnfUlLKcIYzKAqhCMo1QHjIA6QZOBDEiiti2/Bps8XMkyxoU0XHCD4PqnzA8bW7EgDRNrftUzXhKoYJswBGLpbkhw/IioEngZm1C6AyJnZ0fOdyZJ5IIZQPBoCWpCk04EdQM4BEgRR8P3oL4ytZ4I3D2S3vTgXrI2y+zKgnCL79ltYRHkajNvJgJkkXYcLCBtlJUGEys0rJIRTSX4QVjZpGa7ZTRlLIsm5YGKCOUV4NLkv5Z+OjWXQ1thyTO+gu0LXmnb7bBmJ+FmhrbGzWc6GprcOrcoEwrFFhzqw6CqmDjEBUxC4LwTUxnB92Xzb3JNcNaWlmxsBpSlAKUpQClKUApSlAKUpQClKUApSlAKUpQClKUApSlAKUpQClKUApSlAKUpQClKUApSlAKUpQClKUApSlAKUpQClKUApSlAKUpQClKUArKH0yP8Ue3f0voa/UqXq1eVlD6ZH+KPbv6X0NfqVL1AT/6N9+JL0H/N8/8A9t0n1d7VIXRvvxJeg/5vn/8Atuk+rvaAUpSgFYA+fT+lNcK//Dk/6ikyVv8AKwB8+n9Ka4V/+HJ/1FJkoDf5SlKAUpSgFKUoBSlKAUpSgFKUoBSlKAUpSgFKUoBSlKAVjj0igKCp86Sdzfo86wrEs1JCAyoHUkJLlqOGdI6ciqJloRkVMKCSReKMslk06OW/7OMaJhAjigfxOYmQf8GtjlRPjHR3VyG9mJ13DjeL/FzYzZZOb6VNkieOsiK/jqQa5VMJIQHiivO1UYrc7xLIyaF3VpNhBGNd7ducEMCDD5ixflO4kX5TuJzyJdXtZ4DUVZYgrXaC4VV18kCmrqpEsSMCOFFaTiw/fRdPVjzOb6MZUiQBn/tAJU4KMAEP/HYB4ifwq70pSqUy6dEq/F2bC/8AiH7KfqxENcW4mnCi6g84PNjpXK6iTaLy2nmNrbsa7BLJgJNAlJrP07Ib0fYTQMHLFgV9SRBZGSiwialXNnu7NR/duHni01cYvoR1K0u1p0XjpwxPqvG3yWx+65Ecsrr6B44v579/v93lUcm4l/wrIrqdy0V8IlkFJD8FklIsilO9O3IpxYQczmNwHcnjZ0c5AybYLbe67M6YTrKuLiz3QZPulmP5rgGDAZwwRQZHjpwNB/JSWYOAhHR0kk5AUwY6EGbFKZmQ8BbB8z1g5RTyOuNF3L6Qlw76pROolHWr6MDTPtpsidQRw1UlGaefAYiozUZ4mSdjQaItmleL24nYpZqwJ0LOUGcKbwLgLJIxa4SO92dMXnyZzhpoDHQzB3kiyJ24vH3y+I7YzaUphiZwFW+4bEomkousHnjILcQsB0E84UIUqnk000nD5YlDBhrLPgjt/Tnjq0o4/wBFcaJqFr0zIaxeIxcZ3rqcYcTpfDs7zFMDki7mkV+Lbpfy+RIDmzZhPTlZyGyBAwcODkywAxsxmJ+XuLxo6Mb+CNQ7trru05WX2NhkAz3rgrPBgyM2yWRnM7klpElxi5GW/wAmi3PCin/AgTkskW"
20:09:00.220 [Test worker] DEBUG org.apache.http.wire - http-outgoing-0 >> "PiinbErGhRBcgzZ6LNoaxiUUSaZbb16XFrEPr+ZIKa7GWgUild2jjPzLjFk5PMp8rEI/Q5FGTuzjZ0E1pzQsNmCr3udCSDUflr5dzJkQC32GKXAM9L5nIMwCEOH5LZHy7mMHgLh21nTD/Yy7XPHLHs27N+xfsdm3Zv2P8AbV9enfHppfoE33E29Q9f2bDJV4GSxt4K6YO4HM9HcKRyMZkMXVIT5WnQ/HGWThDh0ZOJrTkPE08c8fHJAACnTWY0fdqOFTjQ3Wm5Q2O2U11UX9NKo20Ron3wmTvshG5kw3G4BkWR0u6PFsvMpuhhFAcu1yGCSMDJvK2Ah0cwJhhnitkEcWyCOQp6SqztDfJi7GOPZpLiFIltOYZ4xq84VIs206ZbziWGAuwCEYKAeAL1NBmluxcB5EUIQZOsyfGA24AsEYmbMF7AOHpzzY8+LvRV07EmF87L63rlHx1zqTrubzdKwSzTe0aK45hz/wD3ibcK4ysG6rrR9Svmpn1M6aOqIgh0cfPLpSJej88O8KvohJLO0eYKw8ks2AfT1SWnpL8+Fih4rlbMmdCRJ1kWR0GxskLjgYImLplxiRoMM2VzCMhhi43HWtbG1scbWxxxta2ONrWta1rW7FrWtb8FrWt+C1rfgtagzvvXiv8AaUpQClKUApSlAKUpQClKUApSlAKUpQClKUApSlAKUpQClKUApSlAKUpQClKUApSlAKUpQClKUApSlAKUpQClKUApSlAKUpQClKUApSlAKUpQGVPnb/G89Gl/Su2B/WDUCtVlQI3d4w9HuRozE5zciFTEuHIOEeg0VmykpzNGJlpjSFdo3d4oA8QyGwRVMRWuxGpfERbzU8k26V2Um5C55R78hT1bXho81N4+2Bu9+8hQFWXOWlSZyb8s3H7xGwPJSZG+MKoTk3im2RFRjlJVa7BdKKmqGcTju2OD6wgkHOMkEka6UEhKSmVS1EvPKPZSFGI5GS1/3+WPiN5a9ltEZ0QJw5VmLtG3IvaqxPTehNP49IqiNcer0iNAWnIjIzbkZoSaorzXX1cpgqIScaKp50A5mrZpZ8vkQPGc8NEUJcdOnGu2xEh7YRFEArc2FlWPGtE76k1UkaWHsqrEdstKZiI2WoWTX4+nM30JOTUqPGSS7LdSEk0dCbabdQMG8wss85r54YCYZBiY454Z45YZ4Z42ywzwytfHLHLHK17ZY5Wve2WN7Xte172vbsXptvrmRfRkRi466N5cq44XN0Md+ONDVbYVSVfCr+Nx6Uj2YBRRbCHry7FombEfSioB9tnkWFdakiWfJIuJnnnZGdKYLfPPutsr0g9ItgaHpF5Rej6GXtHrbcg8q7VqsSyVmpErDWfcZN2Udd15FYjpwtliGsthPVXi7TICUdxFLW8Zl0G+FwFM2GJpM040P1T4/wBhu6MNRItziCP3y/lOT3G0gH3JT0RxXwspaOiqa0lFpGeLv8WsDiUgIpIRJbWSQiWBTSnc07DMK2VfoT9pJrDtFKGtszTrGXjzJOob8OSZrw5PHOQmz8nr3PnmopG1vwOz3Y30F2d1OshrjeDXwluVID8GdzCIYBHVAM2BKv8A2f7Kx6cRkktXil5Q+SnjM2nXEyIkvZjYE7tppO/nudCbzLl5rP48tBDNZJdSvkVRjLuDQLtFDJp+B3/vF4s5/Novfw0RTCClsLqMG02lmqO7bKKR7tfAcbzo1kwwYOIZd8oIJxWbB04GGCcPtBzlMiboZ6gcABCLnD7YWUk4bLYYlzA4gNu50Gc5kT/DcPc3XbROC3jsFslI7eYTHaiMpKBIqoKZAFxvlYJk8zJBmR+hDmQjzseC6PYEklIyUEOLkIPY0cyKJoBs6XpA6L5r3LrN1J2F3FnVrHWO/uRjaB9bQpLTUAjJY6QjNezzGaCqaKnQi5sDFzrau9HChiDFg7KjMUGqug3zAVQ7YTXiTo/XDxCb2R5DZWj7BUnS3hy5pBHlF6zBOaQimCYthyIyU1ZtkWQmqn5kDGOBhPuURQu8DAQI5PuAoIWeFxmGGAeGIYeOOGGGOOGGGGNscMMMbWxxxxxxta2OONrWtjja1rWta1rW7FqZnIzzCPcLRMkM1S21+Gnnc2PnN452Q9XeSnRWRp9UimA2CUkmdn9JmYrPFyJRMUW2ZcZbXGCirp4AO2OZ1ae83EyJIMQ4OATPTL6NRr67mBx8GNqpgCuZ2C5G5gkLdOVVs0BkGoHSMmrRkWPArDZ3yEFR1RrhWkZKCyyz72HkdTxxEEtn21Wabv8AG7pXyPNhis/c+EikzIMaLyo5WMDm95Mj8+3ldbTwktXFLLkWPNkLpgmpkgCuB5JPKRpJMjEU82KRyOJ5IcCXzPaLaj9otZhsxHJt1nsluIjRajfTscsE9CbTbTCqMhI5HDPMTPAmmJZIqSLY5555YggYWyzyva97hmevo5HSlKAUpSgFKUoBXnQ8O/8AS4eQb88XJL+2pWr0Xq86Hh3/AKXDyDfni5Jf21K1RZef57Qiy8/z2hpw6T3+Iw3q/wDgfr5/6roJroDTPo7nEJKOoOqMjyPq0uvR0v7XKCH66c1vZXazNDUnS5oya7gWj/ioTm8o1ixc2qqBowGkFUcFGJB54lSCeWKhBA4X5bP6wwbuXBb71r2TY/yjwpJYbeCezL8ZXez/AA0G1XYhPhBx8Y2E4Gs7E3vB0NlEVOykrxDI13l3kduYTjJsoY7Mj1hNOK2Cx4vYSV4BY0bs9tMJloffykqeBmmz0Uk3m4leE1k4orCj4OR04mT7+VVA8pG+498Hjho0IKPnS5nzudW63apa26fx+HFusEJRzBzDsauoGkCPG0QQsFhVuFgBksuRQBDyVnQuZlwwi2a44j6orZlQQC2ZzIAAEPDN1woO9u678wHPPp/LC0nMuX5g2+z2qiBsOA4XTD8lRxJbglJ/mFBnAm7g5rgiE3JBYiieKkMjBjvJaFMgg5gpCwKU1jVAvcXjA0G39NIKptxrKwpdcbXKYJzfeww7lZUipSUEZGOgoxSSI5Xmg/MEQseMmT5VFycWSUVPmjR0uTCNGRxhA/zpY+UQpy6WNLzNK8ZBzVROVSS7sFthNsEMKGIjSDZc8/3efSJOQngbPpbYAFyVh0gMVtlm9krd7WTsXE4UBGyM2PqxIAW3uZ9utaOLbV2BVTbyQz0bsZNT4ugYs8yLAkl9t0F5E2kVTCoK6qMNpOYBpphkFBUjYK27REVLHDJjAgnBj3aFROvdYuFTi707kolMkBaispvSulCZGESRXo6pNmd4tw3mDctdQa6/Nj4kNRbCnYrkIUwU2+OmqAZMYcoGZxLmBghLEpHjWO5iY7kjKWWK0ZMjp4poiQ7GK/G6kuxouRLFzwEzILbeXCh5KUivdQghsQjZUXEMcIIcO2IoQeeLE4zX6mr/ADpCibfpFfYbXTj73vhcB07FxxrdsXCxtrjraJKLnDZzgRkhqmC+ZgdysqYyBoNRaJK5XIUbxnaDuRxAQchRMFEPHLO9893Rme/mlsRywQprS/njKXFjEk6oCLqK63KuKLoaaY7jZ13GX424jdJ6+YLibASbdFFWFFOMmyamTAYzyEzyUHueVFqzDPo3/CtmtCrfzH2+HcdRxVhm+BMmxxZhin8BLCYC5xsXmEKPsg8crWxxLXbPetg8cQbAWBtbC1v8WxRGEHsNuxbDcesuK43aRPwe2GJHzaSGi00IpcTMcQFMQUIoRTSndzAopo0IEXxFNmxhzZnMUwMKLm+pd/kt1nC7R0l3+S13h2BSlKAUpSgFKUoBSlKAUpSgFKUoBWXTge/GYdI4/TvZ3/new9ai6i5A+l2tOssmbHTFCEbeJMjbbPwnJuwbi8cX85PlAe6eO4jJRb8EO51L6E1O4jOtfz8GslMbaQJ3/wBqKQzwKksSwEb5Z3Z0xYfJNrzptMkdDI21Mixc4H9rhNrzjtjXZpsmLm40JdjyP5fVFjN1JMgqxdPXyppnJKUU8JEzhcmYMiZuZGKq1OfNSZbbu5q+j+sqGjJA/tQ1NhXY7pEKtfMuK7kHV8BWjtadt3vYl2VEs2VVqIMtDN0JSv3nYmWf4hbEIM8dyNaD9udGNSd8GKmxxtvBTLmtrIagMrNvFw4KiY4mmpmQwgTigzns11JCezPOHwS5cFRMNhwpIigCXLgnchwy4OOHVWn3FZx/aFONxvTVTWtqxq/HaSES3BIik4H7J0kHkkcYuYMo+MiS27H29SSMcMFCRg+jkF0qmnxyJEY4VHEJFcgUM3zIRQlFvn3FN5W0WCvMdvJsI1JG1l4vdBlhMQN6N9ja6EVk9RwyMldZdfG6WUhZBnAYrhgIJde8GozpwZg+ABkQtZou48nYeNBFsAHJncbnFzrTxlRaoNCHE1Rd0pv0xgvTxsa/xMVqY5zeo4ox5SXnc4zGZg2VSLqhs8cRWiQNXSEjM4aPGMlZyqa85FniW5PCnxm8gUuFp1281tHl+UyTPRmCTc4s2bDMgMo0G+eWFNJRCrfjeWWe2C4BVRcCydyHCRsDhoyomBjZkfPLG+PScRdHI4ZoIlaNZuinTjxVk+IH40pNjtz/ADhdqVzxee7GXSLmay34Fck4rDeVvBa2mEjvg1cSVNIO9w72USBsoIMXEDMxCQ5zdnTDHlGI6SPOOhWnusVgL5RIult9x2xUtPkOM1E3hkoseHZWMrBh8ragEYGdRpVZpRJTk/PxNfhm2ZjwQJmap03/ADLbeXSceHdGggwnn53jeJ55VdmzbZyCNHmzBh5nuwRopcimU/LLwYEbKKchBpCauiAj2EejbGBL9q40PI5fhuJx5aXb+ITbQNu9f2fMYLMNGDjNXFA04mq+GgMczLiHcWpIzDW2q/22WPjFCQ6gSRXKRJnzJAgZOADjkSggP4unPGhovoDk6zWpGurRiZdfOFgXg8/CjvfkiuUnY3ifsmLElSY43m/zqPdQwwUMkYZyZJWSgGGeyJ3Nh4DYsQkX0bIfr+DJZ04r+Srjt/ODsb+rkQ1t6iX+SqMvzfMz9XE2sQvTiv5KuO384Oxv6uRDW3qJf5Koy/N8zP1cTaFMS/F5xg6VchPIvz8LW2UWuGRVCLuSGRUxliIkyTZFYaaRdEt7BG1wA2BEkiMYFZ78HRE3IMZZwPmCWIImBAUrgZM2G07aqcNvGPpO9C8la26fxqyZIJXHyS5FcBx5Ss/0MY1hmEaNN16S+5365m6dNgCDFjR5DVE84ZKDmCg44hYcYLORGvWkmsOqkgbHSlAkZeIb722kw1MOwa745yE6PlAkY4quZaMuLwY83Y4kZqd0U3i4zPghkp7bQsPCPcQ0zEuUIBFZV0BlP6Riogwft7wP7vve4qVA2tm7jlakyvXMITNLY6ZMh6FVAo4FoUMIW5dOT2/Ez1VBxL49sIGl5ly9szYxcPPTgtyzFzajY7MjgkZjo8SJzau8jsnKDqQyzBLtLvSx+zlzdwp7FB8BCEssTQKpifyJjAZ4CBDZ454Xy/wluH4qnyO3PEk2R2zZWjF5kcU50sN/N5MdDXXCoY4RsvY8kKxc0UEHJHS5ZQTjmIeJxNUipVRTxyx4qXMB1AFejbcKRNVLqoekCMNiVUslYBBPzdsupsgM/nnfPMW0eqUzm2JkHlfLK2RXNuZFL4ZXCuB3O98LhHl4y0fhCDnReAhnVEnJtucCkrZOMdreRWeZOiowKiq4ym5mAkmTCtZdR0UqUMKimFkqulWbYRVPJmVEw4G6sJAZUQ6UxByux1c3r0L5OmFIKfA0ksSemwgLCqyZPjF6s9WQnImikRsADBd7QxLTcQHgVQT4mXcyJ9eaISQojgmyQI2Z9NUShSZLAj5iRSy21HEYs1rx7H7MSSqC0mSy0JMbLVbSKSx7QolIaCjliaYlkAMb37mWJlgQrZZZZ9r2+eWV639leEviy24kdQmCc9PWGsSmsmRD69ITEckkwk7nKpDWvYdWdK7CD2jpQc6yZwvYIysOAdSUzIGIYA5sQEMMPEEh8LXczj8lOtmsekHLrxeneIkghw1vHLWxiW3diNbteFbMowVvXM0qto08FmWoqbxoduRk0BW/i4MVAoXSWwhqbZKr7yBTcFVjF18juHqDOoPGjohoVdZMalayxzD624i+ZNeeZEBYdUjrSeIMGZESlSTX4rOmQTyPmbBCOZo5lyiJmR3DE5kUuZt3WpzUjqr/AOCOqv8A4KUpQClKUApSlAKUpQClKUAqhHpM2vTu2L4bNqEZhpRxddUYYMKcyqMRBEHMnUGLXsjLb/GDCCDFGzujxxk71+wYQd8xsknEC18bC3ytfdXwFCDHDEBGDwGBGwzCFCFwxEDFDExvgIGIHna+OeGeN7454ZWvjlje9r2va97UBXdrFyEa3SVxwRpvsrSo0EeGSUBoD8k90GVshcqwl9vtMjlIDKXbYj3yAeLZc4J9sCt21slNQXMCpFLLnBVFP75y5cbOlu923HAjuhfWJwMSDZe5R91JimABal5XdjTTAtZHabbTSeqWnqjTZzxWip98mWk8m4XN3b5lMWmMvnRyJgnZRIKmWgdw9Hq4aHRJB2VFbRGNcXKorlnIeRkh1yw3IwNLFhBRO+BoUbsgpUN5g9sMNa6fdh+Dr4CiBXKXCzywvcG32+gNJBRWs1UNIbLYbaUnoLdbjfTSSMgoCGkFAiCUjIqQnAFk9KSkwiXAJJ6cRLgEyRQEIsWBCBDwwxZUJD0z6zRZ+Efc8/rm1iXlf124qdetf56jXjGYWqsPzprgwo1TNWnVs0sSMVcrYSHSnMjBbxlBtpDeOoilYFUPvlcsPm5VNYM+E8MTBo6eGrWtM+zT01N42nfsNyqRBHMmLDHTjmexccadNNYmCLjDXWpLEbjUOt9szubaauuohBtKTQU5AEc2QJNFUcXCphYZN5LxNhyn21001s3njFOhvaeN/lRjdJfDbkhPbnjg/WT3u9GjY/i3lnwxHTpaK8L4PsqHreDh1QRKN93/AO3ETNwge5yLXENEc6KsNpyo6W4W64Us+iL6AuJ5RWRVxFVSgpBUSFhKPgmCKklqREccmfTzoA5Q4UGFLmARARM8MgKh9+Js0uefCHsfKwSxGttR5D0ce+EXAEA24mNYwC5IwPp8PMxmI5LKyQkvEi8M2y32g20rAE82XqnkU8qEQPo//Za8dHNlo10J6NZpfLfIfDz+mGJC7FREp6NAhGTblbJOjmRZheSpAq47Wc/FdFRMmSTaJ6MCCebNCmciRtTauBEiJcUIUCwBL6PXw1o7/KyOT0WjwRYJOAR0k22pPKX1qJyi2LngIIZLwasSKfhYEvncMMO6YGwMUvuAeBaxKxfDEK1tjtYDFfrIXY0e7Na7vjpzt8203GxHKgpi00F1sHieSecbys3FEqYST6KZI5ZExkwyUEJ5lr9xyBvha2NO4/Hkdx+KPp/rOUrc6cmarKHBrte5l1yxssQ7IuvKeUgA2lnUMy2nW91zBIP6/wB42BKZd7KQpVzF244UYNvhCZJqIjnVbtC6UlHRy/xglCkhsdG9byBLYKoWfyVxHukqskVvAwEtJhTDWBeybySsAG/+1llVIbWSOmKJU3bA2VOFBi5kMMcMTDHsuP8Ao/XDxGUjIcpNTSBh3dDZWxHE3E90veYZAj5AWhTQR7I+ixI/5Gc0UJYmB0EA2CGSZYABcwAAMAEGICFljNDkI/mD7wfog7K/sYetMzmHJLzzzHVIySJl/wChL/zB9r/0vh/2MRfWyxaPhJaOrKYx1PTQU5NPnxVFWFsAlEAiZUUwIdUx75h2BTyuIdxzotxA7BlgxM754dr21safQl/5g+1/6Xw/7GIvrZSuoia5URZbiyXubR19KUURWKWGHL3NJqqUGIni9jBYQEyBcYqOKHYYuMEOF23bhCYCY45WFKX+BvUqPNdNMhpGKTVCG2c+7LynLks7H7iQc7Q5Jas6Pk7KDxKkrJcijp5BUVExmpQJdEUEMQEunI79s+TRQmGYVjo5m2GdFZSQISmNdRns140WEWK5CVkqR3udBTWXH6knNJXOEXs71EwCYAT2u1DQIS6vnRy44JVJIGxxARcA8sMuEaoanQJpDBTP1r1lZAkdQwwjDlNNVoiuh3vIRNHd7oWHk4RMnC+l5yuc73+415VP2xPrJrApiZsUJ4lyQBcuF2tJUeNCXo5f8TyClZLrCk9lOq"
20:09:00.221 [Test worker] DEBUG org.apache.http.wire - http-outgoing-0 >> "PHuiYn1FKyWGg9UI+2nKlYqiObIK6bkoIymdKWPpR8kok7jWMETZY0GENgGRiVf8ImoUTah8f8Uo0ev+J53eUo5uGUpt2hiNyXfyBsZJ7kdC6ZV31hJJouAqvQimYCYtdHOKOOAhQqkChiA4qAykYNWQzorKSBCUxrqM9mvGiwixXISslSO9zoKay4/Uk5pK5wi9neomATACe12oaBCXV86OXHBKpJA2OICLgHlhl+RrprxEOp0Jx7rtAjUzY8QRWjCoDFagi85HRmipQ6keVxS2S+71decinfNQUjpju6srnjGPdu5Yi4gBhB4c2kqPGhL0cv+J5BSsl1hSeynVHj3RMT6ilZLDQeqEfbTlSsVRHNkFdNyUEZTOlLH0o+SUSdxrGCJssaDCGwWFir/hE1CibUPj/ilGj1/wATzu8pRzcMpTbtDEbku/kDYyT3I6F0yrvrCSTRcBVehFMwExa6OcUccBChVIFDEBxUBlIwat1rpTXTXiIdToTj3XaBGpmx4gitGFQGK1BF5yOjNFSh1I8rilsl93q685FO+agpHTHd1ZXPGMe7dyxFxADCDw7rpYWIubvHV8hpxtKM05jZOvDsGgGWE9qTxJDhyaTEh10KzJWktuyU6XRgEPm30lmrJwkvGFfAsazId44mMChrIOxcWPvEfqXDOmvH1rNFEMKcbPMkoRYzH2/JjitRBcTTniTnm3Exbe8wJDzsXAPPJvu9ZNDmWUsqfbGAWMG2kgDAsQTShQCZ06QjGeycPSRAkzN3N3RVLbSV2M/2yGsrrezXGuul8iqom4rjZUkdwJdzIGWQdjqOqkD4HZ7YuaCztbK33YaiGPtf4ljSDYmQcmvF8QMVrRtHrbzVVldzQWazEYm324k5LTiUFZeVciCSQKlslBZU1BTN3DuOdOGDGYguQHU27x1fIacbSjNOY2Trw7BoBlhPak8SQ4cmkxIddCsyVpLbslOl0YBD5t9JZqycJLxhXwLGsyHeOJjAoayDsXFj7xH6lwzprx9azRRDCnGzzJKEWMx9vyY4rUQXE054k55txMW3vMCQ87FwDzyb7vWTQ5llLKn2xgFjBtpIAwLEE0oUAmdOkIxnsnD0kQJMzdzd0VS20ldjP9shrK63s1xrrpfIqqJuK42VJHcCXcyBlkHY6jqpA+B2e2Lmgs7Wyt92Gohj7X+JY0g2JkHJrxfEDFa0bR6281VZXc0FmsxGJt9uJOS04lBWXlXIgkkCpbJQWVNQUzdw7jnThgxmILkB2VSlKAUpSgFKUoBSlKAUpSgFKUoBSlKAUpSgFKUoBSlKAUpSgFKUoBSlKAUpSgFKUoBSlKAUpSgFKUoBSlKAUpSgFKUoBSlKAUpSgFKUoBWUPpkf4o9u/pfQ1+pUvVq8rKH0yP8AFHt39L6Gv1Kl6gJ/9G+/El6D/m+f/wC26T6u9qkLo334kvQf83z/AP23SfV3tAKUpQCvOD6VLOnzX+fTjt2X8VvHj5u+v+pE6eJXhvxZ8cPkk3P2Hf8A4reMfghweL/jB4v+CfDfgFb8Fd99/wDghS737zG9HyvP76QAUKKHSkOGEgfKlzpE6X46ih0kbBDMlDZQzyITMCYKmi42OYJguYBzzCGBFwzDFDzyDExyxyva4H2OvOf1XX22f9I9OvOf1XX22f8ASPW7v5JYq+jOPvqY3Pu2nySxV9GcffUxufdtAYROvOf1XX22f9I9OvOf1XX22f8ASPW7v5JYq+jOPvqY3Pu2nySxV9GcffUxufdtAYROvOf1XX22f9I9OvOf1XX22f8ASPW7v5JYq+jOPvqY3Pu2nySxV9GcffUxufdtAYROvOf1XX22f9I9OvOf1XX22f8ASPWkmfOYXhA1klVxwpMWwEEo8ks1RyR3mhtOFn1KpBlLARuyeaR3m6Ynit7tFpK6aoXuQV0txLqafRjwYxNVLkzIIwWFlEPmtVNgY2akwwiVhGVIufCfdUab7Y6OznA21wngYGJmLk1IgSFB75InixpNUyI1wjyUqFDiYpFip8oZLhBOUTEd15z+q6+2z/pHp15z+q6+2z/pHrQtMnODwTwBLckQXLE3MNtSlETxW2BIjZJ6kbBusNuO9tnRU5bRc19m6/uBsqYqeeAGKimUZZUSOQoWeIJoTtb3tYlqdMOk28MNJGwWr6cx5JiJeV19CR3aZhZeYFzyo2FERJXAAm/JjDZrosERUQRinfoiLgRMihC2JmTGIeeWIGNfrzn9V19tn/SPTrzn9V19tn/SPWy/a2WdKdIYQdGx+0BGPoxhhlnG4nuV5fJEpPTwabdrhTWq3wfF6PWS7HWc8ILyunEO6J6GaCKd8d9HcyxIIcwF3W0mfBj6ajYe7VYMfKrXeLeRXU21PxCSCPhFBcKaWV0c/wB5KKKTUCffiecLmO9T5QqdL907kaLgD4CBYgYZevOf1XX22f8ASPTrzn9V19tn/SPW7v5JYq+jOPvqY3Pu2nySxV9GcffUxufdtAYROvOf1XX22f8ASPTrzn9V19tn/SPW7v5JYq+jOPvqY3Pu2uGSKl62RExnTJ0po0Lx3HbHRjjheD3eaMzG41myhkMO6G1RaW1UoVT08mBj2LZDGRw8chMsAsO2FEwwyAw79ec/quvts/6R6dec/quvts/6R60ZRPzScFE2ScgRBH+x8BmHw7FizfaobshZ+xo1XOtiHsUwumNyRZLihox0uHDqkIEnJwKW6jWSkfHLkyHfJgwCHnZtNSrqZrjGTrmadwYQieK2QRwUHS+nuitFDb6QAMOETKBCmzZDHvg+pHzBZNSEongYVFhUNFEtLJnFA2XLChtWVbGJfrzn9V19tn/SPTrzn9V19tn/AEj1pa1t5b+FLbeVUKEYInWDnHKTrF73ZzTdULPiJTD2N3zFDBIMZSl+LGGivVSOCADYp6a1lJXPqVws+8C5ntb1bBlEcUZ45YZxjHuWOVr45Y5Mtt5Y5Y5W7F8crXTb2va9r3te17Xte1+xegMIvXnP6rr7bP8ApHp15z+q6+2z/pHrd38ksVfRnH31Mbn3bVQ098w/CtrJOMh63TTJzTa81RQdTk6QGSlah7AvwRum1ZFS3CnBir0eQC62uewMpCymmsR0pbPFw8jPeoooZwEwXCAze9ec/quvts/6R6dec/quvts/6R60ewtzF8LGwsrsGEYikJGc8mye5E9oshvnNLdlGmWV3AqZ3DIkR3I89dm81UUMbO18bn15bTE4H/aObCte16s4lgbVOB2IuShNYcDRNHLaL3Mrz4kQow2e1koO9srh4m1pdBIkAxzF8bhlCvd7mTg98S5UEYfPAPIDEV15z+q6+2z/AKR6dec/quvts/6R62JagbAaFb7RiszLqUPGkvxmgP1wRkpuwlEaq1CeD1a5JGUlpKKFX6x2qpKhUsRcKMaLrqWSON9SCO4ZJiqc7kPYLhO5O5PGTx+EGyd2+fkGQ6aelxrtBsmo/EeL+dIJcwEUMnm/G8eM93P9YTCpwcAmaVU9tGE0sbHBKjmwzAuAeQGSPrzn9V19tn/SPTrzn9V19tn/AEj1rq052341eQBBcLh1BfEFTOA0By5d3IqYxg2w9mpc7kMGRHc8dvpptd+t8koCljYCcoq7bJkFAwSPFyRkcYkaDB4Nu9v3xaccixHDf3KdkexAtS2nuVUj5NB19kKSjS8ntAdILOE1kHEkUvzwQERHXUwMO67dMyULimLptjmJBQuVAyndec/quvts/wCkenXnP6rr7bP+ketRul3JPxM8hcjuSJNQHizZaf7RZByRXEijawy9HRZNZ5FeQGyZVM1+VYYY7cMD2WnOilAUcormFs0GZMHSqaMQTVMyT4/tRyo8PelM3KGuOyj+Z7BmlLbaI7j7HTNVZtkgyXbjjAyMo6pdYi2D3q3RAjYOPbZAhK+ZkplfAM6AXEzwwyAzJdec/quvts/6R6dec/quvts/6R60lQNzC8HuycipMSxXsPAF5HX1IqjILSkmIHjBimuLR8XABOREb5cowjosqLaoZFCKpKOQHMKSqbGBKJ5UyYGCCztx+SWKvozj76mNz7toDCJ15z+q6+2z/pHp15z+q6+2z/pHrd38ksVfRnH31Mbn3bT5JYq+jOPvqY3Pu2gMInXnP6rr7bP+kenXnP6rr7bP+ket3fySxV9GcffUxufdtPklir6M4++pjc+7aAwidec/quvts/6R6dec/quvts/6R63d/JLFX0Zx99TG5920+SWKvozj76mNz7toDCJ15z+q6+2z/pHp15z+q6+2z/pHrd38ksVfRnH31Mbn3bT5JYq+jOPvqY3Pu2gMInXnP6rr7bP+kenXnP6rr7bP+ket3WMRxRjbsYxjHuNr3yyvbFltu1r5Z5Xzzy7Fk234cssr5ZX/ANuWV73v2b3vev78ksVfRnH31Mbn3bQGETrzn9V19tn/AEj0685/VdfbZ/0j1u7+SWKvozj76mNz7tp8ksVfRnH31Mbn3bQGETrzn9V19tn/AEj0685/VdfbZ/0j1u7+SWKvozj76mNz7tp8ksVfRnH31Mbn3bQGETrzn9V19tn/AEj0685/VdfbZ/0j1u7+SWKvozj76mNz7tp8ksVfRnH31Mbn3bQGETrzn9V19tn/AEj0685/VdfbZ/0j1u7+SWKvozj76mNz7tp8ksVfRnH31Mbn3bQGETrzn9V19tn/AEj1+gmdOO8ImRC/kwO49zT1Y/2/z1u6dnwWlHVPuXa/NKw7Hd+8+4dv21+5d07r2gnadzy3V/JLFX0Zx99TG5921/LxHFOVuxlGMe3t2bX7F2W2727ON7ZY3/Cm/wC3HK1srX/22va17fhtQGEXrzn9V19tn/SPTrzn9V19tn/SPW7v5JYq+jOPvqY3Pu2nySxV9GcffUxufdtAYROvOf1XX22f9I9OvOf1XX22f9I9bu/klir6M4++pjc+7afJLFX0Zx99TG5920BhE685/VdfbZ/0j0685/VdfbZ/0j1u7+SWKvozj76mNz7tp8ksVfRnH31Mbn3bQGETrzn9V19tn/SPTrzn9V19tn/SPWqDcLkW4ktCXekx5tXK0HRtIiyngK5SPEuKl2UJAARzWA4pNYWGREUfPx0t9IOhFTQxFVXklNIHgSpkUoYGDLjZYSG1XmvQzdyNA5f1SXoHm6Pu/wARIOrTQbSFc2hLIQIRnNEdTdVERNc7QXLFByx2yK6EZIVMiBoqexKXKGi4wgGNnrzn9V19tn/SPTrzn9V19tn/AEj1pU2p5cuF/Seb3LrjsxKbBjqZ2enN1WcrLK6uzS/hEkg7EQi5G8KYXY1hB4tjPNRRFIgoYlgFoU0WCNBYHAS417h2ktpVthx3ciDNeMg6emWTLTPYLmAZrrWjEAveNg01ymUosthJYRSWYyYh9UzslnCpsUwkFD5MviYBDMGAhhMQ7gZFevOf1XX22f8ASPTrzn9V19tn/SPW4CUSetkKxu/JelRtxWyY1jFpL76fbuWGcg4pjcajXTDKwurByxZIMGhQySeUHGsWJlzJ01njiWJFjBoUEATqbUyY9It5oUQtidWSsfSjDjmVHCiojw+R9VZPfqm1VYyhLxbxfkVjtF0lu8FUoYK92Nohcua7n3ckKYLZ4DZAY2OvOf1XX22f9I9OvOf1XX22f9I9aNdiuZnhD1Qm2QNc57mFgsqZIsUExLfrQJapzq98G+oK6EmOQgVEckfQQ6mmfFFR1hPMC2Sl09iUGFFIHLgKJQ4ULzU022J0K5AYqVJs1JDZMpxijPdWjpQcxqC3XG/c3gho7eXlVLARZXjpjOE8AVS3ShjXWCCSZRBhzQ5AupCqCcplSYGPbrzn9V19tn/SPTrzn9V19tn/AEj1u6+SOKLZXztGMe2yytjjfLxLbfbXxxvlfHG9/BvZvbG+ed8bXv2LXyyvbsdtfs/35JYq+jOPvqY3Pu2gMInXnP6rr7bP+kenXnP6rr7bP+ket3fySxV9GcffUxufdtPklir6M4++pjc+7aAwidec/quvts/6R6dec/quvts/6R63d/JLFX0Zx99TG5920+SWKvozj76mNz7toDCJ15z+q6+2z/pHp15z+q6+2z/pHrd38ksVfRnH31Mbn3bT5JYq+jOPvqY3Pu2gMInXnP6rr7bP+kenXnP6rr7bP+ket3fySxV9GcffUxufdtPklir6M4++pjc+7aAwidec/quvts/6R6dec/quvts/6R63d/JLFX0Zx99TG5920+SWKvozj76mNz7toDCJ15z+q6+2z/pHp15z+q6+2z/pHrd38ksVfRnH31Mbn3bT5JYq+jOPvqY3Pu2gMInXnP6rr7bP+kenXnP6rr7bP+ket3fySxV9GcffUxufdtfzGI4oxt2MYxj3G175ZXtiy23a18s8r555diybb8OWWV8sr/7csr3vfs3ve9AYRevOf1XX22f9I9OvOf1XX22f9I9bnHU0IBYrcWXi92xDzOaLcIDqrhdLqRWW3m4gpZXHtzKksriuWJpiWQL4fwhzh40AXBx/hCCY2/DUTtSdteNze5WmJH1FdUOTmNAi43W7KCk0YyOhNlGVHYCuDt6yI71xlJLUfRBUBba1mCssFZc6NhYlew58K5grYcDIp15z+q6+2z/pHp15z+q6+2z/AKR63d/JLFX0Zx99TG5921DGKdsOOScNqpp0miheix7bM67o467MccpUQreBVmECig20hQxFfp1hFI1WlJKV3aho6yiNt4LC0jK4x5LVE8ofRVoungZEuvOf1XX22f8ASPTrzn9V19tn/SPWu7dfa3js47GG0ZN3GUo7h9lPt5Bx+01XGEXTIRlZdoqMqODFKBQ4rjp8L4GFklGUDIikcSy6SCIGATFPYHTxEuZjDq3y7cMO6U3NHXLWiS2fJMyPoBxmmw0stTZ3ZgJ8u0myrvBwDmHRIEENRnpARFvoSmcwzWV9PxOmAQEtPuaVjxAiZAzX9ec/quvts/6R6dec/quvts/6R6187hbSccmgjSQnrt674LhVHdR0ynNMkssguvu13GyNi2SiG0WAzGs5H26sEux0jZVHb7bUQEvJQT8VAUtkfJ2H4PptvZxY8gKi5kPUiR4Old1M4pkouZjCxoox7IqQlBmwU8ZZMxzKTGZL5yQyx8yVIGlsBvipJQ8cIlDJwIwdKhjA6SeO3r7T2hk+685/VdfbZ/0j0685/VdfbZ/0j1u7+SWKvozj76mNz7tp8ksVfRnH31Mbn3bQGETrzn9V19tn/SPTrzn9V19tn/SPW7v5JYq+jOPvqY3Pu2nySxV9GcffUxufdtAYROvOf1XX22f9I9OvOf1XX22f9I9bu/klir6M4++pjc+7afJLFX0Zx99TG5920BhE685/VdfbZ/0j0685/VdfbZ/0j1u7+SWKvozj76mNz7tp8ksVfRnH31Mbn3bQGETrzn9V19tn/SPTrzn9V19tn/SPW7v5JYq+jOPvqY3Pu2nySxV9GcffUxufdtAYROvOf1XX22f9I9Z0NO+aL5pvLhsHynfNs8fvl3eOyTs+Qr5YvFXxV+cK9Tbw8H/Kd8ljj8OeKHfXg7vr5PUfw/3PvvvZF7bvXH16vklir6M4++pjc+7a88TiDazYUelk7+t5QbiCeQCkv8jgZRDOJCeaRyoZKZ1UMmGXTBy+ZIHAoHa2BbEMDHEDC1sQrYY27FRa7p2jckWu6e3RiQHXnP6rr7bP+kenXnP6rr7bP+ketoGz8iacaaQW+9lNk0qPo4hSNA28K9np8k5x4eBQ3U7EJjoOXi4wmc6XYpd/uhzIiX2ElBP5Fe/e/Tti6cWNmy9Uduf/AIALFy50admsSTjVgMgVVT0k2nSke4ZnG2RcYRYUtaCqYCXGxyxyDMDGwwMscscrCdi9r3pShvrzn9V19tn/AEj0685/VdfbZ/0j1s11qlnRTcaP8ZT1dcOvU4sSxvwecXI/TWgsXRVTuWJjwM5UvFPDWmsuWLCBmckRyJyUq4lRQTOROwAwQmfHtd590P2uemxUeQDaPn68NT5YWIPn9H+Rpda3iDKKArL6GrNjwg9GE3Et096KjYXCvhplHXG3R+8e7llYYuZJjGAZdq+N+U9mOvrzn9V19tn/AEj0685/VdfbZ/0j1sv2tlnSnSGEHRsftARj6MYYZZxuJ7leXyRKT08Gm3a4U1qt8Hxej1kux1"
20:09:00.225 [Test worker] DEBUG org.apache.http.wire - http-outgoing-0 >> "nPCC8rpxDuiehmginfHfR3MsSCHMBdijC6tEooBnNYTYabMQCskhI40iPBvNZmNdMYykkl10q5l5SdScjht1N8EmgDhkResnCEcM74Hgyw2AgeIGIvrzn9V19tn/SPTrzn9V19tn/SPV/qnzy8AKStG0QxspDxu5FUsjG3Ai60TU42GAoXzxDxDzklvwYpx73DPLPC4Z3Fz3IiYCBCBmcgxQ8srdYhM6pz/HbaluEAYLliMXiTyPth9sBNZLobCyXDGELGLE1ZJKmitzJE2COQUiIgmB1MUS5lPUC5Y6WHADAxG9ec/quvts/6R6dec/quvts/6R63d/JLFX0Zx99TG5920+SWKvozj76mNz7toDCJ15z+q6+2z/pHp15z+q6+2z/pHrd38ksVfRnH31Mbn3bT5JYq+jOPvqY3Pu2gMInXnP6rr7bP+kenXnP6rr7bP+ket3fySxV9GcffUxufdtPklir6M4++pjc+7aAwidec/quvts/6R6dec/quvts/6R63dYxHFGGOOGEYx7jjja2OOOLLbeOOOONuxbHG1k21rWta1rWta1rWtbsWr+/JLFX0Zx99TG5920BhE685/VdfbZ/0j0685/VdfbZ/0j1u7+SWKvozj76mNz7tp8ksVfRnH31Mbn3bQGETrzn9V19tn/SPTrzn9V19tn/SPW7v5JYq+jOPvqY3Pu2nySxV9GcffUxufdtAYROvOf1XX22f9I9OvOf1XX22f9I9bN9m5V0c0zi49M+0SrBMKRoQOlku7lebdbxbFSWTgY4xRCbyQTRzi66HAaLlTZosgNtLVVkcmSOmwiORYmaFCixqHyVcQm9z7MRbq5LsHSFJgCcYVgI8WomccVPhYSyZSygdUGy1JgjpgrrrJkk691M6YbJBWCKJmOaiZyCJB5j4gZb+vOf1XX22f9I9OvOf1XX22f8ASPWnTc/lJ4fOPWWEuD9v5Hj6IpRWmOkSQmtf5tUtP7vllrqw4UBKWfDUYQ09W6D30rNVfKeDjCsEqgd4d3MkQSxokMY6ngLm64LdoZkj3X6CZqYj+l6VXCA1WEzy+pGwSEIurhgEcxgVyWnTACG3EkHAsWMGTKitrCamEy4Ao5s4ADhlnYDPH15z+q6+2z/pHp15z+q6+2z/AKR62L7Zz9x/aLR0DK22rlgiEGOdUM0lHUHU1UgwquRXDL5nBklotRCQFd3PBVAJh5nDCa10JXPFyeGZocAMvjcS3S+nXIHxQb9uJeZup0nwdJz5bRDNWWI+PxerxpIgCODmCEZWisfyywmK8lNFJCmSgSgsJaGdTE8U6RDOmi+Z4piMBlQ685/VdfbZ/wBI9OvOf1XX22f9I9az9391ONDjiTY4VtzV+PYdJS2ouNJjzLCBntIxlyH2iWRzbiCCIRPGT6PkMEwBfR8xTKsWIFRcj4IRYYYWwmGHT+ofKdw+74y7jBGqT+Zspypk2Vt5eLOerE1MMLBtN3MiGsKgzikuEGc1gMCoqkRCxLjrYZw0MaCCJlzAl742A87LnF57PLNtTXZsfNS+bf8AIG4ZGXu/vlz+WDxs+UBNaCf3r3t8jsW+AvBPip3bu/fCz3/3/wBz7iS717czd60um/8Ais1Gy2PJi9/eLjeRUHv756XevfnghNLJ/fXe3zTTHe/fHe/du4d8D9y7fufdhe17fLsDptrPaTXi3j2EbLWbjdzOP/YjA5mhIiYkZmsAW7EmQOJnJPKl7j4hXEEuFiLfKwdxM74WtfLLs7XYniiLRItjUQSNWBnnmwGdnnnmzW7lnnnk3U7LLLLLJOvfLLK973yyve973ve979m9AYg+vOf1XX22f9I9OvOf1XX22f8ASPWiaVeavg9hSXJOgmRpYayTKsNPBWYUltZJ032PeXis7EM6ZTlNKMLjK15cTcP9xOEzQIR5IWFBNOdwEEJHDIWN865prnyzcOe2MzsnXyBHuiPSW5EHWSzPbJ/TnYdilFQZvtxYdqtiM65D1/ajOSLFUBBVTuOa04E4M1mWxIk8jCiaKFBwM0vXnP6rr7bP+kenXnP6rr7bP+ketijGn3Q+Sdqpr0lZdo+Wtnddmu0XnMcZfI0up3ie2n0iNVxtVS8c1ZhEY+cHhVGezYOd5tZ1rZ8j4T73USpM0SUACnbczj6ya9xLJE5y+1Y+aMWRGy3DIUhOn5NQV/xfZ7UTDCwvq/gRsNpacSt3gnFRzHg9ESFJUNdz7iSJGR8sAsgMSHXnP6rr7bP+kenXnP6rr7bP+keth6PsHoWv6gDb6pN4+N6ngRYuzULK3yML4HaRm2iqgdWnL4jGWCDJOXeRZKPi+BsWddwGe4doUShxBQcBOzIAcWqO0cNR7sDBTej58xFKqAE6GE7vkvybPh5CGMGCgZ7wC8Wo33Ol9sYKmA+9llFTjlu59vkXthnhlkBik685/VdfbZ/0j0685/VdfbZ/0j1rs112v469tJenSDdclCP5YkHWpYyb012bkGO3BjMtwYqhxGshWlpUjhPiZyLQqinKgJZKaT2Xj5oJIWTZYuKTSFMwVmf8ksVfRnH31Mbn3bQGETrzn9V19tn/AEj0685/VdfbZ/0j1u7+SWKvozj76mNz7tp8ksVfRnH31Mbn3bQGETrzn9V19tn/AEj0685/VdfbZ/0j1u7+SWKvozj76mNz7tp8ksVfRnH31Mbn3bQGETrzn9V19tn/AEj0685/VdfbZ/0j1u7+SWKvozj76mNz7tr+fJHFFsr52jGPbZZWxxvl4ltvtr443yvjje/g3s3tjfPO+Nr37Fr5ZXt2O2v2QMIvXnP6rr7bP+kenXnP6rr7bP8ApHrd38ksVfRnH31Mbn3bT5JYq+jOPvqY3Pu2gMInXnP6rr7bP+kenXnP6rr7bP8ApHrd38ksVfRnH31Mbn3bT5JYq+jOPvqY3Pu2gMInXnP6rr7bP+kenXnP6rr7bP8ApHrd38ksVfRnH31Mbn3bXwEimJgQxBRY2jsIILDIQUURnNrAMMPDG+WYgmeSdbHDDDG18sssr2xxxte972ta96Awj9ec/quvts/6R6dec/quvts/6R60SOLm34FWtJZyJ1jaLXKzoTl2zaPq6XEjycEYk1nuowPepma0CLlOGgArZlx75HhH7iQxDBFGyNWBwyztPrYyctEdT9cVXbidjUUNbXFGJMpTNSogxoLJaGZS5FW0JushVRicXNB6LjiSnIquZCDT1NASlMhkUUQVQUwElYDHQwMcPXnP6rr7bP8ApHp15z+q6+2z/pHq73rGfR0/OZj72M9oP3a6uOhV66h7DQMz9nIjRGA5YOfrRMP1qPk9FBloYKbQLd+3FXRG69Wg3XYmFO5p5owFirIJEwYKYBnC4IpUwXGFAxadec/quvts/wCkenXnP6rr7bP+keryQukR9HjHDxFA2LZQwWfZ7UQLSnacQPLtcr45drnhrRfG/YytfG/YvfsZWva/4bXq4wq6dTDevJfavBvsACBTMMhbB4Po/FYyZmDEIzIxkfF2HWmpNIo9k/INmZWWDLePtss6Sl7ZpppEBVgxCGIGKrrzn9V19tn/AEj11BsJ00b5d4DnCDvJs+KvyyxBJcU+NHzxfDni38ojMWmh4e8C/NYR/DHgfwx4Q8F+Fkvwh3v3p4RI9275C0Uh9Ih6PINhiIFsUyxQ87dnAQPSjafPDK3/AM3HPHWe+OVv/s2ve1WRbvsuHl3jw29eTZYLJsQWdMJ+czeUrMRNRz9iahB7sVUk9YqeRiKslG+4jFzFi5wsTUSI38WYALmQsw8APN04S+kSeR0gOWIO+Z984v5T5fzlbxo+cD8kXgPt2Y12h4B8C/IlJ/hPseLfhDwp4WT+z373p4Ot3t3yPc/15z+q6+2z/pHqS/Qs2SzHPoftUbcjSbDhNl9uBiwBlcQUpWMAF/kcjIXuAIx8oYEDB7oIIJ3LDLHDt888+17bK973+7uckHEzxyvRmx5uW+I+hx4SA1x3m0Uf5ucnSF4WbRZWNIY6l4QiuInwlkO0VCZkr3mpnSR/Lufd8CuRfMMbIPiZlr685/VdfbZ/0j0685/VdfbZ/wBI9X+RRzxcCE4ShHMMRXPDFdsmS0+WpG0etYtp9scnDuJ6vddIttsIoais67pqMnXU1pSJE7qCuop6URxFubUjxMkCOYDsS252I499Do+JSjty5oMhJmqqiIjoJpyM9PUVtzqwINjJlNaLObLcXHk7j5MrliaPFGygKo5EtngYN4Ag54Z3Ax49ec/quvts/wCkenXnP6rr7bP+ketWmnG/fFPv6vuRoamyTCcnvdpEM1ZwR+eixajSRSKMEOWKmFzCPpZYLFeh5CKGjpAsdXE5CNpJIwoJ4Bs4CKfJ4Ddr7c7G8eehzDTpJ25dUEQi01pQGSm8K5WimqC86VIqEGOdItBmNpurjzdxpPAGAMKILaQFTNOAHLjHrFwhws805CcomPTrzn9V19tn/SPTrzn9V19tn/SPWqPT7kR4lt9HcsR7qtKcISNIiEQHVT8cq8VLsWyJmklbB3OqyYw5fj5hO1bSk/EcvmoqSKjKBJODNFBDo5fA0XyFsY+SWKvozj76mNz7toDCJ15z+q6+2z/pHp15z+q6+2z/AKR63d/JLFX0Zx99TG5920+SWKvozj76mNz7toDCJ15z+q6+2z/pHp15z+q6+2z/AKR63d/JLFX0Zx99TG5920+SWKvozj76mNz7toDCJ15z+q6+2z/pHp15z+q6+2z/AKR63d/JLFX0Zx99TG5920+SWKvozj76mNz7toDCJ15z+q6+2z/pHp15z+q6+2z/AKR63d/JLFX0Zx99TG5920+SWKvozj76mNz7toDCJ15z+q6+2z/pHp15z+q6+2z/AKR63d/JLFX0Zx99TG5920+SWKvozj76mNz7toDCJ15z+q6+2z/pHp15z+q6+2z/AKR63d/JLFX0Zx99TG5920+SWKvozj76mNz7toDCJ15z+q6+2z/pHp15z+q6+2z/AKR63d/JLFX0Zx99TG5920+SWKvozj76mNz7toDCJ15z+q6+2z/pHp15z+q6+2z/AKR63d/JLFX0Zx99TG5920+SWKvozj76mNz7toDCJ15z+q6+2z/pHp15z+q6+2z/AKR63d/JLFX0Zx99TG5920+SWKvozj76mNz7toDCJ15z+q6+2z/pHp15z+q6+2z/AKR63d/JLFX0Zx99TG5920+SWKvozj76mNz7toDCJ15z+q6+2z/pHp15z+q6+2z/AKR63d/JLFX0Zx99TG5920+SWKvozj76mNz7toDCJ15z+q6+2z/pHp15z+q6+2z/AKR63d/JLFX0Zx99TG5920+SWKvozj76mNz7toDCJ15z+q6+2z/pHp15z+q6+2z/AKR63d/JLFX0Zx99TG5920+SWKvozj76mNz7toDCJ15z+q6+2z/pHp15z+q6+2z/AKR63d/JLFX0Zx99TG5920+SWKvozj76mNz7toDCJ15z+q6+2z/pHp15z+q6+2z/AKR63d/JLFX0Zx99TG5920+SWKvozj76mNz7toDCJ15z+q6+2z/pHp15z+q6+2z/AKR63d/JLFX0Zx99TG5920+SWKvozj76mNz7toDCJ15z+q6+2z/pHp15z+q6+2z/AKR63d/JLFX0Zx99TG5920+SWKvozj76mNz7toDCJ15z+q6+2z/pHp15z+q6+2z/AKR63d/JLFX0Zx99TG5920+SWKvozj76mNz7toDCJ15z+q6+2z/pHp15z+q6+2z/AKR63d/JLFX0Zx99TG5920+SWKvozj76mNz7toDCJ15z+q6+2z/pHp15z+q6+2z/AKR63d/JLFX0Zx99TG5920+SWKvozj76mNz7toDCJ15z+q6+2z/pHp15z+q6+2z/AKR63d/JLFX0Zx99TG5920+SWKvozj76mNz7toDCJ15z+q6+2z/pHp15z+q6+2z/AKR63d/JLFX0Zx99TG5920+SWKvozj76mNz7toDCJ15z+q6+2z/pHp15z+q6+2z/AKR63d/JLFX0Zx99TG5920+SWKvozj76mNz7toDCJ15z+q6+2z/pHp15z+q6+2z/AKR63d/JLFX0Zx99TG5920+SWKvozj76mNz7toDCJ15z+q6+2z/pHp15z+q6+2z/AKR63d/JLFX0Zx99TG5920+SWKvozj76mNz7toDCJ15z+q6+2z/pHp15z+q6+2z/AKR63d/JLFX0Zx99TG5920+SWKvozj76mNz7toDCJ15z+q6+2z/pHqqHmR6S/wCVs1HTtWPmVfN/7wl9myt49/OP+VXuviiiO9H8A+LHyDRv3Pwh41d8eFPGHPvTvDuPg4z313Uv6jPySxV9GcffUxufdtZWemEsRjtviabyg3Wa1EE/ltxDpbI8it1ISzly4jMlvMQC5kiTAGuCJkGHlmFfPtM8g8L5Y3vjjewFBfG90tPyfOksB6c/MB+Vz5D284EH5RfnVeIXjP4de7oeXfXij8296eBe9fGTwb3DxnVu795d+d2B7471Am/15z+q6+2z/pHrQZ0dCOY9WuFnQ9TWGGzFZSNsB+5mlBTa6GfPGc8JrkwLDIwbNERTA2WAQeAeOQgmV8Q8MMLXtjja1rr/AJJYq+jOPvqY3Pu2gMInXnP6rr7bP+kelbu/klir6M4++pjc+7aUB2DWAPn0/pTXCv8A8OT/AKikyVv8rAHz6f0prhX/AOHJ/wBRSZKA3+UpSgFKUoBX5a4l3W0RYRcVJURsldLUEuywhmsCS2lXPlBillJHOiAmAyioRuL30nmsy4+Bc2ECLkCLjhfDL9SvqKCgRSSB5VVDhVOTEwmZUFFQOjhlSZEiTBzMmzhsyNlgCXKlS4Yg5gcXPAMILDMQTLHHG97AVmQNqfoLw1aXSohkjSYwdc0QR7ShOcjzYrJjoXnoK48xcVMaQ3AOkkxnycMEhybMa7fyTDyirAXS22mkFVYUr4qFWHRR2e607SzZ+UiTRX431tn3eSa5T1Hj1wA5FbocLGyzdRCZxFJ9uMCUQM1FHGbAAZQa5IdUZ6uoFcRADuB490/AMWrvSTp3dO3WzSs407iN11mJdZOnOpyccUG+m7TvFhmMiK9sDPQhYQofU29cwNiRQWsHnh3pkMqssIwll0Z+m5R1XLArdiCLlYw22MZEakYMJQMIUbRm3U3E6KgMxvjDJrJYDTLCJCR32KnpwKG1m8AKmJ1x8iKcGITLXtmGS1uP1Ak4pro1Hpuhir4YeY3WPWmA95JffMY7cTEsTzyI7U7UzM+te9ZpBlmP4WZz+UG2G2jMsSUTATGigACJSEoOrAkVVlU8SS1fv04VLWOFwxNjWs2zkFbiQoydh9b5ERpQiKQSIx1tutGxOFrZiEzQxBUSVZJVCxFZb7gRVEuZTVtvrienrCSfLjFTxMETHsXipxz7l6J7Y6dX2I1JS2XEmvoKxInj4zVZsx9Ew0YrzbUlAJ6Cyu02wpm2u0DyklkwHmYPKSkJZSaCwjuA+ZxBOZYA0idGPkGNIo1k3/lA68WxFOmki8o0rJmp6k+FckyGeoIzoFaTXaye0R3CYTiNy7guKzGkikid8bG3EkKKSBhmokzgISmfQdIJ6bZG8bfuksOlafiQtov/AIcdc/8A1BxvU6n9tK49NOK6M9gGZAEubQvZo63wSWZkHwq03K7Hi9XMtMhppaYCas1m+5zrbaaZmYzWHe7R0Y6AhoJA6KWJKiuKlo6jV90s2XGuS4xcdXUs8XXp225nSD4/hqLkcwAeezwNoMiIj0Pn0dvA55KRxLAMoCS3BFEIDvTBwOluJWQ9jasVBF7l5jt0dhOLrj10/Y0Aq7MZcxS7KGv2mWE6vtILOFhQaEdYCkGvyaaTVLEZDUz6dizs8kks4ih5DwT7rCweT1CySGQNTVFovLfQaKLReWX4OB7Gbzc5+l2pom/OwcG8dDqh9kpzPfE1avRsNsU29h2CwXatIiWOQIy45ng4oyXHuzbL5PF5AhRyGjFRCqwOhDuAunl7KPZfLVzJyJpjp1oBuFqlHTXl5r7kzXBKP4qvJoupzu9Zh2ZIuXJQIgRyhs9/MvIOWFZOJpCc2glQ8vol1Q9cmYSD1xQhgog8yvHvEMCcR23Eq7CbebWbMTiVicAs1pB2L21ktEYq1JKwuIti6aw9dGY9GRr4BirGcjebZZ"
20:09:00.225 [Test worker] DEBUG org.apache.http.wire - http-outgoing-0 >> "nyeuhRLlQgAsD6udKCKY0PuSe9r8OPReL2va9vlt4o7dm1+z+G2rZS17fg/wDfa9r2vb/3Xte1/wANqref8TFZG9jleFZEknmMJ7u5YLuByO89Wruuq9v25tGtD491fj+yA45F1od8yS4/tyUJgrThTUSyopPVolWvBqGpF8FhOHWCKenPZTbeGZoUyhKeZA2UCtWnTW7Wvmr0SggCVjMppuvk6oEG7SEGwynhiy1dxpK6ziz6ZzUfhkBOU8VRBLWdJBTVUQPEva7jREdSANgGUktnbrPn8/E18hH5g1L/API4m92Kiyh8hDT4yOjp6S7SLyME73Wm6KacsaGo7zGHBykiZnnBrMJMlqXzK9g34NCyLqLoc1yN/CIbQbbgGS8B1IMoXGZjy6GuU3WFfg6Y6Ua7NWmNxZ205yZjSWp7mh1Q7H2jsDMltppp7pzpbchs4PNZjZpoZTNUbaChswqqsexpCTy5JTMOhLjoPt/GrEre0l28b0Z7m6TaX6+cgSW4pPXIHbGvb4fSUC9lkglO2d40jEk2HCoveyWc71faOdV1B02Ppa13+lqeKoYMCBiC5hjYRO4v+JZaYL5D5IeRtfz2P5QZiSSjgWHG6wgDjL1SR1kpmYIw3BjXvYRGbJtopp8Ruq7nTAu3K5+FURmip6IfXlF32Bb08juuPHSUglb2aGezeZk+y8jwqhyIitwqpsJiupb7iMUUJScRxYSgGe2sEyyqtjqnc1EXFHbjiOBEhvBuQYiyek+sRCQSSeko2lE9IZ0+ZCbIN5VJx0243uOsLGWttNat2mZIkoywyWkpN5naYR1DgjlasillmSFVJRCBY4CvYpB4Fosk6sFzx2OACuIIjmKNBNO7IayG9KSiDUyJ9N2RuVEiLHsP7+ouwUSrurMxQyRQmhNckulYc5Y65ihdXZ5cquSOmgtc0qPLAwo2WgiCyTTBypoDJeMlljWFHpx0qLAY6g+SISY9j7PbJx4JoGNsAE90mkUkO4CIOGOYmOARRWzNlw8bCZ2xwDta2eVrdtdD3G9eiw9ppq2vKfBzCsZ2m+zWt2svSSuble2R2DhDXxDczNglIbazN8rsOKEpwqpRnxkcNJiGovxfQCasoFif/ajBIgMYMglv48QLEL+HWzGscekUBQVPnSTub9HnWFYlmpIQGVA6khJctRwzpHTkVRMtCMiphQSSLxRlksmnRy3/AGcY0TCBHFA/icxMg/4NRflO0Yi/KdoxqMhDcjUPZpVXEHW7anW/YNcbKeXV3IjQhOMYyuqt5KNme8yqmuJzDdC+cSU8yc/7KXOnwS5YYz/EBi5C/wACox7W8SmlO8WxEbbF7XMd1TaoxMzgGkyoheL+cw+vZMyAuq65d4qUQFDhRvLzuN+GR0hWMLVzyGuIhJIIraCoZJCeOXlxEur2s8BqKssQVrtBcKq6+SBTV1UiWJGBHCitJxYfvounqx5nN9GMqRIAz/2gEqcFGACH/jsA8RP4Vd6VSmWzoj5QqQ44p7IkSxckSJcg+xpQmTKAhlipQqWakPglyxYuDjgCAXABwwCBBCwwDCDwxwwxxxxta3C+KNoo25POnzRbuy8QKvB06iy43dKdbcVsENUJRghsxQkBlPg+0Shy5gu3Vg5aNSY2CmlYlzuQz/kXPLMC7oVcDfPOiVfi7Nhf/EP2U/ViIa4txNOFF1B5webHSuV1Em0XltPMbW3Y12CWTASaBKTWfp2Q3o+wmgYOWLAr6kiCyMlFhE1KubPd2aj+7cPPFpq4xdnObfCoWZm0iiox+ZyHNFF0k6RDxG7YRAnFmgY39ymDVPZZIbwASUmSWImhMpKbDkd5UpkWxVl7JUk5mKeaiN3QcwYidrCGu75k7YGuP7y7oxNBvSVIPW5JQpbkILXjjMdAcdRjBEUvGbJZe06TPKa6RPNpnsRlJ58533lDw4zjPKqsMjIxVLRTYRxWDNGkkmf5hyOuNF3L6Qlw76pROolHWr6MDTPtpsidQRw1UlGaefAYiozUZ4mSdjQaItmleL24nYpZqwJ0LOUGcKbwLgLJIxa4SO92dMXnyZzhpoDHQzB3kiyJ24vH3y+I7YzaUphiZwFW+4bEomkousHnjILcQsB0E84UIUqnk000nD5YlDBhrLPgiv8ACeEb4T5jJby7J6aHDX3ii/f0T5WdSOQdwyXHcOqciMScoa7kLK2uc+R4txDOrETxzBcmCsq7HXrjWMpFjpsmRPHEVSVcUQ8fSii/ilGFpGDP5z543R1j0R6VXMs07ZSqnQ9GKjxyNNhk3WqILucRYd2rixHCslI1iDKb7lV8BTie3lkziZET8CIeJLPAYyGKKXDFkrJpltvXpcWsQ+v5kgprsZaBSKV3aOM/MuMWTk8ynysQj9DkUZO7ONnQTWnNCw2YKve50JINR+Wvl3MmRALfYYpcAz0vmcgzAIQ4fktkfLuYweAuHbWdMP8AYy7XPHLHs27N+xfsdm3Zv2P9tTfx0mWJv46TLELea7ffj/5sYVYmiPHibbG1e6L0lyOjEZSMotc/DSJBiWQcFh3atCybOSNHJ48XXkK5xAHa7AwdAiiGq3UBiQiolJJM3tUjVvLjRjpgtNzL4rrcjYZTVbzgdA9xbjuRcRUIgmqy+NcfLMe4qwfLGFES42eQvbmcu6ZZZ9m96EOkqs7Q3yYuxjj2aS4hSJbTmGeMavOFSLNtOmW84lhgLsAhGCgHgC9TQZpbsXAeRFCEGTrMnxgNuALBGJmzBewDh6c82PPi70VdOxJhfOy+t65R8dc6k67m83SsEs03tGiuOYc//wB4m3CuMrBuq60fUr5qZ9TOmjqiIIdHHzyZie8mztvn3o8bJKUpQClKUApSlAKUpQClKUApSlAKUpQClKUApSlAKUpQClKUApSlAKUpQGTjovTRRtjUXfjldkkgVc+w22+5cptxLequCGoqzThdpEmusN9ktVQN3MGW+hWUnQZRTKSlDhERm+yGGmi92LNxNCKIraKLob0qF3w7DqcWaENck+jYs5vSOm+AElM0nM7FcL5yGdxJDJ5FyhZZGxid7K5gYMDILM7LLqHwCxzO5ZFf0+i9uFF12Z2+XFtIKiTbmwmoW68tKgTGVDARFZckMuwi1ExqP9tkDVixlcbx1SbakoCKqUWGIF0RyslRHEBAdCVcz8GC40Xd7pU7glKIlEo7Yr429DRIYkZ+IA4aq07TVIDnf3/sSAuE7GSA6+CQlpzJ5wmEYwsUUYveCcMJgfSDZXOvPx7hTHmqTOiQRZtrrBV9Ovhdpxv1H5NIQ175ZOeiWXdGG0ewMku3Y2JIfKMjVfXh+T252bG2o7MdkTLbvdppulizcaDXMrhYJMxyV18sdOGW0YyLEBQU8cfHUFpBvrq9yIw3hOWq0ihvpoFVo21nOmH0tRbbzYTwTwS5g+0ny0VkAsrt5bLFzRYyFYYEVOVCJgBTRFBTTDABwTpDjr3b0u3EUNqRNZY8EhqT4intyx7s/HjzjxixbLw0lolu5HHy+UJorK2cXk5YUvDyGmPNwnxFBQWm26SAmAWaaJkNTnwimEF2cxvP7Jeugyad1WXZWhpIJrbdyxEj10zwnE3oYkBSbSin3zR1fPB2mJAVVdRRcjQZgo6UVT7sIUV0sUzIQT1aHgQgzUXRobJoi6Tc7u5Ynupcge3EZ8OManzo0Tstqg7icmq+jGBQi6dDDC7g5IX1vUjpfLHuSlN78CbKy5krAwnrpFm2bbjS8ziaIsghfPomX4lSCvzo7B/tZcdRV1Z0T6QLpOmbjSAVA4i5alLbyQ3hNWwEzSPIm3xyQl3MZEOlkZloeDejBtIKUxY+Im1wOPmvgn97odlw+TsbyT+8yxL9rojB/a8rxroObuQ4LN6lEVOYTcMiM1RfQ2yitI4cpLIjzTX6lroBGMC7XEFxPgtEdCWbKQuWRCyzctjkZEDf7wn+eB68WSK9eCOXGfywa+66T1zRTA7ou2xnV5SpyUzKqLBbV/W9+zcVjvXeJ8PFeLH3JbtSACLPayEoAGncVIkzDiHVwQm4pnREksmDphpQ1mafbla475Qa3ditWpITpMi5xGjqV4SKlT6Urt9yJWJfJaaLubiwWJLTZdCPY2UFOJKqTAEFInU1YT8zyIrJSkdjdxmbt6SbnQpJkqahM4pDSE1paeiHN8buVgsmHpDaMmo4RUFccMqMtrKagCnqS+kp5M0Xca4dEPqKemZk1AYueQlFOTqeejZYoi3shzpyJCfe4unb05BDdtfDzewDwj5UWU5TlVQkRTYOJTHFK8XzyC4YqMpXgzHAtg2xW2CGGEAEXCwVzLjaa7qsOM1WEENW9KUoBSlKAUpSgFKUoBSlKAUpSgFKUoBSlKAr63n4ydV+RtQhXHa9LkJ8sqEVxxONMiVHk13MyLH4quANCxBMyi12sfTBHfk2xUAAds53UU8VPsoLhEwIdSlpRTx6Sujvx+x4p356QZGkaNJvMOPmJuhHTVZjMaaUTQ202G4iqGwZFJRURITwgCSenECgIQBYsXCwDwwwt+C973vfV1WXTge/GYdI4/TvZ3/new9AWl8uO+R/QfUZaeEcpPjrtDNDlQ9e9PYtKAAqKvIOxcoDZobIBLIwuWNlNKaggo7vXS42RcqfKo4TeudKqC+md1zw8JWomejnPftnr0rOQ6+JBROMuKnjNMgqSgcVT8hTvJrygiQZmegyioZZnjQC5IbjXx0rI5lkaCRcU0AzmIOCIJnY5v8A6F8rUw8pMI7x64mdCJDiPVmK1Jta5RFtg85+SiTKlR+FcwZLmE62Ytj1UInnoZL3KobbVBHYMVIJaM3VHBGJuBGLKN6tNPj/ACvZ9Jg2VEezc0BBnIfVuAwNqCrYcewQ0VJ2sN3fAtlhQgU4qIgbsUZzxb/gvNNT3+UIsTNXuoBmTuBPEtnmzI65qN8pp7VV0aUXm9zvbLxdEXKBwXoksmHOMwo8k/ZPY50ITHZrmkd6rjqaDEbKTBCC0mEzU1YcbkcrskbE810MsST8sAVFRBNHTaclFlNSJ2pag8yeoG4M7rOq6Wmzxrzs+lIRh1Ete9tYXc0CSm6WsULjHTi80kNxZmyi2AUTy46qMlhqQTisilj62Gi5o6UrHiPKpZ3Z0xYfJNrzptMkdDI21Mixc4H9rhNrzjtjXZpsmLm40JdjyP5fVFjN1JMgqxdPXyppnJKUU8JEzhcmYMiZuZGKq1OfNSZbbu5q+j+sqGjJA/tQ1NhXY7pEKtfMuK7kHV8BWjtadt3vYl2VEs2VVqIMtDN0JSv3nYmWf4hbEIM8dyNMzNdQtPXqKr+Qqpea5uOTW5776MzkYfBN3vTYGNYuEieMiLoXiitGsbooxo6bFX2UzR0fsor0zFWHDa7jDVRDHauNW7AVs7kMyFAmwDoYWzPSk9FiWnAJFekDT+HJjz3/AJaYQRcVvJDWVGw6EBsRbIa+m2uWWnGhKK4Xa5ggayPjIq5IKKiCCllVprBVuTN5b9u9kZR2Ygfhm0Be9ou2Q2gaCrJexex5YMY0f1Y1SThz6euuRr4lDBYUCS3tZLWkpuGsD6YqI2XgMsknkJZfTderUsw4+eOPV/jShMCGdbWfmSzVBiyvJcnuUUFZlSY3gEEJiO7pHdly4BhVO5CmDoiYjlAiLabYR02VbqOmAmjVh2ZnQ18UfJPvvBSeFKUoBSlKAUpSgFKUoBSlKAV50PDv/S4eQb88XJL+2pWr0Xq86Hh3/pcPIN+eLkl/bUrVFl5/ntCLLz/PaGnDpPf4jDer/wCB+vn/AKroJqyTQm6fbj30uur3JWSraa65+E7qNwLJ9k/5Emd3539cz/2bvPvfunfPfH8R3Ht+6/wO2qtvpPf4jDer/wCB+vn/AKroJroDTPo7nEJKOoOqMjyPq0uvR0v7XKCH66c1vZXazNDUnS5oya7gWj/ioTm8o1ixc2qqBowGkFUcFGJB54lSCeWKhBA4W5eqTzGUiVxfYxCJ0mbkoG0F8WMdOsNWW0HOecRXI3gYbY267FXe9m3Zu28VPGOy7aUsgbpX/ZfC2Ev5J+faCnrZyE6O/wDz0ekTf+K9L/7V57rQ7rdqlrbp/H4cW6wQlHMHMOxq6gaQI8bRBCwWFW4WAGSy5FAEPJWdC5mXDCLZrjiPqitmVBALZnMgAAQ8M3XCg727rvzAc8+n8sLScy5fmDb7PaqIGw4DhdMPyVHEluCUn+YUGcCbuDmuCITckFiKJ4qQyMGO8loUyCDmCkLApSpB6p8p9FRURP6Rp/yiaTRf5WPhIeiS/StPxIW0X/w465/+oON66o5pNQ9m9zuCTXePNWW6qyG7WKl6mTE+oZQz45NYm6LmPFRkFfj5LKgGCgq4oFV1aa7/ACbfLmcFVWMsYIu2wT7puiJpz/XpY0vM0rxkHNVE5VJLuwW2E2wQwoYiNINlzz/d59Ik5CeBs+ltgAXJWHSAxW2Wb2St3tZOxcThQEbIzY+rEgBbe5n261o4ttXYFVNvJDPRuxk1Pi6BizzIsCSX23QXkTaRVMKgrqow2k5gGmmGQUFSNgrbtERUscMmMCCcGPdoVEzq+z8svmRnVKP7dFTxxopXbplzpcREvMlC1ado7Z0JeqK3irAcemW1sdFIHQWXbMngnHGEVNOJGS4dUkUcYQZNSkUZVSF1YJiAZqLMSTJ7wdjazprpZqNpUxHQ29NI3SIvjOVniblxUQ2o9Xo6mOpuZyEiYY7jaSc5XY5kJsJikllUwuVTWMCituyWQSSpJPDIp6eEB+BsNrpx973wuA6di441u2LhY21x1tElFzhs5wIyQ1TBfMwO5WVMZA0GotElcrkKN4ztB3I4gIOQomCiHjlne+e7ozPfzS2I5YIU1pfzxlLixiSdUBF1FdblXFF0NNMdxs67jL8bcRuk9fMFxNgJNuiirCinGTZNTJgMZ5CZ5KD3PKi1X0pH3mIV9KR941l2Nd9KUoBSlKAUpSgFKUoBSlKAUpSgMnW17SR97ek+ao6yy0RLPGBNE9MV3asGL14DFSaa9MLmdGaUTcSykGLiET2KabWYcVCxc0XzDENMgMsasZTlE2TF+/0qWOE6JNeNYuTqLEwi2doNHdqYeWG1ISYBgnraxHK+qKAShHy8oE7AGlduDvAu1TYCcpCnCBNOMu1LAJ4lXctWMf3ZxwJGkfSg9WdjpWUCjPg/e/SVx6tpclOAyEltVLmdounw2XaimrGe5EiQqtkgxGkpmZkxjcdVfJUPOwRUsMYw/S6VO+iMpava38bsbKBFxbN7x7XQ012THSeLgecBNkIKueNq8hKqaWuKaTmumOvNqJgyocDLExADKydCMZFG6tiEzLLZXjVoxk7s8PTEZVhsrx0RWd6MrWhKK6kERWKL6MkLqfllkQWkwgrEss7Y2zyKKRUI4WyztjlnjbK4I2F8rY55Y2v2bWyyt2L3zCQsf+f50mTYGVscvDMMcQmt6dATHNA9gZLC2XnXFXCfCqFbPt8MFUign5cj5bta+AwRpgImeAeGGNhzF++y84MnSzUqZJ8c/a3ZeuEJul7ZkjBgMAdXBYTVMGERtlxrYhh5KrlPkk5vJgYeGFzCopFQAsLZC4Y1St0XeCHUy+OM/tNKvdT04chE6yrtlIy6fAuErqJJyuM232ncxn+Huiesl0RVkdKt24t7YyKaEyF7IvcgWZujONdd4SSMquj11I8ZNFG3n6VfJDbmYgVeMZ8XOmjFccRsZbBDU2snTRKpWMXmVew6AcuOljLpdPmE6pAKwpax4usMKPDoPYHbCUaKukjtFF1bmHi15WoyTizXnCGt5Ixgx/OVBACTVeRYYkdEdS4sNF4ni+RYwtIwCKx3SzigJke4pZGklxEwhQy5m2Rf9Mg4UXSnpVksrswKJNnMHk80oYiXDbyWzASa3FuZokDi9kYsDw0csXTQ3CYRYjVMAEoQ1kfMqTrYacWDENOpJLDfDpJrjRdmZH4tOLiOlEo450nPfKLJndLVRRw1JZY0KxohPBCcz2dqeVsZMoaBZOfK06Cpw6WxufSY8dZkiGZCSDuNjtrmn5WpUVpK28dVglpJ5Rz8rlq2zimFOfXiazlopILnSNcda9ppqbUcxPHTsluSn8/p/SHJC7QbTJj5lpqmsrLgNHI7HWComeBRPJAt0wePqJMsUzEvcZpPy7aibzyk/YAYl5ehzZSM0yy+8N"
20:09:00.226 [Test worker] DEBUG org.apache.http.wire - http-outgoing-0 >> "bNnIpcEITYntq+RPC7jLNJw5GAVRMAyUU+58JMVDaokAqCcbWE0gTU04wa+6c3Z0wx5RiOkjzjoVp7rFYC+USLpbfcdsVLT5DjNRN4ZKLHh2VjKwYfK2oBGBnUaVWaUSU5Pz8TX4ZtmY8ECZmqdN/zLbeXSceHdGggwnn53jeJ55VdmzbZyCNHmzBh5nuwRopcimU/LLwYEbKKchBpCauiAj2EejbGBL9q40PI43xpZZfIdPhKLNel9+4BdOK/kq47fzg7G/q5ENbeol/kqjL83zM/VxNrEL04r+Srjt/ODsb+rkQ1t6iX+SqMvzfMz9XE2gMgvEJtjqxq/wAuHSNvnL7La/67+PG30X+JXy6TJHUSeOHiy9dtPGTxW8f3G3/GDxf8YEHw34J778FeG0jv/vfwkT7tq8gvbHVjaDxp+bRstr/sR4j+BPHX5C5kjqW/E/xm8L+LfjT4gONweL/jB4vr3gTwt3p4V8CK/eHfHg053HK3w3a4a8bBcuHSPvl6gaGJu8Udvoq8VPldi5jyT4seHnrtz4d8XvHNDWvAvhrwKj+FvBve3hHwSmd+d27wK9y1eRFrhrxr74w/ILA0MQj43eCfGv5IouY8beM/gHwn4C8YfExDRfDXgXw0seCfCXfPg7wsp959x7/Nd1AzkaOf0qjms/Rf1J/YlqvVt3M3+KX5Hv0Mdhf2auCqaYqd7d1X6WFueSmpaTmCl786ZQoq69LjmOF0hGfTojxtQtHxhmo6iduCVMOE+aieRM09PxMWGNGUGyeEGKoKaUWM2S9IK2HiuAOJHdfGR3ehIKvLcGPeFo3bx9TKF156viT027MTEpsJAg2KgtjpmK2I4FrFPAMWSW8lqiyf7gnkTA+FeVEblV+SvKiNyq/JXdD39EDV/wDwtZy/VaQarCavJ06G7xW8SnD7pbKTRZG7+8ERsiOHVKi25i7fSdYIukR0OBMxVza3iPgOmyrIaeOOVYSOl92eJVHFyWG6TAdrjjIVUuWPxE64J6KW64tfSSbQHk3eJl8m3MgKAQpdSQFp0Q2tu5QQlQsNawpVVRjC9mmKZTO1rlT5UwX/ANgdqrz47+BPVja3o+0fJ7USwmptlso20nZZtbMqueQr2ZM6so440yJ01OXSJfFVRIqQUfEdoHm0l90yDTHK5XQUxyeAqcpE8N/6o8kaF/5fb1qhlE/9UWbInP8ALxdE0ZYxRVNQ3HjoJBXGtq6xNXoFS72RW2FkrvR6qBUsC65WkZTLlcHTI7yMAdt3daXRioABQn3YYo3W+RRWsk5Bo6IQCDm/VDvBVyYvPcyHX1rLtcVMMvkT0gWc4f2jZC/3uTXnddunTDdRpkIFAsu9zwDjFTs016GUfIZMKvMAZWKBkGy8WbgbvirUszmO5eebClKUApSlAKUpQClKUApSlAKoT6TJsM79cuG7ahbYSscQXXJuDDg0mskBxSxokhym9UZDfwQQwAgQweSvHGLvQcRAhMcwclWw9u2sFfDK+yqEekza9O7Yvhs2oRmGlHF11RhgwpzKoxEEQcydQYteyMtv8YMIIMUbO6PHGTvX7BhB3zGyScQLXxsLfKwi+fGeyXGsPGtrHHnGRHXHy4IraizEC3AqG0JaRxkZPxFfT0czWJCv+RlMxmWEFxfas7xzjqTnLj2FJuLAKUMhDJ+CIlBk6yuipyM+TvH7MWtEgr5pyKej25s6ayttSOZiCi3YqJi2XclFrCDjjj4FyTldbxIphLLPIBLRCyUlkssSZMEAC1fWLkI1ukrjgjTfZWlRoI8MkoDQH5J7oMrZC5VhL7faZHKQGUu2xHvkA8Wy5wT7YFbtrZKaguYFSKWXOCqKf3zVV0ViPnmBoPN2zT3b55tGd4N1552XaSafBuXHswFrxZaSSZuEIEGLkCbczWeRkgbt2SqkkCpqiQtkUNBGDETems4tzBm+gia6/wDNldV/n4exynpOE0u5P0fjXR+IjnazryX7GRXqexyAGWVj9mqruhHVX4q44YX7bNHGHwaLCcPa453xTJDzv2Asb5GAJ87yhNLRbhw2bbseWsitfXDQKQozjHC+WBfIqI1ISPR3G4QmYXaWxHEVcUEIXMP+MEHEzzw7YXK3ZqCV1C3If0pFtt0O/hqDuHPW5UcBrG/anW8Z2Wl8mngiWwFw7awK0QxerbFxB/irlXBAR7EUTLMvcvnfzyBbJwrqLqNMGwGxsYO2YIMYiWkZyaxmYw23Jiofba44klv5HTrKdiwiISugJigqETrgEPnbFUpKCNLJzDEinmhwKkI1efrSHXzUhGvV018pTVc6XF5zYaI6R8bOhsTyW0NtmxFrch2OWo9Nrb6pSr805Blx3h+MD+a+Ut5pQFl403pAcC+31NRaaA4Eo2opx0wkqCmn9yPDWyc5U9N1n8Ju9EwNByJS81JC1gMNNqupvqZVSRHEgbHjt6KEJXRFciKMTUkpeT5LKmE08THFLHyZwEYsKIENhnf7G/E2aXPPhD2PlYJYjW2o8h6OPfCLgCAbcTGsYBckYH0+HmYzEcllZISXiReGbZb7QbaVgCebL1TyKeVCIH0f/steOjmy0a6E9Gs0vlvkPh5/TDEhdioiU9GgQjJtytknRzIswvJUgVcdrOfiuiomTJJtE9GBBPNmhTORI2ptXAiREuKEKA28veEuddtlUbQvWUoQm+s0qfoaR85HH3qtqTojBEioW1EWxGhQRAkHNzbuQdWpRZmpLyezbjdut5UMIMuLSYUuppyiupqocHc4bexbuJfvtfMqhdBCGVA7w9+zpNS4+91VFONlj6ef042OOkTxIcI0TOkzUJvIcsbKGQMxADJYwAJgMAODnmEMFngIHnlhla967+dOTNVlDg12vcy65Y2WIdkXXlPKQAbSzqGZbTre65gkH9f7xsCUy72UhSrmLtxwowbfCEyTURHOq3aF0pKOjl/jBKFJDY6N63kCWwVQs/kriPdJVZIreBgJaTCmGsC9k3klYAN/9rLKqQ2skdMUSpu2BsqcKDFzIYY4YmGLL5lTytFd8jrBGutTXQl/5g+1/wCl8P8AsYi+tn1YwehL/wAwfa/9L4f9jEX1r9lmTmjCcVyVMkgKOKQxImYLwkp6KuXadhOajGbyi53Ce7AmYQd7lUlLNjWxzEwxyywtjfPHs9mwGbJ/n/n9dJuiaNgc/C8L8Pes69K7mBzvY0iibPT+SRiiQSuKD2wNlNNa7jjxxJweV7DJ67FrgAGGwFDEI3uY2O0o1Af2wkRcg2xCMaU33pSyHyrx+uuVzLJiM48Q8kldVXW9jse55mWwccCSSGEWy7nFSxlpNOttsqRIfE82kYUrTn0XRgu5/wCue2fJbK6fcCWOS/bOSpbEM53zE7lGLEcrkbzTQyog2OIuCYhv5Ylsijgh4hFMEENGDKA4ABB9m3uX+RzVmKN2Yh465hFcjblvZOOlN3RqqOttJxeFnwn2FcqWaYtnsqKwZE081MVuKacCzxEoYZQHPIid2cjTlRCygzPPFnC/U/DTrJtGuUHsqT485Y+kA6ibicfaapOTXbRSH5Wau0e3QLXVmM1ZRW360X03WTDbXzc6ahOGRM2+ecmIohoVMumkUxXXVUiNmRTUE4t9g8mJFtQJz/cem8W5CSIW0LausDuihqTI60Q2twtAm1ZhySgoJK7I5zEkoorBPOVOczJJtN5uEMgXyXiaaplj5XBgHVVG6n5KIugvUnnN4XnBoW2WXDuz08zI4mRtVGkGEEpqk3/rCdU2KE4nVLEdtIImjdqVapmTVVNciukAm1+7VGWRjSgZjdJOIfI9v0+NNlOk0QZq1yB5JDg1TZ+l15K1Eg2UzAOcHS3setOMRMPqSuz1nOzTfrqFSg5CTyiStllGxwePW4lYEDHbYk1AWEY6J7grU2rZT87d+UIL5COaDh1X+Np0tDYOU9ZpSc8gba7Fa9mibyYMd60DDNUbxHkyZmjc2zzmTuRyEoN9sNYy4jpsmacqkihFCxl8hlVLX5WObl8jjXbR3kf4dHZx5syN4A3RlTbVoxlJUVa6ISDHoEu6vOpwNlIeWEzR0wSyWinGzcUyIlJ7pcSOWHzTxnGol1Ue7DKnGzsZoTKWSCXetFRFKUoBSlKAUpSgFKUoBSlKAUpSgFKUoBSlKAUpSgFKUoBSlKAUpSgFKUoBSlKAUpSgFKUoBSlKAUpSgFKUoBSlKAUpSgFKUoBSlKAUpSgFKUoBSlKAVlD6ZH+KPbv6X0NfqVL1avKyh9Mj/FHt39L6Gv1Kl6gJ/wDRvvxJeg/5vn/+26T6u9qkLo334kvQf83z/wD23SfV3tAKUpQCsAfPp/SmuFf/AIcn/UUmSt/lYE+exMMmelIcLxwMRPxBL+To7pgYVkooby7lyITELl3AgaOgnjPZxytYPvYuL3YTtgQe6DY5YWA32UpSgFKUoBXD5CYbVlRgviMH0nDLDIkdnuZhvFJLKqwhGFRqvBFOt5wpwC23j6Uvowx1IUThYJVQ1RNWE7MXE2mHyZ0EAwHzClAUA9Vx4KPMZ+0zuH+8FVkWkXHLppxxtF7MTTKHPkbakiuMk7XilfKFKkh+GHCnpmCOTUO/pVfD4Uk/uKaHgW70SjhEiJ2O7Clsx73FvNylAVDTRwLcR+wEnuaYpO0wZZ1+vZV8OvU40XzMMWt56LWR26mOrvBhxZIrMYTpUzynkIpqZ5ebKgZVVIcyfUhTRs0YGFm06dKdR3trgU1BdOuUQK+sScjk0NJg8ZkIgMeopJOHEOJwyChlSoAKErp6iMMrEXAkZEl8mtDDLRdSDVRRDmUn6UDJsVS61cH/ABW6iywkzlA2oDObcsN3sZNZ6Op5yvLaizRsMMwgDbILzA/n4mso+UBFFAIqLVJJB4gAMMASMABDC4Zzt2G1ugjbKKnDCGyEWNCYoqdNyoiyzHom2UE4Q2QF7unKpAcPMBRRVxMH/j0peRTqespg17ikD5cTK+V+7aUWM43CxnG5Tyg8BPEagIDgbGOnyO5EZwsxdYHcZDluf5SNtZquRPzSlgjGarJUrutWiI4YTRMyQC7Fh5nL6cXyuGmqZS16km+OMjSKSYT1h12fEMGXDDumrqj1662NI3KczBCxs5IpSjKFHpzBzFJDLO52lmwjmxk0kkPpec6MMTsAAdTzWBQrYGedKA6fn+A4m2jhqQtfp1anjzEUqoArXfrR8OuVs+HkIYwXNiEfDzOWW+50vtjBUuJ3yjLScct3PtMTFsM88comT7xQaCbQa1wVqBOUEDvfXLWkm0CMKxtjLU4Ncszi7CZA0cNHurjZslN54ukdEZRk0hlzbycLhNihmjR02OYUjIxwSxOlAUA9Vx4KPMZ+0zuH+8FVsri021eeOsTd0zesLM19ayNOPWTFreiR9Fzj1Q01lxwipjfYpHBRdJ1WcQ6s1k1GS7JDrNLI7tLHyQKxZcusWyP5SZpQFRmv/A7xKawSm3ZqhzTJlpMlM44XUma4Xk95elwFmqhIzc6nKrPQJfkN9tpqqySev38jKiAjpx9GO4Bm0swUMhBi4W50pQConxjo7q5DezE67hxvF/i5sZssnN9KmyRPHWRFfx1INcqmEkIDxRXnaqMVud4lkZNC7q0mwgjGu9u3OCGBBh8xZYUoBSlKAi5qVpdrTovHThifVeNvktj91yI5ZXX0Dxxfz37/AH+7yqOTcS/4VkV1O5aK+ESyCkh+CySkWRSnenbkU4sIOZzG4DuTxs6OcgZNsFtvddmdMJ1lXFxZ7oMn3SzH81wDBgM4YIoMjx04Gg/kpLMHAQjo6SScgKYMdCDNilMzIeAtpw0oCFenPHVpRx/orjRNQtemZDWLxGLjO9dTjDidL4dneYpgckXc0ivxbdL+XyJAc2bMJ6crOQ2QIGDhwcmWAGNmMxPy9xeNHRjfwRqHdtdd2nKy+xsMgGe9cFZ4MGRm2SyM5ncktIkuMXIy3+TRbnhRT/gQJyWSLHxRTtiVjQoguU6KUG9Z1uQz0749NL9Am+4m3qHr+zYZKvAyWNvBXTB3A5no7hSORjMhi6pCfK06H44yycIcOjJxNach4mnjnj45IAAU6azGj7tRwqcaG603KGx2ymuqi/ppVG2iNE++Eyd9kI3MmG43AMiyOl3R4tl5lN0MIoDl2uQwSRgZN5WwEOjmBMMM8bTqUBThEvR+eHeFX0QklnaPMFYeSWbAPp6pLT0l+fCxQ8VytmTOhIk6yLI6DY2SFxwMETF0y4xI0GGbK5hGQwxcbjrWtja2ONrY442tbHG1rWta1rdi1rWt+C1rW/Ba1vwWtX9pQClKUApSlAKUpQClKUApSlAKUpQClKUApSlAKUpQClKUApSlAKUpQClKUBXFuBxG8c2+bzSpI2o1daMjSOjJ4CQVkVJckhxa/wAwkFQxgSaSsPaIXgwnO4UoiAZMlyCcvKqkSIlzBgAoACCOLhnITVXTbV3SCNbRFqhCbJhFgZqGSuoI7RJGLnV9ZyLglLrbrcisaU3Q71uxMuXJYrLoWldTxIlixPE3YqXBCwkzSgzPSFXm0vC7xibnyafmbYjU9quuVFkjgmuN+NR5yrD7keBIMqERxBfKhDL8j7N83snlyqbcV32Wxsk0mSTshLkiZUAKaGums0A6jxYjQprTEzLhiLUEcycINBkJQaaRFUz1gbKC2rGs8hlNwOFRxLl8VJwrx5SXFHEuXsdUB7ABWw7zpQH01FPKKyeeSlAHvggpEzSedA7oKF3cocAzLGQe6gZhjB90BEzw7oCIGLh23bB54Z2tlaO+pmoWu2jMKIWu2rMefJdDjZVHCtIjP8bHy9u8lN1KxldXjPjBIrmdzpM9/qpswa7ibWzBcr3TuBIIuWwwBxkpSgKotjODrir2ulNwzVN+oDRXZOeImQ72dDRe8txHm+zQgwZgwefqVD8gsNCfKidHCCGUVJ2JiweUhA8cz5gzlja9WDQjBUOa2Rk2IZgONWfEkWMwqKUbTGYyKUQkBMwMDiGzpjEqVwxuaUVM8OOoK6sdEMqiupGDKipnDZ0wOOJ2vSnzFaruN6zrfcUpSgFKUoBSlKAUpSgFKUoBSlKAUpSgFKUoBUXIH0u1p1lkzY6YoQjbxJkbbZ+E5N2DcXji/nJ8oD3Tx3EZKLfgh3OpfQmp3EZ1r+fg1kpjbSBO/wDtRSGeBUliWlHSgFRgbOmmtjP2ukbd9uRv4O2hlqN0WI5Bk7xwfpvxgj1ujN0dHb/iWedJqPErvMVpt/PwsiNNNXDHeHamlIfE0dsZk/SgIn7c6Mak74MVNjjbeCmXNbWQ1AZWbeLhwVExxNNTMhhAnFBnPZrqSE9mecPgly4KiYbDhSRFAEuXBO5DhlwccOqtPuKzj+0KcbjemqmtbVjV+O0kIluCRFJwP2TpIPJI4xcwZR8ZElt2Pt6kkY4YKEjB9HILpVNPjkSIxwqOISK5A2C0oHXenjYqR2w4KuK/eKbXHsXtLq8NKcyOxPbqUuu8WddkmfgaTmohkW4gEyzbYEwtVpJYJFITioGWKUgkrnDFh1E/c0pHDhsfiWvvR8OIPVmZo+2DgfUbxEl+K12zlYbu+XzZ1z+AlrEmaIWO+AHlNLhbCp2Ch0yF3ssoqiU/je6XA7pgHnhc3SgFKUoBSlKAUpSgFKUoBSlKAV50PDv/AEuHkG/PFyS/tqVq9F6vOh4eb9r0uHkD7P8A9fMfJLjbtbXy7F/loWMv4Xa9ntLdjG9u2z7XHtr44dnt8scbxflO0Iul07Q3x7P6wwbuXBb71r2TY/yjwpJYbeCezL8ZXez/AA0G1XYhPhBx8Y2E4Gs7E3vB0NlEVOykrxDI13l3kduYTjJsoY7Mj1hNOK2Cx4vYSV4BY0bs9tMJloffykqeBmmz0Uk3m4leE1k4orCj4OR04mT7+VVA8pG+498Hjho0IKPny+lUoqBe4vGBoNv6aQVTbjWVhS642uUwTm+9hh3KypFSkoIyMdBRikkRyvNB+YIhY8ZMnyqLk4skoqfNGjpcmEaMjjCT0pQFW+sXCpxd6dyUSmSAtRWU3pXShMjCJIr0dUmzO8W4bzBuWuoNdfmx8SGothTsVyEKYKbfHTVAMmMOUDM4lzAwQliUjxrHcxMdyRlLLFaMmR08U0RIdjFfjdSXY0XIli54CZkFtvLhQ8lKRXuoQQ2IRsqLiGOEEOHbEUIPPHm1KBk2r5"
20:09:00.227 [Test worker] DEBUG org.apache.http.wire - http-outgoing-0 >> "3KQM+jf8K2a0Kt/Mfb4dx1HFWGb4EybHFmGKfwEsJgLnGxeYQo+yDxytbHEtds962DxxBsBYG1sLW/xbFEYQew27FsNx6y4rjdpE/B7YYkfNpIaLTQilxMxxAUxBQihFNKd3MCimjQgRfEU2bGHNmcxTAwoufYFKAUpSgFKUoBSlKAUpSgFKUoBSlKAjxs7qZrdufFx2GNpIcZU1xqdPF1WzbeadmYulrJQIwXKrzbWSQxJwNRxFips4TLuBsqqStAkjx4mEexKnTQI0WNRuHfjW0Ufo8qav6qM9gScInmUotIa455Hld7oyacK2IHCLYdMwvR/LbTLHE610w4E2DqTiaTMxU0xYQiMKXzsupQEf8AaLVyDdzoPeet+yTNNSFC8h+AbPNmFXk+2H4eDbLjSXaigGXFHDmaDrBKlXChJKgMUJrpcqfuTxKqIJskIMWE7HjCNWNDMbR/EEYt4q0o3ixlNeOmA1SIxwyTbbMZaIRbjYQyxlRMnVEyClIqaSIhmVA4cPmMQLDHDRgzmKNnzmlARZ200k1R3sjsvFe20Gsmb2SnqGaujEXSXPFVZtKwpfIoOqtJ2oB5HdzQUzJTLImaUGwupJs0UvcqYGFA/i66W084n+PPQdzLj41R1jaEaP1xkBUlWkNRX37JsiiI4+RfI0ik3/LbsfbxSkU7mTJ5qCQkrZJNP5kiWZ0qPkULXCsPpQEMdxOPLS7fxCbaBt3r+z5jBZhowcZq4oGnE1Xw0BjmZcQ7i1JGYa21X+2yx8YoSHUCSK5SJM+ZIEDJwAcciUEB/F0540NF9AcnWa1I11aMTLr5wsC8Hn4Ud78kVyk7G8T9kxYkqTHG83+dR7qGGChkjDOTJKyUAwz2RO5sPAbGdFKBkm0dzCJ04r+Srjt/ODsb+rkQ1t6iX+SqMvzfMz9XE2sSPTfSA6hF/HgCBmTDzwfuxol7nlFPTAr42b0P43tiOpGigOYnZztewWAmQt8bZZ2wvhhnljttiO9sopjHK3Z7F49Zd7dm18b9i7bTb/hxytbLG/8A822VrXtf8F7WvQHSUB6P6u6wy5sxO0Gxh4jyruE8ER+7GOnx1kNy/KI7G6deaijKvgN3u1wNxo95nJBd43eLFR2wmmPC/czRMcIgmYEpX0pQER9utDNPN8mglMfbvX6P5xQm+YNmm0O6CJwm5mqOoYgYKWbSe7dOor1allTAoTxVcG64EwNUxJErH8TFihbuUM4Z4CeIWBZDQJVj/Sxmm321TZI+2VmTn9M05l2+fTBbGEs8jIc3yRIbfTTqUaxDOJRsolBGEw6EAdICFzQAI2FwlKA6zmeHo52EiWSIMl9u+N0WS4y3DHshNbwuuoHjAz3WmGEdfSPDbYU0VxJPf6caHL+EERXTVQr3TuxI6WHxwFx/LgCA4m1chqPdfoKaniNEUVIATXYTR8OuVzeAUIEwYNhkfDzxWXA51TtTBowJ3ysrSicv3TtMjF8MMMce4KUBC+3Hpp+DudlyDkIiyRNvjLQ8Q1eXG3IEotizpadkbFv4pL4YDeeyZF78xDSQE0qEceTKXVALJvtQ0GbxONFsGEmaFKUApSlAKUpQClKUApSlAKUpQCvgKEGOGICMHgMCNhmEKELhiIGKGJjfAQMQPO18c8M8b3xzwytfHLG97Xte172r50oCmVw9Hq4aHRJB2VFbRGNcXKorlnIeRkh1yw3IwNLFhBRO+BoUbsgpUN5g9sMNa6fdh+Dr4CiBXKXCzywvcG32+gNJBRWs1UNIbLYbaUnoLdbjfTSSMgoCGkFAiCUjIqQnAFk9KSkwiXAJJ6cRLgEyRQEIsWBCBDwwx/XpQERtctEtVNS5G2MlyAYs8SJK20fmEmbCvA4+JHe6vIz0CVXWuAqhoSQXe6gUAqWVXw6jZVCaQKC3yuSwMGXSggQSgReUq4hojnRVhtOVHS3C3XCln0RfQFxPKKyKuIqqUFIKiQsJR8EwRUktSIjjkz6edAHKHCgwpcwCICJnhl+pSgKZUvo9fDWjv8rI5PRaPBFgk4BHSTbak8pfWonKLYueAghkvBqxIp+FgS+dwww7pgbAxS+4B4FrErF8MQrW2O1gMV+shdjR7s1ru+OnO3zbTcbEcqCmLTQXWweJ5J5xvKzcUSphJPopkjlkTGTDJQQnmWv3HIG+FrY1y6lAU4x/0frh4jKRkOUmppAw7uhsrYjibie6XvMMgR8gLQpoI9kfRYkf8jOaKEsTA6CAbBDJMsAAuYAAGACDEBCyxmhyEfzB94P0Qdlf2MPWpfVEHkHt2dB937f/ADdQdlbfhva1v5GHp/tvf8Fv/n3/AAUH++dzL/0Jf+YPtf8ApfD/ALGIvrW7P8CRVtFDUha/Ti2zbwiSVUARrP5rE3S72WM4G+OZLmjSTm5WGvNh2JxQ7mVCBP4pC6QyPkcjCacyHTzhsqPkt6FISGIaG7XFx8yggl9uRBrZEj5FSA7TOG4zwta5lOMmi2Itsgsr5gZC2HwwuGJmHiGMFlnszoDqeCoNinWeHo7gODmgVYMSRQ2E9nMFnkz6wrAoTfTMMsSxXNXcSisOBYNZ55imTyuuqymsqh0cwfU1A4dMDmBOodvdENQt9mOlx3t5ArIm9sIJ00pNuzkCU01xNU8fBCLqJlovZsKKE9WmKpgFyoSpduOBMsphlCeJ+xixMtYKW1KArl0+4kOOjQt4K8iaravNCOJGWyBhKPSMrOKQZSkMNKOWDsfS0x9S873660NMUcQC+CmnoiunlFIMuWDPAmMC4GIfbO4GgWm+/TSRWVt9r+xpuRm0ZOG2sbcAaqkOppjKWJfBTu03201NvvhrBquJMl4VAQHEnAKmRAhkfDMZESlwZg0oPiXiXorU1I4euNjRd/GZW1i1VZ7ElEwTNEA5JcDmkaWn+mEz5XIioF2+8ZkecgOJshqCflmmqHi8opdzyYIInG7jERMwMrK6UoBSlKAUpSgFKUoBSlKAUpSgFKUoBSlKAUpSgFKUoBSlKAUpSgFKUoBSlKAUpSgFKUoBSlKAUpSgFKUoBSlKAUpSgFKUoBSlKAUpSgFKUoBSlKAUpSgFZQ+mR/ij27+l9DX6lS9WrysofTI7/wD7JBt2/D2ctv4btb8F+xa9mRL+X8K/+zG3Yxv+HK9rXy7GNr9tlja4E/8Ao334kvQf83z/AP23SfV3tUg9G9v2eEvQjsdn8EfyDj+G17fhxnCUMb9js2t2bdm1+1yt2ccrdjLG98b2ve76gFKUoBWAPn0/pTXCv/w5P+opMlb/ACsAfPp/SmuFf/hyf9RSZKA3+UpSgFKUoBSlKAUpSgFKUoBSlKAUpSgFKUoBSlKAUpSgFKUoBSlKAUpSgFKUoBSlKAUpSgFKUoBSlKAUpSgFKUoBSlKAUpSgFKUoBSlKAUpSgFKUoBSlKAUpSgFKUoBSlKAUpSgFKUoBSlKAUpSgFKUoBSlKAV1Q/J5g2LHUwGLJ0zxRHL3lhcLNiLGc/JFaDQdUlOU6YDKE28wG84FhPV3kuGzQoRYskt0mpHxzAoYIRfMTPHG/7ErNRzvuL5FZLJkFYiZ5O9jOtstSUm8lpK2uxw5F1DPJiI+UdGXgTCKrKTVUjJZcJpqoFkRPDkcCxm+AQuWeOHbeDi2i/j+5IeCGRsJjnzZrZOfOQZACnbYzYiQ1V4vJ9eKTtho2hpiYj5DWQ2q2kc44VnNHTAA1NXKlDQZA841QuTKWCA3kVFotvLpOdlD5ECe4WrRuafClkP5IS2wUTDyh4buLYGyP4gBO7N1+FLjXsFZP8E993FvYOwPb/gqp3pM+1cpat8WT3LQkuKjXlXZaVI31XaLnQjoyavImMmXXlx13RFAC+AyeprbFZLpaxdSAFLnEqy9mppxoqpkyY4f13b0czjxG43DumLc15icCW0uHhiDc2fAZiGUnMxPxFuZDEJWUJRxJBvUwApPwIJSUmkMs4tXJtC3Z5dIJoBckSKNfnQJNE310S/vhTQfUUsd8dHM5MvC2G5mqWcx4qt0HKJsdiIhykzFcsN3vdGuxLPC7psq2MfxF066V35Yb+KuD2/8ABqjfiBkOcOWzo/yTFrk2If8AD85mEt86nPbY1BJ3cEkk0piOggAEqA5KakkmzDtcEKKSIzFx0DrWK/4XPqrvDUcXBlhkF9DfviW4kNIuFSfWg+4EglKHhvWFyE2zscsR+0ErYB3bFF2gOQjx4l5LDJ3ehl/P+WskTAq2QnCM3RgVTFm5J2DGAzTAUdEfO105VIPFfRHzzFdDTcvLyG1UNac7nWklttptpKivOFwryiTR0NBQ0cmMoKy0tKygMXIJaSlkC5g8oqJ4wATJEwBjJkYIELPPGC3lYuLL0lmgHtka6/EaqSCE9zeyuiLrct7ELDgMyy4ePR7sTxhc45oVzKLbl9TXYahJcUVA9ldQOq6pGbzj1RwWTgoqkomTISoYMmDpjMcTinHs/OjUp8I6d6oP4rxevvawjAkFsuQjz4giG3EpO6axI+bJR5FliY3LHJpoOJ6rD5FUyopQw+T60cWx/BWNh1K+IF3e2sKGrRWMNYUy5rTS1RMXExOWkVRIq6OrkSiokqyWbLqCYqJigXDNkFFOPlBBip0idKjBGShssKKXMlxQxgRMw88cr/er6xIkTTSZROTihYgnkCwBIiRJABFSZImVCwALFChYDAMAuWLgB4AgAA4YBAhYYBh4Y4Y2tb7NCCuqI7nmDZfXn81ommeKJQc8UqpFBlFuR3IrQey9Gy4p4ns01GfyQ2lhTUGcqqGCYpZkU5xF044bxTz2QAIlihi4cMuRHj3XeQpMi+PVbb7Y3XOC0E66RJui/XhZSGYobEJCyAhYIjadb/FJnFxDbyGImKoZ9GKFVNKcpBxnQTxEsoEUlVJUg9GphOOdbty+emAohRR25F8PbcRZHjCQjSsqrplLa7XM7AJaQUMrK4cUFdTHCKlw7DHVA4YMjiXyzEEve9rWA1xV1C39g4EdstPKA2rN8QuadY5Siy7IMKt+SmYtS0xEQ6GjCk1l5RwmrRl4thKNhOJviFlFbRiJQcNdRswhs8VQlceNPJdvO0eOzTqVNl3EQs5nOjFCrRhqOQcTAypK85PTMRHjCOkkiR7ZTPZrK/ngdW8UkEyop7SSnEtlyo9kvMO+XTgn10lfWXno3HZewTvUn3sc9+OtjTrsa5VMwAZzGnOd5Dg6U5IRyGZTHAlZHaS+5x2gj94hhExk5BLmiwBcIxiAGGZmtzY1NmxmvetLcS3hsbO8NQA0ltbDbSK6Zsk9kRU3FdxjETyoEgJa2+1xBTFBbFTExSUQ0ooaGPZkU88bxAuXKGBA+pos5CNB5zfSJF0J7v6gzDJjlsp5NyOos2VhiQX04MUVIPuBZyRGi0noruBVskoKUprancgnmLEEhOPqRruRMmYGDoY6QFIOupjfDhLhfa1fi9H1tAmXZTZKdrzRZAHi67YgyLEM+1015pjmBMoq4Td6oprrWTG6bJn8nKrGy7cJpykoKxQgYsN49JE4J9gJGUHZxvtTQUxNEcJyiaMKMJQHGkSzM2kBVBEbqwrJZfKPGRImDYPl1PJBVl1HLiII4aqGlHjuVlMIuYDyjz5LkTRosRLGDp0wATJkwBjRs2aGDLlipYuHkKOYMDi5YBAAABYZijDC54hhh45Z55Y443vbraJpvhae28pO2C5ei+aGojONUZyw5omf7UkZvJTuRAygy01VJaZ6ssppFxpASgQFVEM0ZCUyAZ0pmbKhYmQb51yb98T6JyPSsyjc+7WbKpGpraZpNJdOlUUOsCN4wlp5FV9XUxHdJzrQg8Hc40w4kqCciCtW4hfNOzQias3XChmjaoEdrP6ImlEELjXnJESgO9UtH3/2HSk0r3UYbvYgntCHChMDuxgQYwL3EuCGH3UcUUYTte3FEzzvllcDU3SlKAUpSgFKUoBSlKAUpSgFedDw7/0uHkG/PFyS/tqVq9F6vOh4d/6XDyDfni5Jf21K1RZef57Qiy8/z2h6E0kSbG0NshfkyXpBY8VRw1C5c26JAkh2ILGZDbKGzxVMKml91uc+loKOXMqR4knlxlE+WDGPHCpQPLIwYCDzhx5WLiy9JZoB7ZGuvxGqIPSQfxJe/H5vmB+26MK+1xg6C6JvLjT48Xe79K9S3U7HVo1qW5HQ6HJrjDq44nI4lyA2AprS8vLamzTSksLSwpGjKgqKigZMHlA8YHNmxxjAwgmVKWYR/ttqnLEYvibIs2b17kuGYxDXxpJlyP5njh5RjHoTUb4DtdAr4frdcik1WmG22qaLOZfzXlZPxR2+YAWVG5ZNFDM5dnx3JEdy8ym/JMTP1lyhHTsJ5qLVf0dulDerKcyeGZHJiHm+6W0eU0NZJ4HCpkrmZTj5kHEyXHAyzsKEJhjXJyFwhC0DcSnJ21oNiGL4ZbCrovua4FRuRQwGpHaCpLw+tL5Thls+kNBJR084rjJ6anEBVIwXEOCEyBIrmNcAqBgH1f0eH8S3x/8A5oFb9o73qtB6ont/ouirVOX+i0l5zxB0cPqOoukOZYpYUmTAaUCMSx285EaDXfUonUjvTwqTjporiwRX3saTO/yHhAu2k9TGJd+lO+cAu+Qe3POeIOjh9R1F0hzLFLCkyYDSgRiWO3nIjQa76lE6kd6eFScdNFcWCK+9jSZ3+Q8IF20nqYxLv0p3zgF3yD2+aPmb/HodHX/OlsH/APfxNXx5nsscOc7o7OeeWOGGEobCZZ553tjjjjjlE98sssr3tbHHG1r3ve97Wta173v2KhDUDIcjx5ETLcEkyw/WXGEdtInioup/SG6UNlMtsp+ZgAngecDpch5MQ0YnmbMliuJpRPFgMjBgAC2dxRQ8cvjHUkx1L7Kb8kxK/mVKMdOwoIfar+jp0oT2ZTlIBGjBEU633U2j6mhLJQM6VNExDKcfMg4GixgvlnYUETDHJnLi2u9JJ3mWNZo6c59O4bdDpESjeyb6bCuMRtutP6QLkbSoza6snGAjRuNELIAx3FXTBbEbJFlB+l1ERYcsQH0TXI1mu22O2W8y2ago7VaLSQ0pstZsN9OKpCC3W6hEQExFQ0VKIhAEkxJSk4qWIp5AmCEWKFAAi4AeAQeONgzM8H7tKUoBSlKAUpSgFKUoBSlKAUpSgOLvR8MuN2usPeRHe12Ey28V79X3e9F9JazXQyfdMAu+1hfXDZFKTCvdRAwu+DpsALugmGHb9tnja/VUKbXat7KXV8dc9k4Cn7Jv445r2MKTFHcqXRMMxMQcM1ezFca9dNxzFzxCxyOdxtkJljha98srWvmu5H2oByX8+unHGRKho+tac61a6LG687ROEonSCHK7/GV1tBaaO8CpIQHBXREcW8bAYAm8xb4oLtkFJJd4iLwxzLrbn51RhjjARtR+XLQ2JGFrRLOrmx8csuV2/BTUQorZswQK+Q1MkutN6NZmkElvKgxkymEGUIcyTQDyg13osFlJQM5obXsloct8d/pH1fVvjvNTW1JUqxfDDSPv+YZIYUUMRKzBDVHrJTwbzFaSaIYvliBgfcboUUpHJ5j3xysDiYOB5CXxythbK9r9jg8J7Raz7KlFVQ1y2JgqfyCFmEGuHYTlxgSqURhB8s8QMFUyxXAvAp2Y2QQmIWJzMHITIPO2Fsr4ZdjMnyZNmMJ46Qfxixnu7ZFcGg61qm/HvCTOlIXAGAJJ2vsrSLkeR3UUXRC7XX3Fdr4RYZKtpdsMXWBrs9uCkVEF0m0VU4fvxC+uGsvOPwvW44GNGUPbJSDJj5bm1UZ61IbdZ6Qt6n42ZojkcEvx4wCxBvESwLUFkg4irq0jlTS1dv8AhAUyeMMNuGEZmZPYv2ywWlPGzpFUSJqsmzYzXvWluJbw2NneGoAaS2thtpFdM2SeyIqbiu4xiJ5UCQEtbfa4gpigtipiYpKIaUUNDHsyKeeN4gXLlDAgfU0WchGg85vpEi6E939QZhkxy2U8m5HUWbKwxIL6cGKKkH3As5IjRaT0V3Aq2SUFKU1tTuQTzFiCQnH1I13ImTMDB0MdICkHXUxvhwlwvtavxej62gTLspslO15osgDxddsQZFiGfa6a80xzAmUVcJu9UU11rJjdNkz+TlVjZduE05SUFYoQMWG8ekicE+wEjKDs432poKYmiOE5RNGFGEoDjSJZmbSAqgiN1YVksvlHjIkTBsHy6n"
20:09:00.228 [Test worker] DEBUG org.apache.http.wire - http-outgoing-0 >> "kgqy6jlxEEcNVDSjx3KymEXMB5R58lkc47R6zaxkm8pbJ7FQVr0nO00fItRQnGXI/iYk5jqUCWMKhNvGn64EABaNJoBwmMfLpohkYmCbLCGMA8Bwss+DQ/vjo5sK8Q46gLczVGcJBGTTyyCxYf2IiGS3iKkJdgslNVDbDLeC0t5pqdiMDkePYkblSlhQrmBQ7CY9nO7zTyfqMPzNcT7E3mXobTtWtf4F3D2PltHncg3lyN3FeRGyHGccJyu1HGRViLwUrP9hppxvN8NGV1E0eJj3TCAg1hc8LY+Oh68Ks5L7lkrjLa2jOT+aSUIiu1a18hKNonlhvttdMgduAtpxFiMqRiDTXTqcBhgZNkA28sHU7AIMcyZI9qE+M+R8Z8mbHpxX8lXHb+cHY39XIhrb1Ev8lUZfm+Zn6uJtYhenFfyVcdv5wdjf1ciGtvUS/yVRl+b5mfq4m0BGN38mfG9HzrcrEfvIJpEyHwzF5WarwZrv2ugdtOtqOdAPjpa63HK3Vl+kldCXkVTKmU5WR1QmVUE0+WHJnC4JgEQPHuSGdqNYdjrHstetj4GnjFMAxMqV4Zl+PZQsnls88Q8TB67IcS5YoBkJngHiKP3MO+eeOFsr5ZWtfK9wi6z63z/wAhXSHTs8a/QjNhxs8lL0Kts3LkUsOSDLfLKcrbHiqRdEHeSCsipICgKSJiHgiGZcM2IULZmMRMgAr4df8ASWNQ9TuPyEdeN+9HY8YOnO7zD2ijxuxYo65ICVFmUoE1RKcym42ysxuxQUZvOwMPFHIHVY9kgDmVJMzOtJeHUEh1jJ5gDYM+Z0hKL3hGkeSXMcVx4/5oVFNDh1jPmQmk0nhLC0i5JOKwjxo2V9XT1p9qiTkvoWKmntYkqmyGS0k2NAhXUidhu1Kym82BlQO8s/RkjiuSsmqpvYzYUypp2OfdcSCgPnqMKdJYiWvlYSxUzmKBbPs37ewfbdm/Z7NasquiLuq/H2Vv/FF3VU9J/K/J1TGc8QdNJ19pkOTLFMsqUXOk2xpNT4zkRoPs7HT2TxjJc+zn2UaywqjtF0khyZsA233AGnqxYYqZDGKYZgC448WmnbDVnW7NPD2J2VgCBBFcG5hKwmmZI6i3NTL4iZBZDp+L5caFc6DYXDMK4pawuFhMcsL5dtje1s5nRo/5a+dX/wAUqW/1skWq0OHdz8dTO2C3IjznXbcRleWde2ZeJ9bem/7XR1plOSNzichFGeWhd1TARPxS1kWywE5PFcJPMIxpyM1ZaYDGVXCzQU1Jb0+IrHNHX8ik/wBWOiKj77u+jRgbhIe2BgbYdBMuqAJtiKcmuTHCLG3JD0ks2TEEqZHwyFBLmVhlLS2nADjB4ZiBBCmMRBMMMs8Mb443vbt2qkI44etEY/3BjrkE1OJLetLzT2kpIa40NVFpksPWyfGo4wBL4/KbGCSz1ZruEpbEfFRIHmWbaXfKsAluU2MfX0dFViFt9BmfcLClKUApSlAKUpQClKUApSlAKUrgErNRzvuL5FZLJkFYiZ5O9jOtstSUm8lpK2uxw5F1DPJiI+UdGXgTCKrKTVUjJZcJpqoFkRPDkcCxm+AQuWeIH478nmDYsdTAYsnTPFEcveWFws2IsZz8kVoNB1SU5TpgMoTbzAbzgWE9XeS4bNChFiyS3SakfHMChghF8xM8cb9r1g33g4tov4/uSHghkbCY582a2TnzkGQAp22M2IkNVeLyfXik7YaNoaYmI+Q1kNqtpHOOFZzR0wANTVypQ0GQPONULkylgrwekz7Vylq3xZPctCS4qNeVdlpUjfVdoudCOjJq8iYyZdeXHXdEUAL4DJ6mtsVkulrF1IAUucSrL2amnGiqmTJjhgWxFt5dJzsofIgT3C1aNzT4Ush/JCW2CiYeUPDdxbA2R/EAJ3Zuvwpca9grJ/gnvu4t7B2B7f8ABUpaz4O3o5nHiNxuHdMW5rzE4EtpcPDEG5s+AzEMpOZifiLcyGISsoSjiSDepgBSfgQSkpNIZZxauTaFuzy6QTQC5IkUorcXLRso5uimx86k98Oi+1EhTYm8bJmUcVQ8XfBnPFZXVXFVsuCdhSxeC5ADfKstXc5g7ktirSmqOvFTBcGYQwDT41Gj76LNJT98Gz4tvLpOdlD5ECe4WrRuafClkP5IS2wUTDyh4buLYGyP4gBO7N1+FLjXsFZP8E993FvYOwPb/gqR68vIbVQ1pzudaSW22m2kqK84XCvKJNHQ0FDRyYygrLS0rKAxcglpKWQLmDyionjABMkTAGMmRggQs88aBnb0czjxG43DumLc15icCW0uHhiDc2fAZiGUnMxPxFuZDEJWUJRxJBvUwApPwIJSUmkMs4tXJtC3Z5dIJoBckSKVva+8iUhTJ0SXZKaJbcyquyzGuvU96fup6LJkwOvrisqGQ4bYCwqHzf8A2425rMqT2ITVlk2YNKiq4yhxbOGs1E6NbBtXI5uWbLJ1ks0lOW9JGjHysXFl6SzQD2yNdfiNXM99FRMW+PTc9aRVEiro6vpnsUqJKslmy6gmKiYoQg8TZBRTj5QQYqdInSowRkobLCilzJcUMYETMPPHK+erj2fnRqU+EdO9UH8V4vX3tYRgSC2XIR58QRDbiUndNYkfNko8iyxMbljk00HE9Vh8iqZUUoYfJ9aOLY/grGw6lfEC+hrfskTTePvdVOTihYgnkNONjiREiSACKkyRMrCbyALFChYDAMAsWLgB4AgAA4YBAhYYBh4Y4Y2tZXRZLuSuiyXczEdCX/mD7X/pfD/sYi+tVc3bm6fazLSM29kNrta9fnE40sRcbyBN06RfFC0uooRsUgKsIyU/HSgnlRLDPADEhFAiAOUwNgilshrDB54WyqdCX/mD7X/pfD/sYi+tVc3aZafbMrSM5NkNUda9gXE3EsRDby/N0FxfK60hIopsU+Kjoyq/GsvHktLEPDjHRE8iOAUzNjCmcgbjCZ53YgxDq9scnfGu9nK3mYzOQvRx3PB3LiS2Go1GxtlAi+5XO5V8+XSkJvN5CSn+bVFpcWlQ2VTUlJTSpk+onzJcmTLjGBgw8pTSXKsXwu0VGQJikhhROwki4WKs95LeDeYjRS8h8r4gYqLkdCilIxK42WN8QrGToVxMrXth2b2vWSZ86k6jSr0lPUPW/WLVnXCEo944YIXdwtiTcHQfGUTGF6YHeOh2hhtuw+xGwh5rRhkn1GGZEaZRUEMiFgF12jJpYvfvs9a8fd7i2gDeHY7WvYrap6LzxhrUtOeC6W1Zd4bZNa2vJyrCaq2NSJKaUrk7irJhABuiGrFVQ8I3LkGtgnKZEZEWnOSViv1z+Yo/OfyPTyJwwrsxrhsomKa1rpsDCM+oyIOEVWVaFZWYkqJiQaHsJcEspn2KvLpUgONYIW4QJsUIQSwYl8Mb9pl2OYyVKsXww0j7/mGSGFFDESswQ1R6yU8G8xWkmiGL5YgYH3G6FFKRyeY98crA4mDgeQl8crYWyva/YyMNltauLvSSNP1PiKb8WkGLGevsxEOR5x6nJLeTdbyzcWG67S0bNZ8GY0BLRkoyAYeIbf7sTTbGVe7hKMwZVvmeZynZF7O5QWXHUydId40Yg3sARljRQzq9Irph5jSoMEFAchbdE1ySAVZCdhVaFAargcYbdAi4Ys21u45VZH8UG4ISUgHSaRlVemi/PbM0ZRF6aLq1Hq8m310wwntFrPsqUVVDXLYmCp/IIWYQa4dhOXGBKpRGEHyzxAwVTLFcC8CnZjZBCYhYnMwchMg87YWyvhl2O9ax3b8QvrhrLzj8L1uOBjRlD2yUgyY+W5tVGetSG3WekLep+NmaI5HBL8eMAsQbxEsC1BZIOIq6tI5U0tXb/hAUyeMMNuGEbYjTMxRmfjpV3RFKUoBSlKAUpSgFKUoBSlKAUpSgFKUoBSlKAUpSgFKUoBSlKAUpSgFKUoBSlKAUpSgFKUoBSlKAUpSgFKUoBSlKAUpSgFKUoBSlKAUpSgFKUoBSlKAVlD6ZH+KPbv6X0NfqVL1avKyh9Mj/ABR7d/S+hr9SpeoCf/RvvxJeg/5vn/8Atuk+rvapC6N9+JL0H/N8/wD9t0n1d7QClKUArAHz6f0prhX/AOHJ/wBRSZK3+VgD59P6U1wr/wDDk/6ikyUBv8pSlAKUpQClKUApSlAKUpQClKUApSlAKUpQClKUApSlAKUpQClKUApSlAKUpQClKUApSlAKUpQClKUApSlAKUpQClKUApSlAKUpQClKUApSlAKUpQClKUApSlAKUpQClKUApSlAKUpQClKUApSlAKUpQClKUArLpz3/AIxPo5//AIh5j9Z4BrUXUC9uuO6Fdz5n0tnOUXRKKC7dFZmznKJE5grbTS264nZmfaChdOkYo4mS6VNXbthmUlY2KNlXaCl3IwoY3V75ilsygFP3SzWa41LjCYsvIKSaWCerW6eu2wTpAK4dvkC3U4B+RfYcX+Fa2AF1+U0EqILnjmGFcziILbAPHMUO/wDcmyMQtvWpZ21GeCQagxIhg5PmL4BPF8EY9GpZm5vsuvFTuefcMi59v2DMk8rZZXFyHCDwxzEzxwvz6TI0YEzR69InlRpIb9jeRG2rNB7s1yEg1BDcjbXSYpBVSVIoJ+AQA0VGzw7cPIMcATtDBYUEwEELhQ3h0avTDJtFofPbM8kCtqMUXQloto0pbhuAbVEEAFT8Mgt/BngtcB84oAKpbwkEWtI3foan2yrgoWVcxDuT9+PrYRZr+1atPO8CNfRpV5B054G1bafYZSxYkaq7+2U2lXVY8BniKTj9GOgNMQ6TTr53NnTKyNGp4RspwAdjjgyUUgJKBNZKhHMz+Bq9qHL3Pm+2DyQ8lhVVbGiSWuGHdoVxygnhg2q4msXMGCjfnfZTIsIEG8VN1lMMz6Uh3wuVcSQaxsEORi5Sybb3vZ2/454D3E0jVOPxbPvuD9dlJGjhrgI+vB1nspXRGbFa+3XE02Yg5udlPlvJzZBNtRDLGyFm2KIOnk7FAjBfEQXPKt1tdHmbjMbiAz2fzE88jUaTUREptNZrNrkHIoTcbTcQiICWiICAiJcKFUxGREZMKlU5KSk4qWIp5EsAUKAAlwQw8QyesKX12LEeSp2cfrA0/c6ByPiNdJ08eS2xY/dCU4EF/nmkZVS62TdDCSDZaK0044EYqSX2enH0s8FinJhFQS04uIcBEGKADwJ5x9UdNSPCBtE0c4uidmxpAsAiuzXrJvt5vpJCPXy2sUzCKvEBTJgYCJZl1uHNFZ5gZNNYjutOcp1IUBVEFaMhmLGkfj/hlT0lz0K2DdMx7oRCpoThb7xd+3UiGZVmqQSq69VZ9ETzwk4gnNRUMLzLVVEiUj9woxZFWmenNdp2SDwKghF1HKt4p0crUVTT2LH8t7QcjOxWtkaKyQqMnTydNsz7q1jRA25fCzYRcGWisxsuY6gNgAPEi30pRepsBMTLjJYHYTzJksNLeMhLYOqShomQZEWLdE7+Il5SVIXF7oK9peNqalIbk1ShdSX1daFHHWl7AVlJWKM41g0Z/wC0nFVxIGCWuKJ4xfMweOKAxsYQQQbITKxWvopaWmIaYnIqKnEEdGRyBRLSUlLKF09MS0xPLhlCCcnECgYJUkQJFQQixQoWCCLli4QYIIeAeGONvvVQKy6cD34zDpHH6d7O/wDO9h61F1AvUvjuhXTact1Z/jB0SiuvLe6Wk2ZJdTH4ttNUbLcc6UaeZsuQjgm3mS11VIQcxHyrYjFXMsu9QywLp1sFQPIEzkbApl5Qou5LJM5VdVphZ3HYvbo6Q6TNv5TYkYqDs1r3Cya9ds3IXysFKL0LyY5fDpgOIAAkwFkJArTxxJuRKFXU5dzTXAtJRiAGn2z+8iz0mDZV5uPjVcrRkuTNW4DjibYdG2mg1ZOa4Qwbd8CkVDYZSfCd/wCzEoJyUlFyK3nGjHvd6HA1HEgWtc2UM2tuNqCLH49YXYHILNPJIjOeTzM5TrCbXgd3NVTWmoNFCc0GmYZhlOUm4hlWUSd5RyDCMZJsdOKb6V0wTAwo2ARy2QxbIoGc5Y6qnBN4tpi5FoAijYBuRg++QmNowW5X16a0gNV5qKslxwIaXQ1NztcRRTPkpWxiaglL6kRAOGVRyJCm3Ti+jlCZ5teEE6nTmQZjQhvmt4FJsgFIR2hsxLuxTsimXRmYTLJq9ImvGajGSA7Db5ATMQs1NPbDMe0iEiKkqBZiGE5RUS9zBgu2igaZd9vVxhay8gB2MHhKQknxjN8IKBpShXZfXeQD8R7BRWMfyxzPgNR+JxRRBETjQmPd7JjgRlwgSNCGTiYXImzh0cx1Pqlw26zaw7C57cuSTNodwtpyjbNM5qT/ALqzNlNj/jtqKAJwqoIMd4km0zWs1CpwmoqRDI2QbXhUsmqy2mp6gTIOBeLKQQ1224nLGLaKy6dEq/F2bC/+Ifsp+rEQ1qLqBfHfx3Qrxnww8oMgh0Si7Gk+Jme85KyjLa2015xF3Y/iDcT1hOTjbOZLDTAm6WBa5DJNKGUg2pAijHMjSucwEBwLgT0pSlAKUpQClKUApSlAKUpQCvOh4d/6XDyDfni5Jf21K1ei9XnQ8O/9Lh5Bvzxckv7alaosvP8APaEWXn+e0NUPSQfxJe/H5vmB+26MKhVx29H14epn4/dF5hk3SpqOqSZY061kkuQXQZkucyBhyPh9woyXQ7F4cikSgnpRIZYXlU+oilEwgRTy+ZjIEkULFsAgcL692dRY23y1bl3UiXlt8NyOJoR0dEdC3G6kgo73IFER0oLuKiICk5208EEqYEUm8SAMZqLbVQ8yIpoIMIIxmEZA7H16hRq61wFB+ubFUHArMmAYfjSFGcqOw0nHnUpNWK2WisVvKDmPI6UgpBxwHEhCJmFk0loaMnGFEQyMRSk4tmETBpSKO68BIze4ntttW4IaV0lvIfHjPUBQ0xEwZTVckxGTNbXXHcdtJPMKhtRWFK5MiAjo5QZRPHlM5cMPM2bMmhBBs4bdGokJsSFwqaTiNtWJKI7MbD/j10FCwwYhpCc7Vlh8ljaSql8c8xSR0VOGS1ssCYsGIZRllKUwsO9FAtnnevVFK70fvVRFkmQZK1W2O3649hpVWzLnkNi6MbNjRBFrocp3ITM0tmI/cbMkFBTR75jC94kUIBKRkMHO5RvpiSSxwL4hmckJOVUUlKHSH+BaI2oYwVXrGRfYaaHqkEs8BjLdYw6OXVktaV8MO37wJKOUSO0sVFNdysaHJ4ly98hxgMc419JegFS2p5NOD/XFMkhyRFlNS9shHinIrPvli6W22XGbhwi7hUDLEwVxxVFBqiLKQUyHF71xFUMcjgRgpYYuLoC0h4iNS9FJLfU9sw1Ms47OSWlWb742i2mlRXmydl1vduRFEQvGtULJiYlEDQqan5qOaGgJh5VwIJxRUOHCKYmlSnYGzXG9B21m12mG4UhuqVkaTNGF94uKJUNmLjQTmK4jr3u3rqoUipi4xXEvqxUv4tEPB+Dac7RGC7qb75HN90B7gCWYzi7HQIn9Gg3ChrerVJruQvxbTylxrrRvhDiYaWXSPF7gQSYaBHmwpGxoc4fPqpvHEwrGlA3gKMovEZ8NgVSLHZnb+CRsbaDua7/abYfbIX0l1sx6N9GdbSdCCdAU0NxtpwpxdWQ11HUSuYhY+lqyYbKnyBwuJmCZKjhDB5ZYZ2vfgc+wTF+zkLSbr7NLYKPKLJdZ6wyHq3jlrWscR1gvkDcwRM9rkKmrSUZsXV0BZKXwUENcIpywnDAHyJYYPoTj80aZXHTra29WIylydZdjRkKy0cYhrYBxsZ1Otloa2YwUBWQhLDGjqNyuTOT1cRTVUYgrJiooJQyyeTiirggl0dIShYNWPx++IbITZpSlCClKUApSlAKUpQClKUApSlAZW38bA126WfEbseomKU192eOBbimOF8/fEqkqEisl2CuFUZ4J0fPEHJbwTIoSRQilr45mTDvbxAvYY6pAgift9LQc4SvxwxtrA3O5LEx7d7cQXE8SsouLjmuOFXJrJpwGTZEhje5kciTVCzaQTpoIIQMspOxBKCdqKpFrZXO75ccmr/I0wWkydi224sViNHNi9oglmN3QfYMxw488blL5uWN32l4imUg2Yunpwh1PPlFZBPm0tFUjqQYVEFDOp0WNd+EHWCE9hmVtXKE07kbyT5FhEwQh2QN69gDE7G"
20:09:00.229 [Test worker] DEBUG org.apache.http.wire - http-outgoing-0 >> "4exNYXwFNx6kFWuzW+mqWPbCjllJTSVc6QUhc1xPGKruAKmEvGU6NDP8Q1jJY0bpoLO2lUm5DEIcifOJEXEDs+7nGn6I69aWI2x+MKIS8osLHaaWEw4moBIFyudBOJzvPoaCjqw6mURG+ulRE35OnSbKGy5w+fPFOs939XIL4JN4eMGbuM5MUoRF3C2oaep+w2r5V5ux9s2dotdS81iR1xJSHIS67F1DdLPMrxUkSV2+ohEibgcDRMYkAMhFgu5dB2+HFFqpyCuaMpPlDKVop2ChbEYCI9ndbpHUYfn+P08wYMHBEpFeyeUUyhpMCPHDp9NKryGsWQjiisGEDNLEXl26l0lrvwcarQnsc1duJPl3b7eLYqOimRSKpN3nngScFKKbZYjY4mWEjp7WZLYTDpbvgwOmmjyIpioykNmto2Seu2wU8S5Pyk3R6LUq/CJrKDpN4toqMrLQ7WnBN4tpi5FoAijYBuRg++QmNowW5X16a0gNV5qKslxwIaXQ1NztcRRTPkpWxiaglL6kRAOGVRyJCm3Ti+jlCZ5teEE6nTmQZjQhvmt4FJsgFIR2hsxLuxTsimXRmYTLJq9ImvGajGSA7Db5ATMQs1NPbDMe0iEiKkqBZiGE5RUS9zBgu2igaZd9vVxhay8gB2MHhKQknxjN8IKBpShXZfXeQD8R7BRWMfyxzPgNR+JxRRBETjQmPd7JjgRlwgSNCGTiYXImzh0cx1Pqlw26zaw7C57cuSTNodwtpyjbNM5qT/ALqzNlNj/jtqKAJwqoIMd4km0zWs1CpwmoqRDI2QbXhUsmqy2mp6gTIOBeLKQkNdtuJyxjkjjS+LWbOT5MQHk24wfnJvrzBJRfbpd4NV5mncyIRNK1jxBYaxxfTA4wU7E1eUTQ5M8gmVR2Ig7jW+4CEbF1qxSnbeZntGEOk18Rb01ySUhqTBsdGOwDd2kQWaWLJHj9EqI1nEKhuyQUlLDBCWDFsE91mwF9WAFMmzcVtm2ZsTNpJvedz273FLrNvPIMazi616bYE2Zh5PNocbbTarScahqe2y2D2R8Q408XYClryStNsYRVVcwk1xtxZxT8FheLJghIo43AXVPw9M+InWXTWZ3ls4A9Nhtn9qXw37NBW2b3BlkaapjIsztgMrtJuKuCG1242UXLEsWK5WQ2wSUPBgGCNifxRr5p+aObaZ4qSORgjQ0j7RGMx/Tiv5KuO384Oxv6uRDW3qJf5Koy/N8zP1cTaxC9OK/kq47fzg7G/q5ENbeol/kqjL83zM/VxNoUxL8XmiKvuNyL8/Cmmbwb3aiBsPkhkUgYTNN5rQolTn14elvYIxidfQKywHtdYUEPFLzLt8wBkRxIAKipgKEauYwuFftDXAlphH04srZSbZA203ynGMjhdTjF/747CLc9mY9ViZwA+RVGy3g0hpM4M2mnSpY8k4qbdUyqOpFSSskliSsnkDxWWem/HDB+kEwbqzZFDqlZwure6cj0/y6nyGuNFWb7ceSgvvlxDJkcFG2xmkopDZxOv9ZCCJudVd6riVLJmGazmMCaHO2AUEd19r0ZVOkDHy0dcjXR2p8dY4SLF0f7ryIxnm71DLEshttSldY1xDboyyojZhFU4pckzXOpmDRoUMEsnIqidFysATGvbVOMMEXCFHHFDAAADzGGGGzxDCBCDxvmIKKJnfHAMMPDG+eeeeVscMbXyyva1r3qMe4OmuuG+UHOHXbaaNk6TYucJsireCzRtRSFZAciTYxZFdjTcaKaILjZcyRY2bCKKqUeLiDEDykjKGB1EVlVNO1OnOj0xGrtH5K3LyS8xTrgnMh4CNQA4N4u+4mUGlYGxXFkKCYXi4o4zbNDI44kAm+K57kwieGAIeOPaYXxZmaCLbxdtnZFX0nBErowp5KcaPzBbNJygWtEcwcm06ONlPI0YBKoKs1kfI08B3EXUTGQRbJHDSH4mDjKlxe8cLYmMbjY5lDNsLwHVGnG1ytxOIprrf1V3niciprLSJvVHMMGX05trpGwV1lNa0jNk0pqTRXiwZwuOMO13CkqgZY8WNBj2LnQRRZAa0aywXp7CrJ141vjtGi6IY9Ijkmy00XI6ZxCzOmx1BUVFRVVTR9aX19aUjJlTW19cUFBYVlAwMaPHBxc+2tVa9eAHT+8tveatYpm3V48nnJqiIsSSV0L2MOQkzHurjDDDinldgrLXfjNJ45CjiChpbfRUVDKj5iGyaWXOjmDIrgJ62osP3WbFKO22tWHAXvlxtqXGNNUvocabp7QJEMyrx0umR16TY6dLRW3I0kpbd8eoTnOqS6kDJoDoGI2da6bcDgQHQooR4m5rIYzgb5/bvVUupnDdqDqlMw+zY6hOW0e1eacMjEtntyZeXJ+mVBRhwDBUVNaiqslkttNPHMqcPEfCLbayWtYpagoI2KnijnTJAS1qmZngm9WhtCLec3UpShRSlKAUpSgFKUoBSlKAUpSgMunPf+MT6Of8A+IeY/WeAa/W6WazXGpcYTFl5BSTSwT1a3T122CdIBXDt8gW6nAPyL7Di/wAK1sALr8poJUQXPHMMK5nEQW2AeOYodwO3XHdCu58z6WznKLolFBduiszZzlEicwVtppbdcTszPtBQunSMUcTJdKmrt2wzKSsbFGyrtBS7kYUMbq98xS2ZSXkmRowJmj16RPKjSQ37G8iNtWaD3ZrkJBqCG5G2ukxSCqkqRQT8AgBoqNnh24eQY4AnaGCwoJgIIXAEVlfaJwFybIxC29alnbUZ4JBqDEiGDk+YvgE8XwRj0almbm+y68VO559wyLn2/YMyTytllcXIcIPDHMTPHC/nS5QFJjY6KBBuxhptHxi7P5SEfeY8QDL5hjYR9gtO3W8mqCACCd0BTlJ0KKeMSMjBWCFTVIio445ERwj2WrTDo1emGTaLQ+e2Z5IFbUYouhLRbRpS3DcA2qIIAKn4ZBb+DPBa4D5xQAVS3hIItaRu/Q1PtlXBQsq5iHcrt1DXiDlWBxtXj8VsoxryPG+EQ5w9dDKBsTGMwkPBtgM0FDCwDLlkcsihhESgRfuQpTEIEYsKEZCDGxJBsz2EhHZmaEc8pufnOTZGIW3rUs7ajPBINQYkQwcnzF8Ani+CMejUszc32XXip3PPuGRc+37BmSeVssri5DhB4Y5iZ44XyNcNCZphC3RyC67yrYoiJqbtpsw/nespzyQ5GUEBX7+f6Omx/ZTAjUioOpKJm3fCFnGgrAmKan5ZFkUz372iinZHrP8ADo1emGTaLQ+e2Z5IFbUYouhLRbRpS3DcA2qIIAKn4ZBb+DPBa4D5xQAVS3hIItaRu/Q1PtlXBQsq5iHcriJL091ml3WJQ0zf0Ns1Y1jUGGjRpjD4BDJHa6Szm0CQCayc3MEYUgdbRlpiJKSeaquhG09YbqolpyqkHiiiSLmQ2ZMR8ta+8G05KlucfVHTUjwgbRNHOLonZsaQLAIrs16yb7eb6SQj18trFMwirxAUyYGAiWZdbhzRWeYGTTWI7rTnKdSFAVRBWjIZjlUIvKSpC6OIiPaXjampSG5OJR2qS+rrYo460vYC6xuDFGcawaM/9pOKriQMEtcUTxi+Zg8cUBjYwggo2QmXDinRytRVNPYsfy3tByM7Fa2RorJCoydPJ02zPurWNEDbl8LNhFwZaKzGy5jqA2AA8SLfSlF6mwExMuMlgdhPMmSw1nG+aWmIfHpueioqcQR0ZH0y2KS0lJSyhdPTEtMT4QeJQgnJxAoGCVJECRUEIsUKFggi5YuEGCCHgHhjjaRzWuuPOAjquQjrb7gZjehL/wAwfa/9L4f9jEX1sedrqbzEajme7tVCqG1Ga3lp1OZbO5XwJo7ebyaZV1pUN542yvgVT00mZNmMrY5XxCBzva1727FY4ehL/wAwfa/9L4f9jEX1q92s12be3GuMzayPN4yCwmZObDW42eLnixUQEV+FGm5gLEHKQQVN0Nl4oJS6+iCHm8pZqDaVMc0dUUAgAwDQgBsvQZ5OjLobg2HJch/LRIaWaKO/kH20dOMf4KmNhjCNA8PHFROZ6Mlmsr59yIJa05VthGQgRBLGA4wRsjIw+ZQC4V88jbNajq08FePeTJFaJqdpviRyuUlAC+TW7KUgxGoJroSnOaLj5JmCCfSzaU33eXOEg1nFQEJo61ngVuGRM5h8h091UizR/WaHdUYUxXbxlCbTwajZNuk2mH3Qr91UD60suFzHkVHb6QccblcCqquBdNJaEjp46qpGxSaYRAzDLBx1314stWuQ45GDuly0nRvNkInjJ+GtktepBUIknyMRDguBkyXbD5TiqiBmSyOBBnyhRcRlkFIUO+D6Jimmz6iKcZPX0PzX3FrtCFWZaCtnoJZXC3ytcTgHHSsO6H4l5AZ+XIO2V0zTn07HNCrpQxliNG4NMzfYDmW1uzVcLRKSAMpnVdHyKlSIjdQwEvFLTDrvIOHsHe5vleTjnoYfFJtM6HCkaMQ1qOHtULBqA4FBih7QS7mtlE4sUcbqQDKU71JCbqUvGFAmjt9ZI5p9o5dBwoYKm1A+dKWoaucKOr2uGxqZt685X2z3Q2ea6GcbUfTXu/OQs4O2MERRLHSJ8lHxYk2WY2kHIwSUlImEdzQDiinF1NWDSTif4XVbne1t8OKLVTkFc0ZSfKGUrRTsFC2IwER7O63SOow/P8fp5gwYOCJSK9k8oplDSYEeOHT6aVXkNYshHFFYMIGaWIvLt1K72g3i1X35KmtURIeITRHm+9ZmfHd/VyC+CTeHjBm7jOTFKERdwtqGnqfsNq+VebsfbNnaLXUvNYkdcSUhyEuuxdQ3SzzK8VJEldvqIRIm4HA0TGJADIRYLuXZ1VM2u/BxqtCexzV24k+Xdvt4tio6KZFIqk3eeeBJwUoptliNjiZYSOntZkthMOlu+DA6aaPIimKjKQ2a2jZJ67bBTxuZqZ4664J+ekT1aEoRYUpSgFKUoBSlKAUpSgFKUoBSlKAUpSgFKUoBSlKAUpSgFKUoBSlKAUpSgFKUoBSlKAUpSgFKUoBSlKAUpSgFKUoBSlKAUpSgFKUoBSlKAUpSgFKUoBWUPpkf4o9u/pfQ1+pUvVq8rKH0yP8AFHt39L6Gv1Kl6gJ/9G+/El6D/m+f/wC26T6u9qkLo334kvQf83z/AP23SfV3tAKUpQCsAfPp/SmuFf8A4cn/AFFJkrf5WAPn0/pTXCv/AMOT/qKTJQG/ylKUApSlAKUpQClKUApSlAKUpQClKUApSlAKUpQClKUApSlAKUpQClKUApSlAKUpQClKUApSlAKUpQClKUApSlAKUpQClKUApSlAKUpQClKUApSlAKUpQClKUApSlAKUpQClKUApSlAKUpQClKUApSlAKUpQClKUApSlAKUpQClKUApSlAKUpQClKUApSlAKUpQClKUApSlAKUpQClKUApSlAK857h4EDt0uHkDtcTC1xJl5Jww7Xzx7OYmE0rOWYeFuz/CzxxCEyywx7OWOIed72tbDLsejDXnQ8O/9Lh5Bvzxckv7alaosvP8APaEWXn+e0PRepSlUopSlAKUpQClKUApSlAKUpQClKUApSlAKUpQClKUApSlAKUpQClKUApSlAYQunF5Y2izjswvljbPJ/wCx+WOF727bLHBuw/bPK2PZ7N8cb54Wyva3Yxvnja97Xyt2dvcR5Y5xRGOeGVssco9ZeWOWN7ZY5Y5NtNvbLG9uza9r2va9r2ve17X7NqxDdOK/kq47fzg7G/q5ENbeol/kqjL83zM/VxNoDsGlKUApSlAKUpQClKUApSlAKUpQClKUApSlAKUpQClKUApSlAKUpQClKUAqH/IVljhoJvFnnljhhhp/svlnnne2OOOOMLvW+WWWV72tjjja173ve9rWta9737FTAqIPIR/MH3g/RB2V/Yw9aAy/dCXyxvoTthhbK18sdvRcr49m3bWxyhmMbY5Xt/ttbK+Gdsb3t2L3xytbs9rfsbP6xg9CX/mD7X/pfD/sYi+tn1AKUpQClKUApSlAKUpQClKUApSlAKUpQClKUApSlAKUpQClKUApSlAKUpQClKUApSlAKUpQClKUApSlAKUpQClKUApSlAKUpQClKUApSlAKUpQClKUApSlAKUpQClKUArKD0yTPDHiQbWOWWONxNwIbwDtlla1887MeYBL44Wve18srYYZ53xx7N+0wyy7HYxve2r6sofTI/wAUe3f0voa/UqXqAn70bvPDPhK0IywyxztZgSFhe+OVsrWzDnGUQxMb3te9rZYZ45YZ4/7cc8cscrWva9qu/qkLo334kvQf83z/AP23SfV3tAKUpQCsAfPp/SmuFf8A4cn/AFFJkrf5WAPn0/pTXCv/AMOT/qKTJQG/ylKUApSlAKUpQClKUApSlAKUpQClKUApSlAKUpQClKUArDpCPH3p7yCdI55o2buFCqVNTaj5twe5melqrlfLaDRV1SY8ZJR5QCHYzoa5szmYIWsXyBPGDRbDH+GGDgL/AA63F1h0hHTYnuT0jnmjbBzZvcnWTFmtuD17Be022BXNfnO58jzHjJPukPJZQ01SFcCCUtbvwimDhhBllDsmsc75fwai+op2nciL6inadyNBsLcCPEdrvK7BnCGtNmux5Ui9yJ7vYbuKSPNqmZbzjS87iEFMBPXpMVUY4IXzvfKwCknHCmfZ7AoGdvwV9zkF0u353Qk1pMCKd/T+mGlArGBBmBKgpmZg7WSG9c1tZxU0lCl4+bDLR8yjbXGQwiim3s8VQBUAWS6233OmKBTwf3dptx9ENNnO8nOT3J5BNm8nkgkUHNB3J2ocmwLYbGJFQuoWV2ajLiOmhN9eN3v3meUwBBRDKf2CuWFsf4VWCVS5noyy9EVI5JnGzOabkfUVXJP5ANiCOSmsGrnldRyKNCHS9z6odywDucUTlw7mDxq+GFzBoQUa+GN8+xbpolF9ueDmN3yinZx0vta44+MYy0IUb+sbYfbsYLLl6f3AItknI7JOMMhbRFRzeL7jYsh44gAqJE4mp5aP0sIyTJGHeTdXenRKvxdmwv8A4h+yn6sRDX5vA1fBg8m/SKIWcmXeD6F3vLTiSTT3ZBUVFgy665udTdUiYQ2IYxhNJpS0gC3FDwyALgOFIysJkGfL5iM5zIoS7M3mKQq+u6OdVs9hHODfmv1A1fgZ5v4txucnTTkNqoWvj2fTofjagzYSPCoA4alFRl5K6wspZFWVFqNkk3gZWDJtQIP5cLq+azdsMrFL/Z5ToW1W3m53tU9Zt0yrXWtX9auOSY9npQIvKRlyLGinnpHl0vFKCOuvhvOxlKCH3u4EZkKFsMXEnBHBMkouc76LGbFRed80ueMj803R14aal7KL5a07ztNzhTCt7iHkpgtz5H3IKqjhBYiChp55Nit/CZjZ4YAXwbhvthO1DFyCsIk7jF4qtx+QZ57JTEWj3ZzZqN40a0dviAHjIrRkdjR4hA55jNFbe+v2Nzg5BTGDEV7o936WNt04KrKKqWQxVkBNU06v8J1G7e5Qd0u9WSWzP5g9VXR3Tl/HXxk8TOqDjXdj+OSL44TFV7tBSi5XlKNp3kebkNXag663HOqtkqoueVZFbBe+S4222onM0sMsp45p5QIUxiXEzBFoRnjS7WPe7pVcywttlFSdMMYp3HI034TaiovO5ulgHahrEcJKUs2PspwNpXzFJp7hWS2JYRQzIiYnc8xiwgoRcQLuWPofY3Gb0muEdddNUcvFuuPIFpy+ZAnLXppiilY0ar6jclMSu3pDbTNCz8EtIA2citLRUXBPLFy6aZcr8Tkm5VKXPBZbpWftLdc97+lUTLCu0DKVn5HKdxytJ+k0VFkKR40OBOlDWI5SUxQu4YvdjNcYoIBBwqwOaYMrCJRnIzgOZJDGCpQUCb0+kznUm9PpM51OJc3vHxp3xA6+MjajjDfEl6R7ql5ljVCiaK4kneVHLhsXk4HGCmr7VNQ8+Hk9s3ORTkzMVXOFEtMs2FYNPyazmR1m7lLF8tqMaqbsWo6YKy/UgJvvpWZTVU3oggdmwCI7D6EQNONIBtkKNlYJNWBThIPsjC37QG3ZFEv/AA75SORPg91e47db5q5GeNR2SRp5tFqkwVaZENcNyIuzWx32RZQXhRaaLtQNgjcmmRzq+khnU9umE1WIh4L5ggAdIKZEwOSz0DcZ207i3a0G1T2peKESbbymeIG653"
20:09:00.230 [Test worker] DEBUG org.apache.http.wire - http-outgoing-0 >> "kkJYQ5dHBd5fvhDdJpCLGhTBkqgKi8kqCqglDBo4OVRzpIuMdOiB5GhmZyMldo1j6pCc1KUoBSlKAUpSgFKUoBSlKAUpSgFKUoBSlKAUpSgFKUoBSlKAUpSgFKUoBSlKAUpSgFKUoBSlKAUpSgFKUoBSlKAUpSgFKUoBSlKAUpSgFKUoDKnzt/jeejS/pXbA/rBqBWqysqfO3+N56NL+ldsD+sGoFarKAhRyO7bpGiejOz22CqKTxNQ7FDhWmiUP8Aa96LMlK2ATYixvGLZdnsgOKRltroo97YCXDAPCC2CEsHfDLHFxTRM9eITdPiMlOTllczbnNPqc7mZsKouI8bOZ4bVu5/mZ1iRTWQzGd7kHSdQZKh2JCxAWwImaqpP5UzxMHh1PuE8OlEyTJWw0gaAcSWvsbrk6STsNKA2yUrwu03g3WE4HrDkKlVsdOaQjvdp0i2W0mO+ybJrgwX1wwESR1WKiB3tTYuGBIeOvOi9OUjanRxOV1zhlfupOWlUgtbbJnbAo+6GrMpCQ8nwwirV1s8WYTEGKulRRCDZNjqgpNAsNinGm6jLIqeZARMQ8LLReoa6bLjllovSaPpF0XfbdW00csfHWxOT7SiUNY3Rkno7zMF8HtBr/OA55iRtNbYKnRGU58RQQhjQSSdyNnmm8AygeZs2ynG4SpHuKiISNF4hcMfJYcm7RaSSG6a1hGm03G6M54Z3tCe5rEBSQRIiS1UQCZXIJjkPcRPeDTa6soLiyBbIopPNrvsRHCzSg04QezHRLaVu7s6c63bWNjvQMjOETNR6KacSE7sXb7vHI4kH60u6duJ24zOfJFxNY1fugn/AGpHGt2+fY7a+T7pCenySDyYaHo8WyQ9IXQeZt3N3TLe1GYWRMmVk9gRVLOvimhugW4+AncHsOiOMk1DSqHjh3ZAbKckj4jpC28kxyRKvx6WfGraET9aHpaTks2Jk8MMSvLkb3Lnjn02Pbqmmoz2MOCCeNeOHQXtYxGOuDUNqrYU5KBK55GAya68+6rqICZKD4BZLK7MqoXCMobrbJkv1i3zUwdIG5Hty4ldc3S3DvFRx7P3GDj0Vwc9FWNlrbaayamvI7jMSE+W6MXWlNhF1FqLijkkgGAypFqjMCzeLJjncDhdoGseO4+ZUSsFlRdG7bS2bHsdNVAZDIaaIB3skNtqNdLKoqAhpoHbZXDJpiWSLEy9s88xLhhY5CCCCXyzyysdGgUSsK7Ccz+jj8zxRpwjHe14y2MjKVu9FR0Ru8zig2kZ4oxYftTCi388W6hrNz4NhAQSD/apkXLDFdJXGeW+Yp6zVhpNUg14pB89sSkmjo2+mjYYKy6ON9Rl7j62zbSaaV4rmmHtgJ0ME1F3pwGRlFRpVQ3k/wB3FHOzFo8HgScuZQEiuikzY4wp1TKhjI57onVeW3z0grgu201w2JQ0xN3EYGEh62SeFcinoxM1sjD5dFf0OSTdLKdonIQay7CbSxd5NKyIJlnGivooiFkhvjJ5IvqTX19EaiCtuhzKycgNttpCkvuBdVzYCekoqIjkxlFVVlQ+ZzDLEk5NIFjBw6bMCBgFiwIowueIeGWVsqvRUiCk/mByb7ekks6kxhtjyFyk8YnwPEhk+6o2k00pLphXIFx8cMs07E0/sG7cbDDtA1duLCdll3wnGAwgzrmCRn7Unl0cfa4/tZxN66iOoc1eT9cwFbU6VCCh3aysluODLk0JsF1nE1bE94aORUbjtXWcj2GJu6spHrD3FExyGEgPuIm25GekoaXapY4+G4S4sYiObgzUSvjfIgHNLvNtlfjxFUMbZZEjRksc+byvESh7EQwMinXuAXKYle/jGf72lyyg8YvOXye6ovNQLM3XTcuJA+TiGVFRyuWQ0NabYq3fYhNTAgLXALiCqJmQ1scgDhlZPZsVImYYRMMYAE1zzo17EcExMXdjliktIMp8hcmO0z7ebMLqOOIhpva8xa5HE1o3bZQUTthi5dNXzj0QO1DyuEpIbTaRzMc5YIuNgHhv8SVNoIabaUpQClKUApSlAK86Hh3/AKXDyDfni5Jf21K1ei9XnQ8O/wDS4eQb88XJL+2pWqLLz/PaEWXn+e0NOHSe/wARhvV/8D9fP/VdBNdA6g9HZ4cZY011WkJ4abpoj/kLWqDXw53qiTJsI2XAZeLri1sLq24yphAlhOLp540sqJtRsASKgpoYonccSHelrFq7+6T3+Iw3q/8Agfr5/wCq6Cajzp5o9zLPTTnVg61+cJJiyOXDrZBqg1mc2+NPX1fcrNZapF7YMIjPAfjjkMYwonm8iGCaPZ3GUOymojk7q2RYobGvjhSw16fx59bqh1RxYuaY9IObjb/h5JT5Kuw+obc1qQ9k4TIzM6zUgvzX9QMmorzFYQTrPY9+gtQyUko+VxSs7gkMgijIVypEksqzmOLfLejv/wA9HpE3/ivS/wDtXnurQeOfiRhjj5d0xzgJJ0t7ObbbFiFspx2jnpbLLT+dRMoZCOAtpvkSJcEi0WfibKp5nNGCHVj5jNKRChxbNJLcbKYi1cdHxGwSN/ekYMlRviUchTkxdr4FSxr3DOWbL9krYZQbCrYDPHHO5NTJk8xy5jHtgxMMsMrXtjmHkJU1qnynwhUVET+kdY/yiI7rJf5hronltzvXpWn4kLaL/wCHHXP/ANQcb107zZbP7RancDWvsgasOZ1x2sudJ1KjOWpfYpQcZ4w9Cjwi4fFyPZtHy+QYyArnnUnslhFV8uZT1FPyet7oiqkLwqWqFOzuliLSYl8JuwxE+cAKm3HIuvKKiACiY4CKKmBNLOcIpMtjle1xR8EZBV1DIPC2WVixEwLe3aB55Y3bw2xUK2qEOxfKjfQVhFEgeNI/erTeqWnKKAsYZsNDbyu219CXATCaolVAXuyabSFAuYBOd1yJjAC2EvhlnVKIr8GdU89/zDz72KLdfuBjgk2hg1vShFgC/tMoOhHLnMdxCO201uuZVZ1GCQQwrrUnIhSQTQWy+yhgXE0qNUdloxRJVLDJ68z8BrHyQlsfHVqLOGk0IqUGTFuQ/d0khGeCqdiN8Sw0MUWT2LGxrELBHjR1PLx0dhmTbN7uN8050qJdBOBYmjSYUTSLdLICGg1vTL0bPSg47lGYdHZA2A4yJ+H7oZKP/T+TXI12gaP9vkIXAckWHlURGHa4Wed+7tFjK8dJZwLtgB8u4DGQx+PcHm8m5Ui7A8gHG/vM92zPUvcfzzaaMh7NNFAIt20oMt1GXCSTyr4SkcsSRibsIFkVKPlxgS2KuasorqS4x1NZaxpwrl+uE+oS0gWlPSI35LTyaPaUpQClKUApSlAKUpQClKUApSlAVt8iOvO/Oy6ZF8b6cbltzSqPlM66QtjpGTY3zfM7H26KAheKqZCqmcPkUZpHRsw3KXX13I2iuFNzNIaogLV+8D6QpUd9GhifKB9w+eCFspBkOV7xXthErCtJUsuC7qkp74tjOfUnFyPVxXALXVnAp4lbGD5vuAVsxMu1xx7GNr310Vl04HvxmHSOP072d/53sPQFoPIfqvv/ALZL0aRzrNvOU0l1xOoziD2HcUcsEZY2ech/v5Mu3keLH6aUSqexkhSS8lUFRcaQbbrpbCmUJHC+byTVc0io9QvRUWXhG7O5Wo4CcjreQEecmUtMMs7X0rWXnq5ijNRkhtlF13Ldi5TFXcqqWTAjq2pYFCgZxSGMmAypfATEHDWJWW/ozX/y15m//Fs2J/8AokKgLRuQ/Vff/bJejSOdZt5ymkuuJ1GcQew7ijlgjLGzzkP9/Jl28jxY/TSiVT2MkKSXkqgqLjSDbddLYUyhI4XzeSarmkVHqF6Kiy8I3Z3K1HATkdbyAjzkylphlna+lay89XMUZqMkNsouu5bsXKYq7lVSyYEdW1LAoUDOKQxkwGVL4CYg4axKy39Ga/8AlrzN/wDi2bE//RIVAfg818WwDuXy2cR2nO0hdEUtZmhF27Gyew6U4norx6gitUNgpCHHx9eeSG4WqptxNJv9kBF7nyrhSe6BnzhUcwICLcDOx7j44suG7XSQc9oOO+Losu8yiIvR9lKEZbEybOCQUTF26eMvIVvD0vyG0Sp8ziRJd2GxJBrBYv24QJgAubM4D/c2U43OL/enf9ny3sWaZc6bNwFCZFpCaxOCT2uvNkjGtnKqulFdsl68YCDLSsSBXZMwNE1N1F8mmoiKrXufTVEQsg5h1By5BEY8XXSH+NcLRtqpMKRtyFMCZo32Y1zjMDBvxYtgxyhHVJtSCUj9OyCQWybTT6omLBa6CnpqeTzYq1mnlS+Tnd91hmc90EPq+P2RE6cV/JVx2/nB2N/VyIa29RL/ACVRl+b5mfq4m1iF6cV/JVx2/nB2N/VyIa29RL/JVGX5vmZ+ribQGJ/i24wtEuQnkV5+1ncbX5FmxTi/khkVMYhpWd0jNnJvEXTLWwZteLgBsV4tYE3ZRMIiWIJmohnBQrlMMS2YOGY2InMeY/SqP+BSIYm5F+KyQZU1dWWfP8esSRtbM5jkh96+zw0nSUcCkeQl9kyO53aaFPdlt3wHLAKWRAogGVhWQiSG5EdGWinBuLyBd9pm5F+fgzplv83tK0lB5IZFLyAmrepUebMCP48oS3sEIgKJQ4+Hg1RGn4vFiqqXEJkLGwlnJVDFMiF8iAVhLk8eCl87EzBFEucqXIlM3IkRg90lHxGsHYxJG2sWuRd3p4geZFZd0TxsbcBR3iFcA7A5XMKyecUymQyOvH1huqCuiKTM2DJ3LEhZ4okNSMfNgpZLPLP0ZJXyJmE/JV2M2FUsiBzHtDZHI9nqMauTNY9jHtTBa4twR8exbtRcMrdi3Y7Fasqyt88g2CByr9G2eqpfEo2k7ceYGeeVjF7hEiq8/wBf1WTGuRHMXxuEEMqGiB3AtgJlj3W5YXsXtjgJnhqkq6Jdfj6K6f8AKJqn9f0q+U/lulMpvRo/5a+dX/xSpb/WyRagLxLRHqxzSSNtc5uZOSnZNW9zN2QkNkI+iUkTlIMVsuA40bRZKwIlInhJnO9jjrpZIcIjuazjUMfDIaaO3CBtzJJZ0KArqdFgHRjg8Ft4c1UkJIuJ9oPblQmkNtrRe1hCCpgQVFxeFFJmsMsgjGN0t4oRu9g73tiCeLCdtfEfC9Ws7rcNPG1yIqhp8zzALcMy1e4RcvPcVK6hGkxElNG7UmQOHXqyjRCzrUG93tgVTS7/ACLsJJPewQAJAKxYLAOJ4ik/KK6L48kSbptPZ1SLpKXJ0vrbwtN7RbbZpTZohs7LWvmsA6GqJE06FuQ08Jwg+SDZkAwEluNlq8gydkvxI40gcYJQCVipd4Ge7kgEwjmmNY4vNxau7rGtMSlvT0fnavRNtoW7ktb1aAbfbAoGuChBm0o5N8T1EppeVEFLTlaPpMCDwW3AGiJ64MoJZBLLNVp2MJxZpqjNyyWkZxJOymnwjfPuMdxTaHzGsYqs5xFKUoBSlKAUpSgFKUoBSlKAVVbzW7uOfj14z9m9m4/FKgyk322hsuKBzhUseBTpEk91Isft9x94HbZkVDJl+MBp7+Dj4Q5E/i28iZsqbLjiFhbUqzcdLEZC87+FieFFELGDYTAkmB3uuhFsBBRcUEOT0JqmjNwgsM88y5I26iJ05ne1gypQuOdGzwBLCZ4iLds+ToOEOjawJLmkLSkue5CnlY5SJaixLlhY3hUJ4mC8lxlOryQQ3amJqITKvANunGUxFxTCbaiXNoIy640wmoqQKsjLBlHMIPO+Mnk1mKaeBHbOddjV02qbJaKMDbmFpZdSmMFdedL1geKB3i0l5WEBzvmdcyg33E00FZWMhMh3M8EpZWcxbm1AfHDRXBcgteR4Gh6VG2oERmY+4jj9/oKoCOFimiNlzM5JcKYeDMdtYDAlklnQR8Rb52CxB/hXytjbs2yH8GjD1znvi25ZFvaSSEyINRdyeQzY8sI/V2REKI04aOnIkxqCCoJj5deRZBScFxRPDtkEUxmLY6ZTT6ZkVvla2GZJos0nrTSTeo3Uv8z/AOowR5qqT/loK2j7H0+KzhS4JJP0k0lx2njqF3juTN8FMWU3M3FrbKVGbJ7qFlUld9tQQpFLWnVsZAY3aDgb5ZPBRGiUDNlAS5u+BgcwKZH1FT5Astoejbj1l4/HWy9dZEbsOteFdd3a7cXCttmHmw3iKEzE82VyxCcTgPK7SjwicLs08o4rAuDnKoiit5HwQjvdqZ91uBrisY3FRPaFFGv0dNB1QprPIUuxhtQVsSMzng9otj1VfzafzomwpgC4nQkq6khFzLhSBD+DOEQjxsq2kVAKAI3gua/C9tu6Je4YtUdr9pnpYmqo8HPY/K8mPU9cHIZrwa8H6xx5JeKwbv3QwYU2XH5V4OReN55jKBg2dVjIoopkQTJqmtPUN1mu2m41TWnqG6zXbTcql2h4ANJNW+NabdjHo/5eI8gUF63vWa17kKtsbOBOT1rYlmMk66slktmoPsNGzbDofZIFsIrbsgYuYwiqREuUVhH+Yxcg3V2wvKru0H0djj6fbZdCkh778h7wYGpjZkwvbFFdhcVZdb9bI8xJ5ksEDglOp+s5it2+LjSSgRhHW5OxdTaBTjhFMMEezEpg7FdJkeZaRZMVHtrTwdMZ+D5xlEyYObbUy8giwxV0Uti934eBvgaaUSFl9NGsQJBiZ5p5omIRQS5x8kcpBZPKukkM1oa+sHhfkdAbqOy9ftUeSvWtKU0VFIhJzUYTARSoCiglQyBYPEkkttEb0anUktlnYEoUxyJksb9uaBwykt6zWCNKc0f9JBNdUeawRrzikIvoqn521/R1tf8AW3RaQZ10/f0+sTkl10ipam5K3HITlK95LmyRY0b4zxdaO9kg68TrSDSpJxRlBKSU9JSUu7fUDaKIbU1NOCcRZwT3g/cta5AOj0PTa514ksH3JGgOz6dJPg4sARJDyXHUfynGUgKZNML/AMSkkF52s9WcCYlB27mQTFUkXCvmDgGJnaVuW+m7GWoG00jus4XJNdj66TS7Fw2ZEwwAwSkKOHGpm+zln2cc8hQS+QQIdrZZDiiYBB4Z55445ZzOHhkrrK6Kc48XAXMEjLr1N5B3sQJmcRMBQkJwqc+ioJi2AmGPal1dKAKrpPIO4gYxJULmMc+yNfDG5P48ZrZutEaKrt4kkMfonoS/8wfa/wDS+H/YxF9W+7kcYM9chW6qSd2k2CNFOLeP47K4NzUKFpDkyNXdM8wmLp+SqvbELLYJN3JTZxWxtcLIia3X1mcIlkduZJgKCbXHmZUqguhL/wAwfa/9L4f9jEX1s3ND3LFjJmwA5m5cAYexYthYQyYuEHkJYAuHllhjmOLfHuYWF88bZCZY43yxtfs2DM/TEpzdaQ6fcNMFQ9tNxgmnxprvCen+PGjD8fxHLssOUtsmVNm8QXax3XDrtebwT3s3E9MEKGlbIsjBE1E+cR2q5M1PN2JJEa3uaeKeduQ7b9YkrkVmUVW0HbMdMwpCGiEJSbKcfoypIhtLJCv9z7Kn20G0RXaaIrFlSzZAQHYo9gieIJVj6WmIqwE+uteJXQ597Ausxy68occO9R32kp8P3KFYdmdFV0tI0VhxqvZwtlgMSM4ycJcsVbbkPEkwV3l3ycTs3CbSF9JXSZgm5V55Lzo0FSY5ltlRvILybTWUXy42kyHW5kBlI4Ywqs8FtBQT6qlNZLCLgmDAii4DxQBJJBgFxxszJsLEIEXO+OGSEmSnjb9QQ2TRp6bJDlPRjH5cNU9cuGZ86ESnxLGXprfuPL+3cexsBq9Hctyc7GZs5E6xgol3eTesQPF3OsioJBNz5Mdp4qZABNKd9Pa9u9jLjCQ1xuXJbGcTsv8AIBvA9n5vtOpl2cdLNaaAla66SwxJEqRymOd25gg+Nr32bMtoBmiug9icwPDt0ogOk7cMmpkkexxJTUNYAfPC+HXjwcRgil8ovIi23M/+ULYQNfcSybmBFPkB9TWMdWFtNaUJw1Hy3jYCLiyW0cgbqhkAgA5ALL6w3gFHBJMquS5e1JjmW2VG8gvJtNZRfLjaTIdbmQGUjhjCqzwW0FBPqqU1ksIuCYMCKLgPFAEkkGAXHGzMmwsQgRc744ZPHNmhvD63DJPXhGZm9PHVVbcxj8uGqeuXDM+dCJT4ljL01v3Hl/buPY2A1ejuW5OdjM2cidYwUS7vJvWIHi7nWRUEgm"
20:09:00.230 [Test worker] DEBUG org.apache.http.wire - http-outgoing-0 >> "58mO08VMgAmlO+nte3exlxhIa43Nt9Z7uHXjwcRgil8ovIi23M/wDlC2EDX3Esm5gRT5AfU1jHVhbTWlCcNR8t42Ai4sltHIG6oZAIAOQCy+sN4BRwSTKrkuaEaZP1mKrqs9mSCN2tVW5QLJnDvIe9m585TDygTIJNWnyUOmIenOlESSbLjAipst0HI6GqvSeEtvWYZt0yYo4lUg/lmnuRcTBTiqupR4+bayQ1kMnVPvRrtBnD3yGcUqJxQLL6hOYdntnm3H856bs6V5HfsZy5rstuNESna+3tGj1dTvCbBZKxMKxBHc2HglHKZFVx1o4ZdWYCmrktb20EgSNFGts/SdD8fKMsS1H0MyY8oujBJTz6soyFIjbZqwrMpmFUxK/70PiOVyFE1IuUTLZqI+BvIMiGIayCDyqf4duNUrDDGbO+23hJyyxyh7SshJkefJhmQmPk/YlzkBHKq2MBMRsqAAJOI0eOkM4TYrhQm6nppgQ8lKCFcQs0E9vNdDCDvrbTNDjMmcO8h72bnzlMPKBMgk1afJQ6Yh6c6URJJsuMCKmy3Qcjoaq9J4S29Zhm3TJijiVSD+Wae5FxMFOKq6lHj5trJDWQydU+9Gu0GcPfIZxSonFAsvqE5h2e2ebcfznpuzpXkd+xnLmuy240RKdr7e0aPV1O8JsFkrEwrEEdzYeCUcpkVXHWjhl1ZgKauS1vbQSBI0Ua2z9J0Px8oyxLUfQzJjyi6MElPPqyjIUiNtmrCsymYVTEr/vQ+I5XIUTUi5RMtmoj4G8gyIYhrIIPKp/h241SsMMZs77beEnLLHKHtKyEmR58mGZCY+T9iXOQEcqrYwExGyoAAk4jR46QzhNiuFCbqemmBDyUoIVxCzQT2810MIO+ttM0L1KUpQClKUApSlAKUpQClKUApSlAKUpQClKUApSlAKUpQClKUApSlAKUpQClKUApSlAKUpQClKUApSlAKUpQClKUApSlAKUpQClKUApSlAKyh9Mj/FHt39L6Gv1Kl6tXlZQ+mR/ij27+l9DX6lS9QE/+jffiS9B/zfP/APbdJ9Xe1SF0b78SXoP+b5//ALbpPq72gFKUoBWAPn0/pTXCv/w5P+opMlb/ACvPC6SxJzSgTpGfFXsBJhk+jRZDEfaOyc/3EUSVJXyS2lHG9M7PV2GSpBMLGTqqfIN1JOngklOBMKRy+AYJUsKKMFhkB6HtKzgdbB4S/OLkH2eJu9yadbB4S/OLkH2eJu9yaA0f0rOB1sHhL84uQfZ4m73Jp1sHhL84uQfZ4m73JoDR/Ss4HWweEvzi5B9nibvcmnWweEvzi5B9nibvcmgNH9KzgdbB4S/OLkH2eJu9yadbB4S/OLkH2eJu9yaA0f0rOB1sHhL84uQfZ4m73Jp1sHhL84uQfZ4m73JoDR/Ss4HWweEvzi5B9nibvcmnWweEvzi5B9nibvcmgNH9KzgdbB4S/OLkH2eJu9yadbB4S/OLkH2eJu9yaA0f0rOB1sHhL84uQfZ4m73Jp1sHhL84uQfZ4m73JoDR/Ss4HWweEvzi5B9nibvcmnWweEvzi5B9nibvcmgNH9KzgdbB4S/OLkH2eJu9ya/mXSwuEzHHK9tipCzva172wx14m22WV7W7Nscb5svHG18v9lu2yxx7N/w5Wt2b2A0gVU9rHxf/ADcuTDevkT+XDxy+eq3mAg/I98mni98mniMltlN77+UH5QFzxy8KeLndu4eJDV7y787n3Y33v3QeEPWweEvzi5B9nibvcmnWweEvzi5B9nibvcmmehno0f0rOB1sHhL84uQfZ4m73Jp1sHhL84uQfZ4m73JoCfXEpxseS212kKAvlo+XPx82Ikqe/Gz5Ovky8FfKGmNBN8VPAXj3IPf3gfxU7t4d8Mk/CHf/AHPwOS717oZ6k3D4iFKYdtkvkB0123fugu6eTHLxjIMmtKOGhNEdzOwSWCeCmpEsw09lBDRHYoJJJJSE1NVhF0tYAiiN7IQiOpNhtqSTGDrYPCX5xcg+zxN3uTTrYPCX5xcg+zxN3uTQEq9KuI3OAtp3lvxtjtQ/98t4HUycYwRZjfDDacTMmK437qIKYbEQQ4zTiwgsbwlYcyXUzxZbOWyKnlrFNKJZh1PIy4/p7UcRq/IG4BjkE0i29euhG37qY5CNJheKLFjNnmK5xZaSAmE0cGSobfCo3k1TcaUmoaClJ7jKuMpmUIICIKXIBK6cCrXjB1sHhL84uQfZ4m73Jp1sHhL84uQfZ4m73JoMhCsGl4JcaQcTGWuezkjb3bRbRP7efeGRWUXjC01vZjNWJ2fHUZlxy5rNnRJDjNOKreYpZRGKgeEzQCwfzzCsdxTQUoZxPAw5ei9mOHXZyQOS12cmOpvIynajyc7YJb0AnG2qacNHYgsG0krNINKudlJ6zK2EjIVbUEBGOY3DZxc8mYk8ywKmOEZMdv131sHhL84uQfZ4m73Jp1sHhL84uQfZ4m73JpnoZ6P9Jg4Q9zN00wtG3IvzMzdsPrmIqpaq5IIgrWGGtP0V7WRjoCoQS3kvs5wP425kcNVKFD9yK4nqOJYyVKnkjNLWCRBUKX+RTFkfwfGTAhyKWunMqNIuaDfYbDaaVYbwe3mo10wsjoiWXENCmDhnvUgUBDFOHjJo+dGsIbPmjJwcYcTP/wBbB4S/OLkH2eJu9yadbB4S/OLkH2eJu9yaA0f0rOB1sHhL84uQfZ4m73Jp1sHhL84uQfZ4m73JoDR/Ss4HWweEvzi5B9nibvcmnWweEvzi5B9nibvcmgNH9KzgdbB4S/OLkH2eJu9yadbB4S/OLkH2eJu9yaA0f0rOB1sHhL84uQfZ4m73Jp1sHhL84uQfZ4m73JoDR/Ss3+PSwuEy9uzfYqQsfw5W7GWvE23ve2OV7Wy/gsvK3Yzta2ePZvbK2OVrZ445dnG3962Dwl+cXIPs8Td7k0Bo/pWcDrYPCX5xcg+zxN3uTTrYPCX5xcg+zxN3uTQGj+lZwOtg8JfnFyD7PE3e5NOtg8JfnFyD7PE3e5NAaP6VnA62Dwl+cXIPs8Td7k062Dwl+cXIPs8Td7k0Bo/pWcDrYPCX5xcg+zxN3uTTrYPCX5xcg+zxN3uTQGj+lZwOtg8JfnFyD7PE3e5Nf7l+lb8KZsTIItsNIQwmABo1lhbXqasL2Lkiwxw2L2wrNDxvYAqXGHvhbK4glg7hg4CjZYB5gaOKVnA62Dwl+cXIPs8Td7k062Dwl+cXIPs8Td7k0Bo/pWcDrYPCX5xcg+zxN3uTTrYPCX5xcg+zxN3uTQGj+lZwOtg8JfnFyD7PE3e5NOtg8JfnFyD7PE3e5NAaP6VnA62Dwl+cXIPs8Td7k062Dwl+cXIPs8Td7k0Bo/pWcDrYPCX5xcg+zxN3uTTrYPCX5xcg+zxN3uTQGj+lZwOtg8JfnFyD7PE3e5NOtg8JfnFyD7PE3e5NAaP6VnA62Dwl+cXIPs8Td7k062Dwl+cXIPs8Td7k0Bo/pWb/AK2Fwmdte3zipCta1sb2z+bxNva5XvfK18bWsy75dnHtbXy7ONsb2zx7XLK9s7Y/3rYPCX5xcg+zxN3uTQGj+lZwOtg8JfnFyD7PE3e5NOtg8JfnFyD7PE3e5NAaP6VnA62Dwl+cXIPs8Td7k062Dwl+cXIPs8Td7k0Bo/pWcDrYPCX5xcg+zxN3uTTrYPCX5xcg+zxN3uTQGj+lZwOtg8JfnFyD7PE3e5NOtg8JfnFyD7PE3e5NAaP6VnA62Dwl+cXIPs8Td7k062Dwl+cXIPs8Td7k0Bo/pWcDrYPCX5xcg+zxN3uTTrYPCX5xcg+zxN3uTQGj+lZwOtg8JfnFyD7PE3e5NfzHpYXCZe3ZvsVIWP4crdjLXibb3vbHK9rZfwWXlbsZ2tbPHs3tlbHK1s8ccuzjYCT3KnxRyTyFzPojsBDu3pfUiUtDnhKj7YS8b17SdgSy85pEMxCbTDw6KuyhHiOnhtYeKbZZE1Ii5yi7Zd7UUFOxTOwo8U+Yvze+nmZ3/wBya18+OFdG9bB4S/OLkH2eJu9yadbB4S/OLkH2eJu9yaAlbCPFC4WVymyLylTlsyHPkguHXVra+RrH2EMF46SYkKJKKykx0O1JXQJMd4amoPA633grjJRNstxPSBpPdhUrkYLd54h23PJot2QGg6mG8EssuNJ7NtcaLoRDmPbk1huuRMNIy2lm8OzbtyygmHTRQfHs27YIbO3Z/DWeTrYPCX5xcg+zxN3uTTrYPCX5xcg+zxN3uTT4/wB7UZy/ak7eILjcc/FXq0q6pKOx5jY9kkZVeb9i9UUIvtGSlHrWemKYdPx+MAFIj/KOIuE5y626rLYFm7cZUdKxjkkYA3LYg/57+cZPz5dn+NrZD5bfkv8AJ7TusTZ4mfJt47fK74VXIpWvFnxi8fmj4g97/Jj3t4Z8BPXuvhvu3gkPwb3I/BbrYPCX5xcg+zxN3uTTrYPCX5xcg+zxN3uTQGj+qe95OHSKtrp5aW5kMzVLmkW9DHRwm6l7Oa/mUux93tsuWsRKNmYmEtg5N6TkEonWsmYlzhhHUD6OCQby4qK7ZSUpEJxE62Dwl+cXIPs8Td7k062Dwl+cXIPs8Td7k0ByKSeGnefbJv2ibfvmmm+d9bz4pfF6Q3A+rUJaempLSy4wQwjfkJ+sRaeao4m6p3ACDWELNKASTWFshShNPO2LnC94sFQZE2s8Qx/A0FMdGjiJYvbxVrshmIIYuKejpRbMUcS+Y5oUwfUlNSPGDasuLiqbOrK+tnlBbWj55VPnDY1DHWweEvzi5B9nibvcmnWweEvzi5B9nibvcmmZ6H+eIQtBIUJAcxHDTlymmIOdzE2bVNRZfhhvznHWcmoUW4SiaeUObEx+NHUnxmrJNpHjIQAgsIBlRIgqGayoWJprgdJEsnBjLmZ8taXrFADL1U11hDWuPML2ZcGRcyYvQDGZcMsaUyjOQCKKIuqIQeYuN1dwGio64sjXFGEMqqgcMijDCi5i50adbB4S/OLkH2eJu9yadbB4S/OLkH2eJu9yaA0f0rOB1sHhL84uQfZ4m73Jp1sHhL84uQfZ4m73JoDR/Ss4HWweEvzi5B9nibvcmnWweEvzi5B9nibvcmgNH9KzgdbB4S/OLkH2eJu9yadbB4S/OLkH2eJu9yaA0f150PDv/S4eQb88XJL+2pWrQ/1sHhL84uQfZ4m73JrG5xy8n+nWvHSEdvN/5Uf68iaxS1I+6TiY7yJsJ5LSwpJUyyaoORgDmGcko5t0J2aokGAjBkA+mADJeeVwFDAuNjfC0X5ThUIvyi+lQ9Gvk90f8pBoxOulvyn/ACNfLUXj0D5SvEr5RPFrxEldiSf2/id42sbwz4V8SvAfa+NSV3j4T8J9sc7y8Hm5Ma9xT8hEBwfB3h7xq+RqII0inxo8F+A/GT5O2YitDw94F8IrHgfwx4H8IeC/Cyp4P74708Inu498i0P9bB4S/OLkH2eJu9yadbB4S/OLkH2eJu9yapTR/VIWznDarvLcFx7/AOi+50ocfO2MjNlLaMzOBpx0x5vh+ZUlEJp6elnn5Cb9MJCGouMFPSUkmIq2WrE8rpRNXLJBRziKTgUI+9bB4S/OLkH2eJu9yadbB4S/OLkH2eJu9yaA5Yp8IU0bOStED85TuSiSd94/gh8psmR3rq3de4w1Vgw2+ka2eKQsyM02AuvAxIWBIMc4DbBRUSR4UkeUEPJTs2VZcQlWyfkL47Nc+S+CLwRsSmuIuTSHEQfEdSKwVcJtybE8gJRc0VTHow3CMSUypNTBKnTZM0RVUtWRFIqPfE8mDGSxA0Tqs62Dwl+cXIPs8Td7k062Dwl+cXIPs8Td7k0Dfc1zxI7GS+MXlxQ2yHGSZz/SwJFpcpiilRlvReAXFPILdxw7hcoJsGrPMdyHV7It2cfHQ+gGnPgav36GfwFxDthPrj443NduN6OXgzoV8dXc9ZXdYsgztO8uOTN7TVOcgGBDwwrqkV3ZlSOB4YAdUVRU1MTyCelkTCssKfeo66uuBYVqv+tg8JfnFyD7PE3e5NOtg8JfnFyD7PE3e5NP89D/AD0aP6VnA62Dwl+cXIPs8Td7k062Dwl+cXIPs8Td7k0Bo/pWcDrYPCX5xcg+zxN3uTTrYPCX5xcg+zxN3uTQGj+lZwOtg8JfnFyD7PE3e5NOtg8JfnFyD7PE3e5NAaP6Vm/x6WFwmZY43vsVIWF72te+GWvE23yxve3ZvjlfBl5Y3vj/ALL9rllj2bfgyvbsXv8A3rYPCX5xcg+zxN3uTQGj+lZwOtg8JfnFyD7PE3e5NOtg8JfnFyD7PE3e5NAaP6VnA62Dwl+cXIPs8Td7k062Dwl+cXIPs8Td7k0Bo/qrrQ/jY+ZLsxyObFfLR8pnlAZ4Rps8T/k68TPkl8EnZEOeLPjB49uvx8748fe5+GfAjM7l4J7fwSJ392pOAvWweEvzi5B9nibvcmnWweEvzi5B9nibvcmgNH9Vb8ZvGt5Ok3uca+Wj5YvndbbSLtL2nyc/J98n3j8JgJ4i9t49vfxs8E9r2PGftW13/wBns+LxPsdi8COtg8JfnFyD7PE3e5NOtg8JfnFyD7PE3e5NAaP6q34zeNbydJvc418tHyxfO622kXaXtPk5+T75PvH4TATxF7bx7e/jZ4J7XseM/atrv/s9nxeJ9jsXgR1sHhL84uQfZ4m73Jp1sHhL84uQfZ4m73JoCXO63E0LsBtCwt89Vdon1otvCx2OYiw9MzNYLTl1kyfGBgYQzgzpehl5nEhAfAScNnjZKUBFtNMABAJlzoaibbDKONf8LU7iKXY03Cz5B919vnzvxuKiMU9GEUPdfi9mwXGEIsZUDUyyqSjGHWQqOFMRVpST1teSji4I4TFjJFxOIcwnjLS2fWBYx9bB4S/OLkH2eJu9yadbB4S/OLkH2eJu9yafJGR3y7SepUH04r+Srjt/ODsb+rkQ1t6iX+SqMvzfMz9XE2vNT6UXy7aL8nLC07QdPZKcb+Uogd8yq77BXY3fbDwTCLwRY8JoIpYZ4oSOEpZGR28qYihkMhxCtgMMzGIeIwV8tP8AH3SquFlAYTIQlPYd/gqSK0G0kqAOGvk1jYBHk1GJEzYWIwTLzCFxDMAiYYiB5ZB52tbLDK+N7XuKWMcenGT8w3YHkcnX5bflV8oFswp7FeK3ybeI3ySeEXTJjl8T/Dfj88PH3uPyi95eMHghmd08D98+BMPCHcCNq1ZwOtg8JfnFyD7PE3e5NOtg8JfnFyD7PE3e5NAWicjnHNA3JrAIUFTiZd7YGbbvR5KiyVI3VgEGSYlkxugnS6M8GgrGSZ8rYTEoonk5UTDxMwTUCBvMQG5BaJIq2k16KPF3y6OBlixM4ukAyiPFZxMzbaiMgaIwO151ONbMv3lcjhsCnv4R1knDcn/BEfJRKCdY5rtjw6iKZEFyE4N1sHhL84uQfZ4m73Jp1sHhL84uQfZ4m73JoM9Fs2ifH/rrx56ttvUiBm+eMRslXXD7nUHwOScTmkxzuvHDB2uyQDeCeQTFhVcIIRdPMlS6SRRiaGRTUBNTCiOnFCYVW7Q4NZq1Edr6NcVPJzL+ikPyM5lB5LetL3guONvYQbbhVbh2UBozb0lL7UVGKVHCLlAsswlhVXRwiZUqoL59NJkCBT8HrYPCX5xcg+zxN3uTTrYPCX5xcg+zxN3uTQEhoK4Z7BbNR/ujyA7gS5yMbKw0IOYgo3ILOZcOwPCCoYFLGMnVG+vced9NhJe2BgmTHDcR1ZUscTqcird07JzN9DXU+7ms4HWweEvzi5B9nibvcmnWweEvzi5B9nibvcmgNH9KzgdbB4S/OLkH2eJu9yadbB4S/OLkH2eJu9yaA0f0rOB1sHhL84uQfZ4m73Jp1sHhL84uQfZ4m73JoDR/Ss4HWweEvzi5B9nibvcmv51sLhM7a9vnFSFa1rY3tn83ibe1yve+Vr42tZl3y7OPa2vl2cbY3tnj2uWV7Z2xA0gUrOB1sHhL84uQfZ4m73Jp1sHhL84uQfZ4m73JoDR/Ss4HWweEvzi5B9nibvcmnWweEvzi5B9nibvcmgNH9dbzFEUdT9FMiQlLjYIvSMZWZzgYT7ayjcbAqtthzJphLVSdzBYQA4SMZFjGYhJSIGCykmHQy6gnGip4sXMB0EdbB4S/OLkH2eJu9yadbB4S/OLkH2eJu9yaA/"
20:09:00.231 [Test worker] DEBUG org.apache.http.wire - http-outgoing-0 >> "DSuCLcNiQor6XxHzUbCsTQJTJLLTKwUo64w87JoQItcAhqyvGjd2pHXUl3oiAZJHBkwEJMZpQiRTBBksklF0g2dTjNo5Xiv0zKcd+fF6HHRnLVIWP82KYQ81T/ANrTJ8Rcs8s5IGcoZQO2UmXkTHCSMXDinYkg3gGEZCR8EkINIxrU62Dwl+cXIPs8Td7k062Dwl+cXIPs8Td7k0B+escGW5zzgkhpNInNNPDn0HJpCawzMMENZIab05rcOo9ywKXFi9tSEvqDlVkUullAUUyMbYmYKojW8BKiacbuASKHYJuPxjoM98ZCzxi64SfjqJGZxiRzFKI6ktjm5RMoMYsRwN1XUWvkijv5gn1gy909v5IboXVF25HlQstLppVwVTKmauJAvrYPCX5xcg+zxN3uTTrYPCX5xcg+zxN3uTTM9DM9eBE3E3zLQXF8eQvE3SBCTLjGKWY249YDTT+JPUk0UbzQaKSUQ0BJDOKkgHlU/kTTSRcIZRVj59VURsRDymeOHzBgyLY+8ePnLaLj5UNGuRmaDm5C870hYJyLsGjxiy9eXMtrob6VXfHj1aDDY+a8z4/dEaEs2uipQ5Cyqmr+bYEPOZNUibkXkU1XB1sHhL84uQfZ4m73Jp1sHhL84uQfZ4m73JoD8lx8E238vxIgaibLc0OwUxaIouTdSj0EpWucRx3LbzYjROkTbdYr+2gJOFwPR4JRPBOKAmxVlsGLKeQBYc6WEET0zvK1/bqNWLDXGDtJEkYNpOZscxlolOjDYrTSMMw0xuNJqQG6kRARiWIuYo2QCemEixbAUwKMZG7ncUwMMPmIJlVt1sHhL84uQfZ4m73JqO+3vSf+HSW9TdoIpY8/vtSesm67zXHrPTjMCTImlz7pekauZtt8kOonmcASIAmlZSKACnTgwJUrgJkOYFDBDzzsB0R0Jf8AmD7X/pfD/sYi+tjztRzrharmQE1XMN9RXG+so5BeJ2FubRDqmnGSRVXK2AMkx7mE0ccM6BYE4VF7qDj3MyBn2ouPnGdGN5ouPzjS1Nn6KdupTc7Der92IFkJspyHF8gvouca2UasZt2OjKLQb6uSJjeFkNRA7yNDBGu0CwH7l3EUPPLSp1sHhL84uQfZ4m73JoC2jjx1dlPTTUqNNd5o2ZfG38jMc4+jK5sBIoLiLu56BOt/OV3JJVSCdb8ktdxDayOuEWoQuceKpjkQRi2RYNPK3BTyshZyYTglWFJhi9pvpVi51SRFsgMJsyYhYnc1yO3A8Gmrt5GfSNgmqyAo5KrRUVEs4E7FPXUU7kbTwbFVZNHuGcBoS62Dwl+cXIPs8Td7k062Dwl+cXIPs8Td7k0Bc1pRAcgau6sQzAMpzq69mZAjJsmEJzzs+AloF1yQfGXFZVwWloJxO5+LeBkAooFkrCyg7lwbvdPBvY1gFcMuD2nOTCcEqwpMMXtN9KsXOqSItkBhNmTELE7muR24Hg01dvIz6RsE1WQFHJVaKiolnAnYp66incjaeDYqrJo9wzgNCXWweEvzi5B9nibvcmnWweEvzi5B9nibvcmkxMua0ogOQNXdWIZgGU51dezMgRk2TCE552fAS0C65IPjLisq4LS0E4nc/FvAyAUUCyVhZQdy4N3ung3sawCuGXBlLWcDrYPCX5xcg+zxN3uTTrYPCX5xcg+zxN3uTSYmXc7Zw29NhtaZvg6OpfcUAPqU45cbKas1NHBWFc0YrS2SzKknihhoTlZyxmpIwmVjJbFNdKCbyzxtYJTK5fxlv1NZIpdkFa6QXCz8lFem97RREzAjx2zG6MFIJySk4mg2E1CWH8uhrLgdatgrOs+RHWj+Km53AexMnBLGlhRG7c0LRl1sHhL84uQfZ4m73Jp1sHhL84uQfZ4m73JoC7nbOG3psNrTN8HR1L7igB9SnHLjZTVmpo4KwrmjFaWyWZUk8UMNCcrOWM1JGEysZLYprpQTeWeNrBKZXL+Mt+prJFLsgrXSC4Wfkor03vaKImYEeO2Y3RgpBOSUnE0GwmoSw/l0NZcDrVsFZ1nyI60fxU3O4D2Jk4JY0sKI3bmhaMutg8JfnFyD7PE3e5NOtg8JfnFyD7PE3e5NAaP6VnA62Dwl+cXIPs8Td7k062Dwl+cXIPs8Td7k0Bo/pWcDrYPCX5xcg+zxN3uTTrYPCX5xcg+zxN3uTQGj+lZwOtg8JfnFyD7PE3e5NOtg8JfnFyD7PE3e5NAaP6VnA62Dwl+cXIPs8Td7k062Dwl+cXIPs8Td7k0Bo/pWcDrYPCX5xcg+zxN3uTTrYPCX5xcg+zxN3uTQGj+lZwOtg8JfnFyD7PE3e5NOtg8JfnFyD7PE3e5NAaP6VnA62Dwl+cXIPs8Td7k062Dwl+cXIPs8Td7k0Bo/pWcDrYPCX5xcg+zxN3uTTrYPCX5xcg+zxN3uTQGj+lZwOtg8JfnFyD7PE3e5NOtg8JfnFyD7PE3e5NAaP6VnA62Dwl+cXIPs8Td7k062Dwl+cXIPs8Td7k0Bo/pWcDrYPCX5xcg+zxN3uTTrYPCX5xcg+zxN3uTQGj+lZwOtg8JfnFyD7PE3e5NOtg8JfnFyD7PE3e5NAaP6VnA62Dwl+cXIPs8Td7k062Dwl+cXIPs8Td7k0Bo/pWcDrYPCX5xcg+zxN3uTTrYPCX5xcg+zxN3uTQGj+lZwOtg8JfnFyD7PE3e5NOtg8JfnFyD7PE3e5NAaP6VnA62Dwl+cXIPs8Td7k062Dwl+cXIPs8Td7k0Bo/pWcDrYPCX5xcg+zxN3uTTrYPCX5xcg+zxN3uTQGj+lZwOtg8JfnFyD7PE3e5NOtg8JfnFyD7PE3e5NAaP6VnA62Dwl+cXIPs8Td7k062Dwl+cXIPs8Td7k0Bo/pWcDrYPCX5xcg+zxN3uTTrYPCX5xcg+zxN3uTQGj+lZwOtg8JfnFyD7PE3e5NOtg8JfnFyD7PE3e5NAaP6VnA62Dwl+cXIPs8Td7k062Dwl+cXIPs8Td7k0Bo/pWcDrYPCX5xcg+zxN3uTTrYPCX5xcg+zxN3uTQGj+lZwOtg8JfnFyD7PE3e5NOtg8JfnFyD7PE3e5NAaP6yh9Mj/FHt39L6Gv1Kl6u/etg8JfnFyD7PE3e5NUEdJB5z+OHkV49keANU5cdb3k8nsRG8hDoy1E0ksoni1m42ZDTVY7ZZdbcSkvIYA24EsPAliauaHxGzEBCzwBFviBp56N9+JL0H/N8/wD9t0n1d7WIHhh6RPxVab8Y2putE9za82xLsUtB2pL1QUyFZWcxFOPK0nvlzEQi66gNU+jqGIiOtpw+QhI2OGGILmBnliMEJhjZ/wBbB4S/OLkH2eJu9yaA0f0rOB1sHhL84uQfZ4m73JpQGj+vPL6SDG7ImTpKXExEMmIBd1xxKrH0PjeQGubMHihRyMh877Tm2HWgGjSYaIqRYusIKofThjCedJngQzOQhQ0XMYhi4ehpWAPn0/pTXCv/AMOT/qKTJQGj/q33CX5g8ffX+bvifTq33CX5g8ffX+bvifV3tKApC6t9wl+YPH31/m74n06t9wl+YPH31/m74n1d7SgKQurfcJfmDx99f5u+J9OrfcJfmDx99f5u+J9Xe1+WuXW7IixdtYpeTjslqF0DFczNhomS3YoN4KxWMyGAh7BLue7hZQzJBiG8SlxrlsMhrYY3ApW6t9wl+YPH31/m74n06t9wl+YPH31/m74n1FyGejmQ1LDWf8o8ur4c27+60lPJ3OVRnJHmObmK2YiQDJ8XJmtuC24huZmpLPS2ySCKqgBM62zaWkn87t9MJ3aacXJGuDdHv3VkUHjv3wXJxlh1bEQ3x87D7HMiIJ5dKtmuuaQtfodYqc/yJY26jPfAjizTEfIRSR1U0aOZEkFzIqCXuEjoiWXwC/Cv9e/9JudW+4S/MHj76/zd8T6dW+4S/MHj76/zd8T6pM0Q090R5H9W0Xkf5uJqQHRsbu88JUdMJJMq7WuGC0DXyLW7IDkYTIZ+vTSKSQyEotZMNNcZyED2ZBfDuAcRQjRLI/k4zLg01cZurcv6d6wI8ISruGubtpaI41lTh6WXW2PA7tR4bWAiBlmsFddF32+85Mu3bWPGEl7iGUbERFUyDeT0UmiICTjQZciR1b7hL8wePvr/ADd8T6dW+4S/MHj76/zd8T66N6Vp+JC2i/8Ahx1z/wDUHG9WhNPYmGdTuOqJdhtg34kxrEEYaxQwuvJ4LOJsYunlRWG0k1PJkyCeXOKiwtLSueIIiAgo5I8sLq2oEElKJGz5wuAJHi1FX032NUTd/j7IX9W+4S/MHj76/wA3fE+nVvuEvzB4++v83fE+uJKPSDtcWmw2fOcr6eckkKapPhQbxdG28k/WBITYGARnccLEmk8lkVvSi5ZSRWY6szpEVtLyjGAAK6CoJt0sM0Ipp4ZmZO/nKbrDxyxhAczTld6uOM9iZeZkQM14xeAx1tARjL5byw6kt/u1XdT8ZSYSjQm30Q2qKbiRji8dBJZgGiiMdL5iChUZSNZKRj6t9wl+YPH31/m74n06t9wl+YPH31/m74n11LI3SWNFI7TkuR84Q5AHZquqOAi3bbwtrUB6FNRy5s+pXSQDOEiPVUZ7kWSeZ23ci92wx142p5ZYBI5RRMZ4A3nbyIxTs/u5pWFH/H5s00ICWpyGZCkd2CsYcuZ+0AOFLMLiyZihbaJcZTTHU8SRhugJLhBGIXLtk+uZJ6olqxlNUigEbOrfcJfmDx99f5u+J9OrfcJfmDx99f5u+J9U8cv/ABH6T8VPHg9N5dKXLLusG5+uy1Eamydhk+fpTWH3NrtXJKaLYcDekhGc7uVGk8hnglq6641JJR2qlJwQqaNiOmWYJdebpq63ZqCNveT3jb1caLE2JPaWu+eGZr1Jm1qy0UhaLPhRYjnjpNccpQ2xldOVSB9im1ZxLWBc0pCZHO7JyKI2FUubQ1lbJm3tPX39R9hKum8uIx2i0aMq8Z6t9wl+YPH31/m74n18c+jecJWeOWF9CGBa2WN8b3xkKccMrWyte17454Shjnhl2L/gywyxyxv2L43te1r1SRyr6K6v8N7m47Ja4qrPiCN2pG3QiiJQ4tbk2So9z21MXL4Czi+islMF5PNz4udJu5gmiirSwTIJ6RiK+RE06VEOmmwMhbdqZcXhr71Sn0UhdW+4S/MHj76/zd8T6dW+4S/MHj76/wA3fE+rvaw6Qjx96e8gnSOeaNm7hQqlTU2o+bcHuZnpaq5Xy2g0VdUmPGSUeUAh2M6GubM5mCFrF8gTxg0Wwx/hhg4C/wAOiw45VgsOOVYvO6t9wl+YPH31/m74n06t9wl+YPH31/m74n1z+FuBHiO13ldgzhDWmzXY8qRe5E93sN3FJHm1TMt5xpedxCCmAnr0mKqMcEL53vlYBSTjhTPs9gUDO34K+5yC6Xb87oSa0mBFO/p/TDSgVjAgzAlQUzMwdrJDeua2s4qaShS8fNhlo+ZRtrjIYRRTb2eKoAqALJdbb7nTFAp4PA606t9wl+YPH31/m74n06t9wl+YPH31/m74n1CLoipHJM42ZzTcj6iq5J/IBsQRyU1g1c8rqORRoQ6XufVDuWAdziicuHcweNXwwuYNCCjXwxvn2LdNEovtzwcxu+UU7OOl9rXHHxjGWhCjf1jbD7djBZcvT+4BFsk5HZJxhkLaIqObxfcbFkPHEAFRInE1PLR+lhGSZIw7ybqDN2fI03LQurfcJfmDx99f5u+J9OrfcJfmDx99f5u+J9Vls9hHODfmv1A1fgZ5v4txucnTTkNqoWvj2fTofjagzYSPCoA4alFRl5K6wspZFWVFqNkk3gZWDJtQIP5cLq+azdsMrFL/AGeU6FtVt5ud7VPWbdMq11rV/WrjkmPZ6UCLykZcixop56R5dLxSgjrr4bzsZSgh97uBGZChbDFxJwRwTJKLnO+ixmxUWtaT9cxj5LvGSJy0OY2Usb6t9wl+YPH31/m74n06t9wl+YPH31/m74n12vx18ZPEzqg413Y/jki+OExVe7QUouV5Sjad5Hm5DV2oOutxzqrZKqLnlWRWwXvkuNttqJzNLDLKeOaeUCFMYlxMwRaEZ40u1j3u6VXMsLbZRUnTDGKdxyNN+E2oqLzubpYB2oaxHCSlLNj7KcDaV8xSae4VktiWEUMyImJ3PMYsIKEXEChC5fq33CX5g8ffX+bvifTq33CX5g8ffX+bvifVG3N7x8ad8QOvjI2o4w3xJeke6peZY1QomiuJJ3lRy4bF5OBxgpq+1TUPPh5PbNzkU5MzFVzhRLTLNhWDT8ms5kdZu5SxfLajGqm7FqOmCsv1ICb76VmU1VN6IIHZsAiOw+hEDTjSAbZCjZWCTVgU4SD7Iwt+0Bt2RRL/AMO4FO/VvuEvzB4++v8AN3xPp1b7hL8wePvr/N3xPq72lAUhdW+4S/MHj76/zd8T6dW+4S/MHj76/wA3fE+rvaUBSF1b7hL8wePvr/N3xPp1b7hL8wePvr/N3xPq72lAUhdW+4S/MHj76/zd8T6dW+4S/MHj76/zd8T6u9pQFIGPRvOErG17W0IYF7Xyzy/hSFOOd+znlfO9rXzlDK9sbXyvbHG1+1wx7GGFscMccbfLq33CX5g8ffX+bvifV3tKApC6t9wl+YPH31/m74n06t9wl+YPH31/m74n1d7SgKQurfcJfmDx99f5u+J9OrfcJfmDx99f5u+J9Xe0oCkLq33CX5g8ffX+bvifTq33CX5g8ffX+bvifV3tKApC6t9wl+YPH31/m74n06t9wl+YPH31/m74n1d7SgKQurfcJfmDx99f5u+J9f6BdHE4UAMr5g6GMILPIMYHLMOQpwwyuEYBELmAr3xlC17hjACiAi4Xv2ogQmeGVr45Xte7mlAUhdW+4S/MHj76/wA3fE+nVvuEvzB4++v83fE+rvaUBSF1b7hL8wePvr/N3xPp1b7hL8wePvr/ADd8T6u9pQFIXVvuEvzB4++v83fE+nVvuEvzB4++v83fE+rvaUBSF1b7hL8wePvr/N3xPp1b7hL8wePvr/N3xPqoHj91iY3SG5x3f3v5CDr5mbVSP9j3jrVpNq6HJcgsSJWU0Y+Jpymckc8jx26WyaWXisN90tCwi+GphBHXOYepg/goFiLQKNaQ3G6oSLxlcz848OZ2UJAkXTyX9dSW2mkqPKLqU3q5odDKKw6W5owQF1bMjKXiYIKhyeCCSzMGsMLR831nEqEuOJ5KimzM+WZGGYpPjq33CX5g8ffX+bvifTq33CX5g8ffX+bvifVL+rLB065nHpudyJcuMqo6rrEi7Xv7VjReDZX2LX4Ig6P47i5NQzQz3TSyI/o7LL8hvoo6UfJVURFUYeyynuE0KVMg5NqyBf7xU6SrGk7Nl5tMTddZ2v07kF7BPTUlkOLG7zN67MkfNVDVWG3Z1ykR4ZScyTN80gBFJBojcJt8yhH1ELv9VdC6PkGfZ1F1b7hL8wePvr/N3xPp1b7hL8wePvr/ADd8T6p+6QVpBv28NO9/dqtnuQxwDQLFA2KprXplri1hIyjI0yFyWGq1myPse4Tpgwtyo4yrZceeashHQFBKKuclgrt1xp6WYu3wNEupUooMHcR+ss1OkMUVsRBxywxKLjCAEDBGEQY/1nbbsVwwRRv4oIXNPSTGIYgv8Xhne2Wf8G16Ai31b7hL8wePvr/N3xPp1b7hL8wePvr/ADd8T6qH4peL6NeZzWlc5NuWYxImxUu7YPmTVSEGr8rcpMRi6yRO1nitsNBS4hazJdyAUQTt3A2VlQTB1HFUT7t8o1zOaaOrqDqWHLMXglmOc4U2p5IOHfYOWHhN2eir1Zrw1qkeR1YVfkRR1ylBPwWG82XQtmhLmj4bWb63Giml2zsZwTR3otISeMRbSM2UkmzM+iwZ39w9c8bksbdG84SrZXz+YQwOzljjje15CnG+PYxvne17YXlDtMcr3zv22WONss7WxtnfK2GFsfl1b7hL8wePvr/N3xPq72lCFIXVvuEvzB4++v8AN3xPp1b7hL8wePvr/N3xPq72lAUhdW+4S/MHj76/zd8T6dW+4S/MHj76/wA3fE+rvaUBSF1b7hL8wePvr/N3xPp1b7hL8wePvr/N3xPruvmt3cc/Hrxn7N7Nx+KVBlJvttDZcUDnCpY8CnSJJ7qRY/b7j7wO2zIqGTL8YDT38HHwhyJ/Ft"
20:09:00.232 [Test worker] DEBUG org.apache.http.wire - http-outgoing-0 >> "5EzZU2XHELC1HQh0bWBJc0haUlz3IU8rHKRLUWJcsLG8KhPEwXkuMp1eSCG7UxNRCZV4Bt04ymIuKYTbUS5tBGXXGmE1FSBVkZYMo5hBEec4ZqySLBurfcJfmDx99f5u+J9OrfcJfmDx99f5u+J9U1x7y4boOroxO2uwgrmXPn0agPI5p3IcnB4hGXiVVSknRG0D8qj5g4jiZPRvxFLIGR14fwxhX021N8DjYjBmrhc9efBnx+tPiVWN1UR6y4l7mt7S4fbInyGFdk5lxk5SlonENpcCd91Cz/ALNMRorq6GGmAJJVEwUbNs2FkQWvHK+DqEbVjTRou2uaVGVq/LKjrpBXyFq/VvuEvzB4++v83fE+nVvuEvzB4++v83fE+vp6CSVulyAcEsIvRPmEvDW5c568rDWIT+4GwKsmkZYTHm4I9JzCIgp5hI7u7HQxUEJ6pigSzKkSzsXCa8XJ5kAcCGdOfI3wvaO8cnFbI21yjKkotrkfiJiNp0pO9+OxEyosuyxtAOfSBB05FTlGQTCSKmP1euoJSU3CSKZcCE17+GjC0YWUlYc5mevf5Enr3+RLmOrfcJfmDx99f5u+J9OrfcJfmDx99f5u+J9cS2W2Rl9J6N/IuxE/4GEOe3rxdlhn+KeIYoqkXluZ4PTmb4TOo2IJbBEWzTwepRTNIXexfBJVRxErIqDiWuBjXjobwVcBD51z1NZM1xXC763KdOt0LOyYmflt1L6TKClJbkjNuuZ9GB4ta0+o5lHsGtqCjlinpjVTSZMoFhYMmAFh2LUuZ87FnfVvuEvzB4++v83fE+vjj0bzhKxte1tCGBe18s8v4UhTjnfs55Xzva185QyvbG18r2xxtftcMexhhbHDHHG11DfQEdqoCG128RCS0BtpCagIaYBkJkAnI6OSATkwiDkNmKNkEUJFgC4eQoggl8A7Xzzzy7OV/wBegKQurfcJfmDx99f5u+J9OrfcJfmDx99f5u+J9di8nGgmxXIW89aooIbFCw1os33SqufcON2G4Xkzpf2JTwQQsmvHhV2NksEEnsHAUqMXcCYKtp/hGy+YWrgjrLVaooFFPIFqfBvCLuJxSydxeDPKAndszuG0deZh1bR5Zkx8MDYuKHOqthGc6ussyRHc8hs1Ru3W0xBCXCeXckxdeDccgBcByJRRRGDq8fXw5cj1b7hL8wePvr/N3xPp1b7hL8wePvr/ADd8T67z5D9V9/8AbJejSOdZt5ymkuuJ1GcQew7ijlgjLGzzkP8AfyZdvI8WP00olU9jJCkl5KoKi40g23XS2FMoSOF83kmq5pFR6heiosvCN2dytRwE5HW8gI85MpaYZZ2vpWsvPVzFGajJDbKLruW7FymKu5VUsmBHVtSwKFAzikMZMBlS+AmIOAFg/VvuEvzB4++v83fE+nVvuEvzB4++v83fE+u8+Q/Vff8A2yXo0jnWbecppLridRnEHsO4o5YIyxs85D/fyZdvI8WP00olU9jJCkl5KoKi40g23XS2FMoSOF83kmq5pFR6heiosvCN2dytRwE5HW8gI85MpaYZZ2vpWsvPVzFGajJDbKLruW7FymKu5VUsmBHVtSwKFAzikMZMBlS+AmIOAFg/VvuEvzB4++v83fE+nVvuEvzB4++v83fE+rvaUBSF1b7hL8wePvr/ADd8T6dW+4S/MHj76/zd8T6u9pQFIXVvuEvzB4++v83fE+nVvuEvzB4++v8AN3xPq72lAUhdW+4S/MHj76/zd8T6dW+4S/MHj76/zd8T6u9pQFIXVvuEvzB4++v83fE+nVvuEvzB4++v83fE+rvaUBSF1b7hL8wePvr/ADd8T6dW+4S/MHj76/zd8T6u9pQFIXVvuEvzB4++v83fE+sSnGZx9adTf0kDczS6VIPQnhrDGsm7yojHiY6uvImkN9Ki2U1JBYJMurpTkIOgwG20gEIkVzPLpoUyHhbM+IbG7Il/UorzoeHf+lw8g354uSX9tStUX5TtCL8pyqOaoerfcJfmDx99f5u+J9OrfcJfmDx99f5u+J9cO6T3+Iw3q/8Agfr5/wCq6Ca6B1B6Ozw4yxprqtITw03TRH/IWtUGvhzvVEmTYRsuAy8XXFrYXVtxlTCBLCcXTzxpZUTajYAkVBTQxRO44kO9LWLVSkr+rfcJfmDx99f5u+J9OrfcJfmDx99f5u+J9V48WLmmPSDm42/4eSU+SrsPqG3NakPZOEyMzOs1IL81/UDJqK8xWEE6z2PfoLUMlJKPlcUrO4JDIIoyFcqRJLKs5ji3y3o7/wDPR6RN/wCK9L/7V57q70T6++CojoqyZEW8UTevFScPVvuEvzB4++v83fE+nVvuEvzB4++v83fE+ujelafiQtov/hx1z/8AUHG9dO82Wz+0Wp3A1r7IGrDmdcdrLnSdSozlqX2KUHGeMPQo8IuHxcj2bR8vkGMgK551J7JYRVfLmU9RT8nre6IqpC8KlqhSaom78N9mXiib/aJ8z0JqdW+4S/MHj76/zd8T6dW+4S/MHj76/wA3fE+ova/cDHBJtDBrelCLAF/aZQdCOXOY7iEdtprdcyqzqMEghhXWpORCkgmgtl9lDAuJpUao7LRiiSqWGT15n4DWPkhLY+OrUWcNJoRUoMmLch+7pJCM8FU7Eb4lhoYosnsWNjWIWCPGjqeXjo7DMm2b3cb5pzpUS6CcCxNGkwomkW6WQENBZmJ8FzMT4Ie9W+4S/MHj76/zd8T6dW+4S/MHj76/zd8T6u9pQFIXVvuEvzB4++v83fE+nVvuEvzB4++v83fE+rvaUBSF1b7hL8wePvr/ADd8T6dW+4S/MHj76/zd8T6u9pQFIGPRvOErDHHC2hDAvbHG2Nr5yFOOeV7Y2ta18s85Qyzzy7Fvw5Z5ZZZX7N8r3ve96+XVvuEvzB4++v8AN3xPq72lAUhdW+4S/MHj76/zd8T6dW+4S/MHj76/zd8T6u9pQFIXVvuEvzB4++v83fE+nVvuEvzB4++v83fE+rvaUBSF1b7hL8wePvr/ADd8T6dW+4S/MHj76/zd8T6g1ytOWVOQDlv1E4XmrKT+inWO8LLW2275+K3GdaTtkdlklNwpjWiY64EwYFTLIBo620UkoEgRA08XKTyTiOFlRSaCEAUizyZajR/0etc1U5JeNkSQIUhJGn9jQ1uprIXk2Rn5FctxM+QFIUd3mkSRXU6BSrtIlkFQQAFK503cq5l5muhGIpqiirhlcfbY+8kDoz1aE9pK2sErSJcX1b7hL8wePvr/ADd8T6dW+4S/MHj76/zd8T67y3J4Y+MvkSlJGnnbfXEOZJJTWGiR8jO4GZZ7YoWDGR1ZwOJFSwkmLZUZjbNBgqbsXT2CoKlDKZnFQsCOfHKliQJfOLBHGBoYyekxxjC+kMDARXGHHdrZnsRsOYtJEuyNg4J+kAr3hE7ZMnpSfz8GRh2whyEwZASCiMZSfCRhNcWCqXMhJwHZCU7F5HVvuEvzB4++v83fE+nVvuEvzB4++v8AN3xPrk3IxxuTdyL7Ea6NaQ5+GZ/GmwEhaXdhdbo+dL+YMmbHSKYxXMEBIdruaN04LKK0nENqXyRgl4io3uM7zRWxdcFay636ZthNdYr4YOXfiMaHGiovOJ2bvFKLuiTZ/UErJ0gSBGLnjguqMBGDmC7SfTndSg3Vltlna5Vouu4HQS+Rxjh5IeJMoA/Cy6zT7z2zVm8wbuSa67IulufVvuEvzB4++v8AN3xPp1b7hL8wePvr/N3xPqtydGquc0nOLPGh0vPh/EuOTjhiNjLcqwwwHo4mKj7Ez1JiUgrCcnyOqtJUSF86hpYDhWUnEENSLDJFozUSzfsmGHstrOfEZMhsjwGcrXHdjqG5H40+PXkbkU5q9MerTgfzvfMbxvMSooNpEYUhsTN+Lq6oNodUXHqhLAxjv4+dKJrWfqNmogN5yJaWjNtX+Zd5AjyZ1dWluyJOMbFMvSxeMzRfj/j3SlY0917bkIqUmvObkx9GkJxPtczcJFrocbGkEuZweLqcYRfFOMLSoIFkQwKCCXN52MZi44BWD1cRx0dDhZWo9Yawp6HsA2pKzMa6moGs37NeGZk8fQyJo2YywCkwMLDIYwKIJliHhgHjfK9sMMcbWtajTpxX8lXHb+cHY39XIhrb1Ev8lUZfm+Zn6uJtClQfVvuEvzB4++v83fE+nVvuEvzB4++v83fE+qqImznfpGW522Jp3z9LsHcRmm0tqUCM6I4CealHK7txIyBmJdcXJIfSAKErnmiYIApjsMohjtQ0duOtjI7XJpTpydbzFnnK/RutIm0wlZc48hZU4/NsW+QzUYp2GiKfJ8OGgXSnB5DpSbJyK65FdRJ7MhZOYBk3YXEJ4LxhMMG8SijlgIYIHX5zll3aI/Jwn9cncnVvuEvzB4++v83fE+nVvuEvzB4++v8AN3xPrrDlwbmwzR6PTty19rJDYksz8g65FkuRpKjdqHGQ1HqrFH41wgF8s1zhozZLUTydiTzXrEME5HOLllA+ioLcSjRNATa4+i5ONY1Xf0/cbTvUDmaE/wCAdV+TTWrwkNkLmpsPZKFYzvMhFNFMY4CZprKeqqyWqCED2+A6wmuxQzxuKIZOHGP1WNvgY7p8sqvRLsW19W+4S/MHj76/zd8T6dW+4S/MHj76/wA3fE+oZ9JPdKpPxTRfihZSicDWd357zkGag0ca+Sim6vawpmcmSKZGL43xxBFGOlSTqboxrPAuaPxooFrdi+AhgrWxpN/QwNgfzZ7Zft5cVAX59W+4S/MHj76/zd8T6dW+4S/MHj76/wA3fE+q7+LzgB4idh+NvSmZZc08RnNKUra1RW9329yssz42FlZdjhapE+rrgd2nKiGTSjRo6MIYsGjlCBQHPLtQC4YVrB2/C0xtJfGHz6gcU0YTvLc06RbC6mH9hGTF0xvpVk1V1ldaYK9RQkhsOhayHVUtFFzjZaLho9sypRRRJAbBlewWXKjAuFQb2fqGbDf3O3M2nKpZb1b7hL8wePvr/N3xPp1b7hL8wePvr/N3xPq72lAUhdW+4S/MHj76/wA3fE+nVvuEvzB4++v83fE+rvaUBSF1b7hL8wePvr/N3xPr426N5wlWyvn8whgdnLHHG9ryFON8exjfO9r2wvKHaY5XvnftsscbZZ2tjbO+VsMLY3f0oCkLq33CX5g8ffX+bvifTq33CX5g8ffX+bvifV3tKApC6t9wl+YPH31/m74n06t9wl+YPH31/m74n1d7SgKQurfcJfmDx99f5u+J9OrfcJfmDx99f5u+J9Xe1VbzW7uOfj14z9m9m4/FKgyk322hsuKBzhUseBTpEk91Isft9x94HbZkVDJl+MBp7+Dj4Q5E/i28iZsqbLjiFhQVWOlOrfcJfmDx99f5u+J9OrfcJfmDx99f5u+J9V8wh0bWBJc0haUlz3IU8rHKRLUWJcsLG8KhPEwXkuMp1eSCG7UxNRCZV4Bt04ymIuKYTbUS5tBGXXGmE1FSBVkZYMo5hBjjHvLhug6ujE7a7CCuZc+fRqA8jmnchycHiEZeJVVKSdEbQPyqPmDiOJk9G/EUsgZHXh/DGFfTbU3wONiMGauE1yUK1yAeLRvCib7qyOzlynVvuEvzB4++v83fE+nVvuEvzB4++v8AN3xPqqh58GfH60+JVY3VRHrLiXua3tLh9sifIYV2TmXGTlKWicQ2lwJ33ULP+zTEaK6uhhpgCSVRMFGzbNhZEFrxyvg6hLa+Nuc92NyOEOApmQ3kyWzu9JevTgKNOSZgbKgsMxQfbYdDoZLPkV+IKD3qbMhvlDbaS7VQ6mETZMJRX8lsBtLacFZunm1d56aTaP5s2rvPTSbR/Nvy+rfcJfmDx99f5u+J9OrfcJfmDx99f5u+J9UJSZpxsPqpzw8Izi2o3il/ducpzdWxbifDgeZMg0IoYQrVjvIuntiD4qSRDCUwW7bNyqd1WyeOUJrw4BFRBbzeGubKj6fOZaVbQvxS8gz+wNWJHC+qMxNZIOdt2uRVwSM0j8ctwwFf/Z3cFedacIXxv2cch8Q8cscsb3xuBHDq33CX5g8ffX+bvifUatzuj58Oka6e7XyMx9H2I33qwNap1ezPXiz5mQwYRHS1YvdK631cAuekg0SHGTVYgUOhAnCpkqLmDjgYAGByzDyizobwVcBD51z1NZM1xXC763KdOt0LOyYmflt1L6TKClJbkjNuuZ9GB4ta0+o5lHsGtqCjlinpjVTSZMoFhYMmAFh2LaI950BHavHRuI128RCS0Bt6VbBoCGmAZCZAJyOjwY7k5MIg5DZijZBFCRYAuHkKIIJfAO18888uzlcDEd0VXip4/N99PdiZG261sbE1PVm7Kislsry45ZBRDCU1sYvYK7ZIBLtB3t0kMDZWV1E73Y0VHNduazw7v3HEMPDUT1b7hL8wePvr/N3xPqn7oS/8wfa/9L4f9jEX1oX3c4heO7kaejNkPcvXr5Y3hH7XHZjRWPlZnGPfBLaMqxpcHTfB8VyWx0s/26ocMmu/FMkdP4907hgaxL4Bg4hiZ/pGnq33CX5g8ffX+bvifTq33CX5g8ffX+bvifVC7r4mOO9h9Ii48tTdHtdy8YJmskerW+G2S2WlGaZNEHFaq8QMQE1lEtK8jvkoh5I8hoTIUj4SSCm+FkaUk/JSFUcChMmFok5GeMyQOR2btbkSTdiV5r8f8bhONZ2A1TYp55Mhx7Iu84VU8G0A7pHaLkSDQbGQzITdtk3cS2BuxYV2DpykQW1JEWEEDgfVvuEvzB4++v8AN3xPp1b7hL8wePvr/N3xPqqlmQhFfGh0hfSrUjjOWHWz4Wn+B5gce7epyTJr6keL2Gmt1pO5Zj2VldJejkdplgOlXW09EyTjRtQKGcwy6clJIZNOkY0WXO4OURFW93uczR3i3naQH+0tFHHqk9NlXlFrIezhjcvs1JqOtSsQyYDncjWPpKwsIzcR2EgLQqATUA1BNR83QeThklQWiC2QX4iL8R1S2bI6pPbq33CX5g8ffX+bvifTq33CX5g8ffX+bvifVT2wuskZ8LvK9xGJXGufe8Qx9vNMjsg/ZTUUvJ0gv2LHoxSZthJ5mXQGm+3O6lBFXGSUfCmtjrZc5gWKmm6liJeKaWHehdx7HqApC6t9wl+YPH31/m74n06t9wl+YPH31/m74n1d7SgKQurfcJfmDx99f5u+J9OrfcJfmDx99f5u+J9Xe0oCkLq33CX5g8ffX+bvifTq33CX5g8ffX+bvifV3tKApC6t9wl+YPH31/m74n06t9wl+YPH31/m74n1d7SgKQurfcJfmDx99f5u+J9OrfcJfmDx99f5u+J9Xe0oCkLq33CX5g8ffX+bvifTq33CX5g8ffX+bvifV3tKApC6t9wl+YPH31/m74n06t9wl+YPH31/m74n1d7SgKQurfcJfmDx99f5u+J9OrfcJfmDx99f5u+J9Xe0oCkLq33CX5g8ffX+bvifTq33CX5g8ffX+bvifV3tKApC6t9wl+YPH31/m74n06t9wl+YPH31/m74n1d7SgKQurfcJfmDx99f5u+J9OrfcJfmDx99f5u+J9Xe0oCkLq33CX5g8ffX+bvifTq33CX5g8ffX+bvifV3tKApC6t9wl+YPH31/m74n06t9wl+YPH31/m74n1d7SgKQurfcJfmDx99f5u+J9OrfcJfmDx99f5u+J9Xe0oCkLq33CX5g8ffX+bvifTq33CX5g8ffX+bvifV3tKApC6t9wl+YPH31/m74n06t9wl+YPH31/m74n1d7SgKQurfcJfmDx99f5u+J9OrfcJfmDx99f5u+J9Xe0oCkLq33CX5g8ffX+bvifTq33CX5g8ffX+bvifV3tKApC6t9wl+YPH31/m74n06t9wl+YPH31/m74n1d7SgKQurfcJfmDx99f5u+J9OrfcJfmDx99f5u+J9Xe0oCkLq33CX5g8ffX+bvifTq33CX5g8ffX+bvifV3tKApC6t9wl+YPH31/m74n06t9wl+YPH31/m74n1d7SgKQurfcJfmDx99f5u+J9OrfcJfmDx99f5u+J9Xe0oCkLq33CX5g8ffX+bvifTq33CX5g8ffX+bvifV3tKApC6t9wl+YPH31/m74n06t9wl+YPH31/m74n1d7SgKQurfcJfmDx99f5u+J9OrfcJfmDx99f5u+J9Xe0oCkL"
20:09:00.233 [Test worker] DEBUG org.apache.http.wire - http-outgoing-0 >> "q33CX5g8ffX+bvifWdzpOnEJxw6Ocb6JNGqerjUh6TzWysYMkd2orqklZOCNZdaskn1ZIuTdb0X0uwJw2ipY+Y2JGxrDIphiCOHhmLiJvgrKH0yP8AFHt39L6Gv1Kl6gOouDzg84qto+KrT2e5709ZkjS7IzMeSm9XqpvKVk08vHk2Vn8gETBgkgP5JRy+RdHSU4ljiSTioeQZXDPPDIbIQTO1zq33CX5g8ffX+bvifTo334kvQf8AN8//ANt0n1d7QFIXVvuEvzB4++v83fE+lXe0oBWAPn0/pTXCv/w5P+opMlb/ACsAfPp/SmuFf/hyf9RSZKA3+UpSgFKUoBSlcElJsud6RlIzOZD0zjd5uxiO9stGRAke7hEYTnXW+oJaA9A0CyqhXXM2sqmii5gj2W0a6nkRsSsqp/d++wQMzW0uwe1XNlsJNPHNx6P0xAujMGuEeL9/d804PI0vP5x591LunWrW6wIoGCjl3qGbS3u5Sx0uXUCwo2R5RIMUyiEJmsmnDR2IdQuFfcTTTUxlDNtoImiW2jWaZDu+Sk6HW83ZB8gBHHQ6FmwQBheeTtcJ/v1UUe5FgrDjAp6QSS0YilpZGt7Ubgm5QtEYfLwLqlzuFYniou5HA8PFwHiy1veJs453QYCMLq4qumQpZdjvWVA7cuVAsMrrx25QgSIppKxZOIlCoN3ek8C7jQizH0391N6g993I418qdajsG1cinWMJlNnFKxJKDUFbMWqyylOsNSP90Us1dXzDNgYi3T8Asi1rXuSGqx/Pp7hIeZ8fRnv6PtxQ8dmxHExr/N0/wFG208nTc1Hwiu58TOkgv9WYyKy5IfEeIsaxaMsZmR4kR2YmN/EIPNiCN9aNOI2sOUdSuZUS1inYvRsDLihqZeYzjzQ3k4HrrZoxuMRbmuA7iVzK+ZaLffq9M6e5I7KqhkQXtcGsJGTfGWCBW5cpZ3q7mW/B5I6vHsRO+mtwcbJ6sqUrtPjJ5WpT0e1ol14Lr5UNcFnWmKdlUKOl50WDxXcYTeD7cjaXIzTrg4WKJYJEqpHygABAwoKawsJxVWwkPCXCnG2s2kbs1S122f2YiCVn/KqbsBIO5jZcyGNPcgTgmKhBaxcL1FVEc6iuBiHDiaWIKsbGQsSKwgZqJRXWj62vOJxrDOvEdVaDIiQVWczjWEau2yKkKoRg6WS4ElG4UJ9TVE4AVOO2S9em+ggDCY4CKKsWmFquoYmVxv8AhGHwQ2ytKGQeP8KxYgYGv/BCyrt/kV2S1q014tNaUTbnVhH3FU5GTtcoEijU9zNhqr4MmbAHGCVzbaScs80heSmmGiDISoKZd1kNVUUU3coRTE84qKpQqNwdd4PJ52hl2Enpyicm7/3yiPXl7J8lR3rmj6zRRq/Gi0/Ef+ClrssF46cLjBkfEIHIYqYLipaGMInnFRGJHU5BXXAkq1gvJ5xsRjyeQI3YffT5ekSO+NZObM1wrMced5ZuuMpUaBZUJIy+AQULYFVtKzJrJ8BSRBTSdmYzuSPkVRMVkxOUCxfdv1tgqI+8Pp5lLXLuyuU95cP24ro2deuk0BxkkwYWVVPVqCIdkSWHWCkprhbB1HaKtsU85aajTSlhumCyaGZOseCzqMEbTxAkNRNk8SqmJCPlMTE148MHRl0Z2p5JzJDql7i2THMlr5UBWTnCmrmqYRVaT1okewHLKZJWKmjJdRKnAxgDoBgYIxgIGJnje5efOIjfTcPXmR9btueYx8P5hPJkKDeJEIi04iKASyy5bAYXbi9M4rffjlc8ltlIVAi6wsR0z3ZDyC7jBcIosGbJ9rlb8v2B4W1GftMOMDUdU2fLIBnjckbWd8BSOVhAQ+FMadrUwh49R0DJmiTAVyj4y5EjvEwcWrOt7BpxssPcJHOBGsAyrMvwOMROWemk2TsHn4QkYHhX34Qy6UnlkZJgIPBLSipMuWTk0NBdDUMooJAkAGGWKApQxAlmnglwwwineoFgMMMQsLW/V0s2YifUbgw0r2bn502a8WRBxyaqul3LWYffZ4UuWguPU5JREYlcQLNWcrkVzKW2mwjhi4DrC+qJiaFniKaxytMHf7VD582muwmpHj78l3y8MEyx/lA8VvHbxV75UU8/4U8VPGNo+HO07w7l3l4yI/bd17p33j3PtM6x92+El37d8XmnfGag7jXiBvawIsCI7vku0BYPwKbAIDikWO0EsqR4PMrWJtpFVFvMs+jKGddL1KgKSUjkRBD3eGKiIBDXX/THZHnWlKL+QTk8TVCLdEmosk5J0d42gDOeZV2JIlrDtKb9nzHcwQ3EYcyMKEfTm0KB2y8iqWRQIFsMBQVEWR9Qztk+MI4Ps5EfchsJhqb9WyzUYCQ7Xa3mufejjMmCREm22cnrKgRMOJbHNKCeULI6KCcPimDxIuEWyEMgYZ0bleObnOIli5Il0iIAmTJgAlShQrxD6cFyxUsXDxCALlwAnpgEAAAFhgECCFhiGGHjjhhjjjja1pZbt8WbP5DNR4VgbZqZXsdn2DPk5e7N3Gi9DQYukhL2EZDcJJi1MjfaSPkcbjWIvtbBOr6xHaSbskJHfRAFuKyWrNptuFMZmQqMk/yhQxzB6ME+HldcvOrpVIzgUJsb82oBydIr2KKs+ama+WVND/FSV5AitzO5qGpKhke607cUwXBju4sIAzDRkqjGUbBGxLquw9hu0o/mOzH0nlTREg9Go3XaSJHsccTpMo40gmsFipzHG98cTRcE5gEYxxvfGwuGdrX7Fqz6Pfg22a20Pxcz+TflglDdfWaKnggvopro2dYol1hSZDX2x3XBGtML1YDlci1ICbkVFEJKZcYilnxgTJ82jqiEtHRVa2jEAAEsCCWLAhFy5cIMAAAAPAIEAELCwYQIIQdscAwg8MccAw8MccMMMbY42ta1rUi+Tp+omlRF8nT9RNKn+tYdIR02J7k9I55o2wc2b3J1kxZrbg9ewXtNtgVzX5zufI8x4yT7pDyWUNNUhXAglLW78Ipg4YQZZQ7JrHO+X8GtxdVPax8X/wA3Lkw3r5E/lw8cvnqt5gIPyPfJp4vfJp4jJbZTe+/lB+UBc8cvCni53buHiQ1e8u/O592N9790Hivpunp48EV9N09PHg7d024+iGmzneTnJ7k8gmzeTyQSKDmg7k7UOTYFsNjEioXULK7NRlxHTQm+vG737zPKYAgohlP7BXLC2P8ACqwSlKpTLp0Sr8XZsL/4h+yn6sRDX5vA1fBg8m/SKIWcmXeD6F3vLTiSTT3ZBUVFgy665udTdUiYQ2IYxhNJpS0gC3FDwyALgOFIysJkGfL5iWscSnGx5LbXaQoC+Wj5c/HzYiSp78bPk6+TLwV8oaY0E3xU8BePcg9/eB/FTu3h3wyT8Id/9z8Dku9e6GepNw+IhSmHbZL5AdNdt37oLunkxy8YyDJrSjhoTRHczsElgngpqRLMNPZQQ0R2KCSSSUhNTVYRdLWAIojeyEIjqTYbakkvnMmPmEbp9EAuaXPGR+abo68NNS9lF8tad52m5wphW9xDyUwW58j7kFVRwgsRBQ088mxW/hMxs8MAL4Nw32wnahi5BWESdxi8VW4/IM89kpiLR7s5s1G8aNaO3xADxkVoyOxo8Qgc8xmitvfX7G5wcgpjBiK90e79LG26cFVlFVLIYqyAmqad/dKuI3OAtp3lvxtjtQ/98t4HUycYwRZjfDDacTMmK437qIKYbEQQ4zTiwgsbwlYcyXUzxZbOWyKnlrFNKJZh1PIy4/p7UcRq/IG4BjkE0i29euhG37qY5CNJheKLFjNnmK5xZaSAmE0cGSobfCo3k1TcaUmoaClJ7jKuMpmUIICIKXIBK6cCrXZy/cfAyGrKjNKOsW4KsI+h9jcZvSa4R1101Ry8W648gWnL5kCctemmKKVjRqvqNyUxK7ekNtM0LPwS0gDZyK0tFRcE8sXLpplyvxOSblUpc8FlulZ+0t1z3v6VRMsK7QMpWfkcp3HK0n6TRUWQpHjQ4E6UNYjlJTFC7hi92M1xiggEHCrA5pgysIlGcjOA5kkMYKlBQL0tIOJjLXPZyRt7toton9vPvDIrKLxhaa3sxmrE7PjqMy45c1mzokhxmnFVvMUsojFQPCZoBYP55hWO4poKUM4ngYcvRezHDrs5IHJa7OTHU3kZTtR5OdsEt6ATjbVNOGjsQWDaSVmkGlXOyk9ZlbCRkKtqCAjHMbhs4ueTMSeZYFTHCMmO3b6u3SJwzDfV26ROGYgdyJ8Hur3HbrfNXIzxqOySNPNotUmCrTIhrhuRF2a2O+yLKC8KLTRdqBsEbk0yOdX0kM6nt0wmqxEPBfMEADpBTImByWegbjO2ncW7Wg2qe1LxQiTbeUzxA3XO8khLCHLo4LvL98IbpNIRY0KYMlUBUXklQVUEoYNHByqOdJFxjp0QPI0NVVMHCHuZummFo25F+Zmbth9cxFVLVXJBEFaww1p+ivayMdAVCCW8l9nOB/G3MjhqpQofuRXE9RxLGSpU8kZpawSIKhS/yKYsj+D4yYEORS105lRpFzQb7DYbTSrDeD281GumFkdESy4hoUwcM96kCgIYpw8ZNHzo1hDZ80ZODjDiMzgZ9+4fNOf0pSgFKUoBSlKAUpSgFKUoBSlKAUpSgFKUoBSlKAUpSgFKUoBSlKAUpSgMsXRHr4NPjyn2BlnLvSRte9757jqREQ12Q1ggsF0aPRMDaiWFxDM4YGjISmmhDjhB3FOIakWtawhIbDD+SvnjKHS5NYyrQy8JX1v4v3apyoKU7Il2/m63PNKclkVTueIlgO2wl6PTwFjNwrZ+MZO+Fr3EC7tMOW+GmSm3tlMe5XG7vu+uPSTtmBCahsqzQYMjzZWEpYdJLM6Pg/vkwkFabJJtvw2cUVFUUXGVUz4gqqprZ0kWT7uRzhrUguOfirZWiDwnWfHtNEhbZ7lbQqSYfnvaOVk9HRV9xEUXAPBHZ7KZ6FkYSY9YafcAqIE2iCiqfgTkRO7/ALIDXaaKgv8ANZI0800K6zhtrJERnRmV9n0sZvei3cYOnU9adTHI+3cNMjZWXo12dlzXsNkzmjE5EZkJJjYSGQvLiU1o6dOCk2UR1u1wug+uuR5eCbuE8EChJxU+UBRBO+Ze8TLETNFefjk642teVJUI6aj68sLa5uxOKsqK234UlVbHhAM020DFRNnMkfBdTJbcBkIG2YR080URjEVMVU8WSJ6p3vvhgmCN9nJ52e4z+RF/cfKxtQu3eew0WGNfoz2ghl4yIMKdMqMgtljSMttkBkOlZUlFQW1RRLm1cYVXU1TArmTb5yzfAk3xs8VbA4+lOc5ZXJfkTaPbTaNxEnNsPs7LJdMIOZ5mEvM4Ikt9rtlJyMkGKyk4U6OYAbpVTVxchu8ywqpmiITWRkAnaeNK0hMl3WEVqn/Oj6ttBkbdOlukg/iS9+PzfMD9t0YVygqx16Tej3F42axcybc8hcNQLHbhQniJmbNLzs0kxQUguVwBwEFzMjKB8uGBiEHmJkLljbDDLK9sby35IdNfKDaSz5pz8o/yR/Lg3m+g/KL4oePvix4Ce7XeXfXij40Mvw1314t+De4eM6T3Dv3vzuw3e/eo/e+uERfN914gaBfGHxu+RGGIuiLxr8E+AfGf5NmOhszxh8BeE1rwL4a8C+EvBPhhW8Hd895+Ez/ce+hQKkOjTvlvvvhP0gHQTRYbNrteR2MvFQM8LjJjgakyyGnHSp4LG98i5k0XxJrIWAtscxyCqSO2tcI0HllDjj5zxkzpOXNjK7SvZRZEdQRrPCLgWCt7iEsH9kyIeJGkowKHjkDioJ6tEj8SMgRBbD4ZoRvHuf8AAFxC7/TuECfNaX7NJ/i75OpG0FhGf3iryI+tcT2tkVbMR41nw4AQSy0uQqM/3C2TcUWNFwAQASxEFZzALFkwjmaMJrfbZFHsI42eNSGeNGJXgxI6cr3lORpefqrLOwE+yofAV5PmmTlzMUU+43KfACDDLECwhg5dFRAcjGJIRQVVNQPrDjXF9eVkc8Th8/iPt9bK/eviTWLUpSgFKUoBSlKAzcdLEZC87+FieFFELGDYTAkmB3uuhFsBBRcUEOT0JqmjNwgsM88y5I26iJ05ne1gypQuOdGzwBLCZ431QXILXkeBoelRtqBEZmPuI4/f6CqAjhYpojZczOSXCmHgzHbWAwJZJZ0EfEW+dgsQf4V8rY27Nv1ZiiKOp+imRISlxsEXpGMrM5wMJ9tZRuNgVW2w5k0wlqpO5gsIAcJGMixjMQkpEDBZSTDoZdQTjRU8WLmA89iVwRbhsSFFfS+I+ajYViaBKZJZaZWClHXGHnZNCBFrgENWV40bu1I66ku9EQDJI4MmAhJjNKESKYIMlkkoukGzqcZE19/H1jFEmpG6KppzwRcvW57QjpmyWl7S8m00seHmzKDbBdcYLrbltPj9AUHU6miogXSnW1yqGoOkrghKGIyQur6CAiLhURKzOAD2QvHo0JZA451JuC8hG3apKDPjg3NOMXK0gtk9x7GZRQUzOQxGqHqMK0rsIlD4zjKZkihIM6JknlRMFq5Y2RAs2M75FbiR0qVuOLHizyYKmT1bAZhdskgSSuEE/iTiKuCz1ClUB1ZJ+YN5NzkDt32cWBUgRFUFwwbIHW8O1jZluiVxn+E7kNWoPvp+uc6s6n9NxW1aNzkdhamQ4UnRQiHvLwQJHB/aLF6DPU6QMIN80M4oG28OIfSBM0U+VNN7MRFzeIJmjQ6NfDMkYsiI3qMZaRJZcNvISz9neJvXLa6Yi0Q62JqSgqsWvEsUMoEWQo2FGKncpRcl5tAJWOp6A0muuEkNGNIrZCNBkW8ZUcmsmZGS6aWGGiHzN8RkW7AoUm8psPTI7WftxrrDyhOcQqTjEYU060rWEMsMR0pRM3EUntN5swmG5kVtg95PBvZFsSC6OQd5skv2KZEjNoIfFfpuFx0+S3xYSj81G8eCMK6Pksds8LnRXFk+s5H8ZLk+42km8l55SbZcslWS8Xn2DGKFij2sjWq0N8FO8K1AQGkTk5vJ5U9DQ24XjYeGSmrMMpk1HYWLFg0wKJze0PjMcdRpu2QQ/F7MI4zzSaZb9/Fk4imWnhg38RHV96r8tG7JrA7fjOadeOYXgqiB7cij9bGvUc7eNNEa8trgMmtqEUw5JETzKoFBMGa6HwYHTUkJ4PaFxnMltkbNWHGbZg0jZXUCoRkxnF3lv4UuOGDeJ6eXrAkAsaBJl1EiQ1NMO7GMgHJvzxg/IowKuQibdstkxSzxfas8hU4dJMDupVVRCqytALbfwSlxPSDZK4OWuKXTiX+PJP4yFxjqSRrO3WK22aygUJVsC92SpM8cNSbkhILnPlD98n+VcGAzhU1lTIqBRyn1JbKuRNVUddV0w5W49uDncbYGLm3qrt5zMTjO2kaKZbBZdhNC1piWKJWklqMo8nHmq05P2US3Q5HY8yZEVKICKR5Sa3fjgOli6yr5GV4mnqhJls97OHXT3tKNoIqtGCQ2tN4tJxkHZTjk0nnaWBhjklydrfFrlfKsYBwLjOJyjtgiWVXWIAFjgCDm7TRbNzXCLhhlsPC3algggLBh4z3riTBYbPi1isuMo9b6e02DHbUbzGZLWSQ8gktttJppBRBbiCmhZ5iCBkUhHIEyBTEQQQSwBfC2YmeXZyvy2gK6eTnkZjbjS1yzmB1NxZk6THu50uLNdoFaNxBHvOc1OmwoTVZCECWKqBwsn3Gw79ca2AmKQiYmB2LpqatOVTbzeWa7+PPiqnx47HpnKty3vNOlfeo4lCYQlBTdExzgrSJoqgJzvRoslMwNKBFcfySQVDhU0uBGz6Wiq55ZVglZ8PAcORcuz+UDiHn7fna3UvauG9+wdTHDpukLhqJG+f1TaOyJBMk9zLNzi5J4ZV+ym2WfkpjJCa0EpOTldjLt0c61Sq+QVMFAQrim/wCbO0D5t0V3NZZdvSBPHVqJLjQ1NzM3yU2pLb8bW8QUyppabPjEmPIVSQfDyaEZSvDSeEIeS+++/igeY4AeN2ruuN9cqNXzT6L26y39Ga/+WvM3/wCLZsT/APRIVakKq34zeNbydJvc418tHyxfO622kXaXtPk5+T75PvH4TATxF7bx7e/jZ4J7XseM/atrv/s9nxeJ9jsXAtIrLf0Zr/5a8zf/AItmxP8A9EhVqQqrfjN41vJ0m9zjXy0fLF"
20:09:00.233 [Test worker] DEBUG org.apache.http.wire - http-outgoing-0 >> "87rbaRdpe0+Tn5Pvk+8fhMBPEXtvHt7+Nngntex4z9q2u/+z2fF4n2OxcC0ilKUApSlAKUpQClKUApSlAKUpQCvOh4d/6XDyDfni5Jf21K1ei9XnQ8O/8AS4eQb88XJL+2pWqLLz/PaEWXn+e0NOHSe/xGG9X/AMD9fP8A1XQTUedPNHuZZ6ac6sHWvzhJMWRy4dbINUGszm3xp6+r7lZrLVIvbBhEZ4D8cchjGFE83kQwTR7O4yh2U1EcndWyLFDY18cLfeT3R/ykGjE66W/Kf8jXy1F49A+UrxK+UTxa8RJXYkn9v4neNrG8M+FfErwH2vjUld4+E/CfbHO8vB5uTGvcU/IRAcHwd4e8avkaiCNIp8aPBfgPxk+TtmIrQ8PeBfCKx4H8MeB/CHgvwsqeD++O9PCJ7uPfItkXM+5poxAHjn4kYY4+XdMc4CSdLezm22xYhbKcdo56Wyy0/nUTKGQjgLab5EiXBItFn4myqeZzRgh1Y+YzSkQocWzSS3GymItXHR8RsEjf3pGDJUb4lHIU5MXa+BUsa9wzlmy/ZK2GUGwq2AzxxzuTUyZPMcuYx7YMTDLDK17Y5h5CapKpC2c4bVd5bguPf/Rfc6UOPnbGRmyltGZnA046Y83w/MqSiE09PSzz8hN+mEhDUXGCnpKSTEVbLVieV0omrlkgo5xFJwKD5K6xjNGWzoqemQjz0sRaTEvhN2GInzgBU245F15RUQAUTHARRUwJpZzhFJlscr2uKPgjIKuoZB4WyysWImBb27QPPLG7eG2KhW1Qh2L5Ub6CsIokDxpH71ab1S05RQFjDNhobeV22voS4CYTVEqoC92TTaQoFzAJzuuRMYAWwl8MqeFPhCmjZyVogfnKdyUSTvvH8EPlNkyO9dW7r3GGqsGG30jWzxSFmRmmwF14GJCwJBjnAbYKKiSPCkjygh5KdmyrLiEq2T8hfHZrnyXwReCNiU1xFyaQ4iD4jqRWCrhNuTYnkBKLmiqY9GG4RiSmVJqYJU6bJmiKqlqyIpFR74nkwYyWIGic16tDMjnV1RYQ0krX2/Cs+ZejZ6UHHcozDo7IGwHGRPw/dDJR/wCn8muRrtA0f7fIQuA5IsPKoiMO1ws8793aLGV46SzgXbAD5dwGMhj8e4PN5NypF2B5AON/eZ7tmepe4/nm00ZD2aaKARbtpQZbqMuEknlXwlI5YkjE3YQLIqUfLjAlsVc1ZRXUlxjqay1jThXOxEvjF5cUNshxkmc/0sCRaXKYopUZb0XgFxTyC3ccO4XKCbBqzzHch1eyLdnHx0PoBpz4Gr9+hn8BcQ7YT64+ONzXbjejl4M6FfHV3PWV3WLIM7TvLjkze01TnIBgQ8MK6pFd2ZUjgeGAHVFUVNTE8gnpZEwrLCn3qOurrgWFa/XnE8+kjYw2bld7eXsiE/6UpQClKUApSlAKUpQClKUApSlAZYDImEWdLrTzDsviUA2V4sjSLGBgza9gVRZa70DV1lLThs8cQs1Ikkwy7FE2TBzzMAkM8DQuGARsO+XI+lwrpTHiYvGpYK6g9Zt2ggKN46QS1rCqa667q6y78CKaVxtcYcYRMaqgF2Q8exYQcELLK2RgPASzjkh4uI95BRISkdMlaQdZNrNYHQceGuW0MTBpxp4MBQVLk/DKEvN9VuCmvhjrWSeSHUWydPJguQxbMAqrlUlYc6UvxWYXC9LEkbNwVtDyZ8hD75DF/VpYu7Nd4xw1/jPWKFWS/cRiBsm/3EwI6WXMWeztS1JMTllOUzJ1JzwVEtIwOWOoiaCiXQvL4xFj9GTWKOi3Zvqvwlzqi4W7BkLHnXIK4XTGlDsXmnC93IYzyyKp7dj5qZqTlXBxM8Q88i5RMSDp8XPPDDK4YeWWWON+za2cfoxDUdEyRbu9ynScmjk5D5Jtt3680DE3exnJMheLF1wN9lt9PN527cMg33guyK0QS4F7l8ktooPbCj5l8MS92fInqk8N49MJ41KZM1X18Up2apZiqsqYMMSSRkZnnV1KMvdGBaOD3j2yhZ6NMqsMs0KI5yoZIg4DZvvY7mDgWE53pjrC0tLdUdfdU2Qe8MN6B4racdhuHJMDRRnarIqaFi5nqcSAjiiElqL2cwiu7FIgEfOhFD6yZADNmMMMRc2dEi9GXtJx9QIp8qXJWg8dEQsrNsMFSnXazYp4hRDqJre3shbrstyspZEioIh6xXsnSTHao6sjmHYplcbDZDKiG3yo5M+4Sh4rE7jR4lZQjydVbkw5LpPA2O5K5GQDCYnXI3DyiDUpkLBUyBeKIPScLd5YHU9KU1JBV3WSDAJYFFNeS2/gczXHe9X/APzkG4dtm9vOQCEOQCBeR4HUp9a6RQZjWH2yb09Y+x5BoKC+I9w30+CtpKlhKZ4zhd6U9MkUYwYj0Q8lEUNFEIqnfpAmaLc+iLRTmZZ0rRq7ZW54PlljBsPxpOCRIi8l9qtHfyoMhHXSKg6Y+8fm27zThZPjgiFzrf8AGtDLGFdv+EPCqcCKbKA4ZC5fPO9oNcWAmEZ9Ia574idF8SrvkojrNN7RAM2viOrMIo3xjh9STMhMcbmiBAWY2inHRC/dASx/sEhc7Dl88Mf70jAQN87Q8DECIOXfMgPjkyj9+pxIte+Z0kzY4cMegPJwjBg4CjgJyMXdpNSNGe0vjiXIGhcMRblRbB2O728TBXaDYmLt3tbdmJA0a3niVrGo+SZ9j5ntiS26944NjnDVmVLsQu8ymN2REtPMKB7JL79VyGNgTdyyyAuApTXxb3ENV+H9fYW4KfyA7y7jPzkC25ZjMPx9DTsccWMmCYqhFsq4CmSVxY6hpiqS+kJblUExZWEsdeyXcsRSy2tnDScZXD+CwWXjHPsJBXWMUXaTfKfBn06cV/JVx2/nB2N/VyIa29RL/JVGX5vmZ+ribWIXpxX8lXHb+cHY39XIhrb1Ev8AJVGX5vmZ+ribQGWHoo62RhFmckXHY/RgUXYXWjfKTXm6Gwf7QirK7JdjfZMbpjrTio2IY60lWX4nU8x1sn3yTDTXEzhMxQiy2jCHrkt4IB5LX69T8i6jcljW1MixvxuHY9ESzpRF+wJxVdyGK4VRXdGEhPF7oCqRBXE0ZFSg0HBKHJJeaOIfBFHEURwg+uN4OGSJdpp+b+6UGzZMGjG9LZSgEIPZjXo2nBmXyglCpdPJoMysBWwwQZMSCqYVLpVwjBxFPKqMTTG+41FcbiMjo5Dq5U4yeVKT0odiT7zyS+txWrlBExzpmvWkuuWskqLaUZCyLmwSsyoiw+lhtnRy2Yoff7dQU+2OYmQuZUXtQ8MH55hPPEAkrIm6vJ1+3bVkkVApG7WxnID0UDeHYjaV5kH5K6gSlJpmnAmtNrMsqIhNeR2AXRStkRnJCIi4ZlgjAuOZnAjiZMXytkYFEyxxvb9mVwRNPmV0YTljTs809tNLXnUvRjatY7N8gBYM2P14aoTTcDkyxvgJdvxo4zz8dFxB8xAruRUblsMcTNgQzV5jr4bdfETirlfip1mW1WBoyktqKaLjIC+WVJhcJNyLziRnI4Xwvpio6mnk41ZbOJFrGU1OXWoiErDBgopFLTiZdOty+cOLtnT5xKJPFc95EuMmoWsELQGkTTgyMMxyLxghtskkyZZAj7J2Y5B2DdbESXKcZoT8DzHTRjrYydtwjIqpmF8tD6hDUqq1tKZbycyfLZvOodlWivQ6ED3G7rsaGtcYhi/yaItOjYlVShQrd74q7ZdnjKhiGcc88jTbksmHl3WwYWRevPSb+hgbA/mz2y/by4q07cb3GqgceGjAunybKR2WXW5FWXHhKM8K7TEbizJUjS0oqQh97LLWFd7rMBnU1v5NptdzMvNUNqhRrljZtVwMnBe5RhhLhT+R3hgkHiH+ct4x+PbZllu/OE+RvwR4K+VB+qL378+Sf5VVTv7wH4Q8Gd7/AClk/Cfce/e7p/dO9MAzMokGIBcXWmXL9IHHBpWvRTzQoUDxG5da4rU2FGqdxwwNIzhjtonmuQESWjjIbukII05TaMQExJ+NKohYnjooOJsUiGLnlbG1fQDh7i3Sma5R25kKbpk3G3amlDDbD/2Ynk+m5LBRrYiJQgzUjxoooAaSyG2Z8AIAGRLI6vHCCcip6EiqSU3A80cSb2lGt3zPNR9ctWPHP5RPm/xAyIp8e/F3xR8bfE1EKo/h7xY8OufwD4S72748F+MKz3n2/cfCJrte65SgoBSlKAUpSgFKUoBSlKAUpSgFZuOliMhed/CxPCiiFjBsJgSTA73XQi2AgouKCHJ6E1TRm4QWGeeZckbdRE6czvawZUoXHOjZ4AlhM8dI9dbzFEUdT9FMiQlLjYIvSMZWZzgYT7ayjcbAqtthzJphLVSdzBYQA4SMZFjGYhJSIGCykmHQy6gnGip4sXMBgflQXILXkeBoelRtqBEZmPuI4/f6CqAjhYpojZczOSXCmHgzHbWAwJZJZ0EfEW+dgsQf4V8rY27NsE2pG6KppzwRcvW57QjpmyWl7S8m00seHmzKDbBdcYLrbltPj9AUHU6miogXSnW1yqGoOkrghKGIyQur6CAiLhURKzOAD3tpXBFuGxIUV9L4j5qNhWJoEpkllplYKUdcYedk0IEWuAQ1ZXjRu7UjrqS70RAMkjgyYCEmM0oRIpggyWSSi6QbOpxmypW4kdKlbjix4s8mCpk9WwGYXbJIEkrhBP4k4irgs9QpVAdWSfmDeTc5A7d9nFgVIERVBcMGyB1vDtY2ZbohPa75vsEhdm5RZS0kUNvHo0JZA451JuC8hG3apKDPjg3NOMXK0gtk9x7GZRQUzOQxGqHqMK0rsIlD4zjKZkihIM6JknlRMFq5Y2RAs2M7qeDTck7vbxgaxz0rx+z4vX8W+uxevMqOkMFsx0knofcytHBYVhNwt/2VutVSR28lqic2iVu8Wxc4M3CGYxNKAMCweP8ACdyGrUH30/XOdWdT+m4ratG5yOwtTIcKTooRD3l4IEjg/tFi9BnqdIGEG+aGcUDbeHEPpAmaKfKmm9mIi53gakaqw1pHrnFWrUAIJluxREDfEQm0TUTvhNZPmD6mfX3E5HCp9xLYKLkdjnV1lzuE6AUJFDCyrHcyJBPJXLki4q/us1u8ool1oZ/OVz+kAdHy/wDghtt+pKJV0/JDEOpuw2ock6/bsSwkw1r9MZ1nNdyO1TlRqw2OOrobvRpCbSIjPV4Z2RwVQ+ssosNdKyBNiq6WTUydygxXM12vUG13Gt857kA4+N6Plo8SPmImJbH+S35OfGX5VPlSRCKN2njv49oHiP4C7z757bxRd/hPunce1T+07rnJDebSaC+QvWaRNVdiEdSUY7kEuRFspt84Clu1nOZEOBKbZerOVjBQ+AmuRvKYIZkrmbIn0xQK5nURcTVVBVFNMOCFCfLfwpccMG8T08vWBIBY0CTLqJEhqaYd2MZAOTfnjB+RRgVchE27ZbJilni+1Z5Cpw6SYHdSqqiFVlaAW2/glLiekGyU747nGQdlOj2GJ2lgYY5JcncWMhuV8KxgHAuM4nKPrk5yyq6xQAscAQc3aaLZua4RcMMth4W7UsEEBYMPGOD24OdxtgYubequ3nMxOM7aRoplsFl2E0LWmJYolaSWoyjycearTk/ZRLdDkdjzJkRUogIpHlJrd+OA6WLrKvkZXiaeqErWdyWGz4t4zdrIyj1vp7TYMd6LToxmS1kkPIJLbbSacBOlBbiCmhZ5iCBkUhHIEyBTEQQQSwBfC2YmeXZyuzrN4WEfUG9eGkiQRUYzWdCX/mD7X/pfD/sYi+tmagoEUkgeVVQ4VTkxMJmVBRUDo4ZUmRIkwczJs4bMjZYAlypUuGIOYHFzwDCCwzEEyxxxve2MzoS/8wfa/wDS+H/YxF9aqNyYLeOzuqs/66MOVrwc5pwi51xYXlfBoZvswykx7porfcaoRawTrY4qgpiNs+rkUocF1owySomyqwEOKIn4lRwM9fR07Htw9geVTmDdBY0NjthssLCEBGFYEQNQSte4OJFA0IElkLjjnkTU0U/G7aVL9jAO67FxqwRctlgNjnpGkFwQ8+zDm1nc0lNlPe8lR05yZmPEqQEpAlodjr6UoISw5W2ilVMF3kgShYc5co500j3NMOgWMhGgxy3Zx6K459KGlx2aXQRp0zXFd5p0Ntk+nqj4zQMGsM+Xa43EsPB5u8ZvYLDhyRbLzocCseKpAjgXc0kgIUS7Kx8MngYzi/yE8S6HuXN0HbhQtsPIel+8uuaWoNmMtko3bbdfgRtkKmSwKYY8jRq6xSSI/GwAM4nLcolmFdLKjFXS5UtcBXEpUxJFWdJwmaBbPKmycJKWhR+Prnj0eXlE0NQ9WXqqSTq7yqTUc18muPJmQGG7Zqar9NLrISW09W1PxBpIknLLTILUhJi0ZazmV1ZLJWSnBdSsrqTmR1dq9w8lzYVuVLmqhLirwcIEAR5qnr4Lua+tj48QW8V20EWFRebqMVY0Ay6uJiqeiIgIMux6orKo2SuRtXFJLYi2XVCqAkEbT+hbhpkhS3CiTeHkV31f3ILMmuRRYC1ubYsIx/rZCkRqy+EGEpO4rFjBW3SSW3ja5cmaKro6sREyUU1FUVYBYNtpqiIXae+/Ecl7X7DxNu3r5stJWj+80Mtgyw21sBGzabkgojpYBgdSNYM6VImdoxBvSAkEDCyr2JAG1VOAMk1QynOEuvkiTeBQmZ+dF9STpJ7KmrO67opSBs9rLbg55IOO/cVqTNLm6TZ2ym9v6VSYHvO4UrYTYSKyb+GCTU19a9zgpIaS9WmCnpS24sFtsA37yVQshW+oHThB34+Lu0aqC4/4VJPkPa2DtuuS7kGkLkGeerqzi7Nco4AguPdY4Qjp8hG05RJPc7HTAX3WC5XMmq6OiLpNUzVEo0YWEFAutjLKOjkUYK/ShMyv0l1UpSgFKUoBSlKAUpSgFKUoBSlKAUpSgFKUoBSlKAUpSgFKUoBSlKAUpSgFKUoBSlKAUpSgFKUoBSlKAUpSgFKUoBSlKAUpSgFKUoBSlKAUpSgFKUoBWUPpkf4o9u/pfQ1+pUvVq8rKH0yP8Ue3f0voa/UqXqAn/wBG+/El6D/m+f8A+26T6u9qkLo334kvQf8AN8//ANt0n1d7QClKUArzy+kgyQyIb6SlxMS9Ji+XakcRUx9D5IkB0Gy542UbbIY2+05ud1r5oqmFTykZLo6Cln1EYunkjh4YMtkGUKmDGQYWfoaV53fSWInZE9dI84q4MkxOMLEcTRG+jkTyAkFFE8jm1VkSLvbO7PdacVVkwcspJZg8grB8sCop5kueJCC4mSg4RgIMTEDUP1kHhL8/iPvqBN3wwp1kHhL8/iPvqBN3wwqPvVPuEvzdJB9oebvfanVPuEvzdJB9oebvfagJBdZB4S/P4j76gTd8MKdZB4S/P4j76gTd8MKj71T7hL83SQfaHm732p1T7hL83SQfaHm732oCQXWQeEvz+I++oE3fDCnWQeEvz+I++oE3fDCo+9U+4S/N0kH2h5u99qdU+4S/N0kH2h5u99qAkF1kHhL8/iPvqBN3wwp1kHhL8/iPvqBN3wwqPvVPuEvzdJB9oebvfanVPuEvzdJB9oebvfagJBdZB4S/P4j76gTd8MKdZB4S/P4j76gTd8MKj71T7hL83SQfaHm732p1T7hL83SQfaHm732oCQXWQeEvz+I++oE3fDCnWQeEvz+I++oE3fDCo+9U+4S/N0kH2h5u99qdU+4S/N0kH2h5u99qAkF1kHhL8/iPvqBN3wwp1kHhL8/iPvqBN3wwqPvVPuEvzdJB9oebvfanVPuEvzdJB9oebvfagJBdZB4S/P4j76gTd8MKdZB4S/P4j76gTd8MKj71T7hL83SQfaHm732p1T7hL83SQfaHm732oCQXWQeEvz+I++oE3fDCnWQeEvz+I++oE3fDCo+9U+4S/N0kH2h5u99qdU+4S/N0kH2h5u99qAkF1kHhL8/iPvqBN3wwr459JD4SsMcs777sC9scb5XtjHs455Xtja972xwwi/LPPLsW/BjhjlllfsWxte97WqP/AFT7hL83SQfaHm732r+ZdE94TMscrW11kLC97XtbPHYebb5Y3vbsWyxtm9Msb3x/227bHLHs2/Dje3ZtcCQfWQeEvz+I++oE3fDCnWQeEvz+I++oE3fDCo+9U+4S/N0kH2"
20:09:00.234 [Test worker] DEBUG org.apache.http.wire - http-outgoing-0 >> "h5u99qdU+4S/N0kH2h5u99qAkF1kHhL8/iPvqBN3wwp1kHhL8/iPvqBN3wwqPvVPuEvzdJB9oebvfanVPuEvzdJB9oebvfagJBdZB4S/P4j76gTd8MKdZB4S/P4j76gTd8MKj71T7hL83SQfaHm732p1T7hL83SQfaHm732oCQXWQeEvz+I++oE3fDCnWQeEvz+I++oE3fDCo+9U+4S/N0kH2h5u99qdU+4S/N0kH2h5u99qAkF1kHhL8/iPvqBN3wwp1kHhL8/iPvqBN3wwqPvVPuEvzdJB9oebvfanVPuEvzdJB9oebvfagJBdZB4S/P4j76gTd8MKdZB4S/P4j76gTd8MKj71T7hL83SQfaHm732p1T7hL83SQfaHm732oCQXWQeEvz+I++oE3fDCnWQeEvz+I++oE3fDCo+9U+4S/N0kH2h5u99qdU+4S/N0kH2h5u99qAkF1kHhL8/iPvqBN3wwp1kHhL8/iPvqBN3wwqPvVPuEvzdJB9oebvfanVPuEvzdJB9oebvfagJBdZB4S/P4j76gTd8MKdZB4S/P4j76gTd8MKj71T7hL83SQfaHm732p1T7hL83SQfaHm732oCQXWQeEvz+I++oE3fDCnWQeEvz+I++oE3fDCo+9U+4S/N0kH2h5u99qdU+4S/N0kH2h5u99qAkBj0kPhKyte9t92Ba1ss8f4Uezjhfs4ZXwve1s4vxvfG98b3xytbtc8exnhfLDLHK/y6yDwl+fxH31Am74YVHzHonvCZa3YvrrIWX4cr9nLYebbXtbLK97Y/wAF6Y27GFr2wx7Nr5XxxtfPLLLs5X/vVPuEvzdJB9oebvfagJBdZB4S/P4j76gTd8MKdZB4S/P4j76gTd8MKj71T7hL83SQfaHm732p1T7hL83SQfaHm732oCQXWQeEvz+I++oE3fDCnWQeEvz+I++oE3fDCo+9U+4S/N0kH2h5u99qdU+4S/N0kH2h5u99qAkF1kHhL8/iPvqBN3wwp1kHhL8/iPvqBN3wwqPvVPuEvzdJB9oebvfanVPuEvzdJB9oebvfagJBdZB4S/P4j76gTd8MKdZB4S/P4j76gTd8MKj71T7hL83SQfaHm732p1T7hL83SQfaHm732oCQXWQeEvz+I++oE3fDCv8AQLpHfCgPlfAHfNhC54hjDZYBx7OGeVgi4IhgwLe2MX3vYMEAIQYXO9u1DCDzzyvbHG97R56p9wl+bpIPtDzd77V/uX6KRwplBMhS2vMhAiZgGiuWdthZqzvcudLDEzYXaivITG1hypgYC+dsbCB2EuIDmENjgJgB331kHhL8/iPvqBN3wwp1kHhL8/iPvqBN3wwqPvVPuEvzdJB9oebvfanVPuEvzdJB9oebvfagJBdZB4S/P4j76gTd8MKdZB4S/P4j76gTd8MKj71T7hL83SQfaHm732p1T7hL83SQfaHm732oCQXWQeEvz+I++oE3fDCnWQeEvz+I++oE3fDCo+9U+4S/N0kH2h5u99qdU+4S/N0kH2h5u99qAkF1kHhL8/iPvqBN3wwp1kHhL8/iPvqBN3wwqPvVPuEvzdJB9oebvfanVPuEvzdJB9oebvfagJBdZB4S/P4j76gTd8MKdZB4S/P4j76gTd8MKj71T7hL83SQfaHm732p1T7hL83SQfaHm732oCQXWQeEvz+I++oE3fDCnWQeEvz+I++oE3fDCo+9U+4S/N0kH2h5u99qdU+4S/N0kH2h5u99qAkF1kHhL8/iPvqBN3wwp1kHhL8/iPvqBN3wwqPvVPuEvzdJB9oebvfanVPuEvzdJB9oebvfagJAW6SHwlXyvh8/dgdnHHHK97x7ONsexlfO1rWzvF/aZZWvhftsccr5YWvjfO2Ns8L5fLrIPCX5/EffUCbvhhUfOqe8JnbXv83WQr2vbG1sPnDzb2uN7XyvfK17PS2XZy7a1suzlfG1sMe1xxvfO+X96p9wl+bpIPtDzd77UBILrIPCX5/EffUCbvhhTrIPCX5/EffUCbvhhUfeqfcJfm6SD7Q83e+1OqfcJfm6SD7Q83e+1ASC6yDwl+fxH31Am74YU6yDwl+fxH31Am74YVH3qn3CX5ukg+0PN3vtTqn3CX5ukg+0PN3vtQEgusg8Jfn8R99QJu+GFOsg8Jfn8R99QJu+GFR96p9wl+bpIPtDzd77U6p9wl+bpIPtDzd77UBILrIPCX5/EffUCbvhhTrIPCX5/EffUCbvhhUfeqfcJfm6SD7Q83e+1OqfcJfm6SD7Q83e+1ASC6yDwl+fxH31Am74YU6yDwl+fxH31Am74YVH3qn3CX5ukg+0PN3vtTqn3CX5ukg+0PN3vtQEgusg8Jfn8R99QJu+GFOsg8Jfn8R99QJu+GFR96p9wl+bpIPtDzd77U6p9wl+bpIPtDzd77UBILrIPCX5/EffUCbvhhXxx6SHwlZWve2+7Ata2WeP8KPZxwv2cMr4Xva2cX43vje+N745Wt2uePYzwvlhljleP/VPuEvzdJB9oebvfav5j0T3hMtbsX11kLL8OV+zlsPNtr2tlle9sf4L0xt2MLXthj2bXyvjja+eWWXZyuBIPrIPCX5/EffUCbvhhTrIPCX5/EffUCbvhhUfeqfcJfm6SD7Q83e+1OqfcJfm6SD7Q83e+1ASC6yDwl+fxH31Am74YU6yDwl+fxH31Am74YVH3qn3CX5ukg+0PN3vtTqn3CX5ukg+0PN3vtQEgusg8Jfn8R99QJu+GFOsg8Jfn8R99QJu+GFR96p9wl+bpIPtDzd77U6p9wl+bpIPtDzd77UBILrIPCX5/EffUCbvhhTrIPCX5/EffUCbvhhUfeqfcJfm6SD7Q83e+1OqfcJfm6SD7Q83e+1ASC6yDwl+fxH31Am74YU6yDwl+fxH31Am74YVH3qn3CX5ukg+0PN3vtTqn3CX5ukg+0PN3vtQEgusg8Jfn8R99QJu+GFOsg8Jfn8R99QJu+GFR96p9wl+bpIPtDzd77U6p9wl+bpIPtDzd77UBILrIPCX5/EffUCbvhhTrIPCX5/EffUCbvhhUfeqfcJfm6SD7Q83e+1OqfcJfm6SD7Q83e+1ASC6yDwl+fxH31Am74YU6yDwl+fxH31Am74YVH3qn3CX5ukg+0PN3vtTqn3CX5ukg+0PN3vtQEgusg8Jfn8R99QJu+GFOsg8Jfn8R99QJu+GFR96p9wl+bpIPtDzd77U6p9wl+bpIPtDzd77UBILrIPCX5/EffUCbvhhWJTjM5BdOoQ6SBuZujKk4ITP1hkqTd5VtjyydQnkcSHAlSlKakvME4XSEptn3QXDciQMEdK4HkIqKWDztgfDKDdkO2unqn3CX5ukg+0PN3vtWNzjl4wNOth+kI7eaASowF5b1iiWR90m6x2aTfryRVhNSoak1QbbAAMPFJWCjoUc0tILhFzI59THGVM8bjqGZgbK+d4td07RuSLxD26NjeUN0vWQeEvz+I++oE3fDCnWQeEvz+I++oE3fDCo+9U+4S/N0kH2h5u99qdU+4S/N0kH2h5u99qpSQXWQeEvz+I++oE3fDCnWQeEvz+I++oE3fDCo+9U+4S/N0kH2h5u99qdU+4S/N0kH2h5u99qAkF1kHhL8/iPvqBN3wwp1kHhL8/iPvqBN3wwqPvVPuEvzdJB9oebvfanVPuEvzdJB9oebvfagJBdZB4S/P4j76gTd8MKdZB4S/P4j76gTd8MKj71T7hL83SQfaHm732p1T7hL83SQfaHm732oCQXWQeEvz+I++oE3fDCnWQeEvz+I++oE3fDCo+9U+4S/N0kH2h5u99qdU+4S/N0kH2h5u99qAkF1kHhL8/iPvqBN3wwp1kHhL8/iPvqBN3wwqPvVPuEvzdJB9oebvfanVPuEvzdJB9oebvfagJBdZB4S/P4j76gTd8MKdZB4S/P4j76gTd8MKj71T7hL83SQfaHm732p1T7hL83SQfaHm732oCQGPSQ+ErPHHO2+7AtbLG2VrZx7OOGVrZWte1ssM4vxzwy7F/w45445Y37NsrWva9q+XWQeEvz+I++oE3fDCo+Y9E94TMccbX11kLO9rWtfPLYebbZZXtbsXyytg9McbXy/wBt+1xxx7N/wY2t2LW/vVPuEvzdJB9oebvfagJBdZB4S/P4j76gTd8MKdZB4S/P4j76gTd8MKj71T7hL83SQfaHm732p1T7hL83SQfaHm732oCQXWQeEvz+I++oE3fDCnWQeEvz+I++oE3fDCo+9U+4S/N0kH2h5u99qdU+4S/N0kH2h5u99qAkF1kHhL8/iPvqBN3wwp1kHhL8/iPvqBN3wwqPvVPuEvzdJB9oebvfanVPuEvzdJB9oebvfagJBdZB4S/P4j76gTd8MKdZB4S/P4j76gTd8MKj71T7hL83SQfaHm732p1T7hL83SQfaHm732oCQXWQeEvz+I++oE3fDCnWQeEvz+I++oE3fDCo+9U+4S/N0kH2h5u99qdU+4S/N0kH2h5u99qAkF1kHhL8/iPvqBN3wwp1kHhL8/iPvqBN3wwqPvVPuEvzdJB9oebvfanVPuEvzdJB9oebvfagMy3SxeTPRfkAj3SlH092Ebk3KUZPOblN9FUJuvtDzbxF0IcbFUEwZzeLVbgRjFRMIqoGFiQzNiB3KZ3MYBY5hXE1cRx0i/hZRY9YaOp74MAopJLMa6YoFc2FNeeZY8QQyJU2XyzCjMQLPIEwEIHlkHnmHlfG98M8sb2vfIF0oviI0X4xmFp2u6exq42CpS+75lSX0MuyQ+35gpkWcjR4cQQiwLxXVgJNyKmHCqZiiEMQBDNhsMTGQmIIVsdP8fdFV4WV9hMhdU9eH+MpLTQbSsoDYbBzWDgKeUkYkcNi4ghPTAILEQwMJniGHjiHha9scMbY2tawEsesg8Jfn8R99QJu+GFOsg8Jfn8R99QJu+GFR96p9wl+bpIPtDzd77U6p9wl+bpIPtDzd77UBILrIPCX5/EffUCbvhhTrIPCX5/EffUCbvhhUfeqfcJfm6SD7Q83e+1OqfcJfm6SD7Q83e+1ASC6yDwl+fxH31Am74YU6yDwl+fxH31Am74YVH3qn3CX5ukg+0PN3vtTqn3CX5ukg+0PN3vtQEgusg8Jfn8R99QJu+GFOsg8Jfn8R99QJu+GFR96p9wl+bpIPtDzd77U6p9wl+bpIPtDzd77UBILrIPCX5/EffUCbvhhTrIPCX5/EffUCbvhhUfeqfcJfm6SD7Q83e+1OqfcJfm6SD7Q83e+1ASC6yDwl+fxH31Am74YU6yDwl+fxH31Am74YVH3qn3CX5ukg+0PN3vtTqn3CX5ukg+0PN3vtQEgusg8Jfn8R99QJu+GFfG3SQ+Eq+V8Pn7sDs4445XvePZxtj2Mr52ta2d4v7TLK18L9tjjlfLC18b52xtnhfKP/VPuEvzdJB9oebvfav51T3hM7a9/m6yFe17Y2th84ebe1xva+V75WvZ6Wy7OXbWtl2cr42thj2uON753yAkH1kHhL8/iPvqBN3wwp1kHhL8/iPvqBN3wwqPvVPuEvzdJB9oebvfanVPuEvzdJB9oebvfagJBdZB4S/P4j76gTd8MKdZB4S/P4j76gTd8MKj71T7hL83SQfaHm732p1T7hL83SQfaHm732oCQXWQeEvz+I++oE3fDCnWQeEvz+I++oE3fDCo+9U+4S/N0kH2h5u99qdU+4S/N0kH2h5u99qAkF1kHhL8/iPvqBN3wwp1kHhL8/iPvqBN3wwqPvVPuEvzdJB9oebvfanVPuEvzdJB9oebvfagJBdZB4S/P4j76gTd8MKdZB4S/P4j76gTd8MKj71T7hL83SQfaHm732p1T7hL83SQfaHm732oCQXWQeEvz+I++oE3fDCnWQeEvz+I++oE3fDCo+9U+4S/N0kH2h5u99qdU+4S/N0kH2h5u99qAkF1kHhL8/iPvqBN3wwqNW53SDOHSStPdr45Y+8DEcD1f+tU6slnoJZjTIXMLbpdUXulCb6QAYPRuVJADKSsfKEghjhosVCzGxzMDgg45iY/p9U+4S/N0kH2h5u99qjvt70YDh0iTU3aCVmPAD7TXrGWu81yEz1EzPcyKRcg6WXGrmcjfOjpx54jkj4JVWTSg4pI4CMVNYB5AGAhARM8LgVAdFV5VuPzQjT3YmOdutk2xCr1eWyor2bKCuNqQVswqtbKL2ChWVwTDQaDiJAg3VkhRJdxNGgDXblc8+4dxyDEz1E9ZB4S/P4j76gTd8MKyU9GN4XePzkt1Nn6Vtuosc78erC2IFj1sqKHKEgsUuTa2MasZyWJDJzQcCQSODeFlxRH79NAimu0FwA7r3EIPDHSp1T7hL83SQfaHm732oCQXWQeEvz+I++oE3fDCnWQeEvz+I++oE3fDCo+9U+4S/N0kH2h5u99qdU+4S/N0kH2h5u99qAkF1kHhL8/iPvqBN3wwp1kHhL8/iPvqBN3wwqPvVPuEvzdJB9oebvfanVPuEvzdJB9oebvfagJBdZB4S/P4j76gTd8MKdZB4S/P4j76gTd8MKj71T7hL83SQfaHm732p1T7hL83SQfaHm732oCQXWQeEvz+I++oE3fDCnWQeEvz+I++oE3fDCo+9U+4S/N0kH2h5u99qdU+4S/N0kH2h5u99qAkF1kHhL8/iPvqBN3wwp1kHhL8/iPvqBN3wwqPvVPuEvzdJB9oebvfanVPuEvzdJB9oebvfagJBdZB4S/P4j76gTd8MKdZB4S/P4j76gTd8MKj71T7hL83SQfaHm732p1T7hL83SQfaHm732oCQXWQeEvz+I++oE3fDCnWQeEvz+I++oE3fDCo+9U+4S/N0kH2h5u99qdU+4S/N0kH2h5u99qAkF1kHhL8/iPvqBN3wwp1kHhL8/iPvqBN3wwqPvVPuEvzdJB9oebvfanVPuEvzdJB9oebvfagJBdZB4S/P4j76gTd8MKdZB4S/P4j76gTd8MKj71T7hL83SQfaHm732p1T7hL83SQfaHm732oCQXWQeEvz+I++oE3fDCnWQeEvz+I++oE3fDCo+9U+4S/N0kH2h5u99qdU+4S/N0kH2h5u99qAkF1kHhL8/iPvqBN3wwp1kHhL8/iPvqBN3wwqPvVPuEvzdJB9oebvfanVPuEvzdJB9oebvfagJBdZB4S/P4j76gTd8MKdZB4S/P4j76gTd8MKj71T7hL83SQfaHm732p1T7hL83SQfaHm732oCQXWQeEvz+I++oE3fDCnWQeEvz+I++oE3fDCo+9U+4S/N0kH2h5u99qdU+4S/N0kH2h5u99qAkF1kHhL8/iPvqBN3wwp1kHhL8/iPvqBN3wwqPvVPuEvzdJB9oebvfanVPuEvzdJB9oebvfagJBdZB4S/P4j76gTd8MKdZB4S/P4j76gTd8MKj71T7hL83SQfaHm732p1T7hL83SQfaHm732oCQXWQeEvz+I++oE3fDCnWQeEvz+I++oE3fDCo+9U+4S/N0kH2h5u99qdU+4S/N0kH2h5u99qAkF1kHhL8/iPvqBN3wwp1kHhL8/iPvqBN3wwqPvVPuEvzdJB9oebvfanVPuEvzdJB9oebvfagJBdZB4S/P4j76gTd8MKdZB4S/P4j76gTd8MKj71T7hL83SQfaHm732p1T7hL83SQfaHm732oCQXWQeEvz+I++oE3fDCnWQeEvz+I++oE3fDCo+9U+4S/N0kH2h5u99qdU+4S/N0kH2h5u99qAkF1kHhL8/iPvqBN3wwp1kHhL8/iPvqBN3wwqPvVPuEvzdJB9oebvfanVPuEvzdJB9oebvfagJBdZB4S/P4j76gTd8MKdZB4S/P4j76gTd8MKj71T7hL83SQfaHm732p1T7hL83SQfaHm732oCQXWQeEvz+I++oE3fDCnWQeEvz+I++oE3fDCo+9U+4S/N0kH2h5u99qdU+4S/N0kH2h5u99qAkF1kHhL8/iPvqBN3wwp1kHhL8/iPvqBN3wwqPvVPuEvzdJB9oebvfanVPuEvzdJB9oebvfagJBdZB4S/P4j76gTd8MKdZB4S/P4j76gTd8MKj71T7hL83SQfaHm732p1T7hL83SQfaHm732oCQXWQeEvz+I++oE3fDCnWQeEvz+I++oE3fDCo+9U+4S/N0kH2h5u99qdU+4S/N0kH2h5u99qAkF1kHhL8/iPv"
20:09:00.234 [Test worker] DEBUG org.apache.http.wire - http-outgoing-0 >> "qBN3wwp1kHhL8/iPvqBN3wwqPvVPuEvzdJB9oebvfanVPuEvzdJB9oebvfagJBdZB4S/P4j76gTd8MKdZB4S/P4j76gTd8MKj71T7hL83SQfaHm732p1T7hL83SQfaHm732oCQXWQeEvz+I++oE3fDCnWQeEvz+I++oE3fDCo+9U+4S/N0kH2h5u99qdU+4S/N0kH2h5u99qAkF1kHhL8/iPvqBN3wwp1kHhL8/iPvqBN3wwqPvVPuEvzdJB9oebvfanVPuEvzdJB9oebvfagJBdZB4S/P4j76gTd8MKzudJ05e+OHePjfRIX1T2jakwyeV2VjB7DtJFaskoxwNrITVkkgrK9zjrZaAl3BJm1pLAzBxPXNZ5G8MgQBMMBcg7oeqfcJfm6SD7Q83e+1UEdJB4MOOHjq49kef9U4jdbIk85sRG8ejrK1LMkvUnk1nG2ZDUlYlZGdbjVUvEYc230sTA7iVsaAxBzDBFwwGFtkBY7wec4fFVq5xVaewJPe4TMjmXY5ZjyTHqylNmyspHkE8pSs/l8iXMHUBgqyOYyMI6snHcciSiaDxDNYYZ54jYiB4WudZB4S/P4j76gTd8MKo+4YejscVW5HGNqbsvPcJPNzy7KzQdqs9V5MmqVmyRUTyTJ75bJEUuhIDqII6fiGjoicBkGSKABiCBZj545DCiZ5Wf8AVPuEvzdJB9oebvfagJBdZB4S/P4j76gTd8MKVH3qn3CX5ukg+0PN3vtSgNH9YA+fT+lNcK//AA5P+opMlb/KwB8+n9Ka4V/+HJ/1FJkoDf5SlKAUpSgFflrhtST0RYPoyRk4FgklqBtKQcDxVMzW1IsUGGIpGCkevYkn5KRrAInieOXsVKXGsYMXsEHnX6lKAzQwvxc8l22bYfs7ci/JZvBqvsc8Xo7DEbwJodsOjxtrvBLIIqAoDGS1JvNpGW0yWzAwZcI+eMLqyGqHW+OWTXAqGXQKpLAPYHBRtrsZvfp9tzBO1MoK7pmDV3YeadMj+0EY5kmU63+30hDLEEST0JUTCgiYkSShZKp8VLcZFMzxyCItFwqISmumFc6e4lv3yB7Wbe7DP7if4fwyQcwtcqEjbsbyKwg+EYaYt9euZInGi11UngNktz0eLgKZIEFJxNKjWUyp5LQC13Wiu1xxPapxrceUMcYmqjP1dhgwprxVNUVJ4yHIbgCAAc0qyi4wiIbpfy+XLZilyQx4FMS0ZGSQRzWKG1kNBRRFBVMJ4yqeJDwvTK/PtFCQikI9RrusVmqK5U1sDw6M/W+Cpj2CkHmw5/izIhOMXzKjqzx5IAwhxENiNtScqgUJ3FhvtRFA8Am5Ek4vjjmKaPmCxYEMUYUMPLufo1STsgd4r4vmPaWbZynGSNj3u/JnR1ifJTe8su1qxodPE2THjZTF98KqqdKNxSQGQFIZEiQzLkBDL7OqFi4Q5wUIPorpQ0wO0/qTAHHlEh+wE1cnGzsY68oBXDt++A2Aku5srTzV+yDliYsngu5Qi1vr2OOQIArcc6zgbMhlbDBjaJYgi5pQfE0YQswiXg1jRFHjLjFmp9+07JJrMNuJrWQCuVw8A8L5gJSUUDzywwwxyzxvlbG3Z7FAUt9JemGW4H4etjZNg6UpGhmSUN1wKWRZBih7uaO3wjl1ic2AkK4CW7Ggpo68ngqqUdOJikEUPg4Hk82ZJGsRSw4oWdpkMSggNHTiHpgmR/prfb6NrnGj6keS5FcwBBNIFsI5Qldxux4OxwnAwQsb55GVFWWVc92wouYpk0YzEEyzypj6V4eKlOEjZMAwMGEMpvzXYiRwzzxxyMmg52YalmCFbK9riCYkk84YvhhbLKwRcXO9u0wyyx7W5BXfoTHnDfEaHyXpD8c0CuqNdaWSFEkarT9RpKlqWCTPQnGyI5Z5FgOplqa+vCKrXMrwSKvLxFqB3buSsv5hBpQI4M1TZl+G+Sapsy/DfJ24gc+/Ea419toRPcFITSrxcOTUaz7dsR7AMWG15ewMiFMiSbOz1ihvwuZwxMAj4XO4P3vC1gBxO+u5Ai54Tc2m3b1f0qR4rcGzUogxkizXKjchOMlHNpvt3F3JJjtKnzrfb2eTDa7pyQwT5RLPD5OBx4pDZJYAXufWStxArCZteWdz7sS7wrbMNpW44IL091KY8EtE03GpM+xGbl2GabRYDgZ5yPM2tB0VQyuR0wnEhBJKMEChOSbwVVvB2GIKJUufANJ9opcvqSTm3ha6OAhyhY07E+XJa40kmRLHT54A65ib+1RFJu2xtUImSymCaWQFZQ7ufJmy54MUzmYLmQjFsBcbmfOwjqjQSGqKyQrw0li5oXe3SBeGyPpTLQ25d+Ye8czCtgiZHG6Sfz1jogpZGMiuYCzMjLZzgiBBCLD4Z4nja2+k8kn445CHjBcK186745MVDflX1JVkjjAIMNT2QkVdbTbQ5Dd7kaqe34tj5cLnjjllhFwc1jSC6lxOJliCa2kvMqqAd9OAJxXTVcui5ph6EHORrTr/ABvwS7lxHHkORwxY1i+G05wx6y2o0ENEQWgvNR3Nc+iriERJEggyK2CYL3yMrQXYVj/fJ6544YyPG8hpccdsws+MeHXRicJqe6a02QxuO7Wd9yM/nUeyCT0dCQte2Uori+snRO6jjZ4Fi4pga+GI508ay7kXBMGzAYQjGntRNZF/Gack+XahSHyRag7i8Tukjr5DYK5eeQCWZ110ORk5JLY21cwlJX1lmwm65FaDFdLcToUVkcBOjwsePOyxluE0lbVT5RKL3bhNTCXzpF5Jdtu1zq5ENyeO7W11cci0xtfpg2pbcDPqSZDfKljkuwRDMoMIi8nyYjkieRVEqtyOmGFhLQ0/M+EnjFUvBdNpRxKc2SIrJdR/yf7NdJif7UfUlJjq1g4O43kAu6o8j1QwMIc4cgS20FIcsRdjlxBGxMM2IshgzmBDMIawZPAcUNvXcrwxDeMba6UhIS0BJTEJDTiSQioqcSSEdJTiwRNPTEtNLBE09OIFAMcACpIkUBBLFSwOGAQAAWAQeOOGNrWc3WWTuEhqq30g37pFVhvj55FY+2k4OwNLtqIH5Kt89qR5F24ivXeZ9cNz5sAntnTQ3JBS3OsrRmOUFSQE41HK6BdrmU0r4s2MmE+y8jGCaoTyRjBRzbFqxW8turs+8ZOwDQ5q5Ilu/JZCkPz4nGhda9qAHVga1Nbcqv7DBGcmqw6G/gYyKOJuK5xtNlvqbojM0fQFBPabmuGsnSIygjbM2o5kh6NdtvFvj5GkF2ICO5kQ1mFmDmZSF5OLKiaPmCJa2YWQxM0CJkFna2Yd8r4ZW7Nr0zrTzPw8ISCSyUER5I821Z4Mn79KUoUUpSgFKUoBSlKAUpSgFKUoBSlKAUpSgFKUoBSlKAUpSgFKUoBSlKAUpSgFKUoBSlKAUpSgFKUoBSlKAUpSgFKUoBSlKAUpSgFKUoBSlKAUpSgFKUoBSlKAUpSgFKUoBSlKAoS5n+SPYTW94ao6GaFJLWWN+N9Hkca8cOR5kcFhpQVHaUYLFXRMbiQxih8sqip9h1A6jAqKYsIZJKaT2cKwjLuLfJtlwfkI/CJO6m1A1uTebnlwWNgzRXA8pviOtiCMZwmXdGIfb9uia4kWwqNgs0bG+x3dtHHAbHNlccgQVZNsL2AoY7xDl496WTxMSK/8sE9hv/TSTYjj5dU8rAJQUrYlNsSo6UTGF7AOSuq/KOxW6CGFfI0OcdqOVvjbEYDs60qe8TJxSOg9ts8JRX/Yp3nB40t89v4s39mHhr5Kng35dnFjx+HM+q21yI2iTHz2WhT+BlmXdjUTAwksq/EZOxUBhTiUD3MUyzJCSFlQXVBuE3a7oWP5lzRu30lbcvS5yb2cgkAa+xrpDH04tJkao7aSPCKUnPgqBrE2zGYSInGFdql01WBk1zqiyCRbxM8ormZRRGUO3wNBm+f7WGAJB6XRxpJLBywUVuDtIJXXJpPJmVh7ttuONm7VEm6juHuN75F8xDz3bBgAubtjiHg/EI6Ha+RwHsxodkPbMzZ0rbexq6q7gqWk8hp/HzHDgWZUSoKizYMwvswphqMnKMfZsyXQhm2mAqq4qt1x5OcjjZcJZtQNKLZWILSna7iWfQ4ln0XnxzwyI8cyEw5CD5PeZp7CMN5td54MyRuQh8u2PXdm11sit4th+NUy2gCzmZi/kRslOhvmBgQFpENnk0UUMMzlnasHlTGmybukF8aOjCJuBuXrbAc9asy84ZFR9UNj3/BSipr7DbWzT8RVy2LcPDN0ZYFUo9baUoKao3FM6YbxfNMCHL9qVHK3cafavb/wnJa46tquUJf3YjxQYqm30aK1XTzXTXwugPM2vtlRTpBwecRFgXIpjJSGlOJuYtg9ldDO4OsRVM43PoqZe2fDluj+ZpS6TLxPMTX3YE5q1Ly7qDOHijO6fGLImQ2xfBjP20WV/uMbyOGKzHH4zthPWmcJ4Zwy8DhOHNeTuwqpZG9gLYvIYonpZOc3/wC6UyB7q1eMVAsVLFy1hRx7FwAQLDmhbjmRrAh4h2FMDZdjIYcTte3GFyta4gl8s7/hvVVmten3JjFs1st97Bcwbl2liFC8Y/G6CFDRTVmGyj68JtNdRkDu0kRwUCebc8WHOoIrxD8DZ4+GBW9ggqPZSlQ9a9rVAKUpQClKUApSlAKUpQClKUArzoeHf+lw8g354uSX9tStXovV50PDv/S4eQb88XJL+2pWqLLz/PaEWXn+e0NufJTvawONrTGZ9vJBSxnKWjhHIlGkySp3BPOv2RHSqFG2xmgAdyBM5ECqm4FEoMvKoRM+KhNkotr2Keesl5FBaatS9EOTTkRjJr7ZcjvJRt7rGPMyMQkGNNQ+P58ldW0GIGI5iuCs00h+PRPRV55uheMIp8uePIS0aNuFujCFyC881g+CbS0z8LpgzRczi4jCrhQ08woocabWwe+JABCuPiWxaBlLkFhAXUcwL2yDJDvN8tAlcTK/YwNmit8L2G7le2llgvtuSjE7Lk2Jj6QstOQ49bz5jVTxytigqbfdbcKLzPO2yTridqlHE8+njX7yvnfAoJexftr2w7NNI+mipok5zVH2eLS3V6WYo1R5XdHdsooR4Y2od/IHx8yAIZTpoa+80ioqhsnr4KCMTwweUfTcntYq4JSxNAGRTJJpL6TmQEDRTaAe8EH1wq/06nnpMco71EN7daIm0z2o2PgZSw0e2T2FGaELS/IbDQH0ra7En3LyuAvtRouJJSXUrKDIYC0jJYSmnqIxwzmnpeQJsoLmRGlnuvya85XHFjrY6tqIk4rl6Pdgdlo711L2ghd2vcbwS1J6WUVIyqiFX2Kx0YsTKoiGq9wNWOKYuKpmnhiJI5UQwKDzbeQsWP8ASgOHBLPFi51NV9TtyE1TIGwAjJQ+nmYg2CsZJmi42GYQxYxjjbAcLPG+Aod8gxLZB5545CF7Gim0KBuppzrZtU3O9Aik4xEz3wpp5HPuhdAdpxMCKvtqWz7oL2wzRexNwNgz/Gi9gykDWsJna3bXxC8im+25UucwBSRoK2r2FizT2CeTbSTjbIRrGMxyMyIwlx4YKDrdmxxpztRoORNaTmOo7rRTjPcAqyRPjL7McLSTzmZhOI4ESdi3HptUBxCayc4Gmj+PYYi8U8iSNNOs6U4hs8buOD9lEs68NcW2AGYztc1isyIeRvDpoEcXAutSwVKiiXyzBEHrolbVNY1T4tuj4FnzgbFmPYfl2162zm5VU7X8Nq8gT8Ipu0kKv9vjYxZfSI98RWyt4msszFlVCOXE7lfLuAT482nuiv8AbuL6Sm7wb2iur6Qi7ltXMupzXJnM7xI6btPbPbvWuGtjGNOIMpFdVdhH5Bi0uDtdOXXEjKQozYPXRTaqVMohUkGeWUJWGCTBjZQvcDu1hA5QS/ws7JsRiuV7aZ8y3Ky257bKIpLLBTtmNosdk4ScThTCYp5MQHow300S5fFOWzpcBLMrOZtRJoxc0MoGWy4AwMk0xAbnDG2GA54+FYbVIlDyjsHhH+wd41JT8deSdEBhTukOOyni9jsfFDzxLkcW9dYzI5IZUYfJZxTcB8bEsjOeM+JVhDpIezzHcMOPefuLDUFhv9GUGw7pN1lbm0cqzilN5bKjJi2G0wZaLthnpp80mmDIRZRJHUxeTxBcDiO4kVSAAOAPzNPI2g/Gu+eSRXAxyJyDyc8dcfbES+kpCbMCE8HlEUoHW6RslN50OhjCppku7klIxzECSbOFsr7ePLCaVyxTijjyWg0kuSSbESRa5eoNccmhEScaepMa6lQ4eWF9AZFldXcD0ceBUJxP58uhRFV3U71cuRxxJkbnjo2BJJSi1xg0RupyMjXOKOafmoGpy0ApSlAKUpQClKUApSlAKUpQGbHlc2m2ymjkR0/4atJ5kWta16bGCt7D7XbJMwmWOSHHUCIZtylCDej5RMh54tdyOIwyHCXyVyVwVqy0tR2XCUkhvnXDZUirupfbTo/0n6nbWNne7b3cbQmT5vauv+3kU7uyhjPjuYoT1KnzadK8cP8ANIaQsN0FOSkJxqmKSSBSk8F0pCMhqRxYRHnZOQe2ku+DW6Xi4/GntQMpH4oQLRt31ljjc5mRkNBuf8G2yv2RMsQ2E/riY4W7a2JU/le3ah55VyfpdKglgcOztRjdsBVp27DQI3WeTthYQ2fcnjApLlyacFbsiDHRG+iLwmIQOOYuYARi1sb49veyzKrpy3Lc7wJHREVXSVVTfVEXtngfY5A9iNtN0eWaLeG7UPYB8apRoyILE2a3k2Dh/MonzcVZ504VJN6No2c50oZyZJw3Zfj+9nMlZBn7qEikz5jA6ks1Qbjq6Wm9f2x4J93dGlE7uptBuTxzbqzCl6zSy3Nz5CwmmT4LlV0CFC7PfbWl04jpi7ghCBnFBxCt4EpiUEQWe8ktRJKqofaqygfq6HJp9ldKO5MW29c7Yuh0cfGra22MzOQXdTqG0Y51OZzxzI54Z54mAfHImPkYuFnla4wAmWPbBhd0rkvSyrBrWnWjbDS7YGX09OUHW8iyE4K2GaiMo4MSak8Q2SDyvbK+IJhZTU4XPG9uwMrlA8vwDdmz54z58F31TSDKmM/lnOX8gexG2m6HLNF3DdqJsA+NUY0Y8GCbNbybBxBmUTpvKtA6cKkm9G0bOc6UM5Mk6bsvsC/jMlZBqF1CRSZ8xgdSmaoNx1dLTev7Y8E+7ujSid3U2g3J45t1ZhS9ZpZbm58hYTTJ8Fyq6BChdnvtrS6cR0xdwQhAzig4hW8CUxKCILPeSWoklVUPtVZQOd6h44oPSwOV4gvXxBU33o/ry62JYx2uApppN5nasNZx94XvfsigYukvl3xbH+F3YuJe+N8Ab5W/nSyrBrWnWjbDS7YGX09OUHW8iyE4K2GaiMo4MSak8Q2SDyvbK+IJhZTU4XPG9uwMrlA8vwDdmz54z58Dn48tuj+W3P0toZq2z5KuYV7cV2uey8raeaq6cQ+2ZR3FmTXlVAak7SC+34nN1Xa0ZMWTMyJ80xwgUl6IGIAyWB3LAykSKbX8F00mNhHI8Rzf22fDBylaV63yFt3sDubx78jy0sw8yz+2bvwlac4I2HJGkNNbxQvLAiYnrC8huVxu9kpacRVLkk4yhOFzf9zDLbGLLyx+5xLXwbXP70g9nuXtQXiuLWrj0Qi5nLGx0VlitlxKeJkAO9755EvBz4Yud88f4OIZohbLtbiYWr+9JFtgtzxwRMRGvjm/nJyoxCpNgALtLnrJiE6GCUXz4Vsssb4E0084G0OoD5XxLl8cgBTAgeGNsqTZt0vFn2WUkVuSRVEZHV0SCRiqPOmnqJXD04r+Srjt/ODsb+rkQ1t6iX+SqMvzfMz9XE2sQvTiv5KuO384Oxv6uRDW3qJf5Koy/N8zP1cTaFMww21u/HNNvNslrNoxsIp6Pce2lj2GiuctpI+byQuzxPsqEjqgnK7RiZdXQDBFnohdQQ1bJKXW0OVNpreLprxcKgvgvdvMYlJmV+ITdOEmErSZx/8ALvyNuDZhnkM1psMfd7YBH2YgCWzqYHkaFY7sZ7vY6cmswV2WDzSSztRbYFW8KbxNXSse5BKCfEvojZ0ozNa+QTW513CJT1CXIvLIsuIZq9/D5YNeZjBZiMpLGA2eRzCxp1RVIySDiLjiDYwgns8MszApu9rjt13LzCNl+mFbRZrcca"
20:09:00.235 [Test worker] DEBUG org.apache.http.wire - http-outgoing-0 >> "3BCRHpZXWzG1Tm2SSZWu9SBhfNOQsmEYnQj7TEbFkQBAujCGToSoKpiK4Z3EItgTEybSWW0dpZ5E2WCwRdIyaTR31eKxcjZyXTJuUyeBzZiYJbDK6ybmNvX8soOo5rdKbkuUZT4LvVupo63G0io4iI50UFZT8+/wDEkXUjZxu4qhtt3crmBI3X1WDXRndrNilQxsvpFuDNspTrLLSaGt26MLyJNT7dMiPt0a87YQkwXmCjFHM71haVjqFGioptksdD78yKEHM/FcgXsD3DMiS6rkjkRlXlC6LlvPtVMjMj5hvVUQpDY4zfjMu4yzXDTmbIjDKkDQQTpcDmVrHTOBrPI5lmqZAXyxx7iADbs2vwe+I+lsn9GS5MieV0xgzrpfq/xo7UqlrWJpoqNL8Cs1ywQrLhkHGwAZVJfZhfcyyom8Q8QU+PkMnmNcsGFYo+I/fpB8Rm0NfSRxyxnpE2yU2NaMtRNINVpXfsN7H74bJoLVLSNFbrX2XIEewREmJR8TS+0RyNFQTXSkholjDPsteDDhbwszxXalDiGCwxkiar31B2k2ac3RKJx2Qcmxc7ODYhJjzZs6lT0ty7ICrNCYcQJqXkpCNp8pH3CYfBI0ipYIKakmCy6EKnEAgyZPMEvhiHaSTQLZb387vIBsca7CrDnFHqUf1CiMx/tTsti5fazrWJeX07t+6B3XGslHJKjN02AsEYwLXaeRjMMKwIZivfSb+hgbA/mz2y/by4qZ/vrNGL10ie2ixYXx48Vro2w0J1M2Qf/LVzYoMmTlAUcyY6hGfyHvoBuJ7mdjcJqqjihITmbTnDCSgjZjOxUiqGVbPEC2IYxkbLsiX/AFtKtkt2tI+ZMbh52q2UXt2IcmLXA7sXrDN0joiKnzkzCaWO6rmGnIy8hhh2dZcT5O5GTTaguCKSoaOpzTXUkw30xYUGuU654ujXSCjHHBpWR12ReH5Nha+tcVhxQvzQvbknpOsxrtchg3zT5QGOhAtbJ4WTrgiqhVFV8EKx3AXAuZyAvhbKfmg/EpMcVbmyJyY8gGzKRtNu2+4/tFbTLx+yMo/hCBo7EzK2NNqOUc6YHWFcbIsUyTiS2dJtzMAgsOkZUTFxxOVUcgrOX+PStqo3h5dZuiw9Rvq6l7NKUoBSlKAUpSgFKUoBSlKAV05sMtzQ3INldb1zZSBIk9EGI4hIfZjsWyzcai7IgieMC1QHQsmzZEMm2y6uKVPLvczpM2ZSipsoRMgHRy4uPcdP9n+2gzGj6MuBHii5E1XUtx7J7Hcwu/8AG3ISHHztlpVbsbTwgIGlsavRNS1RxJEdn4HbzbxYzjZaICCWR3YqJyqSTlAcIyppBcNMAwJn5Lcbu9W8PIVwft/ZeLUSNTe+q+zZHjhrqr3tg1IscMosh8KsfEpTVSaemniRUvmkFAnsrtwilAIB14EVJtkCiUgGS+BSHW02y20fOvJ0s8fHGu4Pkl0BY68dizefkVHK5nSkhjY4B4PHX3WgqGOWs7gDqWZ7ydS6SOliTmTDuOJxaQI5Vkg3LGjnVDV+ItLtdYm1dghDGb8Vw41QGu2ChwxgcVT2eZo0qrrkXzwYBUJQcztcairulzKAJUoAeXlhRNAEygAoZYJmZUiU15ZET48zmpmB270T3z0f43ZD5A3dzH78ib4QjGaPNUiN5anFIcOlim+8jqKK5Yib2vKk0i7MGbgps+MzmYeExxLrC7cipiNcsnKobUIXms7cx1ujh5S9/Xykl2S91HjyH2oc6aQxMEk9HcwevpiTVEREwNCDGy6QKpBCHEDAwMObxTRyOIoow/bZ51Yc9PGRsfPKDIW6TJ2XPSzGet7SLzib4zJ8KvM3qJKAUKNjNfXsjxWOJIj5SOOpQJoqkupZR1F1tKVV0fNvDn0FFVzpoOfkPOVn82nC+hDNkQ3ra1dz9c1+NFco0kxPXcIqHIKqvFkiNtrJo/gUgpt1LWWm5W4gWEDSbGG5kTHuWIDZd7hNusXprrBqkGVGt6bX4S66VYcZXE3K22OguquzE8cvfN2gypOkTIsnuRJj3kJd6EzCZZ3GDqs2MEJKcTQdiyVLCNIwhDDXPOFSzHOCGTIYgIAwRYCb3NpuDNXF3xsQ+0NXne43TsXKcjQZpFC0wTKrAyM9ybhW2os4GpgkRccRAwTfEgnkFgKAik4nAmmix9+OYB0qyOqFQDiUahvs90fSFdbuPl5yZBeym3qLu3qFrgpPWLdqhtj5XTlM0dgCPRFlAj4tHQDxEjdhRSZSGmCym42WohlDjHbl0kGy8v2SDNlbmhiE5C6Rd0frVh1Od7psZ7Vn8EOY49k8wSHT26X2Q16d8iQ2cda6RQCmZtGQpILprwGOCNsgLZqGXYVW0ZEUwEEqgHWzatHRIp8KvrVxF0ZnhFZJFHn5eDQ1PxtreNvezRvTeS9z4F5geQqV9tNaYyWp5frWnyWikmarTAnxujDPSU2kl6+LiEKnMtMU2+krt2YVKri0eJZBlkYUcYydLrKTZWb2tSt4+DeTNs0lLAQrTlx2Tk8llvlRRTBRtu/KEnwlPptEjQ9+7myLdeiavIpI4PbEY4VIAmRcAxBcsMauNzJX54Htxx7URjszrjqdq+1mfqlNZrY/cdvT+BJZiT4/a0WuI29EeCoCQkEsfZD6lxPIjtYmpvl13SmwC5lBTRkoFbJIabj2bxmNhYaPRVkVKXAhgTpvj73Nc4GA+ImOeSO9rz+828LjYS1srgjoC+mDl8rfxeYAgeYV7hZYXubXNKtf4i6M1RY6qr6JCbOkHSqM0Xhv0Jf+YPtf+l8P+xiL62fVjB6Ev/MH2v8A0vh/2MRfWz6gFKUoBSlKAUpSgFKUoBSlKAUpSgFKUoBSlKAUpSgFKUoBSlKAUpSgFKUoBSlKAUpSgFKUoBSlKAUpSgFKUoBSlKAUpSgFKUoBSlKAUpSgFKUoBSlKAUpSgFKUoBSlKAVlD6ZH+KPbv6X0NfqVL1avKyh9Mj/FHt39L6Gv1Kl6gJ/9G+/El6D/AJvn/wDtuk+rvapC6N9+JL0H/N8//wBt0n1d7QClKUArAHz6f0prhX/4cn/UUmSt/lee30ix7NGNOkzcQ0jSA40dnMNgNfQN7PZ3OE8AmIDWaLV3+m9dcjjXFIzlgWT0dDRiB1TUzxjPAAoSKjmBcsQw8r2A9CSlVf8AlruI/wBI1qD67mV9508tdxH+ka1B9dzK+86AtApVX/lruI/0jWoPruZX3nTy13Ef6RrUH13Mr7zoC0CuCSkXkM3GUjFYhNNsjLBliO8vGB15DHS7QJyGM31ANlGnWYTEtcUgG2XcmSYKuDJ6KsHQkvA1mUS1AfEMoNX15a7iP9I1qD67mV9508tdxH+ka1B9dzK+86ApN48uOvpEnGpDTlhyD1jhIeln1Jrul+RpQmZc3ydUtyO/nkMXyUlt6ulstJkpysKUKEyicm2wQCuQJUDMczmbUjiioHNC2kXlH/FF7eUh+ZH4+eMZL5OfmRfLv4o+KPgzDwj47fLx/wB8+MfhnuneXgL/ALs8Gdp3f/tXbV035a7iP9I1qD67mV9508tdxH+ka1B9dzK+86AjvMXGhPuwXN3rdyESi7oiH1J0/gxwtmEYsJLryUJROTY6iLhLqz6czYOsEmyUsgCZdtzBJQTJDVVGwscsEz4FBHMKVyFlm3bB2bkaFVVC1CnRra9zoSX2u42y+HxHJaUGYqFW4sl1VVYTsbgygmmyzcfZMvk3VpfRR819DTjhg8jACn8AbWi35a7iP9I1qD67mV9508tdxH+ka1B9dzK+86e/a0+kHv2tPpCsif8Ai55XOUZ3QhHnKbOGjDJ0vh+S0KWXbC2jiNPR5ybCONshmSyYkSAuTcVIZNJAFIqKsQ7k3lVaBIlVdQGumqa6EgOBv2Bcw/Gav8kuvcVM6KZTSoPnLW6dmLsZAzxXEEVfY4T3YRJWTyLceCISv3xg2z4CriYxPpxQ+cSVBKTRcEtUTslBJPc18tdxH+ka1B9dzK+86eWu4j/SNag+u5lfedFjS364X1b9flyBG3envOhv5qNNGq82SvxkwOjyJHCmhqClBCVshIKrKLgL4AHEVsrS7KjbSicJsJcWyhQR2LTcZkwPUilBiFG3mXNiXO2/M2m4g9qZ+4/uG/VpHeOvyNJnHhKmnbrmRVVHhIt2K6WzrVFoscLvyZKxOJTK+rri93AipI5B1NZmkLYjGgDyuVyLhCGrCvLXcR/pGtQfXcyvvOnlruI/0jWoPruZX3nQZm/n5U7P5PdXX/uroFtLqtFiwz0CQpujE4y2osyAoLSUzE9UMKqWewMOFQbrfdS2UT7BERcchU1uqxiwmQdrFcsb5Z4VMb98Tu9+w/CzplxiwJJ+ujVfMWMXWBhbNrj+e8rocbSC2YAi0ikH2o0FRoRM4XaroK5KqG1nQAMtNxmnREptE8xcCJ0wKRCsY8tdxH+ka1B9dzK+86eWu4j/AEjWoPruZX3nQEIWk1Ok7MNqtpjsxE6Pe2WezW+jNVqNtGK8iBFIb7bbycWSENESiQNsQiiclJhMqRIlgsbBgFgAgsLWxwtapIchfHVP3IJqxrPgPP6LrJv1riuxlODclmGAnarQeTn9vIqMbfjeLNZyHSrlXoZV3qnYnmkK6AzrpRi6K2VFYTlrHFwNxc7O8tdxH+ka1B9dzK+86eWu4j/SNag+u5lfedAVgbH8afMtyfNeP9aeSHYbQaLtPUV8NF6y8m6QN6fVGYZ8wZR3E8Qbi6cmYiltpiED5kINRwMtoweARXBYus5ozgAS01IC03I6QmICSloKKSLpqOiJxJISU4rh3MqQTE0sETIEiwduzYMuVKghAA4Wv/BDDxx/91VoeWu4j/SNag+u5lfedfzLmw4jsccsr8jWoV7Y2vle2M2MzPK9rW7N+1wwUsssr/g/Bjja+WV/wWte97WoC0GlVf8AlruI/wBI1qD67mV9508tdxH+ka1B9dzK+86AtApVX/lruI/0jWoPruZX3nTy13Ef6RrUH13Mr7zoC0ClVf8AlruI/wBI1qD67mV9508tdxH+ka1B9dzK+86AtApVX/lruI/0jWoPruZX3nTy13Ef6RrUH13Mr7zoC0ClVf8AlruI/wBI1qD67mV9508tdxH+ka1B9dzK+86AtApVX/lruI/0jWoPruZX3nTy13Ef6RrUH13Mr7zoC0ClVf8AlruI/wBI1qD67mV9508tdxH+ka1B9dzK+86AtApVX/lruI/0jWoPruZX3nTy13Ef6RrUH13Mr7zoC0ClVf8AlruI/wBI1qD67mV9508tdxH+ka1B9dzK+86AtApVX/lruI/0jWoPruZX3nTy13Ef6RrUH13Mr7zoC0ClVfY82HEdlbs25GtQrdi+WP8ACmxmY37OOV8b/gyUrXva97Xvjla3a549jPC+WOVr3/vlruI/0jWoPruZX3nQFoFKq/8ALXcR/pGtQfXcyvvOnlruI/0jWoPruZX3nQFoFKq/8tdxH+ka1B9dzK+86eWu4j/SNag+u5lfedAWgUqr/wAtdxH+ka1B9dzK+86eWu4j/SNag+u5lfedAWgUqr/y13Ef6RrUH13Mr7zp5a7iP9I1qD67mV950BaBSqv/AC13Ef6RrUH13Mr7zr5h81XEmLlfEHkV1GGztgIJfAGamaLnYIEPIYcW+IajllYIAEMQccW9rBggBiDC5YBB554gWe0qr/y13Ef6RrUH13Mr7zp5a7iP9I1qD67mV950BaBSqv8Ay13Ef6RrUH13Mr7zp5a7iP8ASNag+u5lfedAWgUqr/y13Ef6RrUH13Mr7zp5a7iP9I1qD67mV950BaBSqv8Ay13Ef6RrUH13Mr7zp5a7iP8ASNag+u5lfedAWgUqr/y13Ef6RrUH13Mr7zp5a7iP9I1qD67mV950BaBSqv8Ay13Ef6RrUH13Mr7zp5a7iP8ASNag+u5lfedAWgUqr/y13Ef6RrUH13Mr7zp5a7iP9I1qD67mV950BaBSqvvLYcR18r4+Ua1C7NrY5Xv8tjMtj2Mr5Wt2M7qXa5Xt2t+2xte+WNr43yta2eF8v75a7iP9I1qD67mV950BaBSqv/LXcR/pGtQfXcyvvOnlruI/0jWoPruZX3nQFoFKq/8ALXcR/pGtQfXcyvvOnlruI/0jWoPruZX3nQFoFKq/8tdxH+ka1B9dzK+86eWu4j/SNag+u5lfedAWgUqr/wAtdxH+ka1B9dzK+86eWu4j/SNag+u5lfedAWgUqr/y13Ef6RrUH13Mr7zp5a7iP9I1qD67mV950BaBSqv/AC13Ef6RrUH13Mr7zp5a7iP9I1qD67mV950BaBSqv/LXcR/pGtQfXcyvvOv5jzYcR2Vuzbka1Ct2L5Y/wpsZmN+zjlfG/wCDJSte9r3te+OVrdrnj2M8L5Y5WvcD7vKFxfRHyeREzWg7ng7IamaFnmXk/WzY+Ob2xkGEJKJCERwVtJwscTM1ZDUDKUjDr7eDV0UweMoiEqpS4guJBQ1tOhejxv0mRntTCMSewXEfKJYkVDRSOyMjMLZxtTWcI2DsXycy3FrHS/kdMu4PD/tQABQ0Vb2ZrHHE+RPB5i5ZzE8tdxH+ka1B9dzK+86eWu4j/SNag+u5lfedMzRfPgMm0d486L5Q664y+JpM0ce827RTjNri26342iGAFnfZl2ohRsh+BARiJopG8ZM8mZPFmawE4ZLRgsiQJu9lEFttkqVT283m43Guh8PiLjanJgc8O0vKEsOuJzMAzdpu3teWo0Exdd40wJ70SVHXM4ZVHCgGmKTZZRr5hRC5cQDqbICsrZCHkOwiIHiZP5JnevlruI/0jWoPruZX3nTy13Ef6RrUH13Mr7zoC0CqStiONqcpb5wtAuS1tuuJyUE6rQRLkXyE01tdd5aWllffrF2DbCOcZiEQYqkzlFHLH5YboykYW343ToJMktCFU84MWIl1LvXy13Ef6RrUH13Mr7zp5a7iP9I1qD67mV950BaBSqv/AC13Ef6RrUH13Mr7zp5a7iP9I1qD67mV950BaBSqv/LXcR/pGtQfXcyvvOnlruI/0jWoPruZX3nQFoFKq/8ALXcR/pGtQfXcyvvOnlruI/0jWoPruZX3nQFoFKq/8tdxH+ka1B9dzK+86eWu4j/SNag+u5lfedAWgUqr/wAtdxH+ka1B9dzK+86eWu4j/SNag+u5lfedAWgUqr/y13Ef6RrUH13Mr7zp5a7iP9I1qD67mV950BaBXnQ8O/8AS4eQb88XJL+2pWrY95a7iP8ASNag+u5lfedYUOLTcPViLek27u7OSPP8UsnXp7ynvuqtCZnK8kdJjtyJr9lpTVmUeRnQbMhph8s6UwUM+hjAD54KBXPEYvfPC9r1F+U7Qi/KcKjnpNzhCcYbHxDIsETS0k59RXK7TVmU+Woqd1xLKyEsl8gDGARksICdTlEpn3I+kLCcYKqqKrFSSslGyiiSKmQs/wBAnHLzKcaSOYhDj23A1J2P1CTDykYiuIORNrS6kPiEkdSPmFDJqNeUoBJKZ9zJYJgfMXCyulpbfLXFHxQ2Y38hjApixXy13Ef6RrUH13Mr7zp5a7iP9I1qD67mV951a55Lq+LRaFf8n8U/IdyQPmCFrlY2k1qakPa7S+25zZ2uOg8XvIuRc0itPA0CgKzqnOfjKm9yhMqTOqKapo6O0cCCyRVjuZfFCVCyWpkZX7Ecec0y3zM8ffIk23PF5KFNUYZnmO5Ea62tOstKSytyixJSa7fNMtEIMpSaailk1B7pQywOuPduGy5MuoCEiKgMEWLm+0fLXcR/pGtQfXcyvvOnlruI/wBI1qD67mV950BWFy6cDcrchG9sJbDxRKkeR1Bb5ZkYQ1yFR841t3ozjmeHYonRqy+gF2emN1juZEcjrMl0fFKxMOpxMwFGHZ7I70UDhMVXCCnNy6cdcxb5gcfxSEF+KGgT1O3nhrZd8lpEVnQ3wD8dRvgeCUkBigNFjvEI26RQjIQaQmK9m2hZYBXwMLpLG2Ndr+Wu4j/SNag+u5lfedPLXcR/pGtQfXcyvvOmV0haAXOE1eEOVY6Q3F435x2E5buNHfVluqKUyH9NUCW0qT226Fx3kpJXTD9QXClo+bDR0pjLTXVASxhWLZqWTheLXzBBwHyKhnM8QwxLr6q/8tdxH+ka1B9dzK+86eWu4j/SNa"
20:09:00.235 [Test worker] DEBUG org.apache.http.wire - http-outgoing-0 >> "g+u5lfedAWgUqr/wAtdxH+ka1B9dzK+86eWu4j/SNag+u5lfedAWgUqr/y13Ef6RrUH13Mr7zp5a7iP9I1qD67mV950BaBSqv/AC13Ef6RrUH13Mr7zp5a7iP9I1qD67mV950BaBSqvsebDiOyxxytyNahWtla2VrZTYzMMrWvbs27bDNSxyxv+H8OOVrZY3/Be1r2vav75a7iP9I1qD67mV950BaBSqv/AC13Ef6RrUH13Mr7zp5a7iP9I1qD67mV950BaBSqv/LXcR/pGtQfXcyvvOnlruI/0jWoPruZX3nQHUvJ3xhyRtZLmsm6+n81IGuW+2nh5cCi19vNum3PGMkR+6QTRZyRHLKal3uuAtg8CpLgJVXRi6mYIpzpeKbkimzC+RV27FZb4wuSHkA2M1lkzlymfTwrAGo8hEJlYerGkCLMxtnytL6H3LNtuyXHXOQKes4EkUbEUKyEmk1kgZbxpYbIOCddyLq2asD8tdxH+ka1B9dzK+86eWu4j/SNag+u5lfedAdDciXGHOUxbWwLyQaCTYwoE3ogNoKkWnAJgbq444In6HFUwrnbxxLRNp5eM6aAQOr60IVcCISVFTvc+BiWwTlhvtNfQOlGlxhb9bdbr627h8tUz6tqTZ0vVzb11w1T0vRpVzij5WzAqYcIyxIjzmUulu9VXG+poiIrpaOWTTJPFQQUPvE8ipuLoS3fOTy13Ef6RrUH13Mr7zp5a7iP9I1qD67mV950H2i+UkdDciXGHOUxbWwLyQaCTYwoE3ogNoKkWnAJgbq444In6HFUwrnbxxLRNp5eM6aAQOr60IVcCISVFTvc+BiWwTlhvtNfQOlGlxhb9bdbr627h8tUz6tqTZ0vVzb11w1T0vRpVzij5WzAqYcIyxIjzmUulu9VXG+poiIrpaOWTTJPFQQUPvE8ipuLoS3fOTy13Ef6RrUH13Mr7zp5a7iP9I1qD67mV950H2i+UkRo3a4w9lz+8zQ5QuNKaYkhzbovGPyJzXHGwzedizrzslGZccoZRiz8Px93V9ttdQ7paGV8IIRE8MolmwzMiRpujtw5m4+IQXxg7ozfvzFPIpyuzPrw9XxrE2HAgaq6z6kocjAwHGK+7ABia/Jiw45cDJPNzO40UzCH7gaR+1uuEG2rAqxMmz0NDxmN5a7iP9I1qD67mV9508tdxH+ka1B9dzK+86AzCdOK/kq47fzg7G/q5ENbeol/kqjL83zM/VxNrz2+l+by6d7fxvowm6t7LQ1Pp9ivedjzxJxW+0N4mGyTXkGMAEYyshI5ozkQBUxktRCJCD2wxMZkjOId73Cy7Gu6M+aHiaTI3j5NUORHUckfT2Q1CJ4mZmtmBGChwogkADJYcLNTtkGMAMHmEKHla2WGeGWN7Wva9AR+2u4eJfT9x1zkg4t9mEfT/bR+pQCNPbBf7NEfesuzJEv3njgPIbYTxMFVquE5YiTEWnOgJ60bOnSYK8kE248Tq661n7q5HHSPpeQj0dPOauIvXFuuJOMoq9LkFR5tNNEnphM+XzJmz7VYM0jtmOcDtgBRRAibgUFkvcXueHfIWOGWYkq/LXcR/pGtQfXcyvvOnlruI/0jWoPruZX3nTNm0gwxGg1mYh8e4Ry8McI048UGrMm4uR2SY13DchJs8nRUBBUH+7nY3nI4FNWDYLTcZ5sNa2KNmVRUlOQ3UpJ5fEoAfUlgzkaVROytnOLB47I8IrB41lZzsRKnyMdW9amKx5HBVHJgwW9sJri0WGWR3OluQFr+ORBnK7jaCghjuEuy7OcFluJRMhtnFTz8GW738tdxH+ka1B9dzK+86eWu4j/SNag+u5lfedAkMxTrPij44pQ0V0QkOGpqfDLkvbLYSQ57m/Y+VWuoLqg0nvMcwnj5MusF1tcabYchogA1iDTDVhjTSTsrLtnCcIJXcTYdh4e678OmzUSdH4lHijcj6gk7sQ9mfN7fSnmiOaQDMLlzklSYqvNCFUHEfjBNfARUolngQFbMtHRsUA/iIETBPl7Yms7DvLXcR/pGtQfXcyvvOnlruI/0jWoPruZX3nQHfHHlry9NS9GdT9ZZGVGutPyCYIjqL3crMk6rKTRUV9ot4mkqRxuH11EbaycRxzJfPMiYU0BHOigXxyMJ5YS9w8ZkVV/5a7iP9I1qD67mV9508tdxH+ka1B9dzK+86AtApVX/AJa7iP8ASNag+u5lfedPLXcR/pGtQfXcyvvOgLQKVV/5a7iP9I1qD67mV9508tdxH+ka1B9dzK+86AtApVX/AJa7iP8ASNag+u5lfedfzy2HEdfK+PlGtQuza2OV7/LYzLY9jK+VrdjO6l2uV7drftsbXvlja+N8rWtnhfIC0GlVf+Wu4j/SNag+u5lfedPLXcR/pGtQfXcyvvOgLQKVV/5a7iP9I1qD67mV9508tdxH+ka1B9dzK+86AtAqHXILFWw86aV7JQtqk72WwJ9lmMFqOWE9ZBW3K22s1/HLMu33QtmV5nth4uZIVCDLPuIdtH0duKBos58UcTtiQVhFAp0J5a7iP9I1qD67mV9508tdxH+ka1B9dzK+86AqX0n046RpoJrJF2qEBEuBgCNYpSjhBNUXMPv6dd7nU1ZVOri+7HkqISI3EtWdDhWVE4oKp4khpRS4guBYinkSBYqUAtUeeou0u9nHTKWq/I88oQjmeJUCViIshaGHZcJMJj3RHGmuSLXM27y4cTn2fVkxSR08R7oJxQIpDlTclNugHShBUGMBfqeWu4j/AEjWoPruZX3nTy13Ef6RrUH13Mr7zoCrpd0V6Q+8tUzHH05tv+OQGBVWOM4EcO1xBmbFH9wVqEzCHZoHwTrMPFS0SivdUZuY6AqL4LkKrJssNmewcxZ2Ziu8SyBd4gtf1XifIcTKe6HogRYiRYmstAk5MFALv1NfiW47SBjKtwighMkIpK0mZnHU422XHJJSwmq6y1O7lUpQzED5L5a7iP8ASNag+u5lfedPLXcR/pGtQfXcyvvOgzM1Kynnoh0gKV9VzHHs/wDbzj0Tdelxg4wU9tr2yythD+4LyhDJLDbCoTU4+VQicPAPJ0s7vluOlUKO4MdRIHDIgCwUXRzLjMWKylxMRS6OLdF4wYok6TIPazCjlstaL5lZy0eJyA3Ho0zllwJ+r2CCotkBy2eDjFWD0itoI0jJjgIudwEUoVvGREpRSuQeWu4j/SNag+u5lfedPLXcR/pGtQfXcyvvOmZ6GdapFoFYMqcdfOpuhBCHopuft/o22tTj1ms35um/XVqzee3Bn2PmeoJp/BBcKa/klIiVmLD1ySSubxWmyYGBFO/wxU1ZQBltruC4bbiNmXDXF7s/EUcIhdtR9Fuhc2R2xm8UvnkWQ2izNfXO3W4kgZi5ZiiBp6QnEyuIgueYolgu6C55iZZZX638tdxH+ka1B9dzK+86i/u9zDcWL40u28ZTP5ANU3I7Xfq/PzXa7dR5kZ55XX3E4IodiSiIqUSAUshjikqqZsqRIlQcchTBocIEPG+edrXZ6hb0M9Qt6KoehL/zB9r/ANL4f9jEX1s+rAH0SDf/AEk1H0u2UZWzu08HQM7XLtAK6G+3ZRkFAaCusN3KKI8SbLSeSVzZcY0m3U04+RsaCxyC76KDg9t24eVravPLXcR/pGtQfXcyvvOgLQKVV/5a7iP9I1qD67mV9508tdxH+ka1B9dzK+86AtApVX/lruI/0jWoPruZX3nTy13Ef6RrUH13Mr7zoC0ClVf+Wu4j/SNag+u5lfedPLXcR/pGtQfXcyvvOgLQKVV/5a7iP9I1qD67mV9508tdxH+ka1B9dzK+86AtApVX/lruI/0jWoPruZX3nTy13Ef6RrUH13Mr7zoC0ClVf+Wu4j/SNag+u5lfedPLXcR/pGtQfXcyvvOgLQKVV/5a7iP9I1qD67mV9508tdxH+ka1B9dzK+86AtApVX/lruI/0jWoPruZX3nTy13Ef6RrUH13Mr7zoC0ClVf+Wu4j/SNag+u5lfedPLXcR/pGtQfXcyvvOgLQKVV/5a7iP9I1qD67mV9508tdxH+ka1B9dzK+86AtApVX/lruI/0jWoPruZX3nTy13Ef6RrUH13Mr7zoC0ClVf+Wu4j/SNag+u5lfedPLXcR/pGtQfXcyvvOgLQKVV/5a7iP9I1qD67mV9508tdxH+ka1B9dzK+86AtApVX/lruI/0jWoPruZX3nTy13Ef6RrUH13Mr7zoC0ClVf+Wu4j/SNag+u5lfedPLXcR/pGtQfXcyvvOgLQKVV/5a7iP9I1qD67mV9508tdxH+ka1B9dzK+86AtApVX/lruI/0jWoPruZX3nTy13Ef6RrUH13Mr7zoC0ClVf+Wu4j/SNag+u5lfedPLXcR/pGtQfXcyvvOgLQKVV/5a7iP9I1qD67mV9508tdxH+ka1B9dzK+86AtApVX/lruI/0jWoPruZX3nTy13Ef6RrUH13Mr7zoC0ClVf+Wu4j/SNag+u5lfedPLXcR/pGtQfXcyvvOgLQKVV/5a7iP9I1qD67mV9508tdxH+ka1B9dzK+86AtApVX/lruI/0jWoPruZX3nTy13Ef6RrUH13Mr7zoC0ClVf+Wu4j/SNag+u5lfedPLXcR/pGtQfXcyvvOgLQKVV/5a7iP9I1qD67mV9508tdxH+ka1B9dzK+86AtApVX/lruI/0jWoPruZX3nTy13Ef6RrUH13Mr7zoC0ClVf+Wu4j/SNag+u5lfedPLXcR/pGtQfXcyvvOgLQKVV/5a7iP9I1qD67mV9508tdxH+ka1B9dzK+86AtApVX/lruI/0jWoPruZX3nTy13Ef6RrUH13Mr7zoC0CsofTI/xR7d/S+hr9Speq3zy13Ef6RrUH13Mr7zrNj0qXkb0N2p4yEKMdbtuYCm+QwNoIqdAzMjSSW463EE3UppSeUUlrNLSjpg1imkTSonAGTVw+5AinS2GeVri49kC9Ho334kvQf83z//AG3SfV3tZSOBjlQ434F4j9Lojmjd3WqL5PZbIepF2sN7Ss1UB0t04el2Q1cmWV0c+fCNkhjKWokT4IY4eOWZU2ANja+AmN727+Wu4j/SNag+u5lfedAWgUqr/wAtdxH+ka1B9dzK+86UBaBXnZdJuiRtbGdIf4vdb5AOr4MbzrF2lUSPUJvKWCcrAtqUd4Z6YbmOoRkyVUCJBfxQVo3imqQ6aewLGcC4gxU0CFcDP0TawB8+n9Ka4V/+HJ/1FJkoC0DqbnEf+UW33rlZXwip1NziP/KLb71ysr4RVq8pQGUPqbnEf+UW33rlZXwip1NziP8Ayi2+9crK+EVavKUBlD6m5xH/AJRbfeuVlfCKnU3OI/8AKLb71ysr4RVq8r8tcNqSeiLB9GSMnAsEktQNpSDgeKpma2pFigwxFIwUj17Ek/JSNYBE8Txy9ipS41jBi9gg86Ayr9Tc4j/yi2+9crK+EVOpucR/5RbfeuVlfCKu3oX4ueS7bNsP2duRfks3g1X2OeL0dhiN4E0O2HR4213glkEVAUBjJak3m0jLaZLZgYMuEfPGF1ZDVDrfHLJrgVDLoFUlgHkvCbyNbETHo3uye2tWi06y5xzTZP0LqcstxPJImU/tyGWpZ0IyyYCTC/gyzqPd7qCMKoECFrKCTdtK6jioLp5XPngjrDy/Xw9HI+dTc4j/AMotvvXKyvhFTqbnEf8AlFt965WV8Iq4DxlavbgcxGnyRyL7Kcre/wDCcg7DOmVz0RRRplNQEFwPCbYYMlu6NkRFVI2S0NVKyCMEtss8cMXXlUBQUGwOQTlxTPOQRScQth3R/t0dktqtf9l4v2ydpCU5p0i25lHU9Xm9MSCSIDMCKwMU3wQ61UimhF07xjDGGUiB40TLA3UUcFvKinkcXjyuonHjM/zaR2a7P/nnw0SF/U3OI/8AKLb71ysr4RU6m5xH/lFt965WV8Iqmn0l6YZbgfh62Nk2DpSkaGZJQ3XApZFkGKHu5o7fCOXWJzYCQrgJbsaCmjryeCqpR04mKQRQ+DgeTzZkkaxFLDihZ2mQxKCA0dOIemCZH+mt9vo2ucaPqR5LkVzAEE0gWwjlCV3G7Hg7HCcDBCxvnkZUVZZVz3bCi5imTRjMQTLPJq1+G+y6tfhvszwdTc4j/wAotvvXKyvhFTqbnEf+UW33rlZXwiqzVA59+I1xr7bQie4KQmlXi4cmo1n27Yj2AYsNry9gZEKZEk2dnrFDfhczhiYBHwudwfveFrADid9dyBFzwm5tNu3q/pUjxW4NmpRBjJFmuVG5CcZKObTfbuLuSTHaVPnW+3s8mG13TkhgnyiWeHycDjxSGySwAvc+slbiBWEDPcjPd1NziP8Ayi2+9crK+EVOpucR/wCUW33rlZXwiqzF7dIF4bI+lMtDbl35h7xzMK2CJkcbpJ/PWOiClkYyK5gLMyMtnOCIEEIsPhnieNrb6TySfjjkIeMFwrXzrvjkxUN+VfUlWSOMAgw1PZCRV1tNtDkN3uRqp7fi2PlwueOOWWEXBzWNILqXE4mWIJraS8yqoB304AnFdNVy6LmmHgzPBSt1NziP/KLb71ysr4RU6m5xH/lFt965WV8Iq4LyRag7i8Tukjr5DYK5eeQCWZ110ORk5JLY21cwlJX1lmwm65FaDFdLcToUVkcBOjwsePOyxluE0lbVT5RKL3bhNTCXzpF5Jdtu1zq5ENyeO7W11cci0xtfpg2pbcDPqSZDfKljkuwRDMoMIi8nyYjkieRVEqtyOmGFhLQ0/M+EnjFUvBdNpRxKc2SIrJaf773j9wCK/wAvDR+uYFZnU3OI/wDKLb71ysr4RV8c+ht8SGWOWNnJuBhfLG9rZ4zIyL5YXva9rZY2zh/PC+WN/wANrZ4ZY9m1u2xyt2bX6n5FY+2k4OwNLtqIH5Kt89qR5F24ivXeZ9cNz5sAntnTQ3JBS3OsrRmOUFSQE41HK6BdrmU0r4s2MmE+y8jGCaoTyRjBRzbFqZmfI8ZmvyiomUPqbnEf+UW33rlZXwip1NziP/KLb71ysr4RVq8rGZHEYTRv/wA9vLRre/uQPkhhKGtfEOH3TF7E1d3HkyHG0gnXIzI7LKpIs3ABl1tkUowMdOqWRJGRkrt1U4aPDijCmBe3Z7GezvfqbnEf+UW33rlZXwip1NziP/KLb71ysr4RVZ9C3EAkwtK7BlcHkn5fpRFYLkT3IHHk077PWRIoeGSfnfOyG/mOfbhYm6G2c7PaKCQZMAhGsLWxyEx7HZr7nIKj8wsqSa0oN4+1/XLWyDHExgVWVN0JNyMSLLDPcZhbWU5QZMUQpmRGRDK0VQQEZbKuF0gmkRSuqmiYC60lRGCGUQKtepucR/5RbfeuVlfCKnU3OI/8otvvXKyvhFXenRcJqnqdOPuY3PsZOMobBSCgbvzsyQ3/ACy83I9XDdCQGrFGZNITTTmV1kwhNwufPKh9Ma6YaDREYRTOBp5YLEYTLPpx6Sbtly+8tW1ek8Q7XznpvoTx1IrPb03vHVZ0BRtPc2T49AzGZdtF5U8Gn1hkoCKqIb5RcgEnA0UEJR+ojnE46oPNJUGcF4fay5PzupucR/5RbfeuVlfCKnU3OI/8otvvXKyvhFXIIVlvbTiq5foL46p32lmTcXSffaP3ks6xybsyul3xO8QzGwSJ9RWmI5JTxTyKs/ExSwIJSRlgfK4E8TD+YxxMKoAyU7c3FODb7TrkX3T3dT2qZ23k7TXjOYcWAqBQ3pvLF422mmmbzJlKEMlXW88WsaVWKx00A+plS4CQoqhU2WbFu6JuKm7glZrFhxz+BYccxK/+pucR/wCUW33rlZXwip1NziP/ACi2+9crK+EVdh8ecqbL6s81GyPEw7tqZn3V1xSdS0HaKO3tsa5Ccjz3CbhHcbGRDbJe0pAJ6apulNXijvEPh4L5cPIuVHYw6MSTczjhMrunmmZkFhMYrRjmOZQ+pucR/wCUW33rlZXwip1NziP/ACi2+9crK+EVavKUBlD6m5xH/lFt965WV8IqdTc4j/yi2+9crK+EVavKUBlD6m5xH/lFt965WV8IqdTc4j/yi2+9crK+EVavKUBlD6m5xH/lFt965WV8IqdTc4j/AMotvvXKyvhFWrylAZQ+pucR/wCUW33rlZXwip1NziP/ACi2+9crK+EVavKUBlBx6G3xIY2va7k3Azv22d+zlMjIte"
20:09:00.236 [Test worker] DEBUG org.apache.http.wire - http-outgoing-0 >> "1ssr5Wxt2kP427XC17YY3va+V8cbXzyzz7bPL5dTc4j/yi2+9crK+EVavKUBlD6m5xH/lFt965WV8IqdTc4j/yi2+9crK+EVavKUBlD6m5xH/lFt965WV8IqdTc4j/AMotvvXKyvhFWrylAZQ+pucR/wCUW33rlZXwip1NziP/ACi2+9crK+EVavKUBlD6m5xH/lFt965WV8IqdTc4j/yi2+9crK+EVavKUBlD6m5xH/lFt965WV8Iq+wV6HPxLEhchizl2+DEzLnCmWV5jY+fZAPlByJrDsZxBla3dCxgYO2VrWzwvn24eWOeOOVtWlKAyh9Tc4j/AMotvvXKyvhFTqbnEf8AlFt965WV8Iq1eUoDKH1NziP/ACi2+9crK+EVOpucR/5RbfeuVlfCKtXlKAyh9Tc4j/yi2+9crK+EVOpucR/5RbfeuVlfCKtXlKAyh9Tc4j/yi2+9crK+EVOpucR/5RbfeuVlfCKuKauqO2HPhs1urMBzd/a/Tnjv1jnNw6y63MTSWS8YMkCW3gygQjLmkuQpPKoistniZhFVWq5cWwYLH03DN4paIQulYtNZNPGQ/GdsttrrDygbGcM+5s6OjaJFRofTdmdLdjpLBKfKw6opMKCcnrjCkRaJgBjPNcTB1BWwAcarbI9ipx4+M7KAqKsNdDb74LbSelO/hbdR9Tc4j/yi2+9crK+EVOpucR/5RbfeuVlfCKvqNaCZa5SuXPlzb61yEckOs+v2nzh1SiaJWNpxto6oUahl5L8OnjMuiqqDdKdTcyNE3Y1xDYuSSko5wUyviCKZg+LhjkHftpVpgDpYzXizw9p90drcni5gHLm7N1Z9Pz68mziXSiyXg3Wesm0FuhIDZzuBmpDpgBEUQyqmzJoc2Jj3uCAyKNXUn5yiLrcoU6m5xH/lFt965WV8IqdTc4j/AMotvvXKyvhFX1GtBMtcpXLny5t9a5COSHWfX7T5w6pRNErG0420dUKNQy8l+HTxmXRVVBulOpuZGibsa4hsXJJSUc4KZXxBFMwfFwxyDvH1s1qa3G5B80rbs2z3T2daaWWXpfdj73Snk/sG9WY2mS0BDayksxTNIbbCRW2CmpB1ZGSACeYpxWHMGBzmeNy4RdkUauo/OURdblIfU3OI/wDKLb71ysr4RU6m5xH/AJRbfeuVlfCKuv8AjuhveTnIiB98imxnIhu9pzHMtSBIaNptr1pHL4cJs2PY4YzhUGgXckjGCSAcMy4pZO5FWUQcuv4lR1DJvK6tkrhkHIjobSnDwhbo7SvGU96+NPex8F5W2d49pJQkdGm26SVQVWcYLfAakMw3evJRALAtdfJJxBGVTisNYNQUkN9tUFXyVnCmrzgVg0fxtklxSLluht8SHbXy8ZNwL2vjja2F5kZHa43xvne+Vr2h+2fbZ2ytbK2WeWNrYY9pjje+d8/l1NziP/KLb71ysr4RVq8pQGUPqbnEf+UW33rlZXwip1NziP8Ayi2+9crK+EVavKUBlD6m5xH/AJRbfeuVlfCKnU3OI/8AKLb71ysr4RVq8pQGUPqbnEf+UW33rlZXwip1NziP/KLb71ysr4RVq8pQGUPqbnEf+UW33rlZXwip1NziP/KLb71ysr4RVq8pQGUPqbnEf+UW33rlZXwip1NziP8Ayi2+9crK+EVavKUBlD6m5xH/AJRbfeuVlfCKnU3OI/8AKLb71ysr4RVq8pQGUPqbnEf+UW33rlZXwir449Db4kMbXtdybgZ37bO/ZymRkWva2WV8rY27SH8bdrha9sMb3tfK+ONr55Z59tnlq+pQGUPqbnEf+UW33rlZXwip1NziP/KLb71ysr4RVcxyIqHKIdTIvjzjPbmuSOsSCddJGW9hth15TMJ8BIyeAhZt9XakYpSeeHf7hcPfi/iQzMlF5FSD6ISLLzdGT1q6qmVG9HdkLbpT2c5mYS262ylDbZ1637JRXGiU8n2rrIDYKGiPy2JzlOxxGo6yqNeKkJxmkJPMmGyzgE5MyxIJ/dgc8ygPcwOM9Tc4j/yi2+9crK+EVOpucR/5RbfeuVlfCKuzeQPYjbTdDlmi7hu1E2AfGqMaMeDBNmt5Ng4gzKJ03lWgdOFSTejaNnOdKGcmSdN2X2BfxmSsg1C6hIpM+YwOpTNUG46ulpvX9seCfd3RpRO7qbQbk8c26swpes0stzc+QsJpk+C5VdAhQuz321pdOI6Yu4IQgZxQcQreBKYlBEFnvJLUSSqqH2qsoATel6L0rn7nU3OI/wDKLb71ysr4RU6m5xH/AJRbfeuVlfCKrO+RnXTka2wm7W6GdddilTUXSMUJxr+3M1wq8wWxtktHgCqnk1GDFB423VKzSSxjCemAn3YmKgB0Mw5xVA4nKpBqeAXDWa0VrZTjC5s9JNFG5uvtFuhrJvXE0wLjsjvcOSQp2l+GnNGjXeTkTZAa0mm0lKchNqqZlrWIBo5sINHzTi72sbDVVMigHUOZ17WcnlNCRp7tprNZbXb63U3OI/8AKLb71ysr4RU6m5xH/lFt965WV8Iq1eUqlMofU3OI/wDKLb71ysr4RU6m5xH/AJRbfeuVlfCKtXlKAyh9Tc4j/wAotvvXKyvhFTqbnEf+UW33rlZXwirV5SgMofU3OI/8otvvXKyvhFTqbnEf+UW33rlZXwirV5SgMofU3OI/8otvvXKyvhFTqbnEf+UW33rlZXwirV5SgMofU3OI/wDKLb71ysr4RU6m5xH/AJRbfeuVlfCKtXlKAyh9Tc4j/wAotvvXKyvhFWSDj94lNWdmueTazjdkdQlYHXqGJB3BbLQONt3IyZIoqbBkjH2qyrrLkNNRSTDpkRMLh5LYoDdJ4nzXbCgBksL9yt6zdedDw7/0uHkG/PFyS/tqVqi/KdoRflOVQui6m5xH/lFt965WV8IqdTc4j/yi2+9crK+EVXo8lO9rA42tMZn28kFLGcpaOEciUaTJKncE86/ZEdKoUbbGaAB3IEzkQKqbgUSgy8qhEz4qE2Si2vYp56yXkUFpq1L0Q5NORGMmvtlyO8lG3usY8zIxCQY01D4/nyV1bQYgYjmK4KzTSH49E9FXnm6F4winy548hLRo24W6MIXILzzWD4JtLTKWG7eF9ybntDgfU3OI/wDKLb71ysr4RU6m5xH/AJRbfeuVlfCKppRRqjyu6O7ZRQjwxtQ7+QPj5kAQynTQ195pFRVDZPXwUEYnhg8o+m5PaxVwSliaAMimSTSX0nMgIGim0A94IPrhV/p1PPSY5R3qIb260RNpntRsfAylho9snsKM0IWl+Q2GgPpW12JPuXlcBfajRcSSkupWUGQwFpGSwlNPURjhnNPS8gTZQXMiMBLTqbnEf+UW33rlZXwip1NziP8Ayi2+9crK+EVaDdFNoUDdTTnWzapud6BFJxiJnvhTTyOfdC6A7TiYEVfbUtn3QXthmi9ibgbBn+NF7BlIGtYTO1u2viF5FN9typc5gCkjQVtXsLFmnsE8m2knG2QjWMZjkZkRhLjwwUHW7NjjTnajQcia0nMdR3WinGe4BVkifGX2Y4WknnMzCcRwIkwxc1/0tt6m5xH/AJRbfeuVlfCKnU3OI/8AKLb71ysr4RV/nzLqc1yZzO8SOm7T2z271rhrYxjTiDKRXVXYR+QYtLg7XTl1xIykKM2D10U2qlTKIVJBnllCVhgkwY2UL3A7tYQOUEv8LOybEYrle2mfMtystue2yiKSywU7ZjaLHZOEnE4UwmKeTEB6MN9NEuXxTls6XASzKzmbUSaMXNDKBlsuAMDJNMMxwRj6m5xH/lFt965WV8IqdTc4j/yi2+9crK+EVWS8DHInIPJzx1x9sRL6SkJswITweURSgdbpGyU3nQ6GMKmmS7uSUjHMQJJs4Wyvt48sJpXLFOKOPJaDSS5JJsRJFrl6Z7GezKH1NziP/KLb71ysr4RU6m5xH/lFt965WV8Iq1eUoDKH1NziP/KLb71ysr4RU6m5xH/lFt965WV8Iq1eUoDKDj0NviQxxxxu5NwM7442tfPOZGRbLO9rWtfLK2EP4YWyyv8AhvbDDHHs3v2uONuxa3y6m5xH/lFt965WV8Iq1eUoDKH1NziP/KLb71ysr4RU6m5xH/lFt965WV8Iq1eUoDKH1NziP/KLb71ysr4RU6m5xH/lFt965WV8Iq1eUoDKH1NziP8Ayi2+9crK+EVOpucR/wCUW33rlZXwiru7lc2m2ymjkR0/4atJ5kWta16bGCt7D7XbJMwmWOSHHUCIZtylCDej5RMh54tdyOIwyHCXyVyVwVqy0tR2XCUkhvnXDZUirupfbTo/0n6nbWNne7b3cbQmT5vauv8At5FO7soYz47mKE9Sp82nSvHD/NIaQsN0FOSkJxqmKSSBSk8F0pCMhqRxYRHnZOQQ9Taeaw/w551NziP/ACi2+9crK+EVOpucR/5RbfeuVlfCKrddz+L/AOeZK6XK1uRDlH1T8GMdIZPybaX7bfIZE6j4JWHCseN6oz/k/dPfb4U/GHwWrr/hEPv1HRG8S70D8G91HoUijXeYIm6QprxpZC/Jhyo7CxHAevS1tluIibPbpPKUWyMZOXPIEVxmM3kFJYjdMkTq24Y1crnSHQlOIFdbrmBCJ2LWJnr0B3t1NziP/KLb71ysr4RU6m5xH/lFt965WV8Iq7N5A9iNtN0OWaLuG7UTYB8aoxox4ME2a3k2DiDMonTeVaB04VJN6No2c50oZyZJ03ZfYF/GZKyDULqEikz5jA6lM1Qbjq6Wm9f2x4J93dGlE7uptBuTxzbqzCl6zSy3Nz5CwmmT4LlV0CFC7PfbWl04jpi7ghCBnFBxCt4EpiUEQWe8ktRJKqofaqygBN6XovSufudTc4j/AMotvvXKyvhFTqbnEf8AlFt965WV8Iq5htDNW2fJVzCvbiu1z2XlbTzVXTiH2zKO4sya8qoDUnaQX2/E5uq7WjJiyZmRPmmOECkvRAxAGSwO5YGUiRTa/gumkxsI5HiOb+2z4YOUrSvW+Qtu9gdzePfkeWlmHmWf2zd+ErTnBGw5I0hpreKF5YETE9YXkNyuN3slLTiKpcknGUJwub/uYZbYxZeWA2WDL/ie8gpmK6Snwqad8TTH1LcWranMp9Qmx1S6ivK0qPZDdpcMmyEhgnka6MGjs1q5ERsxnKo2O5jiHcRw7F8cMAbhZZCaSGJ0PbiacjHZriUHDtxifXmo3lo9iWmJmBl7HFRIJnjNgA84lEyDBsMPnYLDIQTLDDtcb55XtfK8K+nFfyVcdv5wdjf1ciGtvUS/yVRl+b5mfq4m0BmE6m5xH/lFt965WV8IqdTc4j/yi2+9crK+EVchbOw+5vOBuFtFEmq+zz40e41dMZBFhR7zfBJJEx2R2pmQjmaAcybHcjLierE4tZTcwKDKCetoJUwpZo6i01hTIOHJ6hp0fcw2Z49OTnQ9rJeyXF9v3u9uO/GQ4W4LIGmW+UypWx7SnVlnlgimLhBkup2pzPPxyvpoBnw0ezTlpJMHEkqpZobhRTxMsjLyLs204Ty1Zs1a1Hdpe7VOrupucR/5RbfeuVlfCKnU3OI/8otvvXKyvhFWoOMHM53pGzAd72YKrFTydDMbLgdkYrqshryzHjkWEYmoLjKVFxsnVFurJ9sKZgyimlVDPGkpQGJZGyI2ZYUO9Z3OWieJxjjmW4HIujyZZWYUZzBJE5kZajtmSI72uxZRJJGUY+CicitFDWCKA9iqZ3+f8Hl3KnqYJLv033tgF3yN24HT/U3OI/8AKLb71ysr4RU6m5xH/lFt965WV8Iq7v3unWbmh0iPhshNpTHKjXhmUIo2WUZLiNuyE7kSMZEUEGN5aPIZ99MJNVyzVdpxGPJqccSTS+kqA6caIEjBPMEYqBmHpNoDKH1NziP/ACi2+9crK+EVOpucR/5RbfeuVlfCKu5ui7TvOGwOnG4DnnmZZWm1ytnkm2AYrbcMuyG7pJXG+yEaLNflBHZyIrPJYWj6S1Uk+tLB5NbxAwXSCJxWUzJUmEMfNZi6VqAyh9Tc4j/yi2+9crK+EVOpucR/5RbfeuVlfCKtXlKAyh9Tc4j/AMotvvXKyvhFTqbnEf8AlFt965WV8Iq1eUoDKH1NziP/ACi2+9crK+EVfG3Q2+JDtr5eMm4F7XxxtbC8yMjtcb43zvfK17Q/bPts7ZWtlbLPLG1sMe0xxvfO+er6lAZQ+pucR/5RbfeuVlfCKnU3OI/8otvvXKyvhFWrylAZQ+pucR/5RbfeuVlfCKnU3OI/8otvvXKyvhFWrylAZQ+pucR/5RbfeuVlfCKnU3OI/wDKLb71ysr4RVq8qvnlS3dA46dBNj9vMElPcDhi9nkyzAbyrkY8GLclvhwo7CjwmqhExATphDAdzmSVJxgEjBU3m3SCtcA4SzxsbBApJ6m5xH/lFt965WV8IqdTc4j/AMotvvXKyvhFXyhzi85O5/0sbm3L25e982RyKyxGhGdGZHbWlRNaenLGcLqRcXkyYbdWu5NuhtQ6SwJH09svFZBGATUhZEHNkW+sJKLmRcP0mdzuTo5+jnThyN+LKCDuTr0o/NrkcmMgYBNlJn0aSo2jItIRxr54hEi/cWzK7Qk9TamZYJBBdAptrBE7IWIQV2ZYSVlVMb5VoO+jn2+pucR/5RbfeuVlfCKnU3OI/wDKLb71ysr4RV+U6OOXdhocc6rvmR5n+RcbddtaxG9sTwanNySf05OudLjjKWlOO8NcjDWFZoTDEJlx2uQVBTI5UIe4bmMN4VFvkysbV9Gd3dn9xuHWI91Y3iJkv3bd+wW41ZEilccnybMJ/S8w3M5Y/P8AarhkI4C1UN6LTROuNFImzRZPLhKpBFNuVIIZCuQkhvnhywgyz/POu1ir3qbnEf8AlFt965WV8IqdTc4j/wAotvvXKyvhFUY3A8+ZKH+aHiHQN8N00g4mbXOidFNd1L1UHdrA1uj1usVhCjkWi5c7H0w/OJwZRcAB4c3I5BzXbykiBYorkXCYxUwTu154OQyTeOzR/F4a/JhJY2en6WGRrTrkWPkCyyXS5HkQFZP5OnNDO4ZkFcdvt1urWaETVcBEMV4HGwCullFKFNJZ5+TgTIwymtEWBXN1NziP/KLb71ysr4RV0Ftb0SfixhfVzZOYmev7WCO2J4CmKS2uGsy4zzqQI4mJHbjdCJgqkwIqJjG03JTSiuJ4sCbKijlbihBmQM87C4957M8avJXp5pW7t0Ie5et7pX3mgCOzs7SkwJPk8u/tQpUBZKRk7JTj9k6+LLfukNkiEiJyzix8riKo6wYJBpQqWlGHCTONmytE3FTd/wDggkrb9OSSiAYmrj82NWHM308QcdMbz/b0WyQy5KQEoc1nmbMJCJILacyWkmDeVzZhNKlRjPYHEEtYNVTbqHyrOjpUxe9HC4I9JOVfVyc5i2dVJxIO2Op9EjRvhxc/EBqJGbdwjtlOi2agTV2Q6BjKl4TXz+NzIRsuF3rYALvbtw8hRNEPU3OI/wDKLb71ysr4RVH3oS/8wfa/9L4f9jEX1oX3c43vnsPRmvP5+vJPqR4nNcdseKeke0nyCst093VjSr4wvJC8RXX4cdAPfPg0BW76K9zSS5Un3vfuXdMgKaupucR/5RbfeuVlfCKnU3OI/wDKLb71ysr4RVGl9aszBAXOLxs6NwFyk8uM2px5HcG3e3iJsbvK85GZZKGY0VxVJgs4432chsAoImSY5mK4GS9Up0WXCqoju1sAYEiJJQMGTl6PIzrpyNbYTdrdDOuuxSpqLpGKE41/bma4VeYLY2yWjwBVTyajBig8bbqlZpJYxhPTAT7sTFQA6GYc4qgcTlUg1PALhfmZ5YfnK58skSsTqbnEf+UW33rlZXwip1NziP8Ayi2+9crK+EVfZaK1spxhc2ekmijc3X2i3Q1k3riaYFx2R3uHJIU7S/DTmjRrvJyJsgNaTTaSlOQm1VMy1rEA0c2EGj5pxd7WNhqqmRQDqH2nyVzXtTsly76mcQMJ7ISRpzDL31rcW1+wUzwcbT27PLzQyDhkRtpMdRu91EmeGZmRc3HwWY60ihWMWu5T6gplFso2QENQZPIvBgnhJapq0H3eGQ6j6m5xH/lFt965WV8IqdTc4j/yi2+9crK+EVfSlMXaThm5I+NCN2hvHtfuVqdyGy2ta8yNEG60lhTvI0fvLvxmJKFJEc"
20:09:00.236 [Test worker] DEBUG org.apache.http.wire - http-outgoing-0 >> "SkeRUpyJqMnHX8mqSsh4g4p4BNFVSarkr2cKGZaGsmmZ+jMx/DPlD6m5xH/lFt965WV8IqdTc4j/yi2+9crK+EVavKUBlD6m5xH/lFt965WV8IqdTc4j/yi2+9crK+EVavKUBlD6m5xH/lFt965WV8IqdTc4j/AMotvvXKyvhFWrylAZQ+pucR/wCUW33rlZXwip1NziP/ACi2+9crK+EVavKUBlD6m5xH/lFt965WV8IqdTc4j/yi2+9crK+EVavKUBlD6m5xH/lFt965WV8IqdTc4j/yi2+9crK+EVavKUBlD6m5xH/lFt965WV8IqdTc4j/AMotvvXKyvhFWrylAZQ+pucR/wCUW33rlZXwip1NziP/ACi2+9crK+EVavKUBlD6m5xH/lFt965WV8IqdTc4j/yi2+9crK+EVavKUBlD6m5xH/lFt965WV8IqdTc4j/yi2+9crK+EVavKUBlD6m5xH/lFt965WV8IqdTc4j/AMotvvXKyvhFWrylAZQ+pucR/wCUW33rlZXwip1NziP/ACi2+9crK+EVavKUBlD6m5xH/lFt965WV8IqdTc4j/yi2+9crK+EVavKUBlD6m5xH/lFt965WV8IqdTc4j/yi2+9crK+EVavKUBlD6m5xH/lFt965WV8IqdTc4j/AMotvvXKyvhFWrylAZQ+pucR/wCUW33rlZXwip1NziP/ACi2+9crK+EVavKUBlD6m5xH/lFt965WV8IqdTc4j/yi2+9crK+EVavKUBlD6m5xH/lFt965WV8IqdTc4j/yi2+9crK+EVavKUBlD6m5xH/lFt965WV8IqdTc4j/AMotvvXKyvhFWrylAZQ+pucR/wCUW33rlZXwip1NziP/ACi2+9crK+EVavKUBlD6m5xH/lFt965WV8IqdTc4j/yi2+9crK+EVavKUBlD6m5xH/lFt965WV8IqdTc4j/yi2+9crK+EVavKUBlD6m5xH/lFt965WV8IqdTc4j/AMotvvXKyvhFWrylAZQ+pucR/wCUW33rlZXwip1NziP/ACi2+9crK+EVavKUBlD6m5xH/lFt965WV8IqdTc4j/yi2+9crK+EVavKUBlD6m5xH/lFt965WV8IqdTc4j/yi2+9crK+EVavKUBlD6m5xH/lFt965WV8Iqoz6Qf0fDQ3jD0NSdkdblafTshnZ9j2NBgZLkJuOhu+Lrobj+VVLPBNSmC2jWKliabSdYsZuo3CCCyM4Zlhbi45B+kRWUPpkf4o9u/pfQ1+pUvUBW3xCdGL4394+OHVzayaFvZUrJ8wtR1LTtAZMntVCawZxGkl6NQnZIST8bLRsmDdLQCOQ2A6obyzNXHGxzwwExCDsk6m5xH/AJRbfeuVlfCKp/8ARvvxJeg/5vn/APtuk+rvaAyh9Tc4j/yi2+9crK+EVK1eUoBWAPn0/pTXCv8A8OT/AKikyVv8rAHz6f0prhX/AOHJ/wBRSZKA3+UpSgFKUoBSlcElIvIZuMpGKxCabZGWDLEd5eMDryGOl2gTkMZvqAbKNOswmJa4pANsu5MkwVcGT0VYOhJeBrMolqA+IZQYDPfv3yB7Wbe7DP7if4fwyQcwtcqEjbsbyKwg+EYaYt9euZInGi11UngNktz0eLgKZIEFJxNKjWUyp5LQC13Wiu1xxPPLV3VDWbhD41pAardxW3ZGsBxlLWxM9vVUIkRnlMjkb7JNumS3gppXdck/witITVLNxtt3vkyAmt5JbrdHUVQYmOqnqZuPLjr6RJxqQ05Ycg9Y4SHpZ9Sa7pfkaUJmXN8nVLcjv55DF8lJberpbLSZKcrClChMonJtsEArkCVAzHM5m1I4oqBy9PX6Ld7Zx162EhXlmTtJlcKYEBzxcTSdHhp5LNVUiB/sg+03unvIxOtslsu5zuKsolk8dAxyTgk4QMQW1zmN7U+364h7VR9/UvXK7mbHip0D5HtkNL3hsRp/v7fig1n21cskyLAWk0URaBsc24sbSo4FpCsqASnLruAekaH3gqJJtZzIw94uEEsucJONMJIqkZzaqRZB0al/MpuwBtXo3lCrYhrYbRPaZ7RttCdZbpdj3bk3SYuHlVLznwNzvs+pu8yovkxH6ylDp6wpHw09JaqGIkip6QdIt1C4zrXoHzucdERC6g6XbLcdM36vNNQc+EGvLcNpbBN2eokbDoXVBfyb/g2IE9YYzzCQj6ypnkzNwqWYQiiJiECAltXEi0ErunUviF2m0o1R2DBg/ddBE5HdqJ+TNnJ52kfsPE3XHL8eJNeMOFRioaPslQkdS45X81RzJqm6yA+DtAGd7iXUVJRws0VtIcRGvreCPojZeJvB4PBXWCRiyNv5ZEOIdK8PFSnCRsmAYGDCGU35rsRI4Z5445GTQc7MNSzBCtle1xBMSSecMXwwtllYIuLne3aYZZY9rcgrv0JjzhviND5L0h+OaBXVGutLJCiSNVp+o0lS1LBJnoTjZEcs8iwHUy1NfXhFVrmV4JFXl4i1A7t3JWX8wg0oEcGNc/8AFzyucozuhCPOU2cNGGTpfD8loUsu2FtHEaejzk2EcbZDMlkxIkBcm4qQyaSAKRUVYh3JvKq0CRKq6gNdNU10JAcDfsC5h+M1f5Jde4qZ0UymlQfOWt07MXYyBniuIIq+xwnuwiSsnkW48EQlfvjBtnwFXExifTih84kqCUmi4JaonZKCSeqoy2TSM2XQqoy/KRmzyn4ehT/yzufdiXeFbZhtK3HBBenupTHglomm41Jn2IzcuwzTaLAcDPOR5m1oOiqGVyOmE4kIJJRggUJyTeCqt4OwxBRKlz4BpPtFLl9SSc28LXRwEOULGnYny5LXGkkyJY6fPAHXMTf2qIpN22NqhEyWUwTSyArKHdz5M2XPBimczBcyEYtgLjbXt3p7zob+ajTRqvNkr8ZMDo8iRwpoagpQQlbISCqyi4C+ABxFbK0uyo20onCbCXFsoUEdi03GZMD1IpQYhRt5lzYlztvzNpuIPamfuP7hv1aR3jr8jSZx4Spp265kVVR4SLdiuls61RaLHC78mSsTiUyvq64vdwIqSOQdTWZpC2IxoA8rlci4QhpmX1IjQa0ZozJzOEH2RjtjnI1p1/jfgl3LiOPIcjhixrF8Npzhj1ltRoIaIgtBeajua59FXEIiSJBBkVsEwXvkZWguwrH++T1zxwxkeN5DS447ZhZ8Y8OujE4TU901pshjcd2s77kZ/Oo9kEno6Eha9spRXF9ZOid1HGzwLFxTA18MRzp41l3IuCYNmAwhOyeT3V1/7q6BbS6rRYsM9AkKboxOMtqLMgKC0lMxPVDCqlnsDDhUG633UtlE+wREXHIVNbqsYsJkHaxXLG+WeFTG/fE7vfsPws6ZcYsCSfro1XzFjF1gYWza4/nvK6HG0gtmAItIpB9qNBUaETOF2q6CuSqhtZ0ADLTcZp0RKbRPMXAidMCkQiN4pmyQKnFJ6J0jJsRe+T/ZrpMT/aj6kpMdWsHB3G8gF3VHkeqGBhDnDkCW2gpDliLscuII2JhmxFkMGcwIZhDWDJ4Diht67leGIbxjbXSkJCWgJKYhIacSSEVFTiSQjpKcWCJp6YlppYImnpxAoBjgAVJEigIJYqWBwwCAACwCDxxwxta2fFpNTpOzDaraY7MROj3tlns1vozVajbRivIgRSG+228nFkhDREokDbEIonJSYTKkSJYLGwYBYAILC1scLWqSHIXx1T9yCasaz4Dz+i6yb9a4rsZTg3JZhgJ2q0Hk5/byKjG343izWch0q5V6GVd6p2J5pCugM66UYuitlRWE5axxcDcXAKO+W3V2feMnYBoc1ckS3fkshSH58TjQute1ADqwNamtuVX9hgjOTVYdDfwMZFHE3Fc42my31N0RmaPoCgntNzXDWTpEZQRtmbUcyQ9Gu23i3x8jSC7EBHcyIazCzBzMpC8nFlRNHzBEtbMLIYmaBEyCztbMO+V8Mrdm16zP7H8afMtyfNeP9aeSHYbQaLtPUV8NF6y8m6QN6fVGYZ8wZR3E8Qbi6cmYiltpiED5kINRwMtoweARXBYus5ozgAS01IC03I6QmICSloKKSLpqOiJxJISU4rh3MqQTE0sETIEiwduzYMuVKghAA4Wv/BDDxx/91Ov8h37nsi+eES0faRZIfo1h0hGD9sZw6RzzRpOp28Kro84kNtweoux1pWu8PbECPhFMMeMixJvCoswgjJjdwTz3/eWKoj2xPGsr96D3uX/BW4uqRtPeNec9feXzkl3+ebridThzcRrRghxk2mwuvA7JiEbZSMz05VEfaMqsRFayYXMDt87kn5t95ucUUIUrkZBKZ5i4AxflO0ci/Kdo5LXTbW7eaD3O8lbbHkjXN4W6uIJFOabUVdT4C13DY60XULmTrhCWoeLgqbizUCP/AHbklrF8iJXG3fYFrGPw1YJSlUpl06JV+Ls2F/8AEP2U/ViIa/N4AccUTkS6Rk0Fm+ITxB5GDj0MADdrgdzZT4fewyqxR+07N8syV0zEfIsJbs42wHxvlbDIbG17BuDrjumrjP1TlODJ3dEXOx2vjamXJySVGJFt2LzdLtN/I7ET0dOUTbxZLDUwnEWGa5/JTKFkg2mghDE8iquczEGwL9RbOcYm38fb/Onky4spogeO5rmpgocc7R6/7UIT8Pa9TiUaxVKTWw9s1uLQjj1aDzR0pDSCuI6QkC5GThDJQ8JlwFx4JTnZzb6uN6/aUXhrs5FXnCsG4eYLo4DSQrYG3gn7Pzk8ThYvbDM8RZqUe11VFk0Pj2bZhkTie21sW2X4cc8EQ9l2O2A7F9F2ycUO+coNkeJmFND713d73Qw0pCmmMsSOb7j83gpET2au3MVG3enfg5coMmC3EyCExJnjORccAxYIYOobUbjB2tXN/MeULk9muFpS2RYsaKUQ63QxrKgvZK1614aq8EsE3MuoCxJFir5dbtcCW43KljHFpMLCFgXMv5HFBbB8VSTP/wAtm+OTfZg7+unkY4x9jIXRHvMceIsdT/rBuSDKavrs8g26WRCCS8WkqxfmpudjODAi3UYXIqioJa9l0usK4yydIO1xN8yBXdxjNh78SnME5uNnYIBkbIvbfmK3DsRG/IWOA+/nMS0fYYDzWVmP9hTD9f8AIuNwkZIYbwMJwLRVExIDNkUJZNBLJ52GwGhr/qgzUTjD2+XOQvHlK5OpuguQth2LEijCOvEK6rt58JUCwi0ly62G4Fsk4ZLDJvt1ONWIup2kL3WEzAQKzpWRzaupFAWwkte/Ogyb2/zSQpSlAKUpQClKUApSlAKUpQClKUApSlAKUpQClKUApSlAKUpQClKUApSlAKUpQGWLoheOKXxhSizFC+ODzYG8E+tSQS2fa4nQHaVbsXGjPf4Vr3ywHyIGyGFr37ON7BXwxyy7llbH+TtYNydLm0rDbtsDZqPuL58npAFK2wzyTk5TdGyxJIKKeVr2yDywPOtvGg8MrX7GK2Qyx/APe+Pdx7jF5DNJtutmtkOJGZtTA4u3Nd+UozhqnuwjS4BHTVmM2MoHFySIod8JllJyJ47hUVVQOHG6aT0xLCLnM0kyKqkUto+Ksg+NfjAl/XnY7ZHkF3gm1pbCb57SpCMynAsRm3VVsQ1C0SIGSMKQiWIyC/nZwn0Mcy2WuKfWl0mmHDQDXQsRU4RbyczkdTOEjkd91PRNvSJFkacU33eZ0em9HG1XdM37jTFsXNWx03pu2E8PSeSUVIkqyDBEdxW5nkqKihY2UTIjeyIPIDkbhM+Ub7ccL0HMkk9vpJQlZt5DmVI2d6n4LZSnGGNyuUDiWleYn7sFHukD1jl1a2STKCyYdMiI0SyqmnFkrHLrdZm1x1rBuJB5l+Ccc7ABJ6ld3Fkoont+6MhonNI844OVLjtk3YspxdTjpi/9XNi5RXptJQlvqVnsBY19kJ0FSxNcKxm8YWLrZx3M4YunJBQujOiyOIAjIiGnBihrBVcdTomBxUcZDu0bUNndgNiZlI7D7sbtSKRkfYqUEFviNdipwaHdayakdxqgms8zpNpNfNxreIJ4wElZqJUVHTsUFKT24ll8Ubasu8NEg7PF/YdVTaLtWEmhJV1gykY03o42q7pm/caYti5q2Om9N2wnh6TySipElWQYIjuK3M8lRUULGyiZEb2RB5AcjcJnyjfbjheg5kknt9JKErNvIcypGztZmrr32Kj2KukhcObzl+Qth2/qBqzM5/U6RZIWB3ZJaVH8067SSbQY2crpNdgZczb5ZWYlkQMTvcEiq5OwqlFU9v3RkREsPjzjg5UuO2TdiynF1OOmL/1c2LlFem0lCW+pWewFjX2QnQVLE1wrGbxhYutnHczhi6ckFC6M6LI4gCMiIacGKGsFVx1OiXPFnxeuTSobaactl5cStk9y9536XfuysipbZ8X47BJJeC5g24yj5sqFxjATLb2DmXQe+DpdMsqkR0lLu30tNbyYVsjbVl3hokHZ4v7DqqbRdqwk0JKusGU4L0bpZRFzhM0MMoIgGZQmw5BRjmJfLG9gltDm2TUlfDFxx/DgPdZKHhBccrWyyyE7p+HHPHK8I9FrBuHpTHM66G7bAy3W9rBrCznKoFLYZFLvIeOddMQCo4mN/wAJ4qG1XEmCY5W7bEZIOhZX/ibdtzOEuMjlo4yDMvw7xYz5o+8tNJIfzmkmOYr3nRZ3De2s6w77hZKyFHTihwsrFnu2gRQgjABN3CphcwYKlzoieXWDroV3NYBxP8Y57j2as9PmW5gH2M3B3BlIeZtpZ1zRMW2mORzd2WTKC0mggWFGyTGWzRXK5RUiw3e4xo64FUYumoCJZFbCE+Z8eG+pD1F/EUWk/SNZS2ulKUApSlAKUpQClKUApSlAKUpQClKUApSlAKy6cD34zDpHH6d7O/8AO9h61F1TRxp8d01abbfcsc/ye6IuXWbvdsqgTJESYw1t2KjmbjYSlGVTZghI5NwslrpSQvZhvlJxBKtlZd6flmXUbZqgeIJbI2BXzqHjig9LA5XiC9fEFTfej+vLrYljHa4Cmmk3mdqw1nH3he9+yKBi6S+XfFsf4Xdi4l743wBvlb+dLKsGtadaNsNLtgZfT05QdbyLITgrYZqIyjgxJqTxDZIPK9sr4gmFlNThc8b27AyuUDy/AN2bTl5EuMOcpi2tgXkg0EmxhQJvRAbQVItOATA3VxxwRP0OKphXO3jiWibTy8Z00AgdX1oQq4EQkqKne58DEtgnLDfaa+gdKNLjC36263X1t3D5apn1bUmzperm3rrhqnpejSrnFHytmBUw4RliRHnMpdLd6quN9TRERXS0csmmSeKggofeJ5FTcXQlu9mW97D89PFat+F/T7byk7mO8mojOlYYyw52o4W8lPVvYlsl9nqS0kHE0i6UPE4GKUyWG+aMhKyZiaCELXOlALDh5hXyxvjkYMRSpwj8w2rSzss+UvkJReURzntbmlupMZd7Z7hQa88VBrpLbjYMZckJ4sIOL1dZd7XJCeJyC1zqgkmVYMS6Kns5OQXTclyH8cW1MrbWwFyE8fuyDShjayC2iqxqrxrPBN5uPWGcY5VRF0eyK/kVlmsltAVSublWixlwIiKprCiUFQRCJ5uqzPRFSuhGtxiche3W8mru5HK/NWqF2vpEsK72101j0oRJXGj81KSrmkGQJGkF9TQUSXaZUUdTbraVyyUTIHiYptupACcO3yQjlAdLdvrVPeS0bom31yi6KkZ7toupSlAKUpQClKUApSlAKUpQClKUArzoeHf+lw8g354uSX9tStXovV50PDv/AEuHkG/PFyS/tqVqiy8/z2hFl5/ntC8HpgzRczi4jCrhQ08woocabWwe+JABCuPiWxaBlLkFhAXUcwL2yDJDvN8tAlcTK/YwNmit8L2G7le2llgvtuSjE7Lk2Jj6QstOQ49bz5jVTxytigqbfdbcKLzPO2yTridqlHE8+njX7yvnfAoJexftr2w7P584QnGGx8QyLBE0tJOfUVyu01ZlPlqKndcSyshLJfIAxgEZLCAnU5RKZ9yPpCwnGCqqiqxUkrJRsookipkLP9AnHLzKcaSOYhDj23A1J2P1CTDykYiuIORNrS6kPiEkdSPmFDJqNeUoBJKZ9zJYJgfMXCyulpbfLXFHxQ2Y38hjApi6/wC85S9Sd1SelFbTV/ENel91+TXnK44sdbHVtREnFcvR7s"
20:09:00.237 [Test worker] DEBUG org.apache.http.wire - http-outgoing-0 >> "DstHeupe0ELu17jeCWpPSyipGVUQq+xWOjFiZVEQ1XuBqxxTFxVM08MRJHKiGBQebbyFix/pQHDglnixc6mq+p25CapkDYARkofTzMQbBWMkzRcbDMIYsYxxtgOFnjfAUO+QYlsg888cux5P4p+Q7kgfMELXKxtJrU1Ie12l9tzmztcdB4veRci5pFaeBoFAVnVOc/GVN7lCZUmdUU1TR0do4EFkirHcy+KEqFktTIyv2I485plvmZ4++RJtueLyUKaowzPMdyI11tadZaUllblFiSk12+aZaIQZSk01FLJqD3Shlgdce7cNlyZdQEJEVAYIsXNgU+8em1QHEJrJzgaaP49hiLxTyJI006zpTiGzxu44P2USzrw1xbYAZjO1zWKzIh5G8OmgRxcC61LBUqKJfLMEQeuiVtU1jVPi26PgWfOBsWY9h+XbXrbOblVTtfw2ryBPwim7SQq/2+NjFl9Ij3xFbK3iayzMWVUI5cTuV8u4BXW8unA3K3IRvbCWw8USpHkdQW+WZGENchUfONbd6M45nh2KJ0asvoBdnpjdY7mRHI6zJdHxSsTDqcTMBRh2eyO9FA4TFVwgpzcunHXMW+YHH8UhBfihoE9Tt54a2XfJaRFZ0N8A/HUb4HglJAYoDRY7xCNukUIyEGkJivZtoWWAV8DC6SxtjSUUtXRVdtFWPiMnEvMNHiyrJ4KtpRkU+84Y2wwHPHwrDapEoeUdg8I/2DvGpKfjryTogMKd0hx2U8Xsdj4oeeJcji3rrGZHJDKjD5LOKbgPjYlkZzxnxKsIdJD2eY7hhx7z9xYagsN/oyg2HdJusrc2jlWcUpvLZUZMWw2mDLRdsM9NPmk0wZCLKJI6mLyeILgcR3EiqQABwDvLcXjfnHYTlu40d9WW6opTIf01QJbSpPbboXHeSkldMP1BcKWj5sNHSmMtNdUBLGFYtmpZOF4tfMEHAfIqGczxDDEuvoMzLkGuOTQiJONPUmNdSocPLC+gMiyuruB6OPAqE4n8+XQoiq7qd6uXI44kyNzx0bAkkpRa4waI3U5GRrnFHNPzUDU5aUoBSlKAUpSgFKUoBSlKAUpSgMsKXfBrdLxcfjT2oGUj8UIFo276yxxuczIyGg3P8Ag22V+yJliGwn9cTHC3bWxKn8r27UPPKuT9LpUEsDh2dqMbtgKtO3YaBG6zydsLCGz7k8YFJcuTTgrdkQY6I30ReExCBxzFzACMWtjfHt72m7yd8YckbWS5rJuvp/NSBrlvtp4eXAotfbzbptzxjJEfukE0WckRyympd7rgLYPAqS4CVV0YupmCKc6Xim5IpswvkVduxWW+MLkh5ANjNZZM5cpn08KwBqPIRCZWHqxpAizMbZ8rS+h9yzbbslx1zkCnrOBJFGxFCshJpNZIGW8aWGyDgnXci6tmjb0WENuXi/t9TJrKCwhJl9vPRdX10EopoFiRmknXsplUsBmsUgadyyoGAgiScC3UAIVfUzxvt8gAipTAmbNmTHdMgsAQ8xO3vhbtqzPdG4Jq+0z25M+Xl6kDYarvNtUqsuHbrAOVlJI15g0MVMZxEmPl2b2J4hLSSxFHHtu2FPRGXyyCBwBCtndZycQZsXs7obsxrnqo5o6Zk0zlHRuLEZ1SquuhuMtFaz2PEUKSxjqozWa+3ECoHI2OOxLQe8G6P2q4fTxRzRIAIQzh+txwahkdC9F9YdRyphHPqMLRWiILxV2/c1dCX5LVszLplNyIuR8mnqGSQ4pHXXStpl1AiUP2IHy9joARmwuFmdDV766wnvqUd6h44oPSwOV4gvXxBU33o/ry62JYx2uApppN5nasNZx94XvfsigYukvl3xbH+F3YuJe+N8Ab5W/nSyrBrWnWjbDS7YGX09OUHW8iyE4K2GaiMo4MSak8Q2SDyvbK+IJhZTU4XPG9uwMrlA8vwDdm05eRLjDnKYtrYF5INBJsYUCb0QG0FSLTgEwN1cccET9DiqYVzt44lom08vGdNAIHV9aEKuBEJKip3ufAxLYJyw32mvoHSjS4wt+tut19bdw+WqZ9W1Js6Xq5t664ap6Xo0q5xR8rZgVMOEZYkR5zKXS3eqrjfU0REV0tHLJpknioIKH3ieRU3F0JbvZlvew/PTxWrfh0LxLXwbXP70g9nuXtQXiuLWrj0Qi5nLGx0VlitlxKeJkAO9755EvBz4Yud88f4OIZohbLtbiYWr+9JFtgtzxwRMRGvjm/nJyoxCpNgALtLnrJiE6GCUXz4Vsssb4E0084G0OoD5XxLl8cgBTAgeGNsqmNu1xh7Ln95mhyhcaU0xJDm3ReMfkTmuONhm87FnXnZKMy45QyjFn4fj7ur7ba6h3S0Mr4QQiJ4ZRLNhmZEjTdHbhzNx8QgvjB3Rm/fmKeRTldmfXh6vjWJsOBA1V1n1JQ5GBgOMV92ADE1+TFhxy4GSebmdxopmEP3A0j9rdcINtWBViZNnoaHiTSjUk3zTwREk8WVFhBYMviKW0ZSkrpxX8lXHb+cHY39XIhrb1EvZ+SmM+xfsX+T1mdi/+3sX8W038PY/99YhenFfyVcdv5wdjf1ciGtvUS/yVRl+b5mfq4m0KZdOh9iBtfQjaiFHL2CEzRDv3MKVL6Aczv4fKLppgxOjAqquEJ/2m1jqi03ChAjmewKKdayoFe1rlr3vqsdbsarEbi08Xw5m+zWi208dWcTqdaynN5uIKWVx7c0pLS4rmSaYlp5bD+GOcPGgCwOP8IQTG34aovnzia2FizcSReQbid2LYGtc5zqXKY7Pa+zmylp7ao7KLKcMOcT3m5ybRPE3jHz179MGzSu42gVOKimdVVtTTjjdPON7ZvLqSceN/lw5NU5FhTkv2h1Gg7TkFeRV6ToR47USaDjv2DAQFAsqpzYfkoz0XTjzSbwSoWBUsSbeR1lOyMFCQp9FUlYikLiOXNfgeNq0eSXWCWNGLccrceKGmOdor6I6W0tlcDyM4W4qkVxDVyQl72DOJismDmiB8qJfHK2BgoYFBzvje2Od+xessvMdlio88fR4kclexhSIv/YNZNFAr2zHBTO0jwfvwQPG9xMAO4oaqJ3XLGwd8SRi9suwEJ2ttWw2uu+0VJcApnFPJmp0URjCEbCRQLqZstGb2Nwu5W+TwRCjQXU6TYsURJTZ62xkdFyRUpOKJyslLGCseUl8Q6bDwDGiHqbxabfuzkRI8pPKTNcDyPPkYxuqRRrRB2rSE+icCQahLxVbT1xyEV6Tiya9XG5FBMdTuJ9hXSRB8DLnUFAwunC6e1khtMzPkZmfLRk5H/8AuzpL3BQsHewAnHow2qRSpkS9sAxVLONJRK4lcM8744ZC3HXEsO2GOV88sjYWOON8hMMctUNVEcr/ABfKfIKm66yjDc1mdatxNNJMElnWebsG6C7EZLVzgiIZX2a9W4IYK5KjRdJtrNkY9ljmcsTESMQzaK4UVQWm+rRgfcU9JdlyP1iHFuc+I+EEp2IxxpuDYOFkDbVem1JRlEpkmnnGy2Y+E0rHqK8hCYo5gMfNVEKkVDOw6GMiDAlDRUMcjZ0RfC4mhm4ioFliKnr3J9sgrpJsO/bAnk4SKtdiYZsAS1u1EBEHJGMMM8L5Y5dzv2L9m17W1U1BDjX0Di7jN0/jDUeKlZRdKYyMVhZdT9WiRVNW5Df7qUhlh1vBSTiYpgumBnDYwaaho+BxQyQ2wloaIKqKwycIqHJ30zJjMmKUpQClKUApSlAKUpQClKUArNJ0tdFWVThamU8lhjZkm5Luv604sgrdnAFGHkpKbwAhj8NuwDdwLyEFjf8AD/2gUC3Y/D2baW6j/tVrVGO4uucx6wTIQNKEbTYxlhjuaycKEXVk0NQDxFS3EhGTABouVcTWWy6a5W6bMlDZYquJKeYMFDQIeZcQF+uFOexEtIbkieMHE2RQBm2vx4ylpvjFcscyoqGqNtMPJIpbPC98cwBCA5fMHLG98cg743xve17Vgi032ahDWvhB5vp1mCG0nYiCpn5Np1jSO4dV1E2htWSVWQ06LCSCYHcCMKEsoiIgF1FPd93A2zJFeJiM/sNNXTXIARUCN0bI0J6QVCetAWgMSbp6BqmujfaA8Px3tY9mNPybuewYa7yEQkZLRWch4KMP5uVpNfvZAaaqecp1QSCJUC+C7mpFExWT5WK3AtrGc4fseI1OdTjTGoAml3GWnHFJIjvHOeQHNZ8CzAeb9zuBI4XPOe4yaaZmSxhYKOhvEgg5CYpUk4SxOW+UWUYQkE31ZqTRVdIukJczeop48N/MYS4rDkZL/KKKtthuwrdxK/HyJFYhOMjkeITfxXDOpFtsir7w2SOs4Bsk846KjH1zwKdTQy7VNYlm9kIv4358J2ycLbV8YmqUpQFEhCBI7IsYzGxWFko+aWE2NlmLFxTYS8gpy6ftdScKaaUkIZfTXCsCDuBcT1kqpuUcRxGlW9V6LWqHSR3Nrwa04V9tuM8tHioyBYhWNuSDS2Pz21UI5NJGTbPrOTLGRgofLyOfb4oxQwvElMoOGLndQIKRFy2wc4dxPHfo9G/HJp7DWn8Wq6q5W7FKQq2UXguly5RaerwdTgVXe9XYfJlhDAKdisudcUx0tGwNn8W+h4paAGoHwkwM2MzqmkR/vvw8IwRW9IUicrn9IA6Pl/8ABDbb9SUSvo9JrvghOHhdkNf7UKO2ZyvQNd6HDOWOCcWwNHii4B36Jne2GGN0NqOoW2WX8GwABrK97Wxv2bBN2uOya9kuUDi33WYzoi1KivSM1OQ8rIDsW3YRkBwYSY3U5IQbR6lI7IXW4q5FDJQXNXs5HW07AAZYZE7nxL5BYyh5MOPyMOTbUOQ9UZPWFFohuQwjuhhSMikwVFcjGTWoayPNJ7picYMkgVPAoIKcSF1IueTRVprLK8jlVZGNny6uRBfrhTvnbFZQ25qxss4XOKXLttC1/mRZcI5u+GJUFDS46cZ1WFM5CXsHYuGQAMZjXzvbCweOV8r2x7N6zR8MaMso/RSHaIrhjAhLOsPI2sowQ+NsMsUYw4thCoAmOF79viCaNkzpwDLPHC4wJjAcO2QIoQmfcMqaDc/+0+uwmiGxu5mgzb1wdCKnR3Luy0QsieVLcKW4rKZFiiwkr7UdBdEh9JWnyjgip72NIKyRsrgGRyeRq5E8tBK9qk9wDG+q/EdsHrjECWMjxpCugc5R2ziRsfE2o5pDbgd3kMFBYPYhAWUV1YGDGV15TuCFmprJ48fEDwEMZWsL8omvCo3XJno6Ev8AzB9r/wBL4f8AYxF9bPb3tja+WV7Y442vfLK97Wta1rdm973v+C1rW/De9/wWtWMLoS/8wfa/9L4f9jEX1qe3XYM7ytqRsXFusi8yWpPUlxG9I+jN2SIsOBAaLSX3qjmG1k61JXazYeS8UMtlOUzy4id4tlW7uukEwsaADJDGDIIhnx4IzuW8vIjy6cuh+91RnvKXE/SrV5Y7F+97QxDxVCPLhxOxytcMMk7kdIhByD2I373s4RXNcYc6aFGED1CPtvKTuY7yaiM6VhjLDnajhbyU9W9iWyX2epLSQcTSLpQ8TgYpTJYb5oyErJmJoIQtc6UAsOHmFfLG8AeInQ4bjY4+4B1JWVBsLr9YqQvLcqudnCqRpuOWTXw5lZ2Os+jqCykN9YU0ZOMKoDab6grISOomG4hJHfaYRFwyLBR05D+OLamVtrYC5CeP3ZBpQxtZBbRVY1V41ngm83HrDOMcqoi6PZFfyKyzWS2gKpXNyrRYy4ERFU1hRKCoIhE83VZnoipT3JP8noPel9IT00jtLSm1gxFKnCPzDatLOyz5S+QlF5RHOe1uaW6kxl3tnuFBrzxUGuktuNgxlyQniwg4vV1l3tckJ4nILXOqCSZVgxLoqezk5BdPeHKiSem8vNBqnpLpeOja3blawQatbIvvkUuM5FN7wnC7lUsW+cilnRkjr7cbErAucy40EJZRJOGVmz3hIp5OTAEUE88Dp+U7W4xOQvbreTV3cjlfmrVC7X0iWFd7a6ax6UIkrjR+alJVzSDIEjSC+poKJLtMqKOpt1tK5ZKJkDxMU23UgBOHb5IRygOntLe7i62WdW80bcofHFO8Xwvt+0ouGg+TGBsC2XI49fdgIu7+FUSCS9jbHuI92yeJDZFADhtBJHh1IJCaBpMNNhSbIpxdu9kbXRL/AJSRU1qiImu1FVFpo2kipXYKKdhONflV439qeSSfweUiN5jk62rMJyo72MXgR0aVTDJOZJKIvZrQpG68ahN1J7kJnrmnA5Bm5i7AyjbzUClyC+1GmYWdo1ZtT/FzyQ74bZasz5yxznqOmQ3pjIZCZIk1d0eRJdONN7SyjHUtTQnTJ74m0kjuEUFPUkVLzMpZdPWU42hgKLbTSjf8Y3CtKOkqpmav5XSpPzrurq8FgrilKUApSlAKUpQClKUApSlAKUpQClKUApSlAKUpQClKUApSlAKUpQClKUApSlAKUpQClKUApSlAKUpQClKUApSlAKUpQClKUApSlAKUpQClKUApSlAKyh9Mj/FHt39L6Gv1Kl6tXlZQ+mR/ij27+l9DX6lS9QE/+jffiS9B/wA3z/8A23SfV3tUhdG+/El6D/m+f/7bpPq72gFKUoBWAPn0/pTXCv8A8OT/AKikyVv8rAHz6f0prhX/AOHJ/wBRSZKA3+UpSgFKUoBSlKAUpSgFKUoBSlKAUpSgFKUoBSlKAUpSgFKUoBSlKAUpSgFKUoBSlKAUpSgFKUoBSlKAUpSgFKUoBSlKAUpSgFKUoBSlKAUpSgFKUoBSlKAUpSgFKUoBSlKAUpSgFKUoBSlKAUpSgFKUoBSlKAUpSgFKUoBSlKAUpSgFKUoBSlKAUpSgFKUoBSlKAUpSgFKUoBSlKAUpSgFKUoBXnQ8O/wDS4eQb88XJL+2pWr0Xq857h4Dxv0uHkDv2c/4Ey8k4mPYEEta+WU0rON7Z2tn2BMLWEy7UMS2QeGVsMsMMcgg74RZef57Qiy8/z2h6MNKUqlFKUoBSlKAUpSgFKUoBSlKAUpSgFKUoBSlKAUpSgFKUoBSlKAUpSgFKUoDCJ04r+Srjt/ODsb+rkQ1t6iX+SqMvzfMz9XE2sQfTi8bXizjsz7OXZxf+x+NrWyytj2Mm7D973vha/aZZWvhbtcssb5YWvlbC+Ns87Zbe4jxtjFEY427N7Yx6y8bXyyyzyvazbTbW7bPO+WWV/wAH4csr3yyv+G973ve9AdhUpSgFKUoBSlKAUpSgFKUoBSlKAUpSgFKUoBSlKAUpSgFKUoBSlKAUpSgFRB5CP5g+8H6IOyv7GHrUvqh/yFY2z0E3iwvfK1stP9l8b3xyywytbKF3ra98c8L454Zdi/4MsMscsb9i+N7Xta9AZgehL/zB9r/0vh/2MRfWz6sYHQl8bW0J2wy/D2b7ei43t22V8exjDMY3t2ML37XG9+2v22VrWyytbG2V72wwtjs/oBSlKAUpSgFKUoBSlKAUpSgFKUoBSlKAUpSgFKUoBSlKAUpSgFKUoBSlKAUpSgFKUoBSlKAUpSgFKUoBSlKAUpSgFKUoBSlKAUpSgFKUoBSlKAUpSgFKUoBSlKAUpSgFZQ+mR/ij27+l9DX6lS9WrysoPTJMbZcSDave+Vr4bgQ3lj2ueeNr3ux5gw7GeOOVrCY9jO97YCWywtnbES2Pb4YZYgWA9G+/El6D/m+f/wC26T6u9qkDo3eNsOErQi1r5XtdgSFl/Czzzv2c5xlHPK1ss8sr2xtfK9sMLXtgHh2oYeOOGOONrv6AUpSgFYA+fT+lNcK//Dk/6ikyVv8AKwB8+n9Ka4V/+HJ/1FJkoDf5SlKAUpSgFKUoBSlKAUpSgFKUoBSlKAUpSgFKUoBSlKAUpSgFKUoBSlKAUpSgFKUoBSlKAUpSgFKUoBSlKAUpSgFKUoBSlKAUpSgFKUoBSlKAUpSgFKUoBSlKAUpSgFKUoBSlKAUpSgFKUoBSlKAUpSgFKUoBSlKAUpSgFKUoBSlKAUpSgK2+RHaTdGAEyL2Xozoy49w5jmU66Uoi4VJ4oTAgmEbN0BCFDck1OhSPkz+BJTxWRx0BAIGUPNyYIC4SKOUkrhJxBSre4Gd0uQbZuduVKHuQWSI8ej81JnSMYxQW5EzObbbjVgKB7CWyr3RmUrk2uhvh1t8wotNJsQUpGVXIuBhke2AOg4GjNh9ItZdOB78Zh0jj9O"
20:09:00.237 [Test worker] DEBUG org.apache.http.wire - http-outgoing-0 >> "9nf+d7D0BYVyMvPlPdM3a3aucd7fQYZZEohONwbDb+vpltaVW5ASGjFVMdHazRi1fXCxdzPlwZo5jDHw6hqCCIZWWmmWOpAJ9bX0GEMbbXci+iHK5qrx5brbNMnfSHt54+k1diqbi0BsfXeXYsfsXoC45FBEcDQisfJkrrOOlkYum2PiFM1UyO4CymGdSQGuqJy/o1fZN3qLHeSfHyyltx+nmo4SbIcK4m5LCKgu80kHAG0srCRgIFmqpaWs5kjygm4ChZHigAxXETC4tsrY44aT9h9Gub/W55c0Ihbamc9uUdzwRoXuhGzuKJMGQmoCY4JKjECZreXjVkiR+73fk+y7YPvO645czYb8LWKZrmSq/HCiA06fiFt3JzvVtKkbc6m8WvH2qsBlbWbSt11y1Ic7yU2LPpva1a6s3wwAZfqcxDAwKS7Hg6VZsulKa5Jw3MIXf7ewQzpDu7rIr7b/sKNbnC1b3Ch5hTNMbN5QdLJdSl0pKk3YRFAepMv6qOZKAAsjLArNajvQkWTWQvHDQFhiTfTXY8Lkg1oQIojmW8mAPyofaCP9oZz6U88Ip16my2uKsr8bbXQnPORJtJDtf8cwjg70FxvExDaS48B26Wkd1OocBhJrgWChwBoo7uc7sIETK2jJgefcu07h3g4LtptGpLtvjsZu3optbsO2dY51jTcFXa0gyNHjpfOfdUV9MCREZtNo6EGUSAHQ4STfIEEFLBFaN0JawcBdyEjzZL8P52WN/T7BUlVHRay+/UomuqlKUApSlAKUpQClKUApSlAKUpQCvOh4d/6XDyDfni5Jf21K1ei9XnQ8O/9Lh5Bvzxckv7alaosvP89oRZef57Q3abtbhRFoRq5L22M4nThePoibllc0nJWIAq+6l5RPFERpMptFzIxcuO4Xg51JKbyV30YLECpg/Y+qmyKSTPHS9MOviPzycicbNzaRZ3PiTisjSV0Yo9oV12jXVKPNpJMKxw4y2Ciy1eaXrOp4qST3OqooxJZMJDUS0/IUmol7KSYyVfA43E7ozpiWSjbi/hu17n/EvPfGDcZS7ysL2l2DaOJzyGsf7l/CsU8Z8WxcK/4L+ErJ1sP4y+Fr6q0myXilpuKJ3j4Fsnk7JHgzuF03wXYuHZP8H3Lf8AZrke9O5d6d7/AMR3Dufcv4vtauafPxEuafKdNyUNaZ7bcmMM72m+OTkajovP6O7GGckbXvkJ18hp0NWNHUlpwCuZNtbYNBRSqoxIqeBnBAWyhXIBRQCBJcKoaEETcxR6tx0jX60pTI52IaP5V/h/aqZ+uDrd3Z/cKUeWBu7GSd8oiNrTvxIkKwmT8S49aXiVGaE4XoRSm13wxWm2DTj71KpKeF4Zdo684B+9+3Mqowgo+Yn3Oj87sbN7uw9u66doJM+U5eiDkEmuEI7P+Jkfsvxei9oteO1FvNjvWPWo0yat4POLqqN4aXC6m4TffXczysZCALYAxG6M/ewsx855sP8AhljHKVLlwBsfwhi2s6ZAFv2l/wD39gMcHO//APSJjf8A99fo9FR7IMEcl5IW1wzZXlb2O74AytewgN8mdFQNrZ2/2Wv3UuPh2Oze9sg8uz2PwdmRejK/tGJF6Mr+0YlB0lHdvZ7QLjkLTzqRJvyTSuJsHGDHzdXiZHr77LXcSO+DSwl+A5Mabybdu/DCOnCd+2R7KJfvftSpsDAYfEXQDWVbpiWGY3EYmFgrduOa20hMuXCte3bjDiN+S+0CDxve1888uxe9sbdm/Ytlf/Za97aqapRSlKAUpSgFKUoBSlKAUpSgFKUoCgXlX5DtqGTtnqRxZ8dwLCTNxdtE1akR1TDJiL41NLXOBG2IvYqEg+KeWWRBeX1OzNfI6YEvAm0rHFo3QgEZWWncjmEeK057bconDFPuqC9vbtaw+QXQrZ+WEOAJBl4XXKPdZpQ1ukp1ADjoC1inRWayay6zMiRBac42atZZUj7fazsR7AoawWQFVd/2QsbZ9Lxed3Ra/ZC4oCuUc992v2LXvIjUwPXTe62/2dqI+7CXLfg7N1C2V+z3xauT9LrDSM+Gx9ZqPcfCIM+QMK2b59ju1ly7lOgi3J//AF3fPi+KvWv2nYz72uY/D2vbWvPhe97JGpI6T/60jBWaEZIr3pPufkd3j3SXeRvWTiO0CeEfQLKUxQuubJzRtTIjBJyxeJ4kS1Z5IaeSYMbLI5dtOF2H1JiK4Q4TkCOJ5kdaa5EMwglxFhdJdLq21XJfxd7/AGi+uO7G0bF5BdYeQh+KsKtGWMNemHrfNELzICYbyc3iRpuRUa8SHMzVlWeDbAHNnC46mKQGWzWIiEYbJYB5x95NVSSZA5bOPhk8d6Ocw5iou1mGcUlyZIK4STtWmVqmvYrBddbuyqCM2XO83jkacq65Lt9OYl265G6cfiWr4nlhcUGuEhdaTfnt7GfL5xkSbzqXiV7xYPIKowdEXJpCecCFrZGW17zHb6cQNz6y5YRB5dPLSyfDZ51tLwD5EbCCdQE5WBLm0Yg+iJO08w8TVOrwmVeJvKCM6qqWVWui6qbFJCf7NihhvST5FcSa0WBHTVcD3ezqWBu90puNRrJRpbcC2oj9jK4ZNMSiRo4Yyxxzz7kDlbDDPO+ON8rPDDyzbwb+8rm1rImlSNMrUpZ1aA2U1U1/UmNHSUtM+NHVIkXo0QPVeeCQ2ApCV1p/xotCvhQILz2XUCwz27ujESaYAhFU3sDnM2gjbYfZbWzhcU55YMERnLppGn/kLlR7yU2YvTm3q8x1cJaQITSXY41lIKhPmcnEkAAWTSY+SwmJYLXUThBQZ7hXu5dF6a7B6kJfSctwzbAnXXkrE7o4/deoVhRQa8px1diOh0kFTXZvN6Ko0Uk5fyQ3C5S+KbdGS2Y2jB1YtkRyIl06+ZfIPBn39exvl+YXeUHsF5Zdgd2zG9/F/wAf+jO09tSnTtkHtc7phlW0HxNPeaCyIVjlvPBqi3ZkrI50kJgpHyTuSgsktabI2Z4cncydPBhBk7S51D1L5LYal3F57W8tp/c6K8GytpfyMZ6K65a7hCOU/mR8DukaQY0UFF03wQQgT1sUIDAuTUhjoQpwx3MnYuYjFvbxQ7Obc8mMA7ixluUb1XiyKdZHHBK8ai9AIKWxgZ92ux5rTsPxkvPBuOFiMrN1Ia02m6Yd4pE+40EmjKuKYmmRFYEwnxMjuWtx+K7l91c0NmjbeWN2tMeQZmSBnDru2PFQF2eoUmCOkw6pHko4/kNIRBHk3lcXBtJQwRoknp2Ib1JmEtERjbUUzDvZmTTaI3x5Z4sVwdOK/kq47fzg7G/q5ENbeol/kqjL83zM/VxNrEL04r+Srjt/ODsb+rkQ1t6iX+SqMvzfMz9XE2gM8Uu8nW9O8288ycfPD8ixGzm9qypYN3bzfOdEQ+9mZHTzuePJhuPonYBEcAi43emLKKvIAebjAWSjiWm+6gA05tNpvhPlW57K8D9IH1aYStN8RcjMV8jbnYxDNfXtTpe0hiXX8rJiOmh5GlxGjF/wi4ijnIPcySDMBNNFcJ0cgpKfegJlWyz7CeoRP6IdkVC1G3rIOi1rTqT5HJitMHhDK2TlzHzj2Kg0oVWvlhiYxKZOMu/gyuBi98/C4TjE/g90vja5Dc/cLfjXyRfAWt/Fm6dyIqKsMk61iY0bbqAIPJpS7c2vYrjQzZEl45uk2MhJaWmKwi0VDzT1DBbDJksMjJA1a76TzXz6XZoCfpF20SPnl5RY6Y3s3b2YZXChPG7LUjl96X7RNuDSzxKx9JCUwXu64hfIbuQ0JSKmSSsnOpkOhOFBHOGUE2tIGA55DUE84stluL3faIlxR6OryNbWbdNbZaA99JDKSPtDCSjCUxt53BstiR3m69a9o4da8kxGcLtmPWqzm8YzTAMzSmpqhdHuZCKvZtp6gZHzDLGjXSW03I8l8qXRpN7ds0eJT8KklVovRiYsdSeRd9mgBGXILGKCKV18q2moEJgoXN2zwK2SMMi1sL45GB+27No7RDkNpDt50dXeYpjglRZyC8b+tnHRsSYL273TcZIMQbGbs16WlHIXLEDNaczpEa7aLGxhcxCjWjtSAC7lcXPvtk4fK2jfdGTh5d1WjK+8Ha3Dnv3m2E1JgHX+KdMnmSY+5G5Wy0fQdDTlMtlpPG7Pbpc4Evyc/B26+0B0NE4ioyaGhNhwGllBUMEVNe4i4WsSNpwKoQgvq5yXbtSN0ZCYeQp5TV4Y3AazG2FWEGXvk4iVP7wUmNLa02GsZ8QUphkYvNeC0MoXI9xOMowAd7n3yohGzmeZjL9l8gCb78/89uYS11aEeGvSdys9Gyt2TiLntltIy1wyrHA7Z9gt32Rjk2soqhjawoyU54rSxccMDNsBy1fWk39DA2B/Nntl+3lxUbmObYuozMjPUsz0ng3mv2/031v2mw52FlhLM+Q0x5WuyzXGtpi7EZsmnghlli6EIrFU9pKKyVI5me9rnwgUccxhh3WxcDK/c7dj6M8ie80Y8mTj4hOTTCIZHlNahceeta9pITbh9jJkwMYkKpZHCL3j8wKImoq7kXbr3xuaQSqGnpCwwlpD7zcZRRSHUYjBxdbwcsbP44NK2PCnCUuzUxm3rXFaIwZiUeQfVyLm9IbcJNcgWSHtk03CTUHg2CiwWsCoeLygSHWyQQmRYfGwweWVpR6L8dG8Ui8lzo5eeTM1DzDllNhgSBtbtX4PXVJ7I0NsQ6Kf79OPN/nS4BJZcIZddeeORZBMLyarKr9XlzwigFCKO1ire31GVOQjR+5LBfiUHRV3NGVKUoBSlKAUpSgFKUoBSlKAVD/fvcRkaBadz5t9IKeMtN+FGQKvFW2XOBJxh2u1WUk9rMJmgqIwRjBOzdz5XW83clK5U54NDUhFDvI53tcsLMCsz/S27rPkXZe8Gd37yvMUA2cXcbCdz8DfKGQuB312n8GwHjBZC7W4v8X3z3va38bcOgV9OTrKL03pH+wunqZyBNrdqC41kmQWFhO8T8cRbUOO1uO1pgKqbk62XHzgm9fOmZiRX09GoOniEiHhIayUrHU9DXHGlGTKopN/sobpDjaG4J1LlbTo2RPlnTDoUJH4PMqCjk107aPNxEmoKkmzeBgJZ8QwyB4CXg0y6mC4xI/GLt/NZBcYl1HHRNFWCKHF8bhtuwNm7gwmfggWLdp3vZFxbydil2A7nawfcbEbAdy7S1sO07Xtbdr2KwYaM8ero5LeHrmW1hh9TSUlaA5a5kkfW8ZXMiEmedfEdpUXqOLcMnbYZFiBJ2skUNqAKlu1LIp5bSllRxzIERARZ7ZtGo20Jq/CwIkVeLf8uzJv/KJtu6xWjlxLzYHSMIf1QWd21bkJgx/y+yYzNTq8+PlT0vjNIibwMioWTyc8QI04oCmnTGddyShFTyWSMimyQCw5AsUTBwEy2QbqFtRgPkaZeynFUX5KmgnWbKGa1ilCaVhumzYKngzXdETeeAcitYU/mCWDVCjVfDIcaKXUxyZLwsQIAKIpAlY3cqFV0Z5MOTp/akOmA3bxLbKRhuIHDDjZcqzrLBmPUTR5mGCTPPo74ni8qFXUoKjyR04oApPstFzQba0oLAtg2mjulXDEBXDUcuDvW6Uto+i6r2trDdaKx3Vsi3tvY0ZbqdoKmM3EhCe8ovVkuAc8EkAjqQpEbHB2E8u8wB87Gh8+2DzxxEwrWz+bd8Gkgz767Q8xtZztHj8hrnc3b0x152yX+dM5D6hPLBLyDhHIXGVpu+A22lKimpBoIeLqFCaGax4TQi6as3Hu3EzEHJRuVwDHwAxND3bbhy1JWmfGPsNL63J+b+m/XjTJ+L9piPM9qNsR+zeyYjPApEgnGCnkzTIQBHlJZUivDtAgnGmslZqmSMUIGUouGWEosk3iz5IdF+OspLsI8uOyJjY/STWxNXkaGE9IjotpYusrX2PwDJmJECHRmKCoqZkRntYdDSpCfyquLL0XgwV12I6UdXz46XM9ZUZS58+AEgPFy0yIUlvc+Hmwkrim4g3AMwG27o9mdLRZnIFgUsFWcIbdXlCNXwitvDLFSOESKwmZKIqhcsZEMTbGlP3wpNsaU/dZL56N1J1h52tltWtc9i1/nnOxqrT1CMXzKaj4Pi+02dPiZaTWYjPMu2hHEIK3M1gwjlVoAkaPZIKRcYyCLfvAv2O52ue3nIqiZx0biJq2tiuVaT9KtgyKu4xyBFLHcCoUgx3AH1sZMTAwU1OFVTYYx8QgnhBESeZi5coHgAGHjbP9uJo9yUcb2ip7cuB+WLY+R5v07i5svJ/QXICFG/zNHvGUaJiUSeLFYsKo7RSRWKjoLMInRkZQPLrjcaqQRe9cVNvOJVCcyTbq7Nlk/cfhKk3aZNR7NwKeeN2WpKONvEfI2G21tx69Ok24m4CczxwzOgIC/dTSC57MMLM6CTDNZBBZC3DxDbG+MXSJRF0Jf+YPtf8ApfD/ALGIvrQvu5rFyIzq9GauaacoPzEGeitcdKdzG+ZTB20Hjs5RFY0cAdnjNKi+kKjb73SxSyP4CTARSAvevhDMSxgcTG2ejoS/8wfa/wDS+H/YxF9bPqDM28GP98PbmW1q5Z+NzQxb5hR9tQdjFZfmWfmgBoBqdBQbM1tic5kuLvfjiRE2QFrK8tpzQkdkJKmlmWqfb6skgCpqkbVFAlgUt/5GXnynumbtbtXOO9voMMsiUQnG4Nht/X0y2tKrcgJDRiqmOjtZoxavrhYu5ny4M0cxhj4dQ1BBEMrLTTLHUgE+tr6DWxxEn776czPLPybmsrK0ZwypoXHjq8p9nv1IFbrDMk1GT1pvDCXzxLYq5tqtZ7Exwsu+BCUxLAF8SZcwIXH0/Psm71FjvJPj5ZS24/TzUcJNkOFcTclhFQXeaSDgDaWVhIwECzVUtLWcyR5QTcBQsjxQAYriJhcW2VgzOllq2imcqNtruRfRDlc1V48t1tmmTvpD288fSauxVNxaA2PrvLsWP2L0BccigiOBoRWPkyV1nHSyMXTbHxCmaqZHcBZTDOpIDXVE5f7Q5Hd490l3kb1k4jtAnhH0CylMULrmyc0bUyIwScsXieJEtWeSGnkmDGyyOXbThdh9SYiuEOE5AjieZHWmuRDMIJcRYXSVZENJ+w+jXN/rc8uaEQttTOe3KO54I0L3QjZ3FEmDITUBMcElRiBM1vLxqyRI/d7vyfZdsH3ndccuZsN+FrFM1zJVfjhRO9OWtUeb/wCZ7SZkcaCOPhy2RbBrkcTxkx9LicnaqMrTxeU3EXON3Y9Cu2XO7nlgaWV1eu205gXbrhbpp+JKuEeWFpQawSEtpvHuZWVPSLGMILrOH7B0O21barkv4u9/tF9cd2No2LyC6w8hD8VYVaMsYa9MPW+aIXmQEw3k5vEjTcio14kOZmrKs8G2AObOFx1MUgMtmsREIw2SwDz071i7m/Pb2M+XzjIk3nUvEr3iweQVRg6IuTSE84ELWyMtr3mO304gbn1lywiDy6eWlk+GzzraXgHyI2EE6gJysCXNoxB9ESe0SnzEnzHWW8Zap4UUpSgFKUoBSlKAUpSgFKUoBSlKAUpSgFKUoBSlKAUpSgFKUoBSlKAUpSgFKUoBSlKAUpSgFKUoBSlKAUpSgFKUoBSlKAUpSgFKUoBSlKAUpSgFKUoBWUPpkf4o9u/pfQ1+pUvVq8rKH0yP8Ue3f0voa/UqXqAn/wBG+/El6D/m+f8A+26T6u9qkLo334kvQf8AN8//ANt0n1d7QClKUArAHz6f0prhX/4cn/UUmSt/lYA+fT+lNcK//Dk/6ikyUBv8pSlAKUpQClKUApSlAKUpQClKUApSlAKUpQClKUApSlAKUpQClKUApSlAKUpQClKUApSlAKUpQClKUApSlAKUpQClKUApSlAKUpQClKUApSlAKUpQClKUApSlAKUpQClKUApSlAKUpQClKUApSlAKUpQClKUApSlAKUpQClKUApSlAKUpQCqF+JfS7ZbWXeTmqmKb428SY5222zbUm6+OLxxYLk+UBkJ6pMxk2t+CGi6l9dancQXWgZ+DXsmNtXE7/wC1CIZ5lTuJa+ilAUmch8U8q7K2tgLdDjzdZaeo6YjRVWBPvHVIMtARIxJaKHBF0VOkNiu1bLjtFEkIAJbBKjKDlHKFUgw1GqfKEnCUOuZGMwwWdUOTPlJ5AdGNi93dW2Fx+auce0gKE3M2JsNg2JsfM8"
20:09:00.238 [Test worker] DEBUG org.apache.http.wire - http-outgoing-0 >> "yzL362FdtnTjjisC7KbzTRltlNoyIWNik1AongrhTENxGXGVMtHUFSmdfXNmbxXTwzS10lKcCgLkq0T3CJb2ay8snHUhR7Jew0IRwvwHNmtsku8GOUbYeB1w6uKpJKbr+OBXRG09W8rOdaNlTrkGLJuY4TWVBDJsFoiNV0xnlXVDlA5fdrtNV7eHVVh8fGk2mMxJGxKpE4mxcf7Ky3sHKzXELGGsTEV4pK2aTeaBbvYwgmgTwqOqE284nYcwHXVVSRSba1K0pOcc+t4cCaMqd/cYQZYbRFKUoBSlKAUpSgFKUoBSlKAUpSgFedDw7/ANLh5Bvzxckv7alavRerzoeHf+lw8g354uSX9tStUWXn+e0IsvP89obrt4tOIi391Zl3U2byp0RhS03w00VWSLgBuBpOJKUCi60Xs2jBkIcAFeaTmTUtbIYGQRiJ65MRLVSxxJPnyZimTXle56uPOMm3q04dJoi5TI/iZEJsiGdj4y21jzV5/qMdNwuGnMpLmdlTqmmsDrnS0MIijnVlrHlDIEsmBWPqD7V8zboVNJdKuNvkvKlxt8l5Uz46qaFb6bCb4IPJlyfPBqxesRQ1lNnaq6KQA/1xzR3E6ctBmwVN0TM9i901Ekt9DZHDR0YBMLKyGfWcEBb8IpZBqt5mpXJ5R2f5949vJsaszi910n9xml94l4c2aYG5rFj+Iklrqyso5x+pyRCMslEGVlBcZ6EOlBvFNbS8CRdKsSP2RDiSTGAMC3z0okK3/GHOUaVGKd+EjjWd3GfqMsMKYXqkSRspOksu/YXY57IAhoygm5JewCWSzQm+fPkkw8pJCAkoxLEVRMpqdZUch9xq5YgSJqJcqDAJlagcm/E1uVuZK+huuUZ77aa7vSsbn1X1+Nz21Nb5jg+X10ypnnaYbTnkogLHys0lI2tmQCxPvg2dOoiS2Eu4TXMN80pOjULSn+dfQzlF+NYGV7Y3U7lO5oZb1gYm6Wqca8eehuvU5tjYKSY9O7GsjZWbNgHMywD5JBbJNQiQmGzWwgGkpYcCEdBUjpbJLLOQ848TbmVEpFRAtUNKUApSlAKUpQClKUApSlAKUpQClKUBQhyk8f21Dn271L5T+PIKPnDt1qohuGL3vCkmr12c1tkNfnTdfyNsIu88sLprddCGO8HoIhjuLMsi93c4S/dVJKTPS0xfivPOq3KDzOTPqszN4tRmJx66H63TE39g5QjQ1spHezcqbJP1nFzJdstYmeicgC2W4yblFVdQFENbzTjoaS4FpfwEUlkBvpCZqXpR8zsZ/m0tPlTOhvDo1vXDHKIy+XjjqY0b7GudbgK+tWy+p0jSGQiFakBlFVcksJa9GMnuAAdooCqIIhNLE5g48i4SOeZ5E2ATdJNzq6ei9IS/qlymcvW2OlLi3L1Tj/jt020rm9A2QUmEY2Kj/ZSaZ0kdpHU4+gJJZViULJptptZ2ThUEzgcMo55MRF9yLOB5xK+SCko+p6lARCmLj70R2He5qS580x1YmuRTxBPSzr8laA4tkB4nE1IA71Sk805HU11VYHJJpb/s5AsKcyBKAWsEBgHhbtapE124XmdFvOxsPs0Jofru1NHiWt0SiawK6UyoADaLN2bZy/EK0bdkexQjmBXZHL+RzrfdakVkMFjt3O50IyYIOEQypF8jmnilAUabjRhytQVvY393NHhze5Wvzqin5LZs465B2ABh1KSHCUMJwyXMUCLr5zMRQ3HGOAipQS7gtlyZ3t/GcADJVDkA0fZvQER6cb/718o8BcjvIFBrH0ziXSdiPdvazaqo8yNSf5FckiSEnqSOvyPJD8j4GzEIp+BNQKqZNORD9zhdRazRTLpxgAuuryzpKpQjRd13bb58OxhE6cV/JVx2/nB2N/VyIa29RL/JVGX5vmZ+ribWIXpxX8lXHb+cHY39XIhrb1Ev8lUZfm+Zn6uJtCmeiZOM/efRzeuZOQ/iCOxI+kTacyAs7haGTcvnWI0ZKeQJ46pDyPE0gFMMkxuPZSVlheXcLOkdMJN9ecrwO4HnK33NZkpHczl2y52pebStHTK4bIg13cjoSDyHnLWwvIdEUmRW1RFMoKRFUjTJgVtHJMcxIvYfIfuJO6CdvgHjjiAKIJfEO/KlMtQfm8P91dzL4Q4ZJ41c6PBsZxmxc4ErZTYuQm071xLCQLIkbN5Yer3ezVXzjVQFWQ3OlJISShkUgUAs43UsNy61cAQ4IloopoFKB7k3C42J12I4Cdf9RW+2LIe7Ws+tenTuiVCwdDPCONXaXWiPmORPNxLema94ghKqgEQfMdpzqu6cWgCZcGCzdfyRcLnc9D9KAog4ctGdjtbNINjnNtq1iKXvfvDMexGxmxKIRXmivYpj0kA2sIrMZhJzthxuBoDIhZFJlXEmFE5ynklvG3qqpdz+Nig9w4NaucaO7Uc9GQmHj1eUK+B9wHSxthUdBiH5R4lUO/1J8y2tOdrFvH5Kfh6LyvhRDNlz3djj1LgEu6d7KIpQ5hmXx1iUoCB/F5DEla68delcEzG2/E+VYl1wixhSC1vDCA4PF92NxrkU5aSvDjWVFtuKveZwEUHv5EWFJNMdr3QocHCyxzvPClKAUpSgFKUoBSlKAUpSgFKUoBUPd/dOmTv9pzPuoMgKAiIgzWyBUIm5ACQakO0XckKSc6mA8gk4QYtipZNF9ILdceaZ32S8JhJoif36TsZuZCmFSgMt0WuzpGmvmp6JooiaFQTKUoxxHpeDYv5Dy24sbI0VlWohI9moyJMc8FuVLLzIuu1rt0qnCGO2Ik7OFaKhLKmhZXxPJKrMLVPiRk3TTiAWdCde9mVWKdqnEjuSQVXapoFhcbY7HudZTXMfWAy6mQMqBpiCAoiNFZs4ZTMXOcjslkshlCDrFCsWvPpQGV+QlLpF+wWoCpx8PDSOEY5kaQY7GgCWeSZQ2/jhwRwssNWSbNB7ycgQS2UzOZU99vVpGFK+Ql04EJKXzppdTkFKuYIpKHZ4vcaTjj3ibR+OTTvYl/63SBGsPN5pxRsUy1daZznLyU3lYs71p2L4zUPBqSejyw77uC79JIw5kVOSnksCoYI54gm41bJSkNk/Nnmw8J602ebeTLnKbp6Q7OenLi0KXOPuFmhK8jRUoa8yTyCqm6EZLMQKLYcDfyZLzlxFhhJTDE3knU6mycVDIJYdKGFQHEcu4SySZxxLtsrMh3cVU0xlw6Rrx4aQ7XvfXqfIIZrdOx3PjUXnHH5R2yaQWlZ3v0m8fFMwbXUuO5Tcrod1zScWzXhmuIpoauKTdQrbunql4lKfsdYt9D9i0dIcfcTLPtMPz8b+aoOLQd0cekKasK01txPi3YDdRX3Ai+QoszZAwpAvIS1GUJMcuoywnDSEmgKBQqkOIBQEbiWpnEfuxs6YKuVHtZlrXdp6k8N8zaxMc6bVGrA3HVLsWpCyoghF1JfDZ2vLnRzDjUy4GYhcBTcR0sZW1EAvnkXBOnxwy/YBxwtaz+og8hH8wfeD9EHZX9jD1pmY8Rj628e4rEy/9CX/AJg+1/6Xw/7GIvrU7uyf2ETtRtjBNTmWZkDZc3ET0RoNbBVyNNoijSYvo5hCaixm4XwvtZrp5VqqaiA6jvhRwJffZNFHIkjF1AyUCEyxdCX/AJg+1/6Xw/7GIvrZ9QFP/BNoa6+OnjRgrX+T2+Wbc4KArrlOeU4uqoq7kWlCQl0yomEk0tttRWG+sHGk0izRY5hURVdVSlDNr2NkFE2VFCGy4ZyHxTyrsra2At0OPN1lp6jpiNFVYE+8dUgy0BEjEloocEXRU6Q2K7VsuO0USQgAlsEqMoOUcoVSDDUap8oScJQ65kYzdnSgWOrWp/hl9WdUOTPlJ5AdGNi93dW2Fx+auce0gKE3M2JsNg2JsfM8yzL362FdtnTjjisC7KbzTRltlNoyIWNik1AongrhTENxGXGVMtHtPeHRreuGOURl8vHHUxo32Nc63AV9atl9TpGkMhEK1IDKKq5JYS16MZPcAA7RQFUQRCaWJzBx5Fwkc8zyJsAm6SbnV09F0X0oMzZ2izamWGX9UuUzl62x0pcW5eqcf8dum2lc3oGyCkwjGxUf7KTTOkjtI6nH0BJLKsShZNNtNrOycKgmcDhlHPJiIvuRZwPOJXyQUlH1PUpQClKUApSlAKUpQClKUApSlAKUpQClKUApSlAKUpQClKUApSlAKUpQClKUApSlAKUpQClKUApSlAKUpQClKUApSlAKUpQClKUApSlAKUpQClKUApSlAKyh9Mj/ABR7d/S+hr9SperV5WUPpkf4o9u/pfQ1+pUvUBP/AKN9+JL0H/N8/wD9t0n1d7VIXRvvxJeg/wCb5/8A7bpPq72gFKUoBWBPnsUzJbpSHC8TDDT8gTHk6O6ZmElKNm8e68iExBZdwPmiQx4t2McbXD72MBdxE7YYHuY2WWd99lYA+fT+lNcK/wDw5P8AqKTJQG/ylKUApSlAKUpQClKUApSlAKUpQClKUApSlAKUpQClKUApSskrenLlV3U5oeS7SeFuTBV1BhXU1Li9zR+jJWoWrc4iZlHg0WKIoooqnIbMIui+GKusKStifVXMuGO2M94hYFyYJfAJnsZ7NbVKqBhbSrlSYkrsF4y7zVuidYybjkT1R7w8c4/NR44LSK3y2d8jzWHfbMKBupqhqWF7B3WUHPFRKdjtwL9m96+5yC7ScljLk1pa18cujJCXnq+mMC7VbbSdXiSaGqcLhG1tZQc0xdJpp8u8H29UzFMLrRtpoplPUwEtYRlJOSnYWzUyhEC3KlUEdHL3S2r3q0elKWdxJITpPlprbezHFIC6js5lslITmq0G1Gh1Nb6WlMhrtMkaTk1UX1vMiqrJA25DZY0FgrKZvIAGwPUE4bvb+bz8n0w8anGxLrE1RjLTxmNtwbc7mOOJW1PLrLv53liJ1BiuL4+eo92KKbwsbMpCgI5CoZkRUbT9NhqZABppqY8Q4vWVvPljStSs2+se82+OovKK0OKzkrkxg7Louykar8lacbktGL0KElx4qrSJrak5Y1lCPmoP4hJKwEnNdesSwb+GJskp4tgLM44gJATwmvIzb5T5g593dT9YNOXEjaKaksyLAX4/t8nREcdbAuOR5ANmUqwUTxTG73Wxm8TwIFVgANQU3QhERcjCQ7T4CtcJJREZzlhxyPzmPSuXeUrO3oJufvHGvKXOPEdvZLLD2sVm3rik7RwhtSz4rQoUdTgaQ7gbrcWGjKEaswwOyEpRxNr5jNJMt8ItYr4uGBTp1YwdaWXb+iSgFKUoBSlKAUpSgFKUoBSlKAUpSgFKUoBSlKAUpSgFKUoBSlKAUpSgFKUoBSlKAUpSgFKUoBSlKAUpSgFKUoBSlKAUpSgFKUoBSlKAUpSgFKUoBSlKAUqtvkR2k3RgBMi9l6M6MuPcOY5lOulKIuFSeKEwIJhGzdAQhQ3JNToUj5M/gSU8VkcdAQCBlDzcmCAuEijlJK4ScQUq3uBndLkG2bnblSh7kFkiPHo/NSZ0jGMUFuRMzm2241YCgewlsq90ZlK5Nrob4dbfMKLTSbEFKRlVyLgYZHtgDoOBozYcDSLSqfuRl58p7pm7W7Vzjvb6DDLIlEJxuDYbf19MtrSq3ICQ0Yqpjo7WaMWr64WLuZ8uDNHMYY+HUNQQRDKy00yx1IBPra+gwhjba7kX0Q5XNVePLdbZpk76Q9vPH0mrsVTcWgNj67y7Fj9i9AXHIoIjgaEVj5MldZx0sjF02x8QpmqmR3AWUwzqSA11ROXwNL9Koa5odktvmFK/GVqPpPsLhrHLe7uzrqZbilXGJIzmsyhxRHjExV3wbBYkpIyshqOCUM50JeE7yMICkMIlAEfGBPInDuBjvrVvTrlJiibmi/Nl+ZBR2zhtFAceDngXLj/1kgkF6GFNsq6S3xjEmx+on3gghNhwHkx2YAIwYOSwYRAEdQHsknj4IwFtdKUoBSlKAUpSgFKUoBSlKAUpSgFedDw827bpcPIH2f8A6yY+SXK3a3vj2b/LQsY/wu17Hb27GV79rn22PbWxz7Hb445W9F6vOh4d/wClw8g354uSX9tStUX5TtCLpdO0PRepUYtzNtoi0V1kl7a2c1I2nxtDzZuuqwCYECYXHAqHjxNDazPbhUwOVLmXI8XSqI7YQgjRooRspKpcVROkU8I0cAop1dcvPRyjsRH2oB2Vh/iX1wkwoG6YDipo62svaaenVGyphc013XJCxNZgu1kUNyJhgqroykjJKUYWkq5Y7dioBM6TPH6U050qhWKJC5oNQtsoogbZxEb/ACZ6nTQIZTgtxIUiZrQDL+vy4VGJgjHJ3i1LcmMZnGRjY8WGCMtAUutnU4JdV0sVSV0kswVKtzpFvI7ybai7bwDFGgc3FY7SFHUma9kn8yTkTxBIRd4koIMOh7vcwKpv+PXa40kJOi9nuE8MXb6ujhCgJYtw8ix4bFQCMPnz0bDaV0Rq9PzR2q1wgvZNh5Y+KU5xSxZRRS3d8TAyYA8m6QWxkM6Jjjh2qmgGzZhEVgcwwxSymQNlxgghQsw8cdXIfzP8hKLy9J0RamzmSYGksObq6R6Kyy3gouht13kyWZjOuh2y9Yo7X3HjmeqYYQE1ur8ZOMs2nGjhoBhERFRNAT1NayVVBmP/ALyMx/8AeTcZSsy3LhtLvwh8qnGbobqHt8b1JZ+3TMl8w/nYRgeDZwNF1hkFFZeSlYFIl1oLBnLLvREESLkkxxIRO+J7I8OGZHL4YZ9ly5qr0gSEGQ45Sgzlxjfbx4MpGUXGT14nrQSB4obsl3RioqiI2CMhQqfTXMlrS0GVyTEYrlilkzikbLhHXO3y1xFIuBoepVX/AA98jqbynaMx3tXizgI9eJxZcsfSmyCBwwpIrfkdlGgAVezdUDeOJwy3lxKPoboSAjvdTyWTXQ0U8bUTiYOom7QKAUpSgFKUoBSlKAUpSgFKUoBSq2+RHaTdGAEyL2Xozoy49w5jmU66Uoi4VJ4oTAgmEbN0BCFDck1OhSPkz+BJTxWRx0BAIGUPNyYIC4SKOUkrhJxBSre4Gd0uQbZuduVKHuQWSI8ej81JnSMYxQW5EzObbbjVgKB7CWyr3RmUrk2uhvh1t8wotNJsQUpGVXIuBhke2AOg4GjNhwNItKzyci2/+47t5CYN4iONZbj+N53fMZnZ52R2hkJnFZMSNb4cAMHiifk34+PjYoi++VHMmUMYFnOVOI44zsYCLhiRwcym5Wt0us7i8k3FHvVqFA3IPscxd69Od63thDDG2YKwMyNcpQhOczplKTm633c1oyMYsA6zlpUX0cPM+e7qfMooi64i6gj+I6iiOUkZZnUZBIy80xFfZrK2oOlU/cjLz5T3TN2t2rnHe30GGWRKITjcGw2/r6ZbWlVuQEhoxVTHR2s0YtX1wsXcz5cGaOYwx8OoaggiGVlppljqQCfW19BhDG213Ivohyuaq8eW62zTJ30h7eePpNXYqm4tAbH13l2LH7F6AuORQRHA0IrHyZK6zjpZGLptj4hTNVMjuAsphnUkBrqicvgaX6VnH3I3u3h2M5PQOI7jRfjB1/X4niZOmzcnb98R0jzAfiJGcJZDOtZkR9GzlGxZq05jyW72SoZgOTAcZZFdoOJQRuJbPcKmqcSj7dbkL47OS7XDQjkhmxh7hQHvUnuFK1f2/RYdamv77QpgbPedjUZSIwmCNZjGAjqgrtpuFbo5MwcMHn0yVwJcDAycjdSRHSEZ7OvMirXpvp8dPi/jwGAwJiZ5v3Y0O9jycnqYVsbt6H8r3xAUipsHATs4WtYXAPEW2N8sLZ2wzzxy22xHa2MUxjjbs9i0esu1uze+V+xZtptvw5ZXvllf/wCbfK973v8Ahve96xDdOK/kq47fzg7G/q5ENbeol/kqjL83zM/VxNoU7BpWb16chW9HIhuhPmlHE8tRLB8RahrYDJ2p3+mBlCSziRlIwZUU8xGOvkUCn05tu5dbqijrpRYVHgMKiHx0BVF77biX4pqMg8W2ZWOd7jBayXs7jsy1eYCDG44W4QnLXwfUVja9z+kNNeWCKIK5oUN6/wB1PB0niR88WsdLLaKuCoRIx4SHbi+klVdVRFGV4ab9+BRl052efg010rg0YP0hKkbMCTUtDdzYTZDZjZexBtv9sqjMfLfKOhGJrRdEeTRWgS6u2XQlBHcSK8gqIIZxKVADRI"
20:09:00.239 [Test worker] DEBUG org.apache.http.wire - http-outgoing-0 >> "e3dAb3vRnya7u7P698rnDDrVEEneKMKbYv6YkWf2X4lx6v+PyY1co8sglvGNztNadjV7wsuKv8cyl5uGDXfX/bRTHcC3cQNAtKoG3M3Y2bijnV4ptN2BJngDW/ZONdgXBNUc+JkfqvjorshgyatNc343rTUUX43PBim3kcz3u03QhFTvefcVAE2XMGgh7+aAUrP90dPdvZ7e7VXaWSdq5N+VN6xzv5N0Jsxa8TI9Y/gaMWhHEILzdbPg6OGm0ElR8HKzvcRvwyqkDzgN+Ee4HlUyWKEQS2gGgFKUoBSlKAUpSgFKUoBSlKAUpXAJWeipG8XyLISIw3ZKSyxWM63elRowgCJp8SAottDPLBNls8spnE9PMuZzGCYaMhlzZ0sAOpnCwWYuNs6A5/SsakxcoPOGj7ycWheZ4djPQDVfc/b1qROn69WHZkx7FvKPwHMxgHV8tLpXm0tJbDwWkV5Ewkogwy8eP5DN9/lVgAuYKFzg+sfYaUXHCcHyjLbQiJ/wA+OaPWasOhFhuLQCBqQpEPJZe4wTbahVSMlgDSqbtbLMMqB34pmQghQEVJWlgQijngO5KVj5Kck3NkByw8ZMSbVx9EGluue5zml3IhqqzB2dL8rm2VH7JMqwYk4Skrt9b8DuIZVVkI0lARWqMQ0GARPJ7rbqYbCzBPagtr5Jl6INcZhkiAIbUdg5sarMUDkWw2mKBFJFfT3M5gpyAmnVFRPphcmhlT5wJWcY2B4A7i309Tsm90UrlARAJCUrJnOin0hXVrRJyclMo7/QkafscR6mzvKXHgt6bxWmRO1moNdOU3JFWM5oS1aYTjtZyIcMBHhAF3IFQXiRxvJzpNA4E3UoW7SXv8dU+GF8ckrIIiR451vj+XtmWKkH8CC3doSOuwoZdjORBfCyeKlLoKS/DqWlhGD6SMnLIAIZgdMGKmsieQcX/HkWrVEHkHv2NB937/APzNQdlb/hta9v5GHp/ttf8ABf8A+df8FUlak6w87Wy2rWuexa/zznY1Vp6hGL5lNR8HxfabOnxMtJrMRnmXbQjiEFbmawYRyq0ASNHskFIuMZBFv3gX7Hc7XPbzkVRM46NxE1bWxXKtJ+lWwZFXcY5AiljuBUKQY7gD62MmJgYKanCqpsMY+IQTwgiJPMxcuUDwADDxsBmh6FIdGP6G7XGB8CgYltuRAbYkiBFNA7TCG4zzte5ZOLFS2Qt8hcrZj5BXHzwsGHmJkGCFjhszrGD0Jf8AmD7X/pfD/sYi+tC+7msXIjOr0Zq5ppyg/MQZ6K1x0p3Mb5lMHbQeOzlEVjRwB2eM0qL6QqNvvdLFLI/gJMBFIC96+EMxLGBxMbBl8qWT0rH++HtzLa1cs/G5oYt8wo+2oOxisvzLPzQA0A1OgoNma2xOcyXF3vxxIibIC1leW05oSOyElTSzLVPt9WSQBU1SNqigSwKW/wDIy8+U90zdrdq5x3t9BhlkSiE43BsNv6+mW1pVbkBIaMVUx0drNGLV9cLF3M+XBmjmMMfDqGoIIhlZaaZY6kAn1tfQQLgaVmgjba7kX0Q5XNVePLdbZpk76Q9vPH0mrsVTcWgNj67y7Fj9i9AXHIoIjgaEVj5MldZx0sjF02x8QpmqmR3AWUwzqSA11ROX+0OR3ePdJd5G9ZOI7QJ4R9AspTFC65snNG1MiMEnLF4niRLVnkhp5Jgxssjl204XYfUmIrhDhOQI4nmR1prkQzCCXEWF0k4uOL1VE0fc0H0rMQrbVcl/F3v9ovrjuxtGxeQXWHkIfirCrRljDXph63zRC8yAmG8nN4kabkVGvEhzM1ZVng2wBzZwuOpikBls1iIhGGyWAeenegFKUoBSlKAUpSgFKUoBSlKAUpSgFKUoBSlKAUpSgFKUoBSlKAUpSgFKUoBSlKAUpSgFKUoBSlKAUpSgFKUoBSlKAUpSgFKUoBSlKAUpSgFKUoBSlKAVlD6ZHb/9kg27/h7OO38N3t+G/Yve7Il/H+Fb/ZlbsZX/AAZWva2XYytbtscb21eVlD6ZH+KPbv6X0NfqVL1AT+6N7bscJehHY7P4Y/kHL8N73/DlOEoZX7HZvfsW7N79rjbsY427GONrY2ta131UhdG+/El6D/m+f/7bpPq72gFKUoBWAPn0/pTXCv8A8OT/AKikyVv8rAHz6f0prhX/AOHJ/wBRSZKA3+UpSgFKUoBSlKAUpSgFKUoBSlKAUpSgFKUoBSlKAUpSgFYdIRB5Bxukc80duPlR02Tnni24PvIOe5KNNqy2BGx4jxlZMwZoUJLyCqgr1lXs3PCLYw6fkn9jEuHiZ/hVuLrPdoto7tHDfORywbhyRF/i5rnsszYgSoTkTx1jtX8dT7XQWKSXQPFFBdqo+m53iZRlILurtbCCCa727cmIYDGAzFi+4p2nUyL7inadTLDdNi/KoC53lfkGVuPtRZmSCRtH2Gmze2NRnOG5/CF7qebyFm1zLyUMg3SuxYiGiAgKGKh2cjAmRb+DVglKVSmXTolX4uzYX/xD9lP1YiGvzej9B9jkI6RqKr2/9sc+SJSDPZDdt35dlhP/AGMyjy2fdf47vLFLFULp/Z/iO5ZCd6/xVS16O/pdstovpjMcT7URt8lsgOvcub5XQEDxxYL37/YDvQo4Jt1f8Kx06ncilfCJlBVg/BZ1SLLRTvTtzycWDHLZjdPzPphv5olyZzhyNcb8MMLbaKt0We0EjbPTpfl1swC8Q5KYZUJPbksRjIT3L5MS4ooF1RTUyjiM5GLqrqe5bBOMhuJKV2m+cyQ8ThaKRidU85QeNuXjo3YyJa9ndltTOIQ2RO+djuTOxUdasnFiasBfutyGKdmo9i41u4WAEVLW/isjlaLtk29Pbrg2R29q/ILOiqfFVDDLxnIT/a+T0Z7XXbKREUY+uNjG2V1YsIlhqBQIK4Y2AJsyXN5lzOBfIASjLXHSffHcTk/j3lE5IopYGrrW1ajRzR5p7pw1ZUQJ0cjec73KLCW7ZVlOQ2kVxYZ9UHSl5RsmANzPIYU8WaIlySEIxbH3j2fs2yuYvWTf107Y6gpIfIJqJMEeIrWdWiT62CbsFLMIvhFLIhMV8Qs55EL5x+XILGaMItqAagbHPHjbmdaCOkFSoTZcCaH7WVnn9aqV28TQr70+5iZ31v5NG2pyRyg7cQ4LI0eb0EZFKPGLZxgxoDGDhiJ4tj8nHMaYwaloJWOjaqdatkk9Y6ajkyAL4FRU1kXcewCs3Gr+mG/+1vLEy+V7kFhyPdQEPXCDHNCWsGqzRltvzq+wjz1KvBLc77k6R2UBgxTNhUWQneWLlkIbEYwKYb5S6Ql4Ns4ru3SPQZp8f7vEUpSgFKUoBSlKAUpSgFKUoBSlKAUpSgFKUoBSlKAUpSgFKUoBSlKAUpSgFKUoBSlKAUpSgFKUoBSlKAUpSgFKUoBSlKAUpSgFKUoBSlKAUpSgFKUoBWXTge/GYdI4/TvZ3/new9ai6oX4l9LtltZd5OaqYpvjbxJjnbbbNtSbr44vHFguT5QGQnqkzGTa34IaLqX11qdxBdaBn4NeyY21cTv/ALUIhnmVO4lgLvn2Td6ix3knx8spbcfp5qOEmyHCuJuSwioLvNJBwBtLKwkYCBZqqWlrOZI8oJuAoWR4oAMVxEwuLbK2OOGk/YfRrm/1ueXNCIW2pnPblHc8EaF7oRs7iiTBkJqAmOCSoxAma3l41ZIkfu935Psu2D7zuuOXM2G/C1ima5kqvxwolyfIfFPKuytrYC3Q483WWnqOmI0VVgT7x1SDLQESMSWihwRdFTpDYrtWy47RRJCACWwSoyg5RyhVIMNRqnyhJwlDrmRjMMFnVDkz5SeQHRjYvd3VthcfmrnHtIChNzNibDYNibHzPMsy9+thXbZ0444rAuym800ZbZTaMiFjYpNQKJ4K4UxDcRlxlTLRZ194yseaMulNopotpzVoEtuSri72X3d3g0P2Th3a8hq+0tS25OqKquJutYs6ZoImp0bYTTdirFZZ0IqzHpBdVGsnEG0TcbjAENswc2I8kQkpLiEjkxIJOqQNzOGzk20IhR8boTnvHo1yPPtXgjFM2mOtx4TVCs34nmujNZbRJJQ2828ziEsrz7a2IaQGmk0TNBDeJM2hBrCc23Fawzf2H+T9h7cwdvDoA6TGwLBZzGVYy2A45H/NhiJY8lVOOmVM0mSbGi84LnI7bUqErqJUoaVXQVJlypdtIopOyoGqOVMOxFvqRyMcm/IfpjtVvbraytEdYOPhwuCUYqgMGd2PsRMEuzgrDIJtFdTjdUWB5MJutVuqrSaasWKCmh1chZEPpRQBT8cjiw13qWdebsFSyK06bbIt4qs3ghpnpSlAKUpQClKUApSlAKUpQClKUArzoeHf+lw8g354uSX9tStXovV50PDv/S4eQb88XJL+2pWqLLz/AD2hFl5/ntC7XpiAbhy4kkQVKxUs26W26hEeRQ07O4fdGZduycCFgbz7XILEDJ5DNCxfIe3csVPwfle187YY307Nc43bR43VCNSicqNOzLSDjAIogwBNJUW7ZDLjtUokGBLWLFU42m94AkBhLWAALCBZ5WsHjeunNw9UIj3i1ol/VWcksypxpMbVFbi1mnCgl1pDPljhRZbLtbpowAaLFXKzXQmI7pbxg0UOEg1dIJ9/EjpK5goPRFq23OePi3YKLqeW1fiLlj1wi4iG1tf5cZ+yrI1anVsRqmf9mazPktDm3A02VjFspQJZGQU5AUVDJDRwCqfk93AUJkihG/cP3mhUrqsLNrCEdVPubAc7W7WnxyEjm3/DM94DY86TayoHaz2N7y6+yKDi83oKZFLA5IMZtl0LV8SiQnKytmIcATU8bFPuSupgGzRXAThu/wC3kN5dJk4imQ6UomutV8acbrtF0IqgHcYkrt1dhfYUksJZoO2WNsyygSzFJmcL9m2ZcYXD8F8rZW+e02nHKrzMOzWFB2l16gTjY1v1t2JZmxpxNMzoX2x2NfLmZJZSIpyGk3jFOa0RIaAppqwrFlPJTXR1JKPDpikRGXC6ecSVKWu0emWykjc9fGPukzY38M60a9QLsiy5gkrxwYSf4oOZ/RxMaC0k3xOVXSRf6/4WVnUglO/Gu1VtPId/93UzRMsVOjF2ZnyMzPkgxw97ThccujPKdqTOqmKpq3CtKs7HG8ArGrF1B569vIq7Jagc0DkJbExkbkhwFnaXQQsAcQgSTga6eXDCvkGXDphc+ujrhrjT4PJklbuxued7ObqHd4JmWzwN8FFXWZ1UFdVZxocUW9zHcj8cEmk4xCedgwyay4Vu4YVxBxzBi2Xmk4ct19qOQFGemoqKFhq7vvGkEwJyWLhZ6MBsnGm1oOnlgvVNkvBIdDtb7odCzlHzaQkJGJMZGdZ26ey1xDUyZYN0kcs7CeajROetl0Hi4aup0RlHW3NW+QXXmW38kJ7rj9lJ8dwdGhM6nH1ckA+XU2LLBRAI3JFSrda1lpxDgB44EEgz2l7Wb1bpHdL8JcsnqyJFYSVYX1V0REupW9zhvyV4x54+FZ9wdBp7ZOVW7H+wZlnwgmyA04sPP84YSHGQOpxd/Pn/ANlG5knpJtQXMjKx/EmsEvJPB/7WcL1PaWNqOkCT6xXJFsGcS0Z6bul8Iik3CmxGwe+UJyqiRxZZKDJo7lT44hZIUnQdXEbAfNQRTZjBWJFlEuUMHGwulMRE8x+9vbpFs/MvNvxK7dxtGPjJrxrI2puT5vkLx0j1H8STbvbboT26D4przsS3w5PCBtRJg90aLaXwindu6HsywQYueGgWhMzIlYnEDxyJXFlo1HGqQLwBkJ2p6s5H9KL4JERktIccjvU2EZWc0FOM5iGyzfRE0mitZFFO3DPKSeggLB8qQOKI5ArZ3SlAKUpQClKUApSlAKUpQClKUArLpwPfjMOkcfp3s7/zvYetRdUL8S+l2y2su8nNVMU3xt4kxztttm2pN18cXjiwXJ8oDIT1SZjJtb8ENF1L661O4gutAz8GvZMbauJ3/wBqEQzzKncSwEStPA+z0r/lrFXLf96YaR66BsbIftu62ZYrK1Ryc1iPdPw95ZPAIG5nvb+I78xx7r/2jtq/nS0A8b6W6Siplr2ewXKDrbix8yt87KtlgSPpyv2pHuF7Gr45ZYF8s7A/g77wT8v/AKYxLVJHkH0Q3HYvIXDHLnxttqPZUmxrxKoa8bM6tSA9CkWkNi4cHUBlZIGbMjqIAyE3n0kHrpeFjLnGLJAeTQYilayiChKrccfSjj1H5JuV7djTuYt/NaGLodproxIQc6NrXUOfGLslKk8zqliph1oK7ocUZFcmAkMdunkknYRON5hqNkgVyolya5Z5+E2e/NshqPxINqvLa9mk59k3eosd5J8fLKW3H6eajhJshwribksIqC7zSQcAbSysJGAgWaqlpazmSPKCbgKFkeKADFcRMLi2ytjjhpP2H0a5v9bnlzQiFtqZz25R3PBGhe6EbO4okwZCagJjgkqMQJmt5eNWSJH7vd+T7Ltg+87rjlzNhvwtYpmuZKr8cKJcnyHxTyrsra2At0OPN1lp6jpiNFVYE+8dUgy0BEjEloocEXRU6Q2K7VsuO0USQgAlsEqMoOUcoVSDDUap8oScJQ65kYzDBZ1Q5M+UnkB0Y2L3d1bYXH5q5x7SAoTczYmw2DYmx8zzLMvfrYV22dOOOKwLspvNNGW2U2jIhY2KTUCieCuFMQ3EZcZUy0WdfeMrHmjLpTaKaLac1aB+JxHY2vz5dIVEclr+N+Ll1dwRLmrXsc8TM267rh2A7rbu3eV00NkXw7T+JuDYje3Zw7henSSQ7fLdwSjolrfKAHyuQoG0bgdvdR7iK62LkoWKWBtcxcO6uC1+72B/DcWxW3Yvl2nY7x280e3g1q5OTHLPxsxxH+xanM8QJMJbkagPWSkiGFiUSbXDQijOkSN5Lc5cZkIznTUhos9HM5ufuQiUC2s8SIDhKPNZLoPEWVptyE8jXJBrBvJyLwQxNMtfdDS7lcWt+pSPNLT2EkN3zY6O8bCSZIT8j0qGxSicjnEJruFLLJprBQT1Bnt1HLppgBQcy6bdIqM2jN0oSaPoqLCjL2lCp7pxX8lXHb+cHY39XIhrb1EvZ+SmM+x2Oz8nrM7HZ/2dnxbTex2f/sViF6cV/JVx2/nB2N/VyIa29RL/ACVRl+b5mfq4m0Bl26HjfDLjs2TEcHbXlrPf2Z7y9dQ7Wzhu6/k1hXLLwvbPsGrYdtkbuF3S1i/hG6zYH/tFjvY1lVm0dnHtvdxyboz/ALn8UDeiWe4U2+XAnztHoFLj7yiEznK4RxTUzMla9yqZTlFqNNRcB5YXBlRLdoYKQmCLp4pimuZKDaZWPeP7OMvnB5W2X81J1a0MHiQ1lep5MA2HlpS2fYOz2wL5YpM8WPKDIiFNhQsSbzXDXBgQyyyI5ldLHV0wLMsKukEswrNlwl+s8foWlPh8/wBNNdZTeZe9hudbo7ZcL+GOFJmwZgQLH8OeAHZi3PuuVv8A3YdqWMZdn/5gWd//AHVadMZDfXR5na2x9x6atxxuVrrFMWXjV8xdI2x+cS7NqC0j4opNnvdClmSUxUjZwl7ppJaMvoF1jFF5wOFXAMpwqeVDGzDgLrxpHyBbpcq8Z8onI7DTC1JYmp0aORg6najNuXW1OzwBdTvJLyYuSPJL+Y2ObENCWJupXOF7I5gsbEUkxlFLIhEFqm1lzs0H237FlavicDrzkW7IHSauC80Na4ZcaJNqyoQuVr9pmYvF8vB9xxvbs9nPtzZbG9v/AHd2w7N7Wv2baoao05iuObYfaR46a7l6QOpgNrdTQSTVh9xsgykMoEI9l1kOqyHk9ovc6wlAjm0sRXDbhUkmGRLFSQiauOlJHV26KsF3GkdaPvcHpA0hx+sRzGvDhG0Byw5EY43CWwUg8g+v8iROwFY8UyIWfxOOmam2kRwgp4wuSumIRoDAUoKCXCPhOAMMYmdv39ecgWHPEMro7KRs6I3hnbRfdQa9v4o3ylbJGCwlr2vgOB8kuuAPdQ8rXvbLC4oIuFsrX7F74Zdj8H4a1U1V3w78c5fi50YjzV8+7SL/AJEuuOeS5mfaUEeARnTKj6NgDrg6Jgp4BKQqIhJCegNFJUFIAmorRBugLignJZ1THTClolQgpSlAKUpQClKUApSlAKUpQClKUBl057/xifRz/wDxDzH6zw"
20:09:00.239 [Test worker] DEBUG org.apache.http.wire - http-outgoing-0 >> "DWouqF+XPS7ZbZ/c7hbliDY28eI/1M3LGlfYFf8cWC2vEBgZrsQnMV/wAFO91N9adXZLNddE8FslNci1bvHtLp1hDJPAxfRQGW/lc/pAHR8v8A4IbbfqSiVqQqhPkF0t2YnDmA4ddpIvjXxngnVc5sQLPL68cWAi+Igb6ayWnNXLxYcLqSXi6PCh0sMD2Ga3nFkR7TuijYmFlgJlZpvbB007G6nzJEGuc9ufWOdHQ3iwsWTW1D59NPNF3oaunLyaXUjaXgMpAthz+DRGm6x04uaUybdXFI+lFTKmUJg5gUI9IS1t5LpMZEjyUhSCgTLxexq3kCTdhNEo2cuEBz9KDHjIgTdL/sPN94ykI44W2WOIp52HWcnH0AyaRSVy6UmrjnJIdg5nyZHjS5huB1Oi7QNTa8CMLZeAYsZ0PknySUwm7FDRjl+NFMdMXLRRrhrJzERrpUeOeK+7JNlIlgfLYHQRD6djbIeHj7fHSMZU02cWibj45oULS8+oiVNeHpyALG7EUqMUKaE4WuMxXJMloUJEDEvgvBZQTh5TEL5ETpYm6Bs3CG1jJHLBlBS6OcTs+RHwuxdx1adbcvGBNkINaqauMif2W4HQwklzSoK63DIL/Q3IK2hRnISi1/uR5u1OCK44K5xvFzDcXTSU4jLfzSVEPunU/cFeGpAncTR7ko43tFT25cD8sWx8jzfp3FzZeT+guQEKN/maPeMo0TEok8WKxYVR2ikisVHQWYROjIygeXXG41Ugi964qbecSqE5km3V2bLJ+4/CVJu0yaj2bgU88bstSUcbeI+RsNtrbj16dJtxNwE5njhmdAQF+6mkFz2YYWZ0EmGayCCyFuHjWRtMPz8b+aoOLQd0cekKasK01txPi3YDdRX3Ai+QoszZAwpAvIS1GUJMcuoywnDSEmgKBQqkOIBQEbiWpnEfuxs6YKuVHtZlrXdp6k8N8zaxMc6bVGrA3HVLsWpCyoghF1JfDZ2vLnRzDjUy4GYhcBTcR0sZW1EAvnkXBOnxwy/YBxwtZpl80d21DqrbJCM8q6oqqusSgDoS/8wfa/9L4f9jEX1s+rGD0Jf+YPtf8ApfD/ALGIvrU7uyf2ETtRtjBNTmWZkDZc3ET0RoNbBVyNNoijSYvo5hCaixm4XwvtZrp5VqqaiA6jvhRwJffZNFHIkjF1AyUCEAz8cRJ+++nMzyz8m5rKytGcMqaFx46vKfZ79SBW6wzJNRk9abwwl88S2KubarWexMcLLvgQlMSwBfEmXMCFx9Pz7Ju9RY7yT4+WUtuP081HCTZDhXE3JYRUF3mkg4A2llYSMBAs1VLS1nMkeUE3AULI8UAGK4iYXFtlaqngm0NdfHTxowVr/J7fLNucFAV1ynPKcXVUVdyLShIS6ZUTCSaW22orDfWDjSaRZoscwqIquqpShm17GyCibKihDZcM5D4p5V2VtbAW6HHm6y09R0xGiqsCfeOqQZaAiRiS0UOCLoqdIbFdq2XHaKJIQAS2CVGUHKOUKpBhqNU+UJOEodcyMZZ0me11UL5WUo7adtq6xdymyGk/YfRrm/1ueXNCIW2pnPblHc8EaF7oRs7iiTBkJqAmOCSoxAma3l41ZIkfu935Psu2D7zuuOXM2G/C1ima5kqvxwonenLWqPN/8z2kzI40EcfDlsi2DXI4njJj6XE5O1UZWni8puIucbux6Fdsud3PLA0srq9dtpzAu3XC3TT8SVcI8sLSg1gkLtBZ1Q5M+UnkB0Y2L3d1bYXH5q5x7SAoTczYmw2DYmx8zzLMvfrYV22dOOOKwLspvNNGW2U2jIhY2KTUCieCuFMQ3EZcZUy0e094dGt64Y5RGXy8cdTGjfY1zrcBX1q2X1OkaQyEQrUgMoqrklhLXoxk9wADtFAVRBEJpYnMHHkXCRzzPImwCbpJudXT0VmfvZfGiNGiRpVFZopCBXVN+e3sZ8vnGRJvOpeJXvFg8gqjB0RcmkJ5wIWtkZbXvMdvpxA3PrLlhEHl08tLJ8NnnW0vAPkRsIJ1ATlYEubRiD6Ik9olZYZf1S5TOXrbHSlxbl6px/x26baVzegbIKTCMbFR/spNM6SO0jqcfQEksqxKFk0202s7JwqCZwOGUc8mIi+5FnA84lfJBSUfU9QmVVd1glIUqyKUpQClKUApSlAKUpQClKUApSlAKUpQClKUApSlAKUpQClKUApSlAKUpQClKUApSlAKUpQClKUApSlAKUpQClKUApSlAKUpQClKUApSlAKUpQClKUArKH0yP8Ue3f0voa/UqXq1eVlD6ZH+KPbv6X0NfqVL1AT/AOjffiS9B/zfP/8AbdJ9Xe1SF0b78SXoP+b5/wD7bpPq72gFKUoBWAPn0/pTXCv/AMOT/qKTJW/ysAfPp/SmuFf/AIcn/UUmSgN/lKUoBSlKAUpSgFKUoBSlKAUpSgFKUoBSlKAUpSgFKUoBSlKAUpSgFKUoBSlKAUpSgFKUoBSlKAUpSgFKUoBSlKAUpSgFKUoBSlKAUpSgFKUoBSlKAUpSgFKUoBSlKAUpSgFKUoBSlKAUpSgFKUoBSlKAUpSgFKUoBSlKAUpSgFKUoBSlKAUpSgFKUoBSlKAUpSgFKUoBSlKAUpSgFKUoBSlKAV50PDv/AEuHkG/PFyS/tqVq9F6vOe4eMMutw8gd+6Z27WZeSfPK1rB9gTHKaVm1g8+yHe9sML545Y3DvgJfILDtxMsbiYiRZef57Qiy8/z2h6MNKUqlFKUoBSlKAUpSgFKUoBSlKAUpSgFKUoBSlKAUpSgFKUoBSlKAUpSgFKUoDCJ04r+Srjt/ODsb+rkQ1t6iX+SqMvzfMz9XE2sQfTi7X+Szjsy7bK1rP/Y+18LWx7XK+Tdh+9sr3vjfPtsLY3tjbHPHG9s8u3xyvbC+G3uI7XxiiMbXyvne0esu188u1tllezbTbXyythjjja+X+2/a4449m/4MbW7FrAdhUpSgFKUoBSlKAUpSgFKUoBSlKAUpSgFKUoBSlKAUpSgFKUoBSlKAUpSgFRB5CP5g+8H6IOyv7GHrUvqh/wAhVr5aCbxY2yywvlp/sva2eNsb5YXvC71tbLG2eOeF8sb/AIbWzwyx7Nrdtjlbs2uBmB6Ev/MH2v8A0vh/2MRfWz6sYHQl7X+YTthftr3tfb0W1sP4Pa43tDMY3vla9sbZdnLtrWy7OV8bWwx7XHG9875bP6AUpSgFKUoBSlKAUpSgFKUoBSlKAUpSgFKUoBSlKAUpSgFKUoBSlKAUpSgFKUoBSlKAUpSgFKUoBSlKAUpSgFKUoBSlKAUpSgFKUoBSlKAUpSgFKUoBSlKAUpSgFKUoBWUPpkf4o9u/pfQ1+pUvVq8rKD0yTG9+JBtXtnljbHcCG8sscbYXsJbxHmDHtM+2xyvbG18rCWuHfDPt8MbXyvhfPDMCwHo334kvQf8AN8//ANt0n1d7VIHRu8b48JWhFr55Z3uwJCy7bK2Fr2tlOMo5Y4W7THC3ah2vYPC97XzvhjjcTLPPts8rv6AUpSgFYA+fT+lNcK//AA5P+opMlb/KwB8+n9Ka4V/+HJ/1FJkoDf5SlKAUpSgFKUoBSlKAUpSgFKUoBSlKAUpSgFKUoBSlKAUpSgFKUoBSlKAUpSgFKUoBSlKAUpSgFKUoBSlKAUpSgFKUoBSlKAUpSgFKUoBSlKAUpSgFKUoBSlKAUpSgFKUoBSlKAUpSgFKUoBSlKAUpSgFKUoDgErSU2IZi+RZee11izNi1jOuQ3Xk3kFWdC7i22YhnnEt5I7bQSh5aXVLFNTjORNKSyZk8eHtgXLA5iiY41llcnSFtwnfuFx9MGNOPZywBprujs204Sbk27iJC2iS5LTaUHC1U50OOLYobrvbgrALEEh1pak3nc6RZIbLgwPFxCxW4gB0iFrZrLpz3/jE+jn/+IeY/WeAaA0D7X7AE9VtcZh2FOMF9ypaKmYoOUlGsZISg5H4/FrHMEggNNtpSWTUDeR1dXDqcnCH+8zBVFKGDKyoYWT081ljnifXI9z4w5qFfkqlTT/j7KauprRRZkdmq5F47EIe5zQhVezTjYR9eea73aJiTuRm+ogrrkRhWbZXRk/EYI42AXCTUGwT1Q1lG6RS9OS4xHEmRuXiKyTxHqCG1TW18/wCuZJsSduKUiooGmLElphGNX7JLEQW+zsDpY2RcDmTUtwZkGsCKtrx9NbYS8SOsyfShn/1U6fpbGgZq7dx9IOjyXvSzcDeMZuPWS+ziKWXgsSqiTa4saCSTimL4BYcUMspJpPDNPWQSxkUMA6WNBgGRcMMBcqKNM9pOko7uawQ5tbHKJwks1izc2BHe1W7JDe3uTXqRRfC6mlExVwi2Xu6kMuIpBpvhQninuBSwyTTpPMUUIxkMXBnw9GG1NkuCxehzjDunvBiS9oOPBerOC2uhtu5lmOONLRUQKOZcXsCmaQ6EhBFUyjnyWsCqiWdZBRLKfe6jiPfCq0tEHP3xs8bEby80tgtPFlJ0n1saBl46CldfzCkkHYrhVjELvXI3seG+Rne7pau2UNVc7qLNQm1mkqOjw0TYqgaI5IRU+xV/J98BNH8rpp578a6E9iJ5k/VXj3mTZKVg4zVZxgPUZ6y0+SjQJugOH12aI/iQ+5VdKaKctq4L0xjxekJNETW2QV14Fz+Lx0iWUFgJV7sexp31tm7pMuzuvkI7HNFM4Oms0Z5iphzA02+90LfYi7kxrSK2k12t0BxkkN3L6QUVskZWJCnCyetKhUAUTIMM6PbHt7907SPqT+ZzgKeLw0laBS8n7oQazyraYTmdyQglENSylBtoU3sw68VW6ckjZNgo3ZIbpJSMhpwDgMJpS+RdOxUrhF4SzYNzx8WukDK2rynfT6aIx1Vi6NSsu6FNyAFFqIbPhdko7faKuVYOw+TvVn283Gy2+XCPK62rJzcR8AU5XcCciL5YkUaaqSLaPvp2r+AkW0vpJkWKq/iqqxqzb9l/FAQ8XUIkDOjFITbOQVvgnS6AKv2JAWWBEMupDmlEBIzUe+ck0E+ZMHQiVwMDQ4w+IgmX69dFawbAMza3XODtlo9DOF2XO0WsmU28RUu5+FEki80Ait+A1ewN8gMVdCGNio6tiBmIBiokTOIAggVsM8u9aArb5EeR9C0HTIvQknXLY3a2dJ6OulHhGEteI7V3SoOlXaACEOtiut3hFDCGwm8mhuNKHPqpsJXVQyGZ1TIt1ST0hWMEYYcKvKFtxyFyhyFxztvAcX64urT6Vo3jpKjJiH1pxudsnHQBJdnS3pHfBl4OBsPRdQjrLIFS6wzUBnJWWQqhYRNMXzAyLX51l04HvxmHSOP072d/53sPQEut/OUDY1h7rw/xicdkIRhNO5cmRscmt8PCeXI5UGANfolLHVFOKOKQQWPbB4Lx1SMpg4giYjKSYeTgTrVCJE3EoPBPJFOCx1yWb5avbt676V8skOavIxHcrNeQNZNptNF2UfkhUpSbuBIQSIn+y5kFUHqhONbyVkVORlgBSsQMLS4gEiBJZInXArM+JG8Q0j8X/Os2uV10w5Kks6UbKakB6rT0/YjZKzI6/rw6ElwtdYTnG4mm3wDSoXaJ0WOo6GwWLWD79Lqb3IpgB9wpiOiOKAvNNyQM/e+W+ItW1LjOYlKGY55KYCPJ+0Ehxa+YbbTrltaciRk245iBHkpGaz3eOSOQR1ZckRfLN4kjNs/gxU4I6dNLuFwEP9hkZbj35Rn07gm5ol5GORHZOFNiNdNENENd27OO32ySQtPMF2zKad7b1ngqM0DFcuZe8rOVok8lhWGPCNdx4EWm31ROWrl0jMQHI8rq7Vbzjja1uTjkG1F3j1b015Xoc1P8XN4FRcZuuey+k61LQTCKSkiZoxYOOZEYc0GlZ2lTywpORtJJVaT1AsQCNuRFGJgLRLBzjtS+WWpbjSB41esxTG929HEXx0gHXO9Xu6lAJMQm+iEMbXGNnDInZyzEFEzCKESJYMdQVFEwUTE0qbUDZYsLlYhcObufnki1c33zjJzQjxXceTwdDz1aWZCThESR9uJryUEcQOR0ZAF7UdKjtKcLQaSgWUDVjhIkVaphuEjZp1Op5kY+Y31BW/PCtX203R0dLrvo2zouuulKUApSlAKUpQClKUApSlAKUpQCvOh4d/6XDyDfni5Jf21K1ei9XnQ8O/8AS4eQb88XJL+2pWqLLz/PaEWXn+e0N/ewc+xRq1Ccl7DTk7STHieJGoovF7OY7gKNiRSyGOGAZYkSLYCHFVaVz4xRGb6GngmFNdXVBORkssZUDxYASi2GN4+bvkIZ5PYTSLVDSTVnVp3giKsMLvIY6pwc8vzOyxssrID/ACbC16GSykft9ygYd/kAnCpK3d00ySVW4fdqCcILZ3oXphLiW0zi5itqlFQ2ktKUN5YKYknmS+eeAN2Lgx5le1+/8rX7lYoVd7MaSnhkZxzAxPJ5PLte62CvjqTbDbQWa2m80Gslk0RsNRDSW23EVPCxAIJCChEC6WkJZEDDsYAk09PKlyhYLH+CGCFhhj+C1qpc09Ufq6FHml3LRMyxuop8YnJTr+0tY91jDPMSHDblit2Kby122hY5EqqqCisRSpuEAF0IKiVTkJxKBdvrphXMjlWo7CyqcbzjQxG0Pe/X5IqAhDrJZxDIqSM4CZPNPKLoqaTEWSpAXPMQQiWVMwbnQCYggggmZYIfEHPPPPLLC+WWV7/rUzce/PjX79qUocQvJDOO/sh8krSmNqxS2k3Tvc5866xkPGaG70Y6uslsrjrTCCo+xHS+nkApukYBCKZmzrfLNhJEGEM5AoZfDMIMH7XCfyNTdyQxdtw9pxa0VtVVgPdmWdbmeXilEdyGnqTGYbeYyskKrlCd74fRk46zJlzH8FI8lm0ZHGABKYlUImIGMKYry6NF/CmnnUzx/DhlylS32udvw45f+1ciX/g5W/Bf8GWN/wAF7/gytf8A2XtX6PRTf4MA8lIWX4BMOVvY7tw7/gzw7LLibG3bYX/hY9nLDPG3Ztbs3wyt/txv2Jqll+PsmvhV5T7J7c93I9OHFpomBs9r81YpeD+Fm2PY2ySJjQ3c4GhZDdiW7zyibxIMl8x6tWVgRUAniSHuv3JhhimbDkDOWYWYN1dZVOmK45ZcRBLHHG+WWW18K44442vfLLK7fkq1scbW7N73ve9rWta3Zvf8Fq1V1SilKUApSlAKUpQClKUApSlAKUpQFbfIjyPoWg6ZF6Ek65bG7WzpPR10o8IwlrxHau6VB0q7QAQh1sV1u8IoYQ2E3k0NxpQ59VNhK6qGQzOqZFuqSekKxgjDDhV5QtuOQuUOQuOdt4Di/XF1afStG8dJUZMQ+tONztk46AJLs6W9I74MvBwNh6LqEdZZAqXWGagM5KyyFULCJpi+YGRa/OsunA9+Mw6Rx+nezv8AzvYegJ6cjHIjsnCmxGumiGiGu7dnHb7ZJIWnmC7ZlNO9t6zwVGaBiuXMveVnK0SeSwrDHhGu48CLTb6onLVy6RmIDkeV1dqt5xxta3JxyDai7x6t6a8r0Oan+Lm8CouM3XPZfSdaloJhFJSRM0YsHHMiMOaDSs7Sp5YUnI2kkqtJ6gWIBG3IijEwFolg5x2pfLLUtxpA8avWYpje7ejiL46QDrner3dSgEmITfRCGNrjGzhkTs5ZiCiZhFCJEsGOoKiiYKJiaVNqBssWFysQuHN3PzyRaub75xk5oR4ruPJ4Oh56tLMhJwiJI+3E15KCOIHI6MgC9qOlR2lOFoNJQLKBqxwkSKtUw3CRs06nU8yMfMb6grfnhWr7abo6Ol130bZ0W1TkY5Edk4U2I100Q0Q13bs47fbJJC08wXbMpp3tvWeCozQMVy5l7ys5WiTyWFYY8I13HgRabfVE5auXSMxAcjyurtVvOONrW5OOQbUXePVvTXlehzU/xc3gVFxm657L6TrUtBMIpKSJmjFg45kRhzQaVnaVPLCk5G0klVpPUCxAI25EUYmAtEsHOO1L5ZaluNIHjV6zFMb3b0cRfHSAdc71e7qUAkxCb6IQxtcY2cMidnLMQUTMIoRIlgx1BUUTBRMTSptQNliwuViFw5u5+eSLVzffOMnNCPFdx5PB0PPVpZkJOERJH24mvJQRxA5HRkAXtR0qO0pwtBpKBZQNWOEiRVqmG4SNmnU6nmRj5jfUFb88K1fbTdHR0uu+jbOi2Wcpe9e7MF"
20:09:00.240 [Test worker] DEBUG org.apache.http.wire - http-outgoing-0 >> "bT8eWlWgDc1ZX523cP7IGT6lteky0pR8zWvAbCbb6zVRzEPu1uuNL8KETbmDsYulOfEyOjglQyRHtxDeXeeoYfNlaXcct9jnFnlAuLZW75h6hpu2mEuivK+ZHFuYYjTMqiMwBs4h3UhFsS5cyq55hkQCIeGIw5gCDnIPo7yWTdy86nbTagLkHxdF8L6oyDGOc8zCSxkcWLJDk5xPYs+FdqwaQcTbU3o5TbDFaaS3R1VUJNCwygriLxjGySVKn/AMaCt6OQPTflCiHjQ5JX7E2yzI29Yjtd2qG3EZRiFCa4K8GMnqyq444k2OExVVW0SzzKIohUjkhinByKgus4QVfXQHIolGgy8tn5aQ38eZSnvwpUZ04r+Srjt/ODsb+rkQ1t6iX+SqMvzfMz9XE2sQvTiv5KuO384Oxv6uRDW3qJf5Koy/N8zP1cTaApC2o5kZYUdx1/jj4uNYSG5O18fkQz89v57PIRg6za0ACXLdktITtIFzCi5l8hkaBKrjcRj6CORUzGDeSD7jeZFcaaRxyV9nukF6dsJW2Cn3WDjk25h1ikM3BKUYaQurZdk7AN5okQ8jTjcrT+WwBytp/BNlNwMKRlGS0co4FMIpkERS8QxRjhGJfRFyZF1axb/Tw68MDmwMs8jEuAzKunQw8XGdyR2THjuRyKpnnlmcFLF3VJMjKpcUfKwd1NcWwg7XFAM553NbjcoTZ0zk0CNF3Srkcn6wrJTXyPImqupbhmyKU4mon1wiIiKb4TXAlESTnSsUIU+so4oNs05MUUg6KNcM9jbBekofc8gJ6aIsHTaOs57R2gcE2q5MTrT4g5X5MdZ2aaDWUCGi8lsZg7Ix49GobTVi7oSG6pNySWIAts5zBDJRg0olsxUJzgpKvkXKLbbcS22zyepKPQ/A1yvTRyZxfP6VtOxotjLZiAX2xM1xpRCmOtFZynC80R0kP2Fn6UT3q9n6vWHdYILuzyGsu5kB0okhnQS5QY8OWDj1yC8gEHcl3R1t89oNek2QUqOFNguZllikmIKQ23RZXaD+ZJVVEFTENxuohiSzENB3JjYq2Yo2Ns7iAA3ta14T6gC56McgnCPsYCHdIhrls4ntaNU5VFtle6aBslDmv8TrUSOBSywthjksuRBBjqLmtgNhYQQAw6jAWQoeBjAqGfBeJzWcjEncdGssduLXZoMGSNqNhdg4u1316j2SCTgWGouOl5KQx1cPLiI03QzHGcTSLbSjyWXNEHMlAJzocDWGUBTZXPJLUIca78xezUt9H4lHlccjFgklsQyWfN7gSmYiNmQC0LmDkayYqsxCCUG6fk9SfApU2lkQR1bAtIpQUc/kIKTGIF74lcOoNpMRN9+fdOja3ZVYR4d9L5DmV4F8/49HF2r2RaFwGWlGrBd0CzUEhjG2U+G+INcMdOWWC4Ae6YduKWM1+aTf0MDYH82e2X7eXFTJ42eXzXx4k/nctb1d2A6RzthrLCe0Ud24Tk5rTpGLUlNrNN4NPelEcZJHdqSArkEpdOI8hOxKIqoQBjAE1mRyWCQY9su5jDh2tnfvfQjlqmqTd0pB4yeQjWpB1e3ZZcf3lZmn43ewr9g2e47DyL5mXDHSkoA4LaMZwJGBlImjnz7hzHJIbrAVj7ecbaUW1hAji65k0yHuODSuJiHGVzAzGsx3rXFbSs7IX0YXnhGL1MIzXIEbL7GkA080dEW2epi4YjpbkzyKFTRIYI1iFa2VsK7L0o1n3d3W5jzXMPtprer6WRHEOuBrXTVuDJBcKKsTe6k9VHdGRl3SKjIAwwLUACxkKSFA6lrgaUrFT6w2EVMJriain3QeZz+Knmw3nwyK6fD+7GoqlKUApSlAKUpQClKUApSlAK4BK0lNiGYvkWXntdYszYtYzrkN15N5BVnQu4ttmIZ5xLeSO20EoeWl1SxTU4zkTSksmZPHh7YFywOYomONc/pQGSZydIW3Cd+4XH0wY049nLAGmu6OzbThJuTbuIkLaJLktNpQcLVTnQ44tihuu9uCsAsQSHWlqTedzpFkhsuDA8XELFbiAHSIWlXa/YAnqtrjMOwpxgvuVLRUzFByko1jJCUHI/H4tY5gkEBpttKSyagbyOrq4dTk4Q/wB5mCqKUMGVlQwsnp5rLHPxz3/jE+jn/wDiHmP1ngGtRdAZXn1yPc+MOahX5KpU0/4+ymrqa0UWZHZquReOxCHuc0IVXs042EfXnmu92iYk7kZvqIK65EYVm2V0ZPxGCONgFwk1BsE7tF/fdgF+PEryJsZgSXKDEcGvTWnxjxayW4cXJTd1ny30hUaTBJoSKAriguQ0rrqc3lkwCEfTkAXFRVTYgqWmjj3oz6RS9OS4xHEmRuXiKyTxHqCG1TW18/65kmxJ24pSKigaYsSWmEY1fsksRBb7OwOljZFwOZNS3BmQawIq2vH01thLxI7oE0KWdcV3SvVo5qEqXWNYy0GRwiQgeGuZuo3j5tNog3UMovWOhAKAbpTQUrJNdgCkACqF3KUVQFMIM+GZwsyueVejRN6jqtMn4TWhN9cj3PjDmoV+SqVNP+Pspq6mtFFmR2arkXjsQh7nNCFV7NONhH155rvdomJO5Gb6iCuuRGFZtldGT8RgjjYBcJNQbBO52RN8WmBxfPrkji0qEbbIWlbm2yjlFeZUbGxkYOHj0ktBpusglKRMexsdXsnNtcIpqyVz78zNFiSsDfuR3GkrpFL05LjEcSZG5eIrJPEeoIbVNbXz/rmSbEnbilIqKBpixJaYRjV+ySxEFvs7A6WNkXA5k1LcGZBrAira8fTW2EvEjsy9oYYIbjdH4NwDxRApj5aErasQrGWsxVwOUo08D8VpC/H6EuprnXnNchgmushHKE6kxxFl7vQ+K8ip1KVu9jwpnINt/q55jRokSW0XdV0bdtKuq7TXpTW2buky7O6+Qjsc0Uzg6azRnmKmHMDTb73Qt9iLuTGtIraTXa3QHGSQ3cvpBRWyRlYkKcLJ60qFQBRMgwzo9se3vcJvPZfx46NxMXUIkDOjHSrYOzkFb4J0ugCr9oMd1lgRDLqQ5pRASM1HvnJNBPmTB0IlcDA0OMPiIJlQVNg3PHxa6QMravKd9PpojHVWLo1Ky7oU3IAUWohs+F2Sjt9oq5Vg7D5O9WfbzcbLb5cI8rrasnNxHwBTldwJyIvliRRpqty807AMza3h7m/ZaPQzhdlztx3y/KbeIqXc/CiSReevLnW/AavYG+QFldCGNio6tiBmIBiokTOIAggVsM8mNt8elUaJXTVLmfToS/8AMH2v/S+H/YxF9aF93PLA+OjN8m/5Nj5O/Fcf5QfnufOg8dPHTwsa728TfkI/7j8V/Afefd/Df/e3hbvruf8A2PuVZ6OhL/zB9r/0vh/2MRfWz6gMqLm5Cud7X7kN4+9H9j0DiNeBzc9/Kw60T1jb25DgezEhCNB01clx7qAknP5mIyIdzZATuGYJvMg6iBxdaytZXTMCZDuZ6y3kZ3p3AhqbtbtOdCNXUubNj9kgnGuCSvNZSQUXU2BWU2CqmbMr8rvFkJ9jigqKYaEvCEGmkr6Su3LpYViYCsrr7ZQ1et7j2P3396QTyUbymP8AviJdC2E3OPnXo6PfvhPs7/DCqZl1cbpwO3cBxk5xoEl2uZAvYAZtS2k3wyO2zwMh6eH2aeBFjvI9HiUjrz/JtRwmmMhuE+MlICy8C6QcGbKUuKhfAUdNR1FawJE1M+CEIMTJDDmA8M8w8cbl+t/zN0H5+/X2hQ5CHJZvlCPIrCXHHyhxFq0Wc21zEery1s2F0yWZTCjBXWY+SlddcUfvVlTMZVHglrGCUiHOwtllUIgCpnWyQLJ6qXcBtRb3Z/IpycbAQ7t/rnxq6FQpG8ybsbFMZZl4ZcnZyOBtQLCcOohpykcnzIF2djZ3ODwgcZjsDDR0E8mKBfBIKhkgl1WX0ZGMU86/yHOC9zya8PTnIZixAW0OEfSAxuMWPopRW2q6UnsllLVUl+KAEwFZHezsdUzraS4zaWEhOpGbwRBWPtzI3ikHVKM0ATvTl7eCrB/M7oTO2iqKs7H8nQ8FOqKXBpMUQygLJkPVFQV30p2fUhTIoudtI0BCN9dVnwYQnMqgOkstKKWieGUtMQkcQNzG+JrSyaaIjPJ5hEaFEWKxaEYpqmiJPeayqavJryEajbv6uaccrkM6oZNrd5WWWZrrs3pMtSyCwCUpI+SYCFG0isOaTCs7iqktKC+20smsp6kVTwzThRxyQC2Uxc4rS0TVi+mKW9iNmuZTi5ReXqARuOGP4lfa+/tJWQ13c2dkWRsttAaNtTBKbTx2UZqmkIDHWERwI7EHajKMR0AfVTRkVDPKBfN6N1Uw2g0zNvOr2R/vvq03d10RSlKAUpSgFKUoBSlKAUpSgFKUoBSlKAUpSgFKUoBSlKAUpSgFKUoBSlKAUpSgFKUoBSlKAUpSgFKUoBSlKAUpSgFKUoBSlKAUpSgFKUoBSlKAUpSgFZQ+mR/ij27+l9DX6lS9WrysofTI/wAUe3f0voa/UqXqAn/0b78SXoP+b5//ALbpPq72qQujffiS9B/zfP8A/bdJ9Xe0ApSlAKwB8+n9Ka4V/wDhyf8AUUmSt/lYA+fT+lNcK/8Aw5P+opMlAb/KUpQClKUApSlAKUpQClKUApSlAKUpQClKUApSlAKUpQClKUApSlAKUpQClKUApSlAKUpQClKUApSlAKUpQClKUApSlAKUpQClKUApSlAKUpQClKUApSlAKUpQClKUApSlAKUpQClKUApSlAKUpQClKUApSlAKzi82MHTVK2+HAq8Iuh+UZJaUPb2ju+W3QwY/djxbsWtO7ihEezokZbbqQopjIbtwUlVGstuY0mJtwkxQEsZ7QmZuHo6pQER97UjbtZ1PmQvoc7GkztsijeLK8OKD6R0JbayquIyunKai01Is5QRkIoO8W8VV2yjLCtYNMQ15US1dUGCTCZzKqBJd5Tt95v0Wf+pahwzcjAm/MtwU59fXcpKcFJiNp0A/3wyjjBc8nltgh3KE0M2LkKqnXWnIgpQmS7v2rXNOUujB+OQurOlBmxRBAGjG9+lvBbGunepsss1l75xDExxba7pVktrPFiDSa5ZMW5gfMaY5vdEVm6YSz2Drccbtp2KKYAQJKGKK5TeJVKBNgVDyceTzf2fNHX5qMi8PvIYl8gMxwq4dfXetOSFUluagNh8vhpmGE9JTS9kTTnwYigzioaqpOtqk7gAEhlAMshqaiAjA5OE3qipQGf1vaPchOivB1DGqPHvKDKS93deWWmuW+aohs5yMyTXMvvByyNMkXoh2TEc0hJoCsuPhwAsN0KxJDubPISAWVjzWTFpVOJ0Q92eQTd/f3SORdGoP4heQeM9rtm2F8ikkOCeIeLxvqpEJB2BlEaVnER2EW1/FvvhEDRh1smyjZMilGD4BkFbPAFTxAFtrGr6lRszuaEaq5y9VVWIoaKa0B6baa6yasWWS7jNQRCzCjhYcZMIYAi4XIgIJQB0LyeXMY4mCycsuO6opJ5UxbvgsSMgAD5ZCh55XlfSlUorOLwtwdNUWchXPi9ZPh+UY4Zsx7otR1RE7X5H7saDZlRsFledhTDjjhecKQnJT4QQA1hJEGWGybVE8LBUTs8zGOJ0tcXR1SgKauRPYXko1K2J17nDX+A1zcDQzJEWWxtRAcHsdNcu1rYcgmSvkgyZGhYyrET72R7hH0THNmJJXMbA22VQsqqKcSdZFZbtfSs2tl+aPkf0amN06d7KacaB8dLxWZ/7tuGwgYcmafNj7CIpiPU1vxEbVVpaTWqxlxsoa4C5D2V086k5OwmbHJqys3yQWpqlXxvnj5EGZn90zZXihkF5/XXN0v72aT62vnR7kG2e4zYiALbGbRo2nOtMgy4XniUe+HWVjaI1lVJjNhmKTaZw7eRFB4JeT4ImsEeRFkXEoI4khuDkrLYI5mEd8P2IIKbvDzzUQm33W6mJFaG65D4+ysbwjFCOsKiY1U1cei6RlE2SYsYskkOCdX1MmkGSrbbCaaMl04UIngXyvNpUApSlAKUpQClKUApSlAKUpQClKUArzoeHf+lw8g354uSX9tStXovV50PDv/S4eQb88XJL+2pWqLLz/AD2hFl5/ntDa3yhaBsjky0pmDUd5rHioaexJNW4/feBLwiKwJOaR8JbZbpuQsKBmeTg1ADJHcqcCOWMqbTWF5MJnCJs4AdL1Ya38lPIBpZFLS1s5F+LjfCaZaiBuprBSdj9CYrIbYxZP6E1CYKQgv1UzRnO3VxgOtxpJdPHWCLjKBXPrHhJYUyLHzN5NZK0pUqmn8ptnkz46qA8q+8m+CDuTO6TLHHboPELWU2/EelS+6kzKXdkl9UDN4fKDsa2EQY+ns4gRNGAj5dtKJguupeSEjNxKKn0lSc7wcPJ5R5h9oYdvJsfOvhc5JHROiAvvFHizCE41Q5u1ukhNBVlEtGznVdh2QujkGMmONIwSFZ4ElNonVRmZHDSfgWWThMULC+elL52RKx4ynLlEHR+dBJ30g1Nk91bZFSCXtXuJsE+9oJpbKeeIKQbFPvMMgXRmUaUEk2fSjiqTxKKblWbpygfKJ6o6zaEEfPYpFjg8Bdd0nbvgv3B32b57RnZ7cnQXcTYJc2hhmRdK2UQmmTYneT2FNjOthvmHwVtHcoieSLGENBwXcRCoFiTQIqyVm5TDgU01sa2aUzr61GdfWpkK3tE24593hqxqVH+gm3WomlcebGsmetpZ63djopr+6F5vsQotJYDEjOMVFcWnI4RFlKcrhxKGwwxc83Pk2R1go3G6mKqqa160pTM/dkGZ+7IKUpQClKUApSlAKUpQClKUApSlAKzi8LcHTVFnIVz4vWT4flGOGbMe6LUdURO1+R+7Gg2ZUbBZXnYUw444XnCkJyU+EEANYSRBlhsm1RPCwVE7PMxjidLXF0dUoDILz+uubpf3s0n1tfOj3INs9xmxEAW2M2jRtOdaZBlwvPEo98OsrG0RrKqTGbDMUm0zh28iKDwS8nwRNYI8iLIuJQRxJDcHJWWwRzMI74fsQQU3eHnmohNvut1MSK0N1yHx9lY3hGKEdYVExqpq49F0jKJskxYxZJIcE6vqZNIMlW22E00ZLpwoRPAvlebSgMgvP665ul/ezSfW186Pcg2z3GbEQBbYzaNG051pkGXC88Sj3w6ysbRGsqpMZsMxSbTOHbyIoPBLyfBE1gjyIsi4lBHEkNwclZbBHMwjvh+xBBTd4eeaiE2+63UxIrQ3XIfH2VjeEYoR1hUTGqmrj0XSMomyTFjFkkhwTq+pk0gyVbbYTTRkunChE8C+V5tKAo03G2N5MNLd7G/MaPCMtbucX8gRT4sOiHNXotZTz2Q15mwmYTsgnwnNcqAjSJKjRXiqULl3mC5TaeneNDnsbLJhttMsk6IVtRibQcsnMFp7u26NRdgdONKOO1myWcZOW27LCiec5ymaSUwwki4pMUDKSkvtpppBku1FkBTV7CFBiDTPYCHgFd0gIqHqfpTMysyNVZvjNCmphE6cV/JVx2/nB2N/VyIa29RL/JVGX5vmZ+ribWIXpxX8lXHb+cHY39XIhrb1Ev8AJVGX5vmZ+ribQpmMUNWN6+Fze/ZbanR7XZb3f4+92nb8p096uxqupSRPMCy2YPqakrPaJm4tZhlHohm1FfXRE1utgHM0ooqkSZy+SQCrGbL1OS8dvMjMEotJdYsA8MHLo5pVdCEpoqMjzrro3dXYxJqKoQHIh4uqZ5Dfqg20UkEMPjkKoJ6cvFcQsBBcxA8O0vnfxSlJaJSFXEvint3MfTU4wNstOOi9bTaUvNlZSdsy7m6/XmTi6BiThldeyOPiQGYrEGYkkm8hZqDqdKUmpooq0E1SCulhmMDeKUpq5ArZTH793e0rnWXejz6TFYwjp9k92dFIC0K2XhhgBs1wfKuiTdrxGDBKO5i4McNPwel3wWbhh6poLEATsV84+UpGRs06yoACGDqIpT/MuE96LVFgvuxnN4S9c55RtQ93tx9oooekX7dckc3T1Or6ix4tdyN+QWCyk7xoaEORMeazhS050lQG+Dk51VnEFFMLqIraeSLhYmHnnjhlXvqDq3s02eiUTjre5NdJ2b+xCtHmzZJKgVbiKQEqaFM4vzUvKqEUT4tPt4u+DppaSxgVJJLlkIUVRIChnCeAxfPES+zqlA"
20:09:00.241 [Test worker] DEBUG org.apache.http.wire - http-outgoing-0 >> "Vz8QzHekacXuhEfyM0HQwH4ztWYebzuZL2QFZqu5qr6Y0U4spIbjba6UILKGsJ5nDMueTFMkVOlB8MgjAAYmN8bWMUpQClKUApSlAKUpQClKUApSlAKUpQGcXmxg6apW3w4FXhF0PyjJLSh7e0d3y26GDH7seLdi1p3cUIj2dEjLbdSFFMZDduCkqo1ltzGkxNuEmKAljPaEzNw7gt7UjbtZ1PmQvoc7GkztsijeLK8OKD6R0JbayquIyunKai01Is5QRkIoO8W8VV2yjLCtYNMQ15US1dUGCTCZzKpcUoDKZLvKdvvN+iz/1LUOGbkYE35luCnPr67lJTgpMRtOgH++GUcYLnk8tsEO5QmhmxchVU6605EFKEyXd+1a5pyl0YPxyFm7rtpLvXo9wYRvqJqjITCR98YfiI6tNZZcRBEdUfmpOc0nLMwvmNwx3QVuhjkTgTqcsbtV1qoBRJKKNkVyKFiaSEaDwvWpQZmdGUyXeU7feb9Fn/AKlqHDNyMCb8y3BTn19dykpwUmI2nQD/AHwyjjBc8nltgh3KE0M2LkKqnXWnIgpQmS7v2rXNOUujB+OQsl4+0h5JNGuCWENWNGZOZaNvlALRDdwpdVSWS7Ge/Ft0P93SbJ8MpSpIqUdbRO+Iz8U0VmO04XSSp5VayICbVG2iLagokNDlKD2mbZwZQd2eQTd/f3SORdGoP4heQeM9rtm2F8ikkOCeIeLxvqpEJB2BlEaVnER2EW1/FvvhEDRh1smyjZMilGD4BkFbPAFTxAFtrFqK7rQHptweyLqxZZLuM1BHGxLEcLDjJhDAEXC5EDXp0gOheTy5jHEwWTllx3VFJPKmLd8FiRkAAfLIUPPK9ttRB5CP5g+8H6IOyv7GHrUbKZ8bEbKZ8bGX/oS/8wfa/wDS+H/YxF9and2ZbkWCdRtjJch+OnvLUuseInoqxRG8csxekF4PCTREcwQYCQmNBsJqwuK5cV2nEgVa7wSz109CCU1QwBkVJD9jLF0Jf+YPtf8ApfD/ALGIvrZ9VKUT9HK0xe2l/F3FSLMDWc7Qn6d3a+tj50Q3ylKiK+E55yIqBkEJOd6WvFyrgS3Knxs22MA4klcLl1NNcXhgscLgmbDY1yXkPn7k81I2tgKd4GhB27iceRhoqrV2a10gdjNVx7PNN73EXc0mTWCXPCEHM9EoUsdbty7SRjmRXvttLyevGkMFzIq0n3Z0pmg/NtPDaRhHWCqZKZaK7Tc0fJJxoSA1tF9rtNtR+PCYz+x8hS9utGocFSLIL1JqrGcDcj2PIuPq6o4T6SdU49TE5QWAjA5IyTWlQ8r2Q/F5GKOvtPdqHdtdHuaJscukOauShuzrvKeq1tXJ/jaAyRB07BRKMnL6OtlHawI3OnSBp7ElKzTagxQsjmcbZC3e6YvHG3ifbqiq6g6U3rW31L5iEh5Z504hL5iZDtqx9tecbbjjzZsbaE7caeao6fbNtHaWbZ93djDHX96LhxjqCWcIsWK49UVdUcSmMqECaqkl1cpmpYCOBZSVRXT0BAa46it68aUpmehnx8ClKUApSlAKUpQClKUApSlAKUpQClKUApSlAKUpQClKUApSlAKUpQClKUApSlAKUpQClKUApSlAKUpQClKUApSlAKUpQClKUApSlAKUpQClKUApSlAKyh9Mj/FHt39L6Gv1Kl6tXlZQ+mR/ij27+l9DX6lS9QE/+jffiS9B/wA3z/8A23SfV3tUhdG+/El6D/m+f/7bpPq72gFKUoBXnFdKljh9TVz18dkKRS6AI5laWYG1JjiNpO8KuNEMsV9P3cvYVps50XV24KKrJADWcionuCyqgEM3GQEJ3NJgohkEsDb0dawB8+n9Ka4V/wDhyf8AUUmSgHVn+fH0x/2nNzvuSnVn+fH0x/2nNzvuSt/lKAwB9Wf58fTH/ac3O+5KdWf58fTH/ac3O+5K3+UoDAH1Z/nx9Mf9pzc77kp1Z/nx9Mf9pzc77krf5X5a4tJbaRFhxLZvEgioCWoLSuezDGFwJJaUUGPHzeYRcMYwLiXKACjZBgBCjZ2wviEHnnfHG4GBfqz/AD4+mP8AtObnfclOrP8APj6Y/wC05ud9yVc9C/IFzdcgzYfux+herWj8L6tI70djUiRu74qewpLYidiDJUBU1QcqaQjEyitCNi60cKm0oiRdwB0BKcARlNFWVhKIDuIWbfG9y4sLdbS+bNnJcYprW556hOKV2LuFG6qp+MRWLHRCbd8bHwqpCuAWLGlhr5NuwqiWyGJBHSCmQXm5kIq5omKyph4VL+cYzDdWf58fTH/ac3O+5KdWf58fTH/ac3O+5KuD1w5Dec7kTiZS3F0i1a4/ot1RW1h1hwcwduXlOpzYub20zVpRQDK6nLUZKCVGbHu4lVHUkpIxdRPBOJrBcXC6mrtbAo8lK03iu5Gm/wAlWuStKQkeKkLTHFMlu2CNj4NXVHFVVIpmhhZlMXEghKfeieKrIhssfIqCSpCpxMTDMY+iGw7qiGo3pmdXCzbqKe5UvdDJf1Z/nx9Mf9pzc77kp1Z/nx9Mf9pzc77krU/zY71S3xu8dMy7dQc3Y5dUkx2vxQlIqJK6Q5lxjmi77lJpMhXzVE1oO9irw4xZKXjhhNyKOUjgCoBlhTQZwtgKUGsLg17qsmQpD8kLxdPKLkgxbH73WSqQEZASiyq62mkLyiXTADhs+cBTwTh8YMkEaPHTIZbELAc2ZFxzGzZnsZnswq9Wf58fTH/ac3O+5KdWf58fTH/ac3O+5K3+UoDAH1Z/nx9Mf9pzc77kp1Z/nx9Mf9pzc77krf5VenJ5vuR45NU3BsCDEz0nd9HnKgxxEkOsUooiqr+kx24KAqElqKkmpK4K3G2SIpKssr6/mlHsi5FNyIp5M8tKKUQNgZDurP8APj6Y/wC05ud9yU6s/wA+Ppj/ALTm533JVvuxPIfzpcesKJ+6u7mrfHzIGq6EqMvOcIu1bek6J+y8KNh9OFIbZRSPL8jKizFD5PtxWXktHXAGqAImjrZgKwCmUavf7wSrKt9uSNb1x0xirZPVfX5+7iPvZlQi5C1vj9mJC8Gjqucwt7xoaz8ktaTUtRFZceJiFmWNKZ88GT76V1JEbwiihhKhtwoycvmGvUQkZR/x+omVjqz/AD4+mP8AtObnfclfATozvPjkGJjbmMwEvlhnawYmzu51gxL3xvbtBL+AROxhl/8AG537nn2Mb3v2mX/xt7jpn5NeWzjVcWt0icocJaEuzVPYGZ2fBDkeGlbhnghIsAPJ+llJQRD7zTZjPLCO+0cimI60aO5tIBPLnM0JTLYKicaNN0Be040E84yiyVDAH1Z/nx9Mf9pzc77kp1Z/nx9Mf9pzc77krf5WX0bki5etiOVXfPQDStF43m2ztOScfLpR0bRMnZ065XChvVrM9QyAMqkTywGlnVUstuA7bG4TSb5PBKCKh3uYN4DDDgVC9Wf58fTH/ac3O+5KdWf58fTH/ac3O+5K0/QsU588JXYOexLg4gTMHYuRPvKIELM/c8jK4rP7e/hXBgm3y+FBoF3JcLseDxHESMpeOfZ75Cyxr7nILyjuTUuTWlrBrrphsbu3t9JLGBf7LjmMmubb0ToDWOray2SjnledFciZazKRQ1tDPAGrhFFS5K2BWy+abRdXSjxoDLr1Z/nx9Mf9pzc77kp1Z/nx9Mf9pzc77krSvwS8jM78nmoEhT/sSxYvjl/NLZuUYWBa0TEnKUbxFAZDfYCqRxUhnQ8nuaVXGCddSmTU1hOUk9GUQyhMYgiELd1uPalOE0RzrnD0mTxLziLNOMojZThf73cBrsZYp7fbScOpHrli9ssRT6kZwAsTSUstbM6rKhgmmEQhjhsALMDCt1Z/nx9Mf9pzc77kp1Z/nx9Mf9pzc77kq93gb5dtj+VVf3n+XyHY6hRJ1/f8Vk4naLVQ3mlPkmyJWKSSvpRGWjrpeznIrTxTm822vgbPNxBYxDNQMLA2beK4GCpFN7D5FN6+QBj7/wCpvHxx2N3TpQkycYOmGdJAcm4STNag0Wq12Eolk9uCEDkKu1FWU2ywbTHOmCWNN1yWPqgqKHgMili54cyBnf6s/wA+Ppj/ALTm533JTqz/AD4+mP8AtObnfclaztLg+YrGR3JlyInONESIrMg5i0ANLk7aMGR8pHyXkC5AVyGpxVDDYwZATYxdOBwumExF4deGQBATJZPLKIRutraPkj5PVDmNWuLnRpB0MTyCZrEhbChvbbBn7BqpvPtxgCzhSc1WIJRRwcu2GUU/JGL4ssPtAgznfyqJn3C1wKVurP8APj6Y/wC05ud9yU6s/wA+Ppj/ALTm533JV2E+7vc8/H4yljYXbDUfQrbfWhhlRV2XTWhzznpiS5HDGJ3vmuvwy1p5zcxZwJLZIWzVVUq3gj+IBAAwfW1NtIRRTX0y8bVHaKHd09eIq2ggNwiOaKZfbQbjbJ40XxJKpEQE2aSV1uOBPxGM4pjnabiTlVsuVNwMmgiK4knywBs2AGEaGZ19pOmio7Ovu6OjwVHxE9Wf58fTH/ac3O+5KdWf58fTH/ac3O+5K3+UoDAH1Z/nx9Mf9pzc77kp1Z/nx9Mf9pzc77krf5SgMAfVn+fH0x/2nNzvuSnVn+fH0x/2nNzvuSt/lKAwB9Wf58fTH/ac3O+5KdWf58fTH/ac3O+5K3+UoDAAH0Z3nxxxva/MZgH/AAxL9qHs7udfG9shM8rZ3v4Bw/hiWv3QS3a37AmWdu3E7HdMvn1Z/nx9Mf8Aac3O+5K3+UoDAH1Z/nx9Mf8Aac3O+5KdWf58fTH/AGnNzvuSt/lKAwB9Wf58fTH/AGnNzvuSnVn+fH0x/wBpzc77krf5SgMAfVn+fH0x/wBpzc77kp1Z/nx9Mf8Aac3O+5K3+UoDAH1Z/nx9Mf8Aac3O+5KdWf58fTH/AGnNzvuSt/lKAwB9Wf58fTH/AGnNzvuSvtkujTc9RYbMQxzCBHQ8iigXxBG2b3LvhgOaIGSpU3a2aAJj3UgZGBPA3tjbOwxcO4YgQlsRcN+NKAwB9Wf58fTH/ac3O+5KdWf58fTH/ac3O+5K3+UoDAH1Z/nx9Mf9pzc77kp1Z/nx9Mf9pzc77krf5SgMAfVn+fH0x/2nNzvuSnVn+fH0x/2nNzvuSt/lKAwB9Wf58fTH/ac3O+5KdWf58fTH/ac3O+5Ku25LedWY9cTm0MaaPaFzPse/tR22tr+w07Sk2VqMdT4SKorUKPUyMecikOhLUrq2LbOFVYk0G0qs4Z0pR4mqMhyOUAXAMS3Tjm2Ne+3mieqWz0kpTVRH9OkJMiSXakMcirprQTlxypYZ48UbhBeXHKtFEkIXO+JQBTX1c4GH2LDHx8uzncDGr1Z/nx9Mf9pzc77kp1Z/nx9Mf9pzc77kq8J9b1cvWwfJHvbpzxzt/jeKRfo2Q1xLO967houzuTiXHRPEYXfWSUkKkKvMVJO+BlFNciaYLmmqh5EQk0HHI6qjDZC4206VYciOLNeN+RczpcNIV3MBZgYaVEpxKs0Nm4pRa5rN4izmfNrYzmEW8jdgA0UEBKBSgi2Qghg2OLiXD85R04UxqdWf58fTH/ac3O+5KdWf58fTH/ac3O+5K19cnG9KPx66jPmd8EQF8SmpnkaLdcom7UyOfmHYiRDAiLF8fESJAcspHy5pWuKuuQFMHBUgmehOE0n53PAFgxOkOD/feYeSzj0jbbOdW3GrTkZ4vOUm6posSo7oQmUASZD4Vm0lCkE54vF+LoRowQIAiqGZhyGgRTeQghYAoDfEDADLp1Z/nx9Mf9pzc77kp1Z/nx9Mf9pzc77kq6RK3q5otuNy+QGHOP1A4v0aCdKJxQILDce26Jtd4+uh0CtAuoukMJRhx5nW4pXQnITWS5m+Tea9yZA6hlMQVUyGeUcrptNsN6cIqVPKDmNTTE35PdWyRfmbEpgJxUDHHgdvYoQSp8tp887jL3u4MXWMrGCneqDZHFbxcmWudLqRoyBiyt0Z3nx7pnl5YzC1r4B27pbZ3c7umV8chL3wzt4Bt2MA+2tkHfumXZyEEt2mHY7YT59Wf58fTH/ac3O+5K3+UoDAH1Z/nx9Mf9pzc77kp1Z/nx9Mf9pzc77krf5SgMAfVn+fH0x/2nNzvuSnVn+fH0x/2nNzvuSt/lKAwB9Wf58fTH/ac3O+5KdWf58fTH/ac3O+5K3+UoDAH1Z/nx9Mf9pzc77kp1Z/nx9Mf9pzc77krf5SgMAfVn+fH0x/2nNzvuSnVn+fH0x/2nNzvuSt/lKAwB9Wf58fTH/ac3O+5KdWf58fTH/ac3O+5K3+UoDAH1Z/nx9Mf9pzc77kr4B9Gd58ccb2vzGYB/wxL9qHs7udfG9shM8rZ3v4Bw/hiWv3QS3a37AmWdu3E7HdMt/9KAwB9Wf58fTH/ac3O+5KdWf58fTH/ac3O+5K1sciPI+haDpkXoSTrlsbtbOk9HXSjwjCWvEdq7pUHSrtABCHWxXW7wihhDYTeTQ3GlDn1U2ErqoZDM6pkW6pJ6QrGCMMOFXlC245C5Q5C4523gOL9cXVp9K0bx0lRkxD6043O2TjoAkuzpb0jvgy8HA2HouoR1lkCpdYZqAzkrLIVQsImmL5gZFgM+3Vn+fH0x/2nNzvuSnVn+fH0x/2nNzvuSt9qqqpiElqS2tKJFIRkcgcVVZWUzQBFNS0xPLiGz6ioHTOYRYmRJFQRTJs0YEDALgBCDC54B4ZZWzV8UnOVLnJbyY7Xa6E4vj9n6gR/DSzL+tTyybL5SpokdppsmsWOUJ9utSWnqZbAjVf4Cs4ne3ktNjtuKRBJON0oYVVPIicUFkMz0pTN1Z/nx9Mf9pzc77kp1Z/nx9Mf9pzc77krS7y6b17YapOXRCC9I23rw49id3NkDsOoN9m0uSVWM0FqojSMK7jcp4OKnW1nWSujKSk2TB5RL2cGJdG8JhBN06dMFRivNNWwudv5bmjlusd4lL634gOO78C1bS9xcZuHM3bKvi0Q2iPLKvkwyoGLyyQRnGMsljYmbZCVyyYDgqmCRssBlu6s/z4+mP+05ud9yU6s/z4+mP+05ud9yVv8pQGAPqz/Pj6Y/7Tm533JTqz/Pj6Y/7Tm533JW/ylAYA+rP8+Ppj/tObnfclOrP8+Ppj/tObnfclb/KUBgD6s/z4+mP+05ud9yU6s/z4+mP+05ud9yVv8pQGAPqz/Pj6Y/7Tm533JTqz/Pj6Y/7Tm533JW/ylAYA+rP8+Ppj/tObnfclOrP8+Ppj/tObnfclb/KUBgD6s/z4+mP+05ud9yVnP0647N4Z05cNg9I4f20tGW2cYvLZNCkDZC0jy6g+OaxFD2NoEjqnjw1yQslKl30tACqtx1sqGaVri98L1sDd8rV7FledDw7/ANLh5Bvzxckv7alaovynKoRd6ontUc7i6s/z4+mP+05ud9yU6s/z4+mP+05ud9yVujnecos1ohyR58m13J7EimJ2qpvJ8OpSsLmAloqWF2+eIBUsGMdU1Q+YzLpiIipxc0qriycIJCUUNqJ0qWFoCgXke5keS5IMTTx6acao636jqB9QBi+ZeRZ1S4qPGbEQgbME/GlpxVAY6Wot9OMGA7Bhiqa0rtofuJu6K9F8UEcuWpfKeVTqf+LsUs9Wf58fTH/ac3O+5KdWf58fTH/ac3O+5K0JRRyUb3wJtlFGm/KJqE0Ec5sAIZIwht9ozaU5R1scDjKDEy5prSCz3ainZMiTIoMoJoZ1zOM8dSCIqsUOny5VnlFd6J8Seenmv3b4ydjoQiTVOHte5Wbzx18f0+SIVlptySrO0BCjRwKV3dm1VJlyoxktOJJTJSFJfPZqiAvClAk8+o/9oAL2ThQKo+rP8+Ppj/tObnfclOrP8+Ppj/tObnfclbs4aldnTxEMWzfHh/wowpgjtmSey1H+L7Y61n23U5zoJgSwWYmGAwiYqFshg8RM+5C9uHfK98b1lZ3/AOkE7WQJytt3S/WmLdeXjrcz9gdNdX5+kyQ21I6++EuYNnza25VFEZi21JYZrVI+CY8SFImSLKrScA6Q9Ws4/C4qgWzCRiIe/q5Xl1Z/nx9Mf9pzc77kp1Z/nx9Mf9pzc77kq+nlI5Ht9Nf+QvQnQfSFu6iGXDuY0pNVBnZtU15lXUVurbBCPqoWIZyI5IaR4klGkZIPhCB5N1wGxVMUpfEcqV7tfH"
20:09:00.241 [Test worker] DEBUG org.apache.http.wire - http-outgoing-0 >> "6stzZ0kbWtkuKZHXAnFLtmxmEjqDnd0Va0r21kXTYrt5EKiKa1kzDUuqbpaKioF0wqbGLp4RdTXj5jEEmiNxcUBgCA4FEHVn+fH0x/2nNzvuSnVn+fH0x/2nNzvuStiXG/v3EvJhqRHG2kPJ6u3kR55LCI5WQ4hSphwx++2soCJToaCsaI/wDYz/eZnAFRSFYtgBgtNxURVjMkmjHxE0pOqgMAfVn+fH0x/wBpzc77kp1Z/nx9Mf8Aac3O+5K3+UoDAH1Z/nx9Mf8Aac3O+5KdWf58fTH/AGnNzvuSt/lKAwAB9Gd58cQw8b8xmAd8cMLXDD2d3OuGHe2NrdoHfwCH2cMf/jcL9zw7ONrX7TH/AONt8+rP8+Ppj/tObnfclb/KUBgD6s/z4+mP+05ud9yU6s/z4+mP+05ud9yVv8pQGAPqz/Pj6Y/7Tm533JTqz/Pj6Y/7Tm533JW/ylAYA+rP8+Ppj/tObnfclOrP8+Ppj/tObnfcla2ORHkfQtB0yL0JJ1y2N2tnSejrpR4RhLXiO1d0qDpV2gAhDrYrrd4RQwhsJvJobjShz6qbCV1UMhmdUyLdUk9IVjBGGHCryhbcchcochcc7bwHF+uLq0+laN46SoyYh9acbnbJx0ASXZ0t6R3wZeDgbD0XUI6yyBUusM1AZyVlkKoWETTF8wMiwGfbqz/Pj6Y/7Tm533JTqz/Pj6Y/7Tm533JWnTks5JZT1nl7WTSfTeHWnsBvluCccpuNmlITjUWzE0VRsyiY552TLMaghYZOMZqEAiKrimoiGKnH1sJvuoUkq2VEVNb7l6whTcLl0hzcKHtZOQ/USFpLjHYVKXcmZttxzNfYl0RNDjpbwAGYrd2MQZLKOZaZCSsGThEmnvlQVW83Q8lAkZL+GChR4CswDO11Z/nx9Mf9pzc77kp1Z/nx9Mf9pzc77krS7y6b17YapOXRCC9I23rw49id3NkDsOoN9m0uSVWM0FqojSMK7jcp4OKnW1nWSujKSk2TB5RL2cGJdG8JhBN06dMFRivNNWwudv5bmjlusd4lL634gOO78C1bS9xcZuHM3bKvi0Q2iPLKvkwyoGLyyQRnGMsljYmbZCVyyYDgqmCRssBlu6s/z4+mP+05ud9yU6s/z4+mP+05ud9yVo95S9692YK2n48tKtAG5qyvztu4f2QMn1La9JlpSj5mteA2E231mqjmIfdrdcaX4UIm3MHYxdKc+JkdHBKhkiPbiG8u89Qw+bK0u45b7HOLPKBcWyt3zD1DTdtMJdFeV8yOLcwxGmZVEZgDZxDupCLYly5lVzzDIgEQ8MRhzAAHm5c4vF5yEceDV12Wd3d1PnZJUpOCR0uPU75U5ukXxJUGqmtA04jvcJbIkyyV4bLLiQB3VEuIMb8GdoftYMAt2bvGl0bLnhW2o2VlJ5gvBqUrt5FU0xO+cvuOB3gnn00sbJEu4FkW5YHvUsKGB3Ive4Afc+0CvcO2N67i6cV/JVx2/nB2N/VyIa29RL/JVGX5vmZ+ribQGETqz/Pj6Y/7Tm533JTqz/Pj6Y/7Tm533JWhXYLljn2SNwJA4+OKTXRkbNT9CJUiNs3O81PVWY+qGsyiq5CApbUdyo1SZ13SC9szQRksqtRmjE1VMNpywmkAV9TbT4KM7ozYPkg5guMFHQp65IdZdMp502ycbfbkqytx7rk3oz+gMu5VMqjJzqdrAn04qWdyEKrHCyUUyRVFEIGFE4QJKa83z6ilE1JRIy5y/AokZc/NJ0KXerP8+Ppj/tObnfclOrP8+Ppj/tObnfclbyI3kRky9HrGlaNXEnu+PJKaLcfjGdSTnmImONou1IKLrdWyGQuAQ3eqmknihwHEYIIfDAa2AwQYuOeGNQnIDyQzjqnyRcU2nseNWKVmM953nKTdlpceaG71F9N0kyMmPZKFjpTQ303UBJNGPGU/4QzcrYdwIvcinewBTuY3dwM2XVn+fH0x/wBpzc77kp1Z/nx9Mf8Aac3O+5K0r7VcjU3QbzD8b/Hy0mtFajDO4LBmt1SW5nEiO43JyGoRuy5AcaGCxVlNfCQ1UwmbPNROCVg19luYccqMdwJmCIwgA5a6WgMAfVn+fH0x/wBpzc77kp1Z/nx9Mf8Aac3O+5K0o8GHI9OHJtrjsTL88tWKWk5Yj3SlzXJtkYiQ3cgoZ1kMJiRG6EdVXCzyfL+PmXUZPv5YBUjxBTTUgYmWTQyqGTGBNGDl1dAYA+rP8+Ppj/tObnfclOrP8+Ppj/tObnfclb/KUBgD6s/z4+mP+05ud9yU6s/z4+mP+05ud9yVv8pQGAPqz/Pj6Y/7Tm533JXwt0Z3nx7pnl5YzC1r4B27pbZ3c7umV8chL3wzt4Bt2MA+2tkHfumXZyEEt2mHY7YTf/SgMAfVn+fH0x/2nNzvuSnVn+fH0x/2nNzvuSt/lKAwB9Wf58fTH/ac3O+5KdWf58fTH/ac3O+5K3+UoDAH1Z/nx9Mf9pzc77kp1Z/nx9Mf9pzc77krf5XAJWkpsQzF8iy89rrFmbFrGdchuvJvIKs6F3FtsxDPOJbyR22glDy0uqWKanGciaUlkzJ48PbAuWBzFExxoDCF1Z/nx9Mf9pzc77kp1Z/nx9Mf9pzc77kqyNydIW3Cd+4XH0wY049nLAGmu6OzbThJuTbuIkLaJLktNpQcLVTnQ44tihuu9uCsAsQSHWlqTedzpFkhsuDA8XELFbiAHSIWhnfncyO+PnUGcNwZSTFRdaMMNgmq3bSIKAXV3W5HC4EdmMlqEDZnEQuQFcrzcaCiiqgwJkFHLHR1YcqZBJCACAYw+rP8+Ppj/tObnfclOrP8+Ppj/tObnfclW9KW+HSEG7qdnyILOpHHCc14JxjjsKq6rJr62HL7ekIM8B4vMwZEfxgY1D13qQY1xHGfRgmwOpAlAhCgTdHdeGTNqydY5fdZkLilI8tiiWcYMIqcTpr8TmTfvG73OvdVcGDAKxAXysLdMGdGMqXEYRlUCFERCwhU64hR7IJQc1gK2el+TK91Z/nx9Mf9pzc77kp1Z/nx9Mf9pzc77kq2FQ5F+kBN3U7DkhXtH9DxtYAmWDN6pqgmvueQt1UeAs07FyDOk88zXdYkstEmZfJ2KCRgy8nInotr3NMvBfAPNkpbIPyWRo/+J1+8osF2LqbPT9TZa2BZqC8QBM+93nG7PdZgzG7wKo6kTzFUkaSGucYDjAR1oAIwokjmKSs4lxSqjQnSyXRccyddWf58fTH/AGnNzvuSuoNhOjr84UYQHOElSBy1eOjDjyIJLfL2Z3zjdu1TxsaLSZi0vuRteDFtGwRlHw6jJ51L7xV88Ew3313ufzxKiC3toC1tm7pMuzuvkI7HNFM4Oms0Z5iphzA02+90LfYi7kxrSK2k12t0BxkkN3L6QUVskZWJCnCyetKhUAUTIMM6PbHt73Cbz2X8eOjcTF1CJAzox0q2Ds5BW+CdLoAq/aDHdZYEQy6kOaUQEjNR75yTQT5kwdCJXAwNDjD4iCZAeZzwl8S3JNyCQHLElaV72fNVYbLl/NjOtnfK5PUeeMTuxZjXX7uXwZE6ecRj3ZRlhMS+/lLPFT/7v73vh3qCXve5/qz/AD4+mP8AtObnfclS+6Ev/MH2v/S+H/YxF9aF93PLA+OjN8m/5Nj5O/Fcf5QfnufOg8dPHTwsa728TfkI/wC4/FfwH3n3fw3/AN7eFu+u5/8AY+5UBkq6s/z4+mP+05ud9yU6s/z4+mP+05ud9yVac5uQrne1+5DePvR/Y9A4jXgc3PfysOtE9Y29uQ4HsxIQjQdNXJce6gJJz+ZiMiHc2QE7hmCbzIOogcXWsrWV0zAmQ7mest5Gd6dwIam7W7TnQjV1LmzY/ZIJxrgkrzWUkFF1NgVlNgqpmzK/K7xZCfY4oKimGhLwhBppK+krty6WFYmArK6+2UNXP8cj85Vs4MwnVn+fH0x/2nNzvuSnVn+fH0x/2nNzvuSr74Q5LN8oR5FYS44+UOItWizm2uYj1eWtmwumSzKYUYK6zHyUrrrij96sqZjKo8EtYwSkQ52FssqhEAVM62SBZPVS7gNqLe7P5FOTjYCHdv8AXPjV0KhSN5k3Y2KYyzLwy5OzkcDagWE4dRDTlI5PmQLs7GzucHhA4zHYGGjoJ5MUC+CQVDJBLqsvoyMYZEI66Lpy32ZwerP8+Ppj/tObnfclOrP8+Ppj/tObnfclXrNXk15CNRt39XNOOVyGdUMm1u8rLLM112b0mWpZBYBKUkfJMBCjaRWHNJhWdxVSWlBfbaWTWU9SKp4Zpwo45IBbKYucVpaJqDM+77KYA+rP8+Ppj/tObnfclOrP8+Ppj/tObnfclb/KUBgD6s/z4+mP+05ud9yU6s/z4+mP+05ud9yVv8pQGAPqz/Pj6Y/7Tm533JTqz/Pj6Y/7Tm533JW/ylAYA+rP8+Ppj/tObnfclOrP8+Ppj/tObnfclb/KUBgD6s/z4+mP+05ud9yU6s/z4+mP+05ud9yVv8pQGAPqz/Pj6Y/7Tm533JTqz/Pj6Y/7Tm533JW/ylAYA+rP8+Ppj/tObnfclOrP8+Ppj/tObnfclb/KUBgD6s/z4+mP+05ud9yU6s/z4+mP+05ud9yVv8pQGAPqz/Pj6Y/7Tm533JTqz/Pj6Y/7Tm533JW/ylAYA+rP8+Ppj/tObnfclOrP8+Ppj/tObnfclb/KUBgD6s/z4+mP+05ud9yU6s/z4+mP+05ud9yVv8pQGAPqz/Pj6Y/7Tm533JTqz/Pj6Y/7Tm533JW/ylAYA+rP8+Ppj/tObnfclOrP8+Ppj/tObnfclb/KUBgD6s/z4+mP+05ud9yU6s/z4+mP+05ud9yVv8pQGAPqz/Pj6Y/7Tm533JTqz/Pj6Y/7Tm533JW/ylAYA+rP8+Ppj/tObnfclOrP8+Ppj/tObnfclb/KUBgD6s/z4+mP+05ud9yU6s/z4+mP+05ud9yVv8pQGAPqz/Pj6Y/7Tm533JTqz/Pj6Y/7Tm533JW/ylAYA+rP8+Ppj/tObnfclOrP8+Ppj/tObnfclb/KUBgD6s/z4+mP+05ud9yU6s/z4+mP+05ud9yVv8pQGAPqz/Pj6Y/7Tm533JTqz/Pj6Y/7Tm533JW/ylAYA+rP8+Ppj/tObnfclOrP8+Ppj/tObnfclb/KUBgD6s/z4+mP+05ud9yU6s/z4+mP+05ud9yVv8pQGAPqz/Pj6Y/7Tm533JTqz/Pj6Y/7Tm533JW/ylAYA+rP8+Ppj/tObnfclOrP8+Ppj/tObnfclb/KUBgD6s/z4+mP+05ud9yU6s/z4+mP+05ud9yVv8pQGAPqz/Pj6Y/7Tm533JVUPMjw38o2h+o6dN24fIN852JTUvs1jF43+WfYd+9wdy8iO9QRnL4DlFNKNrHwWSQ1cr39gL4TL+Eu5lcLhDmb29VqsofTI/xR7d/S+hr9SpeoDPBxvcEfMJtZpLAewWufJx8h0KyU3nApsOKvl62hafienpj3dDePkvF5ipRhppnfi2jqat3JGGzAF7/74GvY2MYtab/Vn+fH0x/2nNzvuStH/RvvxJeg/wCb5/8A7bpPq72gMAfVn+fH0x/2nNzvuSlb/KUArAHz6f0prhX/AOHJ/wBRSZK3+VgD59P6U1wr/wDDk/6ikyUBv8pSlAKUpQClK4JKTzORzGUjSEntNyP0+xGI73mRYzNSzy473mca7fUFss02oiJZU8prDkcQxHBHQ0tOJHDygqHCpQoVMGBgwswKreVDltaGhZVpwNDLGVdneQufSgqbrXqgwyxlbcCifPd9kyMhSWClZXNteMUc2VOGxhx8yag6cUZXKJA6ekpDrdrSiroFw5y5CvElunrFPb+SFHcHkfQNlH3P7uJGAzjaZcsbDxueZiahFz6QBiVWE9nijF1dzHkooKnqDlVXUAhCqLdwRjA1Q3E9tzJWqbr2P293f4e+a+buRfa2TXI4ZHmJgceLmcrTY0VYjFQWLDUTKj7e7PcTeZyQRJgZKKaVb6SAKXJthtCZqiQx26Zw1fagbnK+88aSg4G/q7utpUvNY6K00QpvNrphDbmVFdUQMzqa8mgzxHm4A3k1kQ4MCGpZiKaXgMoFxUvK4eOdzGL74hDtfNBoqb67SlzGtEM+nFJy3MHjz0yjfjy331/2xh/cfVkJyxWhRM0NZ5WlI1sKmgOxdU2SpwqrsFvLbWXR1hMVSKKGdWHCitteUil15DcR1FWC4pb73Rk3fI752357HZI8eHoiW3huy134txSfPFFM5G74e7l2IXXgyVhQThRUw66mz3ZERXYZIZXAGWiJjMO/crhY4SKinlZ5PNaGXIMF74cV25myO27PdTuIRlLmk0GgPHU6dm8oKRkxHqsryWmrHg2HSYIRoqnLGawjqawnNsoXWFxDLu3wu3A/1eOrXTdTi80HnTZR9ayKW1O+2321C7trs/A8XPtnIznbaTJrmLDONtNBeWz4zbejpjlsiLzuCaaUqGbr71cyq00FdUiRYktGUK0Rt5RhK2sWRhvNEkzJREinxGKuyHIOla3tbhD2gte9rXyeWudsbXva18r/ADgo4y7Frf8Avv2uOWXYt+HsWvf/AGWvUwp3YEjyXxBNNlxruKhaCqyrq9CGDh2ocKYWNARiyS7JaQzuFKLJ1+xwWYx9bScBkDB+XcQZ1rFlE2fRggF2yYqJtMHJpJm43Oow4r479cePDezVKJnvMLCee1myG78JhQA2WPHDIUclMRGYycoONeDkdasr5kl/HBAUBhzKi3EpITk88mrSo4G9NnpEGlOwGwOhuvMf6sxYszkztctk4TkmWdYW+rYJ65NUDxo33Ahm2YmYCGC2bmNEBDaON4rB3GNqAfdFpLJnV1vpJIwVGWMGTtl+AqMsYMmsJssfXjUor3kjDhujXjzkeVeNQhs+9dw9dG223k2ORuB4/wBzVQsLJLTdLfweTulHbIyjlYVUCL3wwcGCkWLO5QQ0g8olw2oSSc01LALyg52ZEkzaTil4DpYNO7BlTHsXspoNIhl+J6IRUg2lJku64K7lGdxFuDZFU0/ggulw5LJZEFyLETWJTAjnkCXEvfGXvI/uLLm6XGRspqpqFxKckSCvOqCDSAKiy5rBfW5oxg1G5gmKA6Gz0NZUjS7KrsKkkgJBY0ZQY0HfdfOZlypZTSE4Hvu0fN8NctkZH4m+jmsNla47AuJ/wVN/HJlNbAS4Wko2+oiIxXAmTMf6xJrQCbGTiYiG13AQFIrC06E1LSyWQpUQY3iEbLCCs+803IjTnBn1VkRI12eUtFP0eX/g+1d1843dgdyEeS9qJB3612aCNKzd3Xk3ZeYHFMaq50V3IIqxhmQ8bAWC3EhRJnlUBIKNJpIqk3MhSAqet3HJiDmtLPHhKzvnbQTSKbJBUMlZ/S5qTrpJL5Vsg8ArqrxesRNBxOhT7kFbEMKyguKB45YLDG2IdhrYY2tbHsVHHm8jx/yxxO7zxzFjGeElyE7oSUElqMSP2ytPJ5udUzXUMbBNbzXbpJSW1pQzCBFFxJppEyYyDCEzsHfHDK9qfN7HRvlA3Rv9H9etWdddpF/ZqWtYtTNb5RQIhhGUXbMUCsYtASQLNJ5wNFtIArjZLkxxbvyUGAHAAgqKSou8/YubS11LBHKkxYrCCcMX8dZyRE4RPJ+Tyd7SyVzbPN6cOHGUmhu2IS7zZ5TkF3rMA3NwdEzWaTuTXNnGMfrQGYYD+e5twtwmOZAQj9rOHNEMtlEyONkw9Xk0NU8QRg2ISiaL4YZIRgFmRHHbJjBognBcRzYTYYLaTGogBGhsMAsBjAaUklMBxcQw8RBbZZ44YWvbG2aDTDkxg/Q7XGNtY9feCznwbDBjxEKkxTIPGyXBWno58ypfBySC8jwMw4iLLxd6gDmqLakPllbHPMFOIYFEdPTSBSxXkLl/kuNasaz7XcacZLRt1El2MpdnnTOaGQ1mrOD+g51IqM53NExku5xFe8cTM0LZZNp2tpFUhV4mYPOYBvn1dyN1ESloMzfEKJOWuSNplncXW0DmejAWDuHuMdvkx1RQ9NWyKDJ7fkqRUJXcJOH1bcB2q8g2fMYNXFnjnja4ktSNcLHiK270tFsqLScRXEHbKCMCYBCMFxQxy44eAwA4ImIoIwIuNswhQhcL5YCBiYZY54CYZXxzxvbLG97Xtese3J/PW3vNjrUh8d2tHF"
20:09:00.242 [Test worker] DEBUG org.apache.http.wire - http-outgoing-0 >> "zvtr6qzDJEXqk2znvDCIUBRBC7PY7qT3UqKLecyg4lXKRFIusJBS4gLeBBUVBthHAEFKWFlXATSeuJhtIowWMzGKQNGjxFlNNutIkdO3xyOHCjcRyaOWNG8sf4NzRgEngMYvj/AAbi553t+CmP6ZO+IbtcanlYutoaryusOkIzLuFDXSOeaNU090rSt1HKstuDyDwayrs4xtZA2UhAMeMjBFfCXnyzniUc+Z8/2U7JIIliZkpjbvwQcQL+LrcXWZXjvgWc2T0hPmaml5wvLDRhyUWLCJOMpZc8dPBAjORTaS3I8AVSrEfiqjlGs7jCYOSOgqADfVVAUmKUNBmcQ8y4tsIvynadEX5TtOi2bTbYPfuZXO8kvcLjtQ9K20jIJE+z3Slbkxrs2I9V0dQuXPIAqCxmAzjbYwIJ/YUcVc8ZOFjeV+8wwAxf4yrBKUqlMunRKvxdmwv/AIh+yn6sRDXO+RtbO8oXIbC3DqwzQp3XCCR2Xt1yiraeJlkmKTVb6kQcEE6pqo2NwwRDcmr/AIEdrsRri4nrNoygOVHMd8M9dJV+t0YSDpqgHQ+dGfO8PyjCjtV97dgXekteW4/dkcOJUaa03YsAR3QnIjxSEZTOt1WGTz4KatlioqafFInAypkXMsNbCUcz9H+4pNgJmk3YGUtcnMsS1MTlHd0julG2O2dZeLkcBjG2GZ4VDZcxt9vEcccezYAmmJRIkWtmJYuWCsJn2zVKR8ozZYapSPlGbLEF+CsEEvyZ9IuLlwgwC4G7caAgAAh4hAgghZzzgEEEFhbHAMMPDHHDAPDG2OGNrY42ta1rVzTajRDlIk3mqH3F1cfEEwHEpXQ9K1bQthJTbxea11mZiyjlKLpzYkDlXQ1bqT7UlhRGRSau9FEFlANDJzCj5mF7NtFrRI4QuIWNNe+TXkzmN1avzbF6TrvsmQSdB3zICrsIgtNYjJ3tua2Y81JpKLvcILc2BShG2qpRLJ0unKRRUUVRT1IgqEFI6AcGsd2H2n5LtG9+n083zr9Ou8/GJLbCb2EXIun0Ns+RJ+1ilVLLJxdwJzrYyAE3pBkVpuY8CsqVl0woqZNISFRDLkR8llDVk1bZn4DrfTXfbeaDOT09xI8lbjiuanbJcMH581K2sidjWi7KUW2h5LubkaL/AI5JnjrfQ14mRZ74Og4oly4iMIzjIJsVzpzqQllPjWi/0wR3f+GIW/8ANWxXP9Zop2j5F+aVhcqMqaszLppq3qDrm6IS1zZmy7fKMLYCXX7IBd8pToeDhisNQU1RjN8ihSU6C17LJ7IIWyWz7o+SmdU3Xg2o+7OOGatR+knOXds/pBvnsNr4b0Tb8Ql3hqfqtIs4FBHsrG0434PwVUgqnNfPwWGjj4LIODiyUE8UwTwEIZWHvlg38bbJJudXdxv422STc6u7mu9eQkd0Iay2nCmlFlvuJKUUJcSFAHEwQVUdXJjJ6mmnS+dr4DlDxIwOVMg52viKCLnhla9sr1lc6HmqKA3GTNzX8ImFRpx7vvOrOjs2MLYUPJnYx1BzkD70yxtbDIuYX3GvKOQgfZDENnzV8exe2Vq7T2f5ReQfbaLnjrrxvcT3IBGsuSw3lZh32I3higjqXGcKJTmKDpCtISNm63MonnY428mGTR1CI90SRiSvgSVSyS8MyWDWWrPuJPj0QuMHRWIdTiC+UeLqb2Ky75We5AsOUT3dKj2P5K7rUEouZwCM4oKT2SDSbAhsuVUDDYbiMZVCwKmMcws39aXhr5SqLVGMGvrJYe58xR7J6UpQClKUApSlAKUpQClKUApSlAKUpQClKUApSlAKUpQClKUApSlAKUpQFX/Nd+KP5Gv0QZu/UpTr8/g+/FDcdP6KMT/q+BXOOXljvSS+L3feP45aDof78eOrMwt5oslkoCs6nc6l9TaKiWTUNuNtCKH1lcWFAzngXIpiYSNHTY+eIRcAQTK2N/o8OzFe8Y8WuhkfSSznVHr+Z+s8ZILtZD4byu03e1lwghggnkVxtpeJp60iKxIW1wjacpkipwsJa+AwOGVr2oCnuCuOrmpaG33KZLkWbDa46XMvaXadVlFgSA4IpSdqJNlRjNa7hQIgQTqGaeSC1YvaKQzjhbNWzUSKy9A1tWOlSabZNTAh1CbvDzyN7D7PvncfSneJpsNsbs6DyGiM6SHBFwR8lHEwsZ22WbsqTmqkqYgp1IGUQEO51VJ3sUJDprgaqwTSkIVWPNpC6LjzkC5L9FJN2LhjkM0y3O3qbGUorzq1K2h0K1paUpo7rhlRKlgm/H0mMiOTDKxjp4oQpG45hSc5bMU6srS4RMqGTZRmw43B+tww6mbPDbO8jXKFuFEZ7XZ9b9vRkJsV68L6kTOv6N4QjNNPJCAakfNKEyLpzqcaTZpkR0gSyerkDTVVFNQS03FcIkip1XuMNkvLSmgd/cd0lCMYIsEu6wh1MzFYxy6cnEzbOYC3WNCeJNNlCFdb8rXuO2Jv3lXmmOSl6YCl8e6pq8iwygDF2+zj18jIACkbZ76aSiHdaXC+HNeiZfiVIK/OjsH+1lx12GtdGZ4bm8zXIE0NU3sQNl0NcNpSej7Tbf2DEVrJxgQr3JLLzpcA2YHNYA49wuXFuaz7ULMMS2Xa3jt0XLjqLat6GkJikuCZi143HlQzKLEkzGVy0ss50gM1HkdVMsIxjC0mmQWm288CJdNUk9ZIsJOMOAtgGOfNqhU0Ncd5X6lmMjG0SUt46rGVk4Lpvxw86USqW/S+xNltX9LhNht5p+2rb+C7ESZtG+JcOygaSTSMmOxyCOoo1oujJLJJxYmkAo7ZX5BLq6g8DKkmhpWDYAFsm4XuSSXN7GLslEe1LEasc7o6Lzira+bIorBzN5MJwKhE2tpzffzVBPGz5lOJOM803cmmCGJ8+njG22KvoxkBHXiKOkxQg/kj5MtLiMqwJyU6E7u7ny41pAdJqFdnNDNaGzJMPzjGKgPhmzwnEVYR9qpUQL5AS+YApdzJgR4NGEwyX8A1hLzMODtPgk002Yho3vvu1uCwi0MzzySbJjTaYggJXJryjEMaIR57H48bLnU0+9ydnRjlIrkDNkMMhDhRGJoIq7ci5DayhIzM/Iew0NmnFLV//rCDmgWlKUApSlAKUpQClKUApSlAKUpQClKUApSlAKy6cD34zDpHH6d7O/8AO9h61F1nF4W4OmqLOQrnxesnw/KMcM2Y90Wo6oidr8j92NBsyo2CyvOwphxxwvOFITkp8IIAawkiDLDZNqieFgqJ2eZjHE6WuKByLmxmJ/7CvKA+FXWZyHESad8szCxss+ELKwh+BND2wdEtLzvPXyt3uVUpSATlWPWqWP5d5OIEs52qPkTPuNBNZxg0WjJjwt0m3deH4zQCbVjuLeKzW+PmM2yGN8SaE02hhrUgoCUB217554EksgWA7qLlmMNlhcUbPMXPPPK1zavhJ41d1pyVtkdjoFXnpNC43EFpKjzRp32EjoU03m0WwJoyZdHjWU2igBAlQAw7Z5gpQYpsUPAc4IOPjYSqHdUeDqA4w6QTORkpqZOrc1CgvX+EJo1kklZdmzuUZ/OVarshZx5Bp00LjxGLyeppKiG5DahGTleLsb+AJE+XUGrkTSrglQzm+3+FlfKtpTyH7JciPGVPenGUKtlpampGyZlclKazGbjbcdPCcmcQZWbpvEiQsoLnkNXb6CglFFkp5FRLo2T4ERcXSZKNYNdEz6rRt3OR/jl5GNTdOeRmWYf281239U15iwLs1HkOk4EfrBmpFFRyhVjPGPkBdXGyYQVdYdLQQit+/DykaxdRNfJOO/i24W0Zlzv7N/JlqTtzB2wcLRQ/NwuOk6xlVl7J6xwKwGK5tlGG/wDIypjIsxR4UNlkp7yEljFjCETyZCQ48yoAqS4fCuCeEtoamlV5SGhbP80HJZx1ykV0v2e070l455JWdiHRIG5UdWhGU5el8I+0VllNFiRKoqao5BEJOW2GgZCOEwIWThElUdhhWyIqCc1UlxGx8+w3W/wsH8P4NXVKUoBSlKAUpSgFKUoBSlKAUpSgFedDw7/0uHkG/PFyS/tqVq9F6vOh4d/6XDyDfni5Jf21K1RZef57Qiy8/wA9oXfdMJczlQ+I0iio548Rbr82xg9qSPmTDzFxFZRZIkR6A4HAcM8LDFwHs0GaeCCEv2magUJY2viJ2mWOmBitllxVFjPZ0dIwJSPY5YKA22MgNkAI0AXZzSbxVNbaSgFinaAGQw0UgTKJYJa+IY9rAYhXtjnjeou8j+jMfcj2mk06hyKojN4hJqEUEbLzKE8D55hyC2VMm5GI8ipLIYrkeBRnKmEMllJCOp+a83Rllv3UCQSqIZDpe1F3u5KeOiLWnqFyLca24mzBqEUFPj2MtutAGCBtK2Zhj5rFw0dnqj3aKarN54NNwEkEkTTjiwughORyigBqa80UZRFOKKndeozzNWqTbdUbTxedETeLd5OnpG2tMbrMcpUzaQ8qMBkpUkRtRYzXVO+mZiJ2epPZ2Gu9klGDcLxkJMKGDlwsDSiOST+/VLFLIKB4IiMEUF7WLPJRHjRmLpHfFhDb/S8FpiTBozvbGD0Ss8sccVBpvaC9ikNwkr9tgJj/ANsSTZsp2csb2w7t3TsZdp2uXCd/UjdPnSX9O4uhHj12V1IhTXvbKPdkZB2A34LNiADwxBjkFtLHabWgxPVX1JrgOLJJePG0xXxLlChc8nkk5cLJBZVEVkyXm30ITS5uke8Sc5NuIZQcEKRvrhtShyJMCIwHWqxawltxRZOae30d6SAQSTDTayouKCulEUdPXFcibUzimnliQI4x0tgKB1rwVbU31d43tx9ddnFoTxw4W5P2MiyTjY2dsD6tCzBu6ZOYDsI2MCXwulrSQWdrWY4OImeBlFaKR3tmOGYAEEzxqcOPNM0X4oN0JjLf/F65LOfqNNyZCNj4Cd9gN56OF0p8cIoAgmNsrt3JCJHHw2S9shMCic/8gA8gw7YlS9jnNxonvOY5C5MZWlkRya44B5qYn1ug/baSmCw3e4WlBb2hab2KmqsnSGuNlIPNxlt8aGChdMOm3gbSQHCkuWUDJYyYNJxvAexfnN1RfqhHnDLFWsEGyY/mPrfyMan5n0WLI/dj9Ai2FowQzLcLuR25NVHU8WuzGykE04ofcq3ZPRiOGIdzJsG17UlHSXSrOqsnE2Euovqy63ZKSmxErnDmorrtzx8K00HY1mGYCrEj/YM+NG8AsE5KMvunE+kONFsVZLCIGiRxxnimSnipniwBoHIsjklI/lfLAplhlPSWeabZiSGG5WXpJw3cqDlndzoamjR+u7M61FtaIPbrgUyg5FNcLrfr5eQxcwRQTwoakZRsi6UUV8CmacO5kLExdRL8J5FIHnF79IA4WZlZcNSs7ofitqbAFpPlZrx271+No4MLLVd5dHAfj6Skc212gMrGDJYBNCcKonZnhjAARXEXMUPHLS3QcZn4U28DvHW/OMXjsjzXWWlZGU5gW3a8ZclMs2z11Rutx2PoZPBBaaQq3DCwVbNxsITdTFZSLYXTzriAWR0kY2lZkjhi5KlKAUpSgFKUoBSlKAUpSgFKUoBWXTge/GYdI4/TvZ3/AJ3sPWous4vC3B01RZyFc+L1k+H5RjhmzHui1HVETtfkfuxoNmVGwWV52FMOOOF5wpCclPhBADWEkQZYbJtUTwsFROzzMY4nS1xQK7NsXHt+6elOKTM1ESozymcnxtN6PGZJc1lldajnXtjq7wBer5mA20kUcoqPRUJF19yMxotMmfTyKm+X4iDuE5g2yi4GJLeUd0+U3iV220/aO/c4QtvFpVuZLaVAd5uZsEJ+usoQRKrlMkyzd8JthruBbbCk0b2UM1cTvgy41habrddQoRhtqqOnlHN2PyTQBtPq3yk628xuqWvj02uaCVBa7qpuPr/EWJExNB6NTawquBryPGrcOmABHwspqqqJllBvEMszwt2M2U64RRKXVl0NeMu1dtrud7Z7RCKGrojtvp7pDqvsa19pdh5e3ei8KBno9l5h4ZBt+PYwjk8tq64qWUEg65274wFBFMt4TdQSspFEVIauA7nf5K1IbPqq6uF3o0GpSCyR1mu7k1+VbSnkP2S5EeMqe9OMoVbLS1NSNkzK5KU1mM3G246eE5M4gys3TeJEhZQXPIau30FBKKLJTyKiXRsnwIi4ukyUawa6Jn1Wjbucj/HLyMam6c8jMsw/t5rtv6przFgXZqPIdJwI/WDNSKKjlCrGeMfIC6uNkwgq6w6WghFb9+HlI1i6ia+Scd/FtwtozLnf2b+TLUnbmDtg4Wih+bhcdJ1jKrL2T1jgVgMVzbKMN/5GVMZFmKPChsslPeQksYsYQieTISHHmVAFSXD4VwTwltDU0qvKQ0LZ/mg5LOOuUiul+z2nekvHPJKzsQ6JA3Kjq0IynL0vhH2issposSJVFTVHIIhJy2w0DIRwmBCycIkqjsMK2RFQTmqkuI2Pn2G63+Fg/h/BIvkH0d5LJu5edTtptQFyD4ui+F9UZBjHOeZhJYyOLFkhyc4nsWfCu1YNIOJtqb0cpthitNJbo6qqEmhYZQVxF4xjZJKlT/40Fb0cgem/KFEPGhySv2JtlmRt6xHa7tUNuIyjEKE1wV4MZPVlVxxxJscJiqqtolnmURRCpHJDFODkVBdZwgq+ugORRKNDv3cbY3kw0t3sb8xo8Iy1u5xfyBFPiw6Ic1ei1lPPZDXmbCZhOyCfCc1yoCNIkqNFeKpQuXeYLlNp6d40OexssmG20yyTohW1GJtByycwWnu7bo1F2B040o47WbJZxk5bbssKJ5znKZpJTDCSLikxQMpKS+2mmkGS7UWQFNXsIUGINM9gIeAV3SAioZ/r0lZS08QDzhT00UdZaQ8IVx9OK/kq47fzg7G/q5ENbeol7PyUxn2Ldm/yeszsW/2dm/i2m/g7P/urEL04r+Srjt/ODsb+rkQ1t6iX+SqMvzfMz9XE2gMuvQ/scHboZtXObmvZRmeZd/JiV5gcJvG9106ulWFFK4Clqw4vZNZWJqTwcS8ECazzFCOOpTGvle5rKtXSsjpK+nGUhdS05aSTuOGBxMViRZRTjeAYuA4eJkkcCGLD4hjBBjYYihZ2xFDwExtbPDG9stbQ183N4N9wto5Q1i1dkDeTjP3NkIebXZDsAmUM1sjqpMagKbHcY7CjJbU0kKUWWvljIiYnJiGaBO+Bklopasqt00z8Dch862c3r5NORFl/Nd41NEN2NJVuRDyYlShu5vRHXzWScEsix4sYXVCKmuO4F56Pd4qJbDwSCqt0sKoIoI50RFSDJgwXdbaKtdmVYW19B5LHSc3gmiq0ZRVtzTMAAAVABLFgQixYuEGAXLgB4AgAAhY2wCBBCDxxDCCDwxxwDDwxxwwxtbHG1rWtasqXM1/C50ujsY4/hytKGweV8bfhytj20UX7a9rfhtj2MM79m9ux/By/D/Bv2LTpj2T2H45Wdrawjuqm5nI3GCXFl23Mmy8GEmnKuwuMpoWKKTTllyQJZZQHK5U5+43cTgWF1sHxSDRzBIIoJVRzGAxyqviiNdr+V/mV1w5ApR1InnTPSXj/AI6eqdCzZ2raoMaznNExvsgsJ5xdMxYMePLTQQ08VWRVi5gyMbTe4R+iggq51SdColNkK5maofp8iX8DpN/Blnn/AAcMoe2rDxzy/g45Z3i6ZMbYWyv2LXzvkIHa2Nr9m988Ldjs5W7OqGs8HNhp3ta4p64+OTDSCNS85Thx/wAiu4y9oCwX05tOCYIQkUqlFHgls5WV8wyGLnSkoi40smQtcc+aLvU0opiYvKKGUbyv9l983ewC/H6wg698LXLgobJKyMcS2YgTTqr8lsJIj4MFMixA69JnPPM4g3ZqcqiBmhFBNLXzV08vfAYRvWM5nCQZTJkauiNY5W0b3avfG9rZcp+yeWN72va2WNoi1txvlje/+23bY5Y9m3Zt22OVv9tr2rVXVM/A3x7SPxt8fDShmbjyecnyRZBfM+TkAkKRZaS0WQpFySSVm6WWSXZIq5tAaDYaiWvKKcIZSDTlLLQiIdUEa5A+ZuYoBSlKAUpSgFKUoBSlKAUpSgFKUoDLpz3/AIxPo5//AIh5j9Z4BqybnMaGsT94qtv2nt/KR6GIQU2MhGVKSEdEzdC83XuhPtquOKckBpAmSJh3qqhJyQ"
20:09:00.243 [Test worker] DEBUG org.apache.http.wire - http-outgoing-0 >> "0ksJpgKSRdwlzhlKGXEEoaMLRCFXNjB01StvhwKvCLoflGSWlD29o7vlt0MGP3Y8W7FrTu4oRHs6JGW26kKKYyG7cFJVRrLbmNJibcJMUBLGe0Jmbhyo56dCZU5HuNWYddoONp+MwF1tkydHqCsKZdFSHuuR8uYKZhkHVk6IEnpRhxIoyqVQDyqMVRgHRih3W1BKSLnVQkHJQ0896OcpW4azqAscZRhCh5V1kyjlzblByGxz8vl9YDjExaCvPd9E8HYC+Ex/DxWKZdRpKEkoVMR1nMdx5oRdolse06l5T2lrk0ujY8UcSapSgdl/Vp27h64MtQkw4miNo680tdSdjnVKKivtoUUYy0lHGYyqyGrNAwcNm2irk80AwpKA6UIeM2qu/mA3OdWqK5Babwl8lJbdxyRWoxSMiH4ACK6gpchq7ZGa5h1YbDCL+LfOxkSOGbrJctmkERTpYOzfGU08jlk7Q+tUzgXmNa6OI2+M11OFuEtt20KobBNQ1gud2ZzTnYaTV6TU2PcXAT7qWxKeKy+oxYruggKcRyzjV1R3pgp9ICK4DoI3TWqmjw6KjJ9U2gqQZ03gkUVzVapt1DWG8oNNRSyRltqqKbbp9EyLhYpxhDPERE00l5FcMcQcSQpAXMpcvjhiFYDLueONsexasKXE9CWx+2fRXtuNXNZiRF3yq8J5laKopTF9zJLUSTrLPyBDLkfIN3ArClUojgZbarIZovgZGCAPKhqxO4oOBvtw7NHDyz8ljo1FUdc0vh85CE3ksXI1MREaeZyJUZP05S5RUEDNsHppJbJZuzBmiNgucFFeqch37iRxVMQ2yM7PA4eLwMdtxTx4b/APHbwbx9rBx7SSx0ffaMC95YcppSQ2a5WfK74dbmVXbKMVpZ6SUk23CGOCathNRhu4+RQcFMyxm34XOtgi4FlRInv9L4IitRpdQbVPUNSNk2Dc8fFrpAytq8p30+miMdVYujUrLuhTcgBRaiGz4XZKO32irlWDsPk71Z9vNxstvlwjyutqyc3EfAFOV3AnIi+WJFGmq3LzTsAzNreHub9lo9DOF2XO3HfL8pt4ipdz8KJJF568udb8Bq9gb5AWV0IY2Kjq2IGYgGKiRM4gCCBWwzyp03Z5BN39/dI5F0ag/iF5B4z2u2bYXyKSQ4J4h4vG+qkQkHYGURpWcRHYRbX8W++EQNGHWybKNkyKUYPgGQVs8AVPEAW2sWorutAem3B7IurFlku4zUEcbEsRwsOMmEMARcLkQNenSA6F5PLmMcTBZOWXHdUUk8qYt3wWJGQAB8shQ88rn02s9l1XytnDyRpe9ILN947whKi7oS/wDMH2v/AEvh/wBjEX1s+rGD0Jf+YPtf+l8P+xiL61O7sy3IsE6jbGS5D8dPeWpdY8RPRViiN45Zi9ILweEmiI5ggwEhMaDYTVhcVy4rtOJAq13glnrp6EEpqhgDIqSH7AGf7j2P3396QTyUbymP++Il0LYTc4+dejo9++E+zv8ADCqZl1cbpwO3cBxk5xoEl2uZAvYAZtS2k3wyO2zwMh6eH2aeBFjvI9HiUjrz/JtRwmmMhuE+MlICy8C6QcGbKUuKhfAUdNR1FawJE1M+CEIMTJDDmA8M8w8cb0o9HK0xe2l/F3FSLMDWc7Qn6d3a+tj50Q3ylKiK+E55yIqBkEJOd6WvFyrgS3Knxs22MA4klcLl1NNcXhgscLgmbDY1yXkPn7k81I2tgKd4GhB27iceRhoqrV2a10gdjNVx7PNN73EXc0mTWCXPCEHM9EoUsdbty7SRjmRXvttLyevGkMFzIq0nvpKfE9x+aLTRnhrrBZrOm7X+Q5wXueTXh6c5DMWIC2hwj6QGNxix9FKK21XSk9kspaqkvxQAmArI72djqmdbSXGbSwkJ1IzeCIKx9uZG8Ug6pRmgCd6cvbwVYP5ndCZ20VRVnY/k6Hgp1RS4NJiiGUBZMh6oqCu+lOz6kKZFFztpGgIRvrqs+DCE5lUB0llpRS0TwylpiEjiBub/ABlortNzR8knGhIDW0X2u021H48JjP7HyFL260ahwVIsgvUmqsZwNyPY8i4+rqjhPpJ1Tj1MTlBYCMDkjJNaVDyvZD8XkYo6+092od210e5omxy6Q5q5KG7Ou8p6rW1cn+NoDJEHTsFEoycvo62UdrAjc6dIGnsSUrNNqDFCyOZxtkLd7pi8cbeJ9uqKq3httGUdL7vN5hIvBGZGdpwjNLyqrzIgzFLexGzXMpxcovL1AI3HDH8Svtff2krIa7ubOyLI2W2gNG2pglNp47KM1TSEBjrCI4EdiDtRlGI6APqpoyKhnlAvm9G6qYbQayHbVj7a8423HHmzY20J24081R0+2baO0s2z7u7GGOv70XDjHUEs4RYsVx6oq6o4lMZUIE1VJLq5TNSwEcCykqiunoCA1x1Fb140z9xElUfnmCR+4JKEGFKUoBSlKAUpSgFKUoBSlKAUpSgFKUoBSlKAUpSgFKUoBSlKAUpSgFKUoBSlKAUpSgFKUoBSlKAUpSgFKUoBSlKAUpSgFKUoBSlKAUpSgFKUoBSlKAVlD6ZH+KPbv6X0NfqVL1avKyh9Mj/FHt39L6Gv1Kl6gJ/9G+/El6D/AJvn/wDtuk+rvapC6N9+JL0H/N8//wBt0n1d7QClKUArAHz6f0prhX/4cn/UUmSt/lYA+fT+lNcK/wDw5P8AqKTJQG/ylKUApSlAKUpQClKUApSlAKUpQClKUApSlAKUpQClKUApSlAKUpQClKUApSlAKUpQClKUApSlAKUpQClKUApSlAKUpQClKUApSlAKUpQClKUApSlAKUpQClKUApSlAKUpQClKUApSlAKUpQClKUApSlAKUpQClKUApSlAKUpQClKUApSlAKUpQClKUApSlAKUpQClKUApSlAKUpQClKUApSlAK86Hh3/pcPIN+eLkl/bUrV6L1ec9w8WE63DyB9jPDsWmXknuJa4eV75B3mlZ7TDC/dLdpnjlcO+QmVhMcscM8bB4XExyCiy8/wA9oRZef57Q9GGlKVSilKUApSlAKUpQClKUApSlAKUpQClKUApSlAKUpQClKUApSlAKUpQClKUBhE6cV/JVx2/nB2N/VyIa29RL/JVGX5vmZ+ribWIPpxdsvks47L2vj2nj/sfbLG+N75Xyu3Yf7S9s+2tbHHG1s7ZY3wyvlfLG9ssLYXtnt7iPtrRRGNs72yytHrL7a+ON8cb5eLab2b443yzvja9+ze2N88r2t+C+WXY7NwOwqUpQClKUApSlAKUpQClKUApSlAKUpQClKUApSlAKUpQClKUApSlAKUpQCog8hH8wfeD9EHZX9jD1qX1Q/wCQq2V9BN4rYXxxzvp/svbDLPG+eOOXyLvXtb5YWywvlja/YvfG2eF8rdm1ssb37NgMwPQl/wCYPtf+l8P+xiL62fVjA6Ev23zCdsL3vbtfnei9i3a3tlbK0Mxj2175dte17XtfC2ONsMb43xyvfLLtrWw2f0ApSlAKUpQClKUApSlAKUpQClKUApSlAKUpQClKUApSlAKUpQClKUApSlAKUpQClKUApSlAKUpQClKUApSlAKUpQClKUApSlAKUpQClKUApSlAKUpQClKUApSlAKUpQCsofTI/xR7d/S+hr9SperV5WUHpkls78SDa7XLG1rbgQ3cS2WN8r5YeI8wWtjhe2eNsMu3vhlfLLES18McsO0tfOwmAFgPRvvxJeg/5vn/8Atuk+rvapA6N3bO3CVoR2+WOV/ECQr2vjjfC1sLzjKNw8b2vnne+WOHa455dta2edss8cA7ZWDxu/oBSlKAVgD59P6U1wr/8ADk/6ikyVv8rAHz6f0prhX/4cn/UUmSgN/lKUoBSlKAUpSgFKUoBSlKAUpSgFKUoBSlKAUpSgFKUoBSlKAUpSgFKUoBSlKAUpSgFKUoBSlKAUpSgFKUoBSlKAUpSgFKUoBSlKAUpSgFKUoBSlKAUpSgFKUoBSlKAUpSgFKUoBSlKAUpSgFKUoBSlKAUpSgFKUoBSlKAUpSgFKUoBSlKAgPvtyY6f8bLKbTt2lkYygKz/MKidFUZNJvqr1lWWltHySgj6KwGaigiDnzBcyuohQypqxpFbaebWEsuqLhERQKWFirxI8wOPKm6txG/jqzIer1tUXxHrOujyy5rGZKceT8Kvoxl46x7ZnIFoscCDkyrgH214yPe+Yij2MlUvcnfEzbstsJiuVwtN3ONltNfdbCFVR2M51tuI6q4WWOvFi5NcGaa0eJjqTdFWShQqVVREcyTzUSxYuAcyGCBDxxzQcD34zDpHH6d7O/wDO9h6A1FXva1r3ve1rWte973v2LWtb8N73vf8ABa1rfhve/wDsqiDj750o25FOQ7avSmHYdGBjHXVkuR4tHZy8k4K6dNYDRkFnxksmm7HQTBTwEhqm3OvrgjZdQMjOTBdRUEko5JScKtiEkb/fm+2flBPYkP8AGxqUr97bqclbkUIZZyqRzFFMwrAQZa+ewc/rWJAXBRTE9qsTNUTUY8AISUbGDK44G2ZMKjKGKZV28aWvkcaodI5231tiNL8ERxCnFBrlHzVLZ4hd+GSLfG1xKjLKsKCGHicX3CesbX3EpZYWFVF1SUVEe+Q5oTK7Mz5GZlpK12XItyas/QszB0YtuH3/ALRbZbSulUZ+t2r0WHUhJdD9PN8sWOOZxuV1LndUeP4/bJY4UyXHcpE1KxTvjM5ilioiQ6FhvxlhLmLlJP2+iLSTkX0Ie3HzL+yaYsnNaHHeeI82YhuW1ZuABjrbLtJkfITWJNl8gd3LFirfNpihcU6dSCh42mDOdn4uKorc6fpxQulJNwhBMAibMzlHnHQSjrXJgLDqLsSOWa8X+5lVzPGV5OepgqoXabGbMdO5/XXz6YmnXE6TgbaYCNhZSX0sYrYHjyv756Y7iay638tGr2uDQjrcF32jGDdrdQpAfrojZuyeqHUpOTGFIKDKaQSdJDNTUllvEz66Lk2iJUuautppJyJKO5B24VOnvSWMoX4eluaSWJpFpSlAKUpQClKUApSlAKUpQClKUArzoeHf+lw8g354uSX9tStXovV50PDv/S4eQb88XJL+2pWqLLz/AD2hFl5/ntD0M32+mbGDKdkjyI50RlMJht1Ydzzd7kUC6S32y2G8QHVFtdWVM3mGWIpqYnFTBw4ZGzxDCBCzyvf8HYqhpk80u0e24au9+MriXmvbrXhNVVZHR9i5g2Ai3SxiyUMinB042pRElykhOlzPhviqBQ4SBVhE1EuSOFRyDhKIKmCYIgdA9Lskp4s7iuakdNVZHQk3ZLcGDoKfh4AXMHG7LMt+TZTFLmcw8sMsiQrlixs5HQLiBhmioYxYe+YAooQmk6J4wZUJRfHcOxuilW5H8WMlsR8ykEkHgEWSWu0EYmgohEPEPHDG/e6cQL4ZidrbIUS2YufZzzyve5kU+bFzIpH2VgaJcvsfbZztIOmc2QbKOkm9kXI/jI5tZJsNIisM5WrYMAcZ2RDIzdzwbsntwqVNlDopwiTSTRxMHzXUMisNwmoLJS3+uinDrDru7Z3ZO0DohWNnBsRGzaOM+P5oWGmkqEisxsKGC+GdRW06DJYRTRyRkF1OYAXAiODlkWcCyW7buCkbDF71pzn3aw8qt0ROp+kKpuNHk58ok9t62d8iPyP/ADKtpXbrT4R+Un5QPlL8VlZxJfjr3p4gsjxN7+8Ad38XO+nV3r333Lw8Y7h3Qb7PFNyY+U5j7ZR9/Ip8iPzedrpH1i8FfKR8pXjf8nyI0Vjx37+8QmD4A8L+NPe3i13mt94d4d28Pne+u5F6nejR/wAtfOr/AOKVLf62SLX6PRTP5v3JP/4rex/6kxJU1Sy/H2TVLL8fZaXzF8m3kmdQgdq/kS+X7usrsqMPEP5Sfkr7XxwT3Kf8OeNHiDI/Z8HeLvcvBni7bvvvzt/CBXvftB7Vqyp9MW/FDE/0roW/V+S61WVSilKUApSlAKUpQClKUApSlAKUpQEB99uTHT/jZZTadu0sjGUBWf5hUToqjJpN9Vesqy0to+SUEfRWAzUUEQc+YLmV1EKGVNWNIrbTzawll1RcIiKBSwsVeJHmBx5U3VuI38dWZD1etqi+I9Z10eWXNYzJTjyfhV9GMvHWPbM5AtFjgQcmVcA+2vGR73zEUexkql7k74mbdlthMVyuFpu5xstpr7rYQqqOxnOttxHVXCyx14sXJrgzTWjxMdSboqyUKFSqqIjmSeaiWLFwDmQwQIeOOaDge/GYdI4/TvZ3/new9AWQchHK0i6YzDBGpkPa9SHuVu9sqSVV6JtbI4cLeY2NmYh3U8FJ9yHJLrCNobBaFhEJxYl1kylKpfENsuQ+q3SEpHMqFdLwtzHySm7exHpFyK6GPzj6mXZAksj62OPOcI92UhOXFRvBYiqjQLyowEZrFG+9bd2JlijeOIxsS59RRiCkYSzLlaWDhgNy/P1L0M5mtBORZpYA7Dyc8IGdepC3ojHBNxOTauQGSaXH84EyVoHaTfbjjKKeSIpvRYCXy7uOsxLVC7WyQW+sHVFZWTLd6Nl7aAXld5l+LmKpOhmW+OJtacPlxbRMxpbzMtWiafdq3wUMNVVR2XCLZIlnAwjySiKsepvh7MSTxFRaS1BfFTUYwoNfBLOqS1qqQzzPYu0pfG8G+FfZE2e3va1r3ve1rWte973v2LWtb8N73vf8FrWt+G97/wCyqIOPvnSjbkU5Dtq9KYdh0YGMddWS5Hi0dnLyTgrp01gNGQWfGSyabsdBMFPASGqbc6+uCNl1AyM5MF1FQSSjklJwq2ISRv8Afm+2flBPYkP8bGpSv3tupyVuRQhlnKpHMUUzCsBBlr57Bz+tYkBcFFMT2qxM1RNRjwAhJRsYMrjgbZkwqMoYplXbxpa+Rxqh0jnbfW2I0vwRHEKcUGuUfNUtniF34ZIt8bXEqMsqwoIYeJxfcJ6xtfcSllhYVUXVJRUR75DmhMrszPkZmWkrW58lvJlLGk0xaX6467ae33S2C3XWZsTmBGgewLZ168GEYNajYeDmVTLqd7EeTcEBFR3AZM2ssHG0XCBRTtwDp4xliVw5ZqHtbyczHLuLP2v4myGmcT+LK2qizJhvxB2xQtnERzI4IzUBjmOWQkL4ua5YwbFyWxVEumpYKeLcx3YYwVAFrW5JY75DFjm+0SmnUXUspODdgjUeZSLYk+VXSpR3rhHEtzYoPhkus7Ij2RkRxr4wyLHiciD4tJro4zkcYjkSS6YKGCAqGCUgdXuVPahs8gSFxk8nmu8TwnPUtsFZkrWaZddHu53lr/OSU2yayouJrkA3yQJO5suZKTW04jYOK4KCaOjI4xI4gIfhRom3UzMpMb0/Je+9ijjpxX8lXHb+cHY39XIhrb1Ev8lUZfm+Zn6uJtYhenFfyVcdv5wdjf1ciGtvUS/yVRl+b5mfq4m0BVRu7zSQzqxsAg6WwpDUxbybzOROAVw9aNdU9ONHWOjmyZdTJrMwPtXGxQY4TDSUZAV8shSq4opKMaTl9yJqG3VdJWDvQshcw2+OrDWzmXfHhZmSC9aUfvUZ/S5Bm2UGbdL0XpRkXAIVxvyMGSjMxYTWwkWExMuBwkVlSSUgoGPmIaFMd6lTcMOifoSbMsecjXIE/QAFrZHY7feVGe+nUewyNLCS1G03WJJSe0CRo1jcwkpnjFLCwYMJJG4BEUgltMuKFlggpgBC6bc7lt4ytL36Nr1udsW0I3ejqYJVznI8dMdya8ya5HztMLzeCGUbNaP3W3TiUtCoi8mGko8bzFGALjhnSNixgK4z8/c51FtklzPf/F1P1djuTCIIv40pG5NYEwQtoIkasWl5SZhFuvERlp7+ICuBNbphIGcplrOc+z1dKPnDZFeTFdnmVtvraUfb60jEFUqbBK9P8NvLYj8tMNSy/TkIG9bJMhiTyzCe0NqUhWkw8UQl9pIrtYr9Bc1mLHfdEV6ljy6USwLt3G3dWuoGi508RMlDGcReT7ZLU3ano9u9Un6UuppO6BAIrV2igqDHZqywm0TVm6/WaEspKe2VxtNM2RxIjmA7Z3CRgSguQnbFxRbdte1evG2PbRHkl40XLhjmjQfzQcQWqaGoZiWxJJPzt9Xddo7NJhgxfC/eljZ2NMU5KK49m5lYd8qnRL2yMCZjG1s8wlaPCvfp/awRGtGSNA0Lcs"
20:09:00.243 [Test worker] DEBUG org.apache.http.wire - http-outgoing-0 >> "XJEj8XmrZKfc4qNzu/HjLUcwnEcJpzyxYSjJUgSAoms8EYo6bNR8ipoqc1UVzuEKwLSWMlI2kFUW+JDwpZTJxbhLms+WLhgkHl4+bT4ueIjZllxfN7+WTwv4V+S9+qLI7z+Vj5KkvvHw54P8J98fJoc8Gd27y7godz77zhXyE5jb3c5WtmqxLLJSiDi91jlHeuagguzYn8u72RAkmCkM/nlfueC+0DPyayK3rWtkOKjrjosAHawI5krX3pN/QwNgfzZ7Zft5cVBnx2nsuDhPle5dth4TjbYaI+CdGeEWy0yUKRGIpleUuA0hZXGm4yASmkHQ0B2Qo2zhE0aJDBiWTljJMNhZ5dyHwCFtfG0qtAOYWNN0ZvlDUCTILmLTPd2GULF1PrWmdSqWKon2ncRKwEdccvRFFslPhvAYLyCayN3TkI0fTFgkvIRFZblxlkGrTi95/+IrXfjb0ohmW9wEluyrFetcVMZ8MUjEk+upcSHe32qRT1VBCs0orXCSobLngRC1hUk4dJDZ2tkEazCvYSvyNMQJR5OufEHlcj+ApdhDSbXfU09r5HklTOxVGMVvZZ1Kwr1DCXG21FoMBWVEHC0luIwEuY2OFE5FYzVJrQyS4VgNupjd9oXhW43fxeHE3nOBrlpSlAKUpQClKUApSlAKUpQCuKPt9M2L2S75JkRzIzMYLBbS48nq7nEeATEFsNVtJplYXl9ZUTOWABJMSUsmaPHTQuWOAJcATPK/YtXK6/MW0RGcqMrtxxpCY4G84Ew+iLyCtkCiqjLaMqlBSCokK6WfCHIqSYpERxyZ8gcAGKHCgwpcwEICJnhkBmjH6TxrfIG3mqut2rOvMyzvF2yuxDb15C24cRZbheEAV9ZcCOhLJqLM3IxV1cltSZ9lskeXm+dKxv2gBkjmArZlT5Y5le5t9thDOjuuEqbT7ALptAiuI0EJacAyYTwUl1VOKCkRQm42G0mCGCYSk5nW5FRJbiASMHSJMVUUy11BQTk/A0eLZ7uc5ut9o77dG6bDUQkZsNpB5ALJaG3m8mEkVDRUwm44ABKJySkpoBYgnECoWOIRYmTLglwA8ccAg8cbWtUluk/a3y7svxCTe3oXQlt3OmN3fG8yqrMbhUyfXHQymIu53eACcmlccxlIRuoqoYfI5ELAQwOUahixIEyoWKFhmZlxmZfc66Nc5267Xg8pujJPCXsC0tDhUQi/z80JmzENOebESH1DAA6XlJZ1XsgIzvTUDBEHxXztzrvLk0xExyXVJUKN3tVq96LY2ciF/6wkdvI7dBN4wmtw2ZnJvOclkIUBVWOA1TDuuOMEcCDNJJ4FPLDFlRNUiwCiiKQBtOVCZY8TMlg6Xnjzt8W81cdi65GtNLBeL3maAVmPkDSxpGQlrYlVkV9MQ21QINKwwRBGdQYnjAo5NG7lFSMI/sn4ZOANxitm4SkJXrxIKM5SB0TCUmTFDTdklSqow7vBC8QtNsFhFR0qwr/ekjIKcXQC/bYjGB0ZQfKsaJBY553LAJmIJfHuZcIvjU0vk4FTR5P9eOSaOuHMZy47aQjH2xcC8CQDziCU0kyuMV0m+UrXhojLaSUVlFEEO3brzh5vuZOCzUEs5gXsqo5IQyXwCOF8BCZguOLdnKWxjggrSWQdspljIBmO6I9XnPsDKELln6nuMBsupkRUdkJ3xSSk1MQ/Bjh8FraafZpJ7pjZuTWswQVsgg5BGgU6+bCFtkeavjH4yNeJHcHHPraa1U1T1zjcnLcPCzk+gd1STJZbVTMZGl1cTQWaHFrN74FDWn+ssTDF5OthpJownOcEY4hrZ0CxzkmmNw8gXArOUsaJMl9TQrbY68s8KMWE1kTI/ICgjyU92i2ZCQDSESHM42cDHbZ56lXankjR0MA221gsQMKFsC+ZibVj16mk/hSbV/J7TSbcKdQQvyx8x2wcRxrOkTcApdyRhLzIbcjR64jXKnra3Bl9mO9KLLjbWroTniRHcCWGqpJwqeBKLCWQPhgjh93Kg53vja2bec2sH+OjcQ+4UcJvL53SrYM2uIACmGtgIawZgx3DKaOCsgliQKuEmHcxyQamETKBn8ALG8CwGItgsKFTm8XMDxdaUQJNE38eGt4ujkAxNCEcyBF8bTw8F/ceHIwbbcasdJ7we2B9qpcSHlBMwCTR1lstDw4CjGTFyK2uoiMRVnWm3b7Ry2xJ94q9kZxi9YxcEcS/oHNElsVbsFmXyU2m9te3M4kE2OVF/jiRoRNUS/fZExbEyRNWGKGcAxwRMMWZnyNq+/XlOpuhnJ6Ev/ADB9r/0vh/2MRfWhfdzZ3kRgp6M1D004vvn3s9aa46q7nz89aDtX/ElyhqxomA0/FmVEBXVHJ3wlhFljw6mDBEAu+vB+YdzAAmV89HQl/wCYPtf+l8P+xiL62fUGWypmiNc2/IbGm3emGo+0XDGX17ce60o2YjBWw+RmFpmOpjZb6k3flSkIy04lh9wnskqN2u4PGgwUXFFrAuIIgbTUlWsOWPjEJ9ciHKkjaTyfr/q/E2v783D3X2lFXB4U1pjxyt1i5nW42S5syuvV/SM6gjqIwGeUCTVfMNaNpKoD3BAcikewT0VvKyoVrG1hP25AOkq7gbEdnwxDnFDAyPqPFxvH8BICfZMNuECS1Uta98y+askZZzuwlzMvfI53iRaWZ0UsFYoUE0qSIVTUBHcUqJsZFZEkViMt0KTRTUxORcXyvGU9FVDxZlNdwqYNhEs06DGYqKVxzOAEO+FXO5v+IFHvkGZ49XRUKjNaOXyQHPui0uPvfDR176D7NSyxl6Q4FKDzSwtjolmNBaxJWVHCmoEqsFHbJIg7k9JQV1UybxpDFxCLIpwBRUU1SOt0gvdochHK0i6YzDBGpkPa9SHuVu9sqSVV6JtbI4cLeY2NmYh3U8FJ9yHJLrCNobBaFhEJxYl1kylKpfENsuQ+q3SEpHMqFUXa37CL3Ipz4wBJG+TNPcd8p6fxZJZbTTRGU0GQby3Oyg+265kt5SuoyouMRoRgvo5JEGPqyG1WErq6iaMs/LEpgoprddawq94cvz9S9DOZrQTkWaWAOw8nPCBnXqQt6IxwTcTk2rkBkmlx/OBMlaB2k3244yinkiKb0WAl8u7jrMS1Qu1skFvrB1RWVky3XLT/AFssJaPKd0jBtMSaT5hbmPklN29iPSLkV0MfnH1MuyBJZH1scec4R7spCcuKjeCxFVGgXlRgIzWKN9627sTLFG8cRjYlz6ijEFIwlmXK0sHDenWMGXtoBeV3mX4uYqk6GZb44m1pw+XFtEzGlvMy1aJp92rfBQw1VVHZcItkiWcDCPJKIqx6m+HsxJPEVFpLUF8VNRjCg18Es7s+oMSVOL1FKUoBSlKAUpSgFKUoBSlKAUpSgFKUoBSlKAUpSgFKUoBSlKAUpSgFKUoBSlKAUpSgFKUoBSlKAUpSgFKUoBSlKAUpSgFKUoBSlKAUpSgFKUoBSlKAVlD6ZH+KPbv6X0NfqVL1avKyh9Mj/FHt39L6Gv1Kl6gJ/wDRvvxJeg/5vn/+26T6u9qkLo334kvQf83z/wD23SfV3tAKUpQCsAfPp/SmuFf/AIcn/UUmSt/lYA+fT+lNcK//AA5P+opMlAb/AClKUApSlAKUpQClKUApSlAKUpQClKUApSlAKUpQClKUApSlAKUpQClKUApSlAKUpQClKUApSlAKUpQClKUApSlAKUpQClKUApSlAKUpQClKUApSlAKUpQClKUApSlAKUpQClKUApSlAKUpQClKUApSlAKUpQClKUApSlAKUpQClKUApSlAKy6cD34zDpHH6d7O/872HrUXSgKVtseEqMtqNzDW9hXdDfjW2dhosRYaIKGs0wsKP01Bj5IFEODoDfHWokdrlSiC8qjmFtfIl3HZPPq5o2dsTByND4iUN6fcf641+kwbKxWLvlv8AOYxAmrcBzmdk9zzggKMqzoSTXfAqvlCU9OYKPipR7QYo4n7JKkzU9Ib54wkEU8rgvBZgZjjbjaUGcv2ZW+R/Fz8bfNRrxy9r0aSA+NOJM1gW9Q9sXlGjQWX8tQOpFV8242nJzlbqCVOK4bMUswWOQNHiJUXuBVrOcsFc04lVrt9wRl3/ANrI058tleObUnjgJPucInhDbdj7T7SbUAxhIzEiuIGlHYBkpZrlnJIDWapk87lhCW3QOXS8SpMA85C7OREk4qHTS34tbPqUyEM8MrxferFNff50yu6uopSlCClKUApSlAKUpQClKUApSlAK86Hh3/pcPIN+eLkl/bUrV6L1edDw7/0uHkG/PFyS/tqVqiy8/wA9oRZef57Q2Bc1HHWNygcfsrazN5VTECUwDyDKEILy3mIEiJ8rsMU0Oik1kwCEOORSXWiKDiY6grAAGBkMq6BVsMmfyTrEDUCNb+kHwPCcUNKIeXZGmTQ7cuNG6ms6UkiV4PlxwsmWnK2SYKWpSXED6jNlvdAdLfeuQALiALhGQuwdVhyDYOO9GKk3IpaU6VcxdIPwuhcxdIPwuhnx1U3q3y5Id8EGQdaY+dWv3ERFDWUyrokif4gxa8i7kP04Gb8GGoZR3cTKvFssVOO5J1gXIEECT8DJi/ZeyAdy4kNlr8nlHpGnHXBl5NaM4X2Lh/YGO194ttN1jf8ArXMKXLsmn2+rKKW2DcbjFGoox6toclhkyiqzls2+E4hZJViB1eERghOze+elErG0PsX4hZnf5M5XRrdV57hbVjYjY7Z1hq8VTFvztXI20ZqMXARNpLiZbLc9y/iwTcaOogllJHV1VUMutwApqiVKHy7dVW9dQJklDM2TAgPpFssz+AfbTkd1n5BG3JcQax7EbWu3avVTbIjFkgP+GHSiyP2wKgyHE4I8bbnNojsQ0Uiy00yUumjhklpPcuS54CSxmyfcGy2lN7Nyi/AzlFj6otTFtynbcRr0gHPVbjo41EuSp+YKhtJHct7T7OE4nkdmwhDcTsYg40pWJqDpkRsNPFQWzYDqOLpMIoX73UzTbT2wgGFpdcYZMltJpSgFKUoBSlKAUpSgFKUoBSlKAUpSgFZdOB78Zh0jj9O9nf8Anew9ai6UBkl3jdSjxu9ICZHJ1s7G8iu3RuVtLstbSs+MphuOS0fVmQybjKKZw08khqpy04W8nKJNMUO4nE9NEMLaZJzm8Xyy2cQHMnA9I73bbRfzg7r8VsR8YKY/pyJ6rbgM7Zic9uk6L5BY0XwawGosthSWkEu8X82WsaMryyTRM1bJLCAJEllxIDLbqQdWlhQOAIO0ilAsf90/YvoryKVtseEqMtqNzDW9hXdDfjW2dhosRYaIKGs0wsKP01Bj5IFEODoDfHWokdrlSiC8qjmFtfIl3HZPPq5o2dsTByND4iUN6fcf641+kwbKxWLvlv8AOYxAmrcBzmdk9zzggKMqzoSTXfAqvlCU9OYKPipR7QYo4n7JKkzU9Ib54wkEU8rgvBZgZjjbjaUGcv2Uabjcqkq8d+9jfbW38SFG7xeSZFPfLM3Jj6PZRfarGE7kzCdgdZE95NU25yqE3FAuTXB0I4mMMuZO4LzYHLHjxNuSAZRq18pbQeaLnD4/J/0xQXu79MOOJny87pR2yVGG82BH73kWRUgVNSIwjo29kNuqTtNEVZKamJ3EImBfNMPvVUALDIiYnqS9rzpQjK84ZCqePJhE6cV/JVx2/nB2N/VyIa29RL/JVGX5vmZ+ribWIXpxX8lXHb+cHY39XIhrb1Ev8lUZfm+Zn6uJtCmTGMsZo6Ofu5tuZecFS5M/EburKJyeWrLkEMtSkZY1ElBaHNZryFJLIQcc1dNZYZQ8WbQ64LgZsrthrMBSbBpWdQLvaGFhD76RLxQv5nONvQTJUrbWSw4G2rJLWhfX/VTYh6yuvqiinGSpJLKJC9GLXSUw5kbMYBWAcLgRb90zz7Ttr4CdroHpT8ayJIe5IieGnCkJNDYw7xvqZsHpn0RXcGJdmY3VYmk1Sb8mSFkxl80ljOFJbbwkliGW9mvk0s8fxRFY4TK3NGUBRFAW0iwoZRaIJyjgYJASX3wh53qvR3OMHcaIiNx5341YK4791o5HL2zwNmEOOIgjECTEUyZwtlcNueKJ4R6uQvlhmGcKsMAAXAXC+QIuvGlAZeODBBW53165KOWWQUM6jPLkxmOYnewSS3YIVWbeskJprqjiGWqOZ7YTtBUQxg70QyKVzsRVk1AbigFcYDEpnhWtpN/QwNgfzZ7Zft5cVbsKUBVxwmlSwXEpx0DhlwAxxdQYSsINgCHgKJbJlpeV7ZiY42zz7OVrXv22V+ze1r3/AA2tVo9KUApSlAKUpQClKUApSlAKUpQClKUBl057/wAYn0c//wAQ8x+s8A1fhuVIGw8UaxTFJWqcTIM7z4xmrm5mDDziVVFFJyEMlHyRlebpE+lYCnruIdsYLQ7VTQcOyvOUulIOYxPBTyPFpN0oDG3IfNJx6v7VyQ8dYdRzKZzOTvELoiK+r7F01diNsYyJ/kdtmmc5x3TIIcWpWCgymcvrZtyDqZh5XV3IhFQChxMTlsyrkkeznXPW/cvim4Ko4h7U+M47mndKB4mzfylFDx8MrDaeshvd+n5RmdloxppORtqS+uN0B3OpGYF09YBDdig2UJJLBBYrJe5e+ulIV96QZNobsWFfay0o6bsZRNlOkNahz1x+S1C7FbEyubkOnfXt6wh8wgjr7NY0tNac5LYp9hrTeXyZxkWQRGi0V5dMKpk+E4TBxdbZLvJPKiOUcZHK9+wjG3IjxPcAWvTO1rg9lTzt9r6xw3pIsDO0FyOc4dRpEkN5ShJrMZpZguVDOOGQo5s/sCxMgkKqqWXgWotprZIuJUPIBc3o+pT9+NMmT93pp4nXQyMciHOtp/u7x6zRqbp6izROO7+2cVnYORNQkyB5aLSlGbmkYsWbzxzkwZTZpNpomEbE1FTHGUU1wK5JUWCJEZJHGQMlFwJVp6Frm6tRuA1x61Ps0WNvqGuMST2W+MyRvFQTwHoR14dQzsIJZ/DLLA8kpbgMKKalHA+1DNJxQsOGGFgJiHjcxUQeQj+YPvB+iDsr+xh60zM8Dn6tvuuu0DL/ANCX/mD7X/pfD/sYi+tTu7OzLd011G2M2ldPewqZBkRPSQCyeazuGEvOFIRzF2g1cM7Zh9g07XYKitgl2RQcbnFYDHIYLG9xMcsXQl/5g+1/6Xw/7GIvrZ9QGdHoveuzjibjAb06yTkaPTLvTKsjbbSMuKodrrKoC+FayGyjRo12uNxyi61G4RkAphjbuQZl9qIuFrCGRr5d98h/J9NHHDtbARyYdfzK7xjyS0VUhLm1cfNGQpAfcByyVEXe8C76bDQ8KFyUemy+DUNgqVkEwsKxc86sEAFSVGrZIVbs6UC0h4fHMZ+yWy0Yc2XK1xFD8byW+JfjnRScluftkNuQoxfzCi1mswJajZwZRQUdb7bTWUlZYeIUfH0UyjBkrFzx1eR8EfwsUAd5pvdrbxupR43ekBMjk62djeRXbo3K2l2WtpWfGUw3HJaPqzIZNxlFM4aeSQ1U5acLeTlEmmKHcTiemiGFtMk5zeL5ZbOIDmTgdbVKDOGVv12RdTFvvdttF/ODuvxWxHxgpj+nInqtuAztmJz26TovkFjRfBrAaiy2FJaQS7xfzZaxoyvLJNEzVsksIAkSWXEgMtupB1aWFA4Ag7SKUoMzN9xSlKAUpSgFKUoBSlKAUpSgFKUoBSlKAUpSgFKUoBSlKAUpSgFKUoBSlKAUpSgFKUoBSlKAUpSgFKUoBSlKAUpSgFKUoBSlKAUpSgFKUoBSlKAUpSgFZQ+mR/ij27+l9DX6lS9WrysofTI/xR7d/S+hr9SpeoCf/RvvxJeg/wCb5/8A7bpPq72qQujffiS9B/zfP/8AbdJ9Xe0ApSlAKwB8+n9Ka4V/+HJ/1FJkrf5WAPn0/pTXCv8A8OT/AKikyUBv8pSlAKUpQClKUApSlAKUpQClKUApSlAKUpQClKUApSlAKUrOq7eaXcJ0chO3PH/p7xdpW0Tl1EwZx94PhV3nY0ChqyE8m22FoiqhNx8weqlCmYR9x3SMk8i7V4zliS8IiXLhGe4AAaKqVUDC24PLi9ZXYLTmXhsa8IRWvuRPTX5LhTkohKUTMfNwxnfE+5gI8QYjRVl4CJ2HYEshpqqQNnOz2gRnC9vw845AeXvT/jrV2zG8oqj7k7ZGRE"
20:09:00.244 [Test worker] DEBUG org.apache.http.wire - http-outgoing-0 >> "gurxRqrAzJVZLneRyx86qJaUZSW4nYgJaQmKSqjKpAkouVZSMVIZMVAkMBYOJ5gpiBaNSqq+IDk2x5XtYnjshjBajr1i1Z5f0J4sNYfdn+rj4shEZi1ZfVFDFlMWyKonrO+xI82LJqlZHNJouNl5SsP2ALL3m8WtHbPdUgPleTGqymM21x3u9zrRnAkjt1sNpMNLK8uqpwS9gyqckpRI0fOmM79qCWAEEy/BjQHJaVSHw4c0Te5f1LbgZoQAsQqz9bnuxEFnLzgkDxsW5XaMj2kA81neqNbxBaGMcnDSCzE9WGbga4+Qg8nDcqC4DASbgdU+Tcg/KDOuq+1+s+l2qmjnz4J62MjiVJSCat9mGbraC0GpGQpDEQ8ZXH0wHa21AJYD8YcsM1BabeQBhDBIEQlk6qhglASMU2fxily1KrR0u2c5HJtkdyNvcPi8IaPR0lsg4tt+Swt4oZ2aMuh6hLyAQJMbBjxozEJTRgDaEfcC+M61BT7wKCN8ukWImTC0EYJQy2m5jdlYx5LVTjM1T47E/biUkyCUOe83Cp7htPXcsI2VDPEFXL+D3nDTpR8BEQcynhYZ2eIhtTscyEATAMSwt6Av7pWdSUObPb/TkmUf8AyO8OU7a268WUSCc5J8gvY2IdymywsFM8Emk1l+orCQ2OqtVu4nTBYEwpKmYA4oo4BJHILKsaIppu+aI5bjaeoxYkzw88UaQIvkxspTwYzzb4+Q6S4G8slsDRE6X7qGCZLC9plcE6nni5VSSzwRlNUyZNQKmSwTM9jM9nYtKUoBSlKAUpSgFKUoBSlKAUpSgFKUoBSlKAUpSgFKUoBSlKAUpSgFKUoBSlKAUpSgFKUoBSlKAUpSgFKUoBSlKAUrruXZYj6CItkOaZYcxFmxnFTNcT+fjpUbDZlEJrNZLMrCyoZgFQhzhsQEkUFuWIES5lQUDNwSKeVMnDAAAme1H51dy5EhNW3PhPhYnmRNCU8i4HaQnBV2bhplzO44uawh+y5I7c1aHb6471pILlU40eJAJjvN4q5EPM+lnTacEOdCEVWzdUT5+ZIppWpVfLO5PtP3lx7B8nRSQDKXqoHGynI6svrCXkA50K6GrGWsssRRbhUc5mJIZF9lB4+BbyYcUAVh33KkUJRVCagnqBqqgxztboE4Dx3jOcKE+g8fuTewkr5cMdnoUFm4OERAcVAKXTGrGKJZygNzNCys4shc334LCbv/tSKuYs++DjyOiTUrok1NLtKhMd5DdUE/RS3I8bkoADVHOJScxhvjMgZxUBG+o9wJkEDFv5WsoePZtymi7GBZ+WOKrk+RsGzfCyhftLU0Dc/W1ybApPehe4XdjEzjsOlibrw2BC2FiA/M4ESnxg7FJYN6r4IoLlKtEwSFxVgVgZ+4trNEzBcXjNi1zRVdGDMzVNzThSoAyjyb6fRPoPjyTrskWVNXD8eoEgtdwIBG5tyPKzsGKpzXZbcbZwZPM5v9XcRwJrittUGTBG+uBKQTpMoRJEWzyfUqvc+m1ESw+0dxNlOGrYWHNBXcYbJ22waZsDFkhyg1GS9DZEq1H4/wDWck20B3MtBWbqJLIIZbdRcDEQ4nFcTYppaQgVQDTRSuFRtIzHmCPGNK8ZuVNeUdSU0m8+2K7EcTMVKcjSdaUVXG8tkMxQwhu9VNKOlTYOI4II4eItgxwQhscw8ea0ApUB99uTHT/jZZTadu0sjGUBWf5hUToqjJpN9Vesqy0to+SUEfRWAzUUEQc+YLmV1EKGVNWNIrbTzawll1RcIiKBSwsVeJHmBx5U3VuI38dWZD1etqi+I9Z10eWXNYzJTjyfhV9GMvHWPbM5AtFjgQcmVcA+2vGR73zEUexkql7k74mQLoqV/L3ta173va1rWve9737FrWt+G973v+C1rW/De9/9lUQcffOlG3IpyHbV6Uw7DowMY66slyPFo7OXknBXTprAaMgs+Mlk03Y6CYKeAkNU2519cEbLqBkZyYLqKgklHJKThVsQkjAXwUqrjc/a7kuhGWEtoagcTnz4YuNsdIXlKX/n2wFrT4JehxYcJJVYXyfye3FZxH/AySmoC140lzOKUo+Mng0sDiZRzuYkCI65pt8MeQLVfj92g4hQNZX3tIC5nKjLwXIDEU6mGvGTISF9ZeEhKLbiiI1EtiRTSzaViyYnuF0NLNxKZcROSjoo4Q3cwNH1KUoBSlKAUpSgFKUoBSlKAUpSgFec9w8WE63FyB9jLC1rTLyTXEtfDK98g7zQs2xxwv3S3aZ2yuHfLPKwmOWOOeNg8biY5h+jDXnQ8O/9Lh5Bvzxckv7alaosvP8APaEX5TtD0XqVxp5PJpx20XO/n440VnsllICu6nc7HGolUhvtptIBAdUW11bVTogJNOS0pOKmDp46aFDALFgRBRc8cMb3rP8AsbnPmvcRcdA/Fdxczru5DrQXlBtnNkJHmGPdNYTdCmlC5gnso4XpSRHOsvMuCJcvgMTsgpLmIXMYZLLbSgbhCjUpolpVIUD80SYY2cZuk3IHqpJvHBtLKQOIsLo0lPdly1Bc3GRDAZMJvxbsOwrEmouu0Y4IETBQVFGRu7KZxKboJ4R3LCY3TPSnMvz4neJCbYdiMvp2qbKkZLilcl1wuVGmzCN1BktptuwRuLWQTYziKQMXHiRJhZLIxvNfb4AIVswzVixQEwphAaKKVxhkvJtSKzGlILMViy8z302EF5NRcJ3vkTWW050ootoSsUyytjlkWUUs8VOAXyxte4Q2N72tf8FZ095ekTI+oXJWxuPJo6nm5vKqUgaxRRKM4Bzfiw02KpI2cUxjTbaozKDiB8YuI4mx9kQfJfuj0boq3fNURLF0qyRkrmwNKdKpC5IeWuYdLtwtRtKIB0nKbeS/t+2H2vMkoe2XQteCqaeYlzJk8kDHnLFL8QzGJhHIKKnZRUF1BDDyKYkQy5ocwFe/VEn8tHJ5rW1FiWdo+CeT2xBbOIGVyQ33r3u9BGzrsZ7aTQsjay4BouQWYyXAeTEZNBNqamo3PEkZMIlBjaurppMMUyGBoUpUadQNuIN3n14jnaDXR0iOyKpMTjZtGNnCQiUuJKklKJtFcLYc6KPlmOjORtrhA8kq5HIQcvcct32mnFFJNEFE3JagFKUoBSlKAUpSgFKUoBSlKAUqsDkg5QY/4+vkQj5Pit/bLbT7RvAyxtbdYorHSyDskNYTrp+KwsrjkWb5pLGY6GIqpZdVc58opCAjn8By6SZSkxyKiFExm80Eyxbs1AOs3Jlx1vvj/UNrXLixNeJVT9hoy2lh92yKOMmk09iOx3xyhNjxEcKuqq6YiJhU0SV8hVNTIGTOJRuCGnCTDVv89yL8qVUpyL8sbO0ZkiCtZY3g6Qdv929m8zo0KauRYroraVlFvpuSgGdfD+fDgCOJMeMXAdIWgcHGcSlUOwbfcyqaLFG+1nIspXS0B8zLyz3Fj3Q/kN0efnHnsHOKOdV9eTipMjD2HhSZBk0IQU610OYmIjthIIva/c+4E26Kkm7ZqOZRFUD6WurrUTHCDZl09puhepSqnORDlSRtJ5P1/wBX4m1/fm4e6+0oq4PCmtMeOVusXM63GyXNmV16v6RnUEdRGAzygSar5hrRtJVAe4IDkUj2Ceit5WVCvU+tHL5IDn3RaXH3vho699B9mpZYy9IcClB5pYWx0SzGgtYkrKjhTUCVWCjtkkQdyekoK6qZN40hi4hFkU4AoqKapHW6QXgLu6VTvvty5JWqWw8TaR6763v/AHh3qmVvmHq3de47drcjtGaTCLXUsbPGWJYdJRVQI9Sj2SQpikczqQfwCIJxhTXBkMidb4y7xHU3mKVZJ3Fx49d3dP37x/biuFmm5BidkOiTWfN8XzY1E4spH1HOM5kZSW3khdWyaWiryoImBoVimIDbcqeKrAuFFMolw8pGUTPx04u2XyWcdl7Xx7Tx/wBj7ZY3xvfK+V27D/aXtn21rY442tnbLG+GV8r5Y3tlhbC9s9vcR9taKIxtne2WVo9ZfbXxxvjjfLxbTezfHG+Wd8bXv2b2xvnle1vwXyy7HZviG6cV/JVx2/nB2N/VyIa29RL/ACVRl+b5mfq4m0B2DSqdNvuYRkwZsYBpDq9rzLe/e8XgEB0OOBoOON1vt2JW4dAImE1YniY3aPiz4oKKoKqkDFLKJdUHKFVdGNroKMXcDazW42vXm/n3UBwMY7ypcXkraOwVITmTWam7LMDYKM9w4oZziV75d4ASwNGLda60wiQlgjF8RrJy4oHrFjOaElLIJU4MWPlx8To+5odpX5qMspDjR0pwt9UTlxBXU0isoi0kHS6kkrCQqFQjyaqJaiTEGKH05QJDgmyR0qMKXNFhghwBMwhMcr1cbncnPzRd6OOvS35EflB+f06ZCbXylfKT4p/JP4iXadu/fE7xBcvj34V8aP8A6W8amb3j3j/8nOd9f9nAtZpVV+xHJj8gnJzozxyfIp41/PQZsrO35Y/lI8BfJt8mLWebl8H/ACeeISz44+G/FDvLvvx4avg3wh3z3sod6dwM2oUApVVPEZybeVQg2bpn+RL5Cfkb2oknWfxb+Un5T/GP5PWhGrr8dvDHiDHngjwv8ofeHi34KVPB/gfvrw8d8Id7ErVqAUpSgFKUoBSlKAUpSgFKUoBSlddy7LEfQRFshzTLDmIs2M4qZrifz8dKjYbMohNZrJZlYWVDMAqEOcNiAkigtyxAiXMqCgZuCRTypk4YAAEA7EpWalH51dy5EhNW3PhPhYnmRNCU8i4HaQnBV2bhplzO44uawh+y5I7c1aHb6471pILlU40eJAJjvN4q5EPM+lnTacEOdCt5hfkR1Nm7SJu8hiJKCY09XVljH32sPl/3CbmTGKISobbrpQXmVsOdwIOZruxOUGmpJicZVQzy8UsXbppbLnkw0eJH/AivK0l2Rfn4mTdpWaqL+kqwTsTvjq3qLrfrVNj4iLZ12vloNrb2RS6tDMcrxphNxSX1tUh1pL7KWF6VUhOEKJ6Uu5LClGakgnFcpc2mC4CFe/NKtAKVQ9zJ86ca8Sa7AUdAw8LsbM04KmSkbjohJWEaYR5FIaoC2MJMcq7gwZHG7ktPM4XbTTRBUJPLuEZNdQ1nARGb2BJUs/3N3Cg/QzW+Stpth3AZQIxjJMLm1DBKKhqTkcayqHi6Q22e0UcQyTxV3Q51s6TSkkmKbJkQRBxFFYUUpEIqaoSD4JRVD/kKtlfQTeK2F8cc76f7L2wyzxvnjjl8i717W+WFssL5Y2v2L3xtnhfK3ZtbLG9+zalde59NqIlh9o7ibKcNWwsOaCu4w2Tttg0zYGLJDlBqMl6GyJVqPx/6zkm2gO5loKzdRJZBDLbqLgYiHE4ribFNLSECqW67fyMx5g4xNp5XjNypryjqStFJ0fbFdiOJmKlORpOuA3UuN5bIZihhDd6qaUeKmwsRwQRw8RbBjghDY5h4hme0M2fQl+2+YTthe97dr870XsW7W9srZWhmMe2vfLtr2va9r4WxxthjfG+OV75Zdta2Gz+sYPQl/wCYPtf+l8P+xiL60L7ubO8iMFPRmoemnF98+9nrTXHVXc+fnrQdq/4kuUNWNEwGn4syogK6o5O+EsIsseHUwYIgF314PzDuYAEyuGZv4LJ6VmiNc2/IbGm3emGo+0XDGX17ce60o2YjBWw+RmFpmOpjZb6k3flSkIy04lh9wnskqN2u4PGgwUXFFrAuIIgbTUlWsOWPjEJ9ciHKkjaTyfr/AKvxNr+/Nw919pRVweFNaY8crdYuZ1uNkubMrr1f0jOoI6iMBnlAk1XzDWjaSqA9wQHIpHsE9FbysqFQLY6VSJrRy+SA590Wlx974aOvfQfZqWWMvSHApQeaWFsdEsxoLWJKyo4U1AlVgo7ZJEHcnpKCuqmTeNIYuIRZFOAKKimqR1ukF7tDkI5WkXTGYYI1Mh7XqQ9yt3tlSSqvRNrZHDhbzGxszEO6ngpPuQ5JdYRtDYLQsIhOLEusmUpVL4htlyH1W6QlI5lQpm3Yn+w7La6VRZC3MfJKbt7EekXIroY/OPqZdkCSyPrY485wj3ZSE5cVG8FiKqNAvKjARmsUb71t3YmWKN44jGxLn1FGIKRhLMuVpYOG9OgFKUoBSlKAUpSgFKUoBSlKAUpSgFKUoBSlKAUpSgFKUoBSlKAUpSgFKUoBSlKAUpSgFKUoBSlKAUpSgFKUoBSlKAUpSgFKUoBSlKAUpSgFKUoBSlKAVlB6ZJbO/Eg2u1yxta24EN3EtljfK+WHiPMFrY4XtnjbDLt74ZXyyxEtfDHLDtLXzsJhq+rKH0yP8Ue3f0voa/UqXqAn70bu2duErQjt8scr+IEhXtfHG+FrYXnGUbh43tfPO98scO1xzy7a1s87ZZ44B2ysHjd/VIXRvvxJeg/5vn/+26T6u9oBSlKAVgD59P6U1wr/APDk/wCopMlb/KwB8+n9Ka4V/wDhyf8AUUmSgN/lKUoBSlKAUpSgFKUoBSlKAUpSgFKUoBSlKAUpSgFKUoBWHSEdwTmn3SOeaNyk9TNyds8ng24PQs25ptEKHLznaWJFjxkfstPJNXH4wwkhBO3v3iRPAHD4g6ha5fIsHj/G1uLrJ7xkf0l/nV/N7AP6rxlUX5TtCL8p2hd9ptv0f3Bc7ybRzRfkE1MxZ6CRXcHHuTArbiFsO3I8oXIXRWapIcnPwVXXiVrd/HiI5MgGAn3sYxMiZfxVTYEYTFGewElCstpiyMVbuTQLP8RuI+b2LtPI+MqZNcB1ZE7roLdyUzA6jkiBn8U258cY5ctcwJmJlyylUpl06JV+Ls2F/wDEP2U/ViIa7b5e365t4tlde+D2EVpQKF5uxTJ/5Eno3DYwJqL9JmGvkjorBFVE/PvhDdM9uYqntch2c8TBQgOhAK6ccaz7GHD6k6JV+Ls2F/8AEP2U/ViIalNIvAlHDv2t2J3EYXIJyX66yzs+uJSvKFtfZ6jthoxsk3iISY12sSEHhZZcmTUayeCGSbqOrOJVDSyuARcASwQAGIbPqAz6gRR4D28hNHkZ6Qu1Gukp6A2mxuPErebqEklQiSWioSKXnRNSUlNJAY4AFE9NTyxcmTKg4YBFywIYQeOOGFrW+W20e8mBjn7TNhNStRm1JjWZPHMBAUfTHsG71+NdZWS83JLpiQXi7FpxtVAdDrd66CirOTFCYLPTi7iP5qPh7I2AhNRXuYh/wEabqzZ5XOXpwi7fbjuUPVDa9HaSkgOWWEdQb+0orsbk9tgJ17XEQ2YWEk12tUS1nK01RJMNEFMc/bKIxM2DexTG2zYfl2fegO/T6irkIjNPijj1ejCby9q7uoxI6lh5omb7xLJ2LujafD7YGexJsr1lQRbLN6yc2Em1k5ORlxStkkuMU2g3fn2k7y/WUu/L3Sa7bvwrKfd0d5UNhHVvG+eMPkb17YOvO4KRG1ppiR2Qw8Vp4wNsPGAY4pdRU2CK6SoDqR1JM7yWDIJVVHPZqIDZehZSLtdWa101Wgsi/wBMEd3/AIYhb/zVsV+Tr89sOWnn/hbkM1kaD7F0b0T1VfEVk9kXcxXVH7YnuWJIIyihCtyNi7zSUFwOBFQU2VzB8YUVHL4pJppqR1T7yAdLPutR62Z3I1q0Y6Ve65u2slJPiGLROOtvMzB2qaE7HCWu5l88kmkhK8HsxAcixYQ6AkqAmBi6dYoHYtliOYCyzCxEkY+GsydzJGPhrMnczZNJcdM6X46fkUSGiE3KwpLZ7kYT0bx8LAYkttZ2o5xBXksyGJjnhkCeTD5kvn2cb9rYTtrfhtasy3RBng5lbi6kiNl1WHWEjX3dqeYfY5kTLPIuG1bNmKpLHCJWyEExCLju6SHWqdxB7UHEVSEztbIQQTPLnWz/AEjLXKSoueMUcTyLNe+24sgN5WaMTosMQPLxdmR27F8oOlpchyM7X0ymqnFm0zRh/GEwGk4qpc0MnAkF1SayOYUHKkTk4LuO5ycZHHZFuvMiGU03M7gW3NMU4ZoxsJQSSclyCIR74bxJSBvmCqXZzTRmmzDywXHMkllTbx5VTR8kw6TxwD3+QXy/qBcDSlKAUpSgFKUoBSlKAUpSgFKUoBSlKAUpSgFKUoBSlKAUpSgFKUoBSlKAUpSgFKUoBSlKAUpSgFKUoBSlKAUpSgPwHS1Gs+W+qNJ7NpAeDVXC3ea22XSjJzgb6wU7pgL3qq"
20:09:00.244 [Test worker] DEBUG org.apache.http.wire - http-outgoing-0 >> "IysWNpygW7qEGL3A2WGC7oHhn2vbYY3tSjy28lsR8fUJJ2o+v7FLSruxPrEORRqNp1D7aAUFIpZwpR5pN92rjMbRbEFrRc1O0MCJqWGUJZuwVEMt5ugl0wg5XA1rCOQXbVF0T0r2S23XE4BaDhCMFt0oiCaEFAKON6msy7fj5snTIF7DlSTkfay3EI6cB7IxQqoDGQsBBAscMseXDVyscKmtLXc25m8O6gcgcp+1CitPPYyT3TrvtE8FqMU5YO3CQ4LjZab0GrbXbzNbDdIopRVLsVRFR1A6AChEVA2ymqy01ICO+U4elWNIvDxxt/Mx4r4M0w2XbbIklzZE3A+pnZbhSkN8sQu9H6+D0i3aOSeqF1RAXcGAIZRETJTDwOpyg4m6O4UcbvYwRzDjTzccijMhOGnFxfansMWft+tvYmX4HiXWmK0kqetFrAkZpH2coSJIBYjYFFYbYbLJOqSo1EtWuTKDhkCqyqF0yO0tecKf3TtnzV63NXiQn7k11FfZKZ2m2k9TYEPq6izX2zSK1N6w50uN24TUGrI7aZbqMo7ZdjhJuBxA5JRQJTbiIr2TT9+ziYwog4ceVTge0ehm8yT7u8LIfI1s0SCkfcmeHlrtti734O+naIE4VWKEZ2EoFUSBVksM4IXRBy7UUM2+6l1GEcuAphNs3CaMxs3K/btGnfuB/tzGaoO7Q3o5/HXx9LzpxPqK3txrtDM1rCEZMZowym/vl3nd7kk42LiBmdbaHJpQuC3zp0oFc0WR0g8IQKGMsAS+09eilguGJlmDzzaTcYuXI7UYpOM8EsHgj2YKm2hmgYbQRO+OQOCbZuj5pYZa+OQeJXsBXxvjbsVQry2Ru2OcXheU5K4+3QNMJ8u60jYnWBVKt5zsk6/XhA74dTFdyAlocjILUdCU4DSaBJrca4SwipeKs5wEbAIa6IqBqQnTbh6TRrYr6iqKQ0WZO4nKKqxqYZydoWV16mq0souyx5AzSME4e+bG8X8mMkPEWy5ZVBWhF4y1QMSwbdxd9xWwA7TX180T6nt0dXbSGxl0h9xLkvcN/D7p++TwqtE7l53h4aXSI+Y+KYpseywiKQ6MZwyGEDERjSvPT2VMiOVsitznaGe55GSmI1ej7utG7YljTXaqK3WnlDjWfeuMztBVJjg4ZAYEFiOXCn92Bx7HYLmCFxQzZAyD3McibLFzRUQIcAITDI6/eE3aiGuj36htGMGSYXd+tPNi29yJnoxRsAVhwrb0Mri6ouGKEgBPyGstOxoMVVZmZ5JRzp426HXGJpFahlUHV0YkamVtV0inWHYXSaTYV1Aas+SLyKT9E7ghpq6bEIGl4OVomk+Sm+YZiwcfigbZRRm4psYmFoyriHEhwKWLgMJxIqWBLlzCqaRW/ery+E+tzaJDV3TZEkuzQThorLDoub4Xnxwj6hZuEyYOmmoam9jkDprMQQUZBbc8SQA3y2OYmeXZLo6OKTQSeGFsAwSaUXL44fxV8stBFVscQOmq7oDxuapapu/vLx+jpgG1SSsU8wAeJlpKkh0uCTn6lFlMt/EqxRvul4qbdT1QO9wjyckkxwO1L5BYY2T0Kv1xr5mcTW2ExXK4Wm7nGy2mvuthCqo7Gc623EdVcLLHXixcmuDNNaPEx1JuirJQoVKqoiOZJ5qJYsXAOZDBAh445oOB78Zh0jj9O9nf8Anew9ai6y6cD34zDpHH6d7O/872HoQllzfbPygnsSH+NjUpX723U5K3IoQyzlUjmKKZhWAgy189g5/WsSAuCimJ7VYmaomox4AQko2MGVxwNsyYVGUMUyrt40tfI41Q6RztvrbEaX4IjiFOKDXKPmqWzxC78MkW+NriVGWVYUEMPE4vuE9Y2vuJSywsKqLqkoqI98hzQmV7QtseEqMtqNzDW9hXdDfjW2dhosRYaIKGs0wsKP01Bj5IFEODoDfHWokdrlSiC8qjmFtfIl3HZPPq5o2dsTByND4iUN6fcf641+kwbKxWLvlv8AOYxAmrcBzmdk9zzggKMqzoSTXfAqvlCU9OYKPipR7QYo4n7JKkzU9Ib54wkEU8rgvBZgZjjMzPgb59Nqq66RZG3G1lj4wT/z9edHlR5DTN7q0XapJLa459a1Aa3fiZnm21MVTmBZbpz+EDe3jM2FJfJGy9w7Ct+Z7hhWFDMDDi3M8qe3oGiPHptftJgcBJOON4nWwY6yG7nlgPLDzELMSKAMgc79kwXvITlbgqgEHjmJimAnR7Y9oDnljDXo4uqRjU/iP1kTV8mMWkOe0xT2mkoybsJZRUV6ccyzgaw6rYfsm8VchFBeOUJVxO55G8T6QYsPYLPslwmV0inS3JqzaP5dJRu+kS82lKUKKUpQClKUApSlAKUpQClKUArzoeHf+lw8g354uSX9tStXovV50PDv/S4eQb88XJL+2pWqLLz/AD2hFl5/ntC93pdkqvGOuIhRa7UVRUUhOmyMMQ8+lAIYcvbBkjFXpJZwuZMFrd2DTzi5GiATVA8b9odTRzaePiMXOClxdC0Gw5GOqcAxtCMapJJqRXB0corPbxImVxBCKoDSRwwR1M2GVwzENqilcuZWlw/lYc+rLBw+pHBTR44OMLDPmB4+ivJvoJNOqZZXTm0+10ujvSIHSr4jXSUCV2IohrjUyV8y4JowWQnDYM+zHGfKkzx1NbrmVVAgRNnypYASq3T3nmZmq8SMvWLmkY0zaQbWwq20qOnFID+iGRnjC0/AtEmChJ0lR/JMZNx6o6kbcxAgGpOYYPANnjLop0VrOFQKmsExLv2yVyPoqV3ZKwvOcCVYPPjwRTA+o5Thdr4kfcgFnMUSIvGXYLmNTWkV0Os6npAGDXWF2Hb3bh1YOYphQwdKHU7ASwJW5wxYIvhkHX/yvwqzdlOkFca+uUggZDsuetAd94lcV8AgxhSqY9YL2HSR1ItiJljbBQSsRvCSUYwyxGKKhQkaAECGBwGD6R5TdkGTzeKei0FcWsXTlsmFD+7UWz9KU7J8FPqKtdGYwmcmONJWgFeWZhRo8ICr3/tBgpJiUQInQ1wklKQaMbPqvg5NUZl7tf0o/hf/AEXNwf2QbB0fgPwdp9H+2sMN7i3fMVbMLIbekjihek46ubDinxM7iN5pa6ZKS6gLFi4tsDGLfQIzxLtJONZYYYHRGCqZBY4dyzDwy5KrGd78100M5J5VTR06VeUPpEcUz7kWNXvYyjQ0z3E/WXDzPvbL+MyTW0ZEkAdsjZ9rgK1l1GELYZAZ4GTUz+bVGnzUXkH211W1vbx+7c6Q/E2uceNk4QyyBRWvsK25ga0Ry1iMV7Nr5kXVFDicRl9HS2Vs++5fT1E5jmSTRrk7EOeSGWbrlB/Ahr/HpaxNjwtyX6Wxc0gMsAwx8kBhtwy2k8yasFa2Ih42XTwjaiZv2whk8YHMjCCDDZ55N/CIukkfy6on+lk+0ESWrKrruiqiQbV5ohwXm+2Ch7Vbnm4VNgJ+epSOogjeP9hFN7PQ8mLqyVQSKmkONvETAya2ktaXDWI6wrpxK2CelmxMMjOIomGAAYooc7Zq6SrxmqEdvFv6oOmSN6p4WW2spUfa/QXrvO7iVXq5VNOME0VLWjy/GyG3yTcNKAxcFfzDOqazgk5HM0xurRvEJPHjpygBBjdJG4Hghg8BQ82bslbMMTDETDK1me9b2tlhla+OVuza1+xe1/w2tetWAQQQAeIQIYYIWHZ7QMLDEMPHs3vlftcMLWxx7OV73v2LW7N73vf8N70IUPdG80hm/Qri7jqKtiUQ0z5XfUgv+aF6PlAcEdVjwi9xUgg3mstWLCjlyi5kgNxNcC2lYCXHRFReNoqhgEqJ54EO+WlKAUpSgFKUoBSlKAUpSgFKUoDgS9HEXq7sb8oOhhsJUfTCKKGLVkNea7eOuxlkDZU4CqWb7tUSIqw3ChkkdUAlCycoEwRips4GY7YIce2eSrbWXsufLkc1D1i0qSTDz0u469m2zsZtpuYAVz+TJZfzFMljCPEcQOX+CWc51RTwFhALqiXmfCXj7ixeCYUzYbJu5XJyrpOfIM0I6c+pHGm8Z6WNY4a20VRHvu5ObZRnavu5p6mo60IhGGU2Eljt52Oc6Zl1UTHainrJiAewEwbRNDXgDTMcbqL5Sd1B5z+jswOyoi1H1I2QbrCaRdSQGDG7Abes22yUCpONyqRRJJjq62sQQBZTcjmWzgI7geDrVhD6qpmh1dwLAgmZg1Zro3+fvAi6bJp6/TqPWYmDJ3SzeR5xu4Oymb1p0VhBgxVgftcazfIyI1Ne3qtqSJYXLPvYWxp5vRNzFLdyw7k6VsLMPIQ4KJl/elakgmZr7x1bLN/DEnK0CcnEBmmC4AccrKSeWXW4/XQrJ5AcLMIwF3+4Y0YymNiELj3XJvl+zbtsAxA/o7uGXRxR83yRyvOqPJBd2jG3GshPW3bGQ45Zy4/Tmv0gM842hGlIjxbDVIKC5ZnDoseR6nBLIRYyNcoI+yRMscWyzZRF7pTdPZBi9IM2t4+tStDU98zFp7r9sy1dt9ydoDMbv1jQ+hk41KGiTdjBBWZBbDcNLT2caC4HuiBkQ0kXC6m5UA4nhKqQjvI63kvmG8MpQSpJFWOsI9WNa8iFU1AR3FKibGRWRJFYjLdCk0U1MTkXF8rxlPRVQ8WZTXcKmDYRLNOgxmKilcczgBDvhVzub/iBR75ZC9b9hF7kU58YAkjfJmnuO+U9P4skstppojKaDIN5bnZQfbdcyW8pXUZUXGI0IwX0ckiDH1ZDarCV1dRNGWfliUwUU1uutYVbieQ/k+mjjh2tgI5MOv5ld4x5JaKqQlzauPmjIUgPuA5ZKiLveBd9NhoeFC5KPTZfBqGwVKyCYWFYuedWCACpKjVskKtQWyWy0Yc2XK1xFD8byW+JfjnRScluftkNuQoxfzCi1mswJajZwZRQUdb7bTWUlZYeIUfH0UyjBkrFzx1eR8EfwsUAd5pvM6+0DpFJqjSq06RnJyRXFoTBlHpEfPPM7qwxOPGK0vW6CmYZNXvmMjMNUQO9VFPS8BL5WKElAWFWmoHMC/cwzBzLI0JjkKaGzzdIuJAsTa/gX2LbwfekhsjknYcalVAnjkEfVGTJTkj02622bFAyCHNpqkWal025UQS+IQC0qhl7g+EjlxuJTO7TnC7zf7EbzTUzH/lx1ckMPx+myJOLCYzmfre152DixOQkMleTUxmpS04U1CXiSMvrIBsNJNmFc3Iw4iFioWZzkIkuIyxNCHz3co/HCV04Qn299B+PCTzm1k67TL0evRjRg95XRD7bV43jFi/KA3m6ouZSIrjMIpSiXxTwBDyW7XSrAlRkJq4qKq4ZUjOTTnZZuREkkkRUXeCKir87kRenFfyVcdv5wdjf1ciGtvUS37EUxnf8N+xHrMv2Lf7b/wDs2m/7P/s1iF6cV/JVx2/nB2N/VyIa29RL/JVGX5vmZ+ribQplz6JICHL2sW7u874tgsT/ALZb2Safk11mr98KoiS3mwzXagNkQyJa4wZJJccnvhRKFcLglwiyyVADLhhFALW0/wAyQtE2w0bOaHZyjxpytFjyCTgXUwXwjlF9rr4SQrkF9LwU0o8GIWNWILSUmqhS4mF7gHiRYwHfEQLG9sp+tyw9eji7P7cRTO8SS06+KLaaZlbY+Btm4cj1yyih6zvRylwE92xzOjVZacrudATQm4lNtCTXCRTDoiqUYqMqoSStiOB1EmFJPZznnJbOsv5AOC5vv7cjcCSTyYgJMnpsKv1A1+1sSzR4tdakOXnhMLMarXxEIJtxC6MlmwDaDgpmsB189YyRKNVxlhrt+fQWGu3x1I0iMlktCNmc1Y8j5sITKYjGbyO0maz2ulk0RttZsN8gAlITfQUdPCAIpaQkJpUsQTk8mCEWKFAAgAQ8A8McbZdOZv8AHodHX/OlsH/9/E1WnTHyPMnjXZ2trP5HXDI59ZeMWXMSruJHOvT7WdZE6W0LFFKrDbXRY4Q3MrMEw7lA+rH2KnHW9mXzbyIOaWTxAa2d70sNqUyvN1zo6WbLasNh+rugXGswpFca1sy5mE7WGzZUmZ+ED5Yo0Y08ckhDVVmxNVBj8wYDNJpI+EnN15KBkgUTTLWPr6ukhutWVZxvzaJ3VyIf0nHgz/M5tZ+yyZ61Q1mM51IsmyF9xuL3lriGHH9PTN0jfkhtHZhgRWgjuqRU2FpUTCiQdfrabJO1zauA10U+/wDBT7HaFSaiotkwqHElC8Mrab26++k48VpWP1g9B8myTsROwqMcwYmssfa9bAgyw631cplilss4VXoySkZvDCK+YCepqJ9XyLAhd8Do9lwXEsVN1u2618+C/f19x2g80I09EZ/mObuf+Khsn+yHWutVlUJ9G/0umzSvjbTEfY5unmTN+ws1SZs/ILCVi1ia4yDsjF2w3UNCcBHt8801eGabFb66rohm+Ci3jy0M3lYAsrJZ4sFfZUIKUpQClKUApSlAKUpQClKUAr8B0tRrPlvqjSezaQHg1Vwt3mttl0oyc4G+sFO6YC96qiMrFjacoFu6hBi9wNlhgu6B4Z9r22GN7fv1DrkF21RdE9K9ktt1xOAWg4QjBbdKIgmhBQCjjeprMu34+bJ0yBew5Uk5H2stxCOnAeyMUKqAxkLAQQLHDICvflt5LYj4+oSTtR9f2KWlXdifWIcijUbTqH20AoKRSzhSjzSb7tXGY2i2ILWi5qdoYETUsMoSzdgqIZbzdBLphByuBrdl8NvHUe0h4sIY0w2IR2m/HOpN58rk7sxWJJLwYoyvL7iWnO4o4PEDwSigOZGbyOtFGWt5ZYKCE4ziYqKBXu6WpAYVmv4auVjhU1pa7m3M3h3UDkDlP2oUVp57GSe6dd9ongtRinLB24SHBcbLTeg1ba7eZrYbpFFKKpdiqIqOoHQAUIioG2U1WWmpGzbUXcjW/e6GU3YPVORvlUiBXXV9tJzu8UH4x++FpsHLEFwl4AkdrtBzhd4m72C75HRQihns90JjmA/4dBn591krGf7lKTU5G58OjyJCQQJJSUli7Wp6YmJpUAinpxAmw0EuUIkSRUMIsUJlQAwwCxYuEGCADhgEFhjhjjjbSJO83RtrXDEnz7MDhLtWMYgZLgfz2XTF8MsiiE3E8Y+aCJF8hA8lBXP3CwTkRJL5XOLKwbIpREMU6cACzzkcrn9IA6Pl/wDBDbb9SUSrpeRnQGL+THWFwanzK/pcj2OXS6Gi519ShlwNxvOdWyZarZcSkNQHdbTeqGeb4qwCQVDaebQRsslBJSzhccsYJBCUsLGH/kWi2Upe4uHry4bOoJhDnvkb371YcEWsxTvmMZg7Sdml5DK67RgmXGwtgTzcqOLeRXKcS8SZV4WU2m4VUgAv4H7WvH6UMWwkRJ4kta3Ba40bT/yjwU3pFThMs8CKyihiCNS6UqWxvbAwnjEpAVjAhUfEQHMcqXM9p3UoDnhWn0hvi7U9S9AI8eAXIvyT7Booez8ER8mRbsfP7UfUWIJVTJuwuQcKG1kKLmhdOczWLp2BdrnQj9yaWXMmwrJ4uIgfcrYeYzjCn5U4voQQ9apHn7b7Z/j42Oa+3kZuufHSTk/YSZcG46HetuFnHV1IQGyG51RBTXcSOM9BSkYmrqiNGreZ6QGqLpkoEovhmTSEU5G0HZmSCJCNuFfZVgt5+60btiWNNdqordaeUONZ964zO0FUmODhkBgQWI5cKf3YHHsdguYIXFDNkDIPcxyJssXNFRAhwAhMM7PD0+F58dFPcWbhMmDppqal8grHIHTWYggoyC21KfC7fLY5iZ5dkujo4pNBJYYWwDBJpRcvjh/FXyy+9tV0inWHYXSaTYV1Aas+SLyKT9E7ghpq6bEIGl4OVomk+Sm+YZiwcfigbZRRm4psYmFoyriHEhwKWLgMJxIqWBLlzCqaRZpwRpqu6A9HkeWqbv7y8fo60C2hVJKxTzAB4mWkqSGDKknP1KLKZb+JVijedLxU26nqgd7hHk5JJjgdqXyCwxZmfJflEhCGujx0WJVN0Jf+YPtf+l8P+xiL62fVjB6Ev/MH2v8A0vh/2MRfWp3dnZlu6a6jbGbSunvYVMgyInpIBZPNZ3DCXnCkI5i7QauGdsw+wadrsFRWwS7IoONzisBjkMFje4mIhQJrCftyAdJV3A2I7PhiHOKGBkfUeLjeP4CQE+yYbcIElqpa175l81ZIyz"
20:09:00.245 [Test worker] DEBUG org.apache.http.wire - http-outgoing-0 >> "ndhLmZe+RzvEi0szopYKxQoJpUkQqmoCO4pUTYyKyJIrEZboUmimpici4vleMp6KqHizKa7hUwbCJZp0GMxUUrjmcAId8Kudzf8QKPfKhnoveuzjibjAb06yTkaPTLvTKsjbbSMuKodrrKoC+FayGyjRo12uNxyi61G4RkAphjbuQZl9qIuFrCGRr5d98h/J9NHHDtbARyYdfzK7xjyS0VUhLm1cfNGQpAfcByyVEXe8C76bDQ8KFyUemy+DUNgqVkEwsKxc86sEAFSVGrZIVWdJzPEQLCbJL4/wBV5UZEKdtb9hF7kU58YAkjfJmnuO+U9P4skstppojKaDIN5bnZQfbdcyW8pXUZUXGI0IwX0ckiDH1ZDarCV1dRNGWfliUwUU1uutYVe8OX5+pehnM1oJyLNLAHYeTnhAzr1IW9EY4JuJybVyAyTS4/nAmStA7Sb7ccZRTyRFN6LAS+Xdx1mJaoXa2SC31g6orKyZbvTeyWy0Yc2XK1xFD8byW+JfjnRScluftkNuQoxfzCi1mswJajZwZRQUdb7bTWUlZYeIUfH0UyjBkrFzx1eR8EfwsUAd5pvdrbxupR43ekBMjk62djeRXbo3K2l2WtpWfGUw3HJaPqzIZNxlFM4aeSQ1U5acLeTlEmmKHcTiemiGFtMk5zeL5ZbOIDmTgX4qdov17LBd5J5WCpdHk19DpuXtoBeV3mX4uYqk6GZb44m1pw+XFtEzGlvMy1aJp92rfBQw1VVHZcItkiWcDCPJKIqx6m+HsxJPEVFpLUF8VNRjCg18Es7s+rFvvdttF/ODuvxWxHxgpj+nInqtuAztmJz26TovkFjRfBrAaiy2FJaQS7xfzZaxoyvLJNEzVsksIAkSWXEgMtupB1aWFA4Ag7SKYpMf6R1ZPl7qpSlAKUpQClKUApSlAKUpQClKUApSlAKUpQClKUApSlAKUpQClKUApSlAKUpQClKUApSlAKUpQClKUApSlAKUpQClKUApSlAKUpQClKUApSlAKUpQCsofTI/wAUe3f0voa/UqXq1eVlD6ZH+KPbv6X0NfqVL1AT/wCjffiS9B/zfP8A/bdJ9Xe1SF0b78SXoP8Am+f/AO26T6u9oBSlKAVgD59P6U1wr/8ADk/6ikyVv8rAnz2BpWXSkOF7M0dUAT2Pk6O9i5dMLGSovY5EJiuD3c4IrFBi/dBu2wF7mQM9yDtiLj3bLK4OIG+ylKUApSlAKUpQClKUApSlAKUpQClKUApSlAKUpQClKUApSlAKUpQClKUApSlAKUpQClKUApSlAKUpQClKUApSlAKUpQClKUApSlAKUpQClKUApSlAKUpQClKUApSlAKUpQClKUApSlAKUpQClKUApSlAKUpQClKUApSlAKUpQClKUApSlAKUpQClKUApSlAKUpQClKUApSlAKUpQClKUApSlAK86Hh3/pcPIN+eLkl/bUrV6L1edDw89nrcPIH2v4ezMfJL2/bX7XtcfloWL9nHsWy7e/b2xx7W/aW7W+WXbdnG2GUX5TtCLpdO0PRepSlUopSlAKUpQClKUApSlAKUpQClKUApSlAKUpQClKUApSlAKUpQClKUApSlAYROnFfyVcdv5wdjf1ciGtvUS/yVRl+b5mfq4m1iR6b7gniRfx4WUjRwoDZ+7G3wEIkAFAXIXxeh+1sMgR1FMwwDvhfPK4lh88rZY442CvbO+eG22I+z8lMY9ta1svk9ZfbWte+VrX8W03s2tle2N72tf/AGXvjje9vw9i3+ygOwqUpQClKUApSlAKUpQClKUApSlAKUpQClKUApSlAKUpQClKUApSlAKUpQCog8hH8wfeD9EHZX9jD1qX1RB5B+x8wfd/s/7Pmg7K9nsW7N+x8jD0/wDd2bdn/wCd2bf/AD6Ay/8AQl/5g+1/6Xw/7GIvrZ9WMzoUmBEPQ3a7FOMmzRb53Il8hTpIEgPYe8NxnbMOxcA+pB3CxDsFlgNczjnnnmJhcDDELEQbZnQClKUApSlAKUpQClKUApSlAKUpQClKUApSlAKUpQClKUApSlAKUpQClKUApSlAKUpQClKUApSlAKUpQClKUApSlAKUpQClKUApSlAKUpQClKUApSlAKUpQClKUApSlAKyh9Mj/ABR7d/S+hr9SperV5WUPpkfZ8kg2/wDZ2L7fw321+z+G1vEiX+xfG3Y7GV+27W3YvfG1sb3y7N742xyAn/0b78SXoP8Am+f/AO26T6u9qkHo3vZ8iXoR2bWt/wDE/kHsdi/Z7OPy4Sh2t79m1uxe+PYvlj+G2OV742yyta2V7vqAUpSgFYA+fT+lNcK//Dk/6ikyVv8AKwB8+n9Ka4V/+HJ/1FJkoDf5SlKAUpSgFKUoBSlKAUpSgFKUoBSlKAUpSgFKUoBSlKAUpSgFKUoBSlKAUpSgFKUoBSlKAUpSgFKUoBSlKAUpSgFKUoBSlKAUpSgFKUoBSlKAUpSgFKUoBSlKAUpSgFKUoBSlKAUpSgFKUoBSlKAUpSgFKUoBSlKAUpSgFKUoBSlKAUpSgK/9suR6D9ONjdHdYZOasrLr+38kF4RtDquxENoqbQbS4yTkcEVU3JZ9wPlrrSMkmBZQQMk8drIDyOChk1i5kgUyLksFCwCsqfO3+N56NL+ldsD+sGoFarKA/wADRosRLGDp0wATJkwBjRs2aGDLlipYuHkKOYMDi5YBAAABYZijDC54hhh45Z55Y443vamnjo51NN+Tia3zBMCtWfWe62nHytLDbV5nZLNaLXmCM0GRzUVLL3iQ63pHeSo4UJNeRaycbGWUZuGARBcy2ZeyinLJBM4l0izb9Q1C4rJ7MM8yZxlzY7FN1Ph0gm91usn3ZNwSgjOLNExK9k9ispEYE38uIgxLDIwGupyVgFkEKKGLhTNt9rmT4PVro+G5SOCWRmtrMRQuP/dZbI3wzTVRozqiKrtd7rPYl+0xESEN+r2w0kE7GhcyXjOea4djQJruIptmfsB601q3apOHzp65Ed+Y8419cVPaWXYpnSUYtbbnbjeewkCttkOleYZB0Gs0tMeTpTnvIkclgWdZwCJDbNqCUoKqgVWXEiY5pNyAxs+SllGckMiYo6Yksxo4k93R5JbRbr7Y7pShLipzhajrSSi4gLBPPLHDPuCgmHSxnDAXAMYOwncxgwxcM8Mf8JQjNgTdGb7iOT22mPaNJRZ6+x3u11XC46W42m6koykLKYY7nngJYI6nHBg8DBYUIwXzywMlRwTAYQuGObXXkFUOj1sHfbjX2sUlJ8iauNpTnzi0U3Dczkd2Wh6Y3WKhsiISgpXEAUwrs6WVwti6i6OEZOpREWXTiSVs0o3T8xKiV1SeZaRGXXbXqFt1npLR0ncn0CuTkdWOMNhs6YZHnRkxgFK0vPxloDLOQjCCIbTwlFORZQdapICQ7E91KgSqzgSKQ22G5w8zL9a4YxwC2Lizb/y3o5V9NePVQZTPnV7uJdmaT7YXi7XaG2atSvPUh4jGhiJcdvx62AhTJNPPHixwglrDmOt9GV1IieS0lQOqZMwTDi3wXce73041vdc3bM5GF/fbeV2jbF7dO9aBB8YkxyOsdQXW1E42YWOIRUtHZZwKeaumlLXIlHy4HeAmDCoJZDCK1rdHxbidt/vny+cn8ulgndL99sHLrFCygvBhnzkRREycDl8G61MzGIvgrM+yTEctI2dJ3BMiJ7WPgYZhhOFdDPyOl7SSLqm4jGGlmkkUVXmsvqM+jfSGNYI8Um5lthqPyXaIMN1qxNDRZl3A06XGBEoqoo52DIkjrnZjskU2kDj5ZYZCBKyQSEIAZZG1PEkUBHHCsh2y3miHUrTd6b0KaQ9Zzg1lNNqv8cxrsGyX4uOJgu5YQUwk9mhkvPdmtNfbBIk4SjnUlQu7AwsWqXPLBGx/EviCJIeXokjieowfkMy80UZ+RlJjYVmc9mivlAziWuICyVzKnCo4Qlr3CGwtniYInS+QR1NPgllAgOXOlS44eV3o3iGNKmkXJjxXziqKUiRTrJs7sNqWkjqwoYxjOF5IJORrrjVK5ZYCABA4OBOfrjKdqDcMmZdwgRfHEqVKggvr69JPeaI4jOK+NeGRY7xVItE1Ca7zswNn4Hh3YyLDR03HU4RszpRZuaoCWKrACC9UIkvEU9dJEziiWTnAlhnfBi+mAnzmKYslDxC5kbIvcTKKW3vJjBWmuw2murj3Z8vSLMm8UgH2DErbiFAZq9ZvYpKq1EpWeklDOt+snNuMVMydgB42rpYDiP8AgxDc5wBIHxRDGOVVXRhpEeLM1h2X43JdPZDzHxj7USXBigEJ29szkYu5zuJ0sNxl++BMzOSQtOopKALby7IpPxWTEK5A0KUzDCA601cTvKF9JU3F2pO4WWIY4pIjRtP4eM5443J2np5YOcjJCgVt/DKDKTaOqU+NhYzA7ofCLGWOObHKYhkydgzfo1Y0pSgFKUoBSlKAV50PDv8A0uHkG/PFyS/tqVq9F6vOh4d/6XDyDfni5Jf21K1RZef57Qiy8/z2h6Kxs2UTyho+fNFyREkXGNnTpsYMsUKFCweQxg0aMDZYAly5cHDMUYYXPAMIPDIQTLHHG97UbLPSAdT3A8ng0NT9et9uRApHqqaQXxIGiOrynMcVt1bJY45GEu8iOF0x+2l4bLHLtyBhqHF9PWgbWMoZxSK5hj5x56VzsFI0J8U5tixkrm0Ba202Di/VVZWSJkQkaLM56oL/AH4607vwHLEQFPdSVGYrMXw8bZ4nm441dOFwyAOC9i9jVjWyLtP9eYi1qhpvp7cjyH2QiM5FKkCRckIpjppMPFXc6x3vhjY85XasXPOVzqxi4p1XXlRQUjo4xoyKLlS/N98T/CMeinKjqJyEn38zoWcTzaE1xLnfCW9bpyY6vEuwEadg0ESEHcsfL98xDBAseMFSCiqttRX0pIUjhFLVzpBSOlSg1jdQlX+PLVRx7vMzkSNMJRTtrWOwDcZp79bjvdLYT1xqnE9cSMi75ajfVU5uP80XSF80mEjTyT1vMoUIN7EDHARrt0RMm1QeX708Tf6Qr80c5IYO39dG2DShxqys2lLTufHFrrJo8mIbQRiS69myorSYfVGII1n08h1NrDDoRvModcBZsKwgIhbIZDL55ihg/wC/H5yNQjyQs6b3tBzWlRqpUB7BPbW54F5WRGihqCk+WGlt1WV1VtBNB8Poscahks5iGCaeVDaMsDDgm8TSETDDBFMUk9Gj/lr51f8AxSpb/WyRa/R6KZ/N+5J//Fb2P/UmJKmqJReG+yaolF4b7LoeSjkeg/i01yD2e2BasrPBgiyC142xSIcQ2i4HfZcdhNcPJxvIg9nzHqLZJBCQDmJ0ey/c4GIKWsAQM45i5g2AVlT6Yt+KGJ/pXQt+r8l1qsqlFKUoBSlKAUpSgFKUoBSlKAUpSgIMb38iusfHSwGk9th3C5BViS3SExIeiaNWsoSBMkyvca5W1mtGrDSsgza0eCyPJ4Rs8dNJSEROKiKmnlcupryGSUYlwHzi6xy5sMwNV5bgzdLRWcJgwMfIo0N69exoMDmQ2WxDyFSo+XiLrerfPq+WYoZMsnKymjGTywKWbpHAy4jpBJNWFyTqFrbME4wvsnJsTt96Tbrt4avCj8WjK0McjsVxACl1kyhpQaoE3rnD2AmOeZ08kHDYRgqnGgBwjSWnDFcyfLTLDa5PuT/jj47tNgsZQkPTDbBr7T7bzm0bXOtPWppx6sIwiuzDT0JYiEMXibDImbqyOCfLhlH+Qj5l5mRnSYWSDZZ4h89oGV4L4bx2qRsjarftvlyZ6x8eJCNikzjyG9pSmtdMNqEdeoJYqhKs+TCtE8iuB4oxGAlmCdzQJIQ8RLjKSwqIyVmfPEUoseHVjxQiP0Tq7zT6x7HbFJeor0iXbTS/Zt1IJ10R3Cu78Giwc7ZSQUwscOqJ+OzRNzPNsuLIoSTlI3YjZfKqZ0ulLAiYSO2RVaxKdbm1C1teWy8e7iumJm8u7LxOzFOPY4llQMLIy6zmes4OYJUR0QjdTsgFbHgXk6ADB/wRmp5gLJsDv2wPcsA8yO4UsNflg51eNuFtL8MZGbHFjKbrnfbvZlr42OxyzDBhbYqiDCic9Ctu8VpWV1GLcGmqkUo0pFlJac5okU7ITCfw6S658RTHujWiTs6OqV28vuml7azdXVPR6PRZR2vnaP4SZ9sTPg4Z3K9sV5zGSeGAplNZTOTAlB4PlYCDzwFzRmghLapiDfu2RSwOOWeMd+NLlS1q5WWFLUmawo8rEGbEMoCxUqqkpNdAaYjmVcEFMcYC81E9IdzoUcm2cTVYpkXzc5VsL+A/dQTjfK3wtfKQEx6PaibCzBF89zprxF0uS1C6SsIkYO2QWyVdObTILiinq5rvRFV++m6cPElVMLqLfVVVIPqrVPCqRpsHUgZYVsz1C/RmMccFPmawwxtjjjy17EY4442tjjjjiYCtbHG1uxa1rWta1rWta1rW7FqZ950OudPCIiuxa/yE8pMRcdTk1yYj2g7abYmS9qFqRkOIIs1LjJtyxI62ZitHbi68BvFJbkBiqRwsRTHQmmbeAMFwyGDgcMnSxMoWuYy/F1D5QzG3Eu4xJfji5TNYcLtlbc2co7eappcMREFii5kQ7IOTvDlBzjiOZXzPYWREcujjiHcCx4bMQAAmMLjUhykzLJ7G5/OM9Uj7VmcNrViAtRti5Aj2O4kTUgiUVZJnzB6xGYxcciPVQRI9YKGhNppYrTkca+rf9zACIV7ETJpWSghrHtOuYZMnbbNc0E2m1XlzQzdAqzTEjsuJZWcTPfzWlxhkwzg6isRVKjGH8W3gbSiiWsH1AmQK3I5EkNwiJKwrGGw6CqIz22856Bp0Zfbb3M8PTiv5KuO384Oxv6uRDW3qJf5Koy/N8zP1cTaxC9OK/kq47fzg7G/q5ENbeolva0Uxne/+y0esy9//AJ1m2m0BBfdnli0+0RdzOiaTV1+yZsVIxax2PNXNdI9XZr2FeRHLvmwJ9PYDYw7CSRO5kzYSUcdSq3iy2KTP4IoqhdMUu9IvNPn71LLSgxIo2jgfeTjwWZTUgkSM3NvrrcYhKOXutjZBYhpSbIKO7n210obG4wVjZt0qDfS0zMQMNVPkRRgcBK8+i3JpXatL3+5Z5XLBOXY/avbt9MEo6FgMNRVmNDDJbbGcjcj1rnjNhTKAgADvAq3zCOnjBlB0CPWCUG7sGgkMS+jXcXTbXrfSBnPrbs6xQn9FTrPoKscTcDxxFWUxZbKsWV0dbbbkShSy021guMAISzU0c4UODo6grIw4oiaqnyxhrNkhHv66WMGuyQj6d4XRk9koLXte1r2va9r2te17X7Nr2v8Ahte17fgva9vw2vb/AG1X7s1yQwdqntdphp7IbVlZZkzedfeLdiVcZiG0FFit06yLt6yqLIqmuPpur6SVMeMpDwfm2mw7hhe5G++QCncwe7zKjGO2zEMbsGKWUGrAs6NGa2WE1AV5wLjsWgW40UYmgogKq53OoKzicCgCmkCwZpYXFNQVVAbHM0eOGDIoguWYbmb/AB6HR1/zpbB//fxNQF20zcjUIwbvVqlx8u1rSoozNuC2pAdUaOZuojRNxihp8boDnca4C+llSfCQ6kw4bItRRCSQ0BluYAc0MSwOGCIIg45aflZXuRD+k48Gf5nNrP2WTPWqGgK/+Onkeg/k2iqUpfgZqys0m1Ec/PfXJyEZdQ2igrh17sJuMh0LCqiFma+X8QMtUyQfyOCmnj6mmq4xwsphmkMmCCVMHLAKyp9EZ/mObuf+Khsn+yHWutVlAKUpQClKUApSlAKUpQClKUAr6x06TTSZtRUTZYgnkCw508eOjhFSZImVCzHMmzZkfMMAuWLgB5jDjjZ4BAhYZiCZ44Y3vb7NcKkqOWRMEdvuJ5MbhB4R1JjPcjBfbUVO72TnI0HckHEFxoZ3IqMXNBllRIPmyYopUwXNBYjXELGAR8AxcAKc3d0hvjKSdv4U0jjiU1/YuZJrldqw6VVNf0dEe0WsJ1PBcLN9KHesmqjobTXPpYKgaxwVLxoakVWS7BDYG0kMzhYvlcXJMkMOHo/ecqyi7ERiRzHjaWHg9nk5DoSchNpsoBIZRV1hUOC3tiCVJEwBRc+xbMUS+OIQIYo2YYeWTXlp1i151M3R6ODFOtMMx3CUfJ/IeJng2o7bCa3ip4"
20:09:00.245 [Test worker] DEBUG org.apache.http.wire - http-outgoing-0 >> "3g44BCyVV00UBxUXIumMbdk64HAcU1tQEvkMeUDAueWd9Ts/6/Q7tLETwgafmOnyTET/ASizyZCqdVyCavlkRdS3MmAHTKEopSnYEsuIqYf7kAeBwGzKYBGMRS+YoIgFJGfST9PAmsHMhjVfkrLajDK1k8HeIfThew1WGTs1SyKG6sHdZ2ZPnxZFU72IBHco6xOCKPZSMU+6xjkn2uuM7IQQU19E2sHlVm465hRlaZcphwVghWTlGGSDZzYPEFTBsJ3dMFRMsTgGAAQhwxlngUBKiHc8C2VO/Nft1qzx/8bz00/Rm2krsl7Ca+OLUTUHUNipozhdjpDeDJGhxrYJLLIYKCtZhsMqqEbmDw4WN1Y0nEWkiGjjsWUwqL3lxj8fwUa8O+sWh26LEb8jZFojwAmaMHkEXcSEEfdr/WJcxYC2HiKMRUbx+oLia287lDBhO79bOGaeYMEsC4wiOrRl4Z/TpGskIj6tRuUqzpGE5bRlD6SnpmE2kyYF3WPkfaeoywvFkRN3lcmoK0U1QNAHVbBCIOEJ5FHaee928oK2dk4ia+Tvvwyo45pYafdUDzJY3USTszAcRa+LW1ciSq0G5rugMJPk49LIqjY80xmOskyJ1AXUg2mYHRl/BzBqiUC1SSGAoqTnPqyUmIJNRUVIiVHzO88fIPBUKQE5+FOHoeyYz7muL4+1+Yb8lbJowPpJCUYqyO38SR8SY3yuJqMZHYbLJgF0ZvN1MN3SFMgHcY7Y+lFkZW6S5soPNRTxucF/Fhd/XeDLlTaTS3WqTHu3TooKXIrVZLQS2acGSxsRM8sGssuJzJbtbwPfGWZINCb98DAnelxM0q+qYsETZ4sluvqiaR3VYNs8ksoTOkraSYp7JkKQde+QiFNYpHcBJvMXdKXdUFVvaqucdTFyCSlFMfiS7XA5M0hUsGOMROiskLuxcofHuFgEnnsi9pe96wkOLjw3LcDfVE5cQV3S/YdYRFtHOllNJWEhTg94HU1US1EkKMTUE5QJjgmyJ0oMKWNlhghwBRAhMM7/nb7a4xtNfHttHrYrNZCLx8u6zSI0G+gFU0mWSGmM3GKeMx4oICcGDiSTRmCvozdXGviABiAlH0JNEACtgWwwqj3iglpxzB0VtSVHYeMKayydKd4IlwOmRMhM8m5F5WbmgxiId87WvgXRGGmtlALh2yzxwBS8LY3xx7AYbeNbJ8xfELqtIxaiS9rrB4kZOhL/zB9r/0vh/2MRfWhzeDlU1R0LdMeRXJZmTJS2Hl0EQ3FWruuMcrMzbCP5NCEOgCK6MwkLMsGSSczCcoliKg41dDLrBlNVwETNSERVjEhnj6Ev8AzB9r/wBL4f8AYxF9ankbTDWJB2sdu76ZEyPhtQ92ARi5xTAbV3OprIzCTsEMMs3EtHU1w41W4W7RtpGJky20FJPnrAGLnTZi6ipXNgVronPlrChSJH8e7Va1b98fOEquImz47kPeHWe8UxK6XaoYWzIt0CR2o95GbqSoC2ytkaFcRlHTkcG2ZxdPJZEMQ1hIrc7lv1S0qlNn68uAhNGwG0b9SrOBq6taoRWrTfOp5uX7vfFwH2ylm0tGbiYNiWHFKZOdxoxo+TBMqRAqZTCR06Wpg5rJRX+YlymuFjQZl/Ku4WtMTBcO7W1JwncSBtRE9mKpw1doDuy3agOGYRDoRkNVa7eMiqRUumLTGKAKS+Yd+DB0SQ1otq9A82SRsvHsYEiexUxs9mMeVpmVFpzOB5PZvMRLTElBIGcl5bUklBLWKIqNifKtRMQiqp4FQsFIE2Ggo2JE27oGVIK7w0xnzcgdHPOrrAszXG0AbEQJu7oJIU0LYTXhu+8uuwkPs+UXUYMFShZtNJ/Nx3yEzRFcybPEiQIautJJbJRPJyXkaxU1NOJm+7NzuW/VLSqU2fry4CE0bAbRv1Ks4Grq1qhFatN86nm5fu98XAfbKWbS0ZuJg2JYcUpk53GjGj5MEypECplMJHTpakblFeyzzu7Cw/xsaLtU08YW1O2vZcvbqb25A3LxJELhjtOciAYiKKXNlbuMgSfdMdy4KdJNsTPG64Vb5UA5ZrhvFzN7SxHumGscV7GzLtyxImR0XZDYJJQEGXJaGVnOtOR1obYBJl0VHDDX1xUSm4lli6YjgDkGonIZVRBQm+EpBHMEBGxIuNmpN3k8b6UcJo04Td11jpalekc86usCzNcbQBsRAm7ugkhTQthNeG77y67CQ+z5RdRgwVKFm00n83HfITNEVzJs8SJAhq60klslE8nJeRrFTU04mb7P205i9VNVJzKarJzV2F2v2uFRAXOp6z6ZQ8ozpLbVbRkuUOFFx6EwVRuNVolTJI+RUbFl51EVQukH01cOp5VFVExQOUx8or2Wed3YWH+NjRdqmnjC2p217Ll7dTe3IG5eJIhcMdpzkQDERRS5srdxkCT7pjuXBTpJtiZ43XCrfKgHLNcN4uZvaVYa0z1g12lrYCfYiihFZku7POAm7Z6kO6w5ltcfiulmFg8SGNmHOurJdATCY64qDBIjYAQ0IOwoGPg7uaen4lXr/Oo+F0ojODabwgrxg60ZpThBKDObvV6UtgWLqxMMO7haLT1LAg5aG2FvLARmFLzAfLDBl80yOnSkuV9MlbURjAoRMgVHchHNVVByqGlXOrp0mmGLj6yF7VPRc56uQPTaMdKWmcVNL+NzbBFnLYTfdQK5EY9d0jx8qoSiLC+uS1ljiM+jWYCVknqTiRLnUgwqqqG6sgwGagoC8+NelB3mSKpNtOYvVTVScymqyc1dhdr9rhUQFzqes+mUPKM6S21W0ZLlDhRcehMFUbjVaJUySPkVGxZedRFULpB9NXDqeVRVRMUDnC4M5u9XpS2BYurEww7uFotPUsCDlobYW8sBGYUvMB8sMGXzTI6dKS5X0yVtRGMChEyBUdyEc1VUHKoaVc6unSaYYnbDWmesGu0tbAT7EUUIrMl3Z5wE3bPUh3WHMtrj8V0swsHiQxsw511ZLoCYTHXFQYJEbACGhB2FAx8HdzT0/Ermt2qei5z1cgem0Y6UtM4qaX8bm2CLOWwm+6gVyIx67pHj5VQlEWF9clrLHEZ9GswErJPUnEiXOpBhVVUN1ZBgM1BQF58MzIjMr5jHxb/sjzSarQLsCs6nMGPdn90dm2mQAVJAhHSKEzk4uyMyBkMAUuLIaqYXWgx2uNcMyBmbTzrt8JJNjBSy0TTcj5Cxr5azc0Grmw2wiRqU9Y32l002gdSOcX2BBm7UHH4PeUlIycXOmj56Pj5dcdzNc/cCqaomAihN1WUFIBOUxUgooYJSncnMWCdRNUNMjE9v+Fo3bMSHJ0fCzNuwb4OOFfUTjwdtwjygsu92Od8OBZMEE8nY2sq4hME8nNtLNKa+sAkCptXVzZvOIvOJ2c7vK3o3PerbFWETj04s5XfL3VN0HKnGUEhsrLAyo0DJ6OYHIHggFN2scktxu30hWcYeBVMwTz7tUVjIqNZipjsW55/OtBROfD0TVox4TXTSlKAUpSgFKUoBSlKAUpSgFKUoBSlKAUpSgFKUoBSlKAUpSgFKUoBSlKAUpSgFKUoBSlKAUpSgFKUoBSlKAUpSgFKUoBSlKAUpSgFZQ+mR/ij27+l9DX6lS9WrysofTI/xR7d/S+hr9SpeoCf/AEb78SXoP+b5/wD7bpPq72qQujffiS9B/wA3z/8A23SfV3tAKUpQCsAfPp/SmuFf/hyf9RSZK3+VgD59P6U1wr/8OT/qKTJQG/ylKUApSlAKUpQClKUApSlAKUpQClKUApSlAKUpQClKUApSlAKUpQClKUApSlAKUpQClKUApSlAKUpQClKUApSlAKUpQClKUApSlAKUpQClKUApSlAKUpQClKUApSlAKUpQClKUApSlAKUpQClKUApSlAKUpQClKUApSlAKUpQClKUApSlAZMekEu9pMDlT6OC9X46G6yWa2Nndilhyu13LaY22y3kgmu6giG1RcXlkySSklOKh2uIZPHzZcsBha+QouOP4a0AeUe48vPy0x9qKD/fmuz501O1Y2g8VvnL606/7EeI/hvxK+XSG46lvxP8AGbwR4yeK3j+3HB4v+MHi+g+G/BPenhXwIkd/98eDSfcY/wDkneLL0aegHsb66/DmgM6PKG2QOY/nK0642GVLD5aEF6aQgv7hzfKkFOJEJvFsPx6JTeXYxWWivn0l0tsNWSwjkDmWq4jKYoYk06V3EbTQMxcQRhpD8gfR5HRM+nc+NYHk35VNjXakR053zGMPbB7FMmR4oekqMdFPuNgIzmawMPIx0yGpuEiUSy5xOViB9NGPYnS42dwci42jeP8AWXW6Jny5pPivXyEIzkt6IyU3XjIcfxQw2Y+XY30MunlERCcztbiAmr68jI5VJSiyUlqigaJJ5dMTwSgAIZItiF3fTaF9Y50NEdEr7h6/bUudH33RvvHxUaySKsqt1SSIwbuWu0vCDD98qHj7DBci2wFRYG7PbZq7yYuTKkBQvliHew7tyxthbG1r3ra6QS2W2scoXRwBlZARVMU/vA5ks8KfSyRsQ6mEpF1XUSacczMACZGSBU+KKdLkx75lgTQoo4YeIoomWWmmH9e4D16TXEjQFB8QQckO9wju12JUPxozI0TXQ6zQAJU05nERZaKiFVtwmSpYuWHWlIIypDAAAgiGcgwsMcftP+CIPld0Rs95ShqKZKekMrwzph93v+PGi8nRFLnMDpRow442X3EjqKsxV4cygoZgZXa5tLUBR0ZKGzMZCJxPIEDtWsbWqcsIPAFyfbya+7k3UIx0W5B5mNbJakbRKCQoiQ+2n6vHV1SdETPhyEC5sq2FEiQXCjVMm1jvW6OEwUJzrIZZpvcovENktcUe7DY0mNpSZcjsxqSAzlkPEFYab3bqO620qhYZWzwCUkJeJn0s8Hjna2eOBoqLjjla2VrWva16ZPz8D37bVFjvIqe2+52uNbViG1uQ0XaWEtipCOpYwMTwbrtKDPmSSJVep8LuLUbKYkRwqOgdCILqsMUKDOhfDIoxIDMbIEY8oYlUw3H3o42j846m6byPLW1KGZa2zm8k7vDaaUGeok801bY5B3BFQ2o1HGmi5CDpjhEt4ceaqjmxMVJujPTFsLJYotoakXxtminRbSOCHPZ7QfpzqvDTzxyEzxd0U69xJHjntmNbLEXKy80Wijqtshcc88RMrG+znbPK2V72yv2ZUUzqNNYRhqM1nCPcFfSLoY++RKcUrhV5oHLvuol8SsEchehc0oD0IC4iBIaltxqWxwHXGoBnEn3IMBXkBHb8cRm2LDZBiKLgkJ1HRRe1scPEbK+jmatOHXDjBil6STY0anLcVecu5s1LaoH2FpYck6ilVlqCqmYmGBoI5jGRRkjqieYthck4zi/l3uAMZMY3tum7WvXPZhER21shAMKbAtxuqua632/N0VsWVkRCWxCgyeIsI6U/EFeIJirmQMDks1AkAAbyKDjFshrgiZ4ZdwJ6eQSSBFKSiJNMS0wmWT01NTywJIgnkCQOBYmRIky2AZcoTKFwwwCxYAMMEAEPAILDDDDHGzM9fQ9eEj5XX4Pt0pSgFKUoBSlKAV50PDv/AEuHkG/PFyS/tqVq9F6vOh4d/wClw8g354uSX9tStUWXn+e0IsvP89oaqOkF8fsgcjPG1IUTQ0XsoTrFzyaWwkKIdzQJDNzPmOi64mnWuTPmBQC5NacbEdbzR2yOZHLErug4ihKBwinimjxf/HQ3nW0a2Tg1tm572EiXVLaJkIJNubK6/wCyrzbsBPiPJXbhXBOfxYmiygoNbJZbNlwqcUE1RR8jeSYlHSJBzlm+4gVFEI3eVGmYtL9O9iFsu5tgNTtaZzchMMEEo4JigmLpNWyoJfDAMAIuqvVrLZ8AMAMIPAEMIxjiHgHhjhbHHDG1qXrVkR8/NkKsoK5e3tvRyLldeePqMmlN+i8QNxSE2v3eWMXYRZKdIGYBkwhx9A62WFKN5/KuYlkokMLcueLqoKiruZJFxabYLq7plAa5p+K9OY8oPtX3j1/QQIcXH02X6zXK+0psywnOKPFhUQV1FTYfcAqZJjiUDiokGyzYCb7WUrO3sgCNvNSDHwyvYyyWIyI0bCUyY5ZrVYDMQgblkRpMlvJDVbCOXyzyEyLpSChEyCUng5CZ5iXCKFAQ755ZZ3x7bK979CyPo5pTMb5wk+XdPtW5UkoMQsKHIcj6/RM+HyGKTxwwJiYO1zNJUX8BCuAYeBbPFQtkBiHhiFfG2GNrL50Er5bP9oUP9FrjqQVDW/cvdN9tJXYyfv8A7tyvsFGSAuFhCyiajE6bzESXJfAS1s7klVzLTuT0we3bgKRBDLrREYymqhIwLG3hl2Wg3i5215UeOrdqTWZrI8F/dZ9bPQI6pscKbGzAmOJpVLgpyIqtN7uwyltPM9ZBazTP2TB1YA2oG1w+jJNlJTa7jKpWw8qVKkSpYiRLFyZImXBKkyZUEMuVKlS4eIJcsWLg44BAFwAsMAgQQsMQwg8ccMMcccbWt03M2tWuexyaQR9hoBhSeEhKyFzS0qZorYsoJqbmPfC4+ZAi90FcKk8hrhh3FyLhB3EuHhfO+Xa49h9NpulKaMPpuUX4oZRekNbS6+clzV1C4q9I5bj7aKfZ72/jFyvECDXOjyq2IqihnJDtIOp1vx1sg2tt9AsmCugiuHyZpRsaTGogudaVgSJUuRyP7Ja6FhbVbWDW3FSw121vgWA8FkLABXwhaH49izFVBDEsKGCpYsZuoVjwQYtrC4BmrC4YiWtnja2VrXrvqmZ+NyMz8bkUpSgFKUoBSlKAUpSgFKUoBSlKAzWdIO5EHVBmGsXHrCk/sXViYN9HWcQpB2lkB4obEQNX9akkyWTpAkbxpcKy3k5vOly2NKCOzFbwyQP44t90km6fSHocaiwRkTx3yBwWcf0SNfWrUXd/QzA2vqaQA4F7HbzXhzS/OcjH8g00BwvVZJPrwu73atqBvIsjpBEsGmJNjuCC0URKTO907GzCbNKdNdlnGmPHY3UnWWf3ciIgTaRnTNkDRXKrjSG4CfPKgLfTFx9tReUyCIEpqimohJRQ0EQDPqJ43iBYwbMCCdWI/Ftxkt1XSnA3+OjRJCXkJSIrKIto+omvyYro6umGgjqaqpSkSj0A6nqSedABNkTxQYE0UNAhGC4oYoeGdgKWefbfY2DOWrnEWxtoWLpjjt6nKL5252tfb9a8alIY1UI5uImbb7aeLtWkFFSntL4zQejeS8RVdOPGhUtJa4Odib8MHk+wrQWXOEzUWN410/0g280NJFlNbRm83GiytrIFeEpTDJTjGIIRRSWhEp8m3RJMnPNSuQTi1gyxs8aGzTW43E0ikk0dFJzemLRLSDYh4fKFsBptqpOb+8FEULx4mLXmI5NeHgRMzMCJqP4zPVoLa14KT8zZvMin9+96FMzJjIAEO4wl8uGtDjM43o+dbafbC4+9ImQ+GYvJLqZ7yaGqMDtp1tRzoB8BUQnG2nEjMIkroS8iqZUsopKwlnCqgmnywBwmYBMAhiYgTdrLf0Zr/wCWvM3/AOLZsT/9EhVqQrq2MoNhSFc3mJDcPxbEucju5Rf8h5xlH7TYeb9fixe2Ss9nnk1UhKu6HcqXta6i5Fy55ZPXta5k6Le1AVqzZy9RdqxyLtvR3bFlE9c4tlGHxJGgrcqR5GTEWGZNeBA2llF2KDoqq3UpAYjlSMxF7uhpffwuImZNqACECw8htcMeo7YmXYs5CukZcXRTSp5tmbE7RmOZxkbaecIjV055x2zG080NQS2wwFWQG6MfQFBUMKwGTeGS01SPYFD8l3Thcwj5Jyl0rU9LUJQxPrUzYk7RFGE1McU0GdEZstMFqSO1BDoOAgYRvNvPFJWUjM0EGKKGGYyJ3FwwFExxztjnla/0Yc19gXXVvGWjr7CMRQU1Dpux842IcjZmRi3jZ7HC4eJ0yislFRE0c3jhllhYwKWzGthlfG2fYve1PObZrSBI764mvlYGKHpxX8lXHb+cHY39XIhrb1Ev8lUZfm+Zn6uJtYhenFfyVcdv5wdjf1ciGtvUS/yVRl+b5mfq4m0KZIeMOYGPwC7O7acZm860BBWts1T+5dktCdn3sGMmQe+Wu7yCK3F2O3LIw+Fm+x3U1m62GNgpFHGbTUdLXiLtEU1FPJLrGOu+zzkE53daYAj9NY2kL3"
20:09:00.246 [Test worker] DEBUG org.apache.http.wire - http-outgoing-0 >> "i7fjeWW1RLaWvOtsAOwjNllpxqpoGwq5IhyJ1lTxa7URUrvpUEKmVhLXV7PEqCmBgJHhlxoV1UixhGkwNY6xpajxjSiyVLLDNRZ8itJAezWP5h4CYB5nW+5k9TSTWWGAwuGGQ5QS+OAomON7WzytfrGF9Q9Ttbjiko676wa8QIoLIORdXPQvCsbRacVS+QmAuQCkZYzaQhzwOQoYYmQRrMXC4geGd8b5Y43sXNOhHpNoJDRklIjmY5DoV10La2xZyHzLAmrW083REJIKo0Fl5iN6IijhQroZN7tZtSw9RCTRNDoS2vAI6UXVXGVVXTcmcUEMkbK4XthQXOMzxxymdIv44W7qE70GcIg44WDKsybCTfG6kXdkXN5wvYoKEhM9OeyQIbbTgUjC624+SrCoakeLCG3GslgDA5pnOYul6tpbg+FZ+a/iRO8QRdNbL76wPeKEtx+05Ha/foeGYYZzwA8UlZSe+gwxBA8DHendccM88cc7Y5ZWv9aHYCgnXhtjs3X+FYlgxoGTl1Ay1YdjhnRk2zB+4dgrnh0NlIyImCnLhY2DuZEK5DdztbDt+1ta1MzO4O8zIZpudo+Y1B5LOHLlQeaKumta4EfkowZsU9ERHUlkGKEaYUW7ZbDxcBVJLmjvgLvJ3Pg4LmCAIKMabhZEJAnVpfR045bbLvNRxZQ/CzgnFS3r1feDeR2yecSS2I4myOn5IryMFiGZwo2WmwGy4VJ2KblURrBJ2KZdJBzTDY3ZXckssXNjl7MVxCRHOjqbeciOlOFAWiRhNWENcTyisjqycaDyCNEFNMPgmCR8kZCyyCMFTQAoAweWWAgeWN72qIjd43uO9oOku+WnoVpe13qUO4qRR4N3VuDkR0llHAWw2B8u4E1illYE7gNjiLiaDN4j4i2sJYS2VrXoMz0VG9FjgOUYZ4vjD6lpqn2S49stlJe2sS2wrEjScqkGk/EtisxsHTZA6CAaALONNjkN0IIgwWHf7YW0RUCt3A8FetIVP9n+ylAKUpQClKUApSlAKUpQClKUApSlAZdOe/8Yn0c/8A8Q8x+s8A1dxyJbmtHj50s2C2+eRDBZJQ4xxFNBbeZjIrZ3P1fUk9pRy0czOFsxihZyvtebyQoHwATAqWmGzqpYuNiSzDykE/oOhWVnFHLwlGH4ukl2w84ru+JHQ/o/abxcUWuy4qePd0RytuJIUVNkOK4ySlDXW2yaTFK4qYniXM9uTLXD/2luF4dn5lHY2naJ40muOlI2nqCiwZbYjWkdlHz6SawOpR061XilLKEaNph0MM2nmRyAgxI0HgYLZhi4452Ayf8P7v41UHMjyf8h/JJonLXKBsuiFn0uqkkbY6+lLamsx0kcx23BUVsdXkO2MaK7Yap8BCd/cyRRdQDIyuwSApRKLrg7m0LbO74NWJNFpH3t1sa6dvSwWI3DDwS0vXaR2s5U5+tZAduLXkBbaD6bobvbiuWjoMo5Fh04JtlAYqXaDiIWD8KkMydfV8k7xZejT0A9jfXX4c1MGMIpi6EWKhRfC8bMGIoza2Khg2Y7jBnN5gsVu4K6sfXlXFCaTUTklASMVNdVFNaUMU9PL2OqyifUTNhThwwMIGZMzsb3cvfEbtrw4T29XtP0AOsGaNXndiga3rD4Z67PCJOK4xTmTKZWEW2NXfCPIbGkowkZFHaGgkUtvmUwu/Sq2WbAZddyqm2F1a26QejccS+wiwxni5dheNqV4u28XGEpk1MR5Fdf0N+PxUa6UOjiBZK6dmxY3VIbVFkoYJ3MNFmNRfyUCZUJHM967CSegeiSfImEvkNKtSiMshqllsOUCeuEOlpEDWrC2MWV8HsCzcHLiqWHtYax/FTsbsLawlhe3t21S0va2Vr45Wtljla9ssb2te17Xt2L2va/4L2vb8F7X/AAXtTPoY2l/uyGeLefni478OM+XJjg3aCKJPk+aINczPgmDGm8UJanZRleUGqbbDSbrliBMUDT8ag7XX1wobe3hxGIBpJIgYDBHMnTyKXUvpaZamvXSfo1i/AUmo5pvyal6EbZP2QkBQDyBVG46pfaMuyscaqyXvlliWWmeVeJNpK5cO/aAqCGYx7YTO2YolwjT0X0lYcj/LExtO9WGZLljwipaU2nr5ErdkfwmKJ3UVR8eEdok3N38IL/GiG/CnfGYn8PIS+X4a/I5CP5g+8H6IOyv7GHrQuLJfUIGX/oS/8wfa/wDS+H/YxF9bInQrk0BtOJdUVDJJT0VCVlc8q4Fcz2aYTTSBg4aUMCQYYwhzImADmZxKhgi5mLh2BwDEyztjfG70Jf8AmD7X/pfD/sYi+tmZ8gRVSJ1LUyZZQTVIoZIKBA6AEaJniJwHMubJmyw2OYJgsZAEEBHAFwzCGCzzDExyxyva4hTbwExXqzF3GnFfzSJoUNlo9fb7mt9OPZJfjJyRI75tkFQll3JTmczuZrwEHcxVXb1kcjHoJ5VNGRFZJZqcqgjZAncKsw2YWURua4bAuFzPtSi1uIMIyssuCTUZKUV1XjpES2IvHlV9pSGj3srLKk0SABhwEUpLvZRUTSeETJXsZGCvXJYlhyJIDYaNFkGxhH8Oxm3RFMZAj2L2egMNlIgq2qnVxYFSmu2E9MRU8RVWlFQVlHMqSCyOqR02dMXEMGBRMuWuZstx6NtwM54IKO6Wk7ENWbLpbDhTSaygONuLxAwlraCuJCgCYIKqOrpho0nqaaeLjkzxIwOVMgigi54ZB4zX3qVncK0Ua0w1xl6tNDUh+/K3CQzTXHAgzCYj1Wi5YllXXHi4TbnfbgZbhtdwpCspL3fxLvZaGMmyycnJxIuPkmFSGAc39mFlEbmuGwLhcz7UotbiDCMrLLgk1GSlFdV46REtiLx5VfaUho97KyypNEgAYcBFKS72UVE0nhEyV7GRgr1zaN4zjqHGO3YyiRhs6MI5aBLNNajCj9tI7PZzaTxDI53Migtpvk09HSSmZw0ZNZlyBMALIyYHHywuKKJll+45my3Ho23Aznggo7paTsQ1ZsulsOFNJrKA424vEDCWtoK4kKAJggqo6umGjSeppp4uOTPEjA5UyCKCLnhk6rH3uIeK7VKzuFaKNaYa4y9WmhqQ/flbhIZprjgQZhMR6rRcsSyrrjxcJtzvtwMtw2u4UhWUl7v4l3stDGTZZOTk4kXHyTCpDAOQPIodYhHQvcb5T5aWIGjtR1tmJvvSaW82Fl6r0WNxzMZabqo+kZpt6+C84FRtFlTNUIpiOKXUjJkuHgTNFTHaGQpKRvGcdQ4x27GUSMNnRhHLQJZprUYUftpHZ7ObSeIZHO5kUFtN8mno6SUzOGjJrMuQJgBZGTA4+WFxRRMsvtPxgseUma5Y6ktnNiQWA80g433eyHqhJjnaboQlAO4J9GcLeWix1JWEo6Fe4RsgoFDBUwHe+AoWeN72pm4tLR5+SHvGBGkERHx46ZsXWZeAeEHp2u0XKLDkANoH2AYk8i42qnOM/KyszFXGyq2l6T1hVUH4vIypfNQTldwHChoTMUHLK8764yy2Wz44aLYj+Pmq3WMxGUgpTWZzMaKMnNxrNVsoRIFNRW+3UBILlEtGRUhPLFyKamJxUuSJFAAi5YEMIPHC3JqAhpyKHWIR0L3G+U+WliBo7UdbZib70mlvNhZeq9FjcczGWm6qPpGabevgvOBUbRZUzVCKYjil1IyZLh4EzRUx2hkLjfGBGkERHx46ZsXWZeAeEHp2u0XKLDkANoH2AYk8i42qnOM/KyszFXGyq2l6T1hVUH4vIypfNQTldwHChoTMUHLK8wn4wWPKTNcsdSWzmxILAeaQcb7vZD1QkxztN0ISgHcE+jOFvLRY6krCUdCvcI2QUChgqYDvfAULPG97V/uy2Wz44aLYj+Pmq3WMxGUgpTWZzMaKMnNxrNVsoRIFNRW+3UBILlEtGRUhPLFyKamJxUuSJFAAi5YEMIPHCwFffMNjEhnjO2/SZ4ndd1mh10RgGypDm5tsVwyYsMltvl0t1nnLl2G1BAV9zAOO64G0lBPICh28HLxswbysSBM3qTWnTDiiMNTta2BBdygsONaDItTI0PE0IZtYLTOwZiOKiOMwhGgwjycpOYmKG4FcFSxurZKqkcGVhBlIQ0Ln2nJ8VxlNrEcEXTJHjJlaNHYCTLOmP5Ga6K9GW4y6epE1giAuthxElFGVQSasnEFMqEeJD4AHyRQ2FjiOXCEw5QhISI10RGbLaSExvtxupSchICCikSqWjIiIkFAU9KSElMJBAE05MTSJcAkQIlAQSpQqCEXLhBhB4YWd5ibR3EPPxkvJ+rSlKAUpSgFKUoBSlKAUpSgFKUoBSlKAUpSgFKUoBSlKAUpSgFKUoBSlKAUpSgFKUoBSlKAUpSgFKUoBSlKAUpSgFKUoBSlKAUpSgFZQ+mR/ij27+l9DX6lS9WrysofTI/xR7d/S+hr9SpeoCf8A0b78SXoP+b5//tuk+rvapC6N9+JL0H/N8/8A9t0n1d7QClKUArzg+lSu+XI+59OO1+6/tfx3nhka/wCpDvhNl+BTrl8bpcbW5+w6zG7X8XE0ySUV/wAPvIkjJXgVPOFDqr333iVMgDjhi4ej5WAPn0/pTXCv/wAOT/qKTJQDyuvS4fRh/Ysmr4lU8rr0uH0Yf2LJq+JVb/KUBgD8rr0uH0Yf2LJq+JVPK69Lh9GH9iyaviVW/wApQGAPyuvS4fRh/Ysmr4lU8rr0uH0Yf2LJq+JVb/KUBgD8rr0uH0Yf2LJq+JVPK69Lh9GH9iyaviVWgx3dIi1FKuWWSsIa48gG4sXwSuKrcl/ZLUnWESUtdWIrN4LEw5glKRVF7tMRRKNwlfNUUlZvIiykDIYfjClH1JBGKqRi2zVfaeCt04JYeyWt76JSJEcjETRtvOAqVPJpoIymnjKStIi2iqpcmrITgQVckcS1hIUyhc0UNls72xFLCFzAwPOkzEP5XXpcPow/sWTV8SqeV16XD6MP7Fk1fEqtBb46RRpslu+W0WE4H3t3JYMBqh5GmzYPULWkWWNfYzPJGFxVzw/Ip55tTE4QRSwZk+bWG4lLiMZSCZlcSVBSRccFAS2DUzbjX7eKC2fsdrLISdJMUvXA2GnrJQucTVFLV0wa5VabLnQFQAosttzIhu3cFJGViZYzhhmWPlrGUs+nnjYGJTyuvS4fRh/Ysmr4lU8rr0uH0Yf2LJq+JVbKuQTeqJON3Vh+7dTi3ZGdUbR2pMtKWkSKEhsrj4NGH28URkJGaWmu93sVBHBLKq8TMKWRtykcwU8MyKVDOGcAig0oY7e6VJkfsWSEEuoFEOQWc2HujFVcIsAqlkp1ohFeTi6mATNnyYKgCTPghnQip46WDM4i4AGzIWOA2YGDTyuvS4fRh/Ysmr4lU8rr0uH0Yf2LJq+JVb/KUBgD8rr0uH0Yf2LJq+JVPK69Lh9GH9iyaviVW/yug9ndnoM03hB9bF7HyAlRpEUdJwR9yOdUDOG8+6nDQKelI6OkJhc4sOBxLqmZKpaEgIxE6qqqiZBLFComeV+1Aw/+V16XD6MP7Fk1fEqnldelw+jD+xZNXxKq/tL6RnqGnGI7XZx1l5EtTYNlhZSUSPdqtnNUTse61uQdw2uK2zgT/Sno6lFNSHCT/wC9UxXWW0mkLoVhnAbHKIhU4oF7UNxd3da9DtflvZrZWQyjNipKGSk1NPECplwrTzcbgDHFbbTYqEkYGDrocTgDLGTKeUIY3LAphNRXlQ4nN5KVVYkBi08rr0uH0Yf2LJq+JVfATl26XDYMS/kxM8exhnftg9KZrEEx7GN79kMO0jiXzzt/twwsGJfLLsY9pl2e1vo1jDn11cdMuQ7EM364b8aPndh1sm2IHfe62sw0ORhLDnVBioCM3mu8E15vMEspLAh9NsSs5SiAUwsqJdzxon4SJWGvKoHcwB+V16XD6MP7Fk1fEqnldelw+jD+xZNXxKrf5VFsqc9ELsDb2ftJmDpDyQ7QTLrWK3rShnq7AkZyi2k8k50BCcCUrFhx53brkDShQXCSTsjay2EftlUI0WAwGCwCMDgZ1fK69Lh9GH9iyaviVTyuvS4fRh/Ysmr4lVp+hblvVplldgxYNxV8v0QhPxyJ7cEk2adTGUzooZGJ/O+F3A/nQQnJwHEJtkex26golkVTFL4XtliUE/2VLbcfkD040BY13/ttPrEiBMMFjBhBQldQEUn68ci3bWELseO0IFTezvGwFxsCPmgoR0qQyzxEUjJIvbMbEDGX5XXpcPow/sWTV8SqeV16XD6MP7Fk1fEqtfPG3ySQLylwK4djNc0CUG/Hzeld2RCIFLLfbbacKmutBIbC2cWU1NbLwehezcUCDtS80wZTPpq3kJgcCUENOyCD7tPo6dJppM2oqJssQTyBYc6ePHRwipMkTKhZjmTZsyPmGAXLFwA8xhxxs8AgQsMxBM8cMb3sBgM8rr0uH0Yf2LJq+JVPK69Lh9GH9iyaviVWrTjc5dtV+VFX2WIaupkq+CNYns32W5HhIDdaqC2JAxdRl6gt51RiIhPh1LSk1VUsxlBULju9EZS1inqSPkOhgmhjxRP+vvryzRHoPMMFQAt66bi7QzLsK2JAeDEjfTiIW1MjxBb0bXS7uFRWW2qyOx1vEvkAomThUZDILgIZNDWzKoKmBli9zYGVPyuvS4fRh/Ysmr4lU8rr0uH0Yf2LJq+JVaztLuSUxuZI7kjvPj85LtTgm2yDj0vIG6OsiZCEcLghVeQEPBnNtwASS7jas9zuK6Itk0YNJDLZIKCvnjCiXFKFSx7oranm8hXV7cw9ocQ1K3z2e2DT4wRJeMIWp8NR1KZTxJW754+EMC6vNLMdH/dIncAlkbNsYJ5QU6TwDPmLj27UDNN5XXpcPow/sWTV8SqeV16XD6MP7Fk1fEqtBgnSINSo/dTZbu3WtHIhx+JLwVQUJvSNulqWsxxGCgsGcs8S5HF5st1SSRBtnfDPMweMBhJaYWwFPK55PIFzBoG9pBXkN1IaM52wspTjbTjSk5ebzhQVEoroa6hq5QFQSVlGVk8YwQU0pTIGC51PUCRgcodKDgmSwwgImGeQZnMaLspgZ8rr0uH0Yf2LJq+JVPK69Lh9GH9iyaviVW/ylAYA/K69Lh9GH9iyaviVTyuvS4fRh/Ysmr4lVv8AKUBgD8rr0uH0Yf2LJq+JVPK69Lh9GH9iyaviVW/ylAYA/K69Lh9GH9iyaviVTyuvS4fRh/Ysmr4lVv8AKUBgAD5dulw3xvfyYmeX8MS3ZE0pmvDL8AmduxbG8jh9nDHsdqHn2t7CB2wEtmJbLumXz8rr0uH0Yf2LJq+JVb/KUBgD8rr0uH0Yf2LJq+JVPK69Lh9GH9iyaviVW/ylAYA/K69Lh9GH9iyaviVTyuvS4fRh/Ysmr4lVv8pQGAPyuvS4fRh/Ysmr4lU8rr0uH0Yf2LJq+JVb/KUBgD8rr0uH0Yf2LJq+JVPK69Lh9GH9iyaviVW/ylAYA/K69Lh9GH9iyaviVX2yXLh0tUUbPE9xlClwbFFATAQHSuab55HASBkZOAva8ij27kaUMCxYa/aY3sCMJewxe9rDh78aUBgD8rr0uH0Yf2LJq+JVPK69Lh9GH9iyaviVW/ylAYA/K69Lh9GH9iyaviVTyuvS4fRh/Ysmr4lVv8pQGAPyuvS4fRh/Ysmr4lU8rr0uH0Yf2LJq+JVb/KUBgD8rr0uH0Yf2LJq+JVPK69Lh9GH9iyaviVWrDkC5muPXjTTTgGyc5peclhk7HEyBIzwLP+cFmwgNjBTHJlpx4uA0iqgBfIVOXZHWGU2Dvc8wi65mPbELKZ2q+xrI281yhfZ6Nkp1IjBnSPm9JLSSHwRSE13pyG5SeB4iUcZBBXHKilFYILO2JsBMX1cmGJ2bAnx8exncDED5XXpcPow/sWTV8SqeV16XD6MP7Fk1fEqtME884us0Tz/I+scQQPuvvZMcK4hYTm3NEteRp1JwsojXGtghyC4DrsZaEUXsRC5gmZSEQ+umySwVPN06GXcaYppJOW2h3IrrByNR06JA1xcy+Kdjt1DsSWYwkJsn2HLkQPcv3fujXkZjKt8zaOez71OBlTpIyqIR40nK6eRVjKihrRRPf743Gftq32MdPldelw+jD+xZNXxKp5XXpcPow/sWTV8Sq3EbN7GxXqLAEtbLzauZt6LYYZas93cfADAHURyicH"
20:09:00.246 [Test worker] DEBUG org.apache.http.wire - http-outgoing-0 >> "jgSREImYMkwlNzOZWHT221kjI2WyWHEqpaWGMGIbwzt0rx5b7w9yWavtPbOCm3JTTjl4rzxbqYiy0jtdCeoB1kOI62lUU+nM54vxCCKmD5AYVPzLuQ0MKUyDEMgFBr5AYAY4fK69Lh9GH9iyaviVTyuvS4fRh/Ysmr4lVowlnnfiaPdldg9XY50L5QNs3nrG524z5ZduousDVmiOURwuhsEnSmJ2S2VmNFWSRi5UybIZAr7cRBh1NFWcCAR0iUwPj2NabbWjbhxUqSmNrLtlql4Ne6syw453JiUjDEqqoaSjt5W8cUtoEXa8e6shSEXxEdJWTSiUMnVhAcJeycGWJFjh0DFlbl26XD3TO3kxM/wYB37W+lM12Dt2chLdnAT5R7Wyzy7HYEw7plfDHEPK+AfdLZCfPyuvS4fRh/Ysmr4lVv8pQGAPyuvS4fRh/Ysmr4lU8rr0uH0Yf2LJq+JVb/AClAYA/K69Lh9GH9iyaviVTyuvS4fRh/Ysmr4lVv8pQGAPyuvS4fRh/Ysmr4lU8rr0uH0Yf2LJq+JVb8zp0mmkzaiomyxBPIFhzp48dHCKkyRMqFmOZNmzI+YYBcsXADzGHHGzwCBCwzEEzxwxve1I7u6Q3xlJO38KaRxxKa/sXMk1yu1YdKqmv6OiPaLWE6nguFm+lDvWTVR0Nprn0sFQNY4Kl40NSKrJdghsDaSGZwsXyAzieV16XD6MP7Fk1fEqnldelw+jD+xZNXxKre86nIks1sON3rw9yyG1EFYciyZtbHK5dJQk8wqKI9scssMb3CJlRhLWyzwxvfHsXyxt2b2z6Rl0jOPZqYrelCH+Jvm7lONnaWMnGq/wCPNIGi8WY5ChM+bSzRpCczfnxQRlYsXUiB0gMORODhBnChkvnlYUETDECizyuvS4fRh/Ysmr4lU8rr0uH0Yf2LJq+JVbkMJ8Y6PrwR2ZlYJcgCPgYkTJkfZCcCZJluqIG6bahZ2rSNKiWApK5FuO1mFRxkp3IxNWVw09fIHkwkdUrhgij0o59JP08CawcyGNV+SstqMMrWTwd4h9OF7DVYZOzVLIobqwd1nZk+fFkVTvYgEdyjrE4Io9lIxT7rGOSfYR0teHZQ75XXpcPow/sWTV8SqeV16XD6MP7Fk1fEqtubt211tY2sxvclzzGyk3WEpHSZLF5mxUrnWgcYS2UJHEFbSjBAI0cWBHDZSTSTeSEoocW11YUk9DSk02snSxEWm1M6StpJinsmQpB175CIU1ikdwEm8xd0pd1QVW9qq5x1MXIJKUUx+JLtcDkzSFSwY4xE6KyQu7Fyh8e4WASeeyLs9lz4KHvK69Lh9GH9iyaviVXwD5dulw3xvfyYmeX8MS3ZE0pmvDL8AmduxbG8jh9nDHsdqHn2t7CB2wEtmJbLumW+1HWEhxJCU4G+qJy4grqaRWERbRzpZTSVhIUyoR1NVEtRJCjE1BOUCY4JsidKDCljZYYIcAUQITDO/wClQGAPyuvS4fRh/Ysmr4lU8rr0uH0Yf2LJq+JVbe9kdrNb9Po6Oyxs9NUewiwCXdcMV5+uEmkXVTgIXdsklspN8hVt2r4gf8Is3mumq64bt+AqnjX/AAVDbjX5e9TuVk9sNhqkTlcdA1zcLJb7geEis5KZqE9rP4s6zaCsMEli6VZ2iJNgmep9+4vZsMhXL5DEbYJI1hR7lgMpvldelw+jD+xZNXxKp5XXpcPow/sWTV8Sq2t7Wbq6p6PR6LKO187R/CTPtiZ8HDO5XtivOYyTwwFMprKZyYEoPB8rAQeeAuaM0EJbVMQb92yKWBxyzxjvxpcqWtXKywpakzWFHlYgzYhlAWKlVUlJroDTEcyrggpjjAXmonpDudCjk2ziarFMi+bnKthfwH7qCcb5W+Fr5BnX2hks8rr0uH0Yf2LJq+JVPK69Lh9GH9iyaviVWxXe3kT1q47mKznfPqu7VJwyi6w2HDEORU0VCRZrmp8Cd63u1ozYKVmCZWjwFjxDA4ePnUlCJG1NFTDiuAqr6ERUo06t80utOyGxSTqO9Yd270r2XdrbNu6NYb3jgvODXTLLdTipw6qKEbmCTpejeX804onKZgZNGWyCsZDSVq6cQO3QlqyeBmA8rr0uH0Yf2LJq+JVPK69Lh9GH9iyaviVW/wApQGAPyuvS4fRh/Ysmr4lU8rr0uH0Yf2LJq+JVb/KUBgD8rr0uH0Yf2LJq+JVPK69Lh9GH9iyaviVW/wApQGAPyuvS4fRh/Ysmr4lU8rr0uH0Yf2LJq+JVb/KUBgD8rr0uH0Yf2LJq+JVPK69Lh9GH9iyaviVW/wApQGAPyuvS4fRh/Ysmr4lU8rr0uH0Yf2LJq+JVb/KUBgD8rr0uH0Yf2LJq+JVZz9OtqeU2N+XDYPYfXLXC795Cng8tk1KXoNvD7wdHis5Hq9japNRD5M0pwkHMiWaLmEMJ1ip5bNCoNsO9D4hsbG4t/YsrzoeHf+lw8g354uSX9tStUX5TtCL8pyqdZXuLyuvS4fRh/Ysmr4lU8rr0uH0Yf2LJq+JVb9DZsonlDR8+aLkiJIuMbOnTYwZYoUKFg8hjBo0YGywBLly4OGYowwueAYQeGQgmWOON72o2WekA6nuB5PBoan69b7ciBSPVU0gviQNEdXlOY4rbq2SxxyMJd5EcLpj9tLw2WOXbkDDUOL6etA2sZQzikVzDHzpTOp5XXpcPow/sWTV8SqeV16XD6MP7Fk1fEqtcOinKjqJyEn38zoWcTzaE1xLnfCW9bpyY6vEuwEadg0ESEHcsfL98xDBAseMFSCiqttRX0pIUjhFLVzpBSOlSg1jdAYA/K69Lh9GH9iyaviVTyuvS4fRh/Ysmr4lVr50c5IYO39dG2DShxqys2lLTufHFrrJo8mIbQRiS69myorSYfVGII1n08h1NrDDoRvModcBZsKwgIhbIZDL55ihg/wC/H5yNQjyQs6b3tBzWlRqpUB7BPbW54F5WRGihqCk+WGlt1WV1VtBNB8Poscahks5iGCaeVDaMsDDgm8TSETDDBFMAY/8AyuvS4fRh/Ysmr4lU8rr0uH0Yf2LJq+JVa/OSjkeg/i01yD2e2BasrPBgiyC142xSIcQ2i4HfZcdhNcPJxvIg9nzHqLZJBCQDmJ0ey/c4GIKWsAQM45i5g2AUBgD8rr0uH0Yf2LJq+JVPK69Lh9GH9iyaviVW/wApQGAPyuvS4fRh/Ysmr4lU8rr0uH0Yf2LJq+JVb/KUBgD8rr0uH0Yf2LJq+JVPK69Lh9GH9iyaviVW/wApQGAAPl26XDcMO/kxM8uzhhfthNKZrDEy7ONr9kQO8jh3wzv/ALc8Lhh3xy7OPaY9jtbfPyuvS4fRh/Ysmr4lVv8AKUBgD8rr0uH0Yf2LJq+JVPK69Lh9GH9iyaviVW/ylAYA/K69Lh9GH9iyaviVTyuvS4fRh/Ysmr4lVv8AKUBgD8rr0uH0Yf2LJq+JVPK69Lh9GH9iyaviVW3vZHazW/T6OjssbPTVHsIsAl3XDFefrhJpF1U4CF3bJJbKTfIVbdq+IH/CLN5rpquuG7fgKp41/wAFQ241+XvU7lZPbDYapE5XHQNc3CyW+4HhIrOSmahPaz+LOs2grDBJYulWdoiTYJnqffuL2bDIVy+QxG2CSNYUe5YDKb5XXpcPow/sWTV8SqeV16XD6MP7Fk1fEqtd++nJzrNx4FoxS5hxkyQJZnFcNt2ENd4BYJ6Vp6lxVTrlMVEFlMUibTQhgCIqgQLCHllYRiJg8dLJxEwbUBcStdTajcx+te12wRzUlZi3afUPafFpmX63tfd1IUFhKRX2ySOBgU+5mIGUcbxbbkIky5M8dzKlnEGrmE5MWlIimm09vr5lMPmXmR89faGWnyuvS4fRh/Ysmr4lU8rr0uH0Yf2LJq+JVa6uRDkqiLjebUJrMkxRsPOLk2ElspC0VxZrCwm7JUqOd6HENTXAQk5pOF8sS6kVyxTgkzAFFPKi0MrKyUXLI44AxkyU6m1b5YTO0M3NGFL8ZHLXrtg6wHGYFl/aTUNJiWEWpg3WyruS2DufGMruIwmDr4iUG224XKIaiMpOZXSCGeBYqYMnygplu8rr0uH0Yf2LJq+JVPK69Lh9GH9iyaviVWsrkJ5SYi46nJrkxHtB202xMl7ULUjIcQRZqXGTbliR1szFaO3F14DeKS3IDFUjhYimOhNM28AYLhkMHA4ZOliZQtcxl+LqHyhmNuJdxiS/HFymaw4XbK25s5R281TS4YiILFFzIh2QcneHKDnHEcyvmewsiI5dHHEO4Fjw2YgABMYXEDzcecXcbmI2mamuyfyj6r/NzQGa4ZGOQ4d+Q98xD41K60mtAB5le+Xe6HCEueCSSc3Ru4EcCohDv7ug+QuJoK2F3rS5aelkpzUbKe3uM3v5AIt5FJoZ35mczmu/EgqmlgE013yFJGARjvglgAN3cPDAMXt+6YY445WtbuLpxX8lXHb+cHY39XIhrb1Ev8lUZfm+Zn6uJtAYRPK69Lh9GH9iyaviVTyuvS4fRh/Ysmr4lVrV3o5Z9JuPRWaLJnmQ1pYmiRMQM4614h9oLcrzs9wzRkQmSHSmC1gRx0sipGwDRNHVHWdbqUuHiR5ORTx9QJmSocQR+kFa3MIdAUtp9OuTfRmMXIqJyKQnXbjTdbYkOFlVYFxASiC452Y7pEUm2YPjZh4BYOBBTe44ZZmTfe5QsbHLs9hYTpzLNomejyuvS4fRh/Ysmr4lU8rr0uH0Yf2LJq+JVbRdmt1IV1f09kHeNfNq0oQVH8epkoXUoWFazzUXmzloykl0hVYRlQdLdaTgLqYS0RPkDgjrIJptPzuZAPCWuFgL0vxk8o2uXK3C7ymzXRFlFopcfyWpRW72TNCC1WvIaI4U9Bb7kBOm0RovZ+peKCrpriL2R1HFdvmaOJ60SFKlzKWYDsBki8rr0uH0Yf2LJq+JVPK69Lh9GH9iyaviVWxrkN5AYN40Na1jaCfk9+uBnpztZrFSWfFiOgOCRnk7HwsYJiUiNFGc7oZaGoHipINUcaiEdcyblg30FYHJ2PHwSqccj/F3MXrLLfGO8OVxtsWdiWu7JQpDcCqzFtsx+WmgwTjV3HWYuhJ7dISepMcU0bVCIw6TgZkUoEOQyDFODEDF8iuAGWXyuvS4fRh/Ysmr4lU8rr0uH0Yf2LJq+JVX7sjpAzXklgtmVWBxLc2L2jN5IJB1NV9M/S9iu1uOJsqhbE4nL6EcbOwasIspR0pngZKmksE5gYAyxEBtnje16nNobyt6a8ixp9NiAHo5kmXIq7N5UgGXmWtxdN8dh4ncE0Uy4GO4QrXNp5VSGLpikqttRXkpIVDZJKVzpFTOFigrPjtUTyM6+09puZIvK69Lh9GH9iyaviVTyuvS4fRh/Ysmr4lVv8pQGAPyuvS4fRh/Ysmr4lU8rr0uH0Yf2LJq+JVb/KUBgD8rr0uH0Yf2LJq+JVfC3Lt0uHumdvJiZ/gwDv2t9KZrsHbs5CW7OAnyj2tlnl2OwJh3TK+GOIeV8A+6WyE3/wBKAwB+V16XD6MP7Fk1fEqnldelw+jD+xZNXxKrf5SgMAfldelw+jD+xZNXxKp5XXpcPow/sWTV8Sq3+UoDAH5XXpcPow/sWTV8SqeV16XD6MP7Fk1fEqt/lfWOnSaaTNqKibLEE8gWHOnjx0cIqTJEyoWY5k2bMj5hgFyxcAPMYccbPAIELDMQTPHDG97AYDPK69Lh9GH9iyaviVTyuvS4fRh/Ysmr4lVo7d3SG+MpJ2/hTSOOJTX9i5kmuV2rDpVU1/R0R7RawnU8Fws30od6yaqOhtNc+lgqBrHBUvGhqRVZLsENgbSQzOFi+V0bqciSzWw43evD3LIbUQVhyLJm1scrl0lCTzCooj2xyywxvcImVGEtbLPDG98exfLG3ZvYDBD5XXpcPow/sWTV8SqeV16XD6MP7Fk1fEqr04y6RnHs1MVvShD/ABN83cpxs7Sxk41X/HmkDReLMchQmfNpZo0hOZvz4oIysWLqRA6QGHInBwgzhQyXzysKCJhjd5jPrGRddyWzUrhLev8AHoMSJcyPsjOBQky3VEDdONUq7FlFlNLAUlci3HazSxgVJdqKTVVfAg4CJ1MInVLLAEUcDDh5XXpcPow/sWTV8SqeV16XD6MP7Fk1fEqr2Q+kwaQ2b5SXD2u/IkkajH3OG1ye9KnqGvgamGRhVW6IGqBPMJzjvnJKyVcRE7H/AOJxZTzUghkvBMyVARSWN0b52p12jbXBS28ecvMtI1qS49TZUGmKypios42w1smROt9eRjiXgdGXsXLgppZZsJ6KXPqrjUlRMSEQieVFAmTGAxB+V16XD6MP7Fk1fEquoNhOVLpTjwgOcGlL/HB4rRK6YgktuSi5vmfzAieLkdLbMWkx7Lvho7IZokkeCG0aU1DwobLGCpDvfvswAKEFmHlpATOkraSYp7JkKQde+QiFNYpHcBJvMXdKXdUFVvaqucdTFyCSlFMfiS7XA5M0hUsGOMROiskLuxcofHuFgEnnsi9pe96wkOLjw3LcDfVE5cQV3S/YdYRFtHOllNJWEhTg94HU1US1EkKMTUE5QJjgmyJ0oMKWNlhghwBRAhMM7vgHmacJe7vNrrBAcsNLjE1E+cPErgl/Nxv9zfIE/wCWvAki3ZjXTMkLw00nY3ySb2G0RQlDwWZLDGrd+d9937kYDDwuf8rr0uH0Yf2LJq+JVS+6Ev8AzB9r/wBL4f8AYxF9aF93OSH5k70ZrM+YVyT7b+OLXHc/jZpHq38vTLa3cFY0leLzyXfHpqeA3QN3t4SASe9TXdEkwVOd8W7r3PF8D4MlXldelw+jD+xZNXxKp5XXpcPow/sWTV8Sqvub/SIocNz5rlrlIfHJy4a9v3aiT0SKIgN7HalMyHG2uLyotoKMrKuJ90zoAfPNxkBuRLW32fbqUvG22gD4qA6cLcYoAZsB305OdZuPAtGKXMOMmSBLM4rhtuwhrvALBPStPUuKqdcpiogspikTaaEMARFUCBYQ8srCMRMHjpZOImDagLiVoDIh5XXpcPow/sWTV8SqeV16XD6MP7Fk1fEqtS2o3MfrXtdsEc1JWYt2n1D2nxaZl+t7X3dSFBYSkV9skjgYFPuZiBlHG8W25CJMuTPHcypZxBq5hOTFpSIpptPb6+ZTO0t8uULV/jzEjFty9lJchzJN6oZSIW1x1+j9QlmfJUNkRAATubSYqaZTwu9C5gyAUDPLiwilFA8JknpQx88AZLAgiuZF/K69Lh9GH9iyaviVTyuvS4fRh/Ysmr4lVqA1d5ptY9jtiUrUZ6RNtnpds46kE6546hTd+DBoOd0poCaWPnFFRjo0Scrza7h70JpambsR8YSimdAS1fNMJHroqxYhb5QGAPyuvS4fRh/Ysmr4lU8rr0uH0Yf2LJq+JVb/AClAYA/K69Lh9GH9iyaviVTyuvS4fRh/Ysmr4lVv8pQGAPyuvS4fRh/Ysmr4lU8rr0uH0Yf2LJq+JVb/AClAYA/K69Lh9GH9iyaviVTyuvS4fRh/Ysmr4lVv8pQGAPyuvS4fRh/Ysmr4lU8rr0uH0Yf2LJq+JVb/AClAYA/K69Lh9GH9iyaviVTyuvS4fRh/Ysmr4lVv8pQGAPyuvS4fRh/Ysmr4lU8rr0uH0Yf2LJq+JVb/AClAYA/K69Lh9GH9iyaviVTyuvS4fRh/Ysmr4lVv8pQGAPyuvS4fRh/Ysmr4lU8rr0uH0Yf2LJq+JVb/AClAYA/K69Lh9GH9iyaviVTyuvS4fRh/Ysmr4lVv8pQGAPyuvS4fRh/Ysmr4lU8rr0uH0Yf2LJq+JVb/AClAYA/K69Lh9GH9iyaviVTyuvS4fRh/Ysmr4lVv8pQGAPyuvS4fRh/Ysmr4lU8rr0uH0Yf2LJq+JVb/AClAYA/K69Lh9GH9iyaviVTyuvS4fRh/Ysmr4lVv8pQGAPyuvS4fRh/Ysmr4lU8rr0uH0Yf2LJq+JVb/AClAYA/K69Lh9GH9iyaviVTyuvS4fRh/Ysmr4lVv8pQGAPyuvS4fRh/Ysmr4lU8rr0uH0Yf2LJq+JVb/AClAYA/K69Lh9GH9iyaviVTyuvS4fRh/Ysmr4lVv8pQGAPyuvS4fRh/Ysmr4lU8rr0uH0Yf2LJq+JVb/AClAYA/K69Lh9GH9iyaviVTyuvS4fRh/Ysmr4lVv8p"
20:09:00.247 [Test worker] DEBUG org.apache.http.wire - http-outgoing-0 >> "QGAPyuvS4fRh/Ysmr4lU8rr0uH0Yf2LJq+JVb/AClAYA/K69Lh9GH9iyaviVTyuvS4fRh/Ysmr4lVv8pQGAPyuvS4fRh/Ysmr4lU8rr0uH0Yf2LJq+JVb/AClAYA/K69Lh9GH9iyaviVTyuvS4fRh/Ysmr4lVv8pQGAPyuvS4fRh/Ysmr4lU8rr0uH0Yf2LJq+JVb/AClAYA/K69Lh9GH9iyaviVTyuvS4fRh/Ysmr4lVv8pQGAPyuvS4fRh/Ysmr4lVVDzI7688myeo6dHnJFpf8AIHr0DL7NcZN8/N0kaLO6yKmIjvKttC8ZnU8V1Mz8IJii4jHgvElY0b7x7qEOHgVFxz9VqsofTI/xR7d/S+hr9SpeoDPBxvcknSQIW0lgOL9LtCPlZ1haTecBOJpE+a1Kb88Zkg293QqK5rxtQX0lJC13q6Dy6nd3JJ5YMHvPvTPHIYuIJnN/yuvS4fRh/Ysmr4lVo/6N9+JL0H/N8/8A9t0n1d7QGAPyuvS4fRh/Ysmr4lUrf5SgFYA+fT+lNcK//Dk/6ikyVv8AKwB8+n9Ka4V/+HJ/1FJkoDf5SlKAUpSgFfVPEiqkSOJx4DAySPlTBI4WE7NwzBU0FmAYAEta9r9oKCJmHl2L2v2uV+xe1/w19quOvBVWkJpOhbbbcGeLiRm6tqqC0S6iVSDDpWk5MNG0tuAKx3AQkljLh4EBMCUTYeZUlmaxMmMMggs8bgUgb2b06ZdH/wBcmmwIs1NcpNGkK8gKsTxpCLHSWvCRN9iHkMA4Zl2SldSS2nFyIuLjmSMj6yfuqKAiWXUjCcjnAkrIHCt/UmLHfxtdFq2kdqFLccP6Q39Cmyk3EnhBL1R33HTFcszpODDRkdhPdtmz6ErnI+ABTDKqaRjBhKTn2VXU4kaUiaeGpnrJdTuevjo211yf7s2SkaIdPXwy1eRI8n7VDamR2ajSA1rN9SVEU6knWk8irZUZDIORDwAwNpaC01LMNcOqTBNkjS6mjlzFPvCxqi7tr+GzmBiGN0NaZmt+4E8bdA6AoTvLnkZPJNNaaICUwVtKLKuQYhNlBu5MaqGcuGOGU8NtN3YZXwOYHjIx7x2n5eXlJzDosIx2msvVIQVi9HgAg1nQPw96JIDSSSRC8gQY2JwdZsEAHE0vO+bi/wApCwqKxjDHuh82CE4SaEVGNZCilUNGSEkPLAmnFQAq3OBBJJ6+cl/PjpSzQsEmGo92djebYvZqfjiXQWSJMIEhnHGkIxELCwBUiChFI7bxALC+ORdLaBAvnce4dhMOWcJnLfptHHGdFcH7e7BxZqvsTo001PXydoanp4o0ZSKgiw8fUW63zKGzXWbTXK8e/mgnoJYUk1EpYUQHdioNSxMRVBKhHI78OexMYRae5V+b7bBZOwDrVv8AbmR8xNenZIaEvE+7xO0HO8mdHrzVQE8koZpbccRt+I7fVnGfDCQkZRYbjNmFAsjFbnh1VVoNHeENnTKtlWTMy7waLs6Zss3elafiQtov/hx1z/8AUHG9Tqf0m7WxHxXRm89I4AK7K7OF9b4JToujNWczWajcuqqrIaZI263SedTuZQKggtBNENrphtoy4WX3OaKk0EgMmhHzS2lUf9JB3u1v3C0xYXHZpPNEU7abObqTtDLYZTC1/kFsSxkkNxuO4k9TDrdSsw1NfSGyl5rCG308Lw2cKGBk48rOEIvmhtpdUE+U3SApz2G0N419W2NAsou6FGo4pv171h2C2bYBEfN4Q7BmTOV0pwu9uHSoIh9oqaqdbqWXKOskIUPkc8sUBMOlFpxphgM0XovLL8BopZmu30dabvuvmW46dKT+8r95SIqleWouSGfIEm6cPTVXXpmwo8CKsvoKe843jl8tQqhTqYFZoKyasmuK7tMKDtLohgXIk3TCoBZO5NzH8qG1kS6E8V+3Oiijm0HVupPOrpozHagkxquCP1gTnDK1JpGHTy/JTQciU083AoioKGZe6QVRFhIytmdLqZIt3wHnDHlVibgj104p9lsYMc2pUu7MydDYhCJ5cWZHau1228lucc2lKJ95JsjqCrIkoFgxk4BTW3O5kIw3GK3COZjMfxfRcCxULr3kkFDG4cOi85hZ4iY2nDinCvlhe2VrCAavlgBsL3t/9cEMHmHnb/bjnhljf8Nr0zLYhPLw0krIjqifU3dYrCa/IA4ekJam6hP/AJE1/fHVdurEKp6E/pA0OjLUpur8OZs8y5klMV0HDYeQVlcmNwq6IQWMBle6SEyyyninH8ENxEcsiZsxdcmRtrVy26O6pSFs3CLekOOpfjqB9rkiMnKoLYiM2no8IyKuVKxHukKaTmsZtsq+FhHxAU7mk41YQUUwSFzsFkH0Zz+fia+Qj8wan+sLeqvWUOSQxxedGv0SnhphJB2a3rpfpnC2vicv965IfysPjX5uGybiXgzgoRQVEYrXQXO9zZc9mGmqhlvkUBQNEi6zc2CTFVk2TRPKqX8nKSJ4k61U/nSYNqo8eOsBviThlAtPm9u7a/FTZjeB2WAAtrrAbqHI7WkEST3yGF2SrMScCrOEKN80smkrLEIyeeIuWDOablUSt0rR0Rhdzataf6/7RR6xdgT+qbEg0u31V7JNnASKSvD8eozNCkdFwUcccwlgQwSUTBU+MFYx3uomAhcLYmBw8qZ+KgTh20JaKpMEpcoGhE8cgs9E8HRtZtW+d0dd3I9nI8HB3srOFkMtZUJGEHb0aIariGQJk0zEiM6vBCcsuDDLEogpDesm5F+VRi8fEMa7bPmYwWp+1YmaSGC13vPcSOpOXGfEMcSOEmKLXmse6CkufF9sRaRDZs8gnW+cKpy8csgI6etZHXchd3BKcW+oQgxQLyvblRny+7e6z8QcXEDcBH4d3cakpzNO20qk2IOxU7w+dfDAszNXGi5F+z2mZ2vjNecGTVOIaSmgqJok3wi1hERcPryNtUrGr0lrb/QfcTQqMog1kmiF9qd0JEnqGTGn7e11ezWlSX226D7nIeHVgjkwVJUcLGKrTY7+bNy6sKj5qboOIZbAoOpovdUrX1HpN1J7AY5B9HQlJ7EWe2SbxUQMscgFB1FkUkC4ToOWGAeGQRpWwNjh5YYYY3wEtfHDG17WsfS69cr8T2PFvPSOtV+J6JzCsOkI7/6naAdI55o3jtjJarGjdkBtwe2WmfSormGVBFNaTWPGSodKCp8PMB/qaVgERv3bE4sE08iNl/EAGRDH8VW4usnvGR/SX+dX83sA/qvGVRflO0IvynaF32m3KVozv+53kztTphXJLcUfoJFzOwgqwnPsVhpiKpKF0skbCUJhi5gJirmKet3HImjnFA8Dj/Hjlgi/8bXbL+0b1ClbYZpbXSdrtFkibDMJnkWIyZPezYKOhbajbS1xXcaWAgE1rv1ES1VMWV9aNpzlKJYTlIYqZwqUVwSY2Re8q6VSmXTolX4uzYX/AMQ/ZT9WIhqRnNdN7/l5ZgLhy1mcB1I2A5DTxorNTwQ87XUIE0Xb5ga88yWdzvbMAmefKMnrcds8soYhlHJ2HgiFTZNeEQ8h459Eq/F2bC/+Ifsp+rEQ12y+OHHfglyCbRcgOuXKq2YXfWyRFBZgSS7tFGFOSnHMQNQJNxbkVNZzPaYCxZPb5cwkpyisiIDabfjMrkSiwuFjamFmbEapCvpoeRqkK+mh5I89HejJjwrvbz5w/GaATasdxbtZCUfsZtJ+N8SaE02gmzegoCWB217554E0wiWAuKLlmMPlhkMNnmLnnnl+BuROszsfpJDJdcUadTtt4uQxxinGTGjDjDBttFv4yjI8wHV1yuh5S1JCkgx+wmYQjhbDRFJfNH1Iz4zm2w3QEocddzGIdC8BEM7opnK5y9KLo3UQnQ3Im2vR0jbVuA60shDF25d6s3J7S2i8EZYKuYczr0A0HRbxqHbrPBchNwg5XQThksVx75yvKcfMTEEMcjciaAbctdI1LTC8bt2S9d9lpdk9GQoi2UTlEBP8YUVvKbgQGyhNBwtlSNnkLwYqu5THWFpurqeUxCH8B4LjFsPdW2fyf7aG8urW212ElXSyb9dpW0l3dh9ugPhwa9zApN1ygOpgGBE4LxxjCRmsJggPtLJZq6WIfyJkiWApJRAU0AZwJhNcNo1X6L/TBHd/4Yhb/wA1bFcfRpMjvf7pROv01acuVFl6H9GtJX0z9lZ3jk8A4ouPud/l5rR2bGZF+o2Zpruk6RUpQRFsjgkqp/AycS3iCVxzzZK0IU409pgiSEOlvOx6zTKMdRCzcuNZLRsXbKD2bLAbOSufUkAUilWXnWppKVdSOhFDQhQjY330YDLGMwQs8QRL4t/HSe3n5G/jpPbz8mpTZbXeL9soFlbXKZm6QdEby8y1tluROPky5zIsErExASS6lXMYZ94uJtKPejgbSwXuEeRV5NTlUgYLnCgA2GfvolUvvuROKpRjR+qxhaN6q7STLrg3TpowKcEwaiKkMCTE1PBNj2uNmnI56UlVHRi4gmeKcikE5NK2AIFChYGWO/vPZoFqhCLzUom2Rh7ZjZRbQlFAgWBdfHq35xdz1lhZLCJzHS1sjGqg5AWwgXXzBIysHXAYTxzSWAaJt0muuEylIij+V0czRKUdBOMphsOdEg625wmiQHrsjKzTU73yV2k4JFLN5GQm8vdtlfMFzEo/ZrNEdSeLgGOjOYdWRDGOY6aIOK3xlhyqIl2pAmvPluVZPVIXtUpSgFKUoBSlKAUpSgFKUoBSlKAUpSgFKUoBSlKAUpSgFKUoBSlKAUpSgKFeW7RzUKLNCeWnaNg67RY3tiZj1Zm9dkOZQWwUOyAsqIkZioZzIg4VPv061yasRTioi8ltPNDS3Aqd8rq4SUFw8eUTMmuD78UNx0/ooxP+r4Ffoc134o/ka/RBm79SlOvz+D78UNx0/ooxP+r4FAd0o8a6IcXMUbCTgno8d6wxc5nUtTnsHIKorrGYbkeiniGAeca2pr6ktray4Fo3ngURm6kXMG1lwKmRRARTS6uiBHqQej5oj42M235W+WEnHLiiDWneWVGIj62NxxkM0NVkhsRVd1J6vLp9E7GIOAa2IeTh8VMtmpEzLvXJESyaoc8CGDp+EqrtHpLzHck04rXIRuXrhEXG/wAfco5xzrVqRL2xcZREm7XTW3jB5PdewslIDueDdVHzHSaMSNF2kSyK+BlBDXElu4iFgvlZSntrd192s0zn0A8xdStl9YJk+T1upQRlqa8zBFMkhsJtYYWR29c23I3civi3G+D3rgmpAQxYgndqVsQJ3xsFYPBiDE4nOsqWKNd8HGPykcjSDx3tO+SzqDx3opHbXf1VLZXHbj+ncJFUFPWDWNSHBvmSUiiWqYXkl+tw/ieSFsomqaMfCT3EycMMv3eiZfiVIK/OjsH+1lx11FBXCdygaVR1sAVhTmfaBAOanrI08TUsOHjgi94vaTpFdqXkI6FxxPl3zavOMUVRDK5WKFcDlktHMHD5xNTy5hQP5muGdEYYWxyPxroMlK8+o7zgBwqcwpUUayZxQ3msdj1/pEpLN3A7FCcyakpOd1kngYAM42Q1NsBE23gf7cnkdsTDDGevVEnvl1evmSTXVdIQh5XoLjI3Q23iOSOXiU4S4t9oNvlyWeTDYKRXQ7EZxx/CbPQYiQ7pxKL2s1T8oGwnNKkiEUgwuHjjJZLUOjkURSaRvE+OZc2BInpf44+RuBeTWAxpxg8B2Ng22nYqxxK8USMlgoUlxFJaACUHWGe8EguaOl7Z2LHSh9JVSJockpETHcxbEFsgtoiTDvTLnh1Dn5lTHbadyx1x4bBa+SM8Y/mTWrZea2c3nw1sGwPjYm5Us+6CbBs8EdYAzuFnm2kc/ZOWAc0vIU4GbRFBYhH0bpPPSjMnMtvWzEBbQtYNzt5VBw62nFdJPoAD5QWU5JeUHRJKKlKQBUeyc6zEioQRw3gBcIJwpC43hhs1JuqIBZOMfOdxEa1d3/Ku6uanaUpQClKUApSlAcKkqOWRMEdvuJ5MbhB4R1JjPcjBfbUVO72TnI0HckHEFxoZ3IqMXNBllRIPmyYopUwXNBYjXELGAR8AxcMmnLTrFrzqZuj0cGKdaYZjuEo+T+Q8TPBtR22E1vFTxvBxwCFkqrpooDiouRdMY27J1wOA4pragJfIY8oGBc8s77AKy6c9/wCMT6Of/wCIeY/WeAaAuD5ZnuuR5xj77udrp6qqOnDU+cEJrEkQgcVFURzvBgrTPbopJPIAjnDQpVaXSJu4YIWV+5gZ5Z3wDxzzxz+6TcrUy8dnF9pmrSPxM7jFNK4kgOIkKSdowV+Jyq6RUlVKSxHrI6frqK4M5Ixi0+9VpVPtl7Ow4zybgbpxJXRAk26sATx0k77bMPzTnUyYtmY7gFw7OLkPoJV2HodaTl8VXKvNYuqkC7sWEpT8WHdfKzOb5lQeCoUDQzRkwhoap3niIcwLlx6j91ea7jNljiHn+Vk7ZGF3MobA6lSSy2xruBILXWJsPSVK8ZKzTIRMtRYVO5PhPWUlzuEulOo6abgCcjJQBl0iDXQe9Txi87XhkKF90TR4ZBplxDgbOrXJBqemkXGnoE+6q7KMhlvMqSyOrqcgvtnnDaG+2qOaySzqGvkrgqSckHTiSYGIHiZ8iKlLJMIYE6RtVpzX7das8f8AxvPTT9GbaSuyXsJr44tRNQdQ2KmjOF2OkN4MkaHGtgksshgoK1mGwyqoRuYPDhY3VjScRaSIaOOxZTCovVWlUuOThs6NpEEx7NNtUAfUBa8L73xjhxd8pK6ZeMzyw5l+E4tXQDGHhFvnRFCTmGznCWGK3UWmBgp3NJ+IyOOVxh7w/u/jVQcyPJ/yH8kmictcoGy6IWfS6qSRtjr6UtqazHSRzHbcFRWx1eQ7YxorthqnwEJ39zJFF1AMjK7BIClEouuDuaJJHjw8nho+SIiJB4wjoqpB4TR3TEIbb/azS3r7w08CXFVNZ5QSV/YDdaD2BsAklVSwhkglvV7Ox3G4uPqBQYUqPgx1eXkJOzFIGhSQaywE8wmGxyRcEYTXnvtrjG018e20etis1kIvHy7rNIjQb6AVTSZZIaYzcYp4zHiggJwYOJJNGYK+jN1ca+IAGICUfQk0QAK2BbDCqW+kQo19leP7WjkF0vXWlsqm6L7axttymr0MulGktsPOM42W15tyQaaziZJ5bSFoJmu9ORlB2HksyfDbiQz3kKo4AZI5+5Xufefni478OM+XJjg3aCKJPk+aINczPgmDGm8UJanZRleUGqbbDSbrliBMUDT8ag7XX1wobe3hxGIBpJIgYDBHMnTyKXUpGOaJp8P5Iyq6eaQRItoy18xOc9GZlpxzBwp6YqjsPGFNZZKPJcS4HTImQmeTci+XX00GKRDvna18C6Iw01soBcO2WeOAKXhbG+OPYDDvlqpLgq1Neuk/FJp9AUmo5pvyalsZdfshICgHkCqN11S++XRKxxqrBe+WWJZaZ5V4k2krlw79oCoIZjDthM7ZiiW21Sr9b7VjepFuf9JdS9q3jET+2S1+jOb3PA51yKMTmpKbwDqTmidd2KHZfMAt5UyHbitmcEbKAaAsvpKrgmn0kkopeJI+DYzVCPAqVLEeSfpGBIkXAJkye9DIKlChUEMuWKli6vsKEAXLgBY4BAAABYYBAghYYhhh444YY4442tbUlWXTge/GYdI4/TvZ3/new9AXxTHo9qJsLMEXz3OmvEXS5LULpKwiRg7ZBbJV05tMguKKermu9EVX76bpw8SVUwuot9VVUg+qtU8KpGmwdSBlhWzPUL9GYxxwU+ZrDDG2OOPLXsRjjjja2OOOOJgK1scbW7FrWta1rWta1rWtbsWrUjWW/ozX/wAteZv/AMWzYn/6JCpnqQz1IipvztuksDpOULiuiJpT2NXdZdCDZXVjXSI2+A5Xe+9lpncSwApHkUJXNE241e4Rc51Vfeb9Xz6ejtNmRoIuCiDn0okTOz6ReT6JXnvdqrr9yocVy3pnsy6FpX+YtMk2ZQdskzMXwrnEEqbQY2nFokzeEcyK4lMuz0vvRpjHDIa4aayY4VRFMKjcupRz3cc7I45+kb60b87EZFmdqptpqEvarKE8OAplZkRJOqArmlUgE7l7AEQs1CS820ZmpZRbUxSwFk5edykZFAbjVcqim9Yc3Wx8BckO0HExo7ozJ8f7Kz6j7vMHYl5PaB3SgycgQX"
20:09:00.247 [Test worker] DEBUG org.apache.http.wire - http-outgoing-0 >> "DrCBvi7F11vdmnVdBSMRiahZ6mkoBTGUi5GPyw6kSKjq7TDWXrPN3TpgumjpC9IxlFKrJjY5SlKAUpSgFKUoBSlKAUpSgFKUoBXnQ8O/8AS4eQb88XJL+2pWr0Xq86Hh3/AKXDyDfni5Jf21K1RZef57Qiy8/z2hoH6VzsFI0J8U5tixkrm0Ba202Di/VVZWSJkQkaLM56oL/fjrTu/AcsRAU91JUZisxfDxtniebjjV04XDIA4L2L2NWNbIu0/wBeYi1qhpvp7cjyH2QiM5FKkCRckIpjppMPFXc6x3vhjY85XasXPOVzqxi4p1XXlRQUjo4xoyKLlWR0gvj9kDkZ42pCiaGi9lCdYueTS2EhRDuaBIZuZ8x0XXE061yZ8wKAXJrTjYjreaO2RzI5Yld0HEUJQOEU8U0eL/46G862jWycGts3PewkS6pbRMhBJtzZXX/ZV5t2AnxHkrtwrgnP4sTRZQUGtkstmy4VOKCaoo+RvJMSjpEg5yzfcQKiiEaXG34+Vn4ScS/x5aqOPd5mciRphKKdtax2AbjNPfrcd7pbCeuNU4nriRkXfLUb6qnNx/mi6QvmkwkaeSet5lChBvYgY4CNduiJk2qocgrl7e29HIuV154+oyaU36LxA3FITa/d5YxdhFkp0gZgGTCHH0DrZYUo3n8q5iWSiQwty54uqgqKu5kkXFptgurumUBrmn4r05jyg+1fePX9BAhxcfTZfrNcr7SmzLCc4o8WFRBXUVNh9wCpkmOJQOKiQbLNgJvtZSs7eyAI281IMfDK4PloccFSHRo/5a+dX/xSpb/WyRa/R6KZ/N+5J/8AxW9j/wBSYkr93otcdSCoa37l7pvtpK7GT9/925X2CjJAXCwhZRNRidN5iJLkvgJa2dySq5lp3J6YPbtwFIghl1oiMZTVQkYFjbwy7LQbxc7a8qPHVu1JrM1keC/us+tnoEdU2OFNjZgTHE0qlwU5EVWm93YZS2nmesgtZpn7Jg6sAbUDa4fRkmykptdxlUqNF9kXfdMiGi+yL3/Po7q6Yt+KGJ/pXQt+r8l1qsrG10hraXXzkuauoXFXpHLcfbRT7Pe38YuV4gQa50eVWxFUUM5IdpB1Ot+OtkG1tvoFkwV0EVw+TNKNjSY1EFzrSsCRKlyOR/ZLVzP0Zn6KUpQClKUApSlAKUpQClKUApSlARbn/SXUvat4xE/tktfozm9zwOdcijE5qSm8A6k5onXdih2XzALeVMh24rZnBGygGgLL6Sq4Jp9JJKKXiSPg2M1QjwKlSxHkn6RgSJFwCZMnvQyCpQoVBDLlipYur7ChAFy4AWOAQAAAWGAQIIWGIYYeOOGGOOONrW1JVl04HvxmHSOP072d/wCd7D0BfZMEJ62Jz/T93JDhdvO2a9b40fIrKlAk0buWV2qygW66jbobjC73xzUhjS2kLbnIAI6fj3yqjrZgiF2czlrVl1122aZHNfzwa27LRWESgOLONSMJdTQGNNrlZzO24nh4yK3HA2VPJMgZOcKw823FrO8aEtSOLq/hcCxXI6SM4FFN25JqFdruFy7RTohu1rrrBs8wVOK4O2RZq2qtfdl1utOR4ObkgogqyGYjF45G0nHBvqGFiSAMecSovEkVJKvRuqKjkAlYLKgk0pcjM0647hc4fCcX49n/ABzOWysSzA5HjsvKmvC+hvhMauqyefY5pxtuTpIY5pRQDRMy0Q5STUxCUFk0Og4Og4kmQE4aQ0couJP8eJt8u3h0b9VVptpVUVIbpCQXN3Kb5a/K3wjFWhrxNWyZaJl/aqaBoyhhuFlJcdkgHo9RW9DxG684DqKy2wRRXQgKS463E410kTazKDXXQOEaxSwiJ2cutfMuI9dxG9oPurpvMXH3s9JLbUXdByHJLyYUqRrM6SkF1A6pJrQlmOzN20M7ACSUpmcEUEM6niDJpxGyXg3IIlIir2Xtjyzx/pBvPr9q5s7HWUS6+7HsRbVWTvG7n4TRoZSZURDClgYh55lj7aLpzUUbkyaceEdCy9iiQWAc7cFHL4lBlc4jU68lE3Q3yH8yfCRCOk0hM3YN96pT069mdgpEhlxJT/ZkRw2jrsTL6oiOh+tI0qNkkZeBePFRHPIw6vgZJqR1npBsvY+8kcqZRXeCZlQy1l4visc+5SZlk9jc/nGeqR9qzOG1qxAWo2xcgR7HcSJqQRKKskz5g9YjMYuORHqoIkesFDQm00sVpyONfVv+5gBEK9iJk0rJQQ1j2nXMMmTttmuaCbTary5oZugVZpiR2XEsrOJnv5rS4wyYZwdRWIqlRjD+LbwNpRRLWD6gTIFbkciSG4RElYVjDYdBVE5DNnL1F2rHIu29HdsWUT1zi2UYfEkaCtypHkZMRYZk14EDaWUXYoOiqrdSkBiOVIzEXu6Gl9/C4iZk2oAIQLDyG1wx6jtiZdizkK6RlxdFNKnm2ZsTtGY5nGRtp5wiNXTnnHbMbTzQ1BLbDAVZAbox9AUFQwrAZN4ZLTVI9gUPyXdOFzCPknKXSj/VmSjbavGEw6R1kllhsne8VIY9OK/kq47fzg7G/q5ENbeol/kqjL83zM/VxNrEL04r+Srjt/ODsb+rkQ1t6iX+SqMvzfMz9XE2gMpHRlWOhbiSRyJ8wc0kSz02NmDcKRIXj9ccWIKwfiCKGk1mW5S7WZAxiwojfKmUN/Nth3sDnidCaMeIiYAMEnnlKyno22jmrQ4BvO/XHcSbdXG6iSaxzSc74hniXIzZxh1MJz4n0kQY02Xg5UdUGRlEQmoFyKuWADtgfTxhU46EfT+6AZhtF5mROjwbw7e6PbshqkWaL7cz2u7H6S7VnUdWNQ8TXXWXLJi7GL9cicTOl284SbVSmU2lg2ohpoDeUmEI4FsEsyns3nCXtL3j2Q6PHILTck8bQSTxZTu9SkcnUJtPFyCa7bFywaRyBVXPoKI0U9EKv+SVgiQVVc4bTkxvJx0ImeUzA4IAQxwTIRJtIIsYNB/DBNNIIuzS9Im/RwLlPQdS2j0efdRlaQnYfM65s6GFRDZpWCnYgvOOkk38pLaVF9OTlpurC6n5qHhhTNn1gLJRGO+ET45k7/2gznnnXLw6mLaK8kGsUcXzyTYU5juJLTmfGTj2MwUu+1WvOvzWBfaSTxH7XANTX2OE95Dcw2HYGPqzzbpa9xbhgFykbtWIukmKOhx7do8oMF4R2sOEhLT0REd7txWa6sptFwyYwRG+5SiYtFCR4REXQC4ptFUu4WKKpHuR8gKYJDgDiTA3wYTkZXBxwrcj8ZpJhSlbi9jfjy2KDAI42zUFyGF+JYfZ0zsrDG1sc7JbgCEZim5RO6hBAtptK4g+WIVshgX+3/2XykxPXR0lFot5zc7v5azI28XLpofx/Jd/CsY6axhJvJrsqUC/7amhr7PSVJt68JS0TytmU76IPIEkEfTlDC+BxryxgLfEUES5Y1XxpN/QwNgfzZ7Zft5cVWLcMJfPbITl15hVwmdELbuSnIEW64HFomOVUSuqOtLWUmGxjpQExjhmm3dBwuAlOhMtj/AcMbd0ztYW2eYldOk39DA2B/Nntl+3lxUz3+MNvfuL+muxdpxHcgmhcV8U+hLdk3dnUiPXEztUYeSXa3XtsdDzXX2yrprOTwVBIXkRaeJJUSlUkOGIAZTTxQA8CPhkBmBYW3aVW5qvJDB5Cek9OHc/Rgsbc+rWv2mpmHdjNhm4hqiTG0wS0cBcacjJRFwGiZEJ2KYZRwR+npdxMM/CaPDBlfSbnG6noqscsG4feNPjpf3GRoPJz80K00fEju/VuHnK6n48tZIXdTvcbjUmmmnFBwLjiXmWoKqotnjWWRk2rHDQx8wNnmIKYzzzyve/BlsZkxu3E5nR2zmswmijh3BSGqy2+ktZuJYOV+2yCTkNDKEUwiHfK98r4FioWN737N7dmmZwIx2l0vxjw5TSlKAUpSgFKUoBSlKAUpSgFcKkqOWRMEdvuJ5MbhB4R1JjPcjBfbUVO72TnI0HckHEFxoZ3IqMXNBllRIPmyYopUwXNBYjXELGAR8AxcOa0oDH/wAtOsWvOpm6PRwYp1phmO4Sj5P5DxM8G1HbYTW8VPG8HHAIWSqumigOKi5F0xjbsnXA4DimtqAl8hjygYFzyzvfxyzPdcjzjH33c7XT1VUdOGp84ITWJIhA4qKojneDBWme3RSSeQBHOGhSq0ukTdwwQsr9zAzyzvgHjnnjT5z3/jE+jn/+IeY/WeAavK322YfmnOpkxbMx3ALh2cXIfQSrsPQ60nL4quVeaxdVIF3YsJSn4sO6+Vmc3zKg8FQoGhmjJhDQ1TvPEQ5gXLjrCxm20m5Wpl47OL7TNWkfiZ3GKaVxJAcRIUk7Rgr8TlV0ipKqUliPWR0/XUVwZyRjFp96rSqfbL2dhxnk3A3TiSuiBJt1YAnj2Z0nPY1CmjhqgY7AD+LrsV79bP6sxykPFFzHDJOKOnuivWZkUcYAwEXOFsMlaNW6OopCiGQPEjZMZLVS5Y0AaJ2kburzXcZsscQ8/wArJ2yMLuZQ2B1KklltjXcCQWusTYekqV4yVmmQiZaiwqdyfCespLncJdKdR003AE5GSgDLpEGug96njFWk+8dO0Z/onmqUZ4Mx0mtmtSzDP3OT40GSVAd8FiAUlSk8RWzm3r44qYTlYkNTKdPnmsKX8LgmGobbQRCy1YAnZqm3+atpszx1YapNtayeLMnrXVjXW59UoWcmpqzpZdnpROBFOCzOvRVm4Ei+aclx5ky7sZOIlC9w8QgzCSk4lxSBoPAMcsfKgHgBAjQQYuPnNMuU3xsLwTcT2hjwXVK7RkrmYL6ovAcuoDWMKkYJboLucq1hzt8QxhEpNcU5kzqThkJ2SFmg3wiuYBZPBLA7DHV0iDjfKce6jua3tlofNvs3EA6+3tbcH23DU82mg03Msk2ID0U4n7vUFTKvQQBEUVwdEwa4SPjm8PDObSzBWBc4Ln42NldZOjo6HbEE42cx7YvUfdJvcm0jxcMmqFnamxwtrx6wpU8j9pkqklhDZqXEL6e5cyQCOtBKTnjgsEQM0M+YwaIiSntt9S8QJoiJJGXbVN7RSbG0ffbXGNpr49to9bFZrIRePl3WaRGg30AqmkyyQ0xm4xTxmPFBATgwcSSaMwV9Gbq418QAMQEo+hJogAVsC2GFUe8UEtOOYOitqSo7DxhTWWTpTvBEuB0yJkJnk3IvKzc0GMRDvna18C6Iw01soBcO2WeOAKXhbG+OPYDDkLvPzxcd+HGfLkxwbtBFEnyfNEGuZnwTBjTeKEtTsoyvKDVNthpN1yxAmKBp+NQdrr64UNvbw4jEA0kkQMBgjmTp5FLqX0tMtTXrpP0axfgKTUc035NS9CNsn7ISAoB5AqjcdUvtGXZWONVZL3yyxLLTPKvEm0lcuHftAVBDMY9sJnbMURmZ+VpquqJN4xmmmk9tVK7OhL/zB9r/ANL4f9jEX1s+rGD0Jf8AmD7X/pfD/sYi+taWyc6tDWHXybdi38LiEzYOix9Sm4cO7YADHU5kNxRcAiUSzzxz7dTWMyOCUlFwwxRjakcKlS4Iw4wYWYGdZnn7cgHSdXu4gsvDMKcOWsWLJSBQr3Ood9o9hC5sstGcghOyEApgNddeLdNZ3tbMqvwoSFLBZDAd+h37TBCetic/0/dyQ4XbztmvW+NHyKypQJNG7lldqsoFuuo26G4wu98c1IY0tpC25yACOn498qo62YIhdnM5a1UgdFrhp3kdDZJ3YlzC5qbuR7ZOWdm3qtGAcwFA4gZuhWbLaLjYC3yF8Hm3ASfz4RchBBO3TX2CKHncEQOp1bhcu0U6Ibta66wbPMFTiuDtkWatqrX3ZdbrTkeDm5IKIKshmIxeORtJxwb6hhYkgDHnEqLxJFSSr0bqio5AJWCyoJKe0k/PulBWGkX9K940isGKStdtmmRzX88Gtuy0VhEoDizjUjCXU0BjTa5WcztuJ4eMitxwNlTyTIGTnCsPNtxazvGhLUji6v4XAsVyOkjOBRTduSahd08srsbPHjzWaK8tuw4yco6m4a1vPUFxGU9Zb6hJMTyKeVZPWU5+tKLDysReb/RVVMk8BIcgkaJDkWm6ggOc+sE8bGG8nLXT3IzNOuO4XOHwnF+PZ/xzOWysSzA5HjsvKmvC+hvhMauqyefY5pxtuTpIY5pRQDRMy0Q5STUxCUFk0Og4Og4kmQE4aQ0couco3CkKK9a+k8wNO/IUfR2nrE4dITTK0xlyUsMAYUjWfSjpCHcZk651fC7TZTpKkzD3AUF9UHIio2L6YCkpHyBIyjniqbzg29Lwfw0ISKmrPJJKrvC8HbVtISOCTbtvA/N5y+cVDW0MXrryLx/Se6dnJ8mF+JpqGVrFn3OR6sFo3j2PJQBaMyvi7gMMKyS7hEliCIKPg5G+eOnbJNlc8S2aVjT5g9jNb9vuSbhhZHHjI8dT7u3He3zXejvkjXNwIUhhxvrQRVEE5IaXKEgsM0ppOTTMJeCq4FRpn1ZQumtFNeWSilECjwLguTZZT4vjR3XXzPzfbTREoizd4zUpSgFKUoBSlKAUpSgFKUoBSlKAUpSgFKUoBSlKAUpSgFKUoBSlKAUpSgFKUoBSlKAUpSgFKUoBSlKAUpSgFKUoBSlKAUpSgFKUoBSlKAUpSgFKUoBWUPpkf4o9u/pfQ1+pUvVq8rKH0yP8Ue3f0voa/UqXqAn/ANG+/El6D/m+f/7bpPq72qQujffiS9B/zfP/APbdJ9Xe0ApSlAKwB8+n9Ka4V/8Ahyf9RSZK3+V5xXSpZHfUK89fHZNcUtcCRpWiaBtSZHjaMfBTjWzL6fTC3L2FdjOa90huBBKyuA6XIlp7fslIB/BxnxDlyqYEGZGLDXA9HWlYA+swc+PocPsx7nffdOswc+PocPsx7nffdAb/AClYA+swc+PocPsx7nffdOswc+PocPsx7nffdAb/AClYA+swc+PocPsx7nffdOswc+PocPsx7nffdAbVZO0X0lmx6WkeZtO9WJckPG5bLF+ydr5Er9emORO2GJTKzpdTRVly1yuIQeJa9j3ZAsHhYLtbYY9iTKWlpiGmp6MipxBIR0kkWTktKSyhdPTU1PJA4FyZBPIlAwSpMkULhhgFipYIMAAEPAIIPDDHHG2BHrMHPj6HD7Me5333TrMHPj6HD7Me5333QG2CUdJtM5wehWSZp1H1jl+RCWJTAk/pRgSKn+9CmBDHDAhiVdLsaisuF8SWAQWJTEI9hYtiHhiDbC2GNrd9H2e0lRrDsZTa7dUWSaRbNwyzj6ImHGsYb1iuJCyCO3jBURJFRbEccSdksQpkRsVxxL9w7ja2FYJeswc+PocPsx7nffdOswc+PocPsx7nffdAbaIg0x0917cig8YC1Q1qg93K5ccqquqIIKi+NHIplTOWOZksoLjLayKpnS5jPHHIcEyaFDFyxxyExyva1671dTUaz6bqw0Hs2kB4tJwkRUxfa7qRk5wt1cTR7WsOnrCIrljiapkRrWtYUodLDgCWtbtw8uxasEXWYOfH0OH2Y9zvvunWYOfH0OH2Y9zvvuixnG4WM43NorP0B0QjxKeyEwNKNSGMhyWgKTTkdGZ+t8ONlKkBrLIdwVhtPZORWYSKOtAVQr3CUkZdBPpx4O98DRYXG/YrnKvqhq0vseMYxXtaoBW41hNaRHJDUeq8OR2pMeJHE2gjALcXoxaZxuDIDCWkAE2bCRFRqp6UeSgjRgMiOBgMJbLED1mDnx9Dh9mPc777p1mDnx9Dh9mPc777oDeZIEeMCWGY4Y5lNjM+S49dyfkkutiSA2UV5MxzpeYgY2aa4Wu4iSkiLSfmKCELkTUiJkvkIEHncO+WGN7dRP8A081HliOWFD0p6s65SVEkVFkwlF8Wv+EIzeUcxuTREXFtoxRhMhxNhSbLPLJDdxxQUwBvJicEQRccUspgERtYC2JDrMHPj6HD7Me5333TrMHPj6HD7Me5333QGv3yTvFl6NPQD2N9dfhzUzCccR4nR+nxMnsJlkIrSWmQYaXGZNrIZWP01jJSUAhpbMT2YARwbhNppqIWLI5Bul00NHJpRcBPLkwygQYOODbrMHPj6HD7Me5333TrMHPj6HD7Me5333QG1yJtIdLoEdg7+gvUPV+F30aCMgGXpE0AxRHLsMAnMc8DYI7jZ7TRlgUI1gIJiZDEOZYD4554i2"
20:09:00.248 [Test worker] DEBUG org.apache.http.wire - http-outgoing-0 >> "ytlla8oKwB9Zg58fQ4fZj3O++6+AnSYufHEMTK3DngHfHDO9hBNYtzrhh3tje/biW8PB9nDH/47O3dMOzja9u3x/8AjrAb/wCup2xAsGMmTH3NLMheJ2jMcol08nJsstiOmegSZIpRJCKgJRV9vxKRyjpdxdMAJEgU8BwKqgETCKFQy2IeBcK2GFvrMHPj6HD7Me5333TrMHPj6HD7Me5333QG/wApWAPrMHPj6HD7Me5333TrMHPj6HD7Me5333QG6uJIOhWAW6os+CIfi6FGkruJTd6s14kj9pxw3VR2LQRMBYdCiiM5IRkw64lYFPIAqa2ZKiqR8IiTDNGRcCwNsO0awB9Zg58fQ4fZj3O++6dZg58fQ4fZj3O++6A3WsWEYXi9zyO9o0iKMI7ecxLhZzy47mKwWo0nPKbkJ3P3JuGR19ASU9Ve64Uuqqlyys5jamfAupH7hGMO/DHdPoTJr7AmxbeKtHYOEIhnVqETd1Ak2JkjVmSe3iZ/LCwdzpVFeyKuJpc3cPG2FzIRbAa+FrY3z7W1rVhh6zBz4+hw+zHud9906zBz4+hw+zHud990BuvieFIagVqhsWDIkjKF2QEZEOhM2J2E1Y6aoRwbHDAY2G3melI6RgZFwDDwEHxJ2FzxDwxyzvbDG1unpg0O0c2FeIkiz7pnqjOEgjJpFGGfUwa7xDJbxFSEuwuKYlCOd6M9aW801OxGGxIkcj1ypSwoti4QdhMuzix6zBz4+hw+zHud9906zBz4+hw+zHud990BtciHSHS7X1dxdMC6h6vwi5sAxQcHFEMAxRGq7iCPhngOFirsxpoqhiGNgJngKHYxbETDPPHO17ZXteUFYA+swc+PocPsx7nffdOswc+PocPsx7nffdAb/KVgD6zBz4+hw+zHud9906zBz4+hw+zHud990Bv8pWAPrMHPj6HD7Me5333TrMHPj6HD7Me5333QG/ylYA+swc+PocPsx7nffdOswc+PocPsx7nffdAb/KVgD6zBz4+hw+zHud9906zBz4+hw+zHud990Bv8pWAAPpMXPjlje9+HPAT+GJbtg9YtzrY2tiJnjbC9vD2f8MO1u5iX7a3ZExzv2gfZ7nj8+swc+PocPsx7nffdAb/KVgD6zBz4+hw+zHud9906zBz4+hw+zHud990Bv8pWAPrMHPj6HD7Me5333TrMHPj6HD7Me5333QG/ylYA+swc+PocPsx7nffdOswc+PocPsx7nffdAb/KVgD6zBz4+hw+zHud9906zBz4+hw+zHud990Bv8pWAPrMHPj6HD7Me5333X2yXSWeeoyNmGY4ewiQeJRQMYjDaybl2wzHKkDJoqUtfNfDx7qfMggkQbWyvncYwHYMMUS+IWYG/GlYA+swc+PocPsx7nffdOswc+PocPsx7nffdAb/AClYA+swc+PocPsx7nffdOswc+PocPsx7nffdAb/AClYA+swc+PocPsx7nffdOswc+PocPsx7nffdAb1Hsx2XJbRccfyM0Gu/wBhvFHPN53Ml7ICS6mi6kBTAyLKSG422ulD6MuI6gWzzLnkxTJGiRsDPIIwAIHlfG/xY7FZEYtBuR9GzOasesFnpJRBaTIY7eSGm0GshkA7AkUVuNpBJp6KiJJIK1giicmEipMsHa2AIOGNrWrBb1mDnx9Dh9mPc777p1mDnx9Dh9mPc777oDYEPxScXBocYyZ42dBTBkwKIOYMD6da8DDjjjZ3EFGGFEjrIQUUUTLLMQTPLLPPPK+WV75Xveu7IP061G1kU11a1t1Y1x18WHSRKpbmVoPhCMonU3GmETGZsinLp9hthANK5EmaFEMlSigKYLlzAmYwIeAmeWV8SPWYOfH0OH2Y9zvvunWYOfH0OH2Y9zvvugN+xksXOFxyhsAE0UNAiljJYyFgOXMlx8MghgBwRccgxgRg8sgxQhMcsBMMssM8b43va/XcSwxD0BsohGsFRRGsLRylmlA8mMCJWK144ZScdVzYigqnCDVZyWjIRM0pnxhjqgYLkAxjpsUQyZzFGzyzvhN6zBz4+hw+zHud9906zBz4+hw+zHud990Btkl3S3TnYF0EXvPOpus82vRLALlk13y7BEWyS6E4sUva5UuRX3k1VpWKAFr2tcuEXNhhg3ta4eOPYqQiIiIraSExvtxIS0BARSJZMRkNEIFEpISU0mFiATT0xNIhAEiBEoBhgCWKFQAgAAsMQwg8MMbWtgX6zBz4+hw+zHud9906zBz4+hw+zHud990Bv8pWAC3SYufHumePkc8L2tgHfudtYtzu6Y3yyEtfPO/h6/ZwE7W2Idu549jIMS/b59ntQ/n1mDnx9Dh9mPc777oDf5SsAfWYOfH0OH2Y9zvvunWYOfH0OH2Y9zvvugN/lKwB9Zg58fQ4fZj3O++6dZg58fQ4fZj3O++6A3+V1c/oOhWVnFHLwlGH4ukl2w84ru+JHQ/o/abxcUWuy4qePd0RytuJIUVNkOK4ySlDXW2yaTFK4qYniXM9uTLXDwqdZg58fQ4fZj3O++6dZg58fQ4fZj3O++6A3+VFRM0R0fRJLtNCNptqokzFZUyXLSwma8REQkuy3kL3fJYs+yrQCdNlTIf+OyUPCvfdxf4y43b/AIaxXdZg58fQ4fZj3O++6dZg58fQ4fZj3O++6A3Yy3C8Oz8yjsbTtE8aTXHSkbT1BRYMtsRrSOyj59JNYHUo6darxSllCNG0w6GGbTzI5AQYkaDwMFswxccc7RL8k7xZejT0A9jfXX4c1kC6zBz4+hw+zHud9906zBz4+hw+zHud990Bu9jGKIthNiIcWwzGrAiOMmxgohtqOYxZzdYTEbwawqn15XDQ2g1U5Jb6TgqLiqqLKjiQTy+J5VUj6iZsKcOGBhOl2novpKw5H+WJjad6sMyXLHhFS0ptPXyJW7I/hMUTuoqj48I7RJubv4QX+NEN+FO+MxP4eQl8vw1iq6zBz4+hw+zHud9906zBz4+hw+zHud990Bv8pWAPrMHPj6HD7Me5333XwD6TFz45Y3vfhzwE/hiW7YPWLc62NrYiZ42wvbw9n/DDtbuYl+2t2RMc79oH2e54gb/66uYcHQrFjmkd6xhD8XRw8pjXgXVLrtYcftNoOaVHOWzURS7jkdebyQnKr4XgBFhWEBWHMbVFALNUUc8DGOR0zcXCp1mDnx9Dh9mPc777p1mDnx9Dh9mPc777oDf5XVsZQbCkK5vMSG4fi2Jc5Hdyi/5DzjKP2mw836/Fi9slZ7PPJqpCVd0O5Uva11FyLlzyyeva1zJ0W9qwq9Zg58fQ4fZj3O++6dZg58fQ4fZj3O++6A3kSDG0dy201VhSqwWXJrFXAwwltlyC1kN5tNYCCExFCDVW44yKkjqAYYuOIgeBsmNjgJjjnja2VrXt1xCmqur+tWKvhrnrfAkA4OC2Fl7CFIej2K8VuwWfdQrK+LFbqDZSsGJ/GYWOWG7TP+Hj2Mvw1h+6zBz4+hw+zHud9906zBz4+hw+zHud990Bv8pWAPrMHPj6HD7Me5333TrMHPj6HD7Me5333QG/ylYA+swc+PocPsx7nffdOswc+PocPsx7nffdAb/KVgD6zBz4+hw+zHud9906zBz4+hw+zHud990Bv8pWAPrMHPj6HD7Me5333TrMHPj6HD7Me5333QG/ylYA+swc+PocPsx7nffdOswc+PocPsx7nffdAb/KVgD6zBz4+hw+zHud9906zBz4+hw+zHud990Bv8rzoeHf+lw8g354uSX9tStXcXWYOfH0OH2Y9zvvus5+nXInvDBfLhsHu5D+pdpN2zk55bJrsga32jiXV7xMWJXextfkdL8R2udCkpLuxVocVKuAtmhDSTcLvdevmbtleovynCoRdqovpUc9iyo0zFpfp3sQtl3NsBqdrTObkJhgglHBMUExdJq2VBL4YBgBF1V6tZbPgBgBhB4AhhGMcQ8A8McLY44Y2tiZ6zBz4+hw+zHud9906zBz4+hw+zHud991Sm9JksRkRo2EpkxyzWqwGYhA3LIjSZLeSGq2EcvlnkJkXSkFCJkEpPByEzzEuEUKAh3zyyzvj22V736FkfRzSmY3zhJ8u6fatypJQYhYUOQ5H1+iZ8PkMUnjhgTEwdrmaSov4CFcAw8C2eKhbIDEPDEK+NsMbWxT9Zg58fQ4fZj3O++6dZg58fQ4fZj3O++6SkJSN+pUqVIlSxEiWLkyRMuCVJkyoIZcqVKlw8QS5YsXBxwCALgBYYBAghYYhhB444YY4442tbpuZtatc9jk0gj7DQDCk8JCVkLmlpUzRWxZQTU3Me+Fx8yBF7oK4VJ5DXDDuLkXCDuJcPC+d8u1x7GG7rMHPj6HD7Me5333TrMHPj6HD7Me5333QG4KFtVtYNbcVLDXbW+BYDwWQsAFfCFofj2LMVUEMSwoYKlixm6hWPBBi2sLgGasLhiJa2eNrZWteu+qwB9Zg58fQ4fZj3O++6dZg58fQ4fZj3O++6A3+UrAH1mDnx9Dh9mPc777p1mDnx9Dh9mPc777oDf5SsAfWYOfH0OH2Y9zvvunWYOfH0OH2Y9zvvugN/lKwB9Zg58fQ4fZj3O++6dZg58fQ4fZj3O++6A3+UrAAH0mLnxyDDyvw54CXywwvcQPWLc6wYl742v24dvDwnYwy/8AjsLd0z7GN7W7fL/46/z6zBz4+hw+zHud990Bv8pWAPrMHPj6HD7Me5333TrMHPj6HD7Me5333QG/ylYA+swc+PocPsx7nffdOswc+PocPsx7nffdAb/K6uYcHQrFjmkd6xhD8XRw8pjXgXVLrtYcftNoOaVHOWzURS7jkdebyQnKr4XgBFhWEBWHMbVFALNUUc8DGOR0zcXCp1mDnx9Dh9mPc777p1mDnx9Dh9mPc777oDd5JsTxZNTSOsGZI0j+WmIpCBDKLKk1mt1+NI+MBYSwAp1uOpNVUc0IDYUWwQg5MTIOwglsL2tnl2eEwpq5rLrUWVSWueukEwCTXcgslwpCkRR/FZZZyAyyyAyVQGK3kEJRyByzzyCucwGuHlnlfC+N8r9nDz1mDnx9Dh9mPc777p1mDnx9Dh9mPc777oDd9JkUxdNLRUI/mONmDLLDVsgc1VkyYzm6/Gip5l75ZAZqDbdKcqoxzIHLLK4ORkkJcO+WV8L43veuIQtrRrhramKaLrrr/CUBo60MEZWEmFopYkWJisYAtnYAdTIMZBQip8YGwotghTQQuYdhM7YZY9vl2cOHWYOfH0OH2Y9zvvunWYOfH0OH2Y9zvvugN1stQlDE+tTNiTtEUYTUxxTQZ0Rmy0wWpI7UEOg4CBhG8288UlZSMzQQYooYZjIncXDAUTHHO2OeVr/RhzX2BddW8ZaOvsIxFBTUOm7HzjYhyNmZGLeNnscLh4nTKKyUVETRzeOGWWFjApbMa2GV8bZ9i97Vhg6zBz4+hw+zHud9906zBz4+hw+zHud990B2D04r+Srjt/ODsb+rkQ1t6iX+SqMvzfMz9XE2vJn5xeUPkI5D2rrsjbu6V/NNSotcEjqkeqPyWTdHXjsoOpNaBVxEu7y2eOFlXwIWQ0gfuSJYMYp4T7c/e4Y5bsXeNLpJvPCiNRsoyTw++EkpIbyKmJij82jccfv9PIJpYoSO93LLViw3fRYIMfupe1gBO6duFawd8bUBvwfLAYcntlSZUlMloyGzVjDEJXaT5baM7Wyqh4ZWzwDUkFfJKCUewwztbLHA0UFxxytbK1rXt2ajfHvHzoREjoLPeKdIdQoyehMxgbKO+Pda4ZZboKmg8+6BmSy+22WmqwBgMT+HgMEbxExz/hY5Wy/DWMDrMHPj6HD7Me5333TrMHPj6HD7Me5333QfMzeVIUcx7LbLcEbysxGbJseO0j4MdTCkJroj0ZbmTbDgmbJ7gazkIqSGtEbGS4BjvRSImQO7gAi9z7oFhlj+cZiKJzsV3gs5GEeG4SuxwYxvDpllNseK7xqXRQ20Xj28eipmbSuxwG4EEgAtO6R4ACRQw0rBPxI4YgWwjdZg58fQ4fZj3O++6dZg58fQ4fZj3O++6A3dMKJIpiqPEuIovjKPY3ihDT1FJRYwYTLbbPjxHSlc2dPqyYlspvJqc209PVDykonVEmUTQSx02oHTBkMUY0PmJwtE1b1lbMLqGt7b10glv67qxVWJKsCokRR+lQupk18+IqrpRQi0g3i7HOlVpUGGUlYuZQhQlE+KIcOYDGM8hL4eeswc+PocPsx7nffdOswc+PocPsx7nffdAb1GSx2XGjRbkfxy0GuwGGzkci3miyWSgJLVaLVQEwDEsmobcbaEUIIyGjp5bDAuRTEwkVJFAMMQi4AYeNsbcorAH1mDnx9Dh9mPc777p1mDnx9Dh9mPc777oDf5SsAfWYOfH0OH2Y9zvvunWYOfH0OH2Y9zvvugN/lKwB9Zg58fQ4fZj3O++6dZg58fQ4fZj3O++6A3+UrAH1mDnx9Dh9mPc777r4W6TFz490zx8jnhe1sA79ztrFud3TG+WQlr5538PX7OAna2xDt3PHsZBiX7fPs9qGBv/pWAPrMHPj6HD7Me5333TrMHPj6HD7Me5333QG/ylYA+swc+PocPsx7nffdOswc+PocPsx7nffdAb/KVgD6zBz4+hw+zHud9906zBz4+hw+zHud990Burf0HQrKzijl4SjD8XSS7YecV3fEjof0ftN4uKLXZcVPHu6I5W3EkKKmyHFcZJShrrbZNJilcVMTxLme3Jlrh9o1gD6zBz4+hw+zHud9906zBz4+hw+zHud990BtRTNEdH0SS7TQjabaqJMxWVMly0sJmvEREJLst5C93yWLPsq0AnTZUyH/jslDwr33cX+MuN2/4alXWAPrMHPj6HD7Me5333TrMHPj6HD7Me5333QG1QtorpGTk75bCenOqxWZrKnhy0tlte4kAk6y33S43hjx9CaGDq8Kd1vcXwh4W777pe+fdu2v2alPe1srXxytbLHK17ZY3ta9r2vbsXte1/wAF7Xt+C9r/AIL2rAJ1mDnx9Dh9mPc777p1mDnx9Dh9mPc777oDaq09F9JWHI/yxMbTvVhmS5Y8IqWlNp6+RK3ZH8Jiid1FUfHhHaJNzd/CC/xohvwp3xmJ/DyEvl+GvyOQj+YPvB+iDsr+xh61jB6zBz4+hw+zHud9911BsJ0ijnCk+A5wjWQOJXxLYchxBJbGezx+blt2l+KbRdrMWkByOXwmtrOaMneAkZQOqnfyvhmmFO9e+D+GRUMW1wLHehL/AMwfa/8AS+H/AGMRfWwiRo1jmYWU4I1ltgMmUo5dhUIi6WBIzVQnuynKSANl1AAm4Gq5iCmhLJUE+TKHQi6iQMghmypczhhYYALPHymuEvlp5JuPuA5YjXSvRP51TDekv5vl1vH5I56kPxdd2TMa6BdteE4nUCaMR7CMjpip3ipYZKf/AHh3xfPvUYva1z/WYOfH0OH2Y9zvvugN6rKZLMjZottgR00WwwWGzkYg3WiyWUgJTWaLVb6UXwKJaE222hFCCMhoyaVDDLEEtMJFSRMuHgCXADDwxxt+NJsTxZNTSOsGZI0j+WmIpCBDKLKk1mt1+NI+MBYSwAp1uOpNVUc0IDYUWwQg5MTIOwglsL2tnl2cIfWYOfH0OH2Y9zvvunWYOfH0OH2Y9zvvugNw0Kauay61FlUlrnrpBMAk13ILJcKQpEUfxWWWcgMssgMlUBit5BCUcgcs88grnMBrh5Z5XwvjfK/Z5lKEQxNN7UMsOaYvjuXmMdGCMnGZKDKbT/ahswDiJgCOZbrrTFZHHGBwFFxCFFJ55h4iiY4ZWtnla+EfrMHPj6HD7Me5333TrMHPj6HD7Me5333QG3+E9UdW9avCvzcta4BgDw6HgCt/InDkdxV4YCDFsMGEq+IrcQfCAeA2OIuGBvu2OItrCY2tla1679rAH1mDnx9Dh9mPc777p1mDnx9Dh9mPc777oDf5SsAfWYOfH0OH2Y9zvvunWYOfH0OH2Y9zvvugN/lKwB9Zg58fQ4fZj3O++6dZg58fQ4fZj3O++6A3+UrAH1mDnx9Dh9mPc777p1mDnx9Dh9mPc777oDf5SsAfWYOfH0OH2Y9zvvunWYOfH0OH2Y9zvvugN/lKwB9Zg58fQ4fZj3O++6dZg58fQ4fZj3O++6A3+UrAH1mDnx9Dh9mPc7"
20:09:00.248 [Test worker] DEBUG org.apache.http.wire - http-outgoing-0 >> "77p1mDnx9Dh9mPc777oDf5SsAfWYOfH0OH2Y9zvvunWYOfH0OH2Y9zvvugN/lKwB9Zg58fQ4fZj3O++6dZg58fQ4fZj3O++6A3+UrAH1mDnx9Dh9mPc777p1mDnx9Dh9mPc777oDf5SsAfWYOfH0OH2Y9zvvunWYOfH0OH2Y9zvvugN/lKwB9Zg58fQ4fZj3O++6dZg58fQ4fZj3O++6A3+UrAH1mDnx9Dh9mPc777p1mDnx9Dh9mPc777oDf5SsAfWYOfH0OH2Y9zvvunWYOfH0OH2Y9zvvugN/lKwB9Zg58fQ4fZj3O++6dZg58fQ4fZj3O++6A3+UrAH1mDnx9Dh9mPc777p1mDnx9Dh9mPc777oDf5SsAfWYOfH0OH2Y9zvvunWYOfH0OH2Y9zvvugN/lKwB9Zg58fQ4fZj3O++6dZg58fQ4fZj3O++6A3+UrAH1mDnx9Dh9mPc777p1mDnx9Dh9mPc777oDf5SsAfWYOfH0OH2Y9zvvunWYOfH0OH2Y9zvvugN/lKwB9Zg58fQ4fZj3O++6dZg58fQ4fZj3O++6A3+UrAH1mDnx9Dh9mPc777p1mDnx9Dh9mPc777oDf5SsAfWYOfH0OH2Y9zvvunWYOfH0OH2Y9zvvugN/lKwB9Zg58fQ4fZj3O++6dZg58fQ4fZj3O++6A3+UrAH1mDnx9Dh9mPc777p1mDnx9Dh9mPc777oDf5SsAfWYOfH0OH2Y9zvvunWYOfH0OH2Y9zvvugN/lKwB9Zg58fQ4fZj3O++6dZg58fQ4fZj3O++6A3+VlD6ZH+KPbv6X0NfqVL1Vf9Zg58fQ4fZj3O++6qh5keZDlG3w1HToR3D4+fmxRKVl9mvkvJHyMbDsLu7uQUR3p6M2vDkoqRttZeFCS4rmu8cAvCZjwb3QrnYIAza4G53o334kvQf83z/wD23SfV3teZJxvc7nMJqnpLAevuufGP8uMKxq3nAmMOVfkF2hdnjgnqb3dDhPnfGFiqpdpqfea2sKaT3VGBwAC7w73Gtc2CYveb/WYOfH0OH2Y9zvvugN/lKwB9Zg58fQ4fZj3O++6UBv8AKwB8+n9Ka4V/+HJ/1FJkrf5WAPn0/pTXCv8A8OT/AKikyUBv8pSlAKUpQClK+qeK4niRwlkOaLYnCpgrkYImBCh0viYCzBuOTNBXsKWNBWzuIXMBXsICLjgJhe2WNr0BUjOXPPxH64yu5ISlrdBlJUkMxUyRHmktZjy/J6OzVoI5ZONo7vekWx282O1lVNUb5JywnLzjTziMohGCKqCTNlhwQ7PIwlGOJrj9pytET5a0lRq+kgBeZ75ZS0QcLYcaQYyzwDOpSumjGCZoPAYIYsYwwF7qUOAGCRoME0XHBDpGkV28QfR79V1OB15LuiNyfTEnuhBg46iuibZc2pdakAlIzjaw4x5KXBnYIo2XW6zgRZBVSbcTk9UJkzyiCSyMZX/06NrqdPOo3FfHcebEoSkxna+5DkyXm/GKip5mVeLY+kU+RNNZpnRS5gS6UonASht6mU0MxgoJJp3CF1cIg4QlQkVdab+fvXwPmUXXz8KyIspoWA7d8nehGh55vI21uzkexU6HWcTiTfYmVl97yQo+FTGBUgo4RpHKK738AgDGBMAcnKabgDeAzy7BhTC7F+xPCsIfP/xG6Q6AcfTSlGEo9X3FPMg73wYG+9jZoei9LU6OkmulZIU1FMOPp0GBhExNNjkU2ygUbpBFwW8kwgccN1dSA7+y3eUBHPa3bPX7SGEHRsftA/8A5MYYZZxuJ7leXiq9np4NNu1wprVb4Pi9HrbdjrOeEF5XTiHdE9DNBFO+O+juZYkEOYC7raTqQX01Gw92qf8ACrXeLeRXU21PvU6R8IoLhTSyujn+8lEuTUCffiecLmO9T5QqdL907kaLgD4CBY58elafiQtov/hx1z/9Qcb1Op/bSuPTTiujPYBmQBLm0L2aOt8ElmZB8KtNyux4vVzLTIaaWmAmrNZvuc622mmZmM1h3u0dGOgIaCQOiliSoripaOozVEovDfZNUTdF+PstFpWaLYzebnP0u1NE352Dg3jodUPslOZ74mrV6Nhtim3sOwWC7VpESxyBGXHM8HFGS492bZfJ4vIEKOQ0YqIVWB0IdwF08vZR7L5auZORNMdOtANwtUo6a8vNfcma4JR/FV5NF1Od3rMOzJFy5KBECOUNnv5l5BywrJxNITm0EqHl9EuqHrkzCQeuKEMFcz9LO0I7vz7Q0JVwyRZGYMRMZ0ydKbzbEdx2x0Y44Xg93mtp7cazZQyGHdDaotLaqYKp6eTAx7FshjI4eOQmWAWHbCiYYZZptwOR3nq1d11Xt+3No1ofHur8f2QHHIutDvmSXH9uShMFacKaiWVFJ6tEq14NQ1IvgsJw6wRT057KbbwzNCmUJTzIGygVq06a3a181eiUEASsZlNN18nVAg3aQg2GU8MWWruNJXWcWfTOaj8MgJyniqIJazpIKaqiB4l7XcaIjqQBsAykls7BmezqyJ+f7h9myTkCII/3cYhh8OxYs32qG7GTMEaNVzrYh7FMLpjckWS46aMdLhw6pCBJycCluo1kpHxy5Mh3yYMAh52bTVN8Q64xk65mneR2jE8VsgjgoOl9PdZKIbfSABhwiZQIU2bzx74PqR8wWTUhKJ4GFRYVDRRLSyZxQNlywucPpRrs1aY3FnbTnJmNJanuaHVDsfaOwMyW2mmnunOltyGzg81mNmmhlM1RtoKGzCqqx7GkJPLklMw6EuOg+38asSt7SXbxvRnubpNpfr5yBJbik9cgdsa9vh9JQL2WSCU7Z3jSMSTYcKi97JZzvV9o51XUHTY+lrXf6Wp4qhgwIGILmGNgv3+fe9AleFnxDbXfVk/E1t5yeKfbeVUKEYI3BZ7jlJ1i97s5pupky3Eph7G75ihgkGMpS/HzDRXqpHBABsU9Naykrn1K4WfeBcz2t6thrG9zITZBvKpOOm3G9x1hYy1tprVu0zJElGWGS0lJvM7TCOocEcrVkUssyQqpKIQLHAV7FIPAtFknVgueOxwAVxBEcxRoJp3ZDTM2F+MhaaeRSlKAUpSgFKUoBSlKAUpSgFKUoBSlKAUpSgFKUoBSlKAUpSgFKUoBSlKAUpSgFKUoBSlKAUpSgFKUoBSlKAUpSgFKUoBSlKAUpSgFKUoBSlKAUpSgFKUoBSlKAUpSgFKUoBSlKA428Hk0I8ay8+H+6m4x2U1Us2tuh3u9cTG0124ikA7jHldeX1k0SSkhMJg45Cmj6gbLlS4dr5ii4Y2veqaVfpHfCuiuA43DO8rVODkFIJJOLyDE+wboYRc8PnYMHDOTG1EitHXcBcsrXDO4um5LIO/dbGLhWvnauLmx8Mb6cu/F7wyuFdW0jWZ8t9d3E2hbqGqH0kKVWwxhZMUGox3EcTTJU/ik2tBzuRyoRUcLIorv4g5sO1WG03j6ZqNaENRGwI0T4YY8YR+0oiS0PJsp8YN5oICSwSrezAuWFRQ2kTIAoV00wBlkGaKZEcgTVsxLmMBchM75Mn8N89wZP4b57h/hDU3Q9sTHiDLUEScxpfjNzhCCoT5jtzJLsbSjcDPuRssGqI5o0XCUE8e2RVTTDGYKilnQxSSgVLGwRQcK9NnObzjF06nVza0bEbHqTIm9nJLfXXIxEqAtlpFMJiQ6UdNX0I/mtxhDrzbRgE6lK6aZy7zWjGZPM2GUPYFjlsy+NMUEs5M4nekop2nGv4Pihpzyi67uObCsHJWQhSO4rnZhI0mLimqsdCxzuUbwZkrDbgBCIJgRRJBSpLINkqUDSma1SaPxxqbCwFrX0tjfh9bGTjD8AslW432A00t4zXJbLitqqTqPG9NVgi2U9wvpaQUg44DiQgrioVRi5wRRMJyMqngS2ZZOOCggXBRz0gniVlmQmHFbB2Zdi2+5MebXj9lIw+qm4yEArO15rZFuNxMGW3Dr+kt9GCPrCkTKiKq4qJqOn4C3NqagTJAjmQ++NyuXPj34/ZJZ0Qbaz0ci+SJAZ+T9Z7WT4anqTja008FVXRc1UE1EcXPxNLdzUkFXBEInjpVSwCJZm8ydiYgJgSQcKbu6X7KOpQYuue3esE/PZJb5p2KjOhSfYplR1JrVIqKUjnnMoN5iuxeVybfJq66hpZpZMEw04uorKURGM4GVEmENmi5LJYiyDulK8Q8pTXJcfw/GTX1B2A8ZpFlJ5NyP2I3fDcd7hN1G8Ou52KSQ30jwu4FdKQkzwgoF+/1hTT0wr3U6dLACgWX9ZK4aPOsePsf7vfu31eMVMgnCxc4WyvmXNgAmQM74CBXzBHDxFCyuGLjgKHfLDLG98BMMBML37XPHHK17WiPFvIToLOL7QothTeHUCYJNdHhPxZjqLdloXkB9uLwIjqDiWfATRab1V3Ar+CG+kKq6p+D08x3gjpigpmu5EiRkcKX9AKUpQClKUApSlAKUpQClKUArzoeHf+lw8g354uSX9tStXovV50PDv/S4eQb88XJL+2pWqLLz/PaEWXn+e0PReqq7Y/m34rtT5APxRNm5UdJkmpB0dLXGAwUWQZud7dVithLm0dzIEHs6RVJtLJTELPI4kLpdPUimHa5mCoeIgd8ou9JU3Uk/SLiwkx1wotKrWlubn0ydb2O8UIUUuuNEaRQl5XdS0hGy+QZpPcGcfs93JDeWCQxdQQl1UTlxOHDPpxbKpf8AFtxha+cZOtjDi6NWO2ry4baqMYniahEwoakCV5HNEy5x2qaw6xwxlnJshL+ZzBptbE9kjN9IwKhFwBT4igpH6U7U1A5JtF99gVq+pOysezCqtoDvtxs8gKstaRm8R7vgU8JLsYvtJa0hpCVc4JgSsqqLYLJ1z17krGbmscgbcF3Q5a+PfjzfjAjPcXYYtDDzlBEEcjITDkaTI8SaqhBLObfGUza/HceO9uoJYBVwzLj3cSsk5ABYZnRccCONzNv0Jo4v9R5v24g7eZaaTjY+zkDGzI6DJsSOtQjNZe5EbEsGEgS0YbGJQzIzdKFAjiUGjrxkQqbQFpdbariot5THS75vefDVRN3h5l9HNTTwZLM9NfHfu+32eKoXCsWISWhxrND2ipYEyFt2MQkKSGu1Vsx2mQYmRVPHwsMDbLITFmTHm8P9NpWGeAmGIgeWOeGeOOeGeGVssM8MrWyxyxyxve2WOVr2vjla97Xte17X7F6ri2H5cePLVPZqPtOZ62JKMjZCUvEGzJjUvGkyPIZTElBzmmcxC590MSO3Oym2aXl8mKXwKOdyI5ogREJraqCRQ1Agomej+Bvbo3tvxX62Pp7nRQJPh9sntc5yAWxO4LCPI0ACWY6ibddzF8LlFxxNRObD8V8DFgci+bpv3YMG+OWGGK6bBTe3E6Rty5rwAhlN276QprDCOt55QCysYLaw6wkF5otNRRr9jAMoReQhtHKOMphh2BHRHRk1fGwogxk6zJdLbVGZLfZbapvP3S5XdB+PR4R8wdvJzNxW8JURFZxMFCIxDOUnGnEjoZ0JOVTYOcRRo/SxLIobGDDuVUxyRwXG+Q4BcUDDMXGLrV6RjwwO1zJjRA3cbrVWFcXAIiJKcQ7DwwhXvmJgHYU07JdiJkNVOK4ZCY92OKKyVKAY3vmMMHhjllaAPJ5/SSeBz/4Ttkv1OetXq8iQ2mQOoU2fP0vGN9csmG6PG8OTroPcBbWQz/e+LLxWrZGspH7pfGzDu2Mcndi57pl21bwx3pT8mPyZMZBXkN0oiQ5mwtJLjbjgTSSyguBBUSauiLaOpFgzicrJCqnjGCCkmqBQYI0SPEjAxU0WFDHAFECzxyv+tWa3om4cvYcNMRXlO654FElSZBIXxXe+O6YRDdzh2JWTLGrWGsh5P7GQREnsdkvcqJjkRv3hkWrSlQClKUApSlAKUpQClKUApSlAR72b2v1w0zi49M+0UxMqFI0IHSyXdyvNRyLYqSycDHGKITeSCYJxddDgNFyps0WQG2lqqyOTJHTYRHIsTNChRY1D5hONje59mIt1c2qZ8hSYAnGFYCPFptSNFT4WEsmUsoHVBstSYGYwV11kySde6mdMNkgrBFEzHNRM5BEg8x8aZdr2kj729J81R1lloiWeMCaJ6Yru1YMXrwGKk016YXM6M0om4llIMXEInsU02sw4qFi5ovmGIaZAZY1YynKJsmL9/pUscJ0Sa8axcnUWJhFs7QaO7Uw8sNqQkwDBPW1iOV9UUAlCPl5QJ2ANK7cHeBdqmwE5SFOECacZdqWATxKu5asYfbfCe1sR4PVlSWyJvN/UaGhLbPdjVPRaOgZW21nFkwgxzqhmko6g6jR0wquRXDL5nBklotRCJK7ueCqATDzOGE1roSueLk8MzQ4AZfG4lul9OuV3j137cS8zdTtnGfJz5bRDNWWI+PoT7jSRAEcHMEIytFY/llqMV5KaKSFMlAlBYS0M6mJ4p0iGdNF8zxTEajFHR21yC9KWeQErEgHnEvGppDGz6hZkLwASk2SEuzMlxZICY9zLfNZmkkVfASZnNKYSrmBkcLLLDj06XyuM2Eo2W/T6SO0UXVuYeLXlajJOLNecIa3kjGDH85UEAJNV5FhiR0R1Liw0XieL5FjC0jAIrHdLOKAmR7ilkaSXETCFDLmbZFyVhmeaRNXhy9U5S6TZYaI9s92NU9Fo6BlbbWcWTCDHOqGaSjqDqNHTCq5FcMvmcGSWi1EIkru54KoBMPM4YTWuhK54uTwzNDgBl8biW6X065XePXftxLzN1O2cZ8nPltEM1ZYj4+hPuNJEARwcwQjK0Vj+WWoxXkpopIUyUCUFhLQzqYninSIZ00XzPFMRqRMmijbz9KvkhtzMQKvGM+LnTRiuOI2MtghqbWTpolUrGLzKvYdAOXHSxl0unzCdUgFYUtY8XWGFHh0HsDthKNFXSR2ii6tzDxa8rUZJxZrzhDW8kYwY/nKggBJqvIsMSOiOpcWGi8TxfIsYWkYBFY7pZxQEyPcUsjSS4iYQoZczbIuSsMzzSIu6cvVOUuk4w0Dbhb+6caBtBEe+30+suFERznDRBqlVvFaXXW7DRDAERRDabCZyS4306MUzE0T8KDIDcUQEzI8QwPiF8z5PEfiWm3JtojyBZucpqJsezpcXWWBicdbNxTXcxZDb6dkbwT/C6nG8ltxmv0siYqAoKeIt5tzwSGfHLkhDmJowAEJRPqa0UbeHpM3I7OMvECr2QuNmK4UgzW5tuEviqJMeOl9pPf6y9UcoauMULuIBfRpfMJp7AHAQpd7ZGg7WUklNPFfjzWs9E1C5ZOFrkRiZPKMx+yttInacbGqKGAGn3lGNJPNtdspmbrAKXKl15TbTTX5BBKnljE4aGuXZgdzIGDOQ+9ZtVpwmqJj/AOZd2ZJqiRWKOqIkI76qQM6cV/JVx2/nB2N/VyIa29RL/JVGX5vmZ+ribWIXpxX8lXHb+cHY39XIhrb1Ev8AJVGX5vmZ+ribVKdQbSbq6naTM8k+9r9gIzgpuKoxksgiPtxliCw6DRLAIQ6TaDXL99uh3nSIQ4I50m2UZWNEwBMBzIQQOVs6gjE3SBOHmanqgx8y93WMnOV0DAl218p7FmSD28vjmhMQSgCM9JrjiP2YpDHBxAi5IMmvjZnDI5cuWxFHMABiU0cHsMM3lx203g5kNwUIhNJ1rbMufXHTGOpDJBOFjwVHsdJyM6iKkgNBWxNIOa6Sbr4ZhFJWLJwVyLuBf7ywCydTlEUyGpLbDUbX7duDHnrtsjHaJIUaPVKMp45I+UK2V22oZlxAU52MlZzLjHGo8W+NnidQHElXBOp5sLD8IpbMcsM/P3PaaD8rfPaHLdgdg4g1ahV/7Dzu78WPDsXoWLlfLxxQnM6sUREzOk0/A9ihMtGcTmVccjZ8oFYBFRVEzew1he49xwEEw6t0w3t1R5CopVJt09lspMcZoj0VY7WHCXab8ZJhMeaKlIS4pIR5uyQ1mc6Cw4KO5kJRCMCouJE4UUy4pI0Yx7p2lVnLlrsxtTej17d66xmrPxZj+Kdcy7XaBmSnqsyC7S6EWfrYFIJZt0LwoyiaT0kEayahp/ZCT0FEKp6EjFCKOmkCJesbgTMfMa3xQ9VTOeCbEHJ9xlaYb+wcF2ccEv5b2xCbaR57QUjuVsC4i88jwkgSKtAhY5CFW62m1ca2OIoI5xlfnzGHTynLrZI+XWCbmrXbDbnXbR"
20:09:00.249 [Test worker] DEBUG org.apache.http.wire - http-outgoing-0 >> "2EnHsXtNJBSKocaag3UpbdplAdrsGCU3WuEW6gkCDYYiA6HetmzqooF8MwERAURCRLA4rn8SqQnKB4r1EyeS7SWRtL3ByFM2avDGn7WTHYsL0vfJxLSf3gmsZeMth0mfEFVYZGUDXgtcKGCPcSbKMDne598pwRsnngYypG5yjgm52//HFxdJdrKrHaOb+5HtqUvK3dky8dwU3nSQiRBcQQN+3GRHy6k58M9UIC54f9ocTYPWwwysWOlq9NJv6GBsD+bPbL9vLioC9XDpL3CnmRCVPnhLYaUMFgOGrmNU9zyyRcuJbs4GMlUxrwEn4Fssf4VjAhnEHtfw9v2Pw1Zzqvuxqbu6zTr+1Pn6N50bSSYLlF4VjrwRpYa5w4GKKSJO5rHcCTqaJ08CCMORKOZFSjJwuEIOVCFBwyztF3hXuDjxE8dWRi4WJfHTyFLj5DXxsDYGzHTbi3Fvn/AALBWw7a4l8/4NsOz234OzVDWvt4WH6WM8RePa7StEAWkK7bevOF/BnyTjS3dRV8b2O3a2Nmfk4rr2UFXXfB17ncn2C8M1HK7hs7LWb2heEJbON424h5R4waBsppSlAKUpQClKUApSlAKUpQCvgIIGEHmKLngEEFhkIIIJljgGGHhjfLPPPPK9scMMMbXyyyyvbHHG173va1q+ddPbBQo2tkIQlSA3otPBvs6YWO4I8dqowV2zZd4bYdJAVJcBVEX+9D2SWOppJk4mDmgyoguJM4YxBuGLlgLgBWI5+kMcNDPkQ9GC1vXHebiTF6zZPrKGzZfdUZFFq+Ygfeo00NaOlmHsQrZBC3yP8Aj14PwwDEEzNYh4ZZ2tuTn+xFdilJQSno01KNFBrBPkjIRFxJBpkHGUOlWXAXeWdYBzNCGbAqLeyvgvBn8kvJLvY/Y1cr/G1UXtCxuO7ib4fpQhZ+t5qImpzIhJ4xunMF3Yoio45tejtQVfAggXBzJEbPWWpHcouakZVwCAAxM9Y26jIiIhN8yfSoo8IGk6/LPR8IS1K3RTn8SaE4s2RjR1oAuRfZb0IQdIUrOB7slAutpZgouJKU62waJrWKbgYxsIzXUG3jgARIUwmgiI8XaelknV3WzEskvpDXDKsyKBF5Le6N8V80v5tguvn2jLiTFI6zhnhhkAFOStHhKFcyv8YGJiqYv+6VmBniZxO5F8rC3uKPraQmIhxyHVAqCgp6UYWzar3SwpIJIKFMz5hQ7sD3TEQqGTDzM90C7e2YVu2w7a17dnKhzIzHoHA+gbm4LNc2FjLG0rti2OIX1t1CYLIV3K5W0sKOSApMuWng7TiQC1ERSRgccZFVXituTF1OFfGMLSh3TE+vrRGxSWCMh6F9H0fDYlVwBKMv65cXKnHbgWgVK6gVvKzf13yYqcUJLN8rCKZIk9hCCQnqvZsYUipcA72lhzHaWJNE31RLaO+e6k0eSrNEs+8cv14F0n3g3HDxFA3XODBZ9ntRAtXNyhA8u1yvjl2ueGvV8b9jK18b9i9+xla9r/hterjSWwsKm4DRdojciIDagBdjBAmYrJ78ENR03yEZuZukXWjupyYvws3FJoFhkFSJHTZF1kUVWShBu8VYgRUQhigeWzi85sNEdI+NnQ2J5LaG2zYi1uQ7HLUem1t9UpV+acgy47w/GB/NfKW80oCy8ab0gOBfb6motNAcCUbUU46YSVBTT+5Hhuyulbvss6OL/XFXbzqEV9ZZb3T1mEnB3sVUzUkRxa7rjWkF4J6uGrIog5ZQaSmvkGOvpKoUFHLmVgu1RyAgmZgvlk+Zcfae03EEZ3ZWlq7S9p7LHI36QVw6SxI6NFTM3jYGTtcS14uoBh1MuX48ZC2t3NBkQ05JlGQo6a0YqI45wUEsVuUd4oZsYcvgWzFuYB7eanIR/MH3g/RB2V/Yw9ahRy8wbqU4OFvbZkr7dipBgeONR3q7YOFTSLeKsxiullMI4qwEqxuKSDsRJGBHeC1UlrhtsUIdyArNm4SENAuAQuajPpLOTw2N6MaRlR/Khtcdxzje2YZCytqAwxpSWhYhZMuxAVV1U4YyzMHlZTIsUqeVFAwIIYUFAcydHEEFHzzyDN16Qru6Ev8AzB9r/wBL4f8AYxF9bPqxg9CX/mD7X/pfD/sYi+tn1AKUpQClKUApSlAKUpQClKUApSlAKUpQClKUApSlAKUpQClKUApSlAKUpQClKUApSlAKUpQClKUApSlAKUpQClKUApSlAKUpQClKUApSlAKUpQClKUApSlAKUpQClKUArKH0yP8AFHt39L6Gv1Kl6tXlZQ+mR/ij27+l9DX6lS9QE/8Ao334kvQf83z/AP23SfV3tUhdG+/El6D/AJvn/wDtuk+rvaAUpSgFYA+fT+lNcK//AA5P+opMlb/KwB8+n9Ka4V/+HJ/1FJkoDf5SlKAUpSgFcdeDjBZzSdDuMJa4uANVurbjHRGynXV3IsAoaYaUxUtvpOIoOSmuKGBXIokp2IwVzp8YuWsKHcXt7cipQFTsLT7xlc2GoSlMyixovmiDCIr8aj0b2xLLZNnXEZhFHMF1+7qKqZ1aMxceOJCenvRGXyC8mHw0AyguUqop5wDG5Gs7oqTqcijqtuTHzedbjfep8Nb5TNHemjrcaidV+6wuTLoqiTSG4pnr9uZawAZ9LcRWxfCxQJddTixCyxEuMWK2HTTwDcQWwMmOOX5O0oZBp+PBUEW3cfZj5mKKER1rJg7dSOKrlZcUSMyWSvKKkpZCKKscVW6bMKygMOdUhDRowMKJZzD0MxPr5GzVh6D47aEUxcyCGSa1GIxUMi3m2iFRDAxwz3omp4IINzR8+ZNKSofGsKfVVQ2cU1IyaPmzJkVmYg7ZH8ZSxnA6W/8Aiz4j/Tv10/8AJJQrSjIUnxvEqITc0pP1nx03FBwt5pEl57uJJa6OadDtVS6G2G+ApLJsmTEV19YNlkxJIYjXMnjo4ZcuGIJlbGultuNLtad7IzSId2qjb5U45Qn43JNSm744v5kd6vdpAKhZvrfheOXU0F0fweCtKeHg0ypjJBvvntjpAzmCXyC7BnrXuENoowcEMbERYypji10YgeGmS/EMouopgwTE7snqRYMzhcZMWkox2DaOupYxJZRzmOBxMPFDQeA2IGdvpZsuNclxi46upZ4uvTttzOkHx/DUXI5gA89ngbQZERHofPo7eBzyUjiWAZQEluCKIQHemDgdLcSsh7G1YqCL3LzHbo7CcXXHrp+xoBV2Yy5il2UNftMsJ1faQWcLCg0I6wFINfk00mqWIyGpn07FnZ5JJZxFDyHgn3WFg8nqFkkMgamPrVwf8VuossJM5QNqAzm3LDd7GTWejqecry2os0bDDMIA2yC8wP5+JrKPlARRQCKi1SSQeIADDAEjAAQwuGc7dhtboI2yipwwhshFjQmKKnTcqIssx6JtlBOENkBe7pyqQHDzAUUVcTB/49KXkU6nrKYNe4pA+XEyvlctPDw+wrac4upmc5lePeIYE4jtuJV2E282s2YnErE4BZrSDsXtrJaIxVqSVhcRbF01h66Mx6MjXwDFWM5G82yzPk9dCiXKhABYH1c6UEUxofck97X4cei8Xte17fLbxR27Nr9n8NtWylr2/B/77Xte17f+69r2v+G1aC0HgJ4jUBAcDYx0+R3IjOFmLrA7jIctz/KRtrNVyJ+aUsEYzVZKld1q0RHDCaJmSAXYsPM5fTi+Vw01TKWvUk3xxkaRSTCesOuz4hgy4Yd01dUevXWxpG5TmYIWNnJFKUZQo9OYOYpIZZ3O0s2Ec2Mmkkh9LznRhidgADqeawKFbAsysIjOkS0EjvyscOfz8TXyEfmDUv8A8jib3YqLKHyENPjI6OnpLtIvIwTvdaboppyxoajvMYcHKSJmecGswkyWpfMr2Dfg0LIuouhzXI38IhtBtuAZLwHUgyhca8if4DibaOGpC1+nVqePMRSqgCtd+tHw65Wz4eQhjBc2IR8PM5Zb7nS+2MFS4nfKMtJxy3c+0xMWwzzxyiZPvFBoJtBrXBWoE5QQO99ctaSbQIwrG2MtTg1yzOLsJkDRw0e6uNmyU3ni6R0RlGTSGXNvJwuE2KGaNHTY5hSMjHBAIN8X/EstMF8h8kPI2v57H8oMxJJRwLDjdYQBxl6pI6yUzMEYbgxr3sIjNk20U0+I3VdzpgXblc/CqIzRU9EPryi77At6eR3XHjpKQSt7NDPZvMyfZeR4VQ5ERW4VU2ExXUt9xGKKEpOI4sJQDPbWCZZVWx1TuaiLijtxxHAiQ3g3IMSvbquPBR5jP2mdw/3gqtlcWm2rzx1ibumb1hZmvrWRpx6yYtb0SPouceqGmsuOEVMb7FI4KLpOqziHVmsmoyXZIdZpZHdpY+SBWLLl1i2R/JmZ6GQ/UUzTdKSiDUyJ9N2RuVEiLHsP7+ouwUSrurMxQyRQmhNckulYc5Y65ihdXZ5cquSOmgtc0qPLAwo2WgiCyTTBypoDJeMlljWFHpx0qLAY6g+SISY9j7PbJx4JoGNsAE90mkUkO4CIOGOYmOARRWzNlw8bCZ2xwDta2eVrdterzX/gd4lNYJTbs1Q5pky0mSmccLqTNcLye8vS4CzVQkZudTlVnoEvyG+201VZJPX7+RlRAR04+jHcAzaWYKGQgxcLc6a07+vazoNad/XtZ0FKUoBSlKAUpSgFKUoBSlKAUpSgFKUoBSlKAUpSgFKUoBSlKAUpSgFKUoBSlKAUpSgFKUoBSlKAUpSgFKUoBSlKAUpSgFKUoBSlKAUpSgFKUoBSlKAUpSgFKUoBSlKAUpSgFKUoDJVzY+GNC+Xbi95mnChLavrOxUBe062hcSIln1YOKms+RJMINR8OEomlzR3JI/8Ai4O9YLCFQBMzauwiDZwvmruZvkFHUW0JmiKQI0ITOx5Qj92xEqIeTlISe3negKzBMt/AC5kVZwdpI+MhWTS4FshDJvM9iCVxwz74yCvhnbHkzwZrQkNrLzHf7Vbj4ZTqSzaI6Gg70NMcrXcaKfDuCeSF5AWSp1KV0w4DlkEaIKBQwVMB3vgKFnje9qppV+jicK604DjjM6NNUmOfUglY4goMsbBtdhGDwGdhAc84zbUtpMddwCyxtYMli1rEsQ7dysXsFe+F2S+X+OovPHz+a0jV/BLwTOWPpKKbuPAA/jfpzxc68OOEys4JWIhuO5VnZ+o0mIaklMddsHYo4QypaZXAOCfTBTSUMlRmQcxU2IkvJqnFn6DAhSGp46XBv20JxiSMplaadxssJyJ7XlZhNWRG6QcRM9pimFF4kiO9KWE0qtFU1YVk8uqAFgzwBFUUSgQ+Jc8ZDF1cQ1CMPa7R4gxLBEYsaIIzbAQgSExo7bKS020nXHz7qbMhpaOVKlxVBQHvkaU1MxgMoqh0QU6oGjJsYUbPqFtaP6us/cCQt925GHg7bKVIvJQw/ZX8dZDN+Ho1Th2OZJtvxFPO01GqX3EaN2Xn4YRmcnL4ngbtRVTPBRVcTwHLop1M1XgdxHXfB2tGv0NOxRRTDbUHRFMNRzHbiPt04eTlM2gnVtoNtHUjSKaUkdJUDCWOZEIjnktONigZGCJYQLMjyORxHkudKg4gY9lZhMuTmC4NQdg/DzHkJrIb0Z634JjbcVbS/C7achFSRVLwatJqcrp/fpIbvNUIElAv3M2VAGD131FB76P6uyNtpDW87yjDwztNr6z3KwohlHx1kNP8UWm70h6oLiSvElKdpGOl7wilSG8SvfznaK0pFPDHdyJwsZT0sYkB+rHulOmsRvBIkKKdSdZIxfzf8IeAXxHsDRWy3gieFks6iKnghyttqJq0m+EkVSUUhQ7yOg9+JZ86nmO6FDQ4IkmqUoBSlKAUpSgFKUoBSlKAUpSgFedDw7/0uHkG/PFyS/tqVq9F6vOh4d/6XDyDfni5Jf21K1RZef57Qiy8/wA9oadekl6SyRvPxXSsyYaRFF1y3DbwZuxTCZyOCKYWncajnBaTXUgoRYvjmbPOIaPHW8jjbSSII6guuAkmIRAHI2pA3tKji+5J9feUXVFkSAy3q2zEpjMVMRdiYWssFSEgxfImKYGkPhKWWwGYLOAi2zq7ipCs51BkyqcvIoxQ0SHLqAR5PT7Qaqs2O4ReK3a+RFCXJr03j5Tk9ZNjqC8/WC4JGhF1ONUNXyuaWHMswe9I6OuRaN9textaXRVBUNY2xwMGxMccbWvyvq2blSHlXX02IZaedHjo47+PhV49Q9Mkg/HGxT/31hBAcrN+c9NklvhYicaywbPGbRxI8tvMwAg5O0FolRnGSbwF8TxtOSfCWOKt3obto3a/pR/C/wDoubg/sg2Dq23VPiU44NJXH4660ajxYwH/AI9373kpUAXpJlAjY3hmEdxTJMlRbez8SsD4YmWChgmuErgoYXticxHtjja3ej20y1rkbaSF90nlG/hnZfXprPBlw/JXjg/U/wAUGy/kdwoLtTfE5KdJFgL/AIWSXUvFO/HQ1VtQId/93TDRMyVJDF2Zn4zM/MYW7+xq/wAP0487WljMAUSo3JJHjC2c0UbySEMAYNyztY6AtethSDPAL2uUCcxRdcrlc7bIFO4jF0eICXcAexkAABJLlT1SSNHdIejp6opAZSwkL8kGnjbcpoj2veixIRwuvOCTnGX7S2ONg3NIqw6HBjb+FfGyn2t8xL2vnlp52H479NNrpu172N2BhBJkWZ9V18s54KeptzvxDFZiyScaI7iBg4htZ1IbaepZNcreSllMTH8jOhLTToZvMiTL4qirid5jsxpjrXuHeG77GxveRL6/y82Z5iP/ANsX80bNKV2d3a7bdd7MR0tiy/dN74G7CG57LTcN9vex5HM2tbsPlUhpBG+1veFebas/hESftW3X1mH5w9fIo2p54+FbX+cW8edcVSTH+waY8G+mul2Mo8pE0xIcbhJBl3QxltuOtIyCVkhPM5DI62QGGwByKjCCFBzAAtszL6OfwxshypruL6Stt4LqUJgIVzlyVZ7mtGzuHnYTAM405clR6tE+X7Nsccyh1BHKjY42xGBE7OXZsHk/SLWCZdkoG27kmMfGTYfWQm5U+EJC8dJCR/Eko7yZ1PcQPimguxLY7k8IFFE4D3R3NpfFKd27oRzLChhZ4SsoQ/LQ0NFbKMktxto6W328gJpFGQkFDTyiSjIqOmFgiSalJKWQBLkU5NTyYIJQiRJgAlShYIIAAIMIPHC36lKUApSlAKUpQClKUApSlAKUpQGUrZxwJGkfSg9WdjpWUCjPg/e/SVx6tpclOAyEltVLmdounw2XaimrGe5EiQqtkgxGkpmZkxjcdVfJUPOwRUsMYw/S6VO+iMpava38bsbKBFxbN7x7XQ012THSeLgecBNkIKueNq8hKqaWuKaTmumOvNqJgyocDLExADKydCMZFG6tiE9Dmzupmt258XHYY2khxlTXGp08XVbNt5p2Zi6WslAjBcqvNtZJDEnA1HEWKmzhMu4GyqpK0CSPHiYR7EqdNAjRY1G4d+NbRR+jypq/qoz2BJwieZSi0hrjnkeV3ujJpwrYgcIth0zC9H8ttMscTrXTDgTYOpOJpMzFTTFhCIwpfNDFyFmHMljRvqn3TK1TTa0K6UnIXyoqBZmxlyRaKxq1IOeK8ZATm+tS3CRCKo8KR+ItmcCaVg5B2/DijgEl5D2OmVR1sROKA5GXUklRv0ekmuNF2Zkfi04uI6USjjnSc98osmd0tVFHDUlljQrGiE8EJzPZ2p5WxkyhoFk58rToKnDpbG59Jjx1mSIZkJIO420I7aaSao72R2XivbaDWTN7JT1DNXRiLpLniqs2lYUvkUHVWk7UA8ju5oKZkplkTNKDYXUk2aKXuVMDCgfxddLaecT/AB56DuZcfGqOsbQjR+uMgKkq0hqK+/ZNkURHHyL5GkUm/wCW3Y+3ilIp3MmTzUEhJWySafzJEszpUfIoWuE/NPevofkF512l2UtEHCi6U9KslldmBRJs5g8nmlDES4beS2YCTW4tzNEgcXsjFgeGjli6aG4TCLEapgAlCGsj5lSdbDTiwYhp1JJYb4dJNcaLszI/FpxcR0olHHOk575RZM7paqKOGpLLGhWNEJ4ITmeztTytjJlDQLJz5WnQVOHS2Nz6THjrMkQzISQdxtoR200k1R3sjsvFe20Gsmb2SnqGaujEXSXPFVZtKwpfIoOqtJ2oB5HdzQUzJT"
20:09:00.249 [Test worker] DEBUG org.apache.http.wire - http-outgoing-0 >> "LImaUGwupJs0UvcqYGFA/i66W084n+PPQdzLj41R1jaEaP1xkBUlWkNRX37JsiiI4+RfI0ik3/AC27H28UpFO5kyeagkJK2STT+ZIlmdKj5FC1wn5p719D8gvOu0uyljT5wJGlvSXeS+DpWUCjNTeReKIOn/W9ccJkJMISQtsRLzS3GzkAwZ7iAdcmLhXpYDIpYAgpg0UYpzO3/ajRUsM5uXGjbXcpvCdx8xefKO+RI/2wTdxp8R0QYI+ZjCJonNNlxlDbszL4mAkEw7GyiyDmkgKvcBbilEHLMuJg5EOx6/LcPj/0239aSGy9voBZc1o7WOGj7UOrWS2gu5pGT+JfFRyaT/Zis2321wlSxMldWLoDkTiyrkQT81AIzkQJ5AcS024xdDuP4Zzn9Rdb2dEjgeZexJ1PTwm735Ia6m2N4n7pChI8muR5vwZEzPhgnxUTxiskjHixU4MTzMlSwoQJCsUWNG+nuZNenFfyVcdv5wdjf1ciGtvUS/yVRl+b5mfq4m1iF6cV/JVx2/nB2N/VyIa29RL/ACVRl+b5mfq4m0Bki4RJaaHEduPvZw67bLiZDGT32TcGzelUgP46WbbJnJgyMnpDSLJSA7FfMmh3cZlsslh5pSCAoGbnXeXkRoA54uZt5kFK5Xkp4zeMnYyzr2z3ZbQJNyMmKM2sDJi9s3MsHM5Gb7axcq8gF1As0pcYTDsIAqrimP4RUSGZ89gOGWNmzJYsVBBnLtTpLqZu8zSbB2xgCNp0baUMZMoQb3QQjK01zR3AII6caDrI5kXWzzp4EEIE6cbC2kmTgAWABkUULG2Fq+WV0djhjYbhSnKmaOM9wnUQTARKTJOkyd5laBO2GWOVgcGFLspvdj5lL3wwxzIit4QmIHjiGIBkHa2NPxLwmte5hJeERIW9cqus1M1el55bU+hs7nKK6cVVAycPzhmXPK5g2bHNFApUYBXHME0czEEHLBGADBfHLDPILAYEYG17ZhiY4zK3Wb6lA3Fd0fXlhZqeaFcvG4wtDlqThUwHPv8AUtX53hKJI1mVEyEK/wDajGSkaEaaATCzwGBJE3Q4DOOGOIxkMzq1mDVqAJ315dOqElxmiqWvDyahRjLsWNs0sR2gXaJAySNEUBHHjlSaiu2U8mMnEu9QmypJGRcIDEuFlgXyzCy/NX9RNdXTqlbSBxRsUV9XcYZRNfsYtOuB2ig4RK22yns9AbODu8P2fuBtIQUpNAIOvF02eJY8RLLYbgsuBYqNgzOzPbxUWK7obK80nLoKKGtMyUHE59LdTV/C98iRrXrXZnlyy+6m1nlje4jZlRcIsNy2zCywwxcKG4MRccjFxbA15aTf0MDYH82e2X7eXFWyLXjUjXjVDXlvap6+xuUjmA2qlulHQ2ESX3at96knqsrbgdPd3Q6F9ceakcWFhxLJ4wpqbiOKYYhzuZY2CCXKhgdQsnjR0ljnS9wcerNhXwPp+6Ux2I69EPyjy0od/pr5XjLndJbx+VX4elAr4UXDZg93Ym9S45LuneycKUJ4YF8QzMnEoZ4tuAHif2E449KJombWlwPt+yprdFL5fRs9shtKlISy519sJ6kqn7M5uTUjNFPLmDYoueKQmohRGL4CXBLp4QVsMMdGurml2qWk7MOMDVGA41gprqg5U2ulmG3SyeqOc6RCFAJH3e5R7mnM71AkAMMXJn3MsKxwqXFEAAHDCzywv2bCcMRrrrEccQTDjb8T4qiVnobCj5reGF9weL7TbhIJORUrw46VRbcar3mTBCB7+W1hSUjHa90NnBxcss79oUApSlAKUpQClKUApSlAKUpQCuqZ1miP9cYYlSfJWV7oUbQ2wHVJL3VcA7DmCrbZ6McW1OxEpcQPI+qGC5PMqlJoWdjCkpDlSBa2RgyHjftaukNkdcYa24hJ/a6bBtEZ+Q3J6enpT6aADoeDMzXU5LXEtxkyeTkYLgaztTgbK6MnDmcUleIXPFwhU49cymmzhQwBm1499NnlzMPxl8wvJ8QzcsbKKsrLfHjocoDXPwtDMTFFjMs3ZVklBHwwIyPIr4ESw1zERZJCI6wQCS3EqFjyKZZLNjvQvuXtpGeiutkk7TTAjP1ZjCJiSKoO8tGbYwdzqJpay4khsBKRVByUUnAZNTTyyTMrRvI6CAkJAZxVN5hkSRkUOqPquPBR5jP2mdw/3gqtL1l0X1R0917Map6+w8kNHXo6O7x1KLnAuu+UUFXxf1xbPIktGJYcL4V1pJcIYwxdRRVVSOJAhQYYngSwKC5g5My4ti8zX8KsuU9qcYu9HEhOW5kkIsJORmODVdzSvCexpxLaRCT2u+Q2GdVIoItd+FscnQQfhd7BIrQMxwCrjDqq9ibjtaRT3djqTnwDRvdS8MdHL10275EGDJk9NxvwcT+VlDKslFlV6u6KhZbV2HFbucbafS0jkHalm44yjxyuJfXFIfIZIMDvBVGMAYHj+MkynR1OFsk+QpBC0Pj4RXBXLuINvnH1NCjGFlXK+F8hLwuoSWZiDMnngHgBmlZsbJKzK42KZErlrdyq4oy0GmdaZhhHGu3TbGNt4VommWZRE0dpmWmOm5IwzYMNwUtmjjN4ZIyyShUUQnkmiJuWRHMtcre4VwyXzrbTeJUrvxNmlzz4Q9j5WCWI1tqPIejj3wi4AgG3ExrGAXJGB9Ph5mMxHJZWSEl4kXhm2W+0G2lYAnmy9U8inlQiB9H/AOy1waePSAoB6L1rUo8qEbPCSddFSGCqRJzUBZK89VIGMZFmhzHYDUjBFJNJy03iKc11aLMms7SKkkm2qpZtZSSVRNOAEDgNiKX0evhrR3+VkcnotHgiwScAjpJttSeUvrUTlFsXPAQQyXg1YkU/CwJfO4YYd0wNgYpfcA8C1iVi+GIVrb3SxGS+GWuRw82g2XXHrmb5xpuJjOJCTFlorrXUCWaaebis3VAqYSFBDOJ4mZEylmigpIYplcvmBcK/a02XX4hLV4LrsNlkqLfVFdJK8HpCbOY6d9uPHit0x4qZY2lQNhNjJ8hgaB3LhoZC0w7cPCVNaEeX5bZik2oPX4WhsQwnojgVmkqOQs7k4BUCc4raTEFUc5gsUON7JWTrQ9YddXVql0bW0GPpLMoL2bPGnPzheLfOgiF1BuOqTotkyVHC21MuLa2YCq3ld6nEZVBv2cQlEiZwwvlhjje/f0S8BnEJCEsoM2xzpKwk+QGouZOZqDOJ4y1IDRajgubCUAVlrxlIUgumM24okVAAsoJRtFaBEVIPlSh1LyJmihcUKYXIR/MH3g/RB2V/Yw9aVVnZpNony/8Ao23bZNk1ScbbzVTL/wBCX/mD7X/pfD/sYi+tn1YwehL/AMwfa/8AS+H/AGMRfWz6gFKUoBSlKAUpSgFKUoBSlKAUpSgFKUoBSlKAUpSgFKUoBSlKAUpSgFKUoBSlKAUpSgFKUoBSlKAUpSgFKUoBSlKAUpSgFKUoBSlKAUpSgFKUoBSlKAUpSgFKUoBSlKAVlD6ZH+KPbv6X0NfqVL1avKyh9Mj/ABR7d/S+hr9SpeoCf/RvvxJeg/5vn/8Atuk+rvapC6N9+JL0H/N8/wD9t0n1d7QClKUArAL0pmPdlID5YOO/lDaEGKUnQjASBrElJxtOXke2DnmmDdkpw2GNRkfREgysyEhEVJo3RBR3xmyDLVL2V+9CikeWyoyRjv6pQGAPrmG1Xoof72ZG+B9OuYbVeih/vZkb4H1v8pQGAPrmG1Xoof72ZG+B9OuYbVeih/vZkb4H1v8AKUBgD65htV6KH+9mRvgfTrmG1Xoof72ZG+B9b/KUBgD65htV6KH+9mRvgfTrmG1Xoof72ZG+B9b/AClAYA+uYbVeih/vZkb4H065htV6KH+9mRvgfW/ylAYA+uYbVeih/vZkb4H065htV6KH+9mRvgfW/wApQGAPrmG1Xoof72ZG+B9OuYbVeih/vZkb4H1v8pQGAPrmG1Xoof72ZG+B9OuYbVeih/vZkb4H1v8AKUBgD65htV6KH+9mRvgfTrmG1Xoof72ZG+B9b/KUBgD65htV6KH+9mRvgfXwE6ZltTgGJnfikwDtjhnlcQSWZG7mHbHG9+3E/wDiJYfwMOx22f8ADw/g2v8Awsf9tt/9KAwB9cw2q9FD/ezI3wPp1zDar0UP97MjfA+t/lKAwB9cw2q9FD/ezI3wPp1zDar0UP8AezI3wPrf5SgMAfXMNqvRQ/3syN8D6dcw2q9FD/ezI3wPrf5SgMAfXMNqvRQ/3syN8D6dcw2q9FD/AHsyN8D63+UoDAH1zDar0UP97MjfA+nXMNqvRQ/3syN8D63+UoDAH1zDar0UP97MjfA+nXMNqvRQ/wB7MjfA+t/lKAwB9cw2q9FD/ezI3wPp1zDar0UP97MjfA+t/lKAwB9cw2q9FD/ezI3wPp1zDar0UP8AezI3wPrf5SgMAfXMNqvRQ/3syN8D6dcw2q9FD/ezI3wPrf5SgMAfXMNqvRQ/3syN8D6dcw2q9FD/AHsyN8D63+UoDAAH0zLanLG97cUmAnYzEx7YOWZG7W18BM8L4X/+Iln/AAw749zE/Db+Mwz/AIOH/wAZj8+uYbVeih/vZkb4H1v8pQGAPrmG1Xoof72ZG+B9OuYbVeih/vZkb4H1v8pQGAPrmG1Xoof72ZG+B9OuYbVeih/vZkb4H1v8pQGAPrmG1Xoof72ZG+B9OuYbVeih/vZkb4H1v8pQGAPrmG1Xoof72ZG+B9OuYbVeih/vZkb4H1v8pQGAPrmG1Xoof72ZG+B9fbJdMn2mODZhCcVYRPHAooGrDDSxIuWGeZEgZOhFbWyhUG1hTwpfAkDl2+V8RjAeWIQ+VrACb8aUBgD65htV6KH+9mRvgfTrmG1Xoof72ZG+B9b/AClAYA+uYbVeih/vZkb4H065htV6KH+9mRvgfW/ylAYA+uYbVeih/vZkb4H065htV6KH+9mRvgfW/wApQGAPrmG1Xoof72ZG+B9OuYbVeih/vZkb4H1v8pQGAPrmG1Xoof72ZG+B9OuYbVeih/vZkb4H1v8AKUBgD65htV6KH+9mRvgfTrmG1Xoof72ZG+B9b/KUBgD65htV6KH+9mRvgfTrmG1Xoof72ZG+B9b/AClAYALdMy2puJnh5KTC98cA8u52lmRu6YWyyEtbPP8A+Ilf+AJ2l8Q/4GP8IMT+Fn/sw+fXMNqvRQ/3syN8D63+UoDAH1zDar0UP97MjfA+nXMNqvRQ/wB7MjfA+t/lKAwB9cw2q9FD/ezI3wPp1zDar0UP97MjfA+t/lKAwB9cw2q9FD/ezI3wPp1zDar0UP8AezI3wPrf5SgMAfXMNqvRQ/3syN8D6dcw2q9FD/ezI3wPrf5SgMAfXMNqvRQ/3syN8D6dcw2q9FD/AHsyN8D63+UoDAH1zDar0UP97MjfA+nXMNqvRQ/3syN8D63+UoDAH1zDar0UP97MjfA+vgH0zLanLG97cUmAnYzEx7YOWZG7W18BM8L4X/8AiJZ/ww749zE/Db+Mwz/g4f8AxmO/+lAYA+uYbVeih/vZkb4H065htV6KH+9mRvgfW/ylAYA+uYbVeih/vZkb4H065htV6KH+9mRvgfW/ylAYA+uYbVeih/vZkb4H065htV6KH+9mRvgfW/ylAYA+uYbVeih/vZkb4H065htV6KH+9mRvgfW/ylAYA+uYbVeih/vZkb4H065htV6KH+9mRvgfW/ylAYA+uYbVeih/vZkb4H065htV6KH+9mRvgfW/ylAYA+uYbVeih/vZkb4H065htV6KH+9mRvgfW/ylAYA+uYbVeih/vZkb4H065htV6KH+9mRvgfW/ylAYA+uYbVeih/vZkb4H065htV6KH+9mRvgfW/ylAYA+uYbVeih/vZkb4H1n41I5Op+1P5U535TiGnDgeq5PDy2OcxmHDak7kVMbY8+PAR5HyQTsLsZTUzwDYyUcCBI4YbJDBbsGILbEqICOAF7AdKAwB9cw2q9FD/ezI3wPp1zDar0UP97MjfA+t/lKAwB9cw2q9FD/AHsyN8D6dcw2q9FD/ezI3wPrf5SgMAfXMNqvRQ/3syN8D6dcw2q9FD/ezI3wPrf5SgMAfXMNqvRQ/wB7MjfA+nXMNqvRQ/3syN8D63+UoDAH1zDar0UP97MjfA+nXMNqvRQ/3syN8D63+UoDAH1zDar0UP8AezI3wPp1zDar0UP97MjfA+t/lKAwB9cw2q9FD/ezI3wPp1zDar0UP97MjfA+t/lKAwAB9My2pzDDztxSYCWywwysIHLMjdzEtlja/bh//ESz/gZ9ntsP4ef8G9v4WX+2/wA+uYbVeih/vZkb4H1v8pQGAPrmG1Xoof72ZG+B9OuYbVeih/vZkb4H1v8AKUBgD65htV6KH+9mRvgfTrmG1Xoof72ZG+B9b/KUBgD65htV6KH+9mRvgfTrmG1Xoof72ZG+B9b/AClAYA+uYbVeih/vZkb4H065htV6KH+9mRvgfW/ylAYA+uYbVeih/vZkb4H065htV6KH+9mRvgfW/wApQGAPrmG1Xoof72ZG+B9OuYbVeih/vZkb4H1v8pQHkkc0fMHsLzMtmAGs49IluBcYEWpIcRQ4jLrxfF3L47pLXLGixjBWj5pBp2SaE0cRCtgRjoyiMd72CBxGxBxHucavTE9p2u1222Q+KrI5g3UBHQsDmcqyKDmawSE4un4mcgcYSEsFkPYvYXIKwglg75Xwtnla3bX9BulAYA+uYbVeih/vZkb4H065htV6KH+9mRvgfW/ylAYA+uYbVeih/vZkb4H065htV6KH+9mRvgfW/wApQGAPrmG1Xoof72ZG+B9OuYbVeih/vZkb4H1v8pQGAPrmG1Xoof72ZG+B9OuYbVeih/vZkb4H1v8AKUBgD65htV6KH+9mRvgfTrmG1Xoof72ZG+B9b/KUBgD65htV6KH+9mRvgfTrmG1Xoof72ZG+B9b/AClAYA+uYbVeih/vZkb4H18LdMy2puJnh5KTC98cA8u52lmRu6YWyyEtbPP/AOIlf+AJ2l8Q/wCBj/CDE/hZ/wCzDf8A0oDAH1zDar0UP97MjfA+nXMNqvRQ/wB7MjfA+t/lKAwB9cw2q9FD/ezI3wPp1zDar0UP97MjfA+t/lKAwB9cw2q9FD/ezI3wPp1zDar0UP8AezI3wPrf5SgMAfXMNqvRQ/3syN8D6dcw2q9FD/ezI3wPrf5SgMAfXMNqvRQ/3syN8D6dcw2q9FD/AHsyN8D63+UoDAH1zDar0UP97MjfA+nXMNqvRQ/3syN8D63+UoDAH1zDar0UP97MjfA+upp76W5tFOsFzTCJvi7GbhSY4mkaKzLhLSZIakYQS8hM9ZaIyyAnCwwTDPjJYavkeCJCGyuBrMDEDMyBiJcXH0VaUB5PvDLzhbC8P0FSnCTY0SWZ3JybLYspGHEtOJ7sQdHNWaLbZwiGEnp8bOkI4GHZtYm8jmZwuJiMZELZFrWBsJncN1zDar0UP97MjfA+t/lKAwB9cw2q9FD/AHsyN8D6dcw2q9FD/ezI3wPrf5SgMAfXMNqvRQ/3syN8D6dcw2q9FD/ezI3wPrf5SgMAfXMNqvRQ/wB7MjfA+nXMNqvRQ/3syN8D63+UoDAH1zDar0UP97MjfA+nXMNqvRQ/3syN8D63+UoDAH1zDar0UP8AezI3wPp1zDar0UP97MjfA+t/lKAwB9cw2q9FD/ezI3wPp1zDar0UP97MjfA+t/lKAwB9cw2q9FD/AHsyN8D6dcw2q9FD/ezI3wPrf5SgMAfXMNqvRQ/3syN8D6dcw2q9FD/ezI3wPrf5SgMAfXMNqvRQ/wB7MjfA+nXMNqvRQ/3syN8D63+UoDAH1zDar0UP97MjfA+nXMNqvRQ/3syN8D63+UoDAH1zDar0UP8AezI3wPp1zDar0UP97MjfA+t/lKAwB9cw2q9FD/ezI3wPp1zDar0UP97MjfA+t/lKAwB9cw2q9FD/AHsyN8D6dcw2q9FD/ezI3wPrf5SgMAfXMNqvRQ/3syN8D6dcw2q9FD/ezI3wPrf5SgMAfXMNqvRQ/wB7MjfA+nXMNqvRQ/3syN8D63+UoDAH1zDar0UP97MjfA+nXMNqvRQ/3syN8D63+UoDAH1zDar0UP8AezI3wPp1zDar0UP97MjfA+t/lKAwB9cw2q9FD/ezI3wPp1zDar0UP97MjfA+t/"
20:09:00.250 [Test worker] DEBUG org.apache.http.wire - http-outgoing-0 >> "lKAwB9cw2q9FD/AHsyN8D6dcw2q9FD/ezI3wPrf5SgMAfXMNqvRQ/3syN8D6dcw2q9FD/ezI3wPrf5SgMAfXMNqvRQ/wB7MjfA+nXMNqvRQ/3syN8D63+UoDAH1zDar0UP97MjfA+nXMNqvRQ/3syN8D63+UoDAH1zDar0UP8AezI3wPp1zDar0UP97MjfA+t/lKAwB9cw2q9FD/ezI3wPp1zDar0UP97MjfA+t/lKAwB9cw2q9FD/AHsyN8D6dcw2q9FD/ezI3wPrf5SgMAfXMNqvRQ/3syN8D6dcw2q9FD/ezI3wPrf5SgMAfXMNqvRQ/wB7MjfA+nXMNqvRQ/3syN8D63+UoDAH1zDar0UP97MjfA+nXMNqvRQ/3syN8D63+UoDAH1zDar0UP8AezI3wPp1zDar0UP97MjfA+t/lKAwB9cw2q9FD/ezI3wPqrzly59Nj+WzVhK1UXtAFOEiZaXWZJ4TySne9XgOIbayS60UFGGTFWMmsSLlTtnXmOMpCquOJTvLG2QOQYuYgXqf0oDzM+PHpNey/H/pnBenqPxunpNTYRQF5CKvpTfb/a55w4Lj0crxzMmEErEi0XTsi4rjzIYhBqhuwgZTAxfPDIW4Qc0OuYbVeih/vZkb4H1v8pQGAPrmG1Xoof72ZG+B9K3+UoBSlKAUpSgFKUoBSlKAUpSgFKUoBSlKAUpSgFKUoBSlKAUpSgFKUoBSlKAUpSgFKUoBSlKAUpSgFKUoBSlKAUpSgFKUoBSlKAUpSgFKUoBSlKAUpSgFKUoBSlKAUpSgFKUoBSlKAUpSgFKUoBSlKAUpSgFKUoBSlKAUpSgFKUoBSlKAUpSgFKUoBSlKAUpSgFKUoBSlKAUpSgFKUoBSlKAUpSgFKUoBSlKAUpSgFKUoBSlKAUpSgFKUoBSlKAUpSgFKUoBSlKAUpSgFKUoBSlKAUpSgFKUoBSlKAUpSgFKUoBSlKAUpSgFKUoBSlKAUpSgFKUoBSlKAUpSgFKUoBSlKAUpSgFKUoBSlKAUpSgFKUoBSlKAUpSgFKUoBSlKAUpSgFKUoBSlKAUpSgFKUoBSlKAUpSgFKUoBSlKAUpSgFKUoBSlKAUpSgFKUoBSlKAUpSgFKUoBSlKAUpSgFKUoBSlKAUpSgFKUoBSlKAUpSgFKUoBSlKAUpSgFKUoBSlKAUpSgFKUoBSlKAUpSgFKUoBSlKAUpSgFKUoBSlKAUpSgFKUoBSlKAUpSgFKUoBSlKAUpSgFKUoBSlKAUpSgFKUoBSlKAUpSgFKUoBSlKAUpSgFKUoBSlKAUpSgFKUoBSlKAUpSgFKUoBSlKAUpSgFKUoBSlKAUpSgFKUoBSlKAUpSgFKUoBSlKAUpSgFKUoBSlKAUpSgFKUoBSlKAUpSgFKUoBSlKAUpSgFKUoBSlKAUpSgFKUoBSlKAUpSgFKUoBSlKAUpSgFKUoBSlKAUpSgFKUoBSlKAUpSgFKUoBSlKAUpSgFKUoBSlKAUpSgFKUoBSlKAUpSgFKUoBSlKAUpSgFKUoBSlKAUpSgFKUoBSlKAUpSgFKUoBSlKAUpSgFKUoBSlKAUpSgFKUoBSlKAUpSgFKUoBSlKAUpSgFKUoBSlKAUpSgFKUoBSlKAUpSgFKUoBSlKAUpSgFKUoBSlKAUpSgFKUoD/2Q=="},"FeatureTypes":["TABLES"]}"
20:09:02.531 [Test worker] DEBUG org.apache.http.wire - http-outgoing-0 << "HTTP/1.1 200 OK[\r][\n]"
20:09:02.531 [Test worker] DEBUG org.apache.http.wire - http-outgoing-0 << "x-amzn-RequestId: 82589fb3-9fd5-4a65-a232-86117d5c7a48[\r][\n]"
20:09:02.532 [Test worker] DEBUG org.apache.http.wire - http-outgoing-0 << "Content-Type: application/x-amz-json-1.1[\r][\n]"
20:09:02.532 [Test worker] DEBUG org.apache.http.wire - http-outgoing-0 << "Content-Length: 657177[\r][\n]"
20:09:02.532 [Test worker] DEBUG org.apache.http.wire - http-outgoing-0 << "Date: Sat, 18 Mar 2023 11:09:03 GMT[\r][\n]"
20:09:02.532 [Test worker] DEBUG org.apache.http.wire - http-outgoing-0 << "Keep-Alive: timeout=65[\r][\n]"
20:09:02.532 [Test worker] DEBUG org.apache.http.wire - http-outgoing-0 << "Connection: keep-alive[\r][\n]"
20:09:02.532 [Test worker] DEBUG org.apache.http.wire - http-outgoing-0 << "[\r][\n]"
20:09:02.535 [Test worker] DEBUG org.apache.http.headers - http-outgoing-0 << HTTP/1.1 200 OK
20:09:02.535 [Test worker] DEBUG org.apache.http.headers - http-outgoing-0 << x-amzn-RequestId: 82589fb3-9fd5-4a65-a232-86117d5c7a48
20:09:02.535 [Test worker] DEBUG org.apache.http.headers - http-outgoing-0 << Content-Type: application/x-amz-json-1.1
20:09:02.535 [Test worker] DEBUG org.apache.http.headers - http-outgoing-0 << Content-Length: 657177
20:09:02.535 [Test worker] DEBUG org.apache.http.headers - http-outgoing-0 << Date: Sat, 18 Mar 2023 11:09:03 GMT
20:09:02.535 [Test worker] DEBUG org.apache.http.headers - http-outgoing-0 << Keep-Alive: timeout=65
20:09:02.535 [Test worker] DEBUG org.apache.http.headers - http-outgoing-0 << Connection: keep-alive
20:09:02.542 [Test worker] DEBUG org.apache.http.impl.execchain.MainClientExec - Connection can be kept alive for 60000 MILLISECONDS
20:09:02.554 [Test worker] DEBUG software.amazon.awssdk.request - Received successful response: 200
20:09:02.556 [Test worker] DEBUG software.amazon.awssdk.requestId - x-amzn-RequestId : 82589fb3-9fd5-4a65-a232-86117d5c7a48
20:09:02.674 [Test worker] DEBUG org.apache.http.wire - http-outgoing-0 << "{"AnalyzeDocumentModelVersion":"1.0","Blocks":[{"BlockType":"PAGE","Geometry":{"BoundingBox":{"Height":1.0,"Left":0.0,"Top":0.0,"Width":1.0},"Polygon":[{"X":0.0,"Y":1.921534789062207E-7},{"X":1.0,"Y":0.0},{"X":1.0,"Y":1.0},{"X":1.9571986342725722E-7,"Y":1.0}]},"Id":"bd3ccd5a-a0f7-4b37-b8aa-1d6863762810","Relationships":[{"Ids":["fdef92ae-da22-42a5-8cc9-744a87175bf6","af8ea015-87fa-4741-a4d6-0e8970dd7df2","395b19c7-b703-4452-a0ef-6fce97bd96d3","0bbe4ba5-3860-4703-bc4b-bceeb3fc311f","030d5c82-732e-4358-bc7f-c844652a01b5","84221f5c-31f8-4718-b301-e20944c9787f","6095d5a7-dff4-41ba-8c78-1bcb21c93124","989514b9-66fe-4520-bace-18cc7a208681","47ce09ac-ec65-4550-b544-0402832e73f0","86f4e067-8591-43a3-afac-0f4fb0590d0b","881f6d57-a1a6-4e29-9081-851a7035f171","cd7ea2e2-ad7b-465e-9fbd-1c44eb67174f","1a2bd5e4-4b6c-4a0b-abaa-fa7d0861428a","f601ebc9-a105-41eb-ae86-8d25942d7716","a1fb57fc-0c99-40e5-8a00-b18d5e949bea","fa9366fe-671c-423e-942d-766bddd088fe","1c41304f-83af-474d-9feb-1159075d7bc1","efd04637-cc0a-4088-9ee8-ae335474e2eb","a99dddf8-cb9c-4b17-8d51-c4def797e255","448edf5a-e39e-422b-8cfa-03992a55917c","a8c24697-79af-4d3d-86f5-887a937dee7b","29b6329a-dd1b-4de5-a0fe-6dae306f94d6","b84a3db0-0bc6-4757-8944-ca67f618ed6e","5f12a105-8516-4cda-ab7b-2122b419a2cb","6d4d769a-3694-4e55-8776-8cdb2d7cd502","71d80c50-746d-4a33-8acb-d86a658a1042","f714d247-653c-42da-a6ff-e1e289abb3ab","bd2f3436-3b13-496d-8c43-745f1cc07998","e0e28217-3f71-464d-a6b0-0dd442a5bb03","9e01be95-9214-416f-8911-7a2d26adcf31","f6c1dc86-9821-49ec-8325-29c54857d50a","1cc20eb4-84be-48de-bd7d-0a5b0ae3fc77","9ae849c2-572b-43e6-86ed-f2536f9b41b4","d0ca737b-25f7-490f-a114-22fc2013af60","77b9cb32-381f-4076-b0c8-00fac16fe446","9e9afce7-67b4-4eb5-b50a-70c1106f618a","b0f416e0-ce19-411c-be05-9bc5cd3bc1fe","1aadf204-7069-4401-86f5-f95a03cf291d","31599fde-e433-4012-abe0-f69679578468","d2e2768f-5710-4053-992a-18b40b7e3b94","4c30451a-9309-4cfb-a280-4134d8f74130","cc45110e-705a-4ebf-b82f-5d317d6fa0d4","67d8f2c0-96d6-477c-98ac-0e4ee975b052","3a576d22-540d-46a3-bf5e-541215f99170","00feeca0-ecf0-4076-8d81-b6974e603e60","5722f8ed-3b8c-482c-8c83-dff988163c9b","bf322de4-ace5-4829-aea1-3d72c8f44035","ea39d2a6-7849-4ead-a469-529ba7a632ff","9a3db3e0-dd8a-4e26-8ef2-81f0a0db3c36","4f5aac9b-22e6-4f4b-87c3-eafb297a39b5","1607eacc-f64a-4a4f-a9b9-98a503b92055","b981cddd-172f-45a3-881f-da086927cd47","f9bd1744-b218-4d90-aba8-634d50c91315","aa4c244e-52d3-44fa-b295-0b8067be7952","dd0729c3-b184-4804-ab2b-9928d592da25","b7904727-c54a-42cd-b1cf-9b8cd93a8868","d89c98bb-7864-40e9-92c0-e077d10ed819","259d495c-cd23-4b2c-a41a-16b482daf050","3b22d6d6-920a-4e5b-88ea-86ac6790bb2c","1f9e4d1b-95c9-4f06-861f-88b371a9d9d8","287a38a8-0ce0-489d-a3b0-b3f5fffb0923","058c07ec-e284-4711-b75c-cee54f9d3747","707c3c6c-c0a0-4a99-973b-d21cb814531a","cee87b21-afab-4c95-9960-5ff629a34fcb","41d97a7a-f137-43b0-821e-49bbe30a2984","daa1a450-7f09-4d07-824b-fe95320f3db0","0b970be8-d403-453f-8bd9-b1418a23b6a1","169076cf-5213-4129-a91e-c010f7a4ab1a","2d2292af-97b2-48ab-aa35-a81a59f80c68","fb6f058c-45de-4cbf-b6c9-d141145bf513","fb677570-b5d8-4401-ba48-ee51481ca0d0","44e68f24-582c-424c-badf-964ffa6e0adc","c12f40ea-6811-4189-a741-48e7ec870950","0f18bc4f-7b30-4716-aeab-fe351d4408d3","418f0133-643b-44b1-9fce-282c119f7445","0572e510-2146-4692-a776-9a0c5f09b70b","7b8a50b5-e275-455d-95a1-a55a73e2b98e","06f1aae7-5a53-4b3c-a3c9-4ed8778d4ba6","9c0d0a42-c436-4b2f-bc9d-726bcc07e093","c741b923-2791-4a04-b9a7-08e3e4f4f213","f03beecf-3a23-48e0-b967-02a47366eaf5","52ce69f1-b37c-4207-a164-5d1312317aa8","a925968a-5b90-4ed8-a230-5e993ca4d351","882a7e09-21bb-409d-b59c-c48a7b80031b","6048b8ea-cf7a-4ddf-9996-9df8b01097fb","1cbdefdc-2ff1-4499-a487-b38a6d459632","63cdd788-414b-4e09-94a6-f9f85d426f6c","a354a20c-2249-49c3-9e88-a4ab3a9de168","b061f205-fb71-49bb-93f9-e29f233818c9","4e48c42a-e60e-481d-9bf4-75bb981e1168","e29fe701-e21d-437c-968e-1b5ae2fd1296","df7d59c9-a87b-467b-a3b4-9a4286194631","df285c06-d35d-4937-b833-bb76e0c5ff88","e92837ec-9ba5-485c-b38d-89efbcd83b4d","e94785f5-026c-4eb9-ae9b-38644b72a7fb","843d2e87-3276-4007-a45f-34f192927f65","1e1bf059-a418-42cb-8583-dde343a99a94","278c97c7-ccb2-43da-b803-f1bf955c2342","966b591c-f009-4160-916d-450d6b3b9446","0d096a1b-0842-4ffc-bece-5fe63f033fb0","e2f808d4-8cbe-4afc-8f95-4d47d737f13b","29ed774e-413b-4b32-93f0-def688691732","dcbca40b-385a-4608-a54c-aa53d37fd419","b9810892-9959-4fac-811d-0a560c7f5e02","64cc56b2-32f3-41b2-b1e3-c443fe1d6002","f6c4783d-6c09-4dc9-93c0-86a7e4384f8a","739e8959-72cf-4de0-a8ec-3339087fb355","582c6815-a412-49f5-ba04-c07b997e9349","fec72f7b-b6bf-446e-bd81-f80036f6d6a1","50f34089-14e8-4002-a4df-896fd97b0901","5651c62c-09d6-4e80-b741-d4eb97379ef6","5bee4e0b-e915-45c2-ab3b-a05305f7afe7","71098267-8ec2-41ab-a1f8-74585e11e541","cf090f8f-a127-4233-85a5-a65bc48844ee","e8556641-d425-4b58-ae94-eb3271494659","5b8786d7-24f0-4a16-a6c4-5e021dbbeeca","5606c893-818e-4803-b893-f6dd9e7baac3","6f19bbe3-d81e-4ca0-8e58-015b7523225f","797e63b8-5237-4c22-82cd-0588df2555e0","f7a4c12c-2000-4893-af0d-87175e5c1a2f","f692767f-b492-4703-94bc-dd8d8ddc6b70","1d313da1-9af2-4583-a1b9-0a97d99c41ef","1a4cdbe4-5c09-453c-ba8b-fdbf2486ce8d","21f87517-dab5-494a-9cbc-4b72210dcb26","181180f5-80e9-4e04-b6b1-58bef426645f","93cb2d64-fd4f-4baa-930b-b7d5af38ef19","158a8518-0e5c-4c4b-90fb-df96892c2897","05676109-a1cc-4379-b988-0ab95e6c5894","e571bdf4-b2e4-43db-96ef-16cea4c3064d","8692285b-fc8b-4f03-a6fe-34970cde9b83","74921680-0e85-487d-9051-4deab62dcf5b","05d71808-bf1d-4f2b-884f-552025fd4350","32bcc76d-9029-425f-b53a-aa33c3241dde","a611f90c-8ff8-4f72-9e74-e5bf376164b4","5aee91c2-bf56-4d2b-8261-91ea6c8cec01","59405c44-1993-40cd-9d86-042f2a3a6898","e1b6e37c-f3f8-4f84-8a73-a48169838d36","012ae575-6e89-4438-81cc-58f4d46e404a","15639c27-3d8b-44aa-bf9b-dc5741b357d7","3abcf529-10d2-4857-96ff-63b51677d9b5","2b1b9124-4fa3-4e14-8962-1928f1d9f3a0","1a6da315-a5d2-4e9b-9eb8-ec8fe839036f","2371ef61-889c-4b0a-819a-f4ff18876b23","4f27b326-54d0-49c4-affe-21d2ceeb65bd","ce11e08b-72e5-4e49-a7bd-85284584a6b9","bb317501-1e68-4480-98aa-51d4e2f8197b","155b3d7a-b26f-4f3c-a6ce-312e31f4cf8c","5d02d291-8819-4d20-a808-259ef62d0290","b69e4df2-a479-4308-9e6f-4a9c8f5f7744","75ffa927-1516-41f3-a533-9a0fc8b3f467","d2e45479-1f99-4946-8d5c-761307ae5a1c","4d9497fc-f5d7-4816-bb83-721763b757bb","678266e3-ac3e-475b-89ed-84f6f4b1678e","07c19e41-e40d-46b3-9a55-9ab41708354f","95286a59-6295-4279-9050-c2da8799a8d5","c2f6c0a2-1d5e-4a84-ae05-279b361f84fb","e2bfdbbd-d737-4ccd-bb66-c9967ac74e40","9311f667-a97c-4827-8ee5-b9dc9867ac3f","efd5feac-1228-49bb-8259-0159ba76773d","18010493-6b3d-42c1-bace-e11aec925208","8372e9b2-06b4-4a82-b811-9c9843624512","006993a7-10e3-4072-9973-9dcc4a04524c","63d22bfe-9ed0-449b-af4a-52b61e78d22f","6978f8df-3716-4366-912c-607d29b31b23","edc3a11f-610c-4041-acd9-60b28fd1c2a4","9d7c8965-1fd9-4379-aec4-b2a9ffbaf220","c43f9c18-4af5-4039-bd3c-4299581ae27d","57a8fd12-ecc3-4743-ba11-336a2968295b","3bb6496b-e21c-4bdb-a5bf-8e56864d4828","1af05485-1b0a-4f09-a2bb-3524cb7dbf95","3bc53dc1-e967-4135-97c0-acdc345daee8","41045cd2-3bb6-4143-b492-56c185df62ed","e0131160-ba6c-4132-aacf-950f66ae135c","a835e9b3-7987-4d63-95a5-b05b242895cf","34efd312-04d5-4e3a-955d-327f1d54001b","2c8128b3-9a1d-402f-9610-b485219e383d","e553ca6f-1a14-4773-8d6c-e1dd9d9edc32","71953eed-a6f4-42fe-83fb-8c9ab1ad514d","56217580-6c33-4cab-b4d3-b793da227986","1389cf70-a9f7-4f12-8c08-65ba8dec3910","a759c0f3-5eae-4e4f-9c0a-243c5deb8b4c","379b1671-4fdc-492a-abc2-485b829a82b7","522b3782-481b-4386-9c9b-c92c6ad7dcfb","114ce348-a29e-4f76-97ac-4704d2d3ec1a","57bf8a38-0c21-44eb-a1ae-e7013d04eae0","2c1a3a0f-8e4f-4d76-9e3a-83805c5eb1a4","511e4923-701a-4674-be94-b749b1abd8af","1a3d3d3f-245b-4e68-a409-2a98b0bc1e39","21354a2e-ae0e-4857-a226-770e218d1c38","32b9556b-fbf7-47cd-8443-ae1305ac6769","ff3d9600-2742-4051-8479-a70c594a6726","85e44b5a-a77c-4c8f-9362-76a8891f8181","6b22a87a-4c60-4325-b2e5-a066d6990059","096cd0f2-bf80-4265-81d8-c8724a660f48","b2be1ae9-6626-48df-9277-dba9255aca30","6eb60dae-c997-48fe-85bf-c8e6524a6e2f","aa1a60fa-dba5-434c-845a-8"
20:09:02.687 [Test worker] DEBUG org.apache.http.wire - http-outgoing-0 << "f5a0ca196b1","6fdc8c1c-665b-458e-8ead-d931b674f71c","cfc6e366-5ac7-4c51-966a-e31ab1cb9899","a4ab2537-a9b3-4ea9-820b-b0308513578a","5f0ec03c-39e2-4cdd-878d-10b79c560b62","3793ee51-baa9-42e7-9ec8-81896150026a","2357a731-ba32-4fc9-b9a7-41257cd1713b","d69537f5-34bc-435f-8583-35193fe6ba8d","82221cf9-f74f-4192-86fc-0fb922c0abf6","225f8ef9-0bb6-4eaa-820d-4320a06f78f5","38ef1752-8040-4f3e-b9cd-41e1ee195752","953be487-f83d-4244-9903-5b602f7621d2","627aa880-f40f-497f-b3cc-3e819a2252b3","569e2468-807b-41d2-84eb-0d13a123f9e9","d4c05596-edd1-4eb3-a9a1-d6047f043ac0","ff10a742-3b4c-41fb-ba75-868cc314e169","bece68db-2a7a-4133-82b6-154ae9b330b8","02420c1d-e494-41cb-890d-beda043efcad","7d702902-dc56-4409-abfa-7a0838a92048","2182a945-9418-46e7-bdbd-a2eed744cf9b","c4426a8c-614c-46b8-98fe-5513d2392598","b7f16e71-da8f-41a9-9576-12c27cd65389","3c6c55b7-6ba2-4cec-9997-56bcf6176120","c0dfa626-57d7-45d3-bcbd-d194094e0178","bc479ace-7605-4e6f-b5fa-aaa27b9f9c63","7285ea1c-9b5f-4214-affe-aab6ef52a7ad","5276b80b-1dae-4216-8e51-6c1563d1db8a","05c2f971-9510-48e4-abd8-e5d7f937a1ee","24857337-75dc-4fa6-814c-0408a3fa7407","ed067281-45f8-4e1c-b732-fbe209e6c5ea","54055df5-8454-4065-b3f5-c28603ede555","301b1ccd-f333-4b24-8595-6cf1e4e5420f","f6c5be7f-4ea2-4716-b029-a1cb29f5cb78","f3465fd3-c967-494c-abbe-5dbee9297201","309c86ed-b52f-4cd8-bc1c-f045d3e75a43","3355b199-351c-4b23-a27a-e693be034016","c836469d-2a2b-4746-a8e1-45aca10f769c","f0910646-36ac-4493-b704-1a82aecfed24","20148df4-e0ee-4232-880d-aa8346d0caaf","64441f49-0bdc-44a4-bc9b-58fe50c18869","58640486-f999-4bd8-a6f9-1346ad62daac","35004bf7-c759-4f2a-9fc0-effd2b4d958f","e52febad-8fce-429c-90a6-87dde3c27985","ce8e3c89-d511-4db1-ba39-1d7829a17b39","8a3384e7-911c-4a9a-a228-a6c2b487e637","43de8852-f61b-479b-8d86-5c975811119c","d243400a-e444-4207-92a9-40dc5004ee70","5ea45637-8de0-454f-8a49-4ee39915e874","5ec7cb54-57f7-4519-b72b-8474cf9a512d","1918ee6f-8b8f-400f-addd-a4db06dd5d57","2fd2d69d-effd-4303-aa2a-68c7618b7b21","f87473d6-3e91-4354-901e-7943e65d3c29","b9d19efc-e92d-4aa4-8d54-3da0ea6be0d5","4fa6f2f0-46b8-4176-b02a-e3fa4fd2fa64","b462735c-e71c-4b82-b047-48cad512348d","cef42c89-acce-41e7-be0b-6f40849ecc7f","1554694e-2115-4b16-830c-b305431636c1","56e1ce02-0925-44eb-8c96-1285b593a7f5","e1ce57cb-7c8b-4353-a0ee-f40c66a38882","66c36957-3f24-4346-a856-dead7257b833","a39371c4-9f62-41e6-b0d7-b44e28d6e060","3e32131a-383d-4f6a-9ebf-620604355f1f","00d7b946-9503-4aa1-8586-a479fb30670a","399fc4de-2474-4119-8886-1cf68de24506","5dc4262f-8500-4e73-9d22-d83363cd8353","19461414-c8f9-4fec-9c76-999d96716264","7eb1ffdc-42bb-4c8e-9ad4-8aa52702c7e5","6a3d653f-2472-4249-8cdc-944e25d93e2f","169f69c0-c060-4755-90b0-b95c3f55b366","d3adb80a-7a9e-4cd5-ac37-ba39420d8e28","bf90d270-a84f-4a22-a703-7661aeed5c42","6b8bb5d9-0023-4f45-ae36-fb2dec20dd80","0c4ad9dd-cb76-4626-a001-67c9003600e6","27cd8d39-dc46-4439-85d8-c8ec43469617","39541e32-7ab8-4500-968b-638d3e7d8bb7","7fb894e3-5d5d-43eb-ba78-7f534c3b90a7","b896c472-1d21-4ffe-8ef1-12256080394b","b339d43f-f801-4a22-84ca-07a4ab0b47d2","1bf9e90e-1fcf-4f1b-8df7-4574a38fe354","291bd1f7-2abe-47e9-9486-5f5ecf0aa99f","356ef7c6-f3c3-4d51-a9a0-6abc46f351bb","ffe426d5-cec0-4332-b792-1d707d981aff","46ea7cd7-cdec-4865-8f67-323547c7fb8b","ca98e635-617b-4c0a-b8b7-5b699dbad6f3","0449cb8e-1355-4535-be92-3d6b248ef921","5ef8a784-72bc-40b4-953a-f495d4fdb208","db5d60e9-ddf2-411f-9022-4de33bc9d22f","e240ef36-9451-4c99-a8cb-caa8bfa3b418","65177e84-6ed7-4500-93d1-0012fd2e8044","d0485964-b2ab-4af2-be5b-d2786890604d","75249305-77e0-4f70-8431-8979b4876764","5315b6c0-c7fd-4c6b-a04d-f9a4101ef1d2","c3d95279-5d8c-4724-82b2-e76483ed9c4f","62b5a6f4-7600-4b33-80bd-03f4f85d6efb","be9cd564-7f8c-4f5a-a44b-31ed0a9d75b2","7c6ffb96-f287-4f4e-9a4f-2d3b18c9aa5c","9f3f9d33-c1ae-4f4d-a24e-33345a79c36e","89a1ef75-f8bb-4c13-89f1-32d9a6b8f505","64875ab5-635c-4ca4-9ffe-942e001b7960","f0d396c5-1c0d-4bad-94db-cba657d61fd0","fe73322b-fb05-4cd2-ae19-0f0975217085","ea599043-9112-4d4f-b15f-091442fb9c1a","8e9fbffb-d2ae-4d59-af99-a8feccbd7bb8","ee7643bc-94ed-45c1-bc3f-f6685c8a5171","88656794-3ec2-4828-a223-fc070821945c","fd0e11ae-799b-4889-a3a7-17253af790c8","714c2f6a-8740-4efe-9a2e-c31904ecdc23","b6f5b7cb-b1bf-4e84-a260-3c165f845a5d","91d98d70-9406-4b3e-a3fe-de9f88e9fc70","504bcf30-141b-4fca-b808-dd429f9faf88","97122a2b-4d34-4f72-909f-efc86da0587d","5cf319a8-d528-4986-a388-fae32ae45c85","8b558615-1bca-4b7e-9b04-f282147d6291","96108f48-f166-4fdd-a153-8048cc2e146a","f6ceb508-0911-4ed5-85b8-a3960be68708","64577d50-ab06-4a70-bf48-f00c55d9b4b4","0c7192e2-1fde-46df-b82b-a72889b9342c","222d83b4-db0d-4b87-8b13-b136738bb0eb","4d2d5334-8d54-4d87-b981-687021d1c665","e2551636-d3d8-44b0-acef-4ed5063463bc","1e9930c3-8762-45d2-a16c-8b3453423c53","67d2a200-b6c0-4d73-ae87-a35481671c41","54a8a153-2cec-4bcc-9546-97b050cde1eb","677b1e98-7949-4829-ab69-343f4ff9c109","da641f38-fe3b-43e2-af2d-e53090a2a97d","7716b1de-3134-42e7-8eeb-901de60fc7b0","6f4af12f-7585-43e0-9e44-391ffe94e3b6","3b83243f-10cf-4c6c-a89c-1acbe791bea1","918a0b7a-d3b4-4d0c-be8e-cfebbe802863","5c6004d7-4277-4fa9-8a45-d04d9269283b","441d1a34-6be0-4be8-b91b-9e716ce362ee","0961dc58-d34f-4885-98a6-e16f7d116af7","bdf49204-9383-4957-9a0f-317ef281d2d9","62775a48-946c-4641-96ae-65333fb4febc","6c7e5e1d-38ec-40c9-895c-d0bb3f8276fb","6edf01cb-4f29-4bc0-9e7e-518e91fa5ac2","d787b946-7c31-4166-a1cb-a7c47d2ad155","fdd2852f-98de-4fd8-b7f8-cb29ca6e6fae","07cbb648-e812-4e4c-88c7-65758508b420","3f0c485c-af39-405f-9874-41aa57dbf11b","499108e4-ce58-41ad-8154-1a61f9a22838","db5350db-c811-45ca-8156-be61c3659a36","d926f2dc-7b8a-4dda-90d2-b1054b645b9a","72bd749d-0c14-48ff-9713-51523cb9e412","8bdf1152-1abf-44c1-8e0c-c0d71ceeac3c","29fed6b3-dfa2-4f12-894b-f519150a040a","1dec5ff8-a5a4-43ed-a63d-a977f4202ab4","3ae7b2b6-c426-4bb9-87b0-b29dc40b885a","a53ff079-0748-49af-af77-f7425e81b921","7d5ece05-90e0-4577-b8eb-91fea0c64b38","133f8516-2538-41ea-b54c-9f1597dd7f64","ada1720e-2eb0-491e-8d45-c0068ebfd7d0","ebde73b2-3993-47fa-bcc9-38191cf30969","84d835d0-32ea-4875-9c88-2717f03e4e34","bb1082ed-5ae4-4865-9498-270e22caa27c","a805a387-04b7-4ca6-a247-b0ce31ec4618"],"Type":"CHILD"}]},{"BlockType":"LINE","Confidence":99.84062957763672,"Geometry":{"BoundingBox":{"Height":0.011191052384674549,"Left":0.011160369962453842,"Top":0.033650413155555725,"Width":0.034653738141059875},"Polygon":[{"X":0.011160369962453842,"Y":0.03367168456315994},{"X":0.04581153020262718,"Y":0.033650413155555725},{"X":0.04581410810351372,"Y":0.04482026770710945},{"X":0.011162852868437767,"Y":0.044841468334198}]},"Id":"fdef92ae-da22-42a5-8cc9-744a87175bf6","Relationships":[{"Ids":["be2dfeea-2739-43ee-9909-be7306eb93fe"],"Type":"CHILD"}],"Text":"Date"},{"BlockType":"LINE","Confidence":99.86917114257812,"Geometry":{"BoundingBox":{"Height":0.015165598131716251,"Left":0.10025003552436829,"Top":0.03286390006542206,"Width":0.05436420813202858},"Polygon":[{"X":0.10025003552436829,"Y":0.03289727494120598},{"X":0.15461035072803497,"Y":0.03286390006542206},{"X":0.15461423993110657,"Y":0.04799627140164375},{"X":0.10025373101234436,"Y":0.04802950099110603}]},"Id":"af8ea015-87fa-4741-a4d6-0e8970dd7df2","Relationships":[{"Ids":["63b1bd4c-0dfb-483c-958c-b5cec38153cd"],"Type":"CHILD"}],"Text":"Pairing"},{"BlockType":"LINE","Confidence":99.87380981445312,"Geometry":{"BoundingBox":{"Height":0.011895069852471352,"Left":0.18941457569599152,"Top":0.033420462161302567,"Width":0.02414884977042675},"Polygon":[{"X":0.18941457569599152,"Y":0.033435285091400146},{"X":0.21356019377708435,"Y":0.033420462161302567},{"X":0.21356342732906342,"Y":0.045300763100385666},{"X":0.1894177347421646,"Y":0.04531553387641907}]},"Id":"395b19c7-b703-4452-a0ef-6fce97bd96d3","Relationships":[{"Ids":["988744d3-67b3-4111-8413-931d63a6d5e8"],"Type":"CHILD"}],"Text":"DC"},{"BlockType":"LINE","Confidence":79.46592712402344,"Geometry":{"BoundingBox":{"Height":0.014490647241473198,"Left":0.24084602296352386,"Top":0.03260604664683342,"Width":0.04514845833182335},"Polygon":[{"X":0.24084602296352386,"Y":0.032633766531944275},{"X":0.28599029779434204,"Y":0."
20:09:02.689 [Test worker] DEBUG org.apache.http.wire - http-outgoing-0 << "03260604664683342},{"X":0.2859944999217987,"Y":0.04706909507513046},{"X":0.2408500611782074,"Y":0.04709669575095177}]},"Id":"0bbe4ba5-3860-4703-bc4b-bceeb3fc311f","Relationships":[{"Ids":["1f399b79-bc62-41fd-8d5e-7e4d1c025347","e25f3850-7350-4fa8-a63c-b323ede5247e"],"Type":"CHILD"}],"Text":"C/l (L)"},{"BlockType":"LINE","Confidence":97.25077819824219,"Geometry":{"BoundingBox":{"Hei"
20:09:02.690 [Test worker] DEBUG org.apache.http.wire - http-outgoing-0 << "ght":0.015479186549782753,"Left":0.30622008442878723,"Top":0.03255755454301834,"Width":0.12262021005153656},"Polygon":[{"X":0.30622008442878723,"Y":0.03263283520936966},{"X":0.42883530259132385,"Y":0.03255755454301834},{"X":0.428840309381485,"Y":0.04796179011464119},{"X":0.30622464418411255,"Y":0.048036739230155945}]},"Id":"030d5c82-732e-4358-bc7f-c844652a01b5","Relationships":[{"Ids":["72afe3e8-c5f2-4851-be0e-24b04fc234f2","e0f031bf-678e-478b-bfc1-7cfbb71614c5","272aabc0-31f6-4c18-a741-fae38ec88da2"],"Type":"CHILD"}],"Text":"C/O (L) Activity"},{"BlockType":"LINE","Confidence":99.93533325195312,"Geometry":{"BoundingBox":{"Height":0.011593817733228207,"Left":0.46053841710090637,"Top":0.0334789901971817,"Width":0.04000956192612648},"Polygon":[{"X":0.46053841710090637,"Y":0.0335035435855388"
20:09:02.691 [Test worker] DEBUG org.apache.http.wire - http-outgoing-0 << "64},{"X":0.500544011592865,"Y":0.0334789901971817},{"X":0.5005480051040649,"Y":0.04504833370447159},{"X":0.4605422616004944,"Y":0.04507280886173248}]},"Id":"84221f5c-31f8-4718-b301-e20944c9787f","Relationships":[{"Ids":["edbecad8-8ef7-4e9e-8d1f-31b3f01b667b"],"Type":"CHILD"}],"Text":"From"},{"BlockType":"LINE","Confidence":99.81676483154297,"Geometry":{"BoundingBox":{"Height":0.01427762396633625,"Left":0.5251641869544983,"Top":0.03266143053770065,"Width":0.05798779055476189},"Polygon":[{"X":0.5251641869544983,"Y":0.03269702568650246},{"X":0.5831468105316162,"Y":0.03266143053770065},{"X":0.5831519961357117,"Y":0.04690360277891159},{"X":0.5251691341400146,"Y":0.046939052641391754}]},"Id":"6095d5a7-dff4-41ba-8c78-1bcb21c93124","Relationships":[{"Ids":["4d7cceaa-2b74-4fd6-a1f5-a9236841816a","5b42d1ba-bd48-49ed-b9b3-344d5d74a307"],"Type":"CHILD"}],"Text":"STD (B)"},{"BlockType":"LINE","Confidence":99.8047866821289,"Geometry":{"BoundingBox":{"Height":0.01249744649976492,"Left":0.589369535446167,"Top":0.03274809941649437,"Width":0.02108949050307274},"Polygon":[{"X":0.589369535446167,"Y":0.032761044800281525},{"X":0.6104543805122375,"Y":0.03274809941649437},{"X":0.61045902967453,"Y":0.04523264989256859},{"X":0.5893740653991699,"Y":0.04524554684758186}]},"Id":"989514b9-66fe-4520-bace-18cc7a208681","Relationships":[{"Ids":["96a1fe8c-eb2b-487d-b6d6-42b68f99db89"],"Type":"CHILD"}],"Text":"To"},{"BlockType":"LINE","Confidence":99.39295196533203,"Geometry":{"BoundingBox":{"Height":0.01461232639849186,"Left":0.655000627040863,"Top":0.032457731664180756,"Width":0.05838077515363693},"Polygon":[{"X":0.655000627040863,"Y":0.03249357268214226},{"X":0.7133756279945374,"Y":0.032457731664180756},{"X":0.7133813500404358,"Y":0.0470343679189682},{"X":0.6550061702728271,"Y":0.047070059925317764}]},"Id":"47ce09ac-ec65-4550-b544-0402832e73f0","Relationships":[{"Ids":["fadbdc55-a8bf-48f1-a789-c1bc7dad0d4f","7d9ec11f-f2c5-4b26-9cc1-df5f3eecb991"],"Type":"CHILD"}],"Text":"STA (B)"},{"BlockType":"LINE","Confidence":99.31758880615234,"Geometry":{"BoundingBox":{"Height":0.011884554289281368,"Left":0.7196890115737915,"Top":0.03314058482646942,"Width":0.06709907948970795},"Polygon":[{"X":0.7196890115737915,"Y":0.03318176791071892},{"X":0.7867832183837891,"Y":0.03314058482646942},{"X":0.7867881059646606,"Y":0.04498409479856491},{"X":0.7196937203407288,"Y":0.045025140047073364}]},"Id":"86f4e067-8591-43a3-afac-0f4fb0590d0b","Relationships":[{"Ids":["c9ebd07f-8fe9-4df3-8b65-a7925af3e785"],"Type":"CHILD"}],"Text":"AC/Hotel"},{"BlockType":"LINE","Confidence":40.908443450927734,"Geometry":{"BoundingBox":{"Height":0.009812443517148495,"Left":0.9933217167854309,"Top":0.034572724252939224,"Width":0.006678310688585043},"Polygon":[{"X":0.9933217167854309,"Y":0.03457716852426529},{"X":1.0,"Y":0.034572724252939224},{"X":1.0,"Y":0.044380731880664825},{"X":0.9933262467384338,"Y":0.044385168701410294}]},"Id":"881f6d57-a1a6-4e29-9081-851a7035f171","Relationships":[{"Ids":["29cb2ba5-b765-4d69-9992-f81d478513ab"],"Type":"CHILD"}],"Text":"B"},{"BlockType":"LINE","Confidence":99.44901275634766,"Geometry":{"BoundingBox":{"Height":0.01193698588758707,"Left":0.032843220978975296,"Top":0.05221545696258545,"Width":0.06112617999315262},"Polygon":[{"X":0.032843220978975296,"Y":0.05225277319550514},{"X":0.09396650642156601,"Y":0.05221545696258545},{"X":0.09396939724683762,"Y":0.0641152486205101},{"X":0.03284592926502228,"Y":0.06415244191884995}]},"Id":"cd7ea2e2-ad7b-465e-9fbd-1c44eb67174f","Relationships":[{"Ids":["6d77845d-d5f4-4d7d-8c54-cd506d53b415"],"Type":"CHILD"}],"Text":"01Jan23"},{"BlockType":"LINE","Confidence":99.96295928955078,"Geometry":{"BoundingBox":{"Height":0.012093723751604557,"Left":0.37102898955345154,"Top":0.05192206799983978,"Width":0.03163021802902222},"Polygon":[{"X":0.37102898955345154,"Y":0.05194137990474701},{"X":0.40265536308288574,"Y":0.05192206799983978},{"X":0.40265920758247375,"Y":0.06399655342102051},{"X":0.3710327446460724,"Y":0.06401579082012177}]},"Id":"1a2bd5e4-4b6c-4a0b-abaa-fa7d0861428a","Relationships":[{"Ids":["b3de8359-1822-475b-89ca-559342597850"],"Type":"CHILD"}],"Text":"OFF"},{"BlockType":"LINE","Confidence":99.86039733886719,"Geometry":{"BoundingBox":{"Height":0.011986077763140202,"Left":0.4604455232620239,"Top":0.05196085572242737,"Width":0.036383822560310364},"Polygon":[{"X":0.4604455232620239,"Y":0.0519830659031868},{"X":0.49682527780532837,"Y":0.05196085572242737},{"X":0.4968293607234955,"Y":0.06392479687929153},{"X":0.4604495167732239,"Y":0.063946932554245}]},"Id":"f601ebc9-a105-41eb-ae86-8d25942d7716","Relationships":[{"Ids":["d5a5d47e-6b71-470e-9c76-0fcc94131de9"],"Type":"CHILD"}],"Text":"GMP"},{"BlockType":"LINE","Confidence":99.86873626708984,"Geometry":{"BoundingBox":{"Height":0.011144865304231644,"Left":0.5474552512168884,"Top":0.05245088040828705,"Width":0.03607683628797531},"Polygon":[{"X":0.5474552512168884,"Y":0.05247290059924126},{"X":0.5835280418395996,"Y":0.05245088040828705},{"X":0.5835320949554443,"Y":0.06357379257678986},{"X":0.5474591851234436,"Y":0.0635957419872284}]},"Id":"a1fb57fc-0c99-40e5-8a00-b18d5e949bea","Relationships":[{"Ids":["7fb15a45-ee80-4fee-8bf9-7cb26708ee84"],"Type":"CHILD"}],"Text":"0000"},{"BlockType":"LINE","Confidence":99.7977294921875,"Geometry":{"BoundingBox":{"Height":0.012029999867081642,"Left":0.5900458693504333,"Top":0.0519227460026741,"Width":0.03658248484134674},"Polygon":[{"X":0.5900458693504333,"Y":0.051945075392723083},{"X":0.6266238689422607,"Y":0.0519227460026741},{"X":0.6266283988952637,"Y":0.06393048912286758},{"X":0.5900502800941467,"Y":0.0639527440071106}]},"Id":"fa9366fe-671c-423e-942d-766bddd088fe","Relationships":[{"Ids":["827288c7-be29-4ca3-8a0c-89a16fbd35d1"],"Type":"CHILD"}],"Text":"GMP"},{"BlockType":"LINE","Confidence":99.94802856445312,"Geometry":{"BoundingBox":{"Height":0.011577812023460865,"Left":0.6772505044937134,"Top":0.05213497579097748,"Width":0.03564990684390068},"Polygon":[{"X":0.6772505044937134,"Y":0.052156735211610794},{"X":0.7128958106040955,"Y":0.05213497579097748},{"X":0.7129004001617432,"Y":0.06369109451770782},{"X":0.6772549748420715,"Y":0.06371278315782547}]},"Id":"1c41304f-83af-474d-9feb-1159075d7bc1","Relationships":[{"Ids":["7cdb1fb3-61d9-4610-b584-e3b0f54af0bd"],"Type":"CHILD"}],"Text":"2359"},{"BlockType":"LINE","Confidence":99.84391784667969,"Geometry":{"BoundingBox":{"Height":0.011976114474236965,"Left":0.03265762701630592,"Top":0.07034168392419815,"Width":0.10444344580173492},"Polygon":[{"X":0.03265762701630592,"Y":0.07040511816740036},{"X":0.1370980590581894,"Y":0.07034168392419815},{"X":0.13710106909275055,"Y":0.08225458860397339},{"X":0.032660339027643204,"Y":0.08231779932975769}]},"Id":"efd04637-cc0a-4088-9ee8-ae335474e2eb","Relationships":[{"Ids":["451ebeb9-619f-4899-afab-f1177e1f22bd","438192cb-4ac7-4bca-9a2d-5b052ec2a113"],"Type":"CHILD"}],"Text":"02Jan23 F129"},{"BlockType":"LINE","Confidence":99.93730163574219,"Geometry":{"BoundingBox":{"Height":0.011977322399616241,"Left":0.2641565501689911,"Top":0.07039918005466461,"Width":0.035001035779714584},"Polygon":[{"X":0.2641565501689911,"Y":0.07042043656110764},{"X":0.2991540729999542,"Y":0.07039918005466461},{"X":0.29915758967399597,"Y":0.0823553204536438},{"X":0.2641599476337433,"Y":0.08237650245428085}]},"Id":"a99dddf8-cb9c-4b17-8d51-c4def797e255","Relationships":[{"Ids":["b5cc525e-ad80-487b-8b92-b870437daef0"],"Type":"CHILD"}],"Text":"1755"},{"BlockType":"LINE","Confidence":99.97364044189453,"Geometry":{"BoundingBox":{"Height":0.0120205944404006,"Left":0.3716772198677063,"Top":0.07040585577487946,"Width":0.026579776778817177},"Polygon":[{"X":0.3716772198677063,"Y":0.07042200118303299},{"X":0.3982532024383545,"Y":0.07040585577487946},{"X":0.3982570171356201,"Y":0.08241037279367447},{"X":0.37168097496032715,"Y":0.08242645114660263}]},"Id":"448edf5a-e39e-422b-8cfa-03992a55917c","Relationships":[{"Ids":["efcb314e-36a1-45e8-a8d6-89c52b67f154"],"Type":"CHILD"}],"Text":"129"},{"BlockType":"LINE","Confidence":99.86505126953125,"
20:09:02.698 [Test worker] DEBUG org.apache.http.wire - http-outgoing-0 << ""Geometry":{"BoundingBox":{"Height":0.012040957808494568,"Left":0.4604032337665558,"Top":0.07044916599988937,"Width":0.036772046238183975},"Polygon":[{"X":0.4604032337665558,"Y":0.07047149538993835},{"X":0.49717119336128235,"Y":0.07044916599988937},{"X":0.49717530608177185,"Y":0.08246786892414093},{"X":0.4604072570800781,"Y":0.08249012380838394}]},"Id":"a8c24697-79af-4d3d-86f5-887a937dee7b","Relationships":[{"Ids":["39be60c3-6acb-48ea-b7f4-9a2cd282dbf3"],"Type":"CHILD"}],"Text":"GMP"},{"BlockType":"LINE","Confidence":99.97447967529297,"Geometry":{"BoundingBox":{"Height":0.011524349451065063,"Left":0.5482721924781799,"Top":0.0706658661365509,"Width":0.0348726324737072},"Polygon":[{"X":0.5482721924781799,"Y":0.07068704068660736},{"X":0.5831406712532043,"Y":0.0706658661365509},{"X":0.5831448435783386,"Y":0.08216910809278488},{"X":0.5482762455940247,"Y":0.08219021558761597}]},"Id":"29b6329a-dd1b-4de5-a0fe-6dae306f94d6","Relationships":[{"Ids":["d8120149-7193-4fca-9d48-00a565e5f601"],"Type":"CHILD"}],"Text":"1905"},{"BlockType":"LINE","Confidence":99.39922332763672,"Geometry":{"BoundingBox":{"Height":0.011847413145005703,"Left":0.5900105834007263,"Top":0.07055684179067612,"Width":0.031156165525317192},"Polygon":[{"X":0.5900105834007263,"Y":0.0705757588148117},{"X":0.6211623549461365,"Y":0.07055684179067612},{"X":0.6211667656898499,"Y":0.08238539844751358},{"X":0.5900149345397949,"Y":0.0824042558670044}]},"Id":"b84a3db0-0bc6-4757-8944-ca67f618ed6e","Relationships":[{"Ids":["25c17a1b-e4d9-4fa3-a082-13c6be1cdbbd"],"Type":"CHILD"}],"Text":"CJU"},{"BlockType":"LINE","Confidence":99.58010864257812,"Geometry":{"BoundingBox":{"Height":0.01172733400017023,"Left":0.6772091388702393,"Top":0.07056785374879837,"Width":0.03589474782347679},"Polygon":[{"X":0.6772091388702393,"Y":0.07058964669704437},{"X":0.7130992412567139,"Y":0.07056785374879837},{"X":0.7131038904190063,"Y":0.082273468375206},{"X":0.6772136688232422,"Y":0.08229518681764603}]},"Id":"5f12a105-8516-4cda-ab7b-2122b419a2cb","Relationships":[{"Ids":["cd98bf63-f1d0-4b95-8ac0-10e911fa78ac"],"Type":"CHILD"}],"Text":"2015"},{"BlockType":"LINE","Confidence":99.94454193115234,"Geometry":{"BoundingBox":{"Height":0.011488237418234348,"Left":0.7200851440429688,"Top":0.07061940431594849,"Width":0.026736367493867874},"Polygon":[{"X":0.7200851440429688,"Y":0.07063563913106918},{"X":0.7468169331550598,"Y":0.07061940431594849},{"X":0.7468215227127075,"Y":0.08209146559238434},{"X":0.7200897336006165,"Y":0.08210764080286026}]},"Id":"6d4d769a-3694-4e55-8776-8cdb2d7cd502","Relationships":[{"Ids":["85b196de-c3f2-484c-8589-4d4cf246cb2c"],"Type":"CHILD"}],"Text":"738"},{"BlockType":"LINE","Confidence":99.69223022460938,"Geometry":{"BoundingBox":{"Height":0.011810680851340294,"Left":0.3284905254840851,"Top":0.08943267166614532,"Width":0.06968750804662704},"Polygon":[{"X":0.3284905254840851,"Y":0.08947475999593735},{"X":0.3981742858886719,"Y":0.08943267166614532},{"X":0.3981780409812927,"Y":0.10120140761137009},{"X":0.3284940719604492,"Y":0.10124335438013077}]},"Id":"71d80c50-746d-4a33-8acb-d86a658a1042","Relationships":[{"Ids":["7ac326a5-8ad8-43ba-899c-14e7ff72284a","81f44355-323a-42bd-a941-b4fffa5b73fb"],"Type":"CHILD"}],"Text":"2220 128"},{"BlockType":"LINE","Confidence":99.56690979003906,"Geometry":{"BoundingBox":{"Height":0.011796083301305771,"Left":0.4603177309036255,"Top":0.08940693736076355,"Width":0.031246928498148918},"Polygon":[{"X":0.4603177309036255,"Y":0.08942580223083496},{"X":0.4915606379508972,"Y":0.08940693736076355},{"X":0.49156466126441956,"Y":0.10118421167135239},{"X":0.46032166481018066,"Y":0.10120301693677902}]},"Id":"f714d247-653c-42da-a6ff-e1e289abb3ab","Relationships":[{"Ids":["149e4fd4-c6af-45fd-b5ca-647636a92bc0"],"Type":"CHILD"}],"Text":"CJU"},{"BlockType":"LINE","Confidence":99.90716552734375,"Geometry":{"BoundingBox":{"Height":0.011576839722692966,"Left":0.5476092100143433,"Top":0.08950616419315338,"Width":0.03601444885134697},"Polygon":[{"X":0.5476092100143433,"Y":0.0895279124379158},{"X":0.5836194753646851,"Y":0.08950616419315338},{"X":0.5836236476898193,"Y":0.10106132924556732},{"X":0.5476133227348328,"Y":0.10108300298452377}]},"Id":"bd2f3436-3b13-496d-8c43-745f1cc07998","Relationships":[{"Ids":["12594d20-0be9-4d63-8612-87671756c28e"],"Type":"CHILD"}],"Text":"2050"},{"BlockType":"LINE","Confidence":99.76719665527344,"Geometry":{"BoundingBox":{"Height":0.011750252917408943,"Left":0.589928150177002,"Top":0.08940035104751587,"Width":0.03681512549519539},"Polygon":[{"X":0.589928150177002,"Y":0.08942258358001709},{"X":0.6267389059066772,"Y":0.08940035104751587},{"X":0.6267432570457458,"Y":0.10112845152616501},{"X":0.5899324417114258,"Y":0.10115060210227966}]},"Id":"e0e28217-3f71-464d-a6b0-0dd442a5bb03","Relationships":[{"Ids":["aca915f4-466d-4295-9e47-2f1b48ca7a57"],"Type":"CHILD"}],"Text":"GMP"},{"BlockType":"LINE","Confidence":99.93799591064453,"Geometry":{"BoundingBox":{"Height":0.01158625353127718,"Left":0.6773892641067505,"Top":0.08950826525688171,"Width":0.03590450435876846},"Polygon":[{"X":0.6773892641067505,"Y":0.08952994644641876},{"X":0.713289201259613,"Y":0.08950826525688171},{"X":0.7132937908172607,"Y":0.10107290744781494},{"X":0.6773937344551086,"Y":0.10109451413154602}]},"Id":"9e01be95-9214-416f-8911-7a2d26adcf31","Relationships":[{"Ids":["0c4e5b4b-1199-4aa1-8901-9983511fbe57"],"Type":"CHILD"}],"Text":"2200"},{"BlockType":"LINE","Confidence":99.92118072509766,"Geometry":{"BoundingBox":{"Height":0.011637157760560513,"Left":0.7199943661689758,"Top":0.08934842050075531,"Width":0.02674315869808197},"Polygon":[{"X":0.7199943661689758,"Y":0.08936456590890884},{"X":0.7467328310012817,"Y":0.08934842050075531},{"X":0.746737539768219,"Y":0.10096948593854904},{"X":0.7199989557266235,"Y":0.1009855791926384}]},"Id":"f6c1dc86-9821-49ec-8325-29c54857d50a","Relationships":[{"Ids":["10924986-2c6f-4b84-96ec-679b32f8b5f7"],"Type":"CHILD"}],"Text":"738"},{"BlockType":"LINE","Confidence":99.52880096435547,"Geometry":{"BoundingBox":{"Height":0.011758113279938698,"Left":0.03277982398867607,"Top":0.10767033696174622,"Width":0.11309690028429031},"Polygon":[{"X":0.03277982398867607,"Y":0.10773827880620956},{"X":0.14587374031543732,"Y":0.10767033696174622},{"X":0.1458767205476761,"Y":0.11936073750257492},{"X":0.03278248384594917,"Y":0.11942844837903976}]},"Id":"1cc20eb4-84be-48de-bd7d-0a5b0ae3fc77","Relationships":[{"Ids":["3e1907d5-8068-4376-accb-8fa2b3249613","03dce734-cf91-4d2a-85ea-f58b2171ba12"],"Type":"CHILD"}],"Text":"03Jan23 F1406"},{"BlockType":"LINE","Confidence":99.96808624267578,"Geometry":{"BoundingBox":{"Height":0.011684656143188477,"Left":0.2643146216869354,"Top":0.10774076730012894,"Width":0.03516443818807602},"Polygon":[{"X":0.2643146216869354,"Y":0.10776188969612122},{"X":0.29947564005851746,"Y":0.10774076730012894},{"X":0.29947906732559204,"Y":0.1194043681025505},{"X":0.26431795954704285,"Y":0.11942542344331741}]},"Id":"9ae849c2-572b-43e6-86ed-f2536f9b41b4","Relationships":[{"Ids":["49827ab9-26e4-4382-9846-f4bc2215fd2f"],"Type":"CHILD"}],"Text":"1410"},{"BlockType":"LINE","Confidence":99.9828109741211,"Geometry":{"BoundingBox":{"Height":0.011313360184431076,"Left":0.3717229664325714,"Top":0.10788054019212723,"Width":0.034785542637109756},"Polygon":[{"X":0.3717229664325714,"Y":0.1079014390707016},{"X":0.40650489926338196,"Y":0.10788054019212723},{"X":0.40650850534439087,"Y":0.1191730797290802},{"X":0.37172648310661316,"Y":0.1191939041018486}]},"Id":"d0ca737b-25f7-490f-a114-22fc2013af60","Relationships":[{"Ids":["db3721a0-dde1-425f-8cb0-6240a3477254"],"Type":"CHILD"}],"Text":"1406"},{"BlockType":"LINE","Confidence":99.80789184570312,"Geometry":{"BoundingBox":{"Height":0.011731645092368126,"Left":0.46065065264701843,"Top":0.10770289599895477,"Width":0.027637645602226257},"Polygon":[{"X":0.46065065264701843,"Y":0.10771950334310532},{"X":0.48828431963920593,"Y":0.10770289599895477},{"X":0.4882882833480835,"Y":0.11941800266504288},{"X":0.4606545567512512,"Y":0.11943454295396805}]},"Id":"77b9cb32-381f"
20:09:02.703 [Test worker] DEBUG org.apache.http.wire - http-outgoing-0 << "-4076-b0c8-00fac16fe446","Relationships":[{"Ids":["ec5b2191-6213-4f1a-bc36-4d6184350060"],"Type":"CHILD"}],"Text":"ICN"},{"BlockType":"LINE","Confidence":99.96248626708984,"Geometry":{"BoundingBox":{"Height":0.011900116689503193,"Left":0.5482506155967712,"Top":0.10757814347743988,"Width":0.035566169768571854},"Polygon":[{"X":0.5482506155967712,"Y":0.10759950429201126},{"X":0.583812"
20:09:02.704 [Test worker] DEBUG org.apache.http.wire - http-outgoing-0 << "4752044678,"Y":0.10757814347743988},{"X":0.5838167667388916,"Y":0.11945696920156479},{"X":0.5482547879219055,"Y":0.1194782555103302}]},"Id":"9e9afce7-67b4-4eb5-b50a-70c1106f618a","Relationships":[{"Ids":["555f8370-47a4-4160-aa2e-66ec067ed186"],"Type":"CHILD"}],"Text":"1620"},{"BlockType":"LINE","Confidence":99.83059692382812,"Geometry":{"BoundingBox":{"Height":0.011958569288253784,"Left":0.5901474952697754,"Top":0.10747260600328445,"Width":0.03242778033018112},"Polygon":[{"X":0.5901474952697754,"Y":0.10749208927154541},{"X":0.622570812702179,"Y":0.10747260600328445},{"X":0.6225752234458923,"Y":0.11941176652908325},{"X":0.590151846408844,"Y":0.11943117529153824}]},"Id":"b0f416e0-ce19-411c-be05-9bc5cd3bc1fe","Relationships":[{"Ids":["31c20dad-1c7e-4871-b0bb-d94b0a7e02ac"],"Type":"CHILD"}],"Text":"FUK"},{"BlockType":"LINE","Confidence":99.9486083984375,"Geometry":{"BoundingBox":{"Height":0.011494227685034275,"Left":0.6780428886413574,"Top":0.10768842697143555,"Width":0.03490948677062988},"Polygon":[{"X":0.678042"
20:09:02.815 [Test worker] DEBUG org.apache.http.wire - http-outgoing-0 << "8886413574,"Y":0.10770940035581589},{"X":0.7129478454589844,"Y":0.10768842697143555},{"X":0.7129523754119873,"Y":0.11916175484657288},{"X":0.6780473589897156,"Y":0.11918265372514725}]},"Id":"1aadf204-7069-4401-86f5-f95a03cf291d","Relationships":[{"Ids":["a6a9fae2-1021-4501-a110-db49e4002f1a"],"Type":"CHILD"}],"Text":"1755"},{"BlockType":"LINE","Confidence":99.90377807617188,"Geometry":{"BoundingBox":{"Height":0.01145486906170845,"Left":0.7201014757156372,"Top":0.10767683386802673,"Width":0.026645369827747345},"Polygon":[{"X":0.7201014757156372,"Y":0.10769283771514893},{"X":0.7467422485351562,"Y":0.10767683386802673},{"X":0.746746838092804,"Y":0.11911575496196747},{"X":0.7201060056686401,"Y":0.11913169920444489}]},"Id":"31599fde-e433-4012-abe0-f69679578468","Relationships":[{"Ids":["d1c94509-0759-401e-bcb8-802f28302b01"],"Type":"CHILD"}],"Text":"738"},{"BlockType":"LINE","Confidence":99.93870544433594,"Geometry":{"BoundingBox":{"Height":0.011953518725931644,"Left":0.3285920321941376,"Top":0.1262872964143753,"Width":0.07759830355644226},"Polygon":[{"X":0.3285920321941376,"Y":0.12633366882801056},{"X":0.4061865210533142,"Y":0.1262872964143753},{"X":0.40619033575057983,"Y":0.13819462060928345},{"X":0.3285956084728241,"Y":0.13824081420898438}]},"Id":"d2e2768f-5710-4053-992a-18b40b7e3b94","Relationships":[{"Ids":["49f33308-51d5-4da0-b086-c4c3b1646b2a","1314a93e-9fdb-4de7-9dc2-90e2e837ce07"],"Type":"CHILD"}],"Text":"2115 1405"},{"BlockType":"LINE","Confidence":99.85408782958984,"Geometry":{"BoundingBox":{"Height":0.011918949894607067,"Left":0.4606439471244812,"Top":0.12626470625400543,"Width":0.031865719705820084},"Polygon":[{"X":0.4606439471244812,"Y":0.12628374993801117},{"X":0.49250560998916626,"Y":0.12626470625400543},{"X":0.492509663105011,"Y":0.1381646990776062},{"X":0.46064791083335876,"Y":0.13818366825580597}]},"Id":"4c30451a-9309-4cfb-a280-4134d8f74130","Relationships":[{"Ids":["a1885e2d-308c-4b5f-aee7-a93939e31d61"],"Type":"CHILD"}],"Text":"FUK"},{"BlockType":"LINE","Confidence":99.97245788574219,"Geometry":{"BoundingBox":{"Height":0.011773738078773022,"Left":0.548126220703125,"Top":0.12635007500648499,"Width":0.03507523611187935},"Polygon":[{"X":0.548126220703125,"Y":0.12637102603912354},{"X":0.5831972360610962,"Y":0.12635007500648499},{"X":0.5832014679908752,"Y":0.1381029337644577},{"X":0.5481303930282593,"Y":0.13812381029129028}]},"Id":"cc45110e-705a-4ebf-b82f-5d317d6fa0d4","Relationships":[{"Ids":["436b3df3-5457-43d6-bda1-d6d9ca7ba1ab"],"Type":"CHILD"}],"Text":"1845"},{"BlockType":"LINE","Confidence":99.73426818847656,"Geometry":{"BoundingBox":{"Height":0.01183409709483385,"Left":0.5904970169067383,"Top":0.1265401989221573,"Width":0.02748929336667061},"Polygon":[{"X":0.5904970169067383,"Y":0.1265566200017929},{"X":0.6179819107055664,"Y":0.1265401989221573},{"X":0.6179863214492798,"Y":0.13835792243480682},{"X":0.5905013084411621,"Y":0.13837428390979767}]},"Id":"67d8f2c0-96d6-477c-98ac-0e4ee975b052","Relationships":[{"Ids":["bb286f5d-1ac3-41a6-ae5d-7e7f23cb3aec"],"Type":"CHILD"}],"Text":"ICN"},{"BlockType":"LINE","Confidence":99.55260467529297,"Geometry":{"BoundingBox":{"Height":0.011574040167033672,"Left":0.6772201061248779,"Top":0.12663298845291138,"Width":0.035860929638147354},"Polygon":[{"X":0.6772201061248779,"Y":0.12665440142154694},{"X":0.7130764722824097,"Y":0.12663298845291138},{"X":0.7130810022354126,"Y":0.13818567991256714},{"X":0.6772245168685913,"Y":0.13820701837539673}]},"Id":"3a576d22-540d-46a3-bf5e-541215f99170","Relationships":[{"Ids":["7a697ecf-237c-406b-ac5b-e044d8ebaf16"],"Type":"CHILD"}],"Text":"2015"},{"BlockType":"LINE","Confidence":99.89801025390625,"Geometry":{"BoundingBox":{"Height":0.011441187933087349,"Left":0.7200015187263489,"Top":0.12664036452770233,"Width":0.026812370866537094},"Polygon":[{"X":0.7200015187263489,"Y":0.12665636837482452},{"X":0.7468093037605286,"Y":0.12664036452770233},{"X":0.7468138933181763,"Y":0.13806559145450592},{"X":0.7200060486793518,"Y":0.13808155059814453}]},"Id":"00feeca0-ecf0-4076-8d81-b6974e603e60","Relationships":[{"Ids":["b3d97f54-b56d-45a7-b80c-a31ba870ff37"],"Type":"CHILD"}],"Text":"738"},{"BlockType":"LINE","Confidence":99.71598052978516,"Geometry":{"BoundingBox":{"Height":0.012012643739581108,"Left":0.03281084820628166,"Top":0.14494532346725464,"Width":0.061282604932785034},"Polygon":[{"X":0.03281084820628166,"Y":0.1449817419052124},{"X":0.0940905511379242,"Y":0.14494532346725464},{"X":0.094093456864357,"Y":0.15692168474197388},{"X":0.032813575118780136,"Y":0.1569579690694809}]},"Id":"5722f8ed-3b8c-482c-8c83-dff988163c9b","Relationships":[{"Ids":["b77d48e3-cfd9-4ded-985a-b542dfcc27e7"],"Type":"CHILD"}],"Text":"04Jan23"},{"BlockType":"LINE","Confidence":99.97176361083984,"Geometry":{"BoundingBox":{"Height":0.011814940720796585,"Left":0.37102624773979187,"Top":0.14495505392551422,"Width":0.0315903015434742},"Polygon":[{"X":0.37102624773979187,"Y":0.14497381448745728},{"X":0.4026127755641937,"Y":0.14495505392551422},{"X":0.4026165306568146,"Y":0.15675128996372223},{"X":0.37102991342544556,"Y":0.1567699909210205}]},"Id":"bf322de4-ace5-4829-aea1-3d72c8f44035","Relationships":[{"Ids":["77dc489a-fd9b-44fd-8c3e-1f98f06051ce"],"Type":"CHILD"}],"Text":"OFF"},{"BlockType":"LINE","Confidence":99.63642120361328,"Geometry":{"BoundingBox":{"Height":0.01204487681388855,"Left":0.46035775542259216,"Top":0.14483560621738434,"Width":0.036741435527801514},"Polygon":[{"X":0.46035775542259216,"Y":0.14485743641853333},{"X":0.4970950782299042,"Y":0.14483560621738434},{"X":0.4970991909503937,"Y":0.15685872733592987},{"X":0.4603617787361145,"Y":0.1568804830312729}]},"Id":"ea39d2a6-7849-4ead-a469-529ba7a632ff","Relationships":[{"Ids":["a066d9e6-9dbe-41be-8e7b-bb016779eb68"],"Type":"CHILD"}],"Text":"GMP"},{"BlockType":"LINE","Confidence":99.86140441894531,"Geometry":{"BoundingBox":{"Height":0.01175153348594904,"Left":0.5472572445869446,"Top":0.14505088329315186,"Width":0.03642011806368828},"Polygon":[{"X":0.5472572445869446,"Y":0.14507251977920532},{"X":0.5836730599403381,"Y":0.14505088329315186},{"X":0.583677351474762,"Y":0.15678085386753082},{"X":0.5472613573074341,"Y":0.15680241584777832}]},"Id":"9a3db3e0-dd8a-4e26-8ef2-81f0a0db3c36","Relationships":[{"Ids":["83e854fb-99e2-4cf6-ac15-de83a48d04ea"],"Type":"CHILD"}],"Text":"0000"},{"BlockType":"LINE","Confidence":99.63343811035156,"Geometry":{"BoundingBox":{"Height":0.012041031382977962,"Left":0.5898212194442749,"Top":0.14485657215118408,"Width":0.03668162599205971},"Polygon":[{"X":0.5898212194442749,"Y":0.1448783576488495},{"X":0.6264983415603638,"Y":0.14485657215118408},{"X":0.6265028715133667,"Y":0.156875878572464},{"X":0.5898256301879883,"Y":0.15689760446548462}]},"Id":"4f5aac9b-22e6-4f4b-87c3-eafb297a39b5","Relationships":[{"Ids":["c2c580bc-a12e-48db-afd1-e3f862f8a748"],"Type":"CHILD"}],"Text":"GMP"},{"BlockType":"LINE","Confidence":99.95947265625,"Geometry":{"BoundingBox":{"Height":0.011639731004834175,"Left":0.6772282123565674,"Top":0.14504291117191315,"Width":0.035811491310596466},"Polygon":[{"X":0.6772282123565674,"Y":0.14506419003009796},{"X":0.7130351066589355,"Y":0.14504291117191315},{"X":0.7130396962165833,"Y":0.15666145086288452},{"X":0.6772326827049255,"Y":0.15668264031410217}]},"Id":"1607eacc-f64a-4a4f-a9b9-98a503b92055","Relationships":[{"Ids":["048b9e2b-56af-4e02-afdf-ed2eb24a4b8b"],"Type":"CHILD"}],"Text":"2359"},{"BlockType":"LINE","Confidence":99.28685760498047,"Geometry":{"BoundingBox":{"Height":0.01187586598098278,"Left":0.03273635357618332,"Top":0.16378116607666016,"Width":0.06127655878663063},"Polygon":[{"X":0.03273635357618332,"Y":0.1638173758983612},{"X":0.09401004016399384,"Y":0.16378116607666016},{"X":0.09401290863752365,"Y":0.17562095820903778},{"X":0.032739050686359406,"Y":0.17565703392028809}]},"Id":"b981cddd-172f-45a3-881f-da086927cd47","Relationships":[{"Ids":["0ec0123a-48ba-404f-a6d7-1145b5ff6fab"],"Type":"CHILD"}],"Text":"05Jan23"},{"BlockType":"LINE","Confidence":99.95059204101562,"Geometry":{"BoundingBox":{"Height":0.0"
20:09:02.823 [Test worker] DEBUG org.apache.http.wire - http-outgoing-0 << "11395126581192017,"Left":0.2644341289997101,"Top":0.1639741063117981,"Width":0.03487147390842438},"Polygon":[{"X":0.2644341289997101,"Y":0.1639947146177292},{"X":0.29930225014686584,"Y":0.1639741063117981},{"X":0.29930558800697327,"Y":0.175348699092865},{"X":0.26443734765052795,"Y":0.1753692328929901}]},"Id":"f9bd1744-b218-4d90-aba8-634d50c91315","Relationships":[{"Ids":["e3cf1a41-684e-431a-99dc-40fa5eb529f0"],"Type":"CHILD"}],"Text":"1630"},{"BlockType":"LINE","Confidence":99.79706573486328,"Geometry":{"BoundingBox":{"Height":0.011774561367928982,"Left":0.32851865887641907,"Top":0.1637781411409378,"Width":0.07809469848871231},"Polygon":[{"X":0.32851865887641907,"Y":0.16382427513599396},{"X":0.4066096246242523,"Y":0.1637781411409378},{"X":0.4066133499145508,"Y":0.17550671100616455},{"X":0.3285221755504608,"Y":0.17555269598960876}]},"Id":"aa4c244e-52d3-44fa-b295-0b8067be7952","Relationships":[{"Ids":["4993f20d-d129-4522-a9e1-bd60ea631d66","621ada95-974b-412f-8695-8d335034cbc0"],"Type":"CHILD"}],"Text":"2230 SIM1"},{"BlockType":"LINE","Confidence":99.813720703125,"Geometry":{"BoundingBox":{"Height":0.011739185079932213,"Left":0.46034279465675354,"Top":0.16379161179065704,"Width":0.03669130802154541},"Polygon":[{"X":0.46034279465675354,"Y":0.1638132929801941},{"X":0.497030109167099,"Y":0.16379161179065704},{"X":0.49703410267829895,"Y":0.17550919950008392},{"X":0.46034669876098633,"Y":0.175530806183815}]},"Id":"dd0729c3-b184-4804-ab2b-9928d592da25","Relationships":[{"Ids":["72731984-9fae-4ecf-af23-fb019df4f543"],"Type":"CHILD"}],"Text":"GMP"},{"BlockType":"LINE","Confidence":99.97343444824219,"Geometry":{"BoundingBox":{"Height":0.011493840254843235,"Left":0.548293948173523,"Top":0.16397856175899506,"Width":0.03528889641165733},"Polygon":[{"X":0.548293948173523,"Y":0.16399940848350525},{"X":0.5835787057876587,"Y":0.16397856175899506},{"X":0.5835828185081482,"Y":0.1754516214132309},{"X":0.5482980012893677,"Y":0.1754724085330963}]},"Id":"b7904727-c54a-42cd-b1cf-9b8cd93a8868","Relationships":[{"Ids":["8b9983ff-730e-44ba-a17c-48e4c8b06b9a"],"Type":"CHILD"}],"Text":"1630"},{"BlockType":"LINE","Confidence":99.85609436035156,"Geometry":{"BoundingBox":{"Height":0.011744966730475426,"Left":0.589841902256012,"Top":0.16379545629024506,"Width":0.0367412231862545},"Polygon":[{"X":0.589841902256012,"Y":0.1638171672821045},{"X":0.6265787482261658,"Y":0.16379545629024506},{"X":0.6265830993652344,"Y":0.17551879584789276},{"X":0.589846134185791,"Y":0.17554041743278503}]},"Id":"d89c98bb-7864-40e9-92c0-e077d10ed819","Relationships":[{"Ids":["5b86931c-fc49-4738-9637-956745f9d7ff"],"Type":"CHILD"}],"Text":"GMP"},{"BlockType":"LINE","Confidence":99.94652557373047,"Geometry":{"BoundingBox":{"Height":0.0111857233569026,"Left":0.6773911118507385,"Top":0.16407565772533417,"Width":0.03568350523710251},"Polygon":[{"X":0.6773911118507385,"Y":0.16409674286842346},{"X":0.7130702137947083,"Y":0.16407565772533417},{"X":0.7130746245384216,"Y":0.1752403825521469},{"X":0.6773954033851624,"Y":0.17526139318943024}]},"Id":"259d495c-cd23-4b2c-a41a-16b482daf050","Relationships":[{"Ids":["ffafe8ff-1c8a-4d8e-97ef-8c9b98c88055"],"Type":"CHILD"}],"Text":"2230"},{"BlockType":"LINE","Confidence":99.57019805908203,"Geometry":{"BoundingBox":{"Height":0.01194189116358757,"Left":0.032759346067905426,"Top":0.1822374165058136,"Width":0.06127379462122917},"Polygon":[{"X":0.032759346067905426,"Y":0.18227341771125793},{"X":0.09403025358915329,"Y":0.1822374165058136},{"X":0.0940331369638443,"Y":0.19414342939853668},{"X":0.032762058079242706,"Y":0.19417931139469147}]},"Id":"3b22d6d6-920a-4e5b-88ea-86ac6790bb2c","Relationships":[{"Ids":["8962cea8-e801-4244-bd0a-9ee188221542"],"Type":"CHILD"}],"Text":"06Jan23"},{"BlockType":"LINE","Confidence":99.96329498291016,"Geometry":{"BoundingBox":{"Height":0.011414078995585442,"Left":0.26423946022987366,"Top":0.18225634098052979,"Width":0.035100534558296204},"Polygon":[{"X":0.26423946022987366,"Y":0.18227696418762207},{"X":0.29933664202690125,"Y":0.18225634098052979},{"X":0.29933997988700867,"Y":0.19364985823631287},{"X":0.2642427086830139,"Y":0.19367042183876038}]},"Id":"1f9e4d1b-95c9-4f06-861f-88b371a9d9d8","Relationships":[{"Ids":["c99ab991-b5c0-4978-a702-23bfb5f6895a"],"Type":"CHILD"}],"Text":"1630"},{"BlockType":"LINE","Confidence":99.77890014648438,"Geometry":{"BoundingBox":{"Height":0.011689253151416779,"Left":0.32856717705726624,"Top":0.1821439415216446,"Width":0.0779949426651001},"Polygon":[{"X":0.32856717705726624,"Y":0.18218977749347687},{"X":0.40655842423439026,"Y":0.1821439415216446},{"X":0.40656211972236633,"Y":0.19378751516342163},{"X":0.328570693731308,"Y":0.19383320212364197}]},"Id":"287a38a8-0ce0-489d-a3b0-b3f5fffb0923","Relationships":[{"Ids":["fdbbe7a5-95fa-4774-a6b3-88dfc4960717","9aab2231-90ee-4efa-802d-f63f1b010f36"],"Type":"CHILD"}],"Text":"2230 SIM1"},{"BlockType":"LINE","Confidence":99.86485290527344,"Geometry":{"BoundingBox":{"Height":0.011936621740460396,"Left":0.46039149165153503,"Top":0.18206922709941864,"Width":0.036439716815948486},"Polygon":[{"X":0.46039149165153503,"Y":0.1820906400680542},{"X":0.4968271255493164,"Y":0.18206922709941864},{"X":0.4968312084674835,"Y":0.1939845085144043},{"X":0.4603954553604126,"Y":0.1940058469772339}]},"Id":"058c07ec-e284-4711-b75c-cee54f9d3747","Relationships":[{"Ids":["551a67fa-0477-4f4e-81f2-c4d0ebb56aab"],"Type":"CHILD"}],"Text":"GMP"},{"BlockType":"LINE","Confidence":99.97767639160156,"Geometry":{"BoundingBox":{"Height":0.011599001474678516,"Left":0.5483628511428833,"Top":0.18216873705387115,"Width":0.03521917387843132},"Polygon":[{"X":0.5483628511428833,"Y":0.1821894347667694},{"X":0.5835778117179871,"Y":0.18216873705387115},{"X":0.5835819840431213,"Y":0.1937471181154251},{"X":0.5483669638633728,"Y":0.1937677413225174}]},"Id":"707c3c6c-c0a0-4a99-973b-d21cb814531a","Relationships":[{"Ids":["7c5ea01f-b8c6-4153-91e9-c2db79779348"],"Type":"CHILD"}],"Text":"1630"},{"BlockType":"LINE","Confidence":99.8511734008789,"Geometry":{"BoundingBox":{"Height":0.012111243791878223,"Left":0.589844286441803,"Top":0.18195417523384094,"Width":0.03677227348089218},"Polygon":[{"X":0.589844286441803,"Y":0.18197578191757202},{"X":0.6266120076179504,"Y":0.18195417523384094},{"X":0.6266165375709534,"Y":0.19404388964176178},{"X":0.5898486971855164,"Y":0.1940654218196869}]},"Id":"cee87b21-afab-4c95-9960-5ff629a34fcb","Relationships":[{"Ids":["3125535c-e19c-4712-9265-1bcd7dc32f20"],"Type":"CHILD"}],"Text":"GMP"},{"BlockType":"LINE","Confidence":99.95738983154297,"Geometry":{"BoundingBox":{"Height":0.011208891868591309,"Left":0.6774313449859619,"Top":0.18242935836315155,"Width":0.0354999341070652},"Polygon":[{"X":0.6774313449859619,"Y":0.18245020508766174},{"X":0.7129268646240234,"Y":0.18242935836315155},{"X":0.7129313349723816,"Y":0.19361746311187744},{"X":0.6774356961250305,"Y":0.19363825023174286}]},"Id":"41d97a7a-f137-43b0-821e-49bbe30a2984","Relationships":[{"Ids":["2e8d5060-552d-4005-a6f4-a16bb4e5da9e"],"Type":"CHILD"}],"Text":"2230"},{"BlockType":"LINE","Confidence":99.09956359863281,"Geometry":{"BoundingBox":{"Height":0.011668786406517029,"Left":0.033030156046152115,"Top":0.20115362107753754,"Width":0.06072939187288284},"Polygon":[{"X":0.033030156046152115,"Y":0.20118911564350128},{"X":0.09375672787427902,"Y":0.20115362107753754},{"X":0.09375955164432526,"Y":0.21278704702854156},{"X":0.03303280845284462,"Y":0.21282240748405457}]},"Id":"daa1a450-7f09-4d07-824b-fe95320f3db0","Relationships":[{"Ids":["d70bc80f-597d-47d2-b8e2-492d54026802"],"Type":"CHILD"}],"Text":"07Jan23"},{"BlockType":"LINE","Confidence":99.95172882080078,"Geometry":{"BoundingBox":{"Height":0.011443191207945347,"Left":0.26440927386283875,"Top":0.20115850865840912,"Width":0.034807488322257996},"Polygon":[{"X":0.26440927386283875,"Y":0.20117884874343872},{"X":0.2992134094238281,"Y":0.20115850865840912},{"X":0.29921677708625793,"Y":0.21258142590522766},{"X":0.264412522315979,"Y":0.2126016914844513}]},"Id":"0b970be8-d403-453f-8bd9-b1418a23b6a1","Relationships":[{""
20:09:02.827 [Test worker] DEBUG org.apache.http.wire - http-outgoing-0 << "Ids":["24ddcfda-ab45-4077-afc1-46c5909ebcf7"],"Type":"CHILD"}],"Text":"1630"},{"BlockType":"LINE","Confidence":99.80461883544922,"Geometry":{"BoundingBox":{"Height":0.011903182603418827,"Left":0.32877352833747864,"Top":0.20094984769821167,"Width":0.07782621681690216},"Polygon":[{"X":0.32877352833747864,"Y":0.2009953260421753},{"X":0.40659594535827637,"Y":0.20094984769821167},{"X":0"
20:09:02.828 [Test worker] DEBUG org.apache.http.wire - http-outgoing-0 << ".4065997302532196,"Y":0.21280771493911743},{"X":0.3287770748138428,"Y":0.21285302937030792}]},"Id":"169076cf-5213-4129-a91e-c010f7a4ab1a","Relationships":[{"Ids":["cd2bfe58-352d-4333-bbb1-0f4be3690172","9bb3ca01-72c9-40e8-9b3d-7ec04a6ebec4"],"Type":"CHILD"}],"Text":"2230 SIM1"},{"BlockType":"LINE","Confidence":99.8090591430664,"Geometry":{"BoundingBox":{"Height":0.01185520738363266,"Left":0.46052590012550354,"Top":0.2009965181350708,"Width":0.03653179109096527},"Polygon":[{"X":0.46052590012550354,"Y":0.2010178565979004},{"X":0.4970536530017853,"Y":0.2009965181350708},{"X":0.4970576763153076,"Y":0.21283045411109924},{"X":0.4605298340320587,"Y":0.21285171806812286}]},"Id":"2d2292af-97b2-48ab-aa35-a81a59f80c68","Relationships":[{"Ids":["32f49a64-7498-4c5e-a583-138785eb5326"],"Type":"CHILD"}],"Text":"GMP"},{"BlockType":"LINE","Confidence":99.9766616821289,"Geometry":{"BoundingBox":{"Height":0.011519008316099644,"Left":0.5482274293899536,"Top":0.20116780698299408,"Width":0.035463858395814896},"Polygon":[{"X":0.548"
20:09:02.831 [Test worker] DEBUG org.apache.http.wire - http-outgoing-0 << "2274293899536,"Y":0.20118851959705353},{"X":0.5836871266365051,"Y":0.20116780698299408},{"X":0.5836912989616394,"Y":0.21266616880893707},{"X":0.5482315421104431,"Y":0.21268682181835175}]},"Id":"fb6f058c-45de-4cbf-b6c9-d141145bf513","Relationships":[{"Ids":["c8640123-bde2-43f2-ba13-cb020ecc1e2f"],"Type":"CHILD"}],"Text":"1630"},{"BlockType":"LINE","Confidence":99.86442565917969,"Geometry":{"BoundingBox":{"Height":0.012001658789813519,"Left":0.5899134874343872,"Top":0.20092988014221191,"Width":0.036845359951257706},"Polygon":[{"X":0.5899134874343872,"Y":0.20095141232013702},{"X":0.6267543435096741,"Y":0.20092988014221191},{"X":0.6267588138580322,"Y":0.21291010081768036},{"X":0.5899178385734558,"Y":0.2129315435886383}]},"Id":"fb677570-b5d8-4401-ba48-ee51481ca0d0","Relationships":[{"Ids":["a8b41115-3f2d-4270-926e-34d050a285f6"],"Type":"CHILD"}],"Text":"GMP"},{"BlockType":"LINE","Confidence":99.96256256103516,"Geometry":{"BoundingBox":{"Height":0.011264643631875515,"Left":0.6775727868080139,"Top":0.2013099491596222,"Width":0.03546445444226265},"Polygon":[{"X":0.6775727868080139,"Y":0.20133067667484283},{"X":0.7130327820777893,"Y":0.2013099491596222},{"X":0.7130372524261475,"Y":0.2125539481639862},{"X":0.6775771379470825,"Y":0.21257460117340088}]},"Id":"44e68f24-582c-424c-badf-964ffa6e0adc","Relationships":[{"Ids":["4c857d64-fd80-4466-b96c-17dcb32ebe31"],"Type":"CHILD"}],"Text":"2230"},{"BlockType":"LINE","Confidence":99.1655502319336,"Geometry":{"BoundingBox":{"Height":0.01177274901419878,"Left":0.03291904181241989,"Top":0.2194160521030426,"Width":0.06087321788072586},"Polygon":[{"X":0.03291904181241989,"Y":0.2194514274597168},{"X":0.09378941357135773,"Y":0.2194160521030426},{"X":0.09379225969314575,"Y":0.23115354776382446},{"X":0.03292171657085419,"Y":0.2311888039112091}]},"Id":"c12f40ea-6811-4189-a741-48e7ec870950","Relationships":[{"Ids":["1e007b77-8dda-41a1-9998-481e56307aec"],"Type":"CHILD"}],"Text":"08Jan23"},{"BlockType":"LINE","Confidence":99.96856689453125,"Geometry":{"BoundingBox":{"Height":0.011704026721417904,"Left":0.3711478114128113,"Top":0.21949070692062378,"Width":0.031374625861644745},"Polygon":[{"X":0.3711478114128113,"Y":0.21950894594192505},{"X":0.40251871943473816,"Y":0.21949070692062378},{"X":0.4025224447250366,"Y":0.23117657005786896},{"X":0.3711514472961426,"Y":0.23119473457336426}]},"Id":"0f18bc4f-7b30-4716-aeab-fe351d4408d3","Relationships":[{"Ids":["a053e7d4-f4cb-437a-850a-dfd4ff536b29"],"Type":"CHILD"}],"Text":"OFF"},{"BlockType":"LINE","Confidence":99.81148529052734,"Geometry":{"BoundingBox":{"Height":0.011802584864199162,"Left":0.4603728652000427,"Top":0.21945196390151978,"Width":0.0367279052734375},"Polygon":[{"X":0.4603728652000427,"Y":0.21947330236434937},{"X":0.4970967471599579,"Y":0.21945196390151978},{"X":0.4971007704734802,"Y":0.23123328387737274},{"X":0.4603767693042755,"Y":0.23125454783439636}]},"Id":"418f0133-643b-44b1-9fce-282c119f7445","Relationships":[{"Ids":["4d2d6c02-bbad-46ae-80c2-1ebd35bbf298"],"Type":"CHILD"}],"Text":"GMP"},{"BlockType":"LINE","Confidence":99.85660552978516,"Geometry":{"BoundingBox":{"Height":0.01135051716119051,"Left":0.5472651124000549,"Top":0.21973708271980286,"Width":0.03632871061563492},"Polygon":[{"X":0.5472651124000549,"Y":0.21975818276405334},{"X":0.5835896730422974,"Y":0.21973708271980286},{"X":0.5835937857627869,"Y":0.23106655478477478},{"X":0.5472691059112549,"Y":0.2310875952243805}]},"Id":"0572e510-2146-4692-a776-9a0c5f09b70b","Relationships":[{"Ids":["28c197bb-a010-48e4-8915-de21933d7edc"],"Type":"CHILD"}],"Text":"0000"},{"BlockType":"LINE","Confidence":99.86050415039062,"Geometry":{"BoundingBox":{"Height":0.011897284537553787,"Left":0.5897818803787231,"Top":0.2193828672170639,"Width":0.03703010082244873},"Polygon":[{"X":0.5897818803787231,"Y":0.21940438449382782},{"X":0.6268075108528137,"Y":0.2193828672170639},{"X":0.6268119812011719,"Y":0.23125870525836945},{"X":0.589786171913147,"Y":0.2312801480293274}]},"Id":"7b8a50b5-e275-455d-95a1-a55a73e2b98e","Relationships":[{"Ids":["bea93329-7787-4713-bec6-cc7dd4c2a979"],"Type":"CHILD"}],"Text":"GMP"},{"BlockType":"LINE","Confidence":99.97137451171875,"Geometry":{"BoundingBox":{"Height":0.011324500665068626,"Left":0.6773662567138672,"Top":0.2196342498064041,"Width":0.03546800836920738},"Polygon":[{"X":0.6773662567138672,"Y":0.2196548581123352},{"X":0.7128297686576843,"Y":0.2196342498064041},{"X":0.7128342390060425,"Y":0.23093822598457336},{"X":0.6773706078529358,"Y":0.2309587597846985}]},"Id":"06f1aae7-5a53-4b3c-a3c9-4ed8778d4ba6","Relationships":[{"Ids":["5d58fb5e-ea95-49af-bbb3-77bb2994160a"],"Type":"CHILD"}],"Text":"2359"},{"BlockType":"LINE","Confidence":99.63801574707031,"Geometry":{"BoundingBox":{"Height":0.011853883974254131,"Left":0.03292234614491463,"Top":0.23824405670166016,"Width":0.06079742684960365},"Polygon":[{"X":0.03292234614491463,"Y":0.23827919363975525},{"X":0.09371690452098846,"Y":0.23824405670166016},{"X":0.09371977299451828,"Y":0.2500629425048828},{"X":0.03292503580451012,"Y":0.25009796023368835}]},"Id":"9c0d0a42-c436-4b2f-bc9d-726bcc07e093","Relationships":[{"Ids":["f16055e0-3dad-4fed-9600-3218821814de"],"Type":"CHILD"}],"Text":"09Jan23"},{"BlockType":"LINE","Confidence":99.968994140625,"Geometry":{"BoundingBox":{"Height":0.011752413585782051,"Left":0.37101107835769653,"Top":0.23822976648807526,"Width":0.03170238807797432},"Polygon":[{"X":0.37101107835769653,"Y":0.2382480949163437},{"X":0.4027097225189209,"Y":0.23822976648807526},{"X":0.40271344780921936,"Y":0.2499639391899109},{"X":0.37101471424102783,"Y":0.24998219311237335}]},"Id":"c741b923-2791-4a04-b9a7-08e3e4f4f213","Relationships":[{"Ids":["615f3636-1c14-492b-b20e-f0c2b13818f3"],"Type":"CHILD"}],"Text":"OFF"},{"BlockType":"LINE","Confidence":99.78620147705078,"Geometry":{"BoundingBox":{"Height":0.011853953823447227,"Left":0.46027177572250366,"Top":0.23813870549201965,"Width":0.036805424839258194},"Polygon":[{"X":0.46027177572250366,"Y":0.23815996944904327},{"X":0.49707314372062683,"Y":0.23813870549201965},{"X":0.49707719683647156,"Y":0.24997147917747498},{"X":0.46027570962905884,"Y":0.24999266862869263}]},"Id":"f03beecf-3a23-48e0-b967-02a47366eaf5","Relationships":[{"Ids":["84d6a2e7-8977-4438-a077-efb1b496ef97"],"Type":"CHILD"}],"Text":"GMP"},{"BlockType":"LINE","Confidence":99.843994140625,"Geometry":{"BoundingBox":{"Height":0.011203158646821976,"Left":0.5473223328590393,"Top":0.23861251771450043,"Width":0.036385394632816315},"Polygon":[{"X":0.5473223328590393,"Y":0.23863354325294495},{"X":0.5837036967277527,"Y":0.23861251771450043},{"X":0.5837077498435974,"Y":0.24979473650455475},{"X":0.5473263263702393,"Y":0.2498156875371933}]},"Id":"52ce69f1-b37c-4207-a164-5d1312317aa8","Relationships":[{"Ids":["8b786e7c-fb8e-4beb-8367-ce02f886480f"],"Type":"CHILD"}],"Text":"0000"},{"BlockType":"LINE","Confidence":99.84025573730469,"Geometry":{"BoundingBox":{"Height":0.011758952401578426,"Left":0.5897853374481201,"Top":0.23819276690483093,"Width":0.036849718540906906},"Polygon":[{"X":0.5897853374481201,"Y":0.23821404576301575},{"X":0.6266306638717651,"Y":0.23819276690483093},{"X":0.6266350746154785,"Y":0.2499305009841919},{"X":0.589789628982544,"Y":0.24995172023773193}]},"Id":"a925968a-5b90-4ed8-a230-5e993ca4d351","Relationships":[{"Ids":["6da1f601-ad3d-4d12-9e0c-b853be843110"],"Type":"CHILD"}],"Text":"GMP"},{"BlockType":"LINE","Confidence":99.97513580322266,"Geometry":{"BoundingBox":{"Height":0.01126059889793396,"Left":0.6773799657821655,"Top":0.2385222613811493,"Width":0.035600848495960236},"Polygon":[{"X":0.6773799657821655,"Y":0.2385428249835968},{"X":0.712976336479187,"Y":0.2385222613811493},{"X":0.7129808068275452,"Y":0.2497623711824417},{"X":0.6773843169212341,"Y":0.24978286027908325}]},"Id":"882a7e09-21bb-409d-b59c-c48a7b80031b","Relationships":[{"Ids":["bdd9bbbf-56b8-479f-abc0-ccfa53ee351a"],"Type":"CHILD"}],"Text":"2359"},{"BlockType":"LINE","Confidence":99.74227905273438,"Geometry":{"BoundingBox":{"Height":0.011713342741131783,"Left":0.03410849720239639,"T"
20:09:02.835 [Test worker] DEBUG org.apache.http.wire - http-outgoing-0 << "op":0.2566227614879608,"Width":0.11154463142156601},"Polygon":[{"X":0.03410849720239639,"Y":0.25668683648109436},{"X":0.14565014839172363,"Y":0.2566227614879608},{"X":0.1456531286239624,"Y":0.2682722210884094},{"X":0.034111153334379196,"Y":0.26833608746528625}]},"Id":"6048b8ea-cf7a-4ddf-9996-9df8b01097fb","Relationships":[{"Ids":["b641dcba-f77a-4ed3-a4ac-5026437266d5","d39f81cf-16e3-41b6-b021-2e1502bf7068"],"Type":"CHILD"}],"Text":"10Jan23 F1454"},{"BlockType":"LINE","Confidence":99.8217544555664,"Geometry":{"BoundingBox":{"Height":0.012209468521177769,"Left":0.19017422199249268,"Top":0.2565401792526245,"Width":0.023106683045625687},"Polygon":[{"X":0.19017422199249268,"Y":0.25655344128608704},{"X":0.21327759325504303,"Y":0.2565401792526245},{"X":0.21328091621398926,"Y":0.26873642206192017},{"X":0.19017747044563293,"Y":0.2687496542930603}]},"Id":"1cbdefdc-2ff1-4499-a487-b38a6d459632","Relationships":[{"Ids":["7a4d7775-d14a-4615-9391-54ba3d70aa83"],"Type":"CHILD"}],"Text":"DH"},{"BlockType":"LINE","Confidence":99.92694854736328,"Geometry":{"BoundingBox":{"Height":0.011753014288842678,"Left":0.2633957862854004,"Top":0.25656983256340027,"Width":0.03576367720961571},"Polygon":[{"X":0.2633957862854004,"Y":0.2565903663635254},{"X":0.2991560101509094,"Y":0.25656983256340027},{"X":0.2991594672203064,"Y":0.2683023512363434},{"X":0.2633991241455078,"Y":0.26832282543182373}]},"Id":"63cdd788-414b-4e09-94a6-f9f85d426f6c","Relationships":[{"Ids":["5d9c6d1a-905d-4833-8870-fc3de3d1f915"],"Type":"CHILD"}],"Text":"0915"},{"BlockType":"LINE","Confidence":99.97380065917969,"Geometry":{"BoundingBox":{"Height":0.011541650630533695,"Left":0.37018969655036926,"Top":0.25689229369163513,"Width":0.02817939594388008},"Polygon":[{"X":0.37018969655036926,"Y":0.25690847635269165},{"X":0.39836543798446655,"Y":0.25689229369163513},{"X":0.39836907386779785,"Y":0.2684178054332733},{"X":0.3701932728290558,"Y":0.26843395829200745}]},"Id":"a354a20c-2249-49c3-9e88-a4ab3a9de168","Relationships":[{"Ids":["a138e871-f97e-4dfe-bae9-8209f26c5907"],"Type":"CHILD"}],"Text":"AIR"},{"BlockType":"LINE","Confidence":99.70938110351562,"Geometry":{"BoundingBox":{"Height":0.011892386712133884,"Left":0.4607834219932556,"Top":0.2562542259693146,"Width":0.036365531384944916},"Polygon":[{"X":0.4607834219932556,"Y":0.25627514719963074},{"X":0.497144877910614,"Y":0.2562542259693146},{"X":0.49714893102645874,"Y":0.2681258022785187},{"X":0.4607873558998108,"Y":0.2681466341018677}]},"Id":"b061f205-fb71-49bb-93f9-e29f233818c9","Relationships":[{"Ids":["331e30a0-65c3-4354-b965-73e10bead4b0"],"Type":"CHILD"}],"Text":"GMP"},{"BlockType":"LINE","Confidence":99.96090698242188,"Geometry":{"BoundingBox":{"Height":0.01146299671381712,"Left":0.5482187271118164,"Top":0.2566792368888855,"Width":0.034881286323070526},"Polygon":[{"X":0.5482187271118164,"Y":0.2566992938518524},{"X":0.5830958485603333,"Y":0.2566792368888855},{"X":0.5831000208854675,"Y":0.26812228560447693},{"X":0.5482227802276611,"Y":0.2681422531604767}]},"Id":"4e48c42a-e60e-481d-9bf4-75bb981e1168","Relationships":[{"Ids":["f695211e-10d4-4ecb-8142-0c4bd65ae51d"],"Type":"CHILD"}],"Text":"1025"},{"BlockType":"LINE","Confidence":99.54402923583984,"Geometry":{"BoundingBox":{"Height":0.011811714619398117,"Left":0.5902230143547058,"Top":0.2563370168209076,"Width":0.03282781317830086},"Polygon":[{"X":0.5902230143547058,"Y":0.256355881690979},{"X":0.6230464577674866,"Y":0.2563370168209076},{"X":0.6230508089065552,"Y":0.26812994480133057},{"X":0.5902273058891296,"Y":0.2681487202644348}]},"Id":"e29fe701-e21d-437c-968e-1b5ae2fd1296","Relationships":[{"Ids":["43f8867d-cb59-483c-b4e9-e824362da43d"],"Type":"CHILD"}],"Text":"PUS"},{"BlockType":"LINE","Confidence":99.96347045898438,"Geometry":{"BoundingBox":{"Height":0.011589571833610535,"Left":0.6780229806900024,"Top":0.2566986083984375,"Width":0.0351894237101078},"Polygon":[{"X":0.6780229806900024,"Y":0.25671881437301636},{"X":0.7132077813148499,"Y":0.2566986083984375},{"X":0.7132123708724976,"Y":0.26826804876327515},{"X":0.6780274510383606,"Y":0.26828819513320923}]},"Id":"df7d59c9-a87b-467b-a3b4-9a4286194631","Relationships":[{"Ids":["6f592a19-a2f1-41ed-aa7c-47e8a1bb972e"],"Type":"CHILD"}],"Text":"1130"},{"BlockType":"LINE","Confidence":99.98846435546875,"Geometry":{"BoundingBox":{"Height":0.011805182322859764,"Left":0.3715629279613495,"Top":0.27545347809791565,"Width":0.035053517669439316},"Polygon":[{"X":0.3715629279613495,"Y":0.2754735052585602},{"X":0.40661266446113586,"Y":0.27545347809791565},{"X":0.4066164493560791,"Y":0.2872387170791626},{"X":0.3715665936470032,"Y":0.28725868463516235}]},"Id":"df285c06-d35d-4937-b833-bb76e0c5ff88","Relationships":[{"Ids":["50234334-13f9-4e34-90d1-710586e7ae33"],"Type":"CHILD"}],"Text":"1454"},{"BlockType":"LINE","Confidence":99.67900848388672,"Geometry":{"BoundingBox":{"Height":0.011982948519289494,"Left":0.46065181493759155,"Top":0.2754243314266205,"Width":0.0326177142560482},"Polygon":[{"X":0.46065181493759155,"Y":0.2754429578781128},{"X":0.49326545000076294,"Y":0.2754243314266205},{"X":0.49326953291893005,"Y":0.28738871216773987},{"X":0.4606558084487915,"Y":0.2874072790145874}]},"Id":"e92837ec-9ba5-485c-b38d-89efbcd83b4d","Relationships":[{"Ids":["c98ece27-f5f0-449a-87a7-480e2e0b9b75"],"Type":"CHILD"}],"Text":"PUS"},{"BlockType":"LINE","Confidence":99.97696685791016,"Geometry":{"BoundingBox":{"Height":0.011684069409966469,"Left":0.5482897758483887,"Top":0.2755662202835083,"Width":0.03524947538971901},"Polygon":[{"X":0.5482897758483887,"Y":0.27558633685112},{"X":0.5835350155830383,"Y":0.2755662202835083},{"X":0.5835392475128174,"Y":0.2872302234172821},{"X":0.5482938885688782,"Y":0.287250280380249}]},"Id":"e94785f5-026c-4eb9-ae9b-38644b72a7fb","Relationships":[{"Ids":["841e1dda-a815-4e72-94ce-f133b6f22367"],"Type":"CHILD"}],"Text":"1320"},{"BlockType":"LINE","Confidence":99.84744262695312,"Geometry":{"BoundingBox":{"Height":0.011863172054290771,"Left":0.5901555418968201,"Top":0.2754861116409302,"Width":0.0321744829416275},"Polygon":[{"X":0.5901555418968201,"Y":0.2755044996738434},{"X":0.6223256587982178,"Y":0.2754861116409302},{"X":0.6223300695419312,"Y":0.2873309850692749},{"X":0.5901598930358887,"Y":0.28734928369522095}]},"Id":"843d2e87-3276-4007-a45f-34f192927f65","Relationships":[{"Ids":["80238bf0-9c2a-4d44-ab34-4b20eee23cf2"],"Type":"CHILD"}],"Text":"FUK"},{"BlockType":"LINE","Confidence":99.89986419677734,"Geometry":{"BoundingBox":{"Height":0.011662954464554787,"Left":0.6779908537864685,"Top":0.2755713164806366,"Width":0.03540188446640968},"Polygon":[{"X":0.6779908537864685,"Y":0.27559152245521545},{"X":0.7133881449699402,"Y":0.2755713164806366},{"X":0.7133927345275879,"Y":0.28721413016319275},{"X":0.6779953837394714,"Y":0.28723427653312683}]},"Id":"1e1bf059-a418-42cb-8583-dde343a99a94","Relationships":[{"Ids":["4ce144db-f0e1-4b10-aefd-940a1a27222f"],"Type":"CHILD"}],"Text":"1420"},{"BlockType":"LINE","Confidence":99.92713165283203,"Geometry":{"BoundingBox":{"Height":0.011613522656261921,"Left":0.7199188470840454,"Top":0.2755874991416931,"Width":0.026924682781100273},"Polygon":[{"X":0.7199188470840454,"Y":0.27560287714004517},{"X":0.7468388676643372,"Y":0.2755874991416931},{"X":0.7468435168266296,"Y":0.2871856987476349},{"X":0.7199234366416931,"Y":0.28720101714134216}]},"Id":"278c97c7-ccb2-43da-b803-f1bf955c2342","Relationships":[{"Ids":["a206e58c-8e6a-48a2-a027-affbfc851264"],"Type":"CHILD"}],"Text":"738"},{"BlockType":"LINE","Confidence":99.9382553100586,"Geometry":{"BoundingBox":{"Height":0.011733819730579853,"Left":0.10075175017118454,"Top":0.29381757974624634,"Width":0.04482947662472725},"Polygon":[{"X":0.10075175017118454,"Y":0.29384303092956543},{"X":0.14557823538780212,"Y":0.29381757974624634},{"X":0.1455812305212021,"Y":0.3055260181427002},{"X":0.10075461119413376,"Y":0.3055513799190521}]},"Id":"966b591c-f009-4160-916d-450d6b3b9446","Relationships":[{"Ids":["94ebddb4-1518-4f8a-99b7-18fcfc15fd8f"],"Type":"CHILD"}],"Text":"F1454"},{"BlockType":"LINE","Confidence":99.90"
20:09:02.837 [Test worker] DEBUG org.apache.http.wire - http-outgoing-0 << "80810546875,"Geometry":{"BoundingBox":{"Height":0.011787321418523788,"Left":0.3289901316165924,"Top":0.29374438524246216,"Width":0.07757684588432312},"Polygon":[{"X":0.3289901316165924,"Y":0.29378846287727356},{"X":0.40656325221061707,"Y":0.29374438524246216},{"X":0.4065670073032379,"Y":0.30548781156539917},{"X":0.32899367809295654,"Y":0.30553171038627625}]},"Id":"0d096a1b-0842-4ff"
20:09:02.838 [Test worker] DEBUG org.apache.http.wire - http-outgoing-0 << "c-bece-5fe63f033fb0","Relationships":[{"Ids":["e7cde274-2313-4eb7-9653-0c6c0e76184f","907b5630-8452-480d-bfdf-714e9e8d2eb1"],"Type":"CHILD"}],"Text":"1620 1453"},{"BlockType":"LINE","Confidence":99.86314392089844,"Geometry":{"BoundingBox":{"Height":0.01159930694848299,"Left":0.4608650505542755,"Top":0.2939527928829193,"Width":0.03164513409137726},"Polygon":[{"X":0.4608650505542755,"Y":0.2939707636833191},{"X":0.4925062358379364,"Y":0.2939527928829193},{"X":0.4925101697444916,"Y":0.3055341839790344},{"X":0.4608688950538635,"Y":0.30555209517478943}]},"Id":"e2f808d4-8cbe-4afc-8f95-4d47d737f13b","Relationships":[{"Ids":["efc5313a-33ca-40c4-bbe1-936784a9f44b"],"Type":"CHILD"}],"Text":"FUK"},{"BlockType":"LINE","Confidence":99.97808074951172,"Geometry":{"BoundingBox":{"Height":0.0115269236266613,"Left":0.5483219623565674,"Top":0.29395946860313416,"Width":0.03511526435613632},"Polygon":[{"X":0.5483219623565674,"Y":0.2939794063568115},{"X":0.5834330320358276,"Y":0.29395946860313416},{"X":0.5834372639656067,"Y":0.3054"
20:09:02.840 [Test worker] DEBUG org.apache.http.wire - http-outgoing-0 << "6653270721436},{"X":0.5483260750770569,"Y":0.30548641085624695}]},"Id":"29ed774e-413b-4b32-93f0-def688691732","Relationships":[{"Ids":["2be13449-5170-4c9c-97de-5cb7c2ce9c2a"],"Type":"CHILD"}],"Text":"1510"},{"BlockType":"LINE","Confidence":99.72335815429688,"Geometry":{"BoundingBox":{"Height":0.011846371926367283,"Left":0.5901341438293457,"Top":0.2938673496246338,"Width":0.032976336777210236},"Polygon":[{"X":0.5901341438293457,"Y":0.29388606548309326},{"X":0.623106062412262,"Y":0.2938673496246338},{"X":0.6231104731559753,"Y":0.3056950569152832},{"X":0.5901384949684143,"Y":0.3057137131690979}]},"Id":"dcbca40b-385a-4608-a54c-aa53d37fd419","Relationships":[{"Ids":["002917aa-742f-408d-ab43-ede5bccfcb7b"],"Type":"CHILD"}],"Text":"PUS"},{"BlockType":"LINE","Confidence":99.9647216796875,"Geometry":{"BoundingBox":{"Height":0.011378058232367039,"Left":0.6781474947929382,"Top":0.29402387142181396,"Width":0.03500969335436821},"Polygon":[{"X":0.6781474947929382,"Y":0.29404374957084656},{"X":0.7131527066230774,"Y":0.29402387142181396},{"X":0.7131571769714355,"Y":0.30538210272789},{"X":0.6781519055366516,"Y":0.30540192127227783}]},"Id":"b9810892-9959-4fac-811d-0a560c7f5e02","Relationships":[{"Ids":["3f992f85-2abe-467c-829b-069761e81836"],"Type":"CHILD"}],"Text":"1600"},{"BlockType":"LINE","Confidence":99.91357421875,"Geometry":{"BoundingBox":{"Height":0.011449197307229042,"Left":0.7200523018836975,"Top":0.2939780354499817,"Width":0.02671057917177677},"Polygon":[{"X":0.7200523018836975,"Y":0.293993204832077},{"X":0.7467582821846008,"Y":0.2939780354499817},{"X":0.7467628717422485,"Y":0.3054121136665344},{"X":0.7200568318367004,"Y":0.305427223443985}]},"Id":"64cc56b2-32f3-41b2-b1e3-c443fe1d6002","Relationships":[{"Ids":["79132ebb-a9c7-46f8-bcd7-9a8e9d12098b"],"Type":"CHILD"}],"Text":"738"},{"BlockType":"LINE","Confidence":99.66840362548828,"Geometry":{"BoundingBox":{"Height":0.012254932895302773,"Left":0.3709627687931061,"Top":0.3123941719532013,"Width":0.05353938788175583},"Polygon":[{"X":0.3709627687931061,"Y":0.3124244213104248},{"X":0.42449820041656494,"Y":0.3123941719532013},{"X":0.4245021641254425,"Y":0.32461899518966675},{"X":0.3709665834903717,"Y":0.3246490955352783}]},"Id":"f6c4783d-6c09-4dc9-93c0-86a7e4384f8a","Relationships":[{"Ids":["a8b00498-4448-4a62-af67-4ca9cc0c51b0"],"Type":"CHILD"}],"Text":"LAYOV"},{"BlockType":"LINE","Confidence":99.69747161865234,"Geometry":{"BoundingBox":{"Height":0.011970373801887035,"Left":0.4607089161872864,"Top":0.3125947117805481,"Width":0.03265141695737839},"Polygon":[{"X":0.4607089161872864,"Y":0.3126131296157837},{"X":0.49335625767707825,"Y":0.3125947117805481},{"X":0.49336034059524536,"Y":0.3245467245578766},{"X":0.46071290969848633,"Y":0.3245650827884674}]},"Id":"739e8959-72cf-4de0-a8ec-3339087fb355","Relationships":[{"Ids":["954bcfe2-1675-4881-89ad-5b8a3cc335a0"],"Type":"CHILD"}],"Text":"PUS"},{"BlockType":"LINE","Confidence":99.95454406738281,"Geometry":{"BoundingBox":{"Height":0.011894162744283676,"Left":0.5482777953147888,"Top":0.31244686245918274,"Width":0.03526740521192551},"Polygon":[{"X":0.5482777953147888,"Y":0.3124668002128601},{"X":0.5835409164428711,"Y":0.31244686245918274},{"X":0.5835452079772949,"Y":0.3243212103843689},{"X":0.5482820272445679,"Y":0.3243410289287567}]},"Id":"582c6815-a412-49f5-ba04-c07b997e9349","Relationships":[{"Ids":["6249461d-17c5-4735-b8c3-23573a9b3b0c"],"Type":"CHILD"}],"Text":"1710"},{"BlockType":"LINE","Confidence":99.71064758300781,"Geometry":{"BoundingBox":{"Height":0.012048347853124142,"Left":0.5901824235916138,"Top":0.3124798834323883,"Width":0.0329461507499218},"Polygon":[{"X":0.5901824235916138,"Y":0.3124984800815582},{"X":0.6231240630149841,"Y":0.3124798834323883},{"X":0.6231285929679871,"Y":0.32450971007347107},{"X":0.5901868343353271,"Y":0.3245282471179962}]},"Id":"fec72f7b-b6bf-446e-bd81-f80036f6d6a1","Relationships":[{"Ids":["748c36e3-0ee6-41b9-81fc-122af0639459"],"Type":"CHILD"}],"Text":"PUS"},{"BlockType":"LINE","Confidence":99.87614440917969,"Geometry":{"BoundingBox":{"Height":0.011418570764362812,"Left":0.6781671643257141,"Top":0.3127378225326538,"Width":0.03501027822494507},"Polygon":[{"X":0.6781671643257141,"Y":0.31275761127471924},{"X":0.7131729125976562,"Y":0.3127378225326538},{"X":0.7131773829460144,"Y":0.3241367042064667},{"X":0.6781715154647827,"Y":0.32415640354156494}]},"Id":"50f34089-14e8-4002-a4df-896fd97b0901","Relationships":[{"Ids":["eab66103-af28-4eeb-82a4-c4517e925095"],"Type":"CHILD"}],"Text":"1630"},{"BlockType":"LINE","Confidence":95.21894073486328,"Geometry":{"BoundingBox":{"Height":0.011971156112849712,"Left":0.7195330262184143,"Top":0.3125298321247101,"Width":0.028006726875901222},"Polygon":[{"X":0.7195330262184143,"Y":0.31254565715789795},{"X":0.7475349307060242,"Y":0.3125298321247101},{"X":0.747539758682251,"Y":0.32448524236679077},{"X":0.7195377945899963,"Y":0.32450100779533386}]},"Id":"5651c62c-09d6-4e80-b741-d4eb97379ef6","Relationships":[{"Ids":["2fd57fd4-76ef-4bd2-a391-ed384b32ecd4"],"Type":"CHILD"}],"Text":"???"},{"BlockType":"LINE","Confidence":99.78157806396484,"Geometry":{"BoundingBox":{"Height":0.011913418769836426,"Left":0.03411956503987312,"Top":0.3310687243938446,"Width":0.1115027442574501},"Polygon":[{"X":0.03411956503987312,"Y":0.33113133907318115},{"X":0.14561928808689117,"Y":0.3310687243938446},{"X":0.14562231302261353,"Y":0.3429197669029236},{"X":0.03412226587533951,"Y":0.34298214316368103}]},"Id":"5bee4e0b-e915-45c2-ab3b-a05305f7afe7","Relationships":[{"Ids":["21f524ed-b791-48cf-b685-d6250a0d82c2","e4690c24-67a9-4cad-a694-98520d028322"],"Type":"CHILD"}],"Text":"11Jan23 F1454"},{"BlockType":"LINE","Confidence":99.88751983642578,"Geometry":{"BoundingBox":{"Height":0.011704222299158573,"Left":0.26415735483169556,"Top":0.33117055892944336,"Width":0.03538825735449791},"Polygon":[{"X":0.26415735483169556,"Y":0.33119043707847595},{"X":0.2995421886444092,"Y":0.33117055892944336},{"X":0.29954561591148376,"Y":0.34285497665405273},{"X":0.264160692691803,"Y":0.34287476539611816}]},"Id":"71098267-8ec2-41ab-a1f8-74585e11e541","Relationships":[{"Ids":["cfef32fd-843d-4e88-89ef-59a045136fe5"],"Type":"CHILD"}],"Text":"1720"},{"BlockType":"LINE","Confidence":99.80398559570312,"Geometry":{"BoundingBox":{"Height":0.011761949397623539,"Left":0.3287234902381897,"Top":0.3311575651168823,"Width":0.07754120975732803},"Polygon":[{"X":0.3287234902381897,"Y":0.33120110630989075},{"X":0.4062609374523163,"Y":0.3311575651168823},{"X":0.40626469254493713,"Y":0.342876136302948},{"X":0.32872700691223145,"Y":0.3429195284843445}]},"Id":"cf090f8f-a127-4233-85a5-a65bc48844ee","Relationships":[{"Ids":["98331154-d7a5-4447-8f18-3862775275d1","89d9227c-c5ba-422f-a02a-f13ea0c1a2e9"],"Type":"CHILD"}],"Text":"2240 4257"},{"BlockType":"LINE","Confidence":99.69451141357422,"Geometry":{"BoundingBox":{"Height":0.011943033896386623,"Left":0.46058422327041626,"Top":0.33103665709495544,"Width":0.03268331289291382},"Polygon":[{"X":0.46058422327041626,"Y":0.33105501532554626},{"X":0.49326348304748535,"Y":0.33103665709495544},{"X":0.4932675361633301,"Y":0.3429614007472992},{"X":0.4605882167816162,"Y":0.34297969937324524}]},"Id":"e8556641-d425-4b58-ae94-eb3271494659","Relationships":[{"Ids":["7803aa42-01f7-4ddd-9954-11ce218ae886"],"Type":"CHILD"}],"Text":"PUS"},{"BlockType":"LINE","Confidence":99.97594451904297,"Geometry":{"BoundingBox":{"Height":0.011660100892186165,"Left":0.548224151134491,"Top":0.3311415910720825,"Width":0.035587627440690994},"Polygon":[{"X":0.548224151134491,"Y":0.33116158843040466},{"X":0.5838075876235962,"Y":0.3311415910720825},{"X":0.5838118195533752,"Y":0.34278178215026855},{"X":0.5482283234596252,"Y":0.34280169010162354}]},"Id":"5b8786d7-24f0-4a16-a6c4-5e021dbbeeca","Relationships":[{"Ids":["bbb0b895-95a1-4fe6-8a83-27babca37d89"],"Type":"CHILD"}],"Text":"1840"},{"BlockType":"LINE","Confidence":99.70565795898438,"Geometry":{"BoundingBox":{"Height":0.01209344994276762,"Left":0.5899399518966675,"Top":0.33093053102493286,"Width":0.03445293381810188},"Polygon""
20:09:02.843 [Test worker] DEBUG org.apache.http.wire - http-outgoing-0 << ":[{"X":0.5899399518966675,"Y":0.3309498727321625},{"X":0.6243883371353149,"Y":0.33093053102493286},{"X":0.6243928670883179,"Y":0.3430047035217285},{"X":0.5899443626403809,"Y":0.34302398562431335}]},"Id":"5606c893-818e-4803-b893-f6dd9e7baac3","Relationships":[{"Ids":["c449f8fd-8987-43ab-8fad-e43f323b6e45"],"Type":"CHILD"}],"Text":"CNX"},{"BlockType":"LINE","Confidence":99.5807113647461,"Geometry":{"BoundingBox":{"Height":0.011461748741567135,"Left":0.6770969033241272,"Top":0.3312504291534424,"Width":0.03621245175600052},"Polygon":[{"X":0.6770969033241272,"Y":0.3312707543373108},{"X":0.7133048176765442,"Y":0.3312504291534424},{"X":0.7133093476295471,"Y":0.34269192814826965},{"X":0.6771013140678406,"Y":0.3427121639251709}]},"Id":"6f19bbe3-d81e-4ca0-8e58-015b7523225f","Relationships":[{"Ids":["202276dc-8593-440d-8446-1ecc71710c5f"],"Type":"CHILD"}],"Text":"0020"},{"BlockType":"LINE","Confidence":99.92652893066406,"Geometry":{"BoundingBox":{"Height":0.011301207356154919,"Left":0.7201024293899536,"Top":0.33126136660575867,"Width":0.026724791154265404},"Polygon":[{"X":0.7201024293899536,"Y":0.33127638697624207},{"X":0.7468226552009583,"Y":0.33126136660575867},{"X":0.746827244758606,"Y":0.34254762530326843},{"X":0.7201068997383118,"Y":0.34256258606910706}]},"Id":"797e63b8-5237-4c22-82cd-0588df2555e0","Relationships":[{"Ids":["d3ea5743-a4ef-46fb-a64d-0e9e7dc51c0e"],"Type":"CHILD"}],"Text":"738"},{"BlockType":"LINE","Confidence":99.90628814697266,"Geometry":{"BoundingBox":{"Height":0.011713934130966663,"Left":0.033472802489995956,"Top":0.3499685227870941,"Width":0.11210893094539642},"Polygon":[{"X":0.033472802489995956,"Y":0.3500311076641083},{"X":0.1455787569284439,"Y":0.3499685227870941},{"X":0.14558173716068268,"Y":0.36162012815475464},{"X":0.03347545862197876,"Y":0.3616824746131897}]},"Id":"f7a4c12c-2000-4893-af0d-87175e5c1a2f","Relationships":[{"Ids":["a22b79b1-8150-4faf-9140-b4486b0e3653","766e0673-57a9-45fc-9ba0-a0d20ef4a6dd"],"Type":"CHILD"}],"Text":"12Jan23 F1454"},{"BlockType":"LINE","Confidence":99.67632293701172,"Geometry":{"BoundingBox":{"Height":0.012027053162455559,"Left":0.37112993001937866,"Top":0.3498012125492096,"Width":0.05317706987261772},"Polygon":[{"X":0.37112993001937866,"Y":0.34983089566230774},{"X":0.4243031144142151,"Y":0.3498012125492096},{"X":0.4243070185184479,"Y":0.3617987036705017},{"X":0.3711336851119995,"Y":0.3618282675743103}]},"Id":"f692767f-b492-4703-94bc-dd8d8ddc6b70","Relationships":[{"Ids":["a35b9cf0-6737-4907-ae3c-a9ce6b9330fb"],"Type":"CHILD"}],"Text":"LAYOV"},{"BlockType":"LINE","Confidence":99.68559265136719,"Geometry":{"BoundingBox":{"Height":0.011885123327374458,"Left":0.46023064851760864,"Top":0.349914014339447,"Width":0.0344063974916935},"Polygon":[{"X":0.46023064851760864,"Y":0.3499332368373871},{"X":0.4946329891681671,"Y":0.349914014339447},{"X":0.49463704228401184,"Y":0.3617800176143646},{"X":0.4602345824241638,"Y":0.3617991507053375}]},"Id":"1d313da1-9af2-4583-a1b9-0a97d99c41ef","Relationships":[{"Ids":["68d7a8fe-a6c7-4692-9e8c-90adddb6f489"],"Type":"CHILD"}],"Text":"CNX"},{"BlockType":"LINE","Confidence":99.95381164550781,"Geometry":{"BoundingBox":{"Height":0.01170409843325615,"Left":0.5473030805587769,"Top":0.3500007390975952,"Width":0.03645484521985054},"Polygon":[{"X":0.5473030805587769,"Y":0.350021094083786},{"X":0.5837536454200745,"Y":0.3500007390975952},{"X":0.5837579369544983,"Y":0.36168456077575684},{"X":0.5473071932792664,"Y":0.36170485615730286}]},"Id":"1a4cdbe4-5c09-453c-ba8b-fdbf2486ce8d","Relationships":[{"Ids":["e6cef27f-1ed4-4aa1-aced-ea379b53152b"],"Type":"CHILD"}],"Text":"0100"},{"BlockType":"LINE","Confidence":99.7331771850586,"Geometry":{"BoundingBox":{"Height":0.012034106999635696,"Left":0.5897151231765747,"Top":0.3497830629348755,"Width":0.03462608903646469},"Polygon":[{"X":0.5897151231765747,"Y":0.3498023748397827},{"X":0.6243367195129395,"Y":0.3497830629348755},{"X":0.6243412494659424,"Y":0.36179789900779724},{"X":0.5897195339202881,"Y":0.3618171811103821}]},"Id":"21f87517-dab5-494a-9cbc-4b72210dcb26","Relationships":[{"Ids":["ce78c6fe-43a6-468d-bc59-7c075b7bdc90"],"Type":"CHILD"}],"Text":"CNX"},{"BlockType":"LINE","Confidence":99.9267578125,"Geometry":{"BoundingBox":{"Height":0.011488509364426136,"Left":0.6770018339157104,"Top":0.35012197494506836,"Width":0.03636724874377251},"Polygon":[{"X":0.6770018339157104,"Y":0.3501422703266144},{"X":0.7133645415306091,"Y":0.35012197494506836},{"X":0.7133690714836121,"Y":0.36159026622772217},{"X":0.6770062446594238,"Y":0.3616105020046234}]},"Id":"181180f5-80e9-4e04-b6b1-58bef426645f","Relationships":[{"Ids":["8b339a51-4306-4ffb-9866-a0339ee9eccb"],"Type":"CHILD"}],"Text":"0010"},{"BlockType":"LINE","Confidence":99.20967864990234,"Geometry":{"BoundingBox":{"Height":0.015006113797426224,"Left":0.7195025682449341,"Top":0.3494877815246582,"Width":0.2509870231151581},"Polygon":[{"X":0.7195025682449341,"Y":0.34962788224220276},{"X":0.9704827666282654,"Y":0.3494877815246582},{"X":0.9704896211624146,"Y":0.3643544316291809},{"X":0.7195084691047668,"Y":0.36449387669563293}]},"Id":"93cb2d64-fd4f-4baa-930b-b7d5af38ef19","Relationships":[{"Ids":["10a8a2d8-da38-4c1d-b52f-8ffa3dd1e80a","e478b2fc-4e8b-42fd-b4c2-27d631a52ea3","d61b8d29-646e-4f9c-8dac-f602ff15fe76","97e6c426-c8b7-48c5-bcba-4f6f5f160a6b","a5976a7d-ac55-4177-b6f4-a7da92c60af8"],"Type":"CHILD"}],"Text":"Centara Riverside Hotel Chiang Mai"},{"BlockType":"LINE","Confidence":99.73922729492188,"Geometry":{"BoundingBox":{"Height":0.011865849606692791,"Left":0.033890869468450546,"Top":0.3681253492832184,"Width":0.11154840141534805},"Polygon":[{"X":0.033890869468450546,"Y":0.3681872487068176},{"X":0.14543625712394714,"Y":0.3681253492832184},{"X":0.1454392671585083,"Y":0.3799295127391815},{"X":0.033893559128046036,"Y":0.37999117374420166}]},"Id":"158a8518-0e5c-4c4b-90fb-df96892c2897","Relationships":[{"Ids":["d210e912-94ed-4ce1-84f6-7292f82c2a09","6412ef48-65df-4093-a512-f678ae25d4ef"],"Type":"CHILD"}],"Text":"13Jan23 F1454"},{"BlockType":"LINE","Confidence":99.95592498779297,"Geometry":{"BoundingBox":{"Height":0.011467049829661846,"Left":0.26363831758499146,"Top":0.36844679713249207,"Width":0.03572797030210495},"Polygon":[{"X":0.26363831758499146,"Y":0.3684666156768799},{"X":0.2993629276752472,"Y":0.36844679713249207},{"X":0.299366295337677,"Y":0.37989407777786255},{"X":0.2636415660381317,"Y":0.3799138367176056}]},"Id":"05676109-a1cc-4379-b988-0ab95e6c5894","Relationships":[{"Ids":["e1c004d6-7286-4682-b768-e8722f49320f"],"Type":"CHILD"}],"Text":"2230"},{"BlockType":"LINE","Confidence":99.85897064208984,"Geometry":{"BoundingBox":{"Height":0.01166791096329689,"Left":0.3282674551010132,"Top":0.3683193027973175,"Width":0.07836572080850601},"Polygon":[{"X":0.3282674551010132,"Y":0.36836278438568115},{"X":0.40662944316864014,"Y":0.3683193027973175},{"X":0.4066331684589386,"Y":0.3799438774585724},{"X":0.32827094197273254,"Y":0.3799872100353241}]},"Id":"e571bdf4-b2e4-43db-96ef-16cea4c3064d","Relationships":[{"Ids":["48b3d79a-3d56-40aa-9094-6498e744c893","ff7475bf-af7e-480b-9c0d-609f1259197c"],"Type":"CHILD"}],"Text":"0720 4206"},{"BlockType":"LINE","Confidence":99.69109344482422,"Geometry":{"BoundingBox":{"Height":0.01176371518522501,"Left":0.46026742458343506,"Top":0.3682783544063568,"Width":0.03444359824061394},"Polygon":[{"X":0.46026742458343506,"Y":0.3682974576950073},{"X":0.49470701813697815,"Y":0.3682783544063568},{"X":0.4947110414505005,"Y":0.3800230324268341},{"X":0.46027132868766785,"Y":0.38004207611083984}]},"Id":"8692285b-fc8b-4f03-a6fe-34970cde9b83","Relationships":[{"Ids":["8ecd041f-3179-4da0-bb85-9c3bf99293ba"],"Type":"CHILD"}],"Text":"CNX"},{"BlockType":"LINE","Confidence":99.95801544189453,"Geometry":{"BoundingBox":{"Height":0.011596164666116238,"Left":0.5472833514213562,"Top":0.36836591362953186,"Width":0.03646973893046379},"Polygon":[{"X":0.5472833514213562,"Y":0.3683861494064331},{"X":0.5837488770484924,"Y":0.36836591362953186},{"X":0.5837531089782715,"Y":0.3799419105052948},{"X":0.547287464141"
20:09:02.846 [Test worker] DEBUG org.apache.http.wire - http-outgoing-0 << "8457,"Y":0.37996208667755127}]},"Id":"74921680-0e85-487d-9051-4deab62dcf5b","Relationships":[{"Ids":["d5a705a7-1515-4c11-9fe6-9801cf0670eb"],"Type":"CHILD"}],"Text":"0130"},{"BlockType":"LINE","Confidence":99.77741241455078,"Geometry":{"BoundingBox":{"Height":0.011793962679803371,"Left":0.5902541279792786,"Top":0.3681758642196655,"Width":0.02778489887714386},"Polygon":[{"X":0.59025"
20:09:02.847 [Test worker] DEBUG org.apache.http.wire - http-outgoing-0 << "41279792786,"Y":0.36819130182266235},{"X":0.6180346608161926,"Y":0.3681758642196655},{"X":0.6180390119552612,"Y":0.3799544870853424},{"X":0.5902584195137024,"Y":0.37996983528137207}]},"Id":"05d71808-bf1d-4f2b-884f-552025fd4350","Relationships":[{"Ids":["c73b03c1-5461-407e-b096-7892d5a627bd"],"Type":"CHILD"}],"Text":"ICN"},{"BlockType":"LINE","Confidence":99.88652038574219,"Geometry":{"BoundingBox":{"Height":0.011427467688918114,"Left":0.6770458221435547,"Top":0.368501216173172,"Width":0.03638431429862976},"Polygon":[{"X":0.6770458221435547,"Y":0.36852139234542847},{"X":0.7134256362915039,"Y":0.368501216173172},{"X":0.7134301066398621,"Y":0.37990856170654297},{"X":0.6770502328872681,"Y":0.37992867827415466}]},"Id":"32bcc76d-9029-425f-b53a-aa33c3241dde","Relationships":[{"Ids":["b4624d09-0c9e-4794-b22c-09c2f63fdcf2"],"Type":"CHILD"}],"Text":"0620"},{"BlockType":"LINE","Confidence":99.93213653564453,"Geometry":{"BoundingBox":{"Height":0.011132541112601757,"Left":0.720217227935791,"Top":0.36850985884666443,"Width"
20:09:02.949 [Test worker] DEBUG org.apache.http.wire - http-outgoing-0 << "":0.02645733207464218},"Polygon":[{"X":0.720217227935791,"Y":0.36852455139160156},{"X":0.7466700673103333,"Y":0.36850985884666443},{"X":0.7466745376586914,"Y":0.3796277642250061},{"X":0.7202216386795044,"Y":0.37964239716529846}]},"Id":"a611f90c-8ff8-4f72-9e74-e5bf376164b4","Relationships":[{"Ids":["92cac954-fdaf-48d3-a60d-960bd36a7e98"],"Type":"CHILD"}],"Text":"738"},{"BlockType":"LINE","Confidence":99.81574249267578,"Geometry":{"BoundingBox":{"Height":0.01155437994748354,"Left":0.0338333435356617,"Top":0.3873789310455322,"Width":0.060097407549619675},"Polygon":[{"X":0.0338333435356617,"Y":0.38741210103034973},{"X":0.09392794966697693,"Y":0.3873789310455322},{"X":0.09393075108528137,"Y":0.3989003002643585},{"X":0.033835966140031815,"Y":0.3989333212375641}]},"Id":"5aee91c2-bf56-4d2b-8261-91ea6c8cec01","Relationships":[{"Ids":["5ce1cdd2-b7aa-40eb-9f24-f08659cb7f74"],"Type":"CHILD"}],"Text":"14Jan23"},{"BlockType":"LINE","Confidence":99.97042083740234,"Geometry":{"BoundingBox":{"Height":0.011720661073923111,"Left":0.3709854185581207,"Top":0.3871351182460785,"Width":0.03162107989192009},"Polygon":[{"X":0.3709854185581207,"Y":0.3871525526046753},{"X":0.40260279178619385,"Y":0.3871351182460785},{"X":0.4026065170764923,"Y":0.3988384008407593},{"X":0.370989054441452,"Y":0.3988557755947113}]},"Id":"59405c44-1993-40cd-9d86-042f2a3a6898","Relationships":[{"Ids":["40d85a1e-b766-462e-b7f4-ead4ec9bb52e"],"Type":"CHILD"}],"Text":"OFF"},{"BlockType":"LINE","Confidence":99.74759674072266,"Geometry":{"BoundingBox":{"Height":0.011972511187195778,"Left":0.46031031012535095,"Top":0.38703083992004395,"Width":0.036558009684085846},"Polygon":[{"X":0.46031031012535095,"Y":0.3870510160923004},{"X":0.4968642294406891,"Y":0.38703083992004395},{"X":0.4968683421611786,"Y":0.39898326992988586},{"X":0.4603143036365509,"Y":0.39900335669517517}]},"Id":"e1b6e37c-f3f8-4f84-8a73-a48169838d36","Relationships":[{"Ids":["698ad604-c456-4cc9-b5b4-b31d36301347"],"Type":"CHILD"}],"Text":"GMP"},{"BlockType":"LINE","Confidence":99.83330535888672,"Geometry":{"BoundingBox":{"Height":0.011583317071199417,"Left":0.5471928119659424,"Top":0.3872700035572052,"Width":0.03655445575714111},"Polygon":[{"X":0.5471928119659424,"Y":0.38729017972946167},{"X":0.5837430357933044,"Y":0.3872700035572052},{"X":0.5837472677230835,"Y":0.3988332450389862},{"X":0.5471969246864319,"Y":0.3988533318042755}]},"Id":"012ae575-6e89-4438-81cc-58f4d46e404a","Relationships":[{"Ids":["7c2a9078-22dd-4a37-870a-5c7d8e59489f"],"Type":"CHILD"}],"Text":"0000"},{"BlockType":"LINE","Confidence":99.78557586669922,"Geometry":{"BoundingBox":{"Height":0.011881476268172264,"Left":0.5897515416145325,"Top":0.38700664043426514,"Width":0.03688428923487663},"Polygon":[{"X":0.5897515416145325,"Y":0.38702696561813354},{"X":0.6266314387321472,"Y":0.38700664043426514},{"X":0.6266358494758606,"Y":0.3988678455352783},{"X":0.5897558927536011,"Y":0.39888811111450195}]},"Id":"15639c27-3d8b-44aa-bf9b-dc5741b357d7","Relationships":[{"Ids":["ffc3b682-56a4-4892-8644-ff38a0867a83"],"Type":"CHILD"}],"Text":"GMP"},{"BlockType":"LINE","Confidence":99.96589660644531,"Geometry":{"BoundingBox":{"Height":0.011452188715338707,"Left":0.6772659420967102,"Top":0.38722357153892517,"Width":0.035691771656274796},"Polygon":[{"X":0.6772659420967102,"Y":0.38724324107170105},{"X":0.7129532098770142,"Y":0.38722357153892517},{"X":0.7129576802253723,"Y":0.39865612983703613},{"X":0.6772703528404236,"Y":0.3986757695674896}]},"Id":"3abcf529-10d2-4857-96ff-63b51677d9b5","Relationships":[{"Ids":["f11bb7ca-0d0d-4e4d-8a6e-c5b642deb3dc"],"Type":"CHILD"}],"Text":"2359"},{"BlockType":"LINE","Confidence":99.66312408447266,"Geometry":{"BoundingBox":{"Height":0.011935444548726082,"Left":0.03393123671412468,"Top":0.4055725038051605,"Width":0.05995327979326248},"Polygon":[{"X":0.03393123671412468,"Y":0.40560537576675415},{"X":0.09388162940740585,"Y":0.4055725038051605},{"X":0.09388452023267746,"Y":0.4174751937389374},{"X":0.03393395245075226,"Y":0.41750794649124146}]},"Id":"2b1b9124-4fa3-4e14-8962-1928f1d9f3a0","Relationships":[{"Ids":["55bf9695-f1df-43eb-b3d4-40414f355d8f"],"Type":"CHILD"}],"Text":"15Jan23"},{"BlockType":"LINE","Confidence":99.97624206542969,"Geometry":{"BoundingBox":{"Height":0.011963971890509129,"Left":0.37093064188957214,"Top":0.4055044949054718,"Width":0.031785476952791214},"Polygon":[{"X":0.37093064188957214,"Y":0.4055218994617462},{"X":0.40271228551864624,"Y":0.4055044949054718},{"X":0.40271610021591187,"Y":0.41745108366012573},{"X":0.3709343373775482,"Y":0.41746845841407776}]},"Id":"1a6da315-a5d2-4e9b-9eb8-ec8fe839036f","Relationships":[{"Ids":["69de193f-6f41-495c-ae11-fe77ce86b0a6"],"Type":"CHILD"}],"Text":"OFF"},{"BlockType":"LINE","Confidence":99.7552490234375,"Geometry":{"BoundingBox":{"Height":0.012142283841967583,"Left":0.4603099226951599,"Top":0.405365914106369,"Width":0.03686903789639473},"Polygon":[{"X":0.4603099226951599,"Y":0.4053861200809479},{"X":0.49717479944229126,"Y":0.405365914106369},{"X":0.49717894196510315,"Y":0.4174880385398865},{"X":0.46031394600868225,"Y":0.41750818490982056}]},"Id":"2371ef61-889c-4b0a-819a-f4ff18876b23","Relationships":[{"Ids":["f639a301-4f91-47a7-8272-0a610fa4b4aa"],"Type":"CHILD"}],"Text":"GMP"},{"BlockType":"LINE","Confidence":99.83748626708984,"Geometry":{"BoundingBox":{"Height":0.011613754555583,"Left":0.5472602844238281,"Top":0.40564945340156555,"Width":0.03640419989824295},"Polygon":[{"X":0.5472602844238281,"Y":0.4056694209575653},{"X":0.5836602449417114,"Y":0.40564945340156555},{"X":0.5836644768714905,"Y":0.4172433316707611},{"X":0.5472643971443176,"Y":0.4172632098197937}]},"Id":"4f27b326-54d0-49c4-affe-21d2ceeb65bd","Relationships":[{"Ids":["7269e8ed-0604-4535-b5db-8d9e5b50df5d"],"Type":"CHILD"}],"Text":"0000"},{"BlockType":"LINE","Confidence":99.7912368774414,"Geometry":{"BoundingBox":{"Height":0.012029950506985188,"Left":0.5898072719573975,"Top":0.40536996722221375,"Width":0.03678585961461067},"Polygon":[{"X":0.5898072719573975,"Y":0.4053901433944702},{"X":0.6265886425971985,"Y":0.40536996722221375},{"X":0.6265931725502014,"Y":0.41737982630729675},{"X":0.5898116827011108,"Y":0.41739991307258606}]},"Id":"ce11e08b-72e5-4e49-a7bd-85284584a6b9","Relationships":[{"Ids":["c81b457d-4230-4855-ad6d-fe1960e668ac"],"Type":"CHILD"}],"Text":"GMP"},{"BlockType":"LINE","Confidence":99.9659194946289,"Geometry":{"BoundingBox":{"Height":0.011637804098427296,"Left":0.6772675514221191,"Top":0.40560948848724365,"Width":0.035767193883657455},"Polygon":[{"X":0.6772675514221191,"Y":0.40562909841537476},{"X":0.7130301594734192,"Y":0.40560948848724365},{"X":0.7130347490310669,"Y":0.41722774505615234},{"X":0.6772720813751221,"Y":0.41724729537963867}]},"Id":"bb317501-1e68-4480-98aa-51d4e2f8197b","Relationships":[{"Ids":["dcaa4420-be2f-416a-94c5-c8742dd6dd48"],"Type":"CHILD"}],"Text":"2359"},{"BlockType":"LINE","Confidence":99.76823425292969,"Geometry":{"BoundingBox":{"Height":0.011676676571369171,"Left":0.033818431198596954,"Top":0.42444515228271484,"Width":0.05992899090051651},"Polygon":[{"X":0.033818431198596954,"Y":0.42447781562805176},{"X":0.09374459832906723,"Y":0.42444515228271484},{"X":0.09374742209911346,"Y":0.43608927726745605},{"X":0.03382108733057976,"Y":0.4361218512058258}]},"Id":"155b3d7a-b26f-4f3c-a6ce-312e31f4cf8c","Relationships":[{"Ids":["cfd70844-18f8-4c23-8875-03c504426ef6"],"Type":"CHILD"}],"Text":"16Jan23"},{"BlockType":"LINE","Confidence":99.97552490234375,"Geometry":{"BoundingBox":{"Height":0.011332670226693153,"Left":0.2643614709377289,"Top":0.4245648980140686,"Width":0.03493504598736763},"Polygon":[{"X":0.2643614709377289,"Y":0.42458394169807434},{"X":0.29929319024086,"Y":0.4245648980140686},{"X":0.299296498298645,"Y":0.43587860465049744},{"X":0.26436468958854675,"Y":0.435897558927536}]},"Id":"5d02d291-8819-4d20-a808-259ef62d0290","Relationships":[{"Ids":["6e53c8f1-2fa4-42ed-b0dc-bcef2fd40bc7"],"Type":"CHILD"}],"Text":"1530"},{"BlockType":"LINE","Confidence":99.60481262207031,"Geometry":{"BoundingBox":{"Height":0.01172891"
20:09:02.950 [Test worker] DEBUG org.apache.http.wire - http-outgoing-0 << "8179869652,"Left":0.32835692167282104,"Top":0.4244367480278015,"Width":0.07620610296726227},"Polygon":[{"X":0.32835692167282104,"Y":0.42447829246520996},{"X":0.40455928444862366,"Y":0.4244367480278015},{"X":0.4045630097389221,"Y":0.4361242949962616},{"X":0.3283604383468628,"Y":0.4361656606197357}]},"Id":"b69e4df2-a479-4308-9e6f-4a9c8f5f7744","Relationships":[{"Ids":["d94775e2-3ad9-407d-bae4-c345e453df8c","efe41e1f-9a8d-445b-ac42-ec3d193ed852"],"Type":"CHILD"}],"Text":"2030 OFC"},{"BlockType":"LINE","Confidence":99.69791412353516,"Geometry":{"BoundingBox":{"Height":0.011931933462619781,"Left":0.4603135287761688,"Top":0.42435699701309204,"Width":0.03670043498277664},"Polygon":[{"X":0.4603135287761688,"Y":0.4243769943714142},{"X":0.49700990319252014,"Y":0.42435699701309204},{"X":0.49701398611068726,"Y":0.43626901507377625},{"X":0.4603174924850464,"Y":0.4362889230251312}]},"Id":"75ffa927-1516-41f3-a533-9a0fc8b3f467","Relationships":[{"Ids":["b8aa2a04-251e-426d-a7a4-df76764d32cf"],"Type":"CHILD"}],"Text":"GMP"},{"BlockType":"LINE","Confidence":99.97575378417969,"Geometry":{"BoundingBox":{"Height":0.011379246599972248,"Left":0.548376739025116,"Top":0.4245900511741638,"Width":0.03501738980412483},"Polygon":[{"X":0.548376739025116,"Y":0.42460912466049194},{"X":0.5833899974822998,"Y":0.4245900511741638},{"X":0.5833941102027893,"Y":0.43595027923583984},{"X":0.5483807921409607,"Y":0.4359692931175232}]},"Id":"d2e45479-1f99-4946-8d5c-761307ae5a1c","Relationships":[{"Ids":["b8436991-a7a7-415a-91c1-8c0e45a8cef5"],"Type":"CHILD"}],"Text":"1530"},{"BlockType":"LINE","Confidence":99.71605682373047,"Geometry":{"BoundingBox":{"Height":0.011798465624451637,"Left":0.589917004108429,"Top":0.4244011640548706,"Width":0.03667253255844116},"Polygon":[{"X":0.589917004108429,"Y":0.42442116141319275},{"X":0.6265851259231567,"Y":0.4244011640548706},{"X":0.6265895366668701,"Y":0.4361797273159027},{"X":0.5899212956428528,"Y":0.4361996352672577}]},"Id":"4d9497fc-f5d7-4816-bb83-721763b757bb","Relationships":[{"Ids":["b3833629-2978-4dc3-aa6a-0e8ba9b45806"],"Type":"CHILD"}],"Text":"GMP"},{"BlockType":"LINE","Confidence":99.1349105834961,"Geometry":{"BoundingBox":{"Height":0.011628381907939911,"Left":0.6771589517593384,"Top":0.4244919419288635,"Width":0.036160752177238464},"Polygon":[{"X":0.6771589517593384,"Y":0.4245116412639618},{"X":0.7133151292800903,"Y":0.4244919419288635},{"X":0.713319718837738,"Y":0.43610069155693054},{"X":0.6771634221076965,"Y":0.43612033128738403}]},"Id":"678266e3-ac3e-475b-89ed-84f6f4b1678e","Relationships":[{"Ids":["3e32ea24-cac3-4490-8c21-1cd773ca5d57"],"Type":"CHILD"}],"Text":"2030"},{"BlockType":"LINE","Confidence":99.51427459716797,"Geometry":{"BoundingBox":{"Height":0.011909130960702896,"Left":0.03396335616707802,"Top":0.44265684485435486,"Width":0.11154918372631073},"Polygon":[{"X":0.03396335616707802,"Y":0.4427173137664795},{"X":0.1455095112323761,"Y":0.44265684485435486},{"X":0.14551253616809845,"Y":0.4545057713985443},{"X":0.0339660570025444,"Y":0.45456600189208984}]},"Id":"07c19e41-e40d-46b3-9a55-9ab41708354f","Relationships":[{"Ids":["02c8edf1-7cb8-4130-9b91-0441460af578","2240c568-fe0a-4f1a-a946-3ccfe6f7b231"],"Type":"CHILD"}],"Text":"17Jan23 F2203"},{"BlockType":"LINE","Confidence":99.66999816894531,"Geometry":{"BoundingBox":{"Height":0.011615761555731297,"Left":0.26438024640083313,"Top":0.44272226095199585,"Width":0.035002995282411575},"Polygon":[{"X":0.26438024640083313,"Y":0.4427412152290344},{"X":0.299379825592041,"Y":0.44272226095199585},{"X":0.2993832230567932,"Y":0.4543191194534302},{"X":0.2643835246562958,"Y":0.454338014125824}]},"Id":"95286a59-6295-4279-9050-c2da8799a8d5","Relationships":[{"Ids":["5d3c0fe8-90e8-4d6d-899b-0a7e177d669a"],"Type":"CHILD"}],"Text":"1720"},{"BlockType":"LINE","Confidence":99.82422637939453,"Geometry":{"BoundingBox":{"Height":0.011726615950465202,"Left":0.32823896408081055,"Top":0.4428321123123169,"Width":0.07843241095542908},"Polygon":[{"X":0.32823896408081055,"Y":0.44287461042404175},{"X":0.40666764974594116,"Y":0.4428321123123169},{"X":0.4066713750362396,"Y":0.45451638102531433},{"X":0.3282424807548523,"Y":0.45455873012542725}]},"Id":"c2f6c0a2-1d5e-4a84-ae05-279b361f84fb","Relationships":[{"Ids":["2b5a8209-7e18-4c44-b127-73c68d05b352","84afbb19-1b36-4417-b497-a55803ca8b61"],"Type":"CHILD"}],"Text":"0005 2203"},{"BlockType":"LINE","Confidence":99.78453826904297,"Geometry":{"BoundingBox":{"Height":0.011756851337850094,"Left":0.46039915084838867,"Top":0.4427144527435303,"Width":0.02787349745631218},"Polygon":[{"X":0.46039915084838867,"Y":0.44272953271865845},{"X":0.48826864361763,"Y":0.4427144527435303},{"X":0.48827263712882996,"Y":0.45445623993873596},{"X":0.46040305495262146,"Y":0.45447129011154175}]},"Id":"e2bfdbbd-d737-4ccd-bb66-c9967ac74e40","Relationships":[{"Ids":["70f0d8b7-92eb-45c5-9bcd-203dac804e6c"],"Type":"CHILD"}],"Text":"ICN"},{"BlockType":"LINE","Confidence":99.96202087402344,"Geometry":{"BoundingBox":{"Height":0.01148943230509758,"Left":0.5483822822570801,"Top":0.44278597831726074,"Width":0.03520439937710762},"Polygon":[{"X":0.5483822822570801,"Y":0.44280505180358887},{"X":0.5835825204849243,"Y":0.44278597831726074},{"X":0.5835866928100586,"Y":0.45425641536712646},{"X":0.5483863353729248,"Y":0.4542754292488098}]},"Id":"9311f667-a97c-4827-8ee5-b9dc9867ac3f","Relationships":[{"Ids":["13905b82-14ab-44f3-be2f-3fa459b097e2"],"Type":"CHILD"}],"Text":"1930"},{"BlockType":"LINE","Confidence":99.58604431152344,"Geometry":{"BoundingBox":{"Height":0.011772536672651768,"Left":0.5902190804481506,"Top":0.4426780045032501,"Width":0.03224381059408188},"Polygon":[{"X":0.5902190804481506,"Y":0.4426954686641693},{"X":0.6224585175514221,"Y":0.4426780045032501},{"X":0.6224628686904907,"Y":0.4544331431388855},{"X":0.5902233719825745,"Y":0.4544505476951599}]},"Id":"efd5feac-1228-49bb-8259-0159ba76773d","Relationships":[{"Ids":["9371369a-c76e-4688-94b6-9565f9724c62"],"Type":"CHILD"}],"Text":"BKK"},{"BlockType":"LINE","Confidence":99.9061050415039,"Geometry":{"BoundingBox":{"Height":0.011620024219155312,"Left":0.6769444346427917,"Top":0.44271203875541687,"Width":0.03598545119166374},"Polygon":[{"X":0.6769444346427917,"Y":0.4427315294742584},{"X":0.7129252552986145,"Y":0.44271203875541687},{"X":0.7129298448562622,"Y":0.45431262254714966},{"X":0.6769489049911499,"Y":0.45433205366134644}]},"Id":"18010493-6b3d-42c1-bace-e11aec925208","Relationships":[{"Ids":["8a87536b-769a-4d02-9c17-7bc46fb12bf0"],"Type":"CHILD"}],"Text":"0145"},{"BlockType":"LINE","Confidence":99.86184692382812,"Geometry":{"BoundingBox":{"Height":0.011893357150256634,"Left":0.7199689149856567,"Top":0.4425520598888397,"Width":0.02693776972591877},"Polygon":[{"X":0.7199689149856567,"Y":0.4425666630268097},{"X":0.7469018697738647,"Y":0.4425520598888397},{"X":0.7469066977500916,"Y":0.45443087816238403},{"X":0.719973623752594,"Y":0.45444542169570923}]},"Id":"8372e9b2-06b4-4a82-b811-9c9843624512","Relationships":[{"Ids":["86a5a1e1-cd5b-4821-96cb-749056ce6d39"],"Type":"CHILD"}],"Text":"738"},{"BlockType":"LINE","Confidence":99.54747772216797,"Geometry":{"BoundingBox":{"Height":0.011907956562936306,"Left":0.0339692123234272,"Top":0.46156957745552063,"Width":0.11157193779945374},"Polygon":[{"X":0.0339692123234272,"Y":0.4616296887397766},{"X":0.1455381214618683,"Y":0.46156957745552063},{"X":0.14554114639759064,"Y":0.4734176993370056},{"X":0.033971913158893585,"Y":0.4734775424003601}]},"Id":"006993a7-10e3-4072-9973-9dcc4a04524c","Relationships":[{"Ids":["1263b2ce-ce9a-45bf-a176-e1b86aa6daf2","5d7a1cb8-0332-4c65-ba0d-b994bf6aa57f"],"Type":"CHILD"}],"Text":"18Jan23 F2203"},{"BlockType":"LINE","Confidence":99.70674896240234,"Geometry":{"BoundingBox":{"Height":0.012098387815058231,"Left":0.3710671365261078,"Top":0.46134838461875916,"Width":0.05346764251589775},"Polygon":[{"X":0.3710671365261078,"Y":0.46137717366218567},{"X":0.42453086376190186,"Y":0.46134838461875916},{"X":0.42453476786613464,"Y":0.47341808676719666},{"X":0.37107089161872864,"Y":0.4734467566013336}]},"I"
20:09:02.951 [Test worker] DEBUG org.apache.http.wire - http-outgoing-0 << "d":"63d22bfe-9ed0-449b-af4a-52b61e78d22f","Relationships":[{"Ids":["ec0fe7b0-e082-4532-b70e-d40dd9af911f"],"Type":"CHILD"}],"Text":"LAYOV"},{"BlockType":"LINE","Confidence":99.57572937011719,"Geometry":{"BoundingBox":{"Height":0.01169013325124979,"Left":0.4606539309024811,"Top":0.46159711480140686,"Width":0.03188546374440193},"Polygon":[{"X":0.4606539309024811,"Y":0.461614280939102"
20:09:02.951 [Test worker] DEBUG org.apache.http.wire - http-outgoing-0 << "2},{"X":0.49253541231155396,"Y":0.46159711480140686},{"X":0.4925394058227539,"Y":0.47327011823654175},{"X":0.4606578052043915,"Y":0.4732872247695923}]},"Id":"6978f8df-3716-4366-912c-607d29b31b23","Relationships":[{"Ids":["ec7966ab-41bd-4cee-88ce-4bc72452175c"],"Type":"CHILD"}],"Text":"BKK"},{"BlockType":"LINE","Confidence":99.93321228027344,"Geometry":{"BoundingBox":{"Height":0.011474335566163063,"Left":0.5475260615348816,"Top":0.46171289682388306,"Width":0.03606454282999039},"Polygon":[{"X":0.5475260615348816,"Y":0.46173232793807983},{"X":0.5835864543914795,"Y":0.46171289682388306},{"X":0.583590567111969,"Y":0.47316789627075195},{"X":0.5475301146507263,"Y":0.47318723797798157}]},"Id":"edc3a11f-610c-4041-acd9-60b28fd1c2a4","Relationships":[{"Ids":["df925fca-7fd8-4c53-9e0d-809f7672612a"],"Type":"CHILD"}],"Text":"0300"},{"BlockType":"LINE","Confidence":99.60173034667969,"Geometry":{"BoundingBox":{"Height":0.011774064041674137,"Left":0.5904775857925415,"Top":0.461462140083313,"Width":0.031843896955251694},"Polyg"
20:09:02.953 [Test worker] DEBUG org.apache.http.wire - http-outgoing-0 << "on":[{"X":0.5904775857925415,"Y":0.4614793062210083},{"X":0.6223170757293701,"Y":0.461462140083313},{"X":0.6223214864730835,"Y":0.4732191264629364},{"X":0.5904818773269653,"Y":0.47323620319366455}]},"Id":"9d7c8965-1fd9-4379-aec4-b2a9ffbaf220","Relationships":[{"Ids":["b01e764e-5afa-4700-b389-f88fb5b7501b"],"Type":"CHILD"}],"Text":"BKK"},{"BlockType":"LINE","Confidence":99.888671875,"Geometry":{"BoundingBox":{"Height":0.01177248265594244,"Left":0.6770420074462891,"Top":0.4614551067352295,"Width":0.03628750517964363},"Polygon":[{"X":0.6770420074462891,"Y":0.4614746570587158},{"X":0.7133248448371887,"Y":0.4614551067352295},{"X":0.7133294939994812,"Y":0.47320812940597534},{"X":0.677046537399292,"Y":0.4732275903224945}]},"Id":"c43f9c18-4af5-4039-bd3c-4299581ae27d","Relationships":[{"Ids":["09b1ea59-0f57-4331-8989-4b4698e571a9"],"Type":"CHILD"}],"Text":"0115"},{"BlockType":"LINE","Confidence":96.39517211914062,"Geometry":{"BoundingBox":{"Height":0.015090626664459705,"Left":0.7196618318557739,"Top":0.4610659182071686,"Width":0.16884228587150574},"Polygon":[{"X":0.7196618318557739,"Y":0.46115684509277344},{"X":0.8884975910186768,"Y":0.4610659182071686},{"X":0.888504147529602,"Y":0.47606605291366577},{"X":0.7196677923202515,"Y":0.4761565327644348}]},"Id":"57a8fd12-ecc3-4743-ba11-336a2968295b","Relationships":[{"Ids":["cfe09201-1a00-4f7a-92ba-f545c84e0ed0","064f3579-2669-4662-8cb5-f781650dac88","7882566c-7151-460a-8570-afbda91b500c"],"Type":"CHILD"}],"Text":"Holiday Inn silom(7/12~)"},{"BlockType":"LINE","Confidence":99.69020080566406,"Geometry":{"BoundingBox":{"Height":0.011620473116636276,"Left":0.03367028757929802,"Top":0.4801505506038666,"Width":0.11201431602239609},"Polygon":[{"X":0.03367028757929802,"Y":0.4802105128765106},{"X":0.14568164944648743,"Y":0.4801505506038666},{"X":0.1456845998764038,"Y":0.491711288690567},{"X":0.03367292135953903,"Y":0.49177101254463196}]},"Id":"3bb6496b-e21c-4bdb-a5bf-8e56864d4828","Relationships":[{"Ids":["d9e1bc3a-4958-4ce9-a5d4-ea2d76e63b2c","c454c2fa-9b1f-44fe-9d38-44d3c21570af"],"Type":"CHILD"}],"Text":"19Jan23 F2203"},{"BlockType":"LINE","Confidence":99.86547088623047,"Geometry":{"BoundingBox":{"Height":0.01154280360788107,"Left":0.2632407546043396,"Top":0.4801062345504761,"Width":0.036200813949108124},"Polygon":[{"X":0.2632407546043396,"Y":0.4801256060600281},{"X":0.2994381785392761,"Y":0.4801062345504761},{"X":0.2994415760040283,"Y":0.4916297197341919},{"X":0.26324403285980225,"Y":0.4916490316390991}]},"Id":"1af05485-1b0a-4f09-a2bb-3524cb7dbf95","Relationships":[{"Ids":["82d36ea6-d4df-4732-95f5-e8f3d93a94f9"],"Type":"CHILD"}],"Text":"0010"},{"BlockType":"LINE","Confidence":99.9623031616211,"Geometry":{"BoundingBox":{"Height":0.011524700559675694,"Left":0.3709338307380676,"Top":0.4801980257034302,"Width":0.03573712706565857},"Polygon":[{"X":0.3709338307380676,"Y":0.4802171587944031},{"X":0.4066672623157501,"Y":0.4801980257034302},{"X":0.4066709578037262,"Y":0.49170365929603577},{"X":0.37093740701675415,"Y":0.4917227029800415}]},"Id":"3bc53dc1-e967-4135-97c0-acdc345daee8","Relationships":[{"Ids":["82018bc8-f172-48aa-af9e-4236b89ce7ba"],"Type":"CHILD"}],"Text":"2252"},{"BlockType":"LINE","Confidence":99.57478332519531,"Geometry":{"BoundingBox":{"Height":0.011654779314994812,"Left":0.46062350273132324,"Top":0.4801039695739746,"Width":0.03210153430700302},"Polygon":[{"X":0.46062350273132324,"Y":0.4801211357116699},{"X":0.4927210807800293,"Y":0.4801039695739746},{"X":0.49272504448890686,"Y":0.4917416274547577},{"X":0.46062737703323364,"Y":0.4917587339878082}]},"Id":"41045cd2-3bb6-4143-b492-56c185df62ed","Relationships":[{"Ids":["133d99ae-bfae-4803-b631-5667d01103e6"],"Type":"CHILD"}],"Text":"BKK"},{"BlockType":"LINE","Confidence":99.9642105102539,"Geometry":{"BoundingBox":{"Height":0.011531531810760498,"Left":0.5473387837409973,"Top":0.48012134432792664,"Width":0.03629978373646736},"Polygon":[{"X":0.5473387837409973,"Y":0.4801407754421234},{"X":0.5836343765258789,"Y":0.48012134432792664},{"X":0.5836385488510132,"Y":0.4916335344314575},{"X":0.547342836856842,"Y":0.49165287613868713}]},"Id":"e0131160-ba6c-4132-aacf-950f66ae135c","Relationships":[{"Ids":["1ecf50d8-3f5c-4105-98fa-2429e00be8cb"],"Type":"CHILD"}],"Text":"0310"},{"BlockType":"LINE","Confidence":99.8054428100586,"Geometry":{"BoundingBox":{"Height":0.011857718229293823,"Left":0.5900808572769165,"Top":0.4799550175666809,"Width":0.033137187361717224},"Polygon":[{"X":0.5900808572769165,"Y":0.4799727499485016},{"X":0.6232136487960815,"Y":0.4799550175666809},{"X":0.6232180595397949,"Y":0.49179506301879883},{"X":0.5900852084159851,"Y":0.49181273579597473}]},"Id":"a835e9b3-7987-4d63-95a5-b05b242895cf","Relationships":[{"Ids":["9276ddf5-e41b-4660-858a-17217c4f721a"],"Type":"CHILD"}],"Text":"PUS"},{"BlockType":"LINE","Confidence":99.91108703613281,"Geometry":{"BoundingBox":{"Height":0.011450777761638165,"Left":0.6770992875099182,"Top":0.48018017411231995,"Width":0.035842083394527435},"Polygon":[{"X":0.6770992875099182,"Y":0.4801993668079376},{"X":0.7129368185997009,"Y":0.48018017411231995},{"X":0.7129413485527039,"Y":0.4916118383407593},{"X":0.6771036982536316,"Y":0.4916309416294098}]},"Id":"34efd312-04d5-4e3a-955d-327f1d54001b","Relationships":[{"Ids":["88c1063b-0862-490c-ac6b-a3152752883b"],"Type":"CHILD"}],"Text":"0835"},{"BlockType":"LINE","Confidence":99.95109558105469,"Geometry":{"BoundingBox":{"Height":0.011442113667726517,"Left":0.7201824188232422,"Top":0.48014435172080994,"Width":0.026626430451869965},"Polygon":[{"X":0.7201824188232422,"Y":0.48015859723091125},{"X":0.7468042373657227,"Y":0.48014435172080994},{"X":0.7468088269233704,"Y":0.4915722906589508},{"X":0.7201869487762451,"Y":0.49158647656440735}]},"Id":"2c8128b3-9a1d-402f-9610-b485219e383d","Relationships":[{"Ids":["de40e898-1dcf-476e-b383-c661f4c8856d"],"Type":"CHILD"}],"Text":"738"},{"BlockType":"LINE","Confidence":99.7713623046875,"Geometry":{"BoundingBox":{"Height":0.011468215845525265,"Left":0.18996602296829224,"Top":0.49895408749580383,"Width":0.023111853748559952},"Polygon":[{"X":0.18996602296829224,"Y":0.49896636605262756},{"X":0.21307475864887238,"Y":0.49895408749580383},{"X":0.2130778729915619,"Y":0.5104100704193115},{"X":0.18996907770633698,"Y":0.5104222893714905}]},"Id":"e553ca6f-1a14-4773-8d6c-e1dd9d9edc32","Relationships":[{"Ids":["f359efd7-3e68-46a6-a4e6-9a4d3b232901"],"Type":"CHILD"}],"Text":"DH"},{"BlockType":"LINE","Confidence":99.9191665649414,"Geometry":{"BoundingBox":{"Height":0.011794831603765488,"Left":0.32914164662361145,"Top":0.4987823963165283,"Width":0.0691339299082756},"Polygon":[{"X":0.32914164662361145,"Y":0.4988192021846771},{"X":0.3982718288898468,"Y":0.4987823963165283},{"X":0.39827558398246765,"Y":0.5105406045913696},{"X":0.3291451930999756,"Y":0.5105772614479065}]},"Id":"71953eed-a6f4-42fe-83fb-8c9ab1ad514d","Relationships":[{"Ids":["37fc6be8-4f1b-4181-a558-1c02888534b2","5a4dff2f-dd2a-4b25-b3c6-6a6e67344b3d"],"Type":"CHILD"}],"Text":"1120 AIR"},{"BlockType":"LINE","Confidence":99.6854476928711,"Geometry":{"BoundingBox":{"Height":0.011878318153321743,"Left":0.46071553230285645,"Top":0.49877429008483887,"Width":0.03269519284367561},"Polygon":[{"X":0.46071553230285645,"Y":0.4987916648387909},{"X":0.4934066832065582,"Y":0.49877429008483887},{"X":0.49341073632240295,"Y":0.510635256767273},{"X":0.460719496011734,"Y":0.5106526017189026}]},"Id":"56217580-6c33-4cab-b4d3-b793da227986","Relationships":[{"Ids":["5fbefde2-5270-49e8-ae81-3054abb089ad"],"Type":"CHILD"}],"Text":"PUS"},{"BlockType":"LINE","Confidence":99.97943878173828,"Geometry":{"BoundingBox":{"Height":0.011522967368364334,"Left":0.5482648015022278,"Top":0.49893084168434143,"Width":0.035522494465112686},"Polygon":[{"X":0.5482648015022278,"Y":0.49894973635673523},{"X":0.5837830901145935,"Y":0.49893084168434143},{"X":0.5837872624397278,"Y":0.5104349851608276},{"X":0.5482688546180725,"Y":0.5104538202285767}]},"Id":"1389cf70-a9f7-4f12-8c08-65ba8dec3910","Relationships":[{"Ids":["7425d3c1-0564-4bfb-a6ae-d468bc5f8477"],"Typ"
20:09:02.954 [Test worker] DEBUG org.apache.http.wire - http-outgoing-0 << "e":"CHILD"}],"Text":"1000"},{"BlockType":"LINE","Confidence":99.84468841552734,"Geometry":{"BoundingBox":{"Height":0.011774785816669464,"Left":0.589845597743988,"Top":0.4987477958202362,"Width":0.03688067942857742},"Polygon":[{"X":0.589845597743988,"Y":0.4987674355506897},{"X":0.6267218589782715,"Y":0.4987477958202362},{"X":0.6267262697219849,"Y":0.5105030536651611},{"X":0.5898498892784119,"Y":0.5105226039886475}]},"Id":"a759c0f3-5eae-4e4f-9c0a-243c5deb8b4c","Relationships":[{"Ids":["7dc723f9-d32a-4120-86ac-528ee9c9b040"],"Type":"CHILD"}],"Text":"GMP"},{"BlockType":"LINE","Confidence":99.96444702148438,"Geometry":{"BoundingBox":{"Height":0.011523096822202206,"Left":0.6780577898025513,"Top":0.4989522397518158,"Width":0.03506162017583847},"Polygon":[{"X":0.6780577898025513,"Y":0.4989708960056305},{"X":0.713114857673645,"Y":0.4989522397518158},{"X":0.713119387626648,"Y":0.5104567408561707},{"X":0.6780622601509094,"Y":0.5104753375053406}]},"Id":"379b1671-4fdc-492a-abc2-485b829a82b7","Relationships":[{"Ids":["60a5a23f-3c17-4bdb-9178-4961d444816c"],"Type":"CHILD"}],"Text":"1100"},{"BlockType":"LINE","Confidence":99.76765441894531,"Geometry":{"BoundingBox":{"Height":0.011733409017324448,"Left":0.033362388610839844,"Top":0.5174232125282288,"Width":0.06049075350165367},"Polygon":[{"X":0.033362388610839844,"Y":0.5174552202224731},{"X":0.09385030716657639,"Y":0.5174232125282288},{"X":0.09385314583778381,"Y":0.5291247367858887},{"X":0.03336505591869354,"Y":0.5291566252708435}]},"Id":"522b3782-481b-4386-9c9b-c92c6ad7dcfb","Relationships":[{"Ids":["da43d225-d2d3-47e9-97e3-f5de301357de"],"Type":"CHILD"}],"Text":"20Jan23"},{"BlockType":"LINE","Confidence":99.9750747680664,"Geometry":{"BoundingBox":{"Height":0.011663301847875118,"Left":0.3709885776042938,"Top":0.5172313451766968,"Width":0.0315752811729908},"Polygon":[{"X":0.3709885776042938,"Y":0.5172480344772339},{"X":0.40256014466285706,"Y":0.5172313451766968},{"X":0.4025638699531555,"Y":0.5288780331611633},{"X":0.3709922134876251,"Y":0.5288946628570557}]},"Id":"114ce348-a29e-4f76-97ac-4704d2d3ec1a","Relationships":[{"Ids":["bcb5fa65-f110-49f0-8fd4-27039ac0deda"],"Type":"CHILD"}],"Text":"OFF"},{"BlockType":"LINE","Confidence":99.73001098632812,"Geometry":{"BoundingBox":{"Height":0.011995515786111355,"Left":0.46032944321632385,"Top":0.5170944929122925,"Width":0.03651488944888115},"Polygon":[{"X":0.46032944321632385,"Y":0.5171138048171997},{"X":0.496840238571167,"Y":0.5170944929122925},{"X":0.4968443214893341,"Y":0.5290707945823669},{"X":0.4603334367275238,"Y":0.5290899872779846}]},"Id":"57bf8a38-0c21-44eb-a1ae-e7013d04eae0","Relationships":[{"Ids":["942ce159-0a80-4c89-b49a-9fdedffbcf94"],"Type":"CHILD"}],"Text":"GMP"},{"BlockType":"LINE","Confidence":99.84317779541016,"Geometry":{"BoundingBox":{"Height":0.011520323343575,"Left":0.5472474098205566,"Top":0.5173590779304504,"Width":0.036490298807621},"Polygon":[{"X":0.5472474098205566,"Y":0.5173783898353577},{"X":0.5837335586547852,"Y":0.5173590779304504},{"X":0.5837377309799194,"Y":0.5288602113723755},{"X":0.5472515225410461,"Y":0.5288794040679932}]},"Id":"2c1a3a0f-8e4f-4d76-9e3a-83805c5eb1a4","Relationships":[{"Ids":["0a16eb4f-e09c-4106-8052-be6313e4e93c"],"Type":"CHILD"}],"Text":"0000"},{"BlockType":"LINE","Confidence":99.81896209716797,"Geometry":{"BoundingBox":{"Height":0.011934707872569561,"Left":0.5897829532623291,"Top":0.5170618891716003,"Width":0.03691994771361351},"Polygon":[{"X":0.5897829532623291,"Y":0.5170814394950867},{"X":0.6266984343528748,"Y":0.5170618891716003},{"X":0.6267029047012329,"Y":0.5289771556854248},{"X":0.5897873044013977,"Y":0.5289965867996216}]},"Id":"511e4923-701a-4674-be94-b749b1abd8af","Relationships":[{"Ids":["6b0c61ed-b1fb-48a7-9403-bc525fa1fb45"],"Type":"CHILD"}],"Text":"GMP"},{"BlockType":"LINE","Confidence":99.94174194335938,"Geometry":{"BoundingBox":{"Height":0.011515782214701176,"Left":0.6771921515464783,"Top":0.5172774791717529,"Width":0.035898949950933456},"Polygon":[{"X":0.6771921515464783,"Y":0.5172964334487915},{"X":0.7130865454673767,"Y":0.5172774791717529},{"X":0.7130911350250244,"Y":0.5287743210792542},{"X":0.6771966218948364,"Y":0.528793215751648}]},"Id":"1a3d3d3f-245b-4e68-a409-2a98b0bc1e39","Relationships":[{"Ids":["6fc15300-45f0-4760-b1b0-5118ad7f7ddc"],"Type":"CHILD"}],"Text":"2359"},{"BlockType":"LINE","Confidence":99.6689453125,"Geometry":{"BoundingBox":{"Height":0.011987417936325073,"Left":0.03333795815706253,"Top":0.5360180735588074,"Width":0.11243338882923126},"Polygon":[{"X":0.03333795815706253,"Y":0.5360771417617798},{"X":0.14576829969882965,"Y":0.5360180735588074},{"X":0.1457713395357132,"Y":0.5479466319084167},{"X":0.03334067389369011,"Y":0.5480054616928101}]},"Id":"21354a2e-ae0e-4857-a226-770e218d1c38","Relationships":[{"Ids":["6a8739f6-5609-4410-a09e-4e226b42e182","9a309124-e243-472a-a80f-06074c70b016"],"Type":"CHILD"}],"Text":"21Jan23 F1602"},{"BlockType":"LINE","Confidence":99.91485595703125,"Geometry":{"BoundingBox":{"Height":0.011523674242198467,"Left":0.2633068859577179,"Top":0.5362828373908997,"Width":0.03608034923672676},"Polygon":[{"X":0.2633068859577179,"Y":0.5363017916679382},{"X":0.29938387870788574,"Y":0.5362828373908997},{"X":0.29938724637031555,"Y":0.547787606716156},{"X":0.26331016421318054,"Y":0.5478065013885498}]},"Id":"32b9556b-fbf7-47cd-8443-ae1305ac6769","Relationships":[{"Ids":["009e1a13-6a88-48bb-9901-746d4d6e805e"],"Type":"CHILD"}],"Text":"0900"},{"BlockType":"LINE","Confidence":99.98047637939453,"Geometry":{"BoundingBox":{"Height":0.011639284901320934,"Left":0.37145382165908813,"Top":0.5361830592155457,"Width":0.035317495465278625},"Polygon":[{"X":0.37145382165908813,"Y":0.5362016558647156},{"X":0.4067676067352295,"Y":0.5361830592155457},{"X":0.40677130222320557,"Y":0.5478038787841797},{"X":0.37145742774009705,"Y":0.5478223562240601}]},"Id":"ff3d9600-2742-4051-8479-a70c594a6726","Relationships":[{"Ids":["0443a7d2-27bc-4091-92e9-2632fcc44fad"],"Type":"CHILD"}],"Text":"1602"},{"BlockType":"LINE","Confidence":99.80952453613281,"Geometry":{"BoundingBox":{"Height":0.011759769171476364,"Left":0.4604717791080475,"Top":0.5361071825027466,"Width":0.027766793966293335},"Polygon":[{"X":0.4604717791080475,"Y":0.5361217260360718},{"X":0.48823457956314087,"Y":0.5361071825027466},{"X":0.4882385730743408,"Y":0.5478523969650269},{"X":0.4604756832122803,"Y":0.547866940498352}]},"Id":"85e44b5a-a77c-4c8f-9362-76a8891f8181","Relationships":[{"Ids":["4dbcf366-0599-41d0-83d3-a04d8d9a5524"],"Type":"CHILD"}],"Text":"ICN"},{"BlockType":"LINE","Confidence":99.97926330566406,"Geometry":{"BoundingBox":{"Height":0.011446771211922169,"Left":0.5481348037719727,"Top":0.5362316966056824,"Width":0.0355113260447979},"Polygon":[{"X":0.5481348037719727,"Y":0.5362503528594971},{"X":0.5836419463157654,"Y":0.5362316966056824},{"X":0.5836461186408997,"Y":0.5476598739624023},{"X":0.5481388568878174,"Y":0.5476784706115723}]},"Id":"6b22a87a-4c60-4325-b2e5-a066d6990059","Relationships":[{"Ids":["2bf46f1b-0fa7-4965-8359-3bc7f8581e65"],"Type":"CHILD"}],"Text":"1110"},{"BlockType":"LINE","Confidence":99.67170715332031,"Geometry":{"BoundingBox":{"Height":0.01195836067199707,"Left":0.5900237560272217,"Top":0.5360329747200012,"Width":0.036555394530296326},"Polygon":[{"X":0.5900237560272217,"Y":0.5360522270202637},{"X":0.6265746355056763,"Y":0.5360329747200012},{"X":0.6265791058540344,"Y":0.5479722619056702},{"X":0.5900281071662903,"Y":0.5479913353919983}]},"Id":"096cd0f2-bf80-4265-81d8-c8724a660f48","Relationships":[{"Ids":["6e5f7338-ed5c-4fcf-aafd-08b6a104c80b"],"Type":"CHILD"}],"Text":"NGO"},{"BlockType":"LINE","Confidence":99.9554672241211,"Geometry":{"BoundingBox":{"Height":0.011514346115291119,"Left":0.6779778003692627,"Top":0.5361647009849548,"Width":0.035428572446107864},"Polygon":[{"X":0.6779778003692627,"Y":0.5361832976341248},{"X":0.7134018540382385,"Y":0.5361647009849548},{"X":0.7134063839912415,"Y":0.5476605296134949},{"X":0.6779822707176208,"Y":0.54767906665802}]},"Id":"b2be1ae9-6626-48df-9277-dba9255aca30","Relationsh"
20:09:02.955 [Test worker] DEBUG org.apache.http.wire - http-outgoing-0 << "ips":[{"Ids":["69cab690-7de3-4e57-b72d-7f3d11cbd1ac"],"Type":"CHILD"}],"Text":"1300"},{"BlockType":"LINE","Confidence":99.94789123535156,"Geometry":{"BoundingBox":{"Height":0.01153621356934309,"Left":0.7200285792350769,"Top":0.5361219644546509,"Width":0.026889020577073097},"Polygon":[{"X":0.7200285792350769,"Y":0.5361360907554626},{"X":0.746912956237793,"Y":0.5361219644546509},{"X""
20:09:02.955 [Test worker] DEBUG org.apache.http.wire - http-outgoing-0 << ":0.7469176054000854,"Y":0.5476440787315369},{"X":0.7200331091880798,"Y":0.5476581454277039}]},"Id":"6eb60dae-c997-48fe-85bf-c8e6524a6e2f","Relationships":[{"Ids":["bf2456b0-262f-42ee-8ca1-57ebd145c0c0"],"Type":"CHILD"}],"Text":"738"},{"BlockType":"LINE","Confidence":99.93183898925781,"Geometry":{"BoundingBox":{"Height":0.011839555576443672,"Left":0.32892537117004395,"Top":0.5543516874313354,"Width":0.07591619342565536},"Polygon":[{"X":0.32892537117004395,"Y":0.5543913245201111},{"X":0.40483778715133667,"Y":0.5543516874313354},{"X":0.4048415720462799,"Y":0.5661517977714539},{"X":0.3289289176464081,"Y":0.5661912560462952}]},"Id":"aa1a60fa-dba5-434c-845a-8f5a0ca196b1","Relationships":[{"Ids":["03a42dfc-53e0-4c08-95a9-f00ed650a853","74e0ca85-a3fb-40b4-8411-e0f771490103"],"Type":"CHILD"}],"Text":"1700 1601"},{"BlockType":"LINE","Confidence":99.69318389892578,"Geometry":{"BoundingBox":{"Height":0.011785867623984814,"Left":0.4605816602706909,"Top":0.5545096397399902,"Width":0.03643771633505821},"Polygon":[{"X":0.460"
20:09:02.956 [Test worker] DEBUG org.apache.http.wire - http-outgoing-0 << "5816602706909,"Y":0.5545287132263184},{"X":0.4970153570175171,"Y":0.5545096397399902},{"X":0.49701938033103943,"Y":0.5662766098976135},{"X":0.4605855941772461,"Y":0.5662955641746521}]},"Id":"6fdc8c1c-665b-458e-8ead-d931b674f71c","Relationships":[{"Ids":["4e9f9a07-2e6f-4dae-b1ad-ed731b1bde0d"],"Type":"CHILD"}],"Text":"NGO"},{"BlockType":"LINE","Confidence":99.97835540771484,"Geometry":{"BoundingBox":{"Height":0.011442725546658039,"Left":0.5483390688896179,"Top":0.5545311570167542,"Width":0.0352003276348114},"Polygon":[{"X":0.5483390688896179,"Y":0.5545495748519897},{"X":0.5835352540016174,"Y":0.5545311570167542},{"X":0.5835394263267517,"Y":0.5659555792808533},{"X":0.5483431220054626,"Y":0.5659738779067993}]},"Id":"cfc6e366-5ac7-4c51-966a-e31ab1cb9899","Relationships":[{"Ids":["60eb15ee-6d4b-4902-8b92-ff89be7e9043"],"Type":"CHILD"}],"Text":"1350"},{"BlockType":"LINE","Confidence":99.81702423095703,"Geometry":{"BoundingBox":{"Height":0.011798474006354809,"Left":0.5901575684547424,"Top":0.5544384717941284,"Width":0.027713414281606674},"Polygon":[{"X":0.5901575684547424,"Y":0.5544529557228088},{"X":0.617866575717926,"Y":0.5544384717941284},{"X":0.6178709864616394,"Y":0.5662225484848022},{"X":0.5901618599891663,"Y":0.5662369728088379}]},"Id":"a4ab2537-a9b3-4ea9-820b-b0308513578a","Relationships":[{"Ids":["5677b5aa-843f-4db9-aa37-f85d35372413"],"Type":"CHILD"}],"Text":"ICN"},{"BlockType":"LINE","Confidence":99.96390533447266,"Geometry":{"BoundingBox":{"Height":0.011455046012997627,"Left":0.6780585050582886,"Top":0.5546037554740906,"Width":0.035078730434179306},"Polygon":[{"X":0.6780585050582886,"Y":0.5546220541000366},{"X":0.7131327390670776,"Y":0.5546037554740906},{"X":0.7131372690200806,"Y":0.566040575504303},{"X":0.678062915802002,"Y":0.5660588145256042}]},"Id":"5f0ec03c-39e2-4cdd-878d-10b79c560b62","Relationships":[{"Ids":["53aac458-d278-4d18-b23e-a5ad909692aa"],"Type":"CHILD"}],"Text":"1600"},{"BlockType":"LINE","Confidence":99.95074462890625,"Geometry":{"BoundingBox":{"Height":0.011368537321686745,"Left":0.7201148867607117,"Top":0.5545923113822937,"Width":0.026515284553170204},"Polygon":[{"X":0.7201148867607117,"Y":0.5546061992645264},{"X":0.746625542640686,"Y":0.5545923113822937},{"X":0.7466301321983337,"Y":0.5659470558166504},{"X":0.7201193571090698,"Y":0.5659608840942383}]},"Id":"3793ee51-baa9-42e7-9ec8-81896150026a","Relationships":[{"Ids":["4784e166-6fb6-4424-a7eb-da6151b2925a"],"Type":"CHILD"}],"Text":"738"},{"BlockType":"LINE","Confidence":99.8850326538086,"Geometry":{"BoundingBox":{"Height":0.011865747161209583,"Left":0.03323306515812874,"Top":0.5732312202453613,"Width":0.06056695803999901},"Polygon":[{"X":0.03323306515812874,"Y":0.573262631893158},{"X":0.09379715472459793,"Y":0.5732312202453613},{"X":0.09380002319812775,"Y":0.5850656628608704},{"X":0.033235762268304825,"Y":0.5850969552993774}]},"Id":"2357a731-ba32-4fc9-b9a7-41257cd1713b","Relationships":[{"Ids":["03b1ed6d-9f6c-43b6-aa5a-80f7753b474d"],"Type":"CHILD"}],"Text":"22Jan23"},{"BlockType":"LINE","Confidence":99.70063781738281,"Geometry":{"BoundingBox":{"Height":0.011824308894574642,"Left":0.3703107535839081,"Top":0.5731639862060547,"Width":0.03356003388762474},"Polygon":[{"X":0.3703107535839081,"Y":0.5731813907623291},{"X":0.4038670063018799,"Y":0.5731639862060547},{"X":0.4038707911968231,"Y":0.5849709510803223},{"X":0.37031441926956177,"Y":0.5849882960319519}]},"Id":"d69537f5-34bc-435f-8583-35193fe6ba8d","Relationships":[{"Ids":["981e4863-b7fd-4bc5-bc78-55f3fdf5fe77"],"Type":"CHILD"}],"Text":"VAC"},{"BlockType":"LINE","Confidence":99.71207427978516,"Geometry":{"BoundingBox":{"Height":0.011887770146131516,"Left":0.4603632390499115,"Top":0.5731490850448608,"Width":0.03661838918924332},"Polygon":[{"X":0.4603632390499115,"Y":0.5731680989265442},{"X":0.4969775676727295,"Y":0.5731490850448608},{"X":0.4969816207885742,"Y":0.5850179195404053},{"X":0.46036720275878906,"Y":0.5850368738174438}]},"Id":"82221cf9-f74f-4192-86fc-0fb922c0abf6","Relationships":[{"Ids":["ada18e8e-ea53-45ec-90c5-eb4abb12e9ac"],"Type":"CHILD"}],"Text":"GMP"},{"BlockType":"LINE","Confidence":99.85963439941406,"Geometry":{"BoundingBox":{"Height":0.011337220668792725,"Left":0.5473150610923767,"Top":0.5734527111053467,"Width":0.03645644709467888},"Polygon":[{"X":0.5473150610923767,"Y":0.5734716653823853},{"X":0.5837674140930176,"Y":0.5734527111053467},{"X":0.5837715268135071,"Y":0.5847710967063904},{"X":0.5473190546035767,"Y":0.5847899317741394}]},"Id":"225f8ef9-0bb6-4eaa-820d-4320a06f78f5","Relationships":[{"Ids":["dd7d2b0a-1e14-48e4-b3fb-0d74a5afcc0e"],"Type":"CHILD"}],"Text":"0000"},{"BlockType":"LINE","Confidence":99.82353973388672,"Geometry":{"BoundingBox":{"Height":0.011941586621105671,"Left":0.5898481607437134,"Top":0.5730257034301758,"Width":0.03672099485993385},"Polygon":[{"X":0.5898481607437134,"Y":0.5730447769165039},{"X":0.6265646815299988,"Y":0.5730257034301758},{"X":0.6265691518783569,"Y":0.5849483013153076},{"X":0.589852511882782,"Y":0.5849672555923462}]},"Id":"38ef1752-8040-4f3e-b9cd-41e1ee195752","Relationships":[{"Ids":["22f9bbb5-6037-4034-8b4a-a92b86d4ca7f"],"Type":"CHILD"}],"Text":"GMP"},{"BlockType":"LINE","Confidence":99.94998931884766,"Geometry":{"BoundingBox":{"Height":0.01137691829353571,"Left":0.677297830581665,"Top":0.5733838081359863,"Width":0.03565831109881401},"Polygon":[{"X":0.677297830581665,"Y":0.5734022855758667},{"X":0.71295166015625,"Y":0.5733838081359863},{"X":0.7129561901092529,"Y":0.5847422480583191},{"X":0.6773022413253784,"Y":0.5847607254981995}]},"Id":"953be487-f83d-4244-9903-5b602f7621d2","Relationships":[{"Ids":["ea31eacd-88f9-46e8-ae6b-68a5360b416d"],"Type":"CHILD"}],"Text":"2359"},{"BlockType":"LINE","Confidence":99.63682556152344,"Geometry":{"BoundingBox":{"Height":0.011652837507426739,"Left":0.03322979807853699,"Top":0.5917486548423767,"Width":0.06048106402158737},"Polygon":[{"X":0.03322979807853699,"Y":0.5917798280715942},{"X":0.09370803833007812,"Y":0.5917486548423767},{"X":0.09371086210012436,"Y":0.6033704280853271},{"X":0.033232443034648895,"Y":0.6034014821052551}]},"Id":"627aa880-f40f-497f-b3cc-3e819a2252b3","Relationships":[{"Ids":["b024009d-6bf8-407a-8dfd-061bfc2fa39d"],"Type":"CHILD"}],"Text":"23Jan23"},{"BlockType":"LINE","Confidence":99.97496795654297,"Geometry":{"BoundingBox":{"Height":0.011722096242010593,"Left":0.3709102272987366,"Top":0.5916902422904968,"Width":0.03192771226167679},"Polygon":[{"X":0.3709102272987366,"Y":0.5917066931724548},{"X":0.4028342068195343,"Y":0.5916902422904968},{"X":0.40283793210983276,"Y":0.603395938873291},{"X":0.37091386318206787,"Y":0.6034123301506042}]},"Id":"569e2468-807b-41d2-84eb-0d13a123f9e9","Relationships":[{"Ids":["4db7ede9-3909-4c30-9cb0-2d1248b6a42e"],"Type":"CHILD"}],"Text":"OFF"},{"BlockType":"LINE","Confidence":99.75254821777344,"Geometry":{"BoundingBox":{"Height":0.012037983164191246,"Left":0.46057233214378357,"Top":0.5914390087127686,"Width":0.03665178269147873},"Polygon":[{"X":0.46057233214378357,"Y":0.5914579033851624},{"X":0.497219979763031,"Y":0.5914390087127686},{"X":0.4972240924835205,"Y":0.6034581661224365},{"X":0.4605763256549835,"Y":0.6034769415855408}]},"Id":"d4c05596-edd1-4eb3-a9a1-d6047f043ac0","Relationships":[{"Ids":["11091b5f-bb54-4ad0-8def-5e7c7bed3a88"],"Type":"CHILD"}],"Text":"GMP"},{"BlockType":"LINE","Confidence":99.85604858398438,"Geometry":{"BoundingBox":{"Height":0.011488809250295162,"Left":0.5474169254302979,"Top":0.5917636156082153,"Width":0.03622359037399292},"Polygon":[{"X":0.5474169254302979,"Y":0.59178227186203},{"X":0.5836363434791565,"Y":0.5917636156082153},{"X":0.5836405158042908,"Y":0.603233814239502},{"X":0.5474209785461426,"Y":0.6032524108886719}]},"Id":"ff10a742-3b4c-41fb-ba75-868cc314e169","Relationships":[{"Ids":["dee7eb2e-e0b5-4c54-bd50-a17dd999b879"],"Type":"CHILD"}],"Text":"0000"},{"BlockType":"LINE","Confidence":99.80042266845703,"Geometry":{"BoundingBox":{"Height":0.012002833187580109,"Left":0.5899520516395569,"Top":0.591454267501831,"Width":0.0367550365626812},"Polygon":["
20:09:02.957 [Test worker] DEBUG org.apache.http.wire - http-outgoing-0 << "{"X":0.5899520516395569,"Y":0.5914732217788696},{"X":0.626702606678009,"Y":0.591454267501831},{"X":0.6267070770263672,"Y":0.6034381985664368},{"X":0.5899564027786255,"Y":0.6034570932388306}]},"Id":"bece68db-2a7a-4133-82b6-154ae9b330b8","Relationships":[{"Ids":["9520c512-0e00-4d03-9a4f-b49fa82bbe6f"],"Type":"CHILD"}],"Text":"GMP"},{"BlockType":"LINE","Confidence":99.96878814697266,"Geometry":{"BoundingBox":{"Height":0.011454366147518158,"Left":0.677375853061676,"Top":0.5917319655418396,"Width":0.03575979173183441},"Polygon":[{"X":0.677375853061676,"Y":0.5917503833770752},{"X":0.7131311297416687,"Y":0.5917319655418396},{"X":0.7131356596946716,"Y":0.6031679511070251},{"X":0.6773803234100342,"Y":0.603186309337616}]},"Id":"02420c1d-e494-41cb-890d-beda043efcad","Relationships":[{"Ids":["3f63f7b1-cb4b-4f6f-a14f-393e0587173b"],"Type":"CHILD"}],"Text":"2359"},{"BlockType":"LINE","Confidence":99.76185607910156,"Geometry":{"BoundingBox":{"Height":0.011958342045545578,"Left":0.03279930725693703,"Top":0.6104517579078674,"Width":0.11477675288915634},"Polygon":[{"X":0.03279930725693703,"Y":0.6105105876922607},{"X":0.14757302403450012,"Y":0.6104517579078674},{"X":0.14757606387138367,"Y":0.6223515272140503},{"X":0.03280201554298401,"Y":0.6224101185798645}]},"Id":"7d702902-dc56-4409-abfa-7a0838a92048","Relationships":[{"Ids":["e274b196-8076-49b7-abc7-b4f42542a020","6d3b5ccf-a05d-4cfc-9abb-bb2b52701c27"],"Type":"CHILD"}],"Text":"24Jan23 F105B"},{"BlockType":"LINE","Confidence":99.96131134033203,"Geometry":{"BoundingBox":{"Height":0.011553489603102207,"Left":0.2632101774215698,"Top":0.610674262046814,"Width":0.03630809113383293},"Polygon":[{"X":0.2632101774215698,"Y":0.6106928586959839},{"X":0.29951488971710205,"Y":0.610674262046814},{"X":0.29951825737953186,"Y":0.6222091913223267},{"X":0.26321345567703247,"Y":0.6222277283668518}]},"Id":"2182a945-9418-46e7-bdbd-a2eed744cf9b","Relationships":[{"Ids":["7d4490e8-d118-4f5d-a5fc-3c2e7e2fdd4e"],"Type":"CHILD"}],"Text":"0640"},{"BlockType":"LINE","Confidence":99.98039245605469,"Geometry":{"BoundingBox":{"Height":0.011555943638086319,"Left":0.3715943992137909,"Top":0.610629677772522,"Width":0.02642953023314476},"Polygon":[{"X":0.3715943992137909,"Y":0.610643208026886},{"X":0.39802026748657227,"Y":0.610629677772522},{"X":0.39802393317222595,"Y":0.6221721172332764},{"X":0.3715979754924774,"Y":0.6221856474876404}]},"Id":"c4426a8c-614c-46b8-98fe-5513d2392598","Relationships":[{"Ids":["426f0f89-3482-4e50-9a09-01c96e1a11e7"],"Type":"CHILD"}],"Text":"105"},{"BlockType":"LINE","Confidence":99.8085708618164,"Geometry":{"BoundingBox":{"Height":0.01210166048258543,"Left":0.4603142738342285,"Top":0.6103689074516296,"Width":0.03682995215058327},"Polygon":[{"X":0.4603142738342285,"Y":0.6103877425193787},{"X":0.4971400797367096,"Y":0.6103689074516296},{"X":0.4971442222595215,"Y":0.6224517822265625},{"X":0.46031829714775085,"Y":0.6224705576896667}]},"Id":"b7f16e71-da8f-41a9-9576-12c27cd65389","Relationships":[{"Ids":["c8731568-b52a-4798-9056-f648c46c1618"],"Type":"CHILD"}],"Text":"GMP"},{"BlockType":"LINE","Confidence":99.92636108398438,"Geometry":{"BoundingBox":{"Height":0.011644556187093258,"Left":0.5473451018333435,"Top":0.6105669140815735,"Width":0.036321625113487244},"Polygon":[{"X":0.5473451018333435,"Y":0.6105855107307434},{"X":0.5836625099182129,"Y":0.6105669140815735},{"X":0.5836666822433472,"Y":0.622192919254303},{"X":0.547349214553833,"Y":0.6222114562988281}]},"Id":"3c6c55b7-6ba2-4cec-9997-56bcf6176120","Relationships":[{"Ids":["3b864a89-3960-457d-894d-b1c3ed0e5155"],"Type":"CHILD"}],"Text":"0750"},{"BlockType":"LINE","Confidence":99.07391357421875,"Geometry":{"BoundingBox":{"Height":0.011867672204971313,"Left":0.5897983908653259,"Top":0.6105068325996399,"Width":0.03142053261399269},"Polygon":[{"X":0.5897983908653259,"Y":0.6105229258537292},{"X":0.6212145090103149,"Y":0.6105068325996399},{"X":0.6212189197540283,"Y":0.622358500957489},{"X":0.5898026823997498,"Y":0.6223745346069336}]},"Id":"c0dfa626-57d7-45d3-bcbd-d194094e0178","Relationships":[{"Ids":["e8f40236-3e1b-4942-9572-cdc09644f027"],"Type":"CHILD"}],"Text":"CJU"},{"BlockType":"LINE","Confidence":99.83085632324219,"Geometry":{"BoundingBox":{"Height":0.011680285446345806,"Left":0.6768193244934082,"Top":0.6105642318725586,"Width":0.03662893921136856},"Polygon":[{"X":0.6768193244934082,"Y":0.6105829477310181},{"X":0.7134436964988708,"Y":0.6105642318725586},{"X":0.7134482860565186,"Y":0.622225821018219},{"X":0.6768238544464111,"Y":0.6222444772720337}]},"Id":"bc479ace-7605-4e6f-b5fa-aaa27b9f9c63","Relationships":[{"Ids":["023214db-1ebe-44ea-ab78-f23b76b51734"],"Type":"CHILD"}],"Text":"0900"},{"BlockType":"LINE","Confidence":99.95230865478516,"Geometry":{"BoundingBox":{"Height":0.011806336231529713,"Left":0.7199961543083191,"Top":0.6104298830032349,"Width":0.02687498740851879},"Polygon":[{"X":0.7199961543083191,"Y":0.610443651676178},{"X":0.7468663454055786,"Y":0.6104298830032349},{"X":0.7468711137771606,"Y":0.6222224831581116},{"X":0.7200008034706116,"Y":0.6222361922264099}]},"Id":"7285ea1c-9b5f-4214-affe-aab6ef52a7ad","Relationships":[{"Ids":["e5c727bb-a229-4393-9035-fae8cadf1728"],"Type":"CHILD"}],"Text":"738"},{"BlockType":"LINE","Confidence":99.97527313232422,"Geometry":{"BoundingBox":{"Height":0.011308971792459488,"Left":0.37091752886772156,"Top":0.6290813684463501,"Width":0.02706267684698105},"Polygon":[{"X":0.37091752886772156,"Y":0.6290951371192932},{"X":0.3979766368865967,"Y":0.6290813684463501},{"X":0.3979802131652832,"Y":0.640376627445221},{"X":0.3709210455417633,"Y":0.6403903365135193}]},"Id":"5276b80b-1dae-4216-8e51-6c1563d1db8a","Relationships":[{"Ids":["3ec0d1be-97ed-431d-8002-153387a679d0"],"Type":"CHILD"}],"Text":"802"},{"BlockType":"LINE","Confidence":99.53399658203125,"Geometry":{"BoundingBox":{"Height":0.011649634689092636,"Left":0.46028828620910645,"Top":0.6289094686508179,"Width":0.031343135982751846},"Polygon":[{"X":0.46028828620910645,"Y":0.6289253830909729},{"X":0.49162745475769043,"Y":0.6289094686508179},{"X":0.491631418466568,"Y":0.6405431628227234},{"X":0.46029216051101685,"Y":0.6405590772628784}]},"Id":"05c2f971-9510-48e4-abd8-e5d7f937a1ee","Relationships":[{"Ids":["98eead70-2360-4da1-bc99-0866760fb187"],"Type":"CHILD"}],"Text":"CJU"},{"BlockType":"LINE","Confidence":99.96925354003906,"Geometry":{"BoundingBox":{"Height":0.011403107084333897,"Left":0.5473141074180603,"Top":0.6290615200996399,"Width":0.03641087934374809},"Polygon":[{"X":0.5473141074180603,"Y":0.629080057144165},{"X":0.583720862865448,"Y":0.6290615200996399},{"X":0.5837249755859375,"Y":0.6404461860656738},{"X":0.547318160533905,"Y":0.6404646635055542}]},"Id":"24857337-75dc-4fa6-814c-0408a3fa7407","Relationships":[{"Ids":["2a3a4f28-a941-455e-8851-7df50bb31795"],"Type":"CHILD"}],"Text":"0940"},{"BlockType":"LINE","Confidence":98.35910034179688,"Geometry":{"BoundingBox":{"Height":0.01167078036814928,"Left":0.5898116827011108,"Top":0.62889564037323,"Width":0.027926689013838768},"Polygon":[{"X":0.5898116827011108,"Y":0.6289098858833313},{"X":0.6177340149879456,"Y":0.62889564037323},{"X":0.6177383661270142,"Y":0.640552282333374},{"X":0.5898159146308899,"Y":0.6405664086341858}]},"Id":"ed067281-45f8-4e1c-b732-fbe209e6c5ea","Relationships":[{"Ids":["d9b990ab-b8a4-4451-93f2-392e21e9482c"],"Type":"CHILD"}],"Text":"CJJ"},{"BlockType":"LINE","Confidence":99.94271087646484,"Geometry":{"BoundingBox":{"Height":0.011434806510806084,"Left":0.6780428290367126,"Top":0.6289641261100769,"Width":0.03520458936691284},"Polygon":[{"X":0.6780428290367126,"Y":0.6289820075035095},{"X":0.7132428884506226,"Y":0.6289641261100769},{"X":0.7132474184036255,"Y":0.6403810381889343},{"X":0.678047239780426,"Y":0.6403989195823669}]},"Id":"54055df5-8454-4065-b3f5-c28603ede555","Relationships":[{"Ids":["6a07a9e3-cdd4-4af4-9c38-44d651f606cb"],"Type":"CHILD"}],"Text":"1040"},{"BlockType":"LINE","Confidence":99.95040130615234,"Geometry":{"BoundingBox":{"Height":0.01144416257739067,"Left":0.7200606465339661,"Top":0.6288579106330872,"
20:09:02.959 [Test worker] DEBUG org.apache.http.wire - http-outgoing-0 << ""Width":0.026734493672847748},"Polygon":[{"X":0.7200606465339661,"Y":0.628871500492096},{"X":0.7467905282974243,"Y":0.6288579106330872},{"X":0.746795117855072,"Y":0.6402884721755981},{"X":0.720065176486969,"Y":0.6403020620346069}]},"Id":"301b1ccd-f333-4b24-8595-6cf1e4e5420f","Relationships":[{"Ids":["9d1ffe74-3d47-4c78-89ac-d9b03c833319"],"Type":"CHILD"}],"Text":"738"},{"BlockType""
20:09:02.959 [Test worker] DEBUG org.apache.http.wire - http-outgoing-0 << ":"LINE","Confidence":99.93109893798828,"Geometry":{"BoundingBox":{"Height":0.011931543238461018,"Left":0.10065751522779465,"Top":0.6475311517715454,"Width":0.04671267420053482},"Polygon":[{"X":0.10065751522779465,"Y":0.6475547552108765},{"X":0.14736714959144592,"Y":0.6475311517715454},{"X":0.14737018942832947,"Y":0.6594391465187073},{"X":0.10066042840480804,"Y":0.6594626903533936}]},"Id":"f6c5be7f-4ea2-4716-b029-a1cb29f5cb78","Relationships":[{"Ids":["5d7543da-9afe-4614-9bc8-668fccc20c6d"],"Type":"CHILD"}],"Text":"F105B"},{"BlockType":"LINE","Confidence":99.94050598144531,"Geometry":{"BoundingBox":{"Height":0.011872552335262299,"Left":0.37101686000823975,"Top":0.647391140460968,"Width":0.02529969811439514},"Polygon":[{"X":0.37101686000823975,"Y":0.6474039554595947},{"X":0.39631277322769165,"Y":0.647391140460968},{"X":0.3963165581226349,"Y":0.6592509746551514},{"X":0.37102052569389343,"Y":0.6592637300491333}]},"Id":"f3465fd3-c967-494c-abbe-5dbee9297201","Relationships":[{"Ids":["cf8d482d-3ad3-43dd-b8fd-77cc128"
20:09:02.960 [Test worker] DEBUG org.apache.http.wire - http-outgoing-0 << "d196b"],"Type":"CHILD"}],"Text":"801"},{"BlockType":"LINE","Confidence":99.51226806640625,"Geometry":{"BoundingBox":{"Height":0.011701839976012707,"Left":0.46028807759284973,"Top":0.6477429270744324,"Width":0.027455702424049377},"Polygon":[{"X":0.46028807759284973,"Y":0.647756814956665},{"X":0.48773980140686035,"Y":0.6477429270744324},{"X":0.4877437651157379,"Y":0.6594309210777283},{"X":0.46029195189476013,"Y":0.6594447493553162}]},"Id":"309c86ed-b52f-4cd8-bc1c-f045d3e75a43","Relationships":[{"Ids":["c3ed16d1-bb03-4831-85f5-7b1ea0a1591d"],"Type":"CHILD"}],"Text":"CJJ"},{"BlockType":"LINE","Confidence":99.96654510498047,"Geometry":{"BoundingBox":{"Height":0.011629334650933743,"Left":0.5482503175735474,"Top":0.647518515586853,"Width":0.03512671962380409},"Polygon":[{"X":0.5482503175735474,"Y":0.6475362777709961},{"X":0.5833727717399597,"Y":0.647518515586853},{"X":0.5833770036697388,"Y":0.6591301560401917},{"X":0.5482544302940369,"Y":0.6591478586196899}]},"Id":"3355b199-351c-4b23-a27a-e693be034016","Relationships":[{"Ids":["dedf9032-602f-464b-be23-01775d3edc46"],"Type":"CHILD"}],"Text":"1130"},{"BlockType":"LINE","Confidence":99.21173095703125,"Geometry":{"BoundingBox":{"Height":0.01174282468855381,"Left":0.5898569226264954,"Top":0.6475369930267334,"Width":0.03127262368798256},"Polygon":[{"X":0.5898569226264954,"Y":0.6475527882575989},{"X":0.6211251616477966,"Y":0.6475369930267334},{"X":0.6211295127868652,"Y":0.6592640280723572},{"X":0.5898612141609192,"Y":0.6592798233032227}]},"Id":"c836469d-2a2b-4746-a8e1-45aca10f769c","Relationships":[{"Ids":["43a40b2d-9af9-48d2-9d8f-bdc52e9d81b4"],"Type":"CHILD"}],"Text":"CJU"},{"BlockType":"LINE","Confidence":99.92192077636719,"Geometry":{"BoundingBox":{"Height":0.011548285372555256,"Left":0.6781332492828369,"Top":0.6476311087608337,"Width":0.03506527468562126},"Polygon":[{"X":0.6781332492828369,"Y":0.6476488709449768},{"X":0.713193953037262,"Y":0.6476311087608337},{"X":0.7131985425949097,"Y":0.6591617465019226},{"X":0.6781377196311951,"Y":0.6591793894767761}]},"Id":"f0910646-36ac-4493-b704-1a82aecfed24","Relationships":[{"Ids":["7a3c67ef-2885-4f7f-970a-b7f054c27b2e"],"Type":"CHILD"}],"Text":"1240"},{"BlockType":"LINE","Confidence":99.95133209228516,"Geometry":{"BoundingBox":{"Height":0.01145669724792242,"Left":0.7199463844299316,"Top":0.6476791501045227,"Width":0.026843665167689323},"Polygon":[{"X":0.7199463844299316,"Y":0.6476927399635315},{"X":0.7467854619026184,"Y":0.6476791501045227},{"X":0.7467900514602661,"Y":0.6591222882270813},{"X":0.7199509143829346,"Y":0.6591358184814453}]},"Id":"20148df4-e0ee-4232-880d-aa8346d0caaf","Relationships":[{"Ids":["61786a13-66eb-4256-a3d0-61c798b4bb4a"],"Type":"CHILD"}],"Text":"738"},{"BlockType":"LINE","Confidence":99.82781982421875,"Geometry":{"BoundingBox":{"Height":0.011783380061388016,"Left":0.3289998769760132,"Top":0.6661249995231628,"Width":0.06890373677015305},"Polygon":[{"X":0.3289998769760132,"Y":0.6661596298217773},{"X":0.39789989590644836,"Y":0.6661249995231628},{"X":0.3979036211967468,"Y":0.6778738498687744},{"X":0.3290034234523773,"Y":0.6779083609580994}]},"Id":"64441f49-0bdc-44a4-bc9b-58fe50c18869","Relationships":[{"Ids":["a4fbaa7a-2b9d-4bb4-ad98-0eedb4b77b6e","c2ec81ca-9be5-465c-8289-30d304a4fa0c"],"Type":"CHILD"}],"Text":"1435 506"},{"BlockType":"LINE","Confidence":99.62403869628906,"Geometry":{"BoundingBox":{"Height":0.011602635495364666,"Left":0.4603317081928253,"Top":0.6663078665733337,"Width":0.031183971092104912},"Polygon":[{"X":0.4603317081928253,"Y":0.6663235425949097},{"X":0.491511732339859,"Y":0.6663078665733337},{"X":0.4915156662464142,"Y":0.6778948903083801},{"X":0.46033555269241333,"Y":0.6779105067253113}]},"Id":"58640486-f999-4bd8-a6f9-1346ad62daac","Relationships":[{"Ids":["2b22525a-aeab-4921-ab93-dca9d4a0bb2a"],"Type":"CHILD"}],"Text":"CJU"},{"BlockType":"LINE","Confidence":99.97137451171875,"Geometry":{"BoundingBox":{"Height":0.011620582081377506,"Left":0.5481369495391846,"Top":0.666226327419281,"Width":0.03492788225412369},"Polygon":[{"X":0.5481369495391846,"Y":0.6662439107894897},{"X":0.583060622215271,"Y":0.666226327419281},{"X":0.58306485414505,"Y":0.6778294444084167},{"X":0.5481410622596741,"Y":0.6778469085693359}]},"Id":"35004bf7-c759-4f2a-9fc0-effd2b4d958f","Relationships":[{"Ids":["0867bb98-c6e7-4d9e-9ce4-37e76e2b5846"],"Type":"CHILD"}],"Text":"1315"},{"BlockType":"LINE","Confidence":99.7005615234375,"Geometry":{"BoundingBox":{"Height":0.011925332248210907,"Left":0.5902659296989441,"Top":0.6660812497138977,"Width":0.03274478390812874},"Polygon":[{"X":0.5902659296989441,"Y":0.6660977005958557},{"X":0.623006284236908,"Y":0.6660812497138977},{"X":0.6230106949806213,"Y":0.677990198135376},{"X":0.5902702808380127,"Y":0.6780065894126892}]},"Id":"e52febad-8fce-429c-90a6-87dde3c27985","Relationships":[{"Ids":["a3c9c324-fe5a-4ee6-81bb-7944c2f40361"],"Type":"CHILD"}],"Text":"PUS"},{"BlockType":"LINE","Confidence":99.97225952148438,"Geometry":{"BoundingBox":{"Height":0.011631657369434834,"Left":0.6779535412788391,"Top":0.6661480665206909,"Width":0.03499472141265869},"Polygon":[{"X":0.6779535412788391,"Y":0.6661656498908997},{"X":0.7129436731338501,"Y":0.6661480665206909},{"X":0.7129482626914978,"Y":0.6777622103691101},{"X":0.6779580116271973,"Y":0.6777796745300293}]},"Id":"ce8e3c89-d511-4db1-ba39-1d7829a17b39","Relationships":[{"Ids":["c34e3f85-21b5-40fc-9104-f3360688e2d5"],"Type":"CHILD"}],"Text":"1415"},{"BlockType":"LINE","Confidence":99.95149993896484,"Geometry":{"BoundingBox":{"Height":0.01164023857563734,"Left":0.71999591588974,"Top":0.6661035418510437,"Width":0.026879198849201202},"Polygon":[{"X":0.71999591588974,"Y":0.6661170721054077},{"X":0.7468703985214233,"Y":0.6661035418510437},{"X":0.7468751072883606,"Y":0.6777303218841553},{"X":0.7200005054473877,"Y":0.6777437925338745}]},"Id":"8a3384e7-911c-4a9a-a228-a6c2b487e637","Relationships":[{"Ids":["06432dec-4dec-4767-b11a-c6d41a1416f4"],"Type":"CHILD"}],"Text":"738"},{"BlockType":"LINE","Confidence":99.93867492675781,"Geometry":{"BoundingBox":{"Height":0.012222034856677055,"Left":0.10055327415466309,"Top":0.6847388744354248,"Width":0.04715317487716675},"Polygon":[{"X":0.10055327415466309,"Y":0.6847624182701111},{"X":0.14770331978797913,"Y":0.6847388744354248},{"X":0.14770644903182983,"Y":0.6969375014305115},{"X":0.10055625438690186,"Y":0.6969609260559082}]},"Id":"43de8852-f61b-479b-8d86-5c975811119c","Relationships":[{"Ids":["4f4dab55-12a2-4ab0-bb9d-1cde43e3a872"],"Type":"CHILD"}],"Text":"F105B"},{"BlockType":"LINE","Confidence":99.72650146484375,"Geometry":{"BoundingBox":{"Height":0.011858743615448475,"Left":0.3709678053855896,"Top":0.6849371790885925,"Width":0.05352387577295303},"Polygon":[{"X":0.3709678053855896,"Y":0.6849639415740967},{"X":0.4244878590106964,"Y":0.6849371790885925},{"X":0.42449167370796204,"Y":0.6967692971229553},{"X":0.3709715008735657,"Y":0.6967959403991699}]},"Id":"d243400a-e444-4207-92a9-40dc5004ee70","Relationships":[{"Ids":["c25a7930-f877-45d1-92e3-715733bed30a"],"Type":"CHILD"}],"Text":"LAYOV"},{"BlockType":"LINE","Confidence":99.5290756225586,"Geometry":{"BoundingBox":{"Height":0.011808096431195736,"Left":0.46064522862434387,"Top":0.6849608421325684,"Width":0.03254794701933861},"Polygon":[{"X":0.46064522862434387,"Y":0.684977114200592},{"X":0.49318915605545044,"Y":0.6849608421325684},{"X":0.4931931793689728,"Y":0.6967527866363525},{"X":0.46064916253089905,"Y":0.6967689394950867}]},"Id":"5ea45637-8de0-454f-8a49-4ee39915e874","Relationships":[{"Ids":["31d819d3-4b7c-4cea-ba94-725a8ab61b9e"],"Type":"CHILD"}],"Text":"PUS"},{"BlockType":"LINE","Confidence":99.97372436523438,"Geometry":{"BoundingBox":{"Height":0.011668676510453224,"Left":0.548271894454956,"Top":0.6850327253341675,"Width":0.03469417244195938},"Polygon":[{"X":0.548271894454956,"Y":0.6850500702857971},{"X":0.5829618573188782,"Y":0.6850327253341675},{"X":0.5829660892486572,"Y":0.6966841816902161},{"X":0.5482760667800903,"Y":0.6967014074325562}]},"Id":"5ec7cb54-57f7-4519-b72b-8474cf9a512d","Relationships"
20:09:02.962 [Test worker] DEBUG org.apache.http.wire - http-outgoing-0 << "":[{"Ids":["a2358223-cebc-49c8-a109-a20dcb0416b1"],"Type":"CHILD"}],"Text":"1525"},{"BlockType":"LINE","Confidence":99.60737609863281,"Geometry":{"BoundingBox":{"Height":0.011860714294016361,"Left":0.5901620984077454,"Top":0.6849003434181213,"Width":0.032951731234788895},"Polygon":[{"X":0.5901620984077454,"Y":0.6849167943000793},{"X":0.6231094598770142,"Y":0.6849003434181213},{"X":0.6231138706207275,"Y":0.6967446208000183},{"X":0.590166449546814,"Y":0.6967610120773315}]},"Id":"1918ee6f-8b8f-400f-addd-a4db06dd5d57","Relationships":[{"Ids":["efd24ad5-d51f-4b5e-8ff3-34d5fabdf3f6"],"Type":"CHILD"}],"Text":"PUS"},{"BlockType":"LINE","Confidence":99.95930480957031,"Geometry":{"BoundingBox":{"Height":0.011545187793672085,"Left":0.6769753098487854,"Top":0.6850733757019043,"Width":0.03587285801768303},"Polygon":[{"X":0.6769753098487854,"Y":0.6850912570953369},{"X":0.7128435969352722,"Y":0.6850733757019043},{"X":0.7128481268882751,"Y":0.6966007351875305},{"X":0.6769797205924988,"Y":0.6966185569763184}]},"Id":"2fd2d69d-effd-4303-aa2a-68c7618b7b21","Relationships":[{"Ids":["03dce94e-96e1-44fd-b64c-ab059e8fa0f5"],"Type":"CHILD"}],"Text":"0455"},{"BlockType":"LINE","Confidence":94.37156677246094,"Geometry":{"BoundingBox":{"Height":0.01193887647241354,"Left":0.7197606563568115,"Top":0.6848859190940857,"Width":0.049205321818590164},"Polygon":[{"X":0.7197606563568115,"Y":0.6849104762077332},{"X":0.7689611315727234,"Y":0.6848859190940857},{"X":0.768966019153595,"Y":0.6968003511428833},{"X":0.7197653651237488,"Y":0.6968247890472412}]},"Id":"f87473d6-3e91-4354-901e-7943e65d3c29","Relationships":[{"Ids":["21785fca-2feb-4122-9776-1822487ca931","3cfd8f6f-3ec5-4774-b95a-dff78008f27a"],"Type":"CHILD"}],"Text":"??? ??"},{"BlockType":"LINE","Confidence":99.771728515625,"Geometry":{"BoundingBox":{"Height":0.012391779571771622,"Left":0.033043842762708664,"Top":0.7029041647911072,"Width":0.11462324112653732},"Polygon":[{"X":0.033043842762708664,"Y":0.7029610276222229},{"X":0.1476639360189438,"Y":0.7029041647911072},{"X":0.1476670801639557,"Y":0.7152393460273743},{"X":0.033046647906303406,"Y":0.7152959704399109}]},"Id":"b9d19efc-e92d-4aa4-8d54-3da0ea6be0d5","Relationships":[{"Ids":["14730bbf-25b9-4b5e-aa14-1c8cade7045e","5f80488b-63b6-46d7-aa04-695f5211074a"],"Type":"CHILD"}],"Text":"25Jan23 F105B"},{"BlockType":"LINE","Confidence":99.94825744628906,"Geometry":{"BoundingBox":{"Height":0.011755229905247688,"Left":0.2630884647369385,"Top":0.703279972076416,"Width":0.03610514476895332},"Polygon":[{"X":0.2630884647369385,"Y":0.7032978534698486},{"X":0.2991901636123657,"Y":0.703279972076416},{"X":0.2991936206817627,"Y":0.7150173187255859},{"X":0.2630918025970459,"Y":0.7150352001190186}]},"Id":"4fa6f2f0-46b8-4176-b02a-e3fa4fd2fa64","Relationships":[{"Ids":["780cedd8-7646-445b-9905-ab4e51d137c5"],"Type":"CHILD"}],"Text":"0545"},{"BlockType":"LINE","Confidence":99.96652221679688,"Geometry":{"BoundingBox":{"Height":0.011395907960832119,"Left":0.37170740962028503,"Top":0.7034023404121399,"Width":0.034831125289201736},"Polygon":[{"X":0.37170740962028503,"Y":0.7034196257591248},{"X":0.406534880399704,"Y":0.7034023404121399},{"X":0.4065385162830353,"Y":0.7147810459136963},{"X":0.37171095609664917,"Y":0.7147982120513916}]},"Id":"b462735c-e71c-4b82-b047-48cad512348d","Relationships":[{"Ids":["0d23830d-7896-48ac-91fd-efe717fa0d40"],"Type":"CHILD"}],"Text":"1452"},{"BlockType":"LINE","Confidence":99.53394317626953,"Geometry":{"BoundingBox":{"Height":0.011741001158952713,"Left":0.4608059227466583,"Top":0.7032492160797119,"Width":0.032400231808423996},"Polygon":[{"X":0.4608059227466583,"Y":0.7032652497291565},{"X":0.49320217967033386,"Y":0.7032492160797119},{"X":0.4932061731815338,"Y":0.7149741649627686},{"X":0.4608098268508911,"Y":0.7149901986122131}]},"Id":"cef42c89-acce-41e7-be0b-6f40849ecc7f","Relationships":[{"Ids":["1591fe5b-698c-46c1-bc1e-f27058e49767"],"Type":"CHILD"}],"Text":"PUS"},{"BlockType":"LINE","Confidence":99.82005310058594,"Geometry":{"BoundingBox":{"Height":0.011594380252063274,"Left":0.5473113059997559,"Top":0.7032901644706726,"Width":0.03578134626150131},"Polygon":[{"X":0.5473113059997559,"Y":0.7033079266548157},{"X":0.5830884575843811,"Y":0.7032901644706726},{"X":0.5830926299095154,"Y":0.7148668766021729},{"X":0.5473154187202454,"Y":0.7148845195770264}]},"Id":"1554694e-2115-4b16-830c-b305431636c1","Relationships":[{"Ids":["aceb97be-a34c-4c24-b03c-0dfd046ac0e4"],"Type":"CHILD"}],"Text":"0705"},{"BlockType":"LINE","Confidence":99.81314849853516,"Geometry":{"BoundingBox":{"Height":0.01174385566264391,"Left":0.5903791785240173,"Top":0.7031670212745667,"Width":0.032073572278022766},"Polygon":[{"X":0.5903791785240173,"Y":0.7031829357147217},{"X":0.6224483847618103,"Y":0.7031670212745667},{"X":0.6224527359008789,"Y":0.7148950099945068},{"X":0.5903834700584412,"Y":0.7149108648300171}]},"Id":"56e1ce02-0925-44eb-8c96-1285b593a7f5","Relationships":[{"Ids":["4f0b250c-4bef-40f0-aa4e-73e532499e00"],"Type":"CHILD"}],"Text":"FUK"},{"BlockType":"LINE","Confidence":99.89859771728516,"Geometry":{"BoundingBox":{"Height":0.011233287863433361,"Left":0.6771504878997803,"Top":0.7034271359443665,"Width":0.035651031881570816},"Polygon":[{"X":0.6771504878997803,"Y":0.7034448385238647},{"X":0.7127971053123474,"Y":0.7034271359443665},{"X":0.7128015160560608,"Y":0.7146428227424622},{"X":0.6771548390388489,"Y":0.7146604657173157}]},"Id":"e1ce57cb-7c8b-4353-a0ee-f40c66a38882","Relationships":[{"Ids":["640a9b6b-afd5-4898-a0f6-96ce6d82dd03"],"Type":"CHILD"}],"Text":"0755"},{"BlockType":"LINE","Confidence":99.95609283447266,"Geometry":{"BoundingBox":{"Height":0.011150123551487923,"Left":0.7201836705207825,"Top":0.7034732699394226,"Width":0.026488855481147766},"Polygon":[{"X":0.7201836705207825,"Y":0.703486442565918},{"X":0.7466680407524109,"Y":0.7034732699394226},{"X":0.746672511100769,"Y":0.7146103382110596},{"X":0.7201880812644958,"Y":0.7146233916282654}]},"Id":"66c36957-3f24-4346-a856-dead7257b833","Relationships":[{"Ids":["bdd444e2-3ab2-49ed-bd54-9ded9de2f270"],"Type":"CHILD"}],"Text":"738"},{"BlockType":"LINE","Confidence":99.90280151367188,"Geometry":{"BoundingBox":{"Height":0.011945752426981926,"Left":0.32929569482803345,"Top":0.7217811942100525,"Width":0.07583706825971603},"Polygon":[{"X":0.32929569482803345,"Y":0.7218186259269714},{"X":0.40512895584106445,"Y":0.7217811942100525},{"X":0.4051327705383301,"Y":0.7336897850036621},{"X":0.32929927110671997,"Y":0.733726978302002}]},"Id":"a39371c4-9f62-41e6-b0d7-b44e28d6e060","Relationships":[{"Ids":["3eb595fd-8081-4236-b1a5-08040216d979","d3ced63d-07ca-4609-84b0-792e57239517"],"Type":"CHILD"}],"Text":"1025 1451"},{"BlockType":"LINE","Confidence":99.8442153930664,"Geometry":{"BoundingBox":{"Height":0.011619261465966702,"Left":0.46076542139053345,"Top":0.7220046520233154,"Width":0.03186078369617462},"Polygon":[{"X":0.46076542139053345,"Y":0.7220203876495361},{"X":0.4926222562789917,"Y":0.7220046520233154},{"X":0.4926261901855469,"Y":0.7336083054542542},{"X":0.46076929569244385,"Y":0.7336239218711853}]},"Id":"3e32131a-383d-4f6a-9ebf-620604355f1f","Relationships":[{"Ids":["de6a3b5a-2fb5-4f9e-b161-0a2e9daf530b"],"Type":"CHILD"}],"Text":"FUK"},{"BlockType":"LINE","Confidence":99.91907501220703,"Geometry":{"BoundingBox":{"Height":0.011656399816274643,"Left":0.5473268628120422,"Top":0.7219324111938477,"Width":0.03578365966677666},"Polygon":[{"X":0.5473268628120422,"Y":0.7219500541687012},{"X":0.583106279373169,"Y":0.7219324111938477},{"X":0.583110511302948,"Y":0.7335712313652039},{"X":0.5473309755325317,"Y":0.7335888147354126}]},"Id":"00d7b946-9503-4aa1-8586-a479fb30670a","Relationships":[{"Ids":["4a9ea5f5-8cfa-4729-bbd5-e3461634e582"],"Type":"CHILD"}],"Text":"0855"},{"BlockType":"LINE","Confidence":99.57605743408203,"Geometry":{"BoundingBox":{"Height":0.011941895820200443,"Left":0.5903269648551941,"Top":0.7219923734664917,"Width":0.032737892121076584},"Polygon":[{"X":0.5903269648551941,"Y":0.7220085263252258},{"X":0.623060405254364,"Y":0.7219923734664917},{"X":0.62"
20:09:02.963 [Test worker] DEBUG org.apache.http.wire - http-outgoing-0 << "30648756027222,"Y":0.7339181900024414},{"X":0.5903313159942627,"Y":0.7339342832565308}]},"Id":"399fc4de-2474-4119-8886-1cf68de24506","Relationships":[{"Ids":["706edadd-5d4b-478c-be63-c43ee6745172"],"Type":"CHILD"}],"Text":"PUS"},{"BlockType":"LINE","Confidence":99.90156555175781,"Geometry":{"BoundingBox":{"Height":0.011395775713026524,"Left":0.6780579686164856,"Top":0.7222167849540"
20:09:02.963 [Test worker] DEBUG org.apache.http.wire - http-outgoing-0 << "71,"Width":0.03459582105278969},"Polygon":[{"X":0.6780579686164856,"Y":0.7222338318824768},{"X":0.7126492857933044,"Y":0.722216784954071},{"X":0.7126537561416626,"Y":0.733595609664917},{"X":0.678062379360199,"Y":0.7336125373840332}]},"Id":"5dc4262f-8500-4e73-9d22-d83363cd8353","Relationships":[{"Ids":["dc83f0f9-df98-418d-a812-77b39580b214"],"Type":"CHILD"}],"Text":"1005"},{"BlockType":"LINE","Confidence":99.88834381103516,"Geometry":{"BoundingBox":{"Height":0.0114179328083992,"Left":0.7198138236999512,"Top":0.7222356200218201,"Width":0.02710040472447872},"Polygon":[{"X":0.7198138236999512,"Y":0.7222489714622498},{"X":0.7469096779823303,"Y":0.7222356200218201},{"X":0.746914267539978,"Y":0.7336402535438538},{"X":0.7198183536529541,"Y":0.7336535453796387}]},"Id":"19461414-c8f9-4fec-9c76-999d96716264","Relationships":[{"Ids":["0204d411-7171-47dc-a5fa-3216b9b80f84"],"Type":"CHILD"}],"Text":"738"},{"BlockType":"LINE","Confidence":99.91083526611328,"Geometry":{"BoundingBox":{"Height":0.012145785614848137,"Left":0.10"
20:09:02.965 [Test worker] DEBUG org.apache.http.wire - http-outgoing-0 << "06864383816719,"Top":0.7408925890922546,"Width":0.04702345281839371},"Polygon":[{"X":0.1006864383816719,"Y":0.7409155964851379},{"X":0.1477067917585373,"Y":0.7408925890922546},{"X":0.1477098912000656,"Y":0.7530154585838318},{"X":0.10068939626216888,"Y":0.7530383467674255}]},"Id":"7eb1ffdc-42bb-4c8e-9ad4-8aa52702c7e5","Relationships":[{"Ids":["b6251803-8b67-4d12-ac7f-06580fb0d7bf"],"Type":"CHILD"}],"Text":"F105B"},{"BlockType":"LINE","Confidence":99.54898071289062,"Geometry":{"BoundingBox":{"Height":0.011965044774115086,"Left":0.3710601329803467,"Top":0.7409508228302002,"Width":0.05297977849841118},"Polygon":[{"X":0.3710601329803467,"Y":0.7409767508506775},{"X":0.42403605580329895,"Y":0.7409508228302002},{"X":0.42403990030288696,"Y":0.7528900504112244},{"X":0.37106385827064514,"Y":0.7529158592224121}]},"Id":"6a3d653f-2472-4249-8cdc-944e25d93e2f","Relationships":[{"Ids":["e864c196-a10a-431b-8585-d7e269d4ede2"],"Type":"CHILD"}],"Text":"LAYOV"},{"BlockType":"LINE","Confidence":99.60792541503906,"Geometry":{"BoundingBox":{"Height":0.011946809478104115,"Left":0.4605543315410614,"Top":0.7409928441047668,"Width":0.03277595713734627},"Polygon":[{"X":0.4605543315410614,"Y":0.7410088777542114},{"X":0.49332624673843384,"Y":0.7409928441047668},{"X":0.49333029985427856,"Y":0.7529236674308777},{"X":0.46055832505226135,"Y":0.7529396414756775}]},"Id":"169f69c0-c060-4755-90b0-b95c3f55b366","Relationships":[{"Ids":["94810815-c2fb-4d32-a7e0-7ffa09873b05"],"Type":"CHILD"}],"Text":"PUS"},{"BlockType":"LINE","Confidence":99.98396301269531,"Geometry":{"BoundingBox":{"Height":0.011642537079751492,"Left":0.5482970476150513,"Top":0.7411182522773743,"Width":0.03489033505320549},"Polygon":[{"X":0.5482970476150513,"Y":0.7411353588104248},{"X":0.5831831693649292,"Y":0.7411182522773743},{"X":0.5831874012947083,"Y":0.7527437806129456},{"X":0.5483011603355408,"Y":0.7527608275413513}]},"Id":"d3adb80a-7a9e-4cd5-ac37-ba39420d8e28","Relationships":[{"Ids":["04c2c623-2def-4dc7-a629-1508479968aa"],"Type":"CHILD"}],"Text":"1115"},{"BlockType":"LINE","Confidence":99.61187744140625,"Geometry":{"BoundingBox":{"Height":0.012003017589449883,"Left":0.590216875076294,"Top":0.7409436702728271,"Width":0.03282681107521057},"Polygon":[{"X":0.590216875076294,"Y":0.7409597039222717},{"X":0.6230392456054688,"Y":0.7409436702728271},{"X":0.6230437159538269,"Y":0.7529307007789612},{"X":0.5902212858200073,"Y":0.752946674823761}]},"Id":"bf90d270-a84f-4a22-a703-7661aeed5c42","Relationships":[{"Ids":["d8c72a8a-3138-4baf-83a4-d6de9bd619ae"],"Type":"CHILD"}],"Text":"PUS"},{"BlockType":"LINE","Confidence":99.89456176757812,"Geometry":{"BoundingBox":{"Height":0.011617627926170826,"Left":0.6770487427711487,"Top":0.7411229014396667,"Width":0.03633485361933708},"Polygon":[{"X":0.6770487427711487,"Y":0.7411407232284546},{"X":0.7133790254592896,"Y":0.7411229014396667},{"X":0.7133836150169373,"Y":0.7527228593826294},{"X":0.6770532131195068,"Y":0.7527405619621277}]},"Id":"6b8bb5d9-0023-4f45-ae36-fb2dec20dd80","Relationships":[{"Ids":["f8ef27ea-5183-4b73-bb86-3899b0bfcda5"],"Type":"CHILD"}],"Text":"0520"},{"BlockType":"LINE","Confidence":76.58466339111328,"Geometry":{"BoundingBox":{"Height":0.013437589630484581,"Left":0.7184502482414246,"Top":0.7405115962028503,"Width":0.05092613026499748},"Polygon":[{"X":0.7184502482414246,"Y":0.7405365109443665},{"X":0.7693709135055542,"Y":0.7405115962028503},{"X":0.7693763971328735,"Y":0.7539243698120117},{"X":0.7184555530548096,"Y":0.7539491653442383}]},"Id":"0c4ad9dd-cb76-4626-a001-67c9003600e6","Relationships":[{"Ids":["66889a83-c53c-43fe-a3b3-01ae79032222"],"Type":"CHILD"}],"Text":"?????"},{"BlockType":"LINE","Confidence":99.8380126953125,"Geometry":{"BoundingBox":{"Height":0.012030111625790596,"Left":0.032875075936317444,"Top":0.7592382431030273,"Width":0.11483679711818695},"Polygon":[{"X":0.032875075936317444,"Y":0.7592940926551819},{"X":0.14770880341529846,"Y":0.7592382431030273},{"X":0.1477118730545044,"Y":0.7712127566337585},{"X":0.03287779912352562,"Y":0.771268367767334}]},"Id":"27cd8d39-dc46-4439-85d8-c8ec43469617","Relationships":[{"Ids":["e07dc968-c728-45a8-96f2-2e1ef6428250","cce83fd7-5d29-4568-b1f7-90870deba430"],"Type":"CHILD"}],"Text":"26Jan23 F105B"},{"BlockType":"LINE","Confidence":99.95331573486328,"Geometry":{"BoundingBox":{"Height":0.011387470178306103,"Left":0.2632562816143036,"Top":0.7597049474716187,"Width":0.036224447190761566},"Polygon":[{"X":0.2632562816143036,"Y":0.7597225308418274},{"X":0.29947739839553833,"Y":0.7597049474716187},{"X":0.29948073625564575,"Y":0.7710748910903931},{"X":0.26325953006744385,"Y":0.771092414855957}]},"Id":"39541e32-7ab8-4500-968b-638d3e7d8bb7","Relationships":[{"Ids":["d3a3d943-602f-4e07-8129-7fd4a73f99e4"],"Type":"CHILD"}],"Text":"0610"},{"BlockType":"LINE","Confidence":99.81838989257812,"Geometry":{"BoundingBox":{"Height":0.01164252869784832,"Left":0.32822751998901367,"Top":0.7595469951629639,"Width":0.06825216114521027},"Polygon":[{"X":0.32822751998901367,"Y":0.759580135345459},{"X":0.39647600054740906,"Y":0.7595469951629639},{"X":0.39647966623306274,"Y":0.7711564302444458},{"X":0.32823100686073303,"Y":0.7711895108222961}]},"Id":"7fb894e3-5d5d-43eb-ba78-7f534c3b90a7","Relationships":[{"Ids":["e7ded801-3c06-4462-86f8-c4e014c88d9c","827971bb-faef-47d6-b411-2e680606934e"],"Type":"CHILD"}],"Text":"0835 211"},{"BlockType":"LINE","Confidence":99.65200805664062,"Geometry":{"BoundingBox":{"Height":0.011754238978028297,"Left":0.4607413411140442,"Top":0.7594981789588928,"Width":0.03260163217782974},"Polygon":[{"X":0.4607413411140442,"Y":0.7595140337944031},{"X":0.4933389723300934,"Y":0.7594981789588928},{"X":0.4933429956436157,"Y":0.7712366580963135},{"X":0.46074527502059937,"Y":0.7712523937225342}]},"Id":"b896c472-1d21-4ffe-8ef1-12256080394b","Relationships":[{"Ids":["54b589d0-2c92-4a13-898b-2ec2140fc2f2"],"Type":"CHILD"}],"Text":"PUS"},{"BlockType":"LINE","Confidence":99.86849975585938,"Geometry":{"BoundingBox":{"Height":0.01148389745503664,"Left":0.5475009679794312,"Top":0.7596600651741028,"Width":0.03606715425848961},"Polygon":[{"X":0.5475009679794312,"Y":0.7596775889396667},{"X":0.5835639834403992,"Y":0.7596600651741028},{"X":0.5835681557655334,"Y":0.7711265087127686},{"X":0.5475050210952759,"Y":0.7711439728736877}]},"Id":"b339d43f-f801-4a22-84ca-07a4ab0b47d2","Relationships":[{"Ids":["4a17b6f8-65e3-463b-bbea-de736ebcdbd0"],"Type":"CHILD"}],"Text":"0720"},{"BlockType":"LINE","Confidence":99.83180236816406,"Geometry":{"BoundingBox":{"Height":0.011714974418282509,"Left":0.5898355841636658,"Top":0.7594811916351318,"Width":0.03685186803340912},"Polygon":[{"X":0.5898355841636658,"Y":0.7594990730285645},{"X":0.6266830563545227,"Y":0.7594811916351318},{"X":0.6266874670982361,"Y":0.7711783051490784},{"X":0.5898398160934448,"Y":0.7711961269378662}]},"Id":"1bf9e90e-1fcf-4f1b-8df7-4574a38fe354","Relationships":[{"Ids":["ce4bec52-9784-4394-bfc3-245c0ba78fad"],"Type":"CHILD"}],"Text":"GMP"},{"BlockType":"LINE","Confidence":99.93328094482422,"Geometry":{"BoundingBox":{"Height":0.011442625895142555,"Left":0.6771336197853088,"Top":0.759626030921936,"Width":0.03585547208786011},"Polygon":[{"X":0.6771336197853088,"Y":0.7596434950828552},{"X":0.712984561920166,"Y":0.759626030921936},{"X":0.712989091873169,"Y":0.771051287651062},{"X":0.6771380305290222,"Y":0.7710686922073364}]},"Id":"291bd1f7-2abe-47e9-9486-5f5ecf0aa99f","Relationships":[{"Ids":["6d4101cc-f1b6-4974-9f2e-9b448fe8eaa3"],"Type":"CHILD"}],"Text":"0815"},{"BlockType":"LINE","Confidence":99.95628356933594,"Geometry":{"BoundingBox":{"Height":0.011128936894237995,"Left":0.7203426957130432,"Top":0.7596667408943176,"Width":0.026344560086727142},"Polygon":[{"X":0.7203426957130432,"Y":0.7596795558929443},{"X":0.7466827630996704,"Y":0.7596667408943176},{"X":0.7466872930526733,"Y":0.7707829475402832},{"X":0.7203471064567566,"Y":0.7707957029342651}]},"Id":"356ef7c6-f3c3-4d51-a9a0-6abc46f351bb","Relationships":[{"Ids":["f88fe811-01e6-438e-b6f1-840e5cff360f"],"Type":"CHILD"}],"Text":"738"},{"BlockTyp"
20:09:02.965 [Test worker] DEBUG org.apache.http.wire - http-outgoing-0 << "e":"LINE","Confidence":98.70868682861328,"Geometry":{"BoundingBox":{"Height":0.011542361229658127,"Left":0.03302449733018875,"Top":0.7782437801361084,"Width":0.060729436576366425},"Polygon":[{"X":0.03302449733018875,"Y":0.7782731056213379},{"X":0.09375113993883133,"Y":0.7782437801361084},{"X":0.09375393390655518,"Y":0.7897569537162781},{"X":0.03302711620926857,"Y":0.789786159992218}]},"Id":"ffe426d5-cec0-4332-b792-1d707d981aff","Relationships":[{"Ids":["18b71a8a-b7ac-4525-825e-2e924c17c178"],"Type":"CHILD"}],"Text":"27Jan23"},{"BlockType":"LINE","Confidence":99.96742248535156,"Geometry":{"BoundingBox":{"Height":0.011855166405439377,"Left":0.37103593349456787,"Top":0.7781161665916443,"Width":0.03169672191143036},"Polygon":[{"X":0.37103593349456787,"Y":0.7781314849853516},{"X":0.4027288854122162,"Y":0.7781161665916443},{"X":0.4027326703071594,"Y":0.7899560928344727},{"X":0.37103962898254395,"Y":0.7899713516235352}]},"Id":"46ea7cd7-cdec-4865-8f67-323547c7fb8b","Relationships":[{"Ids":["3d5447ea-43d7-42f3-8c37-6c441b7a38f0"],"Type":"CHILD"}],"Text":"OFF"},{"BlockType":"LINE","Confidence":99.81645965576172,"Geometry":{"BoundingBox":{"Height":0.011944828554987907,"Left":0.46032795310020447,"Top":0.7781159281730652,"Width":0.03657069057226181},"Polygon":[{"X":0.46032795310020447,"Y":0.7781336307525635},{"X":0.49689456820487976,"Y":0.7781159281730652},{"X":0.4968986511230469,"Y":0.7900431752204895},{"X":0.46033191680908203,"Y":0.7900607585906982}]},"Id":"ca98e635-617b-4c0a-b8b7-5b699dbad6f3","Relationships":[{"Ids":["2bc39afa-dbda-489f-a5ad-59b1235f3f9e"],"Type":"CHILD"}],"Text":"GMP"},{"BlockType":"LINE","Confidence":99.88172149658203,"Geometry":{"BoundingBox":{"Height":0.011327489279210567,"Left":0.5473185777664185,"Top":0.7784891128540039,"Width":0.036420080810785294},"Polygon":[{"X":0.5473185777664185,"Y":0.7785066962242126},{"X":0.5837345123291016,"Y":0.7784891128540039},{"X":0.5837386250495911,"Y":0.7897990942001343},{"X":0.5473225712776184,"Y":0.7898166179656982}]},"Id":"0449cb8e-1355-4535-be92-3d6b248ef921","Relationships":[{"Ids":["09d06069-c6c1-4a7f-975a-ee689217ee50"],"Type":"CHILD"}],"Text":"0000"},{"BlockType":"LINE","Confidence":99.84001159667969,"Geometry":{"BoundingBox":{"Height":0.011874458752572536,"Left":0.5898321270942688,"Top":0.7780829668045044,"Width":0.03676186501979828},"Polygon":[{"X":0.5898321270942688,"Y":0.7781006693840027},{"X":0.6265895366668701,"Y":0.7780829668045044},{"X":0.6265939474105835,"Y":0.7899397015571594},{"X":0.5898364186286926,"Y":0.7899574041366577}]},"Id":"5ef8a784-72bc-40b4-953a-f495d4fdb208","Relationships":[{"Ids":["d65cb3e8-af6b-4760-ab5b-1b1a88f541b1"],"Type":"CHILD"}],"Text":"GMP"},{"BlockType":"LINE","Confidence":99.9627914428711,"Geometry":{"BoundingBox":{"Height":0.011401231400668621,"Left":0.6772312521934509,"Top":0.7783722281455994,"Width":0.03583734855055809},"Polygon":[{"X":0.6772312521934509,"Y":0.7783895134925842},{"X":0.7130640745162964,"Y":0.7783722281455994},{"X":0.7130686044692993,"Y":0.7897562384605408},{"X":0.6772356629371643,"Y":0.7897734642028809}]},"Id":"db5d60e9-ddf2-411f-9022-4de33bc9d22f","Relationships":[{"Ids":["b7cc375f-a7e0-42bf-876e-de4eeafcb314"],"Type":"CHILD"}],"Text":"2359"},{"BlockType":"LINE","Confidence":99.57980346679688,"Geometry":{"BoundingBox":{"Height":0.011902146972715855,"Left":0.03315042331814766,"Top":0.7965931296348572,"Width":0.10346310585737228},"Polygon":[{"X":0.03315042331814766,"Y":0.7966427803039551},{"X":0.13661053776741028,"Y":0.7965931296348572},{"X":0.13661353290081024,"Y":0.8084458708763123},{"X":0.033153124153614044,"Y":0.808495283126831}]},"Id":"e240ef36-9451-4c99-a8cb-caa8bfa3b418","Relationships":[{"Ids":["17bfd714-3d23-4bea-8fd8-8d83850cbc6d","9aaa5c0c-171b-4d4f-b447-567879991ab8"],"Type":"CHILD"}],"Text":"28Jan23 F103"},{"BlockType":"LINE","Confidence":99.91205596923828,"Geometry":{"BoundingBox":{"Height":0.011611185036599636,"Left":0.26335641741752625,"Top":0.7967284917831421,"Width":0.03608732670545578},"Polygon":[{"X":0.26335641741752625,"Y":0.796745777130127},{"X":0.2994403541088104,"Y":0.7967284917831421},{"X":0.2994437515735626,"Y":0.8083224296569824},{"X":0.2633597254753113,"Y":0.8083396553993225}]},"Id":"65177e84-6ed7-4500-93d1-0012fd2e8044","Relationships":[{"Ids":["eb330488-f726-4b22-9f5e-3abacdee5f3d"],"Type":"CHILD"}],"Text":"0550"},{"BlockType":"LINE","Confidence":99.93766784667969,"Geometry":{"BoundingBox":{"Height":0.011549340561032295,"Left":0.37166327238082886,"Top":0.7967123985290527,"Width":0.026185190305113792},"Polygon":[{"X":0.37166327238082886,"Y":0.7967249751091003},{"X":0.3978447914123535,"Y":0.7967123985290527},{"X":0.3978484570980072,"Y":0.8082492351531982},{"X":0.3716668486595154,"Y":0.8082617521286011}]},"Id":"d0485964-b2ab-4af2-be5b-d2786890604d","Relationships":[{"Ids":["a3501c65-d40c-4aad-8b2b-d7b7a200ce4c"],"Type":"CHILD"}],"Text":"103"},{"BlockType":"LINE","Confidence":99.77375030517578,"Geometry":{"BoundingBox":{"Height":0.011972506530582905,"Left":0.460440456867218,"Top":0.796432375907898,"Width":0.036714162677526474},"Polygon":[{"X":0.460440456867218,"Y":0.7964500188827515},{"X":0.4971505403518677,"Y":0.796432375907898},{"X":0.4971546232700348,"Y":0.8083873987197876},{"X":0.46044445037841797,"Y":0.8084049224853516}]},"Id":"75249305-77e0-4f70-8431-8979b4876764","Relationships":[{"Ids":["6a655733-56ee-47ad-8583-40bcafd8d73c"],"Type":"CHILD"}],"Text":"GMP"},{"BlockType":"LINE","Confidence":99.92622375488281,"Geometry":{"BoundingBox":{"Height":0.011484791524708271,"Left":0.5474599599838257,"Top":0.7967543601989746,"Width":0.036112092435359955},"Polygon":[{"X":0.5474599599838257,"Y":0.7967717051506042},{"X":0.5835678577423096,"Y":0.7967543601989746},{"X":0.5835720300674438,"Y":0.8082219362258911},{"X":0.5474640130996704,"Y":0.8082391619682312}]},"Id":"5315b6c0-c7fd-4c6b-a04d-f9a4101ef1d2","Relationships":[{"Ids":["0c829a8c-b4ac-4883-b190-b27138ec562f"],"Type":"CHILD"}],"Text":"0700"},{"BlockType":"LINE","Confidence":98.9235610961914,"Geometry":{"BoundingBox":{"Height":0.011786004528403282,"Left":0.5899904370307922,"Top":0.796600878238678,"Width":0.031090091913938522},"Polygon":[{"X":0.5899904370307922,"Y":0.7966157793998718},{"X":0.6210761666297913,"Y":0.796600878238678},{"X":0.6210805773735046,"Y":0.8083720207214355},{"X":0.5899947285652161,"Y":0.8083868622779846}]},"Id":"c3d95279-5d8c-4724-82b2-e76483ed9c4f","Relationships":[{"Ids":["e1dfe950-1e56-449d-9eec-615369be51de"],"Type":"CHILD"}],"Text":"CJU"},{"BlockType":"LINE","Confidence":99.91546630859375,"Geometry":{"BoundingBox":{"Height":0.011502319946885109,"Left":0.6770383715629578,"Top":0.7967084646224976,"Width":0.036415692418813705},"Polygon":[{"X":0.6770383715629578,"Y":0.7967259287834167},{"X":0.7134495377540588,"Y":0.7967084646224976},{"X":0.7134540677070618,"Y":0.8081933856010437},{"X":0.6770427823066711,"Y":0.8082107901573181}]},"Id":"62b5a6f4-7600-4b33-80bd-03f4f85d6efb","Relationships":[{"Ids":["e0239c31-f37f-44e0-b5b3-6941965e731d"],"Type":"CHILD"}],"Text":"0810"},{"BlockType":"LINE","Confidence":99.9517822265625,"Geometry":{"BoundingBox":{"Height":0.011504383757710457,"Left":0.7200418710708618,"Top":0.7966798543930054,"Width":0.02684318646788597},"Polygon":[{"X":0.7200418710708618,"Y":0.7966927289962769},{"X":0.7468804121017456,"Y":0.7966798543930054},{"X":0.7468850612640381,"Y":0.8081713914871216},{"X":0.7200464010238647,"Y":0.8081842064857483}]},"Id":"be9cd564-7f8c-4f5a-a44b-31ed0a9d75b2","Relationships":[{"Ids":["406afa9d-9ee2-4b4c-83be-d4c9385ee05c"],"Type":"CHILD"}],"Text":"738"},{"BlockType":"LINE","Confidence":99.97804260253906,"Geometry":{"BoundingBox":{"Height":0.011541071347892284,"Left":0.37159955501556396,"Top":0.8155505061149597,"Width":0.026459751650691032},"Polygon":[{"X":0.37159955501556396,"Y":0.8155630826950073},{"X":0.39805567264556885,"Y":0.8155505061149597},{"X":0.39805930852890015,"Y":0.8270789980888367},{"X":0.3716031610965729,"Y":0.8270915746688843}]},"Id":"7c6ffb96-f287-4f4e-9a4f-2d3b18c9aa5c","Relationships":[{"Ids":["438c9"
20:09:02.966 [Test worker] DEBUG org.apache.http.wire - http-outgoing-0 << "17f-8178-4da0-a525-00908627b0d4"],"Type":"CHILD"}],"Text":"136"},{"BlockType":"LINE","Confidence":99.58651733398438,"Geometry":{"BoundingBox":{"Height":0.011870567686855793,"Left":0.46023106575012207,"Top":0.8154937624931335,"Width":0.03144684433937073},"Polygon":[{"X":0.46023106575012207,"Y":0.8155087232589722},{"X":0.49167385697364807,"Y":0.8154937624931335},{"X":0.49167791008949"
20:09:02.966 [Test worker] DEBUG org.apache.http.wire - http-outgoing-0 << "28,"Y":0.8273494243621826},{"X":0.46023499965667725,"Y":0.8273643255233765}]},"Id":"9f3f9d33-c1ae-4f4d-a24e-33345a79c36e","Relationships":[{"Ids":["53cdbdfe-1230-41cc-91e8-42bdcba1a105"],"Type":"CHILD"}],"Text":"CJU"},{"BlockType":"LINE","Confidence":99.97798919677734,"Geometry":{"BoundingBox":{"Height":0.01149221882224083,"Left":0.5473198294639587,"Top":0.8156881332397461,"Width":0.03570457920432091},"Polygon":[{"X":0.5473198294639587,"Y":0.8157051205635071},{"X":0.5830202102661133,"Y":0.8156881332397461},{"X":0.5830243825912476,"Y":0.8271633982658386},{"X":0.5473238825798035,"Y":0.8271803259849548}]},"Id":"89a1ef75-f8bb-4c13-89f1-32d9a6b8f505","Relationships":[{"Ids":["79c55c3d-b37a-42c7-abcf-a154d89298d5"],"Type":"CHILD"}],"Text":"0845"},{"BlockType":"LINE","Confidence":99.80481719970703,"Geometry":{"BoundingBox":{"Height":0.011837534606456757,"Left":0.5899251103401184,"Top":0.8154979944229126,"Width":0.03660567104816437},"Polygon":[{"X":0.5899251103401184,"Y":0.8155154585838318},{"X":0.6265263557434082,"Y"
20:09:02.967 [Test worker] DEBUG org.apache.http.wire - http-outgoing-0 << "":0.8154979944229126},{"X":0.6265308260917664,"Y":0.8273181915283203},{"X":0.589929461479187,"Y":0.82733553647995}]},"Id":"64875ab5-635c-4ca4-9ffe-942e001b7960","Relationships":[{"Ids":["45f61dd0-1a89-4fe3-9836-8097c6198aea"],"Type":"CHILD"}],"Text":"GMP"},{"BlockType":"LINE","Confidence":99.9379653930664,"Geometry":{"BoundingBox":{"Height":0.011594360694289207,"Left":0.6770077347755432,"Top":0.815534770488739,"Width":0.035915572196245193},"Polygon":[{"X":0.6770077347755432,"Y":0.8155518770217896},{"X":0.712918758392334,"Y":0.815534770488739},{"X":0.7129232883453369,"Y":0.827112078666687},{"X":0.6770122051239014,"Y":0.8271291255950928}]},"Id":"f0d396c5-1c0d-4bad-94db-cba657d61fd0","Relationships":[{"Ids":["db11e5af-74bf-4df2-84ab-3a02ad87793b"],"Type":"CHILD"}],"Text":"0955"},{"BlockType":"LINE","Confidence":99.9427490234375,"Geometry":{"BoundingBox":{"Height":0.011532665230333805,"Left":0.7199577689170837,"Top":0.815494954586029,"Width":0.026780804619193077},"Polygon":[{"X":0.7199577689170837,"Y":0.815507709980011},{"X":0.7467339038848877,"Y":0.815494954586029},{"X":0.7467385530471802,"Y":0.8270149230957031},{"X":0.7199622988700867,"Y":0.8270276188850403}]},"Id":"fe73322b-fb05-4cd2-ae19-0f0975217085","Relationships":[{"Ids":["191b0e48-9b45-41e1-80c7-5607a9aa5dd6"],"Type":"CHILD"}],"Text":"738"},{"BlockType":"LINE","Confidence":99.89948272705078,"Geometry":{"BoundingBox":{"Height":0.01191518735140562,"Left":0.10089338570833206,"Top":0.8336516618728638,"Width":0.03560986742377281},"Polygon":[{"X":0.10089338570833206,"Y":0.8336684703826904},{"X":0.13650023937225342,"Y":0.8336516618728638},{"X":0.13650324940681458,"Y":0.8455500602722168},{"X":0.10089629143476486,"Y":0.8455668091773987}]},"Id":"ea599043-9112-4d4f-b15f-091442fb9c1a","Relationships":[{"Ids":["d914bad6-398c-4763-b6bb-9c3890d08f3e"],"Type":"CHILD"}],"Text":"F103"},{"BlockType":"LINE","Confidence":99.95404815673828,"Geometry":{"BoundingBox":{"Height":0.01138150691986084,"Left":0.37169134616851807,"Top":0.8339751362800598,"Width":0.02613254450261593},"Polygon":[{"X":0.37169134616851807,"Y":0.8339875340461731},{"X":0.39782026410102844,"Y":0.8339751362800598},{"X":0.39782387018203735,"Y":0.8453443646430969},{"X":0.3716948628425598,"Y":0.8453566431999207}]},"Id":"8e9fbffb-d2ae-4d59-af99-a8feccbd7bb8","Relationships":[{"Ids":["ccf3eba1-85ea-4d5e-a504-585851038eda"],"Type":"CHILD"}],"Text":"135"},{"BlockType":"LINE","Confidence":99.82959747314453,"Geometry":{"BoundingBox":{"Height":0.011721489951014519,"Left":0.460446298122406,"Top":0.8338228464126587,"Width":0.03634750843048096},"Polygon":[{"X":0.460446298122406,"Y":0.8338400721549988},{"X":0.496789813041687,"Y":0.8338228464126587},{"X":0.49679380655288696,"Y":0.8455272316932678},{"X":0.4604502022266388,"Y":0.8455443382263184}]},"Id":"ee7643bc-94ed-45c1-bc3f-f6685c8a5171","Relationships":[{"Ids":["4f37e05e-49b8-4657-ba88-40a2e270728c"],"Type":"CHILD"}],"Text":"GMP"},{"BlockType":"LINE","Confidence":99.97527313232422,"Geometry":{"BoundingBox":{"Height":0.011348336935043335,"Left":0.5482937097549438,"Top":0.8339828252792358,"Width":0.03513288125395775},"Polygon":[{"X":0.5482937097549438,"Y":0.8339994549751282},{"X":0.5834224820137024,"Y":0.8339828252792358},{"X":0.5834265947341919,"Y":0.845314621925354},{"X":0.5482977628707886,"Y":0.8453311920166016}]},"Id":"88656794-3ec2-4828-a223-fc070821945c","Relationships":[{"Ids":["6bb828c7-22f3-4f0e-8e30-0be373fdb29f"],"Type":"CHILD"}],"Text":"1030"},{"BlockType":"LINE","Confidence":98.86611938476562,"Geometry":{"BoundingBox":{"Height":0.01176805142313242,"Left":0.5899800062179565,"Top":0.8338074088096619,"Width":0.031205754727125168},"Polygon":[{"X":0.5899800062179565,"Y":0.8338221311569214},{"X":0.6211813688278198,"Y":0.8338074088096619},{"X":0.6211857795715332,"Y":0.8455607295036316},{"X":0.5899842977523804,"Y":0.8455754518508911}]},"Id":"fd0e11ae-799b-4889-a3a7-17253af790c8","Relationships":[{"Ids":["ccee8171-6608-4f62-b95a-1a92926ffd73"],"Type":"CHILD"}],"Text":"CJU"},{"BlockType":"LINE","Confidence":99.93207550048828,"Geometry":{"BoundingBox":{"Height":0.011405114084482193,"Left":0.678038477897644,"Top":0.8338642120361328,"Width":0.034747567027807236},"Polygon":[{"X":0.678038477897644,"Y":0.833880603313446},{"X":0.712781548500061,"Y":0.8338642120361328},{"X":0.7127860188484192,"Y":0.8452529311180115},{"X":0.6780428290367126,"Y":0.8452693223953247}]},"Id":"714c2f6a-8740-4efe-9a2e-c31904ecdc23","Relationships":[{"Ids":["b617a806-0c4b-40ad-ad30-9884e078dcc8"],"Type":"CHILD"}],"Text":"1135"},{"BlockType":"LINE","Confidence":99.94930267333984,"Geometry":{"BoundingBox":{"Height":0.011304415762424469,"Left":0.7201414704322815,"Top":0.833980917930603,"Width":0.026537582278251648},"Polygon":[{"X":0.7201414704322815,"Y":0.8339934945106506},{"X":0.7466745376586914,"Y":0.833980917930603},{"X":0.7466790676116943,"Y":0.8452728390693665},{"X":0.7201460003852844,"Y":0.8452853560447693}]},"Id":"b6f5b7cb-b1bf-4e84-a260-3c165f845a5d","Relationships":[{"Ids":["3a95ce06-5703-438f-8116-b406a75fa34b"],"Type":"CHILD"}],"Text":"738"},{"BlockType":"LINE","Confidence":98.28688049316406,"Geometry":{"BoundingBox":{"Height":0.011819455772638321,"Left":0.32916387915611267,"Top":0.8525282740592957,"Width":0.06885738670825958},"Polygon":[{"X":0.32916387915611267,"Y":0.8525606393814087},{"X":0.3980175256729126,"Y":0.8525282740592957},{"X":0.39802128076553345,"Y":0.8643155097961426},{"X":0.3291674256324768,"Y":0.8643477559089661}]},"Id":"91d98d70-9406-4b3e-a3fe-de9f88e9fc70","Relationships":[{"Ids":["d1aa3beb-1363-45ba-8afb-dad58d72e6fd","37001599-018f-4ebb-91f0-bc4ceee10ddb"],"Type":"CHILD"}],"Text":"1355 192"},{"BlockType":"LINE","Confidence":99.49634552001953,"Geometry":{"BoundingBox":{"Height":0.011924277059733868,"Left":0.4602452218532562,"Top":0.8525607585906982,"Width":0.03127192333340645},"Polygon":[{"X":0.4602452218532562,"Y":0.852575421333313},{"X":0.49151307344436646,"Y":0.8525607585906982},{"X":0.49151715636253357,"Y":0.8644704222679138},{"X":0.4602491855621338,"Y":0.8644850254058838}]},"Id":"504bcf30-141b-4fca-b808-dd429f9faf88","Relationships":[{"Ids":["8727b996-dca7-4acb-ab61-a33e315f7125"],"Type":"CHILD"}],"Text":"CJU"},{"BlockType":"LINE","Confidence":99.97566223144531,"Geometry":{"BoundingBox":{"Height":0.011803424917161465,"Left":0.5482742786407471,"Top":0.8525347113609314,"Width":0.03473513200879097},"Polygon":[{"X":0.5482742786407471,"Y":0.8525510430335999},{"X":0.5830051302909851,"Y":0.8525347113609314},{"X":0.5830094218254089,"Y":0.8643218874931335},{"X":0.5482784509658813,"Y":0.8643381595611572}]},"Id":"97122a2b-4d34-4f72-909f-efc86da0587d","Relationships":[{"Ids":["82a0209e-50d7-476b-891b-706e3fdd05e5"],"Type":"CHILD"}],"Text":"1225"},{"BlockType":"LINE","Confidence":99.81513214111328,"Geometry":{"BoundingBox":{"Height":0.012106765061616898,"Left":0.5900371670722961,"Top":0.8524167537689209,"Width":0.036504413932561874},"Polygon":[{"X":0.5900371670722961,"Y":0.8524339199066162},{"X":0.6265370845794678,"Y":0.8524167537689209},{"X":0.6265416145324707,"Y":0.8645064234733582},{"X":0.5900415778160095,"Y":0.8645235300064087}]},"Id":"5cf319a8-d528-4986-a388-fae32ae45c85","Relationships":[{"Ids":["2db5f47c-68f7-4a49-a7ea-2adcd4fc276d"],"Type":"CHILD"}],"Text":"GMP"},{"BlockType":"LINE","Confidence":99.90087890625,"Geometry":{"BoundingBox":{"Height":0.011462202295660973,"Left":0.6780900955200195,"Top":0.8525907397270203,"Width":0.034754429012537},"Polygon":[{"X":0.6780900955200195,"Y":0.8526070713996887},{"X":0.7128399610519409,"Y":0.8525907397270203},{"X":0.7128444910049438,"Y":0.8640366792678833},{"X":0.6780945062637329,"Y":0.864052951335907}]},"Id":"8b558615-1bca-4b7e-9b04-f282147d6291","Relationships":[{"Ids":["1afe3444-d8f4-4f19-adc6-3258620b903a"],"Type":"CHILD"}],"Text":"1335"},{"BlockType":"LINE","Confidence":99.90966033935547,"Geometry":{"BoundingBox":{"Height":0.011570191010832787,"Left":0.7198711633682251,"Top":0.8526316285133362,"Width":0.026993433013558388},"Polygon":[{"X":0.7198711633682251,"Y":0.852644324"
20:09:02.969 [Test worker] DEBUG org.apache.http.wire - http-outgoing-0 << "3026733},{"X":0.7468599677085876,"Y":0.8526316285133362},{"X":0.7468646168708801,"Y":0.8641892075538635},{"X":0.7198757529258728,"Y":0.8642018437385559}]},"Id":"96108f48-f166-4fdd-a153-8048cc2e146a","Relationships":[{"Ids":["a029db97-2127-4654-b43b-3a3845412b30"],"Type":"CHILD"}],"Text":"738"},{"BlockType":"LINE","Confidence":99.72080993652344,"Geometry":{"BoundingBox":{"Height":0.01212180033326149,"Left":0.03295515850186348,"Top":0.8709142208099365,"Width":0.11529255658388138},"Polygon":[{"X":0.03295515850186348,"Y":0.8709680438041687},{"X":0.14824463427066803,"Y":0.8709142208099365},{"X":0.14824771881103516,"Y":0.8829824924468994},{"X":0.032957904040813446,"Y":0.8830360174179077}]},"Id":"f6ceb508-0911-4ed5-85b8-a3960be68708","Relationships":[{"Ids":["c5024f30-35ce-422c-a232-574ab2ce07e2","780c3820-c409-4281-930f-2c74e205a2af"],"Type":"CHILD"}],"Text":"29Jan23 F145D"},{"BlockType":"LINE","Confidence":99.98173522949219,"Geometry":{"BoundingBox":{"Height":0.011635879054665565,"Left":0.2643309235572815,"Top":0.8711749911308289,"Width":0.03484930843114853},"Polygon":[{"X":0.2643309235572815,"Y":0.8711912631988525},{"X":0.2991768419742584,"Y":0.8711749911308289},{"X":0.2991802394390106,"Y":0.8827946782112122},{"X":0.26433423161506653,"Y":0.8828108906745911}]},"Id":"64577d50-ab06-4a70-bf48-f00c55d9b4b4","Relationships":[{"Ids":["6307fd04-bcb5-4937-bc22-4564ae361acc"],"Type":"CHILD"}],"Text":"1545"},{"BlockType":"LINE","Confidence":99.9799575805664,"Geometry":{"BoundingBox":{"Height":0.011426540091633797,"Left":0.3717624545097351,"Top":0.8711848855018616,"Width":0.026074133813381195},"Polygon":[{"X":0.3717624545097351,"Y":0.8711970448493958},{"X":0.3978329598903656,"Y":0.8711848855018616},{"X":0.3978365957736969,"Y":0.8825992941856384},{"X":0.37176600098609924,"Y":0.8826113939285278}]},"Id":"0c7192e2-1fde-46df-b82b-a72889b9342c","Relationships":[{"Ids":["cf7d4b80-adad-49ca-a9a9-99aa44e0be02"],"Type":"CHILD"}],"Text":"145"},{"BlockType":"LINE","Confidence":99.80496978759766,"Geometry":{"BoundingBox":{"Height":0.01206937339156866,"Left":0.4603725075721741,"Top":0.8709492087364197,"Width":0.036743223667144775},"Polygon":[{"X":0.4603725075721741,"Y":0.8709663152694702},{"X":0.49711161851882935,"Y":0.8709492087364197},{"X":0.49711573123931885,"Y":0.8830015063285828},{"X":0.4603765308856964,"Y":0.8830185532569885}]},"Id":"222d83b4-db0d-4b87-8b13-b136738bb0eb","Relationships":[{"Ids":["f99cc35b-acee-4363-80c6-943a8b650ff5"],"Type":"CHILD"}],"Text":"GMP"},{"BlockType":"LINE","Confidence":99.97694396972656,"Geometry":{"BoundingBox":{"Height":0.011644880287349224,"Left":0.5483404994010925,"Top":0.8711264133453369,"Width":0.034852102398872375},"Polygon":[{"X":0.5483404994010925,"Y":0.8711426258087158},{"X":0.5831883549690247,"Y":0.8711264133453369},{"X":0.5831925868988037,"Y":0.8827551007270813},{"X":0.548344612121582,"Y":0.8827712535858154}]},"Id":"4d2d5334-8d54-4d87-b981-687021d1c665","Relationships":[{"Ids":["705aea2b-30e3-47a0-b7cb-429bb00b8dbd"],"Type":"CHILD"}],"Text":"1655"},{"BlockType":"LINE","Confidence":99.06816101074219,"Geometry":{"BoundingBox":{"Height":0.011958750896155834,"Left":0.5899065732955933,"Top":0.8710083365440369,"Width":0.03128683194518089},"Polygon":[{"X":0.5899065732955933,"Y":0.8710229396820068},{"X":0.6211889982223511,"Y":0.8710083365440369},{"X":0.6211934089660645,"Y":0.8829525709152222},{"X":0.5899109840393066,"Y":0.8829671144485474}]},"Id":"e2551636-d3d8-44b0-acef-4ed5063463bc","Relationships":[{"Ids":["4c0863b4-4f47-4fc4-b5c1-7d21c3bf6ff1"],"Type":"CHILD"}],"Text":"CJU"},{"BlockType":"LINE","Confidence":99.95146179199219,"Geometry":{"BoundingBox":{"Height":0.011569874361157417,"Left":0.6779771447181702,"Top":0.8711664080619812,"Width":0.03500145673751831},"Polygon":[{"X":0.6779771447181702,"Y":0.8711826801300049},{"X":0.7129740118980408,"Y":0.8711664080619812},{"X":0.7129786014556885,"Y":0.8827199935913086},{"X":0.6779816150665283,"Y":0.8827362656593323}]},"Id":"1e9930c3-8762-45d2-a16c-8b3453423c53","Relationships":[{"Ids":["1b48a3f8-3c5f-4dd3-9150-b83611847fca"],"Type":"CHILD"}],"Text":"1805"},{"BlockType":"LINE","Confidence":99.94532012939453,"Geometry":{"BoundingBox":{"Height":0.01166543923318386,"Left":0.720018208026886,"Top":0.8710410594940186,"Width":0.026786822825670242},"Polygon":[{"X":0.720018208026886,"Y":0.8710535764694214},{"X":0.7468003630638123,"Y":0.8710410594940186},{"X":0.7468050718307495,"Y":0.8826940655708313},{"X":0.7200228571891785,"Y":0.8827065229415894}]},"Id":"67d2a200-b6c0-4d73-ae87-a35481671c41","Relationships":[{"Ids":["d78f9073-9c4f-42cc-babc-c05c1759b708"],"Type":"CHILD"}],"Text":"738"},{"BlockType":"LINE","Confidence":99.98600769042969,"Geometry":{"BoundingBox":{"Height":0.01155902724713087,"Left":0.3716287910938263,"Top":0.8900861144065857,"Width":0.02639773301780224},"Polygon":[{"X":0.3716287910938263,"Y":0.8900983333587646},{"X":0.39802286028862,"Y":0.8900861144065857},{"X":0.3980265259742737,"Y":0.9016329646110535},{"X":0.3716323673725128,"Y":0.9016451239585876}]},"Id":"54a8a153-2cec-4bcc-9546-97b050cde1eb","Relationships":[{"Ids":["bd0cd5ee-2b98-4d65-b409-dab8c3c49683"],"Type":"CHILD"}],"Text":"146"},{"BlockType":"LINE","Confidence":99.50592803955078,"Geometry":{"BoundingBox":{"Height":0.011757581494748592,"Left":0.4602929353713989,"Top":0.8900039792060852,"Width":0.0313229002058506},"Polygon":[{"X":0.4602929353713989,"Y":0.8900184631347656},{"X":0.4916118383407593,"Y":0.8900039792060852},{"X":0.4916158616542816,"Y":0.9017471075057983},{"X":0.4602968692779541,"Y":0.901761531829834}]},"Id":"677b1e98-7949-4829-ab69-343f4ff9c109","Relationships":[{"Ids":["a27e3f87-bd2f-4a20-bb83-4755894981a8"],"Type":"CHILD"}],"Text":"CJU"},{"BlockType":"LINE","Confidence":99.98930358886719,"Geometry":{"BoundingBox":{"Height":0.011559732258319855,"Left":0.5482756495475769,"Top":0.8900815844535828,"Width":0.03478122130036354},"Polygon":[{"X":0.5482756495475769,"Y":0.8900976777076721},{"X":0.5830526947975159,"Y":0.8900815844535828},{"X":0.5830568671226501,"Y":0.9016252756118774},{"X":0.5482797622680664,"Y":0.901641309261322}]},"Id":"da641f38-fe3b-43e2-af2d-e53090a2a97d","Relationships":[{"Ids":["283cd330-e031-4355-acca-e10531abe591"],"Type":"CHILD"}],"Text":"1845"},{"BlockType":"LINE","Confidence":99.84959411621094,"Geometry":{"BoundingBox":{"Height":0.011855927295982838,"Left":0.5899132490158081,"Top":0.8899632692337036,"Width":0.03677818179130554},"Polygon":[{"X":0.5899132490158081,"Y":0.8899803161621094},{"X":0.6266869902610779,"Y":0.8899632692337036},{"X":0.6266914010047913,"Y":0.9018022418022156},{"X":0.5899175405502319,"Y":0.9018191695213318}]},"Id":"7716b1de-3134-42e7-8eeb-901de60fc7b0","Relationships":[{"Ids":["7800c540-0e20-49b8-b563-24b0f8a14462"],"Type":"CHILD"}],"Text":"GMP"},{"BlockType":"LINE","Confidence":99.95082092285156,"Geometry":{"BoundingBox":{"Height":0.011541626416146755,"Left":0.6778885722160339,"Top":0.8899834752082825,"Width":0.03500254824757576},"Polygon":[{"X":0.6778885722160339,"Y":0.8899996876716614},{"X":0.7128865718841553,"Y":0.8899834752082825},{"X":0.7128911018371582,"Y":0.9015089273452759},{"X":0.6778930425643921,"Y":0.90152508020401}]},"Id":"6f4af12f-7585-43e0-9e44-391ffe94e3b6","Relationships":[{"Ids":["14f17ba5-19c7-4854-bbad-97e98f59e8b8"],"Type":"CHILD"}],"Text":"1955"},{"BlockType":"LINE","Confidence":99.9532241821289,"Geometry":{"BoundingBox":{"Height":0.011537013575434685,"Left":0.7200125455856323,"Top":0.8900152444839478,"Width":0.026799913495779037},"Polygon":[{"X":0.7200125455856323,"Y":0.890027642250061},{"X":0.7468078136444092,"Y":0.8900152444839478},{"X":0.7468124628067017,"Y":0.9015399217605591},{"X":0.7200170755386353,"Y":0.9015522599220276}]},"Id":"3b83243f-10cf-4c6c-a89c-1acbe791bea1","Relationships":[{"Ids":["fa8c1165-79e6-4a03-81bb-b68414c239a2"],"Type":"CHILD"}],"Text":"738"},{"BlockType":"LINE","Confidence":99.96150207519531,"Geometry":{"BoundingBox":{"Height":0.011854246258735657,"Left":0.1006939634680748,"Top":0.908094584941864,"Width":0.04743609577417374},"Pol"
20:09:02.969 [Test worker] DEBUG org.apache.http.wire - http-outgoing-0 << "ygon":[{"X":0.1006939634680748,"Y":0.9081164002418518},{"X":0.14812703430652618,"Y":0.908094584941864},{"X":0.14813005924224854,"Y":0.9199271202087402},{"X":0.1006968542933464,"Y":0.9199488162994385}]},"Id":"918a0b7a-d3b4-4d0c-be8e-cfebbe802863","Relationships":[{"Ids":["56102153-d738-40f8-8b1a-0d6279990b0f"],"Type":"CHILD"}],"Text":"F145D"},{"BlockType":"LINE","Confidence":99.8512"
20:09:02.970 [Test worker] DEBUG org.apache.http.wire - http-outgoing-0 << "2680664062,"Geometry":{"BoundingBox":{"Height":0.011821269989013672,"Left":0.3282462954521179,"Top":0.9081747531890869,"Width":0.069662906229496},"Polygon":[{"X":0.3282462954521179,"Y":0.9082067608833313},{"X":0.39790546894073486,"Y":0.9081747531890869},{"X":0.3979091942310333,"Y":0.919964075088501},{"X":0.32824984192848206,"Y":0.9199960231781006}]},"Id":"5c6004d7-4277-4fa9-8a45-d04d9269283b","Relationships":[{"Ids":["c632237f-8653-45a4-95ab-f5cc52b9d95c","88147321-2e9e-47b7-8acf-fc69f267c8b5"],"Type":"CHILD"}],"Text":"2200 147"},{"BlockType":"LINE","Confidence":99.84374237060547,"Geometry":{"BoundingBox":{"Height":0.011700003407895565,"Left":0.46048763394355774,"Top":0.9082926511764526,"Width":0.036237236112356186},"Polygon":[{"X":0.46048763394355774,"Y":0.908309280872345},{"X":0.4967208802700043,"Y":0.9082926511764526},{"X":0.4967248737812042,"Y":0.9199760556221008},{"X":0.4604915380477905,"Y":0.9199926257133484}]},"Id":"441d1a34-6be0-4be8-b91b-9e716ce362ee","Relationships":[{"Ids":["0e25d799-a243-4ace-8c91"
20:09:02.971 [Test worker] DEBUG org.apache.http.wire - http-outgoing-0 << "-e75b14dcfd4c"],"Type":"CHILD"}],"Text":"GMP"},{"BlockType":"LINE","Confidence":99.90784454345703,"Geometry":{"BoundingBox":{"Height":0.011650064028799534,"Left":0.5477115511894226,"Top":0.9082827568054199,"Width":0.0359036885201931},"Polygon":[{"X":0.5477115511894226,"Y":0.9082992672920227},{"X":0.583611011505127,"Y":0.9082827568054199},{"X":0.583615243434906,"Y":0.9199163317680359},{"X":0.5477156639099121,"Y":0.9199327826499939}]},"Id":"0961dc58-d34f-4885-98a6-e16f7d116af7","Relationships":[{"Ids":["2f38ce48-8f57-4284-a449-f8adfca0ade8"],"Type":"CHILD"}],"Text":"2030"},{"BlockType":"LINE","Confidence":99.01846313476562,"Geometry":{"BoundingBox":{"Height":0.01184814888983965,"Left":0.5899069905281067,"Top":0.9080954194068909,"Width":0.031245669350028038},"Polygon":[{"X":0.5899069905281067,"Y":0.9081097841262817},{"X":0.6211482286453247,"Y":0.9080954194068909},{"X":0.6211526393890381,"Y":0.9199292659759521},{"X":0.5899112820625305,"Y":0.9199435710906982}]},"Id":"bdf49204-9383-4957-9a0f-317ef281d2d9","Relationships":[{"Ids":["8fd441d8-f58b-4756-b06b-9a33b7620010"],"Type":"CHILD"}],"Text":"CJU"},{"BlockType":"LINE","Confidence":99.94557189941406,"Geometry":{"BoundingBox":{"Height":0.011641624383628368,"Left":0.6772305369377136,"Top":0.9082275032997131,"Width":0.036143213510513306},"Polygon":[{"X":0.6772305369377136,"Y":0.9082441329956055},{"X":0.7133691906929016,"Y":0.9082275032997131},{"X":0.7133737802505493,"Y":0.919852614402771},{"X":0.6772350072860718,"Y":0.9198691248893738}]},"Id":"62775a48-946c-4641-96ae-65333fb4febc","Relationships":[{"Ids":["24fdaf6e-4588-4087-9f4e-b834494c92bd"],"Type":"CHILD"}],"Text":"2140"},{"BlockType":"LINE","Confidence":99.92755889892578,"Geometry":{"BoundingBox":{"Height":0.011681471019983292,"Left":0.7197944521903992,"Top":0.9081166982650757,"Width":0.027016032487154007},"Polygon":[{"X":0.7197944521903992,"Y":0.9081291556358337},{"X":0.7468057870864868,"Y":0.9081166982650757},{"X":0.7468104958534241,"Y":0.9197857975959778},{"X":0.7197991013526917,"Y":0.9197981953620911}]},"Id":"6c7e5e1d-38ec-40c9-895c-d0bb3f8276fb","Relationships":[{"Ids":["235d36e5-b353-4515-9280-fa1bbe338e8f"],"Type":"CHILD"}],"Text":"738"},{"BlockType":"LINE","Confidence":99.70433044433594,"Geometry":{"BoundingBox":{"Height":0.011916193179786205,"Left":0.37115612626075745,"Top":0.9269276261329651,"Width":0.05312376469373703},"Polygon":[{"X":0.37115612626075745,"Y":0.9269518852233887},{"X":0.4242760241031647,"Y":0.9269276261329651},{"X":0.4242798984050751,"Y":0.9388196468353271},{"X":0.3711598217487335,"Y":0.9388437867164612}]},"Id":"6edf01cb-4f29-4bc0-9e7e-518e91fa5ac2","Relationships":[{"Ids":["77cb670c-7135-4c07-8abf-9758517048b4"],"Type":"CHILD"}],"Text":"LAYOV"},{"BlockType":"LINE","Confidence":99.49552154541016,"Geometry":{"BoundingBox":{"Height":0.011816623620688915,"Left":0.46016788482666016,"Top":0.9270671606063843,"Width":0.031384773552417755},"Polygon":[{"X":0.46016788482666016,"Y":0.9270814657211304},{"X":0.491548627614975,"Y":0.9270671606063843},{"X":0.4915526509284973,"Y":0.9388694763183594},{"X":0.46017181873321533,"Y":0.9388837814331055}]},"Id":"d787b946-7c31-4166-a1cb-a7c47d2ad155","Relationships":[{"Ids":["b15c3400-ebb2-4139-b1fa-0e6339ee1541"],"Type":"CHILD"}],"Text":"CJU"},{"BlockType":"LINE","Confidence":99.97718048095703,"Geometry":{"BoundingBox":{"Height":0.01172120776027441,"Left":0.5476540327072144,"Top":0.9270851016044617,"Width":0.03546415641903877},"Polygon":[{"X":0.5476540327072144,"Y":0.9271013140678406},{"X":0.5831139087677002,"Y":0.9270851016044617},{"X":0.583118200302124,"Y":0.9387902021408081},{"X":0.5476582050323486,"Y":0.9388062953948975}]},"Id":"fdd2852f-98de-4fd8-b7f8-cb29ca6e6fae","Relationships":[{"Ids":["685ca7f7-33cb-4cce-8d44-2af183bf87fc"],"Type":"CHILD"}],"Text":"2215"},{"BlockType":"LINE","Confidence":99.27244567871094,"Geometry":{"BoundingBox":{"Height":0.01193189062178135,"Left":0.5901150107383728,"Top":0.9268824458122253,"Width":0.030937926843762398},"Polygon":[{"X":0.5901150107383728,"Y":0.9268965721130371},{"X":0.6210484504699707,"Y":0.9268824458122253},{"X":0.6210529208183289,"Y":0.9388002753257751},{"X":0.5901193618774414,"Y":0.9388143420219421}]},"Id":"07cbb648-e812-4e4c-88c7-65758508b420","Relationships":[{"Ids":["99d5777b-70dd-451e-b339-27bea21ddb4e"],"Type":"CHILD"}],"Text":"CJU"},{"BlockType":"LINE","Confidence":99.90399169921875,"Geometry":{"BoundingBox":{"Height":0.011630194261670113,"Left":0.6780607104301453,"Top":0.927035391330719,"Width":0.035231731832027435},"Polygon":[{"X":0.6780607104301453,"Y":0.9270514845848083},{"X":0.7132878303527832,"Y":0.927035391330719},{"X":0.7132924199104309,"Y":0.938649594783783},{"X":0.6780651807785034,"Y":0.9386656284332275}]},"Id":"3f0c485c-af39-405f-9874-41aa57dbf11b","Relationships":[{"Ids":["ade115a4-e30b-49df-900c-46e7a2549933"],"Type":"CHILD"}],"Text":"1230"},{"BlockType":"LINE","Confidence":79.88876342773438,"Geometry":{"BoundingBox":{"Height":0.012320658192038536,"Left":0.719758927822113,"Top":0.926692008972168,"Width":0.04222213476896286},"Polygon":[{"X":0.719758927822113,"Y":0.9267113208770752},{"X":0.7619760632514954,"Y":0.926692008972168},{"X":0.7619810700416565,"Y":0.938993513584137},{"X":0.7197638154029846,"Y":0.9390127062797546}]},"Id":"499108e4-ce58-41ad-8154-1a61f9a22838","Relationships":[{"Ids":["97f49f22-b1da-44a0-809a-c70495d18eea"],"Type":"CHILD"}],"Text":"????"},{"BlockType":"LINE","Confidence":99.86783599853516,"Geometry":{"BoundingBox":{"Height":0.011960034258663654,"Left":0.03326239064335823,"Top":0.9454887509346008,"Width":0.11484059691429138},"Polygon":[{"X":0.03326239064335823,"Y":0.9455408453941345},{"X":0.14809994399547577,"Y":0.9454887509346008},{"X":0.14810298383235931,"Y":0.957396924495697},{"X":0.03326510265469551,"Y":0.9574487805366516}]},"Id":"db5350db-c811-45ca-8156-be61c3659a36","Relationships":[{"Ids":["ea29759a-ded3-4072-9dc1-8867c7f263e3","a1e3ed2b-4978-44aa-bab4-9a9ba6c06e3c"],"Type":"CHILD"}],"Text":"30Jan23 F145D"},{"BlockType":"LINE","Confidence":99.96949768066406,"Geometry":{"BoundingBox":{"Height":0.01163669116795063,"Left":0.26421892642974854,"Top":0.9456443786621094,"Width":0.03484979644417763},"Polygon":[{"X":0.26421892642974854,"Y":0.9456601738929749},{"X":0.29906532168388367,"Y":0.9456443786621094},{"X":0.29906871914863586,"Y":0.957265317440033},{"X":0.26422223448753357,"Y":0.9572810530662537}]},"Id":"d926f2dc-7b8a-4dda-90d2-b1054b645b9a","Relationships":[{"Ids":["a80bb95a-47ad-4970-ac01-d36a84484107"],"Type":"CHILD"}],"Text":"1245"},{"BlockType":"LINE","Confidence":99.90447235107422,"Geometry":{"BoundingBox":{"Height":0.01172226294875145,"Left":0.3289051949977875,"Top":0.9455568790435791,"Width":0.06924933195114136},"Polygon":[{"X":0.3289051949977875,"Y":0.9455882906913757},{"X":0.39815083146095276,"Y":0.9455568790435791},{"X":0.39815452694892883,"Y":0.9572478532791138},{"X":0.3289087116718292,"Y":0.9572791457176208}]},"Id":"72bd749d-0c14-48ff-9713-51523cb9e412","Relationships":[{"Ids":["25ff05e8-5e67-4fcd-ba20-d053e89e65fc","3e288723-fa91-465d-b5fa-dc76ba6c9491"],"Type":"CHILD"}],"Text":"1520 116"},{"BlockType":"LINE","Confidence":99.51412963867188,"Geometry":{"BoundingBox":{"Height":0.011611578986048698,"Left":0.4602009057998657,"Top":0.9456716775894165,"Width":0.03133046254515648},"Polygon":[{"X":0.4602009057998657,"Y":0.9456859230995178},{"X":0.4915274381637573,"Y":0.9456716775894165},{"X":0.4915313720703125,"Y":0.9572691321372986},{"X":0.4602047801017761,"Y":0.9572832584381104}]},"Id":"8bdf1152-1abf-44c1-8e0c-c0d71ceeac3c","Relationships":[{"Ids":["667b10e2-cc3f-450c-9936-d6bf117bf55f"],"Type":"CHILD"}],"Text":"CJU"},{"BlockType":"LINE","Confidence":99.97875213623047,"Geometry":{"BoundingBox":{"Height":0.011701211333274841,"Left":0.5483548641204834,"Top":0.9456073045730591,"Width":0.034716032445430756},"Polygon":[{"X":0.5483548641204834,"Y":0.9456230401992798},{"X":0.5830666422843933,"Y":0.9456073045730591},{"X":0.5830708742141724,"Y":0.9572927951812744},{"X":0.5483589768409729,"Y":0.95730847120285"
20:09:02.973 [Test worker] DEBUG org.apache.http.wire - http-outgoing-0 << "03}]},"Id":"29fed6b3-dfa2-4f12-894b-f519150a040a","Relationships":[{"Ids":["67073c62-ddcf-41c9-ae52-ed47def3d69b"],"Type":"CHILD"}],"Text":"1355"},{"BlockType":"LINE","Confidence":99.85035705566406,"Geometry":{"BoundingBox":{"Height":0.011945299804210663,"Left":0.5898707509040833,"Top":0.9454337358474731,"Width":0.03672105446457863},"Polygon":[{"X":0.5898707509040833,"Y":0.9454503655433655},{"X":0.6265873312950134,"Y":0.9454337358474731},{"X":0.6265918016433716,"Y":0.9573624134063721},{"X":0.5898751020431519,"Y":0.9573790431022644}]},"Id":"1dec5ff8-a5a4-43ed-a63d-a977f4202ab4","Relationships":[{"Ids":["3ff3f913-a6f5-4cf6-9dd5-a6b761dbe8e1"],"Type":"CHILD"}],"Text":"GMP"},{"BlockType":"LINE","Confidence":99.9738540649414,"Geometry":{"BoundingBox":{"Height":0.011625468730926514,"Left":0.6777419447898865,"Top":0.9456389546394348,"Width":0.035726360976696014},"Polygon":[{"X":0.6777419447898865,"Y":0.9456551671028137},{"X":0.7134637236595154,"Y":0.9456389546394348},{"X":0.7134683132171631,"Y":0.957248330116272},{"X":0.6777464151382446,"Y":0.9572644233703613}]},"Id":"3ae7b2b6-c426-4bb9-87b0-b29dc40b885a","Relationships":[{"Ids":["13280c96-19ad-436c-828d-b153a1081d6d"],"Type":"CHILD"}],"Text":"1500"},{"BlockType":"LINE","Confidence":99.93849182128906,"Geometry":{"BoundingBox":{"Height":0.011344939470291138,"Left":0.7200270891189575,"Top":0.9457354545593262,"Width":0.026786714792251587},"Polygon":[{"X":0.7200270891189575,"Y":0.9457476139068604},{"X":0.7468092441558838,"Y":0.9457354545593262},{"X":0.7468137741088867,"Y":0.9570683240890503},{"X":0.7200315594673157,"Y":0.9570804238319397}]},"Id":"a53ff079-0748-49af-af77-f7425e81b921","Relationships":[{"Ids":["566c2164-1094-40c1-b33d-d6cf0b076f1d"],"Type":"CHILD"}],"Text":"738"},{"BlockType":"LINE","Confidence":99.4071273803711,"Geometry":{"BoundingBox":{"Height":0.01190168783068657,"Left":0.033261120319366455,"Top":0.9643576741218567,"Width":0.06066415458917618},"Polygon":[{"X":0.033261120319366455,"Y":0.9643849730491638},{"X":0.09392239153385162,"Y":0.9643576741218567},{"X":0.09392527490854263,"Y":0.9762321710586548},{"X":0.03326382115483284,"Y":0.9762593507766724}]},"Id":"7d5ece05-90e0-4577-b8eb-91fea0c64b38","Relationships":[{"Ids":["0285cafd-9ddc-41b8-b7b9-d8e19f680c4d"],"Type":"CHILD"}],"Text":"31Jan23"},{"BlockType":"LINE","Confidence":99.75221252441406,"Geometry":{"BoundingBox":{"Height":0.011568800546228886,"Left":0.37097176909446716,"Top":0.9644261598587036,"Width":0.03147568553686142},"Polygon":[{"X":0.37097176909446716,"Y":0.9644402861595154},{"X":0.4024437963962555,"Y":0.9644261598587036},{"X":0.4024474620819092,"Y":0.975980818271637},{"X":0.3709753751754761,"Y":0.9759949445724487}]},"Id":"133f8516-2538-41ea-b54c-9f1597dd7f64","Relationships":[{"Ids":["b8a41acc-e4ef-4269-98f4-5a451ff1161d"],"Type":"CHILD"}],"Text":"OFF"},{"BlockType":"LINE","Confidence":99.57874298095703,"Geometry":{"BoundingBox":{"Height":0.011637029238045216,"Left":0.4604068100452423,"Top":0.964336097240448,"Width":0.03647289797663689},"Polygon":[{"X":0.4604068100452423,"Y":0.964352548122406},{"X":0.49687573313713074,"Y":0.964336097240448},{"X":0.4968796968460083,"Y":0.9759567975997925},{"X":0.4604106843471527,"Y":0.9759731292724609}]},"Id":"ada1720e-2eb0-491e-8d45-c0068ebfd7d0","Relationships":[{"Ids":["09834c09-c6c6-47b2-b3d7-47fe555f089f"],"Type":"CHILD"}],"Text":"GMP"},{"BlockType":"LINE","Confidence":99.87648010253906,"Geometry":{"BoundingBox":{"Height":0.011547871865332127,"Left":0.5472265481948853,"Top":0.9645813703536987,"Width":0.03657009080052376},"Polygon":[{"X":0.5472265481948853,"Y":0.9645978808403015},{"X":0.5837924480438232,"Y":0.9645813703536987},{"X":0.5837966203689575,"Y":0.9761129021644592},{"X":0.54723060131073,"Y":0.9761292934417725}]},"Id":"ebde73b2-3993-47fa-bcc9-38191cf30969","Relationships":[{"Ids":["2d5ae00f-6a89-46e2-a288-170b734032cc"],"Type":"CHILD"}],"Text":"0000"},{"BlockType":"LINE","Confidence":99.78089904785156,"Geometry":{"BoundingBox":{"Height":0.011846037581562996,"Left":0.5898847579956055,"Top":0.9642700552940369,"Width":0.03673906251788139},"Polygon":[{"X":0.5898847579956055,"Y":0.9642866253852844},{"X":0.6266193985939026,"Y":0.9642700552940369},{"X":0.626623809337616,"Y":0.9760996103286743},{"X":0.5898891091346741,"Y":0.9761161208152771}]},"Id":"84d835d0-32ea-4875-9c88-2717f03e4e34","Relationships":[{"Ids":["0bd58de8-b65c-4e5f-a7fe-1cc62cec8a23"],"Type":"CHILD"}],"Text":"GMP"},{"BlockType":"LINE","Confidence":99.96009826660156,"Geometry":{"BoundingBox":{"Height":0.01163526251912117,"Left":0.6771228909492493,"Top":0.9644775390625,"Width":0.03605731949210167},"Polygon":[{"X":0.6771228909492493,"Y":0.9644938111305237},{"X":0.7131756544113159,"Y":0.9644775390625},{"X":0.7131802439689636,"Y":0.9760966897010803},{"X":0.6771274209022522,"Y":0.9761128425598145}]},"Id":"bb1082ed-5ae4-4865-9498-270e22caa27c","Relationships":[{"Ids":["4a3367ab-5b58-4b07-bd98-55e295c236c3"],"Type":"CHILD"}],"Text":"2359"},{"BlockType":"WORD","Confidence":99.84062957763672,"Geometry":{"BoundingBox":{"Height":0.011191052384674549,"Left":0.011160369962453842,"Top":0.033650413155555725,"Width":0.034653738141059875},"Polygon":[{"X":0.011160369962453842,"Y":0.03367168456315994},{"X":0.04581153020262718,"Y":0.033650413155555725},{"X":0.04581410810351372,"Y":0.04482026770710945},{"X":0.011162852868437767,"Y":0.044841468334198}]},"Id":"be2dfeea-2739-43ee-9909-be7306eb93fe","Text":"Date","TextType":"PRINTED"},{"BlockType":"WORD","Confidence":99.86917114257812,"Geometry":{"BoundingBox":{"Height":0.015165598131716251,"Left":0.10025003552436829,"Top":0.03286390006542206,"Width":0.05436420813202858},"Polygon":[{"X":0.10025003552436829,"Y":0.03289727494120598},{"X":0.15461035072803497,"Y":0.03286390006542206},{"X":0.15461423993110657,"Y":0.04799627140164375},{"X":0.10025373101234436,"Y":0.04802950099110603}]},"Id":"63b1bd4c-0dfb-483c-958c-b5cec38153cd","Text":"Pairing","TextType":"PRINTED"},{"BlockType":"WORD","Confidence":99.87380981445312,"Geometry":{"BoundingBox":{"Height":0.011895069852471352,"Left":0.18941457569599152,"Top":0.033420462161302567,"Width":0.02414884977042675},"Polygon":[{"X":0.18941457569599152,"Y":0.033435285091400146},{"X":0.21356019377708435,"Y":0.033420462161302567},{"X":0.21356342732906342,"Y":0.045300763100385666},{"X":0.1894177347421646,"Y":0.04531553387641907}]},"Id":"988744d3-67b3-4111-8413-931d63a6d5e8","Text":"DC","TextType":"PRINTED"},{"BlockType":"WORD","Confidence":61.94950866699219,"Geometry":{"BoundingBox":{"Height":0.012730509974062443,"Left":0.24084608256816864,"Top":0.032805558294057846,"Width":0.02207079902291298},"Polygon":[{"X":0.24084608256816864,"Y":0.03281910717487335},{"X":0.2629132568836212,"Y":0.032805558294057846},{"X":0.2629168927669525,"Y":0.04552257061004639},{"X":0.24084962904453278,"Y":0.045536067336797714}]},"Id":"1f399b79-bc62-41fd-8d5e-7e4d1c025347","Text":"C/l","TextType":"PRINTED"},{"BlockType":"WORD","Confidence":96.98234558105469,"Geometry":{"BoundingBox":{"Height":0.014475222676992416,"Left":0.26607435941696167,"Top":0.03260604664683342,"Width":0.019920118153095245},"Polygon":[{"X":0.26607435941696167,"Y":0.03261827677488327},{"X":0.28599029779434204,"Y":0.03260604664683342},{"X":0.2859944999217987,"Y":0.04706909507513046},{"X":0.26607850193977356,"Y":0.047081269323825836}]},"Id":"e25f3850-7350-4fa8-a63c-b323ede5247e","Text":"(L)","TextType":"PRINTED"},{"BlockType":"WORD","Confidence":98.162109375,"Geometry":{"BoundingBox":{"Height":0.012376890517771244,"Left":0.3062202036380768,"Top":0.033011820167303085,"Width":0.028671106323599815},"Polygon":[{"X":0.3062202036380768,"Y":0.03302941843867302},{"X":0.3348875641822815,"Y":0.033011820167303085},{"X":0.33489131927490234,"Y":0.045371174812316895},{"X":0.3062238395214081,"Y":0.045388709753751755}]},"Id":"72afe3e8-c5f2-4851-be0e-24b04fc234f2","Text":"C/O","TextType":"PRINTED"},{"BlockType":"WORD","Confidence":93.65109252929688,"Geometry":{"BoundingBox":{"Height":0.014598376117646694,"Left":0.33883440494537354,"Top":0.03260073438"
20:09:02.974 [Test worker] DEBUG org.apache.http.wire - http-outgoing-0 << "286781,"Width":0.019671952351927757},"Polygon":[{"X":0.33883440494537354,"Y":0.03261280804872513},{"X":0.3585018813610077,"Y":0.03260073438286781},{"X":0.35850638151168823,"Y":0.04718708619475365},{"X":0.3388388454914093,"Y":0.04719911143183708}]},"Id":"e0f031bf-678e-478b-bfc1-7cfbb71614c5","Text":"(L)","TextType":"PRINTED"},{"BlockType":"WORD","Confidence":99.93913269042969,"Geome"
20:09:02.975 [Test worker] DEBUG org.apache.http.wire - http-outgoing-0 << "try":{"BoundingBox":{"Height":0.015274295583367348,"Left":0.37010154128074646,"Top":0.03272339701652527,"Width":0.05873876065015793},"Polygon":[{"X":0.37010154128074646,"Y":0.03275945410132408},{"X":0.42883533239364624,"Y":0.03272339701652527},{"X":0.428840309381485,"Y":0.04796179011464119},{"X":0.3701062798500061,"Y":0.04799769073724747}]},"Id":"272aabc0-31f6-4c18-a741-fae38ec88da2","Text":"Activity","TextType":"PRINTED"},{"BlockType":"WORD","Confidence":99.93533325195312,"Geometry":{"BoundingBox":{"Height":0.011593817733228207,"Left":0.46053841710090637,"Top":0.0334789901971817,"Width":0.04000956192612648},"Polygon":[{"X":0.46053841710090637,"Y":0.033503543585538864},{"X":0.500544011592865,"Y":0.0334789901971817},{"X":0.5005480051040649,"Y":0.04504833370447159},{"X":0.4605422616004944,"Y":0.04507280886173248}]},"Id":"edbecad8-8ef7-4e9e-8d1f-31b3f01b667b","Text":"From","TextType":"PRINTED"},{"BlockType":"WORD","Confidence":99.79489135742188,"Geometry":{"BoundingBox":{"Height":0.011831260286271572,"Left":0.52"
20:09:03.086 [Test worker] DEBUG org.apache.http.wire - http-outgoing-0 << "51644253730774,"Top":0.033309318125247955,"Width":0.03234146535396576},"Polygon":[{"X":0.5251644253730774,"Y":0.03332916647195816},{"X":0.5575016736984253,"Y":0.033309318125247955},{"X":0.5575058460235596,"Y":0.04512079432606697},{"X":0.5251685380935669,"Y":0.045140575617551804}]},"Id":"4d7cceaa-2b74-4fd6-a1f5-a9236841816a","Text":"STD","TextType":"PRINTED"},{"BlockType":"WORD","Confidence":99.83863830566406,"Geometry":{"BoundingBox":{"Height":0.014255495741963387,"Left":0.5613563656806946,"Top":0.03266143053770065,"Width":0.021795611828565598},"Polygon":[{"X":0.5613563656806946,"Y":0.03267480805516243},{"X":0.5831468105316162,"Y":0.03266143053770065},{"X":0.5831519961357117,"Y":0.04690360277891159},{"X":0.5613614320755005,"Y":0.04691692441701889}]},"Id":"5b42d1ba-bd48-49ed-b9b3-344d5d74a307","Text":"(B)","TextType":"PRINTED"},{"BlockType":"WORD","Confidence":99.8047866821289,"Geometry":{"BoundingBox":{"Height":0.01249744649976492,"Left":0.589369535446167,"Top":0.03274809941649437,"Width":0.02108949050307274},"Polygon":[{"X":0.589369535446167,"Y":0.032761044800281525},{"X":0.6104543805122375,"Y":0.03274809941649437},{"X":0.61045902967453,"Y":0.04523264989256859},{"X":0.5893740653991699,"Y":0.04524554684758186}]},"Id":"96a1fe8c-eb2b-487d-b6d6-42b68f99db89","Text":"To","TextType":"PRINTED"},{"BlockType":"WORD","Confidence":99.40016174316406,"Geometry":{"BoundingBox":{"Height":0.01199284102767706,"Left":0.6550008654594421,"Top":0.03322203829884529,"Width":0.032745905220508575},"Polygon":[{"X":0.6550008654594421,"Y":0.03324213624000549},{"X":0.6877421140670776,"Y":0.03322203829884529},{"X":0.6877468228340149,"Y":0.045194853097200394},{"X":0.6550054550170898,"Y":0.045214880257844925}]},"Id":"fadbdc55-a8bf-48f1-a789-c1bc7dad0d4f","Text":"STA","TextType":"PRINTED"},{"BlockType":"WORD","Confidence":99.3857421875,"Geometry":{"BoundingBox":{"Height":0.014590286649763584,"Left":0.6910492777824402,"Top":0.032457731664180756,"Width":0.022332077845931053},"Polygon":[{"X":0.6910492777824402,"Y":0.032471440732479095},{"X":0.7133756279945374,"Y":0.032457731664180756},{"X":0.7133813500404358,"Y":0.0470343679189682},{"X":0.6910549998283386,"Y":0.047048021107912064}]},"Id":"7d9ec11f-f2c5-4b26-9cc1-df5f3eecb991","Text":"(B)","TextType":"PRINTED"},{"BlockType":"WORD","Confidence":99.31758880615234,"Geometry":{"BoundingBox":{"Height":0.011884554289281368,"Left":0.7196890115737915,"Top":0.03314058482646942,"Width":0.06709907948970795},"Polygon":[{"X":0.7196890115737915,"Y":0.03318176791071892},{"X":0.7867832183837891,"Y":0.03314058482646942},{"X":0.7867881059646606,"Y":0.04498409479856491},{"X":0.7196937203407288,"Y":0.045025140047073364}]},"Id":"c9ebd07f-8fe9-4df3-8b65-a7925af3e785","Text":"AC/Hotel","TextType":"PRINTED"},{"BlockType":"WORD","Confidence":40.908443450927734,"Geometry":{"BoundingBox":{"Height":0.009812443517148495,"Left":0.9933217167854309,"Top":0.034572724252939224,"Width":0.006678310688585043},"Polygon":[{"X":0.9933217167854309,"Y":0.03457716852426529},{"X":1.0,"Y":0.034572724252939224},{"X":1.0,"Y":0.044380731880664825},{"X":0.9933262467384338,"Y":0.044385168701410294}]},"Id":"29cb2ba5-b765-4d69-9992-f81d478513ab","Text":"B","TextType":"PRINTED"},{"BlockType":"WORD","Confidence":99.44901275634766,"Geometry":{"BoundingBox":{"Height":0.01193698588758707,"Left":0.032843220978975296,"Top":0.05221545696258545,"Width":0.06112617999315262},"Polygon":[{"X":0.032843220978975296,"Y":0.05225277319550514},{"X":0.09396650642156601,"Y":0.05221545696258545},{"X":0.09396939724683762,"Y":0.0641152486205101},{"X":0.03284592926502228,"Y":0.06415244191884995}]},"Id":"6d77845d-d5f4-4d7d-8c54-cd506d53b415","Text":"01Jan23","TextType":"PRINTED"},{"BlockType":"WORD","Confidence":99.96295928955078,"Geometry":{"BoundingBox":{"Height":0.012093723751604557,"Left":0.37102898955345154,"Top":0.05192206799983978,"Width":0.03163021802902222},"Polygon":[{"X":0.37102898955345154,"Y":0.05194137990474701},{"X":0.40265536308288574,"Y":0.05192206799983978},{"X":0.40265920758247375,"Y":0.06399655342102051},{"X":0.3710327446460724,"Y":0.06401579082012177}]},"Id":"b3de8359-1822-475b-89ca-559342597850","Text":"OFF","TextType":"PRINTED"},{"BlockType":"WORD","Confidence":99.86039733886719,"Geometry":{"BoundingBox":{"Height":0.011986077763140202,"Left":0.4604455232620239,"Top":0.05196085572242737,"Width":0.036383822560310364},"Polygon":[{"X":0.4604455232620239,"Y":0.0519830659031868},{"X":0.49682527780532837,"Y":0.05196085572242737},{"X":0.4968293607234955,"Y":0.06392479687929153},{"X":0.4604495167732239,"Y":0.063946932554245}]},"Id":"d5a5d47e-6b71-470e-9c76-0fcc94131de9","Text":"GMP","TextType":"PRINTED"},{"BlockType":"WORD","Confidence":99.86873626708984,"Geometry":{"BoundingBox":{"Height":0.011144865304231644,"Left":0.5474552512168884,"Top":0.05245088040828705,"Width":0.03607683628797531},"Polygon":[{"X":0.5474552512168884,"Y":0.05247290059924126},{"X":0.5835280418395996,"Y":0.05245088040828705},{"X":0.5835320949554443,"Y":0.06357379257678986},{"X":0.5474591851234436,"Y":0.0635957419872284}]},"Id":"7fb15a45-ee80-4fee-8bf9-7cb26708ee84","Text":"0000","TextType":"PRINTED"},{"BlockType":"WORD","Confidence":99.7977294921875,"Geometry":{"BoundingBox":{"Height":0.012029999867081642,"Left":0.5900458693504333,"Top":0.0519227460026741,"Width":0.03658248484134674},"Polygon":[{"X":0.5900458693504333,"Y":0.051945075392723083},{"X":0.6266238689422607,"Y":0.0519227460026741},{"X":0.6266283988952637,"Y":0.06393048912286758},{"X":0.5900502800941467,"Y":0.0639527440071106}]},"Id":"827288c7-be29-4ca3-8a0c-89a16fbd35d1","Text":"GMP","TextType":"PRINTED"},{"BlockType":"WORD","Confidence":99.94802856445312,"Geometry":{"BoundingBox":{"Height":0.011577812023460865,"Left":0.6772505044937134,"Top":0.05213497579097748,"Width":0.03564990684390068},"Polygon":[{"X":0.6772505044937134,"Y":0.052156735211610794},{"X":0.7128958106040955,"Y":0.05213497579097748},{"X":0.7129004001617432,"Y":0.06369109451770782},{"X":0.6772549748420715,"Y":0.06371278315782547}]},"Id":"7cdb1fb3-61d9-4610-b584-e3b0f54af0bd","Text":"2359","TextType":"PRINTED"},{"BlockType":"WORD","Confidence":99.85759735107422,"Geometry":{"BoundingBox":{"Height":0.01134994812309742,"Left":0.03265773132443428,"Top":0.07081785798072815,"Width":0.061791542917490005},"Polygon":[{"X":0.03265773132443428,"Y":0.07085537910461426},{"X":0.09444652497768402,"Y":0.07081785798072815},{"X":0.09444927424192429,"Y":0.08213040977716446},{"X":0.03266030550003052,"Y":0.08216780424118042}]},"Id":"451ebeb9-619f-4899-afab-f1177e1f22bd","Text":"02Jan23","TextType":"PRINTED"},{"BlockType":"WORD","Confidence":99.83023834228516,"Geometry":{"BoundingBox":{"Height":0.011934960260987282,"Left":0.10065174102783203,"Top":0.07034168392419815,"Width":0.036449331790208817},"Polygon":[{"X":0.10065174102783203,"Y":0.07036381959915161},{"X":0.1370980590581894,"Y":0.07034168392419815},{"X":0.13710106909275055,"Y":0.08225458860397339},{"X":0.10065465420484543,"Y":0.08227664977312088}]},"Id":"438192cb-4ac7-4bca-9a2d-5b052ec2a113","Text":"F129","TextType":"PRINTED"},{"BlockType":"WORD","Confidence":99.93730163574219,"Geometry":{"BoundingBox":{"Height":0.011977322399616241,"Left":0.2641565501689911,"Top":0.07039918005466461,"Width":0.035001035779714584},"Polygon":[{"X":0.2641565501689911,"Y":0.07042043656110764},{"X":0.2991540729999542,"Y":0.07039918005466461},{"X":0.29915758967399597,"Y":0.0823553204536438},{"X":0.2641599476337433,"Y":0.08237650245428085}]},"Id":"b5cc525e-ad80-487b-8b92-b870437daef0","Text":"1755","TextType":"PRINTED"},{"BlockType":"WORD","Confidence":99.97364044189453,"Geometry":{"BoundingBox":{"Height":0.0120205944404006,"Left":0.3716772198677063,"Top":0.07040585577487946,"Width":0.026579776778817177},"Polygon":[{"X":0.3716772198677063,"Y":0.07042200118303299},{"X":0.3982532024383545,"Y":0.07040585577487946},{"X":0.3982570171356201,"Y":0.08241037279367447},{"X":0.37168097496032715,"Y":0.08242645114660263}]},"Id":"efcb314e-36a1-45e8-a8d6-89c52b67f154","Text":"129","TextType":"PRINTED"},{""
20:09:03.089 [Test worker] DEBUG org.apache.http.wire - http-outgoing-0 << "BlockType":"WORD","Confidence":99.86505126953125,"Geometry":{"BoundingBox":{"Height":0.012040957808494568,"Left":0.4604032337665558,"Top":0.07044916599988937,"Width":0.036772046238183975},"Polygon":[{"X":0.4604032337665558,"Y":0.07047149538993835},{"X":0.49717119336128235,"Y":0.07044916599988937},{"X":0.49717530608177185,"Y":0.08246786892414093},{"X":0.4604072570800781,"Y":0.08249012380838394}]},"Id":"39be60c3-6acb-48ea-b7f4-9a2cd282dbf3","Text":"GMP","TextType":"PRINTED"},{"BlockType":"WORD","Confidence":99.97447967529297,"Geometry":{"BoundingBox":{"Height":0.011524349451065063,"Left":0.5482721924781799,"Top":0.0706658661365509,"Width":0.0348726324737072},"Polygon":[{"X":0.5482721924781799,"Y":0.07068704068660736},{"X":0.5831406712532043,"Y":0.0706658661365509},{"X":0.5831448435783386,"Y":0.08216910809278488},{"X":0.5482762455940247,"Y":0.08219021558761597}]},"Id":"d8120149-7193-4fca-9d48-00a565e5f601","Text":"1905","TextType":"PRINTED"},{"BlockType":"WORD","Confidence":99.39922332763672,"Geometry":{"BoundingBox":{"Height":0.011847413145005703,"Left":0.5900105834007263,"Top":0.07055684179067612,"Width":0.031156165525317192},"Polygon":[{"X":0.5900105834007263,"Y":0.0705757588148117},{"X":0.6211623549461365,"Y":0.07055684179067612},{"X":0.6211667656898499,"Y":0.08238539844751358},{"X":0.5900149345397949,"Y":0.0824042558670044}]},"Id":"25c17a1b-e4d9-4fa3-a082-13c6be1cdbbd","Text":"CJU","TextType":"PRINTED"},{"BlockType":"WORD","Confidence":99.58010864257812,"Geometry":{"BoundingBox":{"Height":0.01172733400017023,"Left":0.6772091388702393,"Top":0.07056785374879837,"Width":0.03589474782347679},"Polygon":[{"X":0.6772091388702393,"Y":0.07058964669704437},{"X":0.7130992412567139,"Y":0.07056785374879837},{"X":0.7131038904190063,"Y":0.082273468375206},{"X":0.6772136688232422,"Y":0.08229518681764603}]},"Id":"cd98bf63-f1d0-4b95-8ac0-10e911fa78ac","Text":"2015","TextType":"PRINTED"},{"BlockType":"WORD","Confidence":99.94454193115234,"Geometry":{"BoundingBox":{"Height":0.011488237418234348,"Left":0.7200851440429688,"Top":0.07061940431594849,"Width":0.026736367493867874},"Polygon":[{"X":0.7200851440429688,"Y":0.07063563913106918},{"X":0.7468169331550598,"Y":0.07061940431594849},{"X":0.7468215227127075,"Y":0.08209146559238434},{"X":0.7200897336006165,"Y":0.08210764080286026}]},"Id":"85b196de-c3f2-484c-8589-4d4cf246cb2c","Text":"738","TextType":"PRINTED"},{"BlockType":"WORD","Confidence":99.64200592041016,"Geometry":{"BoundingBox":{"Height":0.011759317480027676,"Left":0.3284905254840851,"Top":0.08948403596878052,"Width":0.035955388098955154},"Polygon":[{"X":0.3284905254840851,"Y":0.08950574696063995},{"X":0.36444228887557983,"Y":0.08948403596878052},{"X":0.36444592475891113,"Y":0.1012217104434967},{"X":0.3284940719604492,"Y":0.10124335438013077}]},"Id":"7ac326a5-8ad8-43ba-899c-14e7ff72284a","Text":"2220","TextType":"PRINTED"},{"BlockType":"WORD","Confidence":99.74246215820312,"Geometry":{"BoundingBox":{"Height":0.01162760704755783,"Left":0.37178775668144226,"Top":0.08943267166614532,"Width":0.026390230283141136},"Polygon":[{"X":0.37178775668144226,"Y":0.08944860845804214},{"X":0.3981742858886719,"Y":0.08943267166614532},{"X":0.39817798137664795,"Y":0.10104439407587051},{"X":0.37179136276245117,"Y":0.10106027871370316}]},"Id":"81f44355-323a-42bd-a941-b4fffa5b73fb","Text":"128","TextType":"PRINTED"},{"BlockType":"WORD","Confidence":99.56690979003906,"Geometry":{"BoundingBox":{"Height":0.011796083301305771,"Left":0.4603177309036255,"Top":0.08940693736076355,"Width":0.031246928498148918},"Polygon":[{"X":0.4603177309036255,"Y":0.08942580223083496},{"X":0.4915606379508972,"Y":0.08940693736076355},{"X":0.49156466126441956,"Y":0.10118421167135239},{"X":0.46032166481018066,"Y":0.10120301693677902}]},"Id":"149e4fd4-c6af-45fd-b5ca-647636a92bc0","Text":"CJU","TextType":"PRINTED"},{"BlockType":"WORD","Confidence":99.90716552734375,"Geometry":{"BoundingBox":{"Height":0.011576839722692966,"Left":0.5476092100143433,"Top":0.08950616419315338,"Width":0.03601444885134697},"Polygon":[{"X":0.5476092100143433,"Y":0.0895279124379158},{"X":0.5836194753646851,"Y":0.08950616419315338},{"X":0.5836236476898193,"Y":0.10106132924556732},{"X":0.5476133227348328,"Y":0.10108300298452377}]},"Id":"12594d20-0be9-4d63-8612-87671756c28e","Text":"2050","TextType":"PRINTED"},{"BlockType":"WORD","Confidence":99.76719665527344,"Geometry":{"BoundingBox":{"Height":0.011750252917408943,"Left":0.589928150177002,"Top":0.08940035104751587,"Width":0.03681512549519539},"Polygon":[{"X":0.589928150177002,"Y":0.08942258358001709},{"X":0.6267389059066772,"Y":0.08940035104751587},{"X":0.6267432570457458,"Y":0.10112845152616501},{"X":0.5899324417114258,"Y":0.10115060210227966}]},"Id":"aca915f4-466d-4295-9e47-2f1b48ca7a57","Text":"GMP","TextType":"PRINTED"},{"BlockType":"WORD","Confidence":99.93799591064453,"Geometry":{"BoundingBox":{"Height":0.01158625353127718,"Left":0.6773892641067505,"Top":0.08950826525688171,"Width":0.03590450435876846},"Polygon":[{"X":0.6773892641067505,"Y":0.08952994644641876},{"X":0.713289201259613,"Y":0.08950826525688171},{"X":0.7132937908172607,"Y":0.10107290744781494},{"X":0.6773937344551086,"Y":0.10109451413154602}]},"Id":"0c4e5b4b-1199-4aa1-8901-9983511fbe57","Text":"2200","TextType":"PRINTED"},{"BlockType":"WORD","Confidence":99.92118072509766,"Geometry":{"BoundingBox":{"Height":0.011637157760560513,"Left":0.7199943661689758,"Top":0.08934842050075531,"Width":0.02674315869808197},"Polygon":[{"X":0.7199943661689758,"Y":0.08936456590890884},{"X":0.7467328310012817,"Y":0.08934842050075531},{"X":0.746737539768219,"Y":0.10096948593854904},{"X":0.7199989557266235,"Y":0.1009855791926384}]},"Id":"10924986-2c6f-4b84-96ec-679b32f8b5f7","Text":"738","TextType":"PRINTED"},{"BlockType":"WORD","Confidence":99.18407440185547,"Geometry":{"BoundingBox":{"Height":0.010962269268929958,"Left":0.03277992084622383,"Top":0.10813239216804504,"Width":0.06105717644095421},"Polygon":[{"X":0.03277992084622383,"Y":0.1081690639257431},{"X":0.09383444488048553,"Y":0.10813239216804504},{"X":0.09383709728717804,"Y":0.11905810236930847},{"X":0.032782409340143204,"Y":0.11909466236829758}]},"Id":"3e1907d5-8068-4376-accb-8fa2b3249613","Text":"03Jan23","TextType":"PRINTED"},{"BlockType":"WORD","Confidence":99.87353515625,"Geometry":{"BoundingBox":{"Height":0.011717438697814941,"Left":0.10071448236703873,"Top":0.10767033696174622,"Width":0.04516224190592766},"Polygon":[{"X":0.10071448236703873,"Y":0.10769746452569962},{"X":0.14587374031543732,"Y":0.10767033696174622},{"X":0.1458767205476761,"Y":0.11936073750257492},{"X":0.10071733593940735,"Y":0.11938777565956116}]},"Id":"03dce734-cf91-4d2a-85ea-f58b2171ba12","Text":"F1406","TextType":"PRINTED"},{"BlockType":"WORD","Confidence":99.96808624267578,"Geometry":{"BoundingBox":{"Height":0.011684656143188477,"Left":0.2643146216869354,"Top":0.10774076730012894,"Width":0.03516443818807602},"Polygon":[{"X":0.2643146216869354,"Y":0.10776188969612122},{"X":0.29947564005851746,"Y":0.10774076730012894},{"X":0.29947906732559204,"Y":0.1194043681025505},{"X":0.26431795954704285,"Y":0.11942542344331741}]},"Id":"49827ab9-26e4-4382-9846-f4bc2215fd2f","Text":"1410","TextType":"PRINTED"},{"BlockType":"WORD","Confidence":99.9828109741211,"Geometry":{"BoundingBox":{"Height":0.011313360184431076,"Left":0.3717229664325714,"Top":0.10788054019212723,"Width":0.034785542637109756},"Polygon":[{"X":0.3717229664325714,"Y":0.1079014390707016},{"X":0.40650489926338196,"Y":0.10788054019212723},{"X":0.40650850534439087,"Y":0.1191730797290802},{"X":0.37172648310661316,"Y":0.1191939041018486}]},"Id":"db3721a0-dde1-425f-8cb0-6240a3477254","Text":"1406","TextType":"PRINTED"},{"BlockType":"WORD","Confidence":99.80789184570312,"Geometry":{"BoundingBox":{"Height":0.011731645092368126,"Left":0.46065065264701843,"Top":0.10770289599895477,"Width":0.027637645602226257},"Polygon":[{"X":0.46065065264701843,"Y":0.10771950334310532},{"X":0.48828431963920593,"Y":0.10770289599895477},{"X":0.4882882833480835,"Y":0.11941800266504288}"
20:09:03.090 [Test worker] DEBUG org.apache.http.wire - http-outgoing-0 << ",{"X":0.4606545567512512,"Y":0.11943454295396805}]},"Id":"ec5b2191-6213-4f1a-bc36-4d6184350060","Text":"ICN","TextType":"PRINTED"},{"BlockType":"WORD","Confidence":99.96248626708984,"Geometry":{"BoundingBox":{"Height":0.011900116689503193,"Left":0.5482506155967712,"Top":0.10757814347743988,"Width":0.035566169768571854},"Polygon":[{"X":0.5482506155967712,"Y":0.10759950429201126},{"X"
20:09:03.091 [Test worker] DEBUG org.apache.http.wire - http-outgoing-0 << "":0.5838124752044678,"Y":0.10757814347743988},{"X":0.5838167667388916,"Y":0.11945696920156479},{"X":0.5482547879219055,"Y":0.1194782555103302}]},"Id":"555f8370-47a4-4160-aa2e-66ec067ed186","Text":"1620","TextType":"PRINTED"},{"BlockType":"WORD","Confidence":99.83059692382812,"Geometry":{"BoundingBox":{"Height":0.011958569288253784,"Left":0.5901474952697754,"Top":0.10747260600328445,"Width":0.03242778033018112},"Polygon":[{"X":0.5901474952697754,"Y":0.10749208927154541},{"X":0.622570812702179,"Y":0.10747260600328445},{"X":0.6225752234458923,"Y":0.11941176652908325},{"X":0.590151846408844,"Y":0.11943117529153824}]},"Id":"31c20dad-1c7e-4871-b0bb-d94b0a7e02ac","Text":"FUK","TextType":"PRINTED"},{"BlockType":"WORD","Confidence":99.9486083984375,"Geometry":{"BoundingBox":{"Height":0.011494227685034275,"Left":0.6780428886413574,"Top":0.10768842697143555,"Width":0.03490948677062988},"Polygon":[{"X":0.6780428886413574,"Y":0.10770940035581589},{"X":0.7129478454589844,"Y":0.10768842697143555},{"X":0.7129523754119873,"Y""
20:09:03.092 [Test worker] DEBUG org.apache.http.wire - http-outgoing-0 << ":0.11916175484657288},{"X":0.6780473589897156,"Y":0.11918265372514725}]},"Id":"a6a9fae2-1021-4501-a110-db49e4002f1a","Text":"1755","TextType":"PRINTED"},{"BlockType":"WORD","Confidence":99.90377807617188,"Geometry":{"BoundingBox":{"Height":0.01145486906170845,"Left":0.7201014757156372,"Top":0.10767683386802673,"Width":0.026645369827747345},"Polygon":[{"X":0.7201014757156372,"Y":0.10769283771514893},{"X":0.7467422485351562,"Y":0.10767683386802673},{"X":0.746746838092804,"Y":0.11911575496196747},{"X":0.7201060056686401,"Y":0.11913169920444489}]},"Id":"d1c94509-0759-401e-bcb8-802f28302b01","Text":"738","TextType":"PRINTED"},{"BlockType":"WORD","Confidence":99.91067504882812,"Geometry":{"BoundingBox":{"Height":0.011914107948541641,"Left":0.3285920321941376,"Top":0.12632670998573303,"Width":0.035729002207517624},"Polygon":[{"X":0.3285920321941376,"Y":0.12634806334972382},{"X":0.3643173575401306,"Y":0.12632670998573303},{"X":0.3643210530281067,"Y":0.13821955025196075},{"X":0.3285956084728241,"Y":0.13824081420898438}]},"Id":"49f33308-51d5-4da0-b086-c4c3b1646b2a","Text":"2115","TextType":"PRINTED"},{"BlockType":"WORD","Confidence":99.96674346923828,"Geometry":{"BoundingBox":{"Height":0.011811102740466595,"Left":0.37176620960235596,"Top":0.1262872964143753,"Width":0.034424085170030594},"Polygon":[{"X":0.37176620960235596,"Y":0.126307874917984},{"X":0.4061865210533142,"Y":0.1262872964143753},{"X":0.40619030594825745,"Y":0.13807791471481323},{"X":0.37176987528800964,"Y":0.13809840381145477}]},"Id":"1314a93e-9fdb-4de7-9dc2-90e2e837ce07","Text":"1405","TextType":"PRINTED"},{"BlockType":"WORD","Confidence":99.85408782958984,"Geometry":{"BoundingBox":{"Height":0.011918949894607067,"Left":0.4606439471244812,"Top":0.12626470625400543,"Width":0.031865719705820084},"Polygon":[{"X":0.4606439471244812,"Y":0.12628374993801117},{"X":0.49250560998916626,"Y":0.12626470625400543},{"X":0.492509663105011,"Y":0.1381646990776062},{"X":0.46064791083335876,"Y":0.13818366825580597}]},"Id":"a1885e2d-308c-4b5f-aee7-a93939e31d61","Text":"FUK","TextType":"PRINTED"},{"BlockType":"WORD","Confidence":99.97245788574219,"Geometry":{"BoundingBox":{"Height":0.011773738078773022,"Left":0.548126220703125,"Top":0.12635007500648499,"Width":0.03507523611187935},"Polygon":[{"X":0.548126220703125,"Y":0.12637102603912354},{"X":0.5831972360610962,"Y":0.12635007500648499},{"X":0.5832014679908752,"Y":0.1381029337644577},{"X":0.5481303930282593,"Y":0.13812381029129028}]},"Id":"436b3df3-5457-43d6-bda1-d6d9ca7ba1ab","Text":"1845","TextType":"PRINTED"},{"BlockType":"WORD","Confidence":99.73426818847656,"Geometry":{"BoundingBox":{"Height":0.01183409709483385,"Left":0.5904970169067383,"Top":0.1265401989221573,"Width":0.02748929336667061},"Polygon":[{"X":0.5904970169067383,"Y":0.1265566200017929},{"X":0.6179819107055664,"Y":0.1265401989221573},{"X":0.6179863214492798,"Y":0.13835792243480682},{"X":0.5905013084411621,"Y":0.13837428390979767}]},"Id":"bb286f5d-1ac3-41a6-ae5d-7e7f23cb3aec","Text":"ICN","TextType":"PRINTED"},{"BlockType":"WORD","Confidence":99.55260467529297,"Geometry":{"BoundingBox":{"Height":0.011574040167033672,"Left":0.6772201061248779,"Top":0.12663298845291138,"Width":0.035860929638147354},"Polygon":[{"X":0.6772201061248779,"Y":0.12665440142154694},{"X":0.7130764722824097,"Y":0.12663298845291138},{"X":0.7130810022354126,"Y":0.13818567991256714},{"X":0.6772245168685913,"Y":0.13820701837539673}]},"Id":"7a697ecf-237c-406b-ac5b-e044d8ebaf16","Text":"2015","TextType":"PRINTED"},{"BlockType":"WORD","Confidence":99.89801025390625,"Geometry":{"BoundingBox":{"Height":0.011441187933087349,"Left":0.7200015187263489,"Top":0.12664036452770233,"Width":0.026812370866537094},"Polygon":[{"X":0.7200015187263489,"Y":0.12665636837482452},{"X":0.7468093037605286,"Y":0.12664036452770233},{"X":0.7468138933181763,"Y":0.13806559145450592},{"X":0.7200060486793518,"Y":0.13808155059814453}]},"Id":"b3d97f54-b56d-45a7-b80c-a31ba870ff37","Text":"738","TextType":"PRINTED"},{"BlockType":"WORD","Confidence":99.71598052978516,"Geometry":{"BoundingBox":{"Height":0.012012643739581108,"Left":0.03281084820628166,"Top":0.14494532346725464,"Width":0.061282604932785034},"Polygon":[{"X":0.03281084820628166,"Y":0.1449817419052124},{"X":0.0940905511379242,"Y":0.14494532346725464},{"X":0.094093456864357,"Y":0.15692168474197388},{"X":0.032813575118780136,"Y":0.1569579690694809}]},"Id":"b77d48e3-cfd9-4ded-985a-b542dfcc27e7","Text":"04Jan23","TextType":"PRINTED"},{"BlockType":"WORD","Confidence":99.97176361083984,"Geometry":{"BoundingBox":{"Height":0.011814940720796585,"Left":0.37102624773979187,"Top":0.14495505392551422,"Width":0.0315903015434742},"Polygon":[{"X":0.37102624773979187,"Y":0.14497381448745728},{"X":0.4026127755641937,"Y":0.14495505392551422},{"X":0.4026165306568146,"Y":0.15675128996372223},{"X":0.37102991342544556,"Y":0.1567699909210205}]},"Id":"77dc489a-fd9b-44fd-8c3e-1f98f06051ce","Text":"OFF","TextType":"PRINTED"},{"BlockType":"WORD","Confidence":99.63642120361328,"Geometry":{"BoundingBox":{"Height":0.01204487681388855,"Left":0.46035775542259216,"Top":0.14483560621738434,"Width":0.036741435527801514},"Polygon":[{"X":0.46035775542259216,"Y":0.14485743641853333},{"X":0.4970950782299042,"Y":0.14483560621738434},{"X":0.4970991909503937,"Y":0.15685872733592987},{"X":0.4603617787361145,"Y":0.1568804830312729}]},"Id":"a066d9e6-9dbe-41be-8e7b-bb016779eb68","Text":"GMP","TextType":"PRINTED"},{"BlockType":"WORD","Confidence":99.86140441894531,"Geometry":{"BoundingBox":{"Height":0.01175153348594904,"Left":0.5472572445869446,"Top":0.14505088329315186,"Width":0.03642011806368828},"Polygon":[{"X":0.5472572445869446,"Y":0.14507251977920532},{"X":0.5836730599403381,"Y":0.14505088329315186},{"X":0.583677351474762,"Y":0.15678085386753082},{"X":0.5472613573074341,"Y":0.15680241584777832}]},"Id":"83e854fb-99e2-4cf6-ac15-de83a48d04ea","Text":"0000","TextType":"PRINTED"},{"BlockType":"WORD","Confidence":99.63343811035156,"Geometry":{"BoundingBox":{"Height":0.012041031382977962,"Left":0.5898212194442749,"Top":0.14485657215118408,"Width":0.03668162599205971},"Polygon":[{"X":0.5898212194442749,"Y":0.1448783576488495},{"X":0.6264983415603638,"Y":0.14485657215118408},{"X":0.6265028715133667,"Y":0.156875878572464},{"X":0.5898256301879883,"Y":0.15689760446548462}]},"Id":"c2c580bc-a12e-48db-afd1-e3f862f8a748","Text":"GMP","TextType":"PRINTED"},{"BlockType":"WORD","Confidence":99.95947265625,"Geometry":{"BoundingBox":{"Height":0.011639731004834175,"Left":0.6772282123565674,"Top":0.14504291117191315,"Width":0.035811491310596466},"Polygon":[{"X":0.6772282123565674,"Y":0.14506419003009796},{"X":0.7130351066589355,"Y":0.14504291117191315},{"X":0.7130396962165833,"Y":0.15666145086288452},{"X":0.6772326827049255,"Y":0.15668264031410217}]},"Id":"048b9e2b-56af-4e02-afdf-ed2eb24a4b8b","Text":"2359","TextType":"PRINTED"},{"BlockType":"WORD","Confidence":99.28685760498047,"Geometry":{"BoundingBox":{"Height":0.01187586598098278,"Left":0.03273635357618332,"Top":0.16378116607666016,"Width":0.06127655878663063},"Polygon":[{"X":0.03273635357618332,"Y":0.1638173758983612},{"X":0.09401004016399384,"Y":0.16378116607666016},{"X":0.09401290863752365,"Y":0.17562095820903778},{"X":0.032739050686359406,"Y":0.17565703392028809}]},"Id":"0ec0123a-48ba-404f-a6d7-1145b5ff6fab","Text":"05Jan23","TextType":"PRINTED"},{"BlockType":"WORD","Confidence":99.95059204101562,"Geometry":{"BoundingBox":{"Height":0.011395126581192017,"Left":0.2644341289997101,"Top":0.1639741063117981,"Width":0.03487147390842438},"Polygon":[{"X":0.2644341289997101,"Y":0.1639947146177292},{"X":0.29930225014686584,"Y":0.1639741063117981},{"X":0.29930558800697327,"Y":0.175348699092865},{"X":0.26443734765052795,"Y":0.1753692328929901}]},"Id":"e3cf1a41-684e-431a-99dc-40fa5eb529f0","Text":"1630","TextType":"PRINTED"},{"BlockType":"WORD","Confidence":99.9515151977539,"Geometry":{"BoundingBox":{"Height":0.01147913932800293,"Left":0.32851871848106384,"Top":0.16394761204719543,"Width":0.03577868267893791},"Polygon":[{"X":0"
20:09:03.095 [Test worker] DEBUG org.apache.http.wire - http-outgoing-0 << ".32851871848106384,"Y":0.1639687567949295},{"X":0.3642938435077667,"Y":0.16394761204719543},{"X":0.36429738998413086,"Y":0.17540569603443146},{"X":0.3285221457481384,"Y":0.17542675137519836}]},"Id":"4993f20d-d129-4522-a9e1-bd60ea631d66","Text":"2230","TextType":"PRINTED"},{"BlockType":"WORD","Confidence":99.64262390136719,"Geometry":{"BoundingBox":{"Height":0.011749484576284885,"Left":0.3711045980453491,"Top":0.1637781411409378,"Width":0.035508763045072556},"Polygon":[{"X":0.3711045980453491,"Y":0.16379912197589874},{"X":0.4066096246242523,"Y":0.1637781411409378},{"X":0.4066133499145508,"Y":0.17550671100616455},{"X":0.3711082339286804,"Y":0.17552761733531952}]},"Id":"621ada95-974b-412f-8695-8d335034cbc0","Text":"SIM1","TextType":"PRINTED"},{"BlockType":"WORD","Confidence":99.813720703125,"Geometry":{"BoundingBox":{"Height":0.011739185079932213,"Left":0.46034279465675354,"Top":0.16379161179065704,"Width":0.03669130802154541},"Polygon":[{"X":0.46034279465675354,"Y":0.1638132929801941},{"X":0.497030109167099,"Y":0.16379161179065704},{"X":0.49703410267829895,"Y":0.17550919950008392},{"X":0.46034669876098633,"Y":0.175530806183815}]},"Id":"72731984-9fae-4ecf-af23-fb019df4f543","Text":"GMP","TextType":"PRINTED"},{"BlockType":"WORD","Confidence":99.97343444824219,"Geometry":{"BoundingBox":{"Height":0.011493840254843235,"Left":0.548293948173523,"Top":0.16397856175899506,"Width":0.03528889641165733},"Polygon":[{"X":0.548293948173523,"Y":0.16399940848350525},{"X":0.5835787057876587,"Y":0.16397856175899506},{"X":0.5835828185081482,"Y":0.1754516214132309},{"X":0.5482980012893677,"Y":0.1754724085330963}]},"Id":"8b9983ff-730e-44ba-a17c-48e4c8b06b9a","Text":"1630","TextType":"PRINTED"},{"BlockType":"WORD","Confidence":99.85609436035156,"Geometry":{"BoundingBox":{"Height":0.011744966730475426,"Left":0.589841902256012,"Top":0.16379545629024506,"Width":0.0367412231862545},"Polygon":[{"X":0.589841902256012,"Y":0.1638171672821045},{"X":0.6265787482261658,"Y":0.16379545629024506},{"X":0.6265830993652344,"Y":0.17551879584789276},{"X":0.589846134185791,"Y":0.17554041743278503}]},"Id":"5b86931c-fc49-4738-9637-956745f9d7ff","Text":"GMP","TextType":"PRINTED"},{"BlockType":"WORD","Confidence":99.94652557373047,"Geometry":{"BoundingBox":{"Height":0.0111857233569026,"Left":0.6773911118507385,"Top":0.16407565772533417,"Width":0.03568350523710251},"Polygon":[{"X":0.6773911118507385,"Y":0.16409674286842346},{"X":0.7130702137947083,"Y":0.16407565772533417},{"X":0.7130746245384216,"Y":0.1752403825521469},{"X":0.6773954033851624,"Y":0.17526139318943024}]},"Id":"ffafe8ff-1c8a-4d8e-97ef-8c9b98c88055","Text":"2230","TextType":"PRINTED"},{"BlockType":"WORD","Confidence":99.57019805908203,"Geometry":{"BoundingBox":{"Height":0.01194189116358757,"Left":0.032759346067905426,"Top":0.1822374165058136,"Width":0.06127379462122917},"Polygon":[{"X":0.032759346067905426,"Y":0.18227341771125793},{"X":0.09403025358915329,"Y":0.1822374165058136},{"X":0.0940331369638443,"Y":0.19414342939853668},{"X":0.032762058079242706,"Y":0.19417931139469147}]},"Id":"8962cea8-e801-4244-bd0a-9ee188221542","Text":"06Jan23","TextType":"PRINTED"},{"BlockType":"WORD","Confidence":99.96329498291016,"Geometry":{"BoundingBox":{"Height":0.011414078995585442,"Left":0.26423946022987366,"Top":0.18225634098052979,"Width":0.035100534558296204},"Polygon":[{"X":0.26423946022987366,"Y":0.18227696418762207},{"X":0.29933664202690125,"Y":0.18225634098052979},{"X":0.29933997988700867,"Y":0.19364985823631287},{"X":0.2642427086830139,"Y":0.19367042183876038}]},"Id":"c99ab991-b5c0-4978-a702-23bfb5f6895a","Text":"1630","TextType":"PRINTED"},{"BlockType":"WORD","Confidence":99.95743560791016,"Geometry":{"BoundingBox":{"Height":0.011326668784022331,"Left":0.328567236661911,"Top":0.18234151601791382,"Width":0.0356120690703392},"Polygon":[{"X":0.328567236661911,"Y":0.18236243724822998},{"X":0.36417582631111145,"Y":0.18234151601791382},{"X":0.3641793131828308,"Y":0.1936473250389099},{"X":0.3285706341266632,"Y":0.1936681866645813}]},"Id":"fdbbe7a5-95fa-4774-a6b3-88dfc4960717","Text":"2230","TextType":"PRINTED"},{"BlockType":"WORD","Confidence":99.6003646850586,"Geometry":{"BoundingBox":{"Height":0.011664355173707008,"Left":0.37108153104782104,"Top":0.1821439415216446,"Width":0.03548061475157738},"Polygon":[{"X":0.37108153104782104,"Y":0.18216478824615479},{"X":0.40655842423439026,"Y":0.1821439415216446},{"X":0.40656211972236633,"Y":0.19378751516342163},{"X":0.37108513712882996,"Y":0.19380830228328705}]},"Id":"9aab2231-90ee-4efa-802d-f63f1b010f36","Text":"SIM1","TextType":"PRINTED"},{"BlockType":"WORD","Confidence":99.86485290527344,"Geometry":{"BoundingBox":{"Height":0.011936621740460396,"Left":0.46039149165153503,"Top":0.18206922709941864,"Width":0.036439716815948486},"Polygon":[{"X":0.46039149165153503,"Y":0.1820906400680542},{"X":0.4968271255493164,"Y":0.18206922709941864},{"X":0.4968312084674835,"Y":0.1939845085144043},{"X":0.4603954553604126,"Y":0.1940058469772339}]},"Id":"551a67fa-0477-4f4e-81f2-c4d0ebb56aab","Text":"GMP","TextType":"PRINTED"},{"BlockType":"WORD","Confidence":99.97767639160156,"Geometry":{"BoundingBox":{"Height":0.011599001474678516,"Left":0.5483628511428833,"Top":0.18216873705387115,"Width":0.03521917387843132},"Polygon":[{"X":0.5483628511428833,"Y":0.1821894347667694},{"X":0.5835778117179871,"Y":0.18216873705387115},{"X":0.5835819840431213,"Y":0.1937471181154251},{"X":0.5483669638633728,"Y":0.1937677413225174}]},"Id":"7c5ea01f-b8c6-4153-91e9-c2db79779348","Text":"1630","TextType":"PRINTED"},{"BlockType":"WORD","Confidence":99.8511734008789,"Geometry":{"BoundingBox":{"Height":0.012111243791878223,"Left":0.589844286441803,"Top":0.18195417523384094,"Width":0.03677227348089218},"Polygon":[{"X":0.589844286441803,"Y":0.18197578191757202},{"X":0.6266120076179504,"Y":0.18195417523384094},{"X":0.6266165375709534,"Y":0.19404388964176178},{"X":0.5898486971855164,"Y":0.1940654218196869}]},"Id":"3125535c-e19c-4712-9265-1bcd7dc32f20","Text":"GMP","TextType":"PRINTED"},{"BlockType":"WORD","Confidence":99.95738983154297,"Geometry":{"BoundingBox":{"Height":0.011208891868591309,"Left":0.6774313449859619,"Top":0.18242935836315155,"Width":0.0354999341070652},"Polygon":[{"X":0.6774313449859619,"Y":0.18245020508766174},{"X":0.7129268646240234,"Y":0.18242935836315155},{"X":0.7129313349723816,"Y":0.19361746311187744},{"X":0.6774356961250305,"Y":0.19363825023174286}]},"Id":"2e8d5060-552d-4005-a6f4-a16bb4e5da9e","Text":"2230","TextType":"PRINTED"},{"BlockType":"WORD","Confidence":99.09956359863281,"Geometry":{"BoundingBox":{"Height":0.011668786406517029,"Left":0.033030156046152115,"Top":0.20115362107753754,"Width":0.06072939187288284},"Polygon":[{"X":0.033030156046152115,"Y":0.20118911564350128},{"X":0.09375672787427902,"Y":0.20115362107753754},{"X":0.09375955164432526,"Y":0.21278704702854156},{"X":0.03303280845284462,"Y":0.21282240748405457}]},"Id":"d70bc80f-597d-47d2-b8e2-492d54026802","Text":"07Jan23","TextType":"PRINTED"},{"BlockType":"WORD","Confidence":99.95172882080078,"Geometry":{"BoundingBox":{"Height":0.011443191207945347,"Left":0.26440927386283875,"Top":0.20115850865840912,"Width":0.034807488322257996},"Polygon":[{"X":0.26440927386283875,"Y":0.20117884874343872},{"X":0.2992134094238281,"Y":0.20115850865840912},{"X":0.29921677708625793,"Y":0.21258142590522766},{"X":0.264412522315979,"Y":0.2126016914844513}]},"Id":"24ddcfda-ab45-4077-afc1-46c5909ebcf7","Text":"1630","TextType":"PRINTED"},{"BlockType":"WORD","Confidence":99.97220611572266,"Geometry":{"BoundingBox":{"Height":0.01157408021390438,"Left":0.3287735879421234,"Top":0.20117782056331635,"Width":0.03546210378408432},"Polygon":[{"X":0.3287735879421234,"Y":0.201198548078537},{"X":0.3642320930957794,"Y":0.20117782056331635},{"X":0.36423566937446594,"Y":0.2127312570810318},{"X":0.3287770450115204,"Y":0.21275191009044647}]},"Id":"cd2bfe58-352d-4333-bbb1-0f4be3690172","Text":"2230","TextType":"PRINTED"},{"BlockType":"WORD","Confidence":99.63702392578125,"Geometry":{"BoundingBox":{"Height":"
20:09:03.097 [Test worker] DEBUG org.apache.http.wire - http-outgoing-0 << "0.011878523044288158,"Left":0.3711215555667877,"Top":0.20094984769821167,"Width":0.03547818586230278},"Polygon":[{"X":0.3711215555667877,"Y":0.2009705752134323},{"X":0.40659594535827637,"Y":0.20094984769821167},{"X":0.4065997302532196,"Y":0.21280771493911743},{"X":0.3711252212524414,"Y":0.2128283679485321}]},"Id":"9bb3ca01-72c9-40e8-9b3d-7ec04a6ebec4","Text":"SIM1","TextType":"PRIN"
20:09:03.098 [Test worker] DEBUG org.apache.http.wire - http-outgoing-0 << "TED"},{"BlockType":"WORD","Confidence":99.8090591430664,"Geometry":{"BoundingBox":{"Height":0.01185520738363266,"Left":0.46052590012550354,"Top":0.2009965181350708,"Width":0.03653179109096527},"Polygon":[{"X":0.46052590012550354,"Y":0.2010178565979004},{"X":0.4970536530017853,"Y":0.2009965181350708},{"X":0.4970576763153076,"Y":0.21283045411109924},{"X":0.4605298340320587,"Y":0.21285171806812286}]},"Id":"32f49a64-7498-4c5e-a583-138785eb5326","Text":"GMP","TextType":"PRINTED"},{"BlockType":"WORD","Confidence":99.9766616821289,"Geometry":{"BoundingBox":{"Height":0.011519008316099644,"Left":0.5482274293899536,"Top":0.20116780698299408,"Width":0.035463858395814896},"Polygon":[{"X":0.5482274293899536,"Y":0.20118851959705353},{"X":0.5836871266365051,"Y":0.20116780698299408},{"X":0.5836912989616394,"Y":0.21266616880893707},{"X":0.5482315421104431,"Y":0.21268682181835175}]},"Id":"c8640123-bde2-43f2-ba13-cb020ecc1e2f","Text":"1630","TextType":"PRINTED"},{"BlockType":"WORD","Confidence":99.86442565917969,"Geometry":{"Bo"
20:09:03.099 [Test worker] DEBUG org.apache.http.wire - http-outgoing-0 << "undingBox":{"Height":0.012001658789813519,"Left":0.5899134874343872,"Top":0.20092988014221191,"Width":0.036845359951257706},"Polygon":[{"X":0.5899134874343872,"Y":0.20095141232013702},{"X":0.6267543435096741,"Y":0.20092988014221191},{"X":0.6267588138580322,"Y":0.21291010081768036},{"X":0.5899178385734558,"Y":0.2129315435886383}]},"Id":"a8b41115-3f2d-4270-926e-34d050a285f6","Text":"GMP","TextType":"PRINTED"},{"BlockType":"WORD","Confidence":99.96256256103516,"Geometry":{"BoundingBox":{"Height":0.011264643631875515,"Left":0.6775727868080139,"Top":0.2013099491596222,"Width":0.03546445444226265},"Polygon":[{"X":0.6775727868080139,"Y":0.20133067667484283},{"X":0.7130327820777893,"Y":0.2013099491596222},{"X":0.7130372524261475,"Y":0.2125539481639862},{"X":0.6775771379470825,"Y":0.21257460117340088}]},"Id":"4c857d64-fd80-4466-b96c-17dcb32ebe31","Text":"2230","TextType":"PRINTED"},{"BlockType":"WORD","Confidence":99.1655502319336,"Geometry":{"BoundingBox":{"Height":0.01177274901419878,"Left":0.03291904181241989,"Top":0.2194160521030426,"Width":0.06087321788072586},"Polygon":[{"X":0.03291904181241989,"Y":0.2194514274597168},{"X":0.09378941357135773,"Y":0.2194160521030426},{"X":0.09379225969314575,"Y":0.23115354776382446},{"X":0.03292171657085419,"Y":0.2311888039112091}]},"Id":"1e007b77-8dda-41a1-9998-481e56307aec","Text":"08Jan23","TextType":"PRINTED"},{"BlockType":"WORD","Confidence":99.96856689453125,"Geometry":{"BoundingBox":{"Height":0.011704026721417904,"Left":0.3711478114128113,"Top":0.21949070692062378,"Width":0.031374625861644745},"Polygon":[{"X":0.3711478114128113,"Y":0.21950894594192505},{"X":0.40251871943473816,"Y":0.21949070692062378},{"X":0.4025224447250366,"Y":0.23117657005786896},{"X":0.3711514472961426,"Y":0.23119473457336426}]},"Id":"a053e7d4-f4cb-437a-850a-dfd4ff536b29","Text":"OFF","TextType":"PRINTED"},{"BlockType":"WORD","Confidence":99.81148529052734,"Geometry":{"BoundingBox":{"Height":0.011802584864199162,"Left":0.4603728652000427,"Top":0.21945196390151978,"Width":0.0367279052734375},"Polygon":[{"X":0.4603728652000427,"Y":0.21947330236434937},{"X":0.4970967471599579,"Y":0.21945196390151978},{"X":0.4971007704734802,"Y":0.23123328387737274},{"X":0.4603767693042755,"Y":0.23125454783439636}]},"Id":"4d2d6c02-bbad-46ae-80c2-1ebd35bbf298","Text":"GMP","TextType":"PRINTED"},{"BlockType":"WORD","Confidence":99.85660552978516,"Geometry":{"BoundingBox":{"Height":0.01135051716119051,"Left":0.5472651124000549,"Top":0.21973708271980286,"Width":0.03632871061563492},"Polygon":[{"X":0.5472651124000549,"Y":0.21975818276405334},{"X":0.5835896730422974,"Y":0.21973708271980286},{"X":0.5835937857627869,"Y":0.23106655478477478},{"X":0.5472691059112549,"Y":0.2310875952243805}]},"Id":"28c197bb-a010-48e4-8915-de21933d7edc","Text":"0000","TextType":"PRINTED"},{"BlockType":"WORD","Confidence":99.86050415039062,"Geometry":{"BoundingBox":{"Height":0.011897284537553787,"Left":0.5897818803787231,"Top":0.2193828672170639,"Width":0.03703010082244873},"Polygon":[{"X":0.5897818803787231,"Y":0.21940438449382782},{"X":0.6268075108528137,"Y":0.2193828672170639},{"X":0.6268119812011719,"Y":0.23125870525836945},{"X":0.589786171913147,"Y":0.2312801480293274}]},"Id":"bea93329-7787-4713-bec6-cc7dd4c2a979","Text":"GMP","TextType":"PRINTED"},{"BlockType":"WORD","Confidence":99.97137451171875,"Geometry":{"BoundingBox":{"Height":0.011324500665068626,"Left":0.6773662567138672,"Top":0.2196342498064041,"Width":0.03546800836920738},"Polygon":[{"X":0.6773662567138672,"Y":0.2196548581123352},{"X":0.7128297686576843,"Y":0.2196342498064041},{"X":0.7128342390060425,"Y":0.23093822598457336},{"X":0.6773706078529358,"Y":0.2309587597846985}]},"Id":"5d58fb5e-ea95-49af-bbb3-77bb2994160a","Text":"2359","TextType":"PRINTED"},{"BlockType":"WORD","Confidence":99.63801574707031,"Geometry":{"BoundingBox":{"Height":0.011853883974254131,"Left":0.03292234614491463,"Top":0.23824405670166016,"Width":0.06079742684960365},"Polygon":[{"X":0.03292234614491463,"Y":0.23827919363975525},{"X":0.09371690452098846,"Y":0.23824405670166016},{"X":0.09371977299451828,"Y":0.2500629425048828},{"X":0.03292503580451012,"Y":0.25009796023368835}]},"Id":"f16055e0-3dad-4fed-9600-3218821814de","Text":"09Jan23","TextType":"PRINTED"},{"BlockType":"WORD","Confidence":99.968994140625,"Geometry":{"BoundingBox":{"Height":0.011752413585782051,"Left":0.37101107835769653,"Top":0.23822976648807526,"Width":0.03170238807797432},"Polygon":[{"X":0.37101107835769653,"Y":0.2382480949163437},{"X":0.4027097225189209,"Y":0.23822976648807526},{"X":0.40271344780921936,"Y":0.2499639391899109},{"X":0.37101471424102783,"Y":0.24998219311237335}]},"Id":"615f3636-1c14-492b-b20e-f0c2b13818f3","Text":"OFF","TextType":"PRINTED"},{"BlockType":"WORD","Confidence":99.78620147705078,"Geometry":{"BoundingBox":{"Height":0.011853953823447227,"Left":0.46027177572250366,"Top":0.23813870549201965,"Width":0.036805424839258194},"Polygon":[{"X":0.46027177572250366,"Y":0.23815996944904327},{"X":0.49707314372062683,"Y":0.23813870549201965},{"X":0.49707719683647156,"Y":0.24997147917747498},{"X":0.46027570962905884,"Y":0.24999266862869263}]},"Id":"84d6a2e7-8977-4438-a077-efb1b496ef97","Text":"GMP","TextType":"PRINTED"},{"BlockType":"WORD","Confidence":99.843994140625,"Geometry":{"BoundingBox":{"Height":0.011203158646821976,"Left":0.5473223328590393,"Top":0.23861251771450043,"Width":0.036385394632816315},"Polygon":[{"X":0.5473223328590393,"Y":0.23863354325294495},{"X":0.5837036967277527,"Y":0.23861251771450043},{"X":0.5837077498435974,"Y":0.24979473650455475},{"X":0.5473263263702393,"Y":0.2498156875371933}]},"Id":"8b786e7c-fb8e-4beb-8367-ce02f886480f","Text":"0000","TextType":"PRINTED"},{"BlockType":"WORD","Confidence":99.84025573730469,"Geometry":{"BoundingBox":{"Height":0.011758952401578426,"Left":0.5897853374481201,"Top":0.23819276690483093,"Width":0.036849718540906906},"Polygon":[{"X":0.5897853374481201,"Y":0.23821404576301575},{"X":0.6266306638717651,"Y":0.23819276690483093},{"X":0.6266350746154785,"Y":0.2499305009841919},{"X":0.589789628982544,"Y":0.24995172023773193}]},"Id":"6da1f601-ad3d-4d12-9e0c-b853be843110","Text":"GMP","TextType":"PRINTED"},{"BlockType":"WORD","Confidence":99.97513580322266,"Geometry":{"BoundingBox":{"Height":0.01126059889793396,"Left":0.6773799657821655,"Top":0.2385222613811493,"Width":0.035600848495960236},"Polygon":[{"X":0.6773799657821655,"Y":0.2385428249835968},{"X":0.712976336479187,"Y":0.2385222613811493},{"X":0.7129808068275452,"Y":0.2497623711824417},{"X":0.6773843169212341,"Y":0.24978286027908325}]},"Id":"bdd9bbbf-56b8-479f-abc0-ccfa53ee351a","Text":"2359","TextType":"PRINTED"},{"BlockType":"WORD","Confidence":99.58619689941406,"Geometry":{"BoundingBox":{"Height":0.011469190008938313,"Left":0.03410849720239639,"Top":0.25665292143821716,"Width":0.059027183800935745},"Polygon":[{"X":0.03410849720239639,"Y":0.25668683648109436},{"X":0.09313291311264038,"Y":0.25665292143821716},{"X":0.09313568472862244,"Y":0.26808831095695496},{"X":0.034111104905605316,"Y":0.268122136592865}]},"Id":"b641dcba-f77a-4ed3-a4ac-5026437266d5","Text":"10Jan23","TextType":"PRINTED"},{"BlockType":"WORD","Confidence":99.89834594726562,"Geometry":{"BoundingBox":{"Height":0.011657172814011574,"Left":0.10074678808450699,"Top":0.256640762090683,"Width":0.044906340539455414},"Polygon":[{"X":0.10074678808450699,"Y":0.2566665709018707},{"X":0.14565016329288483,"Y":0.256640762090683},{"X":0.1456531286239624,"Y":0.2682722210884094},{"X":0.10074963420629501,"Y":0.26829794049263}]},"Id":"d39f81cf-16e3-41b6-b021-2e1502bf7068","Text":"F1454","TextType":"PRINTED"},{"BlockType":"WORD","Confidence":99.8217544555664,"Geometry":{"BoundingBox":{"Height":0.012209468521177769,"Left":0.19017422199249268,"Top":0.2565401792526245,"Width":0.023106683045625687},"Polygon":[{"X":0.19017422199249268,"Y":0.25655344128608704},{"X":0.21327759325504303,"Y":0.2565401792526245},{"X":0.21328091621398926,"Y":0.26873642206192017},{"X":0.19017747044563293,"Y":0.2687496542930603}]},"Id":"7a4d7775-d14a-4615-"
20:09:03.100 [Test worker] DEBUG org.apache.http.wire - http-outgoing-0 << "9391-54ba3d70aa83","Text":"DH","TextType":"PRINTED"},{"BlockType":"WORD","Confidence":99.92694854736328,"Geometry":{"BoundingBox":{"Height":0.011753014288842678,"Left":0.2633957862854004,"Top":0.25656983256340027,"Width":0.03576367720961571},"Polygon":[{"X":0.2633957862854004,"Y":0.2565903663635254},{"X":0.2991560101509094,"Y":0.25656983256340027},{"X":0.2991594672203064,"Y":0.2683023512363434},{"X":0.2633991241455078,"Y":0.26832282543182373}]},"Id":"5d9c6d1a-905d-4833-8870-fc3de3d1f915","Text":"0915","TextType":"PRINTED"},{"BlockType":"WORD","Confidence":99.97380065917969,"Geometry":{"BoundingBox":{"Height":0.011541650630533695,"Left":0.37018969655036926,"Top":0.25689229369163513,"Width":0.02817939594388008},"Polygon":[{"X":0.37018969655036926,"Y":0.25690847635269165},{"X":0.39836543798446655,"Y":0.25689229369163513},{"X":0.39836907386779785,"Y":0.2684178054332733},{"X":0.3701932728290558,"Y":0.26843395829200745}]},"Id":"a138e871-f97e-4dfe-bae9-8209f26c5907","Text":"AIR","TextType":"PRINTED"},{"BlockType":"WORD","Confidence":99.70938110351562,"Geometry":{"BoundingBox":{"Height":0.011892386712133884,"Left":0.4607834219932556,"Top":0.2562542259693146,"Width":0.036365531384944916},"Polygon":[{"X":0.4607834219932556,"Y":0.25627514719963074},{"X":0.497144877910614,"Y":0.2562542259693146},{"X":0.49714893102645874,"Y":0.2681258022785187},{"X":0.4607873558998108,"Y":0.2681466341018677}]},"Id":"331e30a0-65c3-4354-b965-73e10bead4b0","Text":"GMP","TextType":"PRINTED"},{"BlockType":"WORD","Confidence":99.96090698242188,"Geometry":{"BoundingBox":{"Height":0.01146299671381712,"Left":0.5482187271118164,"Top":0.2566792368888855,"Width":0.034881286323070526},"Polygon":[{"X":0.5482187271118164,"Y":0.2566992938518524},{"X":0.5830958485603333,"Y":0.2566792368888855},{"X":0.5831000208854675,"Y":0.26812228560447693},{"X":0.5482227802276611,"Y":0.2681422531604767}]},"Id":"f695211e-10d4-4ecb-8142-0c4bd65ae51d","Text":"1025","TextType":"PRINTED"},{"BlockType":"WORD","Confidence":99.54402923583984,"Geometry":{"BoundingBox":{"Height":0.011811714619398117,"Left":0.5902230143547058,"Top":0.2563370168209076,"Width":0.03282781317830086},"Polygon":[{"X":0.5902230143547058,"Y":0.256355881690979},{"X":0.6230464577674866,"Y":0.2563370168209076},{"X":0.6230508089065552,"Y":0.26812994480133057},{"X":0.5902273058891296,"Y":0.2681487202644348}]},"Id":"43f8867d-cb59-483c-b4e9-e824362da43d","Text":"PUS","TextType":"PRINTED"},{"BlockType":"WORD","Confidence":99.96347045898438,"Geometry":{"BoundingBox":{"Height":0.011589571833610535,"Left":0.6780229806900024,"Top":0.2566986083984375,"Width":0.0351894237101078},"Polygon":[{"X":0.6780229806900024,"Y":0.25671881437301636},{"X":0.7132077813148499,"Y":0.2566986083984375},{"X":0.7132123708724976,"Y":0.26826804876327515},{"X":0.6780274510383606,"Y":0.26828819513320923}]},"Id":"6f592a19-a2f1-41ed-aa7c-47e8a1bb972e","Text":"1130","TextType":"PRINTED"},{"BlockType":"WORD","Confidence":99.98846435546875,"Geometry":{"BoundingBox":{"Height":0.011805182322859764,"Left":0.3715629279613495,"Top":0.27545347809791565,"Width":0.035053517669439316},"Polygon":[{"X":0.3715629279613495,"Y":0.2754735052585602},{"X":0.40661266446113586,"Y":0.27545347809791565},{"X":0.4066164493560791,"Y":0.2872387170791626},{"X":0.3715665936470032,"Y":0.28725868463516235}]},"Id":"50234334-13f9-4e34-90d1-710586e7ae33","Text":"1454","TextType":"PRINTED"},{"BlockType":"WORD","Confidence":99.67900848388672,"Geometry":{"BoundingBox":{"Height":0.011982948519289494,"Left":0.46065181493759155,"Top":0.2754243314266205,"Width":0.0326177142560482},"Polygon":[{"X":0.46065181493759155,"Y":0.2754429578781128},{"X":0.49326545000076294,"Y":0.2754243314266205},{"X":0.49326953291893005,"Y":0.28738871216773987},{"X":0.4606558084487915,"Y":0.2874072790145874}]},"Id":"c98ece27-f5f0-449a-87a7-480e2e0b9b75","Text":"PUS","TextType":"PRINTED"},{"BlockType":"WORD","Confidence":99.97696685791016,"Geometry":{"BoundingBox":{"Height":0.011684069409966469,"Left":0.5482897758483887,"Top":0.2755662202835083,"Width":0.03524947538971901},"Polygon":[{"X":0.5482897758483887,"Y":0.27558633685112},{"X":0.5835350155830383,"Y":0.2755662202835083},{"X":0.5835392475128174,"Y":0.2872302234172821},{"X":0.5482938885688782,"Y":0.287250280380249}]},"Id":"841e1dda-a815-4e72-94ce-f133b6f22367","Text":"1320","TextType":"PRINTED"},{"BlockType":"WORD","Confidence":99.84744262695312,"Geometry":{"BoundingBox":{"Height":0.011863172054290771,"Left":0.5901555418968201,"Top":0.2754861116409302,"Width":0.0321744829416275},"Polygon":[{"X":0.5901555418968201,"Y":0.2755044996738434},{"X":0.6223256587982178,"Y":0.2754861116409302},{"X":0.6223300695419312,"Y":0.2873309850692749},{"X":0.5901598930358887,"Y":0.28734928369522095}]},"Id":"80238bf0-9c2a-4d44-ab34-4b20eee23cf2","Text":"FUK","TextType":"PRINTED"},{"BlockType":"WORD","Confidence":99.89986419677734,"Geometry":{"BoundingBox":{"Height":0.011662954464554787,"Left":0.6779908537864685,"Top":0.2755713164806366,"Width":0.03540188446640968},"Polygon":[{"X":0.6779908537864685,"Y":0.27559152245521545},{"X":0.7133881449699402,"Y":0.2755713164806366},{"X":0.7133927345275879,"Y":0.28721413016319275},{"X":0.6779953837394714,"Y":0.28723427653312683}]},"Id":"4ce144db-f0e1-4b10-aefd-940a1a27222f","Text":"1420","TextType":"PRINTED"},{"BlockType":"WORD","Confidence":99.92713165283203,"Geometry":{"BoundingBox":{"Height":0.011613522656261921,"Left":0.7199188470840454,"Top":0.2755874991416931,"Width":0.026924682781100273},"Polygon":[{"X":0.7199188470840454,"Y":0.27560287714004517},{"X":0.7468388676643372,"Y":0.2755874991416931},{"X":0.7468435168266296,"Y":0.2871856987476349},{"X":0.7199234366416931,"Y":0.28720101714134216}]},"Id":"a206e58c-8e6a-48a2-a027-affbfc851264","Text":"738","TextType":"PRINTED"},{"BlockType":"WORD","Confidence":99.9382553100586,"Geometry":{"BoundingBox":{"Height":0.011733819730579853,"Left":0.10075175017118454,"Top":0.29381757974624634,"Width":0.04482947662472725},"Polygon":[{"X":0.10075175017118454,"Y":0.29384303092956543},{"X":0.14557823538780212,"Y":0.29381757974624634},{"X":0.1455812305212021,"Y":0.3055260181427002},{"X":0.10075461119413376,"Y":0.3055513799190521}]},"Id":"94ebddb4-1518-4f8a-99b7-18fcfc15fd8f","Text":"F1454","TextType":"PRINTED"},{"BlockType":"WORD","Confidence":99.85414123535156,"Geometry":{"BoundingBox":{"Height":0.01174846664071083,"Left":0.3289901316165924,"Top":0.29376837611198425,"Width":0.035358767956495285},"Polygon":[{"X":0.3289901316165924,"Y":0.29378846287727356},{"X":0.3643452823162079,"Y":0.29376837611198425},{"X":0.3643489181995392,"Y":0.30549684166908264},{"X":0.32899367809295654,"Y":0.3055168390274048}]},"Id":"e7cde274-2313-4eb7-9653-0c6c0e76184f","Text":"1620","TextType":"PRINTED"},{"BlockType":"WORD","Confidence":99.9620132446289,"Geometry":{"BoundingBox":{"Height":0.011686145327985287,"Left":0.3714580833911896,"Top":0.2938215434551239,"Width":0.03510892391204834},"Polygon":[{"X":0.3714580833911896,"Y":0.29384148120880127},{"X":0.40656325221061707,"Y":0.2938215434551239},{"X":0.4065670073032379,"Y":0.30548781156539917},{"X":0.3714616894721985,"Y":0.30550768971443176}]},"Id":"907b5630-8452-480d-bfdf-714e9e8d2eb1","Text":"1453","TextType":"PRINTED"},{"BlockType":"WORD","Confidence":99.86314392089844,"Geometry":{"BoundingBox":{"Height":0.01159930694848299,"Left":0.4608650505542755,"Top":0.2939527928829193,"Width":0.03164513409137726},"Polygon":[{"X":0.4608650505542755,"Y":0.2939707636833191},{"X":0.4925062358379364,"Y":0.2939527928829193},{"X":0.4925101697444916,"Y":0.3055341839790344},{"X":0.4608688950538635,"Y":0.30555209517478943}]},"Id":"efc5313a-33ca-40c4-bbe1-936784a9f44b","Text":"FUK","TextType":"PRINTED"},{"BlockType":"WORD","Confidence":99.97808074951172,"Geometry":{"BoundingBox":{"Height":0.0115269236266613,"Left":0.5483219623565674,"Top":0.29395946860313416,"Width":0.03511526435613632},"Polygon":[{"X":0.5483219623565674,"Y":0.2939794063568115},{"X":0.5834330320358276,"Y":0.29395946860313416},{"X":0.5834372639656067,"Y":0.30546653270721436}"
20:09:03.102 [Test worker] DEBUG org.apache.http.wire - http-outgoing-0 << ",{"X":0.5483260750770569,"Y":0.30548641085624695}]},"Id":"2be13449-5170-4c9c-97de-5cb7c2ce9c2a","Text":"1510","TextType":"PRINTED"},{"BlockType":"WORD","Confidence":99.72335815429688,"Geometry":{"BoundingBox":{"Height":0.011846371926367283,"Left":0.5901341438293457,"Top":0.2938673496246338,"Width":0.032976336777210236},"Polygon":[{"X":0.5901341438293457,"Y":0.29388606548309326},{"X"
20:09:03.103 [Test worker] DEBUG org.apache.http.wire - http-outgoing-0 << "":0.623106062412262,"Y":0.2938673496246338},{"X":0.6231104731559753,"Y":0.3056950569152832},{"X":0.5901384949684143,"Y":0.3057137131690979}]},"Id":"002917aa-742f-408d-ab43-ede5bccfcb7b","Text":"PUS","TextType":"PRINTED"},{"BlockType":"WORD","Confidence":99.9647216796875,"Geometry":{"BoundingBox":{"Height":0.011378058232367039,"Left":0.6781474947929382,"Top":0.29402387142181396,"Width":0.03500969335436821},"Polygon":[{"X":0.6781474947929382,"Y":0.29404374957084656},{"X":0.7131527066230774,"Y":0.29402387142181396},{"X":0.7131571769714355,"Y":0.30538210272789},{"X":0.6781519055366516,"Y":0.30540192127227783}]},"Id":"3f992f85-2abe-467c-829b-069761e81836","Text":"1600","TextType":"PRINTED"},{"BlockType":"WORD","Confidence":99.91357421875,"Geometry":{"BoundingBox":{"Height":0.011449197307229042,"Left":0.7200523018836975,"Top":0.2939780354499817,"Width":0.02671057917177677},"Polygon":[{"X":0.7200523018836975,"Y":0.293993204832077},{"X":0.7467582821846008,"Y":0.2939780354499817},{"X":0.7467628717422485,"Y":0.30541211"
20:09:03.104 [Test worker] DEBUG org.apache.http.wire - http-outgoing-0 << "36665344},{"X":0.7200568318367004,"Y":0.305427223443985}]},"Id":"79132ebb-a9c7-46f8-bcd7-9a8e9d12098b","Text":"738","TextType":"PRINTED"},{"BlockType":"WORD","Confidence":99.66840362548828,"Geometry":{"BoundingBox":{"Height":0.012254932895302773,"Left":0.3709627687931061,"Top":0.3123941719532013,"Width":0.05353938788175583},"Polygon":[{"X":0.3709627687931061,"Y":0.3124244213104248},{"X":0.42449820041656494,"Y":0.3123941719532013},{"X":0.4245021641254425,"Y":0.32461899518966675},{"X":0.3709665834903717,"Y":0.3246490955352783}]},"Id":"a8b00498-4448-4a62-af67-4ca9cc0c51b0","Text":"LAYOV","TextType":"PRINTED"},{"BlockType":"WORD","Confidence":99.69747161865234,"Geometry":{"BoundingBox":{"Height":0.011970373801887035,"Left":0.4607089161872864,"Top":0.3125947117805481,"Width":0.03265141695737839},"Polygon":[{"X":0.4607089161872864,"Y":0.3126131296157837},{"X":0.49335625767707825,"Y":0.3125947117805481},{"X":0.49336034059524536,"Y":0.3245467245578766},{"X":0.46071290969848633,"Y":0.3245650827884674}]},"Id":"954bcfe2-1675-4881-89ad-5b8a3cc335a0","Text":"PUS","TextType":"PRINTED"},{"BlockType":"WORD","Confidence":99.95454406738281,"Geometry":{"BoundingBox":{"Height":0.011894162744283676,"Left":0.5482777953147888,"Top":0.31244686245918274,"Width":0.03526740521192551},"Polygon":[{"X":0.5482777953147888,"Y":0.3124668002128601},{"X":0.5835409164428711,"Y":0.31244686245918274},{"X":0.5835452079772949,"Y":0.3243212103843689},{"X":0.5482820272445679,"Y":0.3243410289287567}]},"Id":"6249461d-17c5-4735-b8c3-23573a9b3b0c","Text":"1710","TextType":"PRINTED"},{"BlockType":"WORD","Confidence":99.71064758300781,"Geometry":{"BoundingBox":{"Height":0.012048347853124142,"Left":0.5901824235916138,"Top":0.3124798834323883,"Width":0.0329461507499218},"Polygon":[{"X":0.5901824235916138,"Y":0.3124984800815582},{"X":0.6231240630149841,"Y":0.3124798834323883},{"X":0.6231285929679871,"Y":0.32450971007347107},{"X":0.5901868343353271,"Y":0.3245282471179962}]},"Id":"748c36e3-0ee6-41b9-81fc-122af0639459","Text":"PUS","TextType":"PRINTED"},{"BlockType":"WORD","Confidence":99.87614440917969,"Geometry":{"BoundingBox":{"Height":0.011418570764362812,"Left":0.6781671643257141,"Top":0.3127378225326538,"Width":0.03501027822494507},"Polygon":[{"X":0.6781671643257141,"Y":0.31275761127471924},{"X":0.7131729125976562,"Y":0.3127378225326538},{"X":0.7131773829460144,"Y":0.3241367042064667},{"X":0.6781715154647827,"Y":0.32415640354156494}]},"Id":"eab66103-af28-4eeb-82a4-c4517e925095","Text":"1630","TextType":"PRINTED"},{"BlockType":"WORD","Confidence":95.21894073486328,"Geometry":{"BoundingBox":{"Height":0.011971156112849712,"Left":0.7195330262184143,"Top":0.3125298321247101,"Width":0.028006726875901222},"Polygon":[{"X":0.7195330262184143,"Y":0.31254565715789795},{"X":0.7475349307060242,"Y":0.3125298321247101},{"X":0.747539758682251,"Y":0.32448524236679077},{"X":0.7195377945899963,"Y":0.32450100779533386}]},"Id":"2fd57fd4-76ef-4bd2-a391-ed384b32ecd4","Text":"???","TextType":"PRINTED"},{"BlockType":"WORD","Confidence":99.63807678222656,"Geometry":{"BoundingBox":{"Height":0.011724162846803665,"Left":0.03411957994103432,"Top":0.3311688303947449,"Width":0.05974726751446724},"Polygon":[{"X":0.03411957994103432,"Y":0.3312023878097534},{"X":0.09386400878429413,"Y":0.3311688303947449},{"X":0.09386684745550156,"Y":0.34285956621170044},{"X":0.034122247248888016,"Y":0.34289300441741943}]},"Id":"21f524ed-b791-48cf-b685-d6250a0d82c2","Text":"11Jan23","TextType":"PRINTED"},{"BlockType":"WORD","Confidence":99.92507934570312,"Geometry":{"BoundingBox":{"Height":0.011876205913722515,"Left":0.10063525289297104,"Top":0.3310687243938446,"Width":0.04498705640435219},"Polygon":[{"X":0.10063525289297104,"Y":0.33109399676322937},{"X":0.14561928808689117,"Y":0.3310687243938446},{"X":0.14562231302261353,"Y":0.3429197669029236},{"X":0.10063815116882324,"Y":0.3429449200630188}]},"Id":"e4690c24-67a9-4cad-a694-98520d028322","Text":"F1454","TextType":"PRINTED"},{"BlockType":"WORD","Confidence":99.88751983642578,"Geometry":{"BoundingBox":{"Height":0.011704222299158573,"Left":0.26415735483169556,"Top":0.33117055892944336,"Width":0.03538825735449791},"Polygon":[{"X":0.26415735483169556,"Y":0.33119043707847595},{"X":0.2995421886444092,"Y":0.33117055892944336},{"X":0.29954561591148376,"Y":0.34285497665405273},{"X":0.264160692691803,"Y":0.34287476539611816}]},"Id":"cfef32fd-843d-4e88-89ef-59a045136fe5","Text":"1720","TextType":"PRINTED"},{"BlockType":"WORD","Confidence":99.72211456298828,"Geometry":{"BoundingBox":{"Height":0.01173585094511509,"Left":0.3287234902381897,"Top":0.33118367195129395,"Width":0.035760313272476196},"Polygon":[{"X":0.3287234902381897,"Y":0.33120375871658325},{"X":0.3644801676273346,"Y":0.33118367195129395},{"X":0.3644838035106659,"Y":0.34289953112602234},{"X":0.32872700691223145,"Y":0.3429195284843445}]},"Id":"98331154-d7a5-4447-8f18-3862775275d1","Text":"2240","TextType":"PRINTED"},{"BlockType":"WORD","Confidence":99.88585662841797,"Geometry":{"BoundingBox":{"Height":0.01168799214065075,"Left":0.37088462710380554,"Top":0.3311575651168823,"Width":0.0353800430893898},"Polygon":[{"X":0.37088462710380554,"Y":0.3311774432659149},{"X":0.4062609374523163,"Y":0.3311575651168823},{"X":0.40626466274261475,"Y":0.3428257703781128},{"X":0.37088826298713684,"Y":0.3428455591201782}]},"Id":"89d9227c-c5ba-422f-a02a-f13ea0c1a2e9","Text":"4257","TextType":"PRINTED"},{"BlockType":"WORD","Confidence":99.69451141357422,"Geometry":{"BoundingBox":{"Height":0.011943033896386623,"Left":0.46058422327041626,"Top":0.33103665709495544,"Width":0.03268331289291382},"Polygon":[{"X":0.46058422327041626,"Y":0.33105501532554626},{"X":0.49326348304748535,"Y":0.33103665709495544},{"X":0.4932675361633301,"Y":0.3429614007472992},{"X":0.4605882167816162,"Y":0.34297969937324524}]},"Id":"7803aa42-01f7-4ddd-9954-11ce218ae886","Text":"PUS","TextType":"PRINTED"},{"BlockType":"WORD","Confidence":99.97594451904297,"Geometry":{"BoundingBox":{"Height":0.011660100892186165,"Left":0.548224151134491,"Top":0.3311415910720825,"Width":0.035587627440690994},"Polygon":[{"X":0.548224151134491,"Y":0.33116158843040466},{"X":0.5838075876235962,"Y":0.3311415910720825},{"X":0.5838118195533752,"Y":0.34278178215026855},{"X":0.5482283234596252,"Y":0.34280169010162354}]},"Id":"bbb0b895-95a1-4fe6-8a83-27babca37d89","Text":"1840","TextType":"PRINTED"},{"BlockType":"WORD","Confidence":99.70565795898438,"Geometry":{"BoundingBox":{"Height":0.01209344994276762,"Left":0.5899399518966675,"Top":0.33093053102493286,"Width":0.03445293381810188},"Polygon":[{"X":0.5899399518966675,"Y":0.3309498727321625},{"X":0.6243883371353149,"Y":0.33093053102493286},{"X":0.6243928670883179,"Y":0.3430047035217285},{"X":0.5899443626403809,"Y":0.34302398562431335}]},"Id":"c449f8fd-8987-43ab-8fad-e43f323b6e45","Text":"CNX","TextType":"PRINTED"},{"BlockType":"WORD","Confidence":99.5807113647461,"Geometry":{"BoundingBox":{"Height":0.011461748741567135,"Left":0.6770969033241272,"Top":0.3312504291534424,"Width":0.03621245175600052},"Polygon":[{"X":0.6770969033241272,"Y":0.3312707543373108},{"X":0.7133048176765442,"Y":0.3312504291534424},{"X":0.7133093476295471,"Y":0.34269192814826965},{"X":0.6771013140678406,"Y":0.3427121639251709}]},"Id":"202276dc-8593-440d-8446-1ecc71710c5f","Text":"0020","TextType":"PRINTED"},{"BlockType":"WORD","Confidence":99.92652893066406,"Geometry":{"BoundingBox":{"Height":0.011301207356154919,"Left":0.7201024293899536,"Top":0.33126136660575867,"Width":0.026724791154265404},"Polygon":[{"X":0.7201024293899536,"Y":0.33127638697624207},{"X":0.7468226552009583,"Y":0.33126136660575867},{"X":0.746827244758606,"Y":0.34254762530326843},{"X":0.7201068997383118,"Y":0.34256258606910706}]},"Id":"d3ea5743-a4ef-46fb-a64d-0e9e7dc51c0e","Text":"738","TextType":"PRINTED"},{"BlockType":"WORD","Confidence":99.87675476074219,"Geometry":{"BoundingBox":{"Height":0.010949374176561832,"Left":0.03347290679812431,"Top":0.3504498302936554,"Width":0.06011844426393509},"Polygon":[{"X":0.03347290679812431,"Y":0.35048338"
20:09:03.105 [Test worker] DEBUG org.apache.http.wire - http-outgoing-0 << "770866394},{"X":0.0935887023806572,"Y":0.3504498302936554},{"X":0.0935913473367691,"Y":0.36136576533317566},{"X":0.033475395292043686,"Y":0.36139920353889465}]},"Id":"a22b79b1-8150-4faf-9140-b4486b0e3653","Text":"12Jan23","TextType":"PRINTED"},{"BlockType":"WORD","Confidence":99.93582153320312,"Geometry":{"BoundingBox":{"Height":0.011676580645143986,"Left":0.10063360631465912,"Top":0.3499685227870941,"Width":0.04494812712073326},"Polygon":[{"X":0.10063360631465912,"Y":0.34999361634254456},{"X":0.1455787569284439,"Y":0.3499685227870941},{"X":0.14558173716068268,"Y":0.36162012815475464},{"X":0.10063645243644714,"Y":0.3616451323032379}]},"Id":"766e0673-57a9-45fc-9ba0-a0d20ef4a6dd","Text":"F1454","TextType":"PRINTED"},{"BlockType":"WORD","Confidence":99.67632293701172,"Geometry":{"BoundingBox":{"Height":0.012027053162455559,"Left":0.37112993001937866,"Top":0.3498012125492096,"Width":0.05317706987261772},"Polygon":[{"X":0.37112993001937866,"Y":0.34983089566230774},{"X":0.4243031144142151,"Y":0.3498012125492096},{"X":0.4243070185184479,"Y":0.3617987036705017},{"X":0.3711336851119995,"Y":0.3618282675743103}]},"Id":"a35b9cf0-6737-4907-ae3c-a9ce6b9330fb","Text":"LAYOV","TextType":"PRINTED"},{"BlockType":"WORD","Confidence":99.68559265136719,"Geometry":{"BoundingBox":{"Height":0.011885123327374458,"Left":0.46023064851760864,"Top":0.349914014339447,"Width":0.0344063974916935},"Polygon":[{"X":0.46023064851760864,"Y":0.3499332368373871},{"X":0.4946329891681671,"Y":0.349914014339447},{"X":0.49463704228401184,"Y":0.3617800176143646},{"X":0.4602345824241638,"Y":0.3617991507053375}]},"Id":"68d7a8fe-a6c7-4692-9e8c-90adddb6f489","Text":"CNX","TextType":"PRINTED"},{"BlockType":"WORD","Confidence":99.95381164550781,"Geometry":{"BoundingBox":{"Height":0.01170409843325615,"Left":0.5473030805587769,"Top":0.3500007390975952,"Width":0.03645484521985054},"Polygon":[{"X":0.5473030805587769,"Y":0.350021094083786},{"X":0.5837536454200745,"Y":0.3500007390975952},{"X":0.5837579369544983,"Y":0.36168456077575684},{"X":0.5473071932792664,"Y":0.36170485615730286}]},"Id":"e6cef27f-1ed4-4aa1-aced-ea379b53152b","Text":"0100","TextType":"PRINTED"},{"BlockType":"WORD","Confidence":99.7331771850586,"Geometry":{"BoundingBox":{"Height":0.012034106999635696,"Left":0.5897151231765747,"Top":0.3497830629348755,"Width":0.03462608903646469},"Polygon":[{"X":0.5897151231765747,"Y":0.3498023748397827},{"X":0.6243367195129395,"Y":0.3497830629348755},{"X":0.6243412494659424,"Y":0.36179789900779724},{"X":0.5897195339202881,"Y":0.3618171811103821}]},"Id":"ce78c6fe-43a6-468d-bc59-7c075b7bdc90","Text":"CNX","TextType":"PRINTED"},{"BlockType":"WORD","Confidence":99.9267578125,"Geometry":{"BoundingBox":{"Height":0.011488509364426136,"Left":0.6770018339157104,"Top":0.35012197494506836,"Width":0.03636724874377251},"Polygon":[{"X":0.6770018339157104,"Y":0.3501422703266144},{"X":0.7133645415306091,"Y":0.35012197494506836},{"X":0.7133690714836121,"Y":0.36159026622772217},{"X":0.6770062446594238,"Y":0.3616105020046234}]},"Id":"8b339a51-4306-4ffb-9866-a0339ee9eccb","Text":"0010","TextType":"PRINTED"},{"BlockType":"WORD","Confidence":97.74501037597656,"Geometry":{"BoundingBox":{"Height":0.01211429201066494,"Left":0.7195026874542236,"Top":0.3498522639274597,"Width":0.056975383311510086},"Polygon":[{"X":0.7195026874542236,"Y":0.3498840630054474},{"X":0.7764731049537659,"Y":0.3498522639274597},{"X":0.7764780521392822,"Y":0.3619348704814911},{"X":0.7195074558258057,"Y":0.3619665503501892}]},"Id":"10a8a2d8-da38-4c1d-b52f-8ffa3dd1e80a","Text":"Centara","TextType":"PRINTED"},{"BlockType":"WORD","Confidence":99.51803588867188,"Geometry":{"BoundingBox":{"Height":0.01189893577247858,"Left":0.7802444100379944,"Top":0.3498910963535309,"Width":0.06575285643339157},"Polygon":[{"X":0.7802444100379944,"Y":0.3499278128147125},{"X":0.8459922075271606,"Y":0.3498910963535309},{"X":0.8459972739219666,"Y":0.3617534935474396},{"X":0.780249297618866,"Y":0.3617900311946869}]},"Id":"e478b2fc-4e8b-42fd-b4c2-27d631a52ea3","Text":"Riverside","TextType":"PRINTED"},{"BlockType":"WORD","Confidence":99.74002075195312,"Geometry":{"BoundingBox":{"Height":0.012463834136724472,"Left":0.8494919538497925,"Top":0.34959957003593445,"Width":0.03748607262969017},"Polygon":[{"X":0.8494919538497925,"Y":0.3496204912662506},{"X":0.8869725465774536,"Y":0.34959957003593445},{"X":0.886978030204773,"Y":0.3620425760746002},{"X":0.8494972586631775,"Y":0.3620634078979492}]},"Id":"d61b8d29-646e-4f9c-8dac-f602ff15fe76","Text":"Hotel","TextType":"PRINTED"},{"BlockType":"WORD","Confidence":99.76683044433594,"Geometry":{"BoundingBox":{"Height":0.014894956722855568,"Left":0.8902304172515869,"Top":0.3495040535926819,"Width":0.05106404423713684},"Polygon":[{"X":0.8902304172515869,"Y":0.3495325744152069},{"X":0.9412877559661865,"Y":0.3495040535926819},{"X":0.9412944912910461,"Y":0.3643706440925598},{"X":0.8902369737625122,"Y":0.3643990159034729}]},"Id":"97e6c426-c8b7-48c5-bcba-4f6f5f160a6b","Text":"Chiang","TextType":"PRINTED"},{"BlockType":"WORD","Confidence":99.27848815917969,"Geometry":{"BoundingBox":{"Height":0.011887319386005402,"Left":0.9443106055259705,"Top":0.3500118553638458,"Width":0.02617782913148403},"Polygon":[{"X":0.9443106055259705,"Y":0.3500264883041382},{"X":0.9704830050468445,"Y":0.3500118553638458},{"X":0.9704884886741638,"Y":0.36188462376594543},{"X":0.944316029548645,"Y":0.361899197101593}]},"Id":"a5976a7d-ac55-4177-b6f4-a7da92c60af8","Text":"Mai","TextType":"PRINTED"},{"BlockType":"WORD","Confidence":99.55944061279297,"Geometry":{"BoundingBox":{"Height":0.011800415813922882,"Left":0.03389087691903114,"Top":0.3681907653808594,"Width":0.059633515775203705},"Polygon":[{"X":0.03389087691903114,"Y":0.3682238757610321},{"X":0.09352153539657593,"Y":0.3681907653808594},{"X":0.09352438896894455,"Y":0.37995821237564087},{"X":0.033893559128046036,"Y":0.37999117374420166}]},"Id":"d210e912-94ed-4ce1-84f6-7292f82c2a09","Text":"13Jan23","TextType":"PRINTED"},{"BlockType":"WORD","Confidence":99.91901397705078,"Geometry":{"BoundingBox":{"Height":0.011766216717660427,"Left":0.10075482726097107,"Top":0.3681253492832184,"Width":0.04468442127108574},"Polygon":[{"X":0.10075482726097107,"Y":0.36815014481544495},{"X":0.14543625712394714,"Y":0.3681253492832184},{"X":0.1454392522573471,"Y":0.3798668384552002},{"X":0.10075770318508148,"Y":0.3798915445804596}]},"Id":"6412ef48-65df-4093-a512-f678ae25d4ef","Text":"F1454","TextType":"PRINTED"},{"BlockType":"WORD","Confidence":99.95592498779297,"Geometry":{"BoundingBox":{"Height":0.011467049829661846,"Left":0.26363831758499146,"Top":0.36844679713249207,"Width":0.03572797030210495},"Polygon":[{"X":0.26363831758499146,"Y":0.3684666156768799},{"X":0.2993629276752472,"Y":0.36844679713249207},{"X":0.299366295337677,"Y":0.37989407777786255},{"X":0.2636415660381317,"Y":0.3799138367176056}]},"Id":"e1c004d6-7286-4682-b768-e8722f49320f","Text":"2230","TextType":"PRINTED"},{"BlockType":"WORD","Confidence":99.76162719726562,"Geometry":{"BoundingBox":{"Height":0.01155608519911766,"Left":0.3282674551010132,"Top":0.3683428168296814,"Width":0.03599308803677559},"Polygon":[{"X":0.3282674551010132,"Y":0.36836278438568115},{"X":0.36425697803497314,"Y":0.3683428168296814},{"X":0.3642605245113373,"Y":0.3798789978027344},{"X":0.32827091217041016,"Y":0.37989890575408936}]},"Id":"48b3d79a-3d56-40aa-9094-6498e744c893","Text":"0720","TextType":"PRINTED"},{"BlockType":"WORD","Confidence":99.95631408691406,"Geometry":{"BoundingBox":{"Height":0.01151189859956503,"Left":0.37072503566741943,"Top":0.3684518337249756,"Width":0.035908136516809464},"Polygon":[{"X":0.37072503566741943,"Y":0.36847177147865295},{"X":0.4066295027732849,"Y":0.3684518337249756},{"X":0.4066331684589386,"Y":0.3799438774585724},{"X":0.37072861194610596,"Y":0.3799637258052826}]},"Id":"ff7475bf-af7e-480b-9c0d-609f1259197c","Text":"4206","TextType":"PRINTED"},{"BlockType":"WORD","Confidence":99.69109344482422,"Geometry":{"BoundingBox":{"Height":0.01176371518522501,"Left":0.46026742458343506,"Top":0.3"
20:09:03.106 [Test worker] DEBUG org.apache.http.wire - http-outgoing-0 << "682783544063568,"Width":0.03444359824061394},"Polygon":[{"X":0.46026742458343506,"Y":0.3682974576950073},{"X":0.49470701813697815,"Y":0.3682783544063568},{"X":0.4947110414505005,"Y":0.3800230324268341},{"X":0.46027132868766785,"Y":0.38004207611083984}]},"Id":"8ecd041f-3179-4da0-bb85-9c3bf99293ba","Text":"CNX","TextType":"PRINTED"},{"BlockType":"WORD","Confidence":99.95801544189453,"
20:09:03.107 [Test worker] DEBUG org.apache.http.wire - http-outgoing-0 << ""Geometry":{"BoundingBox":{"Height":0.011596164666116238,"Left":0.5472833514213562,"Top":0.36836591362953186,"Width":0.03646973893046379},"Polygon":[{"X":0.5472833514213562,"Y":0.3683861494064331},{"X":0.5837488770484924,"Y":0.36836591362953186},{"X":0.5837531089782715,"Y":0.3799419105052948},{"X":0.5472874641418457,"Y":0.37996208667755127}]},"Id":"d5a705a7-1515-4c11-9fe6-9801cf0670eb","Text":"0130","TextType":"PRINTED"},{"BlockType":"WORD","Confidence":99.77741241455078,"Geometry":{"BoundingBox":{"Height":0.011793962679803371,"Left":0.5902541279792786,"Top":0.3681758642196655,"Width":0.02778489887714386},"Polygon":[{"X":0.5902541279792786,"Y":0.36819130182266235},{"X":0.6180346608161926,"Y":0.3681758642196655},{"X":0.6180390119552612,"Y":0.3799544870853424},{"X":0.5902584195137024,"Y":0.37996983528137207}]},"Id":"c73b03c1-5461-407e-b096-7892d5a627bd","Text":"ICN","TextType":"PRINTED"},{"BlockType":"WORD","Confidence":99.88652038574219,"Geometry":{"BoundingBox":{"Height":0.011427467688918114,"Left":0.67704582"
20:09:03.108 [Test worker] DEBUG org.apache.http.wire - http-outgoing-0 << "21435547,"Top":0.368501216173172,"Width":0.03638431429862976},"Polygon":[{"X":0.6770458221435547,"Y":0.36852139234542847},{"X":0.7134256362915039,"Y":0.368501216173172},{"X":0.7134301066398621,"Y":0.37990856170654297},{"X":0.6770502328872681,"Y":0.37992867827415466}]},"Id":"b4624d09-0c9e-4794-b22c-09c2f63fdcf2","Text":"0620","TextType":"PRINTED"},{"BlockType":"WORD","Confidence":99.93213653564453,"Geometry":{"BoundingBox":{"Height":0.011132541112601757,"Left":0.720217227935791,"Top":0.36850985884666443,"Width":0.02645733207464218},"Polygon":[{"X":0.720217227935791,"Y":0.36852455139160156},{"X":0.7466700673103333,"Y":0.36850985884666443},{"X":0.7466745376586914,"Y":0.3796277642250061},{"X":0.7202216386795044,"Y":0.37964239716529846}]},"Id":"92cac954-fdaf-48d3-a60d-960bd36a7e98","Text":"738","TextType":"PRINTED"},{"BlockType":"WORD","Confidence":99.81574249267578,"Geometry":{"BoundingBox":{"Height":0.01155437994748354,"Left":0.0338333435356617,"Top":0.3873789310455322,"Width":0.060097407549619675},"Polygon":[{"X":0.0338333435356617,"Y":0.38741210103034973},{"X":0.09392794966697693,"Y":0.3873789310455322},{"X":0.09393075108528137,"Y":0.3989003002643585},{"X":0.033835966140031815,"Y":0.3989333212375641}]},"Id":"5ce1cdd2-b7aa-40eb-9f24-f08659cb7f74","Text":"14Jan23","TextType":"PRINTED"},{"BlockType":"WORD","Confidence":99.97042083740234,"Geometry":{"BoundingBox":{"Height":0.011720661073923111,"Left":0.3709854185581207,"Top":0.3871351182460785,"Width":0.03162107989192009},"Polygon":[{"X":0.3709854185581207,"Y":0.3871525526046753},{"X":0.40260279178619385,"Y":0.3871351182460785},{"X":0.4026065170764923,"Y":0.3988384008407593},{"X":0.370989054441452,"Y":0.3988557755947113}]},"Id":"40d85a1e-b766-462e-b7f4-ead4ec9bb52e","Text":"OFF","TextType":"PRINTED"},{"BlockType":"WORD","Confidence":99.74759674072266,"Geometry":{"BoundingBox":{"Height":0.011972511187195778,"Left":0.46031031012535095,"Top":0.38703083992004395,"Width":0.036558009684085846},"Polygon":[{"X":0.46031031012535095,"Y":0.3870510160923004},{"X":0.4968642294406891,"Y":0.38703083992004395},{"X":0.4968683421611786,"Y":0.39898326992988586},{"X":0.4603143036365509,"Y":0.39900335669517517}]},"Id":"698ad604-c456-4cc9-b5b4-b31d36301347","Text":"GMP","TextType":"PRINTED"},{"BlockType":"WORD","Confidence":99.83330535888672,"Geometry":{"BoundingBox":{"Height":0.011583317071199417,"Left":0.5471928119659424,"Top":0.3872700035572052,"Width":0.03655445575714111},"Polygon":[{"X":0.5471928119659424,"Y":0.38729017972946167},{"X":0.5837430357933044,"Y":0.3872700035572052},{"X":0.5837472677230835,"Y":0.3988332450389862},{"X":0.5471969246864319,"Y":0.3988533318042755}]},"Id":"7c2a9078-22dd-4a37-870a-5c7d8e59489f","Text":"0000","TextType":"PRINTED"},{"BlockType":"WORD","Confidence":99.78557586669922,"Geometry":{"BoundingBox":{"Height":0.011881476268172264,"Left":0.5897515416145325,"Top":0.38700664043426514,"Width":0.03688428923487663},"Polygon":[{"X":0.5897515416145325,"Y":0.38702696561813354},{"X":0.6266314387321472,"Y":0.38700664043426514},{"X":0.6266358494758606,"Y":0.3988678455352783},{"X":0.5897558927536011,"Y":0.39888811111450195}]},"Id":"ffc3b682-56a4-4892-8644-ff38a0867a83","Text":"GMP","TextType":"PRINTED"},{"BlockType":"WORD","Confidence":99.96589660644531,"Geometry":{"BoundingBox":{"Height":0.011452188715338707,"Left":0.6772659420967102,"Top":0.38722357153892517,"Width":0.035691771656274796},"Polygon":[{"X":0.6772659420967102,"Y":0.38724324107170105},{"X":0.7129532098770142,"Y":0.38722357153892517},{"X":0.7129576802253723,"Y":0.39865612983703613},{"X":0.6772703528404236,"Y":0.3986757695674896}]},"Id":"f11bb7ca-0d0d-4e4d-8a6e-c5b642deb3dc","Text":"2359","TextType":"PRINTED"},{"BlockType":"WORD","Confidence":99.66312408447266,"Geometry":{"BoundingBox":{"Height":0.011935444548726082,"Left":0.03393123671412468,"Top":0.4055725038051605,"Width":0.05995327979326248},"Polygon":[{"X":0.03393123671412468,"Y":0.40560537576675415},{"X":0.09388162940740585,"Y":0.4055725038051605},{"X":0.09388452023267746,"Y":0.4174751937389374},{"X":0.03393395245075226,"Y":0.41750794649124146}]},"Id":"55bf9695-f1df-43eb-b3d4-40414f355d8f","Text":"15Jan23","TextType":"PRINTED"},{"BlockType":"WORD","Confidence":99.97624206542969,"Geometry":{"BoundingBox":{"Height":0.011963971890509129,"Left":0.37093064188957214,"Top":0.4055044949054718,"Width":0.031785476952791214},"Polygon":[{"X":0.37093064188957214,"Y":0.4055218994617462},{"X":0.40271228551864624,"Y":0.4055044949054718},{"X":0.40271610021591187,"Y":0.41745108366012573},{"X":0.3709343373775482,"Y":0.41746845841407776}]},"Id":"69de193f-6f41-495c-ae11-fe77ce86b0a6","Text":"OFF","TextType":"PRINTED"},{"BlockType":"WORD","Confidence":99.7552490234375,"Geometry":{"BoundingBox":{"Height":0.012142283841967583,"Left":0.4603099226951599,"Top":0.405365914106369,"Width":0.03686903789639473},"Polygon":[{"X":0.4603099226951599,"Y":0.4053861200809479},{"X":0.49717479944229126,"Y":0.405365914106369},{"X":0.49717894196510315,"Y":0.4174880385398865},{"X":0.46031394600868225,"Y":0.41750818490982056}]},"Id":"f639a301-4f91-47a7-8272-0a610fa4b4aa","Text":"GMP","TextType":"PRINTED"},{"BlockType":"WORD","Confidence":99.83748626708984,"Geometry":{"BoundingBox":{"Height":0.011613754555583,"Left":0.5472602844238281,"Top":0.40564945340156555,"Width":0.03640419989824295},"Polygon":[{"X":0.5472602844238281,"Y":0.4056694209575653},{"X":0.5836602449417114,"Y":0.40564945340156555},{"X":0.5836644768714905,"Y":0.4172433316707611},{"X":0.5472643971443176,"Y":0.4172632098197937}]},"Id":"7269e8ed-0604-4535-b5db-8d9e5b50df5d","Text":"0000","TextType":"PRINTED"},{"BlockType":"WORD","Confidence":99.7912368774414,"Geometry":{"BoundingBox":{"Height":0.012029950506985188,"Left":0.5898072719573975,"Top":0.40536996722221375,"Width":0.03678585961461067},"Polygon":[{"X":0.5898072719573975,"Y":0.4053901433944702},{"X":0.6265886425971985,"Y":0.40536996722221375},{"X":0.6265931725502014,"Y":0.41737982630729675},{"X":0.5898116827011108,"Y":0.41739991307258606}]},"Id":"c81b457d-4230-4855-ad6d-fe1960e668ac","Text":"GMP","TextType":"PRINTED"},{"BlockType":"WORD","Confidence":99.9659194946289,"Geometry":{"BoundingBox":{"Height":0.011637804098427296,"Left":0.6772675514221191,"Top":0.40560948848724365,"Width":0.035767193883657455},"Polygon":[{"X":0.6772675514221191,"Y":0.40562909841537476},{"X":0.7130301594734192,"Y":0.40560948848724365},{"X":0.7130347490310669,"Y":0.41722774505615234},{"X":0.6772720813751221,"Y":0.41724729537963867}]},"Id":"dcaa4420-be2f-416a-94c5-c8742dd6dd48","Text":"2359","TextType":"PRINTED"},{"BlockType":"WORD","Confidence":99.76823425292969,"Geometry":{"BoundingBox":{"Height":0.011676676571369171,"Left":0.033818431198596954,"Top":0.42444515228271484,"Width":0.05992899090051651},"Polygon":[{"X":0.033818431198596954,"Y":0.42447781562805176},{"X":0.09374459832906723,"Y":0.42444515228271484},{"X":0.09374742209911346,"Y":0.43608927726745605},{"X":0.03382108733057976,"Y":0.4361218512058258}]},"Id":"cfd70844-18f8-4c23-8875-03c504426ef6","Text":"16Jan23","TextType":"PRINTED"},{"BlockType":"WORD","Confidence":99.97552490234375,"Geometry":{"BoundingBox":{"Height":0.011332670226693153,"Left":0.2643614709377289,"Top":0.4245648980140686,"Width":0.03493504598736763},"Polygon":[{"X":0.2643614709377289,"Y":0.42458394169807434},{"X":0.29929319024086,"Y":0.4245648980140686},{"X":0.299296498298645,"Y":0.43587860465049744},{"X":0.26436468958854675,"Y":0.435897558927536}]},"Id":"6e53c8f1-2fa4-42ed-b0dc-bcef2fd40bc7","Text":"1530","TextType":"PRINTED"},{"BlockType":"WORD","Confidence":99.35796356201172,"Geometry":{"BoundingBox":{"Height":0.01147659495472908,"Left":0.32835695147514343,"Top":0.4245931804180145,"Width":0.036130230873823166},"Polygon":[{"X":0.32835695147514343,"Y":0.4246128797531128},{"X":0.36448365449905396,"Y":0.4245931804180145},{"X":0.3644872009754181,"Y":0.436050146818161},{"X":0.3283604085445404,"Y":0.4360697865486145}]},"Id":"d94775e2-3ad9-407d-bae4-c345e453df8c","Text":"2030","TextType":"PRINTED"},{"BlockType":"WORD","Co"
20:09:03.109 [Test worker] DEBUG org.apache.http.wire - http-outgoing-0 << "nfidence":99.85167694091797,"Geometry":{"BoundingBox":{"Height":0.011705771088600159,"Left":0.3709787130355835,"Top":0.4244367480278015,"Width":0.03358429670333862},"Polygon":[{"X":0.3709787130355835,"Y":0.42445504665374756},{"X":0.40455928444862366,"Y":0.4244367480278015},{"X":0.4045630097389221,"Y":0.4361242949962616},{"X":0.3709823489189148,"Y":0.4361425042152405}]},"Id":"efe41e1f-9a8d-445b-ac42-ec3d193ed852","Text":"OFC","TextType":"PRINTED"},{"BlockType":"WORD","Confidence":99.69791412353516,"Geometry":{"BoundingBox":{"Height":0.011931933462619781,"Left":0.4603135287761688,"Top":0.42435699701309204,"Width":0.03670043498277664},"Polygon":[{"X":0.4603135287761688,"Y":0.4243769943714142},{"X":0.49700990319252014,"Y":0.42435699701309204},{"X":0.49701398611068726,"Y":0.43626901507377625},{"X":0.4603174924850464,"Y":0.4362889230251312}]},"Id":"b8aa2a04-251e-426d-a7a4-df76764d32cf","Text":"GMP","TextType":"PRINTED"},{"BlockType":"WORD","Confidence":99.97575378417969,"Geometry":{"BoundingBox":{"Height":0.011379246599972248,"Left":0.548376739025116,"Top":0.4245900511741638,"Width":0.03501738980412483},"Polygon":[{"X":0.548376739025116,"Y":0.42460912466049194},{"X":0.5833899974822998,"Y":0.4245900511741638},{"X":0.5833941102027893,"Y":0.43595027923583984},{"X":0.5483807921409607,"Y":0.4359692931175232}]},"Id":"b8436991-a7a7-415a-91c1-8c0e45a8cef5","Text":"1530","TextType":"PRINTED"},{"BlockType":"WORD","Confidence":99.71605682373047,"Geometry":{"BoundingBox":{"Height":0.011798465624451637,"Left":0.589917004108429,"Top":0.4244011640548706,"Width":0.03667253255844116},"Polygon":[{"X":0.589917004108429,"Y":0.42442116141319275},{"X":0.6265851259231567,"Y":0.4244011640548706},{"X":0.6265895366668701,"Y":0.4361797273159027},{"X":0.5899212956428528,"Y":0.4361996352672577}]},"Id":"b3833629-2978-4dc3-aa6a-0e8ba9b45806","Text":"GMP","TextType":"PRINTED"},{"BlockType":"WORD","Confidence":99.1349105834961,"Geometry":{"BoundingBox":{"Height":0.011628381907939911,"Left":0.6771589517593384,"Top":0.4244919419288635,"Width":0.036160752177238464},"Polygon":[{"X":0.6771589517593384,"Y":0.4245116412639618},{"X":0.7133151292800903,"Y":0.4244919419288635},{"X":0.713319718837738,"Y":0.43610069155693054},{"X":0.6771634221076965,"Y":0.43612033128738403}]},"Id":"3e32ea24-cac3-4490-8c21-1cd773ca5d57","Text":"2030","TextType":"PRINTED"},{"BlockType":"WORD","Confidence":99.3261947631836,"Geometry":{"BoundingBox":{"Height":0.011859503574669361,"Left":0.03396335616707802,"Top":0.4426848888397217,"Width":0.05984492599964142},"Polygon":[{"X":0.03396335616707802,"Y":0.4427173137664795},{"X":0.09380540996789932,"Y":0.4426848888397217},{"X":0.09380827844142914,"Y":0.4545120596885681},{"X":0.033966049551963806,"Y":0.45454439520835876}]},"Id":"02c8edf1-7cb8-4130-9b91-0441460af578","Text":"17Jan23","TextType":"PRINTED"},{"BlockType":"WORD","Confidence":99.70236206054688,"Geometry":{"BoundingBox":{"Height":0.01179156731814146,"Left":0.10067865252494812,"Top":0.44273841381073,"Width":0.04483387991786003},"Polygon":[{"X":0.10067865252494812,"Y":0.44276270270347595},{"X":0.1455095261335373,"Y":0.44273841381073},{"X":0.14551253616809845,"Y":0.4545057713985443},{"X":0.10068152844905853,"Y":0.4545299708843231}]},"Id":"2240c568-fe0a-4f1a-a946-3ccfe6f7b231","Text":"F2203","TextType":"PRINTED"},{"BlockType":"WORD","Confidence":99.66999816894531,"Geometry":{"BoundingBox":{"Height":0.011615761555731297,"Left":0.26438024640083313,"Top":0.44272226095199585,"Width":0.035002995282411575},"Polygon":[{"X":0.26438024640083313,"Y":0.4427412152290344},{"X":0.299379825592041,"Y":0.44272226095199585},{"X":0.2993832230567932,"Y":0.4543191194534302},{"X":0.2643835246562958,"Y":0.454338014125824}]},"Id":"5d3c0fe8-90e8-4d6d-899b-0a7e177d669a","Text":"1720","TextType":"PRINTED"},{"BlockType":"WORD","Confidence":99.72528839111328,"Geometry":{"BoundingBox":{"Height":0.011277124285697937,"Left":0.32823899388313293,"Top":0.4429290294647217,"Width":0.03584161773324013},"Polygon":[{"X":0.32823899388313293,"Y":0.44294846057891846},{"X":0.3640771210193634,"Y":0.4429290294647217},{"X":0.36408060789108276,"Y":0.4541868269443512},{"X":0.32824236154556274,"Y":0.4542061686515808}]},"Id":"2b5a8209-7e18-4c44-b127-73c68d05b352","Text":"0005","TextType":"PRINTED"},{"BlockType":"WORD","Confidence":99.92316436767578,"Geometry":{"BoundingBox":{"Height":0.011703649535775185,"Left":0.3707824945449829,"Top":0.4428321123123169,"Width":0.03588886559009552},"Polygon":[{"X":0.3707824945449829,"Y":0.44285154342651367},{"X":0.40666764974594116,"Y":0.4428321123123169},{"X":0.4066713750362396,"Y":0.45451638102531433},{"X":0.3707861304283142,"Y":0.45453575253486633}]},"Id":"84afbb19-1b36-4417-b497-a55803ca8b61","Text":"2203","TextType":"PRINTED"},{"BlockType":"WORD","Confidence":99.78453826904297,"Geometry":{"BoundingBox":{"Height":0.011756851337850094,"Left":0.46039915084838867,"Top":0.4427144527435303,"Width":0.02787349745631218},"Polygon":[{"X":0.46039915084838867,"Y":0.44272953271865845},{"X":0.48826864361763,"Y":0.4427144527435303},{"X":0.48827263712882996,"Y":0.45445623993873596},{"X":0.46040305495262146,"Y":0.45447129011154175}]},"Id":"70f0d8b7-92eb-45c5-9bcd-203dac804e6c","Text":"ICN","TextType":"PRINTED"},{"BlockType":"WORD","Confidence":99.96202087402344,"Geometry":{"BoundingBox":{"Height":0.01148943230509758,"Left":0.5483822822570801,"Top":0.44278597831726074,"Width":0.03520439937710762},"Polygon":[{"X":0.5483822822570801,"Y":0.44280505180358887},{"X":0.5835825204849243,"Y":0.44278597831726074},{"X":0.5835866928100586,"Y":0.45425641536712646},{"X":0.5483863353729248,"Y":0.4542754292488098}]},"Id":"13905b82-14ab-44f3-be2f-3fa459b097e2","Text":"1930","TextType":"PRINTED"},{"BlockType":"WORD","Confidence":99.58604431152344,"Geometry":{"BoundingBox":{"Height":0.011772536672651768,"Left":0.5902190804481506,"Top":0.4426780045032501,"Width":0.03224381059408188},"Polygon":[{"X":0.5902190804481506,"Y":0.4426954686641693},{"X":0.6224585175514221,"Y":0.4426780045032501},{"X":0.6224628686904907,"Y":0.4544331431388855},{"X":0.5902233719825745,"Y":0.4544505476951599}]},"Id":"9371369a-c76e-4688-94b6-9565f9724c62","Text":"BKK","TextType":"PRINTED"},{"BlockType":"WORD","Confidence":99.9061050415039,"Geometry":{"BoundingBox":{"Height":0.011620024219155312,"Left":0.6769444346427917,"Top":0.44271203875541687,"Width":0.03598545119166374},"Polygon":[{"X":0.6769444346427917,"Y":0.4427315294742584},{"X":0.7129252552986145,"Y":0.44271203875541687},{"X":0.7129298448562622,"Y":0.45431262254714966},{"X":0.6769489049911499,"Y":0.45433205366134644}]},"Id":"8a87536b-769a-4d02-9c17-7bc46fb12bf0","Text":"0145","TextType":"PRINTED"},{"BlockType":"WORD","Confidence":99.86184692382812,"Geometry":{"BoundingBox":{"Height":0.011893357150256634,"Left":0.7199689149856567,"Top":0.4425520598888397,"Width":0.02693776972591877},"Polygon":[{"X":0.7199689149856567,"Y":0.4425666630268097},{"X":0.7469018697738647,"Y":0.4425520598888397},{"X":0.7469066977500916,"Y":0.45443087816238403},{"X":0.719973623752594,"Y":0.45444542169570923}]},"Id":"86a5a1e1-cd5b-4821-96cb-749056ce6d39","Text":"738","TextType":"PRINTED"},{"BlockType":"WORD","Confidence":99.35884094238281,"Geometry":{"BoundingBox":{"Height":0.011329962871968746,"Left":0.03396926820278168,"Top":0.4618441164493561,"Width":0.05960998684167862},"Polygon":[{"X":0.03396926820278168,"Y":0.46187624335289},{"X":0.09357651323080063,"Y":0.4618441164493561},{"X":0.0935792550444603,"Y":0.4731421172618866},{"X":0.033971842378377914,"Y":0.4731740951538086}]},"Id":"1263b2ce-ce9a-45bf-a176-e1b86aa6daf2","Text":"18Jan23","TextType":"PRINTED"},{"BlockType":"WORD","Confidence":99.7361068725586,"Geometry":{"BoundingBox":{"Height":0.011872180737555027,"Left":0.10064849257469177,"Top":0.46156957745552063,"Width":0.044892653822898865},"Polygon":[{"X":0.10064849257469177,"Y":0.46159377694129944},{"X":0.1455381214618683,"Y":0.46156957745552063},{"X":0.14554114639759064,"Y":0.4734176993370056},{"X":0.10065139085054398,"Y":0.4734417796134949}]},"Id":"5d7a1cb8"
20:09:03.110 [Test worker] DEBUG org.apache.http.wire - http-outgoing-0 << "-0332-4c65-ba0d-b994bf6aa57f","Text":"F2203","TextType":"PRINTED"},{"BlockType":"WORD","Confidence":99.70674896240234,"Geometry":{"BoundingBox":{"Height":0.012098387815058231,"Left":0.3710671365261078,"Top":0.46134838461875916,"Width":0.05346764251589775},"Polygon":[{"X":0.3710671365261078,"Y":0.46137717366218567},{"X":0.42453086376190186,"Y":0.46134838461875916},{"X":0.42453476786"
20:09:03.110 [Test worker] DEBUG org.apache.http.wire - http-outgoing-0 << "613464,"Y":0.47341808676719666},{"X":0.37107089161872864,"Y":0.4734467566013336}]},"Id":"ec0fe7b0-e082-4532-b70e-d40dd9af911f","Text":"LAYOV","TextType":"PRINTED"},{"BlockType":"WORD","Confidence":99.57572937011719,"Geometry":{"BoundingBox":{"Height":0.01169013325124979,"Left":0.4606539309024811,"Top":0.46159711480140686,"Width":0.03188546374440193},"Polygon":[{"X":0.4606539309024811,"Y":0.4616142809391022},{"X":0.49253541231155396,"Y":0.46159711480140686},{"X":0.4925394058227539,"Y":0.47327011823654175},{"X":0.4606578052043915,"Y":0.4732872247695923}]},"Id":"ec7966ab-41bd-4cee-88ce-4bc72452175c","Text":"BKK","TextType":"PRINTED"},{"BlockType":"WORD","Confidence":99.93321228027344,"Geometry":{"BoundingBox":{"Height":0.011474335566163063,"Left":0.5475260615348816,"Top":0.46171289682388306,"Width":0.03606454282999039},"Polygon":[{"X":0.5475260615348816,"Y":0.46173232793807983},{"X":0.5835864543914795,"Y":0.46171289682388306},{"X":0.583590567111969,"Y":0.47316789627075195},{"X":0.5475301146507263,"Y":0.473187237"
20:09:03.111 [Test worker] DEBUG org.apache.http.wire - http-outgoing-0 << "97798157}]},"Id":"df925fca-7fd8-4c53-9e0d-809f7672612a","Text":"0300","TextType":"PRINTED"},{"BlockType":"WORD","Confidence":99.60173034667969,"Geometry":{"BoundingBox":{"Height":0.011774064041674137,"Left":0.5904775857925415,"Top":0.461462140083313,"Width":0.031843896955251694},"Polygon":[{"X":0.5904775857925415,"Y":0.4614793062210083},{"X":0.6223170757293701,"Y":0.461462140083313},{"X":0.6223214864730835,"Y":0.4732191264629364},{"X":0.5904818773269653,"Y":0.47323620319366455}]},"Id":"b01e764e-5afa-4700-b389-f88fb5b7501b","Text":"BKK","TextType":"PRINTED"},{"BlockType":"WORD","Confidence":99.888671875,"Geometry":{"BoundingBox":{"Height":0.01177248265594244,"Left":0.6770420074462891,"Top":0.4614551067352295,"Width":0.03628750517964363},"Polygon":[{"X":0.6770420074462891,"Y":0.4614746570587158},{"X":0.7133248448371887,"Y":0.4614551067352295},{"X":0.7133294939994812,"Y":0.47320812940597534},{"X":0.677046537399292,"Y":0.4732275903224945}]},"Id":"09b1ea59-0f57-4331-8989-4b4698e571a9","Text":"0115","TextType":"PRINTED"},{"BlockType":"WORD","Confidence":99.92118835449219,"Geometry":{"BoundingBox":{"Height":0.015028608031570911,"Left":0.7196618318557739,"Top":0.4611279368400574,"Width":0.053701385855674744},"Polygon":[{"X":0.7196618318557739,"Y":0.46115684509277344},{"X":0.773357093334198,"Y":0.4611279368400574},{"X":0.7733632326126099,"Y":0.4761277735233307},{"X":0.7196677923202515,"Y":0.4761565327644348}]},"Id":"cfe09201-1a00-4f7a-92ba-f545c84e0ed0","Text":"Holiday","TextType":"PRINTED"},{"BlockType":"WORD","Confidence":98.49153900146484,"Geometry":{"BoundingBox":{"Height":0.011566659435629845,"Left":0.7766906023025513,"Top":0.46172216534614563,"Width":0.02236969582736492},"Polygon":[{"X":0.7766906023025513,"Y":0.46173420548439026},{"X":0.7990554571151733,"Y":0.46172216534614563},{"X":0.7990602850914001,"Y":0.473276823759079},{"X":0.7766953110694885,"Y":0.47328880429267883}]},"Id":"064f3579-2669-4662-8cb5-f781650dac88","Text":"Inn","TextType":"PRINTED"},{"BlockType":"WORD","Confidence":90.77278137207031,"Geometry":{"BoundingBox":{"Height":0.012978448532521725,"Left":0.8029859066009521,"Top":0.461210161447525,"Width":0.08551739156246185},"Polygon":[{"X":0.8029859066009521,"Y":0.4612562358379364},{"X":0.8884976506233215,"Y":0.461210161447525},{"X":0.8885033130645752,"Y":0.47414276003837585},{"X":0.8029913306236267,"Y":0.4741886258125305}]},"Id":"7882566c-7151-460a-8570-afbda91b500c","Text":"silom(7/12~)","TextType":"PRINTED"},{"BlockType":"WORD","Confidence":99.73497772216797,"Geometry":{"BoundingBox":{"Height":0.01075393334031105,"Left":0.033670369535684586,"Top":0.48054081201553345,"Width":0.059928201138973236},"Polygon":[{"X":0.033670369535684586,"Y":0.480572909116745},{"X":0.0935959666967392,"Y":0.48054081201553345},{"X":0.09359856694936752,"Y":0.4912627935409546},{"X":0.03367281332612038,"Y":0.4912947714328766}]},"Id":"d9e1bc3a-4958-4ce9-a5d4-ea2d76e63b2c","Text":"19Jan23","TextType":"PRINTED"},{"BlockType":"WORD","Confidence":99.6454086303711,"Geometry":{"BoundingBox":{"Height":0.011584811843931675,"Left":0.10053643584251404,"Top":0.4801505506038666,"Width":0.04514816775918007},"Polygon":[{"X":0.10053643584251404,"Y":0.480174720287323},{"X":0.14568164944648743,"Y":0.4801505506038666},{"X":0.1456845998764038,"Y":0.491711288690567},{"X":0.10053925961256027,"Y":0.4917353689670563}]},"Id":"c454c2fa-9b1f-44fe-9d38-44d3c21570af","Text":"F2203","TextType":"PRINTED"},{"BlockType":"WORD","Confidence":99.86547088623047,"Geometry":{"BoundingBox":{"Height":0.01154280360788107,"Left":0.2632407546043396,"Top":0.4801062345504761,"Width":0.036200813949108124},"Polygon":[{"X":0.2632407546043396,"Y":0.4801256060600281},{"X":0.2994381785392761,"Y":0.4801062345504761},{"X":0.2994415760040283,"Y":0.4916297197341919},{"X":0.26324403285980225,"Y":0.4916490316390991}]},"Id":"82d36ea6-d4df-4732-95f5-e8f3d93a94f9","Text":"0010","TextType":"PRINTED"},{"BlockType":"WORD","Confidence":99.9623031616211,"Geometry":{"BoundingBox":{"Height":0.011524700559675694,"Left":0.3709338307380676,"Top":0.4801980257034302,"Width":0.03573712706565857},"Polygon":[{"X":0.3709338307380676,"Y":0.4802171587944031},{"X":0.4066672623157501,"Y":0.4801980257034302},{"X":0.4066709578037262,"Y":0.49170365929603577},{"X":0.37093740701675415,"Y":0.4917227029800415}]},"Id":"82018bc8-f172-48aa-af9e-4236b89ce7ba","Text":"2252","TextType":"PRINTED"},{"BlockType":"WORD","Confidence":99.57478332519531,"Geometry":{"BoundingBox":{"Height":0.011654779314994812,"Left":0.46062350273132324,"Top":0.4801039695739746,"Width":0.03210153430700302},"Polygon":[{"X":0.46062350273132324,"Y":0.4801211357116699},{"X":0.4927210807800293,"Y":0.4801039695739746},{"X":0.49272504448890686,"Y":0.4917416274547577},{"X":0.46062737703323364,"Y":0.4917587339878082}]},"Id":"133d99ae-bfae-4803-b631-5667d01103e6","Text":"BKK","TextType":"PRINTED"},{"BlockType":"WORD","Confidence":99.9642105102539,"Geometry":{"BoundingBox":{"Height":0.011531531810760498,"Left":0.5473387837409973,"Top":0.48012134432792664,"Width":0.03629978373646736},"Polygon":[{"X":0.5473387837409973,"Y":0.4801407754421234},{"X":0.5836343765258789,"Y":0.48012134432792664},{"X":0.5836385488510132,"Y":0.4916335344314575},{"X":0.547342836856842,"Y":0.49165287613868713}]},"Id":"1ecf50d8-3f5c-4105-98fa-2429e00be8cb","Text":"0310","TextType":"PRINTED"},{"BlockType":"WORD","Confidence":99.8054428100586,"Geometry":{"BoundingBox":{"Height":0.011857718229293823,"Left":0.5900808572769165,"Top":0.4799550175666809,"Width":0.033137187361717224},"Polygon":[{"X":0.5900808572769165,"Y":0.4799727499485016},{"X":0.6232136487960815,"Y":0.4799550175666809},{"X":0.6232180595397949,"Y":0.49179506301879883},{"X":0.5900852084159851,"Y":0.49181273579597473}]},"Id":"9276ddf5-e41b-4660-858a-17217c4f721a","Text":"PUS","TextType":"PRINTED"},{"BlockType":"WORD","Confidence":99.91108703613281,"Geometry":{"BoundingBox":{"Height":0.011450777761638165,"Left":0.6770992875099182,"Top":0.48018017411231995,"Width":0.035842083394527435},"Polygon":[{"X":0.6770992875099182,"Y":0.4801993668079376},{"X":0.7129368185997009,"Y":0.48018017411231995},{"X":0.7129413485527039,"Y":0.4916118383407593},{"X":0.6771036982536316,"Y":0.4916309416294098}]},"Id":"88c1063b-0862-490c-ac6b-a3152752883b","Text":"0835","TextType":"PRINTED"},{"BlockType":"WORD","Confidence":99.95109558105469,"Geometry":{"BoundingBox":{"Height":0.011442113667726517,"Left":0.7201824188232422,"Top":0.48014435172080994,"Width":0.026626430451869965},"Polygon":[{"X":0.7201824188232422,"Y":0.48015859723091125},{"X":0.7468042373657227,"Y":0.48014435172080994},{"X":0.7468088269233704,"Y":0.4915722906589508},{"X":0.7201869487762451,"Y":0.49158647656440735}]},"Id":"de40e898-1dcf-476e-b383-c661f4c8856d","Text":"738","TextType":"PRINTED"},{"BlockType":"WORD","Confidence":99.7713623046875,"Geometry":{"BoundingBox":{"Height":0.011468215845525265,"Left":0.18996602296829224,"Top":0.49895408749580383,"Width":0.023111853748559952},"Polygon":[{"X":0.18996602296829224,"Y":0.49896636605262756},{"X":0.21307475864887238,"Y":0.49895408749580383},{"X":0.2130778729915619,"Y":0.5104100704193115},{"X":0.18996907770633698,"Y":0.5104222893714905}]},"Id":"f359efd7-3e68-46a6-a4e6-9a4d3b232901","Text":"DH","TextType":"PRINTED"},{"BlockType":"WORD","Confidence":99.90050506591797,"Geometry":{"BoundingBox":{"Height":0.01166747510433197,"Left":0.32914164662361145,"Top":0.4988004267215729,"Width":0.03526124730706215},"Polygon":[{"X":0.32914164662361145,"Y":0.4988192021846771},{"X":0.3643992841243744,"Y":0.4988004267215729},{"X":0.3644028902053833,"Y":0.510449230670929},{"X":0.3291451334953308,"Y":0.5104678869247437}]},"Id":"37fc6be8-4f1b-4181-a558-1c02888534b2","Text":"1120","TextType":"PRINTED"},{"BlockType":"WORD","Confidence":99.93783569335938,"Geometry":{"BoundingBox":{"Height":0.011709275655448437,"Left":0.3702659010887146,"Top":0.498846173286438,"Width":0.02800966426730156},"Polygon":[{"X":0.3702659010887146,"Y":0.49886107444763184},{"X":0.3982718586921692,"Y":0.498846173286438},{"X":0.39"
20:09:03.113 [Test worker] DEBUG org.apache.http.wire - http-outgoing-0 << "827558398246765,"Y":0.5105406045913696},{"X":0.3702695369720459,"Y":0.5105554461479187}]},"Id":"5a4dff2f-dd2a-4b25-b3c6-6a6e67344b3d","Text":"AIR","TextType":"PRINTED"},{"BlockType":"WORD","Confidence":99.6854476928711,"Geometry":{"BoundingBox":{"Height":0.011878318153321743,"Left":0.46071553230285645,"Top":0.49877429008483887,"Width":0.03269519284367561},"Polygon":[{"X":0.46071553230285645,"Y":0.4987916648387909},{"X":0.4934066832065582,"Y":0.49877429008483887},{"X":0.49341073632240295,"Y":0.510635256767273},{"X":0.460719496011734,"Y":0.5106526017189026}]},"Id":"5fbefde2-5270-49e8-ae81-3054abb089ad","Text":"PUS","TextType":"PRINTED"},{"BlockType":"WORD","Confidence":99.97943878173828,"Geometry":{"BoundingBox":{"Height":0.011522967368364334,"Left":0.5482648015022278,"Top":0.49893084168434143,"Width":0.035522494465112686},"Polygon":[{"X":0.5482648015022278,"Y":0.49894973635673523},{"X":0.5837830901145935,"Y":0.49893084168434143},{"X":0.5837872624397278,"Y":0.5104349851608276},{"X":0.5482688546180725,"Y":0.5104538202285767}]},"Id":"7425d3c1-0564-4bfb-a6ae-d468bc5f8477","Text":"1000","TextType":"PRINTED"},{"BlockType":"WORD","Confidence":99.84468841552734,"Geometry":{"BoundingBox":{"Height":0.011774785816669464,"Left":0.589845597743988,"Top":0.4987477958202362,"Width":0.03688067942857742},"Polygon":[{"X":0.589845597743988,"Y":0.4987674355506897},{"X":0.6267218589782715,"Y":0.4987477958202362},{"X":0.6267262697219849,"Y":0.5105030536651611},{"X":0.5898498892784119,"Y":0.5105226039886475}]},"Id":"7dc723f9-d32a-4120-86ac-528ee9c9b040","Text":"GMP","TextType":"PRINTED"},{"BlockType":"WORD","Confidence":99.96444702148438,"Geometry":{"BoundingBox":{"Height":0.011523096822202206,"Left":0.6780577898025513,"Top":0.4989522397518158,"Width":0.03506162017583847},"Polygon":[{"X":0.6780577898025513,"Y":0.4989708960056305},{"X":0.713114857673645,"Y":0.4989522397518158},{"X":0.713119387626648,"Y":0.5104567408561707},{"X":0.6780622601509094,"Y":0.5104753375053406}]},"Id":"60a5a23f-3c17-4bdb-9178-4961d444816c","Text":"1100","TextType":"PRINTED"},{"BlockType":"WORD","Confidence":99.76765441894531,"Geometry":{"BoundingBox":{"Height":0.011733409017324448,"Left":0.033362388610839844,"Top":0.5174232125282288,"Width":0.06049075350165367},"Polygon":[{"X":0.033362388610839844,"Y":0.5174552202224731},{"X":0.09385030716657639,"Y":0.5174232125282288},{"X":0.09385314583778381,"Y":0.5291247367858887},{"X":0.03336505591869354,"Y":0.5291566252708435}]},"Id":"da43d225-d2d3-47e9-97e3-f5de301357de","Text":"20Jan23","TextType":"PRINTED"},{"BlockType":"WORD","Confidence":99.9750747680664,"Geometry":{"BoundingBox":{"Height":0.011663301847875118,"Left":0.3709885776042938,"Top":0.5172313451766968,"Width":0.0315752811729908},"Polygon":[{"X":0.3709885776042938,"Y":0.5172480344772339},{"X":0.40256014466285706,"Y":0.5172313451766968},{"X":0.4025638699531555,"Y":0.5288780331611633},{"X":0.3709922134876251,"Y":0.5288946628570557}]},"Id":"bcb5fa65-f110-49f0-8fd4-27039ac0deda","Text":"OFF","TextType":"PRINTED"},{"BlockType":"WORD","Confidence":99.73001098632812,"Geometry":{"BoundingBox":{"Height":0.011995515786111355,"Left":0.46032944321632385,"Top":0.5170944929122925,"Width":0.03651488944888115},"Polygon":[{"X":0.46032944321632385,"Y":0.5171138048171997},{"X":0.496840238571167,"Y":0.5170944929122925},{"X":0.4968443214893341,"Y":0.5290707945823669},{"X":0.4603334367275238,"Y":0.5290899872779846}]},"Id":"942ce159-0a80-4c89-b49a-9fdedffbcf94","Text":"GMP","TextType":"PRINTED"},{"BlockType":"WORD","Confidence":99.84317779541016,"Geometry":{"BoundingBox":{"Height":0.011520323343575,"Left":0.5472474098205566,"Top":0.5173590779304504,"Width":0.036490298807621},"Polygon":[{"X":0.5472474098205566,"Y":0.5173783898353577},{"X":0.5837335586547852,"Y":0.5173590779304504},{"X":0.5837377309799194,"Y":0.5288602113723755},{"X":0.5472515225410461,"Y":0.5288794040679932}]},"Id":"0a16eb4f-e09c-4106-8052-be6313e4e93c","Text":"0000","TextType":"PRINTED"},{"BlockType":"WORD","Confidence":99.81896209716797,"Geometry":{"BoundingBox":{"Height":0.011934707872569561,"Left":0.5897829532623291,"Top":0.5170618891716003,"Width":0.03691994771361351},"Polygon":[{"X":0.5897829532623291,"Y":0.5170814394950867},{"X":0.6266984343528748,"Y":0.5170618891716003},{"X":0.6267029047012329,"Y":0.5289771556854248},{"X":0.5897873044013977,"Y":0.5289965867996216}]},"Id":"6b0c61ed-b1fb-48a7-9403-bc525fa1fb45","Text":"GMP","TextType":"PRINTED"},{"BlockType":"WORD","Confidence":99.94174194335938,"Geometry":{"BoundingBox":{"Height":0.011515782214701176,"Left":0.6771921515464783,"Top":0.5172774791717529,"Width":0.035898949950933456},"Polygon":[{"X":0.6771921515464783,"Y":0.5172964334487915},{"X":0.7130865454673767,"Y":0.5172774791717529},{"X":0.7130911350250244,"Y":0.5287743210792542},{"X":0.6771966218948364,"Y":0.528793215751648}]},"Id":"6fc15300-45f0-4760-b1b0-5118ad7f7ddc","Text":"2359","TextType":"PRINTED"},{"BlockType":"WORD","Confidence":99.4648666381836,"Geometry":{"BoundingBox":{"Height":0.011951318942010403,"Left":0.03333795815706253,"Top":0.5360490083694458,"Width":0.06029750034213066},"Polygon":[{"X":0.03333795815706253,"Y":0.5360806584358215},{"X":0.09363257139921188,"Y":0.5360490083694458},{"X":0.09363546222448349,"Y":0.5479687452316284},{"X":0.03334067389369011,"Y":0.5480003356933594}]},"Id":"6a8739f6-5609-4410-a09e-4e226b42e182","Text":"21Jan23","TextType":"PRINTED"},{"BlockType":"WORD","Confidence":99.87303161621094,"Geometry":{"BoundingBox":{"Height":0.011952162720263004,"Left":0.10068972408771515,"Top":0.5360180735588074,"Width":0.045081619173288345},"Polygon":[{"X":0.10068972408771515,"Y":0.5360417366027832},{"X":0.14576829969882965,"Y":0.5360180735588074},{"X":0.1457713395357132,"Y":0.5479466319084167},{"X":0.10069263726472855,"Y":0.5479702353477478}]},"Id":"9a309124-e243-472a-a80f-06074c70b016","Text":"F1602","TextType":"PRINTED"},{"BlockType":"WORD","Confidence":99.91485595703125,"Geometry":{"BoundingBox":{"Height":0.011523674242198467,"Left":0.2633068859577179,"Top":0.5362828373908997,"Width":0.03608034923672676},"Polygon":[{"X":0.2633068859577179,"Y":0.5363017916679382},{"X":0.29938387870788574,"Y":0.5362828373908997},{"X":0.29938724637031555,"Y":0.547787606716156},{"X":0.26331016421318054,"Y":0.5478065013885498}]},"Id":"009e1a13-6a88-48bb-9901-746d4d6e805e","Text":"0900","TextType":"PRINTED"},{"BlockType":"WORD","Confidence":99.98047637939453,"Geometry":{"BoundingBox":{"Height":0.011639284901320934,"Left":0.37145382165908813,"Top":0.5361830592155457,"Width":0.035317495465278625},"Polygon":[{"X":0.37145382165908813,"Y":0.5362016558647156},{"X":0.4067676067352295,"Y":0.5361830592155457},{"X":0.40677130222320557,"Y":0.5478038787841797},{"X":0.37145742774009705,"Y":0.5478223562240601}]},"Id":"0443a7d2-27bc-4091-92e9-2632fcc44fad","Text":"1602","TextType":"PRINTED"},{"BlockType":"WORD","Confidence":99.80952453613281,"Geometry":{"BoundingBox":{"Height":0.011759769171476364,"Left":0.4604717791080475,"Top":0.5361071825027466,"Width":0.027766793966293335},"Polygon":[{"X":0.4604717791080475,"Y":0.5361217260360718},{"X":0.48823457956314087,"Y":0.5361071825027466},{"X":0.4882385730743408,"Y":0.5478523969650269},{"X":0.4604756832122803,"Y":0.547866940498352}]},"Id":"4dbcf366-0599-41d0-83d3-a04d8d9a5524","Text":"ICN","TextType":"PRINTED"},{"BlockType":"WORD","Confidence":99.97926330566406,"Geometry":{"BoundingBox":{"Height":0.011446771211922169,"Left":0.5481348037719727,"Top":0.5362316966056824,"Width":0.0355113260447979},"Polygon":[{"X":0.5481348037719727,"Y":0.5362503528594971},{"X":0.5836419463157654,"Y":0.5362316966056824},{"X":0.5836461186408997,"Y":0.5476598739624023},{"X":0.5481388568878174,"Y":0.5476784706115723}]},"Id":"2bf46f1b-0fa7-4965-8359-3bc7f8581e65","Text":"1110","TextType":"PRINTED"},{"BlockType":"WORD","Confidence":99.67170715332031,"Geometry":{"BoundingBox":{"Height":0.01195836067199707,"Left":0.5900237560272217,"Top":0.5360329747200012,"Width":0.036555394530296326},"Polygon":[{"X":0.5900237560272217,"Y":0.5360522270202"
20:09:03.115 [Test worker] DEBUG org.apache.http.wire - http-outgoing-0 << "637},{"X":0.6265746355056763,"Y":0.5360329747200012},{"X":0.6265791058540344,"Y":0.5479722619056702},{"X":0.5900281071662903,"Y":0.5479913353919983}]},"Id":"6e5f7338-ed5c-4fcf-aafd-08b6a104c80b","Text":"NGO","TextType":"PRINTED"},{"BlockType":"WORD","Confidence":99.9554672241211,"Geometry":{"BoundingBox":{"Height":0.011514346115291119,"Left":0.6779778003692627,"Top":0.5361647009849"
20:09:03.115 [Test worker] DEBUG org.apache.http.wire - http-outgoing-0 << "548,"Width":0.035428572446107864},"Polygon":[{"X":0.6779778003692627,"Y":0.5361832976341248},{"X":0.7134018540382385,"Y":0.5361647009849548},{"X":0.7134063839912415,"Y":0.5476605296134949},{"X":0.6779822707176208,"Y":0.54767906665802}]},"Id":"69cab690-7de3-4e57-b72d-7f3d11cbd1ac","Text":"1300","TextType":"PRINTED"},{"BlockType":"WORD","Confidence":99.94789123535156,"Geometry":{"BoundingBox":{"Height":0.01153621356934309,"Left":0.7200285792350769,"Top":0.5361219644546509,"Width":0.026889020577073097},"Polygon":[{"X":0.7200285792350769,"Y":0.5361360907554626},{"X":0.746912956237793,"Y":0.5361219644546509},{"X":0.7469176054000854,"Y":0.5476440787315369},{"X":0.7200331091880798,"Y":0.5476581454277039}]},"Id":"bf2456b0-262f-42ee-8ca1-57ebd145c0c0","Text":"738","TextType":"PRINTED"},{"BlockType":"WORD","Confidence":99.90473937988281,"Geometry":{"BoundingBox":{"Height":0.011817604303359985,"Left":0.32892537117004395,"Top":0.5543727874755859,"Width":0.03549884259700775},"Polygon":[{"X":0.32892537117004395,"Y":0.55439"
20:09:03.116 [Test worker] DEBUG org.apache.http.wire - http-outgoing-0 << "13245201111},{"X":0.3644205629825592,"Y":0.5543727874755859},{"X":0.3644241988658905,"Y":0.5661719441413879},{"X":0.3289289176464081,"Y":0.5661904215812683}]},"Id":"03a42dfc-53e0-4c08-95a9-f00ed650a853","Text":"1700","TextType":"PRINTED"},{"BlockType":"WORD","Confidence":99.95893096923828,"Geometry":{"BoundingBox":{"Height":0.01169805508106947,"Left":0.3714347183704376,"Top":0.5544710755348206,"Width":0.033406831324100494},"Polygon":[{"X":0.3714347183704376,"Y":0.5544885396957397},{"X":0.40483781695365906,"Y":0.5544710755348206},{"X":0.4048415720462799,"Y":0.5661517977714539},{"X":0.3714383542537689,"Y":0.5661691427230835}]},"Id":"74e0ca85-a3fb-40b4-8411-e0f771490103","Text":"1601","TextType":"PRINTED"},{"BlockType":"WORD","Confidence":99.69318389892578,"Geometry":{"BoundingBox":{"Height":0.011785867623984814,"Left":0.4605816602706909,"Top":0.5545096397399902,"Width":0.03643771633505821},"Polygon":[{"X":0.4605816602706909,"Y":0.5545287132263184},{"X":0.4970153570175171,"Y":0.5545096397399902},{"X":0.49701938033103943,"Y":0.5662766098976135},{"X":0.4605855941772461,"Y":0.5662955641746521}]},"Id":"4e9f9a07-2e6f-4dae-b1ad-ed731b1bde0d","Text":"NGO","TextType":"PRINTED"},{"BlockType":"WORD","Confidence":99.97835540771484,"Geometry":{"BoundingBox":{"Height":0.011442725546658039,"Left":0.5483390688896179,"Top":0.5545311570167542,"Width":0.0352003276348114},"Polygon":[{"X":0.5483390688896179,"Y":0.5545495748519897},{"X":0.5835352540016174,"Y":0.5545311570167542},{"X":0.5835394263267517,"Y":0.5659555792808533},{"X":0.5483431220054626,"Y":0.5659738779067993}]},"Id":"60eb15ee-6d4b-4902-8b92-ff89be7e9043","Text":"1350","TextType":"PRINTED"},{"BlockType":"WORD","Confidence":99.81702423095703,"Geometry":{"BoundingBox":{"Height":0.011798474006354809,"Left":0.5901575684547424,"Top":0.5544384717941284,"Width":0.027713414281606674},"Polygon":[{"X":0.5901575684547424,"Y":0.5544529557228088},{"X":0.617866575717926,"Y":0.5544384717941284},{"X":0.6178709864616394,"Y":0.5662225484848022},{"X":0.5901618599891663,"Y":0.5662369728088379}]},"Id":"5677b5aa-843f-4db9-aa37-f85d35372413","Text":"ICN","TextType":"PRINTED"},{"BlockType":"WORD","Confidence":99.96390533447266,"Geometry":{"BoundingBox":{"Height":0.011455046012997627,"Left":0.6780585050582886,"Top":0.5546037554740906,"Width":0.035078730434179306},"Polygon":[{"X":0.6780585050582886,"Y":0.5546220541000366},{"X":0.7131327390670776,"Y":0.5546037554740906},{"X":0.7131372690200806,"Y":0.566040575504303},{"X":0.678062915802002,"Y":0.5660588145256042}]},"Id":"53aac458-d278-4d18-b23e-a5ad909692aa","Text":"1600","TextType":"PRINTED"},{"BlockType":"WORD","Confidence":99.95074462890625,"Geometry":{"BoundingBox":{"Height":0.011368537321686745,"Left":0.7201148867607117,"Top":0.5545923113822937,"Width":0.026515284553170204},"Polygon":[{"X":0.7201148867607117,"Y":0.5546061992645264},{"X":0.746625542640686,"Y":0.5545923113822937},{"X":0.7466301321983337,"Y":0.5659470558166504},{"X":0.7201193571090698,"Y":0.5659608840942383}]},"Id":"4784e166-6fb6-4424-a7eb-da6151b2925a","Text":"738","TextType":"PRINTED"},{"BlockType":"WORD","Confidence":99.8850326538086,"Geometry":{"BoundingBox":{"Height":0.011865747161209583,"Left":0.03323306515812874,"Top":0.5732312202453613,"Width":0.06056695803999901},"Polygon":[{"X":0.03323306515812874,"Y":0.573262631893158},{"X":0.09379715472459793,"Y":0.5732312202453613},{"X":0.09380002319812775,"Y":0.5850656628608704},{"X":0.033235762268304825,"Y":0.5850969552993774}]},"Id":"03b1ed6d-9f6c-43b6-aa5a-80f7753b474d","Text":"22Jan23","TextType":"PRINTED"},{"BlockType":"WORD","Confidence":99.70063781738281,"Geometry":{"BoundingBox":{"Height":0.011824308894574642,"Left":0.3703107535839081,"Top":0.5731639862060547,"Width":0.03356003388762474},"Polygon":[{"X":0.3703107535839081,"Y":0.5731813907623291},{"X":0.4038670063018799,"Y":0.5731639862060547},{"X":0.4038707911968231,"Y":0.5849709510803223},{"X":0.37031441926956177,"Y":0.5849882960319519}]},"Id":"981e4863-b7fd-4bc5-bc78-55f3fdf5fe77","Text":"VAC","TextType":"PRINTED"},{"BlockType":"WORD","Confidence":99.71207427978516,"Geometry":{"BoundingBox":{"Height":0.011887770146131516,"Left":0.4603632390499115,"Top":0.5731490850448608,"Width":0.03661838918924332},"Polygon":[{"X":0.4603632390499115,"Y":0.5731680989265442},{"X":0.4969775676727295,"Y":0.5731490850448608},{"X":0.4969816207885742,"Y":0.5850179195404053},{"X":0.46036720275878906,"Y":0.5850368738174438}]},"Id":"ada18e8e-ea53-45ec-90c5-eb4abb12e9ac","Text":"GMP","TextType":"PRINTED"},{"BlockType":"WORD","Confidence":99.85963439941406,"Geometry":{"BoundingBox":{"Height":0.011337220668792725,"Left":0.5473150610923767,"Top":0.5734527111053467,"Width":0.03645644709467888},"Polygon":[{"X":0.5473150610923767,"Y":0.5734716653823853},{"X":0.5837674140930176,"Y":0.5734527111053467},{"X":0.5837715268135071,"Y":0.5847710967063904},{"X":0.5473190546035767,"Y":0.5847899317741394}]},"Id":"dd7d2b0a-1e14-48e4-b3fb-0d74a5afcc0e","Text":"0000","TextType":"PRINTED"},{"BlockType":"WORD","Confidence":99.82353973388672,"Geometry":{"BoundingBox":{"Height":0.011941586621105671,"Left":0.5898481607437134,"Top":0.5730257034301758,"Width":0.03672099485993385},"Polygon":[{"X":0.5898481607437134,"Y":0.5730447769165039},{"X":0.6265646815299988,"Y":0.5730257034301758},{"X":0.6265691518783569,"Y":0.5849483013153076},{"X":0.589852511882782,"Y":0.5849672555923462}]},"Id":"22f9bbb5-6037-4034-8b4a-a92b86d4ca7f","Text":"GMP","TextType":"PRINTED"},{"BlockType":"WORD","Confidence":99.94998931884766,"Geometry":{"BoundingBox":{"Height":0.01137691829353571,"Left":0.677297830581665,"Top":0.5733838081359863,"Width":0.03565831109881401},"Polygon":[{"X":0.677297830581665,"Y":0.5734022855758667},{"X":0.71295166015625,"Y":0.5733838081359863},{"X":0.7129561901092529,"Y":0.5847422480583191},{"X":0.6773022413253784,"Y":0.5847607254981995}]},"Id":"ea31eacd-88f9-46e8-ae6b-68a5360b416d","Text":"2359","TextType":"PRINTED"},{"BlockType":"WORD","Confidence":99.63682556152344,"Geometry":{"BoundingBox":{"Height":0.011652837507426739,"Left":0.03322979807853699,"Top":0.5917486548423767,"Width":0.06048106402158737},"Polygon":[{"X":0.03322979807853699,"Y":0.5917798280715942},{"X":0.09370803833007812,"Y":0.5917486548423767},{"X":0.09371086210012436,"Y":0.6033704280853271},{"X":0.033232443034648895,"Y":0.6034014821052551}]},"Id":"b024009d-6bf8-407a-8dfd-061bfc2fa39d","Text":"23Jan23","TextType":"PRINTED"},{"BlockType":"WORD","Confidence":99.97496795654297,"Geometry":{"BoundingBox":{"Height":0.011722096242010593,"Left":0.3709102272987366,"Top":0.5916902422904968,"Width":0.03192771226167679},"Polygon":[{"X":0.3709102272987366,"Y":0.5917066931724548},{"X":0.4028342068195343,"Y":0.5916902422904968},{"X":0.40283793210983276,"Y":0.603395938873291},{"X":0.37091386318206787,"Y":0.6034123301506042}]},"Id":"4db7ede9-3909-4c30-9cb0-2d1248b6a42e","Text":"OFF","TextType":"PRINTED"},{"BlockType":"WORD","Confidence":99.75254821777344,"Geometry":{"BoundingBox":{"Height":0.012037983164191246,"Left":0.46057233214378357,"Top":0.5914390087127686,"Width":0.03665178269147873},"Polygon":[{"X":0.46057233214378357,"Y":0.5914579033851624},{"X":0.497219979763031,"Y":0.5914390087127686},{"X":0.4972240924835205,"Y":0.6034581661224365},{"X":0.4605763256549835,"Y":0.6034769415855408}]},"Id":"11091b5f-bb54-4ad0-8def-5e7c7bed3a88","Text":"GMP","TextType":"PRINTED"},{"BlockType":"WORD","Confidence":99.85604858398438,"Geometry":{"BoundingBox":{"Height":0.011488809250295162,"Left":0.5474169254302979,"Top":0.5917636156082153,"Width":0.03622359037399292},"Polygon":[{"X":0.5474169254302979,"Y":0.59178227186203},{"X":0.5836363434791565,"Y":0.5917636156082153},{"X":0.5836405158042908,"Y":0.603233814239502},{"X":0.5474209785461426,"Y":0.6032524108886719}]},"Id":"dee7eb2e-e0b5-4c54-bd50-a17dd999b879","Text":"0000","TextType":"PRINTED"},{"BlockType":"WORD","Confidence":99.80042266845703,"Geometry":{"BoundingBox":{"Height":0.012002833187580109,"Left":0.5899520516395569,"Top":0.591454267501831,"Width":0.0367550365626812},"Pol"
20:09:03.118 [Test worker] DEBUG org.apache.http.wire - http-outgoing-0 << "ygon":[{"X":0.5899520516395569,"Y":0.5914732217788696},{"X":0.626702606678009,"Y":0.591454267501831},{"X":0.6267070770263672,"Y":0.6034381985664368},{"X":0.5899564027786255,"Y":0.6034570932388306}]},"Id":"9520c512-0e00-4d03-9a4f-b49fa82bbe6f","Text":"GMP","TextType":"PRINTED"},{"BlockType":"WORD","Confidence":99.96878814697266,"Geometry":{"BoundingBox":{"Height":0.011454366147518158,"Left":0.677375853061676,"Top":0.5917319655418396,"Width":0.03575979173183441},"Polygon":[{"X":0.677375853061676,"Y":0.5917503833770752},{"X":0.7131311297416687,"Y":0.5917319655418396},{"X":0.7131356596946716,"Y":0.6031679511070251},{"X":0.6773803234100342,"Y":0.603186309337616}]},"Id":"3f63f7b1-cb4b-4f6f-a14f-393e0587173b","Text":"2359","TextType":"PRINTED"},{"BlockType":"WORD","Confidence":99.62071228027344,"Geometry":{"BoundingBox":{"Height":0.011157102882862091,"Left":0.032799411565065384,"Top":0.610939621925354,"Width":0.061174631118774414},"Polygon":[{"X":0.032799411565065384,"Y":0.6109709143638611},{"X":0.09397134929895401,"Y":0.610939621925354},{"X":0.0939740464091301,"Y":0.6220654845237732},{"X":0.03280194476246834,"Y":0.6220967173576355}]},"Id":"e274b196-8076-49b7-abc7-b4f42542a020","Text":"24Jan23","TextType":"PRINTED"},{"BlockType":"WORD","Confidence":99.90299224853516,"Geometry":{"BoundingBox":{"Height":0.011923704296350479,"Left":0.10066753625869751,"Top":0.6104517579078674,"Width":0.04690852761268616},"Polygon":[{"X":0.10066753625869751,"Y":0.6104758381843567},{"X":0.14757302403450012,"Y":0.6104517579078674},{"X":0.14757606387138367,"Y":0.6223515272140503},{"X":0.10067044198513031,"Y":0.62237548828125}]},"Id":"6d3b5ccf-a05d-4cfc-9abb-bb2b52701c27","Text":"F105B","TextType":"PRINTED"},{"BlockType":"WORD","Confidence":99.96131134033203,"Geometry":{"BoundingBox":{"Height":0.011553489603102207,"Left":0.2632101774215698,"Top":0.610674262046814,"Width":0.03630809113383293},"Polygon":[{"X":0.2632101774215698,"Y":0.6106928586959839},{"X":0.29951488971710205,"Y":0.610674262046814},{"X":0.29951825737953186,"Y":0.6222091913223267},{"X":0.26321345567703247,"Y":0.6222277283668518}]},"Id":"7d4490e8-d118-4f5d-a5fc-3c2e7e2fdd4e","Text":"0640","TextType":"PRINTED"},{"BlockType":"WORD","Confidence":99.98039245605469,"Geometry":{"BoundingBox":{"Height":0.011555943638086319,"Left":0.3715943992137909,"Top":0.610629677772522,"Width":0.02642953023314476},"Polygon":[{"X":0.3715943992137909,"Y":0.610643208026886},{"X":0.39802026748657227,"Y":0.610629677772522},{"X":0.39802393317222595,"Y":0.6221721172332764},{"X":0.3715979754924774,"Y":0.6221856474876404}]},"Id":"426f0f89-3482-4e50-9a09-01c96e1a11e7","Text":"105","TextType":"PRINTED"},{"BlockType":"WORD","Confidence":99.8085708618164,"Geometry":{"BoundingBox":{"Height":0.01210166048258543,"Left":0.4603142738342285,"Top":0.6103689074516296,"Width":0.03682995215058327},"Polygon":[{"X":0.4603142738342285,"Y":0.6103877425193787},{"X":0.4971400797367096,"Y":0.6103689074516296},{"X":0.4971442222595215,"Y":0.6224517822265625},{"X":0.46031829714775085,"Y":0.6224705576896667}]},"Id":"c8731568-b52a-4798-9056-f648c46c1618","Text":"GMP","TextType":"PRINTED"},{"BlockType":"WORD","Confidence":99.92636108398438,"Geometry":{"BoundingBox":{"Height":0.011644556187093258,"Left":0.5473451018333435,"Top":0.6105669140815735,"Width":0.036321625113487244},"Polygon":[{"X":0.5473451018333435,"Y":0.6105855107307434},{"X":0.5836625099182129,"Y":0.6105669140815735},{"X":0.5836666822433472,"Y":0.622192919254303},{"X":0.547349214553833,"Y":0.6222114562988281}]},"Id":"3b864a89-3960-457d-894d-b1c3ed0e5155","Text":"0750","TextType":"PRINTED"},{"BlockType":"WORD","Confidence":99.07391357421875,"Geometry":{"BoundingBox":{"Height":0.011867672204971313,"Left":0.5897983908653259,"Top":0.6105068325996399,"Width":0.03142053261399269},"Polygon":[{"X":0.5897983908653259,"Y":0.6105229258537292},{"X":0.6212145090103149,"Y":0.6105068325996399},{"X":0.6212189197540283,"Y":0.622358500957489},{"X":0.5898026823997498,"Y":0.6223745346069336}]},"Id":"e8f40236-3e1b-4942-9572-cdc09644f027","Text":"CJU","TextType":"PRINTED"},{"BlockType":"WORD","Confidence":99.83085632324219,"Geometry":{"BoundingBox":{"Height":0.011680285446345806,"Left":0.6768193244934082,"Top":0.6105642318725586,"Width":0.03662893921136856},"Polygon":[{"X":0.6768193244934082,"Y":0.6105829477310181},{"X":0.7134436964988708,"Y":0.6105642318725586},{"X":0.7134482860565186,"Y":0.622225821018219},{"X":0.6768238544464111,"Y":0.6222444772720337}]},"Id":"023214db-1ebe-44ea-ab78-f23b76b51734","Text":"0900","TextType":"PRINTED"},{"BlockType":"WORD","Confidence":99.95230865478516,"Geometry":{"BoundingBox":{"Height":0.011806336231529713,"Left":0.7199961543083191,"Top":0.6104298830032349,"Width":0.02687498740851879},"Polygon":[{"X":0.7199961543083191,"Y":0.610443651676178},{"X":0.7468663454055786,"Y":0.6104298830032349},{"X":0.7468711137771606,"Y":0.6222224831581116},{"X":0.7200008034706116,"Y":0.6222361922264099}]},"Id":"e5c727bb-a229-4393-9035-fae8cadf1728","Text":"738","TextType":"PRINTED"},{"BlockType":"WORD","Confidence":99.97527313232422,"Geometry":{"BoundingBox":{"Height":0.011308971792459488,"Left":0.37091752886772156,"Top":0.6290813684463501,"Width":0.02706267684698105},"Polygon":[{"X":0.37091752886772156,"Y":0.6290951371192932},{"X":0.3979766368865967,"Y":0.6290813684463501},{"X":0.3979802131652832,"Y":0.640376627445221},{"X":0.3709210455417633,"Y":0.6403903365135193}]},"Id":"3ec0d1be-97ed-431d-8002-153387a679d0","Text":"802","TextType":"PRINTED"},{"BlockType":"WORD","Confidence":99.53399658203125,"Geometry":{"BoundingBox":{"Height":0.011649634689092636,"Left":0.46028828620910645,"Top":0.6289094686508179,"Width":0.031343135982751846},"Polygon":[{"X":0.46028828620910645,"Y":0.6289253830909729},{"X":0.49162745475769043,"Y":0.6289094686508179},{"X":0.491631418466568,"Y":0.6405431628227234},{"X":0.46029216051101685,"Y":0.6405590772628784}]},"Id":"98eead70-2360-4da1-bc99-0866760fb187","Text":"CJU","TextType":"PRINTED"},{"BlockType":"WORD","Confidence":99.96925354003906,"Geometry":{"BoundingBox":{"Height":0.011403107084333897,"Left":0.5473141074180603,"Top":0.6290615200996399,"Width":0.03641087934374809},"Polygon":[{"X":0.5473141074180603,"Y":0.629080057144165},{"X":0.583720862865448,"Y":0.6290615200996399},{"X":0.5837249755859375,"Y":0.6404461860656738},{"X":0.547318160533905,"Y":0.6404646635055542}]},"Id":"2a3a4f28-a941-455e-8851-7df50bb31795","Text":"0940","TextType":"PRINTED"},{"BlockType":"WORD","Confidence":98.35910034179688,"Geometry":{"BoundingBox":{"Height":0.01167078036814928,"Left":0.5898116827011108,"Top":0.62889564037323,"Width":0.027926689013838768},"Polygon":[{"X":0.5898116827011108,"Y":0.6289098858833313},{"X":0.6177340149879456,"Y":0.62889564037323},{"X":0.6177383661270142,"Y":0.640552282333374},{"X":0.5898159146308899,"Y":0.6405664086341858}]},"Id":"d9b990ab-b8a4-4451-93f2-392e21e9482c","Text":"CJJ","TextType":"PRINTED"},{"BlockType":"WORD","Confidence":99.94271087646484,"Geometry":{"BoundingBox":{"Height":0.011434806510806084,"Left":0.6780428290367126,"Top":0.6289641261100769,"Width":0.03520458936691284},"Polygon":[{"X":0.6780428290367126,"Y":0.6289820075035095},{"X":0.7132428884506226,"Y":0.6289641261100769},{"X":0.7132474184036255,"Y":0.6403810381889343},{"X":0.678047239780426,"Y":0.6403989195823669}]},"Id":"6a07a9e3-cdd4-4af4-9c38-44d651f606cb","Text":"1040","TextType":"PRINTED"},{"BlockType":"WORD","Confidence":99.95040130615234,"Geometry":{"BoundingBox":{"Height":0.01144416257739067,"Left":0.7200606465339661,"Top":0.6288579106330872,"Width":0.026734493672847748},"Polygon":[{"X":0.7200606465339661,"Y":0.628871500492096},{"X":0.7467905282974243,"Y":0.6288579106330872},{"X":0.746795117855072,"Y":0.6402884721755981},{"X":0.720065176486969,"Y":0.6403020620346069}]},"Id":"9d1ffe74-3d47-4c78-89ac-d9b03c833319","Text":"738","TextType":"PRINTED"},{"BlockType":"WORD","Confidence":99.93109893798828,"Geometry":{"BoundingBox":{"Height":0.011931543238461018,"Left":0.10065751522779465,"Top":0.6475311517715454,"Widt"
20:09:03.119 [Test worker] DEBUG org.apache.http.wire - http-outgoing-0 << "h":0.04671267420053482},"Polygon":[{"X":0.10065751522779465,"Y":0.6475547552108765},{"X":0.14736714959144592,"Y":0.6475311517715454},{"X":0.14737018942832947,"Y":0.6594391465187073},{"X":0.10066042840480804,"Y":0.6594626903533936}]},"Id":"5d7543da-9afe-4614-9bc8-668fccc20c6d","Text":"F105B","TextType":"PRINTED"},{"BlockType":"WORD","Confidence":99.94050598144531,"Geometry":{"Boundi"
20:09:03.120 [Test worker] DEBUG org.apache.http.wire - http-outgoing-0 << "ngBox":{"Height":0.011872552335262299,"Left":0.37101686000823975,"Top":0.647391140460968,"Width":0.02529969811439514},"Polygon":[{"X":0.37101686000823975,"Y":0.6474039554595947},{"X":0.39631277322769165,"Y":0.647391140460968},{"X":0.3963165581226349,"Y":0.6592509746551514},{"X":0.37102052569389343,"Y":0.6592637300491333}]},"Id":"cf8d482d-3ad3-43dd-b8fd-77cc128d196b","Text":"801","TextType":"PRINTED"},{"BlockType":"WORD","Confidence":99.51226806640625,"Geometry":{"BoundingBox":{"Height":0.011701839976012707,"Left":0.46028807759284973,"Top":0.6477429270744324,"Width":0.027455702424049377},"Polygon":[{"X":0.46028807759284973,"Y":0.647756814956665},{"X":0.48773980140686035,"Y":0.6477429270744324},{"X":0.4877437651157379,"Y":0.6594309210777283},{"X":0.46029195189476013,"Y":0.6594447493553162}]},"Id":"c3ed16d1-bb03-4831-85f5-7b1ea0a1591d","Text":"CJJ","TextType":"PRINTED"},{"BlockType":"WORD","Confidence":99.96654510498047,"Geometry":{"BoundingBox":{"Height":0.011629334650933743,"Left":0.5482503175735474,"Top":0.64"
20:09:03.120 [Test worker] DEBUG org.apache.http.wire - http-outgoing-0 << "7518515586853,"Width":0.03512671962380409},"Polygon":[{"X":0.5482503175735474,"Y":0.6475362777709961},{"X":0.5833727717399597,"Y":0.647518515586853},{"X":0.5833770036697388,"Y":0.6591301560401917},{"X":0.5482544302940369,"Y":0.6591478586196899}]},"Id":"dedf9032-602f-464b-be23-01775d3edc46","Text":"1130","TextType":"PRINTED"},{"BlockType":"WORD","Confidence":99.21173095703125,"Geometry":{"BoundingBox":{"Height":0.01174282468855381,"Left":0.5898569226264954,"Top":0.6475369930267334,"Width":0.03127262368798256},"Polygon":[{"X":0.5898569226264954,"Y":0.6475527882575989},{"X":0.6211251616477966,"Y":0.6475369930267334},{"X":0.6211295127868652,"Y":0.6592640280723572},{"X":0.5898612141609192,"Y":0.6592798233032227}]},"Id":"43a40b2d-9af9-48d2-9d8f-bdc52e9d81b4","Text":"CJU","TextType":"PRINTED"},{"BlockType":"WORD","Confidence":99.92192077636719,"Geometry":{"BoundingBox":{"Height":0.011548285372555256,"Left":0.6781332492828369,"Top":0.6476311087608337,"Width":0.03506527468562126},"Polygon":[{"X":0.6781332492828369,"Y":0.6476488709449768},{"X":0.713193953037262,"Y":0.6476311087608337},{"X":0.7131985425949097,"Y":0.6591617465019226},{"X":0.6781377196311951,"Y":0.6591793894767761}]},"Id":"7a3c67ef-2885-4f7f-970a-b7f054c27b2e","Text":"1240","TextType":"PRINTED"},{"BlockType":"WORD","Confidence":99.95133209228516,"Geometry":{"BoundingBox":{"Height":0.01145669724792242,"Left":0.7199463844299316,"Top":0.6476791501045227,"Width":0.026843665167689323},"Polygon":[{"X":0.7199463844299316,"Y":0.6476927399635315},{"X":0.7467854619026184,"Y":0.6476791501045227},{"X":0.7467900514602661,"Y":0.6591222882270813},{"X":0.7199509143829346,"Y":0.6591358184814453}]},"Id":"61786a13-66eb-4256-a3d0-61c798b4bb4a","Text":"738","TextType":"PRINTED"},{"BlockType":"WORD","Confidence":99.8086929321289,"Geometry":{"BoundingBox":{"Height":0.01176647562533617,"Left":0.3289998769760132,"Top":0.6661418676376343,"Width":0.03527374938130379},"Polygon":[{"X":0.3289998769760132,"Y":0.6661596298217773},{"X":0.36427000164985657,"Y":0.6661418676376343},{"X":0.36427363753318787,"Y":0.6778907179832458},{"X":0.3290034234523773,"Y":0.6779083609580994}]},"Id":"a4fbaa7a-2b9d-4bb4-ad98-0eedb4b77b6e","Text":"1435","TextType":"PRINTED"},{"BlockType":"WORD","Confidence":99.84693908691406,"Geometry":{"BoundingBox":{"Height":0.011475973762571812,"Left":0.3709922432899475,"Top":0.6662725806236267,"Width":0.026911331340670586},"Polygon":[{"X":0.3709922432899475,"Y":0.6662861108779907},{"X":0.39789992570877075,"Y":0.6662725806236267},{"X":0.39790356159210205,"Y":0.6777350902557373},{"X":0.37099581956863403,"Y":0.6777485609054565}]},"Id":"c2ec81ca-9be5-465c-8289-30d304a4fa0c","Text":"506","TextType":"PRINTED"},{"BlockType":"WORD","Confidence":99.62403869628906,"Geometry":{"BoundingBox":{"Height":0.011602635495364666,"Left":0.4603317081928253,"Top":0.6663078665733337,"Width":0.031183971092104912},"Polygon":[{"X":0.4603317081928253,"Y":0.6663235425949097},{"X":0.491511732339859,"Y":0.6663078665733337},{"X":0.4915156662464142,"Y":0.6778948903083801},{"X":0.46033555269241333,"Y":0.6779105067253113}]},"Id":"2b22525a-aeab-4921-ab93-dca9d4a0bb2a","Text":"CJU","TextType":"PRINTED"},{"BlockType":"WORD","Confidence":99.97137451171875,"Geometry":{"BoundingBox":{"Height":0.011620582081377506,"Left":0.5481369495391846,"Top":0.666226327419281,"Width":0.03492788225412369},"Polygon":[{"X":0.5481369495391846,"Y":0.6662439107894897},{"X":0.583060622215271,"Y":0.666226327419281},{"X":0.58306485414505,"Y":0.6778294444084167},{"X":0.5481410622596741,"Y":0.6778469085693359}]},"Id":"0867bb98-c6e7-4d9e-9ce4-37e76e2b5846","Text":"1315","TextType":"PRINTED"},{"BlockType":"WORD","Confidence":99.7005615234375,"Geometry":{"BoundingBox":{"Height":0.011925332248210907,"Left":0.5902659296989441,"Top":0.6660812497138977,"Width":0.03274478390812874},"Polygon":[{"X":0.5902659296989441,"Y":0.6660977005958557},{"X":0.623006284236908,"Y":0.6660812497138977},{"X":0.6230106949806213,"Y":0.677990198135376},{"X":0.5902702808380127,"Y":0.6780065894126892}]},"Id":"a3c9c324-fe5a-4ee6-81bb-7944c2f40361","Text":"PUS","TextType":"PRINTED"},{"BlockType":"WORD","Confidence":99.97225952148438,"Geometry":{"BoundingBox":{"Height":0.011631657369434834,"Left":0.6779535412788391,"Top":0.6661480665206909,"Width":0.03499472141265869},"Polygon":[{"X":0.6779535412788391,"Y":0.6661656498908997},{"X":0.7129436731338501,"Y":0.6661480665206909},{"X":0.7129482626914978,"Y":0.6777622103691101},{"X":0.6779580116271973,"Y":0.6777796745300293}]},"Id":"c34e3f85-21b5-40fc-9104-f3360688e2d5","Text":"1415","TextType":"PRINTED"},{"BlockType":"WORD","Confidence":99.95149993896484,"Geometry":{"BoundingBox":{"Height":0.01164023857563734,"Left":0.71999591588974,"Top":0.6661035418510437,"Width":0.026879198849201202},"Polygon":[{"X":0.71999591588974,"Y":0.6661170721054077},{"X":0.7468703985214233,"Y":0.6661035418510437},{"X":0.7468751072883606,"Y":0.6777303218841553},{"X":0.7200005054473877,"Y":0.6777437925338745}]},"Id":"06432dec-4dec-4767-b11a-c6d41a1416f4","Text":"738","TextType":"PRINTED"},{"BlockType":"WORD","Confidence":99.93867492675781,"Geometry":{"BoundingBox":{"Height":0.012222034856677055,"Left":0.10055327415466309,"Top":0.6847388744354248,"Width":0.04715317487716675},"Polygon":[{"X":0.10055327415466309,"Y":0.6847624182701111},{"X":0.14770331978797913,"Y":0.6847388744354248},{"X":0.14770644903182983,"Y":0.6969375014305115},{"X":0.10055625438690186,"Y":0.6969609260559082}]},"Id":"4f4dab55-12a2-4ab0-bb9d-1cde43e3a872","Text":"F105B","TextType":"PRINTED"},{"BlockType":"WORD","Confidence":99.72650146484375,"Geometry":{"BoundingBox":{"Height":0.011858743615448475,"Left":0.3709678053855896,"Top":0.6849371790885925,"Width":0.05352387577295303},"Polygon":[{"X":0.3709678053855896,"Y":0.6849639415740967},{"X":0.4244878590106964,"Y":0.6849371790885925},{"X":0.42449167370796204,"Y":0.6967692971229553},{"X":0.3709715008735657,"Y":0.6967959403991699}]},"Id":"c25a7930-f877-45d1-92e3-715733bed30a","Text":"LAYOV","TextType":"PRINTED"},{"BlockType":"WORD","Confidence":99.5290756225586,"Geometry":{"BoundingBox":{"Height":0.011808096431195736,"Left":0.46064522862434387,"Top":0.6849608421325684,"Width":0.03254794701933861},"Polygon":[{"X":0.46064522862434387,"Y":0.684977114200592},{"X":0.49318915605545044,"Y":0.6849608421325684},{"X":0.4931931793689728,"Y":0.6967527866363525},{"X":0.46064916253089905,"Y":0.6967689394950867}]},"Id":"31d819d3-4b7c-4cea-ba94-725a8ab61b9e","Text":"PUS","TextType":"PRINTED"},{"BlockType":"WORD","Confidence":99.97372436523438,"Geometry":{"BoundingBox":{"Height":0.011668676510453224,"Left":0.548271894454956,"Top":0.6850327253341675,"Width":0.03469417244195938},"Polygon":[{"X":0.548271894454956,"Y":0.6850500702857971},{"X":0.5829618573188782,"Y":0.6850327253341675},{"X":0.5829660892486572,"Y":0.6966841816902161},{"X":0.5482760667800903,"Y":0.6967014074325562}]},"Id":"a2358223-cebc-49c8-a109-a20dcb0416b1","Text":"1525","TextType":"PRINTED"},{"BlockType":"WORD","Confidence":99.60737609863281,"Geometry":{"BoundingBox":{"Height":0.011860714294016361,"Left":0.5901620984077454,"Top":0.6849003434181213,"Width":0.032951731234788895},"Polygon":[{"X":0.5901620984077454,"Y":0.6849167943000793},{"X":0.6231094598770142,"Y":0.6849003434181213},{"X":0.6231138706207275,"Y":0.6967446208000183},{"X":0.590166449546814,"Y":0.6967610120773315}]},"Id":"efd24ad5-d51f-4b5e-8ff3-34d5fabdf3f6","Text":"PUS","TextType":"PRINTED"},{"BlockType":"WORD","Confidence":99.95930480957031,"Geometry":{"BoundingBox":{"Height":0.011545187793672085,"Left":0.6769753098487854,"Top":0.6850733757019043,"Width":0.03587285801768303},"Polygon":[{"X":0.6769753098487854,"Y":0.6850912570953369},{"X":0.7128435969352722,"Y":0.6850733757019043},{"X":0.7128481268882751,"Y":0.6966007351875305},{"X":0.6769797205924988,"Y":0.6966185569763184}]},"Id":"03dce94e-96e1-44fd-b64c-ab059e8fa0f5","Text":"0455","TextType":"PRINTED"},{"BlockType":"WORD","Confidence":99.04238891601562,"Geometry":{"BoundingBox":{"Height":0.011928091756999493,"Left""
20:09:03.122 [Test worker] DEBUG org.apache.http.wire - http-outgoing-0 << ":0.7197606563568115,"Top":0.68489670753479,"Width":0.027606746181845665},"Polygon":[{"X":0.7197606563568115,"Y":0.6849104762077332},{"X":0.7473626136779785,"Y":0.68489670753479},{"X":0.7473674416542053,"Y":0.6968110799789429},{"X":0.7197653651237488,"Y":0.6968247890472412}]},"Id":"21785fca-2feb-4122-9776-1822487ca931","Text":"???","TextType":"PRINTED"},{"BlockType":"WORD","Confidence":89.70075225830078,"Geometry":{"BoundingBox":{"Height":0.011561328545212746,"Left":0.7490656971931458,"Top":0.6850093603134155,"Width":0.019900184124708176},"Polygon":[{"X":0.7490656971931458,"Y":0.685019314289093},{"X":0.7689611911773682,"Y":0.6850093603134155},{"X":0.7689658999443054,"Y":0.696560800075531},{"X":0.7490703463554382,"Y":0.6965706944465637}]},"Id":"3cfd8f6f-3ec5-4774-b95a-dff78008f27a","Text":"??","TextType":"PRINTED"},{"BlockType":"WORD","Confidence":99.65113067626953,"Geometry":{"BoundingBox":{"Height":0.011125576682388783,"Left":0.03304398059844971,"Top":0.7035475969314575,"Width":0.060610972344875336},"Polygon":[{"X":0.03304398059844971,"Y":0.7035776972770691},{"X":0.09365226328372955,"Y":0.7035475969314575},{"X":0.09365495294332504,"Y":0.7146432399749756},{"X":0.033046506345272064,"Y":0.7146731615066528}]},"Id":"14730bbf-25b9-4b5e-aa14-1c8cade7045e","Text":"25Jan23","TextType":"PRINTED"},{"BlockType":"WORD","Confidence":99.892333984375,"Geometry":{"BoundingBox":{"Height":0.012358453124761581,"Left":0.10050010681152344,"Top":0.7029041647911072,"Width":0.04716698080301285},"Polygon":[{"X":0.10050010681152344,"Y":0.7029275894165039},{"X":0.1476639360189438,"Y":0.7029041647911072},{"X":0.1476670801639557,"Y":0.7152393460273743},{"X":0.1005031168460846,"Y":0.7152626514434814}]},"Id":"5f80488b-63b6-46d7-aa04-695f5211074a","Text":"F105B","TextType":"PRINTED"},{"BlockType":"WORD","Confidence":99.94825744628906,"Geometry":{"BoundingBox":{"Height":0.011755229905247688,"Left":0.2630884647369385,"Top":0.703279972076416,"Width":0.03610514476895332},"Polygon":[{"X":0.2630884647369385,"Y":0.7032978534698486},{"X":0.2991901636123657,"Y":0.703279972076416},{"X":0.2991936206817627,"Y":0.7150173187255859},{"X":0.2630918025970459,"Y":0.7150352001190186}]},"Id":"780cedd8-7646-445b-9905-ab4e51d137c5","Text":"0545","TextType":"PRINTED"},{"BlockType":"WORD","Confidence":99.96652221679688,"Geometry":{"BoundingBox":{"Height":0.011395907960832119,"Left":0.37170740962028503,"Top":0.7034023404121399,"Width":0.034831125289201736},"Polygon":[{"X":0.37170740962028503,"Y":0.7034196257591248},{"X":0.406534880399704,"Y":0.7034023404121399},{"X":0.4065385162830353,"Y":0.7147810459136963},{"X":0.37171095609664917,"Y":0.7147982120513916}]},"Id":"0d23830d-7896-48ac-91fd-efe717fa0d40","Text":"1452","TextType":"PRINTED"},{"BlockType":"WORD","Confidence":99.53394317626953,"Geometry":{"BoundingBox":{"Height":0.011741001158952713,"Left":0.4608059227466583,"Top":0.7032492160797119,"Width":0.032400231808423996},"Polygon":[{"X":0.4608059227466583,"Y":0.7032652497291565},{"X":0.49320217967033386,"Y":0.7032492160797119},{"X":0.4932061731815338,"Y":0.7149741649627686},{"X":0.4608098268508911,"Y":0.7149901986122131}]},"Id":"1591fe5b-698c-46c1-bc1e-f27058e49767","Text":"PUS","TextType":"PRINTED"},{"BlockType":"WORD","Confidence":99.82005310058594,"Geometry":{"BoundingBox":{"Height":0.011594380252063274,"Left":0.5473113059997559,"Top":0.7032901644706726,"Width":0.03578134626150131},"Polygon":[{"X":0.5473113059997559,"Y":0.7033079266548157},{"X":0.5830884575843811,"Y":0.7032901644706726},{"X":0.5830926299095154,"Y":0.7148668766021729},{"X":0.5473154187202454,"Y":0.7148845195770264}]},"Id":"aceb97be-a34c-4c24-b03c-0dfd046ac0e4","Text":"0705","TextType":"PRINTED"},{"BlockType":"WORD","Confidence":99.81314849853516,"Geometry":{"BoundingBox":{"Height":0.01174385566264391,"Left":0.5903791785240173,"Top":0.7031670212745667,"Width":0.032073572278022766},"Polygon":[{"X":0.5903791785240173,"Y":0.7031829357147217},{"X":0.6224483847618103,"Y":0.7031670212745667},{"X":0.6224527359008789,"Y":0.7148950099945068},{"X":0.5903834700584412,"Y":0.7149108648300171}]},"Id":"4f0b250c-4bef-40f0-aa4e-73e532499e00","Text":"FUK","TextType":"PRINTED"},{"BlockType":"WORD","Confidence":99.89859771728516,"Geometry":{"BoundingBox":{"Height":0.011233287863433361,"Left":0.6771504878997803,"Top":0.7034271359443665,"Width":0.035651031881570816},"Polygon":[{"X":0.6771504878997803,"Y":0.7034448385238647},{"X":0.7127971053123474,"Y":0.7034271359443665},{"X":0.7128015160560608,"Y":0.7146428227424622},{"X":0.6771548390388489,"Y":0.7146604657173157}]},"Id":"640a9b6b-afd5-4898-a0f6-96ce6d82dd03","Text":"0755","TextType":"PRINTED"},{"BlockType":"WORD","Confidence":99.95609283447266,"Geometry":{"BoundingBox":{"Height":0.011150123551487923,"Left":0.7201836705207825,"Top":0.7034732699394226,"Width":0.026488855481147766},"Polygon":[{"X":0.7201836705207825,"Y":0.703486442565918},{"X":0.7466680407524109,"Y":0.7034732699394226},{"X":0.746672511100769,"Y":0.7146103382110596},{"X":0.7201880812644958,"Y":0.7146233916282654}]},"Id":"bdd444e2-3ab2-49ed-bd54-9ded9de2f270","Text":"738","TextType":"PRINTED"},{"BlockType":"WORD","Confidence":99.82942962646484,"Geometry":{"BoundingBox":{"Height":0.011655626818537712,"Left":0.3292957842350006,"Top":0.7220713496208191,"Width":0.034890808165073395},"Polygon":[{"X":0.3292957842350006,"Y":0.7220885157585144},{"X":0.3641829788684845,"Y":0.7220713496208191},{"X":0.3641865849494934,"Y":0.7337098717689514},{"X":0.32929927110671997,"Y":0.733726978302002}]},"Id":"3eb595fd-8081-4236-b1a5-08040216d979","Text":"1025","TextType":"PRINTED"},{"BlockType":"WORD","Confidence":99.9761734008789,"Geometry":{"BoundingBox":{"Height":0.011868161149322987,"Left":0.3719869554042816,"Top":0.7217811942100525,"Width":0.03314580023288727},"Polygon":[{"X":0.3719869554042816,"Y":0.7217975854873657},{"X":0.40512895584106445,"Y":0.7217811942100525},{"X":0.4051327407360077,"Y":0.7336331009864807},{"X":0.3719906210899353,"Y":0.7336493730545044}]},"Id":"d3ced63d-07ca-4609-84b0-792e57239517","Text":"1451","TextType":"PRINTED"},{"BlockType":"WORD","Confidence":99.8442153930664,"Geometry":{"BoundingBox":{"Height":0.011619261465966702,"Left":0.46076542139053345,"Top":0.7220046520233154,"Width":0.03186078369617462},"Polygon":[{"X":0.46076542139053345,"Y":0.7220203876495361},{"X":0.4926222562789917,"Y":0.7220046520233154},{"X":0.4926261901855469,"Y":0.7336083054542542},{"X":0.46076929569244385,"Y":0.7336239218711853}]},"Id":"de6a3b5a-2fb5-4f9e-b161-0a2e9daf530b","Text":"FUK","TextType":"PRINTED"},{"BlockType":"WORD","Confidence":99.91907501220703,"Geometry":{"BoundingBox":{"Height":0.011656399816274643,"Left":0.5473268628120422,"Top":0.7219324111938477,"Width":0.03578365966677666},"Polygon":[{"X":0.5473268628120422,"Y":0.7219500541687012},{"X":0.583106279373169,"Y":0.7219324111938477},{"X":0.583110511302948,"Y":0.7335712313652039},{"X":0.5473309755325317,"Y":0.7335888147354126}]},"Id":"4a9ea5f5-8cfa-4729-bbd5-e3461634e582","Text":"0855","TextType":"PRINTED"},{"BlockType":"WORD","Confidence":99.57605743408203,"Geometry":{"BoundingBox":{"Height":0.011941895820200443,"Left":0.5903269648551941,"Top":0.7219923734664917,"Width":0.032737892121076584},"Polygon":[{"X":0.5903269648551941,"Y":0.7220085263252258},{"X":0.623060405254364,"Y":0.7219923734664917},{"X":0.6230648756027222,"Y":0.7339181900024414},{"X":0.5903313159942627,"Y":0.7339342832565308}]},"Id":"706edadd-5d4b-478c-be63-c43ee6745172","Text":"PUS","TextType":"PRINTED"},{"BlockType":"WORD","Confidence":99.90156555175781,"Geometry":{"BoundingBox":{"Height":0.011395775713026524,"Left":0.6780579686164856,"Top":0.722216784954071,"Width":0.03459582105278969},"Polygon":[{"X":0.6780579686164856,"Y":0.7222338318824768},{"X":0.7126492857933044,"Y":0.722216784954071},{"X":0.7126537561416626,"Y":0.733595609664917},{"X":0.678062379360199,"Y":0.7336125373840332}]},"Id":"dc83f0f9-df98-418d-a812-77b39580b214","Text":"1005","TextType":"PRINTED"},{"BlockType":"WORD","Confidence":99.88834381103516,"Geometry":{"BoundingBo"
20:09:03.122 [Test worker] DEBUG org.apache.http.wire - http-outgoing-0 << "x":{"Height":0.0114179328083992,"Left":0.7198138236999512,"Top":0.7222356200218201,"Width":0.02710040472447872},"Polygon":[{"X":0.7198138236999512,"Y":0.7222489714622498},{"X":0.7469096779823303,"Y":0.7222356200218201},{"X":0.746914267539978,"Y":0.7336402535438538},{"X":0.7198183536529541,"Y":0.7336535453796387}]},"Id":"0204d411-7171-47dc-a5fa-3216b9b80f84","Text":"738","TextType":"
20:09:03.225 [Test worker] DEBUG org.apache.http.wire - http-outgoing-0 << ""PRINTED"},{"BlockType":"WORD","Confidence":99.91083526611328,"Geometry":{"BoundingBox":{"Height":0.012145785614848137,"Left":0.1006864383816719,"Top":0.7408925890922546,"Width":0.04702345281839371},"Polygon":[{"X":0.1006864383816719,"Y":0.7409155964851379},{"X":0.1477067917585373,"Y":0.7408925890922546},{"X":0.1477098912000656,"Y":0.7530154585838318},{"X":0.10068939626216888,"Y":0.7530383467674255}]},"Id":"b6251803-8b67-4d12-ac7f-06580fb0d7bf","Text":"F105B","TextType":"PRINTED"},{"BlockType":"WORD","Confidence":99.54898071289062,"Geometry":{"BoundingBox":{"Height":0.011965044774115086,"Left":0.3710601329803467,"Top":0.7409508228302002,"Width":0.05297977849841118},"Polygon":[{"X":0.3710601329803467,"Y":0.7409767508506775},{"X":0.42403605580329895,"Y":0.7409508228302002},{"X":0.42403990030288696,"Y":0.7528900504112244},{"X":0.37106385827064514,"Y":0.7529158592224121}]},"Id":"e864c196-a10a-431b-8585-d7e269d4ede2","Text":"LAYOV","TextType":"PRINTED"},{"BlockType":"WORD","Confidence":99.60792541503906,"Geometry""
20:09:03.227 [Test worker] DEBUG org.apache.http.wire - http-outgoing-0 << ":{"BoundingBox":{"Height":0.011946809478104115,"Left":0.4605543315410614,"Top":0.7409928441047668,"Width":0.03277595713734627},"Polygon":[{"X":0.4605543315410614,"Y":0.7410088777542114},{"X":0.49332624673843384,"Y":0.7409928441047668},{"X":0.49333029985427856,"Y":0.7529236674308777},{"X":0.46055832505226135,"Y":0.7529396414756775}]},"Id":"94810815-c2fb-4d32-a7e0-7ffa09873b05","Text":"PUS","TextType":"PRINTED"},{"BlockType":"WORD","Confidence":99.98396301269531,"Geometry":{"BoundingBox":{"Height":0.011642537079751492,"Left":0.5482970476150513,"Top":0.7411182522773743,"Width":0.03489033505320549},"Polygon":[{"X":0.5482970476150513,"Y":0.7411353588104248},{"X":0.5831831693649292,"Y":0.7411182522773743},{"X":0.5831874012947083,"Y":0.7527437806129456},{"X":0.5483011603355408,"Y":0.7527608275413513}]},"Id":"04c2c623-2def-4dc7-a629-1508479968aa","Text":"1115","TextType":"PRINTED"},{"BlockType":"WORD","Confidence":99.61187744140625,"Geometry":{"BoundingBox":{"Height":0.012003017589449883,"Left":0.590216875076294,"Top":0.7409436702728271,"Width":0.03282681107521057},"Polygon":[{"X":0.590216875076294,"Y":0.7409597039222717},{"X":0.6230392456054688,"Y":0.7409436702728271},{"X":0.6230437159538269,"Y":0.7529307007789612},{"X":0.5902212858200073,"Y":0.752946674823761}]},"Id":"d8c72a8a-3138-4baf-83a4-d6de9bd619ae","Text":"PUS","TextType":"PRINTED"},{"BlockType":"WORD","Confidence":99.89456176757812,"Geometry":{"BoundingBox":{"Height":0.011617627926170826,"Left":0.6770487427711487,"Top":0.7411229014396667,"Width":0.03633485361933708},"Polygon":[{"X":0.6770487427711487,"Y":0.7411407232284546},{"X":0.7133790254592896,"Y":0.7411229014396667},{"X":0.7133836150169373,"Y":0.7527228593826294},{"X":0.6770532131195068,"Y":0.7527405619621277}]},"Id":"f8ef27ea-5183-4b73-bb86-3899b0bfcda5","Text":"0520","TextType":"PRINTED"},{"BlockType":"WORD","Confidence":76.58466339111328,"Geometry":{"BoundingBox":{"Height":0.013437589630484581,"Left":0.7184502482414246,"Top":0.7405115962028503,"Width":0.05092613026499748},"Polygon":[{"X":0.7184502482414246,"Y":0.7405365109443665},{"X":0.7693709135055542,"Y":0.7405115962028503},{"X":0.7693763971328735,"Y":0.7539243698120117},{"X":0.7184555530548096,"Y":0.7539491653442383}]},"Id":"66889a83-c53c-43fe-a3b3-01ae79032222","Text":"?????","TextType":"PRINTED"},{"BlockType":"WORD","Confidence":99.74677276611328,"Geometry":{"BoundingBox":{"Height":0.010929240845143795,"Left":0.032875195145606995,"Top":0.7597913146018982,"Width":0.060771502554416656},"Polygon":[{"X":0.032875195145606995,"Y":0.7598208785057068},{"X":0.09364405274391174,"Y":0.7597913146018982},{"X":0.09364669770002365,"Y":0.7706911563873291},{"X":0.03287767618894577,"Y":0.7707205414772034}]},"Id":"e07dc968-c728-45a8-96f2-2e1ef6428250","Text":"26Jan23","TextType":"PRINTED"},{"BlockType":"WORD","Confidence":99.92925262451172,"Geometry":{"BoundingBox":{"Height":0.011997363530099392,"Left":0.10050483793020248,"Top":0.7592382431030273,"Width":0.047207027673721313},"Polygon":[{"X":0.10050483793020248,"Y":0.7592611908912659},{"X":0.14770880341529846,"Y":0.7592382431030273},{"X":0.1477118730545044,"Y":0.7712127566337585},{"X":0.10050776600837708,"Y":0.7712355852127075}]},"Id":"cce83fd7-5d29-4568-b1f7-90870deba430","Text":"F105B","TextType":"PRINTED"},{"BlockType":"WORD","Confidence":99.95331573486328,"Geometry":{"BoundingBox":{"Height":0.011387470178306103,"Left":0.2632562816143036,"Top":0.7597049474716187,"Width":0.036224447190761566},"Polygon":[{"X":0.2632562816143036,"Y":0.7597225308418274},{"X":0.29947739839553833,"Y":0.7597049474716187},{"X":0.29948073625564575,"Y":0.7710748910903931},{"X":0.26325953006744385,"Y":0.771092414855957}]},"Id":"d3a3d943-602f-4e07-8129-7fd4a73f99e4","Text":"0610","TextType":"PRINTED"},{"BlockType":"WORD","Confidence":99.90444946289062,"Geometry":{"BoundingBox":{"Height":0.011392169632017612,"Left":0.32822754979133606,"Top":0.7596887350082397,"Width":0.03592448681592941},"Polygon":[{"X":0.32822754979133606,"Y":0.7597061991691589},{"X":0.3641485273838043,"Y":0.7596887350082397},{"X":0.36415204405784607,"Y":0.7710635662078857},{"X":0.32823097705841064,"Y":0.7710809111595154}]},"Id":"e7ded801-3c06-4462-86f8-c4e014c88d9c","Text":"0835","TextType":"PRINTED"},{"BlockType":"WORD","Confidence":99.73233032226562,"Geometry":{"BoundingBox":{"Height":0.011621885932981968,"Left":0.3708597719669342,"Top":0.7595469951629639,"Width":0.025619899854063988},"Polygon":[{"X":0.3708597719669342,"Y":0.7595593929290771},{"X":0.39647600054740906,"Y":0.7595469951629639},{"X":0.39647966623306274,"Y":0.7711564302444458},{"X":0.3708633780479431,"Y":0.7711688280105591}]},"Id":"827971bb-faef-47d6-b411-2e680606934e","Text":"211","TextType":"PRINTED"},{"BlockType":"WORD","Confidence":99.65200805664062,"Geometry":{"BoundingBox":{"Height":0.011754238978028297,"Left":0.4607413411140442,"Top":0.7594981789588928,"Width":0.03260163217782974},"Polygon":[{"X":0.4607413411140442,"Y":0.7595140337944031},{"X":0.4933389723300934,"Y":0.7594981789588928},{"X":0.4933429956436157,"Y":0.7712366580963135},{"X":0.46074527502059937,"Y":0.7712523937225342}]},"Id":"54b589d0-2c92-4a13-898b-2ec2140fc2f2","Text":"PUS","TextType":"PRINTED"},{"BlockType":"WORD","Confidence":99.86849975585938,"Geometry":{"BoundingBox":{"Height":0.01148389745503664,"Left":0.5475009679794312,"Top":0.7596600651741028,"Width":0.03606715425848961},"Polygon":[{"X":0.5475009679794312,"Y":0.7596775889396667},{"X":0.5835639834403992,"Y":0.7596600651741028},{"X":0.5835681557655334,"Y":0.7711265087127686},{"X":0.5475050210952759,"Y":0.7711439728736877}]},"Id":"4a17b6f8-65e3-463b-bbea-de736ebcdbd0","Text":"0720","TextType":"PRINTED"},{"BlockType":"WORD","Confidence":99.83180236816406,"Geometry":{"BoundingBox":{"Height":0.011714974418282509,"Left":0.5898355841636658,"Top":0.7594811916351318,"Width":0.03685186803340912},"Polygon":[{"X":0.5898355841636658,"Y":0.7594990730285645},{"X":0.6266830563545227,"Y":0.7594811916351318},{"X":0.6266874670982361,"Y":0.7711783051490784},{"X":0.5898398160934448,"Y":0.7711961269378662}]},"Id":"ce4bec52-9784-4394-bfc3-245c0ba78fad","Text":"GMP","TextType":"PRINTED"},{"BlockType":"WORD","Confidence":99.93328094482422,"Geometry":{"BoundingBox":{"Height":0.011442625895142555,"Left":0.6771336197853088,"Top":0.759626030921936,"Width":0.03585547208786011},"Polygon":[{"X":0.6771336197853088,"Y":0.7596434950828552},{"X":0.712984561920166,"Y":0.759626030921936},{"X":0.712989091873169,"Y":0.771051287651062},{"X":0.6771380305290222,"Y":0.7710686922073364}]},"Id":"6d4101cc-f1b6-4974-9f2e-9b448fe8eaa3","Text":"0815","TextType":"PRINTED"},{"BlockType":"WORD","Confidence":99.95628356933594,"Geometry":{"BoundingBox":{"Height":0.011128936894237995,"Left":0.7203426957130432,"Top":0.7596667408943176,"Width":0.026344560086727142},"Polygon":[{"X":0.7203426957130432,"Y":0.7596795558929443},{"X":0.7466827630996704,"Y":0.7596667408943176},{"X":0.7466872930526733,"Y":0.7707829475402832},{"X":0.7203471064567566,"Y":0.7707957029342651}]},"Id":"f88fe811-01e6-438e-b6f1-840e5cff360f","Text":"738","TextType":"PRINTED"},{"BlockType":"WORD","Confidence":98.70868682861328,"Geometry":{"BoundingBox":{"Height":0.011542361229658127,"Left":0.03302449733018875,"Top":0.7782437801361084,"Width":0.060729436576366425},"Polygon":[{"X":0.03302449733018875,"Y":0.7782731056213379},{"X":0.09375113993883133,"Y":0.7782437801361084},{"X":0.09375393390655518,"Y":0.7897569537162781},{"X":0.03302711620926857,"Y":0.789786159992218}]},"Id":"18b71a8a-b7ac-4525-825e-2e924c17c178","Text":"27Jan23","TextType":"PRINTED"},{"BlockType":"WORD","Confidence":99.96742248535156,"Geometry":{"BoundingBox":{"Height":0.011855166405439377,"Left":0.37103593349456787,"Top":0.7781161665916443,"Width":0.03169672191143036},"Polygon":[{"X":0.37103593349456787,"Y":0.7781314849853516},{"X":0.4027288854122162,"Y":0.7781161665916443},{"X":0.4027326703071594,"Y":0.7899560928344727},{"X":0.37103962898254395,"Y":0.7899713516235352}]},"Id":"3d5447ea-43d7-42f3-8c37-6c441b7a38f0","Text":"OFF","TextType":"PR"
20:09:03.228 [Test worker] DEBUG org.apache.http.wire - http-outgoing-0 << "INTED"},{"BlockType":"WORD","Confidence":99.81645965576172,"Geometry":{"BoundingBox":{"Height":0.011944828554987907,"Left":0.46032795310020447,"Top":0.7781159281730652,"Width":0.03657069057226181},"Polygon":[{"X":0.46032795310020447,"Y":0.7781336307525635},{"X":0.49689456820487976,"Y":0.7781159281730652},{"X":0.4968986511230469,"Y":0.7900431752204895},{"X":0.46033191680908203,"Y":0.7900607585906982}]},"Id":"2bc39afa-dbda-489f-a5ad-59b1235f3f9e","Text":"GMP","TextType":"PRINTED"},{"BlockType":"WORD","Confidence":99.88172149658203,"Geometry":{"BoundingBox":{"Height":0.011327489279210567,"Left":0.5473185777664185,"Top":0.7784891128540039,"Width":0.036420080810785294},"Polygon":[{"X":0.5473185777664185,"Y":0.7785066962242126},{"X":0.5837345123291016,"Y":0.7784891128540039},{"X":0.5837386250495911,"Y":0.7897990942001343},{"X":0.5473225712776184,"Y":0.7898166179656982}]},"Id":"09d06069-c6c1-4a7f-975a-ee689217ee50","Text":"0000","TextType":"PRINTED"},{"BlockType":"WORD","Confidence":99.84001159667969,"Geometry":{"BoundingBox":{"Height":0.011874458752572536,"Left":0.5898321270942688,"Top":0.7780829668045044,"Width":0.03676186501979828},"Polygon":[{"X":0.5898321270942688,"Y":0.7781006693840027},{"X":0.6265895366668701,"Y":0.7780829668045044},{"X":0.6265939474105835,"Y":0.7899397015571594},{"X":0.5898364186286926,"Y":0.7899574041366577}]},"Id":"d65cb3e8-af6b-4760-ab5b-1b1a88f541b1","Text":"GMP","TextType":"PRINTED"},{"BlockType":"WORD","Confidence":99.9627914428711,"Geometry":{"BoundingBox":{"Height":0.011401231400668621,"Left":0.6772312521934509,"Top":0.7783722281455994,"Width":0.03583734855055809},"Polygon":[{"X":0.6772312521934509,"Y":0.7783895134925842},{"X":0.7130640745162964,"Y":0.7783722281455994},{"X":0.7130686044692993,"Y":0.7897562384605408},{"X":0.6772356629371643,"Y":0.7897734642028809}]},"Id":"b7cc375f-a7e0-42bf-876e-de4eeafcb314","Text":"2359","TextType":"PRINTED"},{"BlockType":"WORD","Confidence":99.24177551269531,"Geometry":{"BoundingBox":{"Height":0.011785757727921009,"Left":0.03315042331814766,"Top":0.7966138124465942,"Width":0.06035010516643524},"Polygon":[{"X":0.03315042331814766,"Y":0.7966427803039551},{"X":0.09349767863750458,"Y":0.7966138124465942},{"X":0.0935005322098732,"Y":0.8083707690238953},{"X":0.03315310180187225,"Y":0.8083995580673218}]},"Id":"17bfd714-3d23-4bea-8fd8-8d83850cbc6d","Text":"28Jan23","TextType":"PRINTED"},{"BlockType":"WORD","Confidence":99.91783142089844,"Geometry":{"BoundingBox":{"Height":0.011769394390285015,"Left":0.10083402693271637,"Top":0.7966935634613037,"Width":0.03577950969338417},"Polygon":[{"X":0.10083402693271637,"Y":0.796710729598999},{"X":0.13661055266857147,"Y":0.7966935634613037},{"X":0.13661353290081024,"Y":0.8084458708763123},{"X":0.10083689540624619,"Y":0.8084629774093628}]},"Id":"9aaa5c0c-171b-4d4f-b447-567879991ab8","Text":"F103","TextType":"PRINTED"},{"BlockType":"WORD","Confidence":99.91205596923828,"Geometry":{"BoundingBox":{"Height":0.011611185036599636,"Left":0.26335641741752625,"Top":0.7967284917831421,"Width":0.03608732670545578},"Polygon":[{"X":0.26335641741752625,"Y":0.796745777130127},{"X":0.2994403541088104,"Y":0.7967284917831421},{"X":0.2994437515735626,"Y":0.8083224296569824},{"X":0.2633597254753113,"Y":0.8083396553993225}]},"Id":"eb330488-f726-4b22-9f5e-3abacdee5f3d","Text":"0550","TextType":"PRINTED"},{"BlockType":"WORD","Confidence":99.93766784667969,"Geometry":{"BoundingBox":{"Height":0.011549340561032295,"Left":0.37166327238082886,"Top":0.7967123985290527,"Width":0.026185190305113792},"Polygon":[{"X":0.37166327238082886,"Y":0.7967249751091003},{"X":0.3978447914123535,"Y":0.7967123985290527},{"X":0.3978484570980072,"Y":0.8082492351531982},{"X":0.3716668486595154,"Y":0.8082617521286011}]},"Id":"a3501c65-d40c-4aad-8b2b-d7b7a200ce4c","Text":"103","TextType":"PRINTED"},{"BlockType":"WORD","Confidence":99.77375030517578,"Geometry":{"BoundingBox":{"Height":0.011972506530582905,"Left":0.460440456867218,"Top":0.796432375907898,"Width":0.036714162677526474},"Polygon":[{"X":0.460440456867218,"Y":0.7964500188827515},{"X":0.4971505403518677,"Y":0.796432375907898},{"X":0.4971546232700348,"Y":0.8083873987197876},{"X":0.46044445037841797,"Y":0.8084049224853516}]},"Id":"6a655733-56ee-47ad-8583-40bcafd8d73c","Text":"GMP","TextType":"PRINTED"},{"BlockType":"WORD","Confidence":99.92622375488281,"Geometry":{"BoundingBox":{"Height":0.011484791524708271,"Left":0.5474599599838257,"Top":0.7967543601989746,"Width":0.036112092435359955},"Polygon":[{"X":0.5474599599838257,"Y":0.7967717051506042},{"X":0.5835678577423096,"Y":0.7967543601989746},{"X":0.5835720300674438,"Y":0.8082219362258911},{"X":0.5474640130996704,"Y":0.8082391619682312}]},"Id":"0c829a8c-b4ac-4883-b190-b27138ec562f","Text":"0700","TextType":"PRINTED"},{"BlockType":"WORD","Confidence":98.9235610961914,"Geometry":{"BoundingBox":{"Height":0.011786004528403282,"Left":0.5899904370307922,"Top":0.796600878238678,"Width":0.031090091913938522},"Polygon":[{"X":0.5899904370307922,"Y":0.7966157793998718},{"X":0.6210761666297913,"Y":0.796600878238678},{"X":0.6210805773735046,"Y":0.8083720207214355},{"X":0.5899947285652161,"Y":0.8083868622779846}]},"Id":"e1dfe950-1e56-449d-9eec-615369be51de","Text":"CJU","TextType":"PRINTED"},{"BlockType":"WORD","Confidence":99.91546630859375,"Geometry":{"BoundingBox":{"Height":0.011502319946885109,"Left":0.6770383715629578,"Top":0.7967084646224976,"Width":0.036415692418813705},"Polygon":[{"X":0.6770383715629578,"Y":0.7967259287834167},{"X":0.7134495377540588,"Y":0.7967084646224976},{"X":0.7134540677070618,"Y":0.8081933856010437},{"X":0.6770427823066711,"Y":0.8082107901573181}]},"Id":"e0239c31-f37f-44e0-b5b3-6941965e731d","Text":"0810","TextType":"PRINTED"},{"BlockType":"WORD","Confidence":99.9517822265625,"Geometry":{"BoundingBox":{"Height":0.011504383757710457,"Left":0.7200418710708618,"Top":0.7966798543930054,"Width":0.02684318646788597},"Polygon":[{"X":0.7200418710708618,"Y":0.7966927289962769},{"X":0.7468804121017456,"Y":0.7966798543930054},{"X":0.7468850612640381,"Y":0.8081713914871216},{"X":0.7200464010238647,"Y":0.8081842064857483}]},"Id":"406afa9d-9ee2-4b4c-83be-d4c9385ee05c","Text":"738","TextType":"PRINTED"},{"BlockType":"WORD","Confidence":99.97804260253906,"Geometry":{"BoundingBox":{"Height":0.011541071347892284,"Left":0.37159955501556396,"Top":0.8155505061149597,"Width":0.026459751650691032},"Polygon":[{"X":0.37159955501556396,"Y":0.8155630826950073},{"X":0.39805567264556885,"Y":0.8155505061149597},{"X":0.39805930852890015,"Y":0.8270789980888367},{"X":0.3716031610965729,"Y":0.8270915746688843}]},"Id":"438c917f-8178-4da0-a525-00908627b0d4","Text":"136","TextType":"PRINTED"},{"BlockType":"WORD","Confidence":99.58651733398438,"Geometry":{"BoundingBox":{"Height":0.011870567686855793,"Left":0.46023106575012207,"Top":0.8154937624931335,"Width":0.03144684433937073},"Polygon":[{"X":0.46023106575012207,"Y":0.8155087232589722},{"X":0.49167385697364807,"Y":0.8154937624931335},{"X":0.4916779100894928,"Y":0.8273494243621826},{"X":0.46023499965667725,"Y":0.8273643255233765}]},"Id":"53cdbdfe-1230-41cc-91e8-42bdcba1a105","Text":"CJU","TextType":"PRINTED"},{"BlockType":"WORD","Confidence":99.97798919677734,"Geometry":{"BoundingBox":{"Height":0.01149221882224083,"Left":0.5473198294639587,"Top":0.8156881332397461,"Width":0.03570457920432091},"Polygon":[{"X":0.5473198294639587,"Y":0.8157051205635071},{"X":0.5830202102661133,"Y":0.8156881332397461},{"X":0.5830243825912476,"Y":0.8271633982658386},{"X":0.5473238825798035,"Y":0.8271803259849548}]},"Id":"79c55c3d-b37a-42c7-abcf-a154d89298d5","Text":"0845","TextType":"PRINTED"},{"BlockType":"WORD","Confidence":99.80481719970703,"Geometry":{"BoundingBox":{"Height":0.011837534606456757,"Left":0.5899251103401184,"Top":0.8154979944229126,"Width":0.03660567104816437},"Polygon":[{"X":0.5899251103401184,"Y":0.8155154585838318},{"X":0.6265263557434082,"Y":0.8154979944229126},{"X":0.6265308260917664,"Y":0.8273181915283203},{"X":0.589929461479187,"Y":0.82733553647995}]},"Id":"45f61dd0-1a8"
20:09:03.229 [Test worker] DEBUG org.apache.http.wire - http-outgoing-0 << "9-4fe3-9836-8097c6198aea","Text":"GMP","TextType":"PRINTED"},{"BlockType":"WORD","Confidence":99.9379653930664,"Geometry":{"BoundingBox":{"Height":0.011594360694289207,"Left":0.6770077347755432,"Top":0.815534770488739,"Width":0.035915572196245193},"Polygon":[{"X":0.6770077347755432,"Y":0.8155518770217896},{"X":0.712918758392334,"Y":0.815534770488739},{"X":0.7129232883453369,"Y":0.8"
20:09:03.229 [Test worker] DEBUG org.apache.http.wire - http-outgoing-0 << "27112078666687},{"X":0.6770122051239014,"Y":0.8271291255950928}]},"Id":"db11e5af-74bf-4df2-84ab-3a02ad87793b","Text":"0955","TextType":"PRINTED"},{"BlockType":"WORD","Confidence":99.9427490234375,"Geometry":{"BoundingBox":{"Height":0.011532665230333805,"Left":0.7199577689170837,"Top":0.815494954586029,"Width":0.026780804619193077},"Polygon":[{"X":0.7199577689170837,"Y":0.815507709980011},{"X":0.7467339038848877,"Y":0.815494954586029},{"X":0.7467385530471802,"Y":0.8270149230957031},{"X":0.7199622988700867,"Y":0.8270276188850403}]},"Id":"191b0e48-9b45-41e1-80c7-5607a9aa5dd6","Text":"738","TextType":"PRINTED"},{"BlockType":"WORD","Confidence":99.89948272705078,"Geometry":{"BoundingBox":{"Height":0.01191518735140562,"Left":0.10089338570833206,"Top":0.8336516618728638,"Width":0.03560986742377281},"Polygon":[{"X":0.10089338570833206,"Y":0.8336684703826904},{"X":0.13650023937225342,"Y":0.8336516618728638},{"X":0.13650324940681458,"Y":0.8455500602722168},{"X":0.10089629143476486,"Y":0.8455668091773987}]},"Id":"d914ba"
20:09:03.230 [Test worker] DEBUG org.apache.http.wire - http-outgoing-0 << "d6-398c-4763-b6bb-9c3890d08f3e","Text":"F103","TextType":"PRINTED"},{"BlockType":"WORD","Confidence":99.95404815673828,"Geometry":{"BoundingBox":{"Height":0.01138150691986084,"Left":0.37169134616851807,"Top":0.8339751362800598,"Width":0.02613254450261593},"Polygon":[{"X":0.37169134616851807,"Y":0.8339875340461731},{"X":0.39782026410102844,"Y":0.8339751362800598},{"X":0.39782387018203735,"Y":0.8453443646430969},{"X":0.3716948628425598,"Y":0.8453566431999207}]},"Id":"ccf3eba1-85ea-4d5e-a504-585851038eda","Text":"135","TextType":"PRINTED"},{"BlockType":"WORD","Confidence":99.82959747314453,"Geometry":{"BoundingBox":{"Height":0.011721489951014519,"Left":0.460446298122406,"Top":0.8338228464126587,"Width":0.03634750843048096},"Polygon":[{"X":0.460446298122406,"Y":0.8338400721549988},{"X":0.496789813041687,"Y":0.8338228464126587},{"X":0.49679380655288696,"Y":0.8455272316932678},{"X":0.4604502022266388,"Y":0.8455443382263184}]},"Id":"4f37e05e-49b8-4657-ba88-40a2e270728c","Text":"GMP","TextType":"PRINTED"},{"BlockType":"WORD","Confidence":99.97527313232422,"Geometry":{"BoundingBox":{"Height":0.011348336935043335,"Left":0.5482937097549438,"Top":0.8339828252792358,"Width":0.03513288125395775},"Polygon":[{"X":0.5482937097549438,"Y":0.8339994549751282},{"X":0.5834224820137024,"Y":0.8339828252792358},{"X":0.5834265947341919,"Y":0.845314621925354},{"X":0.5482977628707886,"Y":0.8453311920166016}]},"Id":"6bb828c7-22f3-4f0e-8e30-0be373fdb29f","Text":"1030","TextType":"PRINTED"},{"BlockType":"WORD","Confidence":98.86611938476562,"Geometry":{"BoundingBox":{"Height":0.01176805142313242,"Left":0.5899800062179565,"Top":0.8338074088096619,"Width":0.031205754727125168},"Polygon":[{"X":0.5899800062179565,"Y":0.8338221311569214},{"X":0.6211813688278198,"Y":0.8338074088096619},{"X":0.6211857795715332,"Y":0.8455607295036316},{"X":0.5899842977523804,"Y":0.8455754518508911}]},"Id":"ccee8171-6608-4f62-b95a-1a92926ffd73","Text":"CJU","TextType":"PRINTED"},{"BlockType":"WORD","Confidence":99.93207550048828,"Geometry":{"BoundingBox":{"Height":0.011405114084482193,"Left":0.678038477897644,"Top":0.8338642120361328,"Width":0.034747567027807236},"Polygon":[{"X":0.678038477897644,"Y":0.833880603313446},{"X":0.712781548500061,"Y":0.8338642120361328},{"X":0.7127860188484192,"Y":0.8452529311180115},{"X":0.6780428290367126,"Y":0.8452693223953247}]},"Id":"b617a806-0c4b-40ad-ad30-9884e078dcc8","Text":"1135","TextType":"PRINTED"},{"BlockType":"WORD","Confidence":99.94930267333984,"Geometry":{"BoundingBox":{"Height":0.011304415762424469,"Left":0.7201414704322815,"Top":0.833980917930603,"Width":0.026537582278251648},"Polygon":[{"X":0.7201414704322815,"Y":0.8339934945106506},{"X":0.7466745376586914,"Y":0.833980917930603},{"X":0.7466790676116943,"Y":0.8452728390693665},{"X":0.7201460003852844,"Y":0.8452853560447693}]},"Id":"3a95ce06-5703-438f-8116-b406a75fa34b","Text":"738","TextType":"PRINTED"},{"BlockType":"WORD","Confidence":99.55380249023438,"Geometry":{"BoundingBox":{"Height":0.01180359162390232,"Left":0.32916387915611267,"Top":0.8525441288948059,"Width":0.03509709611535072},"Polygon":[{"X":0.32916387915611267,"Y":0.8525606393814087},{"X":0.3642573356628418,"Y":0.8525441288948059},{"X":0.3642610013484955,"Y":0.8643313050270081},{"X":0.3291674256324768,"Y":0.8643477559089661}]},"Id":"d1aa3beb-1363-45ba-8afb-dad58d72e6fd","Text":"1355","TextType":"PRINTED"},{"BlockType":"WORD","Confidence":97.01995849609375,"Geometry":{"BoundingBox":{"Height":0.011446400545537472,"Left":0.3715727925300598,"Top":0.8528276681900024,"Width":0.02644846774637699},"Polygon":[{"X":0.3715727925300598,"Y":0.8528400659561157},{"X":0.39801764488220215,"Y":0.8528276681900024},{"X":0.39802125096321106,"Y":0.8642616868019104},{"X":0.37157633900642395,"Y":0.8642740845680237}]},"Id":"37001599-018f-4ebb-91f0-bc4ceee10ddb","Text":"192","TextType":"PRINTED"},{"BlockType":"WORD","Confidence":99.49634552001953,"Geometry":{"BoundingBox":{"Height":0.011924277059733868,"Left":0.4602452218532562,"Top":0.8525607585906982,"Width":0.03127192333340645},"Polygon":[{"X":0.4602452218532562,"Y":0.852575421333313},{"X":0.49151307344436646,"Y":0.8525607585906982},{"X":0.49151715636253357,"Y":0.8644704222679138},{"X":0.4602491855621338,"Y":0.8644850254058838}]},"Id":"8727b996-dca7-4acb-ab61-a33e315f7125","Text":"CJU","TextType":"PRINTED"},{"BlockType":"WORD","Confidence":99.97566223144531,"Geometry":{"BoundingBox":{"Height":0.011803424917161465,"Left":0.5482742786407471,"Top":0.8525347113609314,"Width":0.03473513200879097},"Polygon":[{"X":0.5482742786407471,"Y":0.8525510430335999},{"X":0.5830051302909851,"Y":0.8525347113609314},{"X":0.5830094218254089,"Y":0.8643218874931335},{"X":0.5482784509658813,"Y":0.8643381595611572}]},"Id":"82a0209e-50d7-476b-891b-706e3fdd05e5","Text":"1225","TextType":"PRINTED"},{"BlockType":"WORD","Confidence":99.81513214111328,"Geometry":{"BoundingBox":{"Height":0.012106765061616898,"Left":0.5900371670722961,"Top":0.8524167537689209,"Width":0.036504413932561874},"Polygon":[{"X":0.5900371670722961,"Y":0.8524339199066162},{"X":0.6265370845794678,"Y":0.8524167537689209},{"X":0.6265416145324707,"Y":0.8645064234733582},{"X":0.5900415778160095,"Y":0.8645235300064087}]},"Id":"2db5f47c-68f7-4a49-a7ea-2adcd4fc276d","Text":"GMP","TextType":"PRINTED"},{"BlockType":"WORD","Confidence":99.90087890625,"Geometry":{"BoundingBox":{"Height":0.011462202295660973,"Left":0.6780900955200195,"Top":0.8525907397270203,"Width":0.034754429012537},"Polygon":[{"X":0.6780900955200195,"Y":0.8526070713996887},{"X":0.7128399610519409,"Y":0.8525907397270203},{"X":0.7128444910049438,"Y":0.8640366792678833},{"X":0.6780945062637329,"Y":0.864052951335907}]},"Id":"1afe3444-d8f4-4f19-adc6-3258620b903a","Text":"1335","TextType":"PRINTED"},{"BlockType":"WORD","Confidence":99.90966033935547,"Geometry":{"BoundingBox":{"Height":0.011570191010832787,"Left":0.7198711633682251,"Top":0.8526316285133362,"Width":0.026993433013558388},"Polygon":[{"X":0.7198711633682251,"Y":0.8526443243026733},{"X":0.7468599677085876,"Y":0.8526316285133362},{"X":0.7468646168708801,"Y":0.8641892075538635},{"X":0.7198757529258728,"Y":0.8642018437385559}]},"Id":"a029db97-2127-4654-b43b-3a3845412b30","Text":"738","TextType":"PRINTED"},{"BlockType":"WORD","Confidence":99.5420150756836,"Geometry":{"BoundingBox":{"Height":0.011349531821906567,"Left":0.03295526280999184,"Top":0.8713946342468262,"Width":0.061109643429517746},"Polygon":[{"X":0.03295526280999184,"Y":0.8714231848716736},{"X":0.09406215697526932,"Y":0.8713946342468262},{"X":0.09406490623950958,"Y":0.8827158212661743},{"X":0.032957836985588074,"Y":0.8827441930770874}]},"Id":"c5024f30-35ce-422c-a232-574ab2ce07e2","Text":"29Jan23","TextType":"PRINTED"},{"BlockType":"WORD","Confidence":99.89960479736328,"Geometry":{"BoundingBox":{"Height":0.012090390548110008,"Left":0.10056355595588684,"Top":0.8709142208099365,"Width":0.04768415912985802},"Polygon":[{"X":0.10056355595588684,"Y":0.8709364533424377},{"X":0.14824463427066803,"Y":0.8709142208099365},{"X":0.14824771881103516,"Y":0.8829824924468994},{"X":0.10056650638580322,"Y":0.8830046057701111}]},"Id":"780c3820-c409-4281-930f-2c74e205a2af","Text":"F145D","TextType":"PRINTED"},{"BlockType":"WORD","Confidence":99.98173522949219,"Geometry":{"BoundingBox":{"Height":0.011635879054665565,"Left":0.2643309235572815,"Top":0.8711749911308289,"Width":0.03484930843114853},"Polygon":[{"X":0.2643309235572815,"Y":0.8711912631988525},{"X":0.2991768419742584,"Y":0.8711749911308289},{"X":0.2991802394390106,"Y":0.8827946782112122},{"X":0.26433423161506653,"Y":0.8828108906745911}]},"Id":"6307fd04-bcb5-4937-bc22-4564ae361acc","Text":"1545","TextType":"PRINTED"},{"BlockType":"WORD","Confidence":99.9799575805664,"Geometry":{"BoundingBox":{"Height":0.011426540091633797,"Left":0.3717624545097351,"Top":0.8711848855018616,"Width":0.026074133813381195},"Polygon":[{"X":0.3717624545097351,"Y":0.8711970448493958},{"X":0.3978329598903656,"Y":0.8711848855018616},{"X":0.3978365957736969,"Y":0.8825992941856384},{"X":0.371766000"
20:09:03.231 [Test worker] DEBUG org.apache.http.wire - http-outgoing-0 << "98609924,"Y":0.8826113939285278}]},"Id":"cf7d4b80-adad-49ca-a9a9-99aa44e0be02","Text":"145","TextType":"PRINTED"},{"BlockType":"WORD","Confidence":99.80496978759766,"Geometry":{"BoundingBox":{"Height":0.01206937339156866,"Left":0.4603725075721741,"Top":0.8709492087364197,"Width":0.036743223667144775},"Polygon":[{"X":0.4603725075721741,"Y":0.8709663152694702},{"X":0.49711161851882935,"Y":0.8709492087364197},{"X":0.49711573123931885,"Y":0.8830015063285828},{"X":0.4603765308856964,"Y":0.8830185532569885}]},"Id":"f99cc35b-acee-4363-80c6-943a8b650ff5","Text":"GMP","TextType":"PRINTED"},{"BlockType":"WORD","Confidence":99.97694396972656,"Geometry":{"BoundingBox":{"Height":0.011644880287349224,"Left":0.5483404994010925,"Top":0.8711264133453369,"Width":0.034852102398872375},"Polygon":[{"X":0.5483404994010925,"Y":0.8711426258087158},{"X":0.5831883549690247,"Y":0.8711264133453369},{"X":0.5831925868988037,"Y":0.8827551007270813},{"X":0.548344612121582,"Y":0.8827712535858154}]},"Id":"705aea2b-30e3-47a0-b7cb-429bb00b8dbd","Text":"1655","TextType":"PRINTED"},{"BlockType":"WORD","Confidence":99.06816101074219,"Geometry":{"BoundingBox":{"Height":0.011958750896155834,"Left":0.5899065732955933,"Top":0.8710083365440369,"Width":0.03128683194518089},"Polygon":[{"X":0.5899065732955933,"Y":0.8710229396820068},{"X":0.6211889982223511,"Y":0.8710083365440369},{"X":0.6211934089660645,"Y":0.8829525709152222},{"X":0.5899109840393066,"Y":0.8829671144485474}]},"Id":"4c0863b4-4f47-4fc4-b5c1-7d21c3bf6ff1","Text":"CJU","TextType":"PRINTED"},{"BlockType":"WORD","Confidence":99.95146179199219,"Geometry":{"BoundingBox":{"Height":0.011569874361157417,"Left":0.6779771447181702,"Top":0.8711664080619812,"Width":0.03500145673751831},"Polygon":[{"X":0.6779771447181702,"Y":0.8711826801300049},{"X":0.7129740118980408,"Y":0.8711664080619812},{"X":0.7129786014556885,"Y":0.8827199935913086},{"X":0.6779816150665283,"Y":0.8827362656593323}]},"Id":"1b48a3f8-3c5f-4dd3-9150-b83611847fca","Text":"1805","TextType":"PRINTED"},{"BlockType":"WORD","Confidence":99.94532012939453,"Geometry":{"BoundingBox":{"Height":0.01166543923318386,"Left":0.720018208026886,"Top":0.8710410594940186,"Width":0.026786822825670242},"Polygon":[{"X":0.720018208026886,"Y":0.8710535764694214},{"X":0.7468003630638123,"Y":0.8710410594940186},{"X":0.7468050718307495,"Y":0.8826940655708313},{"X":0.7200228571891785,"Y":0.8827065229415894}]},"Id":"d78f9073-9c4f-42cc-babc-c05c1759b708","Text":"738","TextType":"PRINTED"},{"BlockType":"WORD","Confidence":99.98600769042969,"Geometry":{"BoundingBox":{"Height":0.01155902724713087,"Left":0.3716287910938263,"Top":0.8900861144065857,"Width":0.02639773301780224},"Polygon":[{"X":0.3716287910938263,"Y":0.8900983333587646},{"X":0.39802286028862,"Y":0.8900861144065857},{"X":0.3980265259742737,"Y":0.9016329646110535},{"X":0.3716323673725128,"Y":0.9016451239585876}]},"Id":"bd0cd5ee-2b98-4d65-b409-dab8c3c49683","Text":"146","TextType":"PRINTED"},{"BlockType":"WORD","Confidence":99.50592803955078,"Geometry":{"BoundingBox":{"Height":0.011757581494748592,"Left":0.4602929353713989,"Top":0.8900039792060852,"Width":0.0313229002058506},"Polygon":[{"X":0.4602929353713989,"Y":0.8900184631347656},{"X":0.4916118383407593,"Y":0.8900039792060852},{"X":0.4916158616542816,"Y":0.9017471075057983},{"X":0.4602968692779541,"Y":0.901761531829834}]},"Id":"a27e3f87-bd2f-4a20-bb83-4755894981a8","Text":"CJU","TextType":"PRINTED"},{"BlockType":"WORD","Confidence":99.98930358886719,"Geometry":{"BoundingBox":{"Height":0.011559732258319855,"Left":0.5482756495475769,"Top":0.8900815844535828,"Width":0.03478122130036354},"Polygon":[{"X":0.5482756495475769,"Y":0.8900976777076721},{"X":0.5830526947975159,"Y":0.8900815844535828},{"X":0.5830568671226501,"Y":0.9016252756118774},{"X":0.5482797622680664,"Y":0.901641309261322}]},"Id":"283cd330-e031-4355-acca-e10531abe591","Text":"1845","TextType":"PRINTED"},{"BlockType":"WORD","Confidence":99.84959411621094,"Geometry":{"BoundingBox":{"Height":0.011855927295982838,"Left":0.5899132490158081,"Top":0.8899632692337036,"Width":0.03677818179130554},"Polygon":[{"X":0.5899132490158081,"Y":0.8899803161621094},{"X":0.6266869902610779,"Y":0.8899632692337036},{"X":0.6266914010047913,"Y":0.9018022418022156},{"X":0.5899175405502319,"Y":0.9018191695213318}]},"Id":"7800c540-0e20-49b8-b563-24b0f8a14462","Text":"GMP","TextType":"PRINTED"},{"BlockType":"WORD","Confidence":99.95082092285156,"Geometry":{"BoundingBox":{"Height":0.011541626416146755,"Left":0.6778885722160339,"Top":0.8899834752082825,"Width":0.03500254824757576},"Polygon":[{"X":0.6778885722160339,"Y":0.8899996876716614},{"X":0.7128865718841553,"Y":0.8899834752082825},{"X":0.7128911018371582,"Y":0.9015089273452759},{"X":0.6778930425643921,"Y":0.90152508020401}]},"Id":"14f17ba5-19c7-4854-bbad-97e98f59e8b8","Text":"1955","TextType":"PRINTED"},{"BlockType":"WORD","Confidence":99.9532241821289,"Geometry":{"BoundingBox":{"Height":0.011537013575434685,"Left":0.7200125455856323,"Top":0.8900152444839478,"Width":0.026799913495779037},"Polygon":[{"X":0.7200125455856323,"Y":0.890027642250061},{"X":0.7468078136444092,"Y":0.8900152444839478},{"X":0.7468124628067017,"Y":0.9015399217605591},{"X":0.7200170755386353,"Y":0.9015522599220276}]},"Id":"fa8c1165-79e6-4a03-81bb-b68414c239a2","Text":"738","TextType":"PRINTED"},{"BlockType":"WORD","Confidence":99.96150207519531,"Geometry":{"BoundingBox":{"Height":0.011854246258735657,"Left":0.1006939634680748,"Top":0.908094584941864,"Width":0.04743609577417374},"Polygon":[{"X":0.1006939634680748,"Y":0.9081164002418518},{"X":0.14812703430652618,"Y":0.908094584941864},{"X":0.14813005924224854,"Y":0.9199271202087402},{"X":0.1006968542933464,"Y":0.9199488162994385}]},"Id":"56102153-d738-40f8-8b1a-0d6279990b0f","Text":"F145D","TextType":"PRINTED"},{"BlockType":"WORD","Confidence":99.81390380859375,"Geometry":{"BoundingBox":{"Height":0.01175674144178629,"Left":0.3282463252544403,"Top":0.9082392454147339,"Width":0.03629951924085617},"Polygon":[{"X":0.3282463252544403,"Y":0.908255934715271},{"X":0.3645422160625458,"Y":0.9082392454147339},{"X":0.3645458221435547,"Y":0.9199793934822083},{"X":0.32824984192848206,"Y":0.9199960231781006}]},"Id":"c632237f-8653-45a4-95ab-f5cc52b9d95c","Text":"2200","TextType":"PRINTED"},{"BlockType":"WORD","Confidence":99.8885498046875,"Geometry":{"BoundingBox":{"Height":0.011660371907055378,"Left":0.37164175510406494,"Top":0.9081747531890869,"Width":0.0262674018740654},"Polygon":[{"X":0.37164175510406494,"Y":0.9081867933273315},{"X":0.39790546894073486,"Y":0.9081747531890869},{"X":0.39790916442871094,"Y":0.9198230504989624},{"X":0.37164539098739624,"Y":0.919835090637207}]},"Id":"88147321-2e9e-47b7-8acf-fc69f267c8b5","Text":"147","TextType":"PRINTED"},{"BlockType":"WORD","Confidence":99.84374237060547,"Geometry":{"BoundingBox":{"Height":0.011700003407895565,"Left":0.46048763394355774,"Top":0.9082926511764526,"Width":0.036237236112356186},"Polygon":[{"X":0.46048763394355774,"Y":0.908309280872345},{"X":0.4967208802700043,"Y":0.9082926511764526},{"X":0.4967248737812042,"Y":0.9199760556221008},{"X":0.4604915380477905,"Y":0.9199926257133484}]},"Id":"0e25d799-a243-4ace-8c91-e75b14dcfd4c","Text":"GMP","TextType":"PRINTED"},{"BlockType":"WORD","Confidence":99.90784454345703,"Geometry":{"BoundingBox":{"Height":0.011650064028799534,"Left":0.5477115511894226,"Top":0.9082827568054199,"Width":0.0359036885201931},"Polygon":[{"X":0.5477115511894226,"Y":0.9082992672920227},{"X":0.583611011505127,"Y":0.9082827568054199},{"X":0.583615243434906,"Y":0.9199163317680359},{"X":0.5477156639099121,"Y":0.9199327826499939}]},"Id":"2f38ce48-8f57-4284-a449-f8adfca0ade8","Text":"2030","TextType":"PRINTED"},{"BlockType":"WORD","Confidence":99.01846313476562,"Geometry":{"BoundingBox":{"Height":0.01184814888983965,"Left":0.5899069905281067,"Top":0.9080954194068909,"Width":0.031245669350028038},"Polygon":[{"X":0.5899069905281067,"Y":0.9081097841262817},{"X":0.6211482286453247,"Y":0.9080954194068909},{"X":0.6211526393890381,"Y":0.9199292659"
20:09:03.231 [Test worker] DEBUG org.apache.http.wire - http-outgoing-0 << "759521},{"X":0.5899112820625305,"Y":0.9199435710906982}]},"Id":"8fd441d8-f58b-4756-b06b-9a33b7620010","Text":"CJU","TextType":"PRINTED"},{"BlockType":"WORD","Confidence":99.94557189941406,"Geometry":{"BoundingBox":{"Height":0.011641624383628368,"Left":0.6772305369377136,"Top":0.9082275032997131,"Width":0.036143213510513306},"Polygon":[{"X":0.6772305369377136,"Y":0.9082441329956055}"
20:09:03.231 [Test worker] DEBUG org.apache.http.wire - http-outgoing-0 << ",{"X":0.7133691906929016,"Y":0.9082275032997131},{"X":0.7133737802505493,"Y":0.919852614402771},{"X":0.6772350072860718,"Y":0.9198691248893738}]},"Id":"24fdaf6e-4588-4087-9f4e-b834494c92bd","Text":"2140","TextType":"PRINTED"},{"BlockType":"WORD","Confidence":99.92755889892578,"Geometry":{"BoundingBox":{"Height":0.011681471019983292,"Left":0.7197944521903992,"Top":0.9081166982650757,"Width":0.027016032487154007},"Polygon":[{"X":0.7197944521903992,"Y":0.9081291556358337},{"X":0.7468057870864868,"Y":0.9081166982650757},{"X":0.7468104958534241,"Y":0.9197857975959778},{"X":0.7197991013526917,"Y":0.9197981953620911}]},"Id":"235d36e5-b353-4515-9280-fa1bbe338e8f","Text":"738","TextType":"PRINTED"},{"BlockType":"WORD","Confidence":99.70433044433594,"Geometry":{"BoundingBox":{"Height":0.011916193179786205,"Left":0.37115612626075745,"Top":0.9269276261329651,"Width":0.05312376469373703},"Polygon":[{"X":0.37115612626075745,"Y":0.9269518852233887},{"X":0.4242760241031647,"Y":0.9269276261329651},{"X":0.4242798984050751,"Y":"
20:09:03.235 [Test worker] DEBUG org.apache.http.wire - http-outgoing-0 << "0.9388196468353271},{"X":0.3711598217487335,"Y":0.9388437867164612}]},"Id":"77cb670c-7135-4c07-8abf-9758517048b4","Text":"LAYOV","TextType":"PRINTED"},{"BlockType":"WORD","Confidence":99.49552154541016,"Geometry":{"BoundingBox":{"Height":0.011816623620688915,"Left":0.46016788482666016,"Top":0.9270671606063843,"Width":0.031384773552417755},"Polygon":[{"X":0.46016788482666016,"Y":0.9270814657211304},{"X":0.491548627614975,"Y":0.9270671606063843},{"X":0.4915526509284973,"Y":0.9388694763183594},{"X":0.46017181873321533,"Y":0.9388837814331055}]},"Id":"b15c3400-ebb2-4139-b1fa-0e6339ee1541","Text":"CJU","TextType":"PRINTED"},{"BlockType":"WORD","Confidence":99.97718048095703,"Geometry":{"BoundingBox":{"Height":0.01172120776027441,"Left":0.5476540327072144,"Top":0.9270851016044617,"Width":0.03546415641903877},"Polygon":[{"X":0.5476540327072144,"Y":0.9271013140678406},{"X":0.5831139087677002,"Y":0.9270851016044617},{"X":0.583118200302124,"Y":0.9387902021408081},{"X":0.5476582050323486,"Y":0.9388062953948975}]},"Id":"685ca7f7-33cb-4cce-8d44-2af183bf87fc","Text":"2215","TextType":"PRINTED"},{"BlockType":"WORD","Confidence":99.27244567871094,"Geometry":{"BoundingBox":{"Height":0.01193189062178135,"Left":0.5901150107383728,"Top":0.9268824458122253,"Width":0.030937926843762398},"Polygon":[{"X":0.5901150107383728,"Y":0.9268965721130371},{"X":0.6210484504699707,"Y":0.9268824458122253},{"X":0.6210529208183289,"Y":0.9388002753257751},{"X":0.5901193618774414,"Y":0.9388143420219421}]},"Id":"99d5777b-70dd-451e-b339-27bea21ddb4e","Text":"CJU","TextType":"PRINTED"},{"BlockType":"WORD","Confidence":99.90399169921875,"Geometry":{"BoundingBox":{"Height":0.011630194261670113,"Left":0.6780607104301453,"Top":0.927035391330719,"Width":0.035231731832027435},"Polygon":[{"X":0.6780607104301453,"Y":0.9270514845848083},{"X":0.7132878303527832,"Y":0.927035391330719},{"X":0.7132924199104309,"Y":0.938649594783783},{"X":0.6780651807785034,"Y":0.9386656284332275}]},"Id":"ade115a4-e30b-49df-900c-46e7a2549933","Text":"1230","TextType":"PRINTED"},{"BlockType":"WORD","Confidence":79.88876342773438,"Geometry":{"BoundingBox":{"Height":0.012320658192038536,"Left":0.719758927822113,"Top":0.926692008972168,"Width":0.04222213476896286},"Polygon":[{"X":0.719758927822113,"Y":0.9267113208770752},{"X":0.7619760632514954,"Y":0.926692008972168},{"X":0.7619810700416565,"Y":0.938993513584137},{"X":0.7197638154029846,"Y":0.9390127062797546}]},"Id":"97f49f22-b1da-44a0-809a-c70495d18eea","Text":"????","TextType":"PRINTED"},{"BlockType":"WORD","Confidence":99.80443572998047,"Geometry":{"BoundingBox":{"Height":0.011902238242328167,"Left":0.03326239809393883,"Top":0.9455465078353882,"Width":0.06068780645728111},"Polygon":[{"X":0.03326239809393883,"Y":0.9455740451812744},{"X":0.09394732862710953,"Y":0.9455465078353882},{"X":0.09395020455121994,"Y":0.9574213624000549},{"X":0.03326510265469551,"Y":0.9574487805366516}]},"Id":"ea29759a-ded3-4072-9dc1-8867c7f263e3","Text":"30Jan23","TextType":"PRINTED"},{"BlockType":"WORD","Confidence":99.93123626708984,"Geometry":{"BoundingBox":{"Height":0.011761527508497238,"Left":0.10066454112529755,"Top":0.9454887509346008,"Width":0.04743840545415878},"Polygon":[{"X":0.10066454112529755,"Y":0.9455102682113647},{"X":0.14809994399547577,"Y":0.9454887509346008},{"X":0.14810293912887573,"Y":0.9572288393974304},{"X":0.10066740959882736,"Y":0.9572502374649048}]},"Id":"a1e3ed2b-4978-44aa-bab4-9a9ba6c06e3c","Text":"F145D","TextType":"PRINTED"},{"BlockType":"WORD","Confidence":99.96949768066406,"Geometry":{"BoundingBox":{"Height":0.01163669116795063,"Left":0.26421892642974854,"Top":0.9456443786621094,"Width":0.03484979644417763},"Polygon":[{"X":0.26421892642974854,"Y":0.9456601738929749},{"X":0.29906532168388367,"Y":0.9456443786621094},{"X":0.29906871914863586,"Y":0.957265317440033},{"X":0.26422223448753357,"Y":0.9572810530662537}]},"Id":"a80bb95a-47ad-4970-ac01-d36a84484107","Text":"1245","TextType":"PRINTED"},{"BlockType":"WORD","Confidence":99.90711975097656,"Geometry":{"BoundingBox":{"Height":0.011707009747624397,"Left":0.3289051949977875,"Top":0.9455721378326416,"Width":0.035619523376226425},"Polygon":[{"X":0.3289051949977875,"Y":0.9455882906913757},{"X":0.3645211160182953,"Y":0.9455721378326416},{"X":0.3645247220993042,"Y":0.9572630524635315},{"X":0.3289087116718292,"Y":0.9572791457176208}]},"Id":"25ff05e8-5e67-4fcd-ba20-d053e89e65fc","Text":"1520","TextType":"PRINTED"},{"BlockType":"WORD","Confidence":99.90182495117188,"Geometry":{"BoundingBox":{"Height":0.011644038371741772,"Left":0.37185099720954895,"Top":0.9455744028091431,"Width":0.02630351483821869},"Polygon":[{"X":0.37185099720954895,"Y":0.9455863237380981},{"X":0.39815083146095276,"Y":0.9455744028091431},{"X":0.39815452694892883,"Y":0.9572065472602844},{"X":0.37185463309288025,"Y":0.9572184085845947}]},"Id":"3e288723-fa91-465d-b5fa-dc76ba6c9491","Text":"116","TextType":"PRINTED"},{"BlockType":"WORD","Confidence":99.51412963867188,"Geometry":{"BoundingBox":{"Height":0.011611578986048698,"Left":0.4602009057998657,"Top":0.9456716775894165,"Width":0.03133046254515648},"Polygon":[{"X":0.4602009057998657,"Y":0.9456859230995178},{"X":0.4915274381637573,"Y":0.9456716775894165},{"X":0.4915313720703125,"Y":0.9572691321372986},{"X":0.4602047801017761,"Y":0.9572832584381104}]},"Id":"667b10e2-cc3f-450c-9936-d6bf117bf55f","Text":"CJU","TextType":"PRINTED"},{"BlockType":"WORD","Confidence":99.97875213623047,"Geometry":{"BoundingBox":{"Height":0.011701211333274841,"Left":0.5483548641204834,"Top":0.9456073045730591,"Width":0.034716032445430756},"Polygon":[{"X":0.5483548641204834,"Y":0.9456230401992798},{"X":0.5830666422843933,"Y":0.9456073045730591},{"X":0.5830708742141724,"Y":0.9572927951812744},{"X":0.5483589768409729,"Y":0.9573084712028503}]},"Id":"67073c62-ddcf-41c9-ae52-ed47def3d69b","Text":"1355","TextType":"PRINTED"},{"BlockType":"WORD","Confidence":99.85035705566406,"Geometry":{"BoundingBox":{"Height":0.011945299804210663,"Left":0.5898707509040833,"Top":0.9454337358474731,"Width":0.03672105446457863},"Polygon":[{"X":0.5898707509040833,"Y":0.9454503655433655},{"X":0.6265873312950134,"Y":0.9454337358474731},{"X":0.6265918016433716,"Y":0.9573624134063721},{"X":0.5898751020431519,"Y":0.9573790431022644}]},"Id":"3ff3f913-a6f5-4cf6-9dd5-a6b761dbe8e1","Text":"GMP","TextType":"PRINTED"},{"BlockType":"WORD","Confidence":99.9738540649414,"Geometry":{"BoundingBox":{"Height":0.011625468730926514,"Left":0.6777419447898865,"Top":0.9456389546394348,"Width":0.035726360976696014},"Polygon":[{"X":0.6777419447898865,"Y":0.9456551671028137},{"X":0.7134637236595154,"Y":0.9456389546394348},{"X":0.7134683132171631,"Y":0.957248330116272},{"X":0.6777464151382446,"Y":0.9572644233703613}]},"Id":"13280c96-19ad-436c-828d-b153a1081d6d","Text":"1500","TextType":"PRINTED"},{"BlockType":"WORD","Confidence":99.93849182128906,"Geometry":{"BoundingBox":{"Height":0.011344939470291138,"Left":0.7200270891189575,"Top":0.9457354545593262,"Width":0.026786714792251587},"Polygon":[{"X":0.7200270891189575,"Y":0.9457476139068604},{"X":0.7468092441558838,"Y":0.9457354545593262},{"X":0.7468137741088867,"Y":0.9570683240890503},{"X":0.7200315594673157,"Y":0.9570804238319397}]},"Id":"566c2164-1094-40c1-b33d-d6cf0b076f1d","Text":"738","TextType":"PRINTED"},{"BlockType":"WORD","Confidence":99.4071273803711,"Geometry":{"BoundingBox":{"Height":0.01190168783068657,"Left":0.033261120319366455,"Top":0.9643576741218567,"Width":0.06066415458917618},"Polygon":[{"X":0.033261120319366455,"Y":0.9643849730491638},{"X":0.09392239153385162,"Y":0.9643576741218567},{"X":0.09392527490854263,"Y":0.9762321710586548},{"X":0.03326382115483284,"Y":0.9762593507766724}]},"Id":"0285cafd-9ddc-41b8-b7b9-d8e19f680c4d","Text":"31Jan23","TextType":"PRINTED"},{"BlockType":"WORD","Confidence":99.75221252441406,"Geometry":{"BoundingBox":{"Height":0.011568800546228886,"Left":0.37097176909446716,"Top":0.9644261598587036,"Width":0.03147568553686142},"Polygon":[{"X":0.37097176909446716,"Y":0.9644402861595154},{"X":0.40244"
20:09:03.236 [Test worker] DEBUG org.apache.http.wire - http-outgoing-0 << "37963962555,"Y":0.9644261598587036},{"X":0.4024474620819092,"Y":0.975980818271637},{"X":0.3709753751754761,"Y":0.9759949445724487}]},"Id":"b8a41acc-e4ef-4269-98f4-5a451ff1161d","Text":"OFF","TextType":"PRINTED"},{"BlockType":"WORD","Confidence":99.57874298095703,"Geometry":{"BoundingBox":{"Height":0.011637029238045216,"Left":0.4604068100452423,"Top":0.964336097240448,"Width":0.03647289797663689},"Polygon":[{"X":0.4604068100452423,"Y":0.964352548122406},{"X":0.49687573313713074,"Y":0.964336097240448},{"X":0.4968796968460083,"Y":0.9759567975997925},{"X":0.4604106843471527,"Y":0.9759731292724609}]},"Id":"09834c09-c6c6-47b2-b3d7-47fe555f089f","Text":"GMP","TextType":"PRINTED"},{"BlockType":"WORD","Confidence":99.87648010253906,"Geometry":{"BoundingBox":{"Height":0.011547871865332127,"Left":0.5472265481948853,"Top":0.9645813703536987,"Width":0.03657009080052376},"Polygon":[{"X":0.5472265481948853,"Y":0.9645978808403015},{"X":0.5837924480438232,"Y":0.9645813703536987},{"X":0.5837966203689575,"Y":0.9761129021644592},{"X":0.54723060131073,"Y":0.9761292934417725}]},"Id":"2d5ae00f-6a89-46e2-a288-170b734032cc","Text":"0000","TextType":"PRINTED"},{"BlockType":"WORD","Confidence":99.78089904785156,"Geometry":{"BoundingBox":{"Height":0.011846037581562996,"Left":0.5898847579956055,"Top":0.9642700552940369,"Width":0.03673906251788139},"Polygon":[{"X":0.5898847579956055,"Y":0.9642866253852844},{"X":0.6266193985939026,"Y":0.9642700552940369},{"X":0.626623809337616,"Y":0.9760996103286743},{"X":0.5898891091346741,"Y":0.9761161208152771}]},"Id":"0bd58de8-b65c-4e5f-a7fe-1cc62cec8a23","Text":"GMP","TextType":"PRINTED"},{"BlockType":"WORD","Confidence":99.96009826660156,"Geometry":{"BoundingBox":{"Height":0.01163526251912117,"Left":0.6771228909492493,"Top":0.9644775390625,"Width":0.03605731949210167},"Polygon":[{"X":0.6771228909492493,"Y":0.9644938111305237},{"X":0.7131756544113159,"Y":0.9644775390625},{"X":0.7131802439689636,"Y":0.9760966897010803},{"X":0.6771274209022522,"Y":0.9761128425598145}]},"Id":"4a3367ab-5b58-4b07-bd98-55e295c236c3","Text":"2359","TextType":"PRINTED"},{"BlockType":"TABLE","Confidence":99.7045669555664,"Geometry":{"BoundingBox":{"Height":0.948569118976593,"Left":0.006105357315391302,"Top":0.030376359820365906,"Width":0.9868105053901672},"Polygon":[{"X":0.006105357315391302,"Y":0.03098226711153984},{"X":0.9924759864807129,"Y":0.030376359820365906},{"X":0.9929158091545105,"Y":0.9785037040710449},{"X":0.0063149454072117805,"Y":0.9789454340934753}]},"Id":"a805a387-04b7-4ca6-a247-b0ce31ec4618","Relationships":[{"Ids":["ab908a45-9a5f-4a1f-813a-4579bb192125","9869742a-a7d6-4c6c-bf60-25a4e8d82d10","5b4785ec-c222-4544-9a3b-66b6c071bfa4","68c1c0b8-bf64-4e94-a2d7-87820e5cce45","21f137ae-96e8-42c4-86d9-287a3a3e2aab","c583ea06-ac96-406f-ac2a-297e4341c1a3","2a4a1bbf-231d-4b72-aa41-872a601f8c27","47005c69-874a-49ff-96c8-f31b4493fb94","29e5ed6c-faba-4e00-a62a-ebe645136baa","3291ca2d-ad61-4b0c-b202-762f596d2fcf","c0c0251d-3da5-407b-9177-1b305b03e504","13ef7255-0f1b-474a-9b5e-17839fabcf7c","52e7995a-4dfe-428c-b316-6f31879abd6d","79c27d37-1190-445c-a6d8-ec81b34143c4","d331207c-90b4-48a3-b42a-b58ad0ccc9e0","27b77417-3cfa-4fe4-ba70-72417cd5316e","c5334a39-71bf-417f-b18c-e5baeff2f862","4b2b1b85-b0f8-48fa-b3bf-0ec9deeb6895","7b274034-1e7c-4597-8831-91f27aa80e50","e11465af-9bdf-4708-9909-cd8484523f68","7d8638e6-99b2-42f9-b70b-1a6c04b519a2","32666a8c-a4a8-4c44-90b8-df2e8b0b9ca0","314dd7f6-773f-4005-9cb8-8c7877ae6fc3","3af8f281-e3d4-412f-b3a9-9fb635e319f3","8c6d03aa-6bf7-466a-b461-d3ee183690b6","77ae14db-8f65-4433-99f2-2a25eeb12352","1e2dc400-c350-4873-a2ed-ab86e0caf603","6d37b1cf-8360-4652-ae68-2b2360c71a5c","3c608d52-0e44-4277-85fc-43390439d168","3576cfa7-a379-46b2-9c02-27b40170f871","4568e1ef-6f9d-4dd7-8af6-fd1e19729983","976d5fe5-030c-4c21-b60a-c40042cd9de6","6e8fb0a5-209b-455c-a1b3-26668fb067f6","48a0b242-1ed7-4627-8d86-cde2204f22d3","4a6b9c64-4fbd-4143-a2a6-90b960b4205a","85976b23-dfc3-4947-a4e4-df5d2e762fff","c941220c-7eb4-40d4-9865-4a4d7c89fc39","eed3237d-f59c-4c4d-bf84-84fa31056554","d6c3cbf7-bda7-4b6e-907f-f19babb732c4","9b8f3a53-416f-46c8-b081-e72b53596630","19799686-c7e5-43f8-9617-f2ceed4dee14","a0adbf0f-1f16-4948-b467-55f1e2b072c5","36dd3542-c665-4b07-9936-7af8eec17c0f","357ad6e7-27b8-47fa-883a-b8d47b7355fe","0593cc3b-2e93-4cc1-a5fa-fd1168bccd80","11a8943f-3a9c-4d98-a640-0dcc7516381f","f48a0ec3-4fe8-406b-8ccb-67c6c50f1a7e","3f192810-4dff-485e-99fb-2ff099a7c063","f54a2db7-fa0f-48eb-bfac-b179dc47cf0d","70503bd0-4d59-4181-a315-f3ea0e200290","31009d14-a416-43d7-970e-bed15ed66fc5","ecfed0f7-8cbc-4ac8-8d9b-b8005129c67a","ec154dc0-33db-4027-9ff4-08f30433d4b8","77e6d736-e2e9-4267-a2a5-c94df3fd44aa","3149c66b-efd0-41db-a48a-001b0bc2efb3","74d9551f-7311-4aad-a13e-8c26a922516d","9a2815f0-7d3a-43c5-b080-95bd2f7e1660","79da3315-029d-4c60-97aa-a40cc0d66399","f1dd27b7-3e5f-42f1-ac37-623ca1bf1a9d","1539f090-2292-40a9-a5b5-54ab8a9aa4e1","67f78efb-e386-4898-b26c-2940192ba633","b5390dfe-aec7-48c6-a456-9eb6e9c4aa38","1924935b-074e-48b2-acb9-322e890010a6","0d398e8d-d17a-43a8-b540-cecb25f29a6d","d4896ceb-365f-4303-93d0-6a1499165e6d","f37f6483-d6ca-4ebd-9c1d-d3a9e6c59466","c61089ce-81b2-4fa8-959c-75e9fff80e11","9aef0017-97f3-4966-8bfe-ee944b262825","a5821664-8545-49f1-bcd1-686030274ef0","acdd639b-e12a-4065-a737-4df1c0d1db80","ca056a0a-c5c7-4fb4-83c5-d841c6ab4ca3","1124ff45-c5a8-4797-ba33-7e40bbe8c7a3","099bc40b-89d1-47f7-a9e9-0a1db9b8249b","75a2e538-16c7-4f22-a099-02956597f4a9","6917309b-59ec-453c-8c07-73a8633cbf51","7015597f-a49f-41ef-af3f-aa5061867143","28a49baa-0cad-46a5-bfa3-b1a329780a16","571330e4-2efc-4e37-949c-774827de0f11","d3da6676-3afb-46e9-b668-574ab9ec12e9","a7cd1980-c187-4bbe-a76f-387c5783e0d9","207c276b-875f-4b86-843d-ef4c418910c7","68c2435c-deb3-440d-8002-e3c5c8c6b044","cf811cef-2ebd-4b83-a113-dd89e093c8d0","b8d8e495-c9e4-4d65-84a8-dd6c04323ccc","e36814c4-fc24-49cb-a02e-ec724fd93532","3ddd2657-c081-46a6-b09b-1e57d0b4896a","41124b85-3d75-49d0-afdc-8f2b8b049b9e","7ec032a0-a335-4431-814f-e8a0bfe65d7e","f0355c82-d83d-4260-ab4f-f193f56eef20","1504b032-e74d-4033-9c39-843ce5902c89","4122cc7a-f147-4462-add9-31a4ac50721c","b855ccf2-56a5-48c5-8081-e770dee6fdb6","15a223b4-d117-4e5a-8e21-5a5db1fd0504","f585cd4f-6b8a-4a11-bf69-e6fc641ec260","caaeb34d-54f2-4dfa-97a4-2f360834a8a0","83298315-1966-4688-b302-a47115f0cc46","26199674-1a54-4d93-9265-3743885171e9","4ecc22a1-e1bf-4624-a180-698933cf1e7c","40d65d8a-9555-4653-ba90-7059f6215502","2ac773d4-1dfa-4429-b9a8-8891374635f7","c5a39b85-30b2-4b3d-92c6-50d3f1693148","29261197-cd5b-4bc6-a7cb-3165e9f71d12","72e3d288-652f-42b5-a316-3e059a4972e1","e453152f-86fa-4883-93d0-59400c54d3ec","67521ecd-3635-4182-a5cc-dbd2fe70e0b3","6bfb1b2b-f3c0-4305-86db-455db16394e4","4a7708a8-988e-45b6-9ddb-d1850cf2124a","525ac333-f9ed-4b0c-bfcb-8dafa43842ee","2a730959-d692-4dba-a414-679becffb30f","9f68369f-f3c5-4d0f-8a76-244f60d3d6e6","25fe7245-fc73-4231-87ed-ee582fd8ad2f","9c6515f6-280b-48f1-9855-d835031fd963","57408939-5312-40ea-bfd1-2012a6490eb7","47f9a3ec-20b0-465e-bef7-7330d95f9c23","a3196875-97d2-456e-9fb4-e059c9cbedc1","49097b09-78d2-4a3e-bfec-77aafdb4ec24","997074e9-980a-41d7-8855-3a6f1ba776a5","bd889caa-cb02-4613-87d8-3fad9b939826","746aca22-41af-4cfa-a8e4-ad1c17606e14","d2c6c478-d85e-4668-98b7-e53e2e880924","fcf6dec4-d26a-47db-a1ac-3e3facf2baaa","44c297e8-d629-45b4-a54b-c7b1ef2a6609","1362a3fb-b449-4ee9-b199-6f119291840e","4411519b-5683-4773-8109-138b3f49c7d0","99829b14-434f-4eb4-ba6b-a8ad42114605","0befafdd-c601-40b9-a25a-de1914600856","0a322035-d05b-429b-9bb5-2876d205a134","f6a3919b-cdbc-46cb-95a8-f4610dad224a","1b718c0a-b37f-42bd-baf9-e2874c04629f","cb965d32-3ee9-451f-a6cf-9eb49e1427b4","f7c6fe55-f202-45f4-a372-d6f2781a58ef","2c2b5999-4e5d-4929-8831-d79fc3943b1c","74939de7-75b1-4f54-bc11-79ee3df5bda3","cade03d6-8fa3-4232-afc9-6ec96469cf58","9e7a6a04-63b7-4a5e-a30a-61879fdb3ee5","1fe905c8-148a-4125-922b-f38bfc2cf891","1a051c2d-5763-4460-8d15-f4796e693af4","3e5c11f5-ae77-42d5-9c03-f622a68bad91","f15c39be-2717-4e74-8477-b482603d7328","9018a057-9966-402f"
20:09:03.236 [Test worker] DEBUG org.apache.http.wire - http-outgoing-0 << "-b1fa-03124825a677","4a383a72-9588-4c32-a45e-b76eb491a34e","4664eb2c-9380-416c-a90e-a3ccabde1b8b","760192e6-8bbf-4711-bf3d-bf2e333a2045","bc1165d8-3c38-4cd4-8840-bb9a385004e9","ee8973a4-4383-421c-907b-c9fdf26fa16f","cc15710d-2b30-45f4-aa97-a18db23fcee0","a16914b7-f3d2-4c79-b0fe-c1680381e7b3","6a898f9a-1df4-4bf5-b252-a7c87051a0dc","c2baf993-4046-4099-8d63-fa00661030e4","bd28c501-c21"
20:09:03.237 [Test worker] DEBUG org.apache.http.wire - http-outgoing-0 << "1-49b9-8a1f-2e04b4d59804","b3c7846c-35b1-450c-9b0a-c5cae2e27a98","f5135866-1d84-48d9-b8dc-c71c4d8dfbb1","a697626b-725b-4693-aa99-fa2d91700f0f","e1e2a2e0-13cf-4303-82a3-594ebabdf3c7","769f1c66-9aa0-4cd0-9487-ef9e13bbf501","0a212024-ed66-4dca-b99d-a1f9dd09d6ef","c5095f39-2a11-4bc3-b83a-89e6a63d55d9","e8e5ecfe-d9f1-443e-89de-60ecfc45f1e5","f7c7e90d-0a3c-40cc-908e-3e43a15fa4d4","c747ff89-233c-45bf-8db4-93075452f7d5","7890a9ab-c8c4-4327-b92a-c513abe7824b","24b3a6d8-c59a-40b2-b935-953ffd0a831b","ee3f8efd-d772-4ed6-8fce-311dee00d20b","2833ef5e-c0cd-4a41-80db-0b7e5023247f","b11c1f64-9afd-4e2c-a804-7b9dc2cba04d","c8256f75-d488-4f12-a5ac-99942264f3bc","25bd931f-a293-423a-94bb-40083520dd47","41444e10-9c47-44c2-ae0c-6ee093a34484","1f092b8b-4b41-46ab-9787-0b6766c52c82","47f604df-5a1e-43db-ac48-d77fbe4e143e","533b0a6c-f786-4df7-9a88-1fd7a99b895b","7a61c92d-5402-4c5b-bc7a-d91d69a406d4","48b07738-379f-47d4-8fd7-35b0650f44ff","c111be59-e875-4d95-8fda-83351c50920b","0d3349b4-2ac4-40af-876d-f353551eae3b","3dadcdf6-2983-4ae0-a7f"
20:09:03.237 [Test worker] DEBUG org.apache.http.wire - http-outgoing-0 << "1-34a2565fa92d","efcd6b80-4175-4e21-b906-b6029563f0a4","0bfd2d40-f60d-4c3d-8ac9-5da63ce09fcf","add95c64-236a-474c-9254-cbe563f1aaa1","99b0a0e1-6ab8-4485-b1ac-074ad2d4f3bd","0988a8b0-8000-411f-8f3b-42e700f65960","a11a00bb-be1e-4eb8-ad0f-c4b3e43f70b5","2a30de5f-9480-4ffa-a9d3-2f3daa691ba4","dc4ad92e-70a7-4411-9174-7ddfc1556e6d","4922185f-1ec1-4164-97eb-d2561f6ceeb6","d27e4146-b5f7-453a-ad79-ebbc1ca774c7","8e8b7216-a1ba-47cb-b04c-7e9eb1c25475","33f80d65-4908-405d-be51-2909386a9168","8b947f6f-2f4c-47e8-a3d7-b4a1fc4baf8c","a53728fc-e55d-45ca-9cbf-fb742e0f1d4d","9b658f43-0a55-48ea-8c4f-4d800d8fd05c","46962dc5-52da-4dad-9f76-926f65a4ffdb","7a8768f9-8096-42f6-9508-46327c9257ea","41df2f78-46b6-4d3a-b72b-7372bf5ce4b3","5c1a6447-a539-442c-b2ba-fc8b332bf7b3","69ab5fb5-1e1c-4f5a-8bfa-64f012fcb478","1145aad7-e816-47b0-b99e-dcf8e14f4e42","761e06fb-820f-4700-bcb2-c39ca2629e75","3af33d23-9ff6-4c64-bcef-80d956845424","f5ad7515-78ae-41cd-b11c-b961f838ebdd","1957a64d-e378-4506-9531-8612a224cf42","4370f5d9-c5a1-4920-99a7-36d7f6d360ff","992043d5-d194-4ace-8098-e6aa4fc92e29","4db554ba-fa55-4c87-a661-38b5fce6d0dd","b64ecce1-f9ac-44b3-b2de-b4948d089018","a6572c0f-f093-4924-aced-9f5b869ffe5b","f94e2748-9b7e-4e4d-b7ed-1d45ee7ac865","eed755a8-65e7-4549-89bf-5f6ddf2a4c8d","d4aac9c6-63f4-466f-a7fb-2b2557bad2ad","8194d5c1-989c-4ebf-ae7d-789f2eaf30dd","f5129a6b-5a68-4a27-8595-b2d95b3be5a1","019408ef-7a8b-4e34-9820-589731e0354a","3fdae1e1-6ef2-4112-b677-71eedc31d1af","af4dfb3e-ae38-4302-b899-51371cd20e4d","5ff32f26-67a2-475a-957c-1a0d1cb2d5aa","53adf82a-63e9-41b3-a9bb-ab6e616823e9","b723009c-c982-4a86-8281-c66915538fcc","c6672730-d429-4e0c-9fea-978f048c5a2c","61c0c340-2062-4e70-8559-7efec427408a","18d703f4-22a2-4d8d-8287-b5fdbb2e95c1","d13fdd76-38ad-4550-b465-3cf7afa5f8e4","ded05ce0-66ba-49e2-b358-3a8d6dba394c","2290e5cc-8fb0-461c-a6c9-a99d662839e2","bee08876-7de8-4561-a68e-d51a6df9f2f4","3e0947df-d86e-4ab2-b4d6-62363da80779","76038017-7ab3-4b00-a5d7-3cc66ccbd023","5c4cf4bc-b331-4415-8eb9-4b9a48b6d485","8a7be550-4bcb-43dd-b81d-45fd6dcfbf72","47bc8e61-b564-42de-913d-9902ed859917","82f9d18d-1be0-4de7-bda8-77fc75b86ea7","a7844dd9-3e0d-42d3-8675-08a260631f5a","f80be15a-f11b-45b5-a4ba-c6da7462ad74","518b79a3-8008-41d5-91ac-e7b213f967a2","b4e7e88f-39cf-4fc2-b7aa-fcfde0ae4e9c","c3e916e8-effb-460a-9a2f-f83bc55deb3a","1610fc46-afaa-4a07-8cb9-6484cac8bb2b","bf13eda9-ce8a-4870-9c0a-5af3b5d86394","cf47849d-5b8e-4cd4-8428-5dcc06a60d28","6dfd034c-f006-4601-8e72-8bedeae95311","6033768b-395c-4a1b-97a2-b8870681dd4f","e0cd5891-7327-44f8-b37c-a1acb83d3557","88836aae-ab25-4f46-b659-c0f6a7e833be","0f83af6a-35b3-46ab-9424-c4cacd1441cd","ffd8bed2-e493-4b0f-a1f5-c9e2d7a31fe3","d2dbf8a7-266e-46d0-a9b3-bde39a49d39d","10a9e646-ce61-45bd-ba35-f3cd2e3d28c0","9c1b34f5-7a0e-4e1f-93c3-a49cd1679386","d98643e1-695f-4f3f-9213-c5922d462f73","eeb31af9-551c-4636-9810-bcb6a7264d6c","189fe32f-b061-4008-84dd-d4695b717e57","b245c214-71f6-4cc4-ba61-9dc732ebe554","11188f69-bdca-4d84-ad17-9a05a31c58a8","1309c8af-04bd-44e6-91f5-348b00c9f78b","69f4b382-4abb-474e-be9c-d270eaade0de","29b3cfbd-53d3-4b52-83d1-944a7dfe9592","6fa5f474-2cbb-4707-ba84-2356cc71cf4d","f5a1d49f-110e-4536-aad9-f043d5cb73cd","229b051a-02bf-43e1-a831-b70cd449816d","337f3a22-13a6-4c9d-a53f-0d62094eefcf","55ababe4-6b8a-4cde-9c6d-337b7e0c22a0","6c9c551b-72a5-4904-8a21-07efb1fe95d0","c761cdc6-e028-4b68-8ba0-21d6d8c586f6","e4b0ad9c-9dae-4520-8657-c84583a68b24","cf557450-fa06-4780-ac8f-bfb90e8f344a","e70cf44c-2336-4aa7-94f9-3a51c59e6067","a03ac477-78e9-4cd5-81ac-8f802f33693b","2756ced6-8a31-44cc-b16e-406c32f94efc","1acd4edc-1077-4b97-8d0c-4afa0f601b04","764d68a4-e739-4e62-9150-ee36e54f4a26","6685cb92-6caf-4d44-9be8-1e4cf00b62fe","1318aba8-1a85-44be-b88b-3bebb30bcc0d","69bdcd30-c65f-40c7-a000-647ac93f30be","7e5c52c9-140f-47fb-a2c2-efd1ca86e8f2","013bb986-a8ff-4e77-96f3-7d557bde2cfc","d15bcf49-1092-4036-8ce2-0da4b689bb9c","884708f5-f6f8-44f0-a4af-2004893371aa","87a285da-8902-42c5-9422-aae8c31011bd","6cf572a9-fd27-4419-84ac-e6f62d71ba43","4464c5ed-c75b-4625-9f15-0dd52838f570","6dd5901b-3677-46d2-81dc-8ec4b3718024","77c43c19-b728-4491-846d-4cb5eb1acec7","3b8874cb-58f0-4b99-9b45-9c74b84cdca5","57bf9a3f-916e-47ef-99e4-19cab09874d1","608703e2-5257-461c-ac80-772f711a7515","fd4a1f97-5b42-4d67-95ac-6e7a185c3295","a92772c2-91c2-4a49-8ee9-3f2f03ff7b6d","b7d5967d-dfa1-4d3c-b555-46f1435989e9","dd02067e-0b70-4bff-8a21-7ac7d224d5f3","9538ace0-4513-4f48-9826-00c31e013321","1d840b4b-76a4-4ef7-9c22-1a1d4c483eb4","517ab7ae-28b0-447b-b691-71618cc56862","f3bc52fb-299c-4753-99a2-d5050aa1d7ea","d149f60b-8063-414e-bdfb-c91f2fd920f5","ad8fb2ab-9946-47bc-8046-8c81500327e2","97c8e121-92be-439a-a285-47cb4ee06873","7a503f2a-ec6f-43e2-b13a-87d82a810267","347ad77b-e7c0-44f4-8091-ad77bc9aae20","b1fb0100-12e8-4bf5-869c-00508d7a6424","80988ee9-a4c3-465e-9b38-c0913cd454d2","f005eb9b-527b-4ab1-b27d-42bf5943c953","51c3f565-540f-436f-93ad-e82a52875a2e","c93fe760-4f36-4c28-85f0-fb087d6daf70","3b0a49f5-5285-4a04-8b2f-b74c92781f04","8003eb23-e013-499a-a225-3bd617a909b4","4d2d89ca-b92e-40b4-a079-f295f6520e2d","b66ab78c-c571-4385-924e-0bdd662ec6c4","f892aa43-e0fb-41d5-9c62-b592feccd7e8","1395d389-b64d-4a4d-8285-6701eb3fa95f","4f6aef30-1be7-4799-98c0-d6c48a7f68c5","2520779b-3357-422d-930c-ebfaabeb39a2","b2b31d52-ce20-4708-aaf6-75dfb6e83b00","4eccb881-a468-4648-8f43-3ba9908c0a2e","1ec1269b-3ab9-4988-903d-ac0e5936a484","06cb420c-a985-4700-a006-45a5978ba7aa","74c325f2-67ed-4d06-a64e-6db79ec0d3f3","6daf05ac-9b8b-4036-82b6-a6fd8c73a9e0","5d445f9e-ac29-4468-8d25-0e86d1be6491","7522f7db-0977-467b-87ad-d5bb9774fd03","7d9f5a85-feb1-49a9-b3ec-c97e4a307240","8de7e885-90c6-41ee-b949-b023bfd761dc","2f8df02d-10f6-4905-a480-27f5f7d83038","f33fb1f7-58ed-4864-bc7b-11c275c8edb5","5775a22e-0cfc-4d59-8e7e-3e600de81926","94f678ef-9699-4d07-bc57-012146cd38d6","980d61bb-2491-47f9-ad0d-02609d308f68","ef8c6b6f-fa6f-42c2-b5db-ba554e9c0a2d","98d972cf-8a71-4944-ad30-d1054ee1bb60","50287ad5-50af-48df-93eb-0783f2687107","14881aac-823d-4a55-8fe1-436730810f9e","1d231e5a-88b2-40d8-9def-b13586479449","b34f37c1-d002-471a-9b20-49125805babf","4ccb5e40-7a23-438c-8102-cd33ad857ce7","60ac230e-5b8f-49ac-85e8-048b621c13c7","6debd571-6368-4090-946f-a95c47e108f7","3b731e80-6ea6-4143-9234-422c6ecb44a8","4c47cea7-8e45-4b23-b360-aaf84391d5db","18c5705e-43b7-4912-b480-4ea3cac1ee84","0f20c3ad-8900-4556-b177-aae9daaaa998","b06c6abb-dab7-49cf-80ba-d0ae0a4404d3","d0db065b-ceec-4d24-ab24-3c8efe18e3c0","8a3f745e-bb4f-4976-adab-01745cf19596","c5a6ed5e-5cde-45ae-933b-3c348cae3848","0787d082-4532-4c11-81fd-fa4e0f551ee7","565296e8-c4f1-465e-9476-fdbe95391207","e2e5f8b0-e937-4f8e-a84f-46986cf38efd","b407f4e0-da69-4031-b7ed-2cac3205ab39","2eb80dd1-3067-44b8-8e56-01a190e764a0","4f9c1415-b534-4421-a948-8e4a230e9cf8","44dd299b-b245-4694-8779-dfc1a984ca91","137430bf-0baf-4ef5-8ab3-dd5265d45b43","1c9cd3b8-bcd1-4508-a5e4-22c7e2e3f70c","2185aa3f-e81d-41eb-80ba-f56a45cd6f35","e3253ac6-4d79-4867-bea6-7473633caca0","7de14117-8328-403d-a599-5ee2aeea822f","043f5406-a86f-4bff-a2a9-eb523449e00e","84782eb0-a618-409d-98d6-6edd625ebc75","6bdfaa9b-537a-48aa-a4a2-44353fbb7230","f1e11bfb-4f31-4b9f-8037-44187a2900d9","8b16432e-133f-492e-9b17-e79d82694e9e","32fa387b-a5bc-4568-88de-eb502e5cd79f","c0880d7a-2ace-42c8-8143-947446a4e7c3","77d3b0ce-56d6-46f5-93e6-93712338491b","72f64ac7-2a18-43c2-a7fa-a5f6dda340f3","2dc2d856-09de-4bad-b4ea-47c1b03b3fbe","d56f3544-cd8d-41e8-a502-5a1dbb10be98","38a21524-8a58-42d5-a461-511d218d38df","be61a08e-b5fe-432b-90f2-a3fc2a37102b","da9953d0-78f7-4186-bb4d-244b256c568c","4fffa92c-7328-4d9f-99c0-49a7a182dd22","2aa4cec8-bf03-436f-a098-d017339597da","c7ffe86c-b4f7-4423-bd6c-ff3fb9024e65","eacd2414-0841-4556-9b03-abcbfe9fc93c","9ba1799d-c5a0-424e-9e33-2412eeef36e5","6ce73eb9-8480-4587-9afd-87314dadf5aa","637c5d68-e3a3-47a8-8e99-bd7b5d2e8f24","45d9e98f-78fb-4823-be21-4b2fb647623e","0b049f88-fce8-41b3-93b0-92272c18c52b","78bd5e56-ff24-4e07-948b-28720c4529d7","589194f1-0cb3-42e9-8507-558701691479","e720ff6d-afa3-4685-9159-1eaf70f5e841","573484b6-c9f6-4328-aecf-8b0"
20:09:03.238 [Test worker] DEBUG org.apache.http.wire - http-outgoing-0 << "31695cf99","5ec216dc-1a47-43ca-9eae-8cf833561114","d290f3ca-3055-496a-961e-ec06dbdb12e1","63666f1a-2733-4080-aedc-b7ed1a258439","64c04a7c-badc-4758-bb9b-f835a570057a","87538394-473a-45c1-83c2-787fbe811600","f4f5813b-5693-49c7-80e9-2f7cea9c39ab","46cc6c51-c845-42e1-b70e-35c8761af6bc","3527a7c2-6818-4de7-9d95-ba21cb246257","b7d0da8f-31df-4b58-a9a5-9e143a00bb56","52888740-32b5-4b6f-9607-a8e1236c25f4","d3eec1a0-a562-4c4e-a782-ae4ebf232e99","9a19e58a-cec1-42b4-8953-188df7315b0c","2e673178-25b2-4be5-827f-9128715ad16b","5013d786-7c78-4d0a-a90c-a85ad9b63689","237c4ff3-6e8a-46f9-963a-e233fd3b0724","4ab3961e-1571-4b40-bafd-7ddab8327067","284c0d52-189a-4dad-9171-c4c40a130d52","61a29fea-c6ea-4778-9117-2bc2e794b5be","a8018b6a-7cd7-4bfb-b09b-9342eebb1e08","92652127-f20f-4604-8229-fb68ff253b61","0522abde-a14c-49c6-b02e-15b4224c99d6","d63330c8-b837-4767-8a91-fa18809f690e","cf697d36-d622-4620-a29f-655c5fefa8a1","5232eef3-542f-47ab-92a0-a8549888e6a2","f1137a14-1be3-4d9b-9efa-0a3ec2283510","f4ac9234-b674-4cc7-bacd-82a3216b1d32","9f2b07f4-60d7-48f2-a66c-d5f2ab590bb5","0a63f3d6-e09b-47fe-b384-7f605a793f6d","0d5f65e6-619f-4441-8319-3202d2bc1c35","7efd3bb3-6e67-46a4-8777-808bfd6bd5a9","5c27cadf-ed40-4841-813d-0ed53e577eab","aaea058d-20d5-434a-89e3-4c62e3092da5","d8475eb7-9b3e-4972-bc68-b78b1abbc79b","5c9b3805-26e2-4990-aadd-74639236a1d5","9597bbf3-f6aa-4089-b4e1-3b9ba0cd2617","a9896e5e-4902-4361-8b66-2ef3d2fa9a8b","675297a3-cedc-4918-886e-edc69335f47d","1d3a93d6-0cba-4fe7-9449-1fd343823e4e","2b3a68ba-6e6b-4488-ba76-fa997d187843","4abf7dca-7680-41c7-a300-a4eba98cc517","eb5fce3c-6794-414a-bf37-2a85d4d0cd21","b1f4e461-06dd-4a1e-b9d0-8710efa93326","41e841a9-43ed-4515-8c22-406233df94ff","5cd233e0-83d0-408f-b921-fbb3147dfb1c","14e5ed83-fddd-47d1-8d89-c745379faa24","3d3f7c2b-82a9-4e23-9b05-e8b32823db46","df82dbc8-b284-481c-b15e-ca2c21281537","4fd5905d-a12d-4841-9c10-514b60ea1dad","d30bb7cb-fd63-407a-8745-fe3e970b5774","1bba3a2c-95be-4f2e-b7e2-92e46bc02016","380ad4b2-1cc7-4492-9925-5bb1f8389af2"],"Type":"CHILD"},{"Ids":["43be9d88-741b-4115-9620-8e91a1b2c87f","dddc33dd-2656-49f0-a3e9-3d1d73cabe82","3476e73b-6442-478b-86e4-eb3c1163dd06","5da9b38d-3b2c-40ee-9c61-62a6e4df943f","4d0628fa-9ec3-4d7b-a117-2e1853564c93"],"Type":"MERGED_CELL"}]},{"BlockType":"CELL","ColumnIndex":1,"ColumnSpan":1,"Confidence":78.9533462524414,"EntityTypes":["COLUMN_HEADER"],"Geometry":{"BoundingBox":{"Height":0.01922285184264183,"Left":0.006105357315391302,"Top":0.030875900760293007,"Width":0.1731606423854828},"Polygon":[{"X":0.006105357315391302,"Y":0.03098226711153984},{"X":0.1792609542608261,"Y":0.030875900760293007},{"X":0.17926600575447083,"Y":0.049992967396974564},{"X":0.0061095841228961945,"Y":0.05009875446557999}]},"Id":"ab908a45-9a5f-4a1f-813a-4579bb192125","Relationships":[{"Ids":["be2dfeea-2739-43ee-9909-be7306eb93fe","63b1bd4c-0dfb-483c-958c-b5cec38153cd"],"Type":"CHILD"}],"RowIndex":1,"RowSpan":1},{"BlockType":"CELL","ColumnIndex":2,"ColumnSpan":1,"Confidence":40.649784088134766,"EntityTypes":["COLUMN_HEADER"],"Geometry":{"BoundingBox":{"Height":0.01914963498711586,"Left":0.1792609542608261,"Top":0.030843334272503853,"Width":0.053021226078271866},"Polygon":[{"X":0.1792609542608261,"Y":0.030875900760293007},{"X":0.23227688670158386,"Y":0.030843334272503853},{"X":0.23228217661380768,"Y":0.049960579723119736},{"X":0.17926600575447083,"Y":0.049992967396974564}]},"Id":"9869742a-a7d6-4c6c-bf60-25a4e8d82d10","Relationships":[{"Ids":["988744d3-67b3-4111-8413-931d63a6d5e8"],"Type":"CHILD"}],"RowIndex":1,"RowSpan":1},{"BlockType":"CELL","ColumnIndex":3,"ColumnSpan":1,"Confidence":72.9458999633789,"EntityTypes":["COLUMN_HEADER"],"Geometry":{"BoundingBox":{"Height":0.019160669296979904,"Left":0.23227688670158386,"Top":0.03079991042613983,"Width":0.07069507241249084},"Polygon":[{"X":0.23227688670158386,"Y":0.030843334272503853},{"X":0.30296632647514343,"Y":0.03079991042613983},{"X":0.3029719591140747,"Y":0.04991739243268967},{"X":0.23228217661380768,"Y":0.049960579723119736}]},"Id":"5b4785ec-c222-4544-9a3b-66b6c071bfa4","Relationships":[{"Ids":["1f399b79-bc62-41fd-8d5e-7e4d1c025347","e25f3850-7350-4fa8-a63c-b323ede5247e"],"Type":"CHILD"}],"RowIndex":1,"RowSpan":1},{"BlockType":"CELL","ColumnIndex":4,"ColumnSpan":1,"Confidence":62.99428176879883,"EntityTypes":["COLUMN_HEADER"],"Geometry":{"BoundingBox":{"Height":0.019157513976097107,"Left":0.30296632647514343,"Top":0.03075988031923771,"Width":0.06517431885004044},"Polygon":[{"X":0.30296632647514343,"Y":0.03079991042613983},{"X":0.3681347370147705,"Y":0.03075988031923771},{"X":0.36814066767692566,"Y":0.049877580255270004},{"X":0.3029719591140747,"Y":0.04991739243268967}]},"Id":"68c1c0b8-bf64-4e94-a2d7-87820e5cce45","Relationships":[{"Ids":["72afe3e8-c5f2-4851-be0e-24b04fc234f2","e0f031bf-678e-478b-bfc1-7cfbb71614c5"],"Type":"CHILD"}],"RowIndex":1,"RowSpan":1},{"BlockType":"CELL","ColumnIndex":5,"ColumnSpan":1,"Confidence":74.2874984741211,"EntityTypes":["COLUMN_HEADER"],"Geometry":{"BoundingBox":{"Height":0.019171644002199173,"Left":0.3681347370147705,"Top":0.03070593811571598,"Width":0.08782035112380981},"Polygon":[{"X":0.3681347370147705,"Y":0.03075988031923771},{"X":0.45594874024391174,"Y":0.03070593811571598},{"X":0.4559550881385803,"Y":0.049823932349681854},{"X":0.36814066767692566,"Y":0.049877580255270004}]},"Id":"21f137ae-96e8-42c4-86d9-287a3a3e2aab","Relationships":[{"Ids":["272aabc0-31f6-4c18-a741-fae38ec88da2"],"Type":"CHILD"}],"RowIndex":1,"RowSpan":1},{"BlockType":"CELL","ColumnIndex":6,"ColumnSpan":1,"Confidence":47.345943450927734,"EntityTypes":["COLUMN_HEADER"],"Geometry":{"BoundingBox":{"Height":0.019151583313941956,"Left":0.45594874024391174,"Top":0.0306723490357399,"Width":0.05468461290001869},"Polygon":[{"X":0.45594874024391174,"Y":0.03070593811571598},{"X":0.5106267333030701,"Y":0.0306723490357399},{"X":0.5106333494186401,"Y":0.049790527671575546},{"X":0.4559550881385803,"Y":0.049823932349681854}]},"Id":"c583ea06-ac96-406f-ac2a-297e4341c1a3","Relationships":[{"Ids":["edbecad8-8ef7-4e9e-8d1f-31b3f01b667b"],"Type":"CHILD"}],"RowIndex":1,"RowSpan":1},{"BlockType":"CELL","ColumnIndex":7,"ColumnSpan":1,"Confidence":55.09731674194336,"EntityTypes":["COLUMN_HEADER"],"Geometry":{"BoundingBox":{"Height":0.019165677949786186,"Left":0.5106267333030701,"Top":0.03062485158443451,"Width":0.07733120024204254},"Polygon":[{"X":0.5106267333030701,"Y":0.0306723490357399},{"X":0.5879510045051575,"Y":0.03062485158443451},{"X":0.5879579186439514,"Y":0.04974329099059105},{"X":0.5106333494186401,"Y":0.049790527671575546}]},"Id":"2a4a1bbf-231d-4b72-aa41-872a601f8c27","Relationships":[{"Ids":["4d7cceaa-2b74-4fd6-a1f5-a9236841816a","5b42d1ba-bd48-49ed-b9b3-344d5d74a307"],"Type":"CHILD"}],"RowIndex":1,"RowSpan":1},{"BlockType":"CELL","ColumnIndex":8,"ColumnSpan":1,"Confidence":84.89598083496094,"EntityTypes":["COLUMN_HEADER"],"Geometry":{"BoundingBox":{"Height":0.01919783279299736,"Left":0.5879510045051575,"Top":0.03054545819759369,"Width":0.12925420701503754},"Polygon":[{"X":0.5879510045051575,"Y":0.03062485158443451},{"X":0.717197597026825,"Y":0.03054545819759369},{"X":0.7172051668167114,"Y":0.04966432973742485},{"X":0.5879579186439514,"Y":0.04974329099059105}]},"Id":"47005c69-874a-49ff-96c8-f31b4493fb94","Relationships":[{"Ids":["96a1fe8c-eb2b-487d-b6d6-42b68f99db89","fadbdc55-a8bf-48f1-a789-c1bc7dad0d4f","7d9ec11f-f2c5-4b26-9cc1-df5f3eecb991"],"Type":"CHILD"}],"RowIndex":1,"RowSpan":1},{"BlockType":"CELL","ColumnIndex":9,"ColumnSpan":1,"Confidence":89.36749267578125,"EntityTypes":["COLUMN_HEADER"],"Geometry":{"BoundingBox":{"Height":0.019287969917058945,"Left":0.717197597026825,"Top":0.030376359820365906,"Width":0.2752872407436371},"Polygon":[{"X":0.717197597026825,"Y":0.03054545819759369},{"X":0.9924759864807129,"Y":0.030376359820365906},{"X":0.9924848079681396,"Y":0.049496155232191086},{"X":0.7172051668167114,"Y":0.04966432973742485}]},"Id":"29e5ed6c-faba-4e00-a62a-ebe645136baa","Relationships":[{"Ids":["c9ebd07f-8fe9-4df3-8b65-a7925af3e785"],"Type":"CHILD"}],"
20:09:03.239 [Test worker] DEBUG org.apache.http.wire - http-outgoing-0 << ""RowIndex":1,"RowSpan":1},{"BlockType":"CELL","ColumnIndex":1,"ColumnSpan":1,"Confidence":79.11319732666016,"Geometry":{"BoundingBox":{"Height":0.018032658845186234,"Left":0.0061095841228961945,"Top":0.049992967396974564,"Width":0.17316114902496338},"Polygon":[{"X":0.0061095841228961945,"Y":0.05009875446557999},{"X":0.17926600575447083,"Y":0.049992967396974564},{"X":0.1792707294225"
20:09:03.240 [Test worker] DEBUG org.apache.http.wire - http-outgoing-0 << "6927,"Y":0.06792038679122925},{"X":0.006113547366112471,"Y":0.0680256262421608}]},"Id":"3291ca2d-ad61-4b0c-b202-762f596d2fcf","Relationships":[{"Ids":["6d77845d-d5f4-4d7d-8c54-cd506d53b415"],"Type":"CHILD"}],"RowIndex":2,"RowSpan":1},{"BlockType":"CELL","ColumnIndex":2,"ColumnSpan":1,"Confidence":40.73208999633789,"Geometry":{"BoundingBox":{"Height":0.017959807068109512,"Left":0.17926600575447083,"Top":0.049960579723119736,"Width":0.0530211441218853},"Polygon":[{"X":0.17926600575447083,"Y":0.049992967396974564},{"X":0.23228217661380768,"Y":0.049960579723119736},{"X":0.23228713870048523,"Y":0.06788816303014755},{"X":0.17927072942256927,"Y":0.06792038679122925}]},"Id":"c0c0251d-3da5-407b-9177-1b305b03e504","RowIndex":2,"RowSpan":1},{"BlockType":"CELL","ColumnIndex":3,"ColumnSpan":1,"Confidence":73.09358978271484,"Geometry":{"BoundingBox":{"Height":0.017970772460103035,"Left":0.23228217661380768,"Top":0.04991739243268967,"Width":0.07069505751132965},"Polygon":[{"X":0.23228217661380768,"Y":0.049960579723119736},{"
20:09:03.241 [Test worker] DEBUG org.apache.http.wire - http-outgoing-0 << ""X":0.3029719591140747,"Y":0.04991739243268967},{"X":0.30297723412513733,"Y":0.06784520298242569},{"X":0.23228713870048523,"Y":0.06788816303014755}]},"Id":"13ef7255-0f1b-474a-9b5e-17839fabcf7c","RowIndex":2,"RowSpan":1},{"BlockType":"CELL","ColumnIndex":4,"ColumnSpan":1,"Confidence":63.121829986572266,"Geometry":{"BoundingBox":{"Height":0.017967620864510536,"Left":0.3029719591140747,"Top":0.049877580255270004,"Width":0.06517425924539566},"Polygon":[{"X":0.3029719591140747,"Y":0.04991739243268967},{"X":0.36814066767692566,"Y":0.049877580255270004},{"X":0.36814621090888977,"Y":0.06780559569597244},{"X":0.30297723412513733,"Y":0.06784520298242569}]},"Id":"52e7995a-4dfe-428c-b316-6f31879abd6d","RowIndex":2,"RowSpan":1},{"BlockType":"CELL","ColumnIndex":5,"ColumnSpan":1,"Confidence":74.43790435791016,"Geometry":{"BoundingBox":{"Height":0.01798166148364544,"Left":0.36814066767692566,"Top":0.049823932349681854,"Width":0.08782036602497101},"Polygon":[{"X":0.36814066767692566,"Y":0.049877580255270004},{"X":0.4559550881385803,"Y":0.049823932349681854},{"X":0.4559610188007355,"Y":0.06775221973657608},{"X":0.36814621090888977,"Y":0.06780559569597244}]},"Id":"79c27d37-1190-445c-a6d8-ec81b34143c4","Relationships":[{"Ids":["b3de8359-1822-475b-89ca-559342597850"],"Type":"CHILD"}],"RowIndex":2,"RowSpan":1},{"BlockType":"CELL","ColumnIndex":6,"ColumnSpan":1,"Confidence":47.441802978515625,"Geometry":{"BoundingBox":{"Height":0.017961693927645683,"Left":0.4559550881385803,"Top":0.049790527671575546,"Width":0.054684460163116455},"Polygon":[{"X":0.4559550881385803,"Y":0.049823932349681854},{"X":0.5106333494186401,"Y":0.049790527671575546},{"X":0.5106395483016968,"Y":0.0677189901471138},{"X":0.4559610188007355,"Y":0.06775221973657608}]},"Id":"d331207c-90b4-48a3-b42a-b58ad0ccc9e0","Relationships":[{"Ids":["d5a5d47e-6b71-470e-9c76-0fcc94131de9"],"Type":"CHILD"}],"RowIndex":2,"RowSpan":1},{"BlockType":"CELL","ColumnIndex":7,"ColumnSpan":1,"Confidence":55.2088737487793,"Geometry":{"BoundingBox":{"Height":0.0179757010191679,"Left":0.5106333494186401,"Top":0.04974329099059105,"Width":0.07733113318681717},"Polygon":[{"X":0.5106333494186401,"Y":0.049790527671575546},{"X":0.5879579186439514,"Y":0.04974329099059105},{"X":0.5879644751548767,"Y":0.0676719918847084},{"X":0.5106395483016968,"Y":0.0677189901471138}]},"Id":"27b77417-3cfa-4fe4-ba70-72417cd5316e","Relationships":[{"Ids":["7fb15a45-ee80-4fee-8bf9-7cb26708ee84"],"Type":"CHILD"}],"RowIndex":2,"RowSpan":1},{"BlockType":"CELL","ColumnIndex":8,"ColumnSpan":1,"Confidence":85.06787109375,"Geometry":{"BoundingBox":{"Height":0.018007665872573853,"Left":0.5879579186439514,"Top":0.04966432973742485,"Width":0.12925434112548828},"Polygon":[{"X":0.5879579186439514,"Y":0.04974329099059105},{"X":0.7172051668167114,"Y":0.04966432973742485},{"X":0.7172122597694397,"Y":0.06759344041347504},{"X":0.5879644751548767,"Y":0.0676719918847084}]},"Id":"c5334a39-71bf-417f-b18c-e5baeff2f862","Relationships":[{"Ids":["827288c7-be29-4ca3-8a0c-89a16fbd35d1","7cdb1fb3-61d9-4610-b584-e3b0f54af0bd"],"Type":"CHILD"}],"RowIndex":2,"RowSpan":1},{"BlockType":"CELL","ColumnIndex":9,"ColumnSpan":1,"Confidence":89.54843139648438,"Geometry":{"BoundingBox":{"Height":0.01809728518128395,"Left":0.7172051668167114,"Top":0.049496155232191086,"Width":0.2752879559993744},"Polygon":[{"X":0.7172051668167114,"Y":0.04966432973742485},{"X":0.9924848079681396,"Y":0.049496155232191086},{"X":0.9924931526184082,"Y":0.06742613762617111},{"X":0.7172122597694397,"Y":0.06759344041347504}]},"Id":"4b2b1b85-b0f8-48fa-b3bf-0ec9deeb6895","RowIndex":2,"RowSpan":1},{"BlockType":"CELL","ColumnIndex":1,"ColumnSpan":1,"Confidence":58.40958786010742,"Geometry":{"BoundingBox":{"Height":0.037338484078645706,"Left":0.006113547366112471,"Top":0.06792038679122925,"Width":0.17316700518131256},"Polygon":[{"X":0.006113547366112471,"Y":0.0680256262421608},{"X":0.17927072942256927,"Y":0.06792038679122925},{"X":0.17928054928779602,"Y":0.10515476018190384},{"X":0.006121779326349497,"Y":0.10525887459516525}]},"Id":"7b274034-1e7c-4597-8831-91f27aa80e50","Relationships":[{"Ids":["451ebeb9-619f-4899-afab-f1177e1f22bd","438192cb-4ac7-4bca-9a2d-5b052ec2a113"],"Type":"CHILD"}],"RowIndex":3,"RowSpan":1},{"BlockType":"CELL","ColumnIndex":2,"ColumnSpan":1,"Confidence":42.402496337890625,"Geometry":{"BoundingBox":{"Height":0.03726659715175629,"Left":0.17927072942256927,"Top":0.06788816303014755,"Width":0.053026724606752396},"Polygon":[{"X":0.17927072942256927,"Y":0.06792038679122925},{"X":0.23228713870048523,"Y":0.06788816303014755},{"X":0.23229745030403137,"Y":0.1051228865981102},{"X":0.17928054928779602,"Y":0.10515476018190384}]},"Id":"e11465af-9bdf-4708-9909-cd8484523f68","RowIndex":3,"RowSpan":1},{"BlockType":"CELL","ColumnIndex":3,"ColumnSpan":1,"Confidence":46.694847106933594,"Geometry":{"BoundingBox":{"Height":0.03727768734097481,"Left":0.23228713870048523,"Top":0.06784520298242569,"Width":0.07070104777812958},"Polygon":[{"X":0.23228713870048523,"Y":0.06788816303014755},{"X":0.30297723412513733,"Y":0.06784520298242569},{"X":0.302988201379776,"Y":0.10508038848638535},{"X":0.23229745030403137,"Y":0.1051228865981102}]},"Id":"7d8638e6-99b2-42f9-b70b-1a6c04b519a2","Relationships":[{"Ids":["b5cc525e-ad80-487b-8b92-b870437daef0"],"Type":"CHILD"}],"RowIndex":3,"RowSpan":1},{"BlockType":"CELL","ColumnIndex":4,"ColumnSpan":1,"Confidence":40.501258850097656,"Geometry":{"BoundingBox":{"Height":0.0372747927904129,"Left":0.30297723412513733,"Top":0.06780559569597244,"Width":0.06518053263425827},"Polygon":[{"X":0.30297723412513733,"Y":0.06784520298242569},{"X":0.36814621090888977,"Y":0.06780559569597244},{"X":0.3681577742099762,"Y":0.10504120588302612},{"X":0.302988201379776,"Y":0.10508038848638535}]},"Id":"32666a8c-a4a8-4c44-90b8-df2e8b0b9ca0","Relationships":[{"Ids":["7ac326a5-8ad8-43ba-899c-14e7ff72284a"],"Type":"CHILD"}],"RowIndex":3,"RowSpan":1},{"BlockType":"CELL","ColumnIndex":5,"ColumnSpan":1,"Confidence":42.21426010131836,"Geometry":{"BoundingBox":{"Height":0.037288982421159744,"Left":0.36814621090888977,"Top":0.06775221973657608,"Width":0.0878271609544754},"Polygon":[{"X":0.36814621090888977,"Y":0.06780559569597244},{"X":0.4559610188007355,"Y":0.06775221973657608},{"X":0.45597338676452637,"Y":0.10498841106891632},{"X":0.3681577742099762,"Y":0.10504120588302612}]},"Id":"314dd7f6-773f-4005-9cb8-8c7877ae6fc3","Relationships":[{"Ids":["efcb314e-36a1-45e8-a8d6-89c52b67f154","81f44355-323a-42bd-a941-b4fffa5b73fb"],"Type":"CHILD"}],"RowIndex":3,"RowSpan":1},{"BlockType":"CELL","ColumnIndex":6,"ColumnSpan":1,"Confidence":47.485618591308594,"Geometry":{"BoundingBox":{"Height":0.03726941719651222,"Left":0.4559610188007355,"Top":0.0677189901471138,"Width":0.0546913705766201},"Polygon":[{"X":0.4559610188007355,"Y":0.06775221973657608},{"X":0.5106395483016968,"Y":0.0677189901471138},{"X":0.5106524229049683,"Y":0.1049555316567421},{"X":0.45597338676452637,"Y":0.10498841106891632}]},"Id":"3af8f281-e3d4-412f-b3a9-9fb635e319f3","Relationships":[{"Ids":["39be60c3-6acb-48ea-b7f4-9a2cd282dbf3","149e4fd4-c6af-45fd-b5ca-647636a92bc0"],"Type":"CHILD"}],"RowIndex":3,"RowSpan":1},{"BlockType":"CELL","ColumnIndex":7,"ColumnSpan":1,"Confidence":42.0693473815918,"Geometry":{"BoundingBox":{"Height":0.03728353977203369,"Left":0.5106395483016968,"Top":0.0676719918847084,"Width":0.07733850926160812},"Polygon":[{"X":0.5106395483016968,"Y":0.0677189901471138},{"X":0.5879644751548767,"Y":0.0676719918847084},{"X":0.5879780650138855,"Y":0.10490904003381729},{"X":0.5106524229049683,"Y":0.1049555316567421}]},"Id":"8c6d03aa-6bf7-466a-b461-d3ee183690b6","Relationships":[{"Ids":["d8120149-7193-4fca-9d48-00a565e5f601","12594d20-0be9-4d63-8612-87671756c28e"],"Type":"CHILD"}],"RowIndex":3,"RowSpan":1},{"BlockType":"CELL","ColumnIndex":8,"ColumnSpan":1,"Confidence":42.59306335449219,"Geometry":{"BoundingBox":{"Height":0.037315599620342255,"Left":0.5879644751548767,"Top":0.06759344041347504,"Width":0.1292625516653061},"Polygon":[{"X":0.5879644751548767,"Y":0.067"
20:09:03.242 [Test worker] DEBUG org.apache.http.wire - http-outgoing-0 << "6719918847084},{"X":0.7172122597694397,"Y":0.06759344041347504},{"X":0.717227041721344,"Y":0.10483133792877197},{"X":0.5879780650138855,"Y":0.10490904003381729}]},"Id":"77ae14db-8f65-4433-99f2-2a25eeb12352","Relationships":[{"Ids":["25c17a1b-e4d9-4fa3-a082-13c6be1cdbbd","cd98bf63-f1d0-4b95-8ac0-10e911fa78ac","aca915f4-466d-4295-9e47-2f1b48ca7a57","0c4e5b4b-1199-4aa1-8901-9983511fbe57"],"Type":"CHILD"}],"RowIndex":3,"RowSpan":1},{"BlockType":"CELL","ColumnIndex":9,"ColumnSpan":1,"Confidence":50.20152282714844,"Geometry":{"BoundingBox":{"Height":0.03740520030260086,"Left":0.7172122597694397,"Top":0.06742613762617111,"Width":0.275298148393631},"Polygon":[{"X":0.7172122597694397,"Y":0.06759344041347504},{"X":0.9924931526184082,"Y":0.06742613762617111},{"X":0.9925104379653931,"Y":0.10466582328081131},{"X":0.717227041721344,"Y":0.10483133792877197}]},"Id":"1e2dc400-c350-4873-a2ed-ab86e0caf603","Relationships":[{"Ids":["85b196de-c3f2-484c-8589-4d4cf246cb2c","10924986-2c6f-4b84-96ec-679b32f8b5f7"],"Type":"CHILD"}],"RowIndex":3,"RowSpan":1},{"BlockType":"CELL","ColumnIndex":1,"ColumnSpan":1,"Confidence":73.03618621826172,"Geometry":{"BoundingBox":{"Height":0.0377977192401886,"Left":0.006121779326349497,"Top":0.10515476018190384,"Width":0.17316870391368866},"Polygon":[{"X":0.006121779326349497,"Y":0.10525887459516525},{"X":0.17928054928779602,"Y":0.10515476018190384},{"X":0.17929048836231232,"Y":0.14284951984882355},{"X":0.0061301132664084435,"Y":0.14295248687267303}]},"Id":"6d37b1cf-8360-4652-ae68-2b2360c71a5c","Relationships":[{"Ids":["3e1907d5-8068-4376-accb-8fa2b3249613","03dce734-cf91-4d2a-85ea-f58b2171ba12"],"Type":"CHILD"}],"RowIndex":4,"RowSpan":1},{"BlockType":"CELL","ColumnIndex":2,"ColumnSpan":1,"Confidence":37.60328674316406,"Geometry":{"BoundingBox":{"Height":0.03772662952542305,"Left":0.17928054928779602,"Top":0.1051228865981102,"Width":0.05302733555436134},"Polygon":[{"X":0.17928054928779602,"Y":0.10515476018190384},{"X":0.23229745030403137,"Y":0.1051228865981102},{"X":0.23230788111686707,"Y":0.14281798899173737},{"X":0.17929048836231232,"Y":0.14284951984882355}]},"Id":"3c608d52-0e44-4277-85fc-43390439d168","RowIndex":4,"RowSpan":1},{"BlockType":"CELL","ColumnIndex":3,"ColumnSpan":1,"Confidence":67.47896575927734,"Geometry":{"BoundingBox":{"Height":0.03773760795593262,"Left":0.23229745030403137,"Top":0.10508038848638535,"Width":0.07070183008909225},"Polygon":[{"X":0.23229745030403137,"Y":0.1051228865981102},{"X":0.302988201379776,"Y":0.10508038848638535},{"X":0.3029992878437042,"Y":0.14277596771717072},{"X":0.23230788111686707,"Y":0.14281798899173737}]},"Id":"3576cfa7-a379-46b2-9c02-27b40170f871","Relationships":[{"Ids":["49827ab9-26e4-4382-9846-f4bc2215fd2f"],"Type":"CHILD"}],"RowIndex":4,"RowSpan":1},{"BlockType":"CELL","ColumnIndex":4,"ColumnSpan":1,"Confidence":58.27317810058594,"Geometry":{"BoundingBox":{"Height":0.037734754383563995,"Left":0.302988201379776,"Top":0.10504120588302612,"Width":0.06518127769231796},"Polygon":[{"X":0.302988201379776,"Y":0.10508038848638535},{"X":0.3681577742099762,"Y":0.10504120588302612},{"X":0.3681694567203522,"Y":0.14273720979690552},{"X":0.3029992878437042,"Y":0.14277596771717072}]},"Id":"4568e1ef-6f9d-4dd7-8af6-fd1e19729983","Relationships":[{"Ids":["49f33308-51d5-4da0-b086-c4c3b1646b2a"],"Type":"CHILD"}],"RowIndex":4,"RowSpan":1},{"BlockType":"CELL","ColumnIndex":5,"ColumnSpan":1,"Confidence":68.72002410888672,"Geometry":{"BoundingBox":{"Height":0.037748802453279495,"Left":0.3681577742099762,"Top":0.10498841106891632,"Width":0.0878281220793724},"Polygon":[{"X":0.3681577742099762,"Y":0.10504120588302612},{"X":0.45597338676452637,"Y":0.10498841106891632},{"X":0.4559859037399292,"Y":0.14268499612808228},{"X":0.3681694567203522,"Y":0.14273720979690552}]},"Id":"976d5fe5-030c-4c21-b60a-c40042cd9de6","Relationships":[{"Ids":["db3721a0-dde1-425f-8cb0-6240a3477254","1314a93e-9fdb-4de7-9dc2-90e2e837ce07"],"Type":"CHILD"}],"RowIndex":4,"RowSpan":1},{"BlockType":"CELL","ColumnIndex":6,"ColumnSpan":1,"Confidence":43.797603607177734,"Geometry":{"BoundingBox":{"Height":0.03772946074604988,"Left":0.45597338676452637,"Top":0.1049555316567421,"Width":0.05469202995300293},"Polygon":[{"X":0.45597338676452637,"Y":0.10498841106891632},{"X":0.5106524229049683,"Y":0.1049555316567421},{"X":0.5106654167175293,"Y":0.1426524817943573},{"X":0.4559859037399292,"Y":0.14268499612808228}]},"Id":"6e8fb0a5-209b-455c-a1b3-26668fb067f6","Relationships":[{"Ids":["ec5b2191-6213-4f1a-bc36-4d6184350060","a1885e2d-308c-4b5f-aee7-a93939e31d61"],"Type":"CHILD"}],"RowIndex":4,"RowSpan":1},{"BlockType":"CELL","ColumnIndex":7,"ColumnSpan":1,"Confidence":50.96805191040039,"Geometry":{"BoundingBox":{"Height":0.03774343803524971,"Left":0.5106524229049683,"Top":0.10490904003381729,"Width":0.07733938843011856},"Polygon":[{"X":0.5106524229049683,"Y":0.1049555316567421},{"X":0.5879780650138855,"Y":0.10490904003381729},{"X":0.5879917740821838,"Y":0.14260649681091309},{"X":0.5106654167175293,"Y":0.1426524817943573}]},"Id":"48a0b242-1ed7-4627-8d86-cde2204f22d3","Relationships":[{"Ids":["555f8370-47a4-4160-aa2e-66ec067ed186","436b3df3-5457-43d6-bda1-d6d9ca7ba1ab"],"Type":"CHILD"}],"RowIndex":4,"RowSpan":1},{"BlockType":"CELL","ColumnIndex":8,"ColumnSpan":1,"Confidence":78.53345489501953,"Geometry":{"BoundingBox":{"Height":0.03777516633272171,"Left":0.5879780650138855,"Top":0.10483133792877197,"Width":0.12926392257213593},"Polygon":[{"X":0.5879780650138855,"Y":0.10490904003381729},{"X":0.717227041721344,"Y":0.10483133792877197},{"X":0.7172419428825378,"Y":0.1425296515226364},{"X":0.5879917740821838,"Y":0.14260649681091309}]},"Id":"4a6b9c64-4fbd-4143-a2a6-90b960b4205a","Relationships":[{"Ids":["31c20dad-1c7e-4871-b0bb-d94b0a7e02ac","a6a9fae2-1021-4501-a110-db49e4002f1a","bb286f5d-1ac3-41a6-ae5d-7e7f23cb3aec","7a697ecf-237c-406b-ac5b-e044d8ebaf16"],"Type":"CHILD"}],"RowIndex":4,"RowSpan":1},{"BlockType":"CELL","ColumnIndex":9,"ColumnSpan":1,"Confidence":82.66984558105469,"Geometry":{"BoundingBox":{"Height":0.037863824516534805,"Left":0.717227041721344,"Top":0.10466582328081131,"Width":0.27530089020729065},"Polygon":[{"X":0.717227041721344,"Y":0.10483133792877197},{"X":0.9925104379653931,"Y":0.10466582328081131},{"X":0.9925279021263123,"Y":0.142365962266922},{"X":0.7172419428825378,"Y":0.1425296515226364}]},"Id":"85976b23-dfc3-4947-a4e4-df5d2e762fff","Relationships":[{"Ids":["d1c94509-0759-401e-bcb8-802f28302b01","b3d97f54-b56d-45a7-b80c-a31ba870ff37"],"Type":"CHILD"}],"RowIndex":4,"RowSpan":1},{"BlockType":"CELL","ColumnIndex":1,"ColumnSpan":1,"Confidence":77.22020721435547,"Geometry":{"BoundingBox":{"Height":0.018950030207633972,"Left":0.0061301132664084435,"Top":0.14284951984882355,"Width":0.17316535115242004},"Polygon":[{"X":0.0061301132664084435,"Y":0.14295248687267303},{"X":0.17929048836231232,"Y":0.14284951984882355},{"X":0.17929545044898987,"Y":0.1616971641778946},{"X":0.006134280003607273,"Y":0.16179955005645752}]},"Id":"c941220c-7eb4-40d4-9865-4a4d7c89fc39","Relationships":[{"Ids":["b77d48e3-cfd9-4ded-985a-b542dfcc27e7"],"Type":"CHILD"}],"RowIndex":5,"RowSpan":1},{"BlockType":"CELL","ColumnIndex":2,"ColumnSpan":1,"Confidence":39.75746536254883,"Geometry":{"BoundingBox":{"Height":0.01887916401028633,"Left":0.17929048836231232,"Top":0.14281798899173737,"Width":0.053022611886262894},"Polygon":[{"X":0.17929048836231232,"Y":0.14284951984882355},{"X":0.23230788111686707,"Y":0.14281798899173737},{"X":0.2323130965232849,"Y":0.16166581213474274},{"X":0.17929545044898987,"Y":0.1616971641778946}]},"Id":"eed3237d-f59c-4c4d-bf84-84fa31056554","RowIndex":5,"RowSpan":1},{"BlockType":"CELL","ColumnIndex":3,"ColumnSpan":1,"Confidence":71.34463500976562,"Geometry":{"BoundingBox":{"Height":0.01888984814286232,"Left":0.23230788111686707,"Top":0.14277596771717072,"Width":0.07069694250822067},"Polygon":[{"X":0.23230788111686707,"Y":0.14281798899173737},{"X":0.3029992878437042,"Y":0.14277596771717072},{"X":0.30300483107566833,"Y":0.161624014377594},{"X":0.2323130965232849,"Y":"
20:09:03.244 [Test worker] DEBUG org.apache.http.wire - http-outgoing-0 << "0.16166581213474274}]},"Id":"d6c3cbf7-bda7-4b6e-907f-f19babb732c4","RowIndex":5,"RowSpan":1},{"BlockType":"CELL","ColumnIndex":4,"ColumnSpan":1,"Confidence":61.611473083496094,"Geometry":{"BoundingBox":{"Height":0.01888679899275303,"Left":0.3029992878437042,"Top":0.14273720979690552,"Width":0.06517603248357773},"Polygon":[{"X":0.3029992878437042,"Y":0.14277596771717072},{"X":0.3681"
20:09:03.245 [Test worker] DEBUG org.apache.http.wire - http-outgoing-0 << "694567203522,"Y":0.14273720979690552},{"X":0.36817532777786255,"Y":0.1615854799747467},{"X":0.30300483107566833,"Y":0.161624014377594}]},"Id":"9b8f3a53-416f-46c8-b081-e72b53596630","RowIndex":5,"RowSpan":1},{"BlockType":"CELL","ColumnIndex":5,"ColumnSpan":1,"Confidence":72.65678405761719,"Geometry":{"BoundingBox":{"Height":0.01890048198401928,"Left":0.3681694567203522,"Top":0.14268499612808228,"Width":0.08782268315553665},"Polygon":[{"X":0.3681694567203522,"Y":0.14273720979690552},{"X":0.4559859037399292,"Y":0.14268499612808228},{"X":0.4559921324253082,"Y":0.16153354942798615},{"X":0.36817532777786255,"Y":0.1615854799747467}]},"Id":"19799686-c7e5-43f8-9617-f2ceed4dee14","Relationships":[{"Ids":["77dc489a-fd9b-44fd-8c3e-1f98f06051ce"],"Type":"CHILD"}],"RowIndex":5,"RowSpan":1},{"BlockType":"CELL","ColumnIndex":6,"ColumnSpan":1,"Confidence":46.306636810302734,"Geometry":{"BoundingBox":{"Height":0.018881067633628845,"Left":0.4559859037399292,"Top":0.1426524817943573,"Width":0.05468602851033211},"Polygon":[{"X":0"
20:09:03.246 [Test worker] DEBUG org.apache.http.wire - http-outgoing-0 << ".4559859037399292,"Y":0.14268499612808228},{"X":0.5106654167175293,"Y":0.1426524817943573},{"X":0.5106719136238098,"Y":0.1615012139081955},{"X":0.4559921324253082,"Y":0.16153354942798615}]},"Id":"a0adbf0f-1f16-4948-b467-55f1e2b072c5","Relationships":[{"Ids":["a066d9e6-9dbe-41be-8e7b-bb016779eb68"],"Type":"CHILD"}],"RowIndex":5,"RowSpan":1},{"BlockType":"CELL","ColumnIndex":7,"ColumnSpan":1,"Confidence":53.887855529785156,"Geometry":{"BoundingBox":{"Height":0.01889471523463726,"Left":0.5106654167175293,"Top":0.14260649681091309,"Width":0.0773332342505455},"Polygon":[{"X":0.5106654167175293,"Y":0.1426524817943573},{"X":0.5879917740821838,"Y":0.14260649681091309},{"X":0.587998628616333,"Y":0.16145549714565277},{"X":0.5106719136238098,"Y":0.1615012139081955}]},"Id":"36dd3542-c665-4b07-9936-7af8eec17c0f","Relationships":[{"Ids":["83e854fb-99e2-4cf6-ac15-de83a48d04ea"],"Type":"CHILD"}],"RowIndex":5,"RowSpan":1},{"BlockType":"CELL","ColumnIndex":8,"ColumnSpan":1,"Confidence":83.03240203857422,"Geometry":{"BoundingBox":{"Height":0.018925845623016357,"Left":0.5879917740821838,"Top":0.1425296515226364,"Width":0.1292576640844345},"Polygon":[{"X":0.5879917740821838,"Y":0.14260649681091309},{"X":0.7172419428825378,"Y":0.1425296515226364},{"X":0.7172494530677795,"Y":0.16137906908988953},{"X":0.587998628616333,"Y":0.16145549714565277}]},"Id":"357ad6e7-27b8-47fa-883a-b8d47b7355fe","Relationships":[{"Ids":["c2c580bc-a12e-48db-afd1-e3f862f8a748","048b9e2b-56af-4e02-afdf-ed2eb24a4b8b"],"Type":"CHILD"}],"RowIndex":5,"RowSpan":1},{"BlockType":"CELL","ColumnIndex":9,"ColumnSpan":1,"Confidence":87.40575408935547,"Geometry":{"BoundingBox":{"Height":0.01901310682296753,"Left":0.7172419428825378,"Top":0.142365962266922,"Width":0.275294691324234},"Polygon":[{"X":0.7172419428825378,"Y":0.1425296515226364},{"X":0.9925279021263123,"Y":0.142365962266922},{"X":0.9925366640090942,"Y":0.16121628880500793},{"X":0.7172494530677795,"Y":0.16137906908988953}]},"Id":"0593cc3b-2e93-4cc1-a5fa-fd1168bccd80","RowIndex":5,"RowSpan":1},{"BlockType":"CELL","ColumnIndex":1,"ColumnSpan":1,"Confidence":78.77032470703125,"Geometry":{"BoundingBox":{"Height":0.018489940091967583,"Left":0.006134280003607273,"Top":0.1616971641778946,"Width":0.17316602170467377},"Polygon":[{"X":0.006134280003607273,"Y":0.16179955005645752},{"X":0.17929545044898987,"Y":0.1616971641778946},{"X":0.17930030822753906,"Y":0.18008527159690857},{"X":0.006138345692306757,"Y":0.18018710613250732}]},"Id":"11a8943f-3a9c-4d98-a640-0dcc7516381f","Relationships":[{"Ids":["0ec0123a-48ba-404f-a6d7-1145b5ff6fab"],"Type":"CHILD"}],"RowIndex":6,"RowSpan":1},{"BlockType":"CELL","ColumnIndex":2,"ColumnSpan":1,"Confidence":40.55555725097656,"Geometry":{"BoundingBox":{"Height":0.018419459462165833,"Left":0.17929545044898987,"Top":0.16166581213474274,"Width":0.053022731095552444},"Polygon":[{"X":0.17929545044898987,"Y":0.1616971641778946},{"X":0.2323130965232849,"Y":0.16166581213474274},{"X":0.2323181927204132,"Y":0.18005409836769104},{"X":0.17930030822753906,"Y":0.18008527159690857}]},"Id":"f48a0ec3-4fe8-406b-8ccb-67c6c50f1a7e","RowIndex":6,"RowSpan":1},{"BlockType":"CELL","ColumnIndex":3,"ColumnSpan":1,"Confidence":72.77680969238281,"Geometry":{"BoundingBox":{"Height":0.018430080264806747,"Left":0.2323130965232849,"Top":0.161624014377594,"Width":0.07069713622331619},"Polygon":[{"X":0.2323130965232849,"Y":0.16166581213474274},{"X":0.30300483107566833,"Y":0.161624014377594},{"X":0.3030102252960205,"Y":0.1800125241279602},{"X":0.2323181927204132,"Y":0.18005409836769104}]},"Id":"3f192810-4dff-485e-99fb-2ff099a7c063","Relationships":[{"Ids":["e3cf1a41-684e-431a-99dc-40fa5eb529f0"],"Type":"CHILD"}],"RowIndex":6,"RowSpan":1},{"BlockType":"CELL","ColumnIndex":4,"ColumnSpan":1,"Confidence":62.848262786865234,"Geometry":{"BoundingBox":{"Height":0.0184270441532135,"Left":0.30300483107566833,"Top":0.1615854799747467,"Width":0.06517619639635086},"Polygon":[{"X":0.30300483107566833,"Y":0.161624014377594},{"X":0.36817532777786255,"Y":0.1615854799747467},{"X":0.3681810200214386,"Y":0.17997419834136963},{"X":0.3030102252960205,"Y":0.1800125241279602}]},"Id":"f54a2db7-fa0f-48eb-bfac-b179dc47cf0d","Relationships":[{"Ids":["4993f20d-d129-4522-a9e1-bd60ea631d66"],"Type":"CHILD"}],"RowIndex":6,"RowSpan":1},{"BlockType":"CELL","ColumnIndex":5,"ColumnSpan":1,"Confidence":74.11530303955078,"Geometry":{"BoundingBox":{"Height":0.018440645188093185,"Left":0.36817532777786255,"Top":0.16153354942798615,"Width":0.08782293647527695},"Polygon":[{"X":0.36817532777786255,"Y":0.1615854799747467},{"X":0.4559921324253082,"Y":0.16153354942798615},{"X":0.4559982419013977,"Y":0.17992255091667175},{"X":0.3681810200214386,"Y":0.17997419834136963}]},"Id":"70503bd0-4d59-4181-a315-f3ea0e200290","Relationships":[{"Ids":["621ada95-974b-412f-8695-8d335034cbc0"],"Type":"CHILD"}],"RowIndex":6,"RowSpan":1},{"BlockType":"CELL","ColumnIndex":6,"ColumnSpan":1,"Confidence":47.2361946105957,"Geometry":{"BoundingBox":{"Height":0.018421335145831108,"Left":0.4559921324253082,"Top":0.1615012139081955,"Width":0.05468612536787987},"Polygon":[{"X":0.4559921324253082,"Y":0.16153354942798615},{"X":0.5106719136238098,"Y":0.1615012139081955},{"X":0.5106782913208008,"Y":0.17989039421081543},{"X":0.4559982419013977,"Y":0.17992255091667175}]},"Id":"31009d14-a416-43d7-970e-bed15ed66fc5","Relationships":[{"Ids":["72731984-9fae-4ecf-af23-fb019df4f543"],"Type":"CHILD"}],"RowIndex":6,"RowSpan":1},{"BlockType":"CELL","ColumnIndex":7,"ColumnSpan":1,"Confidence":54.9696044921875,"Geometry":{"BoundingBox":{"Height":0.018434902653098106,"Left":0.5106719136238098,"Top":0.16145549714565277,"Width":0.07733342796564102},"Polygon":[{"X":0.5106719136238098,"Y":0.1615012139081955},{"X":0.587998628616333,"Y":0.16145549714565277},{"X":0.5880053639411926,"Y":0.179844930768013},{"X":0.5106782913208008,"Y":0.17989039421081543}]},"Id":"ecfed0f7-8cbc-4ac8-8d9b-b8005129c67a","Relationships":[{"Ids":["8b9983ff-730e-44ba-a17c-48e4c8b06b9a"],"Type":"CHILD"}],"RowIndex":6,"RowSpan":1},{"BlockType":"CELL","ColumnIndex":8,"ColumnSpan":1,"Confidence":84.6991958618164,"Geometry":{"BoundingBox":{"Height":0.018465854227542877,"Left":0.587998628616333,"Top":0.16137906908988953,"Width":0.12925808131694794},"Polygon":[{"X":0.587998628616333,"Y":0.16145549714565277},{"X":0.7172494530677795,"Y":0.16137906908988953},{"X":0.7172567248344421,"Y":0.17976891994476318},{"X":0.5880053639411926,"Y":0.179844930768013}]},"Id":"ec154dc0-33db-4027-9ff4-08f30433d4b8","Relationships":[{"Ids":["5b86931c-fc49-4738-9637-956745f9d7ff","ffafe8ff-1c8a-4d8e-97ef-8c9b98c88055"],"Type":"CHILD"}],"RowIndex":6,"RowSpan":1},{"BlockType":"CELL","ColumnIndex":9,"ColumnSpan":1,"Confidence":89.16033935546875,"Geometry":{"BoundingBox":{"Height":0.018552621826529503,"Left":0.7172494530677795,"Top":0.16121628880500793,"Width":0.27529576420783997},"Polygon":[{"X":0.7172494530677795,"Y":0.16137906908988953},{"X":0.9925366640090942,"Y":0.16121628880500793},{"X":0.9925451874732971,"Y":0.17960703372955322},{"X":0.7172567248344421,"Y":0.17976891994476318}]},"Id":"77e6d736-e2e9-4267-a2a5-c94df3fd44aa","RowIndex":6,"RowSpan":1},{"BlockType":"CELL","ColumnIndex":1,"ColumnSpan":1,"Confidence":76.50133514404297,"Geometry":{"BoundingBox":{"Height":0.018489547073841095,"Left":0.006138345692306757,"Top":0.18008527159690857,"Width":0.17316681146621704},"Polygon":[{"X":0.006138345692306757,"Y":0.18018710613250732},{"X":0.17930030822753906,"Y":0.18008527159690857},{"X":0.17930515110492706,"Y":0.19847354292869568},{"X":0.0061424109153449535,"Y":0.19857481122016907}]},"Id":"3149c66b-efd0-41db-a48a-001b0bc2efb3","Relationships":[{"Ids":["8962cea8-e801-4244-bd0a-9ee188221542"],"Type":"CHILD"}],"RowIndex":7,"RowSpan":1},{"BlockType":"CELL","ColumnIndex":2,"ColumnSpan":1,"Confidence":39.38734817504883,"Geometry":{"BoundingBox":{"Height":0.018419453874230385,"Left":0.17930030822753906,"Top":0.18005409836769104,"Width":0.053022969514131546},"Polygon":[{"X":0.17930030822753906,"Y":0.18008527159690857},{"X":0."
20:09:03.247 [Test worker] DEBUG org.apache.http.wire - http-outgoing-0 << "2323181927204132,"Y":0.18005409836769104},{"X":0.2323232740163803,"Y":0.19844253361225128},{"X":0.17930515110492706,"Y":0.19847354292869568}]},"Id":"74d9551f-7311-4aad-a13e-8c26a922516d","RowIndex":7,"RowSpan":1},{"BlockType":"CELL","ColumnIndex":3,"ColumnSpan":1,"Confidence":70.68046569824219,"Geometry":{"BoundingBox":{"Height":0.018430018797516823,"Left":0.2323181927204132,"Top":0.1800125241279602,"Width":0.07069745659828186},"Polygon":[{"X":0.2323181927204132,"Y":0.18005409836769104},{"X":0.3030102252960205,"Y":0.1800125241279602},{"X":0.30301564931869507,"Y":0.19840119779109955},{"X":0.2323232740163803,"Y":0.19844253361225128}]},"Id":"9a2815f0-7d3a-43c5-b080-95bd2f7e1660","Relationships":[{"Ids":["c99ab991-b5c0-4978-a702-23bfb5f6895a"],"Type":"CHILD"}],"RowIndex":7,"RowSpan":1},{"BlockType":"CELL","ColumnIndex":4,"ColumnSpan":1,"Confidence":61.03791046142578,"Geometry":{"BoundingBox":{"Height":0.01842700131237507,"Left":0.3030102252960205,"Top":0.17997419834136963,"Width":0.06517648696899414},"Polygon":[{"X":0.3030102252960205,"Y":0.1800125241279602},{"X":0.3681810200214386,"Y":0.17997419834136963},{"X":0.36818671226501465,"Y":0.19836308062076569},{"X":0.30301564931869507,"Y":0.19840119779109955}]},"Id":"79da3315-029d-4c60-97aa-a40cc0d66399","Relationships":[{"Ids":["fdbbe7a5-95fa-4774-a6b3-88dfc4960717"],"Type":"CHILD"}],"RowIndex":7,"RowSpan":1},{"BlockType":"CELL","ColumnIndex":5,"ColumnSpan":1,"Confidence":71.98039245605469,"Geometry":{"BoundingBox":{"Height":0.018440527841448784,"Left":0.3681810200214386,"Top":0.17992255091667175,"Width":0.08782333135604858},"Polygon":[{"X":0.3681810200214386,"Y":0.17997419834136963},{"X":0.4559982419013977,"Y":0.17992255091667175},{"X":0.4560043513774872,"Y":0.1983117163181305},{"X":0.36818671226501465,"Y":0.19836308062076569}]},"Id":"f1dd27b7-3e5f-42f1-ac37-623ca1bf1a9d","Relationships":[{"Ids":["9aab2231-90ee-4efa-802d-f63f1b010f36"],"Type":"CHILD"}],"RowIndex":7,"RowSpan":1},{"BlockType":"CELL","ColumnIndex":6,"ColumnSpan":1,"Confidence":45.87554931640625,"Geometry":{"BoundingBox":{"Height":0.018421325832605362,"Left":0.4559982419013977,"Top":0.17989039421081543,"Width":0.054686371237039566},"Polygon":[{"X":0.4559982419013977,"Y":0.17992255091667175},{"X":0.5106782913208008,"Y":0.17989039421081543},{"X":0.510684609413147,"Y":0.1982797384262085},{"X":0.4560043513774872,"Y":0.1983117163181305}]},"Id":"1539f090-2292-40a9-a5b5-54ab8a9aa4e1","Relationships":[{"Ids":["551a67fa-0477-4f4e-81f2-c4d0ebb56aab"],"Type":"CHILD"}],"RowIndex":7,"RowSpan":1},{"BlockType":"CELL","ColumnIndex":7,"ColumnSpan":1,"Confidence":53.386192321777344,"Geometry":{"BoundingBox":{"Height":0.01843481883406639,"Left":0.5106782913208008,"Top":0.179844930768013,"Width":0.07733377814292908},"Polygon":[{"X":0.5106782913208008,"Y":0.17989039421081543},{"X":0.5880053639411926,"Y":0.179844930768013},{"X":0.5880120396614075,"Y":0.19823451340198517},{"X":0.510684609413147,"Y":0.1982797384262085}]},"Id":"67f78efb-e386-4898-b26c-2940192ba633","Relationships":[{"Ids":["7c5ea01f-b8c6-4153-91e9-c2db79779348"],"Type":"CHILD"}],"RowIndex":7,"RowSpan":1},{"BlockType":"CELL","ColumnIndex":8,"ColumnSpan":1,"Confidence":82.25941467285156,"Geometry":{"BoundingBox":{"Height":0.01846560463309288,"Left":0.5880053639411926,"Top":0.17976891994476318,"Width":0.1292586624622345},"Polygon":[{"X":0.5880053639411926,"Y":0.179844930768013},{"X":0.7172567248344421,"Y":0.17976891994476318},{"X":0.7172639966011047,"Y":0.19815893471240997},{"X":0.5880120396614075,"Y":0.19823451340198517}]},"Id":"b5390dfe-aec7-48c6-a456-9eb6e9c4aa38","Relationships":[{"Ids":["3125535c-e19c-4712-9265-1bcd7dc32f20","2e8d5060-552d-4005-a6f4-a16bb4e5da9e"],"Type":"CHILD"}],"RowIndex":7,"RowSpan":1},{"BlockType":"CELL","ColumnIndex":9,"ColumnSpan":1,"Confidence":86.5920639038086,"Geometry":{"BoundingBox":{"Height":0.01855190098285675,"Left":0.7172567248344421,"Top":0.17960703372955322,"Width":0.27529701590538025},"Polygon":[{"X":0.7172567248344421,"Y":0.17976891994476318},{"X":0.9925451874732971,"Y":0.17960703372955322},{"X":0.9925537109375,"Y":0.19799792766571045},{"X":0.7172639966011047,"Y":0.19815893471240997}]},"Id":"1924935b-074e-48b2-acb9-322e890010a6","RowIndex":7,"RowSpan":1},{"BlockType":"CELL","ColumnIndex":1,"ColumnSpan":1,"Confidence":78.64855194091797,"Geometry":{"BoundingBox":{"Height":0.018489155918359756,"Left":0.0061424109153449535,"Top":0.19847354292869568,"Width":0.17316760122776031},"Polygon":[{"X":0.0061424109153449535,"Y":0.19857481122016907},{"X":0.17930515110492706,"Y":0.19847354292869568},{"X":0.17931000888347626,"Y":0.21686199307441711},{"X":0.00614647613838315,"Y":0.21696269512176514}]},"Id":"0d398e8d-d17a-43a8-b540-cecb25f29a6d","Relationships":[{"Ids":["d70bc80f-597d-47d2-b8e2-492d54026802"],"Type":"CHILD"}],"RowIndex":8,"RowSpan":1},{"BlockType":"CELL","ColumnIndex":2,"ColumnSpan":1,"Confidence":40.492862701416016,"Geometry":{"BoundingBox":{"Height":0.018419450148940086,"Left":0.17930515110492706,"Top":0.19844253361225128,"Width":0.053023211658000946},"Polygon":[{"X":0.17930515110492706,"Y":0.19847354292869568},{"X":0.2323232740163803,"Y":0.19844253361225128},{"X":0.2323283702135086,"Y":0.21683114767074585},{"X":0.17931000888347626,"Y":0.21686199307441711}]},"Id":"d4896ceb-365f-4303-93d0-6a1499165e6d","RowIndex":8,"RowSpan":1},{"BlockType":"CELL","ColumnIndex":3,"ColumnSpan":1,"Confidence":72.66429901123047,"Geometry":{"BoundingBox":{"Height":0.018429957330226898,"Left":0.2323232740163803,"Top":0.19840119779109955,"Width":0.07069777697324753},"Polygon":[{"X":0.2323232740163803,"Y":0.19844253361225128},{"X":0.30301564931869507,"Y":0.19840119779109955},{"X":0.30302104353904724,"Y":0.21679003536701202},{"X":0.2323283702135086,"Y":0.21683114767074585}]},"Id":"f37f6483-d6ca-4ebd-9c1d-d3a9e6c59466","Relationships":[{"Ids":["24ddcfda-ab45-4077-afc1-46c5909ebcf7"],"Type":"CHILD"}],"RowIndex":8,"RowSpan":1},{"BlockType":"CELL","ColumnIndex":4,"ColumnSpan":1,"Confidence":62.7511100769043,"Geometry":{"BoundingBox":{"Height":0.018426956608891487,"Left":0.30301564931869507,"Top":0.19836308062076569,"Width":0.06517678499221802},"Polygon":[{"X":0.30301564931869507,"Y":0.19840119779109955},{"X":0.36818671226501465,"Y":0.19836308062076569},{"X":0.3681924343109131,"Y":0.21675212681293488},{"X":0.30302104353904724,"Y":0.21679003536701202}]},"Id":"c61089ce-81b2-4fa8-959c-75e9fff80e11","Relationships":[{"Ids":["cd2bfe58-352d-4333-bbb1-0f4be3690172"],"Type":"CHILD"}],"RowIndex":8,"RowSpan":1},{"BlockType":"CELL","ColumnIndex":5,"ColumnSpan":1,"Confidence":74.00072479248047,"Geometry":{"BoundingBox":{"Height":0.01844041235744953,"Left":0.36818671226501465,"Top":0.1983117163181305,"Width":0.08782373368740082},"Polygon":[{"X":0.36818671226501465,"Y":0.19836308062076569},{"X":0.4560043513774872,"Y":0.1983117163181305},{"X":0.45601046085357666,"Y":0.21670106053352356},{"X":0.3681924343109131,"Y":0.21675212681293488}]},"Id":"9aef0017-97f3-4966-8bfe-ee944b262825","Relationships":[{"Ids":["9bb3ca01-72c9-40e8-9b3d-7ec04a6ebec4"],"Type":"CHILD"}],"RowIndex":8,"RowSpan":1},{"BlockType":"CELL","ColumnIndex":6,"ColumnSpan":1,"Confidence":47.16317367553711,"Geometry":{"BoundingBox":{"Height":0.018421314656734467,"Left":0.4560043513774872,"Top":0.1982797384262085,"Width":0.05468662083148956},"Polygon":[{"X":0.4560043513774872,"Y":0.1983117163181305},{"X":0.510684609413147,"Y":0.1982797384262085},{"X":0.5106909871101379,"Y":0.2166692614555359},{"X":0.45601046085357666,"Y":0.21670106053352356}]},"Id":"a5821664-8545-49f1-bcd1-686030274ef0","Relationships":[{"Ids":["32f49a64-7498-4c5e-a583-138785eb5326"],"Type":"CHILD"}],"RowIndex":8,"RowSpan":1},{"BlockType":"CELL","ColumnIndex":7,"ColumnSpan":1,"Confidence":54.88462448120117,"Geometry":{"BoundingBox":{"Height":0.018434736877679825,"Left":0.510684609413147,"Top":0.19823451340198517,"Width":0.07733412832021713},"Polygon":[{"X":0.510684609413147,"Y":0.1982797384262085},{"X":0.5880120396614075,"Y":0.19823451340198517},{"X":0.5880187749862671,"Y":0.216624"
20:09:03.247 [Test worker] DEBUG org.apache.http.wire - http-outgoing-0 << "28975105286},{"X":0.5106909871101379,"Y":0.2166692614555359}]},"Id":"acdd639b-e12a-4065-a737-4df1c0d1db80","Relationships":[{"Ids":["c8640123-bde2-43f2-ba13-cb020ecc1e2f"],"Type":"CHILD"}],"RowIndex":8,"RowSpan":1},{"BlockType":"CELL","ColumnIndex":8,"ColumnSpan":1,"Confidence":84.56825256347656,"Geometry":{"BoundingBox":{"Height":0.018465353175997734,"Left":0.5880120396614075,"Top"
20:09:03.248 [Test worker] DEBUG org.apache.http.wire - http-outgoing-0 << "":0.19815893471240997,"Width":0.12925924360752106},"Polygon":[{"X":0.5880120396614075,"Y":0.19823451340198517},{"X":0.7172639966011047,"Y":0.19815893471240997},{"X":0.7172712683677673,"Y":0.2165491133928299},{"X":0.5880187749862671,"Y":0.21662428975105286}]},"Id":"ca056a0a-c5c7-4fb4-83c5-d841c6ab4ca3","Relationships":[{"Ids":["a8b41115-3f2d-4270-926e-34d050a285f6","4c857d64-fd80-4466-b96c-17dcb32ebe31"],"Type":"CHILD"}],"RowIndex":8,"RowSpan":1},{"BlockType":"CELL","ColumnIndex":9,"ColumnSpan":1,"Confidence":89.02250671386719,"Geometry":{"BoundingBox":{"Height":0.01855117827653885,"Left":0.7172639966011047,"Top":0.19799792766571045,"Width":0.27529823780059814},"Polygon":[{"X":0.7172639966011047,"Y":0.19815893471240997},{"X":0.9925537109375,"Y":0.19799792766571045},{"X":0.9925622344017029,"Y":0.216389000415802},{"X":0.7172712683677673,"Y":0.2165491133928299}]},"Id":"1124ff45-c5a8-4797-ba33-7e40bbe8c7a3","RowIndex":8,"RowSpan":1},{"BlockType":"CELL","ColumnIndex":1,"ColumnSpan":1,"Confidence":74.53919982910156,"
20:09:03.248 [Test worker] DEBUG org.apache.http.wire - http-outgoing-0 << ""Geometry":{"BoundingBox":{"Height":0.018948465585708618,"Left":0.00614647613838315,"Top":0.21686199307441711,"Width":0.17316849529743195},"Polygon":[{"X":0.00614647613838315,"Y":0.21696269512176514},{"X":0.17931000888347626,"Y":0.21686199307441711},{"X":0.1793149709701538,"Y":0.23571032285690308},{"X":0.006150643341243267,"Y":0.23581045866012573}]},"Id":"099bc40b-89d1-47f7-a9e9-0a1db9b8249b","Relationships":[{"Ids":["1e007b77-8dda-41a1-9998-481e56307aec"],"Type":"CHILD"}],"RowIndex":9,"RowSpan":1},{"BlockType":"CELL","ColumnIndex":2,"ColumnSpan":1,"Confidence":38.37712478637695,"Geometry":{"BoundingBox":{"Height":0.018879162147641182,"Left":0.17931000888347626,"Top":0.21683114767074585,"Width":0.053023576736450195},"Polygon":[{"X":0.17931000888347626,"Y":0.21686199307441711},{"X":0.2323283702135086,"Y":0.21683114767074585},{"X":0.23233358561992645,"Y":0.23567965626716614},{"X":0.1793149709701538,"Y":0.23571032285690308}]},"Id":"75a2e538-16c7-4f22-a099-02956597f4a9","RowIndex":9,"RowSpan":1},{"BlockType":"CELL","ColumnIndex":3,"ColumnSpan":1,"Confidence":68.86761474609375,"Geometry":{"BoundingBox":{"Height":0.018889617174863815,"Left":0.2323283702135086,"Top":0.21679003536701202,"Width":0.07069823145866394},"Polygon":[{"X":0.2323283702135086,"Y":0.21683114767074585},{"X":0.30302104353904724,"Y":0.21679003536701202},{"X":0.30302658677101135,"Y":0.23563876748085022},{"X":0.23233358561992645,"Y":0.23567965626716614}]},"Id":"6917309b-59ec-453c-8c07-73a8633cbf51","RowIndex":9,"RowSpan":1},{"BlockType":"CELL","ColumnIndex":4,"ColumnSpan":1,"Confidence":59.472381591796875,"Geometry":{"BoundingBox":{"Height":0.018886640667915344,"Left":0.30302104353904724,"Top":0.21675212681293488,"Width":0.06517722457647324},"Polygon":[{"X":0.30302104353904724,"Y":0.21679003536701202},{"X":0.3681924343109131,"Y":0.21675212681293488},{"X":0.3681982755661011,"Y":0.23560108244419098},{"X":0.30302658677101135,"Y":0.23563876748085022}]},"Id":"7015597f-a49f-41ef-af3f-aa5061867143","RowIndex":9,"RowSpan":1},{"BlockType":"CELL","ColumnIndex":5,"ColumnSpan":1,"Confidence":70.13420867919922,"Geometry":{"BoundingBox":{"Height":0.018900027498602867,"Left":0.3681924343109131,"Top":0.21670106053352356,"Width":0.08782428503036499},"Polygon":[{"X":0.3681924343109131,"Y":0.21675212681293488},{"X":0.45601046085357666,"Y":0.21670106053352356},{"X":0.4560167193412781,"Y":0.23555029928684235},{"X":0.3681982755661011,"Y":0.23560108244419098}]},"Id":"28a49baa-0cad-46a5-bfa3-b1a329780a16","Relationships":[{"Ids":["a053e7d4-f4cb-437a-850a-dfd4ff536b29"],"Type":"CHILD"}],"RowIndex":9,"RowSpan":1},{"BlockType":"CELL","ColumnIndex":6,"ColumnSpan":1,"Confidence":44.69891357421875,"Geometry":{"BoundingBox":{"Height":0.018881045281887054,"Left":0.45601046085357666,"Top":0.2166692614555359,"Width":0.054687026888132095},"Polygon":[{"X":0.45601046085357666,"Y":0.21670106053352356},{"X":0.5106909871101379,"Y":0.2166692614555359},{"X":0.5106974840164185,"Y":0.235518679022789},{"X":0.4560167193412781,"Y":0.23555029928684235}]},"Id":"571330e4-2efc-4e37-949c-774827de0f11","Relationships":[{"Ids":["4d2d6c02-bbad-46ae-80c2-1ebd35bbf298"],"Type":"CHILD"}],"RowIndex":9,"RowSpan":1},{"BlockType":"CELL","ColumnIndex":7,"ColumnSpan":1,"Confidence":52.01692581176758,"Geometry":{"BoundingBox":{"Height":0.018894396722316742,"Left":0.5106909871101379,"Top":0.21662428975105286,"Width":0.07733464241027832},"Polygon":[{"X":0.5106909871101379,"Y":0.2166692614555359},{"X":0.5880187749862671,"Y":0.21662428975105286},{"X":0.5880256295204163,"Y":0.23547396063804626},{"X":0.5106974840164185,"Y":0.235518679022789}]},"Id":"d3da6676-3afb-46e9-b668-574ab9ec12e9","Relationships":[{"Ids":["28c197bb-a010-48e4-8915-de21933d7edc"],"Type":"CHILD"}],"RowIndex":9,"RowSpan":1},{"BlockType":"CELL","ColumnIndex":8,"ColumnSpan":1,"Confidence":80.14958953857422,"Geometry":{"BoundingBox":{"Height":0.018924852833151817,"Left":0.5880187749862671,"Top":0.2165491133928299,"Width":0.12926001846790314},"Polygon":[{"X":0.5880187749862671,"Y":0.21662428975105286},{"X":0.7172712683677673,"Y":0.2165491133928299},{"X":0.717278778553009,"Y":0.23539921641349792},{"X":0.5880256295204163,"Y":0.23547396063804626}]},"Id":"a7cd1980-c187-4bbe-a76f-387c5783e0d9","Relationships":[{"Ids":["bea93329-7787-4713-bec6-cc7dd4c2a979","5d58fb5e-ea95-49af-bbb3-77bb2994160a"],"Type":"CHILD"}],"RowIndex":9,"RowSpan":1},{"BlockType":"CELL","ColumnIndex":9,"ColumnSpan":1,"Confidence":84.3711166381836,"Geometry":{"BoundingBox":{"Height":0.019010217860341072,"Left":0.7172712683677673,"Top":0.216389000415802,"Width":0.27529969811439514},"Polygon":[{"X":0.7172712683677673,"Y":0.2165491133928299},{"X":0.9925622344017029,"Y":0.216389000415802},{"X":0.9925709962844849,"Y":0.23524001240730286},{"X":0.717278778553009,"Y":0.23539921641349792}]},"Id":"207c276b-875f-4b86-843d-ef4c418910c7","RowIndex":9,"RowSpan":1},{"BlockType":"CELL","ColumnIndex":1,"ColumnSpan":1,"Confidence":77.93379974365234,"Geometry":{"BoundingBox":{"Height":0.018488360568881035,"Left":0.006150643341243267,"Top":0.23571032285690308,"Width":0.17316918075084686},"Polygon":[{"X":0.006150643341243267,"Y":0.23581045866012573},{"X":0.1793149709701538,"Y":0.23571032285690308},{"X":0.179319828748703,"Y":0.2540991008281708},{"X":0.006154709029942751,"Y":0.25419867038726807}]},"Id":"68c2435c-deb3-440d-8002-e3c5c8c6b044","Relationships":[{"Ids":["f16055e0-3dad-4fed-9600-3218821814de"],"Type":"CHILD"}],"RowIndex":10,"RowSpan":1},{"BlockType":"CELL","ColumnIndex":2,"ColumnSpan":1,"Confidence":40.12486267089844,"Geometry":{"BoundingBox":{"Height":0.01841944083571434,"Left":0.1793149709701538,"Top":0.23567965626716614,"Width":0.053023695945739746},"Polygon":[{"X":0.1793149709701538,"Y":0.23571032285690308},{"X":0.23233358561992645,"Y":0.23567965626716614},{"X":0.23233866691589355,"Y":0.25406861305236816},{"X":0.179319828748703,"Y":0.2540991008281708}]},"Id":"cf811cef-2ebd-4b83-a113-dd89e093c8d0","RowIndex":10,"RowSpan":1},{"BlockType":"CELL","ColumnIndex":3,"ColumnSpan":1,"Confidence":72.0039291381836,"Geometry":{"BoundingBox":{"Height":0.0184298325330019,"Left":0.23233358561992645,"Top":0.23563876748085022,"Width":0.07069842517375946},"Polygon":[{"X":0.23233358561992645,"Y":0.23567965626716614},{"X":0.30302658677101135,"Y":0.23563876748085022},{"X":0.3030320107936859,"Y":0.25402796268463135},{"X":0.23233866691589355,"Y":0.25406861305236816}]},"Id":"b8d8e495-c9e4-4d65-84a8-dd6c04323ccc","RowIndex":10,"RowSpan":1},{"BlockType":"CELL","ColumnIndex":4,"ColumnSpan":1,"Confidence":62.180824279785156,"Geometry":{"BoundingBox":{"Height":0.018426867201924324,"Left":0.30302658677101135,"Top":0.23560108244419098,"Width":0.06517738103866577},"Polygon":[{"X":0.30302658677101135,"Y":0.23563876748085022},{"X":0.3681982755661011,"Y":0.23560108244419098},{"X":0.3682039678096771,"Y":0.2539904713630676},{"X":0.3030320107936859,"Y":0.25402796268463135}]},"Id":"e36814c4-fc24-49cb-a02e-ec724fd93532","RowIndex":10,"RowSpan":1},{"BlockType":"CELL","ColumnIndex":5,"ColumnSpan":1,"Confidence":73.32820129394531,"Geometry":{"BoundingBox":{"Height":0.01844017393887043,"Left":0.3681982755661011,"Top":0.23555029928684235,"Width":0.08782453835010529},"Polygon":[{"X":0.3681982755661011,"Y":0.23560108244419098},{"X":0.4560167193412781,"Y":0.23555029928684235},{"X":0.45602279901504517,"Y":0.25393998622894287},{"X":0.3682039678096771,"Y":0.2539904713630676}]},"Id":"3ddd2657-c081-46a6-b09b-1e57d0b4896a","Relationships":[{"Ids":["615f3636-1c14-492b-b20e-f0c2b13818f3"],"Type":"CHILD"}],"RowIndex":10,"RowSpan":1},{"BlockType":"CELL","ColumnIndex":6,"ColumnSpan":1,"Confidence":46.734554290771484,"Geometry":{"BoundingBox":{"Height":0.018421294167637825,"Left":0.4560167193412781,"Top":0.235518679022789,"Width":0.05468712002038956},"Polygon":[{"X":0.4560167193412781,"Y":0.23555029928684235},{"X":0.5106974840164185,"Y":0.235518679022789},{"X":0.5107038021087646,"Y":0.25390851497650146},{"X":0.45602279901504517,"Y":0.25393998622894287}]},"Id":"41124b85-3d75-49d0-afdc-8f2b8b049b9e"
20:09:03.249 [Test worker] DEBUG org.apache.http.wire - http-outgoing-0 << "","Relationships":[{"Ids":["84d6a2e7-8977-4438-a077-efb1b496ef97"],"Type":"CHILD"}],"RowIndex":10,"RowSpan":1},{"BlockType":"CELL","ColumnIndex":7,"ColumnSpan":1,"Confidence":54.385833740234375,"Geometry":{"BoundingBox":{"Height":0.018434567376971245,"Left":0.5106974840164185,"Top":0.23547396063804626,"Width":0.07733483612537384},"Polygon":[{"X":0.5106974840164185,"Y":0.235518679022789},{"X":0.5880256295204163,"Y":0.23547396063804626},{"X":0.5880323052406311,"Y":0.253864049911499},{"X":0.5107038021087646,"Y":0.25390851497650146}]},"Id":"7ec032a0-a335-4431-814f-e8a0bfe65d7e","Relationships":[{"Ids":["8b786e7c-fb8e-4beb-8367-ce02f886480f"],"Type":"CHILD"}],"RowIndex":10,"RowSpan":1},{"BlockType":"CELL","ColumnIndex":8,"ColumnSpan":1,"Confidence":83.79969787597656,"Geometry":{"BoundingBox":{"Height":0.018464844673871994,"Left":0.5880256295204163,"Top":0.23539921641349792,"Width":0.12926043570041656},"Polygon":[{"X":0.5880256295204163,"Y":0.23547396063804626},{"X":0.717278778553009,"Y":0.23539921641349792},{"X":0.7172860503196716,"Y":0.2537897229194641},{"X":0.5880323052406311,"Y":0.253864049911499}]},"Id":"f0355c82-d83d-4260-ab4f-f193f56eef20","Relationships":[{"Ids":["6da1f601-ad3d-4d12-9e0c-b853be843110","bdd9bbbf-56b8-479f-abc0-ccfa53ee351a"],"Type":"CHILD"}],"RowIndex":10,"RowSpan":1},{"BlockType":"CELL","ColumnIndex":9,"ColumnSpan":1,"Confidence":88.21347045898438,"Geometry":{"BoundingBox":{"Height":0.018549716100096703,"Left":0.717278778553009,"Top":0.23524001240730286,"Width":0.2753007709980011},"Polygon":[{"X":0.717278778553009,"Y":0.23539921641349792},{"X":0.9925709962844849,"Y":0.23524001240730286},{"X":0.9925795197486877,"Y":0.2536314129829407},{"X":0.7172860503196716,"Y":0.2537897229194641}]},"Id":"1504b032-e74d-4033-9c39-843ce5902c89","RowIndex":10,"RowSpan":1},{"BlockType":"CELL","ColumnIndex":1,"ColumnSpan":1,"Confidence":44.741214752197266,"Geometry":{"BoundingBox":{"Height":0.018487967550754547,"Left":0.006154709029942751,"Top":0.2540991008281708,"Width":0.17316997051239014},"Polygon":[{"X":0.006154709029942751,"Y":0.25419867038726807},{"X":0.179319828748703,"Y":0.2540991008281708},{"X":0.179324671626091,"Y":0.2724880278110504},{"X":0.0061587742529809475,"Y":0.2725870609283447}]},"Id":"4122cc7a-f147-4462-add9-31a4ac50721c","Relationships":[{"Ids":["b641dcba-f77a-4ed3-a4ac-5026437266d5","d39f81cf-16e3-41b6-b021-2e1502bf7068"],"Type":"CHILD"}],"RowIndex":11,"RowSpan":1},{"BlockType":"CELL","ColumnIndex":2,"ColumnSpan":1,"Confidence":23.03538703918457,"Geometry":{"BoundingBox":{"Height":0.018419435247778893,"Left":0.179319828748703,"Top":0.25406861305236816,"Width":0.053023938089609146},"Polygon":[{"X":0.179319828748703,"Y":0.2540991008281708},{"X":0.23233866691589355,"Y":0.25406861305236816},{"X":0.23234376311302185,"Y":0.27245771884918213},{"X":0.179324671626091,"Y":0.2724880278110504}]},"Id":"b855ccf2-56a5-48c5-8081-e770dee6fdb6","Relationships":[{"Ids":["7a4d7775-d14a-4615-9391-54ba3d70aa83"],"Type":"CHILD"}],"RowIndex":11,"RowSpan":1},{"BlockType":"CELL","ColumnIndex":3,"ColumnSpan":1,"Confidence":41.33692169189453,"Geometry":{"BoundingBox":{"Height":0.018429771065711975,"Left":0.23233866691589355,"Top":0.25402796268463135,"Width":0.07069874554872513},"Polygon":[{"X":0.23233866691589355,"Y":0.25406861305236816},{"X":0.3030320107936859,"Y":0.25402796268463135},{"X":0.3030374050140381,"Y":0.2724173069000244},{"X":0.23234376311302185,"Y":0.27245771884918213}]},"Id":"15a223b4-d117-4e5a-8e21-5a5db1fd0504","Relationships":[{"Ids":["5d9c6d1a-905d-4833-8870-fc3de3d1f915"],"Type":"CHILD"}],"RowIndex":11,"RowSpan":1},{"BlockType":"CELL","ColumnIndex":4,"ColumnSpan":1,"Confidence":35.697547912597656,"Geometry":{"BoundingBox":{"Height":0.01842682436108589,"Left":0.3030320107936859,"Top":0.2539904713630676,"Width":0.06517767906188965},"Polygon":[{"X":0.3030320107936859,"Y":0.25402796268463135},{"X":0.3682039678096771,"Y":0.2539904713630676},{"X":0.36820968985557556,"Y":0.2723800241947174},{"X":0.3030374050140381,"Y":0.2724173069000244}]},"Id":"f585cd4f-6b8a-4a11-bf69-e6fc641ec260","RowIndex":11,"RowSpan":1},{"BlockType":"CELL","ColumnIndex":5,"ColumnSpan":1,"Confidence":42.0971794128418,"Geometry":{"BoundingBox":{"Height":0.018440058454871178,"Left":0.3682039678096771,"Top":0.25393998622894287,"Width":0.08782493323087692},"Polygon":[{"X":0.3682039678096771,"Y":0.2539904713630676},{"X":0.45602279901504517,"Y":0.25393998622894287},{"X":0.45602890849113464,"Y":0.27232980728149414},{"X":0.36820968985557556,"Y":0.2723800241947174}]},"Id":"caaeb34d-54f2-4dfa-97a4-2f360834a8a0","Relationships":[{"Ids":["a138e871-f97e-4dfe-bae9-8209f26c5907"],"Type":"CHILD"}],"RowIndex":11,"RowSpan":1},{"BlockType":"CELL","ColumnIndex":6,"ColumnSpan":1,"Confidence":26.8299617767334,"Geometry":{"BoundingBox":{"Height":0.01842128485441208,"Left":0.45602279901504517,"Top":0.25390851497650146,"Width":0.054687369614839554},"Polygon":[{"X":0.45602279901504517,"Y":0.25393998622894287},{"X":0.5107038021087646,"Y":0.25390851497650146},{"X":0.5107101798057556,"Y":0.27229854464530945},{"X":0.45602890849113464,"Y":0.27232980728149414}]},"Id":"83298315-1966-4688-b302-a47115f0cc46","Relationships":[{"Ids":["331e30a0-65c3-4354-b965-73e10bead4b0"],"Type":"CHILD"}],"RowIndex":11,"RowSpan":1},{"BlockType":"CELL","ColumnIndex":7,"ColumnSpan":1,"Confidence":31.222503662109375,"Geometry":{"BoundingBox":{"Height":0.01843448542058468,"Left":0.5107038021087646,"Top":0.253864049911499,"Width":0.0773351863026619},"Polygon":[{"X":0.5107038021087646,"Y":0.25390851497650146},{"X":0.5880323052406311,"Y":0.253864049911499},{"X":0.5880390405654907,"Y":0.2722543179988861},{"X":0.5107101798057556,"Y":0.27229854464530945}]},"Id":"26199674-1a54-4d93-9265-3743885171e9","Relationships":[{"Ids":["f695211e-10d4-4ecb-8142-0c4bd65ae51d"],"Type":"CHILD"}],"RowIndex":11,"RowSpan":1},{"BlockType":"CELL","ColumnIndex":8,"ColumnSpan":1,"Confidence":48.10878372192383,"Geometry":{"BoundingBox":{"Height":0.018464595079421997,"Left":0.5880323052406311,"Top":0.2537897229194641,"Width":0.12926101684570312},"Polygon":[{"X":0.5880323052406311,"Y":0.253864049911499},{"X":0.7172860503196716,"Y":0.2537897229194641},{"X":0.7172933220863342,"Y":0.2721804082393646},{"X":0.5880390405654907,"Y":0.2722543179988861}]},"Id":"4ecc22a1-e1bf-4624-a180-698933cf1e7c","Relationships":[{"Ids":["43f8867d-cb59-483c-b4e9-e824362da43d","6f592a19-a2f1-41ed-aa7c-47e8a1bb972e"],"Type":"CHILD"}],"RowIndex":11,"RowSpan":1},{"BlockType":"CELL","ColumnIndex":9,"ColumnSpan":1,"Confidence":50.6427001953125,"Geometry":{"BoundingBox":{"Height":0.0185489933937788,"Left":0.7172860503196716,"Top":0.2536314129829407,"Width":0.2753020226955414},"Polygon":[{"X":0.7172860503196716,"Y":0.2537897229194641},{"X":0.9925795197486877,"Y":0.2536314129829407},{"X":0.9925880432128906,"Y":0.2720229923725128},{"X":0.7172933220863342,"Y":0.2721804082393646}]},"Id":"40d65d8a-9555-4653-ba90-7059f6215502","RowIndex":11,"RowSpan":1},{"BlockType":"CELL","ColumnIndex":1,"ColumnSpan":1,"Confidence":48.165462493896484,"Geometry":{"BoundingBox":{"Height":0.018027860671281815,"Left":0.0061587742529809475,"Top":0.2724880278110504,"Width":0.17317062616348267},"Polygon":[{"X":0.0061587742529809475,"Y":0.2725870609283447},{"X":0.179324671626091,"Y":0.2724880278110504},{"X":0.17932941019535065,"Y":0.2904174327850342},{"X":0.006162738427519798,"Y":0.2905158996582031}]},"Id":"2ac773d4-1dfa-4429-b9a8-8891374635f7","RowIndex":12,"RowSpan":1},{"BlockType":"CELL","ColumnIndex":2,"ColumnSpan":1,"Confidence":24.798389434814453,"Geometry":{"BoundingBox":{"Height":0.017959700897336006,"Left":0.179324671626091,"Top":0.27245771884918213,"Width":0.0530240498483181},"Polygon":[{"X":0.179324671626091,"Y":0.2724880278110504},{"X":0.23234376311302185,"Y":0.27245771884918213},{"X":0.2323487251996994,"Y":0.29038727283477783},{"X":0.17932941019535065,"Y":0.2904174327850342}]},"Id":"c5a39b85-30b2-4b3d-92c6-50d3f1693148","RowIndex":12,"RowSpan":1},{"BlockType":"CELL","ColumnIndex":3,"ColumnSpan":1,"Confidence":"
20:09:03.250 [Test worker] DEBUG org.apache.http.wire - http-outgoing-0 << "44.5006217956543,"Geometry":{"BoundingBox":{"Height":0.017969975247979164,"Left":0.23234376311302185,"Top":0.2724173069000244,"Width":0.07069893181324005},"Polygon":[{"X":0.23234376311302185,"Y":0.27245771884918213},{"X":0.3030374050140381,"Y":0.2724173069000244},{"X":0.3030426800251007,"Y":0.29034706950187683},{"X":0.2323487251996994,"Y":0.29038727283477783}]},"Id":"29261197-cd5b-"
20:09:03.250 [Test worker] DEBUG org.apache.http.wire - http-outgoing-0 << "4bc6-a7cb-3165e9f71d12","RowIndex":12,"RowSpan":1},{"BlockType":"CELL","ColumnIndex":4,"ColumnSpan":1,"Confidence":38.42964553833008,"Geometry":{"BoundingBox":{"Height":0.017967039719223976,"Left":0.3030374050140381,"Top":0.2723800241947174,"Width":0.06517782807350159},"Polygon":[{"X":0.3030374050140381,"Y":0.2724173069000244},{"X":0.36820968985557556,"Y":0.2723800241947174},{"X":0.3682152330875397,"Y":0.29030999541282654},{"X":0.3030426800251007,"Y":0.29034706950187683}]},"Id":"72e3d288-652f-42b5-a316-3e059a4972e1","RowIndex":12,"RowSpan":1},{"BlockType":"CELL","ColumnIndex":5,"ColumnSpan":1,"Confidence":45.31906509399414,"Geometry":{"BoundingBox":{"Height":0.017980195581912994,"Left":0.36820968985557556,"Top":0.27232980728149414,"Width":0.08782517910003662},"Polygon":[{"X":0.36820968985557556,"Y":0.2723800241947174},{"X":0.45602890849113464,"Y":0.27232980728149414},{"X":0.4560348689556122,"Y":0.29026007652282715},{"X":0.3682152330875397,"Y":0.29030999541282654}]},"Id":"e453152f-86fa-4883-93d0-59400c54d3ec","
20:09:03.251 [Test worker] DEBUG org.apache.http.wire - http-outgoing-0 << ""Relationships":[{"Ids":["50234334-13f9-4e34-90d1-710586e7ae33"],"Type":"CHILD"}],"RowIndex":12,"RowSpan":1},{"BlockType":"CELL","ColumnIndex":6,"ColumnSpan":1,"Confidence":28.883378982543945,"Geometry":{"BoundingBox":{"Height":0.017961522564291954,"Left":0.45602890849113464,"Top":0.27229854464530945,"Width":0.05468745902180672},"Polygon":[{"X":0.45602890849113464,"Y":0.27232980728149414},{"X":0.5107101798057556,"Y":0.27229854464530945},{"X":0.5107163786888123,"Y":0.2902289628982544},{"X":0.4560348689556122,"Y":0.29026007652282715}]},"Id":"67521ecd-3635-4182-a5cc-dbd2fe70e0b3","Relationships":[{"Ids":["c98ece27-f5f0-449a-87a7-480e2e0b9b75"],"Type":"CHILD"}],"RowIndex":12,"RowSpan":1},{"BlockType":"CELL","ColumnIndex":7,"ColumnSpan":1,"Confidence":33.61210250854492,"Geometry":{"BoundingBox":{"Height":0.017974644899368286,"Left":0.5107101798057556,"Top":0.2722543179988861,"Width":0.07733537256717682},"Polygon":[{"X":0.5107101798057556,"Y":0.27229854464530945},{"X":0.5880390405654907,"Y":0.2722543179988861},{"X":0.5880455374717712,"Y":0.29018500447273254},{"X":0.5107163786888123,"Y":0.2902289628982544}]},"Id":"6bfb1b2b-f3c0-4305-86db-455db16394e4","Relationships":[{"Ids":["841e1dda-a815-4e72-94ce-f133b6f22367"],"Type":"CHILD"}],"RowIndex":12,"RowSpan":1},{"BlockType":"CELL","ColumnIndex":8,"ColumnSpan":1,"Confidence":51.790767669677734,"Geometry":{"BoundingBox":{"Height":0.018004581332206726,"Left":0.5880390405654907,"Top":0.2721804082393646,"Width":0.12926141917705536},"Polygon":[{"X":0.5880390405654907,"Y":0.2722543179988861},{"X":0.7172933220863342,"Y":0.2721804082393646},{"X":0.7173004150390625,"Y":0.2901114821434021},{"X":0.5880455374717712,"Y":0.29018500447273254}]},"Id":"4a7708a8-988e-45b6-9ddb-d1850cf2124a","Relationships":[{"Ids":["80238bf0-9c2a-4d44-ab34-4b20eee23cf2","4ce144db-f0e1-4b10-aefd-940a1a27222f"],"Type":"CHILD"}],"RowIndex":12,"RowSpan":1},{"BlockType":"CELL","ColumnIndex":9,"ColumnSpan":1,"Confidence":54.518611907958984,"Geometry":{"BoundingBox":{"Height":0.01808849908411503,"Left":0.7172933220863342,"Top":0.2720229923725128,"Width":0.27530306577682495},"Polygon":[{"X":0.7172933220863342,"Y":0.2721804082393646},{"X":0.9925880432128906,"Y":0.2720229923725128},{"X":0.9925963878631592,"Y":0.28995493054389954},{"X":0.7173004150390625,"Y":0.2901114821434021}]},"Id":"525ac333-f9ed-4b0c-bfcb-8dafa43842ee","Relationships":[{"Ids":["a206e58c-8e6a-48a2-a027-affbfc851264"],"Type":"CHILD"}],"RowIndex":12,"RowSpan":1},{"BlockType":"CELL","ColumnIndex":1,"ColumnSpan":1,"Confidence":66.06070709228516,"Geometry":{"BoundingBox":{"Height":0.020326074212789536,"Left":0.006162738427519798,"Top":0.2904174327850342,"Width":0.1731719970703125},"Polygon":[{"X":0.006162738427519798,"Y":0.2905158996582031},{"X":0.17932941019535065,"Y":0.2904174327850342},{"X":0.17933474481105804,"Y":0.3106456398963928},{"X":0.006167210638523102,"Y":0.310743510723114}]},"Id":"2a730959-d692-4dba-a414-679becffb30f","Relationships":[{"Ids":["94ebddb4-1518-4f8a-99b7-18fcfc15fd8f"],"Type":"CHILD"}],"RowIndex":13,"RowSpan":1},{"BlockType":"CELL","ColumnIndex":2,"ColumnSpan":1,"Confidence":34.011905670166016,"Geometry":{"BoundingBox":{"Height":0.020258363336324692,"Left":0.17932941019535065,"Top":0.29038727283477783,"Width":0.05302492156624794},"Polygon":[{"X":0.17932941019535065,"Y":0.2904174327850342},{"X":0.2323487251996994,"Y":0.29038727283477783},{"X":0.2323543280363083,"Y":0.3106156885623932},{"X":0.17933474481105804,"Y":0.3106456398963928}]},"Id":"9f68369f-f3c5-4d0f-8a76-244f60d3d6e6","RowIndex":13,"RowSpan":1},{"BlockType":"CELL","ColumnIndex":3,"ColumnSpan":1,"Confidence":61.03424835205078,"Geometry":{"BoundingBox":{"Height":0.020268602296710014,"Left":0.2323487251996994,"Top":0.29034706950187683,"Width":0.07069991528987885},"Polygon":[{"X":0.2323487251996994,"Y":0.29038727283477783},{"X":0.3030426800251007,"Y":0.29034706950187683},{"X":0.30304864048957825,"Y":0.3105757236480713},{"X":0.2323543280363083,"Y":0.3106156885623932}]},"Id":"25fe7245-fc73-4231-87ed-ee582fd8ad2f","RowIndex":13,"RowSpan":1},{"BlockType":"CELL","ColumnIndex":4,"ColumnSpan":1,"Confidence":52.707679748535156,"Geometry":{"BoundingBox":{"Height":0.020265713334083557,"Left":0.3030426800251007,"Top":0.29030999541282654,"Width":0.06517883390188217},"Polygon":[{"X":0.3030426800251007,"Y":0.29034706950187683},{"X":0.3682152330875397,"Y":0.29030999541282654},{"X":0.3682215213775635,"Y":0.3105388879776001},{"X":0.30304864048957825,"Y":0.3105757236480713}]},"Id":"9c6515f6-280b-48f1-9855-d835031fd963","Relationships":[{"Ids":["e7cde274-2313-4eb7-9653-0c6c0e76184f"],"Type":"CHILD"}],"RowIndex":13,"RowSpan":1},{"BlockType":"CELL","ColumnIndex":5,"ColumnSpan":1,"Confidence":62.15677261352539,"Geometry":{"BoundingBox":{"Height":0.020278824493288994,"Left":0.3682152330875397,"Top":0.29026007652282715,"Width":0.08782632648944855},"Polygon":[{"X":0.3682152330875397,"Y":0.29030999541282654},{"X":0.4560348689556122,"Y":0.29026007652282715},{"X":0.4560415744781494,"Y":0.3104892671108246},{"X":0.3682215213775635,"Y":0.3105388879776001}]},"Id":"57408939-5312-40ea-bfd1-2012a6490eb7","Relationships":[{"Ids":["907b5630-8452-480d-bfdf-714e9e8d2eb1"],"Type":"CHILD"}],"RowIndex":13,"RowSpan":1},{"BlockType":"CELL","ColumnIndex":6,"ColumnSpan":1,"Confidence":39.614620208740234,"Geometry":{"BoundingBox":{"Height":0.020260291174054146,"Left":0.4560348689556122,"Top":0.2902289628982544,"Width":0.05468849465250969},"Polygon":[{"X":0.4560348689556122,"Y":0.29026007652282715},{"X":0.5107163786888123,"Y":0.2902289628982544},{"X":0.510723352432251,"Y":0.31045836210250854},{"X":0.4560415744781494,"Y":0.3104892671108246}]},"Id":"47f9a3ec-20b0-465e-bef7-7330d95f9c23","Relationships":[{"Ids":["efc5313a-33ca-40c4-bbe1-936784a9f44b"],"Type":"CHILD"}],"RowIndex":13,"RowSpan":1},{"BlockType":"CELL","ColumnIndex":7,"ColumnSpan":1,"Confidence":46.100242614746094,"Geometry":{"BoundingBox":{"Height":0.020273365080356598,"Left":0.5107163786888123,"Top":0.29018500447273254,"Width":0.07733654975891113},"Polygon":[{"X":0.5107163786888123,"Y":0.2902289628982544},{"X":0.5880455374717712,"Y":0.29018500447273254},{"X":0.5880529284477234,"Y":0.3104146718978882},{"X":0.510723352432251,"Y":0.31045836210250854}]},"Id":"a3196875-97d2-456e-9fb4-e059c9cbedc1","Relationships":[{"Ids":["2be13449-5170-4c9c-97de-5cb7c2ce9c2a"],"Type":"CHILD"}],"RowIndex":13,"RowSpan":1},{"BlockType":"CELL","ColumnIndex":8,"ColumnSpan":1,"Confidence":71.03294372558594,"Geometry":{"BoundingBox":{"Height":0.020303167402744293,"Left":0.5880455374717712,"Top":0.2901114821434021,"Width":0.12926290929317474},"Polygon":[{"X":0.5880455374717712,"Y":0.29018500447273254},{"X":0.7173004150390625,"Y":0.2901114821434021},{"X":0.7173084616661072,"Y":0.31034162640571594},{"X":0.5880529284477234,"Y":0.3104146718978882}]},"Id":"49097b09-78d2-4a3e-bfec-77aafdb4ec24","Relationships":[{"Ids":["002917aa-742f-408d-ab43-ede5bccfcb7b","3f992f85-2abe-467c-829b-069761e81836"],"Type":"CHILD"}],"RowIndex":13,"RowSpan":1},{"BlockType":"CELL","ColumnIndex":9,"ColumnSpan":1,"Confidence":74.7742919921875,"Geometry":{"BoundingBox":{"Height":0.020386677235364914,"Left":0.7173004150390625,"Top":0.28995493054389954,"Width":0.2753053307533264},"Polygon":[{"X":0.7173004150390625,"Y":0.2901114821434021},{"X":0.9925963878631592,"Y":0.28995493054389954},{"X":0.9926058053970337,"Y":0.3101860284805298},{"X":0.7173084616661072,"Y":0.31034162640571594}]},"Id":"997074e9-980a-41d7-8855-3a6f1ba776a5","Relationships":[{"Ids":["79132ebb-a9c7-46f8-bcd7-9a8e9d12098b"],"Type":"CHILD"}],"RowIndex":13,"RowSpan":1},{"BlockType":"CELL","ColumnIndex":1,"ColumnSpan":1,"Confidence":56.25924301147461,"Geometry":{"BoundingBox":{"Height":0.018486760556697845,"Left":0.006167210638523102,"Top":0.3106456398963928,"Width":0.17317238450050354},"Polygon":[{"X":0.006167210638523102,"Y":0.310743510723114},{"X":0.17933474481105804,"Y":0.3106456398963928},{"X":0.17933958768844604,"Y":0.32903510332107544},{"X":0.006171276327222586,"Y":0.32913240790367126}]}"
20:09:03.252 [Test worker] DEBUG org.apache.http.wire - http-outgoing-0 << ","Id":"bd889caa-cb02-4613-87d8-3fad9b939826","RowIndex":14,"RowSpan":1},{"BlockType":"CELL","ColumnIndex":2,"ColumnSpan":1,"Confidence":28.96554183959961,"Geometry":{"BoundingBox":{"Height":0.018419422209262848,"Left":0.17933474481105804,"Top":0.3106156885623932,"Width":0.05302467569708824},"Polygon":[{"X":0.17933474481105804,"Y":0.3106456398963928},{"X":0.2323543280363083,"Y":0.3106156885623932},{"X":0.2323594093322754,"Y":0.32900530099868774},{"X":0.17933958768844604,"Y":0.32903510332107544}]},"Id":"746aca22-41af-4cfa-a8e4-ad1c17606e14","RowIndex":14,"RowSpan":1},{"BlockType":"CELL","ColumnIndex":3,"ColumnSpan":1,"Confidence":51.97856521606445,"Geometry":{"BoundingBox":{"Height":0.018429581075906754,"Left":0.2323543280363083,"Top":0.3105757236480713,"Width":0.07069972902536392},"Polygon":[{"X":0.2323543280363083,"Y":0.3106156885623932},{"X":0.30304864048957825,"Y":0.3105757236480713},{"X":0.3030540645122528,"Y":0.32896557450294495},{"X":0.2323594093322754,"Y":0.32900530099868774}]},"Id":"d2c6c478-d85e-4668-98b7-e53e2e880924","RowIndex":14,"RowSpan":1},{"BlockType":"CELL","ColumnIndex":4,"ColumnSpan":1,"Confidence":44.887413024902344,"Geometry":{"BoundingBox":{"Height":0.018426688387989998,"Left":0.30304864048957825,"Top":0.3105388879776001,"Width":0.06517858803272247},"Polygon":[{"X":0.30304864048957825,"Y":0.3105757236480713},{"X":0.3682215213775635,"Y":0.3105388879776001},{"X":0.3682272136211395,"Y":0.32892894744873047},{"X":0.3030540645122528,"Y":0.32896557450294495}]},"Id":"fcf6dec4-d26a-47db-a1ac-3e3facf2baaa","RowIndex":14,"RowSpan":1},{"BlockType":"CELL","ColumnIndex":5,"ColumnSpan":1,"Confidence":52.934539794921875,"Geometry":{"BoundingBox":{"Height":0.018439697101712227,"Left":0.3682215213775635,"Top":0.3104892671108246,"Width":0.08782615512609482},"Polygon":[{"X":0.3682215213775635,"Y":0.3105388879776001},{"X":0.4560415744781494,"Y":0.3104892671108246},{"X":0.4560476839542389,"Y":0.32887962460517883},{"X":0.3682272136211395,"Y":0.32892894744873047}]},"Id":"44c297e8-d629-45b4-a54b-c7b1ef2a6609","Relationships":[{"Ids":["a8b00498-4448-4a62-af67-4ca9cc0c51b0"],"Type":"CHILD"}],"RowIndex":14,"RowSpan":1},{"BlockType":"CELL","ColumnIndex":6,"ColumnSpan":1,"Confidence":33.736976623535156,"Geometry":{"BoundingBox":{"Height":0.018421253189444542,"Left":0.4560415744781494,"Top":0.31045836210250854,"Width":0.05468812957406044},"Polygon":[{"X":0.4560415744781494,"Y":0.3104892671108246},{"X":0.510723352432251,"Y":0.31045836210250854},{"X":0.5107297301292419,"Y":0.3288488984107971},{"X":0.4560476839542389,"Y":0.32887962460517883}]},"Id":"1362a3fb-b449-4ee9-b199-6f119291840e","Relationships":[{"Ids":["954bcfe2-1675-4881-89ad-5b8a3cc335a0"],"Type":"CHILD"}],"RowIndex":14,"RowSpan":1},{"BlockType":"CELL","ColumnIndex":7,"ColumnSpan":1,"Confidence":39.26032257080078,"Geometry":{"BoundingBox":{"Height":0.018434230238199234,"Left":0.510723352432251,"Top":0.3104146718978882,"Width":0.07733626663684845},"Polygon":[{"X":0.510723352432251,"Y":0.31045836210250854},{"X":0.5880529284477234,"Y":0.3104146718978882},{"X":0.5880596041679382,"Y":0.32880544662475586},{"X":0.5107297301292419,"Y":0.3288488984107971}]},"Id":"4411519b-5683-4773-8109-138b3f49c7d0","Relationships":[{"Ids":["6249461d-17c5-4735-b8c3-23573a9b3b0c"],"Type":"CHILD"}],"RowIndex":14,"RowSpan":1},{"BlockType":"CELL","ColumnIndex":8,"ColumnSpan":1,"Confidence":60.49375534057617,"Geometry":{"BoundingBox":{"Height":0.018463823944330215,"Left":0.5880529284477234,"Top":0.31034162640571594,"Width":0.12926281988620758},"Polygon":[{"X":0.5880529284477234,"Y":0.3104146718978882},{"X":0.7173084616661072,"Y":0.31034162640571594},{"X":0.7173157334327698,"Y":0.32873281836509705},{"X":0.5880596041679382,"Y":0.32880544662475586}]},"Id":"99829b14-434f-4eb4-ba6b-a8ad42114605","Relationships":[{"Ids":["748c36e3-0ee6-41b9-81fc-122af0639459","eab66103-af28-4eeb-82a4-c4517e925095"],"Type":"CHILD"}],"RowIndex":14,"RowSpan":1},{"BlockType":"CELL","ColumnIndex":9,"ColumnSpan":1,"Confidence":63.679988861083984,"Geometry":{"BoundingBox":{"Height":0.018546773120760918,"Left":0.7173084616661072,"Top":0.3101860284805298,"Width":0.2753058671951294},"Polygon":[{"X":0.7173084616661072,"Y":0.31034162640571594},{"X":0.9926058053970337,"Y":0.3101860284805298},{"X":0.9926143288612366,"Y":0.3285781145095825},{"X":0.7173157334327698,"Y":0.32873281836509705}]},"Id":"0befafdd-c601-40b9-a25a-de1914600856","Relationships":[{"Ids":["2fd57fd4-76ef-4bd2-a391-ed384b32ecd4"],"Type":"CHILD"}],"RowIndex":14,"RowSpan":1},{"BlockType":"CELL","ColumnIndex":1,"ColumnSpan":1,"Confidence":66.3814468383789,"Geometry":{"BoundingBox":{"Height":0.01802664063870907,"Left":0.006171276327222586,"Top":0.32903510332107544,"Width":0.17317304015159607},"Polygon":[{"X":0.006171276327222586,"Y":0.32913240790367126},{"X":0.17933958768844604,"Y":0.32903510332107544},{"X":0.1793443113565445,"Y":0.3469649851322174},{"X":0.0061752405017614365,"Y":0.34706172347068787}]},"Id":"0a322035-d05b-429b-9bb5-2876d205a134","Relationships":[{"Ids":["21f524ed-b791-48cf-b685-d6250a0d82c2","e4690c24-67a9-4cad-a694-98520d028322"],"Type":"CHILD"}],"RowIndex":15,"RowSpan":1},{"BlockType":"CELL","ColumnIndex":2,"ColumnSpan":1,"Confidence":34.17703628540039,"Geometry":{"BoundingBox":{"Height":0.017959674820303917,"Left":0.17933958768844604,"Top":0.32900530099868774,"Width":0.053024787455797195},"Polygon":[{"X":0.17933958768844604,"Y":0.32903510332107544},{"X":0.2323594093322754,"Y":0.32900530099868774},{"X":0.23236437141895294,"Y":0.34693536162376404},{"X":0.1793443113565445,"Y":0.3469649851322174}]},"Id":"f6a3919b-cdbc-46cb-95a8-f4610dad224a","RowIndex":15,"RowSpan":1},{"BlockType":"CELL","ColumnIndex":3,"ColumnSpan":1,"Confidence":61.33058166503906,"Geometry":{"BoundingBox":{"Height":0.017969772219657898,"Left":0.2323594093322754,"Top":0.32896557450294495,"Width":0.07069991528987885},"Polygon":[{"X":0.2323594093322754,"Y":0.32900530099868774},{"X":0.3030540645122528,"Y":0.32896557450294495},{"X":0.30305933952331543,"Y":0.34689584374427795},{"X":0.23236437141895294,"Y":0.34693536162376404}]},"Id":"1b718c0a-b37f-42bd-baf9-e2874c04629f","Relationships":[{"Ids":["cfef32fd-843d-4e88-89ef-59a045136fe5"],"Type":"CHILD"}],"RowIndex":15,"RowSpan":1},{"BlockType":"CELL","ColumnIndex":4,"ColumnSpan":1,"Confidence":52.963584899902344,"Geometry":{"BoundingBox":{"Height":0.017966892570257187,"Left":0.3030540645122528,"Top":0.32892894744873047,"Width":0.06517873704433441},"Polygon":[{"X":0.3030540645122528,"Y":0.32896557450294495},{"X":0.3682272136211395,"Y":0.32892894744873047},{"X":0.368232786655426,"Y":0.3468594253063202},{"X":0.30305933952331543,"Y":0.34689584374427795}]},"Id":"cb965d32-3ee9-451f-a6cf-9eb49e1427b4","Relationships":[{"Ids":["98331154-d7a5-4447-8f18-3862775275d1"],"Type":"CHILD"}],"RowIndex":15,"RowSpan":1},{"BlockType":"CELL","ColumnIndex":5,"ColumnSpan":1,"Confidence":62.45854949951172,"Geometry":{"BoundingBox":{"Height":0.017979823052883148,"Left":0.3682272136211395,"Top":0.32887962460517883,"Width":0.08782640099525452},"Polygon":[{"X":0.3682272136211395,"Y":0.32892894744873047},{"X":0.4560476839542389,"Y":0.32887962460517883},{"X":0.45605364441871643,"Y":0.34681037068367004},{"X":0.368232786655426,"Y":0.3468594253063202}]},"Id":"f7c6fe55-f202-45f4-a372-d6f2781a58ef","Relationships":[{"Ids":["89d9227c-c5ba-422f-a02a-f13ea0c1a2e9"],"Type":"CHILD"}],"RowIndex":15,"RowSpan":1},{"BlockType":"CELL","ColumnIndex":6,"ColumnSpan":1,"Confidence":39.80695724487305,"Geometry":{"BoundingBox":{"Height":0.01796147972345352,"Left":0.4560476839542389,"Top":0.3288488984107971,"Width":0.0546882189810276},"Polygon":[{"X":0.4560476839542389,"Y":0.32887962460517883},{"X":0.5107297301292419,"Y":0.3288488984107971},{"X":0.5107359290122986,"Y":0.34677982330322266},{"X":0.45605364441871643,"Y":0.34681037068367004}]},"Id":"2c2b5999-4e5d-4929-8831-d79fc3943b1c","Relationships":[{"Ids":["7803aa42-01f7-4ddd-9954-11ce218ae886"],"Type":"CHILD"}],"RowIndex":15,"RowSpan":1},{"BlockType":"CELL","ColumnIndex":7,"Co"
20:09:03.253 [Test worker] DEBUG org.apache.http.wire - http-outgoing-0 << "lumnSpan":1,"Confidence":46.324066162109375,"Geometry":{"BoundingBox":{"Height":0.017974376678466797,"Left":0.5107297301292419,"Top":0.32880544662475586,"Width":0.07733644545078278},"Polygon":[{"X":0.5107297301292419,"Y":0.3288488984107971},{"X":0.5880596041679382,"Y":0.32880544662475586},{"X":0.5880661606788635,"Y":0.3467366099357605},{"X":0.5107359290122986,"Y":0.3467798233032226"
20:09:03.253 [Test worker] DEBUG org.apache.http.wire - http-outgoing-0 << "6}]},"Id":"74939de7-75b1-4f54-bc11-79ee3df5bda3","Relationships":[{"Ids":["bbb0b895-95a1-4fe6-8a83-27babca37d89"],"Type":"CHILD"}],"RowIndex":15,"RowSpan":1},{"BlockType":"CELL","ColumnIndex":8,"ColumnSpan":1,"Confidence":71.37782287597656,"Geometry":{"BoundingBox":{"Height":0.0180037971585989,"Left":0.5880596041679382,"Top":0.32873281836509705,"Width":0.12926322221755981},"Polygon":[{"X":0.5880596041679382,"Y":0.32880544662475586},{"X":0.7173157334327698,"Y":0.32873281836509705},{"X":0.717322826385498,"Y":0.3466643989086151},{"X":0.5880661606788635,"Y":0.3467366099357605}]},"Id":"cade03d6-8fa3-4232-afc9-6ec96469cf58","Relationships":[{"Ids":["c449f8fd-8987-43ab-8fad-e43f323b6e45","202276dc-8593-440d-8446-1ecc71710c5f"],"Type":"CHILD"}],"RowIndex":15,"RowSpan":1},{"BlockType":"CELL","ColumnIndex":9,"ColumnSpan":1,"Confidence":75.1373291015625,"Geometry":{"BoundingBox":{"Height":0.0180862657725811,"Left":0.7173157334327698,"Top":0.3285781145095825,"Width":0.2753068804740906},"Polygon":[{"X":0.7173157334327698,"
20:09:03.254 [Test worker] DEBUG org.apache.http.wire - http-outgoing-0 << ""Y":0.32873281836509705},{"X":0.9926143288612366,"Y":0.3285781145095825},{"X":0.9926226139068604,"Y":0.34651055932044983},{"X":0.717322826385498,"Y":0.3466643989086151}]},"Id":"9e7a6a04-63b7-4a5e-a30a-61879fdb3ee5","Relationships":[{"Ids":["d3ea5743-a4ef-46fb-a64d-0e9e7dc51c0e"],"Type":"CHILD"}],"RowIndex":15,"RowSpan":1},{"BlockType":"CELL","ColumnIndex":1,"ColumnSpan":1,"Confidence":78.53485870361328,"Geometry":{"BoundingBox":{"Height":0.018945718184113503,"Left":0.0061752405017614365,"Top":0.3469649851322174,"Width":0.17317405343055725},"Polygon":[{"X":0.0061752405017614365,"Y":0.34706172347068787},{"X":0.1793443113565445,"Y":0.3469649851322174},{"X":0.17934928834438324,"Y":0.3658145070075989},{"X":0.006179407704621553,"Y":0.36591070890426636}]},"Id":"1fe905c8-148a-4125-922b-f38bfc2cf891","Relationships":[{"Ids":["a22b79b1-8150-4faf-9140-b4486b0e3653","766e0673-57a9-45fc-9ba0-a0d20ef4a6dd"],"Type":"CHILD"}],"RowIndex":16,"RowSpan":1},{"BlockType":"CELL","ColumnIndex":2,"ColumnSpan":1,"Confidence":40.434326171875,"Geometry":{"BoundingBox":{"Height":0.018879158422350883,"Left":0.1793443113565445,"Top":0.34693536162376404,"Width":0.053025275468826294},"Polygon":[{"X":0.1793443113565445,"Y":0.3469649851322174},{"X":0.23236437141895294,"Y":0.34693536162376404},{"X":0.23236960172653198,"Y":0.36578506231307983},{"X":0.17934928834438324,"Y":0.3658145070075989}]},"Id":"1a051c2d-5763-4460-8d15-f4796e693af4","RowIndex":16,"RowSpan":1},{"BlockType":"CELL","ColumnIndex":3,"ColumnSpan":1,"Confidence":72.55925750732422,"Geometry":{"BoundingBox":{"Height":0.018889211118221283,"Left":0.23236437141895294,"Top":0.34689584374427795,"Width":0.0707004964351654},"Polygon":[{"X":0.23236437141895294,"Y":0.34693536162376404},{"X":0.30305933952331543,"Y":0.34689584374427795},{"X":0.30306488275527954,"Y":0.36574578285217285},{"X":0.23236960172653198,"Y":0.36578506231307983}]},"Id":"3e5c11f5-ae77-42d5-9c03-f622a68bad91","RowIndex":16,"RowSpan":1},{"BlockType":"CELL","ColumnIndex":4,"ColumnSpan":1,"Confidence":62.6603889465332,"Geometry":{"BoundingBox":{"Height":0.01888635940849781,"Left":0.30305933952331543,"Top":0.3468594253063202,"Width":0.06517931073904037},"Polygon":[{"X":0.30305933952331543,"Y":0.34689584374427795},{"X":0.368232786655426,"Y":0.3468594253063202},{"X":0.368238627910614,"Y":0.3657096028327942},{"X":0.30306488275527954,"Y":0.36574578285217285}]},"Id":"f15c39be-2717-4e74-8477-b482603d7328","RowIndex":16,"RowSpan":1},{"BlockType":"CELL","ColumnIndex":5,"ColumnSpan":1,"Confidence":73.89374542236328,"Geometry":{"BoundingBox":{"Height":0.018899228423833847,"Left":0.368232786655426,"Top":0.34681037068367004,"Width":0.08782709389925003},"Polygon":[{"X":0.368232786655426,"Y":0.3468594253063202},{"X":0.45605364441871643,"Y":0.34681037068367004},{"X":0.45605987310409546,"Y":0.36566081643104553},{"X":0.368238627910614,"Y":0.3657096028327942}]},"Id":"9018a057-9966-402f-b1fa-03124825a677","Relationships":[{"Ids":["a35b9cf0-6737-4907-ae3c-a9ce6b9330fb"],"Type":"CHILD"}],"RowIndex":16,"RowSpan":1},{"BlockType":"CELL","ColumnIndex":6,"ColumnSpan":1,"Confidence":47.094993591308594,"Geometry":{"BoundingBox":{"Height":0.01888100430369377,"Left":0.45605364441871643,"Top":0.34677982330322266,"Width":0.05468877777457237},"Polygon":[{"X":0.45605364441871643,"Y":0.34681037068367004},{"X":0.5107359290122986,"Y":0.34677982330322266},{"X":0.5107424259185791,"Y":0.36563044786453247},{"X":0.45605987310409546,"Y":0.36566081643104553}]},"Id":"4a383a72-9588-4c32-a45e-b76eb491a34e","Relationships":[{"Ids":["68d7a8fe-a6c7-4692-9e8c-90adddb6f489"],"Type":"CHILD"}],"RowIndex":16,"RowSpan":1},{"BlockType":"CELL","ColumnIndex":7,"ColumnSpan":1,"Confidence":54.8052864074707,"Geometry":{"BoundingBox":{"Height":0.018893839791417122,"Left":0.5107359290122986,"Top":0.3467366099357605,"Width":0.0773371234536171},"Polygon":[{"X":0.5107359290122986,"Y":0.34677982330322266},{"X":0.5880661606788635,"Y":0.3467366099357605},{"X":0.5880730152130127,"Y":0.3655875027179718},{"X":0.5107424259185791,"Y":0.36563044786453247}]},"Id":"4664eb2c-9380-416c-a90e-a3ccabde1b8b","Relationships":[{"Ids":["e6cef27f-1ed4-4aa1-aced-ea379b53152b"],"Type":"CHILD"}],"RowIndex":16,"RowSpan":1},{"BlockType":"CELL","ColumnIndex":8,"ColumnSpan":1,"Confidence":84.44599914550781,"Geometry":{"BoundingBox":{"Height":0.018923109397292137,"Left":0.5880661606788635,"Top":0.3466643989086151,"Width":0.12926416099071503},"Polygon":[{"X":0.5880661606788635,"Y":0.3467366099357605},{"X":0.717322826385498,"Y":0.3466643989086151},{"X":0.7173303365707397,"Y":0.36551570892333984},{"X":0.5880730152130127,"Y":0.3655875027179718}]},"Id":"760192e6-8bbf-4711-bf3d-bf2e333a2045","Relationships":[{"Ids":["ce78c6fe-43a6-468d-bc59-7c075b7bdc90","8b339a51-4306-4ffb-9866-a0339ee9eccb"],"Type":"CHILD"}],"RowIndex":16,"RowSpan":1},{"BlockType":"CELL","ColumnIndex":9,"ColumnSpan":1,"Confidence":88.89381408691406,"Geometry":{"BoundingBox":{"Height":0.01900513656437397,"Left":0.717322826385498,"Top":0.34651055932044983,"Width":0.2753085196018219},"Polygon":[{"X":0.717322826385498,"Y":0.3466643989086151},{"X":0.9926226139068604,"Y":0.34651055932044983},{"X":0.9926313757896423,"Y":0.3653627932071686},{"X":0.7173303365707397,"Y":0.36551570892333984}]},"Id":"bc1165d8-3c38-4cd4-8840-bb9a385004e9","Relationships":[{"Ids":["10a8a2d8-da38-4c1d-b52f-8ffa3dd1e80a","e478b2fc-4e8b-42fd-b4c2-27d631a52ea3","d61b8d29-646e-4f9c-8dac-f602ff15fe76","97e6c426-c8b7-48c5-bcba-4f6f5f160a6b","a5976a7d-ac55-4177-b6f4-a7da92c60af8"],"Type":"CHILD"}],"RowIndex":16,"RowSpan":1},{"BlockType":"CELL","ColumnIndex":1,"ColumnSpan":1,"Confidence":79.64334106445312,"Geometry":{"BoundingBox":{"Height":0.018945321440696716,"Left":0.006179407704621553,"Top":0.3658145070075989,"Width":0.17317485809326172},"Polygon":[{"X":0.006179407704621553,"Y":0.36591070890426636},{"X":0.17934928834438324,"Y":0.3658145070075989},{"X":0.17935426533222198,"Y":0.38466423749923706},{"X":0.00618357490748167,"Y":0.3847598433494568}]},"Id":"ee8973a4-4383-421c-907b-c9fdf26fa16f","Relationships":[{"Ids":["d210e912-94ed-4ce1-84f6-7292f82c2a09","6412ef48-65df-4093-a512-f678ae25d4ef"],"Type":"CHILD"}],"RowIndex":17,"RowSpan":1},{"BlockType":"CELL","ColumnIndex":2,"ColumnSpan":1,"Confidence":41.00503158569336,"Geometry":{"BoundingBox":{"Height":0.018879158422350883,"Left":0.17934928834438324,"Top":0.36578506231307983,"Width":0.05302552506327629},"Polygon":[{"X":0.17934928834438324,"Y":0.3658145070075989},{"X":0.23236960172653198,"Y":0.36578506231307983},{"X":0.23237481713294983,"Y":0.38463494181632996},{"X":0.17935426533222198,"Y":0.38466423749923706}]},"Id":"cc15710d-2b30-45f4-aa97-a18db23fcee0","RowIndex":17,"RowSpan":1},{"BlockType":"CELL","ColumnIndex":3,"ColumnSpan":1,"Confidence":73.5833969116211,"Geometry":{"BoundingBox":{"Height":0.018889151513576508,"Left":0.23236960172653198,"Top":0.36574578285217285,"Width":0.07070082426071167},"Polygon":[{"X":0.23236960172653198,"Y":0.36578506231307983},{"X":0.30306488275527954,"Y":0.36574578285217285},{"X":0.30307042598724365,"Y":0.38459593057632446},{"X":0.23237481713294983,"Y":0.38463494181632996}]},"Id":"a16914b7-f3d2-4c79-b0fe-c1680381e7b3","Relationships":[{"Ids":["e1c004d6-7286-4682-b768-e8722f49320f"],"Type":"CHILD"}],"RowIndex":17,"RowSpan":1},{"BlockType":"CELL","ColumnIndex":4,"ColumnSpan":1,"Confidence":63.5448112487793,"Geometry":{"BoundingBox":{"Height":0.018886318430304527,"Left":0.30306488275527954,"Top":0.3657096028327942,"Width":0.06517961621284485},"Polygon":[{"X":0.30306488275527954,"Y":0.36574578285217285},{"X":0.368238627910614,"Y":0.3657096028327942},{"X":0.3682444989681244,"Y":0.3845599293708801},{"X":0.30307042598724365,"Y":0.38459593057632446}]},"Id":"6a898f9a-1df4-4bf5-b252-a7c87051a0dc","Relationships":[{"Ids":["48b3d79a-3d56-40aa-9094-6498e744c893"],"Type":"CHILD"}],"RowIndex":17,"RowSpan":1},{"BlockType":"CELL","ColumnIndex":5,"ColumnSpan":1,"Confidence":74.93671417236328,"Geometry":{"BoundingBox":{"Height":0.018899112939834595,"Left":0.368238627910614,""
20:09:03.255 [Test worker] DEBUG org.apache.http.wire - http-outgoing-0 << "Top":0.36566081643104553,"Width":0.08782750368118286},"Polygon":[{"X":0.368238627910614,"Y":0.3657096028327942},{"X":0.45605987310409546,"Y":0.36566081643104553},{"X":0.4560661315917969,"Y":0.38451144099235535},{"X":0.3682444989681244,"Y":0.3845599293708801}]},"Id":"c2baf993-4046-4099-8d63-fa00661030e4","Relationships":[{"Ids":["ff7475bf-af7e-480b-9c0d-609f1259197c"],"Type":"CHILD"}],"RowIndex":17,"RowSpan":1},{"BlockType":"CELL","ColumnIndex":6,"ColumnSpan":1,"Confidence":47.75971603393555,"Geometry":{"BoundingBox":{"Height":0.018880996853113174,"Left":0.45605987310409546,"Top":0.36563044786453247,"Width":0.05468903109431267},"Polygon":[{"X":0.45605987310409546,"Y":0.36566081643104553},{"X":0.5107424259185791,"Y":0.36563044786453247},{"X":0.5107489228248596,"Y":0.3844812512397766},{"X":0.4560661315917969,"Y":0.38451144099235535}]},"Id":"bd28c501-c211-49b9-8a1f-2e04b4d59804","Relationships":[{"Ids":["8ecd041f-3179-4da0-bb85-9c3bf99293ba"],"Type":"CHILD"}],"RowIndex":17,"RowSpan":1},{"BlockType":"CELL","ColumnIndex":7,"ColumnSpan":1,"Confidence":55.578834533691406,"Geometry":{"BoundingBox":{"Height":0.018893757835030556,"Left":0.5107424259185791,"Top":0.3655875027179718,"Width":0.07733748108148575},"Polygon":[{"X":0.5107424259185791,"Y":0.36563044786453247},{"X":0.5880730152130127,"Y":0.3655875027179718},{"X":0.5880798697471619,"Y":0.38443854451179504},{"X":0.5107489228248596,"Y":0.3844812512397766}]},"Id":"b3c7846c-35b1-450c-9b0a-c5cae2e27a98","Relationships":[{"Ids":["d5a705a7-1515-4c11-9fe6-9801cf0670eb"],"Type":"CHILD"}],"RowIndex":17,"RowSpan":1},{"BlockType":"CELL","ColumnIndex":8,"ColumnSpan":1,"Confidence":85.63790893554688,"Geometry":{"BoundingBox":{"Height":0.018922856077551842,"Left":0.5880730152130127,"Top":0.36551570892333984,"Width":0.12926475703716278},"Polygon":[{"X":0.5880730152130127,"Y":0.3655875027179718},{"X":0.7173303365707397,"Y":0.36551570892333984},{"X":0.7173377871513367,"Y":0.3843671977519989},{"X":0.5880798697471619,"Y":0.38443854451179504}]},"Id":"f5135866-1d84-48d9-b8dc-c71c4d8dfbb1","Relationships":[{"Ids":["c73b03c1-5461-407e-b096-7892d5a627bd","b4624d09-0c9e-4794-b22c-09c2f63fdcf2"],"Type":"CHILD"}],"RowIndex":17,"RowSpan":1},{"BlockType":"CELL","ColumnIndex":9,"ColumnSpan":1,"Confidence":90.14850616455078,"Geometry":{"BoundingBox":{"Height":0.019004400819540024,"Left":0.7173303365707397,"Top":0.3653627932071686,"Width":0.27530980110168457},"Polygon":[{"X":0.7173303365707397,"Y":0.36551570892333984},{"X":0.9926313757896423,"Y":0.3653627932071686},{"X":0.9926401376724243,"Y":0.38421517610549927},{"X":0.7173377871513367,"Y":0.3843671977519989}]},"Id":"a697626b-725b-4693-aa99-fa2d91700f0f","Relationships":[{"Ids":["92cac954-fdaf-48d3-a60d-960bd36a7e98"],"Type":"CHILD"}],"RowIndex":17,"RowSpan":1},{"BlockType":"CELL","ColumnIndex":1,"ColumnSpan":1,"Confidence":78.23625946044922,"Geometry":{"BoundingBox":{"Height":0.01894492283463478,"Left":0.00618357490748167,"Top":0.38466423749923706,"Width":0.1731756627559662},"Polygon":[{"X":0.00618357490748167,"Y":0.3847598433494568},{"X":0.17935426533222198,"Y":0.38466423749923706},{"X":0.17935922741889954,"Y":0.4035141170024872},{"X":0.006187742576003075,"Y":0.40360915660858154}]},"Id":"e1e2a2e0-13cf-4303-82a3-594ebabdf3c7","Relationships":[{"Ids":["5ce1cdd2-b7aa-40eb-9f24-f08659cb7f74"],"Type":"CHILD"}],"RowIndex":18,"RowSpan":1},{"BlockType":"CELL","ColumnIndex":2,"ColumnSpan":1,"Confidence":40.28058624267578,"Geometry":{"BoundingBox":{"Height":0.018879158422350883,"Left":0.17935426533222198,"Top":0.38463494181632996,"Width":0.05302577093243599},"Polygon":[{"X":0.17935426533222198,"Y":0.38466423749923706},{"X":0.23237481713294983,"Y":0.38463494181632996},{"X":0.23238003253936768,"Y":0.4034850001335144},{"X":0.17935922741889954,"Y":0.4035141170024872}]},"Id":"769f1c66-9aa0-4cd0-9487-ef9e13bbf501","RowIndex":18,"RowSpan":1},{"BlockType":"CELL","ColumnIndex":3,"ColumnSpan":1,"Confidence":72.28337860107422,"Geometry":{"BoundingBox":{"Height":0.018889091908931732,"Left":0.23237481713294983,"Top":0.38459593057632446,"Width":0.07070115208625793},"Polygon":[{"X":0.23237481713294983,"Y":0.38463494181632996},{"X":0.30307042598724365,"Y":0.38459593057632446},{"X":0.30307596921920776,"Y":0.4034461975097656},{"X":0.23238003253936768,"Y":0.4034850001335144}]},"Id":"0a212024-ed66-4dca-b99d-a1f9dd09d6ef","RowIndex":18,"RowSpan":1},{"BlockType":"CELL","ColumnIndex":4,"ColumnSpan":1,"Confidence":62.42214584350586,"Geometry":{"BoundingBox":{"Height":0.018886277452111244,"Left":0.30307042598724365,"Top":0.3845599293708801,"Width":0.06517991423606873},"Polygon":[{"X":0.30307042598724365,"Y":0.38459593057632446},{"X":0.3682444989681244,"Y":0.3845599293708801},{"X":0.3682503402233124,"Y":0.4034104347229004},{"X":0.30307596921920776,"Y":0.4034461975097656}]},"Id":"c5095f39-2a11-4bc3-b83a-89e6a63d55d9","RowIndex":18,"RowSpan":1},{"BlockType":"CELL","ColumnIndex":5,"ColumnSpan":1,"Confidence":73.61278533935547,"Geometry":{"BoundingBox":{"Height":0.018898997455835342,"Left":0.3682444989681244,"Top":0.38451144099235535,"Width":0.08782791346311569},"Polygon":[{"X":0.3682444989681244,"Y":0.3845599293708801},{"X":0.4560661315917969,"Y":0.38451144099235535},{"X":0.4560723900794983,"Y":0.4033622443675995},{"X":0.3682503402233124,"Y":0.4034104347229004}]},"Id":"e8e5ecfe-d9f1-443e-89de-60ecfc45f1e5","Relationships":[{"Ids":["40d85a1e-b766-462e-b7f4-ead4ec9bb52e"],"Type":"CHILD"}],"RowIndex":18,"RowSpan":1},{"BlockType":"CELL","ColumnIndex":6,"ColumnSpan":1,"Confidence":46.91592788696289,"Geometry":{"BoundingBox":{"Height":0.018880991265177727,"Left":0.4560661315917969,"Top":0.3844812512397766,"Width":0.05468928441405296},"Polygon":[{"X":0.4560661315917969,"Y":0.38451144099235535},{"X":0.5107489228248596,"Y":0.3844812512397766},{"X":0.5107554197311401,"Y":0.4033322334289551},{"X":0.4560723900794983,"Y":0.4033622443675995}]},"Id":"f7c7e90d-0a3c-40cc-908e-3e43a15fa4d4","Relationships":[{"Ids":["698ad604-c456-4cc9-b5b4-b31d36301347"],"Type":"CHILD"}],"RowIndex":18,"RowSpan":1},{"BlockType":"CELL","ColumnIndex":7,"ColumnSpan":1,"Confidence":54.596900939941406,"Geometry":{"BoundingBox":{"Height":0.01889367774128914,"Left":0.5107489228248596,"Top":0.38443854451179504,"Width":0.0773378387093544},"Polygon":[{"X":0.5107489228248596,"Y":0.3844812512397766},{"X":0.5880798697471619,"Y":0.38443854451179504},{"X":0.5880867838859558,"Y":0.403289794921875},{"X":0.5107554197311401,"Y":0.4033322334289551}]},"Id":"c747ff89-233c-45bf-8db4-93075452f7d5","Relationships":[{"Ids":["7c2a9078-22dd-4a37-870a-5c7d8e59489f"],"Type":"CHILD"}],"RowIndex":18,"RowSpan":1},{"BlockType":"CELL","ColumnIndex":8,"ColumnSpan":1,"Confidence":84.12491607666016,"Geometry":{"BoundingBox":{"Height":0.018922602757811546,"Left":0.5880798697471619,"Top":0.3843671977519989,"Width":0.12926535308361053},"Polygon":[{"X":0.5880798697471619,"Y":0.38443854451179504},{"X":0.7173377871513367,"Y":0.3843671977519989},{"X":0.7173452377319336,"Y":0.4032188653945923},{"X":0.5880867838859558,"Y":0.403289794921875}]},"Id":"7890a9ab-c8c4-4327-b92a-c513abe7824b","Relationships":[{"Ids":["ffc3b682-56a4-4892-8644-ff38a0867a83","f11bb7ca-0d0d-4e4d-8a6e-c5b642deb3dc"],"Type":"CHILD"}],"RowIndex":18,"RowSpan":1},{"BlockType":"CELL","ColumnIndex":9,"ColumnSpan":1,"Confidence":88.55581665039062,"Geometry":{"BoundingBox":{"Height":0.019003665074706078,"Left":0.7173377871513367,"Top":0.38421517610549927,"Width":0.27531108260154724},"Polygon":[{"X":0.7173377871513367,"Y":0.3843671977519989},{"X":0.9926401376724243,"Y":0.38421517610549927},{"X":0.9926488399505615,"Y":0.40306776762008667},{"X":0.7173452377319336,"Y":0.4032188653945923}]},"Id":"24b3a6d8-c59a-40b2-b935-953ffd0a831b","RowIndex":18,"RowSpan":1},{"BlockType":"CELL","ColumnIndex":1,"ColumnSpan":1,"Confidence":78.47730255126953,"Geometry":{"BoundingBox":{"Height":0.018484778702259064,"Left":0.006187742576003075,"Top":0.4035141170024872,"Width":0.1731763333082199},"Polygon":[{"X":0.006187742576003075,"Y":0.40360915660858154},{"X":0"
20:09:03.256 [Test worker] DEBUG org.apache.http.wire - http-outgoing-0 << ".17935922741889954,"Y":0.4035141170024872},{"X":0.17936408519744873,"Y":0.42190441489219666},{"X":0.0061918082647025585,"Y":0.42199888825416565}]},"Id":"ee3f8efd-d772-4ed6-8fce-311dee00d20b","Relationships":[{"Ids":["55bf9695-f1df-43eb-b3d4-40414f355d8f"],"Type":"CHILD"}],"RowIndex":19,"RowSpan":1},{"BlockType":"CELL","ColumnIndex":2,"ColumnSpan":1,"Confidence":40.404693603515625,""
20:09:03.256 [Test worker] DEBUG org.apache.http.wire - http-outgoing-0 << "Geometry":{"BoundingBox":{"Height":0.018419397994875908,"Left":0.17935922741889954,"Top":0.4034850001335144,"Width":0.05302589014172554},"Polygon":[{"X":0.17935922741889954,"Y":0.4035141170024872},{"X":0.23238003253936768,"Y":0.4034850001335144},{"X":0.23238511383533478,"Y":0.4218754768371582},{"X":0.17936408519744873,"Y":0.42190441489219666}]},"Id":"2833ef5e-c0cd-4a41-80db-0b7e5023247f","RowIndex":19,"RowSpan":1},{"BlockType":"CELL","ColumnIndex":3,"ColumnSpan":1,"Confidence":72.5060806274414,"Geometry":{"BoundingBox":{"Height":0.018429270014166832,"Left":0.23238003253936768,"Top":0.4034461975097656,"Width":0.07070134580135345},"Polygon":[{"X":0.23238003253936768,"Y":0.4034850001335144},{"X":0.30307596921920776,"Y":0.4034461975097656},{"X":0.30308136343955994,"Y":0.4218369126319885},{"X":0.23238511383533478,"Y":0.4218754768371582}]},"Id":"b11c1f64-9afd-4e2c-a804-7b9dc2cba04d","RowIndex":19,"RowSpan":1},{"BlockType":"CELL","ColumnIndex":4,"ColumnSpan":1,"Confidence":62.614471435546875,"Geometry":{"BoundingBox"
20:09:03.257 [Test worker] DEBUG org.apache.http.wire - http-outgoing-0 << "":{"Height":0.01842646673321724,"Left":0.30307596921920776,"Top":0.4034104347229004,"Width":0.06518007814884186},"Polygon":[{"X":0.30307596921920776,"Y":0.4034461975097656},{"X":0.3682503402233124,"Y":0.4034104347229004},{"X":0.3682560324668884,"Y":0.42180135846138},{"X":0.30308136343955994,"Y":0.4218369126319885}]},"Id":"c8256f75-d488-4f12-a5ac-99942264f3bc","RowIndex":19,"RowSpan":1},{"BlockType":"CELL","ColumnIndex":5,"ColumnSpan":1,"Confidence":73.83959197998047,"Geometry":{"BoundingBox":{"Height":0.01843910664319992,"Left":0.3682503402233124,"Top":0.4033622443675995,"Width":0.08782816678285599},"Polygon":[{"X":0.3682503402233124,"Y":0.4034104347229004},{"X":0.4560723900794983,"Y":0.4033622443675995},{"X":0.45607849955558777,"Y":0.4217534363269806},{"X":0.3682560324668884,"Y":0.42180135846138}]},"Id":"25bd931f-a293-423a-94bb-40083520dd47","Relationships":[{"Ids":["69de193f-6f41-495c-ae11-fe77ce86b0a6"],"Type":"CHILD"}],"RowIndex":19,"RowSpan":1},{"BlockType":"CELL","ColumnIndex":6,"ColumnSpan":1,"Confidence":47.06047821044922,"Geometry":{"BoundingBox":{"Height":0.018421202898025513,"Left":0.4560723900794983,"Top":0.4033322334289551,"Width":0.05468938127160072},"Polygon":[{"X":0.4560723900794983,"Y":0.4033622443675995},{"X":0.5107554197311401,"Y":0.4033322334289551},{"X":0.5107617974281311,"Y":0.4217236042022705},{"X":0.45607849955558777,"Y":0.4217534363269806}]},"Id":"41444e10-9c47-44c2-ae0c-6ee093a34484","Relationships":[{"Ids":["f639a301-4f91-47a7-8272-0a610fa4b4aa"],"Type":"CHILD"}],"RowIndex":19,"RowSpan":1},{"BlockType":"CELL","ColumnIndex":7,"ColumnSpan":1,"Confidence":54.76511764526367,"Geometry":{"BoundingBox":{"Height":0.018433809280395508,"Left":0.5107554197311401,"Top":0.403289794921875,"Width":0.07733803242444992},"Polygon":[{"X":0.5107554197311401,"Y":0.4033322334289551},{"X":0.5880867838859558,"Y":0.403289794921875},{"X":0.5880934596061707,"Y":0.42168140411376953},{"X":0.5107617974281311,"Y":0.4217236042022705}]},"Id":"1f092b8b-4b41-46ab-9787-0b6766c52c82","Relationships":[{"Ids":["7269e8ed-0604-4535-b5db-8d9e5b50df5d"],"Type":"CHILD"}],"RowIndex":19,"RowSpan":1},{"BlockType":"CELL","ColumnIndex":8,"ColumnSpan":1,"Confidence":84.38411712646484,"Geometry":{"BoundingBox":{"Height":0.01846255734562874,"Left":0.5880867838859558,"Top":0.4032188653945923,"Width":0.12926577031612396},"Polygon":[{"X":0.5880867838859558,"Y":0.403289794921875},{"X":0.7173452377319336,"Y":0.4032188653945923},{"X":0.7173525094985962,"Y":0.42161089181900024},{"X":0.5880934596061707,"Y":0.42168140411376953}]},"Id":"47f604df-5a1e-43db-ac48-d77fbe4e143e","Relationships":[{"Ids":["c81b457d-4230-4855-ad6d-fe1960e668ac","dcaa4420-be2f-416a-94c5-c8742dd6dd48"],"Type":"CHILD"}],"RowIndex":19,"RowSpan":1},{"BlockType":"CELL","ColumnIndex":9,"ColumnSpan":1,"Confidence":88.82866668701172,"Geometry":{"BoundingBox":{"Height":0.018543126061558723,"Left":0.7173452377319336,"Top":0.40306776762008667,"Width":0.2753121554851532},"Polygon":[{"X":0.7173452377319336,"Y":0.4032188653945923},{"X":0.9926488399505615,"Y":0.40306776762008667},{"X":0.9926574230194092,"Y":0.42146068811416626},{"X":0.7173525094985962,"Y":0.42161089181900024}]},"Id":"533b0a6c-f786-4df7-9a88-1fd7a99b895b","RowIndex":19,"RowSpan":1},{"BlockType":"CELL","ColumnIndex":1,"ColumnSpan":1,"Confidence":78.2178726196289,"Geometry":{"BoundingBox":{"Height":0.018024636432528496,"Left":0.0061918082647025585,"Top":0.42190441489219666,"Width":0.17317700386047363},"Polygon":[{"X":0.0061918082647025585,"Y":0.42199888825416565},{"X":0.17936408519744873,"Y":0.42190441489219666},{"X":0.17936880886554718,"Y":0.4398351013660431},{"X":0.006195772439241409,"Y":0.4399290382862091}]},"Id":"7a61c92d-5402-4c5b-bc7a-d91d69a406d4","Relationships":[{"Ids":["cfd70844-18f8-4c23-8875-03c504426ef6"],"Type":"CHILD"}],"RowIndex":20,"RowSpan":1},{"BlockType":"CELL","ColumnIndex":2,"ColumnSpan":1,"Confidence":40.271121978759766,"Geometry":{"BoundingBox":{"Height":0.017959630116820335,"Left":0.17936408519744873,"Top":0.4218754768371582,"Width":0.053026001900434494},"Polygon":[{"X":0.17936408519744873,"Y":0.42190441489219666},{"X":0.23238511383533478,"Y":0.4218754768371582},{"X":0.23239007592201233,"Y":0.43980634212493896},{"X":0.17936880886554718,"Y":0.4398351013660431}]},"Id":"48b07738-379f-47d4-8fd7-35b0650f44ff","RowIndex":20,"RowSpan":1},{"BlockType":"CELL","ColumnIndex":3,"ColumnSpan":1,"Confidence":72.26639556884766,"Geometry":{"BoundingBox":{"Height":0.017969440668821335,"Left":0.23238511383533478,"Top":0.4218369126319885,"Width":0.07070153206586838},"Polygon":[{"X":0.23238511383533478,"Y":0.4218754768371582},{"X":0.30308136343955994,"Y":0.4218369126319885},{"X":0.30308663845062256,"Y":0.439767986536026},{"X":0.23239007592201233,"Y":0.43980634212493896}]},"Id":"c111be59-e875-4d95-8fda-83351c50920b","Relationships":[{"Ids":["6e53c8f1-2fa4-42ed-b0dc-bcef2fd40bc7"],"Type":"CHILD"}],"RowIndex":20,"RowSpan":1},{"BlockType":"CELL","ColumnIndex":4,"ColumnSpan":1,"Confidence":62.4074821472168,"Geometry":{"BoundingBox":{"Height":0.017966650426387787,"Left":0.30308136343955994,"Top":0.42180135846138,"Width":0.0651802271604538},"Polygon":[{"X":0.30308136343955994,"Y":0.4218369126319885},{"X":0.3682560324668884,"Y":0.42180135846138},{"X":0.3682616055011749,"Y":0.4397326409816742},{"X":0.30308663845062256,"Y":0.439767986536026}]},"Id":"0d3349b4-2ac4-40af-876d-f353551eae3b","Relationships":[{"Ids":["d94775e2-3ad9-407d-bae4-c345e453df8c"],"Type":"CHILD"}],"RowIndex":20,"RowSpan":1},{"BlockType":"CELL","ColumnIndex":5,"ColumnSpan":1,"Confidence":73.59549713134766,"Geometry":{"BoundingBox":{"Height":0.01797921024262905,"Left":0.3682560324668884,"Top":0.4217534363269806,"Width":0.08782841265201569},"Polygon":[{"X":0.3682560324668884,"Y":0.42180135846138},{"X":0.45607849955558777,"Y":0.4217534363269806},{"X":0.4560844600200653,"Y":0.43968501687049866},{"X":0.3682616055011749,"Y":0.4397326409816742}]},"Id":"3dadcdf6-2983-4ae0-a7f1-34a2565fa92d","Relationships":[{"Ids":["efe41e1f-9a8d-445b-ac42-ec3d193ed852"],"Type":"CHILD"}],"RowIndex":20,"RowSpan":1},{"BlockType":"CELL","ColumnIndex":6,"ColumnSpan":1,"Confidence":46.9049072265625,"Geometry":{"BoundingBox":{"Height":0.0179614070802927,"Left":0.45607849955558777,"Top":0.4217236042022705,"Width":0.054689470678567886},"Polygon":[{"X":0.45607849955558777,"Y":0.4217534363269806},{"X":0.5107617974281311,"Y":0.4217236042022705},{"X":0.5107679963111877,"Y":0.4396553337574005},{"X":0.4560844600200653,"Y":0.43968501687049866}]},"Id":"efcd6b80-4175-4e21-b906-b6029563f0a4","Relationships":[{"Ids":["b8aa2a04-251e-426d-a7a4-df76764d32cf"],"Type":"CHILD"}],"RowIndex":20,"RowSpan":1},{"BlockType":"CELL","ColumnIndex":7,"ColumnSpan":1,"Confidence":54.584075927734375,"Geometry":{"BoundingBox":{"Height":0.01797393709421158,"Left":0.5107617974281311,"Top":0.42168140411376953,"Width":0.07733821868896484},"Polygon":[{"X":0.5107617974281311,"Y":0.4217236042022705},{"X":0.5880934596061707,"Y":0.42168140411376953},{"X":0.588100016117096,"Y":0.439613401889801},{"X":0.5107679963111877,"Y":0.4396553337574005}]},"Id":"0bfd2d40-f60d-4c3d-8ac9-5da63ce09fcf","Relationships":[{"Ids":["b8436991-a7a7-415a-91c1-8c0e45a8cef5"],"Type":"CHILD"}],"RowIndex":20,"RowSpan":1},{"BlockType":"CELL","ColumnIndex":8,"ColumnSpan":1,"Confidence":84.10515594482422,"Geometry":{"BoundingBox":{"Height":0.01800251007080078,"Left":0.5880934596061707,"Top":0.42161089181900024,"Width":0.1292661726474762},"Polygon":[{"X":0.5880934596061707,"Y":0.42168140411376953},{"X":0.7173525094985962,"Y":0.42161089181900024},{"X":0.7173596620559692,"Y":0.4395432770252228},{"X":0.588100016117096,"Y":0.439613401889801}]},"Id":"add95c64-236a-474c-9254-cbe563f1aaa1","Relationships":[{"Ids":["b3833629-2978-4dc3-aa6a-0e8ba9b45806","3e32ea24-cac3-4490-8c21-1cd773ca5d57"],"Type":"CHILD"}],"RowIndex":20,"RowSpan":1},{"BlockType":"CELL","ColumnIndex":9,"ColumnSpan":1,"Confidence":88.53501892089844,"Geometry":{"BoundingBox":{"Height":0.018082596361637115,"Left":0.7173525094985962,"Top":0.4"
20:09:03.258 [Test worker] DEBUG org.apache.http.wire - http-outgoing-0 << "2146068811416626,"Width":0.27531319856643677},"Polygon":[{"X":0.7173525094985962,"Y":0.42161089181900024},{"X":0.9926574230194092,"Y":0.42146068811416626},{"X":0.992665708065033,"Y":0.43939393758773804},{"X":0.7173596620559692,"Y":0.4395432770252228}]},"Id":"99b0a0e1-6ab8-4485-b1ac-074ad2d4f3bd","RowIndex":20,"RowSpan":1},{"BlockType":"CELL","ColumnIndex":1,"ColumnSpan":1,"Confidence":75.765625,"Geometry":{"BoundingBox":{"Height":0.01940351165831089,"Left":0.006195772439241409,"Top":0.4398351013660431,"Width":0.17317813634872437},"Polygon":[{"X":0.006195772439241409,"Y":0.4399290382862091},{"X":0.17936880886554718,"Y":0.4398351013660431},{"X":0.17937390506267548,"Y":0.45914527773857117},{"X":0.006200041621923447,"Y":0.45923861861228943}]},"Id":"0988a8b0-8000-411f-8f3b-42e700f65960","Relationships":[{"Ids":["02c8edf1-7cb8-4130-9b91-0441460af578","2240c568-fe0a-4f1a-a946-3ccfe6f7b231"],"Type":"CHILD"}],"RowIndex":21,"RowSpan":1},{"BlockType":"CELL","ColumnIndex":2,"ColumnSpan":1,"Confidence":39.00856018066406,"Geometry":{"BoundingBox":{"Height":0.019338924437761307,"Left":0.17936880886554718,"Top":0.43980634212493896,"Width":0.05302661657333374},"Polygon":[{"X":0.17936880886554718,"Y":0.4398351013660431},{"X":0.23239007592201233,"Y":0.43980634212493896},{"X":0.23239542543888092,"Y":0.45911669731140137},{"X":0.17937390506267548,"Y":0.45914527773857117}]},"Id":"a11a00bb-be1e-4eb8-ad0f-c4b3e43f70b5","RowIndex":21,"RowSpan":1},{"BlockType":"CELL","ColumnIndex":3,"ColumnSpan":1,"Confidence":70.00072479248047,"Geometry":{"BoundingBox":{"Height":0.019348692148923874,"Left":0.23239007592201233,"Top":0.439767986536026,"Width":0.07070224732160568},"Polygon":[{"X":0.23239007592201233,"Y":0.43980634212493896},{"X":0.30308663845062256,"Y":0.439767986536026},{"X":0.3030923306941986,"Y":0.4590785801410675},{"X":0.23239542543888092,"Y":0.45911669731140137}]},"Id":"2a30de5f-9480-4ffa-a9d3-2f3daa691ba4","Relationships":[{"Ids":["5d3c0fe8-90e8-4d6d-899b-0a7e177d669a"],"Type":"CHILD"}],"RowIndex":21,"RowSpan":1},{"BlockType":"CELL","ColumnIndex":4,"ColumnSpan":1,"Confidence":60.450904846191406,"Geometry":{"BoundingBox":{"Height":0.01934593729674816,"Left":0.30308663845062256,"Top":0.4397326409816742,"Width":0.0651809424161911},"Polygon":[{"X":0.30308663845062256,"Y":0.439767986536026},{"X":0.3682616055011749,"Y":0.4397326409816742},{"X":0.36826759576797485,"Y":0.4590434432029724},{"X":0.3030923306941986,"Y":0.4590785801410675}]},"Id":"dc4ad92e-70a7-4411-9174-7ddfc1556e6d","Relationships":[{"Ids":["2b5a8209-7e18-4c44-b127-73c68d05b352"],"Type":"CHILD"}],"RowIndex":21,"RowSpan":1},{"BlockType":"CELL","ColumnIndex":5,"ColumnSpan":1,"Confidence":71.28815460205078,"Geometry":{"BoundingBox":{"Height":0.019358443096280098,"Left":0.3682616055011749,"Top":0.43968501687049866,"Width":0.08782925456762314},"Polygon":[{"X":0.3682616055011749,"Y":0.4397326409816742},{"X":0.4560844600200653,"Y":0.43968501687049866},{"X":0.45609086751937866,"Y":0.45899611711502075},{"X":0.36826759576797485,"Y":0.4590434432029724}]},"Id":"4922185f-1ec1-4164-97eb-d2561f6ceeb6","Relationships":[{"Ids":["84afbb19-1b36-4417-b497-a55803ca8b61"],"Type":"CHILD"}],"RowIndex":21,"RowSpan":1},{"BlockType":"CELL","ColumnIndex":6,"ColumnSpan":1,"Confidence":45.434364318847656,"Geometry":{"BoundingBox":{"Height":0.019340764731168747,"Left":0.4560844600200653,"Top":0.4396553337574005,"Width":0.05469018965959549},"Polygon":[{"X":0.4560844600200653,"Y":0.43968501687049866},{"X":0.5107679963111877,"Y":0.4396553337574005},{"X":0.5107746124267578,"Y":0.4589666426181793},{"X":0.45609086751937866,"Y":0.45899611711502075}]},"Id":"d27e4146-b5f7-453a-ad79-ebbc1ca774c7","Relationships":[{"Ids":["70f0d8b7-92eb-45c5-9bcd-203dac804e6c"],"Type":"CHILD"}],"RowIndex":21,"RowSpan":1},{"BlockType":"CELL","ColumnIndex":7,"ColumnSpan":1,"Confidence":52.87277603149414,"Geometry":{"BoundingBox":{"Height":0.019353235140442848,"Left":0.5107679963111877,"Top":0.439613401889801,"Width":0.0773390606045723},"Polygon":[{"X":0.5107679963111877,"Y":0.4396553337574005},{"X":0.588100016117096,"Y":0.439613401889801},{"X":0.5881070494651794,"Y":0.45892494916915894},{"X":0.5107746124267578,"Y":0.4589666426181793}]},"Id":"8e8b7216-a1ba-47cb-b04c-7e9eb1c25475","Relationships":[{"Ids":["13905b82-14ab-44f3-be2f-3fa459b097e2"],"Type":"CHILD"}],"RowIndex":21,"RowSpan":1},{"BlockType":"CELL","ColumnIndex":8,"ColumnSpan":1,"Confidence":81.46832275390625,"Geometry":{"BoundingBox":{"Height":0.01938166469335556,"Left":0.588100016117096,"Top":0.4395432770252228,"Width":0.12926729023456573},"Polygon":[{"X":0.588100016117096,"Y":0.439613401889801},{"X":0.7173596620559692,"Y":0.4395432770252228},{"X":0.7173672914505005,"Y":0.4588552713394165},{"X":0.5881070494651794,"Y":0.45892494916915894}]},"Id":"33f80d65-4908-405d-be51-2909386a9168","Relationships":[{"Ids":["9371369a-c76e-4688-94b6-9565f9724c62","8a87536b-769a-4d02-9c17-7bc46fb12bf0"],"Type":"CHILD"}],"RowIndex":21,"RowSpan":1},{"BlockType":"CELL","ColumnIndex":9,"ColumnSpan":1,"Confidence":85.75930786132812,"Geometry":{"BoundingBox":{"Height":0.01946132257580757,"Left":0.7173596620559692,"Top":0.43939393758773804,"Width":0.2753150463104248},"Polygon":[{"X":0.7173596620559692,"Y":0.4395432770252228},{"X":0.992665708065033,"Y":0.43939393758773804},{"X":0.992674708366394,"Y":0.45870688557624817},{"X":0.7173672914505005,"Y":0.4588552713394165}]},"Id":"8b947f6f-2f4c-47e8-a3d7-b4a1fc4baf8c","Relationships":[{"Ids":["86a5a1e1-cd5b-4821-96cb-749056ce6d39"],"Type":"CHILD"}],"RowIndex":21,"RowSpan":1},{"BlockType":"CELL","ColumnIndex":1,"ColumnSpan":1,"Confidence":78.36569213867188,"Geometry":{"BoundingBox":{"Height":0.018483592197299004,"Left":0.006200041621923447,"Top":0.45914527773857117,"Width":0.17317871749401093},"Polygon":[{"X":0.006200041621923447,"Y":0.45923861861228943},{"X":0.17937390506267548,"Y":0.45914527773857117},{"X":0.17937874794006348,"Y":0.47753608226776123},{"X":0.006204107776284218,"Y":0.4776288568973541}]},"Id":"a53728fc-e55d-45ca-9cbf-fb742e0f1d4d","Relationships":[{"Ids":["1263b2ce-ce9a-45bf-a176-e1b86aa6daf2","5d7a1cb8-0332-4c65-ba0d-b994bf6aa57f"],"Type":"CHILD"}],"RowIndex":22,"RowSpan":1},{"BlockType":"CELL","ColumnIndex":2,"ColumnSpan":1,"Confidence":40.347225189208984,"Geometry":{"BoundingBox":{"Height":0.018419383093714714,"Left":0.17937390506267548,"Top":0.45911669731140137,"Width":0.05302661657333374},"Polygon":[{"X":0.17937390506267548,"Y":0.45914527773857117},{"X":0.23239542543888092,"Y":0.45911669731140137},{"X":0.23240052163600922,"Y":0.47750768065452576},{"X":0.17937874794006348,"Y":0.47753608226776123}]},"Id":"9b658f43-0a55-48ea-8c4f-4d800d8fd05c","RowIndex":22,"RowSpan":1},{"BlockType":"CELL","ColumnIndex":3,"ColumnSpan":1,"Confidence":72.40296173095703,"Geometry":{"BoundingBox":{"Height":0.01842908188700676,"Left":0.23239542543888092,"Top":0.4590785801410675,"Width":0.07070231437683105},"Polygon":[{"X":0.23239542543888092,"Y":0.45911669731140137},{"X":0.3030923306941986,"Y":0.4590785801410675},{"X":0.3030977249145508,"Y":0.4774697721004486},{"X":0.23240052163600922,"Y":0.47750768065452576}]},"Id":"46962dc5-52da-4dad-9f76-926f65a4ffdb","RowIndex":22,"RowSpan":1},{"BlockType":"CELL","ColumnIndex":4,"ColumnSpan":1,"Confidence":62.525413513183594,"Geometry":{"BoundingBox":{"Height":0.018426334485411644,"Left":0.3030923306941986,"Top":0.4590434432029724,"Width":0.06518096476793289},"Polygon":[{"X":0.3030923306941986,"Y":0.4590785801410675},{"X":0.36826759576797485,"Y":0.4590434432029724},{"X":0.3682732880115509,"Y":0.4774348735809326},{"X":0.3030977249145508,"Y":0.4774697721004486}]},"Id":"7a8768f9-8096-42f6-9508-46327c9257ea","RowIndex":22,"RowSpan":1},{"BlockType":"CELL","ColumnIndex":5,"ColumnSpan":1,"Confidence":73.73457336425781,"Geometry":{"BoundingBox":{"Height":0.018438752740621567,"Left":0.36826759576797485,"Top":0.45899611711502075,"Width":0.08782936632633209},"Polygon":[{"X":0.36826759576797485,"Y":0.4590434432029724},{"X":0.45609086751937866,"Y":0.45899611711502075},{"X":0.45"
20:09:03.258 [Test worker] DEBUG org.apache.http.wire - http-outgoing-0 << "609694719314575,"Y":0.47738781571388245},{"X":0.3682732880115509,"Y":0.4774348735809326}]},"Id":"41df2f78-46b6-4d3a-b72b-7372bf5ce4b3","Relationships":[{"Ids":["ec0fe7b0-e082-4532-b70e-d40dd9af911f"],"Type":"CHILD"}],"RowIndex":22,"RowSpan":1},{"BlockType":"CELL","ColumnIndex":6,"ColumnSpan":1,"Confidence":46.99354553222656,"Geometry":{"BoundingBox":{"Height":0.018421173095703125,""
20:09:03.259 [Test worker] DEBUG org.apache.http.wire - http-outgoing-0 << "Left":0.45609086751937866,"Top":0.4589666426181793,"Width":0.054690130054950714},"Polygon":[{"X":0.45609086751937866,"Y":0.45899611711502075},{"X":0.5107746124267578,"Y":0.4589666426181793},{"X":0.5107809901237488,"Y":0.47735852003097534},{"X":0.45609694719314575,"Y":0.47738781571388245}]},"Id":"5c1a6447-a539-442c-b2ba-fc8b332bf7b3","Relationships":[{"Ids":["ec7966ab-41bd-4cee-88ce-4bc72452175c"],"Type":"CHILD"}],"RowIndex":22,"RowSpan":1},{"BlockType":"CELL","ColumnIndex":7,"ColumnSpan":1,"Confidence":54.687225341796875,"Geometry":{"BoundingBox":{"Height":0.01843355782330036,"Left":0.5107746124267578,"Top":0.45892494916915894,"Width":0.07733909040689468},"Polygon":[{"X":0.5107746124267578,"Y":0.4589666426181793},{"X":0.5881070494651794,"Y":0.45892494916915894},{"X":0.5881137251853943,"Y":0.47731706500053406},{"X":0.5107809901237488,"Y":0.47735852003097534}]},"Id":"69ab5fb5-1e1c-4f5a-8bfa-64f012fcb478","Relationships":[{"Ids":["df925fca-7fd8-4c53-9e0d-809f7672612a"],"Type":"CHILD"}],"RowIndex":22,"RowSpan":1}"
20:09:03.259 [Test worker] DEBUG org.apache.http.wire - http-outgoing-0 << ",{"BlockType":"CELL","ColumnIndex":8,"ColumnSpan":1,"Confidence":84.26409149169922,"Geometry":{"BoundingBox":{"Height":0.018461799249053,"Left":0.5881070494651794,"Top":0.4588552713394165,"Width":0.12926754355430603},"Polygon":[{"X":0.5881070494651794,"Y":0.45892494916915894},{"X":0.7173672914505005,"Y":0.4588552713394165},{"X":0.7173745632171631,"Y":0.47724780440330505},{"X":0.5881137251853943,"Y":0.47731706500053406}]},"Id":"1145aad7-e816-47b0-b99e-dcf8e14f4e42","Relationships":[{"Ids":["b01e764e-5afa-4700-b389-f88fb5b7501b","09b1ea59-0f57-4331-8989-4b4698e571a9"],"Type":"CHILD"}],"RowIndex":22,"RowSpan":1},{"BlockType":"CELL","ColumnIndex":9,"ColumnSpan":1,"Confidence":88.70232391357422,"Geometry":{"BoundingBox":{"Height":0.018540941178798676,"Left":0.7173672914505005,"Top":0.45870688557624817,"Width":0.27531594038009644},"Polygon":[{"X":0.7173672914505005,"Y":0.4588552713394165},{"X":0.992674708366394,"Y":0.45870688557624817},{"X":0.9926832318305969,"Y":0.47710031270980835},{"X":0.7173745632171631,"Y":0.47724780440330505}]},"Id":"761e06fb-820f-4700-bcb2-c39ca2629e75","Relationships":[{"Ids":["cfe09201-1a00-4f7a-92ba-f545c84e0ed0","064f3579-2669-4662-8cb5-f781650dac88","7882566c-7151-460a-8570-afbda91b500c"],"Type":"CHILD"}],"RowIndex":22,"RowSpan":1},{"BlockType":"CELL","ColumnIndex":1,"ColumnSpan":1,"Confidence":75.93330383300781,"Geometry":{"BoundingBox":{"Height":0.037333544343709946,"Left":0.006204107776284218,"Top":0.47753608226776123,"Width":0.17318446934223175},"Polygon":[{"X":0.006204107776284218,"Y":0.4776288568973541},{"X":0.17937874794006348,"Y":0.47753608226776123},{"X":0.17938856780529022,"Y":0.5147779583930969},{"X":0.006212341599166393,"Y":0.5148696303367615}]},"Id":"3af33d23-9ff6-4c64-bcef-80d956845424","Relationships":[{"Ids":["d9e1bc3a-4958-4ce9-a5d4-ea2d76e63b2c","c454c2fa-9b1f-44fe-9d38-44d3c21570af"],"Type":"CHILD"}],"RowIndex":23,"RowSpan":1},{"BlockType":"CELL","ColumnIndex":2,"ColumnSpan":1,"Confidence":39.09489440917969,"Geometry":{"BoundingBox":{"Height":0.03727029636502266,"Left":0.17937874794006348,"Top":0.47750768065452576,"Width":0.05303207412362099},"Polygon":[{"X":0.17937874794006348,"Y":0.47753608226776123},{"X":0.23240052163600922,"Y":0.47750768065452576},{"X":0.23241081833839417,"Y":0.5147498846054077},{"X":0.17938856780529022,"Y":0.5147779583930969}]},"Id":"f5ad7515-78ae-41cd-b11c-b961f838ebdd","Relationships":[{"Ids":["f359efd7-3e68-46a6-a4e6-9a4d3b232901"],"Type":"CHILD"}],"RowIndex":23,"RowSpan":1},{"BlockType":"CELL","ColumnIndex":3,"ColumnSpan":1,"Confidence":70.15565490722656,"Geometry":{"BoundingBox":{"Height":0.037280112504959106,"Left":0.23240052163600922,"Top":0.4774697721004486,"Width":0.07070817798376083},"Polygon":[{"X":0.23240052163600922,"Y":0.47750768065452576},{"X":0.3030977249145508,"Y":0.4774697721004486},{"X":0.30310869216918945,"Y":0.5147124528884888},{"X":0.23241081833839417,"Y":0.5147498846054077}]},"Id":"1957a64d-e378-4506-9531-8612a224cf42","Relationships":[{"Ids":["82d36ea6-d4df-4732-95f5-e8f3d93a94f9"],"Type":"CHILD"}],"RowIndex":23,"RowSpan":1},{"BlockType":"CELL","ColumnIndex":4,"ColumnSpan":1,"Confidence":60.58470153808594,"Geometry":{"BoundingBox":{"Height":0.03727761656045914,"Left":0.3030977249145508,"Top":0.4774348735809326,"Width":0.06518711149692535},"Polygon":[{"X":0.3030977249145508,"Y":0.4774697721004486},{"X":0.3682732880115509,"Y":0.4774348735809326},{"X":0.36828485131263733,"Y":0.5146780014038086},{"X":0.30310869216918945,"Y":0.5147124528884888}]},"Id":"4370f5d9-c5a1-4920-99a7-36d7f6d360ff","Relationships":[{"Ids":["37fc6be8-4f1b-4181-a558-1c02888534b2"],"Type":"CHILD"}],"RowIndex":23,"RowSpan":1},{"BlockType":"CELL","ColumnIndex":5,"ColumnSpan":1,"Confidence":71.44593811035156,"Geometry":{"BoundingBox":{"Height":0.03729017823934555,"Left":0.3682732880115509,"Top":0.47738781571388245,"Width":0.08783601969480515},"Polygon":[{"X":0.3682732880115509,"Y":0.4774348735809326},{"X":0.45609694719314575,"Y":0.47738781571388245},{"X":0.45610931515693665,"Y":0.5146315097808838},{"X":0.36828485131263733,"Y":0.5146780014038086}]},"Id":"992043d5-d194-4ace-8098-e6aa4fc92e29","Relationships":[{"Ids":["82018bc8-f172-48aa-af9e-4236b89ce7ba","5a4dff2f-dd2a-4b25-b3c6-6a6e67344b3d"],"Type":"CHILD"}],"RowIndex":23,"RowSpan":1},{"BlockType":"CELL","ColumnIndex":6,"ColumnSpan":1,"Confidence":45.53491973876953,"Geometry":{"BoundingBox":{"Height":0.037272997200489044,"Left":0.45609694719314575,"Top":0.47735852003097534,"Width":0.054696887731552124},"Polygon":[{"X":0.45609694719314575,"Y":0.47738781571388245},{"X":0.5107809901237488,"Y":0.47735852003097534},{"X":0.5107938647270203,"Y":0.514602541923523},{"X":0.45610931515693665,"Y":0.5146315097808838}]},"Id":"4db554ba-fa55-4c87-a661-38b5fce6d0dd","Relationships":[{"Ids":["133d99ae-bfae-4803-b631-5667d01103e6","5fbefde2-5270-49e8-ae81-3054abb089ad"],"Type":"CHILD"}],"RowIndex":23,"RowSpan":1},{"BlockType":"CELL","ColumnIndex":7,"ColumnSpan":1,"Confidence":52.98979949951172,"Geometry":{"BoundingBox":{"Height":0.03728548809885979,"Left":0.5107809901237488,"Top":0.47731706500053406,"Width":0.0773463100194931},"Polygon":[{"X":0.5107809901237488,"Y":0.47735852003097534},{"X":0.5881137251853943,"Y":0.47731706500053406},{"X":0.5881273150444031,"Y":0.514561653137207},{"X":0.5107938647270203,"Y":0.514602541923523}]},"Id":"b64ecce1-f9ac-44b3-b2de-b4948d089018","Relationships":[{"Ids":["1ecf50d8-3f5c-4105-98fa-2429e00be8cb","7425d3c1-0564-4bfb-a6ae-d468bc5f8477"],"Type":"CHILD"}],"RowIndex":23,"RowSpan":1},{"BlockType":"CELL","ColumnIndex":8,"ColumnSpan":1,"Confidence":81.64863586425781,"Geometry":{"BoundingBox":{"Height":0.03731381893157959,"Left":0.5881137251853943,"Top":0.47724780440330505,"Width":0.1292756050825119},"Polygon":[{"X":0.5881137251853943,"Y":0.47731706500053406},{"X":0.7173745632171631,"Y":0.47724780440330505},{"X":0.7173893451690674,"Y":0.5144932270050049},{"X":0.5881273150444031,"Y":0.514561653137207}]},"Id":"a6572c0f-f093-4924-aced-9f5b869ffe5b","Relationships":[{"Ids":["9276ddf5-e41b-4660-858a-17217c4f721a","88c1063b-0862-490c-ac6b-a3152752883b","7dc723f9-d32a-4120-86ac-528ee9c9b040","60a5a23f-3c17-4bdb-9178-4961d444816c"],"Type":"CHILD"}],"RowIndex":23,"RowSpan":1},{"BlockType":"CELL","ColumnIndex":9,"ColumnSpan":1,"Confidence":85.94911193847656,"Geometry":{"BoundingBox":{"Height":0.03739291802048683,"Left":0.7173745632171631,"Top":0.47710031270980835,"Width":0.2753259241580963},"Polygon":[{"X":0.7173745632171631,"Y":0.47724780440330505},{"X":0.9926832318305969,"Y":0.47710031270980835},{"X":0.9927005171775818,"Y":0.514347493648529},{"X":0.7173893451690674,"Y":0.5144932270050049}]},"Id":"f94e2748-9b7e-4e4d-b7ed-1d45ee7ac865","Relationships":[{"Ids":["de40e898-1dcf-476e-b383-c661f4c8856d"],"Type":"CHILD"}],"RowIndex":23,"RowSpan":1},{"BlockType":"CELL","ColumnIndex":1,"ColumnSpan":1,"Confidence":75.39521789550781,"Geometry":{"BoundingBox":{"Height":0.018482403829693794,"Left":0.006212341599166393,"Top":0.5147779583930969,"Width":0.17318108677864075},"Polygon":[{"X":0.006212341599166393,"Y":0.5148696303367615},{"X":0.17938856780529022,"Y":0.5147779583930969},{"X":0.17939342558383942,"Y":0.5331692695617676},{"X":0.006216407287865877,"Y":0.5332603454589844}]},"Id":"eed755a8-65e7-4549-89bf-5f6ddf2a4c8d","Relationships":[{"Ids":["da43d225-d2d3-47e9-97e3-f5de301357de"],"Type":"CHILD"}],"RowIndex":24,"RowSpan":1},{"BlockType":"CELL","ColumnIndex":2,"ColumnSpan":1,"Confidence":38.81785202026367,"Geometry":{"BoundingBox":{"Height":0.01841937005519867,"Left":0.17938856780529022,"Top":0.5147498846054077,"Width":0.05302734300494194},"Polygon":[{"X":0.17938856780529022,"Y":0.5147779583930969},{"X":0.23241081833839417,"Y":0.5147498846054077},{"X":0.23241591453552246,"Y":0.5331413745880127},{"X":0.17939342558383942,"Y":0.5331692695617676}]},"Id":"d4aac9c6-63f4-466f-a7fb-2b2557bad2ad","RowIndex":24,"RowSpan":1},{"BlockType":"CELL","ColumnIndex":3,"ColumnSpan":1,"Confidence":69.65850830078125,"Geometry":{"BoundingBox":{"Height":0.018428895622491837,"Lef"
20:09:03.260 [Test worker] DEBUG org.apache.http.wire - http-outgoing-0 << "t":0.23241081833839417,"Top":0.5147124528884888,"Width":0.07070328295230865},"Polygon":[{"X":0.23241081833839417,"Y":0.5147498846054077},{"X":0.30310869216918945,"Y":0.5147124528884888},{"X":0.303114116191864,"Y":0.5331041812896729},{"X":0.23241591453552246,"Y":0.5331413745880127}]},"Id":"8194d5c1-989c-4ebf-ae7d-789f2eaf30dd","RowIndex":24,"RowSpan":1},{"BlockType":"CELL","ColumnIndex":4,"ColumnSpan":1,"Confidence":60.155372619628906,"Geometry":{"BoundingBox":{"Height":0.01842620223760605,"Left":0.30310869216918945,"Top":0.5146780014038086,"Width":0.06518185883760452},"Polygon":[{"X":0.30310869216918945,"Y":0.5147124528884888},{"X":0.36828485131263733,"Y":0.5146780014038086},{"X":0.3682905435562134,"Y":0.533069908618927},{"X":0.303114116191864,"Y":0.5331041812896729}]},"Id":"f5129a6b-5a68-4a27-8595-b2d95b3be5a1","RowIndex":24,"RowSpan":1},{"BlockType":"CELL","ColumnIndex":5,"ColumnSpan":1,"Confidence":70.93964385986328,"Geometry":{"BoundingBox":{"Height":0.018438398838043213,"Left":0.36828485131263733,"Top":0.5146315097808838,"Width":0.0878305733203888},"Polygon":[{"X":0.36828485131263733,"Y":0.5146780014038086},{"X":0.45610931515693665,"Y":0.5146315097808838},{"X":0.4561154246330261,"Y":0.5330237150192261},{"X":0.3682905435562134,"Y":0.533069908618927}]},"Id":"019408ef-7a8b-4e34-9820-589731e0354a","Relationships":[{"Ids":["bcb5fa65-f110-49f0-8fd4-27039ac0deda"],"Type":"CHILD"}],"RowIndex":24,"RowSpan":1},{"BlockType":"CELL","ColumnIndex":6,"ColumnSpan":1,"Confidence":45.212242126464844,"Geometry":{"BoundingBox":{"Height":0.018421143293380737,"Left":0.45610931515693665,"Top":0.514602541923523,"Width":0.054690878838300705},"Polygon":[{"X":0.45610931515693665,"Y":0.5146315097808838},{"X":0.5107938647270203,"Y":0.514602541923523},{"X":0.5108001828193665,"Y":0.5329949259757996},{"X":0.4561154246330261,"Y":0.5330237150192261}]},"Id":"3fdae1e1-6ef2-4112-b677-71eedc31d1af","Relationships":[{"Ids":["942ce159-0a80-4c89-b49a-9fdedffbcf94"],"Type":"CHILD"}],"RowIndex":24,"RowSpan":1},{"BlockType":"CELL","ColumnIndex":7,"ColumnSpan":1,"Confidence":52.614295959472656,"Geometry":{"BoundingBox":{"Height":0.018433306366205215,"Left":0.5107938647270203,"Top":0.514561653137207,"Width":0.07734014838933945},"Polygon":[{"X":0.5107938647270203,"Y":0.514602541923523},{"X":0.5881273150444031,"Y":0.514561653137207},{"X":0.5881339907646179,"Y":0.5329542756080627},{"X":0.5108001828193665,"Y":0.5329949259757996}]},"Id":"af4dfb3e-ae38-4302-b899-51371cd20e4d","Relationships":[{"Ids":["0a16eb4f-e09c-4106-8052-be6313e4e93c"],"Type":"CHILD"}],"RowIndex":24,"RowSpan":1},{"BlockType":"CELL","ColumnIndex":8,"ColumnSpan":1,"Confidence":81.07003784179688,"Geometry":{"BoundingBox":{"Height":0.018461041152477264,"Left":0.5881273150444031,"Top":0.5144932270050049,"Width":0.1292693167924881},"Polygon":[{"X":0.5881273150444031,"Y":0.514561653137207},{"X":0.7173893451690674,"Y":0.5144932270050049},{"X":0.71739661693573,"Y":0.532886266708374},{"X":0.5881339907646179,"Y":0.5329542756080627}]},"Id":"5ff32f26-67a2-475a-957c-1a0d1cb2d5aa","Relationships":[{"Ids":["6b0c61ed-b1fb-48a7-9403-bc525fa1fb45","6fc15300-45f0-4760-b1b0-5118ad7f7ddc"],"Type":"CHILD"}],"RowIndex":24,"RowSpan":1},{"BlockType":"CELL","ColumnIndex":9,"ColumnSpan":1,"Confidence":85.34004211425781,"Geometry":{"BoundingBox":{"Height":0.018538756296038628,"Left":0.7173893451690674,"Top":0.514347493648529,"Width":0.2753196954727173},"Polygon":[{"X":0.7173893451690674,"Y":0.5144932270050049},{"X":0.9927005171775818,"Y":0.514347493648529},{"X":0.9927090406417847,"Y":0.5327414274215698},{"X":0.71739661693573,"Y":0.532886266708374}]},"Id":"53adf82a-63e9-41b3-a9bb-ab6e616823e9","RowIndex":24,"RowSpan":1},{"BlockType":"CELL","ColumnIndex":1,"ColumnSpan":1,"Confidence":73.75689697265625,"Geometry":{"BoundingBox":{"Height":0.018941912800073624,"Left":0.005972591694444418,"Top":0.5331692695617676,"Width":0.1734258085489273},"Polygon":[{"X":0.005972591694444418,"Y":0.5332605242729187},{"X":0.17939342558383942,"Y":0.5331692695617676},{"X":0.17939840257167816,"Y":0.5520205497741699},{"X":0.005976758431643248,"Y":0.5521112084388733}]},"Id":"b723009c-c982-4a86-8281-c66915538fcc","Relationships":[{"Ids":["6a8739f6-5609-4410-a09e-4e226b42e182","9a309124-e243-472a-a80f-06074c70b016"],"Type":"CHILD"}],"RowIndex":25,"RowSpan":1},{"BlockType":"CELL","ColumnIndex":2,"ColumnSpan":1,"Confidence":44.205345153808594,"Geometry":{"BoundingBox":{"Height":0.018879154697060585,"Left":0.17939342558383942,"Top":0.5331413745880127,"Width":0.05302770808339119},"Polygon":[{"X":0.17939342558383942,"Y":0.5331692695617676},{"X":0.23241591453552246,"Y":0.5331413745880127},{"X":0.2324211299419403,"Y":0.5519928336143494},{"X":0.17939840257167816,"Y":0.5520205497741699}]},"Id":"c6672730-d429-4e0c-9fea-978f048c5a2c","RowIndex":25,"RowSpan":1},{"BlockType":"CELL","ColumnIndex":3,"ColumnSpan":1,"Confidence":43.40269470214844,"Geometry":{"BoundingBox":{"Height":0.018888628110289574,"Left":0.23241591453552246,"Top":0.5331041812896729,"Width":0.07070373743772507},"Polygon":[{"X":0.23241591453552246,"Y":0.5331413745880127},{"X":0.303114116191864,"Y":0.5331041812896729},{"X":0.3031196594238281,"Y":0.5519558787345886},{"X":0.2324211299419403,"Y":0.5519928336143494}]},"Id":"61c0c340-2062-4e70-8559-7efec427408a","Relationships":[{"Ids":["009e1a13-6a88-48bb-9901-746d4d6e805e"],"Type":"CHILD"}],"RowIndex":25,"RowSpan":1},{"BlockType":"CELL","ColumnIndex":4,"ColumnSpan":1,"Confidence":41.55454635620117,"Geometry":{"BoundingBox":{"Height":0.018885957077145576,"Left":0.303114116191864,"Top":0.533069908618927,"Width":0.06518229842185974},"Polygon":[{"X":0.303114116191864,"Y":0.5331041812896729},{"X":0.3682905435562134,"Y":0.533069908618927},{"X":0.36829641461372375,"Y":0.5519217848777771},{"X":0.3031196594238281,"Y":0.5519558787345886}]},"Id":"18d703f4-22a2-4d8d-8287-b5fdbb2e95c1","RowIndex":25,"RowSpan":1},{"BlockType":"CELL","ColumnIndex":5,"ColumnSpan":1,"Confidence":44.20094299316406,"Geometry":{"BoundingBox":{"Height":0.01889808662235737,"Left":0.3682905435562134,"Top":0.5330237150192261,"Width":0.08783112466335297},"Polygon":[{"X":0.3682905435562134,"Y":0.533069908618927},{"X":0.4561154246330261,"Y":0.5330237150192261},{"X":0.45612168312072754,"Y":0.5518758893013},{"X":0.36829641461372375,"Y":0.5519217848777771}]},"Id":"d13fdd76-38ad-4550-b465-3cf7afa5f8e4","Relationships":[{"Ids":["0443a7d2-27bc-4091-92e9-2632fcc44fad"],"Type":"CHILD"}],"RowIndex":25,"RowSpan":1},{"BlockType":"CELL","ColumnIndex":6,"ColumnSpan":1,"Confidence":28.170761108398438,"Geometry":{"BoundingBox":{"Height":0.018880944699048996,"Left":0.4561154246330261,"Top":0.5329949259757996,"Width":0.05469128489494324},"Polygon":[{"X":0.4561154246330261,"Y":0.5330237150192261},{"X":0.5108001828193665,"Y":0.5329949259757996},{"X":0.5108067393302917,"Y":0.5518472790718079},{"X":0.45612168312072754,"Y":0.5518758893013}]},"Id":"ded05ce0-66ba-49e2-b358-3a8d6dba394c","Relationships":[{"Ids":["4dbcf366-0599-41d0-83d3-a04d8d9a5524"],"Type":"CHILD"}],"RowIndex":25,"RowSpan":1},{"BlockType":"CELL","ColumnIndex":7,"ColumnSpan":1,"Confidence":32.78281784057617,"Geometry":{"BoundingBox":{"Height":0.018893038854002953,"Left":0.5108001828193665,"Top":0.5329542756080627,"Width":0.07734066992998123},"Polygon":[{"X":0.5108001828193665,"Y":0.5329949259757996},{"X":0.5881339907646179,"Y":0.5329542756080627},{"X":0.5881408452987671,"Y":0.5518068671226501},{"X":0.5108067393302917,"Y":0.5518472790718079}]},"Id":"2290e5cc-8fb0-461c-a6c9-a99d662839e2","Relationships":[{"Ids":["2bf46f1b-0fa7-4965-8359-3bc7f8581e65"],"Type":"CHILD"}],"RowIndex":25,"RowSpan":1},{"BlockType":"CELL","ColumnIndex":8,"ColumnSpan":1,"Confidence":50.51297378540039,"Geometry":{"BoundingBox":{"Height":0.01892061159014702,"Left":0.5881339907646179,"Top":0.532886266708374,"Width":0.12927009165287018},"Polygon":[{"X":0.5881339907646179,"Y":0.5329542756080627},{"X":0.71739661693573,"Y":0.532886266708374},{"X":0.7174040675163269,"Y":0.5517392754554749},{"X":0.5881408452987671,"Y":"
20:09:03.261 [Test worker] DEBUG org.apache.http.wire - http-outgoing-0 << "0.5518068671226501}]},"Id":"bee08876-7de8-4561-a68e-d51a6df9f2f4","Relationships":[{"Ids":["6e5f7338-ed5c-4fcf-aafd-08b6a104c80b","69cab690-7de3-4e57-b72d-7f3d11cbd1ac"],"Type":"CHILD"}],"RowIndex":25,"RowSpan":1},{"BlockType":"CELL","ColumnIndex":9,"ColumnSpan":1,"Confidence":66.7674789428711,"Geometry":{"BoundingBox":{"Height":0.018997764214873314,"Left":0.71739661693573,"Top":0."
20:09:03.261 [Test worker] DEBUG org.apache.http.wire - http-outgoing-0 << "5327415466308594,"Width":0.275125652551651},"Polygon":[{"X":0.71739661693573,"Y":0.532886266708374},{"X":0.9925135374069214,"Y":0.5327415466308594},{"X":0.9925222396850586,"Y":0.5515955090522766},{"X":0.7174040675163269,"Y":0.5517392754554749}]},"Id":"3e0947df-d86e-4ab2-b4d6-62363da80779","Relationships":[{"Ids":["bf2456b0-262f-42ee-8ca1-57ebd145c0c0"],"Type":"CHILD"}],"RowIndex":25,"RowSpan":1},{"BlockType":"CELL","ColumnIndex":1,"ColumnSpan":1,"Confidence":73.75689697265625,"Geometry":{"BoundingBox":{"Height":0.018941514194011688,"Left":0.005976758431643248,"Top":0.5520205497741699,"Width":0.17342661321163177},"Polygon":[{"X":0.005976758431643248,"Y":0.5521112084388733},{"X":0.17939840257167816,"Y":0.5520205497741699},{"X":0.1794033646583557,"Y":0.5708719491958618},{"X":0.005980925168842077,"Y":0.5709620714187622}]},"Id":"76038017-7ab3-4b00-a5d7-3cc66ccbd023","RowIndex":26,"RowSpan":1},{"BlockType":"CELL","ColumnIndex":2,"ColumnSpan":1,"Confidence":44.205345153808594,"Geometry":{"BoundingBox":{"Height":0.01"
20:09:03.262 [Test worker] DEBUG org.apache.http.wire - http-outgoing-0 << "8879152834415436,"Left":0.17939840257167816,"Top":0.5519928336143494,"Width":0.05302795395255089},"Polygon":[{"X":0.17939840257167816,"Y":0.5520205497741699},{"X":0.2324211299419403,"Y":0.5519928336143494},{"X":0.23242634534835815,"Y":0.5708444118499756},{"X":0.1794033646583557,"Y":0.5708719491958618}]},"Id":"5c4cf4bc-b331-4415-8eb9-4b9a48b6d485","RowIndex":26,"RowSpan":1},{"BlockType":"CELL","ColumnIndex":3,"ColumnSpan":1,"Confidence":38.739070892333984,"Geometry":{"BoundingBox":{"Height":0.0188885685056448,"Left":0.2324211299419403,"Top":0.5519558787345886,"Width":0.07070406526327133},"Polygon":[{"X":0.2324211299419403,"Y":0.5519928336143494},{"X":0.3031196594238281,"Y":0.5519558787345886},{"X":0.30312520265579224,"Y":0.570807695388794},{"X":0.23242634534835815,"Y":0.5708444118499756}]},"Id":"8a7be550-4bcb-43dd-b81d-45fd6dcfbf72","RowIndex":26,"RowSpan":1},{"BlockType":"CELL","ColumnIndex":4,"ColumnSpan":1,"Confidence":41.55454635620117,"Geometry":{"BoundingBox":{"Height":0.018885916098952293,"Left":0.3031196594238281,"Top":0.5519217848777771,"Width":0.06518260389566422},"Polygon":[{"X":0.3031196594238281,"Y":0.5519558787345886},{"X":0.36829641461372375,"Y":0.5519217848777771},{"X":0.36830225586891174,"Y":0.5707738399505615},{"X":0.30312520265579224,"Y":0.570807695388794}]},"Id":"47bc8e61-b564-42de-913d-9902ed859917","Relationships":[{"Ids":["03a42dfc-53e0-4c08-95a9-f00ed650a853"],"Type":"CHILD"}],"RowIndex":26,"RowSpan":1},{"BlockType":"CELL","ColumnIndex":5,"ColumnSpan":1,"Confidence":39.4515495300293,"Geometry":{"BoundingBox":{"Height":0.018897971138358116,"Left":0.36829641461372375,"Top":0.5518758893013,"Width":0.0878315269947052},"Polygon":[{"X":0.36829641461372375,"Y":0.5519217848777771},{"X":0.45612168312072754,"Y":0.5518758893013},{"X":0.45612794160842896,"Y":0.5707282423973083},{"X":0.36830225586891174,"Y":0.5707738399505615}]},"Id":"82f9d18d-1be0-4de7-bda8-77fc75b86ea7","Relationships":[{"Ids":["74e0ca85-a3fb-40b4-8411-e0f771490103"],"Type":"CHILD"}],"RowIndex":26,"RowSpan":1},{"BlockType":"CELL","ColumnIndex":6,"ColumnSpan":1,"Confidence":25.143810272216797,"Geometry":{"BoundingBox":{"Height":0.01888093911111355,"Left":0.45612168312072754,"Top":0.5518472790718079,"Width":0.05469154193997383},"Polygon":[{"X":0.45612168312072754,"Y":0.5518758893013},{"X":0.5108067393302917,"Y":0.5518472790718079},{"X":0.5108132362365723,"Y":0.5706998109817505},{"X":0.45612794160842896,"Y":0.5707282423973083}]},"Id":"a7844dd9-3e0d-42d3-8675-08a260631f5a","Relationships":[{"Ids":["4e9f9a07-2e6f-4dae-b1ad-ed731b1bde0d"],"Type":"CHILD"}],"RowIndex":26,"RowSpan":1},{"BlockType":"CELL","ColumnIndex":7,"ColumnSpan":1,"Confidence":29.26030158996582,"Geometry":{"BoundingBox":{"Height":0.018892958760261536,"Left":0.5108067393302917,"Top":0.5518068671226501,"Width":0.07734102755784988},"Polygon":[{"X":0.5108067393302917,"Y":0.5518472790718079},{"X":0.5881408452987671,"Y":0.5518068671226501},{"X":0.588147759437561,"Y":0.5706596374511719},{"X":0.5108132362365723,"Y":0.5706998109817505}]},"Id":"f80be15a-f11b-45b5-a4ba-c6da7462ad74","Relationships":[{"Ids":["60eb15ee-6d4b-4902-8b92-ff89be7e9043"],"Type":"CHILD"}],"RowIndex":26,"RowSpan":1},{"BlockType":"CELL","ColumnIndex":8,"ColumnSpan":1,"Confidence":45.085350036621094,"Geometry":{"BoundingBox":{"Height":0.018920358270406723,"Left":0.5881408452987671,"Top":0.5517392754554749,"Width":0.12927068769931793},"Polygon":[{"X":0.5881408452987671,"Y":0.5518068671226501},{"X":0.7174040675163269,"Y":0.5517392754554749},{"X":0.7174115777015686,"Y":0.5705925226211548},{"X":0.588147759437561,"Y":0.5706596374511719}]},"Id":"518b79a3-8008-41d5-91ac-e7b213f967a2","Relationships":[{"Ids":["5677b5aa-843f-4db9-aa37-f85d35372413","53aac458-d278-4d18-b23e-a5ad909692aa"],"Type":"CHILD"}],"RowIndex":26,"RowSpan":1},{"BlockType":"CELL","ColumnIndex":9,"ColumnSpan":1,"Confidence":66.7674789428711,"Geometry":{"BoundingBox":{"Height":0.018997028470039368,"Left":0.7174040675163269,"Top":0.5515955090522766,"Width":0.27512693405151367},"Polygon":[{"X":0.7174040675163269,"Y":0.5517392754554749},{"X":0.9925222396850586,"Y":0.5515955090522766},{"X":0.9925310015678406,"Y":0.5704496502876282},{"X":0.7174115777015686,"Y":0.5705925226211548}]},"Id":"b4e7e88f-39cf-4fc2-b7aa-fcfde0ae4e9c","Relationships":[{"Ids":["4784e166-6fb6-4424-a7eb-da6151b2925a"],"Type":"CHILD"}],"RowIndex":26,"RowSpan":1},{"BlockType":"CELL","ColumnIndex":1,"ColumnSpan":1,"Confidence":78.58299255371094,"Geometry":{"BoundingBox":{"Height":0.01848120614886284,"Left":0.006224743090569973,"Top":0.5708719491958618,"Width":0.17318347096443176},"Polygon":[{"X":0.006224743090569973,"Y":0.5709618926048279},{"X":0.1794033646583557,"Y":0.5708719491958618},{"X":0.1794082224369049,"Y":0.5892637968063354},{"X":0.006228809244930744,"Y":0.5893532037734985}]},"Id":"c3e916e8-effb-460a-9a2f-f83bc55deb3a","Relationships":[{"Ids":["03b1ed6d-9f6c-43b6-aa5a-80f7753b474d"],"Type":"CHILD"}],"RowIndex":27,"RowSpan":1},{"BlockType":"CELL","ColumnIndex":2,"ColumnSpan":1,"Confidence":40.4591064453125,"Geometry":{"BoundingBox":{"Height":0.018419355154037476,"Left":0.1794033646583557,"Top":0.5708444118499756,"Width":0.05302807316184044},"Polygon":[{"X":0.1794033646583557,"Y":0.5708719491958618},{"X":0.23242634534835815,"Y":0.5708444118499756},{"X":0.23243144154548645,"Y":0.5892364382743835},{"X":0.1794082224369049,"Y":0.5892637968063354}]},"Id":"1610fc46-afaa-4a07-8cb9-6484cac8bb2b","RowIndex":27,"RowSpan":1},{"BlockType":"CELL","ColumnIndex":3,"ColumnSpan":1,"Confidence":72.60372924804688,"Geometry":{"BoundingBox":{"Height":0.018428707495331764,"Left":0.23242634534835815,"Top":0.570807695388794,"Width":0.07070425897836685},"Polygon":[{"X":0.23242634534835815,"Y":0.5708444118499756},{"X":0.30312520265579224,"Y":0.570807695388794},{"X":0.3031305968761444,"Y":0.5891999006271362},{"X":0.23243144154548645,"Y":0.5892364382743835}]},"Id":"bf13eda9-ce8a-4870-9c0a-5af3b5d86394","RowIndex":27,"RowSpan":1},{"BlockType":"CELL","ColumnIndex":4,"ColumnSpan":1,"Confidence":62.69879150390625,"Geometry":{"BoundingBox":{"Height":0.018426068127155304,"Left":0.30312520265579224,"Top":0.5707738399505615,"Width":0.06518276035785675},"Polygon":[{"X":0.30312520265579224,"Y":0.570807695388794},{"X":0.36830225586891174,"Y":0.5707738399505615},{"X":0.3683079481124878,"Y":0.5891662836074829},{"X":0.3031305968761444,"Y":0.5891999006271362}]},"Id":"cf47849d-5b8e-4cd4-8428-5dcc06a60d28","RowIndex":27,"RowSpan":1},{"BlockType":"CELL","ColumnIndex":5,"ColumnSpan":1,"Confidence":73.93903350830078,"Geometry":{"BoundingBox":{"Height":0.01843804307281971,"Left":0.36830225586891174,"Top":0.5707282423973083,"Width":0.08783178776502609},"Polygon":[{"X":0.36830225586891174,"Y":0.5707738399505615},{"X":0.45612794160842896,"Y":0.5707282423973083},{"X":0.45613405108451843,"Y":0.5891209244728088},{"X":0.3683079481124878,"Y":0.5891662836074829}]},"Id":"6dfd034c-f006-4601-8e72-8bedeae95311","Relationships":[{"Ids":["981e4863-b7fd-4bc5-bc78-55f3fdf5fe77"],"Type":"CHILD"}],"RowIndex":27,"RowSpan":1},{"BlockType":"CELL","ColumnIndex":6,"ColumnSpan":1,"Confidence":47.12385177612305,"Geometry":{"BoundingBox":{"Height":0.0184211116284132,"Left":0.45612794160842896,"Top":0.5706998109817505,"Width":0.05469163507223129},"Polygon":[{"X":0.45612794160842896,"Y":0.5707282423973083},{"X":0.5108132362365723,"Y":0.5706998109817505},{"X":0.5108195543289185,"Y":0.5890927314758301},{"X":0.45613405108451843,"Y":0.5891209244728088}]},"Id":"6033768b-395c-4a1b-97a2-b8870681dd4f","Relationships":[{"Ids":["ada18e8e-ea53-45ec-90c5-eb4abb12e9ac"],"Type":"CHILD"}],"RowIndex":27,"RowSpan":1},{"BlockType":"CELL","ColumnIndex":7,"ColumnSpan":1,"Confidence":54.8388671875,"Geometry":{"BoundingBox":{"Height":0.01843305304646492,"Left":0.5108132362365723,"Top":0.5706596374511719,"Width":0.0773412212729454},"Polygon":[{"X":0.5108132362365723,"Y":0.5706998109817505},{"X":0.588147759437561,"Y":0.5706596374511719},{"X":0.5881544351577759,"Y":0.5890527963638306},{"X":0.5108195543289185,"Y":0.5890"
20:09:03.263 [Test worker] DEBUG org.apache.http.wire - http-outgoing-0 << "927314758301}]},"Id":"e0cd5891-7327-44f8-b37c-a1acb83d3557","Relationships":[{"Ids":["dd7d2b0a-1e14-48e4-b3fb-0d74a5afcc0e"],"Type":"CHILD"}],"RowIndex":27,"RowSpan":1},{"BlockType":"CELL","ColumnIndex":8,"ColumnSpan":1,"Confidence":84.49774932861328,"Geometry":{"BoundingBox":{"Height":0.01846027560532093,"Left":0.588147759437561,"Top":0.5705925226211548,"Width":0.12927110493183136},"Polygon":[{"X":0.588147759437561,"Y":0.5706596374511719},{"X":0.7174115777015686,"Y":0.5705925226211548},{"X":0.7174188494682312,"Y":0.5889860987663269},{"X":0.5881544351577759,"Y":0.5890527963638306}]},"Id":"88836aae-ab25-4f46-b659-c0f6a7e833be","Relationships":[{"Ids":["22f9bbb5-6037-4034-8b4a-a92b86d4ca7f","ea31eacd-88f9-46e8-ae6b-68a5360b416d"],"Type":"CHILD"}],"RowIndex":27,"RowSpan":1},{"BlockType":"CELL","ColumnIndex":9,"ColumnSpan":1,"Confidence":88.94828796386719,"Geometry":{"BoundingBox":{"Height":0.018536552786827087,"Left":0.7174115777015686,"Top":0.5704495310783386,"Width":0.2753235101699829},"Polygon":[{"X":0.7174115777015686,"Y":0.5705925226211548},{"X":0.9927265048027039,"Y":0.5704495310783386},{"X":0.9927350282669067,"Y":0.5888439416885376},{"X":0.7174188494682312,"Y":0.5889860987663269}]},"Id":"0f83af6a-35b3-46ab-9424-c4cacd1441cd","RowIndex":27,"RowSpan":1},{"BlockType":"CELL","ColumnIndex":1,"ColumnSpan":1,"Confidence":58.16613006591797,"Geometry":{"BoundingBox":{"Height":0.01848081313073635,"Left":0.006228809244930744,"Top":0.5892637968063354,"Width":0.17318426072597504},"Polygon":[{"X":0.006228809244930744,"Y":0.5893532037734985},{"X":0.1794082224369049,"Y":0.5892637968063354},{"X":0.1794130653142929,"Y":0.6076557636260986},{"X":0.006232875399291515,"Y":0.607744574546814}]},"Id":"ffd8bed2-e493-4b0f-a1f5-c9e2d7a31fe3","Relationships":[{"Ids":["b024009d-6bf8-407a-8dfd-061bfc2fa39d"],"Type":"CHILD"}],"RowIndex":28,"RowSpan":1},{"BlockType":"CELL","ColumnIndex":2,"ColumnSpan":1,"Confidence":29.94731330871582,"Geometry":{"BoundingBox":{"Height":0.018419351428747177,"Left":0.1794082224369049,"Top":0.5892364382743835,"Width":0.05302831530570984},"Polygon":[{"X":0.1794082224369049,"Y":0.5892637968063354},{"X":0.23243144154548645,"Y":0.5892364382743835},{"X":0.23243653774261475,"Y":0.607628583908081},{"X":0.1794130653142929,"Y":0.6076557636260986}]},"Id":"d2dbf8a7-266e-46d0-a9b3-bde39a49d39d","RowIndex":28,"RowSpan":1},{"BlockType":"CELL","ColumnIndex":3,"ColumnSpan":1,"Confidence":53.740352630615234,"Geometry":{"BoundingBox":{"Height":0.01842864602804184,"Left":0.23243144154548645,"Top":0.5891999006271362,"Width":0.07070457935333252},"Polygon":[{"X":0.23243144154548645,"Y":0.5892364382743835},{"X":0.3031305968761444,"Y":0.5891999006271362},{"X":0.30313602089881897,"Y":0.6075922846794128},{"X":0.23243653774261475,"Y":0.607628583908081}]},"Id":"10a9e646-ce61-45bd-ba35-f3cd2e3d28c0","RowIndex":28,"RowSpan":1},{"BlockType":"CELL","ColumnIndex":4,"ColumnSpan":1,"Confidence":46.40884780883789,"Geometry":{"BoundingBox":{"Height":0.018426023423671722,"Left":0.3031305968761444,"Top":0.5891662836074829,"Width":0.06518305838108063},"Polygon":[{"X":0.3031305968761444,"Y":0.5891999006271362},{"X":0.3683079481124878,"Y":0.5891662836074829},{"X":0.36831367015838623,"Y":0.6075588464736938},{"X":0.30313602089881897,"Y":0.6075922846794128}]},"Id":"9c1b34f5-7a0e-4e1f-93c3-a49cd1679386","RowIndex":28,"RowSpan":1},{"BlockType":"CELL","ColumnIndex":5,"ColumnSpan":1,"Confidence":54.728729248046875,"Geometry":{"BoundingBox":{"Height":0.018437925726175308,"Left":0.3683079481124878,"Top":0.5891209244728088,"Width":0.08783218264579773},"Polygon":[{"X":0.3683079481124878,"Y":0.5891662836074829},{"X":0.45613405108451843,"Y":0.5891209244728088},{"X":0.4561401307582855,"Y":0.6075138449668884},{"X":0.36831367015838623,"Y":0.6075588464736938}]},"Id":"d98643e1-695f-4f3f-9213-c5922d462f73","Relationships":[{"Ids":["4db7ede9-3909-4c30-9cb0-2d1248b6a42e"],"Type":"CHILD"}],"RowIndex":28,"RowSpan":1},{"BlockType":"CELL","ColumnIndex":6,"ColumnSpan":1,"Confidence":34.88047790527344,"Geometry":{"BoundingBox":{"Height":0.018421102315187454,"Left":0.45613405108451843,"Top":0.5890927314758301,"Width":0.05469188466668129},"Polygon":[{"X":0.45613405108451843,"Y":0.5891209244728088},{"X":0.5108195543289185,"Y":0.5890927314758301},{"X":0.5108259320259094,"Y":0.6074857711791992},{"X":0.4561401307582855,"Y":0.6075138449668884}]},"Id":"eeb31af9-551c-4636-9810-bcb6a7264d6c","Relationships":[{"Ids":["11091b5f-bb54-4ad0-8def-5e7c7bed3a88"],"Type":"CHILD"}],"RowIndex":28,"RowSpan":1},{"BlockType":"CELL","ColumnIndex":7,"ColumnSpan":1,"Confidence":40.591033935546875,"Geometry":{"BoundingBox":{"Height":0.018432969227433205,"Left":0.5108195543289185,"Top":0.5890527963638306,"Width":0.07734157145023346},"Polygon":[{"X":0.5108195543289185,"Y":0.5890927314758301},{"X":0.5881544351577759,"Y":0.5890527963638306},{"X":0.5881611704826355,"Y":0.6074460744857788},{"X":0.5108259320259094,"Y":0.6074857711791992}]},"Id":"189fe32f-b061-4008-84dd-d4695b717e57","Relationships":[{"Ids":["dee7eb2e-e0b5-4c54-bd50-a17dd999b879"],"Type":"CHILD"}],"RowIndex":28,"RowSpan":1},{"BlockType":"CELL","ColumnIndex":8,"ColumnSpan":1,"Confidence":62.54416275024414,"Geometry":{"BoundingBox":{"Height":0.018460024148225784,"Left":0.5881544351577759,"Top":0.5889860987663269,"Width":0.12927168607711792},"Polygon":[{"X":0.5881544351577759,"Y":0.5890527963638306},{"X":0.7174188494682312,"Y":0.5889860987663269},{"X":0.7174261212348938,"Y":0.6073797941207886},{"X":0.5881611704826355,"Y":0.6074460744857788}]},"Id":"b245c214-71f6-4cc4-ba61-9dc732ebe554","Relationships":[{"Ids":["9520c512-0e00-4d03-9a4f-b49fa82bbe6f","3f63f7b1-cb4b-4f6f-a14f-393e0587173b"],"Type":"CHILD"}],"RowIndex":28,"RowSpan":1},{"BlockType":"CELL","ColumnIndex":9,"ColumnSpan":1,"Confidence":65.83839416503906,"Geometry":{"BoundingBox":{"Height":0.018535830080509186,"Left":0.7174188494682312,"Top":0.5888439416885376,"Width":0.2753247618675232},"Polygon":[{"X":0.7174188494682312,"Y":0.5889860987663269},{"X":0.9927350282669067,"Y":0.5888439416885376},{"X":0.9927436113357544,"Y":0.6072385907173157},{"X":0.7174261212348938,"Y":0.6073797941207886}]},"Id":"11188f69-bdca-4d84-ad17-9a05a31c58a8","RowIndex":28,"RowSpan":1},{"BlockType":"CELL","ColumnIndex":1,"ColumnSpan":1,"Confidence":69.6417236328125,"Geometry":{"BoundingBox":{"Height":0.018480420112609863,"Left":0.006232875399291515,"Top":0.6076557636260986,"Width":0.17318503558635712},"Polygon":[{"X":0.006232875399291515,"Y":0.607744574546814},{"X":0.1794130653142929,"Y":0.6076557636260986},{"X":0.1794179230928421,"Y":0.6260479092597961},{"X":0.0062369415536522865,"Y":0.6261361837387085}]},"Id":"1309c8af-04bd-44e6-91f5-348b00c9f78b","Relationships":[{"Ids":["e274b196-8076-49b7-abc7-b4f42542a020","6d3b5ccf-a05d-4cfc-9abb-bb2b52701c27"],"Type":"CHILD"}],"RowIndex":29,"RowSpan":1},{"BlockType":"CELL","ColumnIndex":2,"ColumnSpan":1,"Confidence":35.85561752319336,"Geometry":{"BoundingBox":{"Height":0.01841934584081173,"Left":0.1794130653142929,"Top":0.607628583908081,"Width":0.05302855372428894},"Polygon":[{"X":0.1794130653142929,"Y":0.6076557636260986},{"X":0.23243653774261475,"Y":0.607628583908081},{"X":0.23244161903858185,"Y":0.6260209083557129},{"X":0.1794179230928421,"Y":0.6260479092597961}]},"Id":"69f4b382-4abb-474e-be9c-d270eaade0de","RowIndex":29,"RowSpan":1},{"BlockType":"CELL","ColumnIndex":3,"ColumnSpan":1,"Confidence":64.34278869628906,"Geometry":{"BoundingBox":{"Height":0.018428584560751915,"Left":0.23243653774261475,"Top":0.6075922846794128,"Width":0.07070489972829819},"Polygon":[{"X":0.23243653774261475,"Y":0.607628583908081},{"X":0.30313602089881897,"Y":0.6075922846794128},{"X":0.30314141511917114,"Y":0.6259848475456238},{"X":0.23244161903858185,"Y":0.6260209083557129}]},"Id":"29b3cfbd-53d3-4b52-83d1-944a7dfe9592","Relationships":[{"Ids":["7d4490e8-d118-4f5d-a5fc-3c2e7e2fdd4e"],"Type":"CHILD"}],"RowIndex":29,"RowSpan":1},{"BlockType":"CELL","ColumnIndex":4,"ColumnSpan":1,"Confidence":55.564849853515625,"Geometry":{"BoundingBox":"
20:09:03.264 [Test worker] DEBUG org.apache.http.wire - http-outgoing-0 << "{"Height":0.01842598058283329,"Left":0.30313602089881897,"Top":0.6075588464736938,"Width":0.06518334895372391},"Polygon":[{"X":0.30313602089881897,"Y":0.6075922846794128},{"X":0.36831367015838623,"Y":0.6075588464736938},{"X":0.3683193624019623,"Y":0.6259516477584839},{"X":0.30314141511917114,"Y":0.6259848475456238}]},"Id":"6fa5f474-2cbb-4707-ba84-2356cc71cf4d","RowIndex":29,"RowSpa"
20:09:03.264 [Test worker] DEBUG org.apache.http.wire - http-outgoing-0 << "n":1},{"BlockType":"CELL","ColumnIndex":5,"ColumnSpan":1,"Confidence":65.52616119384766,"Geometry":{"BoundingBox":{"Height":0.018437808379530907,"Left":0.36831367015838623,"Top":0.6075138449668884,"Width":0.08783257752656937},"Polygon":[{"X":0.36831367015838623,"Y":0.6075588464736938},{"X":0.4561401307582855,"Y":0.6075138449668884},{"X":0.456146240234375,"Y":0.6259068846702576},{"X":0.3683193624019623,"Y":0.6259516477584839}]},"Id":"f5a1d49f-110e-4536-aad9-f043d5cb73cd","Relationships":[{"Ids":["426f0f89-3482-4e50-9a09-01c96e1a11e7"],"Type":"CHILD"}],"RowIndex":29,"RowSpan":1},{"BlockType":"CELL","ColumnIndex":6,"ColumnSpan":1,"Confidence":41.762046813964844,"Geometry":{"BoundingBox":{"Height":0.018421093001961708,"Left":0.4561401307582855,"Top":0.6074857711791992,"Width":0.05469213053584099},"Polygon":[{"X":0.4561401307582855,"Y":0.6075138449668884},{"X":0.5108259320259094,"Y":0.6074857711791992},{"X":0.5108322501182556,"Y":0.6258789896965027},{"X":0.456146240234375,"Y":0.6259068846702576}]},"Id":"229b051a-0"
20:09:03.265 [Test worker] DEBUG org.apache.http.wire - http-outgoing-0 << "2bf-43e1-a831-b70cd449816d","Relationships":[{"Ids":["c8731568-b52a-4798-9056-f648c46c1618"],"Type":"CHILD"}],"RowIndex":29,"RowSpan":1},{"BlockType":"CELL","ColumnIndex":7,"ColumnSpan":1,"Confidence":48.59923553466797,"Geometry":{"BoundingBox":{"Height":0.01843288727104664,"Left":0.5108259320259094,"Top":0.6074460744857788,"Width":0.07734192162752151},"Polygon":[{"X":0.5108259320259094,"Y":0.6074857711791992},{"X":0.5881611704826355,"Y":0.6074460744857788},{"X":0.5881678462028503,"Y":0.6258395910263062},{"X":0.5108322501182556,"Y":0.6258789896965027}]},"Id":"337f3a22-13a6-4c9d-a53f-0d62094eefcf","Relationships":[{"Ids":["3b864a89-3960-457d-894d-b1c3ed0e5155"],"Type":"CHILD"}],"RowIndex":29,"RowSpan":1},{"BlockType":"CELL","ColumnIndex":8,"ColumnSpan":1,"Confidence":74.88349914550781,"Geometry":{"BoundingBox":{"Height":0.018459774553775787,"Left":0.5881611704826355,"Top":0.6073797941207886,"Width":0.12927226722240448},"Polygon":[{"X":0.5881611704826355,"Y":0.6074460744857788},{"X":0.7174261212348938,"Y":0.6073797941207886},{"X":0.7174333930015564,"Y":0.6257736682891846},{"X":0.5881678462028503,"Y":0.6258395910263062}]},"Id":"55ababe4-6b8a-4cde-9c6d-337b7e0c22a0","Relationships":[{"Ids":["e8f40236-3e1b-4942-9572-cdc09644f027","023214db-1ebe-44ea-ab78-f23b76b51734"],"Type":"CHILD"}],"RowIndex":29,"RowSpan":1},{"BlockType":"CELL","ColumnIndex":9,"ColumnSpan":1,"Confidence":78.82765197753906,"Geometry":{"BoundingBox":{"Height":0.018535109236836433,"Left":0.7174261212348938,"Top":0.6072385907173157,"Width":0.2753259837627411},"Polygon":[{"X":0.7174261212348938,"Y":0.6073797941207886},{"X":0.9927436113357544,"Y":0.6072385907173157},{"X":0.9927521347999573,"Y":0.6256333589553833},{"X":0.7174333930015564,"Y":0.6257736682891846}]},"Id":"6c9c551b-72a5-4904-8a21-07efb1fe95d0","Relationships":[{"Ids":["e5c727bb-a229-4393-9035-fae8cadf1728"],"Type":"CHILD"}],"RowIndex":29,"RowSpan":1},{"BlockType":"CELL","ColumnIndex":1,"ColumnSpan":1,"Confidence":71.68130493164062,"Geometry":{"BoundingBox":{"Height":0.018939824774861336,"Left":0.0062369415536522865,"Top":0.6260479092597961,"Width":0.17318594455718994},"Polygon":[{"X":0.0062369415536522865,"Y":0.6261361837387085},{"X":0.1794179230928421,"Y":0.6260479092597961},{"X":0.17942288517951965,"Y":0.6449000239372253},{"X":0.006241109687834978,"Y":0.6449877619743347}]},"Id":"c761cdc6-e028-4b68-8ba0-21d6d8c586f6","RowIndex":30,"RowSpan":1},{"BlockType":"CELL","ColumnIndex":2,"ColumnSpan":1,"Confidence":36.90571594238281,"Geometry":{"BoundingBox":{"Height":0.018879150971770287,"Left":0.1794179230928421,"Top":0.6260209083557129,"Width":0.05302892252802849},"Polygon":[{"X":0.1794179230928421,"Y":0.6260479092597961},{"X":0.23244161903858185,"Y":0.6260209083557129},{"X":0.2324468344449997,"Y":0.6448732018470764},{"X":0.17942288517951965,"Y":0.6449000239372253}]},"Id":"e4b0ad9c-9dae-4520-8657-c84583a68b24","RowIndex":30,"RowSpan":1},{"BlockType":"CELL","ColumnIndex":3,"ColumnSpan":1,"Confidence":66.22718048095703,"Geometry":{"BoundingBox":{"Height":0.018888337537646294,"Left":0.23244161903858185,"Top":0.6259848475456238,"Width":0.0707053542137146},"Polygon":[{"X":0.23244161903858185,"Y":0.6260209083557129},{"X":0.30314141511917114,"Y":0.6259848475456238},{"X":0.30314698815345764,"Y":0.6448373794555664},{"X":0.2324468344449997,"Y":0.6448732018470764}]},"Id":"cf557450-fa06-4780-ac8f-bfb90e8f344a","RowIndex":30,"RowSpan":1},{"BlockType":"CELL","ColumnIndex":4,"ColumnSpan":1,"Confidence":57.19216537475586,"Geometry":{"BoundingBox":{"Height":0.01888575591146946,"Left":0.30314141511917114,"Top":0.6259516477584839,"Width":0.06518378853797913},"Polygon":[{"X":0.30314141511917114,"Y":0.6259848475456238},{"X":0.3683193624019623,"Y":0.6259516477584839},{"X":0.36832523345947266,"Y":0.6448043584823608},{"X":0.30314698815345764,"Y":0.6448373794555664}]},"Id":"e70cf44c-2336-4aa7-94f9-3a51c59e6067","RowIndex":30,"RowSpan":1},{"BlockType":"CELL","ColumnIndex":5,"ColumnSpan":1,"Confidence":67.4452133178711,"Geometry":{"BoundingBox":{"Height":0.018897516652941704,"Left":0.3683193624019623,"Top":0.6259068846702576,"Width":0.08783312886953354},"Polygon":[{"X":0.3683193624019623,"Y":0.6259516477584839},{"X":0.456146240234375,"Y":0.6259068846702576},{"X":0.4561524987220764,"Y":0.6447598934173584},{"X":0.36832523345947266,"Y":0.6448043584823608}]},"Id":"a03ac477-78e9-4cd5-81ac-8f802f33693b","Relationships":[{"Ids":["3ec0d1be-97ed-431d-8002-153387a679d0"],"Type":"CHILD"}],"RowIndex":30,"RowSpan":1},{"BlockType":"CELL","ColumnIndex":6,"ColumnSpan":1,"Confidence":42.98512268066406,"Geometry":{"BoundingBox":{"Height":0.01888091489672661,"Left":0.456146240234375,"Top":0.6258789896965027,"Width":0.05469253659248352},"Polygon":[{"X":0.456146240234375,"Y":0.6259068846702576},{"X":0.5108322501182556,"Y":0.6258789896965027},{"X":0.5108388066291809,"Y":0.6447322368621826},{"X":0.4561524987220764,"Y":0.6447598934173584}]},"Id":"2756ced6-8a31-44cc-b16e-406c32f94efc","Relationships":[{"Ids":["98eead70-2360-4da1-bc99-0866760fb187"],"Type":"CHILD"}],"RowIndex":30,"RowSpan":1},{"BlockType":"CELL","ColumnIndex":7,"ColumnSpan":1,"Confidence":50.022552490234375,"Geometry":{"BoundingBox":{"Height":0.018892640247941017,"Left":0.5108322501182556,"Top":0.6258395910263062,"Width":0.0773424357175827},"Polygon":[{"X":0.5108322501182556,"Y":0.6258789896965027},{"X":0.5881678462028503,"Y":0.6258395910263062},{"X":0.5881747007369995,"Y":0.6446930170059204},{"X":0.5108388066291809,"Y":0.6447322368621826}]},"Id":"1acd4edc-1077-4b97-8d0c-4afa0f601b04","Relationships":[{"Ids":["2a3a4f28-a941-455e-8851-7df50bb31795"],"Type":"CHILD"}],"RowIndex":30,"RowSpan":1},{"BlockType":"CELL","ColumnIndex":8,"ColumnSpan":1,"Confidence":77.07659912109375,"Geometry":{"BoundingBox":{"Height":0.018919365480542183,"Left":0.5881678462028503,"Top":0.6257736682891846,"Width":0.12927304208278656},"Polygon":[{"X":0.5881678462028503,"Y":0.6258395910263062},{"X":0.7174333930015564,"Y":0.6257736682891846},{"X":0.7174409031867981,"Y":0.644627571105957},{"X":0.5881747007369995,"Y":0.6446930170059204}]},"Id":"764d68a4-e739-4e62-9150-ee36e54f4a26","Relationships":[{"Ids":["d9b990ab-b8a4-4451-93f2-392e21e9482c","6a07a9e3-cdd4-4af4-9c38-44d651f606cb"],"Type":"CHILD"}],"RowIndex":30,"RowSpan":1},{"BlockType":"CELL","ColumnIndex":9,"ColumnSpan":1,"Confidence":81.1362533569336,"Geometry":{"BoundingBox":{"Height":0.01899424009025097,"Left":0.7174333930015564,"Top":0.6256333589553833,"Width":0.2753274440765381},"Polygon":[{"X":0.7174333930015564,"Y":0.6257736682891846},{"X":0.9927521347999573,"Y":0.6256333589553833},{"X":0.9927608966827393,"Y":0.6444881558418274},{"X":0.7174409031867981,"Y":0.644627571105957}]},"Id":"6685cb92-6caf-4d44-9be8-1e4cf00b62fe","Relationships":[{"Ids":["9d1ffe74-3d47-4c78-89ac-d9b03c833319"],"Type":"CHILD"}],"RowIndex":30,"RowSpan":1},{"BlockType":"CELL","ColumnIndex":1,"ColumnSpan":1,"Confidence":75.60030364990234,"Geometry":{"BoundingBox":{"Height":0.018019825220108032,"Left":0.006241109687834978,"Top":0.6449000239372253,"Width":0.1731865108013153},"Polygon":[{"X":0.006241109687834978,"Y":0.6449877619743347},{"X":0.17942288517951965,"Y":0.6449000239372253},{"X":0.1794276237487793,"Y":0.6628327369689941},{"X":0.006245074328035116,"Y":0.6629198789596558}]},"Id":"1318aba8-1a85-44be-b88b-3bebb30bcc0d","Relationships":[{"Ids":["5d7543da-9afe-4614-9bc8-668fccc20c6d"],"Type":"CHILD"}],"RowIndex":31,"RowSpan":1},{"BlockType":"CELL","ColumnIndex":2,"ColumnSpan":1,"Confidence":38.92344284057617,"Geometry":{"BoundingBox":{"Height":0.01795952208340168,"Left":0.17942288517951965,"Top":0.6448732018470764,"Width":0.05302891135215759},"Polygon":[{"X":0.17942288517951965,"Y":0.6449000239372253},{"X":0.2324468344449997,"Y":0.6448732018470764},{"X":0.23245179653167725,"Y":0.6628060340881348},{"X":0.1794276237487793,"Y":0.6628327369689941}]},"Id":"69bdcd30-c65f-40c7-a000-647ac93f30be","RowIndex":31,"RowSpan":1},{"BlockType":"CELL","ColumnIndex":3,"ColumnSpan":1,"Confidence":69.84798431396484,"Geometry":{"Bounding"
20:09:03.266 [Test worker] DEBUG org.apache.http.wire - http-outgoing-0 << "Box":{"Height":0.017968641594052315,"Left":0.2324468344449997,"Top":0.6448373794555664,"Width":0.07070541381835938},"Polygon":[{"X":0.2324468344449997,"Y":0.6448732018470764},{"X":0.30314698815345764,"Y":0.6448373794555664},{"X":0.30315226316452026,"Y":0.6627704501152039},{"X":0.23245179653167725,"Y":0.6628060340881348}]},"Id":"7e5c52c9-140f-47fb-a2c2-efd1ca86e8f2","RowIndex":31,"RowSpan":1},{"BlockType":"CELL","ColumnIndex":4,"ColumnSpan":1,"Confidence":60.319000244140625,"Geometry":{"BoundingBox":{"Height":0.017966067418456078,"Left":0.30314698815345764,"Top":0.6448043584823608,"Width":0.06518381088972092},"Polygon":[{"X":0.30314698815345764,"Y":0.6448373794555664},{"X":0.36832523345947266,"Y":0.6448043584823608},{"X":0.36833077669143677,"Y":0.6627376675605774},{"X":0.30315226316452026,"Y":0.6627704501152039}]},"Id":"013bb986-a8ff-4e77-96f3-7d557bde2cfc","RowIndex":31,"RowSpan":1},{"BlockType":"CELL","ColumnIndex":5,"ColumnSpan":1,"Confidence":71.13260650634766,"Geometry":{"BoundingBox":{"Height":0.017977742478251457,"Left":0.36832523345947266,"Top":0.6447598934173584,"Width":0.0878332331776619},"Polygon":[{"X":0.36832523345947266,"Y":0.6448043584823608},{"X":0.4561524987220764,"Y":0.6447598934173584},{"X":0.45615845918655396,"Y":0.662693440914154},{"X":0.36833077669143677,"Y":0.6627376675605774}]},"Id":"d15bcf49-1092-4036-8ce2-0da4b689bb9c","Relationships":[{"Ids":["cf8d482d-3ad3-43dd-b8fd-77cc128d196b"],"Type":"CHILD"}],"RowIndex":31,"RowSpan":1},{"BlockType":"CELL","ColumnIndex":6,"ColumnSpan":1,"Confidence":45.33522415161133,"Geometry":{"BoundingBox":{"Height":0.017961235716938972,"Left":0.4561524987220764,"Top":0.6447322368621826,"Width":0.05469247326254845},"Polygon":[{"X":0.4561524987220764,"Y":0.6447598934173584},{"X":0.5108388066291809,"Y":0.6447322368621826},{"X":0.5108450055122375,"Y":0.6626659035682678},{"X":0.45615845918655396,"Y":0.662693440914154}]},"Id":"884708f5-f6f8-44f0-a4af-2004893371aa","Relationships":[{"Ids":["c3ed16d1-bb03-4831-85f5-7b1ea0a1591d"],"Type":"CHILD"}],"RowIndex":31,"RowSpan":1},{"BlockType":"CELL","ColumnIndex":7,"ColumnSpan":1,"Confidence":52.75741195678711,"Geometry":{"BoundingBox":{"Height":0.017972877249121666,"Left":0.5108388066291809,"Top":0.6446930170059204,"Width":0.07734246551990509},"Polygon":[{"X":0.5108388066291809,"Y":0.6447322368621826},{"X":0.5881747007369995,"Y":0.6446930170059204},{"X":0.5881812572479248,"Y":0.6626269817352295},{"X":0.5108450055122375,"Y":0.6626659035682678}]},"Id":"87a285da-8902-42c5-9422-aae8c31011bd","Relationships":[{"Ids":["dedf9032-602f-464b-be23-01775d3edc46"],"Type":"CHILD"}],"RowIndex":31,"RowSpan":1},{"BlockType":"CELL","ColumnIndex":8,"ColumnSpan":1,"Confidence":81.29055786132812,"Geometry":{"BoundingBox":{"Height":0.017999418079853058,"Left":0.5881747007369995,"Top":0.644627571105957,"Width":0.12927328050136566},"Polygon":[{"X":0.5881747007369995,"Y":0.6446930170059204},{"X":0.7174409031867981,"Y":0.644627571105957},{"X":0.7174479961395264,"Y":0.6625619530677795},{"X":0.5881812572479248,"Y":0.6626269817352295}]},"Id":"6cf572a9-fd27-4419-84ac-e6f62d71ba43","Relationships":[{"Ids":["43a40b2d-9af9-48d2-9d8f-bdc52e9d81b4","7a3c67ef-2885-4f7f-970a-b7f054c27b2e"],"Type":"CHILD"}],"RowIndex":31,"RowSpan":1},{"BlockType":"CELL","ColumnIndex":9,"ColumnSpan":1,"Confidence":85.57217407226562,"Geometry":{"BoundingBox":{"Height":0.018073787912726402,"Left":0.7174409031867981,"Top":0.6444881558418274,"Width":0.27532830834388733},"Polygon":[{"X":0.7174409031867981,"Y":0.644627571105957},{"X":0.9927608966827393,"Y":0.6444881558418274},{"X":0.992769181728363,"Y":0.6624233722686768},{"X":0.7174479961395264,"Y":0.6625619530677795}]},"Id":"4464c5ed-c75b-4625-9f15-0dd52838f570","Relationships":[{"Ids":["61786a13-66eb-4256-a3d0-61c798b4bb4a"],"Type":"CHILD"}],"RowIndex":31,"RowSpan":1},{"BlockType":"CELL","ColumnIndex":1,"ColumnSpan":1,"Confidence":65.14979553222656,"Geometry":{"BoundingBox":{"Height":0.018939048051834106,"Left":0.006245074328035116,"Top":0.6628327369689941,"Width":0.1731875091791153},"Polygon":[{"X":0.006245074328035116,"Y":0.6629198789596558},{"X":0.1794276237487793,"Y":0.6628327369689941},{"X":0.17943258583545685,"Y":0.6816851496696472},{"X":0.006249242462217808,"Y":0.6817717552185059}]},"Id":"6dd5901b-3677-46d2-81dc-8ec4b3718024","RowIndex":32,"RowSpan":1},{"BlockType":"CELL","ColumnIndex":2,"ColumnSpan":1,"Confidence":33.542911529541016,"Geometry":{"BoundingBox":{"Height":0.018879150971770287,"Left":0.1794276237487793,"Top":0.6628060340881348,"Width":0.05302940309047699},"Polygon":[{"X":0.1794276237487793,"Y":0.6628327369689941},{"X":0.23245179653167725,"Y":0.6628060340881348},{"X":0.2324570268392563,"Y":0.6816586852073669},{"X":0.17943258583545685,"Y":0.6816851496696472}]},"Id":"77c43c19-b728-4491-846d-4cb5eb1acec7","RowIndex":32,"RowSpan":1},{"BlockType":"CELL","ColumnIndex":3,"ColumnSpan":1,"Confidence":60.1926383972168,"Geometry":{"BoundingBox":{"Height":0.01888822205364704,"Left":0.23245179653167725,"Top":0.6627704501152039,"Width":0.07070599496364594},"Polygon":[{"X":0.23245179653167725,"Y":0.6628060340881348},{"X":0.30315226316452026,"Y":0.6627704501152039},{"X":0.3031578063964844,"Y":0.6816233396530151},{"X":0.2324570268392563,"Y":0.6816586852073669}]},"Id":"3b8874cb-58f0-4b99-9b45-9c74b84cdca5","RowIndex":32,"RowSpan":1},{"BlockType":"CELL","ColumnIndex":4,"ColumnSpan":1,"Confidence":51.98088836669922,"Geometry":{"BoundingBox":{"Height":0.018885675817728043,"Left":0.30315226316452026,"Top":0.6627376675605774,"Width":0.06518437713384628},"Polygon":[{"X":0.30315226316452026,"Y":0.6627704501152039},{"X":0.36833077669143677,"Y":0.6627376675605774},{"X":0.36833661794662476,"Y":0.681590735912323},{"X":0.3031578063964844,"Y":0.6816233396530151}]},"Id":"57bf9a3f-916e-47ef-99e4-19cab09874d1","Relationships":[{"Ids":["a4fbaa7a-2b9d-4bb4-ad98-0eedb4b77b6e"],"Type":"CHILD"}],"RowIndex":32,"RowSpan":1},{"BlockType":"CELL","ColumnIndex":5,"ColumnSpan":1,"Confidence":61.299686431884766,"Geometry":{"BoundingBox":{"Height":0.018897291272878647,"Left":0.36833077669143677,"Top":0.662693440914154,"Width":0.08783392608165741},"Polygon":[{"X":0.36833077669143677,"Y":0.6627376675605774},{"X":0.45615845918655396,"Y":0.662693440914154},{"X":0.45616471767425537,"Y":0.6815468072891235},{"X":0.36833661794662476,"Y":0.681590735912323}]},"Id":"608703e2-5257-461c-ac80-772f711a7515","Relationships":[{"Ids":["c2ec81ca-9be5-465c-8289-30d304a4fa0c"],"Type":"CHILD"}],"RowIndex":32,"RowSpan":1},{"BlockType":"CELL","ColumnIndex":6,"ColumnSpan":1,"Confidence":39.0683708190918,"Geometry":{"BoundingBox":{"Height":0.018880903720855713,"Left":0.45615845918655396,"Top":0.6626659035682678,"Width":0.054693032056093216},"Polygon":[{"X":0.45615845918655396,"Y":0.662693440914154},{"X":0.5108450055122375,"Y":0.6626659035682678},{"X":0.5108515024185181,"Y":0.6815195083618164},{"X":0.45616471767425537,"Y":0.6815468072891235}]},"Id":"fd4a1f97-5b42-4d67-95ac-6e7a185c3295","Relationships":[{"Ids":["2b22525a-aeab-4921-ab93-dca9d4a0bb2a"],"Type":"CHILD"}],"RowIndex":32,"RowSpan":1},{"BlockType":"CELL","ColumnIndex":7,"ColumnSpan":1,"Confidence":45.464561462402344,"Geometry":{"BoundingBox":{"Height":0.018892481923103333,"Left":0.5108450055122375,"Top":0.6626269817352295,"Width":0.07734313607215881},"Polygon":[{"X":0.5108450055122375,"Y":0.6626659035682678},{"X":0.5881812572479248,"Y":0.6626269817352295},{"X":0.588188111782074,"Y":0.6814808249473572},{"X":0.5108515024185181,"Y":0.6815195083618164}]},"Id":"a92772c2-91c2-4a49-8ee9-3f2f03ff7b6d","Relationships":[{"Ids":["0867bb98-c6e7-4d9e-9ce4-37e76e2b5846"],"Type":"CHILD"}],"RowIndex":32,"RowSpan":1},{"BlockType":"CELL","ColumnIndex":8,"ColumnSpan":1,"Confidence":70.053466796875,"Geometry":{"BoundingBox":{"Height":0.018918871879577637,"Left":0.5881812572479248,"Top":0.6625619530677795,"Width":0.12927421927452087},"Polygon":[{"X":0.5881812572479248,"Y":0.6626269817352295},{"X":0.7174479961395264,"Y":0.6625619530677795},{"X":0.7174554467201233,"Y":0.6814162135124207}"
20:09:03.267 [Test worker] DEBUG org.apache.http.wire - http-outgoing-0 << ",{"X":0.588188111782074,"Y":0.6814808249473572}]},"Id":"b7d5967d-dfa1-4d3c-b555-46f1435989e9","Relationships":[{"Ids":["a3c9c324-fe5a-4ee6-81bb-7944c2f40361","c34e3f85-21b5-40fc-9104-f3360688e2d5"],"Type":"CHILD"}],"RowIndex":32,"RowSpan":1},{"BlockType":"CELL","ColumnIndex":9,"ColumnSpan":1,"Confidence":73.74321746826172,"Geometry":{"BoundingBox":{"Height":0.018992802128195763,"Le"
20:09:03.267 [Test worker] DEBUG org.apache.http.wire - http-outgoing-0 << "ft":0.7174479961395264,"Top":0.6624233722686768,"Width":0.27532994747161865},"Polygon":[{"X":0.7174479961395264,"Y":0.6625619530677795},{"X":0.992769181728363,"Y":0.6624233722686768},{"X":0.992777943611145,"Y":0.6812785267829895},{"X":0.7174554467201233,"Y":0.6814162135124207}]},"Id":"dd02067e-0b70-4bff-8a21-7ac7d224d5f3","Relationships":[{"Ids":["06432dec-4dec-4767-b11a-c6d41a1416f4"],"Type":"CHILD"}],"RowIndex":32,"RowSpan":1},{"BlockType":"CELL","ColumnIndex":1,"ColumnSpan":1,"Confidence":53.91905212402344,"Geometry":{"BoundingBox":{"Height":0.019858267158269882,"Left":0.006249242462217808,"Top":0.6816851496696472,"Width":0.17318856716156006},"Polygon":[{"X":0.006249242462217808,"Y":0.6817717552185059},{"X":0.17943258583545685,"Y":0.6816851496696472},{"X":0.1794378012418747,"Y":0.7014574408531189},{"X":0.0062536136247217655,"Y":0.7015434503555298}]},"Id":"9538ace0-4513-4f48-9826-00c31e013321","Relationships":[{"Ids":["4f4dab55-12a2-4ab0-bb9d-1cde43e3a872"],"Type":"CHILD"}],"RowIndex":33,"RowSpan":1},{"Bloc"
20:09:03.269 [Test worker] DEBUG org.apache.http.wire - http-outgoing-0 << "kType":"CELL","ColumnIndex":2,"ColumnSpan":1,"Confidence":27.76067352294922,"Geometry":{"BoundingBox":{"Height":0.019798794761300087,"Left":0.17943258583545685,"Top":0.6816586852073669,"Width":0.053029902279376984},"Polygon":[{"X":0.17943258583545685,"Y":0.6816851496696472},{"X":0.2324570268392563,"Y":0.6816586852073669},{"X":0.23246249556541443,"Y":0.701431155204773},{"X":0.1794378012418747,"Y":0.7014574408531189}]},"Id":"1d840b4b-76a4-4ef7-9c22-1a1d4c483eb4","RowIndex":33,"RowSpan":1},{"BlockType":"CELL","ColumnIndex":3,"ColumnSpan":1,"Confidence":49.81643295288086,"Geometry":{"BoundingBox":{"Height":0.01980781741440296,"Left":0.2324570268392563,"Top":0.6816233396530151,"Width":0.07070659101009369},"Polygon":[{"X":0.2324570268392563,"Y":0.6816586852073669},{"X":0.3031578063964844,"Y":0.6816233396530151},{"X":0.30316361784935,"Y":0.7013960480690002},{"X":0.23246249556541443,"Y":0.701431155204773}]},"Id":"517ab7ae-28b0-447b-b691-71618cc56862","RowIndex":33,"RowSpan":1},{"BlockType":"CELL","ColumnIndex":4,"ColumnSpan":1,"Confidence":43.02024459838867,"Geometry":{"BoundingBox":{"Height":0.01980530098080635,"Left":0.3031578063964844,"Top":0.681590735912323,"Width":0.06518496572971344},"Polygon":[{"X":0.3031578063964844,"Y":0.6816233396530151},{"X":0.36833661794662476,"Y":0.681590735912323},{"X":0.3683427572250366,"Y":0.7013636827468872},{"X":0.30316361784935,"Y":0.7013960480690002}]},"Id":"f3bc52fb-299c-4753-99a2-d5050aa1d7ea","RowIndex":33,"RowSpan":1},{"BlockType":"CELL","ColumnIndex":5,"ColumnSpan":1,"Confidence":50.732643127441406,"Geometry":{"BoundingBox":{"Height":0.019816851243376732,"Left":0.36833661794662476,"Top":0.6815468072891235,"Width":0.08783464133739471},"Polygon":[{"X":0.36833661794662476,"Y":0.681590735912323},{"X":0.45616471767425537,"Y":0.6815468072891235},{"X":0.45617127418518066,"Y":0.7013200521469116},{"X":0.3683427572250366,"Y":0.7013636827468872}]},"Id":"d149f60b-8063-414e-bdfb-c91f2fd920f5","Relationships":[{"Ids":["c25a7930-f877-45d1-92e3-715733bed30a"],"Type":"CHILD"}],"RowIndex":33,"RowSpan":1},{"BlockType":"CELL","ColumnIndex":6,"ColumnSpan":1,"Confidence":32.33363342285156,"Geometry":{"BoundingBox":{"Height":0.019800586625933647,"Left":0.45616471767425537,"Top":0.6815195083618164,"Width":0.05469360575079918},"Polygon":[{"X":0.45616471767425537,"Y":0.6815468072891235},{"X":0.5108515024185181,"Y":0.6815195083618164},{"X":0.5108582973480225,"Y":0.7012929320335388},{"X":0.45617127418518066,"Y":0.7013200521469116}]},"Id":"ad8fb2ab-9946-47bc-8046-8c81500327e2","Relationships":[{"Ids":["31d819d3-4b7c-4cea-ba94-725a8ab61b9e"],"Type":"CHILD"}],"RowIndex":33,"RowSpan":1},{"BlockType":"CELL","ColumnIndex":7,"ColumnSpan":1,"Confidence":37.627227783203125,"Geometry":{"BoundingBox":{"Height":0.019812101498246193,"Left":0.5108515024185181,"Top":0.6814808249473572,"Width":0.07734383642673492},"Polygon":[{"X":0.5108515024185181,"Y":0.6815195083618164},{"X":0.588188111782074,"Y":0.6814808249473572},{"X":0.5881953239440918,"Y":0.7012545466423035},{"X":0.5108582973480225,"Y":0.7012929320335388}]},"Id":"97c8e121-92be-439a-a285-47cb4ee06873","Relationships":[{"Ids":["a2358223-cebc-49c8-a109-a20dcb0416b1"],"Type":"CHILD"}],"RowIndex":33,"RowSpan":1},{"BlockType":"CELL","ColumnIndex":8,"ColumnSpan":1,"Confidence":57.977413177490234,"Geometry":{"BoundingBox":{"Height":0.019838331267237663,"Left":0.588188111782074,"Top":0.6814162135124207,"Width":0.12927517294883728},"Polygon":[{"X":0.588188111782074,"Y":0.6814808249473572},{"X":0.7174554467201233,"Y":0.6814162135124207},{"X":0.7174633145332336,"Y":0.7011903524398804},{"X":0.5881953239440918,"Y":0.7012545466423035}]},"Id":"7a503f2a-ec6f-43e2-b13a-87d82a810267","Relationships":[{"Ids":["efd24ad5-d51f-4b5e-8ff3-34d5fabdf3f6","03dce94e-96e1-44fd-b64c-ab059e8fa0f5"],"Type":"CHILD"}],"RowIndex":33,"RowSpan":1},{"BlockType":"CELL","ColumnIndex":9,"ColumnSpan":1,"Confidence":61.0311164855957,"Geometry":{"BoundingBox":{"Height":0.01991179957985878,"Left":0.7174554467201233,"Top":0.6812785267829895,"Width":0.27533164620399475},"Polygon":[{"X":0.7174554467201233,"Y":0.6814162135124207},{"X":0.992777943611145,"Y":0.6812785267829895},{"X":0.9927871227264404,"Y":0.7010536789894104},{"X":0.7174633145332336,"Y":0.7011903524398804}]},"Id":"347ad77b-e7c0-44f4-8091-ad77bc9aae20","Relationships":[{"Ids":["21785fca-2feb-4122-9776-1822487ca931","3cfd8f6f-3ec5-4774-b95a-dff78008f27a"],"Type":"CHILD"}],"RowIndex":33,"RowSpan":1},{"BlockType":"CELL","ColumnIndex":1,"ColumnSpan":1,"Confidence":69.75424194335938,"Geometry":{"BoundingBox":{"Height":0.01847841776907444,"Left":0.0062536136247217655,"Top":0.7014574408531189,"Width":0.17318904399871826},"Polygon":[{"X":0.0062536136247217655,"Y":0.7015434503555298},{"X":0.1794378012418747,"Y":0.7014574408531189},{"X":0.1794426590204239,"Y":0.719850480556488},{"X":0.006257680244743824,"Y":0.7199358940124512}]},"Id":"b1fb0100-12e8-4bf5-869c-00508d7a6424","Relationships":[{"Ids":["14730bbf-25b9-4b5e-aa14-1c8cade7045e","5f80488b-63b6-46d7-aa04-695f5211074a"],"Type":"CHILD"}],"RowIndex":34,"RowSpan":1},{"BlockType":"CELL","ColumnIndex":2,"ColumnSpan":1,"Confidence":35.913551330566406,"Geometry":{"BoundingBox":{"Height":0.01841932162642479,"Left":0.1794378012418747,"Top":0.701431155204773,"Width":0.053029779344797134},"Polygon":[{"X":0.1794378012418747,"Y":0.7014574408531189},{"X":0.23246249556541443,"Y":0.701431155204773},{"X":0.23246757686138153,"Y":0.7198243141174316},{"X":0.1794426590204239,"Y":0.719850480556488}]},"Id":"80988ee9-a4c3-465e-9b38-c0913cd454d2","RowIndex":34,"RowSpan":1},{"BlockType":"CELL","ColumnIndex":3,"ColumnSpan":1,"Confidence":64.44674682617188,"Geometry":{"BoundingBox":{"Height":0.018428269773721695,"Left":0.23246249556541443,"Top":0.7013960480690002,"Width":0.07070653140544891},"Polygon":[{"X":0.23246249556541443,"Y":0.701431155204773},{"X":0.30316361784935,"Y":0.7013960480690002},{"X":0.30316901206970215,"Y":0.719789445400238},{"X":0.23246757686138153,"Y":0.7198243141174316}]},"Id":"f005eb9b-527b-4ab1-b27d-42bf5943c953","Relationships":[{"Ids":["780cedd8-7646-445b-9905-ab4e51d137c5"],"Type":"CHILD"}],"RowIndex":34,"RowSpan":1},{"BlockType":"CELL","ColumnIndex":4,"ColumnSpan":1,"Confidence":55.65462875366211,"Geometry":{"BoundingBox":{"Height":0.018425757065415382,"Left":0.30316361784935,"Top":0.7013636827468872,"Width":0.06518486142158508},"Polygon":[{"X":0.30316361784935,"Y":0.7013960480690002},{"X":0.3683427572250366,"Y":0.7013636827468872},{"X":0.36834847927093506,"Y":0.7197572588920593},{"X":0.30316901206970215,"Y":0.719789445400238}]},"Id":"51c3f565-540f-436f-93ad-e82a52875a2e","RowIndex":34,"RowSpan":1},{"BlockType":"CELL","ColumnIndex":5,"ColumnSpan":1,"Confidence":65.63203430175781,"Geometry":{"BoundingBox":{"Height":0.018437210470438004,"Left":0.3683427572250366,"Top":0.7013200521469116,"Width":0.08783461153507233},"Polygon":[{"X":0.3683427572250366,"Y":0.7013636827468872},{"X":0.45617127418518066,"Y":0.7013200521469116},{"X":0.45617738366127014,"Y":0.7197139859199524},{"X":0.36834847927093506,"Y":0.7197572588920593}]},"Id":"c93fe760-4f36-4c28-85f0-fb087d6daf70","Relationships":[{"Ids":["0d23830d-7896-48ac-91fd-efe717fa0d40"],"Type":"CHILD"}],"RowIndex":34,"RowSpan":1},{"BlockType":"CELL","ColumnIndex":6,"ColumnSpan":1,"Confidence":41.82952117919922,"Geometry":{"BoundingBox":{"Height":0.01842104084789753,"Left":0.45617127418518066,"Top":0.7012929320335388,"Width":0.05469339340925217},"Polygon":[{"X":0.45617127418518066,"Y":0.7013200521469116},{"X":0.5108582973480225,"Y":0.7012929320335388},{"X":0.5108646750450134,"Y":0.7196869850158691},{"X":0.45617738366127014,"Y":0.7197139859199524}]},"Id":"3b0a49f5-5285-4a04-8b2f-b74c92781f04","Relationships":[{"Ids":["1591fe5b-698c-46c1-bc1e-f27058e49767"],"Type":"CHILD"}],"RowIndex":34,"RowSpan":1},{"BlockType":"CELL","ColumnIndex":7,"ColumnSpan":1,"Confidence":48.67776107788086,"Geometry":{"BoundingBox":{"Height":0.018432462587952614,"Left":0.5108582973480225,"Top":0.7012545466423035,"Width":0.07734370976686"
20:09:03.270 [Test worker] DEBUG org.apache.http.wire - http-outgoing-0 << "478},"Polygon":[{"X":0.5108582973480225,"Y":0.7012929320335388},{"X":0.5881953239440918,"Y":0.7012545466423035},{"X":0.5882019996643066,"Y":0.7196488380432129},{"X":0.5108646750450134,"Y":0.7196869850158691}]},"Id":"8003eb23-e013-499a-a225-3bd617a909b4","Relationships":[{"Ids":["aceb97be-a34c-4c24-b03c-0dfd046ac0e4"],"Type":"CHILD"}],"RowIndex":34,"RowSpan":1},{"BlockType":"CELL","ColumnIndex":8,"ColumnSpan":1,"Confidence":75.00448608398438,"Geometry":{"BoundingBox":{"Height":0.018458494916558266,"Left":0.5881953239440918,"Top":0.7011903524398804,"Width":0.12927526235580444},"Polygon":[{"X":0.5881953239440918,"Y":0.7012545466423035},{"X":0.7174633145332336,"Y":0.7011903524398804},{"X":0.7174705862998962,"Y":0.7195850610733032},{"X":0.5882019996643066,"Y":0.7196488380432129}]},"Id":"4d2d89ca-b92e-40b4-a079-f295f6520e2d","Relationships":[{"Ids":["4f0b250c-4bef-40f0-aa4e-73e532499e00","640a9b6b-afd5-4898-a0f6-96ce6d82dd03"],"Type":"CHILD"}],"RowIndex":34,"RowSpan":1},{"BlockType":"CELL","ColumnIndex":9,"ColumnSpan":1,"Confidence":78.95500946044922,"Geometry":{"BoundingBox":{"Height":0.018531424924731255,"Left":0.7174633145332336,"Top":0.7010536789894104,"Width":0.27533236145973206},"Polygon":[{"X":0.7174633145332336,"Y":0.7011903524398804},{"X":0.9927871227264404,"Y":0.7010536789894104},{"X":0.9927956461906433,"Y":0.7194492816925049},{"X":0.7174705862998962,"Y":0.7195850610733032}]},"Id":"b66ab78c-c571-4385-924e-0bdd662ec6c4","Relationships":[{"Ids":["bdd444e2-3ab2-49ed-bd54-9ded9de2f270"],"Type":"CHILD"}],"RowIndex":34,"RowSpan":1},{"BlockType":"CELL","ColumnIndex":1,"ColumnSpan":1,"Confidence":69.53248596191406,"Geometry":{"BoundingBox":{"Height":0.017098573967814445,"Left":0.006257680244743824,"Top":0.719850480556488,"Width":0.1731894612312317},"Polygon":[{"X":0.006257680244743824,"Y":0.7199358940124512},{"X":0.1794426590204239,"Y":0.719850480556488},{"X":0.17944714426994324,"Y":0.7368641495704651},{"X":0.006261441390961409,"Y":0.7369490265846252}]},"Id":"f892aa43-e0fb-41d5-9c62-b592feccd7e8","RowIndex":35,"RowSpan":1},{"BlockType":"CELL","ColumnIndex":2,"ColumnSpan":1,"Confidence":35.79937744140625,"Geometry":{"BoundingBox":{"Height":0.017039824277162552,"Left":0.1794426590204239,"Top":0.7198243141174316,"Width":0.05302963778376579},"Polygon":[{"X":0.1794426590204239,"Y":0.719850480556488},{"X":0.23246757686138153,"Y":0.7198243141174316},{"X":0.2324722856283188,"Y":0.736838161945343},{"X":0.17944714426994324,"Y":0.7368641495704651}]},"Id":"1395d389-b64d-4a4d-8285-6701eb3fa95f","RowIndex":35,"RowSpan":1},{"BlockType":"CELL","ColumnIndex":3,"ColumnSpan":1,"Confidence":64.24185943603516,"Geometry":{"BoundingBox":{"Height":0.017048701643943787,"Left":0.23246757686138153,"Top":0.719789445400238,"Width":0.07070644944906235},"Polygon":[{"X":0.23246757686138153,"Y":0.7198243141174316},{"X":0.30316901206970215,"Y":0.719789445400238},{"X":0.3031740188598633,"Y":0.7368034720420837},{"X":0.2324722856283188,"Y":0.736838161945343}]},"Id":"4f6aef30-1be7-4799-98c0-d6c48a7f68c5","RowIndex":35,"RowSpan":1},{"BlockType":"CELL","ColumnIndex":4,"ColumnSpan":1,"Confidence":55.47769546508789,"Geometry":{"BoundingBox":{"Height":0.017046188935637474,"Left":0.30316901206970215,"Top":0.7197572588920593,"Width":0.06518472731113434},"Polygon":[{"X":0.30316901206970215,"Y":0.719789445400238},{"X":0.36834847927093506,"Y":0.7197572588920593},{"X":0.3683537542819977,"Y":0.7367715239524841},{"X":0.3031740188598633,"Y":0.7368034720420837}]},"Id":"2520779b-3357-422d-930c-ebfaabeb39a2","Relationships":[{"Ids":["3eb595fd-8081-4236-b1a5-08040216d979"],"Type":"CHILD"}],"RowIndex":35,"RowSpan":1},{"BlockType":"CELL","ColumnIndex":5,"ColumnSpan":1,"Confidence":65.42337799072266,"Geometry":{"BoundingBox":{"Height":0.01705755479633808,"Left":0.36834847927093506,"Top":0.7197139859199524,"Width":0.08783455193042755},"Polygon":[{"X":0.36834847927093506,"Y":0.7197572588920593},{"X":0.45617738366127014,"Y":0.7197139859199524},{"X":0.4561830163002014,"Y":0.7367284893989563},{"X":0.3683537542819977,"Y":0.7367715239524841}]},"Id":"b2b31d52-ce20-4708-aaf6-75dfb6e83b00","Relationships":[{"Ids":["d3ced63d-07ca-4609-84b0-792e57239517"],"Type":"CHILD"}],"RowIndex":35,"RowSpan":1},{"BlockType":"CELL","ColumnIndex":6,"ColumnSpan":1,"Confidence":49.543251037597656,"Geometry":{"BoundingBox":{"Height":0.017041470855474472,"Left":0.45617738366127014,"Top":0.7196869850158691,"Width":0.05469316616654396},"Polygon":[{"X":0.45617738366127014,"Y":0.7197139859199524},{"X":0.5108646750450134,"Y":0.7196869850158691},{"X":0.5108705163002014,"Y":0.7367016673088074},{"X":0.4561830163002014,"Y":0.7367284893989563}]},"Id":"4eccb881-a468-4648-8f43-3ba9908c0a2e","Relationships":[{"Ids":["de6a3b5a-2fb5-4f9e-b161-0a2e9daf530b"],"Type":"CHILD"}],"RowIndex":35,"RowSpan":1},{"BlockType":"CELL","ColumnIndex":7,"ColumnSpan":1,"Confidence":49.543251037597656,"Geometry":{"BoundingBox":{"Height":0.01705280691385269,"Left":0.5108646750450134,"Top":0.7196488380432129,"Width":0.07734355330467224},"Polygon":[{"X":0.5108646750450134,"Y":0.7196869850158691},{"X":0.5882019996643066,"Y":0.7196488380432129},{"X":0.5882081985473633,"Y":0.7366637587547302},{"X":0.5108705163002014,"Y":0.7367016673088074}]},"Id":"1ec1269b-3ab9-4988-903d-ac0e5936a484","Relationships":[{"Ids":["4a9ea5f5-8cfa-4729-bbd5-e3461634e582"],"Type":"CHILD"}],"RowIndex":35,"RowSpan":1},{"BlockType":"CELL","ColumnIndex":8,"ColumnSpan":1,"Confidence":74.76603698730469,"Geometry":{"BoundingBox":{"Height":0.01707865111529827,"Left":0.5882019996643066,"Top":0.7195850610733032,"Width":0.12927529215812683},"Polygon":[{"X":0.5882019996643066,"Y":0.7196488380432129},{"X":0.7174705862998962,"Y":0.7195850610733032},{"X":0.7174773216247559,"Y":0.7366003394126892},{"X":0.5882081985473633,"Y":0.7366637587547302}]},"Id":"06cb420c-a985-4700-a006-45a5978ba7aa","Relationships":[{"Ids":["706edadd-5d4b-478c-be63-c43ee6745172","dc83f0f9-df98-418d-a812-77b39580b214"],"Type":"CHILD"}],"RowIndex":35,"RowSpan":1},{"BlockType":"CELL","ColumnIndex":9,"ColumnSpan":1,"Confidence":78.7040023803711,"Geometry":{"BoundingBox":{"Height":0.017151078209280968,"Left":0.7174705862998962,"Top":0.7194492816925049,"Width":0.2753329575061798},"Polygon":[{"X":0.7174705862998962,"Y":0.7195850610733032},{"X":0.9927956461906433,"Y":0.7194492816925049},{"X":0.9928035140037537,"Y":0.7364653944969177},{"X":0.7174773216247559,"Y":0.7366003394126892}]},"Id":"74c325f2-67ed-4d06-a64e-6db79ec0d3f3","Relationships":[{"Ids":["0204d411-7171-47dc-a5fa-3216b9b80f84"],"Type":"CHILD"}],"RowIndex":35,"RowSpan":1},{"BlockType":"CELL","ColumnIndex":1,"ColumnSpan":1,"Confidence":57.862125396728516,"Geometry":{"BoundingBox":{"Height":0.020316947251558304,"Left":0.006261441390961409,"Top":0.7368641495704651,"Width":0.17319104075431824},"Polygon":[{"X":0.006261441390961409,"Y":0.7369490265846252},{"X":0.17944714426994324,"Y":0.7368641495704651},{"X":0.17945247888565063,"Y":0.7570967674255371},{"X":0.006265914533287287,"Y":0.7571810483932495}]},"Id":"6daf05ac-9b8b-4036-82b6-a6fd8c73a9e0","Relationships":[{"Ids":["b6251803-8b67-4d12-ac7f-06580fb0d7bf"],"Type":"CHILD"}],"RowIndex":36,"RowSpan":1},{"BlockType":"CELL","ColumnIndex":2,"ColumnSpan":1,"Confidence":29.79079818725586,"Geometry":{"BoundingBox":{"Height":0.020258653908967972,"Left":0.17944714426994324,"Top":0.736838161945343,"Width":0.05303075164556503},"Polygon":[{"X":0.17944714426994324,"Y":0.7368641495704651},{"X":0.2324722856283188,"Y":0.736838161945343},{"X":0.23247788846492767,"Y":0.7570709586143494},{"X":0.17945247888565063,"Y":0.7570967674255371}]},"Id":"5d445f9e-ac29-4468-8d25-0e86d1be6491","RowIndex":36,"RowSpan":1},{"BlockType":"CELL","ColumnIndex":3,"ColumnSpan":1,"Confidence":53.4594841003418,"Geometry":{"BoundingBox":{"Height":0.020267508924007416,"Left":0.2324722856283188,"Top":0.7368034720420837,"Width":0.07070768624544144},"Polygon":[{"X":0.2324722856283188,"Y":0.736838161945343},{"X":0.3031740188598633,"Y":0.7368034720420837},{"X":0.3031799793243408,"Y":0.7570365667343"
20:09:03.272 [Test worker] DEBUG org.apache.http.wire - http-outgoing-0 << "14},{"X":0.23247788846492767,"Y":0.7570709586143494}]},"Id":"7522f7db-0977-467b-87ad-d5bb9774fd03","RowIndex":36,"RowSpan":1},{"BlockType":"CELL","ColumnIndex":4,"ColumnSpan":1,"Confidence":46.16629409790039,"Geometry":{"BoundingBox":{"Height":0.02026505209505558,"Left":0.3031740188598633,"Top":0.7367715239524841,"Width":0.06518599390983582},"Polygon":[{"X":0.3031740188598633,"Y":0"
20:09:03.272 [Test worker] DEBUG org.apache.http.wire - http-outgoing-0 << ".7368034720420837},{"X":0.3683537542819977,"Y":0.7367715239524841},{"X":0.3683600127696991,"Y":0.7570048570632935},{"X":0.3031799793243408,"Y":0.757036566734314}]},"Id":"7d9f5a85-feb1-49a9-b3ec-c97e4a307240","RowIndex":36,"RowSpan":1},{"BlockType":"CELL","ColumnIndex":5,"ColumnSpan":1,"Confidence":54.442691802978516,"Geometry":{"BoundingBox":{"Height":0.0202763881534338,"Left":0.3683537542819977,"Top":0.7367284893989563,"Width":0.08783598244190216},"Polygon":[{"X":0.3683537542819977,"Y":0.7367715239524841},{"X":0.4561830163002014,"Y":0.7367284893989563},{"X":0.45618972182273865,"Y":0.7569621205329895},{"X":0.3683600127696991,"Y":0.7570048570632935}]},"Id":"8de7e885-90c6-41ee-b949-b023bfd761dc","Relationships":[{"Ids":["e864c196-a10a-431b-8585-d7e269d4ede2"],"Type":"CHILD"}],"RowIndex":36,"RowSpan":1},{"BlockType":"CELL","ColumnIndex":6,"ColumnSpan":1,"Confidence":34.698177337646484,"Geometry":{"BoundingBox":{"Height":0.02026045322418213,"Left":0.4561830163002014,"Top":0.7367016673088074,"Width":0.054694507271"
20:09:03.273 [Test worker] DEBUG org.apache.http.wire - http-outgoing-0 << "05141},"Polygon":[{"X":0.4561830163002014,"Y":0.7367284893989563},{"X":0.5108705163002014,"Y":0.7367016673088074},{"X":0.5108775496482849,"Y":0.7569354772567749},{"X":0.45618972182273865,"Y":0.7569621205329895}]},"Id":"2f8df02d-10f6-4905-a480-27f5f7d83038","Relationships":[{"Ids":["94810815-c2fb-4d32-a7e0-7ffa09873b05"],"Type":"CHILD"}],"RowIndex":36,"RowSpan":1},{"BlockType":"CELL","ColumnIndex":7,"ColumnSpan":1,"Confidence":40.37888717651367,"Geometry":{"BoundingBox":{"Height":0.020271750167012215,"Left":0.5108705163002014,"Top":0.7366637587547302,"Width":0.07734505087137222},"Polygon":[{"X":0.5108705163002014,"Y":0.7367016673088074},{"X":0.5882081985473633,"Y":0.7366637587547302},{"X":0.5882155895233154,"Y":0.7568978667259216},{"X":0.5108775496482849,"Y":0.7569354772567749}]},"Id":"f33fb1f7-58ed-4864-bc7b-11c275c8edb5","Relationships":[{"Ids":["04c2c623-2def-4dc7-a629-1508479968aa"],"Type":"CHILD"}],"RowIndex":36,"RowSpan":1},{"BlockType":"CELL","ColumnIndex":8,"ColumnSpan":1,"Confidence":62.21727752685547,"Geometry":{"BoundingBox":{"Height":0.02029748447239399,"Left":0.5882081985473633,"Top":0.7366003394126892,"Width":0.12927711009979248},"Polygon":[{"X":0.5882081985473633,"Y":0.7366637587547302},{"X":0.7174773216247559,"Y":0.7366003394126892},{"X":0.7174853086471558,"Y":0.7568349242210388},{"X":0.5882155895233154,"Y":0.7568978667259216}]},"Id":"5775a22e-0cfc-4d59-8e7e-3e600de81926","Relationships":[{"Ids":["d8c72a8a-3138-4baf-83a4-d6de9bd619ae","f8ef27ea-5183-4b73-bb86-3899b0bfcda5"],"Type":"CHILD"}],"RowIndex":36,"RowSpan":1},{"BlockType":"CELL","ColumnIndex":9,"ColumnSpan":1,"Confidence":65.49429321289062,"Geometry":{"BoundingBox":{"Height":0.020369548350572586,"Left":0.7174773216247559,"Top":0.7364653944969177,"Width":0.2753356099128723},"Polygon":[{"X":0.7174773216247559,"Y":0.7366003394126892},{"X":0.9928035140037537,"Y":0.7364653944969177},{"X":0.9928129315376282,"Y":0.7567009329795837},{"X":0.7174853086471558,"Y":0.7568349242210388}]},"Id":"94f678ef-9699-4d07-bc57-012146cd38d6","Relationships":[{"Ids":["66889a83-c53c-43fe-a3b3-01ae79032222"],"Type":"CHILD"}],"RowIndex":36,"RowSpan":1},{"BlockType":"CELL","ColumnIndex":1,"ColumnSpan":1,"Confidence":78.89533233642578,"Geometry":{"BoundingBox":{"Height":0.01893705688416958,"Left":0.006265914533287287,"Top":0.7570967674255371,"Width":0.17319153249263763},"Polygon":[{"X":0.006265914533287287,"Y":0.7571810483932495},{"X":0.17945247888565063,"Y":0.7570967674255371},{"X":0.17945745587348938,"Y":0.7759501338005066},{"X":0.006270083133131266,"Y":0.7760338187217712}]},"Id":"980d61bb-2491-47f9-ad0d-02609d308f68","Relationships":[{"Ids":["e07dc968-c728-45a8-96f2-2e1ef6428250","cce83fd7-5d29-4568-b1f7-90870deba430"],"Type":"CHILD"}],"RowIndex":37,"RowSpan":1},{"BlockType":"CELL","ColumnIndex":2,"ColumnSpan":1,"Confidence":40.61991500854492,"Geometry":{"BoundingBox":{"Height":0.018879147246479988,"Left":0.17945247888565063,"Top":0.7570709586143494,"Width":0.05303063243627548},"Polygon":[{"X":0.17945247888565063,"Y":0.7570967674255371},{"X":0.23247788846492767,"Y":0.7570709586143494},{"X":0.23248310387134552,"Y":0.7759245038032532},{"X":0.17945745587348938,"Y":0.7759501338005066}]},"Id":"ef8c6b6f-fa6f-42c2-b5db-ba554e9c0a2d","RowIndex":37,"RowSpan":1},{"BlockType":"CELL","ColumnIndex":3,"ColumnSpan":1,"Confidence":72.89230346679688,"Geometry":{"BoundingBox":{"Height":0.018887925893068314,"Left":0.23247788846492767,"Top":0.757036566734314,"Width":0.07070763409137726},"Polygon":[{"X":0.23247788846492767,"Y":0.7570709586143494},{"X":0.3031799793243408,"Y":0.757036566734314},{"X":0.30318552255630493,"Y":0.7758903503417969},{"X":0.23248310387134552,"Y":0.7759245038032532}]},"Id":"98d972cf-8a71-4944-ad30-d1054ee1bb60","Relationships":[{"Ids":["d3a3d943-602f-4e07-8129-7fd4a73f99e4"],"Type":"CHILD"}],"RowIndex":37,"RowSpan":1},{"BlockType":"CELL","ColumnIndex":4,"ColumnSpan":1,"Confidence":62.948001861572266,"Geometry":{"BoundingBox":{"Height":0.018885472789406776,"Left":0.3031799793243408,"Top":0.7570048570632935,"Width":0.06518589705228806},"Polygon":[{"X":0.3031799793243408,"Y":0.757036566734314},{"X":0.3683600127696991,"Y":0.7570048570632935},{"X":0.3683658838272095,"Y":0.7758588194847107},{"X":0.30318552255630493,"Y":0.7758903503417969}]},"Id":"50287ad5-50af-48df-93eb-0783f2687107","Relationships":[{"Ids":["e7ded801-3c06-4462-86f8-c4e014c88d9c"],"Type":"CHILD"}],"RowIndex":37,"RowSpan":1},{"BlockType":"CELL","ColumnIndex":5,"ColumnSpan":1,"Confidence":74.23291015625,"Geometry":{"BoundingBox":{"Height":0.018896711990237236,"Left":0.3683600127696991,"Top":0.7569621205329895,"Width":0.08783596754074097},"Polygon":[{"X":0.3683600127696991,"Y":0.7570048570632935},{"X":0.45618972182273865,"Y":0.7569621205329895},{"X":0.45619598031044006,"Y":0.7758163809776306},{"X":0.3683658838272095,"Y":0.7758588194847107}]},"Id":"14881aac-823d-4a55-8fe1-436730810f9e","Relationships":[{"Ids":["827971bb-faef-47d6-b411-2e680606934e"],"Type":"CHILD"}],"RowIndex":37,"RowSpan":1},{"BlockType":"CELL","ColumnIndex":6,"ColumnSpan":1,"Confidence":47.3111572265625,"Geometry":{"BoundingBox":{"Height":0.018880872055888176,"Left":0.45618972182273865,"Top":0.7569354772567749,"Width":0.05469430238008499},"Polygon":[{"X":0.45618972182273865,"Y":0.7569621205329895},{"X":0.5108775496482849,"Y":0.7569354772567749},{"X":0.5108840465545654,"Y":0.7757899165153503},{"X":0.45619598031044006,"Y":0.7758163809776306}]},"Id":"1d231e5a-88b2-40d8-9def-b13586479449","Relationships":[{"Ids":["54b589d0-2c92-4a13-898b-2ec2140fc2f2"],"Type":"CHILD"}],"RowIndex":37,"RowSpan":1},{"BlockType":"CELL","ColumnIndex":7,"ColumnSpan":1,"Confidence":55.05683517456055,"Geometry":{"BoundingBox":{"Height":0.01889207772910595,"Left":0.5108775496482849,"Top":0.7568978667259216,"Width":0.07734493166208267},"Polygon":[{"X":0.5108775496482849,"Y":0.7569354772567749},{"X":0.5882155895233154,"Y":0.7568978667259216},{"X":0.5882224440574646,"Y":0.7757525444030762},{"X":0.5108840465545654,"Y":0.7757899165153503}]},"Id":"b34f37c1-d002-471a-9b20-49125805babf","Relationships":[{"Ids":["4a17b6f8-65e3-463b-bbea-de736ebcdbd0"],"Type":"CHILD"}],"RowIndex":37,"RowSpan":1},{"BlockType":"CELL","ColumnIndex":8,"ColumnSpan":1,"Confidence":84.83360290527344,"Geometry":{"BoundingBox":{"Height":0.018917609006166458,"Left":0.5882155895233154,"Top":0.7568349242210388,"Width":0.12927721440792084},"Polygon":[{"X":0.5882155895233154,"Y":0.7568978667259216},{"X":0.7174853086471558,"Y":0.7568349242210388},{"X":0.7174928188323975,"Y":0.7756900787353516},{"X":0.5882224440574646,"Y":0.7757525444030762}]},"Id":"4ccb5e40-7a23-438c-8102-cd33ad857ce7","Relationships":[{"Ids":["ce4bec52-9784-4394-bfc3-245c0ba78fad","6d4101cc-f1b6-4974-9f2e-9b448fe8eaa3"],"Type":"CHILD"}],"RowIndex":37,"RowSpan":1},{"BlockType":"CELL","ColumnIndex":9,"ColumnSpan":1,"Confidence":89.30183410644531,"Geometry":{"BoundingBox":{"Height":0.018989121541380882,"Left":0.7174853086471558,"Top":0.7567009329795837,"Width":0.275336354970932},"Polygon":[{"X":0.7174853086471558,"Y":0.7568349242210388},{"X":0.9928129315376282,"Y":0.7567009329795837},{"X":0.9928216934204102,"Y":0.7755569815635681},{"X":0.7174928188323975,"Y":0.7756900787353516}]},"Id":"60ac230e-5b8f-49ac-85e8-048b621c13c7","Relationships":[{"Ids":["f88fe811-01e6-438e-b6f1-840e5cff360f"],"Type":"CHILD"}],"RowIndex":37,"RowSpan":1},{"BlockType":"CELL","ColumnIndex":1,"ColumnSpan":1,"Confidence":80.37213134765625,"Geometry":{"BoundingBox":{"Height":0.018476827070116997,"Left":0.006270083133131266,"Top":0.7759501338005066,"Width":0.17319221794605255},"Polygon":[{"X":0.006270083133131266,"Y":0.7760338187217712},{"X":0.17945745587348938,"Y":0.7759501338005066},{"X":0.17946229875087738,"Y":0.7943438291549683},{"X":0.006274149287492037,"Y":0.7944269776344299}]},"Id":"6debd571-6368-4090-946f-a95c47e108f7","Relationships":[{"Ids":["18b71a8a-b7ac-4525-825e-2e924c17c178"],"Type":"CHILD"}],"RowIndex":38,"RowSpan":1},{"BlockType":"CELL","ColumnIndex":2,"ColumnSpan":1,"Confidence":41.380256652832"
20:09:03.274 [Test worker] DEBUG org.apache.http.wire - http-outgoing-0 << "03,"Geometry":{"BoundingBox":{"Height":0.018419302999973297,"Left":0.17945745587348938,"Top":0.7759245038032532,"Width":0.05303075164556503},"Polygon":[{"X":0.17945745587348938,"Y":0.7759501338005066},{"X":0.23248310387134552,"Y":0.7759245038032532},{"X":0.23248820006847382,"Y":0.7943183183670044},{"X":0.17946229875087738,"Y":0.7943438291549683}]},"Id":"3b731e80-6ea6-4143-9234-422c6ecb44a8","RowIndex":38,"RowSpan":1},{"BlockType":"CELL","ColumnIndex":3,"ColumnSpan":1,"Confidence":74.25672912597656,"Geometry":{"BoundingBox":{"Height":0.018428020179271698,"Left":0.23248310387134552,"Top":0.7758903503417969,"Width":0.07070782780647278},"Polygon":[{"X":0.23248310387134552,"Y":0.7759245038032532},{"X":0.30318552255630493,"Y":0.7758903503417969},{"X":0.3031909465789795,"Y":0.7942844033241272},{"X":0.23248820006847382,"Y":0.7943183183670044}]},"Id":"4c47cea7-8e45-4b23-b360-aaf84391d5db","RowIndex":38,"RowSpan":1},{"BlockType":"CELL","ColumnIndex":4,"ColumnSpan":1,"Confidence":64.12628936767578,"Geometry":{"BoundingBox":{"Height":0.018425578251481056,"Left":0.30318552255630493,"Top":0.7758588194847107,"Width":0.06518605351448059},"Polygon":[{"X":0.30318552255630493,"Y":0.7758903503417969},{"X":0.3683658838272095,"Y":0.7758588194847107},{"X":0.3683715760707855,"Y":0.7942531108856201},{"X":0.3031909465789795,"Y":0.7942844033241272}]},"Id":"18c5705e-43b7-4912-b480-4ea3cac1ee84","RowIndex":38,"RowSpan":1},{"BlockType":"CELL","ColumnIndex":5,"ColumnSpan":1,"Confidence":75.6224365234375,"Geometry":{"BoundingBox":{"Height":0.0184367373585701,"Left":0.3683658838272095,"Top":0.7758163809776306,"Width":0.08783622086048126},"Polygon":[{"X":0.3683658838272095,"Y":0.7758588194847107},{"X":0.45619598031044006,"Y":0.7758163809776306},{"X":0.45620208978652954,"Y":0.7942109107971191},{"X":0.3683715760707855,"Y":0.7942531108856201}]},"Id":"0f20c3ad-8900-4556-b177-aae9daaaa998","Relationships":[{"Ids":["3d5447ea-43d7-42f3-8c37-6c441b7a38f0"],"Type":"CHILD"}],"RowIndex":38,"RowSpan":1},{"BlockType":"CELL","ColumnIndex":6,"ColumnSpan":1,"Confidence":48.196746826171875,"Geometry":{"BoundingBox":{"Height":0.018420999869704247,"Left":0.45619598031044006,"Top":0.7757899165153503,"Width":0.05469439923763275},"Polygon":[{"X":0.45619598031044006,"Y":0.7758163809776306},{"X":0.5108840465545654,"Y":0.7757899165153503},{"X":0.5108903646469116,"Y":0.794184684753418},{"X":0.45620208978652954,"Y":0.7942109107971191}]},"Id":"b06c6abb-dab7-49cf-80ba-d0ae0a4404d3","Relationships":[{"Ids":["2bc39afa-dbda-489f-a5ad-59b1235f3f9e"],"Type":"CHILD"}],"RowIndex":38,"RowSpan":1},{"BlockType":"CELL","ColumnIndex":7,"ColumnSpan":1,"Confidence":56.08741760253906,"Geometry":{"BoundingBox":{"Height":0.018432125449180603,"Left":0.5108840465545654,"Top":0.7757525444030762,"Width":0.07734512537717819},"Polygon":[{"X":0.5108840465545654,"Y":0.7757899165153503},{"X":0.5882224440574646,"Y":0.7757525444030762},{"X":0.5882291793823242,"Y":0.7941475510597229},{"X":0.5108903646469116,"Y":0.794184684753418}]},"Id":"d0db065b-ceec-4d24-ab24-3c8efe18e3c0","Relationships":[{"Ids":["09d06069-c6c1-4a7f-975a-ee689217ee50"],"Type":"CHILD"}],"RowIndex":38,"RowSpan":1},{"BlockType":"CELL","ColumnIndex":8,"ColumnSpan":1,"Confidence":86.42155456542969,"Geometry":{"BoundingBox":{"Height":0.018457477912306786,"Left":0.5882224440574646,"Top":0.7756900787353516,"Width":0.12927763164043427},"Polygon":[{"X":0.5882224440574646,"Y":0.7757525444030762},{"X":0.7174928188323975,"Y":0.7756900787353516},{"X":0.7175000905990601,"Y":0.7940854430198669},{"X":0.5882291793823242,"Y":0.7941475510597229}]},"Id":"8a3f745e-bb4f-4976-adab-01745cf19596","Relationships":[{"Ids":["d65cb3e8-af6b-4760-ab5b-1b1a88f541b1","b7cc375f-a7e0-42bf-876e-de4eeafcb314"],"Type":"CHILD"}],"RowIndex":38,"RowSpan":1},{"BlockType":"CELL","ColumnIndex":9,"ColumnSpan":1,"Confidence":90.97341918945312,"Geometry":{"BoundingBox":{"Height":0.018528498709201813,"Left":0.7174928188323975,"Top":0.7755569815635681,"Width":0.2753373980522156},"Polygon":[{"X":0.7174928188323975,"Y":0.7756900787353516},{"X":0.9928216934204102,"Y":0.7755569815635681},{"X":0.992830216884613,"Y":0.7939532399177551},{"X":0.7175000905990601,"Y":0.7940854430198669}]},"Id":"c5a6ed5e-5cde-45ae-933b-3c348cae3848","RowIndex":38,"RowSpan":1},{"BlockType":"CELL","ColumnIndex":1,"ColumnSpan":1,"Confidence":70.53126525878906,"Geometry":{"BoundingBox":{"Height":0.018016600981354713,"Left":0.006274149287492037,"Top":0.7943438291549683,"Width":0.17319288849830627},"Polygon":[{"X":0.006274149287492037,"Y":0.7944269776344299},{"X":0.17946229875087738,"Y":0.7943438291549683},{"X":0.17946703732013702,"Y":0.8122777938842773},{"X":0.006278114393353462,"Y":0.812360405921936}]},"Id":"0787d082-4532-4c11-81fd-fa4e0f551ee7","Relationships":[{"Ids":["17bfd714-3d23-4bea-8fd8-8d83850cbc6d","9aaa5c0c-171b-4d4f-b447-567879991ab8"],"Type":"CHILD"}],"RowIndex":39,"RowSpan":1},{"BlockType":"CELL","ColumnIndex":2,"ColumnSpan":1,"Confidence":36.3136100769043,"Geometry":{"BoundingBox":{"Height":0.01795945130288601,"Left":0.17946229875087738,"Top":0.7943183183670044,"Width":0.05303086340427399},"Polygon":[{"X":0.17946229875087738,"Y":0.7943438291549683},{"X":0.23248820006847382,"Y":0.7943183183670044},{"X":0.23249316215515137,"Y":0.8122525215148926},{"X":0.17946703732013702,"Y":0.8122777938842773}]},"Id":"565296e8-c4f1-465e-9476-fdbe95391207","RowIndex":39,"RowSpan":1},{"BlockType":"CELL","ColumnIndex":3,"ColumnSpan":1,"Confidence":65.16464233398438,"Geometry":{"BoundingBox":{"Height":0.017968105152249336,"Left":0.23248820006847382,"Top":0.7942844033241272,"Width":0.0707080140709877},"Polygon":[{"X":0.23248820006847382,"Y":0.7943183183670044},{"X":0.3031909465789795,"Y":0.7942844033241272},{"X":0.3031962215900421,"Y":0.8122187852859497},{"X":0.23249316215515137,"Y":0.8122525215148926}]},"Id":"e2e5f8b0-e937-4f8e-a84f-46986cf38efd","Relationships":[{"Ids":["eb330488-f726-4b22-9f5e-3abacdee5f3d"],"Type":"CHILD"}],"RowIndex":39,"RowSpan":1},{"BlockType":"CELL","ColumnIndex":4,"ColumnSpan":1,"Confidence":56.27458572387695,"Geometry":{"BoundingBox":{"Height":0.01796567626297474,"Left":0.3031909465789795,"Top":0.7942531108856201,"Width":0.06518620252609253},"Polygon":[{"X":0.3031909465789795,"Y":0.7942844033241272},{"X":0.3683715760707855,"Y":0.7942531108856201},{"X":0.368377149105072,"Y":0.812187671661377},{"X":0.3031962215900421,"Y":0.8122187852859497}]},"Id":"b407f4e0-da69-4031-b7ed-2cac3205ab39","RowIndex":39,"RowSpan":1},{"BlockType":"CELL","ColumnIndex":5,"ColumnSpan":1,"Confidence":66.36312866210938,"Geometry":{"BoundingBox":{"Height":0.017976757138967514,"Left":0.3683715760707855,"Top":0.7942109107971191,"Width":0.08783646672964096},"Polygon":[{"X":0.3683715760707855,"Y":0.7942531108856201},{"X":0.45620208978652954,"Y":0.7942109107971191},{"X":0.4562080502510071,"Y":0.8121457695960999},{"X":0.368377149105072,"Y":0.812187671661377}]},"Id":"2eb80dd1-3067-44b8-8e56-01a190e764a0","Relationships":[{"Ids":["a3501c65-d40c-4aad-8b2b-d7b7a200ce4c"],"Type":"CHILD"}],"RowIndex":39,"RowSpan":1},{"BlockType":"CELL","ColumnIndex":6,"ColumnSpan":1,"Confidence":42.295475006103516,"Geometry":{"BoundingBox":{"Height":0.01796112023293972,"Left":0.45620208978652954,"Top":0.794184684753418,"Width":0.054694484919309616},"Polygon":[{"X":0.45620208978652954,"Y":0.7942109107971191},{"X":0.5108903646469116,"Y":0.794184684753418},{"X":0.5108965635299683,"Y":0.812119722366333},{"X":0.4562080502510071,"Y":0.8121457695960999}]},"Id":"4f9c1415-b534-4421-a948-8e4a230e9cf8","Relationships":[{"Ids":["6a655733-56ee-47ad-8583-40bcafd8d73c"],"Type":"CHILD"}],"RowIndex":39,"RowSpan":1},{"BlockType":"CELL","ColumnIndex":7,"ColumnSpan":1,"Confidence":49.220001220703125,"Geometry":{"BoundingBox":{"Height":0.01797216758131981,"Left":0.5108903646469116,"Top":0.7941475510597229,"Width":0.07734531164169312},"Polygon":[{"X":0.5108903646469116,"Y":0.794184684753418},{"X":0.5882291793823242,"Y":0.7941475510597229},{"X":0.5882356762886047,"Y":0.812082827091217},{"X":0.5108965635299683,""
20:09:03.274 [Test worker] DEBUG org.apache.http.wire - http-outgoing-0 << "Y":0.812119722366333}]},"Id":"44dd299b-b245-4694-8779-dfc1a984ca91","Relationships":[{"Ids":["0c829a8c-b4ac-4883-b190-b27138ec562f"],"Type":"CHILD"}],"RowIndex":39,"RowSpan":1},{"BlockType":"CELL","ColumnIndex":8,"ColumnSpan":1,"Confidence":75.8399887084961,"Geometry":{"BoundingBox":{"Height":0.017997346818447113,"Left":0.5882291793823242,"Top":0.7940854430198669,"Width":0.12927803"
20:09:03.275 [Test worker] DEBUG org.apache.http.wire - http-outgoing-0 << "39717865},"Polygon":[{"X":0.5882291793823242,"Y":0.7941475510597229},{"X":0.7175000905990601,"Y":0.7940854430198669},{"X":0.7175071835517883,"Y":0.8120211362838745},{"X":0.5882356762886047,"Y":0.812082827091217}]},"Id":"137430bf-0baf-4ef5-8ab3-dd5265d45b43","Relationships":[{"Ids":["e1dfe950-1e56-449d-9eec-615369be51de","e0239c31-f37f-44e0-b5b3-6941965e731d"],"Type":"CHILD"}],"RowIndex":39,"RowSpan":1},{"BlockType":"CELL","ColumnIndex":9,"ColumnSpan":1,"Confidence":79.83451843261719,"Geometry":{"BoundingBox":{"Height":0.01806788332760334,"Left":0.7175000905990601,"Top":0.7939532399177551,"Width":0.27533844113349915},"Polygon":[{"X":0.7175000905990601,"Y":0.7940854430198669},{"X":0.992830216884613,"Y":0.7939532399177551},{"X":0.9928385615348816,"Y":0.8118898272514343},{"X":0.7175071835517883,"Y":0.8120211362838745}]},"Id":"1c9cd3b8-bcd1-4508-a5e4-22c7e2e3f70c","Relationships":[{"Ids":["406afa9d-9ee2-4b4c-83be-d4c9385ee05c"],"Type":"CHILD"}],"RowIndex":39,"RowSpan":1},{"BlockType":"CELL","ColumnIndex":1,"Column"
20:09:03.365 [Test worker] DEBUG org.apache.http.wire - http-outgoing-0 << "Span":1,"Confidence":69.59219360351562,"Geometry":{"BoundingBox":{"Height":0.018476052209734917,"Left":0.006278114393353462,"Top":0.8122777938842773,"Width":0.1731937676668167},"Polygon":[{"X":0.006278114393353462,"Y":0.812360405921936},{"X":0.17946703732013702,"Y":0.8122777938842773},{"X":0.17947188019752502,"Y":0.8306717872619629},{"X":0.006282181013375521,"Y":0.8307538628578186}]},"Id":"2185aa3f-e81d-41eb-80ba-f56a45cd6f35","RowIndex":40,"RowSpan":1},{"BlockType":"CELL","ColumnIndex":2,"ColumnSpan":1,"Confidence":35.830116271972656,"Geometry":{"BoundingBox":{"Height":0.01841929368674755,"Left":0.17946703732013702,"Top":0.8122525215148926,"Width":0.05303122475743294},"Polygon":[{"X":0.17946703732013702,"Y":0.8122777938842773},{"X":0.23249316215515137,"Y":0.8122525215148926},{"X":0.23249825835227966,"Y":0.8306466937065125},{"X":0.17947188019752502,"Y":0.8306717872619629}]},"Id":"e3253ac6-4d79-4867-bea6-7473633caca0","RowIndex":40,"RowSpan":1},{"BlockType":"CELL","ColumnIndex":3,"ColumnSpan":1,"Confidence":64.2970199584961,"Geometry":{"BoundingBox":{"Height":0.01842789724469185,"Left":0.23249316215515137,"Top":0.8122187852859497,"Width":0.07070846110582352},"Polygon":[{"X":0.23249316215515137,"Y":0.8122525215148926},{"X":0.3031962215900421,"Y":0.8122187852859497},{"X":0.3032016158103943,"Y":0.8306131958961487},{"X":0.23249825835227966,"Y":0.8306466937065125}]},"Id":"7de14117-8328-403d-a599-5ee2aeea822f","RowIndex":40,"RowSpan":1},{"BlockType":"CELL","ColumnIndex":4,"ColumnSpan":1,"Confidence":55.525325775146484,"Geometry":{"BoundingBox":{"Height":0.018425490707159042,"Left":0.3031962215900421,"Top":0.812187671661377,"Width":0.06518663465976715},"Polygon":[{"X":0.3031962215900421,"Y":0.8122187852859497},{"X":0.368377149105072,"Y":0.812187671661377},{"X":0.36838284134864807,"Y":0.830582320690155},{"X":0.3032016158103943,"Y":0.8306131958961487}]},"Id":"043f5406-a86f-4bff-a2a9-eb523449e00e","RowIndex":40,"RowSpan":1},{"BlockType":"CELL","ColumnIndex":5,"ColumnSpan":1,"Confidence":65.47955322265625,"Geometry":{"BoundingBox":{"Height":0.018436506390571594,"Left":0.368377149105072,"Top":0.8121457695960999,"Width":0.08783700317144394},"Polygon":[{"X":0.368377149105072,"Y":0.812187671661377},{"X":0.4562080502510071,"Y":0.8121457695960999},{"X":0.45621415972709656,"Y":0.830540657043457},{"X":0.36838284134864807,"Y":0.830582320690155}]},"Id":"84782eb0-a618-409d-98d6-6edd625ebc75","Relationships":[{"Ids":["438c917f-8178-4da0-a525-00908627b0d4"],"Type":"CHILD"}],"RowIndex":40,"RowSpan":1},{"BlockType":"CELL","ColumnIndex":6,"ColumnSpan":1,"Confidence":41.73234176635742,"Geometry":{"BoundingBox":{"Height":0.018420981243252754,"Left":0.4562080502510071,"Top":0.812119722366333,"Width":0.05469488725066185},"Polygon":[{"X":0.4562080502510071,"Y":0.8121457695960999},{"X":0.5108965635299683,"Y":0.812119722366333},{"X":0.5109029412269592,"Y":0.8305147886276245},{"X":0.45621415972709656,"Y":0.830540657043457}]},"Id":"6bdfaa9b-537a-48aa-a4a2-44353fbb7230","Relationships":[{"Ids":["53cdbdfe-1230-41cc-91e8-42bdcba1a105"],"Type":"CHILD"}],"RowIndex":40,"RowSpan":1},{"BlockType":"CELL","ColumnIndex":7,"ColumnSpan":1,"Confidence":48.56467056274414,"Geometry":{"BoundingBox":{"Height":0.01843196153640747,"Left":0.5108965635299683,"Top":0.812082827091217,"Width":0.0773458182811737},"Polygon":[{"X":0.5108965635299683,"Y":0.812119722366333},{"X":0.5882356762886047,"Y":0.812082827091217},{"X":0.5882424116134644,"Y":0.8304781317710876},{"X":0.5109029412269592,"Y":0.8305147886276245}]},"Id":"f1e11bfb-4f31-4b9f-8037-44187a2900d9","Relationships":[{"Ids":["79c55c3d-b37a-42c7-abcf-a154d89298d5"],"Type":"CHILD"}],"RowIndex":40,"RowSpan":1},{"BlockType":"CELL","ColumnIndex":8,"ColumnSpan":1,"Confidence":74.83023071289062,"Geometry":{"BoundingBox":{"Height":0.01845698244869709,"Left":0.5882356762886047,"Top":0.8120211362838745,"Width":0.12927879393100739},"Polygon":[{"X":0.5882356762886047,"Y":0.812082827091217},{"X":0.7175071835517883,"Y":0.8120211362838745},{"X":0.7175145149230957,"Y":0.8304168581962585},{"X":0.5882424116134644,"Y":0.8304781317710876}]},"Id":"8b16432e-133f-492e-9b17-e79d82694e9e","Relationships":[{"Ids":["45f61dd0-1a89-4fe3-9836-8097c6198aea","db11e5af-74bf-4df2-84ab-3a02ad87793b"],"Type":"CHILD"}],"RowIndex":40,"RowSpan":1},{"BlockType":"CELL","ColumnIndex":9,"ColumnSpan":1,"Confidence":78.77157592773438,"Geometry":{"BoundingBox":{"Height":0.018527070060372353,"Left":0.7175071835517883,"Top":0.8118898272514343,"Width":0.27533987164497375},"Polygon":[{"X":0.7175071835517883,"Y":0.8120211362838745},{"X":0.9928385615348816,"Y":0.8118898272514343},{"X":0.9928470849990845,"Y":0.83028644323349},{"X":0.7175145149230957,"Y":0.8304168581962585}]},"Id":"32fa387b-a5bc-4568-88de-eb502e5cd79f","Relationships":[{"Ids":["191b0e48-9b45-41e1-80c7-5607a9aa5dd6"],"Type":"CHILD"}],"RowIndex":40,"RowSpan":1},{"BlockType":"CELL","ColumnIndex":1,"ColumnSpan":1,"Confidence":72.8641128540039,"Geometry":{"BoundingBox":{"Height":0.01893550157546997,"Left":0.006282181013375521,"Top":0.8306717872619629,"Width":0.17319467663764954},"Polygon":[{"X":0.006282181013375521,"Y":0.8307538628578186},{"X":0.17947188019752502,"Y":0.8306717872619629},{"X":0.17947685718536377,"Y":0.8495258092880249},{"X":0.0062863496132195,"Y":0.8496072888374329}]},"Id":"c0880d7a-2ace-42c8-8143-947446a4e7c3","Relationships":[{"Ids":["d914bad6-398c-4763-b6bb-9c3890d08f3e"],"Type":"CHILD"}],"RowIndex":41,"RowSpan":1},{"BlockType":"CELL","ColumnIndex":2,"ColumnSpan":1,"Confidence":37.51469039916992,"Geometry":{"BoundingBox":{"Height":0.01887914538383484,"Left":0.17947188019752502,"Top":0.8306466937065125,"Width":0.053031593561172485},"Polygon":[{"X":0.17947188019752502,"Y":0.8306717872619629},{"X":0.23249825835227966,"Y":0.8306466937065125},{"X":0.2325034737586975,"Y":0.8495008945465088},{"X":0.17947685718536377,"Y":0.8495258092880249}]},"Id":"77d3b0ce-56d6-46f5-93e6-93712338491b","RowIndex":41,"RowSpan":1},{"BlockType":"CELL","ColumnIndex":3,"ColumnSpan":1,"Confidence":67.31998443603516,"Geometry":{"BoundingBox":{"Height":0.018887696787714958,"Left":0.23249825835227966,"Top":0.8306131958961487,"Width":0.07070891559123993},"Polygon":[{"X":0.23249825835227966,"Y":0.8306466937065125},{"X":0.3032016158103943,"Y":0.8306131958961487},{"X":0.3032071590423584,"Y":0.8494676351547241},{"X":0.2325034737586975,"Y":0.8495008945465088}]},"Id":"72f64ac7-2a18-43c2-a7fa-a5f6dda340f3","RowIndex":41,"RowSpan":1},{"BlockType":"CELL","ColumnIndex":4,"ColumnSpan":1,"Confidence":58.13588333129883,"Geometry":{"BoundingBox":{"Height":0.018885314464569092,"Left":0.3032016158103943,"Top":0.830582320690155,"Width":0.06518707424402237},"Polygon":[{"X":0.3032016158103943,"Y":0.8306131958961487},{"X":0.36838284134864807,"Y":0.830582320690155},{"X":0.36838871240615845,"Y":0.8494369387626648},{"X":0.3032071590423584,"Y":0.8494676351547241}]},"Id":"2dc2d856-09de-4bad-b4ea-47c1b03b3fbe","RowIndex":41,"RowSpan":1},{"BlockType":"CELL","ColumnIndex":5,"ColumnSpan":1,"Confidence":68.55811309814453,"Geometry":{"BoundingBox":{"Height":0.018896261230111122,"Left":0.36838284134864807,"Top":0.830540657043457,"Width":0.08783755451440811},"Polygon":[{"X":0.36838284134864807,"Y":0.830582320690155},{"X":0.45621415972709656,"Y":0.830540657043457},{"X":0.456220418214798,"Y":0.8493956327438354},{"X":0.36838871240615845,"Y":0.8494369387626648}]},"Id":"d56f3544-cd8d-41e8-a502-5a1dbb10be98","Relationships":[{"Ids":["ccf3eba1-85ea-4d5e-a504-585851038eda"],"Type":"CHILD"}],"RowIndex":41,"RowSpan":1},{"BlockType":"CELL","ColumnIndex":6,"ColumnSpan":1,"Confidence":43.69441223144531,"Geometry":{"BoundingBox":{"Height":0.018880849704146385,"Left":0.45621415972709656,"Top":0.8305147886276245,"Width":0.05469529330730438},"Polygon":[{"X":0.45621415972709656,"Y":0.830540657043457},{"X":0.5109029412269592,"Y":0.8305147886276245},{"X":0.5109094381332397,"Y":0.8493698835372925},{"X":0.456220418214798,"Y":0.8493956327438354}]},"Id":"38a21524-8a58-42d5-a461-511d218d38df","Relationships":[{"Ids":[""
20:09:03.366 [Test worker] DEBUG org.apache.http.wire - http-outgoing-0 << "4f37e05e-49b8-4657-ba88-40a2e270728c"],"Type":"CHILD"}],"RowIndex":41,"RowSpan":1},{"BlockType":"CELL","ColumnIndex":7,"ColumnSpan":1,"Confidence":50.847965240478516,"Geometry":{"BoundingBox":{"Height":0.01889176107943058,"Left":0.5109029412269592,"Top":0.8304781317710876,"Width":0.0773463323712349},"Polygon":[{"X":0.5109029412269592,"Y":0.8305147886276245},{"X":0.5882424116134644,"Y":0.8304781317710876},{"X":0.5882492661476135,"Y":0.8493335247039795},{"X":0.5109094381332397,"Y":0.8493698835372925}]},"Id":"be61a08e-b5fe-432b-90f2-a3fc2a37102b","Relationships":[{"Ids":["6bb828c7-22f3-4f0e-8e30-0be373fdb29f"],"Type":"CHILD"}],"RowIndex":41,"RowSpan":1},{"BlockType":"CELL","ColumnIndex":8,"ColumnSpan":1,"Confidence":78.34841918945312,"Geometry":{"BoundingBox":{"Height":0.018916621804237366,"Left":0.5882424116134644,"Top":0.8304168581962585,"Width":0.12927955389022827},"Polygon":[{"X":0.5882424116134644,"Y":0.8304781317710876},{"X":0.7175145149230957,"Y":0.8304168581962585},{"X":0.7175219655036926,"Y":0.8492726683616638},{"X":0.5882492661476135,"Y":0.8493335247039795}]},"Id":"da9953d0-78f7-4186-bb4d-244b256c568c","Relationships":[{"Ids":["ccee8171-6608-4f62-b95a-1a92926ffd73","b617a806-0c4b-40ad-ad30-9884e078dcc8"],"Type":"CHILD"}],"RowIndex":41,"RowSpan":1},{"BlockType":"CELL","ColumnIndex":9,"ColumnSpan":1,"Confidence":82.4750747680664,"Geometry":{"BoundingBox":{"Height":0.01898624747991562,"Left":0.7175145149230957,"Top":0.83028644323349,"Width":0.27534133195877075},"Polygon":[{"X":0.7175145149230957,"Y":0.8304168581962585},{"X":0.9928470849990845,"Y":0.83028644323349},{"X":0.9928558468818665,"Y":0.8491431474685669},{"X":0.7175219655036926,"Y":0.8492726683616638}]},"Id":"4fffa92c-7328-4d9f-99c0-49a7a182dd22","Relationships":[{"Ids":["3a95ce06-5703-438f-8116-b406a75fa34b"],"Type":"CHILD"}],"RowIndex":41,"RowSpan":1},{"BlockType":"CELL","ColumnIndex":1,"ColumnSpan":1,"Confidence":74.0609130859375,"Geometry":{"BoundingBox":{"Height":0.019394950941205025,"Left":0.0062863496132195,"Top":0.8495258092880249,"Width":0.17319560050964355},"Polygon":[{"X":0.0062863496132195,"Y":0.8496072888374329},{"X":0.17947685718536377,"Y":0.8495258092880249},{"X":0.17948195338249207,"Y":0.8688398599624634},{"X":0.0062906197272241116,"Y":0.8689207434654236}]},"Id":"2aa4cec8-bf03-436f-a098-d017339597da","RowIndex":42,"RowSpan":1},{"BlockType":"CELL","ColumnIndex":2,"ColumnSpan":1,"Confidence":38.13087463378906,"Geometry":{"BoundingBox":{"Height":0.019339006394147873,"Left":0.17947685718536377,"Top":0.8495008945465088,"Width":0.05303196609020233},"Polygon":[{"X":0.17947685718536377,"Y":0.8495258092880249},{"X":0.2325034737586975,"Y":0.8495008945465088},{"X":0.2325088232755661,"Y":0.8688151240348816},{"X":0.17948195338249207,"Y":0.8688398599624634}]},"Id":"c7ffe86c-b4f7-4423-bd6c-ff3fb9024e65","RowIndex":42,"RowSpan":1},{"BlockType":"CELL","ColumnIndex":3,"ColumnSpan":1,"Confidence":68.42572784423828,"Geometry":{"BoundingBox":{"Height":0.019347501918673515,"Left":0.2325034737586975,"Top":0.8494676351547241,"Width":0.07070937752723694},"Polygon":[{"X":0.2325034737586975,"Y":0.8495008945465088},{"X":0.3032071590423584,"Y":0.8494676351547241},{"X":0.30321285128593445,"Y":0.868782103061676},{"X":0.2325088232755661,"Y":0.8688151240348816}]},"Id":"eacd2414-0841-4556-9b03-abcbfe9fc93c","RowIndex":42,"RowSpan":1},{"BlockType":"CELL","ColumnIndex":4,"ColumnSpan":1,"Confidence":59.09077453613281,"Geometry":{"BoundingBox":{"Height":0.01934514380991459,"Left":0.3032071590423584,"Top":0.8494369387626648,"Width":0.06518752127885818},"Polygon":[{"X":0.3032071590423584,"Y":0.8494676351547241},{"X":0.36838871240615845,"Y":0.8494369387626648},{"X":0.3683947026729584,"Y":0.8687516450881958},{"X":0.30321285128593445,"Y":0.868782103061676}]},"Id":"9ba1799d-c5a0-424e-9e33-2412eeef36e5","Relationships":[{"Ids":["d1aa3beb-1363-45ba-8afb-dad58d72e6fd"],"Type":"CHILD"}],"RowIndex":42,"RowSpan":1},{"BlockType":"CELL","ColumnIndex":5,"ColumnSpan":1,"Confidence":69.68419647216797,"Geometry":{"BoundingBox":{"Height":0.019356021657586098,"Left":0.36838871240615845,"Top":0.8493956327438354,"Width":0.08783812075853348},"Polygon":[{"X":0.36838871240615845,"Y":0.8494369387626648},{"X":0.456220418214798,"Y":0.8493956327438354},{"X":0.45622682571411133,"Y":0.8687106370925903},{"X":0.3683947026729584,"Y":0.8687516450881958}]},"Id":"6ce73eb9-8480-4587-9afd-87314dadf5aa","Relationships":[{"Ids":["37001599-018f-4ebb-91f0-bc4ceee10ddb"],"Type":"CHILD"}],"RowIndex":42,"RowSpan":1},{"BlockType":"CELL","ColumnIndex":6,"ColumnSpan":1,"Confidence":44.41210174560547,"Geometry":{"BoundingBox":{"Height":0.019340725615620613,"Left":0.456220418214798,"Top":0.8493698835372925,"Width":0.05469570681452751},"Polygon":[{"X":0.456220418214798,"Y":0.8493956327438354},{"X":0.5109094381332397,"Y":0.8493698835372925},{"X":0.5109161138534546,"Y":0.8686850666999817},{"X":0.45622682571411133,"Y":0.8687106370925903}]},"Id":"637c5d68-e3a3-47a8-8e99-bd7b5d2e8f24","Relationships":[{"Ids":["8727b996-dca7-4acb-ab61-a33e315f7125"],"Type":"CHILD"}],"RowIndex":42,"RowSpan":1},{"BlockType":"CELL","ColumnIndex":7,"ColumnSpan":1,"Confidence":51.68315124511719,"Geometry":{"BoundingBox":{"Height":0.019351568073034286,"Left":0.5109094381332397,"Top":0.8493335247039795,"Width":0.07734686136245728},"Polygon":[{"X":0.5109094381332397,"Y":0.8493698835372925},{"X":0.5882492661476135,"Y":0.8493335247039795},{"X":0.588256299495697,"Y":0.8686489462852478},{"X":0.5109161138534546,"Y":0.8686850666999817}]},"Id":"45d9e98f-78fb-4823-be21-4b2fb647623e","Relationships":[{"Ids":["82a0209e-50d7-476b-891b-706e3fdd05e5"],"Type":"CHILD"}],"RowIndex":42,"RowSpan":1},{"BlockType":"CELL","ColumnIndex":8,"ColumnSpan":1,"Confidence":79.63530731201172,"Geometry":{"BoundingBox":{"Height":0.01937626302242279,"Left":0.5882492661476135,"Top":0.8492726683616638,"Width":0.12928034365177155},"Polygon":[{"X":0.5882492661476135,"Y":0.8493335247039795},{"X":0.7175219655036926,"Y":0.8492726683616638},{"X":0.7175295948982239,"Y":0.8685885667800903},{"X":0.588256299495697,"Y":0.8686489462852478}]},"Id":"0b049f88-fce8-41b3-93b0-92272c18c52b","Relationships":[{"Ids":["2db5f47c-68f7-4a49-a7ea-2adcd4fc276d","1afe3444-d8f4-4f19-adc6-3258620b903a"],"Type":"CHILD"}],"RowIndex":42,"RowSpan":1},{"BlockType":"CELL","ColumnIndex":9,"ColumnSpan":1,"Confidence":83.82974243164062,"Geometry":{"BoundingBox":{"Height":0.01944541558623314,"Left":0.7175219655036926,"Top":0.8491431474685669,"Width":0.27534282207489014},"Polygon":[{"X":0.7175219655036926,"Y":0.8492726683616638},{"X":0.9928558468818665,"Y":0.8491431474685669},{"X":0.9928647875785828,"Y":0.8684599995613098},{"X":0.7175295948982239,"Y":0.8685885667800903}]},"Id":"78bd5e56-ff24-4e07-948b-28720c4529d7","Relationships":[{"Ids":["a029db97-2127-4654-b43b-3a3845412b30"],"Type":"CHILD"}],"RowIndex":42,"RowSpan":1},{"BlockType":"CELL","ColumnIndex":1,"ColumnSpan":1,"Confidence":69.50308990478516,"Geometry":{"BoundingBox":{"Height":0.018474845215678215,"Left":0.0062906197272241116,"Top":0.8688398599624634,"Width":0.17319618165493011},"Polygon":[{"X":0.0062906197272241116,"Y":0.8689207434654236},{"X":0.17948195338249207,"Y":0.8688398599624634},{"X":0.17948679625988007,"Y":0.8872343897819519},{"X":0.00629468634724617,"Y":0.8873147368431091}]},"Id":"589194f1-0cb3-42e9-8507-558701691479","Relationships":[{"Ids":["c5024f30-35ce-422c-a232-574ab2ce07e2","780c3820-c409-4281-930f-2c74e205a2af"],"Type":"CHILD"}],"RowIndex":43,"RowSpan":1},{"BlockType":"CELL","ColumnIndex":2,"ColumnSpan":1,"Confidence":35.784244537353516,"Geometry":{"BoundingBox":{"Height":0.018419280648231506,"Left":0.17948195338249207,"Top":0.8688151240348816,"Width":0.05303196609020233},"Polygon":[{"X":0.17948195338249207,"Y":0.8688398599624634},{"X":0.2325088232755661,"Y":0.8688151240348816},{"X":0.2325139194726944,"Y":0.8872097730636597},{"X":0.17948679625988007,"Y":0.8872343897819519}]},"Id":"e720ff6d-afa3-4685-9159-1eaf70f5e841","RowIndex":43,"RowSpan":1},{"BlockType":"CELL","ColumnIndex":3,"Col"
20:09:03.367 [Test worker] DEBUG org.apache.http.wire - http-outgoing-0 << "umnSpan":1,"Confidence":64.21470642089844,"Geometry":{"BoundingBox":{"Height":0.018427707254886627,"Left":0.2325088232755661,"Top":0.868782103061676,"Width":0.07070944458246231},"Polygon":[{"X":0.2325088232755661,"Y":0.8688151240348816},{"X":0.30321285128593445,"Y":0.868782103061676},{"X":0.303218275308609,"Y":0.8871769905090332},{"X":0.2325139194726944,"Y":0.8872097730636597}]},"I"
20:09:03.367 [Test worker] DEBUG org.apache.http.wire - http-outgoing-0 << "d":"573484b6-c9f6-4328-aecf-8b031695cf99","Relationships":[{"Ids":["6307fd04-bcb5-4937-bc22-4564ae361acc"],"Type":"CHILD"}],"RowIndex":43,"RowSpan":1},{"BlockType":"CELL","ColumnIndex":4,"ColumnSpan":1,"Confidence":55.45424270629883,"Geometry":{"BoundingBox":{"Height":0.018425356596708298,"Left":0.30321285128593445,"Top":0.8687516450881958,"Width":0.06518754363059998},"Polygon":[{"X":0.30321285128593445,"Y":0.868782103061676},{"X":0.3683947026729584,"Y":0.8687516450881958},{"X":0.3684003949165344,"Y":0.8871467709541321},{"X":0.303218275308609,"Y":0.8871769905090332}]},"Id":"5ec216dc-1a47-43ca-9eae-8cf833561114","RowIndex":43,"RowSpan":1},{"BlockType":"CELL","ColumnIndex":5,"ColumnSpan":1,"Confidence":65.39572143554688,"Geometry":{"BoundingBox":{"Height":0.018436146900057793,"Left":0.3683947026729584,"Top":0.8687106370925903,"Width":0.08783823251724243},"Polygon":[{"X":0.3683947026729584,"Y":0.8687516450881958},{"X":0.45622682571411133,"Y":0.8687106370925903},{"X":0.4562329351902008,"Y":0.8871060013771057},{"X"
20:09:03.368 [Test worker] DEBUG org.apache.http.wire - http-outgoing-0 << "":0.3684003949165344,"Y":0.8871467709541321}]},"Id":"d290f3ca-3055-496a-961e-ec06dbdb12e1","Relationships":[{"Ids":["cf7d4b80-adad-49ca-a9a9-99aa44e0be02"],"Type":"CHILD"}],"RowIndex":43,"RowSpan":1},{"BlockType":"CELL","ColumnIndex":6,"ColumnSpan":1,"Confidence":41.67891311645508,"Geometry":{"BoundingBox":{"Height":0.018420949578285217,"Left":0.45622682571411133,"Top":0.8686850666999817,"Width":0.054695647209882736},"Polygon":[{"X":0.45622682571411133,"Y":0.8687106370925903},{"X":0.5109161138534546,"Y":0.8686850666999817},{"X":0.5109224915504456,"Y":0.8870806694030762},{"X":0.4562329351902008,"Y":0.8871060013771057}]},"Id":"63666f1a-2733-4080-aedc-b7ed1a258439","Relationships":[{"Ids":["f99cc35b-acee-4363-80c6-943a8b650ff5"],"Type":"CHILD"}],"RowIndex":43,"RowSpan":1},{"BlockType":"CELL","ColumnIndex":7,"ColumnSpan":1,"Confidence":48.50249481201172,"Geometry":{"BoundingBox":{"Height":0.018431706354022026,"Left":0.5109161138534546,"Top":0.8686489462852478,"Width":0.07734689861536026},"Polygon":[{"X":0.5109161138534546,"Y":0.8686850666999817},{"X":0.588256299495697,"Y":0.8686489462852478},{"X":0.5882630348205566,"Y":0.8870447874069214},{"X":0.5109224915504456,"Y":0.8870806694030762}]},"Id":"64c04a7c-badc-4758-bb9b-f835a570057a","Relationships":[{"Ids":["705aea2b-30e3-47a0-b7cb-429bb00b8dbd"],"Type":"CHILD"}],"RowIndex":43,"RowSpan":1},{"BlockType":"CELL","ColumnIndex":8,"ColumnSpan":1,"Confidence":74.73442840576172,"Geometry":{"BoundingBox":{"Height":0.01845621131360531,"Left":0.588256299495697,"Top":0.8685885667800903,"Width":0.12928058207035065},"Polygon":[{"X":0.588256299495697,"Y":0.8686489462852478},{"X":0.7175295948982239,"Y":0.8685885667800903},{"X":0.7175369262695312,"Y":0.8869848251342773},{"X":0.5882630348205566,"Y":0.8870447874069214}]},"Id":"87538394-473a-45c1-83c2-787fbe811600","Relationships":[{"Ids":["4c0863b4-4f47-4fc4-b5c1-7d21c3bf6ff1","1b48a3f8-3c5f-4dd3-9150-b83611847fca"],"Type":"CHILD"}],"RowIndex":43,"RowSpan":1},{"BlockType":"CELL","ColumnIndex":9,"ColumnSpan":1,"Confidence":78.67073059082031,"Geometry":{"BoundingBox":{"Height":0.01852484978735447,"Left":0.7175295948982239,"Top":0.8684599995613098,"Width":0.27534371614456177},"Polygon":[{"X":0.7175295948982239,"Y":0.8685885667800903},{"X":0.9928647875785828,"Y":0.8684599995613098},{"X":0.9928733110427856,"Y":0.8868570923805237},{"X":0.7175369262695312,"Y":0.8869848251342773}]},"Id":"f4f5813b-5693-49c7-80e9-2f7cea9c39ab","Relationships":[{"Ids":["d78f9073-9c4f-42cc-babc-c05c1759b708"],"Type":"CHILD"}],"RowIndex":43,"RowSpan":1},{"BlockType":"CELL","ColumnIndex":1,"ColumnSpan":1,"Confidence":63.35719680786133,"Geometry":{"BoundingBox":{"Height":0.01801459677517414,"Left":0.00629468634724617,"Top":0.8872343897819519,"Width":0.17319683730602264},"Polygon":[{"X":0.00629468634724617,"Y":0.8873147368431091},{"X":0.17948679625988007,"Y":0.8872343897819519},{"X":0.1794915348291397,"Y":0.9051691889762878},{"X":0.0062986514531075954,"Y":0.9052489995956421}]},"Id":"46cc6c51-c845-42e1-b70e-35c8761af6bc","RowIndex":44,"RowSpan":1},{"BlockType":"CELL","ColumnIndex":2,"ColumnSpan":1,"Confidence":32.61997604370117,"Geometry":{"BoundingBox":{"Height":0.017959406599402428,"Left":0.17948679625988007,"Top":0.8872097730636597,"Width":0.053032077848911285},"Polygon":[{"X":0.17948679625988007,"Y":0.8872343897819519},{"X":0.2325139194726944,"Y":0.8872097730636597},{"X":0.23251888155937195,"Y":0.9051447510719299},{"X":0.1794915348291397,"Y":0.9051691889762878}]},"Id":"3527a7c2-6818-4de7-9d95-ba21cb246257","RowIndex":44,"RowSpan":1},{"BlockType":"CELL","ColumnIndex":3,"ColumnSpan":1,"Confidence":58.536441802978516,"Geometry":{"BoundingBox":{"Height":0.017967771738767624,"Left":0.2325139194726944,"Top":0.8871769905090332,"Width":0.07070963084697723},"Polygon":[{"X":0.2325139194726944,"Y":0.8872097730636597},{"X":0.303218275308609,"Y":0.8871769905090332},{"X":0.30322355031967163,"Y":0.9051122069358826},{"X":0.23251888155937195,"Y":0.9051447510719299}]},"Id":"b7d0da8f-31df-4b58-a9a5-9e143a00bb56","RowIndex":44,"RowSpan":1},{"BlockType":"CELL","ColumnIndex":4,"ColumnSpan":1,"Confidence":50.550628662109375,"Geometry":{"BoundingBox":{"Height":0.01796543411910534,"Left":0.303218275308609,"Top":0.8871467709541321,"Width":0.06518770009279251},"Polygon":[{"X":0.303218275308609,"Y":0.8871769905090332},{"X":0.3684003949165344,"Y":0.8871467709541321},{"X":0.3684059679508209,"Y":0.9050821661949158},{"X":0.30322355031967163,"Y":0.9051122069358826}]},"Id":"52888740-32b5-4b6f-9607-a8e1236c25f4","RowIndex":44,"RowSpan":1},{"BlockType":"CELL","ColumnIndex":5,"ColumnSpan":1,"Confidence":59.6130256652832,"Geometry":{"BoundingBox":{"Height":0.017976144328713417,"Left":0.3684003949165344,"Top":0.8871060013771057,"Width":0.08783847838640213},"Polygon":[{"X":0.3684003949165344,"Y":0.8871467709541321},{"X":0.4562329351902008,"Y":0.8871060013771057},{"X":0.45623886585235596,"Y":0.9050416946411133},{"X":0.3684059679508209,"Y":0.9050821661949158}]},"Id":"d3eec1a0-a562-4c4e-a782-ae4ebf232e99","Relationships":[{"Ids":["bd0cd5ee-2b98-4d65-b409-dab8c3c49683"],"Type":"CHILD"}],"RowIndex":44,"RowSpan":1},{"BlockType":"CELL","ColumnIndex":6,"ColumnSpan":1,"Confidence":37.993404388427734,"Geometry":{"BoundingBox":{"Height":0.01796104945242405,"Left":0.4562329351902008,"Top":0.8870806694030762,"Width":0.0546957366168499},"Polygon":[{"X":0.4562329351902008,"Y":0.8871060013771057},{"X":0.5109224915504456,"Y":0.8870806694030762},{"X":0.5109286904335022,"Y":0.9050165414810181},{"X":0.45623886585235596,"Y":0.9050416946411133}]},"Id":"9a19e58a-cec1-42b4-8953-188df7315b0c","Relationships":[{"Ids":["a27e3f87-bd2f-4a20-bb83-4755894981a8"],"Type":"CHILD"}],"RowIndex":44,"RowSpan":1},{"BlockType":"CELL","ColumnIndex":7,"ColumnSpan":1,"Confidence":44.213600158691406,"Geometry":{"BoundingBox":{"Height":0.01797172613441944,"Left":0.5109224915504456,"Top":0.8870447874069214,"Width":0.07734707742929459},"Polygon":[{"X":0.5109224915504456,"Y":0.8870806694030762},{"X":0.5882630348205566,"Y":0.8870447874069214},{"X":0.5882695317268372,"Y":0.9049808979034424},{"X":0.5109286904335022,"Y":0.9050165414810181}]},"Id":"2e673178-25b2-4be5-827f-9128715ad16b","Relationships":[{"Ids":["283cd330-e031-4355-acca-e10531abe591"],"Type":"CHILD"}],"RowIndex":44,"RowSpan":1},{"BlockType":"CELL","ColumnIndex":8,"ColumnSpan":1,"Confidence":68.12594604492188,"Geometry":{"BoundingBox":{"Height":0.017996057868003845,"Left":0.5882630348205566,"Top":0.8869848251342773,"Width":0.12928098440170288},"Polygon":[{"X":0.5882630348205566,"Y":0.8870447874069214},{"X":0.7175369262695312,"Y":0.8869848251342773},{"X":0.7175440192222595,"Y":0.9049213528633118},{"X":0.5882695317268372,"Y":0.9049808979034424}]},"Id":"5013d786-7c78-4d0a-a90c-a85ad9b63689","Relationships":[{"Ids":["7800c540-0e20-49b8-b563-24b0f8a14462","14f17ba5-19c7-4854-bbad-97e98f59e8b8"],"Type":"CHILD"}],"RowIndex":44,"RowSpan":1},{"BlockType":"CELL","ColumnIndex":9,"ColumnSpan":1,"Confidence":71.71417236328125,"Geometry":{"BoundingBox":{"Height":0.018064213916659355,"Left":0.7175369262695312,"Top":0.8868570923805237,"Width":0.27534472942352295},"Polygon":[{"X":0.7175369262695312,"Y":0.8869848251342773},{"X":0.9928733110427856,"Y":0.8868570923805237},{"X":0.9928816556930542,"Y":0.9047945141792297},{"X":0.7175440192222595,"Y":0.9049213528633118}]},"Id":"237c4ff3-6e8a-46f9-963a-e233fd3b0724","Relationships":[{"Ids":["fa8c1165-79e6-4a03-81bb-b68414c239a2"],"Type":"CHILD"}],"RowIndex":44,"RowSpan":1},{"BlockType":"CELL","ColumnIndex":1,"ColumnSpan":1,"Confidence":71.84017944335938,"Geometry":{"BoundingBox":{"Height":0.01893392764031887,"Left":0.0062986514531075954,"Top":0.9051691889762878,"Width":0.17319785058498383},"Polygon":[{"X":0.0062986514531075954,"Y":0.9052489995956421},{"X":0.1794915348291397,"Y":0.9051691889762878},{"X":0.17949649691581726,"Y":0.9240239262580872},{"X":0.006302820052951574,"Y":0.9241031408309937}]},"Id":"4ab3961e-1571-4b40-bafd-7ddab8327067","Relationships":[{"Ids":["56102153-d738-40f8-8b1a-0d6279990b0f"],"
20:09:03.369 [Test worker] DEBUG org.apache.http.wire - http-outgoing-0 << ""Type":"CHILD"}],"RowIndex":45,"RowSpan":1},{"BlockType":"CELL","ColumnIndex":2,"ColumnSpan":1,"Confidence":36.98751449584961,"Geometry":{"BoundingBox":{"Height":0.01887914352118969,"Left":0.1794915348291397,"Top":0.9051447510719299,"Width":0.053032565861940384},"Polygon":[{"X":0.1794915348291397,"Y":0.9051691889762878},{"X":0.23251888155937195,"Y":0.9051447510719299},{"X":0.2325240969657898,"Y":0.9239996671676636},{"X":0.17949649691581726,"Y":0.9240239262580872}]},"Id":"284c0d52-189a-4dad-9171-c4c40a130d52","RowIndex":45,"RowSpan":1},{"BlockType":"CELL","ColumnIndex":3,"ColumnSpan":1,"Confidence":66.37397003173828,"Geometry":{"BoundingBox":{"Height":0.018887462094426155,"Left":0.23251888155937195,"Top":0.9051122069358826,"Width":0.0707102119922638},"Polygon":[{"X":0.23251888155937195,"Y":0.9051447510719299},{"X":0.30322355031967163,"Y":0.9051122069358826},{"X":0.30322909355163574,"Y":0.9239673018455505},{"X":0.2325240969657898,"Y":0.9239996671676636}]},"Id":"61a29fea-c6ea-4778-9117-2bc2e794b5be","RowIndex":45,"RowSpan":1},{"BlockType":"CELL","ColumnIndex":4,"ColumnSpan":1,"Confidence":57.31892395019531,"Geometry":{"BoundingBox":{"Height":0.01888515241444111,"Left":0.30322355031967163,"Top":0.9050821661949158,"Width":0.06518827378749847},"Polygon":[{"X":0.30322355031967163,"Y":0.9051122069358826},{"X":0.3684059679508209,"Y":0.9050821661949158},{"X":0.3684118092060089,"Y":0.9239374995231628},{"X":0.30322909355163574,"Y":0.9239673018455505}]},"Id":"a8018b6a-7cd7-4bfb-b09b-9342eebb1e08","Relationships":[{"Ids":["c632237f-8653-45a4-95ab-f5cc52b9d95c"],"Type":"CHILD"}],"RowIndex":45,"RowSpan":1},{"BlockType":"CELL","ColumnIndex":5,"ColumnSpan":1,"Confidence":67.59469604492188,"Geometry":{"BoundingBox":{"Height":0.01889580301940441,"Left":0.3684059679508209,"Top":0.9050416946411133,"Width":0.08783917129039764},"Polygon":[{"X":0.3684059679508209,"Y":0.9050821661949158},{"X":0.45623886585235596,"Y":0.9050416946411133},{"X":0.4562451243400574,"Y":0.9238973259925842},{"X":0.3684118092060089,"Y":0.9239374995231628}]},"Id":"92652127-f20f-4604-8229-fb68ff253b61","Relationships":[{"Ids":["88147321-2e9e-47b7-8acf-fc69f267c8b5"],"Type":"CHILD"}],"RowIndex":45,"RowSpan":1},{"BlockType":"CELL","ColumnIndex":6,"ColumnSpan":1,"Confidence":43.08039474487305,"Geometry":{"BoundingBox":{"Height":0.018880825489759445,"Left":0.45623886585235596,"Top":0.9050165414810181,"Width":0.05469629541039467},"Polygon":[{"X":0.45623886585235596,"Y":0.9050416946411133},{"X":0.5109286904335022,"Y":0.9050165414810181},{"X":0.5109351873397827,"Y":0.9238723516464233},{"X":0.4562451243400574,"Y":0.9238973259925842}]},"Id":"0522abde-a14c-49c6-b02e-15b4224c99d6","Relationships":[{"Ids":["0e25d799-a243-4ace-8c91-e75b14dcfd4c"],"Type":"CHILD"}],"RowIndex":45,"RowSpan":1},{"BlockType":"CELL","ColumnIndex":7,"ColumnSpan":1,"Confidence":50.133426666259766,"Geometry":{"BoundingBox":{"Height":0.01889144256711006,"Left":0.5109286904335022,"Top":0.9049808979034424,"Width":0.0773477554321289},"Polygon":[{"X":0.5109286904335022,"Y":0.9050165414810181},{"X":0.5882695317268372,"Y":0.9049808979034424},{"X":0.5882764458656311,"Y":0.9238369464874268},{"X":0.5109351873397827,"Y":0.9238723516464233}]},"Id":"d63330c8-b837-4767-8a91-fa18809f690e","Relationships":[{"Ids":["2f38ce48-8f57-4284-a449-f8adfca0ade8"],"Type":"CHILD"}],"RowIndex":45,"RowSpan":1},{"BlockType":"CELL","ColumnIndex":8,"ColumnSpan":1,"Confidence":77.24742889404297,"Geometry":{"BoundingBox":{"Height":0.01891562156379223,"Left":0.5882695317268372,"Top":0.9049213528633118,"Width":0.1292819231748581},"Polygon":[{"X":0.5882695317268372,"Y":0.9049808979034424},{"X":0.7175440192222595,"Y":0.9049213528633118},{"X":0.7175514698028564,"Y":0.9237778186798096},{"X":0.5882764458656311,"Y":0.9238369464874268}]},"Id":"cf697d36-d622-4620-a29f-655c5fefa8a1","Relationships":[{"Ids":["8fd441d8-f58b-4756-b06b-9a33b7620010","24fdaf6e-4588-4087-9f4e-b834494c92bd"],"Type":"CHILD"}],"RowIndex":45,"RowSpan":1},{"BlockType":"CELL","ColumnIndex":9,"ColumnSpan":1,"Confidence":81.31608581542969,"Geometry":{"BoundingBox":{"Height":0.01898333802819252,"Left":0.7175440192222595,"Top":0.9047945141792297,"Width":0.27534639835357666},"Polygon":[{"X":0.7175440192222595,"Y":0.9049213528633118},{"X":0.9928816556930542,"Y":0.9047945141792297},{"X":0.9928903579711914,"Y":0.9236518740653992},{"X":0.7175514698028564,"Y":0.9237778186798096}]},"Id":"5232eef3-542f-47ab-92a0-a8549888e6a2","Relationships":[{"Ids":["235d36e5-b353-4515-9280-fa1bbe338e8f"],"Type":"CHILD"}],"RowIndex":45,"RowSpan":1},{"BlockType":"CELL","ColumnIndex":1,"ColumnSpan":1,"Confidence":69.0268325805664,"Geometry":{"BoundingBox":{"Height":0.019393393769860268,"Left":0.006302820052951574,"Top":0.9240239262580872,"Width":0.17319877445697784},"Polygon":[{"X":0.006302820052951574,"Y":0.9241031408309937},{"X":0.17949649691581726,"Y":0.9240239262580872},{"X":0.17950159311294556,"Y":0.9433386921882629},{"X":0.006307090166956186,"Y":0.9434173107147217}]},"Id":"f1137a14-1be3-4d9b-9efa-0a3ec2283510","RowIndex":46,"RowSpan":1},{"BlockType":"CELL","ColumnIndex":2,"ColumnSpan":1,"Confidence":35.53903579711914,"Geometry":{"BoundingBox":{"Height":0.019339021295309067,"Left":0.17949649691581726,"Top":0.9239996671676636,"Width":0.05303293839097023},"Polygon":[{"X":0.17949649691581726,"Y":0.9240239262580872},{"X":0.2325240969657898,"Y":0.9239996671676636},{"X":0.2325294464826584,"Y":0.9433146119117737},{"X":0.17950159311294556,"Y":0.9433386921882629}]},"Id":"f4ac9234-b674-4cc7-bacd-82a3216b1d32","RowIndex":46,"RowSpan":1},{"BlockType":"CELL","ColumnIndex":3,"ColumnSpan":1,"Confidence":63.774681091308594,"Geometry":{"BoundingBox":{"Height":0.019347285851836205,"Left":0.2325240969657898,"Top":0.9239673018455505,"Width":0.0707106739282608},"Polygon":[{"X":0.2325240969657898,"Y":0.9239996671676636},{"X":0.30322909355163574,"Y":0.9239673018455505},{"X":0.3032347857952118,"Y":0.9432824850082397},{"X":0.2325294464826584,"Y":0.9433146119117737}]},"Id":"9f2b07f4-60d7-48f2-a66c-d5f2ab590bb5","RowIndex":46,"RowSpan":1},{"BlockType":"CELL","ColumnIndex":4,"ColumnSpan":1,"Confidence":55.07424545288086,"Geometry":{"BoundingBox":{"Height":0.019345000386238098,"Left":0.30322909355163574,"Top":0.9239374995231628,"Width":0.06518871337175369},"Polygon":[{"X":0.30322909355163574,"Y":0.9239673018455505},{"X":0.3684118092060089,"Y":0.9239374995231628},{"X":0.36841779947280884,"Y":0.9432529211044312},{"X":0.3032347857952118,"Y":0.9432824850082397}]},"Id":"0a63f3d6-e09b-47fe-b384-7f605a793f6d","RowIndex":46,"RowSpan":1},{"BlockType":"CELL","ColumnIndex":5,"ColumnSpan":1,"Confidence":64.94760131835938,"Geometry":{"BoundingBox":{"Height":0.01935558021068573,"Left":0.3684118092060089,"Top":0.9238973259925842,"Width":0.08783973008394241},"Polygon":[{"X":0.3684118092060089,"Y":0.9239374995231628},{"X":0.4562451243400574,"Y":0.9238973259925842},{"X":0.4562515318393707,"Y":0.9432130455970764},{"X":0.36841779947280884,"Y":0.9432529211044312}]},"Id":"0d5f65e6-619f-4441-8319-3202d2bc1c35","Relationships":[{"Ids":["77cb670c-7135-4c07-8abf-9758517048b4"],"Type":"CHILD"}],"RowIndex":46,"RowSpan":1},{"BlockType":"CELL","ColumnIndex":6,"ColumnSpan":1,"Confidence":41.393314361572266,"Geometry":{"BoundingBox":{"Height":0.019340720027685165,"Left":0.4562451243400574,"Top":0.9238723516464233,"Width":0.0546967089176178},"Polygon":[{"X":0.4562451243400574,"Y":0.9238973259925842},{"X":0.5109351873397827,"Y":0.9238723516464233},{"X":0.5109418630599976,"Y":0.9431881904602051},{"X":0.4562515318393707,"Y":0.9432130455970764}]},"Id":"7efd3bb3-6e67-46a4-8777-808bfd6bd5a9","Relationships":[{"Ids":["b15c3400-ebb2-4139-b1fa-0e6339ee1541"],"Type":"CHILD"}],"RowIndex":46,"RowSpan":1},{"BlockType":"CELL","ColumnIndex":7,"ColumnSpan":1,"Confidence":48.170135498046875,"Geometry":{"BoundingBox":{"Height":0.019351264461874962,"Left":0.5109351873397827,"Top":0.9238369464874268,"Width":0.07734828442335129},"Polygon":[{"X":0.5109351873397827,"Y":0.9238723516464233},{"X":0.5882764458656311,"Y":0.923"
20:09:03.369 [Test worker] DEBUG org.apache.http.wire - http-outgoing-0 << "8369464874268},{"X":0.5882834792137146,"Y":0.9431530833244324},{"X":0.5109418630599976,"Y":0.9431881904602051}]},"Id":"5c27cadf-ed40-4841-813d-0ed53e577eab","Relationships":[{"Ids":["685ca7f7-33cb-4cce-8d44-2af183bf87fc"],"Type":"CHILD"}],"RowIndex":46,"RowSpan":1},{"BlockType":"CELL","ColumnIndex":8,"ColumnSpan":1,"Confidence":74.22232055664062,"Geometry":{"BoundingBox":{"Height":"
20:09:03.370 [Test worker] DEBUG org.apache.http.wire - http-outgoing-0 << "0.019375279545783997,"Left":0.5882764458656311,"Top":0.9237778186798096,"Width":0.12928271293640137},"Polygon":[{"X":0.5882764458656311,"Y":0.9238369464874268},{"X":0.7175514698028564,"Y":0.9237778186798096},{"X":0.7175590991973877,"Y":0.9430944323539734},{"X":0.5882834792137146,"Y":0.9431530833244324}]},"Id":"aaea058d-20d5-434a-89e3-4c62e3092da5","Relationships":[{"Ids":["99d5777b-70dd-451e-b339-27bea21ddb4e","ade115a4-e30b-49df-900c-46e7a2549933"],"Type":"CHILD"}],"RowIndex":46,"RowSpan":1},{"BlockType":"CELL","ColumnIndex":9,"ColumnSpan":1,"Confidence":78.13164520263672,"Geometry":{"BoundingBox":{"Height":0.019442522898316383,"Left":0.7175514698028564,"Top":0.9236518740653992,"Width":0.27534788846969604},"Polygon":[{"X":0.7175514698028564,"Y":0.9237778186798096},{"X":0.9928903579711914,"Y":0.9236518740653992},{"X":0.9928993582725525,"Y":0.9429694414138794},{"X":0.7175590991973877,"Y":0.9430944323539734}]},"Id":"d8475eb7-9b3e-4972-bc68-b78b1abbc79b","Relationships":[{"Ids":["97f49f22-b1da-44a0-809a-c70495d1"
20:09:03.370 [Test worker] DEBUG org.apache.http.wire - http-outgoing-0 << "8eea"],"Type":"CHILD"}],"RowIndex":46,"RowSpan":1},{"BlockType":"CELL","ColumnIndex":1,"ColumnSpan":1,"Confidence":63.14405822753906,"Geometry":{"BoundingBox":{"Height":0.018933121114969254,"Left":0.006307090166956186,"Top":0.9433386921882629,"Width":0.17319947481155396},"Polygon":[{"X":0.006307090166956186,"Y":0.9434173107147217},{"X":0.17950159311294556,"Y":0.9433386921882629},{"X":0.1795065701007843,"Y":0.9621937274932861},{"X":0.006311258766800165,"Y":0.9622718095779419}]},"Id":"5c9b3805-26e2-4990-aadd-74639236a1d5","Relationships":[{"Ids":["ea29759a-ded3-4072-9dc1-8867c7f263e3","a1e3ed2b-4978-44aa-bab4-9a9ba6c06e3c"],"Type":"CHILD"}],"RowIndex":47,"RowSpan":1},{"BlockType":"CELL","ColumnIndex":2,"ColumnSpan":1,"Confidence":32.5102424621582,"Geometry":{"BoundingBox":{"Height":0.01887914352118969,"Left":0.17950159311294556,"Top":0.9433146119117737,"Width":0.05303306505084038},"Polygon":[{"X":0.17950159311294556,"Y":0.9433386921882629},{"X":0.2325294464826584,"Y":0.9433146119117737},{"X":0.23253466188907623,"Y":0.9621698260307312},{"X":0.1795065701007843,"Y":0.9621937274932861}]},"Id":"9597bbf3-f6aa-4089-b4e1-3b9ba0cd2617","RowIndex":47,"RowSpan":1},{"BlockType":"CELL","ColumnIndex":3,"ColumnSpan":1,"Confidence":58.33951950073242,"Geometry":{"BoundingBox":{"Height":0.018887342885136604,"Left":0.2325294464826584,"Top":0.9432824850082397,"Width":0.07071087509393692},"Polygon":[{"X":0.2325294464826584,"Y":0.9433146119117737},{"X":0.3032347857952118,"Y":0.9432824850082397},{"X":0.3032403290271759,"Y":0.9621379971504211},{"X":0.23253466188907623,"Y":0.9621698260307312}]},"Id":"a9896e5e-4902-4361-8b66-2ef3d2fa9a8b","Relationships":[{"Ids":["a80bb95a-47ad-4970-ac01-d36a84484107"],"Type":"CHILD"}],"RowIndex":47,"RowSpan":1},{"BlockType":"CELL","ColumnIndex":4,"ColumnSpan":1,"Confidence":50.380577087402344,"Geometry":{"BoundingBox":{"Height":0.018885070458054543,"Left":0.3032347857952118,"Top":0.9432529211044312,"Width":0.06518888473510742},"Polygon":[{"X":0.3032347857952118,"Y":0.9432824850082397},{"X":0.36841779947280884,"Y":0.9432529211044312},{"X":0.3684236407279968,"Y":0.9621086120605469},{"X":0.3032403290271759,"Y":0.9621379971504211}]},"Id":"675297a3-cedc-4918-886e-edc69335f47d","Relationships":[{"Ids":["25ff05e8-5e67-4fcd-ba20-d053e89e65fc"],"Type":"CHILD"}],"RowIndex":47,"RowSpan":1},{"BlockType":"CELL","ColumnIndex":5,"ColumnSpan":1,"Confidence":59.412479400634766,"Geometry":{"BoundingBox":{"Height":0.018895568326115608,"Left":0.36841779947280884,"Top":0.9432130455970764,"Width":0.0878399908542633},"Polygon":[{"X":0.36841779947280884,"Y":0.9432529211044312},{"X":0.4562515318393707,"Y":0.9432130455970764},{"X":0.45625779032707214,"Y":0.962069034576416},{"X":0.3684236407279968,"Y":0.9621086120605469}]},"Id":"1d3a93d6-0cba-4fe7-9449-1fd343823e4e","Relationships":[{"Ids":["3e288723-fa91-465d-b5fa-dc76ba6c9491"],"Type":"CHILD"}],"RowIndex":47,"RowSpan":1},{"BlockType":"CELL","ColumnIndex":6,"ColumnSpan":1,"Confidence":37.86559295654297,"Geometry":{"BoundingBox":{"Height":0.01888081431388855,"Left":0.4562515318393707,"Top":0.9431881904602051,"Width":0.054696809500455856},"Polygon":[{"X":0.4562515318393707,"Y":0.9432130455970764},{"X":0.5109418630599976,"Y":0.9431881904602051},{"X":0.5109483599662781,"Y":0.962044358253479},{"X":0.45625779032707214,"Y":0.962069034576416}]},"Id":"2b3a68ba-6e6b-4488-ba76-fa997d187843","Relationships":[{"Ids":["667b10e2-cc3f-450c-9936-d6bf117bf55f"],"Type":"CHILD"}],"RowIndex":47,"RowSpan":1},{"BlockType":"CELL","ColumnIndex":7,"ColumnSpan":1,"Confidence":44.06486129760742,"Geometry":{"BoundingBox":{"Height":0.01889127679169178,"Left":0.5109418630599976,"Top":0.9431530833244324,"Width":0.0773484855890274},"Polygon":[{"X":0.5109418630599976,"Y":0.9431881904602051},{"X":0.5882834792137146,"Y":0.9431530833244324},{"X":0.5882903337478638,"Y":0.9620095491409302},{"X":0.5109483599662781,"Y":0.962044358253479}]},"Id":"4abf7dca-7680-41c7-a300-a4eba98cc517","Relationships":[{"Ids":["67073c62-ddcf-41c9-ae52-ed47def3d69b"],"Type":"CHILD"}],"RowIndex":47,"RowSpan":1},{"BlockType":"CELL","ColumnIndex":8,"ColumnSpan":1,"Confidence":67.89676666259766,"Geometry":{"BoundingBox":{"Height":0.01891511119902134,"Left":0.5882834792137146,"Top":0.9430944323539734,"Width":0.129283145070076},"Polygon":[{"X":0.5882834792137146,"Y":0.9431530833244324},{"X":0.7175590991973877,"Y":0.9430944323539734},{"X":0.7175666093826294,"Y":0.9619512557983398},{"X":0.5882903337478638,"Y":0.9620095491409302}]},"Id":"eb5fce3c-6794-414a-bf37-2a85d4d0cd21","Relationships":[{"Ids":["3ff3f913-a6f5-4cf6-9dd5-a6b761dbe8e1","13280c96-19ad-436c-828d-b153a1081d6d"],"Type":"CHILD"}],"RowIndex":47,"RowSpan":1},{"BlockType":"CELL","ColumnIndex":9,"ColumnSpan":1,"Confidence":71.47291564941406,"Geometry":{"BoundingBox":{"Height":0.018981847912073135,"Left":0.7175590991973877,"Top":0.9429694414138794,"Width":0.275348961353302},"Polygon":[{"X":0.7175590991973877,"Y":0.9430944323539734},{"X":0.9928993582725525,"Y":0.9429694414138794},{"X":0.9929081201553345,"Y":0.9618271589279175},{"X":0.7175666093826294,"Y":0.9619512557983398}]},"Id":"b1f4e461-06dd-4a1e-b9d0-8710efa93326","Relationships":[{"Ids":["566c2164-1094-40c1-b33d-d6cf0b076f1d"],"Type":"CHILD"}],"RowIndex":47,"RowSpan":1},{"BlockType":"CELL","ColumnIndex":1,"ColumnSpan":1,"Confidence":79.51057434082031,"Geometry":{"BoundingBox":{"Height":0.016751699149608612,"Left":0.006311258766800165,"Top":0.9621937274932861,"Width":0.17319971323013306},"Polygon":[{"X":0.006311258766800165,"Y":0.9622718095779419},{"X":0.1795065701007843,"Y":0.9621937274932861},{"X":0.1795109659433365,"Y":0.9788678884506226},{"X":0.0063149454072117805,"Y":0.9789454340934753}]},"Id":"41e841a9-43ed-4515-8c22-406233df94ff","Relationships":[{"Ids":["0285cafd-9ddc-41b8-b7b9-d8e19f680c4d"],"Type":"CHILD"}],"RowIndex":48,"RowSpan":1},{"BlockType":"CELL","ColumnIndex":2,"ColumnSpan":1,"Confidence":40.93667984008789,"Geometry":{"BoundingBox":{"Height":0.01669805310666561,"Left":0.1795065701007843,"Top":0.9621698260307312,"Width":0.053032707422971725},"Polygon":[{"X":0.1795065701007843,"Y":0.9621937274932861},{"X":0.23253466188907623,"Y":0.9621698260307312},{"X":0.23253928124904633,"Y":0.978844165802002},{"X":0.1795109659433365,"Y":0.9788678884506226}]},"Id":"5cd233e0-83d0-408f-b921-fbb3147dfb1c","RowIndex":48,"RowSpan":1},{"BlockType":"CELL","ColumnIndex":3,"ColumnSpan":1,"Confidence":73.46073150634766,"Geometry":{"BoundingBox":{"Height":0.016706174239516258,"Left":0.23253466188907623,"Top":0.9621379971504211,"Width":0.07071056216955185},"Polygon":[{"X":0.23253466188907623,"Y":0.9621698260307312},{"X":0.3032403290271759,"Y":0.9621379971504211},{"X":0.3032452166080475,"Y":0.9788125157356262},{"X":0.23253928124904633,"Y":0.978844165802002}]},"Id":"14e5ed83-fddd-47d1-8d89-c745379faa24","RowIndex":48,"RowSpan":1},{"BlockType":"CELL","ColumnIndex":4,"ColumnSpan":1,"Confidence":63.438880920410156,"Geometry":{"BoundingBox":{"Height":0.01670389249920845,"Left":0.3032403290271759,"Top":0.9621086120605469,"Width":0.06518851220607758},"Polygon":[{"X":0.3032403290271759,"Y":0.9621379971504211},{"X":0.3684236407279968,"Y":0.9621086120605469},{"X":0.3684288263320923,"Y":0.9787833094596863},{"X":0.3032452166080475,"Y":0.9788125157356262}]},"Id":"3d3f7c2b-82a9-4e23-9b05-e8b32823db46","RowIndex":48,"RowSpan":1},{"BlockType":"CELL","ColumnIndex":5,"ColumnSpan":1,"Confidence":74.81179809570312,"Geometry":{"BoundingBox":{"Height":0.016714291647076607,"Left":0.3684236407279968,"Top":0.962069034576416,"Width":0.08783967792987823},"Polygon":[{"X":0.3684236407279968,"Y":0.9621086120605469},{"X":0.45625779032707214,"Y":0.962069034576416},{"X":0.45626333355903625,"Y":0.9787439703941345},{"X":0.3684288263320923,"Y":0.9787833094596863}]},"Id":"df82dbc8-b284-481c-b15e-ca2c21281537","Relationships":[{"Ids":["b8a41acc-e4ef-4269-98f4-5a451ff1161d"],"Type":"CHILD"}],"RowIndex":48,"RowSpan":1},{"BlockType":"CELL","ColumnIndex":6,"ColumnSpan":1,"Confidence":47.68009948730469,"Geometry":{"BoundingBox""
20:09:03.371 [Test worker] DEBUG org.apache.http.wire - http-outgoing-0 << ":{"Height":0.016699612140655518,"Left":0.45625779032707214,"Top":0.962044358253479,"Width":0.05469631031155586},"Polygon":[{"X":0.45625779032707214,"Y":0.962069034576416},{"X":0.5109483599662781,"Y":0.962044358253479},{"X":0.5109540820121765,"Y":0.9787195324897766},{"X":0.45626333355903625,"Y":0.9787439703941345}]},"Id":"4fd5905d-a12d-4841-9c10-514b60ea1dad","Relationships":[{"Ids":["09834c09-c6c6-47b2-b3d7-47fe555f089f"],"Type":"CHILD"}],"RowIndex":48,"RowSpan":1},{"BlockType":"CELL","ColumnIndex":7,"ColumnSpan":1,"Confidence":55.486183166503906,"Geometry":{"BoundingBox":{"Height":0.016709979623556137,"Left":0.5109483599662781,"Top":0.9620095491409302,"Width":0.07734804600477219},"Polygon":[{"X":0.5109483599662781,"Y":0.962044358253479},{"X":0.5882903337478638,"Y":0.9620095491409302},{"X":0.5882964134216309,"Y":0.9786849021911621},{"X":0.5109540820121765,"Y":0.9787195324897766}]},"Id":"d30bb7cb-fd63-407a-8745-fe3e970b5774","Relationships":[{"Ids":["2d5ae00f-6a89-46e2-a288-170b734032cc"],"Type":"CHILD"}],"RowIndex":48,"RowSpan":1},{"BlockType":"CELL","ColumnIndex":8,"ColumnSpan":1,"Confidence":85.49515533447266,"Geometry":{"BoundingBox":{"Height":0.01673361100256443,"Left":0.5882903337478638,"Top":0.9619512557983398,"Width":0.1292828768491745},"Polygon":[{"X":0.5882903337478638,"Y":0.9620095491409302},{"X":0.7175666093826294,"Y":0.9619512557983398},{"X":0.7175732254981995,"Y":0.9786270260810852},{"X":0.5882964134216309,"Y":0.9786849021911621}]},"Id":"1bba3a2c-95be-4f2e-b7e2-92e46bc02016","Relationships":[{"Ids":["0bd58de8-b65c-4e5f-a7fe-1cc62cec8a23","4a3367ab-5b58-4b07-bd98-55e295c236c3"],"Type":"CHILD"}],"RowIndex":48,"RowSpan":1},{"BlockType":"CELL","ColumnIndex":9,"ColumnSpan":1,"Confidence":89.99822998046875,"Geometry":{"BoundingBox":{"Height":0.016799814999103546,"Left":0.7175666093826294,"Top":0.9618271589279175,"Width":0.2753492295742035},"Polygon":[{"X":0.7175666093826294,"Y":0.9619512557983398},{"X":0.9929081201553345,"Y":0.9618271589279175},{"X":0.9929158091545105,"Y":0.9785037040710449},{"X":0.7175732254981995,"Y":0.9786270260810852}]},"Id":"380ad4b2-1cc7-4492-9925-5bb1f8389af2","RowIndex":48,"RowSpan":1},{"BlockType":"MERGED_CELL","ColumnIndex":1,"ColumnSpan":1,"Confidence":73.75689697265625,"Geometry":{"BoundingBox":{"Height":0.03779264912009239,"Left":0.006216407287865877,"Top":0.5331692695617676,"Width":0.17318695783615112},"Polygon":[{"X":0.006216407287865877,"Y":0.5332603454589844},{"X":0.17939342558383942,"Y":0.5331692695617676},{"X":0.1794033646583557,"Y":0.5708719491958618},{"X":0.006224743090569973,"Y":0.5709618926048279}]},"Id":"43be9d88-741b-4115-9620-8e91a1b2c87f","Relationships":[{"Ids":["b723009c-c982-4a86-8281-c66915538fcc","76038017-7ab3-4b00-a5d7-3cc66ccbd023"],"Type":"CHILD"}],"RowIndex":25,"RowSpan":2},{"BlockType":"MERGED_CELL","ColumnIndex":2,"ColumnSpan":1,"Confidence":44.205345153808594,"Geometry":{"BoundingBox":{"Height":0.03773059323430061,"Left":0.17939342558383942,"Top":0.5331413745880127,"Width":0.053032927215099335},"Polygon":[{"X":0.17939342558383942,"Y":0.5331692695617676},{"X":0.23241591453552246,"Y":0.5331413745880127},{"X":0.23242634534835815,"Y":0.5708444118499756},{"X":0.1794033646583557,"Y":0.5708719491958618}]},"Id":"dddc33dd-2656-49f0-a3e9-3d1d73cabe82","Relationships":[{"Ids":["c6672730-d429-4e0c-9fea-978f048c5a2c","5c4cf4bc-b331-4415-8eb9-4b9a48b6d485"],"Type":"CHILD"}],"RowIndex":25,"RowSpan":2},{"BlockType":"MERGED_CELL","ColumnIndex":4,"ColumnSpan":1,"Confidence":41.55454635620117,"Geometry":{"BoundingBox":{"Height":0.037737805396318436,"Left":0.303114116191864,"Top":0.533069908618927,"Width":0.06518814712762833},"Polygon":[{"X":0.303114116191864,"Y":0.5331041812896729},{"X":0.3682905435562134,"Y":0.533069908618927},{"X":0.36830225586891174,"Y":0.5707738399505615},{"X":0.30312520265579224,"Y":0.570807695388794}]},"Id":"3476e73b-6442-478b-86e4-eb3c1163dd06","Relationships":[{"Ids":["18d703f4-22a2-4d8d-8287-b5fdbb2e95c1","47bc8e61-b564-42de-913d-9902ed859917"],"Type":"CHILD"}],"RowIndex":25,"RowSpan":2},{"BlockType":"MERGED_CELL","ColumnIndex":9,"ColumnSpan":1,"Confidence":66.7674789428711,"Geometry":{"BoundingBox":{"Height":0.037851084023714066,"Left":0.71739661693573,"Top":0.5327414274215698,"Width":0.27532991766929626},"Polygon":[{"X":0.71739661693573,"Y":0.532886266708374},{"X":0.9927090406417847,"Y":0.5327414274215698},{"X":0.9927265048027039,"Y":0.5704495310783386},{"X":0.7174115777015686,"Y":0.5705925226211548}]},"Id":"5da9b38d-3b2c-40ee-9c61-62a6e4df943f","Relationships":[{"Ids":["3e0947df-d86e-4ab2-b4d6-62363da80779","b4e7e88f-39cf-4fc2-b7aa-fcfde0ae4e9c"],"Type":"CHILD"}],"RowIndex":25,"RowSpan":2},{"BlockType":"MERGED_CELL","ColumnIndex":6,"ColumnSpan":2,"Confidence":49.543251037597656,"Geometry":{"BoundingBox":{"Height":0.017079615965485573,"Left":0.45617738366127014,"Top":0.7196488380432129,"Width":0.13203084468841553},"Polygon":[{"X":0.45617738366127014,"Y":0.7197139859199524},{"X":0.5882019996643066,"Y":0.7196488380432129},{"X":0.5882081985473633,"Y":0.7366637587547302},{"X":0.4561830163002014,"Y":0.7367284893989563}]},"Id":"4d0628fa-9ec3-4d7b-a117-2e1853564c93","Relationships":[{"Ids":["4eccb881-a468-4648-8f43-3ba9908c0a2e","1ec1269b-3ab9-4988-903d-ac0e5936a484"],"Type":"CHILD"}],"RowIndex":35,"RowSpan":1}],"DocumentMetadata":{"Pages":1}}"
20:09:03.469 [Test worker] DEBUG org.apache.http.impl.conn.PoolingHttpClientConnectionManager - Connection [id: 0][route: {s}->https://textract.us-west-2.amazonaws.com:443] can be kept alive for 60.0 seconds
20:09:03.469 [Test worker] DEBUG org.apache.http.impl.conn.DefaultManagedHttpClientConnection - http-outgoing-0: set socket timeout to 0
20:09:03.469 [Test worker] DEBUG org.apache.http.impl.conn.PoolingHttpClientConnectionManager - Connection released: [id: 0][route: {s}->https://textract.us-west-2.amazonaws.com:443][total available: 1; route allocated: 1 of 50; total allocated: 1 of 50]
20:09:03.493 [Test worker] INFO org.AirAPI.config.AWStextrackTest - 01Jan23 ||
20:09:03.493 [Test worker] INFO org.AirAPI.config.AWStextrackTest - 01Jan23 ||OFF ||
20:09:03.493 [Test worker] INFO org.AirAPI.config.AWStextrackTest - 01Jan23 ||OFF ||GMP ||
20:09:03.493 [Test worker] INFO org.AirAPI.config.AWStextrackTest - 01Jan23 ||OFF ||GMP ||0000 ||
20:09:03.493 [Test worker] INFO org.AirAPI.config.AWStextrackTest - 01Jan23 ||OFF ||GMP ||0000 ||GMP ||
20:09:03.493 [Test worker] INFO org.AirAPI.config.AWStextrackTest - 01Jan23 ||OFF ||GMP ||0000 ||GMP ||2359 ||
20:09:03.494 [Test worker] INFO org.AirAPI.config.AWStextrackTest - 02Jan23 ||
20:09:03.494 [Test worker] INFO org.AirAPI.config.AWStextrackTest - 02Jan23 ||F129 ||
20:09:03.494 [Test worker] INFO org.AirAPI.config.AWStextrackTest - 02Jan23 ||F129 ||1755 ||
20:09:03.494 [Test worker] INFO org.AirAPI.config.AWStextrackTest - 02Jan23 ||F129 ||1755 ||129 ||
20:09:03.494 [Test worker] INFO org.AirAPI.config.AWStextrackTest - 02Jan23 ||F129 ||1755 ||129 ||GMP ||
20:09:03.494 [Test worker] INFO org.AirAPI.config.AWStextrackTest - 02Jan23 ||F129 ||1755 ||129 ||GMP ||1905 ||
20:09:03.494 [Test worker] INFO org.AirAPI.config.AWStextrackTest - 02Jan23 ||F129 ||1755 ||129 ||GMP ||1905 ||CJU ||
20:09:03.494 [Test worker] INFO org.AirAPI.config.AWStextrackTest - 02Jan23 ||F129 ||1755 ||129 ||GMP ||1905 ||CJU ||2015 ||
20:09:03.494 [Test worker] INFO org.AirAPI.config.AWStextrackTest - 2220 ||
20:09:03.495 [Test worker] INFO org.AirAPI.config.AWStextrackTest - 2220 ||128 ||
20:09:03.495 [Test worker] INFO org.AirAPI.config.AWStextrackTest - 2220 ||128 ||CJU ||
20:09:03.495 [Test worker] INFO org.AirAPI.config.AWStextrackTest - 2220 ||128 ||CJU ||2050 ||
20:09:03.495 [Test worker] INFO org.AirAPI.config.AWStextrackTest - 2220 ||128 ||CJU ||2050 ||GMP ||
20:09:03.495 [Test worker] INFO org.AirAPI.config.AWStextrackTest - 2220 ||128 ||CJU ||2050 ||GMP ||2200 ||
20:09:03.495 [Test worker] INFO org.AirAPI.config.AWStextrackTest - 03Jan23 ||
20:09:03.495 [Test worker] INFO org.AirAPI.config.AWStextrackTest - 03Jan23 ||F1406 ||
20:09:03.495 [Test worker] INFO org.AirAPI.config.AWStextrackTest - 03Jan23 ||F1406 ||1410 ||
20:09:03.495 [Test worker] INFO org.AirAPI.config.AWStextrackTest - 03Jan23 ||F1406 ||1410 ||1406 ||
20:09:03.495 [Test worker] INFO org.AirAPI.config.AWStextrackTest - 03Jan23 ||F1406 ||1410 ||1406 ||ICN ||
20:09:03.495 [Test worker] INFO org.AirAPI.config.AWStextrackTest - 03Jan23 ||F1406 ||1410 ||1406 ||ICN ||1620 ||
20:09:03.495 [Test worker] INFO org.AirAPI.config.AWStextrackTest - 03Jan23 ||F1406 ||1410 ||1406 ||ICN ||1620 ||FUK ||
20:09:03.495 [Test worker] INFO org.AirAPI.config.AWStextrackTest - 03Jan23 ||F1406 ||1410 ||1406 ||ICN ||1620 ||FUK ||1755 ||
20:09:03.495 [Test worker] INFO org.AirAPI.config.AWStextrackTest - 2115 ||
20:09:03.495 [Test worker] INFO org.AirAPI.config.AWStextrackTest - 2115 ||1405 ||
20:09:03.496 [Test worker] INFO org.AirAPI.config.AWStextrackTest - 2115 ||1405 ||FUK ||
20:09:03.496 [Test worker] INFO org.AirAPI.config.AWStextrackTest - 2115 ||1405 ||FUK ||1845 ||
20:09:03.496 [Test worker] INFO org.AirAPI.config.AWStextrackTest - 2115 ||1405 ||FUK ||1845 ||ICN ||
20:09:03.496 [Test worker] INFO org.AirAPI.config.AWStextrackTest - 2115 ||1405 ||FUK ||1845 ||ICN ||2015 ||
20:09:03.496 [Test worker] INFO org.AirAPI.config.AWStextrackTest - 04Jan23 ||
20:09:03.496 [Test worker] INFO org.AirAPI.config.AWStextrackTest - 04Jan23 ||OFF ||
20:09:03.496 [Test worker] INFO org.AirAPI.config.AWStextrackTest - 04Jan23 ||OFF ||GMP ||
20:09:03.496 [Test worker] INFO org.AirAPI.config.AWStextrackTest - 0000 ||
20:09:03.496 [Test worker] INFO org.AirAPI.config.AWStextrackTest - GMP ||
20:09:03.496 [Test worker] INFO org.AirAPI.config.AWStextrackTest - 2359 ||
20:09:03.496 [Test worker] INFO org.AirAPI.config.AWStextrackTest - 05Jan23 ||
20:09:03.496 [Test worker] INFO org.AirAPI.config.AWStextrackTest - 05Jan23 ||1630 ||
20:09:03.496 [Test worker] INFO org.AirAPI.config.AWStextrackTest - 05Jan23 ||1630 ||2230 ||
20:09:03.498 [Test worker] INFO org.AirAPI.config.AWStextrackTest - 05Jan23 ||1630 ||2230 ||SIM1 ||
20:09:03.499 [Test worker] INFO org.AirAPI.config.AWStextrackTest - 05Jan23 ||1630 ||2230 ||SIM1 ||GMP ||
20:09:03.499 [Test worker] INFO org.AirAPI.config.AWStextrackTest - 05Jan23 ||1630 ||2230 ||SIM1 ||GMP ||1630 ||
20:09:03.499 [Test worker] INFO org.AirAPI.config.AWStextrackTest - 05Jan23 ||1630 ||2230 ||SIM1 ||GMP ||1630 ||GMP ||
20:09:03.499 [Test worker] INFO org.AirAPI.config.AWStextrackTest - 05Jan23 ||1630 ||2230 ||SIM1 ||GMP ||1630 ||GMP ||2230 ||
20:09:03.499 [Test worker] INFO org.AirAPI.config.AWStextrackTest - 06Jan23 ||
20:09:03.499 [Test worker] INFO org.AirAPI.config.AWStextrackTest - 06Jan23 ||1630 ||
20:09:03.499 [Test worker] INFO org.AirAPI.config.AWStextrackTest - 06Jan23 ||1630 ||2230 ||
20:09:03.499 [Test worker] INFO org.AirAPI.config.AWStextrackTest - 06Jan23 ||1630 ||2230 ||SIM1 ||
20:09:03.499 [Test worker] INFO org.AirAPI.config.AWStextrackTest - 06Jan23 ||1630 ||2230 ||SIM1 ||GMP ||
20:09:03.499 [Test worker] INFO org.AirAPI.config.AWStextrackTest - 06Jan23 ||1630 ||2230 ||SIM1 ||GMP ||1630 ||
20:09:03.499 [Test worker] INFO org.AirAPI.config.AWStextrackTest - 06Jan23 ||1630 ||2230 ||SIM1 ||GMP ||1630 ||GMP ||
20:09:03.499 [Test worker] INFO org.AirAPI.config.AWStextrackTest - 06Jan23 ||1630 ||2230 ||SIM1 ||GMP ||1630 ||GMP ||2230 ||
20:09:03.499 [Test worker] INFO org.AirAPI.config.AWStextrackTest - 07Jan23 ||
20:09:03.499 [Test worker] INFO org.AirAPI.config.AWStextrackTest - 07Jan23 ||1630 ||
20:09:03.499 [Test worker] INFO org.AirAPI.config.AWStextrackTest - 07Jan23 ||1630 ||2230 ||
20:09:03.499 [Test worker] INFO org.AirAPI.config.AWStextrackTest - 07Jan23 ||1630 ||2230 ||SIM1 ||
20:09:03.499 [Test worker] INFO org.AirAPI.config.AWStextrackTest - 07Jan23 ||1630 ||2230 ||SIM1 ||GMP ||
20:09:03.499 [Test worker] INFO org.AirAPI.config.AWStextrackTest - 07Jan23 ||1630 ||2230 ||SIM1 ||GMP ||1630 ||
20:09:03.499 [Test worker] INFO org.AirAPI.config.AWStextrackTest - 07Jan23 ||1630 ||2230 ||SIM1 ||GMP ||1630 ||GMP ||
20:09:03.499 [Test worker] INFO org.AirAPI.config.AWStextrackTest - 07Jan23 ||1630 ||2230 ||SIM1 ||GMP ||1630 ||GMP ||2230 ||
20:09:03.499 [Test worker] INFO org.AirAPI.config.AWStextrackTest - 08Jan23 ||
20:09:03.500 [Test worker] INFO org.AirAPI.config.AWStextrackTest - 08Jan23 ||OFF ||
20:09:03.500 [Test worker] INFO org.AirAPI.config.AWStextrackTest - 08Jan23 ||OFF ||GMP ||
20:09:03.500 [Test worker] INFO org.AirAPI.config.AWStextrackTest - 08Jan23 ||OFF ||GMP ||0000 ||
20:09:03.500 [Test worker] INFO org.AirAPI.config.AWStextrackTest - 08Jan23 ||OFF ||GMP ||0000 ||GMP ||
20:09:03.500 [Test worker] INFO org.AirAPI.config.AWStextrackTest - 08Jan23 ||OFF ||GMP ||0000 ||GMP ||2359 ||
20:09:03.500 [Test worker] INFO org.AirAPI.config.AWStextrackTest - 09Jan23 ||
20:09:03.500 [Test worker] INFO org.AirAPI.config.AWStextrackTest - 09Jan23 ||OFF ||
20:09:03.500 [Test worker] INFO org.AirAPI.config.AWStextrackTest - 09Jan23 ||OFF ||GMP ||
20:09:03.500 [Test worker] INFO org.AirAPI.config.AWStextrackTest - 09Jan23 ||OFF ||GMP ||0000 ||
20:09:03.500 [Test worker] INFO org.AirAPI.config.AWStextrackTest - 09Jan23 ||OFF ||GMP ||0000 ||GMP ||
20:09:03.500 [Test worker] INFO org.AirAPI.config.AWStextrackTest - 09Jan23 ||OFF ||GMP ||0000 ||GMP ||2359 ||
20:09:03.500 [Test worker] INFO org.AirAPI.config.AWStextrackTest - 10Jan23 ||
20:09:03.500 [Test worker] INFO org.AirAPI.config.AWStextrackTest - 10Jan23 ||F1454 ||
20:09:03.500 [Test worker] INFO org.AirAPI.config.AWStextrackTest - 10Jan23 ||F1454 ||DH ||
20:09:03.500 [Test worker] INFO org.AirAPI.config.AWStextrackTest - 10Jan23 ||F1454 ||DH ||0915 ||
20:09:03.501 [Test worker] INFO org.AirAPI.config.AWStextrackTest - 10Jan23 ||F1454 ||DH ||0915 ||AIR ||
20:09:03.501 [Test worker] INFO org.AirAPI.config.AWStextrackTest - 10Jan23 ||F1454 ||DH ||0915 ||AIR ||GMP ||
20:09:03.501 [Test worker] INFO org.AirAPI.config.AWStextrackTest - 10Jan23 ||F1454 ||DH ||0915 ||AIR ||GMP ||1025 ||
20:09:03.501 [Test worker] INFO org.AirAPI.config.AWStextrackTest - 10Jan23 ||F1454 ||DH ||0915 ||AIR ||GMP ||1025 ||PUS ||
20:09:03.501 [Test worker] INFO org.AirAPI.config.AWStextrackTest - 10Jan23 ||F1454 ||DH ||0915 ||AIR ||GMP ||1025 ||PUS ||1130 ||
20:09:03.501 [Test worker] INFO org.AirAPI.config.AWStextrackTest - 1454 ||
20:09:03.501 [Test worker] INFO org.AirAPI.config.AWStextrackTest - 1454 ||PUS ||
20:09:03.501 [Test worker] INFO org.AirAPI.config.AWStextrackTest - 1454 ||PUS ||1320 ||
20:09:03.501 [Test worker] INFO org.AirAPI.config.AWStextrackTest - 1454 ||PUS ||1320 ||FUK ||
20:09:03.501 [Test worker] INFO org.AirAPI.config.AWStextrackTest - 1454 ||PUS ||1320 ||FUK ||1420 ||
20:09:03.501 [Test worker] INFO org.AirAPI.config.AWStextrackTest - F1454 ||
20:09:03.501 [Test worker] INFO org.AirAPI.config.AWStextrackTest - F1454 ||1620 ||
20:09:03.501 [Test worker] INFO org.AirAPI.config.AWStextrackTest - F1454 ||1620 ||1453 ||
20:09:03.501 [Test worker] INFO org.AirAPI.config.AWStextrackTest - F1454 ||1620 ||1453 ||FUK ||
20:09:03.501 [Test worker] INFO org.AirAPI.config.AWStextrackTest - F1454 ||1620 ||1453 ||FUK ||1510 ||
20:09:03.501 [Test worker] INFO org.AirAPI.config.AWStextrackTest - F1454 ||1620 ||1453 ||FUK ||1510 ||PUS ||
20:09:03.501 [Test worker] INFO org.AirAPI.config.AWStextrackTest - F1454 ||1620 ||1453 ||FUK ||1510 ||PUS ||1600 ||
20:09:03.501 [Test worker] INFO org.AirAPI.config.AWStextrackTest - LAYOV ||
20:09:03.501 [Test worker] INFO org.AirAPI.config.AWStextrackTest - LAYOV ||PUS ||
20:09:03.501 [Test worker] INFO org.AirAPI.config.AWStextrackTest - LAYOV ||PUS ||1710 ||
20:09:03.501 [Test worker] INFO org.AirAPI.config.AWStextrackTest - LAYOV ||PUS ||1710 ||PUS ||
20:09:03.501 [Test worker] INFO org.AirAPI.config.AWStextrackTest - LAYOV ||PUS ||1710 ||PUS ||1630 ||
20:09:03.501 [Test worker] INFO org.AirAPI.config.AWStextrackTest - 11Jan23 ||
20:09:03.501 [Test worker] INFO org.AirAPI.config.AWStextrackTest - 11Jan23 ||F1454 ||
20:09:03.501 [Test worker] INFO org.AirAPI.config.AWStextrackTest - 11Jan23 ||F1454 ||1720 ||
20:09:03.501 [Test worker] INFO org.AirAPI.config.AWStextrackTest - 11Jan23 ||F1454 ||1720 ||2240 ||
20:09:03.501 [Test worker] INFO org.AirAPI.config.AWStextrackTest - 11Jan23 ||F1454 ||1720 ||2240 ||4257 ||
20:09:03.501 [Test worker] INFO org.AirAPI.config.AWStextrackTest - 11Jan23 ||F1454 ||1720 ||2240 ||4257 ||PUS ||
20:09:03.501 [Test worker] INFO org.AirAPI.config.AWStextrackTest - 11Jan23 ||F1454 ||1720 ||2240 ||4257 ||PUS ||1840 ||
20:09:03.502 [Test worker] INFO org.AirAPI.config.AWStextrackTest - 11Jan23 ||F1454 ||1720 ||2240 ||4257 ||PUS ||1840 ||CNX ||
20:09:03.502 [Test worker] INFO org.AirAPI.config.AWStextrackTest - 11Jan23 ||F1454 ||1720 ||2240 ||4257 ||PUS ||1840 ||CNX ||0020 ||
20:09:03.502 [Test worker] INFO org.AirAPI.config.AWStextrackTest - 12Jan23 ||
20:09:03.502 [Test worker] INFO org.AirAPI.config.AWStextrackTest - 12Jan23 ||F1454 ||
20:09:03.502 [Test worker] INFO org.AirAPI.config.AWStextrackTest - 12Jan23 ||F1454 ||LAYOV ||
20:09:03.502 [Test worker] INFO org.AirAPI.config.AWStextrackTest - 12Jan23 ||F1454 ||LAYOV ||CNX ||
20:09:03.502 [Test worker] INFO org.AirAPI.config.AWStextrackTest - 12Jan23 ||F1454 ||LAYOV ||CNX ||0100 ||
20:09:03.502 [Test worker] INFO org.AirAPI.config.AWStextrackTest - 12Jan23 ||F1454 ||LAYOV ||CNX ||0100 ||CNX ||
20:09:03.502 [Test worker] INFO org.AirAPI.config.AWStextrackTest - 12Jan23 ||F1454 ||LAYOV ||CNX ||0100 ||CNX ||0010 ||
20:09:03.502 [Test worker] INFO org.AirAPI.config.AWStextrackTest - 13Jan23 ||
20:09:03.502 [Test worker] INFO org.AirAPI.config.AWStextrackTest - 13Jan23 ||F1454 ||
20:09:03.502 [Test worker] INFO org.AirAPI.config.AWStextrackTest - 13Jan23 ||F1454 ||2230 ||
20:09:03.502 [Test worker] INFO org.AirAPI.config.AWStextrackTest - 13Jan23 ||F1454 ||2230 ||0720 ||
20:09:03.502 [Test worker] INFO org.AirAPI.config.AWStextrackTest - 13Jan23 ||F1454 ||2230 ||0720 ||4206 ||
20:09:03.502 [Test worker] INFO org.AirAPI.config.AWStextrackTest - 13Jan23 ||F1454 ||2230 ||0720 ||4206 ||CNX ||
20:09:03.502 [Test worker] INFO org.AirAPI.config.AWStextrackTest - 13Jan23 ||F1454 ||2230 ||0720 ||4206 ||CNX ||0130 ||
20:09:03.502 [Test worker] INFO org.AirAPI.config.AWStextrackTest - 13Jan23 ||F1454 ||2230 ||0720 ||4206 ||CNX ||0130 ||ICN ||
20:09:03.502 [Test worker] INFO org.AirAPI.config.AWStextrackTest - 13Jan23 ||F1454 ||2230 ||0720 ||4206 ||CNX ||0130 ||ICN ||0620 ||
20:09:03.502 [Test worker] INFO org.AirAPI.config.AWStextrackTest - 14Jan23 ||
20:09:03.502 [Test worker] INFO org.AirAPI.config.AWStextrackTest - 14Jan23 ||OFF ||
20:09:03.502 [Test worker] INFO org.AirAPI.config.AWStextrackTest - 14Jan23 ||OFF ||GMP ||
20:09:03.502 [Test worker] INFO org.AirAPI.config.AWStextrackTest - 14Jan23 ||OFF ||GMP ||0000 ||
20:09:03.502 [Test worker] INFO org.AirAPI.config.AWStextrackTest - 14Jan23 ||OFF ||GMP ||0000 ||GMP ||
20:09:03.503 [Test worker] INFO org.AirAPI.config.AWStextrackTest - 14Jan23 ||OFF ||GMP ||0000 ||GMP ||2359 ||
20:09:03.503 [Test worker] INFO org.AirAPI.config.AWStextrackTest - 15Jan23 ||
20:09:03.503 [Test worker] INFO org.AirAPI.config.AWStextrackTest - 15Jan23 ||OFF ||
20:09:03.503 [Test worker] INFO org.AirAPI.config.AWStextrackTest - 15Jan23 ||OFF ||GMP ||
20:09:03.503 [Test worker] INFO org.AirAPI.config.AWStextrackTest - 15Jan23 ||OFF ||GMP ||0000 ||
20:09:03.503 [Test worker] INFO org.AirAPI.config.AWStextrackTest - 15Jan23 ||OFF ||GMP ||0000 ||GMP ||
20:09:03.503 [Test worker] INFO org.AirAPI.config.AWStextrackTest - 15Jan23 ||OFF ||GMP ||0000 ||GMP ||2359 ||
20:09:03.503 [Test worker] INFO org.AirAPI.config.AWStextrackTest - 16Jan23 ||
20:09:03.503 [Test worker] INFO org.AirAPI.config.AWStextrackTest - 16Jan23 ||1530 ||
20:09:03.503 [Test worker] INFO org.AirAPI.config.AWStextrackTest - 16Jan23 ||1530 ||2030 ||
20:09:03.503 [Test worker] INFO org.AirAPI.config.AWStextrackTest - 16Jan23 ||1530 ||2030 ||OFC ||
20:09:03.503 [Test worker] INFO org.AirAPI.config.AWStextrackTest - 16Jan23 ||1530 ||2030 ||OFC ||GMP ||
20:09:03.503 [Test worker] INFO org.AirAPI.config.AWStextrackTest - 16Jan23 ||1530 ||2030 ||OFC ||GMP ||1530 ||
20:09:03.503 [Test worker] INFO org.AirAPI.config.AWStextrackTest - 16Jan23 ||1530 ||2030 ||OFC ||GMP ||1530 ||GMP ||
20:09:03.503 [Test worker] INFO org.AirAPI.config.AWStextrackTest - 16Jan23 ||1530 ||2030 ||OFC ||GMP ||1530 ||GMP ||2030 ||
20:09:03.503 [Test worker] INFO org.AirAPI.config.AWStextrackTest - 17Jan23 ||
20:09:03.503 [Test worker] INFO org.AirAPI.config.AWStextrackTest - 17Jan23 ||F2203 ||
20:09:03.503 [Test worker] INFO org.AirAPI.config.AWStextrackTest - 17Jan23 ||F2203 ||1720 ||
20:09:03.503 [Test worker] INFO org.AirAPI.config.AWStextrackTest - 17Jan23 ||F2203 ||1720 ||0005 ||
20:09:03.503 [Test worker] INFO org.AirAPI.config.AWStextrackTest - 17Jan23 ||F2203 ||1720 ||0005 ||2203 ||
20:09:03.503 [Test worker] INFO org.AirAPI.config.AWStextrackTest - 17Jan23 ||F2203 ||1720 ||0005 ||2203 ||ICN ||
20:09:03.503 [Test worker] INFO org.AirAPI.config.AWStextrackTest - 17Jan23 ||F2203 ||1720 ||0005 ||2203 ||ICN ||1930 ||
20:09:03.503 [Test worker] INFO org.AirAPI.config.AWStextrackTest - 17Jan23 ||F2203 ||1720 ||0005 ||2203 ||ICN ||1930 ||BKK ||
20:09:03.503 [Test worker] INFO org.AirAPI.config.AWStextrackTest - 17Jan23 ||F2203 ||1720 ||0005 ||2203 ||ICN ||1930 ||BKK ||0145 ||
20:09:03.503 [Test worker] INFO org.AirAPI.config.AWStextrackTest - 18Jan23 ||
20:09:03.503 [Test worker] INFO org.AirAPI.config.AWStextrackTest - 18Jan23 ||F2203 ||
20:09:03.503 [Test worker] INFO org.AirAPI.config.AWStextrackTest - 18Jan23 ||F2203 ||LAYOV ||
20:09:03.503 [Test worker] INFO org.AirAPI.config.AWStextrackTest - 18Jan23 ||F2203 ||LAYOV ||BKK ||
20:09:03.503 [Test worker] INFO org.AirAPI.config.AWStextrackTest - 18Jan23 ||F2203 ||LAYOV ||BKK ||0300 ||
20:09:03.503 [Test worker] INFO org.AirAPI.config.AWStextrackTest - 18Jan23 ||F2203 ||LAYOV ||BKK ||0300 ||BKK ||
20:09:03.503 [Test worker] INFO org.AirAPI.config.AWStextrackTest - 18Jan23 ||F2203 ||LAYOV ||BKK ||0300 ||BKK ||0115 ||
20:09:03.504 [Test worker] INFO org.AirAPI.config.AWStextrackTest - 19Jan23 ||
20:09:03.504 [Test worker] INFO org.AirAPI.config.AWStextrackTest - 19Jan23 ||F2203 ||
20:09:03.504 [Test worker] INFO org.AirAPI.config.AWStextrackTest - 19Jan23 ||F2203 ||0010 ||
20:09:03.504 [Test worker] INFO org.AirAPI.config.AWStextrackTest - 19Jan23 ||F2203 ||0010 ||2252 ||
20:09:03.504 [Test worker] INFO org.AirAPI.config.AWStextrackTest - 19Jan23 ||F2203 ||0010 ||2252 ||BKK ||
20:09:03.504 [Test worker] INFO org.AirAPI.config.AWStextrackTest - 19Jan23 ||F2203 ||0010 ||2252 ||BKK ||0310 ||
20:09:03.504 [Test worker] INFO org.AirAPI.config.AWStextrackTest - 19Jan23 ||F2203 ||0010 ||2252 ||BKK ||0310 ||PUS ||
20:09:03.504 [Test worker] INFO org.AirAPI.config.AWStextrackTest - 19Jan23 ||F2203 ||0010 ||2252 ||BKK ||0310 ||PUS ||0835 ||
20:09:03.504 [Test worker] INFO org.AirAPI.config.AWStextrackTest - DH ||
20:09:03.504 [Test worker] INFO org.AirAPI.config.AWStextrackTest - DH ||1120 ||
20:09:03.504 [Test worker] INFO org.AirAPI.config.AWStextrackTest - DH ||1120 ||AIR ||
20:09:03.504 [Test worker] INFO org.AirAPI.config.AWStextrackTest - DH ||1120 ||AIR ||PUS ||
20:09:03.504 [Test worker] INFO org.AirAPI.config.AWStextrackTest - DH ||1120 ||AIR ||PUS ||1000 ||
20:09:03.504 [Test worker] INFO org.AirAPI.config.AWStextrackTest - DH ||1120 ||AIR ||PUS ||1000 ||GMP ||
20:09:03.504 [Test worker] INFO org.AirAPI.config.AWStextrackTest - DH ||1120 ||AIR ||PUS ||1000 ||GMP ||1100 ||
20:09:03.504 [Test worker] INFO org.AirAPI.config.AWStextrackTest - 20Jan23 ||
20:09:03.504 [Test worker] INFO org.AirAPI.config.AWStextrackTest - 20Jan23 ||OFF ||
20:09:03.504 [Test worker] INFO org.AirAPI.config.AWStextrackTest - 20Jan23 ||OFF ||GMP ||
20:09:03.504 [Test worker] INFO org.AirAPI.config.AWStextrackTest - 20Jan23 ||OFF ||GMP ||0000 ||
20:09:03.504 [Test worker] INFO org.AirAPI.config.AWStextrackTest - 20Jan23 ||OFF ||GMP ||0000 ||GMP ||
20:09:03.504 [Test worker] INFO org.AirAPI.config.AWStextrackTest - 20Jan23 ||OFF ||GMP ||0000 ||GMP ||2359 ||
20:09:03.504 [Test worker] INFO org.AirAPI.config.AWStextrackTest - 21Jan23 ||
20:09:03.504 [Test worker] INFO org.AirAPI.config.AWStextrackTest - 21Jan23 ||F1602 ||
20:09:03.504 [Test worker] INFO org.AirAPI.config.AWStextrackTest - 21Jan23 ||F1602 ||0900 ||
20:09:03.504 [Test worker] INFO org.AirAPI.config.AWStextrackTest - 21Jan23 ||F1602 ||0900 ||1602 ||
20:09:03.504 [Test worker] INFO org.AirAPI.config.AWStextrackTest - 21Jan23 ||F1602 ||0900 ||1602 ||ICN ||
20:09:03.504 [Test worker] INFO org.AirAPI.config.AWStextrackTest - 21Jan23 ||F1602 ||0900 ||1602 ||ICN ||1110 ||
20:09:03.504 [Test worker] INFO org.AirAPI.config.AWStextrackTest - 21Jan23 ||F1602 ||0900 ||1602 ||ICN ||1110 ||NGO ||
20:09:03.504 [Test worker] INFO org.AirAPI.config.AWStextrackTest - 21Jan23 ||F1602 ||0900 ||1602 ||ICN ||1110 ||NGO ||1300 ||
20:09:03.504 [Test worker] INFO org.AirAPI.config.AWStextrackTest - 1700 ||
20:09:03.504 [Test worker] INFO org.AirAPI.config.AWStextrackTest - 1700 ||1601 ||
20:09:03.504 [Test worker] INFO org.AirAPI.config.AWStextrackTest - 1700 ||1601 ||NGO ||
20:09:03.504 [Test worker] INFO org.AirAPI.config.AWStextrackTest - 1700 ||1601 ||NGO ||1350 ||
20:09:03.504 [Test worker] INFO org.AirAPI.config.AWStextrackTest - 1700 ||1601 ||NGO ||1350 ||ICN ||
20:09:03.504 [Test worker] INFO org.AirAPI.config.AWStextrackTest - 1700 ||1601 ||NGO ||1350 ||ICN ||1600 ||
20:09:03.504 [Test worker] INFO org.AirAPI.config.AWStextrackTest - 22Jan23 ||
20:09:03.504 [Test worker] INFO org.AirAPI.config.AWStextrackTest - 22Jan23 ||VAC ||
20:09:03.504 [Test worker] INFO org.AirAPI.config.AWStextrackTest - 22Jan23 ||VAC ||GMP ||
20:09:03.504 [Test worker] INFO org.AirAPI.config.AWStextrackTest - 22Jan23 ||VAC ||GMP ||0000 ||
20:09:03.504 [Test worker] INFO org.AirAPI.config.AWStextrackTest - 22Jan23 ||VAC ||GMP ||0000 ||GMP ||
20:09:03.504 [Test worker] INFO org.AirAPI.config.AWStextrackTest - 22Jan23 ||VAC ||GMP ||0000 ||GMP ||2359 ||
20:09:03.504 [Test worker] INFO org.AirAPI.config.AWStextrackTest - 23Jan23 ||
20:09:03.504 [Test worker] INFO org.AirAPI.config.AWStextrackTest - 23Jan23 ||OFF ||
20:09:03.504 [Test worker] INFO org.AirAPI.config.AWStextrackTest - 23Jan23 ||OFF ||GMP ||
20:09:03.504 [Test worker] INFO org.AirAPI.config.AWStextrackTest - 23Jan23 ||OFF ||GMP ||0000 ||
20:09:03.504 [Test worker] INFO org.AirAPI.config.AWStextrackTest - 23Jan23 ||OFF ||GMP ||0000 ||GMP ||
20:09:03.504 [Test worker] INFO org.AirAPI.config.AWStextrackTest - 23Jan23 ||OFF ||GMP ||0000 ||GMP ||2359 ||
20:09:03.505 [Test worker] INFO org.AirAPI.config.AWStextrackTest - 24Jan23 ||
20:09:03.505 [Test worker] INFO org.AirAPI.config.AWStextrackTest - 24Jan23 ||F105B ||
20:09:03.505 [Test worker] INFO org.AirAPI.config.AWStextrackTest - 24Jan23 ||F105B ||0640 ||
20:09:03.505 [Test worker] INFO org.AirAPI.config.AWStextrackTest - 24Jan23 ||F105B ||0640 ||105 ||
20:09:03.505 [Test worker] INFO org.AirAPI.config.AWStextrackTest - 24Jan23 ||F105B ||0640 ||105 ||GMP ||
20:09:03.505 [Test worker] INFO org.AirAPI.config.AWStextrackTest - 24Jan23 ||F105B ||0640 ||105 ||GMP ||0750 ||
20:09:03.505 [Test worker] INFO org.AirAPI.config.AWStextrackTest - 24Jan23 ||F105B ||0640 ||105 ||GMP ||0750 ||CJU ||
20:09:03.505 [Test worker] INFO org.AirAPI.config.AWStextrackTest - 24Jan23 ||F105B ||0640 ||105 ||GMP ||0750 ||CJU ||0900 ||
20:09:03.505 [Test worker] INFO org.AirAPI.config.AWStextrackTest - 802 ||
20:09:03.505 [Test worker] INFO org.AirAPI.config.AWStextrackTest - 802 ||CJU ||
20:09:03.505 [Test worker] INFO org.AirAPI.config.AWStextrackTest - 802 ||CJU ||0940 ||
20:09:03.505 [Test worker] INFO org.AirAPI.config.AWStextrackTest - 802 ||CJU ||0940 ||CJJ ||
20:09:03.505 [Test worker] INFO org.AirAPI.config.AWStextrackTest - 802 ||CJU ||0940 ||CJJ ||1040 ||
20:09:03.505 [Test worker] INFO org.AirAPI.config.AWStextrackTest - F105B ||
20:09:03.505 [Test worker] INFO org.AirAPI.config.AWStextrackTest - F105B ||801 ||
20:09:03.505 [Test worker] INFO org.AirAPI.config.AWStextrackTest - F105B ||801 ||CJJ ||
20:09:03.505 [Test worker] INFO org.AirAPI.config.AWStextrackTest - F105B ||801 ||CJJ ||1130 ||
20:09:03.505 [Test worker] INFO org.AirAPI.config.AWStextrackTest - F105B ||801 ||CJJ ||1130 ||CJU ||
20:09:03.505 [Test worker] INFO org.AirAPI.config.AWStextrackTest - F105B ||801 ||CJJ ||1130 ||CJU ||1240 ||
20:09:03.505 [Test worker] INFO org.AirAPI.config.AWStextrackTest - 1435 ||
20:09:03.505 [Test worker] INFO org.AirAPI.config.AWStextrackTest - 1435 ||506 ||
20:09:03.505 [Test worker] INFO org.AirAPI.config.AWStextrackTest - 1435 ||506 ||CJU ||
20:09:03.505 [Test worker] INFO org.AirAPI.config.AWStextrackTest - 1435 ||506 ||CJU ||1315 ||
20:09:03.505 [Test worker] INFO org.AirAPI.config.AWStextrackTest - 1435 ||506 ||CJU ||1315 ||PUS ||
20:09:03.505 [Test worker] INFO org.AirAPI.config.AWStextrackTest - 1435 ||506 ||CJU ||1315 ||PUS ||1415 ||
20:09:03.505 [Test worker] INFO org.AirAPI.config.AWStextrackTest - F105B ||
20:09:03.505 [Test worker] INFO org.AirAPI.config.AWStextrackTest - F105B ||LAYOV ||
20:09:03.505 [Test worker] INFO org.AirAPI.config.AWStextrackTest - F105B ||LAYOV ||PUS ||
20:09:03.505 [Test worker] INFO org.AirAPI.config.AWStextrackTest - 1525 ||
20:09:03.505 [Test worker] INFO org.AirAPI.config.AWStextrackTest - PUS ||
20:09:03.505 [Test worker] INFO org.AirAPI.config.AWStextrackTest - 0455 ||
20:09:03.505 [Test worker] INFO org.AirAPI.config.AWStextrackTest - 25Jan23 ||
20:09:03.505 [Test worker] INFO org.AirAPI.config.AWStextrackTest - 25Jan23 ||F105B ||
20:09:03.505 [Test worker] INFO org.AirAPI.config.AWStextrackTest - 25Jan23 ||F105B ||0545 ||
20:09:03.506 [Test worker] INFO org.AirAPI.config.AWStextrackTest - 25Jan23 ||F105B ||0545 ||1452 ||
20:09:03.506 [Test worker] INFO org.AirAPI.config.AWStextrackTest - 25Jan23 ||F105B ||0545 ||1452 ||PUS ||
20:09:03.506 [Test worker] INFO org.AirAPI.config.AWStextrackTest - 25Jan23 ||F105B ||0545 ||1452 ||PUS ||0705 ||
20:09:03.506 [Test worker] INFO org.AirAPI.config.AWStextrackTest - 25Jan23 ||F105B ||0545 ||1452 ||PUS ||0705 ||FUK ||
20:09:03.506 [Test worker] INFO org.AirAPI.config.AWStextrackTest - 25Jan23 ||F105B ||0545 ||1452 ||PUS ||0705 ||FUK ||0755 ||
20:09:03.506 [Test worker] INFO org.AirAPI.config.AWStextrackTest - 1025 ||
20:09:03.506 [Test worker] INFO org.AirAPI.config.AWStextrackTest - 1025 ||1451 ||
20:09:03.506 [Test worker] INFO org.AirAPI.config.AWStextrackTest - 1025 ||1451 ||FUK ||
20:09:03.506 [Test worker] INFO org.AirAPI.config.AWStextrackTest - 1025 ||1451 ||FUK ||0855 ||
20:09:03.506 [Test worker] INFO org.AirAPI.config.AWStextrackTest - 1025 ||1451 ||FUK ||0855 ||PUS ||
20:09:03.506 [Test worker] INFO org.AirAPI.config.AWStextrackTest - 1025 ||1451 ||FUK ||0855 ||PUS ||1005 ||
20:09:03.506 [Test worker] INFO org.AirAPI.config.AWStextrackTest - F105B ||
20:09:03.506 [Test worker] INFO org.AirAPI.config.AWStextrackTest - F105B ||LAYOV ||
20:09:03.506 [Test worker] INFO org.AirAPI.config.AWStextrackTest - F105B ||LAYOV ||PUS ||
20:09:03.506 [Test worker] INFO org.AirAPI.config.AWStextrackTest - F105B ||LAYOV ||PUS ||1115 ||
20:09:03.506 [Test worker] INFO org.AirAPI.config.AWStextrackTest - F105B ||LAYOV ||PUS ||1115 ||PUS ||
20:09:03.506 [Test worker] INFO org.AirAPI.config.AWStextrackTest - F105B ||LAYOV ||PUS ||1115 ||PUS ||0520 ||
20:09:03.506 [Test worker] INFO org.AirAPI.config.AWStextrackTest - 26Jan23 ||
20:09:03.506 [Test worker] INFO org.AirAPI.config.AWStextrackTest - 26Jan23 ||F105B ||
20:09:03.506 [Test worker] INFO org.AirAPI.config.AWStextrackTest - 26Jan23 ||F105B ||0610 ||
20:09:03.506 [Test worker] INFO org.AirAPI.config.AWStextrackTest - 26Jan23 ||F105B ||0610 ||0835 ||
20:09:03.506 [Test worker] INFO org.AirAPI.config.AWStextrackTest - 26Jan23 ||F105B ||0610 ||0835 ||211 ||
20:09:03.506 [Test worker] INFO org.AirAPI.config.AWStextrackTest - 26Jan23 ||F105B ||0610 ||0835 ||211 ||PUS ||
20:09:03.506 [Test worker] INFO org.AirAPI.config.AWStextrackTest - 26Jan23 ||F105B ||0610 ||0835 ||211 ||PUS ||0720 ||
20:09:03.506 [Test worker] INFO org.AirAPI.config.AWStextrackTest - 26Jan23 ||F105B ||0610 ||0835 ||211 ||PUS ||0720 ||GMP ||
20:09:03.506 [Test worker] INFO org.AirAPI.config.AWStextrackTest - 26Jan23 ||F105B ||0610 ||0835 ||211 ||PUS ||0720 ||GMP ||0815 ||
20:09:03.506 [Test worker] INFO org.AirAPI.config.AWStextrackTest - 27Jan23 ||
20:09:03.506 [Test worker] INFO org.AirAPI.config.AWStextrackTest - 27Jan23 ||OFF ||
20:09:03.506 [Test worker] INFO org.AirAPI.config.AWStextrackTest - 27Jan23 ||OFF ||GMP ||
20:09:03.506 [Test worker] INFO org.AirAPI.config.AWStextrackTest - 27Jan23 ||OFF ||GMP ||0000 ||
20:09:03.506 [Test worker] INFO org.AirAPI.config.AWStextrackTest - 27Jan23 ||OFF ||GMP ||0000 ||GMP ||
20:09:03.506 [Test worker] INFO org.AirAPI.config.AWStextrackTest - 27Jan23 ||OFF ||GMP ||0000 ||GMP ||2359 ||
20:09:03.506 [Test worker] INFO org.AirAPI.config.AWStextrackTest - 28Jan23 ||
20:09:03.506 [Test worker] INFO org.AirAPI.config.AWStextrackTest - 28Jan23 ||F103 ||
20:09:03.506 [Test worker] INFO org.AirAPI.config.AWStextrackTest - 28Jan23 ||F103 ||0550 ||
20:09:03.507 [Test worker] INFO org.AirAPI.config.AWStextrackTest - 28Jan23 ||F103 ||0550 ||103 ||
20:09:03.507 [Test worker] INFO org.AirAPI.config.AWStextrackTest - 28Jan23 ||F103 ||0550 ||103 ||GMP ||
20:09:03.507 [Test worker] INFO org.AirAPI.config.AWStextrackTest - 28Jan23 ||F103 ||0550 ||103 ||GMP ||0700 ||
20:09:03.507 [Test worker] INFO org.AirAPI.config.AWStextrackTest - 28Jan23 ||F103 ||0550 ||103 ||GMP ||0700 ||CJU ||
20:09:03.507 [Test worker] INFO org.AirAPI.config.AWStextrackTest - 28Jan23 ||F103 ||0550 ||103 ||GMP ||0700 ||CJU ||0810 ||
20:09:03.507 [Test worker] INFO org.AirAPI.config.AWStextrackTest - 136 ||
20:09:03.507 [Test worker] INFO org.AirAPI.config.AWStextrackTest - 136 ||CJU ||
20:09:03.507 [Test worker] INFO org.AirAPI.config.AWStextrackTest - 136 ||CJU ||0845 ||
20:09:03.507 [Test worker] INFO org.AirAPI.config.AWStextrackTest - 136 ||CJU ||0845 ||GMP ||
20:09:03.507 [Test worker] INFO org.AirAPI.config.AWStextrackTest - 136 ||CJU ||0845 ||GMP ||0955 ||
20:09:03.507 [Test worker] INFO org.AirAPI.config.AWStextrackTest - F103 ||
20:09:03.507 [Test worker] INFO org.AirAPI.config.AWStextrackTest - F103 ||135 ||
20:09:03.507 [Test worker] INFO org.AirAPI.config.AWStextrackTest - F103 ||135 ||GMP ||
20:09:03.507 [Test worker] INFO org.AirAPI.config.AWStextrackTest - F103 ||135 ||GMP ||1030 ||
20:09:03.507 [Test worker] INFO org.AirAPI.config.AWStextrackTest - F103 ||135 ||GMP ||1030 ||CJU ||
20:09:03.507 [Test worker] INFO org.AirAPI.config.AWStextrackTest - F103 ||135 ||GMP ||1030 ||CJU ||1135 ||
20:09:03.507 [Test worker] INFO org.AirAPI.config.AWStextrackTest - 1355 ||
20:09:03.507 [Test worker] INFO org.AirAPI.config.AWStextrackTest - 1355 ||192 ||
20:09:03.507 [Test worker] INFO org.AirAPI.config.AWStextrackTest - 1355 ||192 ||CJU ||
20:09:03.507 [Test worker] INFO org.AirAPI.config.AWStextrackTest - 1355 ||192 ||CJU ||1225 ||
20:09:03.507 [Test worker] INFO org.AirAPI.config.AWStextrackTest - 1355 ||192 ||CJU ||1225 ||GMP ||
20:09:03.507 [Test worker] INFO org.AirAPI.config.AWStextrackTest - 1355 ||192 ||CJU ||1225 ||GMP ||1335 ||
20:09:03.507 [Test worker] INFO org.AirAPI.config.AWStextrackTest - 29Jan23 ||
20:09:03.507 [Test worker] INFO org.AirAPI.config.AWStextrackTest - 29Jan23 ||F145D ||
20:09:03.507 [Test worker] INFO org.AirAPI.config.AWStextrackTest - 29Jan23 ||F145D ||1545 ||
20:09:03.507 [Test worker] INFO org.AirAPI.config.AWStextrackTest - 29Jan23 ||F145D ||1545 ||145 ||
20:09:03.507 [Test worker] INFO org.AirAPI.config.AWStextrackTest - 29Jan23 ||F145D ||1545 ||145 ||GMP ||
20:09:03.507 [Test worker] INFO org.AirAPI.config.AWStextrackTest - 29Jan23 ||F145D ||1545 ||145 ||GMP ||1655 ||
20:09:03.507 [Test worker] INFO org.AirAPI.config.AWStextrackTest - 29Jan23 ||F145D ||1545 ||145 ||GMP ||1655 ||CJU ||
20:09:03.507 [Test worker] INFO org.AirAPI.config.AWStextrackTest - 29Jan23 ||F145D ||1545 ||145 ||GMP ||1655 ||CJU ||1805 ||
20:09:03.507 [Test worker] INFO org.AirAPI.config.AWStextrackTest - 146 ||
20:09:03.507 [Test worker] INFO org.AirAPI.config.AWStextrackTest - 146 ||CJU ||
20:09:03.507 [Test worker] INFO org.AirAPI.config.AWStextrackTest - 146 ||CJU ||1845 ||
20:09:03.507 [Test worker] INFO org.AirAPI.config.AWStextrackTest - 146 ||CJU ||1845 ||GMP ||
20:09:03.507 [Test worker] INFO org.AirAPI.config.AWStextrackTest - 146 ||CJU ||1845 ||GMP ||1955 ||
20:09:03.507 [Test worker] INFO org.AirAPI.config.AWStextrackTest - F145D ||
20:09:03.507 [Test worker] INFO org.AirAPI.config.AWStextrackTest - F145D ||2200 ||
20:09:03.507 [Test worker] INFO org.AirAPI.config.AWStextrackTest - F145D ||2200 ||147 ||
20:09:03.507 [Test worker] INFO org.AirAPI.config.AWStextrackTest - F145D ||2200 ||147 ||GMP ||
20:09:03.507 [Test worker] INFO org.AirAPI.config.AWStextrackTest - F145D ||2200 ||147 ||GMP ||2030 ||
20:09:03.508 [Test worker] INFO org.AirAPI.config.AWStextrackTest - F145D ||2200 ||147 ||GMP ||2030 ||CJU ||
20:09:03.508 [Test worker] INFO org.AirAPI.config.AWStextrackTest - F145D ||2200 ||147 ||GMP ||2030 ||CJU ||2140 ||
20:09:03.508 [Test worker] INFO org.AirAPI.config.AWStextrackTest - LAYOV ||
20:09:03.508 [Test worker] INFO org.AirAPI.config.AWStextrackTest - LAYOV ||CJU ||
20:09:03.508 [Test worker] INFO org.AirAPI.config.AWStextrackTest - LAYOV ||CJU ||2215 ||
20:09:03.508 [Test worker] INFO org.AirAPI.config.AWStextrackTest - LAYOV ||CJU ||2215 ||CJU ||
20:09:03.508 [Test worker] INFO org.AirAPI.config.AWStextrackTest - LAYOV ||CJU ||2215 ||CJU ||1230 ||
20:09:03.508 [Test worker] INFO org.AirAPI.config.AWStextrackTest - 30Jan23 ||
20:09:03.508 [Test worker] INFO org.AirAPI.config.AWStextrackTest - 30Jan23 ||F145D ||
20:09:03.508 [Test worker] INFO org.AirAPI.config.AWStextrackTest - 30Jan23 ||F145D ||1245 ||
20:09:03.508 [Test worker] INFO org.AirAPI.config.AWStextrackTest - 30Jan23 ||F145D ||1245 ||1520 ||
20:09:03.508 [Test worker] INFO org.AirAPI.config.AWStextrackTest - 30Jan23 ||F145D ||1245 ||1520 ||116 ||
20:09:03.508 [Test worker] INFO org.AirAPI.config.AWStextrackTest - 30Jan23 ||F145D ||1245 ||1520 ||116 ||CJU ||
20:09:03.508 [Test worker] INFO org.AirAPI.config.AWStextrackTest - 30Jan23 ||F145D ||1245 ||1520 ||116 ||CJU ||1355 ||
20:09:03.508 [Test worker] INFO org.AirAPI.config.AWStextrackTest - 30Jan23 ||F145D ||1245 ||1520 ||116 ||CJU ||1355 ||GMP ||
20:09:03.508 [Test worker] INFO org.AirAPI.config.AWStextrackTest - 30Jan23 ||F145D ||1245 ||1520 ||116 ||CJU ||1355 ||GMP ||1500 ||
20:09:03.508 [Test worker] INFO org.AirAPI.config.AWStextrackTest - 31Jan23 ||
20:09:03.508 [Test worker] INFO org.AirAPI.config.AWStextrackTest - 31Jan23 ||OFF ||
20:09:03.508 [Test worker] INFO org.AirAPI.config.AWStextrackTest - 31Jan23 ||OFF ||GMP ||
20:09:03.508 [Test worker] INFO org.AirAPI.config.AWStextrackTest - 31Jan23 ||OFF ||GMP ||0000 ||
20:09:03.508 [Test worker] INFO org.AirAPI.config.AWStextrackTest - 31Jan23 ||OFF ||GMP ||0000 ||GMP ||
20:09:03.508 [Test worker] INFO org.AirAPI.config.AWStextrackTest - 31Jan23 ||OFF ||GMP ||0000 ||GMP ||2359 ||
error! : java.lang.IndexOutOfBoundsException: Index 0 out of bounds for length 0
]]></system-out>
  <system-err><![CDATA[]]></system-err>
</testsuite>
