<?xml version="1.0" encoding="UTF-8"?>
<testsuite name="org.air.controller.PilotControllerTest" tests="1" skipped="0" failures="0" errors="0" timestamp="2024-02-18T11:01:58" hostname="kimjaeseong.local" time="0.082">
  <properties/>
  <testcase name="getSchedules()" classname="org.air.controller.PilotControllerTest" time="0.082"/>
  <system-out><![CDATA[20:01:56.948 [Test worker] DEBUG org.springframework.test.context.BootstrapUtils - Instantiating CacheAwareContextLoaderDelegate from class [org.springframework.test.context.cache.DefaultCacheAwareContextLoaderDelegate]
20:01:56.952 [Test worker] DEBUG org.springframework.test.context.BootstrapUtils - Instantiating BootstrapContext using constructor [public org.springframework.test.context.support.DefaultBootstrapContext(java.lang.Class,org.springframework.test.context.CacheAwareContextLoaderDelegate)]
20:01:56.967 [Test worker] DEBUG org.springframework.test.context.BootstrapUtils - Instantiating TestContextBootstrapper for test class [org.air.controller.PilotControllerTest] from class [org.springframework.boot.test.autoconfigure.web.servlet.WebMvcTestContextBootstrapper]
20:01:56.973 [Test worker] DEBUG org.springframework.test.context.support.AbstractContextLoader - Did not detect default resource location for test class [org.air.controller.PilotControllerTest]: class path resource [org/air/controller/PilotControllerTest-context.xml] does not exist
20:01:56.973 [Test worker] DEBUG org.springframework.test.context.support.AbstractContextLoader - Did not detect default resource location for test class [org.air.controller.PilotControllerTest]: class path resource [org/air/controller/PilotControllerTestContext.groovy] does not exist
20:01:56.973 [Test worker] INFO org.springframework.test.context.support.AbstractContextLoader - Could not detect default resource locations for test class [org.air.controller.PilotControllerTest]: no resource found for suffixes {-context.xml, Context.groovy}.
20:01:57.001 [Test worker] DEBUG org.springframework.test.context.support.ActiveProfilesUtils - Could not find an 'annotation declaring class' for annotation type [org.springframework.test.context.ActiveProfiles] and class [org.air.controller.PilotControllerTest]
20:01:57.003 [Test worker] DEBUG org.springframework.boot.test.autoconfigure.web.servlet.WebMvcTestContextBootstrapper - @TestExecutionListeners is not present for class [org.air.controller.PilotControllerTest]: using defaults.
20:01:57.003 [Test worker] INFO org.springframework.boot.test.autoconfigure.web.servlet.WebMvcTestContextBootstrapper - Loaded default TestExecutionListener class names from location [META-INF/spring.factories]: [org.springframework.security.test.context.support.WithSecurityContextTestExecutionListener, org.springframework.security.test.context.support.ReactorContextTestExecutionListener, org.springframework.boot.test.autoconfigure.restdocs.RestDocsTestExecutionListener, org.springframework.boot.test.autoconfigure.web.client.MockRestServiceServerResetTestExecutionListener, org.springframework.boot.test.autoconfigure.web.servlet.MockMvcPrintOnlyOnFailureTestExecutionListener, org.springframework.boot.test.autoconfigure.web.servlet.WebDriverTestExecutionListener, org.springframework.boot.test.autoconfigure.webservices.client.MockWebServiceServerTestExecutionListener, org.springframework.boot.test.mock.mockito.MockitoTestExecutionListener, org.springframework.boot.test.mock.mockito.ResetMocksTestExecutionListener, org.springframework.test.context.web.ServletTestExecutionListener, org.springframework.test.context.support.DirtiesContextBeforeModesTestExecutionListener, org.springframework.test.context.event.ApplicationEventsTestExecutionListener, org.springframework.test.context.support.DependencyInjectionTestExecutionListener, org.springframework.test.context.support.DirtiesContextTestExecutionListener, org.springframework.test.context.transaction.TransactionalTestExecutionListener, org.springframework.test.context.jdbc.SqlScriptsTestExecutionListener, org.springframework.test.context.event.EventPublishingTestExecutionListener]
20:01:57.010 [Test worker] INFO org.springframework.boot.test.autoconfigure.web.servlet.WebMvcTestContextBootstrapper - Using TestExecutionListeners: [org.springframework.test.context.web.ServletTestExecutionListener@724bade8, org.springframework.test.context.support.DirtiesContextBeforeModesTestExecutionListener@16fb356, org.springframework.test.context.event.ApplicationEventsTestExecutionListener@6bc248ed, org.springframework.boot.test.mock.mockito.MockitoTestExecutionListener@23a9ba52, org.springframework.boot.test.autoconfigure.SpringBootDependencyInjectionTestExecutionListener@ca27722, org.springframework.test.context.support.DirtiesContextTestExecutionListener@70ab80e3, org.springframework.test.context.transaction.TransactionalTestExecutionListener@9573b3b, org.springframework.test.context.jdbc.SqlScriptsTestExecutionListener@67427b69, org.springframework.security.test.context.support.WithSecurityContextTestExecutionListener@78461bc4, org.springframework.test.context.event.EventPublishingTestExecutionListener@544630b7, org.springframework.security.test.context.support.ReactorContextTestExecutionListener@64f857e7, org.springframework.boot.test.autoconfigure.restdocs.RestDocsTestExecutionListener@1095f122, org.springframework.boot.test.autoconfigure.web.client.MockRestServiceServerResetTestExecutionListener@58c540cf, org.springframework.boot.test.autoconfigure.web.servlet.MockMvcPrintOnlyOnFailureTestExecutionListener@3d6300e8, org.springframework.boot.test.autoconfigure.web.servlet.WebDriverTestExecutionListener@1b822fcc, org.springframework.boot.test.autoconfigure.webservices.client.MockWebServiceServerTestExecutionListener@24a1c17f, org.springframework.boot.test.mock.mockito.ResetMocksTestExecutionListener@56102e1c]
20:01:57.011 [Test worker] DEBUG org.springframework.test.context.support.AbstractDirtiesContextTestExecutionListener - Before test class: context [DefaultTestContext@3a4b0e5d testClass = PilotControllerTest, testInstance = [null], testMethod = [null], testException = [null], mergedContextConfiguration = [WebMergedContextConfiguration@10b892d5 testClass = PilotControllerTest, locations = '{}', classes = '{class org.air.config.AWStextrack, class org.air.jwt.JwtTokenProvider}', contextInitializerClasses = '[]', activeProfiles = '{}', propertySourceLocations = '{}', propertySourceProperties = '{org.springframework.boot.test.autoconfigure.web.servlet.WebMvcTestContextBootstrapper=true}', contextCustomizers = set[org.springframework.boot.test.autoconfigure.OverrideAutoConfigurationContextCustomizerFactory$DisableAutoConfigurationContextCustomizer@34a75079, org.springframework.boot.test.autoconfigure.actuate.metrics.MetricsExportContextCustomizerFactory$DisableMetricExportContextCustomizer@2e029d61, org.springframework.boot.test.autoconfigure.filter.TypeExcludeFiltersContextCustomizer@9d44099d, org.springframework.boot.test.autoconfigure.properties.PropertyMappingContextCustomizer@d0f67c59, org.springframework.boot.test.autoconfigure.web.servlet.WebDriverContextCustomizerFactory$Customizer@71e5f61d, [ImportsContextCustomizer@3d3f761a key = [org.springframework.boot.autoconfigure.cache.CacheAutoConfiguration, org.springframework.boot.autoconfigure.context.MessageSourceAutoConfiguration, org.springframework.boot.autoconfigure.data.web.SpringDataWebAutoConfiguration, org.springframework.boot.autoconfigure.freemarker.FreeMarkerAutoConfiguration, org.springframework.boot.autoconfigure.groovy.template.GroovyTemplateAutoConfiguration, org.springframework.boot.autoconfigure.gson.GsonAutoConfiguration, org.springframework.boot.autoconfigure.hateoas.HypermediaAutoConfiguration, org.springframework.boot.autoconfigure.http.HttpMessageConvertersAutoConfiguration, org.springframework.boot.autoconfigure.jackson.JacksonAutoConfiguration, org.springframework.boot.autoconfigure.jsonb.JsonbAutoConfiguration, org.springframework.boot.autoconfigure.mustache.MustacheAutoConfiguration, org.springframework.boot.autoconfigure.task.TaskExecutionAutoConfiguration, org.springframework.boot.autoconfigure.thymeleaf.ThymeleafAutoConfiguration, org.springframework.boot.autoconfigure.validation.ValidationAutoConfiguration, org.springframework.boot.autoconfigure.web.servlet.error.ErrorMvcAutoConfiguration, org.springframework.boot.autoconfigure.web.servlet.HttpEncodingAutoConfiguration, org.springframework.boot.autoconfigure.web.servlet.WebMvcAutoConfiguration, org.springframework.boot.test.autoconfigure.web.servlet.MockMvcAutoConfiguration, org.springframework.boot.test.autoconfigure.web.servlet.MockMvcWebClientAutoConfiguration, org.springframework.boot.test.autoconfigure.web.servlet.MockMvcWebDriverAutoConfiguration, org.springframework.boot.autoconfigure.security.oauth2.client.servlet.OAuth2ClientAutoConfiguration, org.springframework.boot.autoconfigure.security.oauth2.resource.servlet.OAuth2ResourceServerAutoConfiguration, org.springframework.boot.autoconfigure.security.servlet.SecurityAutoConfiguration, org.springframework.boot.autoconfigure.security.servlet.SecurityFilterAutoConfiguration, org.springframework.boot.autoconfigure.security.servlet.UserDetailsServiceAutoConfiguration, org.springframework.boot.test.autoconfigure.web.servlet.MockMvcSecurityConfiguration, org.springframework.boot.test.autoconfigure.web.reactive.WebTestClientAutoConfiguration, org.air.controller.PilotController]], org.springframework.boot.test.context.filter.ExcludeFilterContextCustomizer@2f162cc0, org.springframework.boot.test.json.DuplicateJsonObjectContextCustomizerFactory$DuplicateJsonObjectContextCustomizer@7f69d591, org.springframework.boot.test.mock.mockito.MockitoContextCustomizer@714d8238, org.springframework.boot.test.context.SpringBootTestArgs@1, org.springframework.boot.test.context.SpringBootTestWebEnvironment@0], resourceBasePath = 'src/main/webapp', contextLoader = 'org.springframework.boot.test.context.SpringBootContextLoader', parent = [null]], attributes = map[[empty]]], class annotated with @DirtiesContext [false] with mode [null].

  .   ____          _            __ _ _
 /\\ / ___'_ __ _ _(_)_ __  __ _ \ \ \ \
( ( )\___ | '_ | '_| | '_ \/ _` | \ \ \ \
 \\/  ___)| |_)| | | | | || (_| |  ) ) ) )
  '  |____| .__|_| |_|_| |_\__, | / / / /
 =========|_|==============|___/=/_/_/_/
 :: Spring Boot ::                (v2.7.5)

2024-02-18 20:01:57.355  INFO 2176 --- [    Test worker] org.air.controller.PilotControllerTest   : Starting PilotControllerTest using Java 11.0.21 on kimjaeseong.local with PID 2176 (started by kimjaeseong in /Users/kimjaeseong/Documents/Air_Scheduler/AirAPI)
2024-02-18 20:01:57.356  INFO 2176 --- [    Test worker] org.air.controller.PilotControllerTest   : No active profile set, falling back to 1 default profile: "default"
2024-02-18 20:01:58.168  INFO 2176 --- [    Test worker] o.s.s.web.DefaultSecurityFilterChain     : Will secure any request with [org.springframework.security.web.session.DisableEncodeUrlFilter@40863800, org.springframework.security.web.context.request.async.WebAsyncManagerIntegrationFilter@5950054d, org.springframework.security.web.context.SecurityContextPersistenceFilter@40a28bda, org.springframework.security.web.header.HeaderWriterFilter@27e21083, org.springframework.security.web.csrf.CsrfFilter@5ddb302, org.springframework.security.web.authentication.logout.LogoutFilter@59f76e56, org.springframework.security.web.authentication.UsernamePasswordAuthenticationFilter@2ceb68a1, org.springframework.security.web.authentication.ui.DefaultLoginPageGeneratingFilter@5fa5c8cf, org.springframework.security.web.authentication.ui.DefaultLogoutPageGeneratingFilter@24018c8b, org.springframework.security.web.authentication.www.BasicAuthenticationFilter@4fdac2a7, org.springframework.security.web.savedrequest.RequestCacheAwareFilter@6921cfa, org.springframework.security.web.servletapi.SecurityContextHolderAwareRequestFilter@523abba9, org.springframework.security.web.authentication.AnonymousAuthenticationFilter@4cf230bf, org.springframework.security.web.session.SessionManagementFilter@2e85e3f1, org.springframework.security.web.access.ExceptionTranslationFilter@44ddb518, org.springframework.security.web.access.intercept.FilterSecurityInterceptor@15371de2]
2024-02-18 20:01:58.201  INFO 2176 --- [    Test worker] o.s.b.t.m.w.SpringBootMockServletContext : Initializing Spring TestDispatcherServlet ''
2024-02-18 20:01:58.201  INFO 2176 --- [    Test worker] o.s.t.web.servlet.TestDispatcherServlet  : Initializing Servlet ''
2024-02-18 20:01:58.202  INFO 2176 --- [    Test worker] o.s.t.web.servlet.TestDispatcherServlet  : Completed initialization in 1 ms
2024-02-18 20:01:58.216  INFO 2176 --- [    Test worker] org.air.controller.PilotControllerTest   : Started PilotControllerTest in 1.187 seconds (JVM running for 1.631)

MockHttpServletRequest:
      HTTP Method = GET
      Request URI = /getschedule
       Parameters = {_csrf=[24644179-37d2-4c11-a4ab-15e1decbbee7]}
          Headers = [Content-Type:"application/json;charset=UTF-8"]
             Body = null
    Session Attrs = {SPRING_SECURITY_CONTEXT=SecurityContextImpl [Authentication=UsernamePasswordAuthenticationToken [Principal=org.springframework.security.core.userdetails.User [Username=user, Password=[PROTECTED], Enabled=true, AccountNonExpired=true, credentialsNonExpired=true, AccountNonLocked=true, Granted Authorities=[ROLE_USER]], Credentials=[PROTECTED], Authenticated=true, Details=null, Granted Authorities=[ROLE_USER]]]}

Handler:
             Type = org.air.controller.PilotController
           Method = org.air.controller.PilotController#getSchedules(HttpServletRequest)

Async:
    Async started = false
     Async result = null

Resolved Exception:
             Type = null

ModelAndView:
        View name = null
             View = null
            Model = null

FlashMap:
       Attributes = null

MockHttpServletResponse:
           Status = 200
    Error message = null
          Headers = [Content-Type:"application/json", message:"main page", X-Content-Type-Options:"nosniff", X-XSS-Protection:"1; mode=block", Cache-Control:"no-cache, no-store, max-age=0, must-revalidate", Pragma:"no-cache", Expires:"0", X-Frame-Options:"DENY"]
     Content type = application/json
             Body = {"schedule":[{"id":1,"date":"01Nov22","pairing":null,"dc":null,"ci":null,"co":null,"activity":"OFF","cntFrom":"GMP","stdL":"0000","stdB":"0000","cntTo":"GMP","staL":"2359","staB":"0000","achotel":null,"blk":null}]}
    Forwarded URL = null
   Redirected URL = null
          Cookies = []
]]></system-out>
  <system-err><![CDATA[]]></system-err>
</testsuite>
