<?xml version="1.0" encoding="UTF-8"?>
<testsuite name="org.AirAPI.entity.json.BlockTest" tests="1" skipped="0" failures="0" errors="0" timestamp="2023-05-07T05:56:01" hostname="DESKTOP-MCHQU2R" time="0.13">
  <properties/>
  <testcase name="setEntity()" classname="org.AirAPI.entity.json.BlockTest" time="0.13"/>
  <system-out><![CDATA[Schedule(id=0, date=01Apr23 , pairing=F2903 , dc=null, ci=1945 , co=0050, activity=2903, cnt_from=ICN , std=2155 , cnt_to=DAD , sta=0230 , achotel=738 , blk=4:35 )
Schedule(id=0, date=02Apr23 , pairing=F2903 , dc=null, ci=null, co=null, activity=LAYOV, cnt_from=DAD , std=0305 , cnt_to=DAD , sta=0215 , achotel=Vinpearl Condotel Riverfront , blk=null)
Schedule(id=0, date=03Apr23 , pairing=F2903 , dc=null, ci=0030 , co=0905, activity=2904, cnt_from=DAD , std=0330 , cnt_to=ICN , sta=0805 , achotel=738 , blk=4:35 )
Schedule(id=0, date=04Apr23 , pairing=null, dc=null, ci=null, co=null, activity=OFF, cnt_from=GMP , std=0000 , cnt_to=GMP , sta=2359 , achotel=null, blk=null)
Schedule(id=0, date=05Apr23 , pairing=F2243 , dc=null, ci=1800 , co=2040, activity=129, cnt_from=GMP , std=1910 , cnt_to=CJU , sta=2020 , achotel=738 , blk=1:10 )
Schedule(id=0, date=null, pairing=null, dc=null, ci=null, co=null, activity=LAYOV, cnt_from=CJU , std=2055 , cnt_to=CJU , sta=2025 , achotel=???? ?? , blk=null)
Schedule(id=0, date=06Apr23 , pairing=F2243 , dc=null, ci=2040 , co=0220, activity=2243, cnt_from=CJU , std=2200 , cnt_to=BKK , sta=0400 , achotel=738 , blk=6:00 )
Schedule(id=0, date=07Apr23 , pairing=F2243 , dc=null, ci=null, co=null, activity=LAYOV, cnt_from=BKK , std=0515 , cnt_to=BKK , sta=0150 , achotel=Holiday Inn silom (7/12~) , blk=null)
Schedule(id=0, date=08Apr23 , pairing=F2243 , dc=null, ci=0045 , co=1020, activity=2206, cnt_from=BKK , std=0345 , cnt_to=ICN , sta=0920 , achotel=738 , blk=5:35 )
Schedule(id=0, date=09Apr23 , pairing=null, dc=null, ci=null, co=null, activity=OFF, cnt_from=GMP , std=0000 , cnt_to=GMP , sta=2359 , achotel=null, blk=null)
Schedule(id=0, date=10Apr23 , pairing=null, dc=null, ci=null, co=null, activity=OFF, cnt_from=GMP , std=0000 , cnt_to=GMP , sta=2359 , achotel=null, blk=null)
Schedule(id=0, date=11Apr23 , pairing=F3102A , dc=OBCA , ci=0830 , co=null, activity=3102, cnt_from=ICN , std=1040 , cnt_to=GUM , sta=1505 , achotel=738 , blk=4:25 )
Schedule(id=0, date=null, pairing=null, dc=DH , ci=null, co=2210, activity=3101, cnt_from=GUM , std=1610 , cnt_to=ICN , sta=2110 , achotel=738 , blk=null)
Schedule(id=0, date=12Apr23 , pairing=null, dc=null, ci=1201 , co=2200, activity=SB1, cnt_from=GMP , std=1201 , cnt_to=GMP , sta=2200 , achotel=null, blk=null)
Schedule(id=0, date=13Apr23 , pairing=null, dc=null, ci=0900 , co=1800, activity=TBA, cnt_from=GMP , std=0900 , cnt_to=GMP , sta=1800 , achotel=null, blk=null)
Schedule(id=0, date=14Apr23 , pairing=null, dc=null, ci=null, co=null, activity=OFF, cnt_from=GMP , std=0000 , cnt_to=GMP , sta=2359 , achotel=null, blk=null)
Schedule(id=0, date=15Apr23 , pairing=F2653 , dc=DH , ci=0655 , co=null, activity=AIR, cnt_from=GMP , std=0805 , cnt_to=PUS , sta=0910 , achotel=null, blk=null)
Schedule(id=0, date=null, pairing=null, dc=null, ci=null, co=null, activity=1154, cnt_from=PUS , std=1100 , cnt_to=NRT , sta=1300 , achotel=738 , blk=2:00 )
Schedule(id=0, date=null, pairing=F2653 , dc=null, ci=null, co=1655, activity=1153, cnt_from=NRT , std=1400 , cnt_to=PUS , sta=1635 , achotel=738 , blk=2:35 )
Schedule(id=0, date=null, pairing=null, dc=null, ci=null, co=null, activity=LAYOV, cnt_from=PUS , std=1745 , cnt_to=PUS , sta=1945 , achotel=??? ?? , blk=null)
Schedule(id=0, date=16Apr23 , pairing=F2653 , dc=null, ci=2035 , co=null, activity=2653, cnt_from=PUS , std=2155 , cnt_to=TPE , sta=0030 , achotel=738 , blk=2:35 )
Schedule(id=0, date=17Apr23 , pairing=F2653 , dc=null, ci=null, co=null, activity=2654, cnt_from=TPE , std=0350 , cnt_to=PUS , sta=0610 , achotel=738 , blk=2:20 )
Schedule(id=0, date=null, pairing=null, dc=DH , ci=null, co=0845, activity=211, cnt_from=PUS , std=0730 , cnt_to=GMP , sta=0825 , achotel=738 , blk=null)
Schedule(id=0, date=18Apr23 , pairing=null, dc=null, ci=null, co=null, activity=OFF, cnt_from=GMP , std=0000 , cnt_to=GMP , sta=2359 , achotel=null, blk=null)
Schedule(id=0, date=19Apr23 , pairing=null, dc=null, ci=null, co=null, activity=OFF, cnt_from=GMP , std=0000 , cnt_to=GMP , sta=2359 , achotel=null, blk=null)
Schedule(id=0, date=20Apr23 , pairing=F9104 , dc=null, ci=1410 , co=null, activity=9104, cnt_from=ICN , std=1620 , cnt_to=NRT , sta=1845 , achotel=738 , blk=2:25 )
Schedule(id=0, date=null, pairing=null, dc=null, ci=null, co=2350, activity=9103, cnt_from=NRT , std=1945 , cnt_to=ICN , sta=2250 , achotel=738 , blk=3:05 )
Schedule(id=0, date=21Apr23 , pairing=F2507 , dc=null, ci=1700 , co=2340, activity=2507, cnt_from=ICN , std=1910 , cnt_to=BKI , sta=0020 , achotel=738 , blk=5:10 )
Schedule(id=0, date=22Apr23 , pairing=F2507 , dc=null, ci=null, co=null, activity=LAYOV, cnt_from=BKI , std=0105 , cnt_to=BKI , sta=2355 , achotel=HYATT REGENCY , blk=null)
Schedule(id=0, date=23Apr23 , pairing=F2507 , dc=null, ci=2320 , co=0725, activity=2508, cnt_from=BKI , std=0120 , cnt_to=ICN , sta=0625 , achotel=738 , blk=5:05 )
Schedule(id=0, date=24Apr23 , pairing=null, dc=null, ci=null, co=null, activity=OFF, cnt_from=GMP , std=0000 , cnt_to=GMP , sta=2359 , achotel=null, blk=null)
Schedule(id=0, date=25Apr23 , pairing=null, dc=null, ci=0900 , co=null, activity=JCRM, cnt_from=GMP , std=0900 , cnt_to=GMP , sta=1100 , achotel=null, blk=null)
Schedule(id=0, date=null, pairing=null, dc=null, ci=null, co=1300, activity=TR_GRD, cnt_from=GMP , std=1100 , cnt_to=GMP , sta=1300 , achotel=null, blk=null)
Schedule(id=0, date=26Apr23 , pairing=F1406 , dc=null, ci=1355 , co=null, activity=1406, cnt_from=ICN , std=1605 , cnt_to=FUK , sta=1730 , achotel=738 , blk=1:25 )
Schedule(id=0, date=null, pairing=null, dc=null, ci=null, co=2245, activity=1405, cnt_from=FUK , std=1950 , cnt_to=ICN , sta=2145 , achotel=738 , blk=1:55 )
Schedule(id=0, date=27Apr23 , pairing=null, dc=null, ci=1201 , co=2200, activity=SB1, cnt_from=GMP , std=1201 , cnt_to=GMP , sta=2200 , achotel=null, blk=null)
Schedule(id=0, date=28Apr23 , pairing=null, dc=null, ci=null, co=null, activity=OFF, cnt_from=GMP , std=0000 , cnt_to=GMP , sta=2359 , achotel=null, blk=null)
Schedule(id=0, date=29Apr23 , pairing=null, dc=null, ci=null, co=null, activity=OFF, cnt_from=GMP , std=0000 , cnt_to=GMP , sta=2359 , achotel=null, blk=null)
Schedule(id=0, date=30Apr23 , pairing=null, dc=null, ci=1201 , co=2200, activity=SB1, cnt_from=GMP , std=1201 , cnt_to=GMP , sta=2200 , achotel=null, blk=null)
]]></system-out>
  <system-err><![CDATA[]]></system-err>
</testsuite>
