<?xml version="1.0" encoding="UTF-8"?>
<testsuite name="org.AirAPI.controller.UserControllerTest" tests="1" skipped="0" failures="0" errors="0" timestamp="2023-06-11T13:48:00" hostname="DESKTOP-CLGUOMH" time="0.432">
  <properties/>
  <testcase name="회원가입" classname="org.AirAPI.controller.UserControllerTest" time="0.432"/>
  <system-out><![CDATA[22:47:54.685 [Test worker] DEBUG org.springframework.test.context.BootstrapUtils - Instantiating CacheAwareContextLoaderDelegate from class [org.springframework.test.context.cache.DefaultCacheAwareContextLoaderDelegate]
22:47:54.709 [Test worker] DEBUG org.springframework.test.context.BootstrapUtils - Instantiating BootstrapContext using constructor [public org.springframework.test.context.support.DefaultBootstrapContext(java.lang.Class,org.springframework.test.context.CacheAwareContextLoaderDelegate)]
22:47:54.750 [Test worker] DEBUG org.springframework.test.context.BootstrapUtils - Instantiating TestContextBootstrapper for test class [org.AirAPI.controller.UserControllerTest] from class [org.springframework.boot.test.autoconfigure.web.servlet.WebMvcTestContextBootstrapper]
22:47:54.772 [Test worker] INFO org.springframework.boot.test.autoconfigure.web.servlet.WebMvcTestContextBootstrapper - Neither @ContextConfiguration nor @ContextHierarchy found for test class [org.AirAPI.controller.UserControllerTest], using SpringBootContextLoader
22:47:54.780 [Test worker] DEBUG org.springframework.test.context.support.AbstractContextLoader - Did not detect default resource location for test class [org.AirAPI.controller.UserControllerTest]: class path resource [org/AirAPI/controller/UserControllerTest-context.xml] does not exist
22:47:54.782 [Test worker] DEBUG org.springframework.test.context.support.AbstractContextLoader - Did not detect default resource location for test class [org.AirAPI.controller.UserControllerTest]: class path resource [org/AirAPI/controller/UserControllerTestContext.groovy] does not exist
22:47:54.782 [Test worker] INFO org.springframework.test.context.support.AbstractContextLoader - Could not detect default resource locations for test class [org.AirAPI.controller.UserControllerTest]: no resource found for suffixes {-context.xml, Context.groovy}.
22:47:54.784 [Test worker] INFO org.springframework.test.context.support.AnnotationConfigContextLoaderUtils - Could not detect default configuration classes for test class [org.AirAPI.controller.UserControllerTest]: UserControllerTest does not declare any static, non-private, non-final, nested classes annotated with @Configuration.
22:47:54.983 [Test worker] DEBUG org.springframework.test.context.support.ActiveProfilesUtils - Could not find an 'annotation declaring class' for annotation type [org.springframework.test.context.ActiveProfiles] and class [org.AirAPI.controller.UserControllerTest]
22:47:55.144 [Test worker] DEBUG org.springframework.context.annotation.ClassPathScanningCandidateComponentProvider - Identified candidate component class: file [D:\Air_Scheduler\AirAPI\build\classes\java\main\org\AirAPI\Main.class]
22:47:55.146 [Test worker] INFO org.springframework.boot.test.context.SpringBootTestContextBootstrapper - Found @SpringBootConfiguration org.AirAPI.Main for test class org.AirAPI.controller.UserControllerTest
22:47:55.160 [Test worker] DEBUG org.springframework.boot.test.autoconfigure.web.servlet.WebMvcTestContextBootstrapper - @TestExecutionListeners is not present for class [org.AirAPI.controller.UserControllerTest]: using defaults.
22:47:55.161 [Test worker] INFO org.springframework.boot.test.autoconfigure.web.servlet.WebMvcTestContextBootstrapper - Loaded default TestExecutionListener class names from location [META-INF/spring.factories]: [org.springframework.security.test.context.support.WithSecurityContextTestExecutionListener, org.springframework.security.test.context.support.ReactorContextTestExecutionListener, org.springframework.boot.test.autoconfigure.restdocs.RestDocsTestExecutionListener, org.springframework.boot.test.autoconfigure.web.client.MockRestServiceServerResetTestExecutionListener, org.springframework.boot.test.autoconfigure.web.servlet.MockMvcPrintOnlyOnFailureTestExecutionListener, org.springframework.boot.test.autoconfigure.web.servlet.WebDriverTestExecutionListener, org.springframework.boot.test.autoconfigure.webservices.client.MockWebServiceServerTestExecutionListener, org.springframework.boot.test.mock.mockito.MockitoTestExecutionListener, org.springframework.boot.test.mock.mockito.ResetMocksTestExecutionListener, org.springframework.test.context.web.ServletTestExecutionListener, org.springframework.test.context.support.DirtiesContextBeforeModesTestExecutionListener, org.springframework.test.context.event.ApplicationEventsTestExecutionListener, org.springframework.test.context.support.DependencyInjectionTestExecutionListener, org.springframework.test.context.support.DirtiesContextTestExecutionListener, org.springframework.test.context.transaction.TransactionalTestExecutionListener, org.springframework.test.context.jdbc.SqlScriptsTestExecutionListener, org.springframework.test.context.event.EventPublishingTestExecutionListener]
22:47:55.202 [Test worker] INFO org.springframework.boot.test.autoconfigure.web.servlet.WebMvcTestContextBootstrapper - Using TestExecutionListeners: [org.springframework.test.context.web.ServletTestExecutionListener@5851bd4f, org.springframework.test.context.support.DirtiesContextBeforeModesTestExecutionListener@7cd1ac19, org.springframework.test.context.event.ApplicationEventsTestExecutionListener@2f40a43, org.springframework.boot.test.mock.mockito.MockitoTestExecutionListener@3caa4757, org.springframework.boot.test.autoconfigure.SpringBootDependencyInjectionTestExecutionListener@69c43e48, org.springframework.test.context.support.DirtiesContextTestExecutionListener@1804f60d, org.springframework.test.context.transaction.TransactionalTestExecutionListener@3a80515c, org.springframework.test.context.jdbc.SqlScriptsTestExecutionListener@547e29a4, org.springframework.security.test.context.support.WithSecurityContextTestExecutionListener@1c807b1d, org.springframework.test.context.event.EventPublishingTestExecutionListener@238b521e, org.springframework.security.test.context.support.ReactorContextTestExecutionListener@1b39fd82, org.springframework.boot.test.autoconfigure.restdocs.RestDocsTestExecutionListener@3e2fc448, org.springframework.boot.test.autoconfigure.web.client.MockRestServiceServerResetTestExecutionListener@21680803, org.springframework.boot.test.autoconfigure.web.servlet.MockMvcPrintOnlyOnFailureTestExecutionListener@588ab592, org.springframework.boot.test.autoconfigure.web.servlet.WebDriverTestExecutionListener@c8b96ec, org.springframework.boot.test.autoconfigure.webservices.client.MockWebServiceServerTestExecutionListener@4cc61eb1, org.springframework.boot.test.mock.mockito.ResetMocksTestExecutionListener@2d8f2f3a]

  .   ____          _            __ _ _
 /\\ / ___'_ __ _ _(_)_ __  __ _ \ \ \ \
( ( )\___ | '_ | '_| | '_ \/ _` | \ \ \ \
 \\/  ___)| |_)| | | | | || (_| |  ) ) ) )
  '  |____| .__|_| |_|_| |_\__, | / / / /
 =========|_|==============|___/=/_/_/_/
 :: Spring Boot ::                (v2.7.5)

2023-06-11 22:47:56.052  INFO 2692 --- [    Test worker] o.AirAPI.controller.UserControllerTest   : Starting UserControllerTest using Java 11.0.16.1 on DESKTOP-CLGUOMH with PID 2692 (started by KIWI NOTE in D:\Air_Scheduler\AirAPI)
2023-06-11 22:47:56.055  INFO 2692 --- [    Test worker] o.AirAPI.controller.UserControllerTest   : No active profile set, falling back to 1 default profile: "default"
2023-06-11 22:47:56.809  INFO 2692 --- [    Test worker] .s.d.r.c.RepositoryConfigurationDelegate : Bootstrapping Spring Data JPA repositories in DEFAULT mode.
2023-06-11 22:47:56.864  INFO 2692 --- [    Test worker] .s.d.r.c.RepositoryConfigurationDelegate : Finished Spring Data repository scanning in 12 ms. Found 0 JPA repository interfaces.
2023-06-11 22:47:59.831  WARN 2692 --- [    Test worker] .s.s.UserDetailsServiceAutoConfiguration : 

Using generated security password: 176df2de-3d02-4aba-b1af-62df019572bf

This generated password is for development use only. Your security configuration must be updated before running your application in production.

2023-06-11 22:48:00.254  INFO 2692 --- [    Test worker] o.s.s.web.DefaultSecurityFilterChain     : Will secure any request with [org.springframework.security.web.session.DisableEncodeUrlFilter@76dc36e5, org.springframework.security.web.context.request.async.WebAsyncManagerIntegrationFilter@2a54c92e, org.springframework.security.web.context.SecurityContextPersistenceFilter@5b0e9e0c, org.springframework.security.web.header.HeaderWriterFilter@5b5b53c6, org.springframework.security.web.csrf.CsrfFilter@6480a063, org.springframework.security.web.authentication.logout.LogoutFilter@4c2bea52, org.springframework.security.web.authentication.UsernamePasswordAuthenticationFilter@72f24a84, org.springframework.security.web.authentication.ui.DefaultLoginPageGeneratingFilter@1be3f8f8, org.springframework.security.web.authentication.ui.DefaultLogoutPageGeneratingFilter@31533eb1, org.springframework.security.web.authentication.www.BasicAuthenticationFilter@343d1d25, org.springframework.security.web.savedrequest.RequestCacheAwareFilter@19f497aa, org.springframework.security.web.servletapi.SecurityContextHolderAwareRequestFilter@36a58466, org.springframework.security.web.authentication.AnonymousAuthenticationFilter@1fb71788, org.springframework.security.web.session.SessionManagementFilter@7827d7b, org.springframework.security.web.access.ExceptionTranslationFilter@3514ac7d, org.springframework.security.web.access.intercept.FilterSecurityInterceptor@7884f722]
2023-06-11 22:48:00.469  INFO 2692 --- [    Test worker] o.s.b.t.m.w.SpringBootMockServletContext : Initializing Spring TestDispatcherServlet ''
2023-06-11 22:48:00.470  INFO 2692 --- [    Test worker] o.s.t.web.servlet.TestDispatcherServlet  : Initializing Servlet ''
2023-06-11 22:48:00.473  INFO 2692 --- [    Test worker] o.s.t.web.servlet.TestDispatcherServlet  : Completed initialization in 3 ms
2023-06-11 22:48:00.539  INFO 2692 --- [    Test worker] o.AirAPI.controller.UserControllerTest   : Started UserControllerTest in 5.254 seconds (JVM running for 7.815)
[ROLE_USER]
]]></system-out>
  <system-err><![CDATA[]]></system-err>
</testsuite>
