<?xml version="1.0" encoding="UTF-8"?>
<testsuite name="org.AirAPI.controller.UserControllerTest" tests="1" skipped="0" failures="0" errors="0" timestamp="2023-03-01T02:11:32" hostname="DESKTOP-R7AB2GV" time="0.311">
  <properties/>
  <testcase name="로그인" classname="org.AirAPI.controller.UserControllerTest" time="0.311"/>
  <system-out><![CDATA[11:11:28.632 [Test worker] DEBUG org.springframework.test.context.BootstrapUtils - Instantiating CacheAwareContextLoaderDelegate from class [org.springframework.test.context.cache.DefaultCacheAwareContextLoaderDelegate]
11:11:28.647 [Test worker] DEBUG org.springframework.test.context.BootstrapUtils - Instantiating BootstrapContext using constructor [public org.springframework.test.context.support.DefaultBootstrapContext(java.lang.Class,org.springframework.test.context.CacheAwareContextLoaderDelegate)]
11:11:28.677 [Test worker] DEBUG org.springframework.test.context.BootstrapUtils - Instantiating TestContextBootstrapper for test class [org.AirAPI.controller.UserControllerTest] from class [org.springframework.boot.test.autoconfigure.web.servlet.WebMvcTestContextBootstrapper]
11:11:28.691 [Test worker] INFO org.springframework.boot.test.autoconfigure.web.servlet.WebMvcTestContextBootstrapper - Neither @ContextConfiguration nor @ContextHierarchy found for test class [org.AirAPI.controller.UserControllerTest], using SpringBootContextLoader
11:11:28.696 [Test worker] DEBUG org.springframework.test.context.support.AbstractContextLoader - Did not detect default resource location for test class [org.AirAPI.controller.UserControllerTest]: class path resource [org/AirAPI/controller/UserControllerTest-context.xml] does not exist
11:11:28.696 [Test worker] DEBUG org.springframework.test.context.support.AbstractContextLoader - Did not detect default resource location for test class [org.AirAPI.controller.UserControllerTest]: class path resource [org/AirAPI/controller/UserControllerTestContext.groovy] does not exist
11:11:28.697 [Test worker] INFO org.springframework.test.context.support.AbstractContextLoader - Could not detect default resource locations for test class [org.AirAPI.controller.UserControllerTest]: no resource found for suffixes {-context.xml, Context.groovy}.
11:11:28.698 [Test worker] INFO org.springframework.test.context.support.AnnotationConfigContextLoaderUtils - Could not detect default configuration classes for test class [org.AirAPI.controller.UserControllerTest]: UserControllerTest does not declare any static, non-private, non-final, nested classes annotated with @Configuration.
11:11:28.804 [Test worker] DEBUG org.springframework.test.context.support.ActiveProfilesUtils - Could not find an 'annotation declaring class' for annotation type [org.springframework.test.context.ActiveProfiles] and class [org.AirAPI.controller.UserControllerTest]
11:11:28.883 [Test worker] DEBUG org.springframework.context.annotation.ClassPathScanningCandidateComponentProvider - Identified candidate component class: file [C:\Users\JAESEUNG\IdeaProjects\Air_Scheduler\AirAPI\build\classes\java\main\org\AirAPI\Main.class]
11:11:28.885 [Test worker] INFO org.springframework.boot.test.context.SpringBootTestContextBootstrapper - Found @SpringBootConfiguration org.AirAPI.Main for test class org.AirAPI.controller.UserControllerTest
11:11:28.888 [Test worker] DEBUG org.springframework.boot.test.autoconfigure.web.servlet.WebMvcTestContextBootstrapper - @TestExecutionListeners is not present for class [org.AirAPI.controller.UserControllerTest]: using defaults.
11:11:28.890 [Test worker] INFO org.springframework.boot.test.autoconfigure.web.servlet.WebMvcTestContextBootstrapper - Loaded default TestExecutionListener class names from location [META-INF/spring.factories]: [org.springframework.security.test.context.support.WithSecurityContextTestExecutionListener, org.springframework.security.test.context.support.ReactorContextTestExecutionListener, org.springframework.boot.test.autoconfigure.restdocs.RestDocsTestExecutionListener, org.springframework.boot.test.autoconfigure.web.client.MockRestServiceServerResetTestExecutionListener, org.springframework.boot.test.autoconfigure.web.servlet.MockMvcPrintOnlyOnFailureTestExecutionListener, org.springframework.boot.test.autoconfigure.web.servlet.WebDriverTestExecutionListener, org.springframework.boot.test.autoconfigure.webservices.client.MockWebServiceServerTestExecutionListener, org.springframework.boot.test.mock.mockito.MockitoTestExecutionListener, org.springframework.boot.test.mock.mockito.ResetMocksTestExecutionListener, org.springframework.test.context.web.ServletTestExecutionListener, org.springframework.test.context.support.DirtiesContextBeforeModesTestExecutionListener, org.springframework.test.context.event.ApplicationEventsTestExecutionListener, org.springframework.test.context.support.DependencyInjectionTestExecutionListener, org.springframework.test.context.support.DirtiesContextTestExecutionListener, org.springframework.test.context.transaction.TransactionalTestExecutionListener, org.springframework.test.context.jdbc.SqlScriptsTestExecutionListener, org.springframework.test.context.event.EventPublishingTestExecutionListener]
11:11:28.919 [Test worker] INFO org.springframework.boot.test.autoconfigure.web.servlet.WebMvcTestContextBootstrapper - Using TestExecutionListeners: [org.springframework.test.context.web.ServletTestExecutionListener@162be91c, org.springframework.test.context.support.DirtiesContextBeforeModesTestExecutionListener@2488b073, org.springframework.test.context.event.ApplicationEventsTestExecutionListener@1c9f0a20, org.springframework.boot.test.mock.mockito.MockitoTestExecutionListener@55787112, org.springframework.boot.test.autoconfigure.SpringBootDependencyInjectionTestExecutionListener@1cd201a8, org.springframework.test.context.support.DirtiesContextTestExecutionListener@7db82169, org.springframework.test.context.transaction.TransactionalTestExecutionListener@1992eaf4, org.springframework.test.context.jdbc.SqlScriptsTestExecutionListener@f74e835, org.springframework.security.test.context.support.WithSecurityContextTestExecutionListener@3276732, org.springframework.test.context.event.EventPublishingTestExecutionListener@3f28bd56, org.springframework.security.test.context.support.ReactorContextTestExecutionListener@31e3250d, org.springframework.boot.test.autoconfigure.restdocs.RestDocsTestExecutionListener@19fe4644, org.springframework.boot.test.autoconfigure.web.client.MockRestServiceServerResetTestExecutionListener@21d8bcbe, org.springframework.boot.test.autoconfigure.web.servlet.MockMvcPrintOnlyOnFailureTestExecutionListener@5be067de, org.springframework.boot.test.autoconfigure.web.servlet.WebDriverTestExecutionListener@7383eae2, org.springframework.boot.test.autoconfigure.webservices.client.MockWebServiceServerTestExecutionListener@18245eb0, org.springframework.boot.test.mock.mockito.ResetMocksTestExecutionListener@7c7d3c46]

  .   ____          _            __ _ _
 /\\ / ___'_ __ _ _(_)_ __  __ _ \ \ \ \
( ( )\___ | '_ | '_| | '_ \/ _` | \ \ \ \
 \\/  ___)| |_)| | | | | || (_| |  ) ) ) )
  '  |____| .__|_| |_|_| |_\__, | / / / /
 =========|_|==============|___/=/_/_/_/
 :: Spring Boot ::                (v2.7.5)

2023-03-01 11:11:29.455  INFO 8728 --- [    Test worker] o.AirAPI.controller.UserControllerTest   : Starting UserControllerTest using Java 16.0.2 on DESKTOP-R7AB2GV with PID 8728 (started by JAESEUNG in C:\Users\JAESEUNG\IdeaProjects\Air_Scheduler\AirAPI)
2023-03-01 11:11:29.456  INFO 8728 --- [    Test worker] o.AirAPI.controller.UserControllerTest   : No active profile set, falling back to 1 default profile: "default"
2023-03-01 11:11:29.986  INFO 8728 --- [    Test worker] .s.d.r.c.RepositoryConfigurationDelegate : Bootstrapping Spring Data JPA repositories in DEFAULT mode.
2023-03-01 11:11:30.003  INFO 8728 --- [    Test worker] .s.d.r.c.RepositoryConfigurationDelegate : Finished Spring Data repository scanning in 6 ms. Found 0 JPA repository interfaces.
2023-03-01 11:11:31.525  INFO 8728 --- [    Test worker] o.s.s.web.DefaultSecurityFilterChain     : Will secure any request with [org.springframework.security.web.session.DisableEncodeUrlFilter@53bb71e5, org.springframework.security.web.context.request.async.WebAsyncManagerIntegrationFilter@54a056e4, org.springframework.security.web.context.SecurityContextPersistenceFilter@5323999f, org.springframework.security.web.header.HeaderWriterFilter@61853c7e, org.springframework.security.web.authentication.logout.LogoutFilter@4a9b3956, org.AirAPI.jwt.JwtAuthenticationFilter@15994b0b, org.springframework.security.web.savedrequest.RequestCacheAwareFilter@aca3c85, org.springframework.security.web.servletapi.SecurityContextHolderAwareRequestFilter@45eab322, org.springframework.security.web.authentication.AnonymousAuthenticationFilter@12cd129c, org.springframework.security.web.session.SessionManagementFilter@5f3b84bd, org.springframework.security.web.access.ExceptionTranslationFilter@660b1a9d, org.springframework.security.web.access.intercept.FilterSecurityInterceptor@1c68d0db]
2023-03-01 11:11:32.007  WARN 8728 --- [    Test worker] o.s.s.c.a.web.builders.WebSecurity       : You are asking Spring Security to ignore Mvc [pattern='/v3/api-docs/**']. This is not recommended -- please use permitAll via HttpSecurity#authorizeHttpRequests instead.
2023-03-01 11:11:32.007  INFO 8728 --- [    Test worker] o.s.s.web.DefaultSecurityFilterChain     : Will not secure Mvc [pattern='/v3/api-docs/**']
2023-03-01 11:11:32.008  WARN 8728 --- [    Test worker] o.s.s.c.a.web.builders.WebSecurity       : You are asking Spring Security to ignore Mvc [pattern='/swagger-ui/**']. This is not recommended -- please use permitAll via HttpSecurity#authorizeHttpRequests instead.
2023-03-01 11:11:32.008  INFO 8728 --- [    Test worker] o.s.s.web.DefaultSecurityFilterChain     : Will not secure Mvc [pattern='/swagger-ui/**']
2023-03-01 11:11:32.008  WARN 8728 --- [    Test worker] o.s.s.c.a.web.builders.WebSecurity       : You are asking Spring Security to ignore Mvc [pattern='/api/v1/login']. This is not recommended -- please use permitAll via HttpSecurity#authorizeHttpRequests instead.
2023-03-01 11:11:32.008  INFO 8728 --- [    Test worker] o.s.s.web.DefaultSecurityFilterChain     : Will not secure Mvc [pattern='/api/v1/login']
2023-03-01 11:11:32.008  WARN 8728 --- [    Test worker] o.s.s.c.a.web.builders.WebSecurity       : You are asking Spring Security to ignore Mvc [pattern='/h2-console/**']. This is not recommended -- please use permitAll via HttpSecurity#authorizeHttpRequests instead.
2023-03-01 11:11:32.008  INFO 8728 --- [    Test worker] o.s.s.web.DefaultSecurityFilterChain     : Will not secure Mvc [pattern='/h2-console/**']
2023-03-01 11:11:32.469  INFO 8728 --- [    Test worker] o.s.b.t.m.w.SpringBootMockServletContext : Initializing Spring TestDispatcherServlet ''
2023-03-01 11:11:32.470  INFO 8728 --- [    Test worker] o.s.t.web.servlet.TestDispatcherServlet  : Initializing Servlet ''
2023-03-01 11:11:32.472  INFO 8728 --- [    Test worker] o.s.t.web.servlet.TestDispatcherServlet  : Completed initialization in 2 ms
2023-03-01 11:11:32.522  INFO 8728 --- [    Test worker] o.AirAPI.controller.UserControllerTest   : Started UserControllerTest in 3.548 seconds (JVM running for 5.002)

MockHttpServletRequest:
      HTTP Method = POST
      Request URI = /login
       Parameters = {}
          Headers = [Content-Type:"application/json;charset=UTF-8", Content-Length:"40"]
             Body = {"userId": "001200","name": "침착맨"}
    Session Attrs = {}

Handler:
             Type = org.AirAPI.controller.UserController
           Method = org.AirAPI.controller.UserController#login(User)

Async:
    Async started = false
     Async result = null

Resolved Exception:
             Type = null

ModelAndView:
        View name = null
             View = null
            Model = null

FlashMap:
       Attributes = null

MockHttpServletResponse:
           Status = 200
    Error message = null
          Headers = [Content-Type:"application/json", Authorization:"eyJhbGciOiJIUzI1NiJ9.eyJzdWIiOiIwMDEyMDAiLCJhY2Nlc3NfdGltZSI6IjExOjExOjMyIiwiaWF0IjoxNjc3NjM2NjkyLCJleHAiOjE2Nzc2Mzg0OTJ9.zhJuZL5EQywzzCYL5Gx4JqVDcUso-P1vh3M8ZjiD6kY", X-Content-Type-Options:"nosniff", X-XSS-Protection:"1; mode=block", Cache-Control:"no-cache, no-store, max-age=0, must-revalidate", Pragma:"no-cache", Expires:"0"]
     Content type = application/json
             Body = {"status":"OK","message":"login Success","data":null}
    Forwarded URL = null
   Redirected URL = null
          Cookies = []
]]></system-out>
  <system-err><![CDATA[]]></system-err>
</testsuite>
