<?xml version="1.0" encoding="UTF-8"?>
<testsuite name="org.air.jwt.JwtTokenProviderTest" tests="1" skipped="0" failures="0" errors="0" timestamp="2024-03-03T02:15:52" hostname="kimjaeseong.local" time="0.033">
  <properties/>
  <testcase name="Token Check" classname="org.air.jwt.JwtTokenProviderTest" time="0.033"/>
  <system-out><![CDATA[11:15:49.509 [Test worker] DEBUG org.springframework.test.context.BootstrapUtils - Instantiating CacheAwareContextLoaderDelegate from class [org.springframework.test.context.cache.DefaultCacheAwareContextLoaderDelegate]
11:15:49.513 [Test worker] DEBUG org.springframework.test.context.BootstrapUtils - Instantiating BootstrapContext using constructor [public org.springframework.test.context.support.DefaultBootstrapContext(java.lang.Class,org.springframework.test.context.CacheAwareContextLoaderDelegate)]
11:15:49.526 [Test worker] DEBUG org.springframework.test.context.BootstrapUtils - Instantiating TestContextBootstrapper for test class [org.air.jwt.JwtTokenProviderTest] from class [org.springframework.boot.test.context.SpringBootTestContextBootstrapper]
11:15:49.530 [Test worker] INFO org.springframework.boot.test.context.SpringBootTestContextBootstrapper - Neither @ContextConfiguration nor @ContextHierarchy found for test class [org.air.jwt.JwtTokenProviderTest], using SpringBootContextLoader
11:15:49.532 [Test worker] DEBUG org.springframework.test.context.support.AbstractContextLoader - Did not detect default resource location for test class [org.air.jwt.JwtTokenProviderTest]: class path resource [org/air/jwt/JwtTokenProviderTest-context.xml] does not exist
11:15:49.532 [Test worker] DEBUG org.springframework.test.context.support.AbstractContextLoader - Did not detect default resource location for test class [org.air.jwt.JwtTokenProviderTest]: class path resource [org/air/jwt/JwtTokenProviderTestContext.groovy] does not exist
11:15:49.532 [Test worker] INFO org.springframework.test.context.support.AbstractContextLoader - Could not detect default resource locations for test class [org.air.jwt.JwtTokenProviderTest]: no resource found for suffixes {-context.xml, Context.groovy}.
11:15:49.533 [Test worker] INFO org.springframework.test.context.support.AnnotationConfigContextLoaderUtils - Could not detect default configuration classes for test class [org.air.jwt.JwtTokenProviderTest]: JwtTokenProviderTest does not declare any static, non-private, non-final, nested classes annotated with @Configuration.
11:15:49.553 [Test worker] DEBUG org.springframework.test.context.support.ActiveProfilesUtils - Could not find an 'annotation declaring class' for annotation type [org.springframework.test.context.ActiveProfiles] and class [org.air.jwt.JwtTokenProviderTest]
11:15:49.580 [Test worker] DEBUG org.springframework.context.annotation.ClassPathScanningCandidateComponentProvider - Identified candidate component class: file [/Users/kimjaeseong/Documents/Air_Scheduler/AirAPI/build/classes/java/main/org/air/MainApplication.class]
11:15:49.580 [Test worker] INFO org.springframework.boot.test.context.SpringBootTestContextBootstrapper - Found @SpringBootConfiguration org.air.MainApplication for test class org.air.jwt.JwtTokenProviderTest
11:15:49.615 [Test worker] DEBUG org.springframework.boot.test.context.SpringBootTestContextBootstrapper - @TestExecutionListeners is not present for class [org.air.jwt.JwtTokenProviderTest]: using defaults.
11:15:49.615 [Test worker] INFO org.springframework.boot.test.context.SpringBootTestContextBootstrapper - Loaded default TestExecutionListener class names from location [META-INF/spring.factories]: [org.springframework.security.test.context.support.WithSecurityContextTestExecutionListener, org.springframework.security.test.context.support.ReactorContextTestExecutionListener, org.springframework.boot.test.autoconfigure.restdocs.RestDocsTestExecutionListener, org.springframework.boot.test.autoconfigure.web.client.MockRestServiceServerResetTestExecutionListener, org.springframework.boot.test.autoconfigure.web.servlet.MockMvcPrintOnlyOnFailureTestExecutionListener, org.springframework.boot.test.autoconfigure.web.servlet.WebDriverTestExecutionListener, org.springframework.boot.test.autoconfigure.webservices.client.MockWebServiceServerTestExecutionListener, org.springframework.boot.test.mock.mockito.MockitoTestExecutionListener, org.springframework.boot.test.mock.mockito.ResetMocksTestExecutionListener, org.springframework.test.context.web.ServletTestExecutionListener, org.springframework.test.context.support.DirtiesContextBeforeModesTestExecutionListener, org.springframework.test.context.event.ApplicationEventsTestExecutionListener, org.springframework.test.context.support.DependencyInjectionTestExecutionListener, org.springframework.test.context.support.DirtiesContextTestExecutionListener, org.springframework.test.context.transaction.TransactionalTestExecutionListener, org.springframework.test.context.jdbc.SqlScriptsTestExecutionListener, org.springframework.test.context.event.EventPublishingTestExecutionListener]
11:15:49.624 [Test worker] INFO org.springframework.boot.test.context.SpringBootTestContextBootstrapper - Using TestExecutionListeners: [org.springframework.test.context.web.ServletTestExecutionListener@2a415aa9, org.springframework.test.context.support.DirtiesContextBeforeModesTestExecutionListener@53cdecf6, org.springframework.test.context.event.ApplicationEventsTestExecutionListener@71ea1fda, org.springframework.boot.test.mock.mockito.MockitoTestExecutionListener@62b3df3a, org.springframework.boot.test.autoconfigure.SpringBootDependencyInjectionTestExecutionListener@420745d7, org.springframework.test.context.support.DirtiesContextTestExecutionListener@7e11ab3d, org.springframework.test.context.transaction.TransactionalTestExecutionListener@5fa47fea, org.springframework.test.context.jdbc.SqlScriptsTestExecutionListener@2392212b, org.springframework.security.test.context.support.WithSecurityContextTestExecutionListener@5b43e173, org.springframework.test.context.event.EventPublishingTestExecutionListener@28f8e165, org.springframework.security.test.context.support.ReactorContextTestExecutionListener@545f80bf, org.springframework.boot.test.autoconfigure.restdocs.RestDocsTestExecutionListener@66f66866, org.springframework.boot.test.autoconfigure.web.client.MockRestServiceServerResetTestExecutionListener@22fa55b2, org.springframework.boot.test.autoconfigure.web.servlet.MockMvcPrintOnlyOnFailureTestExecutionListener@4d666b41, org.springframework.boot.test.autoconfigure.web.servlet.WebDriverTestExecutionListener@6594402a, org.springframework.boot.test.autoconfigure.webservices.client.MockWebServiceServerTestExecutionListener@30f4b1a6, org.springframework.boot.test.mock.mockito.ResetMocksTestExecutionListener@405325cf]
11:15:49.627 [Test worker] DEBUG org.springframework.test.context.support.AbstractDirtiesContextTestExecutionListener - Before test class: context [DefaultTestContext@7d2a6eac testClass = JwtTokenProviderTest, testInstance = [null], testMethod = [null], testException = [null], mergedContextConfiguration = [WebMergedContextConfiguration@18ca3c62 testClass = JwtTokenProviderTest, locations = '{}', classes = '{class org.air.MainApplication}', contextInitializerClasses = '[]', activeProfiles = '{}', propertySourceLocations = '{}', propertySourceProperties = '{org.springframework.boot.test.context.SpringBootTestContextBootstrapper=true}', contextCustomizers = set[org.springframework.boot.test.autoconfigure.actuate.metrics.MetricsExportContextCustomizerFactory$DisableMetricExportContextCustomizer@557a1e2d, org.springframework.boot.test.autoconfigure.properties.PropertyMappingContextCustomizer@0, org.springframework.boot.test.autoconfigure.web.servlet.WebDriverContextCustomizerFactory$Customizer@7fc44dec, org.springframework.boot.test.context.filter.ExcludeFilterContextCustomizer@62fad19, org.springframework.boot.test.json.DuplicateJsonObjectContextCustomizerFactory$DuplicateJsonObjectContextCustomizer@4f2613d1, org.springframework.boot.test.mock.mockito.MockitoContextCustomizer@8d103c3e, org.springframework.boot.test.web.client.TestRestTemplateContextCustomizer@34a1d21f, org.springframework.boot.test.context.SpringBootTestArgs@1, org.springframework.boot.test.context.SpringBootTestWebEnvironment@39d76cb5], resourceBasePath = 'src/main/webapp', contextLoader = 'org.springframework.boot.test.context.SpringBootContextLoader', parent = [null]], attributes = map['org.springframework.test.context.web.ServletTestExecutionListener.activateListener' -> true]], class annotated with @DirtiesContext [false] with mode [null].

  .   ____          _            __ _ _
 /\\ / ___'_ __ _ _(_)_ __  __ _ \ \ \ \
( ( )\___ | '_ | '_| | '_ \/ _` | \ \ \ \
 \\/  ___)| |_)| | | | | || (_| |  ) ) ) )
  '  |____| .__|_| |_|_| |_\__, | / / / /
 =========|_|==============|___/=/_/_/_/
 :: Spring Boot ::                (v2.7.5)

2024-03-03 11:15:50.011  INFO 16595 --- [    Test worker] org.air.jwt.JwtTokenProviderTest         : Starting JwtTokenProviderTest using Java 11.0.21 on kimjaeseong.local with PID 16595 (started by kimjaeseong in /Users/kimjaeseong/Documents/Air_Scheduler/AirAPI)
2024-03-03 11:15:50.012  INFO 16595 --- [    Test worker] org.air.jwt.JwtTokenProviderTest         : No active profile set, falling back to 1 default profile: "default"
2024-03-03 11:15:50.230  INFO 16595 --- [    Test worker] .s.d.r.c.RepositoryConfigurationDelegate : Bootstrapping Spring Data JPA repositories in DEFAULT mode.
2024-03-03 11:15:50.252  INFO 16595 --- [    Test worker] .s.d.r.c.RepositoryConfigurationDelegate : Finished Spring Data repository scanning in 19 ms. Found 4 JPA repository interfaces.
2024-03-03 11:15:50.775  INFO 16595 --- [    Test worker] o.hibernate.jpa.internal.util.LogHelper  : HHH000204: Processing PersistenceUnitInfo [name: default]
2024-03-03 11:15:50.806  INFO 16595 --- [    Test worker] org.hibernate.Version                    : HHH000412: Hibernate ORM core version 5.6.12.Final
2024-03-03 11:15:50.825  INFO 16595 --- [    Test worker] o.hibernate.annotations.common.Version   : HCANN000001: Hibernate Commons Annotations {5.1.2.Final}
2024-03-03 11:15:50.868  INFO 16595 --- [    Test worker] com.zaxxer.hikari.HikariDataSource       : HikariPool-1 - Starting...
2024-03-03 11:15:51.023  INFO 16595 --- [    Test worker] com.zaxxer.hikari.HikariDataSource       : HikariPool-1 - Start completed.
2024-03-03 11:15:51.037  INFO 16595 --- [    Test worker] org.hibernate.dialect.Dialect            : HHH000400: Using dialect: org.hibernate.dialect.MySQL8Dialect
2024-03-03 11:15:51.326  INFO 16595 --- [    Test worker] o.h.e.t.j.p.i.JtaPlatformInitiator       : HHH000490: Using JtaPlatform implementation: [org.hibernate.engine.transaction.jta.platform.internal.NoJtaPlatform]
2024-03-03 11:15:51.330  INFO 16595 --- [    Test worker] j.LocalContainerEntityManagerFactoryBean : Initialized JPA EntityManagerFactory for persistence unit 'default'
2024-03-03 11:15:51.597  WARN 16595 --- [    Test worker] .s.s.UserDetailsServiceAutoConfiguration : 

Using generated security password: 8fe90796-5f99-486e-9e4e-6de24868fcb4

This generated password is for development use only. Your security configuration must be updated before running your application in production.

2024-03-03 11:15:51.685  INFO 16595 --- [    Test worker] o.s.s.web.DefaultSecurityFilterChain     : Will secure any request with [org.springframework.security.web.session.DisableEncodeUrlFilter@7e92e9a2, org.springframework.security.web.context.request.async.WebAsyncManagerIntegrationFilter@c0a8787, org.springframework.security.web.context.SecurityContextPersistenceFilter@4e77f29e, org.springframework.security.web.header.HeaderWriterFilter@7c7a4986, org.springframework.security.web.authentication.logout.LogoutFilter@6f53f5a4, org.air.jwt.JwtAuthenticationFilter@65cf8da0, org.springframework.security.web.savedrequest.RequestCacheAwareFilter@31dbca5d, org.springframework.security.web.servletapi.SecurityContextHolderAwareRequestFilter@40c92dfa, org.springframework.security.web.authentication.AnonymousAuthenticationFilter@823f978, org.springframework.security.web.session.SessionManagementFilter@16160a37, org.springframework.security.web.access.ExceptionTranslationFilter@69af938b, org.springframework.security.web.access.intercept.FilterSecurityInterceptor@94b5fe3]
2024-03-03 11:15:51.699  WARN 16595 --- [    Test worker] JpaBaseConfiguration$JpaWebConfiguration : spring.jpa.open-in-view is enabled by default. Therefore, database queries may be performed during view rendering. Explicitly configure spring.jpa.open-in-view to disable this warning
2024-03-03 11:15:51.836  WARN 16595 --- [    Test worker] o.s.s.c.a.web.builders.WebSecurity       : You are asking Spring Security to ignore Mvc [pattern='/v3/api-docs/**']. This is not recommended -- please use permitAll via HttpSecurity#authorizeHttpRequests instead.
2024-03-03 11:15:51.836  INFO 16595 --- [    Test worker] o.s.s.web.DefaultSecurityFilterChain     : Will not secure Mvc [pattern='/v3/api-docs/**']
2024-03-03 11:15:51.836  WARN 16595 --- [    Test worker] o.s.s.c.a.web.builders.WebSecurity       : You are asking Spring Security to ignore Mvc [pattern='/swagger-ui/**']. This is not recommended -- please use permitAll via HttpSecurity#authorizeHttpRequests instead.
2024-03-03 11:15:51.836  INFO 16595 --- [    Test worker] o.s.s.web.DefaultSecurityFilterChain     : Will not secure Mvc [pattern='/swagger-ui/**']
2024-03-03 11:15:51.836  WARN 16595 --- [    Test worker] o.s.s.c.a.web.builders.WebSecurity       : You are asking Spring Security to ignore Mvc [pattern='/api/v1/login']. This is not recommended -- please use permitAll via HttpSecurity#authorizeHttpRequests instead.
2024-03-03 11:15:51.836  INFO 16595 --- [    Test worker] o.s.s.web.DefaultSecurityFilterChain     : Will not secure Mvc [pattern='/api/v1/login']
2024-03-03 11:15:51.836  WARN 16595 --- [    Test worker] o.s.s.c.a.web.builders.WebSecurity       : You are asking Spring Security to ignore Mvc [pattern='/h2-console/**']. This is not recommended -- please use permitAll via HttpSecurity#authorizeHttpRequests instead.
2024-03-03 11:15:51.836  INFO 16595 --- [    Test worker] o.s.s.web.DefaultSecurityFilterChain     : Will not secure Mvc [pattern='/h2-console/**']
2024-03-03 11:15:52.010  INFO 16595 --- [    Test worker] org.air.jwt.JwtTokenProviderTest         : Started JwtTokenProviderTest in 2.368 seconds (JVM running for 2.858)
2024-03-03 11:15:52.023  INFO 16595 --- [    Test worker] o.s.t.c.transaction.TransactionContext   : Began transaction (1) for test context [DefaultTestContext@7d2a6eac testClass = JwtTokenProviderTest, testInstance = org.air.jwt.JwtTokenProviderTest@2d85a4c7, testMethod = Toke_refresh@JwtTokenProviderTest, testException = [null], mergedContextConfiguration = [WebMergedContextConfiguration@18ca3c62 testClass = JwtTokenProviderTest, locations = '{}', classes = '{class org.air.MainApplication}', contextInitializerClasses = '[]', activeProfiles = '{}', propertySourceLocations = '{}', propertySourceProperties = '{org.springframework.boot.test.context.SpringBootTestContextBootstrapper=true}', contextCustomizers = set[org.springframework.boot.test.autoconfigure.actuate.metrics.MetricsExportContextCustomizerFactory$DisableMetricExportContextCustomizer@557a1e2d, org.springframework.boot.test.autoconfigure.properties.PropertyMappingContextCustomizer@0, org.springframework.boot.test.autoconfigure.web.servlet.WebDriverContextCustomizerFactory$Customizer@7fc44dec, org.springframework.boot.test.context.filter.ExcludeFilterContextCustomizer@62fad19, org.springframework.boot.test.json.DuplicateJsonObjectContextCustomizerFactory$DuplicateJsonObjectContextCustomizer@4f2613d1, org.springframework.boot.test.mock.mockito.MockitoContextCustomizer@8d103c3e, org.springframework.boot.test.web.client.TestRestTemplateContextCustomizer@34a1d21f, org.springframework.boot.test.context.SpringBootTestArgs@1, org.springframework.boot.test.context.SpringBootTestWebEnvironment@39d76cb5], resourceBasePath = 'src/main/webapp', contextLoader = 'org.springframework.boot.test.context.SpringBootContextLoader', parent = [null]], attributes = map['org.springframework.test.context.web.ServletTestExecutionListener.activateListener' -> true, 'org.springframework.test.context.web.ServletTestExecutionListener.populatedRequestContextHolder' -> true, 'org.springframework.test.context.web.ServletTestExecutionListener.resetRequestContextHolder' -> true, 'org.springframework.test.context.event.ApplicationEventsTestExecutionListener.recordApplicationEvents' -> false]]; transaction manager [org.springframework.orm.jpa.JpaTransactionManager@6cbb79c3]; rollback [true]
2024-03-03 11:15:52.049  INFO 16595 --- [    Test worker] o.s.t.c.transaction.TransactionContext   : Rolled back transaction for test: [DefaultTestContext@7d2a6eac testClass = JwtTokenProviderTest, testInstance = org.air.jwt.JwtTokenProviderTest@2d85a4c7, testMethod = Toke_refresh@JwtTokenProviderTest, testException = [null], mergedContextConfiguration = [WebMergedContextConfiguration@18ca3c62 testClass = JwtTokenProviderTest, locations = '{}', classes = '{class org.air.MainApplication}', contextInitializerClasses = '[]', activeProfiles = '{}', propertySourceLocations = '{}', propertySourceProperties = '{org.springframework.boot.test.context.SpringBootTestContextBootstrapper=true}', contextCustomizers = set[org.springframework.boot.test.autoconfigure.actuate.metrics.MetricsExportContextCustomizerFactory$DisableMetricExportContextCustomizer@557a1e2d, org.springframework.boot.test.autoconfigure.properties.PropertyMappingContextCustomizer@0, org.springframework.boot.test.autoconfigure.web.servlet.WebDriverContextCustomizerFactory$Customizer@7fc44dec, org.springframework.boot.test.context.filter.ExcludeFilterContextCustomizer@62fad19, org.springframework.boot.test.json.DuplicateJsonObjectContextCustomizerFactory$DuplicateJsonObjectContextCustomizer@4f2613d1, org.springframework.boot.test.mock.mockito.MockitoContextCustomizer@8d103c3e, org.springframework.boot.test.web.client.TestRestTemplateContextCustomizer@34a1d21f, org.springframework.boot.test.context.SpringBootTestArgs@1, org.springframework.boot.test.context.SpringBootTestWebEnvironment@39d76cb5], resourceBasePath = 'src/main/webapp', contextLoader = 'org.springframework.boot.test.context.SpringBootContextLoader', parent = [null]], attributes = map['org.springframework.test.context.web.ServletTestExecutionListener.activateListener' -> true, 'org.springframework.test.context.web.ServletTestExecutionListener.populatedRequestContextHolder' -> true, 'org.springframework.test.context.web.ServletTestExecutionListener.resetRequestContextHolder' -> true, 'org.springframework.test.context.event.ApplicationEventsTestExecutionListener.recordApplicationEvents' -> false]]
]]></system-out>
  <system-err><![CDATA[]]></system-err>
</testsuite>
