<?xml version="1.0" encoding="UTF-8"?>
<testsuite name="org.AirAPI.config.AWStextrackTest" tests="1" skipped="0" failures="0" errors="0" timestamp="2023-04-08T05:55:30" hostname="DESKTOP-CLGUOMH" time="4.69">
  <properties/>
  <testcase name="docTest()" classname="org.AirAPI.config.AWStextrackTest" time="4.69"/>
  <system-out><![CDATA[14:55:30.683 [Test worker] DEBUG software.amazon.awssdk.core.interceptor.ExecutionInterceptorChain - Creating an interceptor chain that will apply interceptors in the following order: [software.amazon.awssdk.awscore.interceptor.HelpfulUnknownHostExceptionInterceptor@25230246]
14:55:30.831 [Test worker] DEBUG software.amazon.awssdk.request - Sending Request: DefaultSdkHttpFullRequest(httpMethod=POST, protocol=https, host=textract.us-west-2.amazonaws.com, encodedPath=/, headers=[amz-sdk-invocation-id, Content-Length, Content-Type, User-Agent, X-Amz-Target], queryParameters=[])
14:55:30.856 [Test worker] DEBUG software.amazon.awssdk.auth.signer.Aws4Signer - AWS4 String to sign: AWS4-HMAC-SHA256
20230408T055530Z
20230408/us-west-2/textract/aws4_request
228e44c8ae41b22df1bbba3bb08a24d7db5e9923fb17fdf00e7b78a73f93aef5
14:55:30.897 [Test worker] DEBUG org.apache.http.client.protocol.RequestAddCookies - CookieSpec selected: default
14:55:30.909 [Test worker] DEBUG org.apache.http.client.protocol.RequestAuthCache - Auth cache not set in the context
14:55:30.910 [Test worker] DEBUG org.apache.http.impl.conn.PoolingHttpClientConnectionManager - Connection request: [route: {s}->https://textract.us-west-2.amazonaws.com:443][total available: 0; route allocated: 0 of 50; total allocated: 0 of 50]
14:55:30.930 [Test worker] DEBUG org.apache.http.impl.conn.PoolingHttpClientConnectionManager - Connection leased: [id: 0][route: {s}->https://textract.us-west-2.amazonaws.com:443][total available: 0; route allocated: 1 of 50; total allocated: 1 of 50]
14:55:30.933 [Test worker] DEBUG org.apache.http.impl.execchain.MainClientExec - Opening connection {s}->https://textract.us-west-2.amazonaws.com:443
14:55:30.957 [Test worker] DEBUG org.apache.http.impl.conn.DefaultHttpClientConnectionOperator - Connecting to textract.us-west-2.amazonaws.com/52.35.181.8:443
14:55:30.958 [Test worker] DEBUG software.amazon.awssdk.http.apache.internal.conn.SdkTlsSocketFactory - Connecting socket to textract.us-west-2.amazonaws.com/52.35.181.8:443 with timeout 2000
14:55:31.156 [Test worker] DEBUG software.amazon.awssdk.http.apache.internal.conn.SdkTlsSocketFactory - Enabled protocols: [TLSv1.3, TLSv1.2]
14:55:31.156 [Test worker] DEBUG software.amazon.awssdk.http.apache.internal.conn.SdkTlsSocketFactory - Enabled cipher suites:[TLS_AES_256_GCM_SHA384, TLS_AES_128_GCM_SHA256, TLS_CHACHA20_POLY1305_SHA256, TLS_ECDHE_ECDSA_WITH_AES_256_GCM_SHA384, TLS_ECDHE_ECDSA_WITH_AES_128_GCM_SHA256, TLS_ECDHE_ECDSA_WITH_CHACHA20_POLY1305_SHA256, TLS_ECDHE_RSA_WITH_AES_256_GCM_SHA384, TLS_ECDHE_RSA_WITH_CHACHA20_POLY1305_SHA256, TLS_ECDHE_RSA_WITH_AES_128_GCM_SHA256, TLS_DHE_RSA_WITH_AES_256_GCM_SHA384, TLS_DHE_RSA_WITH_CHACHA20_POLY1305_SHA256, TLS_DHE_DSS_WITH_AES_256_GCM_SHA384, TLS_DHE_RSA_WITH_AES_128_GCM_SHA256, TLS_DHE_DSS_WITH_AES_128_GCM_SHA256, TLS_ECDHE_ECDSA_WITH_AES_256_CBC_SHA384, TLS_ECDHE_RSA_WITH_AES_256_CBC_SHA384, TLS_ECDHE_ECDSA_WITH_AES_128_CBC_SHA256, TLS_ECDHE_RSA_WITH_AES_128_CBC_SHA256, TLS_DHE_RSA_WITH_AES_256_CBC_SHA256, TLS_DHE_DSS_WITH_AES_256_CBC_SHA256, TLS_DHE_RSA_WITH_AES_128_CBC_SHA256, TLS_DHE_DSS_WITH_AES_128_CBC_SHA256, TLS_ECDH_ECDSA_WITH_AES_256_GCM_SHA384, TLS_ECDH_RSA_WITH_AES_256_GCM_SHA384, TLS_ECDH_ECDSA_WITH_AES_128_GCM_SHA256, TLS_ECDH_RSA_WITH_AES_128_GCM_SHA256, TLS_ECDH_ECDSA_WITH_AES_256_CBC_SHA384, TLS_ECDH_RSA_WITH_AES_256_CBC_SHA384, TLS_ECDH_ECDSA_WITH_AES_128_CBC_SHA256, TLS_ECDH_RSA_WITH_AES_128_CBC_SHA256, TLS_ECDHE_ECDSA_WITH_AES_256_CBC_SHA, TLS_ECDHE_RSA_WITH_AES_256_CBC_SHA, TLS_ECDHE_ECDSA_WITH_AES_128_CBC_SHA, TLS_ECDHE_RSA_WITH_AES_128_CBC_SHA, TLS_DHE_RSA_WITH_AES_256_CBC_SHA, TLS_DHE_DSS_WITH_AES_256_CBC_SHA, TLS_DHE_RSA_WITH_AES_128_CBC_SHA, TLS_DHE_DSS_WITH_AES_128_CBC_SHA, TLS_ECDH_ECDSA_WITH_AES_256_CBC_SHA, TLS_ECDH_RSA_WITH_AES_256_CBC_SHA, TLS_ECDH_ECDSA_WITH_AES_128_CBC_SHA, TLS_ECDH_RSA_WITH_AES_128_CBC_SHA, TLS_RSA_WITH_AES_256_GCM_SHA384, TLS_RSA_WITH_AES_128_GCM_SHA256, TLS_RSA_WITH_AES_256_CBC_SHA256, TLS_RSA_WITH_AES_128_CBC_SHA256, TLS_RSA_WITH_AES_256_CBC_SHA, TLS_RSA_WITH_AES_128_CBC_SHA, TLS_EMPTY_RENEGOTIATION_INFO_SCSV]
14:55:31.157 [Test worker] DEBUG software.amazon.awssdk.http.apache.internal.conn.SdkTlsSocketFactory - socket.getSupportedProtocols(): [TLSv1.3, TLSv1.2, TLSv1.1, TLSv1, SSLv3, SSLv2Hello], socket.getEnabledProtocols(): [TLSv1.3, TLSv1.2]
14:55:31.159 [Test worker] DEBUG software.amazon.awssdk.http.apache.internal.conn.SdkTlsSocketFactory - TLS protocol enabled for SSL handshake: [TLSv1.2, TLSv1.1, TLSv1, TLSv1.3]
14:55:31.159 [Test worker] DEBUG software.amazon.awssdk.http.apache.internal.conn.SdkTlsSocketFactory - Starting handshake
14:55:31.467 [Test worker] DEBUG software.amazon.awssdk.http.apache.internal.conn.SdkTlsSocketFactory - Secure session established
14:55:31.467 [Test worker] DEBUG software.amazon.awssdk.http.apache.internal.conn.SdkTlsSocketFactory -  negotiated protocol: TLSv1.3
14:55:31.467 [Test worker] DEBUG software.amazon.awssdk.http.apache.internal.conn.SdkTlsSocketFactory -  negotiated cipher suite: TLS_AES_128_GCM_SHA256
14:55:31.467 [Test worker] DEBUG software.amazon.awssdk.http.apache.internal.conn.SdkTlsSocketFactory -  peer principal: CN=textract.us-west-2.amazonaws.com
14:55:31.468 [Test worker] DEBUG software.amazon.awssdk.http.apache.internal.conn.SdkTlsSocketFactory -  peer alternative names: [textract.us-west-2.amazonaws.com, *.textract.us-west-2.vpce.amazonaws.com]
14:55:31.468 [Test worker] DEBUG software.amazon.awssdk.http.apache.internal.conn.SdkTlsSocketFactory -  issuer principal: CN=Amazon RSA 2048 M01, O=Amazon, C=US
14:55:31.476 [Test worker] DEBUG software.amazon.awssdk.http.apache.internal.net.SdkSslSocket - created: textract.us-west-2.amazonaws.com/52.35.181.8:443
14:55:31.477 [Test worker] DEBUG org.apache.http.impl.conn.DefaultHttpClientConnectionOperator - Connection established 172.30.1.47:60878<->52.35.181.8:443
14:55:31.478 [Test worker] DEBUG org.apache.http.impl.conn.DefaultManagedHttpClientConnection - http-outgoing-0: set socket timeout to 30000
14:55:31.478 [Test worker] DEBUG org.apache.http.impl.execchain.MainClientExec - Executing request POST / HTTP/1.1
14:55:31.478 [Test worker] DEBUG org.apache.http.impl.execchain.MainClientExec - Proxy auth state: UNCHALLENGED
14:55:31.484 [Test worker] DEBUG org.apache.http.headers - http-outgoing-0 >> POST / HTTP/1.1
14:55:31.484 [Test worker] DEBUG org.apache.http.headers - http-outgoing-0 >> Host: textract.us-west-2.amazonaws.com
14:55:31.484 [Test worker] DEBUG org.apache.http.headers - http-outgoing-0 >> amz-sdk-invocation-id: 462bab35-d872-a329-af30-238c30929935
14:55:31.485 [Test worker] DEBUG org.apache.http.headers - http-outgoing-0 >> amz-sdk-retry: 0/0/
14:55:31.485 [Test worker] DEBUG org.apache.http.headers - http-outgoing-0 >> Authorization: AWS4-HMAC-SHA256 Credential=AKIA3JVA2CBMMTT6HVXF/20230408/us-west-2/textract/aws4_request, SignedHeaders=amz-sdk-invocation-id;amz-sdk-retry;content-length;content-type;host;x-amz-date;x-amz-target, Signature=5134521ea146927d28227fab72fa24e637e1d8cf7a0597a265964be4c19fe0af
14:55:31.485 [Test worker] DEBUG org.apache.http.headers - http-outgoing-0 >> Content-Type: application/x-amz-json-1.1
14:55:31.485 [Test worker] DEBUG org.apache.http.headers - http-outgoing-0 >> User-Agent: aws-sdk-java/2.11.0 Windows_10/10.0 OpenJDK_64-Bit_Server_VM/16.0.2+7-67 Java/16.0.2 vendor/Oracle_Corporation io/sync http/Apache
14:55:31.485 [Test worker] DEBUG org.apache.http.headers - http-outgoing-0 >> X-Amz-Date: 20230408T055530Z
14:55:31.487 [Test worker] DEBUG org.apache.http.headers - http-outgoing-0 >> X-Amz-Target: Textract.AnalyzeDocument
14:55:31.488 [Test worker] DEBUG org.apache.http.headers - http-outgoing-0 >> Content-Length: 219155
14:55:31.488 [Test worker] DEBUG org.apache.http.headers - http-outgoing-0 >> Connection: Keep-Alive
14:55:31.489 [Test worker] DEBUG org.apache.http.wire - http-outgoing-0 >> "POST / HTTP/1.1[\r][\n]"
14:55:31.489 [Test worker] DEBUG org.apache.http.wire - http-outgoing-0 >> "Host: textract.us-west-2.amazonaws.com[\r][\n]"
14:55:31.489 [Test worker] DEBUG org.apache.http.wire - http-outgoing-0 >> "amz-sdk-invocation-id: 462bab35-d872-a329-af30-238c30929935[\r][\n]"
14:55:31.489 [Test worker] DEBUG org.apache.http.wire - http-outgoing-0 >> "amz-sdk-retry: 0/0/[\r][\n]"
14:55:31.490 [Test worker] DEBUG org.apache.http.wire - http-outgoing-0 >> "Authorization: AWS4-HMAC-SHA256 Credential=AKIA3JVA2CBMMTT6HVXF/20230408/us-west-2/textract/aws4_request, SignedHeaders=amz-sdk-invocation-id;amz-sdk-retry;content-length;content-type;host;x-amz-date;x-amz-target, Signature=5134521ea146927d28227fab72fa24e637e1d8cf7a0597a265964be4c19fe0af[\r][\n]"
14:55:31.490 [Test worker] DEBUG org.apache.http.wire - http-outgoing-0 >> "Content-Type: application/x-amz-json-1.1[\r][\n]"
14:55:31.490 [Test worker] DEBUG org.apache.http.wire - http-outgoing-0 >> "User-Agent: aws-sdk-java/2.11.0 Windows_10/10.0 OpenJDK_64-Bit_Server_VM/16.0.2+7-67 Java/16.0.2 vendor/Oracle_Corporation io/sync http/Apache[\r][\n]"
14:55:31.490 [Test worker] DEBUG org.apache.http.wire - http-outgoing-0 >> "X-Amz-Date: 20230408T055530Z[\r][\n]"
14:55:31.490 [Test worker] DEBUG org.apache.http.wire - http-outgoing-0 >> "X-Amz-Target: Textract.AnalyzeDocument[\r][\n]"
14:55:31.490 [Test worker] DEBUG org.apache.http.wire - http-outgoing-0 >> "Content-Length: 219155[\r][\n]"
14:55:31.490 [Test worker] DEBUG org.apache.http.wire - http-outgoing-0 >> "Connection: Keep-Alive[\r][\n]"
14:55:31.491 [Test worker] DEBUG org.apache.http.wire - http-outgoing-0 >> "[\r][\n]"
14:55:31.491 [Test worker] DEBUG org.apache.http.wire - http-outgoing-0 >> "{"Document":{"Bytes":"/9j/4AAQSkZJRgABAQEAYABgAAD/2wBDAAIBAQIBAQICAgICAgICAwUDAwMDAwYEBAMFBwYHBwcGBwcICQsJCAgKCAcHCg0KCgsMDAwMBwkODw0MDgsMDAz/2wBDAQICAgMDAwYDAwYMCAcIDAwMDAwMDAwMDAwMDAwMDAwMDAwMDAwMDAwMDAwMDAwMDAwMDAwMDAwMDAwMDAwMDAz/wAARCAIXAoEDASIAAhEBAxEB/8QAHwAAAQUBAQEBAQEAAAAAAAAAAAECAwQFBgcICQoL/8QAtRAAAgEDAwIEAwUFBAQAAAF9AQIDAAQRBRIhMUEGE1FhByJxFDKBkaEII0KxwRVS0fAkM2JyggkKFhcYGRolJicoKSo0NTY3ODk6Q0RFRkdISUpTVFVWV1hZWmNkZWZnaGlqc3R1dnd4eXqDhIWGh4iJipKTlJWWl5iZmqKjpKWmp6ipqrKztLW2t7i5usLDxMXGx8jJytLT1NXW19jZ2uHi4+Tl5ufo6erx8vP09fb3+Pn6/8QAHwEAAwEBAQEBAQEBAQAAAAAAAAECAwQFBgcICQoL/8QAtREAAgECBAQDBAcFBAQAAQJ3AAECAxEEBSExBhJBUQdhcRMiMoEIFEKRobHBCSMzUvAVYnLRChYkNOEl8RcYGRomJygpKjU2Nzg5OkNERUZHSElKU1RVVldYWVpjZGVmZ2hpanN0dXZ3eHl6goOEhYaHiImKkpOUlZaXmJmaoqOkpaanqKmqsrO0tba3uLm6wsPExcbHyMnK0tPU1dbX2Nna4uPk5ebn6Onq8vP09fb3+Pn6/9oADAMBAAIRAxEAPwDC+Hvx/wDix4t+FnwkvF8fftI+O/GnxF8Dz+N9VGn/ABan0O3gWJoBMIYSpjGWuF2xqUUAYGBXodr+0R4Kbwl4T1W5/aM/a5tR4y0mDVdPiHizXbgHzonljtmmiRoFuGEUgWIybmKYAORn5u/Z/wD2nf2a9e/Zq+C58RftAeKfhv428FeBv+EWv4NBg2MYp/Ja4glaWwn53QJhomUjBwa6HVPiD+wnffEXwzr9v8adQ0+Pwja6baabp8Ni8kMCWKssQWWWwe4RXV28xI5VWRjuI3AMIXP7O32r/hef6clvO9y3y89+lvxtH9eb5WPcfg3+0H4M+Mlp4MSD9o/9rDStV8a2dpdWtjfeM9bj+yPdBzbwzz7PIikl8qTywzjzQu6PepUn3v8A4Zf13/ov37TX/hy9Q/8Aiq+EPhn8R/2IPhp488JeIE+Ol5q934SgsbeJdR0SKb7WLEOtkXk/s0SxmJGVf3Lx7/KjL7mBJ+pP+H1f7L3/AEVrSf8AwXX3/wAYrafJq49393T5mS5r2fZff1+XY9L/AOGX9d/6L9+01/4cvUP/AIqj/hl/Xf8Aov37TX/hy9Q/+KrzT/h9X+y9/wBFa0n/AMF19/8AGKP+H1f7L3/RWtJ/8F19/wDGKgo9MH7MOugH/i/37TPIx/yUrUP/AIqvkvwR+1rdeI/2iJfBGofFX9pXT7L/AISDWfD0V/b/ABpub27STTVmeWeawUCeKFlhbD/MMlR3r2j/AIfV/svn/mrWk/8Aguvv/jFeR+E/21v2KvBng7x3pVl8VreO4+IV3qt3qWrDT7mPU4TqLu8yQ3CWisqIXPlg7iuBktiofMpNrX3XZd5XVvwuV7rjZ6O617Kzv+NjotU/aR8HWtlY38P7SP7Ua6UNRu9P1eTUfG+v6ddaR9n02XUWdrWWASvmCPcPlUFWypYjaXaV+0b4Rv8AUr15P2jv2qYdFSLTTYXQ8ZeImu9SmvpLuOGNLP7P53zG0fYQG35GAAVLeA6FrH7Cmi+BrnQf+F8a49veTT3Erw6dHafPNpMulOVjg0xI1/cSluEyZAGYtlg3pWt/tdfsX698SbDxRL8a71L/AE6XQZooktbgQk6P9p+zZBsycN9qk8zBGdq7dmDnVpc1k9Lx+63v/c/h/G5Db5Lrez+/m0+9bnodz+0P8NrTTtIu2/aq/aja21q0ivYpIvF3iCVbaKW5a0jNzsiP2UtcI8QWfYS6MAODXun/AAy/rv8A0X79pr/w5eof/FV+Zvxk+Kn7P8viTTdM+H3x30Ow8IXsNpBr02ozahHd3Qh1mXVBvgTTHS4CGeVYwktsRuG8yAYr7n/4fV/svf8ARWtJ/wDBdff/ABilGzp8z3vL7k9By0m4ray/LX8T0v8A4Zf13/ov37TX/hy9Q/8Aiq4H9qrw/rf7M37O/iDxq3xm/aa1seHY1nFnH8Ub63kujJLFEE8w7gACwPQ459apf8Pq/wBl7/orWk/+C6+/+MVxn7RX/BTL9kz9pX4Ja34L1r4yrp+leIY1glutOsrpLqEpIkoMZktXQEFV+8hHXiple2hUbcyuc5efHnxfouq3nhLUvGX7Vdp8U49Z0/RrLw2vxluJba+N7BPcQ3AvR8qwiK1uC5Me5TFgKcivdfgt8G/HPxE8DJf+JPij+1R4K1lLia2udLufird3QQxuVEkc0bYkicAMrYUkHlRXy1J+0X+xtf2WoXWo/tFeLNU8ZX2q2esp4wnWVNasri0ikht/J8uwS2VEjmmXYYCrCZ9wbPHq3wO/4KjfspfAnwGuh2nxwutdZrqa9udR1uO+u729nmcvJI7C3VRknhUVUAAAUVUdpc3y+6P681/lbymX2eX5+uv4fDb538/e/wDhl/Xf+i/ftNf+HL1D/wCKrzX9prSfEHwF0rw7FYfF/wDag8UeJvGOrx6FoelRfFS8s1urgxvKzSTMSI40iikZm2seMBSTSf8AD6v9l7/orWk/+C6+/wDjFcF+0H/wUk/ZH/aI8OaZZ6l8aZNEv9B1GPV9I1fR7a8gv9KukVlEsTPbOhyjupV0ZWVyCDUu+nqr+l1f52vYatr6O3rbT5XtcofFj4zeL/gh8M7PVfE/jP8Aaw0rXzBe3V/o0nxfun+yw211bW3nJOm5ZY5Hu4th2qSCcqMYrrf2s/F1/wDstwXCn4x/tReIL2y8N6n4puYIvinfQCCzshGpJY7vmklmjRRj++f4cHxm6/aH/Yt1XwHreh6l8fvE2sN4hsBY3upX7XNxetm/+3SSqzWe1XklCBgqBAsSBUXBJ1P2mv24/wBlf9o/x4l1dfGnTrPR9Z8J6p4N15beyvY7s2l00MsctuzWrp5iSQkYdcbZSeSoBJXsrb+9f1tLltfz5b37vYdPl5ve2uvuur3t2XNb0R7/AOLfC+p+C/F/w+029+OH7T623xCnlsba8HxPv9trdrbNcxwuuefMjjmw2eGjAx83He/8Mv67/wBF+/aa/wDDl6h/8VXxxZ/ty/s8WXjL4etf/tO6j4z0PwZrMmvMfEVgxu0mSyltbaGEWmnQJ5Y+0SOxfLZjQDIJx75/w+r/AGXv+itaT/4Lr7/4xVy5dbd9PTT8b3XyRlDmslLeyv63d/laz+8zf2kb3xn4D+Lem+D/AAb8Qv2m/GvjDXdPu/EDabD8XbvSrSxsYZERm82Tf8zSSokcYU55yygZrjviH8YfEfg/XtK8PWXj39rS/wDGGux6VBZaLcfFi6tJI7+9jupmtZ5MskXkQWjySOC/DIFU5qj+0Z+3X+yZ8bPGWn6vJ8fNa8E+KdBtrrSV1Xw1Hc2909rMV862cyWksbIWjVgdu5WUFWU81yupftN/sWzeDE02w+OmtaVqVlq9nrml67Ct3Lqek3NrZR2URjkltHV08lCGWZZA5lkJzkYiN+X3t7q/pzO6X/brW/2k9lvpK1/d7O3rZWv/ANvX2+y++3rvwy8WX3iP4W/EPXfFXxi/ak8Hap8KZ7m38T6Y/wAVL28FqYbdboPDMhAljeF0ZTtU5JBUEVa+Acvib4533jSwHxV/ag0jVvB0GnPJazfFm+k+0S3mnxXqxbgBt2eaIycHkE+1eT6Z+2Z+yDpH7PfxD8EH46T6zffE2O8fXtf1ayupb++ubiAQec3l2scahEVAqIiqoQADqTj+A/22P2d/B3i+48b2/wC07rGk+K9bttOm17RdOts+H9UvLSzitlBMulPdLC4iG7bIrYYkYNDv71"
14:55:31.503 [Test worker] DEBUG org.apache.http.wire - http-outgoing-0 >> "/5Y7fzfaavutOvdedkt1bvLftdcq+69z6l+APgS9+Onwo8N+NdL+O/7Tkdprdql2La4+JV+zQPnDwyDdglHVkbtlTXnHx2+Ix+BP7SfgT4dXnxp/anvX8XlRe6nF8T75bfQBNJ5FmZgTk/aJw0a8jBUnmsj9lj/gqB+zH8AfgJ4V8GP8Y9Fvr3SbUJdXEem36x3FzI7SzOoMGQpldyM9iK81+Nnxy/YS/aD8beLPE3if4tXl54k8ULarBqca3sU3h8WygQiyC22xdrgy/vVk+dmPQ4q52VZP7Ketuq7L9G+wo602vtNaN9H3Z6n8Wf2ivB/wALfDHjG/X9ob9rrXZfBQkW7h0/xdrjx3MkdxHbSxwXBQQTGKWRFk8t28vnPTFWfD3xu8L3MfiRtc/aU/aY8Pf8I9LqTstx8QNb3S2tiLczyFWhQrKv2mLMADSDcMA848evf2if2QL7wZ4w8Mv+0r4u/wCEW8Wi7kGjrC62umXF1crdT3MQFgC8hmUsomMipvcKoDYqbXfj7+xD4v06wi1v41ajq9xZ+Mm8byXU1rNHJeXjrGs0EojslQ2spiRniCjJUYYAAVNPpz9tfW6/BK789t3dOVteXv8A+S2f4t2Xk9dlr3S/tVeHdL+KWreGtY+Ov7W1gmjpq91c6nB42127tLW307yDK8xWHdG5E+SuCE2gF90iA+5fD74fQ/FS91uDw/8AtI/tL6m3h27Ww1BoviNqYjhnaGOcIHOFc+XLGTsLAbsHByK+U9b/AGsP2RdB8ca5408PfGVdQ1/VP7dln0jVI7iLStX/ALVSATWs7rp0ksUAe2hZWjBcYbJcHbXS/sH/APBQ39mL9kL9mPw/4Lu/jNompaxbCS61a9jsdRkW6u5XLOQ7wBmVRtRSwBKxrwOlFOzgufdRX/gTbv8AJJdOrCppL3Nrv/wG2nzv36ddz6s/4Zf13/ov37TX/hy9Q/8Aiq8S+KOheOPAn7YnhnwfF8ff2kZPDl/4H1vxHeQn4jX/AJ8lxZz2SRbZN2VXbPLkY5JU9q6L/h9X+y9/0VrSf/Bdff8AxivB/ij/AMFRv2d/Gf7d/g7xB/wsuxPha38A69ol/fx2V2Ps89zc6e0aAGHduZIpSDtIGzntnOtz+zl7P4rO3r0NKXLzrn2vr6Fn9n/9tXTPij8MW8Y+J/jx8ffC+hSNZW9uuk/Gm/8AE2ofa7tXaK1mtLOIzQSkRthWXJZSvUV6XffHr4daXc6yl3+1V+1BaJoMFzcXU8/jHX47dxbFRcpDKYtk8kJdRJHEXdCTuUYOOI039t79jTSvhL8NPBsXxkkGm/Cy906/0ub7FcfaLqSxjaOH7Q32Ta4IY7tqoSehWuB8W/F39ibxvJrNvqHx98QPoeoNqsthpCW8i22gz6m++9mtj9hMhaQ7sCZ5FTzH2qM8bz5eaSjtrb7lZv1d/kl6mML2i5eV/vd7eit977JH0H8Lvil4N+MnxDt/CuhftNftWya9dS3NvHbXnivxDYZmt1DzQl7iJEEqxssnlkh9jK2NpBr2H/hl/Xf+i/ftNf8Ahy9Q/wDiq+UfC/7Z37GfhL4uWvjO2+NV2+qWniDUPEiRSWtwYDcXtlHZSoQLMN5YjiUqN2QxJLEcD2P/AIfV/svf9Fa0n/wXX3/xip0su9lf16/5Ar638/u6fga/7SHgzWv2efgN4j8ZSfGb9qfXE8NWj3psrL4k3/n3H3Rjdk4QfeLYO1QxwcYr52uP2ofG9x+zTe/ErSfGv7QviDS9I1RdNv20z9oGW6tMSNAkMsE8aN5uXnCsjJG8ZRsgjBr074wf8FWv2V/jH8NNT8O3fxsk0eDVUEYv9Iiv7S+tHVldZIpBAdrBgp5BU8gggkV5Do/7S37G0Hwo8ceGdV+P2sa5c/EXVLXV9d1mewaC9uJrZoTFtSGwS3RQIEBxFlssSSTkTD4nzbaW+9X/AAv+HfS5bRt3d/S2n4/133vGH7QPxC+G3iPxVD4g8R/tRW+lfDy20y68XXtn8b7i5fSI70Eq0cRVPtCooJbawOAcCvQ/2ufGV9+yrZ3WfjH+1F4gvbHw1qfiq5gj+Kl9biCzshGpJY7vmklmjRRj++f4cHyL4tftO/sdfGT4o+JvEOpftD+JrXT/ABqunp4g8O2ULxaVrCWQxCkubA3AU87gk67skdOKuftO/tw/srftJeOkubr41afZaPrPhPU/B2vC3sr2O7NpdNDLHLbs1q6eYkkOMOuNspPJUAqXM46afF/6S+Xy+K3y3LhyKS5tfh/Nc3ne1/K9rF34JftZT/FjTdRvJ/i3+0dDYaNrmj6Pf6lo/wAbZ9a02EakzRQutxDhWZJvKSSPAKCVWyelGtfE/wCKHw4+AHxK8e3HxQ/aP8Z2ngXxvrmjXEUHxbvNLa006zuTDCwyr+a+NoOACeTXBan+0F+ypbtNJF+0VfeJ9Q8Q6noZ13UfEdpL539maXdG8jtoI7TT4ItzSqqlnXO12O7gKb/ws/b7/Zl+IHwA+MngPxv8Ul0XTvHnjnxBepJaWlyLh7K5vTLDNGxt3VdygEblJGeQKudnD3d7/haP5u/4rZJmVK6mvabWX63/AOB5WfVo90sPH9r4Z1XRfD/j34//ALTPg/xnqgtzc6XB8SdX1W00o3MzRWguL6KIW8JnK4QSsm4nAzXtX/DL+u/9F+/aa/8ADl6h/wDFV8i/FD9rr9jj4qfFCXxHdfHbUrG21M6W2uaNaWk4sNfbTZTNZtPvs2lUo+M+TJGHCgMCBXt//D6v9l7/AKK1pP8A4Lr7/wCMU9HG/W7+7p+vX7hR5lo+y+/r/X5npf8Awy/rv/Rfv2mv/Dl6h/8AFUf8Mv67/wBF+/aa/wDDl6h/8VXmn/D6v9l7/orWk/8Aguvv/jFH/D6v9l7/AKK1pP8A4Lr7/wCMVJRxP7dfxk1f9kjxjoFm/wAVf2jL+TxVHd3iS3fxludC06LyWT/RYp5sxtcP5n7uFmQEKfnFRxeKPihd/tPaH8PIfFX7TP2XXdLGvw6rN8cLlGi05ZIY5ZXgCN+8RpgPLDndtOGrnv2qf24f2Vf2j73yrz9orXvCbJY3Oiajb6NbSvbalaysPMilhubKaLcCvyyoqyLk4apI/wBur9jrT/EGkalpvxru9IudB8FzeBdPNrb3R+y2UhiIlBe0YmdPJTaxJXrlTUwbSvJXd3p30lb8eRfOXZNupZ6R02+Wsb/hzfh3sux/ZU+IrftV/EHx1oGn/Gn9qfSm8I3eLG4uPiffMniCx86a3F9Bgj90Z7eZO/3Qc/MK80+Pv7Ylz8GPEFrawfFv9oW4sb7V9Z0i21LWfjncaJaztpf2dLgq8qlcmaaSJFzljAT3AFX4A/tFfsJ/swePfD/iPwR8U30XUdE0aXQ7nbHfSx65A/ltuu1e3OXV4/MBi8sbnfgg4rml/aJ/Za1XXftcv7SOo+F5dD17XdR0C68O2Teb9k1eSK4uYLhLvTp0ysyyBSn8G05ycAkndKL+y7+bTSX3rV/PTRIE1q2vtfdHld/ulZL5ebOz+K37QHiaf9mbxF4k8OfGX9qLw74ii8FaX420ePVPiRezia2u7gQuGQNjdG4wRkgiSNh1IHo/x2+Ix+BP7SfgT4dXnxp/anvX8XlRe6nF8T75bfQBNJ5FmZgTk/aJw0a8jBUnmvk347/tJfs2eEfgD4z0fwR8VNP1eKz8DWXg/wAMae9vevezgaiby6lndrdI9zuUwF+UCM4xkKPUfjZ8cv2Ev2g/G3izxN4n+LV5eeJPFC2qwanGt7FN4fFsoEIsgttsXa4Mv71ZPnZj0OK1ly+0jJfDd3XlzOyXny8r9bkJPklFvWys/PlV2/R834dD1j4feKvHHxP+JFzFo3jX9q67+Hlnrt54dm8Vr8X7gNDcWu9JpmtCQ4thLG0fmb92QDswc15lq/7e2jeGPDfiW41j44ftGaPrGl6bpOqaPo158aLmG98Rw6h8yeQjYbKRlHYAN9/HHWqt5+0Z+xxPrupTwftHeNNP0rU7u81NtEs5rmHTYdQuoXimvUQWW/zCZHk2M5hEjFvK7Vo+Kf2ov2JPFWgeOdNf4xT2tp490/SNMu1t7ScGyh01QtuLctZnaSAN+7dnttqIfClPf3fnp7347abb67VL4m1s7/LXT10381oegfFn9pHwP8KdI8YSv+0j+1fq174Otryea1svGetldQktCq3MNrcMggnkiZlEgjkbygSX2hWIPiD+0N4U8FeHtdeH9or9qq913RdCn1kaXN441yzE0kVgb/7E1xLEIo7o243mFj5qqclOK8e8T/GT9ifxg+vW998e9dl0TVY9ZFhpAt5Ra6BNq2ft09sfsPmF3LMVEzyIm9sKAeKOvfEX9h/xZ4w1zW9V+Ol7fX3iTTZbLUZX0WITS3Eunf2fJepMNN82OUw87EcQhyW8rkis3zuHny/+Ta/ht+Hna/dU12u/nHS3z3vt17K/274P+AOt+LvCOl6qvx5/abgXU7OK7EZ+Jl+xjEiB9uc84zWl/wAMv67/ANF+/aa/8OXqH/xVeTeGP+Cxn7LHhPw1p+l2/wAXNOe3022jtYmk0+9LssahQWIgAzgc4Aq9/wAPq/2Xv+itaT/4Lr7/AOMV0VeT2kvZ/DfT0MaXPyLn3tr6npf/AAy/rv8A0X79pr/w5eof/FUf8Mv67/0X79pr/wAOXqH/AMVXmn/D6v8AZe/6K1pP/guvv/jFH/D6v9l7/orWk/8Aguvv/jFZlnpf/DL+u/8ARfv2mv8Aw5eof/FUf8Mv67/0X79pr/w5eof/ABVeaf8AD6v9l7/orWk/+C6+/wDjFH/D6v8AZe/6K1pP/guvv/jFAHpf/DL+u/8ARfv2mv8Aw5eof/FUf8Mv67/0X79pr/w5eof/ABVeaf8AD6v9l7/orWk/+C6+/wDjFH/D6v8AZe/6K1pP/guvv/jFAHpf/DL+u/8ARfv2mv8Aw5eof/FUf8Mv67/0X79pr/w5eof/ABVeaf8AD6v9l7/orWk/+C6+/wDjFH/D6v8AZe/6K1pP/guvv/jFAHpf/DL+u/8ARfv2mv8Aw5eof/FUf8Mv67/0X79pr/w5eof/ABVeaf8AD6v9l7/orWk/+C6+/wDjFH/D6v8AZe/6K1pP/guvv/jFAHpf/DL+u/8ARfv2mv8Aw5eof/FUf8Mv67/0X79pr/w5eof/ABVeaf8AD6v9l7/orWk/+C6+/wDjFH/D6v8AZe/6K1pP/guvv/jFAHpf/DL+u/8ARfv2mv8Aw5eof/FV8f8Aib9oTxd8GPg3qnibxH8bf2gNVll+K+teA7I3PxgutDs7O3trm7SCSe4k3IuI7YBmIG5mzXuv/D6v9l7/AKK1pP8A4Lr7/wCMV8o+Af2yv2afid8Ntb03xR8bNS8Eajpfxd8QeNdDvdGs2NyVmvbv7PL+/s54ijw3BbaybuRnGCKmXNpbur+l1f8AC5Uba37O3rZ2/Gx2sf7bUz/DHT/Ep+Jf7UggvNG1DVm2/GG6kgIs9VtdOfyplBSWJ2ufMSUYBVOnOR658V/iHp/gD9ly6+LWmftBftN694Vtr22tRct8S9TsIZUlvYrRp1kmUBoVMhcSAFHVMqxBzXzxcePf2F9R8LXul33x01/Uf7VtdQttSubiCQy6i17fWt7cSyKLARhjJZxKAiKgQuNmTuHfv+2R+xkf2c5vhYnxqu4vCX9rR6pZwpa3HmaWsd8l7HaQE2ZAt0kjCqrBmCEqG4Ui9LR76X7fFr/5Ltt8mRrzPtfT05V+t/8Agm54a/a08Ca94s8QWf8Aw03+0lc6Xp+uW2gaRqejfEnVdbi8Q3Etkt2whFokhHlgurZJGY25HSvUfgPcaN+0smov4N/aQ/ao1KHTCPMmm8a63ZQzqWdRJC86Is8ZaNxviLLlevIrxFf2xv2MI/2hG+JK/Ge5TW21pde+zLaXAs1nGlnTNoX7HvCeSS2N+d/OcfLVb9lz9rv9jb9lHx/4p8R6J8b5dQv/ABYkcVyt3pTQRIqSSSAlbaxh82XMhBmm3ykBQW45I20Uuy++y/8Abr9tPxJXt7u//Bd/wt8/w+uv+GX9d/6L9+01/wCHL1D/AOKrzr9qzwp45/Zm+Bup+O/Dfx7/AGhZdb8N3dhc2sep+Pby+s5GN9AhWWCQmOVCrEFHBVgcEEcVD/w+r/Ze/wCitaT/AOC6+/8AjFeVftrf8FUvgB8df2bNd8JeE/iPp+s+ItbuLCCxsorG7R7hxfW7bQXiCjhSeSOlIZ+/VFFFAHyz/wAERP8AlET+zp/2Iemf+iVr6mr8zf8Agkp8S/2qdJ/4Jm/A628HfCP4La34Vg8H2CaVf6r8R77T728thENkk1umkzJE5GCUWVwDxuPWvoj/AIW3+2d/0Q/9n/8A8OvqX/ykoAzvgj+0p8TfHvxTghj1fR9Q/wCE4s/F8mmaPfWaw2vhubRtYhsLfMkS+dIsiSkzCQsTIo2GNTivOPih/wAFGviN4N/ZZ+CWp6at34g8eazor+M/FaaN4UutTW902yCi4t1hto5jaG6kkVI5ZCFTY+XyM1b8L/E742eAfiP4413RvgZ+xxo/iy3jE/i+/s/ixLBfwIR5ge+ddEDoDgtmUgHGfer3gn4w/HvQdB0jX/DnwR/ZAstL1uC30LStS034sTRwX8PmSGCzglj0QLInmPKUiQkbnfAyTUx5lCKjurff73L66tJ3+JKz8q055OWzv5aaX9LK9rbPXQ3/ABj/AMFaJPDfhvxL4nsvAuma34NsJtVstDv7TxRm61q4stHOrqXg+y7be3lgVlEvmSMrFMx7XDVra18b/ikPj+LJPGHhfT/sdlPf+KtKS1S98OeAdO/syR7e4u9QdLeaW8e8EbiPdEptt5MSbRM3kvwr/Zc+N3wfu/E02k/sn/so7/Fcky3hm8eSnZayxRRNYJt8PDFnshQCE5Xr2xiWeH4pD9oO8uZP2Zv2IP8Ahat5bvf3crfEU/8ACQzwNF5DzSH+wvtDIYv3ZY8FPlzjiqdrRt/Kr/4uXXa3XVtJWS0tuSrpy9Xb0vp3tpolrq9b7H0Z+xB8WfF/jLWviX4X8bahd6lqngnXILeyub61s4Lu7sZ7KCaO4f7ETbbJJTcGIKfMWIRiUCTOfJvg/wDGf4reP4/il4j1Xxj4v8J6F4d1nxRYWWt6zY+Gj4M0+3sdSuLWJysbLqpeKKLcTNtjZ42LMUIDZ37Ofjf4/eHfAUv/AAqj4B/sj2nhqe6dnPhT4p3AspbhdqPuNvomwuAoU9wFUdAMc1qX7S3xO8a2/iP4Y3fwo/Yd1aKaW8ude8JzfGLz1kkEjXF3JdWR0U5bzN8spkTO7czc5NFTe635ba+i9529G7q299AgvdSf86b9Pe91X7trR32tqHxU/bK+Nfwr+Es3iKbUvEf/AAj9lpXiLxH4f1CbwlDLq/iSGzFobCPVLWONRY202+6LTCK3wgt97wSMUfq9F/a1+JHi/wAU2M7+N9I8K2fj3WPEnh60sL3TLVl8LNpl7FbQSxvI0ZkuJ/mTE7tH513bbUAUpJ55pl54xTwP4Tlsf2cP2C4/DVzqrSeGntviWiWM+oOVDG0K6H5bzsYkB8vLExLn7oxua5rXxVvfHHjuTUv2d/2KJfEdzpufGRufie7Xj2TBGzf7tD3+SRHGcy/KRGn90YNErPomvPvd9L20bsraSSu3c1lZrvd9mtrLra+q1d/hbskfUP7CPxe8R/GH4IXU/i83I8T6D4g1TQr+K7igjvIPs13IkK3P2Ym2Nx5HkmRrcmEsx2ccD2evi34MfEL9pvQvhppcPw++A37LVt4QdDNpy6B8VLtdPdXYszxeTonlncxYlh1JJJya6j/hbf7Z3/RD/wBn/wD8OvqX/wApKqe/3X9ba6dNemttrvcmPV9Lu3o3ovktD6qor5V/4W3+2d/0Q/8AZ/8A/Dr6l/8AKSnt8Wv2yvs6kfBH4BebuIZT8VdR2heMEH+xeSfmyMcYHJzxJR9T0V8q/wDC2/2zv+iH/s//APh19S/+UlH/AAtv9s7/AKIf+z//AOHX1L/5SUAfVVFfKv8Awtv9s7/oh/7P/wD4dfUv/lJSv8W/2zAfl+CHwBIwOvxW1Ec45/5gnrQB9U14D8f/AIyfEX4f/tN+HtH0U+GpPDOq+D9f1G2sp1Zbm91KzS"
14:55:31.511 [Test worker] DEBUG org.apache.http.wire - http-outgoing-0 >> "2aLzp2KpDADNtwuSdzMzAKBXJ/8Lb/AGzv+iH/ALP/AP4dfUv/AJSVn6l4v/a51nWLXULv9nz9m+6v7GKaC2uZviffvNbxzbRKiOdDyqvsTcAcNsXOcCoqRcotRdnZ/imvwvcunJRkm1dafnc+e/iT/wAFafH3wb+C3jzS5tS1G68ZQeGLHXtL13xF4TbTIdMnls7qe9hMKoqSRxvbxpbEg+YbpSZJo0aU/Rfhf9p7xjqP7YWn/wBo6pff8Kv8SatB4f8ADg0s6Tc2t3dPoi6gftigm+gckTkD5cBIspsk3nlfCHg/9o34f+BtU8MaF+yv+yjpHhvXA66jpVn8QLqGyvw6CNxNCughJAYwEIYEbQF6DFTQ+H/2lbf4pf8ACcR/svfssJ4y8ryP7dX4h3Y1HZsEe3z/AOwt+NgC9fugDpxW3MnUc7adu3l/k/O7u9DHlfJyp62a+eln/mvkrXufa9FfLN38Wf2yEu5RB8EvgHJAHIjeT4qaijMueCVGikA47ZOPU1H/AMLb/bO/6If+z/8A+HX1L/5SVBZ5f4q/bi+J+hPaXsXiCxaP4iX+saVZ2kmmQlPBf2PxVYaHHcKQA0pEN48kgnLAyxrjYmULb79sT4reHvHd9HqWv3934G+F+r3GmeJNZ0iLRTqOqodVFrBNPaS4kCqgKO1tGgd1m8v5k8qth/h3+0LJqfie8b9lD9kxrvxtE0HiCY+Pbkvrcbcslyf7BzMpPJD5BPJqrB8IPjzbP4cZP2Rv2RUbweS2hsPHVxnSCZfOJgP9g/uz5v7z5cfP833uaKHuODnra/47evKr7/Fe7tyoKvvRnGOjbvfy7eV/wtotWeifsaftKeNvif8AFXRI/EWsQappvj7w1qviSLTksooP+EXez1WKzS1R0Ad1aOcBjMWbzbeQgqrbFn/aC+MXxL8M/tKHSvAfiOw8RXVnbNf3vhQ6dDHpuj6YLGdhc6jfN+8iuZrxUWBVkVWjDkxMEklTkvAGk/tL/Dbxdq+taF+zL+y94f1PxLOJtZ1DTfiHdwXWoNuZi8rLoamRtzu3zHlnY5yxNc6/g/44eKPjJf8Ai1v2VP2ONR+INlLEb7Wj49lm1mCTyVWLzJ/7BMyt5O0LubOzAHFQ4twjBPVJ3fzbXrZNK71aXRu6tSSnKVtHsvkk/S+r02b6rfmvhx+3B8WPiL8T7X4bf8Jdq2iz3GhQ+JbjxRq/hKDT7mC4OnXU8umx28sYia3E0Kssu1maASBZXys9eo/Cn9rbx74t+LvwV1i91q0uPCXxUt4bXUtNtLO0+w+Hr6TQhqCWLOsr3329pFeXMirbi2KqQJSrP5mnhf4lXHgtvCi/svfsQvoB1/7O2kj4isbX+11i2+UYv7C2/ahD8uzG/wAv5cbeKu+Lfiz8WfhH4zvfiJrvwR/Yp8Ma/pMkej3fiS/+LT2V1ZSNCuy2kuX0RWRzCUAQsCUK4G3Fbc8faSn0drLtpr9/NFLtZS1baeXK+RQ6pP7+l/Szb9XFWSuv0For4+0f9pr9rDxEHOn/AAq/ZpvhHaRag5t/jHfS7baUMYpzt0U4jcI+1+jbGwTg1f0j45fth6/pVtfWPwY/Z3vbG9iS4t7i3+LeoSRTxuAyujDRCGUgggg4INR5FeZ9ZV8RftQX0ml/8Fs/gZcwnbLb/CbxrKhIzhluNKI/UV2f/C2/2zv+iH/s/wD/AIdfUv8A5SV8m/HP4lftOv8A8Fe/gxd6t8J/gpB4mg+HPipLPTv+Fi3r6bc2RuNNNzLPctpIaNkIjCoInVgzksu0BssRGUqUoxdm09e3mXTaU02r6nuXwH/ab+I/7RHwq1HxZqfxY034Zr4A8J+HNWuvtGkWUmn6vLeaVBf3N7qHmp5i2jNJJCi2skBUwSnexwq5/wAOf+Ch3xFh+K2h+EfFlxp0Z8Z/FnU9J8LanBZIkWq6Jaajf2dxYPkYF1B9ngfcMGSKZWGSkprA8H+IPH/7St/pWo+Hv2ev2F/Hlx4Dggs9PuNM+KH9pnQIYzugijMeht5CIVyijAUrlQCK2PFn7RPxd8F+CfDviHXPhF+xTpPhxtXk1jQdTv8A4wNBZHUpTM8l1ayvooT7Q5knZpIzvbzJCSdzV1TnH26q2tHmTa7rmTt87WttvFaNmVm6Tpr4rNX8+SS/BtP5X3SP0Bor5L0T47/tg+JdHttQ074Nfs639hexLNb3Nt8XNQlhnjYZV0ddEIZSOQQcGrX/AAtv9s7/AKIf+z//AOHX1L/5SVk7rRlXvqj6qor5XPxa/bL8lSPgj8AfM3Hcv/C1dRwBxg5/sT69uw654b/wtv8AbO/6If8As/8A/h19S/8AlJQB0P7bvxK8deC/EnhnT/APiqK38T6urJovha30mK8m1+5WaLzJbySQH7PpsMJYyyp5bhpExIWKRScl8c/j18Y9C+J3xc8MaJd+GUu7Ox8KSeEobdra3ltl1HVby0uHkmvXWGa5aK2LJHjbu2IqyNkv5x8dx8YfG3jXw7ffE39mj9izV/Edy/8AZmg3Hij4ivPeytu3/Z7VrjQi5O75tkZ684qx43+MXxt8eDxrZ+Ivgn+xvq/9n2UFv4ti1D4tSzG1toWeaBL4PohKRozyOglwFLsy4JJqPsLybv6XT3/q19Cn8Wn93779vP8AHqJN+2f8Q4/+Ef1VtZ8Up4Q8FiS18dTrH4efV1vl1uTTmWW2By1shgcLJaovmKWKkyIY65z9mfxb4p0zTtY8OeF/FOoeDm8c/tR+N9H1DUbC0tLm6S2RNVvNsYuoZogTJaxZJQnGQMZzS3/iT4haQvw+nuf2fP2GrYWqqfBEkvxS2BVMiyKdPJ0PkeayOPK/jKt97Brxb9n3x38S/wDhTXxVHxF+Df7JmteEv+F2+KbiZviL8RTbWVnrTXs3mxW4uNIkjfZmZY5co7puOxMlauekEn0lr0v7ydv0Uei0uyFrKTXWOnW3utJ+fdvS71sj3L4u/wDBSP4kfDTwynh/SZr3xj4p8FeKtak1jUNI8J3Gpt4h0LSGi3xtDaRSLazzyXC2xmwkSy2s5Gz7o6/xv+1Z43ng+LvxP8M/EV7rwr4D8RaJaaF4ZOmWMmm+ILK803SLnyxL5Iu/tE7X8giZZ9oZohsYAqafgP4ifHj4eeG9F1Pwx8Bf2PtD0jV7a30TSLvS/inNbW17AXke3tLd49DCuheSVkiQkbpHKjLGuH0u/wDF3hD4/wBhptl+zd+wLpfxT0zyFsrSD4kRweILTy4FWARoNCFwm2BUCbQMIFA+UCqp6SSnq0resla75fNJe7snKWmoT1vKOi1fyb0V/Jtrm3aS7H6SUV8q/wDC2/2zv+iH/s//APh19S/+UlH/AAtv9s7/AKIf+z//AOHX1L/5SVIz6qor5ZvPiz+2Ql3KIPgl8A5IA5EbyfFTUUZlzwSo0UgHHbJx6mo/+Ft/tnf9EP8A2f8A/wAOvqX/AMpKAOBb9r/x7LqH2/VfiRpPhLQPFaeJ55JLjRoJj4Og0bX7bTwtsNu6a4ngldMTiXNy0eyMr+6a14r/AGjPjL8OPhP4M8Vazr5hnstUszreizaVp8V/Dot3rL28OpaxEZPOiLWAQCKxiVlut+4bFaNOC8XDx74h1Tx62v8A7Nf7Cl/doYbzxoNR+JImeMqwlil1ASaEduHUOrTY+YBgcjNanh3w38VrrRfBWp6R+y5+xO2m2EobwldWXxCb7PDI7mcfYWTQtoLOrSjyurKX6jNFHRQ5tbNed9X999vOze9rFbXmS638u33W3+7pdS8y/bx/aU8bfE/9gH4kR+ItYg1TTfH3gW+8SRacllFB/wAIu9n4hs7NLVHQB3Vo5wGMxZvNt5CCqtsX67+PfjHx/pn7Wdho/hn4nw+HtCs/D934p8RQ6xpNlLpGiWUUZgt98pVJ8zXO+QkzqFjtLgZGVI+F/wDgot42+JsP7Gvx/trP4Ofso+HtQ1C0ik8Z3fhD4jve67GRfRnfPbrpMTO3nOciWRfmkc53E5+rdT+MX7S4m8S6zefBL9lXzLa2XSvEN9N8WLrMUEatKttdyHROEVbl3EchwBOTj5yTKXuQ6tJ/O/Nb5RvFX628yrrnn5tfL4b+jaUmktm/I4Dx/wDtl/G/w5JrXgHSr/Xda8b6T4kulthDp2irreo6THoQvIrobnGmC3e8IO3eLj7Myrjz8mvun4GePv8AhavwU8IeJzcWd2fEWi2epme0SRLeYzQJIWjWQBwh3ZAcBgMZ5r4n0n4RfF/xR8NItEsP2R/2MtQ8Im9e+jsrfx3LLYG6UGFpQq6CU8wKDET12goeOK9TsPib+2PpdjDbW3wJ/Z6t7a3RYooovipqKJEijAVVGh4AAAAArRNJST68tvkrP73Z6dU31ss2n7vlzX+buvu29NOl39X0V8q/8Lb/AGzv+iH/ALP/AP4dfUv/AJSVUs/jz+2BqN7e21v8G/2dZ7jTXWO7ij+LuoM9qzIHVZANEypKMrAHHDA9DUlH1rRXxb8N/wBsn9pr4yHUf+EQ+Hv7LHir+yJvs1//AGP8bLu++xS8/u5fK0ZtjcHhsHiuo/4W3+2d/wBEP/Z//wDDr6l/8pKAPqqivktfjv8AtgvrTaaPg3+zqdRSAXLWo+LmoecsRYqJCn9ibtpZWAbGMgjtUqfGn9seW7kt1+Cv7PTTwqryRj4s6iXRWztJH9iZAO1seuD6UAfV9FfIF/8AtKftZ6XZ6vcXPwn/AGa7eDw+hk1SWX4xXyJpqiMSkzk6LiIeWQ+Wx8pB6c1z/gP9uz9on4p2b3HhjwZ+yX4jt47mKzeXS/jlcXiLPJny4iY9HYB3wdq9Tg4FC1dl/Vweiuz7for5V/4W3+2d/wBEP/Z//wDDr6l/8pKyPFv7Tf7WHgEaf/bvwq/Zo0X+172PTbD7f8Y762+23UmfLgi36KN8rYO1FyxwcCgD7Bor5V/4W3+2d/0Q/wDZ/wD/AA6+pf8AykqK4+NP7ZFo8Sy/BT9nuNrh/LiD/FnUQZGwW2r/AMSTk4UnA7A+lAH1fRXyr/wtv9s7/oh/7P8A/wCHX1L/AOUlH/C2/wBs7/oh/wCz/wD+HX1L/wCUlAH1VRXyr/wtv9s7/oh/7P8A/wCHX1L/AOUlH/C2/wBs7/oh/wCz/wD+HX1L/wCUlAH1VXxf/wAEVf8AkTP2kv8As4rx9/6dWrpv+Ft/tnf9EP8A2f8A/wAOvqX/AMpK+Uv+CTvxJ/ak0zwp8eh4U+E3wZ1eKb45+M5tUbUviLfWLWmotqJNzbxBNJl82FH4SUlGccmNOlAH6r0V8q/8Lb/bO/6If+z/AP8Ah19S/wDlJR/wtv8AbO/6If8As/8A/h19S/8AlJQB9VV8o/8ABRH9vW5/Zh8a+A/DGj3lrpV5q+uaPca1f31lJNCulz6rb2ckEBClTcSLJKc8+XHC54Z4syf8Lb/bO/6If+z/AP8Ah19S/wDlJVHxB42/a88WWKWuqfs//s5albR3EN2kN38UL+ZEmhkWWGQK2hkB0kRHVuqsikYIBoXxwk9lJNruk9v6326g/hkurX3f1+G5rftgfHn4hfB6/wBD16w1nS7Cy0nVNNTXdAsBaX622m3OqfZ21G+km8u68lrZSI47SHetxuDPLGjEfKX7e3x/8c+L/wBjj416J4/vr8t4hsX1vwxa2z6Rd6R/Ztt4ms7dTHcWbNN5qxzWwYTMQxd8YZWRfbNU+Hv7Qut65pOp3n7J/wCyXc6hoFxJd6bcy+PLlpbCaSY3EkkTHQco7TEykjBMh3/e5rwX/go74O+NXgf9i74p6hqn7O/7Ovw/0rxPJp7eJte8K+MZ7nVpUOqW8hfyjpFuLhjIxYh5lGXds5JyUvdtzf3vxSt9z18tUtGuUqe9e3938N/vWnnpfVXf6u0UUUAfLP8AwRE/5RE/s6f9iHpn/ola+pq/Mz/gkl/wTc0z4o/8Ey/gb4im+MP7Ruiy614OsLt7DRfiRqGn6faF4gdkFvGwSKMdkUYA6V9Ef8On9H/6Lr+1V/4djU//AIqgDyqf9nb4j+Dby9uYvgi/ji+8HQeKmSK61PS4bXxzdan4itdR091aS5DbIFh86X7QIyrR7EDkis7xV+wN8Wf2hPAmi6DDG3w6Olf2v4yvNS8U6ZZXr3ni29nYw3Fpa6bqjJaLajzHiZ5ZQBPHuEkgdq5XR/g3beJdfv7TTPGf7W19DfQ6xL4VmHxxvIv7c/srUItPvGnEhVbRFklWVW3SloUdtocCJsS+sfBGnfAXwZ45/wCFqftXajB4m1y+068XS/jVqF3a6fp9hPLDf6xHcDAuLGIRq6uEQussfCk4qaUfcioPpZfNvXytLXXROKbVkVN+8219pvvqlqvP3brq2pNJ3Z1HhzTP2i/2g9G+Jd5o2nfE7wv41W61yw1Bn8dRNpFo8mhRrBplhCLwrDcRalLHItysSKFjkPnkNsr1bWf2e/EV/wDtGT6e/wAEddvvAnhNbnUNL1C91zTLxfHWrS6PJZPPql5cXst+sHkSNaKht5SxIdz5aKtcL4l+EvwM8Haz4lsdT/ac/a0sn8Ire/2nPJ488SC0jezthdXMUdx5XkzzR2580xRO8hQFgpANYmq/AKCx+Jeg6bD4u/bKuNB8Wy3Np4fuJfi9qdjrGrzwac9+zrptyInitsRmDzppIyJmQNGEZZC204xa/kitNmraP56uK1u9fekriWkpf4pdfPVP0Vk30Wmidj6j/YH+Fvif4f6z8UdT1vw7rPhnTfF2vW2p6ZZ61Jpx1GELYW9s8RXTma1W3i8iOKHGJCkZL7iQzcR4G/Ze8a/Cv4FfFa/1PSNf+JF3rPiDxPqOl/DG5m0GHStUS61i4ubRvtTQrMgkjeORhNdsFDuDHkKg87/ZJ/ZF0b9pvSfFvmfF/wDac0rUvButtoGopYfG7UNWsvtCwQTssdymwM8fnCKVdo2SxyLlgAx8x+G3w7t/iz498b6L4f8Aih8b9avfB+oaxpq6BY/tL30niy7ksLuS0DvpjQKIYpJEVt7T4SORW+Y4UufvSst+TS2vu2jqt7u1rb7kxsoK+ymt9Pe95W6WWsu23Y6r4pfsXfFPxl8LrzUNL8DeIrT4hfEHTfEuleI21O10KSztLjVFsB50EMWputnCotY1SZJbiULbOZIJZJFeuw079lrx74a8YwxX/wAJ5PGa+EtZ8S6xe6lPf6YsfjGHUr+Ce1ig86RmaeFVSTbdRxxiTT4l3hWRx4lr1jpHhjTtYF546/alOo+Dotcv/E3kfHq/bT7ey0c2ovJbG5dF+2SA3aKIzHDh4pkdoyg3dJafC2x1/wARTw6J41/a21fS9Tn1aw8MXq/HC8gOs3emTJDeLMkhUWsKkyusu+QtHbSnYD5aORaUE4fDyu3bl8n0V72s9XfdrRzTbSnup9d3LrdddN9NFZ6Jn2l/wT7+F/iT4RfAe80zxNZ6lZXN14k1fVbVdVktX1SW3ur2W5WW8+yE2q3DtK7FYMRgFQFUgge4V8Gfsn/sVeG/2qfgpZeMrH41/tRW0FzeXtifsvxl1K+tJ3tbqW2aW2uFKia3doi0cm1dyMpKr0r0j/h0/o//AEXX9qr/AMOxqf8A8VVTumk1skvuViY2d2urb+bbb/E+q6K+VP8Ah0/o/wD0XX9qr/w7Gp//ABVPb/glLpDW6x/8Lz/anwrFsj4ranuOcdTuzjjj6n1qSj6oor5U/wCHT+j/APRdf2qv/Dsan/8AFUf8On9H/wCi6/tVf+HY1P8A+KoA+q6K+VP+HT+j/wDRdf2qv/Dsan/8VTn/AOCUWkOc/wDC9P2qRwBx8V9THTj+9QB9U0V8qf8ADp/R/wDouv7VX/h2NT/+Kr56+Kvwe8MfCP4o61Yaj8Uf2tD4M8L6nDoOs+IV+Mmo+ZaajLp39oRxra9Xi8kxK0m8ESTIAjAM6zKajv8A10/NperS3ZUYuW39f1+R+mFFflB4j8Kx+D/hlr2u6x4u/aj0efw1pll4j1FdQ/aCu7exs9IvLeaW1le5Zc/aZHgktxbpGw8/avm7GEldn4L+COheNvi9pejRfEf9rq18M6trCeGItZuPjJqC3EWrtpI1X7O9ryREICUMvmE+cpXZt+etOSXPKn1juu39PT1030M+Zcin0d3f01f4a+mu2p+llFfLF3/wSn0i7upJT8c/2pkMrl"
14:55:31.523 [Test worker] DEBUG org.apache.http.wire - http-outgoing-0 >> "ysfxV1NVXJzgANgD2FR/8ADp/R/wDouv7VX/h2NT/+KqSj6ror8qvEvh3w/wCFvtlxcePf2tzpepTXtp4Tul+Nl+Drs9prFto8onVsCzQ3V1EyuWkzCHdgrL5ZgstH0G81jWLJfH/7VskngC6jtfH0kHxy1CSLw8ZNRfT0a2baPtg3xSSkEQlYkOR5n7qin79lDr+m9+1tL32ur7oJ+4nKWydvn0XnfpbfW2x+rlfNFrc/EP4LftL/ABo1TTPhL4s8XWHjJ9PvtE1LT9T0aGykkt9LjhMUwuL6K4QmaPbkQsMEHOK+df2S/gP4b/ah+JninSrD4y/tGWVt4Zu7qK3H/C9NRutQvUt72S1857PYvlwu0TEMHcchTgnAT4+fs42f7O/xItbTW/Hv7XDeEbq5awh1eH40X7X17OthNfSNbWIy0tvHHCyySGRWV84jZQXrObXIpN2Ul+D/AC1/E0gnzuKV3Hdemv5fgdH8KP8AgnT8TfAXg7xp4Y8U3Gj+KrT4k+Gv+EhudS0K2Gk3Gg+NLWb7RFeBpruYy3E0sysLiNUjX+zowyKGGe38Ifs2eKP2eL/4MeMj4F1f4h3+i+HtUj8WWFreae+rx+INTNnPc6qGuJobeVy8NzC5SUFEmURgxggfMmiaHaeJdZtfDGn+MP2prv4g3+mQeI7fRYvj7evbHSJrOW7S4e6VCFm2xGPydhHmOmJDG3mj0HwB8GvAHxW+OHgXwb4d+Mn7XmoJ408Lv4ofUz8WNRSDSkMNtPDayjeSbh4blZCgPyLsLf6xM9HLKM5RSs1+Gk9Pmrx1/wCfcF8UTHmUoxk3dO79fhV9PPVWt8cn8MmdJB+wv8T/AA98PdKHh3RYdCufiPca34a8WaXBqFun/CI+HdT1aW/hKOr7JJbKGS5iVIC4El+2zKJur700XRrXw5o1pp9jBHa2VhClvbwRrtSGNFCqqjsAAAPpXy9/w6f0f/ouv7VX/h2NT/8AiqP+HT+j/wDRdf2qv/Dsan/8VUJ2jyLb9O3nZtvW7vJ6jesud7u7+b3f3JKy0tFK2h9V18L/ALX2k3Gvf8FlvgzY2kfm3V78HvHEEKbgu92m0tVGTgDJI6nFd7/w6f0f/ouv7VX/AIdjU/8A4qvkP9o/9gTS/AP/AAVh+Eelf8LZ/aJvYJfhl4t1h76b4kX7apAbabTj5MF0Tviifed6DhiqE/dFc2LUHQmqrtGzv6W1N8M5qtB01eV1b1voerx/s6/Gzxb8Kfh9Y+HPhnqfwy8U+Ffhj/wrvUdX1TUNIlluZb3+zbaS5jFneymWCySC6usSPHIziNY1Jdiun4D/AGWvix+y5448E6SvgP8A4WT4H+HnjG/1vST4TXTtJjisdS0i7iktorTUdSyggvZGJ3TnKXKbMhGVfNfhr8MrB/DGi6z8SPiF+0/4G0nxT4JuPHmjXtj8dtT1eCaytoYJ7iGbdFA8VwsVxEwUK6MN+HyuCzQPhNL8QPA/w8bw74v/AGox428ba9qPh2+8O658eNU08eHruxtp7mZJp44JyxMcIZMRgMJkOQDXdWc3OpzK0n8Xzm3t0tPm1tdczu7SRy0lH2cEtYr4f/AFs+vu201Wm2h90fsNfCfWfg/8ELiy1vS4vDs+reIdX1y20KKWOVdBtry/muYbPdETFuRJBuEbNGHZgrMoDH2Kvhn9nP8AYR0L9oH4cvrP/C4P2tNB1HT9SvNF1XTLj4u6jM+n31pcPbzxiRH2yJvQlXGNyMpwCcDu/wDh0/o//Rdf2qv/AA7Gp/8AxVZvp2sreltPXTr13LW7fW7v63d/TW+nTY+q6K+Vj/wSk0gwhP8Ahen7VHyktn/ha2p5Ocd93t/P1pv/AA6f0f8A6Lr+1V/4djU//iqkZR/b+/Z88Z/FHx/qknh/wlceKYfFvgWXwjY3sVzaRL4Uv2vo5xey+fKjiPASQtAsj7rNBtyUrzX41/ss/EPxn+0RD4o0T4WalYaF4YuVm1DRft2jfYddSLxJYakz6YY3ikea7SCe5nGoBQJViRWXLlsf9pz9m3Rv2dvFMlhD8Tv2svEFtomhP4p8SXKfGbUbY6TpazrAZY0O7z5c+a4jyg2QSfPu2K3P6p8FEsfi74v8Ep43/ajl17w/pjaza25/aAnUx2S3iWoutSO4rp8Lq5uUOZna3ikbYJF8ozTaj7KUfsubj8nJy+583qk73tpVROXOpdeVP7opel1y+l09ObXsIP2Ufij4f1zSPEGheC/F+keKbu/vrrRvK1XRJtG8N2934kuL97XUraTc4xayoWa0kmBIKIFeON2y/wBnPwn4l1XTtU1/w74N1bx0ngv9qXxvq2qabplzYQ3X2Vo9WtN6fbbi3hbEtzDlfMzgkgHBrgvDmm+GfF/hLR9f0z4h/tYXuhrp1rq3iS9i+N9+0WlWlzqk+mQz2pAxexvLbTzBv3WbdA4yzCOud/Zj/Zq8NfDDwl41vNa+K/7SNjY6h8d/F/haSbSfibqFikEVqb65a9nVCfOmZLNvMfhnZ9xPq5Wp0oxekYydv/AtvS/Xrq79Sbe0nUe7lF39HF/jyu9umiStZHs3i3/gnv8AGL4+2t7pdvb6F8KPD0era3460O01K1i1f+x9XvJFjsUjjs72NIbm3Ec920gaWES6jhfNKMRuap8Gfi98WfDvxP0PXPgxqmkeIPip4h0DxBbeIX1bRZtM8Kzw6Xo8VxNuS8a7822uLO48vyoG3skeGCsWHk/jD4T6/wDD74CXHxL1W5/a7l8L32jW+taEunfHu9uL+6We4toobW7hdI1trmRblXRY3uI/kdWkQgZ9U/Z8/ZV8D/tK+LNXtPDXxx/aun0vT9D0jXINQb4t6mPtKX5uwImiJDRyRG0ZXVjkMSpAKmtIRlSdrfClGz3Vnpfqn7iXe0V11ak1Ubnffmem2tm7dGru63V5Ppov0Aor5U/4dP6P/wBF1/aq/wDDsan/APFUf8On9H/6Lr+1V/4djU//AIqoGfVdFfLF3/wSn0i7upJT8c/2pkMrlysfxV1NVXJzgANgD2FR/wDDp/R/+i6/tVf+HY1P/wCKoA8g1n9nr4o+BtUF7p3wNbxxq/guXxLJC93qOlR2nim61LxHa6jYXa+Zdo7LapCbiRZ/KYSRqkZJbcPSvBv7G12vhH4C6r/wiWuReJ/Bnjm81/WZNcnsIrqxF6uoy31ykNrdTWsay3Fwm1IZHdY3VSeHr5h8fad4c+Hularqt98Qv2rodAkN+vh7U5/jjfwwagLDV7fSbua8JX/QYEmuUm8z97/o6SOVVl8su8N6Z4c8W+FNK13T/iD+1hd6LDY2+qeJL2L4337w6XaXGqz6ZBc2jAYvonktZ5lYeVm3VXGWZYyYbSMOTWzTXqm5eVr2fNtpo9kFfVVOfZ8yf/by5fm1ze7vq/Ud+3F8FPHHwj/Yk/aCEug+LNA8G3Wh3tzqY8Q6jpWoi/1W48QQ3EU2nzWirP5BikuGcXCRn95ANpdZDX1r8ev2WPFfjH9qm3j0jT4pfhh8R7jTNU8dym5jT7NcaOxkhXyiweX7aBZwPtUgR2TBsbhn88/2w/h94f8Ai1+xX8f5dL+KfxxuovBVvKltZav8Z77V31RINXWyM0+mvGqiBmjZlO9wDsBw3A+lfjF+yLq/wu/aB0HwXY+LP2p/FNt4iguru0n0/wCPF+moG3tYBJPM1rIixqgleGBS04DSTxdATtUHyqk101Xnq3r6b2/uq6shzXNKqn138ttvXy7vuXb39nv9oPwh4I8T+J7/AFf4gWuraLeWc2nRJ41c2aaf9pv21B2tkuTDI32aSAjejOCieXhlNYXhz4U/tIfED4F+EtV8MN8ULLwzqcGh3uqaXq/jD+0tf1WU6Zd/a7y3uE1m1aK2kuJbBvI+325zDI3kgExSeaeNtd8LfD34W6nreq/E/wDaNtb3RfFNx4Wv3f8AaGvf7DguYNM/tGSMajs2tPtBtxF5XN0pj3YHmV9c+C/+CYuieNfB2k6ynxr/AGtrJNWs4b1ba7+KmppPbiRA4SRd5w4zgjPBBohT/d1EtVJwd+2l1bykrS9bvdqzqVLzpt6NKa9dUr+sXdemm17+M6t8D/2vLjXbYq3jVruHQ7nTbrUI/FUccF6W8MSwxSBBqiwRT/2qYidthvV1Mgu2QkV7Tof7GvjSD4C/tGeELa41Oy1D4iafFbaHqera5JqFxdzNoNtayPNcNJJOB9pSVCWOQo+QbQtaH/Dp/R/+i6/tVf8Ah2NT/wDiqP8Ah0/o/wD0XX9qr/w7Gp//ABVOfvRlF/aVvz/Nu76Ex92cKi+zt+G/pZJeRieN/DfxE+JPhoTeF/gZrfw1l0iw0fS7+S313S9O8Qavp8N/HJdaVp01ndFIoVgEuyWS4tzufCbNxdeS8B/s2/tBDXr3XbzUPiNZHTdS0B/C2mXvjo3As9O/4SS9kv4L5Fu2hvJk0iS3V3mMxbaoSSSRN1ekf8On9H/6Lr+1V/4djU//AIqj/h0/o/8A0XX9qr/w7Gp//FUPXXzv873+7/OXWUm55Fy8nSyXySt/w/eyW0YpeD+Fv2Xfjvp/xR0vX9X8M/F29ij0nS9N8cyW3xEt0v8AxdLE+pPcNpM39oo9lbG4ms5vK8yzBiR0Eancjw6r+yX+0npF7Lq1pH4yl1jXbHw6uvXVt4p825vLO0/tVHsBs1Wxb7XF5+mvJNHPCsojnImcu0cnv3/Dp/R/+i6/tVf+HY1P/wCKo/4dP6P/ANF1/aq/8Oxqf/xVH2VDs7/i3b0127abFt3nKp1krfglf10WvfXdK3D/AA6/ZU+Lz/sUftF+HfFNpeap44+Ivh02mlSXV7am41Oc+HoLNVkcTSIsgmQxs0khBKFi7g72if8AYu+LPhH9o5NQbVvFPjSz1I+HoF8VC/0vR7rStLt7qRr7TJ4rJLXzjmTzkmWNiylo/lKAy97/AMOn9H/6Lr+1V/4djU//AIqj/h0/o/8A0XX9qr/w7Gp//FU3rVVV7pr00vp872drNrS9m05t+69ktrSXn73Lr8uVW6J67pNeM+O/2ev2r9W8F6dJPrPiq6l07UpNDubDSfEBF3qOn2VkYLHVdyapp4ElzcNPPMpug+JLcSRSeVsDfE/7DXxw8U+GLDXtX1Hx7rHxF0nU9auLS8XxzLbQ2obwvNa2csECXa28JfUJOdiKf3jF8R9PaP8Ah0/o/wD0XX9qr/w7Gp//ABVH/Dp/R/8Aouv7VX/h2NT/APiqm1+e+8lZv7veXaTtq/N6bW0U7OLS0i72+/R90r/gte/Ba/8As7fHPwz4zls/D03xNupIp7R9K1y48fNcaVa6Z/Ze28srm3nvDLNeyXxnZJzC+zzYCs8aRbFi8IfshfFXQvib8KbzWo/iD4m0fwprXh7W7w3vjh724t71tF1O01SbdNeZaJLmWzZ4VJQqZfKjcM6t6F/w6f0f/ouv7VX/AIdjU/8A4qj/AIdP6P8A9F1/aq/8Oxqf/wAVVqbTb7uL/wDAdbLyb1fd673bx5E4KD6Rcf8AwJWu+7ts+2m2h9V0V8qf8On9H/6Lr+1V/wCHY1P/AOKo/wCHT+j/APRdf2qv/Dsan/8AFVJZ9V0V8qf8On9H/wCi6/tVf+HY1P8A+Ko/4dP6P/0XX9qr/wAOxqf/AMVQB9V18X/8EVf+RM/aS/7OK8ff+nVq6X/h0/o//Rdf2qv/AA7Gp/8AxVfKf/BJ3/gnPpnxK8KfHmSX4u/tD6P/AGN8c/Gmjquj/Ea/sVu1t9RKC4nCN+9uZOskrfM7cmgD9V6K+VP+HT+j/wDRdf2qv/Dsan/8VR/w6f0f/ouv7VX/AIdjU/8A4qgD6ror5U/4dP6P/wBF1/aq/wDDsan/APFV5P8AtPfsq+EP2Z7zwfY3Hxk/a31zV/GOu2GkQWdp8WtSVrSC4vbe0e9mJb5YYnuYQe7PJGo+9kG8lHq2kvV6INk321P0Dr5U/wCC3H/KL34p/wDXLTv/AE52leE/Hj9nnQ/gl4l8JK3xO/azufD/AIm1q20D+0L34y6lpl1Lez332NYLOymAmunQhpnOI0+zr5iPJ0r51/at8GaB8R/2S/jTe6V8TvjVqEfgW5iFrp+u/GO91r+1kg16KyMtzpckar5DNGzKS8gB2A4bgEPf+Hz/AAs3+DT807oJe78Xl+N7fk15PRn7V0UUUAfmZ/wSS/4K4/s4/Bn/AIJl/A3wp4n+K2gaN4i8P+DrCx1GxnhuPMtJ0iCujYjIyDxwa+iP+H3v7Kf/AEWjwz/35uv/AI1Uv/BET/lET+zp/wBiHpn/AKJWvqagD81LH9rX9jvSNf1K/wBP/aj1vTGI1D+wUspBD/wijX9/FqF2bVhZbnElxCmUuTMnl7o9uxmU5mnfGf8A4J+arqt9feN/ix4d+KN1qVvfJN/wlmmR3kCT305mu7uGFLJEhnlxChaMKAlvGAA29n7Hwt+1l478OfETWbjw3qHiP4h+ObqHxVD4j8JQ3DahH4Xng163s9JlNkGzbRpayyuVQK1zHGz/ADsA1cdp/wC1d8afiR+zP8NtE8AQ/E7xb4+8LnWPF3iK4/0Kxv8AU4bHUrm3sbW8W5ngX7NdyLIjLFubFm6rGQKzhyOnGWys18ve5te1k5N9dOq00fNzSiv5v/Jlbl9G27L1ffXjPhv8T/2RbXwZ4m8NeM/2qNQ8ReH7u8v/AOxbRpgxs47nSk0w3kkn9nLI16YDODlngzKWEe45Hqdx+2x+yXcfHzxP8QP+Gs/Ecd74p07+yJrCNbZYNOs/I8pYLOcab9ttUD/v/wB1cqTNh2LYAq3f/wDBYrxH4k0Dxl4h8F6h8M/EdjYwaxcaToKWdz/a+nWltog1K11O/IuubZ5SluyrFH80ybZd2Urd139oa3k/bHufDMnx6MXi3wzZ3N543Sx1BLazsbc6PI0enaVoTyXElxdI5S+aXZM6CMo0jBxCNJuXu8+/It/5eXr523fTa9/dM42vLl/mf382tu3vbLvrt7xL8Af+Cln7JnwO1DxLqkv7RqeMPEHiua3m1TVtZh2zzLbwrBCmy2tIYgFQcnZuYsSWPAFGX/god+yFafALxd4A0f8AaSu/Ddv4wv8AVdRn1nS5Hi1awl1G8mu7j7NK1oyR4eeRUJjZlXHzFhvr1/8A4JqfE+58cj4oaavis+NfD+h+IoBoGrQ+IH8RWz2c1hbuEGoSKryTGTzJZYiuIGnEaEoFr6gp1YX0l1S+5pO35XJpS0Tj0d16q6v+L8tT8uPFnxz/AGKPHfwf8NeBta/aWbVfD3hiO4tbaCfRNLQfZZljVoEWLSUjgYCNgs8CR3AE0v735ht2H/aq/Y2tvE95qGm/tQa1oUSXF/f6HZ6bIIIvDF5fTx3F1cWrfYjI5kkjOY7hpots0ybNj7R+l9FF3dvq7/j/AFf113HZWS6Lby/rb002Ph34B/8ABUj9kX4A+Eb7TbX496drd3rGq3Wt6nqWowyC4v7y5ffLIVhto4kHQBY41ACjqck9v/w+9/ZT/wCi0eGf+/N1/wDGq+q6KL7LtZfJaJeiWiH3fe7+b1b+bPlT/h97+yn/ANFo8M/9+br/AONU9v8Agtr+ystusp+M3hry3YoreRdYJGCR/qv9ofnX1RRSA+VP+H3v7Kf/AEWjwz/35uv/AI1R/wAPvf2U/wDotHhn/vzdf/Gq+q6KAPlT/h97+yn/ANFo8M/9+br/AONU5/8Agt1+ypGcH4z+GQcA/wCpuuh5H/LKvqmigD5U/wCH3v7Kf/RaPDP/AH5uv/jVeH/ET9sn9ir4ofFTUfEGq/tAJJo+t3seq6p4ZVCNK1G/jsTYR3Tn7IbgMLcouxZljLQxsVyDu/RuipcVLf8Ar+t/VJ7pDUmtv6/r8tD8xtF/an/ZM8O6VOLP9sDxbBrFza2+lS6qPs5ln0y3t5beGxkhOnG2kjRZpXDvCZfMctvwdtaXwv8A2rv2JfhB470HUdF/aDaLQfDVzBqNh4bl3SadFfxaWulJeFzafaWf7IoUqZvLLEvs3c1+k9Facz53U6vd97d++uvr72+pPKuVQ6K+nrv+GnpptofLF1/wWz/ZXsbqSGX4zeGo5YmKOpgusqwOCD+6qP8A4fe/sp/9Fo8M/wDfm6/+NV9V0VIz8y7v9pv9iy9m15X/AGk7ptP1K31S10vT3g"
14:55:31.532 [Test worker] DEBUG org.apache.http.wire - http-outgoing-0 >> "iktfDqalex318sCPYHzllniTKXXnoE3RhdrEHI8NfGH9hnwdbxQaX+0Q+nWd8Yf+EjtLS1ht7fxUkN819DHcRpYBYY45XdVW0EA8pyhyMEfqXRRD3GnHpp+v5u779Qn76cZbN3+ff17duh8AfCj/goV+yb4E+MX/CW3X7TF94y1SOyudI0eLW2aZdHtbq5juJYY3jtEll3PFCoad5WCQooP3i2Xq37d/7JurftP33xSP7VesR6hfWCaUNIFvaSadZWgTDwWzSaa11brI+JZDFcKzuFJbCIq/onXwx+1p8YLHR/iz8Zk8afFbxH8OfEHhTSraf4Z6XYa/Jpg1TdZCT7TDZqwXVpnvzJbmCRJ1AijURqZMtnNxikmtEn92t7Lq3d6bu78zSEXOTtu7em6Su+iVlr0sjxHwr8Vf2IvAaG+0H9pe50LxUWMf8AwkOm6bY2l2bVreW3e2MMemC1KsJpJGkMJlMrby/AFdf8Pv2kv+CfPwn+LnhLxr4b+JujaPrHg60ntLVYLm/+z3Ilt4LfzJo2jIZ1it0UEbe+4NhcangC/wDiz45svjt468QtqtlceEFvVWaH4l6zZ/2Fdp4Zsrg28WiRxGxkRLmZyHeYNlidpKLn6R/4J2+BfFPhr4KWWq+LIbtNQ8Q6bp92sk3xF1fxf9pBg3mTGoQxC0ZmkJMcIZTxljtWumKkuad9eWDdu0k+VX8kn991e7ZhKSains3NL/t219PmvydtEcr/AMPvf2U/+i0eGf8Avzdf/GqP+H3v7Kf/AEWjwz/35uv/AI1X1XRWRZ8qf8Pvf2U/+i0eGf8Avzdf/Gq+Rv2h/wDgqN+zh8Qv+CtHwg8Qr8VdFfwhZ/DTxZomp6lFHOFtJrubTvKTmLO5ljkI+Uj5ea/WSvhv9rO/1LS/+C0PwUudGtkvdYt/hD43lsbdzhZ51n0sxofYsAPxrHEcqpSc1dWd13RrR5vaR5HZ3VmeMW3xo/Ym1XwXovh7xX+1DrvjzR/DmkW3h7TLXW47RYbXTIprWWWzKWumQrLHciyt4pjKHdolZFdA75v3fx//AGHNB8eR+IPAH7Qg+Ek9vqy63bWXhDTrODTrW8+wS6fNLHa3GmTxKZreRRJ8vJgjYbTu3ZXiz9rNPDnwUkl8MfE3x7r3xB8QfC3Xb/xHcxeN1u5NG1eLSZ7mRrjR3Zn0lra4h8tGt44FWSRY2DHFYX7QH7X3xevvBsFlb+LfE+mXfw18IeIPCGuy2t49k+veILa1ZzeNIuDuEEdlcRuv3ft7kciumrzc0oyd2rttddZXd1q1zRWttXNO2rMafKlGysnor9NI6WeifLJ6dFFrpY+k/gX/AMFUv2PvgB8Po/D+lfHHSr8Nd3Oo3l/qK3Et5qd5czPPcXMzLAqb5JZGYhEVFyFVVUBR2H/D739lP/otHhn/AL83X/xquz/Yx+FfxD+HWteL7jxZLf2PhvUxZ/2HoeoeL7rxXd6fKiyi6ma9uUEgWXdCFh3SKvkswI3lR7xSluKP9f5/1+O58rH/AILb/sqrCH/4XP4a2MSoPk3XJGM/8svcfnTf+H3v7Kf/AEWjwz/35uv/AI1X1XRUlH55/tE/t4fsb/tHeJ49Svv2h10QXOlNoGs22lxkQ+INNaZJzaXHm2kjKu5WG6Fo32yyjd8wIxtc/bO/ZO17x5J4kk/a58WR6tZLdR6BOlyPM8NpdXtveTxQubEvPEz20MflXbToIVMYUA16t/wUh+NetfDj4nNb2/jLU/ClxYeDJdX8F2VrqH2RfE/iEX8Ua2jR5H2w7DCn2YhgRdu23cFZfFfFv7Ufie18YQRt8StctpdX13U7L4n2y6yVXwLp8XiuxsrWRVz/AMSwHT5Z1Eq+WZIy0+4sgkE09fZKP2nJLyfM02+yvdtr4U7/AGmVU0cnLpy38/dTXrpaNurXL0IbT9oH9iexaLy/2lL8JqEnmeJ02R7fGB/tSbVQLsCx/dj7XcTnFr5A2TOnTGOR/ZB/b2/ZU8T+G/HUPj34r6XYLYfHTxb4w0u22TeXqdtdS3cERlBhbdDJBdyNgFWzt5AyD29v+1D4od+fiVrm/SGjHwvX+1/+R+B8V3tkd4z/AMTMfYIrFMtvxHcef95xILnwd8dz+Cvhh40ivvEWoeDfAes/tOeMbLxjr9nfNp76bYfaL2SINeKQ1pHLdpawtOrIVEuA6FtwcknSjdaN2SfT3kvPr9lXtta+hKbVWouqTu1193W3e60Una/eyuULb9pz9j658K2fh7WP2svFWveG9Es4NP0PS7qdI4NHt4bm2uI1HlWCNcsPssMYkujM4jDYId2du9+Cf/BQL9ib9n34wfEbxn4b+NOmW158Tri1u9UsZDcNYWs0HnkvbR+QDF5slxLJINxDSOzAKWbPmF5+2trXhLxf4O17wv4t8ZTfD/4deKdcvNdjufFKeJrLVtGhtNKa6VL+Nna8htYr25mUyySSpLAyFjsADPhj48+Mnxy+OseiX99411+41fVPFGtDRIPHl74UGjxPY+Frq0tzNbAsyWg1GaMRFWXMkjYJp88pTsrtuLfnZqMtf8XdveLu9LgopLyv8rrmjp6abdJK3VH1H/w+9/ZT/wCi0eGf+/N1/wDGqP8Ah97+yn/0Wjwz/wB+br/41Xvn7P8A4b8U+Dvgd4S0rxvrEPiDxhp2k21vrOpQ/cvbtY1EsgO1cgsDztXPXaucDr6qceWTincUXdJnyxdf8Fs/2V7G6khl+M3hqOWFyjq0F1lWBwQf3VR/8Pvf2U/+i0eGf+/N1/8AGq+q6KkZ+X+vftA/sU6/rDXbftMajCNNv59U8MwRpGYvCdzPqkGqzSWwawPmh7u3ibbdGZVUFVCg0Wf7QX7FNm8ZH7S+oEajJ5vidNkYXxeRqk2qgXQFiBEouric4tfI+SZ0ORgjs/8Ahpbwj4z+OfxIh039ofUbfw1oBu9N8Ry3HjGOCW71JtVtlihtYI1lk0uwtRvsZr6OKLP2nfvZ4/OHGaB+1N4sTRPhtrGufEGDVf7FWa2j8OWvjO/s7/xjIfEc1lHLp8yQhNYiSCOJY3dt8y/NKkfnh6MNqqahpd6fNPXz5kl6qzlZWYYjRVOfWz19bq3pZt9uV3t7zaPMP+CkH7Yn7NGv/shfFa70f9ojVPiP4uvvD8mi+HdP1ZvNOm21xqdrdzwROtrHJLloIgGuJJGCQIoP3i31T4i/4Kdfse+JfiPr3iqX4821tq2u+GV8LCS0lubc6bbCWeVpbV1gEkU7NMCz7j/qIcAFST8t/tc/HPxh40/ZZ+Pfhy/17U/E0Fr4Rv5/FV1JrsGo2MOqReI7WGz+zW6MX09Dbm4T7PKkLH7OSY2KGV/2KpRV6VOS2advK7lF/f7z7tO71bHJtVJwe6av8uWS+7Ty07H5gXn7Sf7IF9rcviGX9rHXJPHVxOzT+J5La0e7mgayFi1u0B037Lt8kD5/J8zdzvwSte8fDL/gr3+yD8JPhvoHhXR/jN4fTSfDWnW+lWSzLdySLBBGsUYZjFljtUZPevseiqu9fO1/lt91397fVk2Wi7Xt89/yX3Hyp/w+9/ZT/wCi0eGf+/N1/wDGqP8Ah97+yn/0Wjwz/wB+br/41X1XRSGfKn/D739lP/otHhn/AL83X/xqj/h97+yn/wBFo8M/9+br/wCNV9V0UAfKn/D739lP/otHhn/vzdf/ABqj/h97+yn/ANFo8M/9+br/AONV9V0UAfKn/D739lP/AKLR4Z/783X/AMao/wCH3v7Kf/RaPDP/AH5uv/jVfVdFAHyp/wAPvf2U/wDotHhn/vzdf/GqP+H3v7Kf/RaPDP8A35uv/jVfVdFAHyp/w+9/ZT/6LR4Z/wC/N1/8ao/4fe/sp/8ARaPDP/fm6/8AjVfVdFAHyp/w+9/ZT/6LR4Z/783X/wAao/4fe/sp/wDRaPDP/fm6/wDjVfVdFAHyp/w+9/ZT/wCi0eGf+/N1/wDGqP8Ah97+yn/0Wjwz/wB+br/41X1XRQB8qf8AD739lP8A6LR4Z/783X/xqvlP/gk7/wAFYv2dvhF4U+PMXiT4p6DpMniD45+NNe05ZYrg/arG61EyQTriM/K6cjPPqBX6r18X/wDBFX/kTP2kv+zivH3/AKdWoA6X/h97+yn/ANFo8M/9+br/AONUf8Pvf2U/+i0eGf8Avzdf/Gq+q6KAPlT/AIfe/sp/9Fo8M/8Afm6/+NV47+0n+2b+wX+1Zren6r4r+Kmi/wBtabNYSQ6jYz31tOY7O9W9igbEe1ozKpDZXdh22srYYfobRRtJS6p3Xk0HRx6M/O/4u/t7/sn/ABslih1z9qvWpdGkaIalpCeWtlq0cN6byCN0+wZiMbbY/MgMUrxIod3ZQ48G/wCChf7Wf7N/jb9mH4gN4e/aD1b4m+NtUsIdC8NaZqrea2n29zrVldzW8LraxyS5MEQDXEkjBIEUH7xb9ia+VP8Agtx/yi9+Kf8A1y07/wBOdpRH3bNdL/jo/wANPRvuwet79bfht/Xkux9V0UUUAfmb/wAElPiN+1Xpf/BM34HW/g74UfBHWfCsPg+wTSr/AFb4iahp99d2wiHlyTW8ekzJE5GCUWVwDxuPWvoj/hav7aH/AERX9nn/AMOpqf8A8pKk/wCCIn/KIn9nT/sQ9M/9ErX1NQB8Xf8ADWX7T1vqXiGH/hXv7KaXnhmNZtdj/wCFzXok0lCpZWuh/Y2YhtBIMmOBT9J/a6/ah1/w7p+r2PgD9lW90nVrtbCxvYPjPeyW95csxVYYpBoxV5CwICKSSQRiuD8Rfsa+O/Edtqej33w98RtbaLB4oi1HUdL1nSrS58Zx6p4jtNRgFpJK8uWW3hkLrdxxLv8A3YYBzIsXjP8AYm+O/wC1D4S0zw3e3Vr4G0Hwg+ra54ZvfE9ha6nqSXss3l6X5qafdwxx3dpGs0omPmLi6iBEkiSYmErxUpdrv5N3Xe7SvFWvfTtepR1aXe34aP0vu1ey+bXpXg3UP2t/h9LrL6P8CP2eLNvEGpSavqBHxY1Z/tF1IqK8nzaKcZEaDC4HHSmSftUftUxeO28LN8Of2W18TJa/bW0g/GS+F+sH/PYwf2N5nl/7WMe9eM+HNM/aL/aD0b4l3mjad8TvC/jVbrXLDUGfx1E2kWjyaFGsGmWEIvCsNxFqUsci3KxIoWOQ+eQ2yvVtZ/Z78RX/AO0ZPp7/AAR12+8CeE1udQ0vUL3XNMvF8datLo8lk8+qXlxey36weRI1oqG3lLEh3Ploq1TulHtyRa7W5bpfJWStvsly+8p3lLvzSXzUrO/q7tvpq3r7pqfD/wDaR/as+I/h3+0vC/ww/Zg13S/MeJbrSvi/f3VuZFbDrvj0YruBzkZyD1rnbX9vv9oK+8aX/huHw5+x9N4i0oTm90tPjncte2YgBabzIRpG9PLCsX3AbQDnGK9c/YH+Fvif4f6z8UdT1vw7rPhnTfF2vW2p6ZZ61Jpx1GELYW9s8RXTma1W3i8iOKHGJCkZL7iQzcR4G/Ze8a/Cv4FfFa/1PSNf+JF3rPiDxPqOl/DG5m0GHStUS61i4ubRvtTQrMgkjeORhNdsFDuDHkKgJ+6/Llv31stNPNvbt03CHvRT6uSXy97XX0W9t/kYg/bg/aPPhvR9Z/4RD9kf+yPENx9k0q+/4XddfZtTmzjyoJP7H2yvkEbUJOR0rc139pD9rTwvJcJqfwu/Zk057SzfUZ1uvi/qEJhtUOHnbdoo2xKSAXPyjPJrzLxT+z38Qdd+FkekXXwL8Y3+s/Ey81eT4ha+j+GI7/TLa8W0FxaaZbtqxhijuUgiiWQzSPGtqZHV5WUnob39lD4ueHv2s/Fnj/xB4K8J/E/Qta8Oz2S2sN/HHd+RHqdnNYWMcd3mAS28MTTLuPkvMsjNIhlyD7UU9LqV+tmot26XvLRN2v5acx0bWuq8tHJK/wD4DdtdNN9eXsvC37QH7Xnjjw9aatovwn/Zq1jSr+MS2t7Y/FzUbi3uUPRkkTRSrD3BrQ/4Wr+2h/0RX9nn/wAOpqf/AMpK7r/gn38L/Enwi+A95pniaz1KyubrxJq+q2q6rJavqktvdXstyst59kJtVuHaV2KwYjAKgKpBA9wqpK23l+Kvb5bCTvfybXrZ2v8APf8AVnyr/wALV/bQ/wCiK/s8/wDh1NT/APlJT2+Kf7Zn2dSPgx+z55u4hlPxS1PaF4wQf7F5P3sjHGByc8fU9FSM+Vf+Fq/tof8ARFf2ef8Aw6mp/wDyko/4Wr+2h/0RX9nn/wAOpqf/AMpK+qqKAPlX/hav7aH/AERX9nn/AMOpqf8A8pKV/ip+2cD8vwW/Z7IwOvxT1Mc45/5gnrX1TRQB8q/8LV/bQ/6Ir+zz/wCHU1P/AOUlVbn43/tiWep29lL8If2cIry8V3t4H+LOpLLOqY3lVOi5YLuXJHTcM9a+tK+ev2h/2bNS8U/tQ+HPHvhzQLC91O28G+ItCur69uysSPOlqbO3Zd4dYnkSUsYV7ZY52moqycYOSV7J/gm0vm9P6sXTipSUW7Xa/P8Ay/rqeTj9uH9o4+FJtd/4RH9kf+w7e+/syXUf+F33X2SK7zj7O0v9j7BLkgbCd3tWyn7Tn7V8njj/AIRlfhn+zAfEn2X7d/ZI+MN/9u+z5x53k/2Nv8vPG7GM968G+CX7FXxP+E2tabrl/wDDHxh4x0PTNIi0WTRdavNAGrSXP9iSafujWG4SzNjAFSGN5G+0lbqdnMqgNXp/7Mn7IPxH+FXxK8BaPrnhqa6n8N+JrPxLf+NlvLV7a4tY/CUekPZjMv2oy/alI2mLy/LUPvz8tb8q9rKnfRWs+9918vi66e7vqYuT9mp21d9PTb7/AIdbO+trXt6RefFP9stLuUQfBj9n2SAORG8nxR1NGZc8EqNFIBx2ycepqP8A4Wr+2h/0RX9nn/w6mp//ACkr6qorMs+L4/2vv2n5tV16xXwF+yo194Wi8/WrcfGi9Mujx43b7lf7GzCuATlwBgVb0z9p/wDat1rw3pmsWfw1/Zfu9I1qSOLTr6H4xX8ltfvIcRrFING2yFjwApOT0rhPiH+zd4++L/jPxhqUvwU1nwtbeHL0jwxplveaH9g8QWP/AAkFjqepNPKl80sl3qP2Tckc0UUMQJV33OzVna1+xV8cfGPj7wv4rstD8Paf4asPiWvi/TfCeq3qxXvhxZtUMtzdyeQ727yNbruCpIzR/aLhV3NI2Ch77pqWnNa/leSX/pLb1+HlalvcKvuxm468t7LvaLen/byUfO/u3tr6j4V/aZ/as8ZeItS0vTvhr+zHqN7oU62+rW1j8X7+5uNMduQssa6NlHwCQr7c4qze/Gf9sCDV7O1uPg7+zal9OJJbWGT4saiJpAgG9kU6Jk7Qy5I6bhnrTP2IP2e/Gfw3+MOkza74SuPDtv4O8NavoOoatLc2kieLrq71hLyK6iEMryFQiSyMZ1jYPeMACd+O9+OP7PDaz+1r4T+Itl4SPiEaf4S1/RtXZbuJZbhJltGtrNFmkVVErJMMrtTODIw4NS3akp9Wm/u5kvP3rJ23Sl1a1q37xw6XX42v5aXa3tp06eOx/tz/ALRc3hiXW08J/sito0F8NMlvx8cLo2sd2TgW7Sf2PtEuf4Cd3tXaD4r/ALZ7DI+C37PJB6H/AIWpqf8A8pK8DP7LnxQ8QWMPj5/gzrvhn4gOzaWfD4i8O3+iaXph0y4s7e0t4U1RVl8lXKNdySRvunJEDQZiT7w/Zn+Hup/CT9nLwD4V1u7F/rHhrw7p+l31yG3ieeC2jjkcHAyCyk5xzWvKve8uW3ndNva+1leze9ul3m38Pnf5Wdl9/S6W1/JeGf8AC1f20P8Aoiv7PP8A4dTU/wD5SUf8LV/bQ/6Ir+zz/wCHU1P/AOUlfVVFQUfKv/C1f20P+iK/s8/+HU1P/wCUlfKfxj+In7U0v/BYr4I3V58K/grD4wi+HvihNN06L4h6hJp9zam503z5Jbg6UHjkVhEFQROGDMSy7QG/Vavhv9rPQ7vxP/wWh+Cmm2F6+m32ofCHxvbW94n3rWR59LVZB7qSD+FRVk4wcoq7S27+RdOKlJRk7Lv2F0n9uL9obVdb8R2dj4R/ZBudR8LxPc6/BB8b7l59Ijj4eS6UaPuhVcHJkwBjmtTxH+13+1B4P061vNW8Afsq6XaXtlLqVt"
14:55:31.538 [Test worker] DEBUG org.apache.http.wire - http-outgoing-0 >> "PefGe9gjuLWJVeSdGbRgGiRXVmcfKAwJOCK8w8d/sy/GTxz8AtG+HWlfCSLRYPDHwz1nwjdC8TRGtLi7m0ie2DabepeG5/0q6+zswnhiXYGMhV+K5P4u/8E2vjV4y8PNp0fh5LmPwN4c1vwF4OZdUsyf7Jkt5Gs58SSgK0nm29sytznTgzAKyk6yjaTjF3st+9uZbPu+Syvezb6ER15XLS727fC9/Ry1ta6SW5778NP2tf2o/jRosmpeDvh9+yv4s06GUwyXWjfGa9v4UkABKF4tGZQ2CDjOea6P8A4Wr+2h/0RX9nn/w6mp//ACkr1T9nz9mD/hSvjTxV4p1LxRqni3xR4xisra/vLmytLGJILQSiCOOG2ijXI8+Ul33OdwG7aqqPVqTt0Er9f6/r+ux8rn4qftm+SpHwX/Z88zcdw/4WlqeAOMYP9i9evbsOueG/8LV/bQ/6Ir+zz/4dTU//AJSV9VUUhnyTrHxo/bB0oWz3/wAHf2bbYSXCQ27XHxY1FN8znaiIW0Tl2JwAOTnArN0b9pL9qnxL4k1rSNP+F/7Ll/q+j7F1eyt/jBfS3NjuX5RPGuilkyucbwMivXv2wf2fn+M2pfDHVrHR11XV/BXjXTNWjke4CDT7ZbhDdTKruELiJSMgGTazqvDsD4H8IP2I/Fmo/tG6zaeJfD89t8M9NsvFloqXSWkUmv8A9r6tb3qK9xb3Ty3UZ8qRj50NttV1jdZiXesnOXJKVtVz6d+WEZL/AMCbcfVaXasVJJNefL+MpJ/ckn8zXuv2p/2oLG68OQzfDj9lSKbxJ/yAY3+Md6rap8gP+ig6NmX5CD+7zwR2NeA/sJfHz9pH4WfC3426wPh9+z3a+Hrb4t+LLjW9Q8RfE+80q20+8bUW+0RBzpTo0CSHakrshcYJRCdtekf8Mb/EjRvhj4F8ON4FnvtQvPht4O8KC+hvbExeCL/S783N3LKWmDbdrRurWol3PaAcfITl/s2fD3XvEvh3xN4l0bw5ceNLf4f/ALTvjPXNR8O201vHcajCZr62SSH7RJHC0sEtxFOqySL/AKolTvCA9FWKjpF395r5c1r/AHa9vO2pEW7tNbRT9Xy3t9/u99Nuh6d4f/al/am17wPYeIdL+G/7LN74b1AxR2Op2nxjvpLG5MkgijWOVdGKNukKooU8sQBycVbsf2kP2tNTh0yS2+F37MlxHrbOmnNF8X9QcX7IrOwhI0X94QqOx25wFY9jVf4geHPiP8SvC1j4V074BP4J0nxP450rxVJe2+t6ax04WuuWl5cy6nCkuFnmht2kH2VrnczhWKtkln7NnwU+IOj+Jfgh4V1nwLq+iWHwW1DWbrUPEFzfWEmnawk1reWlt9kWK4e4JkF0shEsMewIwPzYBmPvR5tnfbySi3+LaW17aINm0+n/AAbf8He19zof+Fq/tof9EV/Z5/8ADqan/wDKSj/hav7aH/RFf2ef/Dqan/8AKSvqqikM+Wbz4p/tlpdyiD4M/s+yQByI3k+KOpozLnglRopAOO2Tj1NR/wDC1f20P+iK/s8/+HU1P/5SV9VUUAfFVz+2J+0wt34hs5vAv7J4n8LRebrsD/Gm836PGRndcqdGzCuO8mBSTftd/tLQy+Glk8A/smq/ijnw8G+M94Dq+VH/AB6f8Sb998rD/V54I9a5Dx/+zr4/+J/xZ1HxDL8D9d8O2HgjxBFc+HtIs7vQfsfiDTxr9lqOoTSyLfmWW9vWtVnSOaOKKPy9rPvkLU6L9nLx/d3Gg+Hb34Ia3D4Z8Sa5eeIPEGr6bd6FJqWnWbeIrjU7DRAJr+MwqhdZp5YBNt3GOHLnzIyj76g5aXevkrXv5Xvs9VytatpBW9zm5dbf187NJaaPmTuopyPL/wDgqV+0L+0T49/YD+Nej6r4C/Z1i0/SbSCHxI3h74o3eqanpLG5hKh7Y6VGPMO0DbI6cZPbFe/aj+2Z+0xo/jtfC934I/ZOtfEzlVXSJvjXeJfsWXcoEB0fzOV5HHI5r5w/bc/Z78Z/Df8AYN+Js2u+Erjw7b+DvAuoaDqGrS3NpIni66u/ElpeRXUQhleQqESWRjOsbB7xgATvx9xfHP8AZ6vPiz+0c2val4K0bxL4b8IeEbqXR7G9lgjh8Q63diWB45iQ7qIrWPyld0KAajIQGKkLN/dhLunfytzW8/eUU0rX95LzKsuace1red+X5aN6u9rJvyPJW/bf/aPXwQniY+EP2Rx4bkuvsKasfjdd/YWuM7fJE39j7DJnjbnOe1divxY/bPdQR8Fv2eCCMgj4q6nz/wCUSvnz4gfsZ/FHxn/beoReCfiDpOhaz4mu9Uit7O48Nf8ACVWPneHhpYhWNpP7L+wKP9HHH2gIqvnOZa/QD4AeHdU8H/AnwXpOt2ljYazpehWNpf21lI0ltbzx26JIkTOSzIGBALEkgDJPWtEtJN9OX8Vd/wDgL00vv065tv3bdeb5Wdl9611tt93gf/C1f20P+iK/s8/+HU1P/wCUlH/C1f20P+iK/s8/+HU1P/5SV9VUVJR8q/8AC1f20P8Aoiv7PP8A4dTU/wD5SUf8LV/bQ/6Ir+zz/wCHU1P/AOUlfVVFAHyr/wALV/bQ/wCiK/s8/wDh1NT/APlJR/wtX9tD/oiv7PP/AIdTU/8A5SV9VUUAfKv/AAtX9tD/AKIr+zz/AOHU1P8A+UlH/C1f20P+iK/s8/8Ah1NT/wDlJX1VRQB8q/8AC1f20P8Aoiv7PP8A4dTU/wD5SUf8LV/bQ/6Ir+zz/wCHU1P/AOUlfVVFAHyr/wALV/bQ/wCiK/s8/wDh1NT/APlJR/wtX9tD/oiv7PP/AIdTU/8A5SV9VUUAfKv/AAtX9tD/AKIr+zz/AOHU1P8A+UlH/C1f20P+iK/s8/8Ah1NT/wDlJX1VRQB8q/8AC1f20P8Aoiv7PP8A4dTU/wD5SUf8LV/bQ/6Ir+zz/wCHU1P/AOUlfVVFAHyr/wALV/bQ/wCiK/s8/wDh1NT/APlJXyl/wSd+In7U2m+FPj0PCnwr+CurRTfHPxnNqjan8Q7+ya11FtRJuYIgmlS+ZAj8JKxRnHJjTpX6r18X/wDBFX/kTP2kv+zivH3/AKdWoA6b/hav7aH/AERX9nn/AMOpqf8A8pKP+Fq/tof9EV/Z5/8ADqan/wDKSvqqigD5V/4Wr+2h/wBEV/Z5/wDDqan/APKSqup/G/8AbE0RIWvPhB+zhaLcTJbxGb4s6lGJZXOEjXOi8sx4AHJPSvrSvFf2wf2fn+M2pfDHVrHR11XV/BXjXTNWjke4CDT7ZbhDdTKruELiJSMgGTazqvDsCLWcIvZyin5JtJv5J39A+zJ9VGTXm0m0vm1b5nm2o/G/9sTSJLZbv4Qfs4WrXswt7cTfFnUkM8pBYImdF+ZsKxwOcKfSvmj/AIKbftEftB/Ej9iL4o6H4k8Ffs/Wuh6PNptt4ml8NfE671nVtEB1G1Kg2jaZCPMJAwkksfGTnivsT4wfs5yfEbxp8HPEtl4Z1n+0/A3jq4v5pNZ1Zbq506xkhv0lnQtcSLskeSHYqEyJE6JsjCtGvxB+2z+z34z+G/7D3jybXfCVx4dt/B3hSbQdQ1aW5tJE8XXV34rsbyK6iEMryFQiSyMZ1jYPeMACd+Cn7zSlprL8I8yfzfu+r62YVPdvy66RfzcnFr5Jc3pva6Z+stFFFAHy5/wRLnNz/wAEj/2d5GChn8C6axCIFUZhHQDAH0FfUdfmZ/wSR/4K4/s5fBr/AIJlfA3wp4n+KWi6P4h8P+DrCx1GxmtboyWs6RAOjbYiMg+hr6I/4fefsq/9Fk8P/wDgJef/ABmgD6ror5U/4fefsq/9Fk8P/wDgJef/ABmj/h95+yr/ANFk8P8A/gJef/GaAPquivlT/h95+yr/ANFk8P8A/gJef/GaP+H3n7Kv/RZPD/8A4CXn/wAZoA+q6K+VR/wW6/ZWYH/i8fh/gZP+iXnH/kGk/wCH3n7Kv/RZPD//AICXn/xmgD6ror5U/wCH3n7Kv/RZPD//AICXn/xmj/h95+yr/wBFk8P/APgJef8AxmgD6ror5U/4fefsq/8ARZPD/wD4CXn/AMZo/wCH3n7Kv/RZPD//AICXn/xmgD6ror5U/wCH3n7Kv/RZPD//AICXn/xmnt/wW0/ZYW3WU/GLQPLdiit9kvMEjBI/1P8AtD86APqiivlT/h95+yr/ANFk8P8A/gJef/GaP+H3n7Kv/RZPD/8A4CXn/wAZoA+q6K+VP+H3n7Kv/RZPD/8A4CXn/wAZpz/8Fuf2V4zg/GPw+OAf+PS86Hkf8saAPqmivlT/AIfefsq/9Fk8P/8AgJef/GaP+H3n7Kv/AEWTw/8A+Al5/wDGaAPquivlT/h95+yr/wBFk8P/APgJef8Axmj/AIfefsq/9Fk8P/8AgJef/GaAPquivli6/wCC2X7LNjdSQy/GHQEliYo6m0vMqwOCP9TUf/D7z9lX/osnh/8A8BLz/wCM0AfVdFfKn/D7z9lX/osnh/8A8BLz/wCM0f8AD7z9lX/osnh//wABLz/4zQB9V1w/w9+NUXj74s/EDwqthJayeArqytpLlpQy3n2m0juQQuBt2iTb1OcZrw+D/gtt+yxczJGnxi0BnkYKqi0vOSeg/wBTXiXir9vD9ljWvih408TaT+1p4o8Jf8J/FFHq+m6TZ2htZGitBaJJG9xpUtxG4jCnKzAblBx2pSbt7q1/Xz/pjjZvXY9z0D/gp1pev+BfGviWPwhqq6L4E1mEX8v2lWkm8OTSyRJ4hhQLl7bdDcOU+95dvI4JICnR0f8Ab01X4paloun/AA88CQ+Ib3xc2o3/AIem1TXf7L0/UNEsXt4ZNVklW3nkjimnuEW3RYpDKhWQlEPHzZ4D/aZ/YA+EV/53gr4jeGPBKXHhOfwdqMGhaW1nHrNrJ5eya6xaZmuYtj+XKTkefNuDbuNXxD+3h+yJNongBfDn7SN54N134b6OfD+la5plqJbuWwaOBJLe4jubGW3lVzbQOf3QKvEpUryC7JPe6/Hqr9vsxb8pzS2jZXb1Wm/y20/GS/7dg3vK/u3hH/gpfoepaT4nutf8N6n4abwr4c1HWrmCa5SeSW50y9mstSsY9gwzwzJb7WBIlW8hIC8ivofwdqt7r3hHS77UtPOkajeWcM91YmYTGylZAzxbwAG2MSu7AzjOBX51X/7UX7DGq+EvAulXXxvec+B/EEviQ3r+ebrxBdTXBu7kXzfZdskU9zsmkjjWNd0MYXai7K98/wCH3n7Kv/RZPD//AICXn/xmnpy67/h1d15O9tbv3b9WL7Wm2vrbRJPzVru2l5W6I+q6+Iv2oPE9n4L/AOC2PwM1fUZRBp+lfCbxre3UpXPlxR3GlO7evCgmuy/4fefsq/8ARZPD/wD4CXn/AMZr5K+Pv/BUr9m7x3/wVy+DniN/iToN/wCC7H4b+K9G1a6a1ufJSS6n07y4XUxbjvSOToMfKc1nV5+R+z+K2l9r9DSny8y59uvoff37PH7Qvjb4y3Wj3+sfDNvDfhPxVpH9taNqkWupfTRRN5bRw39v5Uf2aeSOQOqxPcJ8jhpFIAblfhp/wULsviPovj68TwxdWo8CeGrjxHIrXqv9sWHUNYsjEPkG0k6Qz7ueJwMfKSfljRv2uf2WtB0Gy022/bK+IcVr4dsY9O8MLFOsA8PQxzQSoB5enr9swLeOE/bfPzDvU5MkjNQm/aF/Y5s/Cw0vRf2pfEXh5dR0Gbw34iuLO3hebxPaTXV1dSeeZdOdYpTNe3hD2wh2i4cADCbLxC5k1Q03tffVPlb6XTte2na+oqDS1rau8dttHHmS66rmtfrvbQ/Sn4d+L1+IPw/0PXkga2TW9Pt9QWFm3GISxrIFJ4zjdjOO1bNfJOgf8Fn/ANkvwvoVlptj8X/D0Flp0EdrbxC1vCI40UKq/wCp7AAVb/4fefsq/wDRZPD/AP4CXn/xmtKzg6knTVo3dvToY0edU4qp8Vlf16n1XRXysf8Agtt+ywsIf/hcegbGJUH7JeckYz/yx9x+dN/4fefsq/8ARZPD/wD4CXn/AMZrM0PSP2rv2otW/Zl06PVo/BU2v+HbOFbjVtQOqR2ZhD3EUEdtaxlWa6vJGkykP7tW24Em5lU+WfEH/gqrZ/DrStR1O98GSpo95Le2/ha7k1dE/tySz1i20i4E6+WTar9ouo3Q/vd0QZiEYbD5T8ff2/f2Ufj58WvCHi+T9qPWPDdz4JEj6dp+mWFtcaf9ocjN00V7plx/pATMayqVZEdwu0uxPOW37V37IGk+I7rU9L/al8SaPNBJfTaAlkojXww19qEWo3gt/wDQCZUmnhQMl0Zl8stGAFJqY392/wDev6dPn26fzXKla+n93/g/8H8D6CH/AAU+sH8W/D3RE0/wS1140tPttzdf8Jmg0/T0a+NlHHHP9m/fTNIsi+WyxYkTyydxArz79ir4/XPwh8F/EvTtJ0JPEnizxt+0N400TQtNa6Gn20sq3dzcySXE4jcxRRwW8rs6xyOSAAjM1eczftRfse3HhdNDk/al8SyaHqF1Je+JNPYA2/imeTUH1CSWdPsGIHeaRgxtPIzHhP4UK+ffsrft5/szeKfAXxGh8QfGv/hB/EFj8cfFXjHwvrOm27m8tEuLudYp0WW2mheOa3nlRkljYFJDwGAIp25F3vr6X/RaJ6N7uzJV+aXa2nrbd+r1a1S2TZ+ievftN658O/glD4m8YeBZ9B1keJtO8NT6XFqiXUDteanb2CXUFwEUyQf6Qsq74o3IUqyIap/Df9tG1+Img/By+TQLi1Hxeu720hRroN/ZhtrS7uSzHaN+4WpXjGN4Pbn49n/a1/ZM1XUNKl1b9rfxtrkEGq2+t6vZ6hOZbTxBd217HfW7yRfYQlsI5oowFsxbgogVtw5rT+E37aH7H/wn8e6Bqkf7Seoaxovgye/uPDHh6+th9g0B7zzFlMbxWKXEu1JZY4xNLJsSRhycEOPw2lvf5WSj+bu1+NthbSfbp87/AJaf8E/R2ivlT/h95+yr/wBFk8P/APgJef8Axmj/AIfefsq/9Fk8P/8AgJef/GaQz6ror5Yuv+C2X7LNjdSQy/GHQEliYo6m0vMqwOCP9TUf/D7z9lX/AKLJ4f8A/AS8/wDjNAF/4kf8FCtV+FfxP/4RXVvhvcw6nrjNH4Wg/tuJp9Rb+1LbTInvUEZFjDNLdLLG+6YtFHKSqunlFdS/4KE6ppvg/Tdff4b3S6TBq48P+IJX1uIPZ6l/azaU1pYpsJvpBMhkwfJzEyEZdvLHy7H+0r+yINZ8YahN+1n4rvr3xhrMHiF57qxsXm06+trqO5s5IZhpImMdsYxHFBLJJCI2dSh3E0um/tL/ALIej+O/CXiK0/ax8VQX/hGS8u4omsrG5try+vbuW6vb9459JkEdzM0zxmSDytkR2R+WGbcUNoe03vr6f1dNr+60viiFb7Xs/l+O34Wv/eT+yzb/AOChH7dFp+1D/wAE9v2jtJ0+w0Gxt/DVpJDb/wDE8S61C8S31lLQzvZmFfLiZomIYO45UHDcD6r+N37XPiX4M/F7TdB/4VtPrWk63dnTdKmtddgXVtauhZSXbG2sWXabaPYI5JpZ4ijtnYUG8/nN/wAFIP2w/wBmrX/2Qvitd6R+0JrPxG8XX3h+TRfDun6uGk/s22uNTtbueCKRbSOSXLQRANcSSMEgRQfvFvsK9/4K4fsjX/xY07xhJ8aNEOpaZpVzpECf2fKUEU8sEsjbzbeaDm3jGFkCEfeViFKpK8YX3+1+P4tWWmib6pattKU7bdPw/J333S6NnVy/t8eMoPCPjG4f4Z+H49R+H988HiG5k8bonh7S4ksVvH36gbUObhdywtCLchZCN0gX566Hwx+2prmtfFjwDo9/8ObzQtD+IyqNKmvdWj/tpSNNF/LNLpyxny7WIkWzytMHWcqpi2urnxD/AIeR/sbn4S/8IafjXpB0xtb/ALedzpQ3yz/2n/aRDJ9i8ogzcFvL37ed/mfvK6P/AIe3/sjH4t/8JkfjRoh1MaR/YyodPl2LD53nEh/s3m5LAZHmbPlB25GaqLXNeW35Wjr/AOBSt6a7kte7Zb6/O7VvuV/XbTc9L+Jf7YvjD4ffGn/hEYvhVNrD6ul+PDsdt4itxqWqm1gSRrmW2KbLax"
14:55:31.543 [Test worker] DEBUG org.apache.http.wire - http-outgoing-0 >> "Z3EQuGmZg5QGEb1z2/7L/x+uf2g/COt3l7o1no994e1y60G6/s/Uv7T067lt9m+S1ujFEZowzGNiYkKyxSoRlMn58tv+Ctv7I1r8VdS8Xj40aIdT1PSbbRpFOny7Y4YJZ5VKv9l83Ja4bIaQp8qkKp3FnfCb/grl+yP8HPhnofhXTPjPocmn6BZR2MDyafNE7qi4DMsNtHECep2Iq5PAFKGi97tb533+5arbXS1hz1fu7Xv8rbffs99PPT7Mor5U/4fefsq/8ARZPD/wD4CXn/AMZo/wCH3n7Kv/RZPD//AICXn/xmgD6ror5U/wCH3n7Kv/RZPD//AICXn/xmj/h95+yr/wBFk8P/APgJef8AxmgD6ror5U/4fefsq/8ARZPD/wD4CXn/AMZo/wCH3n7Kv/RZPD//AICXn/xmgD6ror5U/wCH3n7Kv/RZPD//AICXn/xmj/h95+yr/wBFk8P/APgJef8AxmgD6ror5U/4fefsq/8ARZPD/wD4CXn/AMZo/wCH3n7Kv/RZPD//AICXn/xmgD6ror5U/wCH3n7Kv/RZPD//AICXn/xmj/h95+yr/wBFk8P/APgJef8AxmgD6ror5U/4fefsq/8ARZPD/wD4CXn/AMZo/wCH3n7Kv/RZPD//AICXn/xmgD6rr4w/4Irtu8GftI9OP2ivHw4GP+Yq1dJ/w+8/ZV/6LJ4f/wDAS8/+M18p/wDBJ3/grF+zx8IvCnx5i8R/FDRtKk8QfHPxpr2nrLbXJ+1WN1qJkgnG2I/K6cgHB9QKAP1Xor5U/wCH3n7Kv/RZPD//AICXn/xmj/h95+yr/wBFk8P/APgJef8AxmgD6ror5U/4fefsq/8ARZPD/wD4CXn/AMZo/wCH3n7Kv/RZPD//AICXn/xmgD6rr5W/4LZTGD/gmD8UWG0kRad95Qw/5Cdp2PFN/wCH3n7Kv/RZPD//AICXn/xmvnj/AIKt/wDBV/8AZ5+PP7Avj3wh4Q+J+ja54k1z+z4LCwgtrkSXLjUbVtoLRAdFJ5PagD9MqKKKAPln/giJ/wAoif2dP+xD0z/0StfU1fmb/wAElPiD+1bpn/BM34HW/g34XfAzWPCkPg+wTSb7V/iFqNhfXdsIh5bzQR6TMkUhGCUWVwDwGPWvoj/hZ/7aX/RHP2c//Do6r/8AKSgD5q+Kf7V/j7w/Z+I7jw7471G88U3UuuQeONNn1opb+CLaHxVYWNrPt2yf2YqaZNdMJVj+dEaciQx7qt65+1L8VvGvwy0Dwr8JP+E08beIPA+p6x4o1C90TxFaapb6tZWN08Vha/bbyS3e40+6l86PJM0+LKRd023efXNR/a8/aX0S68QLd+Cv2RrSbw4Iv7cE3xmvY20vzMCP7TnR8xbsgLvxnPFS+H/2tP2ndd8NWGpaV4H/AGSrzR768TTLK7tPjJfSW1xck7Vt43XRirSE8BFO72qaScYqKd2l+N7xfonsr63avqrVNpttrrf5W95fNddLWTtpr5/f/wDBYrxH4k0Dxl4h8F6h8M/EdjYwaxcaToKWdz/a+nWltog1K11O/IuubZ5SluyrFH80ybZd2Urd139oa3k/bHufDMnx6MXi3wzZ3N543Sx1BLazsbc6PI0enaVoTyXElxdI5S+aXZM6CMo0jBxCOx8G3X7XPw+l1l9H+B/7OVm3iDUpNX1Aj4raw/2i6kVFeT5tFOMiNBhcDjpTJP2ov2q4vHbeFm+H/wCyqviZLX7a2kH4w6gL9YP+exg/sbzPL/2sY96p2tG38qT9eXV33te7eza7RvElXvL1f3OWnztZLs9ruzOo/wCCanxPufHI+KGmr4rPjXw/ofiKAaBq0PiB/EVs9nNYW7hBqEiq8kxk8yWWIriBpxGhKBa8i+Hes61pPw/+MvxQ+IfjPXPB/gvQ9f8AFtp/wl0XxI1a6uNOt7fV7q1jjj0OS3NhEUiTyomSR3DCNlTe3y9z8P8A9ov9q/4j+Hf7S8L/AA2/Za13S/MeJbrSvi5qF1bmRWw6749GK7gc5Gcg9a521/b0/aEvvGl/4bh0L9jibxFpQnN7pafHC7a9sxAC03mQjSN6eWFYvuA2gHOMUVNXdb8ttfRe89u2vTUIaRUX/On/AOle716vrfbvqvJvFH7Vujj4EaEsP7QJ0nX/ABtqmr/8IBp8nxJtXh8Oxf6L5VxrWqecwuTZgmRrV5Zg5vRDtm2K6994o/av8U6x+1z400zx3rfxC+GPgL/hErqGyuIrI2dnbRW+qWcA1Q3SpKE+1eZIDOoxbwSxkFHV3rpR+2z+0ifDej6z/wAIv+yD/ZHiG4+yaVff8LrvPs2pzZx5UEn9j7ZXyCNqEnI6Vua/+0R+1t4Za5j1T4afsu6ebWyfULhbr4uajF5Nqhw87htFGIlJALn5Rnk0bSTey5lr5wcde7SfM27366ctjdWW7s9P8alp5NrlXbpvLm9C/wCCa/xE1f4j/s1PNrWqDXLnTPEWr6bDqEOptq1pc20V7KIBbX7hZL2FIikQuJFV5DExYZzXv1fInhL46/teeMvDVlqmhfCz9mLVdHvYhJaXdh8WNSntp4+zRumilWX3BxWj/wALP/bS/wCiOfs5/wDh0dV/+UlVPf7vvS1fz3Jj1a6tv73e3y2PqqivlX/hZ/7aX/RHP2c//Do6r/8AKSnt8Tf2zvs6kfB79nbzdxDKfifqu0Lxgg/2LyfvZGOMDk54ko+p6K+Vf+Fn/tpf9Ec/Zz/8Ojqv/wApKP8AhZ/7aX/RHP2c/wDw6Oq//KSgD6qor5V/4Wf+2l/0Rz9nP/w6Oq//ACkpX+J37aIPy/B39nUjA6/FDVRzjn/mCetAH1TXwx+1P+0cumftqXvhfwF8VJT8SNAtG1K88O33iGC30+GD+zJmt9Jt9NLA315dTmKfeEZ4UAJkQGOKTvf+Fn/tpf8ARHP2c/8Aw6Oq/wDyko/4Wf8Atpf9Ec/Zz/8ADo6r/wDKSs6kHLZ2/r+vXZ6Np3CSjur/ANf16PVao+UviZ+2T8QPC/7MnxEg+GPivx5450RvBthrV544sZTrkvhfU/7NubjULcS5PkySOlmfL4S1E8xUIRGh928C/tCa34j/AG19Mtm8V67B4ivfGi6VJ4LurwxiDww3hkXi3b2BPyn7cQTdbd3mEw78fJXaQ/Ef9s+3UhPgz+zigJLEL8UNVGSeSf8AkCUf8LH/AGz/AD/M/wCFM/s4+Zt27/8AhaGq7sdcZ/sTpXQ5p1XUto+nRarbysuX/C31dzDkfs1Tvqk1fq7rd+f2v8ST6WPq2ivlm7+Jn7ZqXcog+D/7O8kAciN5PidqqMy54JUaKQDjtk49TUf/AAs/9tL/AKI5+zn/AOHR1X/5SVmaHhF5+1pB4V1XxTqPjL4x+I/D1rHaeKZfiBBa6oJJvCYtPEFra6VDbwHP2GW4tpHgjKBGmEnmgs6iQZOj/tR2F8fh3okH7QsEPjbxNqR1Hw/p7/EWzudN8L6P/axYjUbsTFdWu2gH2RYGecmTdtOEe5H0UnxH/bPjld1+DP7OIeTG5h8UNVy2OmT/AGJT/wDhZ/7aX/RHP2c//Do6r/8AKSij7nLfW3+bfn5Lq0rpNXbCr76klpdt/hb+lom7XTSs+Z/YB+Nmt/ED48x2lz4x1PxJqGoeHtWv/HGk3Gofao/Curw6usFrbLDk/Yswm5jEQCiRbVXIZtztX+Pn7ROgWf7fkXhTS/jf/wAI34h0PZqHiO11LxJbWmmaHph0+UrZQ6dIwF5dzOVujIY2aGNMmRVKRSddafEb9stLrLfBv9nOJZXBleP4naoWI4Gcf2KMnHqe3Wqll8bP2xNS1G8s7f4U/s0z3enMiXcEfxX1NpLVnUOokUaLlSVIYZxkEGps+WEf5b/O7bXyV7W/lVr2uirrmm/5vw0Sfz0ve2jd9z5Z8XftseKpv2QPijrfwd8deMvGHhe/06S4s9eg1aPxHrfhmK0sZZJdQuVV3fTzqMwj8qBwot4oppAkTkQj6Nf49STft/8Aw8tdF8b61e/8JBdSWXiTwpeapIl9o6NohuoI/wCyGiREtQ6pM+oB3k86UQZKEhLEf7Tn7V00xjX4e/srtINSOjFR8YNQJF8F3G1x/Y3+v28+X97HOKzPHH7Yv7Svwx02/wBV8SeDv2RPD1npd0mm3t5qfxnvbSO0nZVkSCR5NHASQqysEYgkMCBg1pzLm5+n/AS9NbrZJa6aNpw4trl66/i73+VnvfbXVXPtmivj7R/2jf2tfEQc6f8ADf8AZdvhHaRag5t/i7qMu22lDGKc7dFOI3CPtfo2xsE4NX9I+Mv7ZGv6VbX1j8Jv2a72xvYkuLe4t/irqkkU8bgMrow0UhlIIIIOCDU+Q/M+sq+GP2ur/VNK/wCCzXwXutDtkvNbtvg/44l0+3f7s9ws2lmJD7Fwo/Gu9/4Wf+2l/wBEc/Zz/wDDo6r/APKSvk/42/Ej9qO3/wCCwPwVv9S+GnwMtPFdr8O/FP2CzX4hag2mzWf2jTTcSzXLaUrxOhEe1REysGclk2gHOtHmpyje109e3mXTlyzTtfXbv5Huv7L37V3wp+HmmeFPFOs/HnxPrWval4Zjn8b2OoaxPqun6XfSz2kLTX0HzpojR3UzQiNRbRAGXepEJZOF+G37bt74O+HvxC1Lxl8Szp8XiP4d3+peB59S1ZYxq9yut+IUR9PLMPPl+ztpQURbmKNbYBBWu78EftpftD/E3SL698N+FP2OvENhHcQ2l5cab8aru7hWaZhHFHI0ejkb5GKoqnliQBmtqL9oz9qnU/EU2jp8Nv2U7jVtKLvLYr8XdQe4s/LWNnLR/wBi7k2rNESSBgSpnhhnTEJVU0/dT5ttLJp7drXTXl8rTQl7P+87x33bi4vX15Wn6/f9TfBz+0v+FReFf7ZNw2sf2PafbjcEmUz+Snmb887t2c++a6Svknw98cP2w/Fuh2up6V8Kv2Z9T02+iWa2u7T4sanNBcRsMh0ddFKspHQg4q5/ws/9tL/ojn7Of/h0dV/+Ula1589SU2rXbduxlRhyU4wveySv3Pqqivlc/E39s/yVI+D37O3mbjuH/C0NVwBxjB/sXr17dh1zw3/hZ/7aX/RHP2c//Do6r/8AKSsjQxf+Clfx10fwH8SfBfheD4ty+BfH3iC3Z9Bs5/EkOiaVp6rcxebqt8XZftSIoMUdo3mCZpGAj4aWLxbx/wDtW2eufGrxdH4L+Ot7c+GdH1yHRPHVxc+LYRcxLNr1lFcS2For7tOtNPtjPaveIsQYzh9ztH5w9q8UftKftZeCNR0u01r4c/staRd65cfZNNgvfi9qNvJqE3/PKFX0YGR/9lcn2qrpn7U/7UviXxdqPhuz8A/so6hr2mIzX+lQ/GK/lu7RBgMZYRoxdB8wB3AfeHrUw0cW9eVyfk9U7Pytv11WqSSHN3Ttpe3y31Xnfbpo9G22eLW/7UPih35+JWub9IaMfC9f7X/5H4HxXe2R3jP/ABMx9gisUy2/Edx5/wB5xIOcj+Jd18OPhRrITxHY+GtM1r9qrxrY6pNf+OrrwTZXEHl6tMsU2p2yPLCvnRRMAFO90RTwc19Baz+1r+0x4cbQP7Q8D/sj2J18K2ifaPjLexf2kG2hTbbtGHmZ3qBszncPWvnz9ib9p/8AaC+BPw5+Lmp3nhX9mnRdGuvjL4qjvL3xV8VbzRYo9Te/kae2hZtLZZI1ZX2OSruqljGnIDmv3ai3s9++qevn0f4JbCX8Scv5k7LteNtPJbr8+pJ4X/ay+M2q+G9INt4h1rUPBtj4Ra58a67pupm+vrDS4fEeoWst/pDGPF8fssabb1lWR7aAzBDMyoPVP2ZP2ivGHif9paxg8V+J9Rj+DN1441zSvBWr2WtvdDxDqMcpNpaX85+ZbY25f7NGHZZ5Im8xiTEjdzbftSftVXmlG+i8AfsqS2S6cNYNwnxh1BohZHOLrcNGx5Pyt+8zt+U88UWn7Uf7VWoWNncweAP2VZ7bUbz+zrSWP4w6gyXV1gnyI2GjYaXCk7BluDxxWlN8stVf4v8Ayad//JdodpXevwk1Pfi7aXafyULW+e8u8bLT4j7Jor5V/wCFn/tpf9Ec/Zz/APDo6r/8pKP+Fn/tpf8ARHP2c/8Aw6Oq/wDykqCj6qor5ZvPiZ+2al3KIPg/+zvJAHIjeT4naqjsueCVGikA47ZOPU1H/wALP/bS/wCiOfs5/wDh0dV/+UlAHiOlftZ/EDQfiJqA8Lan4n8d+OdX/wCEos/E/hy2c6onguSDXYLTS7o2AbNukdm8zrGoT7WEDEsf3g5TwB+1j4x1z4QfDq/1Xx54y03xVD4O0C78J2ep3f2K58b6vLrc1rfiaDgX2YEtVKbSI0ujIqoSrr75on7R/wC1br3irWNJ074b/sr3mt6Ls/tWytvi7qEl1YbhlPPjXRi0eR03gZHSqOu/tcftNaDLoR1LwT+yRZP4hw+im6+Mt9GdT3bQDb7tGHm53qBsznePWij7qgnra3z+KyX36Xvt1srFX3ue2l/w1T1+Ss9tH0u7/LX7X3xs1v4gfsS/GC0ufGOp+JNQ1DwTf3/jjSbjUPtUfhXV4fElrBa2yw5P2LMJuYxEAokW1VyGbc7fZv7QmjXGr/tk40/x78RPCel+EfCdx4v8VS6ZqtzcW8cbJLa2MMNhiSFstDd3DAQuWa0jXafMYH5Z/wCCpXx//aL8efsCfGvSNV8D/s4R6fpNpbweJG8PfE+91TU9JY3MO0PbHSox5hwBtkdOMntivpPUP2iv2ttJi1V7r4a/svWyaEqvqTS/FzUUGnqy71MxOi/uwV5G7GRzU29yC/lT+d+ZrztG6trtFK9ir+/N92vlblv5Xdn03d7XR8yfEH9qLxXD4Q1jQPD3xVtZtAh8XXb6R4ju/iNPFos9mPDwnghfxCIjMbsXRF0bPy9m4tBu8lc1+ln7P3iu68d/AbwVrd81+97rGg2N7cNfWgtLppJLdHYywqSI3yTuQEhTkA8V86a18XP2vvD2k+bqPwi/ZksbESxrvufipqcUQkeQKgy2iAbmkZQO5Zhjk1Hb/tDftcXem6beRfDP9l+Sz1iRYtPnT4uakY752BZVib+xcOSFYgLnIU+laJ2Ul35fwVvvlu9tlvpbNr4X2Uvxd/w879fO/wBfUV8q/wDCz/20v+iOfs5/+HR1X/5SVUuPjZ+2JaaxbadL8Kf2aY9QvY5Jbe2f4r6mJp0j2iRkT+xcsF3pkgcb1z1FSUfWtFfKv/Cz/wBtL/ojn7Of/h0dV/8AlJR/ws/9tL/ojn7Of/h0dV/+UlAH1VRXyD4X/aG/a48bwSS6L8M/2X9Xih2CR7L4ualcLHvQOuSminGUZWHqGB6GtT/hZ/7aX/RHP2c//Do6r/8AKSgD6qor4n8c/tnftLfDC9+z+JfCX7Ivh643bfK1P403to+dobGJNHBztZT9CD3rWb9pD9rNYZZD8OP2XBHBHbyyMfi9qOI0uDtgYn+xuBIeEP8AEemaN9UB9hUV8caX+07+1brnjbUPDVl8Pf2V7vxHpMazX2lQfGDUJL2yRsbWlhGjb0U5GCwAORWnL8af2xoNXg09/hP+zUl/cxSTw2zfFbVBNLGhQO6p/YuSqmRASBgF1z1FAeR9aUV8q/8ACz/20v8Aojn7Of8A4dHVf/lJR/ws/wDbS/6I5+zn/wCHR1X/AOUlAH1VRXyr/wALP/bS/wCiOfs5/wDh0dV/+UlH/Cz/ANtL/ojn7Of/AIdHVf8A5SUAfVVFfKv/AAs/9tL/AKI5+zn/AOHR1X/5SUf8LP8A20v+iOfs5/8Ah0dV/wDlJQB9VV8X/wDBFX/kTP2kv+zivH3/AKdWrpv+Fn/tpf8ARHP2c/8Aw6Oq/wDykr5S/wCCTvj/APan0/wp8eh4T+GHwQ1WKX45+M5dUbVPiDqNk1tqLaiTcwQhNKl8yBH4SVijOOTGh4oA/VeivlX/AIWf+2l/0Rz9nP8A8Ojqv/yko/4Wf+2l/wBEc/Zz/wDDo6r/APKSgD6qr4b/AOCmP7QHiz4W/tBaFZ2+vXGg+HdP8Ltrlhb2viRtGvfEeprqEUT2dovkype3IiKBLaUNE32g7o2LK8fdf8LP/bS/6I5+zn/4dHVf/lJTJfiP+2fMUL/Bn9nFjG25S3xQ1U7T0yP+JJ15P50R0qRn2d7d9G"
14:55:31.560 [Test worker] DEBUG org.apache.http.wire - http-outgoing-0 >> "vwbuvNIHrCUe/+af4pWfk2ef8A7VH7Rut6b8ZZVg+JVvHqWnafpk3gew0K++yWfijU5PENxaX1k8HmyfbZIYI7WCWMlhE0skgSJiuz5x/a6+Nmt/ED9jb4n2lz4x1PxJqGoeGJb/xxpNxqH2qPwrq8PiuygtbZYcn7FmE3MYiAUSLaq5DNudvs5/iP+2fLIjN8Gf2cWaM5Qn4oaqSpxjj/AIknHFfPP/BVXxt+1FqP7BXj6Hxz8L/gfoPhO5bTv7W1DQ/H2oajqEEf9o2uGit5NKgSVshRhpU478Yop+7y36c3z5k0vuun6xVrWCfvc3ny/Lltf77fi73ufpnRRRQB8s/8ERP+URP7On/Yh6Z/6JWvqavzM/4JJ/8ABNjRvip/wTM+BviO4+Ln7Rujz634PsLySx0X4napp2nWpeIEpBbxSCOGMdkQAAcAV9Ef8OmdA/6Ld+1X/wCHf1n/AOO0AcX8Ov2e/iR4G8YapdwfDkXGpeDtG8cGC9vLrTza+OLzVNWi1DTY0/fF8Yi/eG5WIRuQASMtWd8af+Ca/jzx98PvAfw68KaloXhjR/Amg3Ovy+IdT03+0G1fxfcscXqRQ3UDxXEL/aJ/OcPHuu0Co2whfGPF/hvwt4I0XxFrN945/a2Tw/a2esXmgX4+Oeq/8TZNK1GLTrx7hSw+xxLLMsgfMv7hZHYKV2FL3TPAem/Afwd43b4mftXahB4k12+027GlfHLVbyzstOsJ5Ir/AFqK5DKLixiCK4cIhdZU4UnFTTjeEVB9F+c0n5WlK72V4xclZFTbUnJrq/m7Jtefuppbu0pJO7Vuq8OaZ+0X+0Ho3xLvNG074neF/Gq3WuWGoM/jqJtItHk0KNYNMsIReFYbiLUpY5FuViRQsch88htleraz+z34iv8A9oyfT3+COu33gTwmtzqGl6he65pl4vjrVpdHksnn1S8uL2W/WDyJGtFQ28pYkO58tFWuF8S/B/4C+DtZ8S2Op/tK/ta2T+EVvf7Tnk+IfikWkb2dsLq5ijuNvkzzR2580xRO8hQFgpANYmq/s+WNj8S9B02HxP8Atl3Gg+LZbm08P3Evxl1mx1jV54NOe/Z1025aJ4rbEZg86aSMiZkDRhGWQttOMWv5IrTZq2j+eritbvX3pK4lpKX+KXXz1T9FZN9FponY+o/2B/hb4n+H+s/FHU9b8O6z4Z03xdr1tqemWetSacdRhC2FvbPEV05mtVt4vIjihxiQpGS+4kM3EeBv2XvGvwr+BXxWv9T0jX/iRd6z4g8T6jpfwxuZtBh0rVEutYuLm0b7U0KzIJI3jkYTXbBQ7gx5CoPO/wBkn9j/AMP/ALTek+LfM+LH7Tmlal4N1ttA1FLD466rq1kbhYIJ2WO5RkDPH5wilXaNksci5YDcfMfht8NbD4s+PfG+i+H/AIk/HDWr3wfqGsaaugWP7T2pyeLLuSwu5LQO+mNGohikkRW3tPhI5Fb5jhS5+9Ky35NLa+7aOq3u7WtvuTGygr7Ka30973lbpZay7bdj0bxT+z38Qdd+FkekXXwL8Y3+s/Ey81eT4ha+j+GI7/TLa8W0FxaaZbtqxhijuUgiiWQzSPGtqZHV5WUnob39lD4ueHv2s/Fnj/xB4K8J/E/Qta8Oz2S2sN/HHd+RHqdnNYWMcd3mAS28MTTLuPkvMsjNIhlyPGfEHwwXw78KPEfih/Ef7VFzb+A77UrPxRcQftCaodNhayMAaOxuCA15cStP5ccRihBlhmjd0ZQG6rX/AICeGpfjb4m8CeFvH/7X/ijVPDXh86vJcD416lZWkl0J7eKSzMks2FMK3Mck0nIjXKhXkVkBFpShKPSMrf4XTf3JQu4vT75O7km4tS7q/wDiVSP4uVk12t2TX1x/wT7+F/iT4RfAe80zxNZ6lZXN14k1fVbVdVktX1SW3ur2W5WW8+yE2q3DtK7FYMRgFQFUgge4V8Gfsn/sS+FP2qfgpZeMrH4y/tR20FzeXtifsvxs1e+tJ3tbqW2aW2uFdRNbu0RaOTau5GUlV6V6R/w6Z0D/AKLd+1X/AOHf1n/47VTumk1skvuViY2d2urb+bbb/E+q6K+VP+HTOgf9Fu/ar/8ADv6z/wDHae3/AASg0FrdY/8Ahdv7VGFYsCPi7rG45wOT5uSOOB2yfU1JR9UUV8qf8OmdA/6Ld+1X/wCHf1n/AOO0f8OmdA/6Ld+1X/4d/Wf/AI7QB9V0V8qf8OmdA/6Ld+1X/wCHf1n/AOO0r/8ABJzQZDn/AIXd+1SOAOPi9rA6DH/PWgD6qor5U/4dM6B/0W79qv8A8O/rP/x2vnr4q/Bjwj8I/ijrVhqPxL/a0PgzwvqcOg6z4hX416v5lpqMunf2hHGtrvy8XkmJWk3giSZAEYBnWZTUd/66fm0vVpbsqMXLb+v6/I/TCivyi8U6R4V+GnwX8WeIfFXjX9rzTfEmg6RZa7p3hyz+OOq3k+s2l5bXFzAyyblEbpHaXRnBVliFu5DSDaW7Xw18AvCfiv8AbE1H4UW/xf8A2j4DpTx2015efH3V4Ly5uGsI74x29pg+dtjlTOJQwAkbbhDWjg1N03uv03+7r223M+ePKp9Gr/Lv/l3P0oor5Yu/+CUWhXl1JKfjZ+1OhlcuVj+LmsIq5OcBRLgD2FR/8OmdA/6Ld+1X/wCHf1n/AOO1JR9V0V+a3j/4F+F/A3jH4jaIfHn7ZrXXgaLREsmufjDqtqniK51a+msLZIMylkhFxEFMzgAgsyqygF+e1H4TQ6Low1C88R/tZQ2ei69H4a8Syj4+aofsuoSagtklvp6/ev3O9JsMID5UiYzITGCHvtRj1/4H+a+9d1cn7qbl00/C/wCV38n2Z+pVfNFrc/EP4LftL/GjVNM+EvizxdYeMn0++0TUtP1PRobKSS30uOExTC4vorhCZo9uRCwwQc4r58/Zu/Zv8P8Axy+I9vpr/Eb9q/RrDWtOu9e8MX0vxr1a6Gs2NperaTSTRbh5Db5IXVMyBo5lJZWDIsnxZ/ZLg+Enxp0bw9deMf2ubvQde1FdGsNRh+OOp/btSvDZS3Z+zWXmZkt0WIpJK0qFXP3CgL1EtYp30lt99vvurd76FR0k7r4d/uv+X4Gv8KP+CdPxN8BeDvGnhjxTcaP4qtPiT4a/4SG51LQrYaTcaD40tZvtEV4Gmu5jLcTSzKwuI1SNf7OjDIoYZ7fwh+zZ4o/Z4v8A4MeMj4F1f4h3+i+HtUj8WWFreae+rx+INTNnPc6qGuJobeVy8NzC5SUFEmURgxggfNy/Dl/+E0vPBJ1v9qtviLahbptHj/aE1SS1htfsLXsiy3YGEvI0EaNbhGAe5gPmmN/NGh8DvC/w5/aJ+PGmeE/DHxf/AGn7jTNRjhUXlx8etQt9Qjmk0yPUhixaUM8YhlRCUkMu/cRCYkeUaxu5uMN1Z+ifN+DUuW/9yGvNG5EvhUp7a/N+7+Ol0tPinpaTPS4P2F/if4e+HulDw7osOhXPxHuNb8NeLNLg1C3T/hEfDup6tLfwlHV9kktlDJcxKkBcCS/bZlE3V96aLo1r4c0a00+xgjtbKwhS3t4I12pDGihVVR2AAAH0r5e/4dM6B/0W79qv/wAO/rP/AMdo/wCHTOgf9Fu/ar/8O/rP/wAdpJ2jyLb9O3nZtvW7vJ6g9Zc73d383u/uSVlpaKVtD6rr4U/bE0e48Q/8FkPg3YWcfm3d98HfHNvBHuC73eXS1UZJAGSRyTivQP8Ah0zoH/Rbv2q//Dv6z/8AHa+Qv2k/2A9F+Hn/AAVd+Eul/wDC0/2ib22k+GPi3WZL2b4m6m2qQm1l04iGC6Mhkiifed6KdrFUJB2iubFqDoTVV2jZ3flbU6MM5qtB01eV1b1vodF4L/YJ+OPiP4c6Vpsul/EHQtStvDfg3Q7jUvEV14WN7pM2m67YXUjaYNNYwyQQwJdyk3qvMzRwBd+XU9F4k/4JsfFjxinh3wbCo0LT/AGk+JbKTxH9ptZbP4mNc3mkXlqNVjDm6xefZ5kvsKpdoZcN5cqq3jPwy+JHw68W/Di+8S6r8Xfj1Dp+m2fh3U7270H9pXUtZsdHttX1CKyC30+2L7LcweYZXhZSCsbYcV02t6h8NfClt4S1PVvid+1vZ6B8TLO+vPAkv/C7dUN/4s8mfT7e1jitjIoje8kvt0avICkce+Xy8sI+ybm5+fNPz96Sd+93vyr7TvpK2nJS5Vaz/l+5RS+7ltd/Z01jfX9Q/hRqN/q3wy0G41Tw2/g7UZLCE3OhtNBP/ZMmwBoA8DNEyoeAUOCAOnQdDXyF4Q/4JUWeq+FdPudZ+L37UmkarcW6SXdjD8adZuktJSAWjEu9N+08btozjpWl/wAOmdA/6Ld+1X/4d/Wf/jtKo7zbf9fmOmkoJI+q6K+Vj/wSe0Ewqn/C7f2qMKxbP/C3dYyc46nzenH8/Wm/8OmdA/6Ld+1X/wCHf1n/AOO1BZR/b+/Z88Z/FHx/qknh/wAJXHimHxb4Fl8I2N7Fc2kS+FL9r6OcXsvnyo4jwEkLQLI+6zQbclKzPg/+yt4nHxt8Z6RqnhfxVa/D7xOniGfxJHr+q6ZeWWt3V1qKXFmbCS1CXSxNG1x5sdwqKEdI2EpXdXl/7Tn7M/h/9nbxTJYQ/Ef9rLxBbaJoT+KvElynxt1e2Ok6Ws6wGWNCzefLnzXEeUGyCT592xWyD8HvB/hr4yeMfCfiv4n/ALVWgnwvpEuuRfZ/jpqeo301ut2lrAs9rFJmCa7eRGtYg8jTKeRG42VlyRnSVPo1US803Jy9bPma8115S535m3veD9GlFR9Lrlv69ObXtz+yh8TfBXgv4IjQ/Cniq38c+EvAWgeHI7y11XRptB0e4gniN7Df28wMpj8tT+8tXl3hQFCOiO3B/DD4WeM/iL4G12+8Gaf4wvZ/Cf7UnjbVdQfwvJoq6ra2zLqtr5kS6wRZv+9uIlZWDNtdioyMjmdI0jwlr158KLZfiT+0xo118SdFt9cuYtd/aD1Ww/saOe6FtFDvAkSaZpN4C5RSyhQ2XXPP/sx/sy+FPhj4S8a3mt/FL9pGystQ+O/i/wALPNpPxT1SwSCK1N9cm9nVH/fzMlm3mOfnkZ9xJPXbET5oc83Zc8nfz57tenN/nfqRCPvyjFa8iuv7vJZP15dbfh0PR/D/APwTd+MVzYaPqMmnSwweEdCe6i8Lapd6c1t43nj8R3+oRadq/kM0ayyW06u5tyLRbmVSA0cXlV6p+zf+yd8Tfhh+1IPilrGhX2r6d4k8Wa6h8M6jd6e0ngWyv5hPFqdm0chjaRiGjuV8x5WjkQR8RFJPDvGHwh1n4ffAS4+Jeqt+13L4XvtGt9a0JdO/aC1O4v7pZ7i2ihtbuF/LW2uZFuVdFje4j+R1aRCBn1P9nz9k/wAA/tK+LNXtPDXxr/aun0vT9D0jXINQb4xayPtKX5uwImiMgaOSI2jK6schiVIBU1cOalLazXMrdueV5XXS/LbXZK6s/eJnaqm73u07/wCGPKrPsua/m9HdKy/QGivlT/h0zoH/AEW79qv/AMO/rP8A8do/4dM6B/0W79qv/wAO/rP/AMdrMo+q6K+WLv8A4JRaFeXUkrfGz9qdDK5crH8XNYRVJOcBRLgD2HSo/wDh0zoH/Rbv2q//AA7+s/8Ax2gDlfg7+x/4h1j4oPpHi/wPPa6BpNl4ytNW1ea9tvI8YjV9bgvrRUEMxnZBFG3mrOkYBOzDqzVzDfsofE3wV4L+CQ0Pwp4qtvHPhLwDoHhyO8tdV0abQdHuIJ4jew39vMDKY/LU/vLV5d4UBQjojt5F4m8M+HfDuqwxf8Jn+1pLa+J9SutI8G3LfHbVI01y5ttYt9Hm+05P+hx/abmN1bMpaIMdofEbXp/hlpn/AAhmn+I4PF37WE+h2+s/8I5r90Pj3qf+i6kNWbSmtLBQxN9KJ0aTB8nMRQjLkxhYbTklT11SXqufft/Fae28VpfUr7TU+t7/ADaenf4PPZ9tMb9tz9nvxn8N/wBg34mza74SuPDtv4O8C6hoOoatLc2kieLrq78SWl5FdRCGV5CoRJZGM6xsHvGABO/H0R+1l+xJ8Tfi5eftK3nh/wAQ+K9Jt/G+m6fBomiWEmi/YfE7xaesUizvdW8k8PzgoSs0HHIP8VfGX7c3wn0TxV+xP8TbhPGv7Sq2l34bm8QeFm1v4u6lrFjr9ja6tb2Uz3Vo7BY23ywyJGTICkqMWVlZF+jfjF+yBqHwu/aB0HwXY+Jf2qPFNt4iguru0n0/9oDVU1A29rAJJ5mtZNsaoJXhgUtOA0k8XQE7XF2hTS21t5+9Ju//AG9zadLbaFO/tJy66X+6KVvlbW9/M3/Gv7Nvx68ba1d2txp/jG6/4nTXet3Op+K4LrRtejTxNYXenvptm1032P7PYQz7x5NuTjbidiGrn/D37MX7Qqaj4An8R6B488ReIfDOp2OqWl83jm2XRdNtotDmgktri3a6bfeHUHd/tC20x2TJ+92oY68l8bav4P8Ah78LdT1vVfiR+0ba3ui+Kbjwtfu/7Rupf2HBcwaZ/aMkY1HG1p9oNuIvK5ulMe7A8yvrnwX/AMEwPD3jXwdpOsp8Zf2trJNWs4b1ba7+LesJPbiRA4SRfOOHGcEZ4INKNP3Eo7R5dfW0ov5rt006sTnaUuZfGpaeXwy+59+vofPkehftJ/Biwj/tHXPE+ha74u1TTfDvhzSNY8UNeS3kmoWVza6hcRxtqmoO72Mv2S93CREEdvMUii3yCvpL9uf9nL4i+NtT8Jy/Do67JdaD4M1vRF1aDW0tdRguLiXSfJInklWQyOltcEyZPKncQWGZP+HTOgf9Fu/ar/8ADv6z/wDHaP8Ah0zoH/Rbv2q//Dv6z/8AHatyu22uvyty8qXyvJ/9veRKVmmnsvxvdv56L5eZ5t4u/ZR+O8PjL4gDRtZ+Jf8AYuhWt9N4ADfEG4bz7pp7CW3E5e78y4UYvVC3hZAhKkY2CvUP21Ph58YPEH7Qvw71n4eJ4mvNF0xoBqVrba39g0v/AI/YWle4Vb+2cnyA+C1vfoyhk8iNj5hg/wCHTOgf9Fu/ar/8O/rP/wAdo/4dM6B/0W79qv8A8O/rP/x2pj7saUf+ff476y7vXfyXYc7SdR7c/wCG2i7LT8X3PAvA/wCyp+0P4P0y+n1jRviHqA1ayP2iDw544ttM1ObV10XTLa0vZ7kXsXmW8M0F6jo0j7meNvJmUAjq9a/ZC/aB8QDVb/VPE3xGm126j14O2lePrmwsJJBpNqNMaC3jukSFDqCTsAEQ/MRL+7O2vUv+HTOgf9Fu/ar/APDv6z/8do/4dM6B/wBFu/ar/wDDv6z/APHaSVlK3VW9Nb3XZ9L9tNkrUpaw0+F39fJ915d9ervxfhL4HeJvjd8Ltf8AAniTSYr7W9X+KLn4gXNw8Hmw6K0Edyuwk5ZJ7WGysj5WTtkkxwjFes+Nn7HupfF/4UeL7qfwvFceJLv4g6ZrOiWDXMcaWNlp15ZW8EijeIuLW1muFVuVM7BQH4qf/h0xoAOf+F3ftVf+Hf1n/wCO0v8Aw6Z0D/ot37Vf/h39Z/8Ajtac9mml2/BQSt2tyK3a8rbsy5NLX7/i5N/fzWfflj2Mvwt8E/GfxD/az8R3114D8U/CDRtEbVrXwp4i0VvD9wlzJeyxPeatOWuJ5muLgxARQyWZjjXLS7nKrF0nij4d+LvBvxf+COl6p471T4g+IovFt9qTX93plnYzW2ipo91DOsq2scaMpnltNzbQDLLHhVAAGf8A8OmdA/6Ld+1X/wCHf1n/AOO0n/DpjQM5/wCF3ftVZ6Z/4W/rP/x2oj7sYx/lSXrZ3/F72sraKyLl7zk/5r/K6tp+avfXV3ep9WUV8qf8OmdA/wCi3ftV/wDh39Z/+O0f8OmdA/6Ld+1X/wCHf1n/AOO0AfVdFfKn/DpnQP8Aot37Vf8A4d/Wf/jtH/DpnQP+i3ftV/8Ah39Z/wDjtAH1XRXyp/w6Z0D/AKLd+1X/AOHf1n/47R/w6Z0D/ot37Vf/AId/Wf8A47QB9V18X/8ABFX/AJEz9pL/ALOK8ff+nVq6X/h0zoH/AEW79qv/AMO/rP8A8dr5S/4JO/8ABOLR/iX4U+PMk3xY/aI0g6N8c/Gejouj/EvVLBbtLfUSgnnEcg825frJM2XkbliTQB+rFF"
14:55:31.570 [Test worker] DEBUG org.apache.http.wire - http-outgoing-0 >> "fKn/DpnQP+i3ftV/8Ah39Z/wDjtH/DpnQP+i3ftV/+Hf1n/wCO0AfVdFfKn/DpnQP+i3ftV/8Ah39Z/wDjteDftTfs9+E/2bPi74O8Hn4wftH3F54qtp72W61f4+6vpFrYQxz20Ay58wM7vcfKDtX5CCwJGRazjBby0X3N/kmG0XJ7Lc/SSvlT/gtx/wAovfin/wBctO/9OdpXhPx3/Z08O/BPxL4SVviP+1nc+H/E2s22gf2he/GzV9Mupb2e++xrBZ2UzCa6dCGmc4jT7OvmI8nSvnX9qzwR4b+Iv7JnxovtI+JPxqv18CXUItLDXfjRqWuDVUg16KyMtzpcqhPIZo2ZSXkAOwHDcAh7/wAPn+Fm/wAGn5p3QS934vL8b2/JryejP2rooooA/Mv/AIJI/wDBXD9nT4N/8EyvgZ4V8TfE/StJ8QeH/B1hY6hZS2V2z2syRAOhKwlcg+hNfRP/AA+7/ZY/6LBov/gBe/8Axipf+CIn/KIn9nT/ALEPTP8A0StfU1AH5h65+0J+xX4hudR+0ftFa19k866utBtFtP3XhSe51SDVppLXNgTJm8toXC3RmQKpQLsJBbp3xm/YD1bVr+/8dfFLSfineanBfJN/wlmhi7ginvZ/Ou7qGFLBI4JpdsKFowMJbx4AYuz3vGH7SnjFZPEz6b8S9Tj19l8RS+OtMk1tIh4WtrPxNZW1nHCHzHpcsumvcxxSt5aPuE7v8hlWjdftZ/Gf4l/DnTdD+F9h488QX/hXW9Z8X2xsta0+9u73RLK5MOmWV7eTXSx3MFzP9qiaSKWd3WxODNzI2dPkcE9lyt/9u3tPX0vLzUW3blRc+ZN/4rf9vWvH0108nJfzM4z4b/Ez9kq18GeJvDXjP9qDXPEXh+7vL/8AsW0ZGY2cdzpSaYbyST+zVka9MBnByzwZlLCPccj1O4/bW/ZQuPj54n+IH/DVXi+O98U6d/ZE1hHawrBp1n5HlLBZzjS/ttqgf9/+6uVJmAdi2AKt3/8AwWK8R+JNA8ZeIfBeofDPxHY2MGsXGk6Clnc/2vp1pbaINStdTvyLrm2eUpbsqxR/NMm2XdlK3dd/aGt5P2x7nwzJ8ejF4t8M2dzeeN0sdQS2s7G3OjyNHp2laE8lxJcXSOUvml2TOgjKNIwcQjSbl7vPvyLf+Xl6+dt302vf3SI2vLl/mf382tu3vbLvrt7xL8Af+ClX7KHwO1DxLqkv7Qlx4w8QeK5rebU9W1mwdZ5lt4VghTZbWUMQCoOTs3MWJLHgCjL/AMFC/wBke0+AXi7wBo/7ROr+G7fxhf6rqM+s6XHNFq1hLqN5Nd3H2aVrJkjw88ioTGzKuPmLDfXr/wDwTU+J9z45HxQ01fFZ8a+H9D8RQDQNWh8QP4itns5rC3cINQkVXkmMnmSyxFcQNOI0JQLX1BTqwvpLql9zSdvyuTSlonHo7r1V1f8AF+Wp+Xlx+0Z+yZJoHw/0yL9rnxlaWPw0mkuNEtbfQdIS0jkYIIne2/sL7Ozw7WMUnlh0M0jbixBGnd/tF/sKWPxLvvGXhr416j4J8VX1jc2p1HQ5r+Fo5ri8jvJbpY3t3j815o/mUqYnWSQNGwav0woou783XXXrqrPXzQ7K3L0006aO608n+vdnw78A/wDgqN+yT8AfCN9ptr8c4tbu9Y1W61vU9S1GwnFxf3ly++WQrDaxxIOgCxooAUdTknt/+H3f7LH/AEWDRf8AwAvf/jFfVdFF9l2svktEvRLRD7vvd/N6t/Nnyp/w+7/ZY/6LBov/AIAXv/xint/wWz/ZaWBZT8XtG8t2Kq32C95IwSP9T7j86+qKKQHyp/w+7/ZY/wCiwaL/AOAF7/8AGKP+H3f7LH/RYNF/8AL3/wCMV9V0UAfKn/D7v9lj/osGi/8AgBe//GKc/wDwW3/ZZjOD8X9FHAP/AB4XvQ8j/lhX1TRQB8qf8Pu/2WP+iwaL/wCAF7/8Yrw/4iftj/sX/FD4qaj4g1X473Emj63ex6rqnhlbOUaVqN/HYmwjunP2M3AYW5RdizLGWhjYrkHd+jdFS4qW/wDX9b+qT3SGpNbf1/X5aH5W678Q/wBgv4g+CtZ0zxr8c9U8aanqeijw5ba9fpPb6lpOnpbtBHBAbaziiIVWZsyxyF3Yl9wwo9Etv27v2RYfih4f12X9o7W7zRPCl7Hqmj+GLqOefTNPu47FrFJUdrM3QUQu58rz/L8yRn25NfodRWnNJy53v+vf1vrfe+u5PKuXk6Wa+T3Xp0ttbTY+WLr/AILY/st2VzJDL8XdGSWJijqbC9yrA4I/1NR/8Pu/2WP+iwaL/wCAF7/8Yr6roqRn5/fFr9v39jb4wa14r1K9+OL2Oo+KtO0iwaeztbgHTX0u8nvbK5gD2jATJcTlj5gdG8tAUxu3cBpf7SH7I+k/E3QPF0f7WXjP+2dCubvUWEmmWU9te313M0lzeNFNpDrFO6EQb4PLKQIETbucv+oFFEPdlzR3/q/39e9lfZBL3k4vZ/5W/BaL592fnr8AP25v2PvgX8Qjq+nfHy61nybS50nQtO1CzlNt4es7m7F1Nb2/lWaSMrSrHzM8jBYY1BGDupeI/wBuj9lfXf2k9U+J8P7VnirTdX1HTRpMVjDplpPZaVbCPa0dobjSZZ4A8mJn2TfvJFTduVFQfovXwx+1p8YLHR/iz8Zk8afFbxH8OfEHhTSraf4Z6XYa/Jpg1TdZCT7TDZqwXVpnvzJbmCRJ1AijURqZMtnNqKSeyT23trey6t3em7u33NIRc5O27tvtukr9krL0svI8c8IfHr9kXwL4E0vR9O/a28bC80W4up7LWZdMsTqSfa4nivfMkTR1Fw9xvDySzrJL5kUbBxghui+HX7VH7E/wp+IWi6rofx3urTQdAv4dZs/DP2SVtNj1GLSxpSXZc2X2kt9kUKU87yyw37M1reAL/wCLPjmy+O3jrxC2q2Vx4QW9VZofiXrNn/YV2nhmyuDbxaJHEbGREuZnId5g2WJ2koufpH/gnb4F8U+GvgpZar4shu01DxDpun3ayTfEXV/F/wBpBg3mTGoQxC0ZmkJMcIZTxljtWumMZXlPry027dVJNxXy5b+tpK+5hKScYxezc191ub7+a3pdO2z5X/h93+yx/wBFg0X/AMAL3/4xR/w+7/ZY/wCiwaL/AOAF7/8AGK+q6KyLPlT/AIfd/ssf9Fg0X/wAvf8A4xXyL+0V/wAFQv2c/iL/AMFZvhDr4+J+nt4Rtfhn4s0PU9RitLpfsst3Np3loAYc7mWOQg7SBt5r9Za+G/2s7/UtL/4LQ/BS50a2S91i3+EPjeWxt3OFnnWfSzGh9iwA/GscRyqlJzV1Z3XdGtDm9pHkdndWZ45oHxw/YtttL0S11/8AaY8T+M18M6fpOkaQ2r2MEZ0+y07ULS/itwLXS4FkV5rG3DtKHcqpCshYk6//AA0N+wbc+KNVur34vDUtE1O11uzi8OXVrO2laXHq72kt8LVRZiaLdNZiVQJcI88xUAFQvPeLP2s08OfBSSXwx8TfHuvfEHxB8Lddv/EdzF43W7k0bV4tJnuZGuNHdmfSWtriHy0a3jgVZJFjYMcVhftAftffF6+8GwWVv4t8T6Zd/DXwh4g8Ia7La3j2T694gtrVnN40i4O4QR2VxG6/d+3uRyK6KifNKMtWlJvqnzcym9NWpNJXtq5p9zGnZcrjpdq3RppR5fRqLel9FFryPqj4bf8ABYn9lv4d+ANH0KT48jxE+kWkdp/aer2lzJfXwRQokmeO1RGkIHLBBk89TW3/AMPu/wBlj/osGi/+AF7/APGK7P8AYx+FfxD+HWteL7jxZLf2PhvUxZ/2HoeoeL7rxXd6fKiyi6ma9uUEgWXdCFh3SKvkswI3lR7xTm25XfUULJWWyPlY/wDBbX9lpYQ//C3tF2MSoP2C95Ixn/lj7j86b/w+7/ZY/wCiwaL/AOAF7/8AGK+q6Kgo/PP9on9u39jz9o7xPHqV98frrRBc6U2gazbaXZyiHxBprTJObS482zkZV3Kw3QtG+2WUbvmBGB4m/ah/Yl+JnxBTXPHXx61Tx9b6cbw6JpmtC68jQftV1DdSCCaG0juW2yQQiPzppPLSNVXAr1z/AIKQ/GvWvhx8Tmt7fxlqfhS4sPBkur+C7K11D7IvifxCL+KNbRo8j7YdhhT7MQwIu3bbuCsvivi39qPxPa+MII2+JWuW0ur67qdl8T7ZdZKr4F0+LxXY2VrIq5/4lgOnyzqJV8syRlp9xZBIJp2fskvtOSXk+Zpt9tbtv7KfNpzMqpdOTfTlv5+6mvX3bRt1a5eg3Sv2iP2L/Dfwq8PeAtJ/aS8Uaf4E0e0hsb3QczXFrrkUV2bpfPMtkzxu0hKu9u0LMmFJ+VCvGfsgft6fsr+KPDfjqHx58T7WxWw+Oni3xhpdsLS5MepW91LeQRGUfZ2zDJBdyHaCrZ25IwQe4t/2ofFDvz8Stc36Q0Y+F6/2v/yPwPiu9sjvGf8AiZj7BFYplt+I7jz/ALziQXPg747n8FfDDxpFfeItQ8G+A9Z/ac8Y2XjHX7O+bT302w+0XskQa8UhrSOW7S1hadWQqJcB0Lbg52lTjKWqcuvfmS1369NbbWvoSny1JxW8U726+7rba91onpfvbUoW37TX7IVz4Vs/D2sftU+Nte8N6JZwafoel3QMcGj28NzbXEajytPRrlh9lhjEl0ZnWMNhg7s7d78E/wBv/wDYq/Z9+MHxG8Z+G/jBBbXnxOuLW71Sxkt7xrC1mg88l7aP7MDF5slxLJINxDSOzAKWbPmF5+2trXhLxf4O17wv4t8ZTfD/AOHXinXLzXY7nxSniay1bRobTSmulS/jZ2vIbWK9uZlMskkqSwMhY7AAz4Y+PPjJ8cvjrHol/feNdfuNX1TxRrQ0SDx5e+FBo8T2Pha6tLczWwLMloNRmjERVlzJI2CafPKU7K7bi352ajLX/F3b3i7vS4KKS8r/ACuuaOnppt0krdUfUf8Aw+7/AGWP+iwaL/4AXv8A8Yo/4fd/ssf9Fg0X/wAAL3/4xXvn7P8A4b8U+Dvgd4S0rxvrEPiDxhp2k21vrOpQ/cvbtY1EsgO1cgsDztXPXaucDr6qceWTincUXdJnyxdf8Fsf2W7K6khl+LujJLExR1Nhe5VgcEf6mo/+H3f7LH/RYNF/8AL3/wCMV9V0VIz8xNb/AGif2L9dfWI5v2i9UbT7xdQTStOl0xLiz0Bb/UItRvUijk05hPHNPCgZLrzlEZZFCg1W8L/Hz9jfwJ4m8EaloP7T/iXRl8CLcvY2FvpFlJp8l1dXMlxdXhgl0h1hnl81ot1v5Xlw/u4hGpbd2/8Aw0t4R8Z/HP4kQ6b+0PqNv4a0A3em+I5bjxjHBLd6k2q2yxQ2sEayyaXYWo32M19HFFn7Tv3s8fnDjNA/am8WJonw21jXPiDBqv8AYqzW0fhy18Z39nf+MZD4jmso5dPmSEJrESQRxLG7tvmX5pUj88PRhtfZcml9vuk/nfp3um7KzDEe6qnP0evrp93ntazS1bR5N+3x+1D+yxon7EXxWtfBnxtvvFms3mgyaN4Z0S8tXEGiWtxqsF7PbWxS0iZlZ0TmeSRgkEahhg7vrPxF/wAFOP2QfEvxH17xVL8cHttW17wyvhYSWkd7bnTbYSzytLautuJIp2aYFn3H/UQ4AKkn5b/a5+OfjDxp+yz8e/Dl/r2p+JoLXwjfz+KrqTXYNRsYdUi8R2sNn9mt0Yvp6G3Nwn2eVIWP2ckxsUMr/sVRFXpU5LZp28ruUX9/vPu07vVscm1VnF7pq/y5ZL7tPLTTQ/MC8/aR/ZEvtbl8RS/tUeKJPHVxOzT+J5NNt3u5oGshYtbtAdL+y7fJA+fyfM3c78ErXvHwy/4K8fsjfCT4b6B4V0f4u6Wmk+GtOt9KslmtL6SRYII1ijDMYMsdqjJ719j0U7vXztf5bfdd/e31ZNlou17fPf8AJfcfKn/D7v8AZY/6LBov/gBe/wDxij/h93+yx/0WDRf/AAAvf/jFfVdFIZ8qf8Pu/wBlj/osGi/+AF7/APGKP+H3f7LH/RYNF/8AAC9/+MV9V0UAfKn/AA+7/ZY/6LBov/gBe/8Axij/AIfd/ssf9Fg0X/wAvf8A4xX1XRQB8qf8Pu/2WP8AosGi/wDgBe//ABij/h93+yx/0WDRf/AC9/8AjFfVdFAHyp/w+7/ZY/6LBov/AIAXv/xij/h93+yx/wBFg0X/AMAL3/4xX1XRQB8qf8Pu/wBlj/osGi/+AF7/APGKP+H3f7LH/RYNF/8AAC9/+MV9V0UAfKn/AA+7/ZY/6LBov/gBe/8Axij/AIfd/ssf9Fg0X/wAvf8A4xX1XRQB8qf8Pu/2WP8AosGi/wDgBe//ABij/h93+yx/0WDRf/AC9/8AjFfVdFAHyp/w+7/ZY/6LBov/AIAXv/xivlL/AIJO/wDBWH9nr4R+FPjzF4j+JmlaXJr/AMc/Gmvaeslndt9psbrUTJBMNsRwHXkA4I7gV+rFfF//AARV/wCRM/aS/wCzivH3/p1agDpf+H3f7LH/AEWDRf8AwAvf/jFH/D7v9lj/AKLBov8A4AXv/wAYr6rooA+VP+H3f7LH/RYNF/8AAC9/+MV5V+0h/wAFEf2UP2lYGsr/APaS1nQ9Cv7CTSdZ0bS4JfsOuWkjqzxyrNZSGNiAU82AxybJHG77pX9AKKOqfYLu1j87vi1+3l+yn8aXhg1v9qLxNJortENS0dLbbY6rFDem8gjdP7PzEY22x+ZAYpXiRQ7uyhx4P/wUL/ay/Zy8a/swfEB9A+Puv/ErxpqlhDofhvTdXjdzp1vca1ZXc8EUgtInkyYIgGuJJGCQIob7xb9ia+VP+C3H/KL34p/9ctO/9OdpRHRprpf8dH+F16N92D1TXe34bf15LsfVdFFFAH5m/wDBJTx3+1fp3/BM34HQeDfhn8B9W8KReD7BNJvdX+IGp2F/dWwiHlvPBHpMyRSEYJRZXAPRj1r6I/4WR+2r/wBEj/Zt/wDDnav/APKSpP8AgiJ/yiJ/Z0/7EPTP/RK19TUAfH+qfHL9rjQ21Q3vw0/ZXszp9qt7qJn+K2px/Zrc7wss2dFG2P8AdyYZsD5G54NVdP8A2mf2q7rwvo+rWvgX9k2TRdclittKvIvi7qJtdQkkOIo4JBo22RmIIVUJJxxVj9oX9jfXLz4l/GHXvC3hUX9t4vsvB2oyxC9h83xNc6ZrV3d31ofOkGC1oYYlEpSHDogIVW2+YeO/2DfjF+0pa3WnW8GmfC3QINW17xvoqa3ZxarLY6veXBWw2RWd8iwXFuqTXJk3Sxh78AB2V9sxl/N6/da6+a5uXzja3vIqS7d0vvW/ylZS9b391npng2T9rv4fS6y+j/BX9myzbxBqUmr6gR8U9af7RdSKivJ82jHGRGgwuBx0pkn7Tf7V0XjtvCzeBv2T18TJa/bW0g/F7UhfrB/z2MH9jeZ5f+1jHvXjPhzTP2i/2g9G+Jd5o2nfE7wv41W61yw1Bn8dRNpFo8mhRrBplhCLwrDcRalLHItysSKFjkPnkNsr1bWf2e/EV/8AtGT6e/wR12+8CeE1udQ0vUL3XNMvF8datLo8lk8+qXlxey36weRI1oqG3lLEh3Ploq1TulHtyRa7W5bpfJWStvsly+8p3lLvzSXzUrO/q7tvpq3r7pqfD/8AaF/ax+I/h3+0vC/w9/ZU13S/MeJbrSvizqV1bmRWw6749GK7gc5Gcg9a2v8AhZH7av8A0SP9m3/w52r/APykroP2B/hb4n+H+s/FHU9b8O6z4Z03xdr1tqemWetSacdRhC2FvbPEV05mtVt4vIjihxiQpGS+4kM30VVSVrei/LVfLYmLbV35nyr/AMLI/bV/6JH+zb/4c7V//lJR/wALI/bV/wCiR/s2/wDhztX/APlJX1VRUlHyr/wsj9tX/okf7Nv/AIc7V/8A5SUf8LI/bV/6JH+zb/4c7V//AJSV9VUUAfKv/CyP21f+iR/s2/8AhztX/wDlJT2+I/7aP2dSPhL+zh5u4hlPxM1faF4wQf7F5P3sjHGByc8fU9FAHyr/AMLI/bV/6JH+zb/4c7V//lJR/wALI/bV/wCiR/s2/wDhztX/APlJX1VRQB8q/wDCyP21f+iR/s2/+HO1f/5SUr/Ej9tMN8vwj/"
14:55:31.576 [Test worker] DEBUG org.apache.http.wire - http-outgoing-0 >> "ZvIwOvxN1cc45/5gvrX1TRQB8q/wDCyP21f+iR/s2/+HO1f/5SUf8ACyP21f8Aokf7Nv8A4c7V/wD5SV9VUUAfKv8Awsj9tX/okf7Nv/hztX/+UlH/AAsj9tX/AKJH+zb/AOHO1f8A+UlfVVFAHyzefEb9s9LuUQfCX9nGSAORG8nxL1ZHZc8EqNFIBx2ycepqP/hZH7av/RI/2bf/AA52r/8Aykr6qooA+Vf+Fkftq/8ARI/2bf8Aw52r/wDyko/4WR+2r/0SP9m3/wAOdq//AMpK+qqKAPli3+I/7aLToJfhJ+zgsZYb2X4mauzKO5A/sUZPtkVyHjr9rL9pv4deKtF0fxN4P/ZB0LW9ak26RZan8Yr+1ur987cQRyaOHkOTj5AeuK+1q+Pv2g/gz4vtfG3x5tIfhRc/E23+NGkW1jpGpx3mnR22lKlh9l+xXv2meOaO3jnD3StAk3/HxJhfMADROTWqV/Lv5X6X7vT8C4RUnZu3n287dbdkc3qv7dn7Q+hePZvCt9pH7GVn4ots+do8/wAbb2O/ixH5h3QHSBIMR/Pyv3eelXfhZ+2N+0z8dEvm8E+GP2QPGK6YUF4dD+M1/qAtC+7Z5nk6O2zdsfGcZ2tjoaX4V/sLfEjwh8NfjhDqnivxLe33iNLy20vRx/ZDaf4kdvDtlYrePK9u13E8lzFJw1zGAUBK7SS30J+yB8FNb+BnwX0TSfEHivxF4m1FNNs4pY9Wg0yM6Y8cCo8EbWNrAroGz80hkbj7/rsoqzu9lB+rkm2v+3ba+utno8nJ+7pu5L05bW/8Cu7eml1qvKP+Fkftq/8ARI/2bf8Aw52r/wDyko/4WR+2r/0SP9m3/wAOdq//AMpK+qqKgo+Vf+Fkftq/9Ej/AGbf/Dnav/8AKSvlP4x+Ov2qZP8AgsV8Ebi8+GvwLi8Yx/D3xQmmWMPj7Un064tTc6b58ktwdKEkcisIgiLE4YM+WXaAf1Wr4b/az0O78T/8Fofgppthevpt9qHwh8b21veJ961kefS1WQe6kg/hUVZOMHKKu0tu/kXTipSUZOy79hdJ/bW/aL1XW/EdnY+Hv2NbnUfC8T3OvwQfGm9efSI4+HkulGj7oVXByZMAY5rU8R/tXftS+D9OtbzVvBv7JOl2l7ZS6lbT3nxh1GCO4tYlV5J0ZtGAaJFdWZx8oDAk4IrzDx3+zL8ZPHPwC0b4daV8JItFg8MfDPWfCN0LxNEa0uLubSJ7YNpt6l4bn/Srr7OzCeGJdgYyFX4rk/i7/wAE2vjV4y8PNp0fh5LmPwN4c1vwF4OZdUsyf7Jkt5Gs58SSgK0nm29sytznTgzAKyk6yjaTjF3st+9uZbPu+Syvezb6ER15XLS727fC9/Ry1ta6SW5778NP2qf2p/jRosmpeDvBf7JfizToZTDJdaN8YNRv4UkABKF4tGZQ2CDjOea6P/hZH7av/RI/2bf/AA52r/8Aykr1T9nz9mD/AIUr408VeKdS8Uap4t8UeMYrK2v7y5srSxiSC0Eogjjhtoo1yPPlJd9zncBu2qqj1ak7dBK/X+v6/rsfK5+I/wC2l5KkfCT9nDzNx3D/AIWbq+AOMYP9i9evbsOueG/8LI/bV/6JH+zb/wCHO1f/AOUlfVVFIZ8c+LP2hv2sfB2p6Ra678Pf2UtKvNYuvs2lw3/xa1KCW+nx/q4FfRgXkwfurk81Ruf2pv2nrW78SQzeCv2RI5/DUSy6/G/xg1APpUZXKtdA6NmJSuSDJgYrb/b+/Z88Z/FHx/qknh/wlceKYfFvgWXwjY3sVzaRL4Uv2vo5xey+fKjiPASQtAsj7rNBtyUryHxN+x18TbnxP4deP4d310vw58QarrGq3IvtOA8fQXXiyx1eKK3zcBmcW9vI7C6EKiVVQEglhMPe5E9OZtP+7Z2u++nvdLp2V7Dn7rlbW1red1f5a+75NXdk0eif8NSftP7/AA0P+EK/ZFz4nGfD4/4XBqGdWG3P+if8Sb978pB/d54PpXg37B/xu/aW+GXwv+Nurp4I/ZytfD9r8W/Fk+t3/iP4lahpdvYXjai32mMP/ZTobdZDtSVyhcYJRCcV3Fv+xz8TI21wH4eXn/FxXjbSWF9p+Ph7t8WX2rk3H7/5T9nureT/AETzv3trszwhMf7N/wANtf8AGHhPxVr+i+HpPGdv4B/ae8Za9qPhyKa3im1SIT31ujQ/aHjgaaCaeKdVkkQEw8MHC1T+BS6t2721t8+99E+9tRL45xW0Vp/e0vp2u9Latdr6HofhP9rb9pzxhp2gzaF4R/ZC1S08SebHor2Hxjv549V8lSZBbFNHIl2KCWCZ2gHOKzvGf7d37Q/w5fb4h0n9jLQm+2S6fjUfjbeWp+0xBDLB8+kD94gkjLJ95RIuQNwrgvF37KPx18deONI+IkPgKGHXvBfifVvF+gwTDSdI1HUZja6SqRXYtrqWAS3gt7628wSHEToZdhJFaH7P3/BOH4seEfjlHfXOpzeEoL648R6lrGv20Wm6kb661Oz8MmXEE/mYEt3Z6iQTHlRAM4V03Jczny2+zf8ABNK/e/Mn1Vk7a2Hpa/nb7m1e3a3K13u+1z2Sy+K37Z2p2UVzbfCj9mi4t7hBJFLH8UdWdJFIyGUjRcEEHIIqX/hZH7av/RI/2bf/AA52r/8Aykr3/wCBnwf0r9n34N+F/A+hvdy6R4T0yDSrN7pw87xQoEUuVCruIGTtUD0AGBXV1c7KTUdiY3aTe58s3nxG/bPS7lEHwl/ZxkgDkRvJ8S9WR2XPBKjRSAcdsnHqaj/4WR+2r/0SP9m3/wAOdq//AMpK+qqKkZ8U3f7XX7TcN14htJ/Cf7ISzeFovN12GT4yX4bR4yPvXKnR8wqR3kwKj1H9rj9pbSo/D0l34S/Y9tl8QhW0JpvjHfoNTDYUG2J0f97neoHl5zuHrVWL4R+Ltf8AjH4q8R6v+zrrVpp/h2S8s/CWm2d54cME8Nxq1td3Wr73u5TNqMk0Ed5DFPDHFGYNrP5jk1xfhH9kP4s+A9K8HXWl+FfG8Xi/T/tEGk6lLquhS2NlBN4huL2Q61bHpNJayrJK1gzoXJWNImjjJKPv8nNpffy0f/A3ta/V6Iq+6p21tt57flrte/pq+E/4Kk/Hr9o3x5+wB8a9K1Xwb+zWumaTawQeJG8OfEy+1PU9Kc3MO1XtzpUYEhIA2yOhxk9sV9U/8LI/bV/6JH+zb/4c7V//AJSV8a/tsfsv+PvhX+yH8adQ1fSrjQ/BvhXwZqGg6f8AaYLJZ9Wa78R2l5HK01vcytdbVSRvNlitm/0kDyi5lav10ojrThN7tartq1+KSfle2u4S0qSitk9++if62+XyPlX/AIWR+2r/ANEj/Zt/8Odq/wD8pKP+Fkftq/8ARI/2bf8Aw52r/wDykr6qooA+Vf8AhZH7av8A0SP9m3/w52r/APyko/4WR+2r/wBEj/Zt/wDDnav/APKSvqqigD5V/wCFkftq/wDRI/2bf/Dnav8A/KSj/hZH7av/AESP9m3/AMOdq/8A8pK+qqKAPlX/AIWR+2r/ANEj/Zt/8Odq/wD8pKP+Fkftq/8ARI/2bf8Aw52r/wDykr6qooA+Vf8AhZH7av8A0SP9m3/w52r/APyko/4WR+2r/wBEj/Zt/wDDnav/APKSvqqigD5V/wCFkftq/wDRI/2bf/Dnav8A/KSj/hZH7av/AESP9m3/AMOdq/8A8pK+qqKAPlX/AIWR+2r/ANEj/Zt/8Odq/wD8pKP+Fkftq/8ARI/2bf8Aw52r/wDykr6qooA+Vf8AhZH7av8A0SP9m3/w52r/APyko/4WR+2r/wBEj/Zt/wDDnav/APKSvqqigD5V/wCFkftq/wDRI/2bf/Dnav8A/KSj/hZH7av/AESP9m3/AMOdq/8A8pK+qqKAPlX/AIWR+2r/ANEj/Zt/8Odq/wD8pK+Uv+CTvjr9qmw8KfHoeE/ht8C9Til+OfjOXVG1Tx9qVm1tqLaiTcwwiPSpfMgR+ElYozjkxoeK/Vevi/8A4Iq/8iZ+0l/2cV4+/wDTq1AHTf8ACyP21f8Aokf7Nv8A4c7V/wD5SUf8LI/bV/6JH+zb/wCHO1f/AOUlfVVFAHyr/wALI/bV/wCiR/s2/wDhztX/APlJR/wsj9tX/okf7Nv/AIc7V/8A5SV9VUUAfKv/AAsj9tX/AKJH+zb/AOHO1f8A+UlfPH/BVnxz+1Pqv7A/ju38d/Df4G6L4RlOnDU77RPHupajqFtF/aVr80NvLpUKSNu28NKgwTzxiv0xr5U/4Lcf8ovfin/1y07/ANOdpQB9V0UUUAfmZ/wST/4JraJ8VP8AgmZ8DfElz8Wf2jdHn1vwfYXkllovxR1bTdOtWeIEpBbRSrHDGOyIAoHAFfRH/Dpjw7/0Wr9qr/w8Wuf/AB6pv+CI6GP/AIJGfs6qwKsPAmmAgjBH7kV9S0Afn1pX7I/hjU/i78SfCn/Cdftrq/w60qx1QTD4sa00uvi5e8jC2kIuN7APZuod9ocnI+QB28+8V+CPA3hD9nb4XfEG68fftgBPiKEvbrTR8bNXafw5piJ5l7fzssxVo7VSm/aeS6gHnNfo7pPwj03RvjLr3jiKa9bVvEOkWGjXMTOv2dIbOW7liZF27g5a9l3EsQQqYAwSfIx/wTC+EmtaVoOn+KtDTx/pnhjww3hXSrLxPa2moQWEDyGSa4jUwjZcy4jVpBj5YIwoX5i03kktL/8AAu//ACZ2T7LVNFaOTvt0+dl+GrXfqj5y8S/B74BeDtZ8S2Op/tI/taWT+EVvf7Tnk+I3iwWkb2dsLq5ijuMeTPNHbnzTFE7yFAWCkA1iar+z1p1j8S9B02HxH+2VcaD4tlubTw/cS/GnW7HWNXng0579nXTbl4nitsRmDzppIyJmQNGEZZD7N8N/+CSFla+DPE3hrxn8QPG/iLw/d3l//Yto15aMbOO50pNMN5JJ9jWRr0wGcHLPBmUsI9xyPVLj9hqC4+Pnif4gf8LK+JUd74p07+yJrCOTTFg06z8jylgs5xZfbbVA/wC//dXKkzYdi2AKprSNnvFN/wCK2qtr10WrS632JW8k+ja+V9H06ava+ytufN37JP7H3hz9pvSfFvmfFT9pzStS8G622gailh8eNY1ayNwsEE7LHcpIgZ4/OEUq7RsljkXLAbj5l8MPhfpvxf8AiB430Tw/8R/jZq954Pv9Z08aDZ/tSaq3iq6fT7qS1DvprqiwRSyIrb3uMLHIrfMSFP6FfAP9nG3+Bmo+JNTm8S+I/GHiDxZNby6nq2tfZVnnFvAsEKbLaGGIBUXk7NzFiSx4ATQv2Z9N8KfB/wAR+D9I17xTpEXiPVNT1ltUs71IdRsLm/vZb2RoJFj2gJLM2wMjDaAr7wWyT3utuX/yay1187u23S/UUb8qXXmX/gPvaaf9uq+j66bHwL4a+HPg7xD8G9A8Vw+Pv2uNWXWPG8XgiabQvjjrGo6RbSNqMVg16t8ZY1ltvMmXaQgkdgVCAKzLPP8ABHT7zxzd6To/iP8Aa81qC/v9W0XwzPD8d9WSTWr/AEy5S2vEljaQfZoVcyssu6QmO2lYoDsV/tbQv2KdC0/4fajomoa/4l1q71zxdZeNtU1a4a1iu7/ULS4tJ4srFAkKR/6DbxlUjUlFPzb2L1yPxB/4Jn6F49ufEHl/EP4l+HrPWJNTnsbfR7qxg/4R+bU50m1GS1ke0eTdOVkU+a0gRbmYJs3KVNba72+V+WHz+Lnt8rroPr5c3/kt5fjbkv5J21PkDxJ4X8F+C/hXofiDU/H37Wcl1d+J7/QdWt9O+Oms3drplpp0rx6jq0dxvXz7ODapLbEYlwpCsCK+pk/4JN+HJEDL8a/2qSpGQR8Y9b5H/f8ArobX/gmD8M9ds9NtvHVsfilZaF4fk8NaRZ+J9H0hrPRrSSTc5tre1soIoZGCxIXVAdkEYGDuLe1/Cn4fx/Cf4ZeH/C8OparrEHh3ToNNivtTlSW8ukhjEavM6KitIQoyQoycnFVpy+f/AA6+WydtdZNXaSJ15tNtf8167tX0vyp2V2fOn/Dpjw7/ANFq/aq/8PFrn/x6uP8A2hf2CfCP7Pnwb1LxPffFz9rPU00+SKG1srP4wawLnUbu5mitre3VmnCgyTSRICxCrvJOBmvtuuW+NXwf0f49/DHVfCeu/ahp2qomZbSbybm1ljkWWGeJ+dkscqJIjYOGQcHpUSvbT+vTz7Fx31PzJ+NPgS2/ZrgutL+IPjH9oLwz4rDaVPZif9pfWx4fntL69FkZ5dReJGgNvKV81WtyAJEKM4JK3/hf8NdK+Pui+HbPwB44/aQ8R+Ltfl1grGP2jNaHh4Wul3EVtcXkWpxLK08LyzwpEUtsuWbIQIWr7D8S/wDBOey8eXEuq+Ifif8AErWPGS3GmS2PiaRdIjvdKj0+6N3BDBCtgLQI0x3yF4GaQ4ywCoFm07/gndpvhq/i1zRPiJ8QdI8e/wBo3+o3fi2MaW+oal9uS2S4hmgayNl5RFnaEBLdCrW6sDln3uns/ab3e3/bvLa/z57+fLe6sqm69ntpv6Pm287ctvnbW/yz4i+BfhnwP8Q/hh4Z8Q+Nf2xNE1LxzGra2s/xt1Vx4OeWUWtotw0c7LILm7PkxsrDOC3GCB9CP/wSb8OyHP8Awur9qkcAcfGHWx0GP+e1X9S/4JOfCnxPoWux+I01rxd4h1ixtrK18U67Jb3+v6AbcM0U1hdyQlreQXDyXOQCBLIcARhI1+l7aIwW8aNI8zIoUyPjc5A6nAAyfYAVWnLrvd7bW6Lvp1F9rTay9b9b9Nelux8r/wDDpjw7/wBFq/aq/wDDxa5/8erwXxv+z14a8F/G298O/wDCfftcXvhzSNatvDF/rUPxu1nzotWubD7dDBHa+ZmSMxtChk8wESToAjKGdf0lrwz4mfsDeF/iv8TdV1zVNb8TjR9eu01PVPDkE1vHp19fx2LWEd2z+T9pV1tyg2pMqboY225BzjPn+z/Wq/S9v71r6XNIcuvN/T6fja/le2tj89vB+teFPHX7PfiT4hab44/aTm0jwkYZ9WvT+0nqS6Vp8EtkLtYpbotkX4LJbtaLE22eVEMgU7x6h4L+BPhjxt8XtL0aLx5+11a+GdW1hPDEWs3Hxu1lbiLV20kar9ne180kRCAlDL5hPnKV2bfnr6Z0H/gnBb+GbO4ex+LHxRtdXurG10aXUYm0pDNpltbzW8NlJbiy+yyKqzyMJHhaUOQQ4UbK1/hf/wAE8PCPwg8d6DqOi614oi0Hw1cwalYeG5ZreTTor+LS10pLwuYftLP9kUKVM3lliX2bua6Pc9rL+XS3fzv8r2395/yq7xfN7Nfze9ft/d+5794/3tFyl3/wSg8PXl1JM3xo/amVpXLlY/i/rSKCTnAUTYA9hwKj/wCHTHh3/otX7VX/AIeLXP8A49X1XRWZZ8qf8OmPDv8A0Wr9qr/w8Wuf/HqP+HTHh3/otX7VX/h4tc/+PV9V0UAfK8H/AASe8PW86SD40/tUMUYMA3xg1tlOPUGbBHtXinj39lLQfh1+1R4T+HOo/EX9qiK18ZzyWel3/wDwvrVTe3kkdnJdyzR2KzGQ2kYjETzM6kSyIojZW31+ideUeNf2ULT4gfGbTPFep+L/ABncadpOq2+u2/hp7i3fSor+CBoI50LQm4jG1ixijmWNnG4qSz7hfHG+19fT+tu700Tuh/BK29nb16f8Hy77HwhH8LtH8SWUtt4e8Q/tjXHiU+INV0i30bV/jjq+mSyW+nWkV3PdSN5knlF0miWOJhuLSoH8r5ym34O/Z+0Lxl8R/h9axeNv2trbwh8Twi+HtYm+Omr/AG28LaX/AGkZ/sSyEraKn7lpjLuExCmPayufrfx1+wdofiq+vdR0zxX4x8La7e67f67/AGppr2b3EBvbSO0urdFnt5I/JeOKMjchdXRWD8YqL4Q/sD6T8EfjcnjPRPHPjoxQaXa6FbaDdrpdzp1lp1tbrDFZwSNZG8hhBQSsqXI3y/M5bpRS6c/8sP8AwLl9/wCTla3/AG90smVftcnedvTm9z5qO/yW92uN/wCHTHh3/otX7VX/AIeLXP8A49R/w6Y8O/8ARav2qv8Aw8Wuf/Hq+q6KAPlT/h0x4d/6LV+1V/4eLXP/AI9XyV8ff+CeWh+Ef+CuPw"
14:55:31.658 [Test worker] DEBUG org.apache.http.wire - http-outgoing-0 >> "c0L/haX7RN1bXvw28V6pJfTfE/Vn1SA28+nYigujKZIon3neina5VCQdor9YK+Kf2jNNTWP+C4nwEtJC4iuvhV4zhcr1Aa50oHHvzWVfn9nL2XxWdvXoXT5eZc+x4b8Ofgw/x28PW+sfD7V/2r/E2nado2kar4hjk/aD1izvLWTULOK9WzsY23JdzxW88bt5slsh8xQrliQqfDTwl8P/iP4ovNB/4WN+17pmvWHxCk8DvZXXxr1kNPbi5vLaLVYiJf3kDyWM6beCrxupPALfXWl/8ABNnRfCGgQaN4X+IXxK8JaHcaJpug63Z6Xd2UZ8Qw2NuttDLLM1q00E7QIsTy2jwFlVcbWVWGhcf8E3vh9P4r8C675/iKPWfh94r1PxZp15HdxrJcSahdT3dxZz4jxLa+dPuVCA6mGM78hi3U+T26cfg5te/LzRv/AOS3S62bv7yRk+b2LS+O3yvyyt/5NZvpp2ujk/8Ah0x4d/6LV+1V/wCHi1z/AOPUf8OmPDv/AEWr9qr/AMPFrn/x6vquisij5XP/AASd8PGFU/4XT+1RhWLZ/wCFw63k5x1PnZxx/P1pn/Dpjw7/ANFq/aq/8PFrn/x6vquigD4L+P8A+xJ4Z+A2ueB7F/iR+2LrX/Ca+ILXQvtVr8YNaW10rzpFjE08jT4HzOoVFBdiTgBVdl840X4Y+Bhr+oPrvxJ/a10bwxLBrM/h/VE+N2tXU+uHSr+PT7iL7MsgaOWS4mjFuitIZgwzsbCH9Efit8I9N+MFlocGpTX0CaBrdlr9ubV1UvPayiWNX3K2ULD5gMEjoRXj7f8ABMf4ea14qe78RXPiDxTo1pcX91omhX9xFFZeHZb69S/uXtnt44pyWuI0ZTLLJ5YG1NoqY81rS7y/8B5Y8vzUuby76WKla6a7L77yv8muW/4a7/GejeE/DWu+CvDHiCHxb+11Hpt34f0vxN4nE3x21dZvDVpqF69nAFUSEXUiyQzNIoZAscTFWdiqHl/2ZP2TtK8LeDfHVtYePP2jtT8V+Ifjr4r8IaBpem/F7VdFtr6S3ubiZ7q8mR2wRBbyyTT+XJLIyj5XZgK+4/Dn/BKzwH4J8MeHtC0PX/Gml6BpOn2mk6nYLd28yeJbW1vnvoIrt5IGkAWeWXmBoiUldTxjHmv7DXwAsfjt8N/i2k+qa14b1nw1+0H4y1jRNa0lolvdLuRfzwl0E0ckLq8M0sbJJG6ssjcZwRc7cq5f5n91/wDL5931JV+aV+2nry9f+3t+lrWOC+Ff7Muj+NPiJ4Y8J6x8Q/2mtO1jXrrVrSWfSv2g9W1fTkNjDbzeZDMjo8iSLcqP3kcLqyOCmME8N8P4Ph14o+MWo+GNX+I37XHh+x0/wtqniY6vJ8b9Zmhf7Bqmo2MlttEgPmNHps1wvP3Qwx8mT9j+Gv8AgmhofgYpqmg+OvGmi+NRrk+vP4ltLXSI7iSWezispYTarZCyELQwQjAgDbolcuW3E1p/+CTnw1vYdJFzqXjC4l0s6czTPewB75rS61G5lM2IQG+1tqt6lwqhVZJdqLHjNKSb5bO2yfq42b/7dlr0vba2g00oyurvdfKW3zjpfW1+55X+yR+wx4f/AGpv2c/C3j9/ib+1p4Yk8SWzzSaVc/GnWp5rB0leNo2dZQCQUPQV6N/w6Y8O/wDRav2qv/Dxa5/8er6A+CPwf034C/DLTvCmjz31zp2mNM0Ul46vM3mzSTNuKqq/ekYDCjgDr1rq6qbTk3FWRMbpJPc+WLv/AIJQ+Hr27lmb40ftTK0rlysfxf1pEBJzgKJsAew4FR/8OmPDv/Rav2qv/Dxa5/8AHq+q6KkZ+Y/xo+FPg74O6p8TrS58d/tho3w7g0NoZ9R+NOs2MGuyapfTWMXlHzXdIUlhOZWT5huKqyhWbIXwH4YbS9Ov4PiF+0vq+m2unWer+KL7SP2htYvLbQ7W71KbT4TC3ym6kWSCdpYyIjEsLjLOAh/QPx/+zJaeMvGXiPxJY+KPF3hbxB4i0/StOa+0i6hjazXTrq5uYWjWSJ1be11KsqSh43TC7RyT5tbf8ExPClrMrjxb43P9pyiXxSDJZY8ZMNTl1Qfa/wDRv3YF1PPxa+QNkrJ0xgpfEvad/wALf5721Wlr6hV+F8m+lvwv897dG3rayv8AnH+2F8N/C3xY/Ys+P82k/Er443CeCreVLW01f436rrL6mkGrrZGa40yXCeQzRsykvIASgOG4H0r8Yv2Pr34XftA6D4LsfEP7U/im28RQXV3aT6f+0HrCagbe1gEk8zWshWNUErwwKWnAaSeLoCdu5/wVp/ZPg+H/AOwV8ZvGF54w8aeMdSg8NvpOkRa3PbzLo1pc6raXM0MbxwpLLl4oQGneVlSFAD94t9ieIv2fNJ8S/EfXvFUuoa7batr3hlfCwktLv7OdNthLPK0tq6qJIp2aYFn3H/UQ4AKkmdeWF97O/rrb7/dv0V3a9rutOafa6t6aX+7W3ey7n5ieNtV8F/D34W6nreq/ET9o21vdF8U3Hha/d/2kdV/sOC5g0z+0ZIxqOdrT7QbcReVzdKY92B5lfXPgv/gl94a8a+DtJ1lPjB+1tZJq1nDerb3fxf1tJ7cSIHCSL55w4zgjPBBrqrz/AIJq6Zfa3L4ik+JHxDk8dXE7NP4nkTSnu5oGshYtbtAbL7Lt8kD5/J8zdzvwSte8fDL4e6d8JPhvoHhXR1mTSfDWnW+lWSzSGSRYII1ijDMeWO1Rk960VrSvv7tvu978bNb9Vsk3m7+7b+9f7/d/DTbz3dl84f8ADpjw7/0Wr9qr/wAPFrn/AMeo/wCHTHh3/otX7VX/AIeLXP8A49X1XRUlHyp/w6Y8O/8ARav2qv8Aw8Wuf/HqP+HTHh3/AKLV+1V/4eLXP/j1fVdFAHyp/wAOmPDv/Rav2qv/AA8Wuf8Ax6j/AIdMeHf+i1ftVf8Ah4tc/wDj1fVdFAHyp/w6Y8O/9Fq/aq/8PFrn/wAeo/4dMeHf+i1ftVf+Hi1z/wCPV9V0UAfKn/Dpjw7/ANFq/aq/8PFrn/x6j/h0x4d/6LV+1V/4eLXP/j1fVdFAHyp/w6Y8O/8ARav2qv8Aw8Wuf/HqP+HTHh3/AKLV+1V/4eLXP/j1fVdFAHyp/wAOmPDv/Rav2qv/AA8Wuf8Ax6j/AIdMeHf+i1ftVf8Ah4tc/wDj1fVdFAHyp/w6Y8O/9Fq/aq/8PFrn/wAeo/4dMeHf+i1ftVf+Hi1z/wCPV9V0UAfKn/Dpjw7/ANFq/aq/8PFrn/x6vlP/AIJO/wDBOHRPiX4U+PMk/wAVf2h9JOi/HPxno6Lo/wATtWsFukt9RKLPOI5R5ty/WSZsvI3LEmv1Xr4w/wCCKwx4M/aR/wCzivH3/p1agDpP+HTHh3/otX7VX/h4tc/+PUf8OmPDv/Rav2qv/Dxa5/8AHq+q6KAPlT/h0x4d/wCi1ftVf+Hi1z/49Xk/7T37Jvgb9me88H2Nx8Wf2t9c1fxjrthpEFnafGXWla0guL23tHvZiZvlhie5hB7s8kaj72R+gdeOftJ/sH/Df9qzW9P1XxXpd5/bWmzWEkOoWN7JbTmOzvVvYoGwdrRmVSGyu7DttZWwwF8cL/DzK/pfX+u22oP4ZW3tp6/1+PkfI3x1/Zc0r4Pz6ff2vjP9r3VfCjXtrYX+qXXxr13TJxcXGofYI7eztZW8y7m8z94VPlK0RVo3k3AV84ftWeB/DHxE/ZM+NF9o/wARvjVfDwJdQi0sde+Neqa6NVWDXorIy3OlTARmBmjZlJaRQdgOG4H6d+P/ANilviJ8a/C3jq7+KXxHi1Hwesy6dZJBok1hEZZnd5BFNp0m2XymFuJkKyiFMb9zyO/zd/wVl/ZPg+H/AOw38VvGF54w8aeMdSt9Lg0rSYtbnt5l0a0udcsLmaGN44Ully8UIDTvKypCgB+8WKXTn/vX/wDbfx/Bu92lcqdeX+7b/wBu/D8dtHp+gNFFFAHyz/wRE/5RE/s6f9iHpn/ola+pq/M3/gkp42/ax0//AIJm/A6DwZ8OfgFqvhSLwfYLpN5rHj3VbG/ubYRDy3ngj0mZIpCMZVZXAPRj1r6I/wCFhftr/wDRKf2Z/wDw5es//KSgD6qor5B1j48/te+Hk1Br/wAAfsp2I0i1F9fm4+K2qxCytzvxNLu0YbIz5cmGbA+RueDVLT/2nP2rNW8M6VrVr4P/AGR7nR9enjttMv4vi5qb22oyyEqkcMg0bbI7EEBVJJIOKN/677AfZdFfKv8AwsL9tf8A6JT+zP8A+HL1n/5SVgyftK/tYReO28LN4M/ZJXxMlr9tbSD8W9UF+sH/AD2MH9jeZ5f+1jHvQB9kUV8feBf2hP2tvifoP9qeG/A37KHiHTTI0K3emfFfVbuAyKcMm+PRiuRzkZyDWv8A8LC/bX/6JT+zP/4cvWf/AJSUAfVVFfKv/Cwv21/+iU/sz/8Ahy9Z/wDlJR/wsL9tf/olP7M//hy9Z/8AlJQB9VUV8q/8LC/bX/6JT+zP/wCHL1n/AOUlH/Cwv21/+iU/sz/+HL1n/wCUlAH1VXhX/BSvxvcfDr9ivxhq9vrl34Z+zSaes2qW1+1hLZQPqFtHM4nVlaL90zguGBAJORXFf8LC/bX/AOiU/sz/APhy9Z/+UlPb4gftp/Z1I+Ff7NXm7mDKfiTrG0LgYIP9i8nO7IxxgcnPCaurDTs7njEPx98S6V+0N4f0b4I+N3+KPgGXxlpVrp8+r+M7i7027updE8QS6hpx1dYruWaKIW2nXGwiYpLIFyoICfS/7A3j3xd8QfBfj+fxq0C63YePtZ0/7NbalJqNtYRRSqEghnkhhZ41B4zEnX7tcZ/wsL9tf/olP7M//hy9Z/8AlJR/wsL9tf8A6JT+zP8A+HL1n/5SVVN8spN63VtemsH/AO2Pz97fe6qe/wAttLW2625/z51/4D6W+qqK+Vf+Fhftr/8ARKf2Z/8Aw5es/wDykpX+IP7aob5fhV+zSRgdfiVrI5xz/wAwX1pAfVNFfKv/AAsL9tf/AKJT+zP/AOHL1n/5SVVufi5+2VZ6nb2U3w0/ZeivLxXeCB/ihq6yzqmN5VTouWC7lyR03DPWgD60or4gj/bT/aSl8LT64uj/ALGbaJbXo0ybUB8Z9QNrFdE4Fu0v9kbRLkgbCd3tXVv8Xf2yo9VgsW+Gv7Lq311C9xDbn4oav5s0aFQ7qv8AYuSql0BIGBvXPUUf1+v5agfWlFfLN58QP20Uu5RB8LP2a5IA5EbSfEnWEdlzwSo0UgHHbJx6mo/+Fhftr/8ARKf2Z/8Aw5es/wDykoA8U1v9r3wKnxN+L+pL+0bqun+CvBdlqFt4suT4nt5dRub7+07ZUh0vTwxazitk8yx+0RxxmWS6Qgu6edXYfCL4i+MdZ8DfAfXtO+KX9qeGtd+JF3ZS6ZYa1b+IJGsJre/ltrC91RHkM8lskcYcK5PmYDSyhAzag/au/akOp69Zf8Iv+yB9s8KxefrcH/C4NS83R48Z33K/2PmFcc5fAxUdj+1x+0/qcXh97bw3+x7cJ4tZl0NovjFqLjWSv3hbEaP++I77M4ooe6odbcvz97m/HVLey263K3vKa2vzfK8eVfdfmeybtorK0v7APxs1v4gfHmO0ufGOp+JNQ1Dw9q1/440m41D7VH4V1eHV1gtbZYcn7FmE3MYiAUSLaq5DNudtP45fGKTwt/wUI8A6ZoXj+/u72816LStf8Ktq7rNaWcumTvCbfSvKWO4tml2zzX/mM8RhManbvRIfCPx+/av8WeJtV07S/Av7J9/f6NcJDrNvYfFXVLi509yOFmjXRso+0cK+CcVm+If2q/2n/CfxG0zwvqvhb9j3TfFusJnTtIu/i/qMOo3yEn/UwNo4kcZU/dB+6fSiGns4vp+N23b0s+Vf3V20CevtXtdfdolf1vr0189Th/GPxh8S+FZNT0X4jfF7XdI8NW/jzxJaX3ihL5NDMc1vpFvc2FmkkZURQiSSd0h3HzDAquZdzh/ZvgT46+I2t/tE/Bifxb4jvxD4v+Et3qupeHBZpawWmpxPonmzSYG9pt91OuCQqKdqqDuZuM8HftcftMfFXxLqOg+H/Df7G/iTWNHY/b9O0/4xaheXNiyPtPmxJo7MhVxg7gMHjrXTaR8XP2y/EFgt1YfDT9l69tnZkWa3+KGryRsVYqwDLopGQwIPoQR2ope6ot62jFetqcoN/wDbzak/8KW6uFX3pO2msn6c01JL/t1K3zeydj60or5V/wCFhftr/wDRKf2Z/wDw5es//KSj/hYX7a//AESn9mf/AMOXrP8A8pKAPqqvhv8Aazv9S0v/AILQ/BS50a2S91i3+EPjeWxt3OFnnWfSzGh9iwA/Gu6/4WF+2v8A9Ep/Zn/8OXrP/wApK+U/jH40/ark/wCCxXwRnvPh38BovGUfw98UJpljD481R9NuLU3Om+e81wdKEkcisItiLE4YM+WXaAYqwc4OCdrrfsXTkoyUmr26GnL+05cp8Nra38EfEH4heL/ih4q+GetXWti28Zi/n0/W49KnuGE+iszSaW8FzEIo/s8cAEkqRMGOK3/2z/2rfE/xv1+3X4EfFL7fENL8LQJeeH9XW4so9VutYYpBO0bFQ80Ue2SNvmMTcgBhXoOk/tn/ALRuq634js7HRf2L7nUfC8T3OvwQfGa/efSI4+HkulGj7oVXByZMAY5rQ1r9pz9qLwJpkF1qPg/9j/RrPULWbVYJrn4ualbxXNvGqvLcqzaMA0aq6szjIAYEnkVo53qRrLRRakktvtaf4bPTty3dyLe46W7aa1315NXs7+7r/idrFn/gn7+094i/am/ay+IPiqTUtXTwH4h8JaNqPhfRLklY9PjS61C1nl8s9JJZ7eUlu6JF6V9lV8ZfDT9qL9qr40aLJqXg7wl+yL4s06GUwyXWjfF7U7+FJAASheLRmUNgg4znmuj/AOFhftr/APRKf2Z//Dl6z/8AKSqlsopWt/m3+v8AWxKXvSle97fKyS/S/wA/mfVVFfK5+IP7ankqR8K/2avM3HcP+FlazgDjGD/YvXr27D14b/wsL9tf/olP7M//AIcvWf8A5SVBR2/7auseKPDV/wDCu+0LxReaHpz+O9JsNVsbWBN2sRXFykflSStlliALkqgBclcsFDK/zj+y18bviB8V/j9400O98bXWneKNXg8ULNb2etDVf+ERFjrEdvaG50uaER2cjWrj7MyMFkG95VucqU9N1P4uftl6IkLXnw0/ZetFuJkt4jN8UNXjEsrnCRrnReWY8ADknpXOt+1b+07aap4ihPhb9juO98LxCbXoz8YNREukR4yHuh/Y+YVx3kwKycP3coX359e3NCMf/JWub59N3cndxaW3L87Sk/8Aya6X/bvXp5jP+0t4uHw3+FV5qXxB1yy8Uy/DXwbrHhWzOpeQ3jXWbu+8rUUli4F8xiFurIQwiW6aQBWKurfgZ8QvFXw/8HeIm8ITzjVNT/ag8c2n2RJCkep4h1iaO3kx95GmihOPVQe1eyWfx2/a41vStI1O3+H/AOyfd2WsMv8AZd3H8VdVkivmdCy+Q40bDlkDEbScgE9K+dv2DPjX+0z8L/hj8bNZh8Hfs3WWg2fxb8WXGtah4i+JGo6XBp94dRb7Qiv/AGU6G3WQ7UldkZxglEJxWuKfOmvh95v0vK9vktP0WxFLSTa1vGy/8B5b/f73rfXqa/iv41aXqn7K8Nx4F/aE+IV38WvEvhmwbxJDba5Jqf8AYt9NqWnQz3E1s++PSJ4pJpoUtkWBHBlRo3MeV+jf2EPj741+LH7Rvxd8OeOkurHX/AGmeHtM1KwAddP+3E6kZb2zB48m6iW2mXBJAZUY7o2A4/wn+1X+074wttGu9C8Lfsd6pD4seX+yZrD4v6jOustEuZfIZNHImKKpLbM7QOcYqh4z/bn/AGifhy+3xDp/7FmhN9sl0/Go/Gu+tT9piCGWD59IH7xBJGWT7yiRcgbhWk5pyelr9O2uluyV7W9OyRME+Xe/n1emt+7dr36Wfd3+5qK+ULL4n/to6nZRXNt8L/2Yri3uEEkUsfxO1h0kUjIZSNFwQQcgipf+Fhftr/8ARKf2Z/8Aw5es/wDykrPbRlb6o+qqK+Wbz4gftopdyiD4Wfs1yQByI3k+JOsI7LnglRopAOOoycepqP"
14:55:31.792 [Test worker] DEBUG org.apache.http.wire - http-outgoing-0 >> "8A4WF+2v8A9Ep/Zn/8OXrP/wApKAOI+C3xij+Of7VHxL0X4b/HSa8/sWw1aw1Zr7W7bUrhtTF7FtbT9JLkW8GnxLLbef5axzSSoWWcoWO14L+IPjzV/gR+xv4ifxxqoj8Sy6Rb+I7fykaXxFJcaLcTM9xMRu2h49+xAu5iCSQAtUbn9rn9p+zvNft5vDf7HkVx4TjE2uRP8YtRV9GQ9GuQdHzCD6vgVJF+1d+1JOPD2zwv+yA//CW5/sLb8YNSP9tYGT9m/wCJP++4Of3eaKPuqK3tyfOzk38pc1lvZRW9tCp7zqdOZTXpeKV/WOj6b9Ez5W/a++Nmt/ED9iX4wWlz4x1PxJqGoeCb+/8AHGk3Gofao/Curw+JLWC1tlhyfsWYTcxiIBRItqrkM252+zf2hNGuNX/bJxp/j34ieE9L8I+E7jxf4ql0zVbm4t442SW1sYYbDEkLZaG7uGAhcs1pGu0+YwPyz/wVK+Ov7R3jn9gT416Tq/hL9mYadpFpbweJP+Ec+JWoanqmlMbmHYHt20qMCQ4HyyOnGT2xX1T/AMLC/bX/AOiU/sz/APhy9Z/+UlTb3ILsn878zXnaN1bXaKV7Fc3vzfdr5W5b+V2k+mjd7XR8nfEH9qLxXD4Q1jQPD3xVtZtAh8XXb6R4ju/iNPFos9mPDwnghfxCIjMbsXRF0bPy9m4tBu8lc1+ln7P3iu68d/AbwVrd81+97rGg2N7cNfWgtLppJLdHYywqSI3yTuQEhTkA8V8/nxn+2g0HlH4R/sxGPdu2f8LJ1jbnOc4/sTrnn61L/wALC/bX/wCiU/sz/wDhy9Z/+UlaJ2Ul35f/ACVW/Hd7bLfS2bV+V9ub53d/w2V7/nf6qor5V/4WF+2v/wBEp/Zn/wDDl6z/APKSj/hYX7a//RKf2Z//AA5es/8AykqSj6qor5V/4WF+2v8A9Ep/Zn/8OXrP/wApKP8AhYX7a/8A0Sn9mf8A8OXrP/ykoA+qqK+Vf+Fhftr/APRKf2Z//Dl6z/8AKSj/AIWF+2v/ANEp/Zn/APDl6z/8pKAPqqivlX/hYX7a/wD0Sn9mf/w5es//ACko/wCFhftr/wDRKf2Z/wDw5es//KSgD6qor5V/4WF+2v8A9Ep/Zn/8OXrP/wApKP8AhYX7a/8A0Sn9mf8A8OXrP/ykoA+qqK+Vf+Fhftr/APRKf2Z//Dl6z/8AKSj/AIWF+2v/ANEp/Zn/APDl6z/8pKAPqqivlX/hYX7a/wD0Sn9mf/w5es//ACko/wCFhftr/wDRKf2Z/wDw5es//KSgD6qor5V/4WF+2v8A9Ep/Zn/8OXrP/wApKP8AhYX7a/8A0Sn9mf8A8OXrP/ykoA+qq+L/APgir/yJn7SX/ZxXj7/06tXTf8LC/bX/AOiU/sz/APhy9Z/+UlfKX/BJ3xp+1XY+FPj0PCXw7+A2pRSfHPxpJqp1Xx5qlm1vqR1Em5hhEelS+Zbo/EcrFHdeWjQ8UAfqvRXyr/wsL9tf/olP7M//AIcvWf8A5SUf8LC/bX/6JT+zP/4cvWf/AJSUAfVVFfKv/Cwv21/+iU/sz/8Ahy9Z/wDlJR/wsL9tf/olP7M//hy9Z/8AlJQB9VV8qf8ABbj/AJRe/FP/AK5ad/6c7Sl/4WF+2v8A9Ep/Zn/8OXrP/wApK+eP+CrPjP8Aap1P9gfx3B48+HnwI0bwhIdOGqXuheO9U1DUbeL+0rX5oYJdKhjkbdt4aVBgnntQB+mNFFFAHyz/AMERP+URP7On/Yh6Z/6JWvqavzM/4JJ/8E1dB+Kv/BMz4G+JLn4rftG6Rca34PsLySy0T4p6xpunWrPECUgtoZljhjHZEUKo4Ar6I/4dLeGv+iz/ALVX/h5te/8AkigCP4v/ALPGr/D74pfHHxl4Y+E1v8Rm8Y+HfDr2WkTalaxL4g1i0v8AUJGMz3UyhUgWWzf5yq7IwkeSu0eO+Kv2Bviz+0J4E0XQYY2+HR0r+1/GV5qXinTLK9e88W3s7GG4tLXTdUZLRbUeY8TPLKAJ49wkkDtTb79k7Rrn4j/Ezwto/in9sq+1T4e6bp1/Abv43avp8OufbJrqHfG0lz+7t4mtZC8zjJVXKI4C7/PL7R/h1p3wF8GeOf8AhY37V2oweJtcvtOvF0v48a3d2un6fYTyw3+sR3AlAuLGIRq6uEQussfCk4qYR/lfRL0T2+SdnronGLekSpPXXv8Ae1HX1bjdd3zSS1Z1HhzTP2i/2g9G+Jd5o2nfE7wv41W61yw1Bn8dRNpFo8mhRrBplhCLwrDcRalLHItysSKFjkPnkNsr1bWf2e/EV/8AtGT6e/wR12+8CeE1udQ0vUL3XNMvF8datLo8lk8+qXlxey36weRI1oqG3lLEh3Ploq1wviX4N/s/eDtZ8S2Op/tHftaWT+EVvf7Tnk+JXi4Wkb2dsLq5ijuM+TPNHbnzTFE7yFAWCkA1iar+zxpVj8S9B02HxB+2VcaD4tlubTw/cS/GzXrHWNXng0579nXTbmSJ4rbEZg86aSMiZkDRhGWQttOMWv5IrTZq2j+eritbvX3pK4lpKX+KXXz1T9FZN9FponY+o/2B/hb4n+H+s/FHU9b8O6z4Z03xdr1tqemWetSacdRhC2FvbPEV05mtVt4vIjihxiQpGS+4kM30VX59/sk/seeGf2m9J8W+Z8Uf2nNK1LwbrbaBqKWHx81rVrI3CwQTssdykqBnj84RSrtGyWORcsBuPrP/AA6W8Nf9Fn/aq/8ADza9/wDJFaTvp6K3pZW/CxnCyVl3f331/E+q6K+VP+HS3hr/AKLP+1V/4ebXv/kij/h0t4a/6LP+1V/4ebXv/kioLPquivlT/h0t4a/6LP8AtVf+Hm17/wCSKP8Ah0t4a/6LP+1V/wCHm17/AOSKAPquivlT/h0t4a/6LP8AtVf+Hm17/wCSKe3/AASd8NtbrH/wub9qfCMWBHxj13cc4HJ8/JHHA7ZPqaAPqiivlT/h0t4a/wCiz/tVf+Hm17/5Io/4dLeGv+iz/tVf+Hm17/5IoA+q6K+VP+HS3hr/AKLP+1V/4ebXv/kinP8A8EmfDUjZ/wCFzftUjgDj4y68Ogx/z8UAfVNeBfHH9nhtZ/a18J/EWy8JHxCNP8Ja/o2rst3Estwky2jW1mizSKqiVkmGV2pnBkYcGuR/4dLeGv8Aos/7VX/h5te/+SK+efix8FPB3wj+J2t2F74+/a5ufCPhjUotB1bXIPjhrhng1KXTjqEcMdp5uZIzCYlMnmAiSdFCMAzrnUcbWk+j/H3f1t5tpa3saU+a/u+v3a/pfytfobHhL9nD4jXHiOw+IniD4C69FqrwXOk33gq3uvD4sLC0bS5rPT4rPZqDxypbK8sUs8zRyOL1ikYjTy098+A37Ier/Cj46fB/xJeafFeal4f+Fdx4S8Ta2LsStLeIdHEESh23lD9mu3GxdudxbDP83xzonhnR/Eus2vhjT/EX7U138Qb/AEyDxHb6LF+0XrD2x0iazlu0uHulchZtsRj8nYR5jpiQxt5o6r4T/CnwR8ZPHvh2PSPiD+1t/wAIT4o1GDQrHX5fjlrizHUpdHXV1ia187Ih+zNs83zCfOBXZt+eui0lXlp7ytddvdnBX6688tXq5aN30MHyunGV/ds7dt4yfpZRTSVly62tqfpzRXyxd/8ABJ/w3e3cszfGX9qZWlcuVj+MeuogJOcBROAB7DgVH/w6W8Nf9Fn/AGqv/Dza9/8AJFZlnnmufC/x1qPjv4geJpv2ZdSvn8O2+oWPgXw2NR8PRaTrRuNVtrua/u5/7QMrTz3EEV1skijWJIXXLyvzyenfsbfERBrDH4deJptZ+JNtpxutV1GbRbf/AIRjVovEE+pXt6Ybe+mWG3dZonhW3eaTNmok+ch2y/it8FPBvwsvfi/FdeNv2ylh+Euj6dq0l1efGnW7SDVku57qDzIybgtHbRNbOXndcbQ7qrKoL8R4PsfB3jbw/Dq+n+Nf2qb7R9JRLjxPqVl+0FrVxZ2FrJq0+lQ3VjIHH2+F5bWeUNiH9zHuGXIjJh/dlBQ1svwd277Wu7t7apbWQYjWE+fROWvr7tvu0S3bu73bZ9V/sQfs9+M/hv8AGHSZtd8JXHh238HeGtX0HUNWlubSRPF11d6wl5FdRCGV5CoRJZGM6xsHvGABO/GZ+0z+z38RNa/ab1bV/B/hHW5Ytf1HQbme6N5ot94U1eOzkiO/VLW9Iv7e4t9shifTs52wsSWDKPM/2bv2a/DPxx+JFvpreP8A9q/RrDWtOu9e8L30vxy1u6Gs2NperaTSTQ+aPIbfJC6x5kDRzKSysGQRfEr9inW/Bf7UWhfD/T/E/wC0BqWmeIdOvdYtdXn/AGlPEltMtpZPZJcl7YW7gSBr1NiCUhwjZdOBUqahGlJ7Lma87SlKV/R82mlrW6Dnq6l93ZPy0ilb5W11Nn9lb9jf4laX8cPDA8XeHfHUPh7R7nxfbai2tX/h9NJtrHU7qeSI6XJpkg1IzSZgz9sJCIZcbHCV9UfsKfB6++AP7L3h/wAI3+kwaHLo9zqKxWELRtHbQPf3MkCr5ZKBfKeMgA8A4OCCK/PD9la++Gv7Qmh6pqepfFr9oDTrDSvBLeO7uXw/+0nrPiA6PaLt3W2oKpha0u8MSIsOG8uX5vk594/ZQ/Ye8MftO/B+HxFN8Sv2tvCusQXdxpur6FefGvXJbjR7yCQq8Lss4ByNjqcDKSIe9aRjJR5F0X4c0ld/9vXXl81dTfvty6v8bJ2Xys/+GPvSivlT/h0t4a/6LP8AtVf+Hm17/wCSKP8Ah0t4a/6LP+1V/wCHm17/AOSKkD6rr4b/AGs9Du/E/wDwWh+Cmm2F6+m32ofCHxvbW94n3rWR59LVZB7qSD+Fdz/w6W8Nf9Fn/aq/8PNr3/yRXyN+0R+wB4W+Hn/BWj4QaXe/Fj9oZdHk+GnizWbzVbj4oaxLqdklrNpxKw3RmMsURV2LxoQrlEJB2issQoOlJVNI2d/TqaUXNVIuG91b1PRvHf7Mvxk8c/ALRvh1pXwki0WDwx8M9Z8I3QvE0RrS4u5tIntg2m3qXhuf9Kuvs7MJ4Yl2BjIVfiuT+Lv/AATa+NXjLw82nR+HkuY/A3hzW/AXg5l1SzJ/smS3kaznxJKArSebb2zK3OdODMArKTT1L4Yw+GPhZqHjXWdc/acs9Bm8GX/jTRraH9pTV5dYlt7e1a6ijvbRmT7M08ana0L3SqwIcriuf+LXiL4efDrwh4T1Oy8bftcarL4i8CXvjW8hl+PGt2q6G1vGStlO/mN+8aSK6jLAYQ2rkg5AroqOXtJSn8Wt+jv77b8ml7RW6J2trEyppcsFDZPTqn8Ct5q/I79Xrd6n6Qfs+fswf8KV8aeKvFOpeKNU8W+KPGMVlbX95c2VpYxJBaCUQRxw20Ua5Hnyku+5zuA3bVVR6tX50fsnfsq+Gv2kvFXjDQbj4rftDwan4OWykuLvw3+0VrfiHSLhbpZWREulaEidPJYvE0YKh4mBIcV7Z/w6W8Nf9Fn/AGqv/Dza9/8AJFKV+oo26H1XRXyuf+CTfhowqn/C5v2qMKxbP/C5Neyc46n7RnHH8/Wmf8OlvDX/AEWf9qr/AMPNr3/yRUlHoP7YP7Pz/GbUvhjq1jo66rq/grxrpmrRyPcBBp9stwhuplV3CFxEpGQDJtZ1Xh2B+ZPH/wCzr4/+J/xZ1HxDL8D9d8O2HgjxBFc+HtIs7vQfsfiDTxr9lqOoTSyLfmWW9vWtVnSOaOKKPy9rPvkLVk/tOfsyeGP2dvFMlhD8QP2svEFtomhP4p8SXKfHTXLY6TpazrAZY0MrefLnzXEeUGyCT592xW881HRvB1l4ht9OXxp+1dJP4q1G90jwXH/wv/WRLrlzaaxb6POLlPNJsk+0XKOG/enyldiquBEVR92UHDdyco/4vdi7d9YWS6ty36VV1TU+ijF+nvS+Wk7t9FbVJu/0z4J/Y81y60n4P6/e+ETYa54a+KGs+KPsU95AX8MaTfzapKI9qStD5gFxbK4hLkFmVWKAmvLP2b/htr/jDwn4q1/RfD0njO38A/tPeMte1Hw5FNbxTapEJ763RoftDxwNNBNPFOqySICYeGDha4SPwX4XkMn/ABVv7Wu3wuVHjgn4963/AMU5u1e40kGD95/pg8+1uJP+WX7mMN99hFXKfsyfsmaP4W8G+Oraw8c/tHan4r8Q/HXxX4Q0DS9N+MGsaJbXslvc3Ez3V5MkjYIgt5ZJp/LklkZR8rswFPanHl25rr191fd7q166u/Ul+9Um5b8rUvR88nfs/fenRWVj1vxd+yj8dfHXjjSPiJD4Chh17wX4n1bxfoMEw0nSNR1GY2ukqkV2La6lgEt4Le+tvMEhxE6GXYSRWh+z9/wTh+LHhH45R31zqc3hKC+uPEepaxr9tFpupG+utTs/DJlxBP5mBLd2eokEx5UQDOFdN3Bt8PfDfhj4ifDjwz4m8a/tQWd1458R3nhu61DSP2idX1bTNNkijtzBOkyyI8sU013BABJHDIjucpgAnjv7a8JeIPF91pWiePf2gbKKDWdf06HUfFv7TWt6BY3tvpaaY4uYpNswJuF1ONo0OPkjLFucCFyRkn/dat0tywUvny8l16able8/W9/xlb5J89vV90fqr8DPg/pX7Pvwb8L+B9De7l0jwnpkGlWb3Th53ihQIpcqFXcQMnaoHoAMCurr4l+AH/BPTwh+0D8D/CXjiz+LH7W+mWni3SbbVobS7+Muu+dbrNGrhGxcEEjd1Bweo4Ndf/w6W8Nf9Fn/AGqv/Dza9/8AJFb1edVJe03vr6mVPl5Fy7H1XRXyxd/8En/Dd7dyzN8Zf2plaVy5WP4x66iAk5wFE4AHsOBUf/Dpbw1/0Wf9qr/w82vf/JFZlnmXi34Z/EO7+IXjHxVD+zDqN7eeGZLu08BaH9v8OppN20+rW15Nq93L/aQmluJJ4I7wRMkQRYCm4yybhkR/sZ+O9P0lrOz+H3ii5u/G+l6dA+p6rcaNDN4W1WPxJd6tf3sscF5KkMUpulmiS0aYj7MiNhgpPMfGT4ReDPhBqXxRt7rxx+2FDH8NLXRbhr7VPjdrWn2WoDUr2ezE/mNOzQ2cDwM0lw6fcV2VGVQX5jw3ofg7xb4U0rXdP8Z/tYXeiw2FvqniS9i+PutPDpdpcarPpkFzZsJMX0TyWs8ysPKzbqrjLMsZMPpyKGtn+ad+1r6tvTp0SSK/vKfPom7v742+7RLd6vdtkH7bn7PfjP4b/sG/E2bXfCVx4dt/B3gXUNB1DVpbm0kTxddXfiS0vIrqIQyvIVCJLIxnWNg94wAJ34/WSvxW/bm+Efh7xT+xN8TbiPxf+0pHbXfhubxB4WfW/jFq+s2Wv2Nrq1vZTPdWckmyNt0sMiRt5gKSoxZWVkX7+/4dLeGv+iz/ALVX/h5te/8AkiiP8KCW2tv/AAKTf/kzat02CX8STe+l/wDwFJfhbufVdFfKn/Dpbw1/0Wf9qr/w82vf/JFH/Dpbw1/0Wf8Aaq/8PNr3/wAkUAfVdFfKn/Dpbw1/0Wf9qr/w82vf/JFH/Dpbw1/0Wf8Aaq/8PNr3/wAkUAfVdFfKn/Dpbw1/0Wf9qr/w82vf/JFH/Dpbw1/0Wf8Aaq/8PNr3/wAkUAfVdFfKn/Dpbw1/0Wf9qr/w82vf/JFH/Dpbw1/0Wf8Aaq/8PNr3/wAkUAfVdFfKn/Dpbw1/0Wf9qr/w82vf/JFH/Dpbw1/0Wf8Aaq/8PNr3/wAkUAfVdFfKn/Dpbw1/0Wf9qr/w82vf/JFH/Dpbw1/0Wf8Aaq/8PNr3/wAkUAfVdFfKn/Dpbw1/0Wf9qr/w82vf/JFH/Dpbw1/0Wf8Aaq/8PNr3/wAkUAfVdFfKn/Dpbw1/0Wf9qr/w82vf/JFH/Dpbw1/0Wf8Aaq/8PNr3/wAkUAfVdFfKn/Dpbw1/0Wf9qr/w82vf/JFH/Dpbw1/0Wf8Aaq/8PNr3/wAkUAfVdfF//BFX/kTP2kv+zivH3/p1aul/4dLeGv8Aos/7VX/h5te/+SK+U/8Agk7/AME39B+JnhT48yXHxS/aH0o6L8c/GejRro/xR1jT1ukt9RKLPOIpgJblxzJM+XkbliTQB+q9FfKn/Dpbw1/0Wf8Aaq/8PNr3/wAkUf8ADpbw1/0Wf9qr/wAPNr3/AM"
14:55:31.809 [Test worker] DEBUG org.apache.http.wire - http-outgoing-0 >> "kUAfVdFfKn/Dpbw1/0Wf8Aaq/8PNr3/wAkUf8ADpbw1/0Wf9qr/wAPNr3/AMkUAfVdfKn/AAW4/wCUXvxT/wCuWnf+nO0o/wCHS3hr/os/7VX/AIebXv8A5Ir55/4Ks/8ABOPQvg1+wP488T2nxS/aG1y50c6dNHY+IPihq+rabcn+0bVds9rPM0Uq852upGQD2oA/TGiiigD8y/8Agkf/AMFcP2d/g9/wTJ+BnhbxJ8SLTS9f0Dwdp9lf2j6Xfu1vMkQDIWSAqcHuCRX0T/w+4/Zc/wCir2P/AIJ9R/8Akepf+CIn/KIn9nT/ALEPTP8A0StfU1AHwZ45/wCCkX7J3jDxb4q1+1+PWu+HNd8V6TpmkPfaRZXsMtgthc3NzBJDus2G4vdSCRZA8boApTBYN5pp3xi/YF1TVb6+8b/Ee1+KN1qVvfJN/wAJZ4be8gSe+nM13dwwpp6JDPLiFC0YUBLeMABt7P8AR3xB+LvxJ+EXx++OI0ybXPiFcQeGPDl74b0G109Wg0WS7vdVtmcQofMlVFhjllYsXkERC7RsVfnHT/2rvjT8SP2Z/htongCH4neLfH3hc6x4u8RXH+hWN/qcNjqVzb2NreLczwL9mu5FkRli3NizdVjIFZrk3fmn5Jpuf3JXl0dlZu2mnvXcV3T+dly/e2kv0vrxnw3+JP7J9r4M8TeGvGf7S/ijxF4fu7y//sW0azmY2cdzpSaYbyST+y1ka9MBnByzwZlLCPccj1O4/bT/AGVLj4+eJ/iB/wANQ+O473xTp39kTWEemKsGnWfkeUsFnONK+22qB/3/AO6uVJmw7FsAVbv/APgsV4j8SaB4y8Q+C9Q+GfiOxsYNYuNJ0FLO5/tfTrS20Qala6nfkXXNs8pS3ZVij+aZNsu7KVu67+0Nbyftj3PhmT49GLxb4Zs7m88bpY6gltZ2NudHkaPTtK0J5LiS4ukcpfNLsmdBGUaRg4hGk3L3effkW/8ALy9fO276bXv7pnG15cv8z+/m1t297Zd9dveJfgD/AMFKP2VfgdqHiXVJfj5qnjDxB4rmt5tT1bWtHnWeZbeFYIU2W1jDEAqDk7NzFiSTwB6N/wAPuP2XP+ir2P8A4J9R/wDkerf/AATU+J9z45HxQ01fFZ8a+H9D8RQDQNWh8QP4itns5rC3cINQkVXkmMnmSyxFcQNOI0JQLX1BVzvdX7L8UiKbTWnn+Z8qf8PuP2XP+ir2P/gn1H/5Ho/4fcfsuf8ARV7H/wAE+o//ACPX1XRUFnyp/wAPuP2XP+ir2P8A4J9R/wDkej/h9x+y5/0Vex/8E+o//I9fVdFAHyp/w+4/Zc/6KvY/+CfUf/kenn/gtj+y+sCyf8LVsdjMVB/sjUeSME/8u/uPzr6oooA+VP8Ah9x+y5/0Vex/8E+o/wDyPR/w+4/Zc/6KvY/+CfUf/kevquigD5U/4fcfsuf9FXsf/BPqP/yPTn/4La/suxnB+K1iOAf+QPqPfn/n3r6pooA+VP8Ah9x+y5/0Vex/8E+o/wDyPXjHiz9tz9j/AMX/ABqn8Xy/HjW7a2vdSg1270G3025TT7nU4LM2UN6W+wm4WRIfL+VZhGWhiYrkHd+iVFJpN3/r+r2fk0nukO7s13/r/gemh+VXhX4ofsV+A0N9oP7QviHQvFRYx/8ACQ6b4chtLs2rW8tu9sYY9JFqVYTSSNIYTKZW3l+AK7L4c/tY/sX/AAq+Imi6to3xv1e30Lw9dw6pYeGDply2mQahFpa6Ul3u+w/aC/2RQuwzeXuJfZu5r9I6KpNqTkt3b8Nvu3XnrvqJq65Xtr+O/wB+z8tNtD5Yuv8Agtf+zBZXMkMvxVsUkiYo6nSNR+Ug4I/496j/AOH3H7Ln/RV7H/wT6j/8j19V0UgPz7+Mf7ef7HPxp1fxTqF98atQsL/xTYaNZPNZ6Zd/6A+lX099ZzwrJZOpkE85LCUSRsEQFMbt3n9n8d/2NbfWLu+k/aK8Vz3HiO6S68XbtKZE8XmO+N9Glyq6aBEiTM4AtfJJSRwxYndX6iUUQ9yXNHf/AD3++yv3sr7IJe9Hlltp+G33dO3Q/PX4Aftyfsh/Av4hHV9O+Omraz5Npc6ToWnahpVx9m8PWdzdi6mt7fyrGN2VpVj5meRgsMagjB3dh4k/4Kn/ALJHij4xaB42uPi+U1Xw7pGo6LbRR6XfC3eG+ktJJWdTali4NnFtIYABnyGyMfbVfDH7WnxgsdH+LPxmTxp8VvEfw58QeFNKtp/hnpdhr8mmDVN1kJPtMNmrBdWme/MluYJEnUCKNRGpky2VRxUVGSuknp1s73SXVu703d2+5pCLnNtbtr06JX7Jaeh4lpXxP/YrbwfoPh7xF+0h438Z6D4Y0SHwzpthrGkxLDDpSXNncS2Ti20iEzxT/YLeKXzi7NGHUMpdifYvgV/wUM/Yp/Zp8R+K7vwP8Q9K8NaZ4vmtru50LTvD91aaTa3MMXktcQQRWa7JJUEQk5IbyUIAO4tz/gC/+LPjmy+O3jrxC2q2Vx4QW9VZofiXrNn/AGFdp4Zsrg28WiRxGxkRLmZyHeYNlidpKLn6R/4J2+BfFPhr4KWWq+LIbtNQ8Q6bp92sk3xF1fxf9pBg3mTGoQxC0ZmkJMcIZTxljtWupKTUm3sot+ftLy366pt+eqvdswcl7r7uS/8AALJ6dN0vwdtEcr/w+4/Zc/6KvY/+CfUf/kej/h9x+y5/0Vex/wDBPqP/AMj19V0VkWfKn/D7j9lz/oq9j/4J9R/+R6+S/j1/wVJ/Z08cf8FdPg34kfx/YX3g6w+G/ivRtVuH0u+8tZLqfTdkLIYd7b1jk6AjjkjIr9X6+G/2s7/UtL/4LQ/BS50a2S91i3+EPjeWxt3OFnnWfSzGh9iwA/Gsq8oxpylNXVndb3+RpSUnNKLs777HiGrfFT9izxTpdvpmuftGeL9Z0fSNAvvDWh2txoyLLolldWU1iUS6TSlupjFbzyJH9ollUZDMHcbqm8TfEn9g7xSniRZfjR4hhXxPeandXAjs7ki3W/hMc0EQawbbCHeaZVOcSXMpJIYKI/Fn7WaeHPgpJL4Y+Jvj3XviD4g+Fuu3/iO5i8brdyaNq8Wkz3MjXGjuzPpLW1xD5aNbxwKskixsGOKwv2gP2vvi9feDYLK38W+J9Mu/hr4Q8QeENdltbx7J9e8QW1qzm8aRcHcII7K4jdfu/b3I5FdE1JTkm7tJ3e91eV3fdrmSXNa7510uZRs+R7JvTpZ2jpbZPlbduii+p9b6F/wWX/ZN8MaeLTTfiToun2qksIbbQb+JAT1O1bYCrn/D7j9lz/oq9j/4J9R/+R67P9jH4V/EP4da14vuPFkt/Y+G9TFn/Yeh6h4vuvFd3p8qLKLqZr25QSBZd0IWHdIq+SzAjeVHvFKWjFHY+Vj/AMFs/wBl4RB/+FrWO1iVB/sfUeSMZ/5d/cU3/h9x+y5/0Vex/wDBPqP/AMj19V0VJR+ef7RP7df7IP7R3iePUr7466togudKbQNZtdL0q4EPiDTWmSc2lx5tjIyruVhuhaN9sso3fMCOH1/42/sS+IviVrnjCX46arD4l1G7+36dqUHh8RXOh3H263vllSRdMD3JWW1gVfthn2xJ5YwrNn3X/gpD8a9a+HHxOa3t/GWp+FLiw8GS6v4LsrXUPsi+J/EIv4o1tGjyPth2GFPsxDAi7dtu4Ky+K+Lf2o/E9r4wgjb4la5bS6vrup2XxPtl1kqvgXT4vFdjZWsirn/iWA6fLOolXyzJGWn3FkEgmlr7Ll0u5KPk+azfl7ycrr4b82l2VU05ubW3Lfz9269fdtG3Vrl2Q1P2hf2Mo3t8ftB+J8XpVvE6/wBlyY8ZFdTm1UfbP+Jd8n+l3E5xbeSNkzJ93bt4f9lT9vH9mjxZ4A+JFv4i+Lt94N12z+OPirxh4Y1jStOuTe2InvJ1iuEElpNCyy288qNHNGwKysCoOCO9t/2ofFDvz8Stc36Q0Y+F6/2v/wAj8D4rvbI7xn/iZj7BFYplt+I7jz/vOJBc+DvjufwV8MPGkV94i1Dwb4D1n9pzxjZeMdfs75tPfTbD7ReyRBrxSGtI5btLWFp1ZColwHQtuFP+HFrZy06WfMu21n0W3RX0J/5eVE90nfrf3bv1utLv4urtqctJ8Sf2HdQ0bVI7749eJbjVtZlv7q51W30j+z51urqCyhW5ijttMjgikgGn2rRFIhh0LP5hJNdh8Mf2n/2FvhT8RrHxHY/FFrx9MhuobSwv9IurizgWe10m1O1TZbsrHo1rtO7IMk2c7lCcveftra14S8X+Dte8L+LfGU3w/wDh14p1y812O58Up4mstW0aG00prpUv42dryG1ivbmZTLJJKksDIWOwAM+GPjz4yfHL46x6Jf33jXX7jV9U8Ua0NEg8eXvhQaPE9j4WurS3M1sCzJaDUZoxEVZcySNgmlCX71ci15L+fKoppfNNpdLxettR292zel3993f1tZN+UlbsfUY/4Lb/ALLgH/JV7D/wT6j/API9H/D7j9lz/oq9j/4J9R/+R698/Z/8N+KfB3wO8JaV431iHxB4w07Sba31nUofuXt2saiWQHauQWB52rnrtXOB19XNcsnFO5EXeKZ8sXX/AAWv/ZgsrmSGX4q2KSRMUdTpGo/KQcEf8e9R/wDD7j9lz/oq9j/4J9R/+R6+q6Kko/Pf4zft3fsefGfxPreuXHxv1LSdZ1eHQ1iurHS7k/2dLpF7cXtnPEktk6M/nXD7xKHRlVRtBBJ4ez+Pv7GVm8ZH7QvigjUZPN8Tp/ZbhPF5GqTaqBdAacBEouric4tfI+SZ0ORgjs/+GlvCPjP45/EiHTf2h9Rt/DWgG703xHLceMY4JbvUm1W2WKG1gjWWTS7C1G+xmvo4os/ad+9nj84cZoH7U3ixNE+G2sa58QYNV/sVZraPw5a+M7+zv/GMh8RzWUcunzJCE1iJII4ljd23zL80qR+eHow3vOm4aczv96evnzJL1XK3ZJMMRpGanry6fNWt6ct3/hd7e82jyb9vj9p/9lzRP2Ifita+DfjNrHirWLzQZNG8M6LfadMlvodrcarBez21uy2UTFWdE+aeSRgkEahhg7vu7/h9x+y5/wBFXsf/AAT6j/8AI9fEH7XPxz8YeNP2Wfj34cv9e1PxNBa+Eb+fxVdSa7BqNjDqkXiO1hs/s1ujF9PQ25uE+zypCx+zkmNihlf9iqI60YSWzTt/4E0/vd33d7vVsJ6VZxe6ev3L9LL5aaHyp/w+4/Zc/wCir2P/AIJ9R/8Akej/AIfcfsuf9FXsf/BPqP8A8j19V0UAfKn/AA+4/Zc/6KvY/wDgn1H/AOR6P+H3H7Ln/RV7H/wT6j/8j19V0UAfKn/D7j9lz/oq9j/4J9R/+R6P+H3H7Ln/AEVex/8ABPqP/wAj19V0UAfKn/D7j9lz/oq9j/4J9R/+R6P+H3H7Ln/RV7H/AME+o/8AyPX1XRQB8qf8PuP2XP8Aoq9j/wCCfUf/AJHo/wCH3H7Ln/RV7H/wT6j/API9fVdFAHyp/wAPuP2XP+ir2P8A4J9R/wDkej/h9x+y5/0Vex/8E+o//I9fVdFAHyp/w+4/Zc/6KvY/+CfUf/kej/h9x+y5/wBFXsf/AAT6j/8AI9fVdFAHyp/w+4/Zc/6KvY/+CfUf/kej/h9x+y5/0Vex/wDBPqP/AMj19V0UAfKn/D7j9lz/AKKvY/8Agn1H/wCR6P8Ah9x+y5/0Vex/8E+o/wDyPX1XRQB8qf8AD7j9lz/oq9j/AOCfUf8A5Hr5S/4JOf8ABV/9n34R+FPj1F4i+Itppsmv/HPxpr2nhtMvpPtFldaiZIJhshOA684OGHcCv1Yr4v8A+CKv/ImftJf9nFePv/Tq1AHS/wDD7j9lz/oq9j/4J9R/+R6P+H3H7Ln/AEVex/8ABPqP/wAj19V0UAfKn/D7j9lz/oq9j/4J9R/+R6P+H3H7Ln/RV7H/AME+o/8AyPX1XRQB8qf8PuP2XP8Aoq9j/wCCfUf/AJHr53/4Kuf8FXv2fvjt+wJ498JeE/iLaax4i1v+z4LGzTTL6NrhxqNqxAZ4VUcKTyR0r9M6+VP+C3H/ACi9+Kf/AFy07/052lAH1XRRRQB+Zv8AwSU8Y/tZ2H/BM34HQ+DPh9+z7qnhOLwfYLpN3rPjvVrHULm2EQ8t54ItKmjjkIxlVlcA9GPWvoj/AITv9tn/AKJh+zD/AOHI1v8A+UtSf8ERP+URP7On/Yh6Z/6JWvqagD5B1n45/tf+HU1BtQ8D/sm2K6Rare3xuPinq8Qsrdt+Jpd2jDZGfLfDNgfI3PBrP0n9qD9qrX/Dun6vY+Gv2Pb3SdWu1sLG9g+LeqSW95csxVYYpBo5V5CwICKSSQRitT49fsb3eqePfjvqGl+EtYv9J+I/h3w3HP8A2RrFpa6lrd3a6jfyXaJJd+YgZbeS3CrMqxMpESugBKeVeM/2Jvjv+1D4S0zw3e3Vr4G0Hwg+ra54ZvfE9ha6nqSXss3l6X5qafdwxx3dpGs0omPmLi6iBEkiSYmMu/a/3brzdvh7vz0Ka7d7fetH6X0l2+9r0rwbbftgfD6XWX0f4RfswWbeINSk1fUCPibrz/aLqRUV5Pm0Y4yI0GFwOOlMk/aP/ayi8dt4Wbwn+yGviZLX7a2kH4saqL9YP+exg/sbzPL/ANrGPevGfDmmftF/tB6N8S7zRtO+J3hfxqt1rlhqDP46ibSLR5NCjWDTLCEXhWG4i1KWORblYkULHIfPIbZXq2s/s9+Ir/8AaMn09/gjrt94E8Jrc6hpeoXuuaZeL461aXR5LJ59UvLi9lv1g8iRrRUNvKWJDufLRVqndKPbki12ty3S+SslbfZLl95TvKXfmkvmpWd/V3bfTVvX3TU+H/x4/a1+I/h3+0vC/gr9kjXdL8x4lutK+KerXVuZFbDrvj0YruBzkZyD1rnbX9uH9ou+8aX/AIbhtv2JpvEWlCc3ulp8aNQa9sxAC03mQjSN6eWFYvuA2gHOMV65+wP8LfE/w/1n4o6nrfh3WfDOm+LtettT0yz1qTTjqMIWwt7Z4iunM1qtvF5EcUOMSFIyX3Ehm4jwN+y941+FfwK+K1/qeka/8SLvWfEHifUdL+GNzNoMOlaol1rFxc2jfamhWZBJG8cjCa7YKHcGPIVAT91+XLfvrZaaebe3bpuEPein1ckvl72uvot7b/Ix0/a+/acl8LaTri6P+xk2ia9ciz0zUB8YdSNrqM5JURQy/wBj7ZHJBG1STkHipL39rL9qLTfEep6PcaF+xvBq2iW7Xeo2Mnxf1NbmwhVQzSzRnR90aBWUlmAABBzzXkfj39i74s+I7CPxPH4L8anxL4j0vxJHq2mOvhpbUa7qDacYJpbZ7q6t/wCyDHaeS6LK87LDmRHMhY+ir+z78Q/B/wAZvE97Z/DDxD4n0XVL/UNU8S6fq+q6DcaXr7NPbPZyaUXQTRzx+WZFiulSMeSI3kb91KBbK+mjfezWlr6J9XfS6srLVoflrql2079128mnrtfsvC3xm/bF8ceHrTVtF8BfspaxpV/GJbW9sfijrFxb3KHoySJopVh7g1of8J3+2z/0TD9mH/w5Gt//AClruv8Agn38L/Enwi+A95pniaz1KyubrxJq+q2q6rJavqktvdXstyst59kJtVuHaV2KwYjAKgKpBA9wqpK23l+Kvb5bCTvfybXrZ2v89/1Z8q/8J3+2z/0TD9mH/wAORrf/AMpaoeMvjb+178PPCNzreveB/wBlLRNMsAZLy91H4oava2lrH8oDvK+jBV5JBzgDjk54+ua8c/b7+Hmv/FP9lHxJovhjRp/EOtyz6fc2+mwTwQSXggv7ad0V55I4g2yN8b3UEjGeah7FLc8Q8G/tU/tTfEbRrHUfD3h79jrXdP1S6aysrrTvi7ql1Dd3Co0jQxumjkPIER2KqSQqscYBrd0r4s/tl68Lg2Pw8/ZXvBaTvazmD4nazJ5MycPG2NFO117qeRXG+Lf2VPiP8cf2n9O8faZ4c8SfBnTbrxTpFxcCG60OXWbRbLR9et5tTeMNeWbGZ9QsrYD97KUgDFUCgr73+w38FvEvwM8GeN9N8UXmpapean431bVrbUdQezN1qdtPKrRTyC0SOFGYD7qxpjHKiqp+9KSlpZXXm7w/+Sk+/u7aOy"
14:55:31.811 [Test worker] DEBUG org.apache.http.wire - http-outgoing-0 >> "qe7y8ut7fK/Pf7uWP/AIF5q/A/8J3+2z/0TD9mH/w5Gt//AClpX8d/trhvl+GH7MZGB1+JGtjnHP8AzBfWvqmikB8q/wDCd/ts/wDRMP2Yf/Dka3/8paxrj9oH9rm08cQeGZfBv7JEfiS6tmvIdJf4rasL6aBTgyrD/Y28oCMFgMe9fYdfEH7TH7KPxF+JPxn8bWGgeHri2n8VeJrTxJpXjn7Xarb6LbQ+H209rVh5v2oS+eJMKkRQpeM24fOKznNx2V/+HS/BNv0TW7RcIqV7u39frt87hcftm/tK2vhq41mXTf2LY9Hs746ZcXz/ABk1EW0F2ASbdpP7I2rKADlCd3HSr9t+1L+1ReeMLTw9F4c/Y7l1/UIFurXTE+LmqNeXMLIXWRIho+9kKAsGAwQM9K8e8J/sZ/EnTfCuktqPw9+J32fw7DpyWMenaj4Ut9cg1ODSbuzklPH2efTlMyJCjyrJGXlPlmJtteufBD4EfFvwf+1B4d8Qajomu22s6rcWVx451g32kXHhi/t49AitZVs4VRL23mF7FEFQKUAWRvM2SeWOjkXtZU09FbXvddPnq+y7vbHmfs1O2rTduzT2+7Rd32R19545/bUS7lEHwy/ZlkgDkRtJ8RtaR2XPBKjRiAcdRk49TUf/AAnf7bP/AETD9mH/AMORrf8A8pa+qqKzLPlX/hO/22f+iYfsw/8AhyNb/wDlLR/wnf7bP/RMP2Yf/Dka3/8AKWvqqigD5Yt/HX7azXCCX4Y/syLEWG9k+I+tMwHcgf2KMn8RWVqPxc/bCtPEenaZd/D39k+LV75JZrC0m+J+sC5uFjC+a8SHRdzBQ67io43jPWvryvi/9pb9mP4y/EX9q64+MHh+PRIz8Mb7TIPCWhXFskl/r9kis+pmC7+2pDafakvJ7crPExJsoWJQYaiOtSMXs932Xfz1tdLW12k7A/glJbrZd328tL6vTp1Mfxj+3N+0T8PLq0h1+D9iTQ5r9pFtY9Q+NOoWzXJjkaKQIH0gFisisjY6MpB5GK7yH4g/trXEKyR/DL9l90cBlZfiVrZDA9CD/YteN2//AAT2+M2s3XiyTStZvPAF5deHvENpZuE0jULPV5brxNqd9Da3KzRXEiRyWtxEfMi2Mnnckshjr7e/Z38O/wDCHfAPwVpH9gXnhT+ydCsrIaNd3kd7PpQigRBbvPG7pKybdpdWIbGc80Uvepc8tH2+c1+UU/8At7VJcrkVfdq8kdV3+UX/AO3NfLRvVLwf/hO/22f+iYfsw/8AhyNb/wDlLR/wnf7bP/RMP2Yf/Dka3/8AKWvqqigD5V/4Tv8AbZ/6Jh+zD/4cjW//AJS18p/GPxf+1bJ/wWK+CM954A+AMfjKP4e+KF0yzh8daq+mz2pudN895pzpQkjlVhFsRYnVgz5ZdoB/Vavhv9rPQ7vxP/wWh+Cmm2F6+m32ofCHxvbW94n3rWR59LVZB7qSD+FRVk4wcoq7S27+RdOKlJRk7Lv2F0n9sn9o/Vdb8R2djpf7FNzqPheJ7nX4IPjHqLz6RHHw8l0o0jdCq4OTJgDHNaniP9qH9qnwfp1reat4b/Y90u0vbKXUrae8+LmqQR3FrEqvJOjNo4DRIrqzOPlAYEnBFeYeO/2ZfjJ45+AWjfDrSvhJFosHhj4Z6z4RuheJojWlxdzaRPbBtNvUvDc/6VdfZ2YTwxLsDGQq/Fcn8Xf+CbXxq8ZeHm06Pw8lzH4G8Oa34C8HMuqWZP8AZMlvI1nPiSUBWk823tmVuc6cGYBWUnWUbScYu9lv3tzLZ93yWV72bfQiOvK5aXe3b4Xv6OWtrXSS3Pffhp+05+1Z8aNFk1Lwd4Y/Y/8AFmnQymGS60b4t6rfwpIACULxaOyhsEHGc810f/Cd/ts/9Ew/Zh/8ORrf/wApa9U/Z8/Zg/4Ur408VeKdS8Uap4t8UeMYrK2v7y5srSxiSC0Eogjjhtoo1yPPlJd9zncBu2qqj1ak7dBK/X+v6/rsfK58dftreSpHwx/Zk8zcdw/4WPrWAOMYP9i9evbsPXhv/Cd/ts/9Ew/Zh/8ADka3/wDKWvqqikM+OfFnx5/a18HanpFrrvgr9kbSrzWLr7NpcN/8VNWglvp8f6uBX0YF5MH7q5PNZ8/7T37UMF54kgk8M/sbJceGYhJ4gjb4t6mH0qMrkNdD+x8xLtzgyYGK3f2/v2fPGfxR8f6pJ4f8JXHimHxb4Fl8I2N7Fc2kS+FL9r6OcXsvnyo4jwEkLQLI+6zQbclK8Iu/2IfixbfGi518+Ctf1a00jxHfa5f6dNe6Qunahbv4qstVWHSCJlnkaeGB5pV1FgqyxokbRKStKn7zgpaKXNd/y2lZX73XvdLp2V7aufuqTjq1y287q79LP3fVXejPVr/9qz9prSovD0l14f8A2MbZPESq2hNL8XtSQamGwqm1J0f96DvUDy853D1r5/8A2Kf2jP2h/gh8Nvi9qV5on7LWh6JdfGTxXDfXni34m6ho8K6m9/I09tCzaWyyRBlfy2Yq7qpJjTkD0+D9lH4o+H9c0jxBoXgvxfpHim7v7660bytV0SbRvDdvd+JLi/e11K2k3OMWsqFmtJJgSCiBXjjdsr9nb4G+Lfjbpmqf8InfS6O/hn9qXxvq2o6pHDaztptr5erW/mCG4ysuZbiKPaFZh5m7GFJDd/Zxl1bs12V7fl127aatbTmukU2n3sm/Pd6Jav56Hq/hj9of9rHxTp9vLovg/wDZD1G1msRqED2XxX1WaN7TJUTqU0YgxZUjePlypGeKzk/bB/aal8a6V4bXSP2MW8Ra7ape6bpQ+MWpG91G3dS6zQw/2PvkjKgkMoIIGc1Zb9lvxL+x14+vrzwd4T8W/FSw8UeEdT0u6uLS50q0uotXutTuL9pZo5ZbWGO3ke7kA8hSI/LwV53HjfAv7G3xQ+E3ijwdpGleFNVcWVz4SbV7o3ui6l4O1YabZ2FtNeXEN1t1S1v4UtpFhNkPLLR27NndIFqlaclfS7X4ymn20SUZXtrzbLdFT3FK2tr28/di1823JWvpbd9fWf8AhO/22f8AomH7MP8A4cjW/wD5S0f8J3+2z/0TD9mH/wAORrf/AMpa+qqKkD5ZvPHP7aiXcot/hl+zNJAHIjaT4ja0jsueCVGjEA46jJx6mo/+E7/bZ/6Jh+zD/wCHI1v/AOUtfVVFAHxbe/tR/tS283iG3uPDf7HKP4WiEmuxSfFzVAdIjYZDXIOj/uVI5BkwCKv2Xxq/a51XSdH1C38B/sk3FjqpRdKuY/ijqzxXhdCyiBxo2H3IGI2E5APavKvG/wCxh8SNavrJYvAOpJe/D/VNb1Y6qkumXMfi6a78VWOrWbJA90jXCRxW7vLFctbHcNkcgYhx6L8Jv2KvFlr4O+C+teItDjuPF/hn4mav4pulMkEA8P6dqEmqTMqQpM8KN/pFurLC8rLuKiSRQzEo+/GLlpdpP0ulf8W9bWS3dwre6pcutua3naLf4tJaXu5eWvz/AP8ABUr44ftI+N/2A/jXpOr+GP2Yf7N0i0gh8SDw38SNR1LVdLY3MO0NbtpcYEhwvyyOnGT2xX1T/wAJ3+2z/wBEw/Zh/wDDka3/APKWvkX9tz9nvxn8N/2DfibNrvhK48O2/g7wLqGg6hq0tzaSJ4uurvxJaXkV1EIZXkKhElkYzrGwe8YAE78frJQtacZdXf8ABtfikpeSdglpOUVsv8k/wbt8j5V/4Tv9tn/omH7MP/hyNb/+UtH/AAnf7bP/AETD9mH/AMORrf8A8pa+qqKAPlX/AITv9tn/AKJh+zD/AOHI1v8A+UtH/Cd/ts/9Ew/Zh/8ADka3/wDKWvqqigD5V/4Tv9tn/omH7MP/AIcjW/8A5S0f8J3+2z/0TD9mH/w5Gt//AClr6qooA+Vf+E7/AG2f+iYfsw/+HI1v/wCUtH/Cd/ts/wDRMP2Yf/Dka3/8pa+qqKAPlX/hO/22f+iYfsw/+HI1v/5S0f8ACd/ts/8ARMP2Yf8Aw5Gt/wDylr6qooA+Vf8AhO/22f8AomH7MP8A4cjW/wD5S0f8J3+2z/0TD9mH/wAORrf/AMpa+qqKAPlX/hO/22f+iYfsw/8AhyNb/wDlLR/wnf7bP/RMP2Yf/Dka3/8AKWvqqigD5V/4Tv8AbZ/6Jh+zD/4cjW//AJS0f8J3+2z/ANEw/Zh/8ORrf/ylr6qooA+Vf+E7/bZ/6Jh+zD/4cjW//lLR/wAJ3+2z/wBEw/Zh/wDDka3/APKWvqqigD5V/wCE7/bZ/wCiYfsw/wDhyNb/APlLXyl/wSd8X/tW2fhT49Dwl4A+AWoRSfHPxpJqp1bx1qto1vqR1Em5ihEelS+Zbq/EcjFHdeWjQ8V+q9fF/wDwRV/5Ez9pL/s4rx9/6dWoA6b/AITv9tn/AKJh+zD/AOHI1v8A+UtH/Cd/ts/9Ew/Zh/8ADka3/wDKWvqqigD5V/4Tv9tn/omH7MP/AIcjW/8A5S0f8J3+2z/0TD9mH/w5Gt//AClr6qooA+Vf+E7/AG2f+iYfsw/+HI1v/wCUtfPH/BVnxd+1XqP7A/juHx74B+AekeEJDpw1S80Hxxquoajbxf2la/NDBNpUMcjbtvDSoME89q/TGvlT/gtx/wAovfin/wBctO/9OdpQB9V0UUUAfLv/AAROuWu/+CSX7PErBA0ngXTWIRAigmEdFUAAewGK+oq+Wv8AgiKNv/BIr9nTP/QiaZ/6JWvqWgAooooAKKKKACiiigAooooAKKKKACiiigAooooAKKKKACiiigAooooAKKKKACiiigArzXxH+0dH4f8A2oPDfwzPh3XJH8QaPfasNbZFSwiNsYQbdSTullImBO0bUAGTlgK9KrlvEfwj03xP8WfDHjGea+TU/Cdpf2dpFG6iCRLzyPNMgKliR9nTbhhjLZB4wdf67f56h0Pnbx3/AMFUbDwj4IGpnwbc6VeTeNLzwjFZ+JdTXSPLS2sTeveTuscxhQx7cIVLrvXfsIYL6To/7aej6/8AtKeFfhnY6edSv9e8Pza5fapY3aXGm6Y6R28iWwlAHnSSR3AkG0DEflscCVMy+Jv2Oob+DWzoHj3x94Nu/EOu3evX0+lXFo4me5to7aWBop7eWJogsSMm5GdHGQ+CVOH8Mf8AgmT8I/gz8UPB3i7wxot/pGreCrKaytBFqMrQ3Ykt4LbzJ0YkPIIrdACNuedwbC4dK1lz9o/+BclpfLm1T+VuXcq7vk7yt6c3u/Pl0f33ufQFFFFIAr4h/aj8Qjwp/wAFrfgdqTRecunfCXxrdmMEAuI59KbAOOM4r7er4k/ab0KLxR/wW3+BWm3BkSDUfhP40tZGjIDqr3GlKSCQRnB9DWVf2nspey+Kzt69DSjye0j7T4bq/p1LXwu/4K+QeNrHQnvfCfh15vEmn6LqtqnhzxjHra2EOpanY6esd8fs8TWtwjX6OIyrCQQzAOChrt/2jf8Ago1B8B/Gmv6H/wAI/pSf2FrFhpM+t+INeOj6BZfarCS9E15eC3m+yp+78pS0bBpHQEqDmu9n/Ys8Hp+y/YfCqxN/pGkaXaabBaanYiCLUop9PaGS1vC3lGJ50lt4pMtGUZlOUKkrXP2H7Bq2VxeawPil8TYvHOpaouqXfim3k0yK7uNtotots1r9jNi0AiUYV7ZmDZcNu+auity+9Gn0bs+6urK3kr3+/fRY0ea16nVbdnb/AD/y21PVPgl8SH+L/wAJtB8TSaemlvrVotybaO/hv448947iFmjljOMq6nDKVOATgdTXH/AX4JaP+zr8KNL8IaE93Lp2lmaQTXTIZriWaZ55pX2KiAvLI7bURUXdhVVQAOwpTtzPl2CN+VX3CiiipKPNvj/+0bH8Btc8D2L+Hdb1r/hNfEFroX2q1RVtdK86RYxNPIxwPmdQqKC7knACq7Lw3xB/b0i8GfEPxt4Xh8Fa9NqvhmXQbLTDeypZQ+IbrV72eyg8tiGaO3SWBt0zJyocojgKX9Y+K3wj034wWWhwalNfQJoGt2Wv25tXVS89rKJY1fcrZQsPmAwSOhFcf8X/ANjzQPjB4n17XJ9W8QaTrWtW2ixRXljJBu0ubSb24vbO4gWSJ18wTXD7xIHRlVV2j5sqN+Vc38+v+C0NvP47X6tX0HK32f5V/wCBc0t/K3L+NtTzCP8A4KbJKZMeBbvb4XKjxwTqqf8AFObtXuNJBg/d/wCmDz7W4k/5ZfuYw332EVeOfs3/ALaGm/scfDfx/quuaLfanpPiX9pLxloV7c2IVTolsLi9upb+RAMvFDHas0mPmCbm524Pvaf8EzPCsb2+PFnjbF6VbxOvmWWPGRXU5tVH2z/Rvk/0u4nOLbyRsmZPu7dvm3/BPH4IaP8AF3S/iLfawbonwZ+0P451i0gQp5N1JJNe2TJMrK26MxXcpwCp3BecAgt35I2+K+vZ67ejX/b3zF9uf8tny99tL/3r7/Z/E0vij/wVx03wP8Rm8P2+n/D3T1SfWY11Dxf4/i8O2d4unXFtARbyNbSiWSX7SGVPlwqn5jXX+Dv23fHvxE+I3w00vSvhZo9rpPxO8Nt4qsrjV/Fc1lqFhaQiw+0pParYSBZ0a/QIglKuI2JdMgVY+DX/AASu+FnwU0/UNOs49d1jQdS07WNIk0jV7qO6tEs9SuYLiW3X92H2RfZ444suSkYwSxAYeieBP2XtM8E+IPAOrS+IPFWv6p8PPD174asrzVbqGaa/t7p7NnkuWWJTJMPsUIDjbnLlgzHcHSsoQ59XZX9bTvt58m3mKrd1Jcnw3dvT3bf+3b+W/T02iiikMKKKKAPD9f8A2xryH4gfErw1pPgPWLnUPh7YaZfLPqd7BpVnqcd5PdQvcCSQkxWsH2WV5JmUsyo5jjkwu/z7w5/wVOsfF/hLR9f0zwdNe6GunWureJL2LV42i0q0udUn0yGe1ITF7G8ttPMG/dZt0DjLMI69l8f/ALMln4z8ZeI/Edj4o8XeF/EHiLT9K05r7R7qGNrNdOurm5haNXidW3tdSrKkoeORMLsHJPm1p/wTD8J2LReX4s8bBNQk8zxOnmWO3xgf7Um1UC7Atv3Y+13E5xa+QNkzp0xgpfEufa/6P8L79V0vfQq/DLk30t+F/nvbo762sr/Pf/BSr9tf/heH/BPP4uaa3hiTRbHW/DEuu+F76W7juhrFjaaxbWc0ksOweQ++SF1TMgaOZSWVgyL9UfGL9qbxf8Lv2gdB8F2Pw2TxTbeIoLq7tJ9P8QxpqBt7WASTzNayRLGqCV4YFLTgNJPF0BO35l/4KhfsYaJ8BP8AgnT8Z9bsdd8Sawtr4dfS9E0/UGtjbeHbO51a3u5re38qFJGVpVj5meRgsMagjB3fZ/iL9nzSfEvxH17xVLqGu22ra94ZXwsJLS7+znTbYSzytLauqiSKdmmBZ9x/1EOACpJnXlhfezv/AOTcvz+FPpvboVpzTttpb/yW/wB3vNX8kfN/jb/gr7p3w9+Fup63qvhnQrW90XxTceFr938XQ/2HBcwaZ/aMkY1HydrT7QbcReVzdKY92B5lfXPgvxMvjXwdpOspa3dkmrWcN6tvdx7J7cSIHCSLk4cZwRngg18/Xn/BNXTL7W5fEUnxI+Icnjq4nZp/E8iaU93NA1kLFrdoDZfZdvkgfP5Pmbud+CVr3j4ZfD3TvhJ8N9A8K6OsyaT4a0630qyWaQySLBBGsUYZjyx2qMnvWitaV9/dt93vfjZrfqtkm83f3bf3r/f7v4abee7styiiipKCiiigAooooAKKKKACiiigAooooAKKKKACiiigAr4x/wCCLEhfwZ+0jnHH7RPj4cAD/mKtX2dXxf8A8EVv+RM/aS/7OK8ff+nVqAPtCiiigArxz9q79qLVv2ZdOj1aPwVNr/h2zhW41bUDqkdmYQ9xFBHbWsZVmuryRpMpD+7VtuBJuZVPsdePfH39kCP4+fFrwh4vk8feOfDdz4JEj6dp+mR6Vcaf9ocjN00V7ZXH+kBMxrKpVkR3C7S7Ei+ON9r6+n9dg+zLvbQwPi/+3la/DbxvLYWPhbU9W0jQLW01DxPf3DPpsuj2t1qMunwyRW80Qe4PmwTueUXyYt6NJvRW+Zv+Ck/7a/8AwvH9gP4maY3hiTRbDXNHi1zwxfS3aXX9sWNrr9lZzSSxbB5D75IXVMyZjmUllYMi/V"
14:55:31.813 [Test worker] DEBUG org.apache.http.wire - http-outgoing-0 >> "PxO/Yb0v4s+M01jVfGXjJjdxW9nrdtH9gSHxDZ21+99aWtxi13LHDJI6AwmN2jdlkdyd1fMf8AwU+/Yw0T4Cf8E+vitrdjrviTWFtdNt9L0TT9Qa2Nt4dsrnXrO7mt7fyoUkZWlWPmZ5GCQxqCMHcU/s8/96/3Pl/G3y5r62Cf2uX+7b8Oa/8A5N/5La2p+hlFFFAHyz/wRE/5RE/s6f8AYh6Z/wCiVr6mr5d/4InrEn/BJL9ngQPJJCPAumiN5ECMy+SMEqCQD7ZP1r6ioAKKKKACiiigAr4C+Hes61pPw/8AjL8UPiH4z1zwf4L0PX/Ftp/wl0XxI1a6uNOt7fV7q1jjj0OS3NhEUiTyomSR3DCNlTe3y/ftFS4u7a7NffbX8CrqyT6ST+5PT53v8vu/KLxp+1l4ss/A+j6jpvxMQ+Arqy8R+I9EWP4krJqkU9s+n/Y9FbUYlulvdT8uSeVLSZ5kzcbHFwsIr0q7/aMOlftC+N7bxb8Vb2207XrjU4ZpNE8V30d38PrW2ltI41v9PktjFZJKGEbXip+7MxkSRkYSR/ohLAk+3eivsYMu4Z2kdCPek+zR+Y7+Wm+QBXbaMuB0B9ep/OqWiS7JrXV69X3dklfdpa9by7vXzT0/Jdle7te13ttbwX/gmv8AETV/iP8As1PNrWqDXLnTPEWr6bDqEOptq1pc20V7KIBbX7hZL2FIikQuJFV5DExYZzXv1NjjWGNURQqqMKoGAB6CnVUnf8Py3+e4krX9W/vd7fLYKKKKkYUUUUAFFFFABRRRQAUUUUAFFFFAHw9+178WfiZ8JfF3x8GneMru6t7fRPB15YI7pp1p4Wsr3Wb60vpllVJGj2WkRkkuWDsuwuAqoqL49p/7UeuWGt+GryX4hHWdJ8MX01lY6BD8Qb/7b42Z9b+zibTLhbdRqsMaBY0jmklkBV0lYhlnP6gkbhg8g9RUa2UKCICKICDiIBB+74x8vpxxxRR9yak9bf8ADfhra99W3vaxV9+EorS/+Suvm109Nr3+N/2BfjLqniL9p7xbomqeLrbx7d6nBq2ryXGl+J769tvDKx6s0UWn3Wn3EUYspvLcLHhVZhazgghd7etfEbV/FOj/ALfPw0tI/FN2vhTXPDmu79Ajt0S3a4tzYlbiV+XkceaQoyqqN3BLZHuEcCRO7Kiq0hy5AwWOMZPrxVey16x1LUbyzt7y1nu9OZEu4I5laS1Z1DqJFBypKkMM4yCDRHSEYvomvXf8k7fK+4S1nKS2bv6bfqvxtsfnv8W/if448PeBda0/xF8Z9P006P8AFDV4brU9b1y58LR6nbQaOk8enQXNpEy26CWXesbOGKw9ZmDhur+HH7SM3ib9rv4PSaR4t8Rh/FkCQeJfBmq67LLqmgLJoAu4IX014UU2yuFlk1Le8pnkEOSjFY/slviN4Xvn8k67oMzDU/7IMZvYmIv1G/7Ljd/rwBu8v7+OcVn+OPjt4C+GOm3+q+JPGXhDw9Z6XdJpt7eanq1vaR2k7KsiQSPI4CSFWVgjEEhgQMGik+RK+ukF90VFv/t7R+V7Xs3zOr78pW0u5/K8nJf+A6r5dLK3X0VkaP4/0LxEHOn61pN8I7SLUHNveRy7baUMYpztJxG4R9r9G2NgnBq/pGr2uv6VbX1jc297Y3sSXFvcW8gkinjcBldGGQykEEEHBBo8heZYr4S/bL1CbSv+CxXweuraV4Li2+DfjqWKRDho3WXTCGB9QQK+7a+Lvj/cRWf/AAXO/Z/mmkWJIvhd4xdmcgIqi60okkk8AVjiIc9KUL2umr9tNzWhPkqRna9mtO/kfMHiH9qz406L8GPA3gfXvE3iW48Tv8MBr9pr8eoT6aviy1vNQ8OpbzS3MKlo7yH7Rd20roC4DCUD98BXonjL/hMtL+BP7S9l4h8TeO/BPib4aWdtqWhaDZfErWdVubBWt5NuppqT+RPdWl0chYZVZIpLSUYDEgfefgj9p34a/E20ubjw38QvA/iCCylhguJNN161u0gkmcRwo5jchWkchVB5ZiAMmr/j346eCfhXpl9e+J/GPhbw5Z6ZLFDeT6pq0FnFaSSjdEkjSOoRnHKg4LDpmuurOMpOTVr3/GXMvmrpdnuktLc9GLjFQTva35Wa9Hq+60TbSd9D4e+CLX4c+ELPR7K51m8trQNsm1XVLnU7t9zFjvuLh3lfk8bmOBgDgAVtVV0XWrPxJpFrqGn3dtf2F7Es9vc20qyw3EbDKujqSGUgggg4INWqzle+u5UbW0CiiikM8M/bV1jxR4av/hXf6F4ovND05vHek2Gq2NrAm7WIri5SPypJWyyxAFyVQAuSuWChlf5M+KP7YvxJ1L9pbx7ZeIpfH3w68IXEXh+Bo7m2OnW3hzRj4hazur77WD8ktxbks1wGHlI2FIMJkP6OanrVnoiQteXdtaLcTJbxGaVYxLK5wka5PLMeAByT0rnvDnxw8D+O/FN54e0jxf4U1nW7MSC70yz1W3uLqAIdsnmRKxZdpODkcE4NKl7rTetpSlbunGC5X5K135Sa03KqPmi0tLqKv2tOUrrzd7f9urdaH56W/wC1D4od+fiVrm/SGjHwvX+1/wDkfgfFd7ZHeM/8TMfYIrFMtvxHcef95xIKfgHUfEreDtQ0Xw1/bk8niX9qzxtYXtjpXie58Ny6lAsWr3HlNe25EkaiSGOTA+8YwD1r9E9T+N3gLRRoJvPF3hC0/t7jRDNqtvH/AGjkhP8ARst+85YL8mfvAd6+Zf8Agnj8XPB/wV+GPxu1XxZ4q0HwtpU3x28ZW63muX8GnQNO2pSN5SvK4Un5WwM5IUnAodvZxi+j376p6+fR/glsTrzza+0nZfy3i1p5Ldfn1Oe8L/GLxR+xt4zutJ+NvxJs9Etr3wFqd9on9qeIjPAs6apcvFapdzrE15eQWk1pGz7fMfAPzfePm3gL49+KfC3xc+HK+KvHmtan4onHg+xuPDv/AAmN3pHiOxeexsUuwuhTRNaaxaSyyTSz3eVmhBuArbrfj9EtE+I3hXx3Z20+na74f1m3ltV1W3ktr2G4R7fcVW5QqxBj3KwDjjIPPFUE/aG8AS+NdK8Nr448Ht4i121S903ShrNsb3Ubd1LrNDDv3yRlQSGUEEDOauleM1zatNfhKcrdXd8zi3u1HXqhVLSjLl0TT/GMF6W926WyctOh2FFFFSMKKKKAPhL9sr4t/Er4VfEz4u2lp43nbSZoPBEkbTXA0ix8J6dfazqFreyC4jR3hHkQr5tycuvLKYwibOH1T9qC8tfhb8OtT0/4m643irTfEMVpBpM3i1508RaYniKS0mutM/0ZBrpmhQQxx3EhaOFklLNKRLN+hviPx5oHhm01N9W1nR9Pg0m1W81Fry7jiSyt23hZZdxASM7HAZsA7G54NNtvGnh260LSdUh1bRZNM1Noo9Lu0uojBdtKMRLC4O1y4OFCk7u2aKPuNX1tJP8AJKP4Pe97y66ore8nbS6/TV/k9LLSPS9/yh/bC+MuqeIv2Sv2kNE1TxdbePbvU9Dv9XkuNL8T317beGVj8RQxRafdafcRRiym8twseFVmFrOCCF3t9l/tCaNcav8Atk40/wAe/ETwnpfhHwnceL/FUumarc3FvHGyS2tjDDYYkhbLQ3dwwELlmtI12nzGBwv+CxfxR8G+Lv8Agm/8dtE0vxLoF/rGmabD/allp97Bc3tkRe26HzYlfcpBAX5selfUupfGfwfovj+LwneeK/DVp4puLZryLRptTgTUJIFDEyrAW8woArEsFx8p54qbe5Bdk/n8Vn8tHo9eXXdl39+b7tfLWN189V5c2myPzJ+IP7UXiuHwhrGgeHvirazaBD4uu30jxHd/EaeLRZ7MeHhPBC/iERGY3YuiLo2fl7NxaDd5K5r9LP2fvFd147+A3grW75r973WNBsb24a+tBaXTSSW6OxlhUkRvkncgJCnIB4rJP7UXwmb4ejxIfiJ8Oz4U+3fYRqn9vWf9n/a/veT53meX5vfbnd3xXQ+P/jJ4Q+FGk2V/4p8VeG/DVjqUy29nc6rqcNnFdSsMqkbyModiASACSa0TspLvy/hG33yun0vpvpbJq7j5KXzu7/8Aktra36+d+kornLH4w+EtT+Ilz4QtvFPhy48WWcAurjRItShfUYISFIke3DeYqEMvzFcfMPWujqelygooooAKKKKACiiigAooooAKKKKACiiigAooooAK+L/+CKv/ACJn7SX/AGcV4+/9OrV9oV8Y/wDBFkKPBn7SO0k/8ZE+Pc5GMH+1G96APs6iiigAr47/AOClfx10fwH8SfBfheD4ty+BfH3iC3Z9Bs5/EkOiaVp6rcxebqt8XZftSIoMUdo3mCZpGAj4aWL7EooWk4y7O/8AX9elnZo+zKPdf1/X33V0/ib9tH9oN/C3ifwff6L8WLK78UWmt2Kpomj6s+n22o2B1s21ytpZgSpqt9sU2ksEk+2EhpQkLlVb5g/a++MuqeIv2W/2gNE1TxdbePbvU7OTV5LjS/E99e23hlY/FNrFFp91p9xFGLKby3Cx4VWYWs4IIXe366vCkjqzIrNGcqSOV7cV8r/8FrLa3T/gmN8VC/7pZY9OMjxxhmY/2laAHGRnoB1ope5a+vxf+TJJfc1fzfZOwT969v7v4b/ft5b6vU+q6KKKAPln/giJ/wAoif2dP+xD0z/0StfU1fmb/wAElP8Agmj4b+K3/BM34HeJbv4oftG6Vc654PsLyWz0T4s67penWzPECUgtYLhYoYx2SNQqjgAV9D/8OkfCf/RYP2qv/D2eI/8A5KoA+q6K/Mv4u/CL4dfBvVvilb6v46/bEsYPhtZ6PNHeaj8ctesrfW5dTvJ7KARM95+7gE8O1ppABgsyqyqGbF8SeC/h/wCDvgt4Q8W33jz9qe8bxDrV1YX8Gj/tDa7qFvpOn2cjLfar5y3ALW8ChGZJI4pgZFV0RuKI+98Pl+P9a9lq9Aemj/qyv+X37LU/U6ivzt8S/Bf9njwdrPiWx1P9of8Aa0sn8Ire/wBpzyfFDxoLSN7O2F1cxR3G/wAmeaO3PmmKJ3kKAsFIBrE1X9nPRLH4l6DpsOs/tlXGg+LZbm08P3Evxz8R2OsavPBpz37Oum3M8TxW2IzB500kZEzIGjCMshV9Lrqr/J7ff079A8u1/wAN/u69up+ltFfn3+yT+xv4S/ab0nxb5nxK/ac0rUvButtoGopYftBeINWsjcLBBOyx3KXCBnj84RSrtGyWORMsBuPmHw2+Fmh/Fnx7430Xw/47+N+tXvg/UNY01dAsf2rNek8WXclhdyWgd9MYqIYpJEVt7T4SORW+Y4Uvqo91zfKyd/uaD7PN0vy/PXT8GfqnRX5H+K38B+CriPR9Q8cftJQ+K7bUNUtNQtZP2mdcg01o9Pe1jne0vZpkWdi92kYEiQIskU6yyQ+Xk9Vovwk8L+NPi1498KeHfG37SmrXfg2S5tba2b9pbXLXUNVmt3hjmcQSTBEt4nlPmSiVyipnY29FYTTSktmnJeitd/iv6uDunZ73t83fT8H+Z+o1FfBn7J/7Dngf9qn4KWXjKx+K/wC1FbQXN5e2J+y/HrxFfWk72t1LbNLbXC3Kia3doi0cm1dyMpKr0r0j/h0j4T/6LB+1V/4ezxH/APJVNpp2Yk09j6ror5U/4dI+E/8AosH7VX/h7PEf/wAlVI3/AASY8KNbLF/wt/8Aan2ozMCPjV4i3EkAcn7VkjgYHQZOOppDPqeivlT/AIdI+E/+iwftVf8Ah7PEf/yVR/w6R8J/9Fg/aq/8PZ4j/wDkqgD6ror5U/4dI+E/+iwftVf+Hs8R/wDyVTpP+CSnhSRs/wDC4P2qegHHxr8RjoMf8/VAH1TRXyp/w6R8J/8ARYP2qv8Aw9niP/5Krwn48/sx+G/2d/iXaWmv+Lv2s4vBt1dNYJrY+P2vm7uZlsJr6WSCyFwWktoo4WWSUyKytnEbKC9TKajrIqMXL4T9IaK/KDxH4H0fwf8ADLXtd1jWf2o9Hn8NaZZeI9RXUP2l9bt7Gz0i8t5pbaV7lps/aZHgktxbpGw8/avm7GEldX8N/gr4D+KP7UTfDqy+Jf7S+npFFb+ZNqf7RHiG21KSaXTYtQ8mGy85vNZI5kDATAjbIdpCE1pyS53T6rddv6/PTcz5lyqfR6r8P818nfY/TSivlm8/4JNeFb67lmb4v/tTK0rlysfxp8RIgJOeFF0AB6ADAqL/AIdI+E/+iwftVf8Ah7PEf/yVUlH1XRXyp/w6R8J/9Fg/aq/8PZ4j/wDkqj/h0j4T/wCiwftVf+Hs8R//ACVQB9V180Wtz8Q/gt+0v8aNU0z4S+LPF1h4yfT77RNS0/U9GhspJLfS44TFMLi+iuEJmj25ELDBBzis63/4JL+FLa4SQfF/9qcmNgwD/GrxEynHPIN1gj2NeC/Hr9mXw1+zp8SbS18Q+MP2soPBdzctYrrv/C/vEH2q4lSwmvpZYLIXBaS2iihZZJTIrK2cRsoL1nUaS1di6abeiudH8KP+CdPxN8BeDvGnhjxTcaP4qtPiT4a/4SG51LQrYaTcaD40tZvtEV4Gmu5jLcTSzKwuI1SNf7OjDIoYZ7fwh+zZ4o/Z4v8A4MeMj4F1f4h3+i+HtUj8WWFreae+rx+INTNnPc6qGuJobeVy8NzC5SUFEmURgxggfI8fiDwBP8PNN1lPHf7Qyz61qkVnaK/7UOttaQ28mnzXxluZo5XeB0jiCsvlNGTIpjmlQM6+vab+zL4Wf9pPwj8P7/x7+03bx+N7N7nSL61/aO1u9mvFjslupLtLZLnd/Z4JMC3JYFpgB5QVlc78slNpKzX4aSdvnGVu9oQ6xuZcycU27rV+vwq+nZq+nWcukjpIP2F/if4e+HulDw7osOhXPxHuNb8NeLNLg1C3T/hEfDup6tLfwlHV9kktlDJcxKkBcCS/bZlE3V96aLo1r4c0a00+xgjtbKwhS3t4I12pDGihVVR2AAAH0r5e/wCHSPhP/osH7VX/AIezxH/8lUf8OkfCf/RYP2qv/D2eI/8A5KqU7R5Ft+nbzs23rd3k9RvWXO93d/N7v7klZaWilbQ+q6+F/wBr7SbjXv8Agst8GbG0Tzbq9+D3jiCFNwXe7TaWqjJwBkkdTiu9/wCHSPhP/osH7VX/AIezxH/8lV8h/tH/APBPnw38P/8AgrB8JNJ/4WR+0TeWc3wy8W6xLdzfFjXH1SI2s2nERQXjXBlhifed6IwVyqFgdormxag6E1Vdo2d/S2pvhnNVoOmryuret9D3LTP+Cb3jPw3+y54J1nUNR1bxf8TfBvh7wzY2/h8pplhFawWGpaXqN3YxyxKiTTMbARpJPMY8qMMod3Nj4g/Aj4ifE74n698To/h18RPD9xf+KLO80iLR9a0KHxZoqW+jNZG8SG6mm0uVJHlmjaGeUsIyHC7sLXzj8Lr3wZ42sdCe98aftEPN4k0/RdVtU8OftPa/ra2EOpanY6esd8d0TWtwjX6OIyrCQQzAOChrtv2jfhX4M+A/jTX9D/4WB+0qn9haxYaTPrfiD9orxJo+gWX2qwkvRNeXgaf7Kn7vylLRsGkdASoOa7MQ5PmlPROT26S5lzW672T9W99Tmw6ivdhq0tfNcunl8Pb/AIB96/sZeDfEfw+/Zn8LaR4s0zTNH16zimFxZ2Fvb28cKtPI0e+O3JgWYxshlEJMXmmTYduK9Qr4r+CX/BNnwt8YPhNoPiaT4oftT6W+tWi3Jto/j3rt/HHnvHcQ3jRyxnqrqcMpU4BOB1P/AA6R8J/9Fg/aq/8AD2eI/wD5KpVL875lZjhblVtj6ror5XP/AASW8KNAsf8Awt/9qjCsWB/4XV4j3HOOp+1ZI46dufU0z/h0j4T/AOiwftVf+Hs8R/8AyVUFHoP7YP7Pz/GbUvhjq1jo66rq/grxrpmrRyPcBBp9stwhuplV3CFxEpGQDJtZ1Xh2B86+Jv7JPjr4k+Nfix4h0eDw94a1vXbmy8M6HPdtsD+HFjhnv/LktsyQTXlzJPG7kCQJBCcAojDyH9q79jPSf2ZdOj1aPxX+1jr/AIds4VuNW1A/tAa/ZmEPcRQR21rGbhmuryRpMpD+7VtuBJuZVPJ/Gf4ReBPg9qfxNtLnxj+2IjfDuDQ2hn1H45+IbGDXJNUvprGLyj9pd0"
14:55:31.815 [Test worker] DEBUG org.apache.http.wire - http-outgoing-0 >> "hSWE5lZPmG4qrKFZojyxhbo5SfzahF/eo2ttJSlvdWuTbkn2UV+MpL53le/Sy2s79D4A/Y++MHw1+G/wAIYbfwbq+nePvCnhmx0GzuNG1bSJ/DejLHqZlmivre4HnbPs20l7VpN23aqo6IzV/2dvgb4t+Numap/wAInfS6O/hn9qXxvq2o6pHDaztptr5erW/mCG4ysuZbiKPaFZh5m7GFJHDjwf4Ek8W/D3RE+KHx0a68aWn225uv+Gn/ABCNP09GvjZRxxz5/fTNIsi+WyxYkTyydxArifhL+yWvwk/Zl+PHj3S/E3x31y38EfFbxhb39pb/AB28QeHDJa2t86if9wJhcXT4G95ArOSWZya1ld003tzSfz5rv5c36u/UzSTnKK3cUvk42X/ku3y06H1637LfiX9jrx9fXng7wn4t+Klh4o8I6npd1cWlzpVpdRavdancX7SzRyy2sMdvI93IB5CkR+XgrzuPG+Bf2Nvih8JvFHg7SNK8Kaq4srnwk2r3RvdF1Lwdqw02zsLaa8uIbrbqlrfwpbSLCbIeWWjt2bO6QL4r8X/CWnfAPxrrui+LPFfxwsrzwjpOn6tq9pD+1b4jN/dreS3CRxaZbyxxG+lCwZ2FoSzyKi5OCep/Z5+D3hD9oP496p4Otfi38WbBdL1zV9FksX/au8QyeKT/AGfcTwNMdIADBXMO/Bn+WNw2T0pUPdklHVr8oSlK3onN/K1tgrapylpff1lFK/q1BfO99z9RKK+VP+HSPhP/AKLB+1V/4ezxH/8AJVH/AA6R8J/9Fg/aq/8AD2eI/wD5KpDPquivlm8/4JN+Fb67lmb4vftTK0zlysfxp8RRoCTnAUXQAHoAMCov+HSPhP8A6LB+1V/4ezxH/wDJVAGF+0f+xlrF38Vfit4n8L+Fp7o+IYPB2sWskEttdSatqmmave3M3mwXM8YmSOJ7b908sKsgCRyIygr5Zpv7Cn7QN3a/DDVbuLwpfWvh3x63ixdBu5fsU2gvda9cXlxcGOGSS3JS0kSNY0lkMQedVaUyFjw2teB/COk63Dar4m/a0mi8U6hd6R4Jm/4aC8QL/wAJBdWurwaRMJ187/RE+0XCSK370tCrsVVgIza1T4YeF9B07whe6h4o/arsbTXPEn/CH6iZv2jNbWaHVhqj6a9rYxfaN98UeN52OIQLcbxlsxqsNpKnOn/Omu3MnHTy2gujXurS8QxGsZxn1TT/APAZK676cz6p+89UmZ/7cXwU8cfCP9iT9oIS6D4s0DwbdaHe3OpjxDqOlaiL/VbjxBDcRTafNaKs/kGKS4ZxcJGf3kA2l1kNfc3xp/ZO0j41fHfQTqvh+zl8GgXOu68iWVrs1/VUgjsbRLty3nOiWstyAgjKNtUO4CiN/wAyv25/g/4Z8U/sTfE25h8VftKQ2934bm8QeFZNb+NGt61Za9ZWurW9lM91ZyzeXG26WGRI28wFJUYlXVkX6N+MX7G7/C79oHQfBdjq/wC1P4ptvEUF1d2k+n/tG6+moG3tYBJPM1rJKsaoJXhgUtOA0k8XQE7SNlGl1te3nZy384vba3Kv5SndzqdG9/mlt6rfe933PdJf2QdTk+GXjLW00ryviV4x114Irv8As7Tnl8OaW0q6av2KNpTAnl6SudzO7sWJaNji3HbfHr9lax1n9n3Q/BPhbShF/Z9jbeD7e/WC3ur/AEjQp2t7e/EMly4ALWkWC3ztlVYRyMoU/n142vvAXw9+Fup63qvjr9o21vdF8U3Hha/d/wBpvXf7DguYNM/tGSMaj5u1p9oNuIvK5ulMe7A8yvrnwX/wS38IeNfB2k6ynxW/a2sk1azhvVt7v40+I0ntxIgcJIv2s4cZwRngg0+Xmi76r3L9bq14p904t+qk9dSVLklG2j963lrZ27WaXpZHpXhz9lDTdA/aV0LU7HR10fwn4H0032jx2kEEcd7rF1HLZ3NxPKHNxLKlnHCg3qqETElpWVfK90r5U/4dI+E/+iwftVf+Hs8R/wDyVR/w6R8J/wDRYP2qv/D2eI//AJKpuTfxa/1/SXlZdBKKW39aW/4L8231PquivlT/AIdI+E/+iwftVf8Ah7PEf/yVR/w6R8J/9Fg/aq/8PZ4j/wDkqkM+q6K+VP8Ah0j4T/6LB+1V/wCHs8R//JVH/DpHwn/0WD9qr/w9niP/AOSqAPquivlT/h0j4T/6LB+1V/4ezxH/APJVH/DpHwn/ANFg/aq/8PZ4j/8AkqgD6ror5U/4dI+E/wDosH7VX/h7PEf/AMlUf8OkfCf/AEWD9qr/AMPZ4j/+SqAPquivlT/h0j4T/wCiwftVf+Hs8R//ACVR/wAOkfCf/RYP2qv/AA9niP8A+SqAPquivlT/AIdI+E/+iwftVf8Ah7PEf/yVR/w6R8J/9Fg/aq/8PZ4j/wDkqgD6ror5U/4dI+E/+iwftVf+Hs8R/wDyVR/w6R8J/wDRYP2qv/D2eI//AJKoA+q6+L/+CKv/ACJn7SX/AGcV4+/9OrV0v/DpHwn/ANFg/aq/8PZ4j/8AkqvlP/gk7/wTb8OfE3wp8epLn4m/tEaWdF+OfjPRo10f4ra5py3MdvqJRZpxDcKJrlxzJO+ZJG5Yk0AfqvRXyp/w6R8J/wDRYP2qv/D2eI//AJKo/wCHSPhP/osH7VX/AIezxH/8lUAfVdFfKn/DpHwn/wBFg/aq/wDD2eI//kqvHf2rv2M9J/Zl06PVo/Ff7WOv+HbOFbjVtQP7QGv2ZhD3EUEdtaxm4Zrq8kaTKQ/u1bbgSbmVSbtR7h0b7H6G18qf8FuP+UXvxT/65ad/6c7SvCfjv+zX4P8Agn4k8JK3jn9rO58P+JtZttA+333x58RaXdS3s999jWCzsppxNdOhDTOcRp5C+YjydK+dv2rPAPhD4hfsmfGi/wBE8ffGq7/4QO6h+x2WvfHPWtfGqLBr0VkZbnSbhvKMDNGzDc0iglAcNwCHv/D5/hZv8Gn5p3QS93fy/G9vya8noz9qqKKKAPzK/wCCR3/BW79nv4Qf8Ex/gX4X8RfEEadrug+DdPsr61/sPUpfImSIBl3pbsjYPdSR719Ff8Ptf2Yf+inD/wAJ7Vf/AJGqX/giJ/yiJ/Z0/wCxD0z/ANErX1NQB+fnxh/bw/Y8+NOr+K9Q1H4u63aX3irT9HsWmtNDvwdOk0q9nvrK5gD2LDzkuJy58wOjeWgKY3buFsfjJ+wbrWr32oeO/iA/xUvdStr2OdvFnhGe8hWe9m826u4ok05EhmkCwRlowAI7aIAA72f6T8deKdT8M/Gz9oeLxr448TzeDNA8C6P4pt7fSZzpUmhQrNrDSpbSQkSb3Szj3yM5ZzkfKuEHiXxP8UfHL4Y/B74beCvBk/xE8afEnT9On+KHiiK11i3uJrZN5Nlos817cRM9lJK0sJ2tJK62TnYSxxnHk1b07+jvzf8AksZOVv5Vd/CW+a/Ku/3tKPK/vlGKv/N5s8l+G/xH/ZUtfBnibw14z/aO8a+IvD93eX/9i2jaVdMbOO50pNMN5JJ/ZSyNemAzg5Z4MylhHuOR6ncfto/ss3Hx88T/ABA/4aY+JEd74p07+yJrCPQmWDTrPyPKWCznGkfbbVA/7/8AdXKkzAOxbAFW7/8A4LFeI/EmgeMvEPgvUPhn4jsbGDWLjSdBSzuf7X060ttEGpWup35F1zbPKUt2VYo/mmTbLuylbuu/tDW8n7Y9z4Zk+PRi8W+GbO5vPG6WOoJbWdjbnR5Gj07StCeS4kuLpHKXzS7JnQRlGkYOIRpNy93n35Fv/Ly9fO276bXv7pEbXly/zP7+bW3b3tl31294l+AP/BSX9lr4Hah4l1SX45eIfGHiDxXNbzanq2teHrtZ5lt4VghTZbafDEAqDk7NzFiSTwBRl/4KDfsoWnwC8XeANH+O/jDw3b+ML/VdRn1nS9JvotWsJdRvJru4+zStp7JHh55FQmNmVcfMWG+vX/8Agmp8T7nxyPihpq+Kz418P6H4igGgatD4gfxFbPZzWFu4QahIqvJMZPMlliK4gacRoSgWvIvh3rOtaT8P/jL8UPiH4z1zwf4L0PX/ABbaf8JdF8SNWurjTre31e6tY449DktzYRFIk8qJkkdwwjZU3t8qr21U9uS7vppaOj+9X66dWFL4YuH86S66+9Zr5J7d+2p5vf8Ax3/ZBvfh9pPh4ftFeOIINM0S/wDCrXFv4UitZLrQ73yDcaayQaNHCsZaBGEkcazqWc+Z81b/AIl/bA/ZX8T+L11aX9pn4nwHSmuZvDcMGnXa/wDCLTXDRmR7aU6aZXXEexYbh5ohHJJHsKEKvEeNP2svFln4H0fUdN+JiHwFdWXiPxHoix/ElZNUintn0/7HorajEt0t7qflyTypaTPMmbjY4uFhFelXf7Rh0r9oXxvbeLfire22na9canDNJoniu+ju/h9a20tpHGt/p8lsYrJJQwja8VP3ZmMiSMjCSOld67XUn5rXVO3Xmbel+sk25appKy31SX+afayS89ItWjp2PwD/AOCoH7KfwB8I32m2vxh1PW7vWNVutb1PUtR8PX4uL+8uX3yyFYbKOJB0AWONQAo6nJPb/wDD7X9mH/opw/8ACe1X/wCRq63/AIJr/ETV/iP+zU82taoNcudM8RavpsOoQ6m2rWlzbRXsogFtfuFkvYUiKRC4kVXkMTFhnNe/U5Jqy6WVvSysvKysrdBRer73d/N3d383d9+58qf8Ptf2Yf8Aopw/8J7Vf/kann/gtd+zIsCyf8LMGxmKg/8ACParyRgn/l29xX1RRUlHyp/w+1/Zh/6KcP8AwntV/wDkaj/h9r+zD/0U4f8AhPar/wDI1fVdFAHyp/w+1/Zh/wCinD/wntV/+Rqc/wDwWy/ZijOD8TR0B/5F7Ve/P/PtX1TRQB8qf8Ptf2Yf+inD/wAJ7Vf/AJGrw/xd+2f+yf43/aJ1j4haj+0N42uTrml/2FcaBL4aM2lRae0eyW1gMmkNdQRzMfMl8q4VpHC5bCIq/o3RUuKlv5/jo/w09BqTW39Wd1+Op+Y2i/tQfsteHdKnFn+1N8UoNYubW30qXVRojmWfTLe3lt4bGSE6SbaSNFmlcO8Jl8xy2/B21u+D/wBsj9kbwX4s8HzwfHvxtd+GfAMlvc6D4XvNKvp9N064g046dHKjtYfacCBnPl+d5fmSM+zJr9HKK05nzOfV2u+9tr+j19dd9SeVcvJ0s1bye6+a09NNtD5Yuv8AgtZ+zJZXMkMnxMCyRMUcf8I/qpwQcH/l2qP/AIfa/sw/9FOH/hPar/8AI1fVdFSM+VP+H2v7MP8A0U4f+E9qv/yNR/w+1/Zh/wCinD/wntV/+Rq+q6KAPleH/gtf+zHcTLGnxNBd2CqP+Ee1Xkn/ALdq8K8Z/tl/snePv2hNb8f6n+0L42uhr+knQbnw/L4bM2lRac0RSa1gaTSGuoI5ifMl8q4VncLlsIir+jtfCv7V37Sf9i/tm3/hvwB8UZZfiV4ds21O78N3viGG30+OEaZO1vpFvppYG+vbqcxT7wjPCgBMiAxxSY1ZQWs1fR/dbXTrpv5XSu2k9aSk78rtt991bXpraz7223Xl/h79p79l3wnZySaZ+1T8U7PWpLK10c6rHobea2mW0E0FvYvD/ZP2eREE8riR4ml8xt2/Hy1ueC/2wv2QvAvi7wZc23x48aXHhz4fSQXPh/wzd6VfT6dplxDpp01JI3aw+0gfZ2f9153lGSR32ZNee+Gv2m/EniH4a2FtcfGbS7C0SXT9c1TV774k3yadqM8uj3ksmlx6jFaq9pdiZEmmtTIsagRGKNAXhPu/wZ/a8+IHxP8A25PhHY6h4b+JHgvwRrXhK8W10fUrJ5I9QmFnYXDXt1cnmRo2laBQcFSrM3MwVOxxn7ecW7yTV330bTv11vbrf3tNzlvH2UWl7rTsvK6TVvS1+lvd12O+/wCH2v7MP/RTh/4T2q//ACNR/wAPtf2Yf+inD/wntV/+Rq+q6KxNT5U/4fa/sw/9FOH/AIT2q/8AyNXyN+0P/wAFQP2e/iD/AMFafhB4gHxAdvCdp8NPFmialfR6NqCtby3c2neWoRrfeSVjkIIUqNvPUZ/WSvif9pHSo9e/4Lg/AWxme5iivPhT4zgd7a4e3mRWudKUlJEIdG54ZSGBwQQRUVIKcHCSumVCTjJSTs0chP8AtxfsYJ+y/YfCqx+J99pGkaXaabBaanY+Hb6LUop9PaGS1vC32ExPOktvFJloyjMpyhUla5+w/bE/Zfsri81gftQfEuLxzqWqLql34pt9CeK7uNtotots1r/ZJsWgESjCvbMwbLht3zVJ4h8PeJPD3gWZdC8S/FPXtRv/AI5T+DFs7n4mazbNcaZD9oZLZblp3aD7i5kUb2C4JINZfxa17x58CPjJ4G8KfE74g6LpFhqOieINXs7DX/jpqvhKGzi/tGxW0gfVobczajcRRSSjEqcLI3zvsDNpzuq1Nv8Aia69/Zxq/e4tbaaNN2teXD2V6aXwdv8AHKn914vfumle9vXPgL/wVI/ZJ/Z1+FGl+ENC+KN1Lp2lmaQTXWgakZriWaZ55pX2WaIC8sjttRFRd2FVVAA7D/h9r+zD/wBFOH/hPar/API1fSfw+vLXUPAeiT2N3Df2U1hA8FzDqDahHcRmNSrrct804IwRKeXzuPWtiqqJqTTJg7xTR8rH/gth+zGIg/8Aws0bWJUH/hHtV5Ixn/l29xTf+H2v7MP/AEU4f+E9qv8A8jV9V0VBR+efx9/b3/Zd+Pfxa8IeL5P2jPG/hu58EiR9O0/TPDX2jT/tDkZumivdIuP9ICZjWVSrIjuF2l2J1fH3/BRr9lbxl4x8R+I7H47+LfC/iHxFp2lac1/pGj38b2a6ddXNzCyK9g6tva6lWVJQ8bphdo5J6j/gpD8a9a+HHxOa3t/GWp+FLiw8GS6v4LsrXUPsi+J/EIv4o1tGjyPth2GFPsxDAi7dtu4Ky+VfHf8AaD1ax+NnjPRfCnxpS30jV7KVdU1DVPEt2v8AwjV3F4hsIJoruGO2B0RFgmmtbeSNdtwC00silBK0w1jBL7TnbycW1r2u18rx76VNWlK/TkT9HZr1tf5tS7Mz5v2nP2SbjwumhyftHfESTQ9QupL3xJp7aPcG38Uzyag+oSSzp/ZmIHeaRgxtPIzHhP4UK8f+yd/wUK/Zp8bfs7ftB+BPGvxIvdI07x/8UfGFysllo9+bhrG71B3ilRvssiqzIQcOuR3UV19p+1hrup2OntD4z1zRdQ0WzsovAtpH4qm1G28f6j/wk11Y3skUsuH1O3kt4rXYrhhFFd7l52y1S8A6j4lbwdqGi+Gv7cnk8S/tWeNrC9sdK8T3PhuXUoFi1e48pr23IkjUSQxyYH3jGAetXK6pxa2bsvvS/pdF2ITtOd94q7+UeZ+r6X6vq9z13R/+Cln7HmkfHLxB8Qj8RvtfiHxDZWFjI1z4a1CRLNLP7R5ZgP2LejN9pfd8xztXAGDnmfg9/wAFAf2afgj4vvbzSP2nPiBL4fv9b1LXpfDN14YjfTfPv7ma6mUSDRlvNgmndlH2jIwoLEZB6Hwv8YvFH7G3jO60n42/Emz0S2vfAWp32if2p4iM8Czpqly8Vql3OsTXl5BaTWkbPt8x8A/N94+beAvj34p8LfFz4cr4q8ea1qfiiceD7G48O/8ACY3ekeI7F57GxS7C6FNE1prFpLLJNLPd5WaEG4Ctut+Ciuea5etl/wCBTlG3bRwu+lmrN6XK3uxkpdNfujF3XXadl13TS6fRH/D7X9mH/opw/wDCe1X/AORqP+H2v7MP/RTh/wCE9qv/AMjV9V0Uhnyxdf8ABaz9mSyuZIZPiYFkiYo4/wCEf1U4IOD/AMu1R/8AD7X9mH/opw/8J7Vf/kavquigD8wtX/aA/Y41fWJbs/HzxrD9gvLnUfDMUehXGzwhdXGpwarNLaZ0wmTdd28TbbkzKEBQAKxFXLz9qH9ki/8AClroM37RfxDk0Oe4a91+wbSLk2/ie5bUn1J551Om4gke5kbc1p5BKbU6Im3H+L37V/jzRdQlGh/EC+k1vWNZ1Ww+Idld6+1va+BrKLxXY2NnMxVXOlp9glmXzURTJGWmyWQSr7b8Mvip4x8R/Dz9nzVrLxvrP9iz/EbUPDmoxi+TVY/FEEf9qLFKuo"
14:55:31.817 [Test worker] DEBUG org.apache.http.wire - http-outgoing-0 >> "NGks9ni2RoiV3uuwySzFSzmG96EHDROSS9W0r+ad1rrzW1+HQxHu8/PrZSf/gKb+T0l2tf+8fIP7fH7Tv7MGhfsQ/Fa28H/F7xH4o1e70GTRvDOj6ho1zFbaFa3GqwXs9tbuLGIlWkRPmnkkYLDGoYYO7608Rf8FM/2S/EvxH17xVL8XtcttW13wyvhYSWmk6rbnTbYSzytLautoJIp2aYFn3H/UQ4AKkn5r/a++Nmt/ED9iX4wWlz4x1PxJqGoeCb+/8AHGk3Gofao/Curw+JLWC1tlhyfsWYTcxiIBRItqrkM252+zf2hNGuNX/bJxp/j34ieE9L8I+E7jxf4ql0zVbm4t442SW1sYYbDEkLZaG7uGAhcs1pGu0+YwM3Xs6b6NSt5W5+bXztJ3v7yd93Yuz56i6pxv5u8OXT1cVa2jXbU+bbz9oz9k6+1uXxFJ+0t8QZPHVxOzT+J5PDe+7mgayFi1u0B0j7Lt8kD5/J8zdzvwSte8fDL/grn+yf8JPhvoHhXR/iXImk+GtOt9Kslm0LVpJFggjWKMMxtssdqjJ7181/EH9qLxXD4Q1jQPD3xVtZtAh8XXb6R4ju/iNPFos9mPDwnghfxCIjMbsXRF0bPy9m4tBu8lc1+ln7P3iu68d/AbwVrd81+97rGg2N7cNfWgtLppJLdHYywqSI3yTuQEhTkA8Vqk2pv/Bf5xbX3a3831bdsW0uRd+a3lZpP79LW7drX8D/AOH2v7MP/RTh/wCE9qv/AMjUf8Ptf2Yf+inD/wAJ7Vf/AJGr6roqCz5U/wCH2v7MP/RTh/4T2q//ACNR/wAPtf2Yf+inD/wntV/+Rq+q6KAPlT/h9r+zD/0U4f8AhPar/wDI1H/D7X9mH/opw/8ACe1X/wCRq+q6KAPlT/h9r+zD/wBFOH/hPar/API1H/D7X9mH/opw/wDCe1X/AORq+q6KAPlT/h9r+zD/ANFOH/hPar/8jUf8Ptf2Yf8Aopw/8J7Vf/kavquigD5U/wCH2v7MP/RTh/4T2q//ACNR/wAPtf2Yf+inD/wntV/+Rq+q6KAPlT/h9r+zD/0U4f8AhPar/wDI1H/D7X9mH/opw/8ACe1X/wCRq+q6KAPlT/h9r+zD/wBFOH/hPar/API1H/D7X9mH/opw/wDCe1X/AORq+q6KAPlT/h9r+zD/ANFOH/hPar/8jV8pf8Enf+CrnwB+EnhT48xeIfHw0+TX/jn4016wH9i6jL59lc6iZIJfkt227l52thh3ANfqxXxf/wAEVf8AkTP2kv8As4rx9/6dWoA6X/h9r+zD/wBFOH/hPar/API1H/D7X9mH/opw/wDCe1X/AORq+q6KAPlT/h9r+zD/ANFOH/hPar/8jV498ff29/2Xfj38WvCHi+T9ozxv4bufBIkfTtP0zw19o0/7Q5Gbpor3SLj/AEgJmNZVKsiO4XaXYn9DK+O/+Clfx10fwH8SfBfheD4ty+BfH3iC3Z9Bs5/EkOiaVp6rcxebqt8XZftSIoMUdo3mCZpGAj4aWIj/ABYJb309bP8Arst3ZJtD+CT6W19P6/yV20n5n8Xf28P2XvjbNFFrv7SPj+bR5WjGp6QuiTrZatHFem8gR0/szMRRtsfmW5ileNFDu7KHHg3/AAUN/av/AGefGH7L/wAQZND+N/jL4ieMdSsIdD8OWGuabchdMtrjWrK7ngjm+wxM+TBEA9zLIwSBFDZ3Fvqj9rT9pbR4vjj4G8MWXx20fT/H+r3SSafBZeIoNG8P6ZZw6s8dzcXUbzt9uuHSNrFbZmk3TRyMscGJHj+Zf2uvjZrfxA/Y2+J9pc+MdT8SahqHhiW/8caTcah9qj8K6vD4rsoLW2WHJ+xZhNzGIgFEi2quQzbnYoe9yOPXnt8ovm+9Xjfo3y9XYq6c1+nJf5tW/R2drpX25b/r3RRRQB8u/wDBE5Yk/wCCSX7PAgeSSEeBdNEbOgRmXyRglQSAfbJ+tfUVfLP/AARE/wCURP7On/Yh6Z/6JWvqagAooooAxPBvw60b4fS6y+j2Qs28QalJq+oESO/2i6kVFeT5icZEaDC4HHStuiijol2svktEvktEHVvvr83q/vGQwpbptRFRck4UYHPJp9FFADJYEn270V9jBl3DO0joR70n2aPzHfy03yAK7bRlwOgPr1P51JRQA2ONYY1RFCqowqgYAHoKdRRQAVmeMPGej/Dzwzd61r+q6boej6enm3V/qF0ltbWyZA3PI5CqMkDJPetOvHP2+/h5r/xT/ZR8SaL4Y0afxDrcs+n3NvpsE8EEl4IL+2ndFeeSOINsjfG91BIxnmk9hrc7vwb8bvBnxG0ax1Hw94u8Ma7p+qXTWVldadqsF1Dd3Co0jQxujEPIER2KqSQqscYBrd0rXrHXhcGxvLW8FpO9rOYJlk8mZOHjbBO117qeR3r4j8W/sqfEf44/tP6d4+0zw54k+DOm3XinSLi4EN1ocus2i2Wj69bzam8Ya8s2Mz6hZWwH72UpAGKoFBX3v9hv4LeJfgZ4M8b6b4ovNS1S81Pxvq2rW2o6g9mbrU7aeVWinkFokcKMwH3VjTGOVFVT96UlLSyuvN3h/wDJSff3dtHZVPd5eXW9vlfnv93LH/wLzV/bKKKKQBRRRQAUUUUAFFFFAHOH4w+Ehf69a/8ACU+HPtPhWMTa3D/aUPmaOhUsHuV3ZhUqCcvgYGan0r4meG9c8NaZrNl4g0S80fWpEi0++gvopLa/dztRYpAxWQsRgBScnpXwD8Sv2Lvif4s8P6rolr4CvoZ9EXxGl7rEd9pwl8VR6n4nstSiksd0/NxFawSyKL1Y4lnEaMHjLVBo/wCwz8eb668A6klhpVxoXhf4if8ACTWOmeI7yGHXIPP1iS6utUvRZsbFrhoXKhLfaI0eQLGGkZQUPfdNS05mrvteVm/u11tbrpdoq+5Gco625rLvaLa/HTzvo72T/QDw38WvCvjHxTqWh6R4m8P6rrWjkjUNPs9RhnurEhtpEsSsWTDcfMBzxUlz8T/DVl49t/Cs3iHQ4vE93bm7g0d7+Jb+eEZzIsBbzGQYPzBccGvm39iX4KeOPhH8eNeEug+LNA8G3UGqXOpjxDqOlaiL/VbjVDcRTafNaKs/kGKS4ZxcJGf3kA2l1kNTePvhn4l8d/t46Y8/wm1jT/AOhapa6/8A8JVps+kFvEWqrZPbxzXRe9S8htrWKQxhI7dnlfnKxqRKQ972d/tb+WrXy2ur76bXuientLfZ289reu9nbbXe2v0jceJdAttK1C4lv9HjstMnK30jzxiK0lG1iJTnCONyk7sH5ge9bFfFvjH/AIJ/z3X7JPxo8EWHg6F31PxpceIvCenm/TZcsYrTy7l2aXaZPNWZ83B3eYBIfn2tX2iOlC+CMurUX6Xim16ptpry+SJaTlFbJyXraTSfo1Z/P5taKKKACvi74/3EVn/wXO/Z/mmkWJIvhd4xd2cgIii60okkk8AV9o18L/tfaTca9/wWW+DNjaJ5t1e/B7xxBCm4LvdptLVRk4AySOpxWVecoUpTgrtJtLv5GlGEZ1Iwk7Jta9j6v8EftO/DX4m2lzceG/iF4H8QQWUsMFxJpuvWt2kEkziOFHMbkK0jkKoPLMQBk1f8e/HTwT8K9Mvr3xP4x8LeHLPTJYobyfVNWgs4rSSUbokkaR1CM45UHBYdM18aaZ/wTe8Z+G/2XPBOs6hqOreL/ib4N8PeGbG38PlNMsIrWCw1LS9Ru7GOWJUSaZjYCNJJ5jHlRhlDu5sfEH4EfET4nfE/XvidH8OviJ4fuL/xRZ3mkRaPrWhQ+LNFS30ZrI3iQ3U02lypI8s0bQzylhGQ4Xdha6K0VByUXdptequkmvVNu3S3VK5jRbkryVrr8bXs+2um2va+h9x6LrVn4k0i11DT7u2v7C9iWe3ubaVZYbiNhlXR1JDKQQQQcEGrVeX/ALGXg3xH8Pv2Z/C2keLNM0zR9es4phcWdhb29vHCrTyNHvjtyYFmMbIZRCTF5pk2HbivUKU0lJpBFtxTYUUUVJRh+LPH3hvwdqekWuu61omlXmsXX2bS4b+8iglvp8f6uBXILyYP3VyeawB+0h8Mpb/WbX/hPfAjXWjxSS6tD/bdoZLKOI7JGnXflFQkKxfAGcGvAf2/v2fPGfxR8f6pJ4f8JXHimHxb4Fl8I2N7Fc2kS+FL9r6OcXsvnyo4jwEkLQLI+6zQbclK1fFv7O+pyfEL4peP9T+Gtt4r1I3um6P4V0+3k05bqPS4DbXM2oW32jdb/a/tzSzBZ9m82FsCRhTUp3ipPrzX8rS5V630l0913vaLZTVpOK/u287pN+ltV11X95HvZ+LfgtX8NL/wk3hfd4nGfD4/tGDOrDbn/RPm/e/KQf3eeD6V83f8E1/GehfDn4VfH7Wtb1mw0XRbD42eNJby/wBTnjs7a1H9qOCXkdtqrk4BJGeOB0rxjwf+xV8U/D3hF9HuvA2p6jN4ps7Ww0vVLm90z7V4TMHiq91Q3eobJwi3EkFzBM32BXTzrcoqoBGKs/s3/DbX/GHhPxVr+i+HpPGdv4B/ae8Za9qPhyKa3im1SIT31ujQ/aHjgaaCaeKdVkkQEw8MHC1UtIp93b0V7eXTXovO2pK+KUey08/dv59dOr6+R91+H/jR4E+IVloFxpXizwlrlv4jkkOiS2mqW9ymqPCC0n2YqxEpQAltmdoBziqHjP8Aal+GXw5fb4h+I3gTQm+2S6fjUdftLU/aYghlg+eQfvEEkZZPvKJFyBuFfDHi79lH46+OvHGkfESHwFDDr3gvxPq3i/QYJhpOkajqMxtdJVIrsW11LAJbwW99beYJDiJ0MuwkitD9n7/gnD8WPCPxyjvrnU5vCUF9ceI9S1jX7aLTdSN9danZ+GTLiCfzMCW7s9RIJjyogGcK6bkuZz5bW0v87JpX735k+qsnbWw9LXv1t9zettdPha73fa5+h1lfQ6nZRXNtLFcW9wgkiljYOkikZDKRwQQcgipa5T4GfB/Sv2ffg34X8D6G93LpHhPTINKs3unDzvFCgRS5UKu4gZO1QPQAYFdXVzspNR2JjdpN7hRRRUjOUu/jD4IsrrxJFP4p8KxTeGYll19JNSt1bSoyuVa6BbMSlehkwMUD43eCLUeHI/8AhLvCsf8AwlgA0FP7Vtx/bIwMfZRu/fcEf6vPUV8EfFL9i74peJobfTrPwHq1u/hPVNZutR1yzvdL+1+JYr3xZYavBNp4lnKvcwwWzybb5EiEqqhWVSQdLwn+zN8RLLw54L8Fap8FvElx4evNQn1LxH4pt7vw++vXFqviC41GysJw19EkEjO4ubmS0R0XeY4EVjmIoe+ouWl3Z+nfy+duy5m0gq+7zW1tt/X+V1qrtK7PRv8AgsZ8UfBvi/8A4Jv/AB20TS/EugX+saXpsP8Aallp97Bc3tkRe26HzYlfcpBAX5selfT+o/HfwPo/jtfC934y8KWviZyqrpE2rW6X7Fl3KBAX8zleRxyOa/ND9uL4KeOPhH+xJ+0EJdB8WaB4NutDvbnUx4h1HStRF/qtx4ghuIptPmtFWfyDFJcM4uEjP7yAbS6yGvtj45/s9XnxZ/aObXtS8FaN4l8N+EPCN1Lo9jeywRw+IdbuxLA8cxId1EVrH5Su6FANRkIDFSFm75YSfVO/la/5203vdbX0qy5px7NJed7flfXtZ9j0t/j58Nx4BTxC3jTwR/wi8l59jTUzq9r9ga53/wCqEu/y/M3/AMOd2e2a7ZXDqCCCCMgjvX5pfED9jP4o+M/7b1CLwT8QdJ0LWfE13qkVvZ3Hhr/hKrHzvDw0sQrG0n9l/YFH+jjj7QEVXznMtfoB8APDuqeD/gT4L0nW7SxsNZ0vQrG0v7aykaS2t547dEkSJnJZkDAgFiSQBknrWiWkr9OX8Y3f/gL00vv065tv3bdeb5Wdl9611t/l11FFFSUFFFFABRRRQAUUUUAFFFFABRRRQAUUUUAFFFFABXxj/wAEWQo8GftI7ST/AMZE+Pc5GMH+1G96+zq+L/8Agir/AMiZ+0l/2cV4+/8ATq1AH2hRRRQAUUUUAFfKn/Bay2gT/gmN8VC/7pZI9OMjxxhmY/2laAHGRnoB1r6rr5U/4Lcf8ovfin/1y07/ANOdpQB9V0UUUAfmb/wSU/4JoeGPiv8A8Ezfgd4lvPiZ+0Vpd1rng+wvZbPRfi1r2l6dbM8QJSC1guVihjGeEjUKo4AFfRH/AA6P8H/9Fb/ao/8AD3eJf/kuvnT/AIJHf8Fbf2ffhB/wTH+BfhfxF49fT9c0Hwbp9lfWw0DU5vIlSIBl3x2zI2D3ViPevor/AIfafsyf9FJk/wDCa1f/AORaAPnz4rfA7wF8LL34vxXXir9sdIfhLo+navJdXnxx8RWkGrJdz3UHmRk3haO2ia2cvO642h3VWVQX5a90L4Zab8B/B3jdvHP7VeoQeJNdvtNuxpX7QPiK8s7LTrCeSK/1qK5FyouLGIIrhwiF1lThScV6n8Y/27/2QfjRq/inUL74ueI7C/8AFNho1k81n4e1H/QH0q+nvrOeFZLB1MgnnJYSiSNgiApjdu4XTvi/+wdq2rX9/wCOvHdz8U7zU4L5Jv8AhLPBtxdwRT3s/nXd1DCmmpHBNLthQtGBhLePADF2eYuS3X/DrVf+BbPtpbd2qXL07/g1Z/NPVd+vRPrfEvwV/Z08Haz4lsdT/aC/aysn8Ire/wBpzyfFLxqLSN7O2F1cxR3HmeTPNHbnzTFE7yFAWCkA1iar+zloFj8S9B02HVP2yLjQfFstzaeH7iX46eJbHWNXng0579nXTbm4ieK2xGYPOmkjImZA0YRlkPnXw3+I37K1r4M8TeGvGf7RPjvxF4fu7y//ALFtG0a8Y2cdzpSaYbyST+yVka9MBnByzwZlLCPccj1O4/bP/ZcuPj54n+IH/DSfxOjvfFOnf2RNYR+HpFg06z8jylgs5xpH221QP+//AHVypMwDsWwBVNaRs94pv/FbVW166LVpdb7EreSfRtfK+j6dNXtfZW3Nr9kn9jXwd+03pPi3zPiL+0zpWpeDdbbQNRSw/aE8Q6tZG4WCCdljuUuUDPH5wilXaNksci5YDcfWv+HR/g//AKK3+1R/4e7xL/8AJdecfAH/AIKSfsufA7UPEuqS/G7xP4w8QeK5rebU9W1rw1erPMtvCsEKbLbT4YgFQcnZuYsSSeAPRv8Ah9p+zJ/0UmT/AMJrV/8A5FqpW0t2X321/H/h2TG9tfP+v6+5C/8ADo/wf/0Vv9qj/wAPd4l/+S6P+HR/g/8A6K3+1R/4e7xL/wDJdJ/w+0/Zk/6KTJ/4TWr/APyLR/w+0/Zk/wCikyf+E1q//wAi1JQv/Do/wf8A9Fb/AGqP/D3eJf8A5Lo/4dH+D/8Aorf7VH/h7vEv/wAl0n/D7T9mT/opMn/hNav/APItH/D7T9mT/opMn/hNav8A/ItAC/8ADo/wf/0Vv9qj/wAPd4l/+S6e3/BJfwi1ssX/AAtr9qXajM4I+NfiTcSQByfteSPlGB0HOOpqP/h9p+zJ/wBFJk/8JrV//kWnt/wWt/ZmWBZP+FkSbHYqD/wjWr8kYJ/5dfcUAN/4dH+D/wDorf7VH/h7vEv/AMl0f8Oj/B//AEVv9qj/AMPd4l/+S6T/AIfafsyf9FJk/wDCa1f/AORaP+H2n7Mn/RSZP/Ca1f8A+RaAF/4dH+D/APorf7VH/h7vEv8A8l0sn/BJPwhI2T8W/wBqboBx8bfEo6DH/P3Tf+H2n7Mn/RSZP/Ca1f8A+RaV/wDgtj+zLGcH4kydAf8AkWtX78/8+tAB/wAOj/B//RW/2qP/AA93iX/5Lo/4dH+D/wDorf7VH/h7vEv/AMl0n/D7T9mT/opMn/hNav8A/ItH/D7T9mT/AKKTJ/4TWr//ACLQAv8Aw6P8H/8ARW/2qP8Aw93iX/5Lo/4dH+D/APorf7VH/h7vEv8A8l0n/D7T9mT/AKKTJ/4TWr//ACLR/wAPtP2ZP+ikyf8AhNav/wDItAEt5/wSZ8I313LM3xa/akVpnLsI/jV4kRASc8KLsAD0AGBUf/Do/wAH/wDRW/2qP/D3eJf/AJLp91/wWr/ZnsrmSGT4kSLJExRx/wAI1q5wQcH/AJdaj/4fafsyf9FJk/8ACa1f/wCRaAF/4dH+D/8Aor"
14:55:31.822 [Test worker] DEBUG org.apache.http.wire - http-outgoing-0 >> "f7VH/h7vEv/wAl0f8ADo/wf/0Vv9qj/wAPd4l/+S6T/h9p+zJ/0UmT/wAJrV//AJFo/wCH2n7Mn/RSZP8AwmtX/wDkWgCS3/4JLeEba4SRfi1+1KTGwYB/jX4kZSRzyDd4I9jXz/8AFz9law8J+L/HVt4S1n9qfxho3wrtYrnxXeP+0V4j0+4R3t1uzbWEBmkF1OtsySESyW6fvUUSMxIX3+D/AILXfszXEyRp8SJC7sFUf8I1q/JP/brXh/xd/bX/AGVPih4t8UajY/tA+PfBtp4+tI7LxXpuh+H7pbbX0SLyAzNPpkssEpgxC0lvJExRV53KrLE+f7G/ntfpfrbvbXYuHLf39vLe3W3S/roeW6Tp3w+8XeO/GtlofxP+MN1png6Ca7W3u/2q/Edr4k1e3j0mLUxPb6V8zNG0cyqGMw+45P3cV6n+xJ+yP4R/a/8ABF1ryfFz4v8A2WOO1kjXwp+1L4j8TPA00ZcxXe1oBbyKNvy5fOW6bedrwt+3x+xx4L+G/wAQfCmmfEzV7TRviNLPJexJ4e1MfYFl0+DT/Ltv9BwqLDbx7Q4chs5JGAO+8Ef8Fh/2W/APgvSNCs/iZdyWmi2UNhA83hvVjI6RRqiliLQAthRnAAz2FbLkSfpC3rZ89/wX3tGT5vd9ZX9NOW34mr/w6P8AB/8A0Vv9qj/w93iX/wCS6P8Ah0f4P/6K3+1R/wCHu8S//JdJ/wAPtP2ZP+ikyf8AhNav/wDItH/D7T9mT/opMn/hNav/APItQUL/AMOj/B//AEVv9qj/AMPd4l/+S6+Rv2iP+Cffg74ef8FaPhBpV78Tv2hF0WT4aeLNavdTuPivr0up2a2s2nErDdm5M0URV2LxowVyqFgSox9cf8PtP2ZP+ikyf+E1q/8A8i18l/Hr/gqN+z144/4K6fBvxI/jT7b4PsPhv4r0fVZpNA1LaJLqfTdkRjNvvYOscmSqkDHJGRmKvPyP2fxW0vtfoXT5eZc+3W3Ys6l8K9P8MfCzUPGus6j+01Z6DN4Mv/GmjW0P7TmvS6xLb29q11FHe2jTJ9maeNTtaF7pVYEOVxXP/FrXPhl8OvCHhPU7LxV+1rqsviLwJe+NbyGX9oDxFarobW8ZK2U7/aG/eNJFdRlgMIbVyQcgV0erfFD9jTxTpdvpmt/H74ha1o+kaBfeGtDtbjww6y6JZXVlNYlEuk0hbqYxW88iR/aJZVGQzB3G6pvE3xE/YV8Up4kWX4teNIV8T3mp3VwI9GvyLdb+ExzQRBtObbCHeaZVOcSXMpJIYKNZ8vNLk2tpff7SV7aX1i3bT3bdXeI3XLzb31tt9l6dbaSS6+9d7I7f9k79k/wf+0l4q8YaDcfEr9oWDU/By2Ulxd+G/wBpLxF4h0i4W6WVkRLpZoSJ08li8TRgqHiYEhxXtn/Do/wf/wBFb/ao/wDD3eJf/kuqWhf8Fk/2VPDGni003x5Bp9qpLCG28KarEgJ6natoBVz/AIfafsyf9FJk/wDCa1f/AORaTt0Er9R5/wCCSvhFoFT/AIW1+1LhWLA/8Ls8SZ5x1P2vJHHTtz6mm/8ADo/wf/0Vv9qj/wAPd4l/+S6U/wDBa79mURB/+FkSbWJUH/hGtX6jGf8Al19xTf8Ah9p+zJ/0UmT/AMJrV/8A5FpDPD/2nP2XfB37O3imSwh8aftX+ILbRNCfxV4kuU+PniO2Ok6Ws6wGWNDct58ufNcR5QbIJPn3bFbhtY8D+DdM1mC2TxF+1jPD4q1C70nwTN/w0H4iX/hIbq11e30iYTr5/wDoifaLlJFb96WhV2KqwEZ9I/aJ/bn/AGSP2jvE8epX3xn8U6ILnSm0DWbbS/Dl8IfEGmtMk5tLjzdPkZV3Kw3QtG+2WUbvmBHHat8fv2OtW1eW7/4Xv47h+wXlzqPhiGPw7c+X4PubjU4NVmltM6YTJuu7eJttyZlCAoAFYilC/uc3d83pzaW8+W1r6c1+bSw5297l8rfdrfy5r3/u2trcyY/AvgyQyY8RftZ7fC5UeOCf2g/EX/FObtXuNJBg/wBI/wBMHn2txJ/yy/cxhvvsIq5X9mP9kfw94X8G+O7ay8YftGar4r8Q/HXxX4P8P6Xp3xn13Q7a9e3ubiVrm8mjnPK29vLJNcGOSWRlHDuwr0JP2gf2Oo3t8fHbx1i9Kt4nX/hHrrHjIrqc2qj7Z/xLPk/0u4nOLbyRsmZPu7dvDfsp/t3fs3eLfh/8SLfxD8Utd8Ia5ZfHHxV4w8M6zpGh3r3lgJ7ydYp0D2U0JElvPKjRTRtlZGDKDghv4F3vr6X6eVtuvd31F9udtvs/dpfzvvbTt2Omb4beEfDHxE+HHhnxN4p/aes7rxz4jvPDd1qGkftI69q2mabJDHbmCdJluEeWKaa7ggAkjhkR3OUwATxv9qeB/EHi+60rRPGXx/sooNZ1/TodR8W/tR+ItAsb230tNMcXMUm6YE3C6nG0aHHyRli3OB1snxE/Yk1DRtUjvvjZ44uNW1mW/urnVbfw1Np863V1BZQrcxR22lRwRSQDT7VoikYw6Fn8wkmuw+GP7Tf7Dvwp+I1j4jsfiHqt4+mQ3UNpYX/hrULizgWe10m1O1TYbsrHo1rtO7IMk2c7lCJJudm7Ll/Gy/Jp67Pm2Vh3Vr26/hd/mmvTl82elfAD/gnd4G/aB+B/hLxxZ/E39rXTLTxbpNtq0Npd/G3xJ51us0auEbF4QSN3UHB6jg11/wDw6P8AB/8A0Vv9qj/w93iX/wCS6Qf8Fs/2YwP+Skyf+Ezq/wD8i0f8PtP2ZP8AopMn/hNav/8AItXNpybirImN1FKWrJbz/gkz4RvryWZvi1+1GrTOXYR/GrxJGgJOeFW7AA9ABgVH/wAOj/B//RW/2qP/AA93iX/5Lp91/wAFq/2Z7K5khk+JEiyRMUcf8I1q5wQcH/l1qP8A4fafsyf9FJk/8JrV/wD5FqRnzt4n/ZrtvC/xL1XwxNe/tVpff2beavpAm/aR1yEvZWt9BZyXeobrnbY27ed56OGnZoYZTsEi+UeP8O2Hw28Yan8N7XT/AIhftFwf8J5aNeS3OpftKeIrS0to/wC0W0+NraYSut0s0kcjQsfKEi+X91pAtdr4c/a1/Zl8JeJPGusWH7VXxej1PxxqS6rdXR8OgT206TrLAqTLoqzPbwqphS3mkkh8p3UoS26oZP2mf2SpPCUXh9v2ifiS3h+9uZbzxDpp0O6Nt4nnl1GTUZZZk/szEDPPK4Y2nkZjIT+FCpR+x7T5/c9PlpdrtdL3molXafJ8vTTX87J93d+6ubwL9t34beDPGf7FnxNa38WftGwS3Phq48Q+Gota+Nut65b6tZWmsW+nzte2MlwUicSyIyxP5ow3LK6Mi/oR/wAOj/B//RW/2qP/AA93iX/5Lr4J/b+/aI/ZU0j9k/456x4R+JWq+JPHXjTSms7RLzwvNZmNJtSt7qZDNHp8BmZmjjHm3Ukj7II13feLfev/AA+0/Zk/6KTJ/wCE1q//AMi0R/hxv8VtfvdvwtfzvbQJfxJW2vp9y/W/yF/4dH+D/wDorf7VH/h7vEv/AMl0f8Oj/B//AEVv9qj/AMPd4l/+S6T/AIfafsyf9FJk/wDCa1f/AORaP+H2n7Mn/RSZP/Ca1f8A+RaAF/4dH+D/APorf7VH/h7vEv8A8l0f8Oj/AAf/ANFb/ao/8Pd4l/8Akuk/4fafsyf9FJk/8JrV/wD5Fo/4fafsyf8ARSZP/Ca1f/5FoAX/AIdH+D/+it/tUf8Ah7vEv/yXR/w6P8H/APRW/wBqj/w93iX/AOS6T/h9p+zJ/wBFJk/8JrV//kWj/h9p+zJ/0UmT/wAJrV//AJFoAX/h0f4P/wCit/tUf+Hu8S//ACXR/wAOj/B//RW/2qP/AA93iX/5LpP+H2n7Mn/RSZP/AAmtX/8AkWj/AIfafsyf9FJk/wDCa1f/AORaAF/4dH+D/wDorf7VH/h7vEv/AMl0f8Oj/B//AEVv9qj/AMPd4l/+S6T/AIfafsyf9FJk/wDCa1f/AORaP+H2n7Mn/RSZP/Ca1f8A+RaAF/4dH+D/APorf7VH/h7vEv8A8l0f8Oj/AAf/ANFb/ao/8Pd4l/8Akuk/4fafsyf9FJk/8JrV/wD5Fo/4fafsyf8ARSZP/Ca1f/5FoAX/AIdH+D/+it/tUf8Ah7vEv/yXR/w6P8H/APRW/wBqj/w93iX/AOS6T/h9p+zJ/wBFJk/8JrV//kWj/h9p+zJ/0UmT/wAJrV//AJFoAX/h0f4P/wCit/tUf+Hu8S//ACXR/wAOj/B//RW/2qP/AA93iX/5LpP+H2n7Mn/RSZP/AAmtX/8AkWj/AIfafsyf9FJk/wDCa1f/AORaAF/4dH+D/wDorf7VH/h7vEv/AMl0f8Oj/B//AEVv9qj/AMPd4l/+S6T/AIfafsyf9FJk/wDCa1f/AORaP+H2n7Mn/RSZP/Ca1f8A+RaAF/4dH+D/APorf7VH/h7vEv8A8l18pf8ABJ3/AIJteGfib4U+PUl18Sf2hdMOi/HPxpo0S6R8V9e05bmO31Eos04huVE1y45knfMkjcsxNfVn/D7T9mT/AKKTJ/4TWr//ACLXyl/wSc/4Kt/AP4SeFPj1F4g8dPYSa/8AHPxprtgBoOpTefZXOomSCX93btt3LztbDDuAaAPq7/h0f4P/AOit/tUf+Hu8S/8AyXR/w6P8H/8ARW/2qP8Aw93iX/5LpP8Ah9p+zJ/0UmT/AMJrV/8A5Fo/4fafsyf9FJk/8JrV/wD5FoAX/h0f4P8A+it/tUf+Hu8S/wDyXR/w6P8AB/8A0Vv9qj/w93iX/wCS6T/h9p+zJ/0UmT/wmtX/APkWj/h9p+zJ/wBFJk/8JrV//kWgBf8Ah0f4P/6K3+1R/wCHu8S//JdfPH/BVn/gm94a+DH7A/jzxRY/Ej9oTWbvRjp08Vlr/wAVtd1fTbg/2jaria1uLl4Zl5ztdSMgHHFfQ3/D7T9mT/opMn/hNav/APItfO//AAVd/wCCrfwD+On7Afj3wl4W8dPqfiDW/wCz4bK1Og6lB5zjUbViN8tuqLwpPzMOlAH6Z0UUUAfLP/BET/lET+zp/wBiHpn/AKJWvqavzN/4JKeJP2uLT/gmb8DovBfg39nPUPCaeD7BdJudb8Z6zZ6jPbeUPLaeGLS5Y45CMZVJHUHox619D/8ACWftv/8AQg/sq/8Ahfa//wDKagDl/wBprx/4/wDAfj74/RD4hXsWm6f4c8KavZRiSHTItDs59V1CG9ht5mBWKaW2tyv2mZwFkZXLRIg2eKXX7Wfxn+Jfw503Q/hfYePPEF/4V1vWfF9sbLWtPvbu90SyuTDplle3k10sdzBcz/aomkilnd1sTgzcyN7av7SX7Vlzqev6eNM/YukvPC8Xna3bD4pawZdIjwTuuU/snMK4ycuAMVNp/wAff2tbrwvo+rWuh/sayaLrksVtpV5F8TdZNrqEkhxFHBINI2yMxBCqhJOOKmCad4vpp6391+dmtO/vLeTZUmnuut36ctpL0ad/J8r1sjze/wD+CxXiPxJoHjLxD4L1D4Z+I7Gxg1i40nQUs7n+19OtLbRBqVrqd+Rdc2zylLdlWKP5pk2y7spW7rv7Q1vJ+2Pc+GZPj0YvFvhmzubzxuljqCW1nY250eRo9O0rQnkuJLi6Ryl80uyZ0EZRpGDiEdj4N0b9sX4fS6y+j/DT9lOzbxBqUmr6gR8Q/ET/AGi6kVFeT5tIOMiNBhcDjpUcnx//AGt4vHbeFm0T9jdfEyWv21tIPxO1kX6wf89jB/ZHmeX/ALWMe9U7Wjb+VJ+vLq772vdvZtdo3iSr3l6v7nLT52sl2e13ZnU/8E1Pifc+OR8UNNXxWfGvh/Q/EUA0DVofED+IrZ7Oawt3CDUJFV5JjJ5kssRXEDTiNCUC19QV8d/D/wCNP7XfxH8O/wBpeF/Df7Heu6X5jxLdaV8SdaurcyK2HXfHpBXcDnIzkHrXO2f7aH7SOoeNr7w1BP8AsNT+I9LExvdKj+LuqNe2nkgmbzIRpW9PLCsW3AbQDnGKqcldLsl+CWv6sUItL5/m9j7mor450X48/td+JPCdnr+naD+xzf6FqLpHaajbfE3WpbS6Z5BEixyrpBRi0hCAAnLEAc07Tfjj+19rPjHUPDtn4e/Y8uvEGkxpNfaZD8S9ae8skf7jSxDSN6K3YsAD2qeth30ufYlFfJOh/Ev9tDxPpiXum+Dv2StQs5CypPbfETXZYnKsVYBl0cg4ZSD6EEdqt/8ACWftv/8AQg/sq/8Ahfa//wDKagD6ror5U/4Sz9t//oQf2Vf/AAvtf/8AlNUjeK/22vsykeA/2WPN3NuU+PNe2hcDBB/sfJOd2RjjA5OeAD6nor5U/wCEs/bf/wChB/ZV/wDC+1//AOU1H/CWftv/APQg/sq/+F9r/wD8pqAPquivlT/hLP23/wDoQf2Vf/C+1/8A+U1Ok8Wftuhvl8BfsrEYHXx7rw5xz/zB/WgD6por5U/4Sz9t/wD6EH9lX/wvtf8A/lNVa4+I37adpqltZS+DP2TI728V3t7d/iHrolnVMbyi/wBj5YLuXOOm4Z60AfWlFfIE/wAZP2xLa21OaTwz+yDHDosnk6jI3xJ1sLYPtV9sp/sjEbbXRsNg4dT0IqIfHL9r5vHJ8MDw9+x5/wAJKLX7cdJ/4WXrX24W+dvneT/ZG/y88bsYz3o/r9QPsSivlm88VftspdyiDwH+yy8AciNpPHmvI7LngkDRyAcdRk/U1F/wln7b/wD0IP7Kv/hfa/8A/KagD6ror5U/4Sz9t/8A6EH9lX/wvtf/APlNR/wln7b/AP0IP7Kv/hfa/wD/ACmoA+q6+GP2tPjBY6P8WfjMnjT4reI/hz4g8KaVbT/DPS7DX5NMGqbrISfaYbNWC6tM9+ZLcwSJOoEUaiNTJlu/t/Ff7bbXCCXwF+ywsW4bynj3XmYL3wP7HGT+IrAuvjT+10njy28Nz+G/2OR4ne3a9t9Lf4la19vaEZUzJCdI8zZ1BYDHvUSi5aJ2323XmvNfPr8rhJRd2rrT032fk9v6seaeAL/4s+ObL47eOvELarZXHhBb1Vmh+Jes2f8AYV2nhmyuDbxaJHEbGREuZnId5g2WJ2koufpH/gnb4F8U+GvgpZar4shu01DxDpun3ayTfEXV/F/2kGDeZMahDELRmaQkxwhlPGWO1a808T/tE/tZ+CdJnv8AWdI/Yz0mxtbxdPnub34oazBFDctjbAzvpIAkO5cITuORxzWtP8Tf2z7XVrSwl8H/ALJMd9fpJLa2zfETXRLcpHt3sif2Plgu9ckDjcM9RW0ZKzst1BenKndr/FdP0SvzPUycX7t3s5P1u1b/AMBs/vdrap/W1FfKn/CWftv/APQg/sq/+F9r/wD8pqP+Es/bf/6EH9lX/wAL7X//AJTVBR9V18N/tZ3+paX/AMFofgpc6NbJe6xb/CHxvLY27nCzzrPpZjQ+xYAfjXc/8JZ+2/8A9CD+yr/4X2v/APymr5S+NHij9q+P/gsL8E7jUPCH7O0PjCH4eeKf7Nt4vGesNpUlp9o003DzztpgkSVSItirEysC+5lwM51Y81OUb2ut+3mXTlyzUrX8u5P4s/azTw58FJJfDHxN8e698QfEHwt12/8AEdzF43W7k0bV4tJnuZGuNHdmfSWtriHy0a3jgVZJFjYMcVhftAftffF6+8GwWVv4t8T6Zd/DXwh4g8Ia7La3j2T694gtrVnN40i4O4QR2VxG6/d+3uRyK+j9X/at/ab8K6voNtf2/wCxDpt94yVJNFiuPivqsM2uBsBDbK2kgzg5GCm7ORity1+N/wC1/fQJLD4d/Y9mikv30pXT4l60yteIzK9sCNI/1ysjgx/eBUgjg1tL3pN2te6stk7yVktdEptW78rvdIhe7y67a3e7VovV924Xv25lazPS/wBjH4V/EP4da14vuPFkt/Y+G9TFn/Yeh6h4vuvFd3p8qLKLqZr25QSBZd0IWHdIq+SzAjeVHvFfKn/CWftv/wDQg/sq/wDhfa//APKaj/hLP23/APoQf2Vf/C+1/wD+U1Ju4krH1XRXyufFf7bfkLjwF+yv5m47h/wnuvbQOMYP9j9evbsPXhn/AAln7b//AEIP7Kv/AIX2v/8AympDOb/4KQ/GvWvhx8"
14:55:31.824 [Test worker] DEBUG org.apache.http.wire - http-outgoing-0 >> "Tmt7fxlqfhS4sPBkur+C7K11D7IvifxCL+KNbRo8j7YdhhT7MQwIu3bbuCsvivi39qPxPa+MII2+JWuW0ur67qdl8T7ZdZKr4F0+LxXY2VrIq5/wCJYDp8s6iVfLMkZafcWQSD6C1jx/8Atn6ULZ7/AME/sk2wkuEht2uPiFrqb5nO1EQto/LsTgAcnOBXP3/7SP7Uum33iK3utL/Ypt7nw5Cs+vRS/FHV1fS4mHyvdA6TmJSOhkwMVMPd5L68rk3/AHrvms/KzSf91K1ipe83bS/L8rLl0+fvL+83e55Bb/tQ+KHfn4la5v0hox8L1/tf/kfgfFd7ZHeM/wDEzH2CKxTLb8R3Hn/ecSC58HfHc/gr4YeNIr7xFqHg3wHrP7TnjGy8Y6/Z3zae+m2H2i9kiDXikNaRy3aWsLTqyFRLgOhbcPVYv2jv2p5x4aKaV+xU/wDwk+f+EeK/FHVz/a2F5+yf8Sn998p/5Z54NeG/8E9viR+1L4a8O/FO30nw3+zGF1n4zeLLWVNd8davZSXGqteyvcW1qq6Y/nRgpIYycSMiFmjXBApp8ig+j69dU7Pz6Pp5W0JXxzn0ktLfZ0tp2S3X531I7z9tbWvCXi/wdr3hfxb4ym+H/wAOvFOuXmux3PilPE1lq2jQ2mlNdKl/GzteQ2sV7czKZZJJUlgZCx2ABnwx8efGT45fHWPRL++8a6/cavqnijWhokHjy98KDR4nsfC11aW5mtgWZLQajNGIirLmSRsE17P42/bJ/aQ+E8kFt4jk/YZ8NNLLJawxal8XNUsy8kRCyRqJNKXLIWUMo5XIzjNQap+3N+0PofjKLw7e6h+wlZ+IJ3hji0yf4w6nHeSNMFaJVhOlhyXDoVAHzBlxnIpRinNPfS3m20le/wD26muqbbTu7jb5U76a3+V3ZfLmaffRdD6//Z/8N+KfB3wO8JaV431iHxB4w07Sba31nUofuXt2saiWQHauQWB52rnrtXOB19fKn/CWftv/APQg/sq/+F9r/wD8pqP+Es/bf/6EH9lX/wAL7X//AJTVc5c0nJ9SYrlSifVdFfLN54q/bZS7lFv4D/ZZeAORG0njzXkdlzwSBpBAOOoyfqai/wCEs/bf/wChB/ZV/wDC+1//AOU1SM8d/wCGlvCPjP45/EiHTf2h9Rt/DWgG703xHLceMY4JbvUm1W2WKG1gjWWTS7C1G+xmvo4os/ad+9nj84cZoH7U3ixNE+G2sa58QYNV/sVZraPw5a+M7+zv/GMh8RzWUcunzJCE1iJII4ljd23zL80qR+eHr33xH8aP2v8Awxaam+r+Gv2PNPg0m1W81Frz4la1EllbtvAlmLaQAkZ2OAzYB2NzwaZafGT9rvUdB0jVoPDH7HM+mao8SaXex/EnWmgu2l4jEEg0ja5fOF2k7u2aKHucnXlt891+bfLvbprqyt7ymlpzfgtP8ldq1/TQ+O/2ufjn4w8afss/Hvw5f69qfiaC18I38/iq6k12DUbGHVIvEdrDZ/ZrdGL6ehtzcJ9nlSFj9nJMbFDK/wCxVflJ/wAFSfjx+0X42/YR+M+g6vp/7J8lrpthF/wkNv4Z+Iep6jrOngXcCZNs2mxjcHCqRI6Y55yMV9C6j+1H+1Po/jtfC93Z/sVWviZyqrpE3xV1dL9iy7lAgOk+ZyvI45HNEXanCHZb99W/wvZeSQS1qTl3e3bRL/g/M+1qK+Im/a3/AGnV8EJ4mMf7EY8NyXX2FNWPxY1b7C1xnb5Im/srYZM8bc5z2rsV8X/tuuoI8BfsqEEZBHj/AF7n/wAo9AH1ZRXyp/wln7b/AP0IP7Kv/hfa/wD/ACmo/wCEs/bf/wChB/ZV/wDC+1//AOU1AH1XRXyp/wAJZ+2//wBCD+yr/wCF9r//AMpqP+Es/bf/AOhB/ZV/8L7X/wD5TUAfVdFfKn/CWftv/wDQg/sq/wDhfa//APKaj/hLP23/APoQf2Vf/C+1/wD+U1AH1XRXyp/wln7b/wD0IP7Kv/hfa/8A/Kaj/hLP23/+hB/ZV/8AC+1//wCU1AH1XRXyp/wln7b/AP0IP7Kv/hfa/wD/ACmo/wCEs/bf/wChB/ZV/wDC+1//AOU1AH1XRXyp/wAJZ+2//wBCD+yr/wCF9r//AMpqP+Es/bf/AOhB/ZV/8L7X/wD5TUAfVdFfKn/CWftv/wDQg/sq/wDhfa//APKaj/hLP23/APoQf2Vf/C+1/wD+U1AH1XRXyp/wln7b/wD0IP7Kv/hfa/8A/Kaj/hLP23/+hB/ZV/8AC+1//wCU1AH1XXxf/wAEVf8AkTP2kv8As4rx9/6dWrpf+Es/bf8A+hB/ZV/8L7X/AP5TV8p/8EnfEf7WNt4U+PP/AAiPg79ni9if45+M31U6x4x1i1aHUjqJ+1RwCLTJA9sr8RyOUdl5ZEPFAH6r0V8qf8JZ+2//ANCD+yr/AOF9r/8A8pqP+Es/bf8A+hB/ZV/8L7X/AP5TUAfVdFfKn/CWftv/APQg/sq/+F9r/wD8pqw/F3x7/a5+H+o6Vaa9oX7HGiXeu3H2XTYL/wCJutW0moTcfu4VfSAZH5Hyrk8ijyA+x6+VP+C3H/KL34p/9ctO/wDTnaVh+Jfj3+114L8QaTpOsaF+xxpOqa/IYdLs7z4m61Bcak4xlYY20gNIwyOFBPIr50/4Ka/Hz9oXx9+xh8TfD3ie1/ZZbSdKbT18SQ+E/iDqWq67pcY1O1UkWkmnRLvD7QRJIg6854oWu39WDbc/VKiiigD5Z/4Iif8AKIn9nT/sQ9M/9ErX1NXy7/wRPumvf+CSf7PEziMNL4G012EcaxqCYQeFUAAewAFfUVAH5/8AxD/Zu8ffF/xn4w1KX4Kaz4WtvDl6R4Y0y3vND+weILH/AISCx1PUmnlS+aWS71H7JuSOaKKGIEq77nZqzvHf7Bvxi/aUtbrTreDTPhboEGra9430VNbs4tVlsdXvLgrYbIrO+RYLi3VJrkybpYw9+AA7K+39EaKmEeWKjF7Jr77Nv1ulJdE1tZtOpSu231kpfcmrelm0+rT1d7M/NHw5pn7Rf7QejfEu80bTvid4X8arda5Yagz+Oom0i0eTQo1g0ywhF4VhuItSljkW5WJFCxyHzyG2V6trP7PfiK//AGjJ9Pf4I67feBPCa3OoaXqF7rmmXi+OtWl0eSyefVLy4vZb9YPIka0VDbyliQ7ny0Va+2KKp2tG2loqPlorXt66pa66u7VyVo2+7b+Td7fdpftponY+df2B/hb4n+H+s/FHU9b8O6z4Z03xdr1tqemWetSacdRhC2FvbPEV05mtVt4vIjihxiQpGS+4kM3mtt+wv40n/Zm+MGnarq/i28uvFOveJdR0zwhH/YZsmS41qe8tJI5TbrKxlj8tjFcXewiZ43EY+59qUUS1d/7vL8tPx0WoR0io9pc3zXN+HvPRfkfDnhz9jDxv43+D11q3ivw9FP4uu/jBpPjnTNPKW+nro1pFe6UtzMLeO6ngjkMNpdShRPNJtmYbjJI6nM8R/skfGLXfH15pvhbSIfCGp2OueLNQuPG17dwi21uw1i+iljtoTBI12kwtvk3yRKIntIyu4BK+9qKEkly9LW+XLCP5U15PW91oj8783zvJ/wDt7/4c8L/4Jw/BvxR+z9+yNoHg/wAW6Ro2g6lo15qKQ2Glz+db29q99PJAFbJH+rdSBngFQcEED3SiiqlJyd2JJJWQUUUVIwooooAKKKKACvAvjj+zxrWtftbeEviL4R03To9dsPCev6NJrN/J5sNlNMLRrGN4t4cxGVJWYRAZ2/Mc7TXvtFJq/wCP4q35Madn/XTU/Pjwz/wTt+In/DLfx58I+LtA0HX9Z8QeJ7XxJ4dmtNULnXL8adYxz38xlZFDmeKVwJQu2VWZVULEa9Otf2fPGcf7aAvT4SuP7NX4jv43Pi83Np9nfTm8N/2YLHb5v2rzvPwuzyvL8td2/PFfXNFUnaSkuiUfKy5bfP3I/dbbQm14OD639dbp6/8Abz+bvvqFFFFIYUV8+ar+2f4m0f4pat4Ul+F92dS/sq+1jQ4F1+2E95bWl7DZma9VgEsYZTMJo33yloopTtEieUeB8Jf8FbtG8ca94H02x0fw3G/iprgXN7d+K0h06JYtUfTUe0uPIIu0nlikaFiIt42DhnC0Q99xUftbfj/8i/uCfuKUpbR3/D/NH2DXxr8T/wBl7x9rv7edrquiaVc2vhK+8YaT4w1PWpobJx/oemNZvDFcfaRdRq6hY/s/2VhmV5BOFZ469Z/Z2/bQX49fECLSZPDM+iafrumXmueGL9r5bg6xY2t4tnNJLGFU2775IXVN0mY5lJZWDItXxJ+3TaeGf2jZPBc/h9l0a18RWPhC41h9RjWcateWP26COO027pIDEUUy7wQ7ECNlV3VRtz05rumvO0krP/t9JWfXTcJ/BUg+zT8k46tf9uu9101PDNQ/Y28SfBvV7u70f4ZT+KvC9t4x8S3dv4dtL2yeW6h1LSYLaG+JurhEYmZbhJDI/m4uZHIbLEz/ALO/7Fnxs+GP7Wvwj8V+Kp/CfiPSPC3g+XwxdahDdzfadItlsbGNYFjfAd5bmGaVpFzuz85ASJR6XH/wUXuvEllLbeHvhtrlx4lPiDVdIt9G1e+j0yWS3060iu57qRtsnlF0miWOJhuLSoH8r5ymt4F/b9tPHXxv8A+GYvDZtdJ+JulDVvD17Lq8Dajd2/2BL1rp7BctHaAN5HnNJu88bPL2lZDVC6S5dfcprX+VQfI/Vx5nffdaK6Cvq5c3802/Vz977pWt8nroz6GooopAFfEP7UVlLqX/AAWx+BtvCu+af4S+NY41yBuY3GlADJ46mvt6viH9qXxGPCX/AAWr+B+ptF5yab8JfGt20YIBk8ufS22g44zisMUoOhNVXaNnf0tqa0OZ1IqGrurepg/Ar9nP4g/s/wDwt1Lw1r/wR/4Wde+NvB3hnSl87UtM/s7SZLLS4LSbTr95Z/MW3iuI5bgPbRzhvPkKguAGreBv2DPil8Lfi14V1nRtJg/4R7xH8XtU8WeM9KfUYf8AiXgajqMtlrFv8+G860mghliX958tsdoMcgPYy/8ABZ3w7dfs76B45tPCc1vd6n4fu9X1LStW1ZLA+Hrm3udKga2upfLcKhXVYphOFKmEK4Uhxi43/BUnXNU+DnxE8WeHvBHgPxdB8MY4bvVbvQviF9v0W8gkikfbaX8VgwluYzHiSB449gkjO87wK7qkprEe3kvei+by0mn81zRX/pV72kc0VGdD2UfhkmvP4HF+js/v0ta8T7IorF+H2o69q3hG0uPE2laXoutyBjc2Wnak+o20PzHbtneGFnyuCcxLgkjnGTtVi1Z2LTuroKKKKQzxX9sH9n5/jNqXwx1ax0ddV1fwV410zVo5HuAg0+2W4Q3Uyq7hC4iUjIBk2s6rw7A/Jekfsz/GL4Oa7r97b/CW9+Kmo2F7rt5FHrVx4fFhfXd34hgv9OurGRporlVhjUz3Ec7xmSS3iUFmWN1+1fj/APtGx/AbXPA9i/h3W9a/4TXxBa6F9qtUVbXSvOkWMTTyMcD5nUKigu5JwAquy+XeHv8Agpl4fk8UX8WvaLLoeiyw63NoN0l+l3e6x/ZOoR6dcxNaKoeKaS5mjWCMNIZN4B8tyEMU7JXj/NN/PkhzJekVFq2t27a7XUu2ubtH7uadvvbkn0slfz8Kj/Yz8d6dpLWdn8PvFFzd+N9L06F9T1W40aGbwtqsfiS71a/vZY4LyVIYpTdLNElo0xH2ZEbDBSed+EX7KV7+1t4K8QaTbreQWegftQ+ONau9Us7iOG50Fo01WO1votzAtJFeS2rKFDHOMqVDV79pH/BU6x168+FFsvhrTNGuviTotvrlzFrviSOw/saOe6FtFDvEMiTTNIHAXKKWUKGy654X9i/9pbT/ANnrwX8R7nWLTzLHxF+0R430iW4jKxCwjjkvrxp2UL8+Es2BHUl8545uo0qSctIqTs1pqpdLbWls1b16kRTdSdtW43fXRw382462d7vpqcb8Mf2Ev2ivFfi7WNZ1rWU+Gfi250/xZGdX0pNJ1XTNSvLvULF7YyW9zFPIttcJbyS7VVJIxhWcH5W99/Z+/Zw1nwh41/Z7vf8AhCJfCuj+BPhvqnh3UrG61O2v5dIunfRxBAZUc+flbOciRBjCDdsLBag8Yf8ABQfxv8PvgJcfEvVfgnqEvhe+0a31rQl07xHDcX90s9xbRQ2t3C8Ua21zItyrosb3EfyOrSIQM+p/s+ftbaB+0r4s1e08NI8+l6foeka5BqDPj7Sl+bsCJoiA0ckRtGV1Y5DEqQCpq4qVKMadvgSXn/y8Wq6fFLSyWist7zK1Sbq/zNvy15Hv12Wt3u9e3q1FFFQUFFFFAHxb+1V+xh4j1f4g/FvWPCHhi6ltvG0Hgy8nu7C8tTql5c6drN5dXclsLuTyvtMEBtmiW5H2c7UTayqUrzjS/wBhr47XGi/COdNP0KXR/A3jQa5baRrd6kWrWfm67cXU+p3f2ZjZvdNaSIGS3IWMyXCxIBJtX6S1r9tDxdpfxcu/BkXwnvbnWr20ub7QLddehEtzbQahBYtc367CLKBzP50bAzs8MUvyCRfKPHaR/wAFV9P1zxX4J0VPD+h2F74ma4S9m1LxQltZWvk6pJpitaz+Qwu1mmhlaFiIhIuwfKzhaMNpKm4a+8pR9Y9PRcln2t3tYr/BU59Fa0vmrfin8/S9/l39uL4KeOPhH+xJ+0EJdB8WaB4NutDvbnUx4h1HStRF/qtx4ghuIptPmtFWfyDFJcM4uEjP7yAbS6yGvtj45/s9XnxZ/aObXtS8FaN4l8N+EPCN1Lo9jeywRw+IdbuxLA8cxId1EVrH5Su6FANRkIDFSF+af+ClP7bH/C7/APgnn8XNNPhh9Gsdb8MS674XvpbuO7Gs2NprFtZzSSw7AIH3yQuqZkDRzKSysGRfqf4xftTeL/hd+0DoPgux+GyeKbbxFBdXdpPp/iGNNQNvawCSeZrWSJY1QSvDApacBpJ4ugJ2zpyU0u0refxJ38462vtyr+Uu755vrdX/APJXp/i6235n3PkL4gfsZ/FHxn/beoReCfiDpOhaz4mu9Uit7O48Nf8ACVWPneHhpYhWNpP7L+wKP9HHH2gIqvnOZa/QD4AeHdU8H/AnwXpOt2ljYazpehWNpf21lI0ltbzx26JIkTOSzIGBALEkgDJPWvmHxt/wV9074e/C3U9b1XwzoVre6L4puPC1+7+Lof7DguYNM/tGSMaj5O1p9oNuIvK5ulMe7A8yvrnwX4mXxr4O0nWUtbuyTVrOG9W3u49k9uJEDhJFycOM4IzwQa1jflk47Pk/CL5det4u/UydrwT3XPb/AMCXN6Wat0NOiiioKCiiigAooooAKKKKACiiigAooooAKKKKACiiigAr4v8A+CKv/ImftJf9nFePv/Tq1faFfGP/AARZkMngz9pHO3j9onx6OFA/5ijelAH2dRRRQAV8sft+/DXxL8WPHGgeH9J+E2r+J/DWu2DWfirxTpM+j/2jbWIuYpf7Mt1vby3aPznQPJOofy1QbFMjK8X1PXi/7Wv7XEv7Kcnh+6uvDSajoWrXtvYT30usQWchnnuI4IbW0gYM93dNvaQRDYvlwyHzMgKSP8SDW99PNu6s/X5X2d02mP4Jdrf8G/8AW261V15F+0d8KvE3xG+KXhzQ7H4L+NLjwffzR3HibxQdV0a91iWO21Z7q20+NrrUhLDbGUfaS8e9khdIo445M+T81ftvfBTxx8I/2NfjiJdB8WaB4NurN7nUx4h1HStRF/qtx4ntbiKbT5rRVn8gxSXDOLhIz+8gG0ushr7b+MH7eNr8NfHE1hY+FtT1bSNAtbTUPE+oXDvpsmj2t1qMunwyRW80Qe4/ewTueUXyYt6NJvRW+Xf+CgX7dVp+09+wT8fdK0+w0Cyt/DUkMFvnW0u9QvEg8QQ2hneyMK+XEzRMQwdwMqDhuAUdOXl1+P59H93TzV9XdhV+1zf3L+XVfN9etnbRWR+kNFFFAH5l/wDBI/8A4K1/s/8Awg/4JkfAvwv4h8dXFhrmg+DtPsr63Xw5qs4hlSIBlDx2zI2D3ViPQ19E/wDD7P8AZm/6KLdf+ErrP/yJUv8AwRE/5RE/s6f9iHpn/ola+pqAPl"
14:55:31.827 [Test worker] DEBUG org.apache.http.wire - http-outgoing-0 >> "T/AIfZ/szf9FFuv/CV1n/5Eo/4fZ/szf8ARRbr/wAJXWf/AJErlP2efjJb/HH9r/4iaL8PPjc2qDR7LV9O1VdS1u31GV9V+2xCN7HSd/7i205BJbtLsjSd5V3ecULnzXxV+0f8ZvFf7MPwQ0b4eN448bePtK8Ljx/4lutOurGO51JLdjFaWt6biaBTDezibeIgzkWzBYyOkqS5I1Hopa/L3m36KMXLzViuV88oLeOnz0svJttR8noz3X/h9n+zN/0UW6/8JXWf/kSj/h9n+zN/0UW6/wDCV1n/AORK8Xv/APgsV4j8SaB4y8Q+C9Q+GfiOxsYNYuNJ0FLO5/tfTrS20Qala6nfkXXNs8pS3ZVij+aZNsu7KVu67+0Nbyftj3PhmT49GLxb4Zs7m88bpY6gltZ2NudHkaPTtK0J5LiS4ukcpfNLsmdBGUaRg4hFO6tfS8eb5NX/AOH6Lb4vdJVne3RtfNO357d99tT0wf8ABbH9mdgf+Li3XAyf+KV1n/5EpP8Ah9n+zN/0UW6/8JXWf/kSrf8AwTU+J9z45HxQ01fFZ8a+H9D8RQDQNWh8QP4itns5rC3cINQkVXkmMnmSyxFcQNOI0JQLXkXw71nWtJ+H/wAZfih8Q/GeueD/AAXoev8Ai20/4S6L4katdXGnW9vq91axxx6HJbmwiKRJ5UTJI7hhGypvb5SfuOz/AJebXTonb8f+HCHvRUl1ko99+b/5Hp+Wp6l/w+z/AGZv+ii3X/hK6z/8iUf8Ps/2Zv8Aoot1/wCErrP/AMiV8y+Kv2lNUt/g3oXiiz+L+lXPhOOXxDrum+G3+Jlz/bV/DF9gNppH9q2gmW5vlDTsbd53dWvYkAmWIuO1tf2iptU+IfiS48R+O/GkE1t/wmV5428N2WvS2114Y0jTJUk0uWOGNg1m7QrDiRdpuBdyFjINu0k7R5n0Tl5q1rqyvqtU7XWm+qBauKWvNLlX46+mml97pd7ey/8AD7P9mb/oot1/4Sus/wDyJR/w+z/Zm/6KLdf+ErrP/wAiV6n+xH4A8SfDz9mrw5B4v1vWtc8S6lEdV1BtTv5L6SwkuD5v2NJZCXaOAMIlLElvL3HljXrFXUg4ScXuiKc1OKnHZ/kfKn/D7P8AZm/6KLdf+ErrP/yJTz/wWs/ZoWBZP+FiXWxmKg/8ItrHJGCf+XT3FfVFFQWfKn/D7P8AZm/6KLdf+ErrP/yJR/w+z/Zm/wCii3X/AISus/8AyJX1XRQB8qf8Ps/2Zv8Aoot1/wCErrP/AMiUr/8ABbD9meM4PxFuugP/ACK2s9+f+fSvqqigD5U/4fZ/szf9FFuv/CV1n/5Eo/4fZ/szf9FFuv8AwldZ/wDkSvquvBfivc+Jo/26fh3pf/CWanB4Q8SeGNfil0O0RbdBPD9ixdNMP3jSgTMEwVCcnBJyDXZef5X/AOAHqcd/w+z/AGZv+ii3X/hK6z/8iUf8Ps/2Zv8Aoot1/wCErrP/AMiV4N/wld74V8Oab4l8QfF3x94W+Fnj/Xdf/s++1DxdcB7CHTbWaLTVF5K+9Wu5Y7i7MYYLJsgiKsFZX3/2Yv2kPHHjT49+Ah4q8WarD8RtU12z07WfBjXflQw6G/hOO9kuzp/RB/aJJ+07chyYd+Pkop+/JxXRRf8A4F09U/iXRa6hUvCPM/73/ku/yfRrd2XVHr11/wAFqv2abK5khk+Il0skTFGH/CLawcEHB5Fpio/+H2f7M3/RRbr/AMJXWf8A5Er6rooA/NTwr+1z+zL4P1/x7qlp+1D8Yf7Q+IF4b+8uW8MslzZzLMssHk3CaKs5igC+VHBLJJB5TOjRsGOaL/tI/sn3Gj3Wm3H7RPxSudK8QX7al4osH8O3YtfFE7Xf2tnljGlBbclwEJtPILRgKxJAYdvpP7SnhLxp8c/inHpn7Quq2/hbw3bX+n+J7qTxTC10b9tTt0X7FZqsjadZWKeZaS3qwxg/aPMLM0RnHD+Gf20fioNF+FulKfGV34c0z4jpZX/iXRGfXtO8SwSa3LbwabBqbAPc20NtgPPIqyzusYPSXJhvelSUN5cqXo5KKv3XwvrzJLtEMR7sajntFyb9VFy+/dd4tv8AvW7D4Aftv/smfAv4hHV9P+MXi7WPItLnSdC0/UfDOofZfD1nc3Yupre3MenRuytKsfzTvIwWGNQRglq/jH9tD9jzx7+09pfxS1T4pa5dano8sNza2L+DLswxzQxvHGwnOmfaxGN5k8kTiIyAPsznPoX7APxs1v4gfHmO0ufGOp+JNQ1Dw9q1/wCONJuNQ+1R+FdXh1dYLW2WHJ+xZhNzGIgFEi2quQzbnaD49ftE6ZZ/t/Q+FPDXxdNp4x0PZqGtaLqPiFINNsrE6fKY9Mg0xSZL68uZSlwXSKSWGMZ3qDHFJHPyQpVF5teVpSu/vTlfrfm+JpFOLlKrB+j87paeWjUbbdPh1POPHX7YP7JXiq+vdR0z44eO/C2u3uu3+u/2rpvhm9e4gN9aR2l1bos+mSR+S8cUZG5C6uisH4xUvhj9sv8AZJ8KeOfCOoQfG7x9P4e8BzQ3egeGLnQNSm0zS7iLTjpqSRu2nfaQot2f915/lb5HfZk1wnw4/aavLex0fwx4s+Md0fC0dkNQ1z4i6J4/u7nTr/Um0mea2sVuZ1jNpMskUk72q7RIPs6sgDNEfo/9m+28WfF79pTwHqep+JfHGmX2heANL8U+N9LfWbldPvNU1G3aCC0FkW8mJE+z3c0iqoO/yMEDeG3jT5Jumvs8q+SjLlX/AG6ou17Wbi1rIipLmhzvXm5n98kpf+BOSva+l09EbX/D7P8AZm/6KLdf+ErrP/yJR/w+z/Zm/wCii3X/AISus/8AyJX1XRWYz5U/4fZ/szf9FFuv/CV1n/5Er5G/aJ/4Ke/s/wDxD/4Kz/CHXh45vT4Utfhp4s0TUr2Pw/qaSW8t3Np3lqsbW29iVjkO4IyjbzjIz+slfD/7U9zJZ/8ABaz4HzRM0csXwk8aujKcFSJ9LIIrDFSjGhOVRXSTuu6sa0eb2keR2d1Y8Y134ofsMa34i0XVV+KPjaxvtH8IWfgx3tdC1NF1K1tbixnhnuEOnFWuR9ghj8xQuY2ZSOI9nc+MP21P2OvF2mfFPTh8VfFel6R8XrdE1vTrHw5qaWsFyEMcl7bq2nt5dxMnliQksj+SjbAxZmw/hD+0RZ+Kvh1aah8YvjR408D+I7DwX4W1DwZDp2vS213rn2jTLeWa9islONYuJr5poGhljnA8tFCK0m5rvw8/aY+Kng/4p+EtG8Q69r+seGPiN8bdXtNC1X5t2nRWmp6nbzaHcED/AFJhghmg3dQk6HHlxg904y+sKjJ6uTjfpeU1fX1lzNPqrfFZHMnGFB1Vsknbr7sG1+EbJ9nd+7dnuS/8Fsf2ZlGP+Fi3X/hK6z/8iUf8Ps/2Zv8Aoot1/wCErrP/AMiV9V0VgaHysf8Agtb+zQIg/wDwsS62sSoP/CLaz1GM/wDLp7im/wDD7P8AZm/6KLdf+ErrP/yJX1XRQB8V/Fb/AIKrfsqfGCy0ODUviZrECaBrdlr9ubXwxqyl57WUSxq+6ybKFh8wGCR0Irxi7+M37Cvib4ua14w8T+PdY8VXuqzz3EMV34Rv7X7C8txHcMwntdOhuZmV4olja4llaNIwqkDOfsj9tXWPFHhq/wDhXfaF4ovND05/Hek2Gq2NrAm7WIri5SPypJWyyxAFyVQAuSuWChlf51+BXxg+Ivj39qzxX4M07xtqp1A2XipvEOqjVLXVrLSZINVgj0s2unly1hJHbNNFsniiErozlbkJ5hxVSMYSqJbOo/nGEJN/OPKl10LqJ6KT3UPucppL5NSb9TgdK/aA/Y98N/Crw94C0n47/E3T/Amj2kNje6D/AGLqNxa65FFdm6XzzLprPG7SEq727QsyYUn5UK8Z+yB+3d+zH4q8N+OovHPjrU7dNP8Ajp4t8X6bbQ+H9Sli1CC6lvIIxMBaP+7eC7kJTKOCFzjBU+lT/tLeLh8N/hVeal8QdcsvFMvw18G6x4VszqXkN411m7vvK1FJYuBfMYhbqyEMIlumkAVirrxUfxLuvhx8KNZCeI7Hw1pmtftVeNbHVJr/AMdXXgmyuIPL1aZYptTtkeWFfOiiYAKd7oing5rfEw5Vyz1XO131Urfnrbp5EU370uXR8t36OHN+TtfvfsdBbftJfso3PhWz8P6x+0f8W9e8N6JZwafoel3Wh3kcGj28NzbXEajytKRrlh9lhjEl0ZnWMNhg7s7d78E/29/2Of2ffjB8RvGfhv4i67bXnxOuLW71Sxk8O6u1hazQeeS9tH9iBi82S4lkkG4hpHZgFLNnyXwv+1l8ZtV8N6QbbxDrWoeDbHwi1z4113TdTN9fWGlw+I9QtZb/AEhjHi+P2WNNt6yrI9tAZghmZUH3F+wj8QpviN4c+IdwNdufEOlWXje+s9Gu5b1rwGwWG2aAJKxYsmH3A5OdxOTmrjzVG5X1Sk9d7KpGLv8A4pNNPW7i+qJlaHu/3oryu4OWnotHta66SOI/4fZ/szf9FFuv/CV1n/5Eo/4fZ/szf9FFuv8AwldZ/wDkSvquisyj5Yuv+C1X7NNlcyQyfES6WSJijD/hFtYOCDg8i0xUf/D7P9mb/oot1/4Sus//ACJX1XRQB+XGufH39l3XbL4jW7/tVfGyFPijdm61qSLwvGLll85XW2S4Ogmf7MkYNusLu6CGR1xli1dBr/7X37L3irwdo/hvUf2j/idd+GrG0t9Pv9IHhN7ay1i2t7nz4Ynhg0eOO324ERa0WBmiVVYkqrDP8Y/tReJrTxnFEfiXrltJq+u6pZfE63XWSq+BtOi8WWNlayKuf+JYDp8s6iVfLMkZafcWQSC4/wC1XaajfeAfDcfxzvrLxjqOuXieFpdR8VwWGmnQLbxDcQx6pds7r/aj3NpEttBG3mmYjzFC5knVYb3o0+Tq7L/t1firPTpZSbsosMR7vO5dL3+f5arXrfltdySPEP2+P2m/2ZNC/Yh+K1t4Q+K/i3xNq13oMmjeGtI1Lw/eQ2uhWlxqsF7PbW7iwiJVpET5riR2CwxqGGDu+tPEX/BTD9lDxL8R9e8VS/FbxRbatrvhlfCwktNB1i3Om2wlnlaW1dbISRTs0wLPuP8AqIcAFST81/tffGzW/iB+xL8YLS58Y6n4k1DUPBN/f+ONJuNQ+1R+FdXh8SWsFrbLDk/Yswm5jEQCiRbVXIZtzt9m/tCaNcav+2TjT/HvxE8J6X4R8J3Hi/xVLpmq3NxbxxsktrYww2GJIWy0N3cMBC5ZrSNdp8xgVdezpvo1K3lbn5tfO0ne/vJ33di7PnqLqnG/m7w5dPVxVraNdtT5tvP2if2Ur7W5fEUn7RvxNk8dXE7NP4nk8JO93NA1kLFrdoDo/wBl2+SB8/k+Zu534JWvePhl/wAFcP2VPhJ8N9A8K6P8Q9QTSfDWnW+lWSzeGtakkWCCNYowzG0yx2qMnvXzX8Qf2ovFcPhDWNA8PfFW1m0CHxddvpHiO7+I08Wiz2Y8PCeCF/EIiMxuxdEXRs/L2bi0G7yVzX6Wfs/eK7rx38BvBWt3zX73usaDY3tw19aC0umkkt0djLCpIjfJO5ASFOQDxWqTam/8F/nFtfdrfzfVt2xbS5F35reVmk/v0tbt2tfwP/h9n+zN/wBFFuv/AAldZ/8AkSj/AIfZ/szf9FFuv/CV1n/5Er6roqCz5U/4fZ/szf8ARRbr/wAJXWf/AJEo/wCH2f7M3/RRbr/wldZ/+RK+q6KAPlT/AIfZ/szf9FFuv/CV1n/5Eo/4fZ/szf8ARRbr/wAJXWf/AJEr6rooA+VP+H2f7M3/AEUW6/8ACV1n/wCRKP8Ah9n+zN/0UW6/8JXWf/kSvquigD5U/wCH2f7M3/RRbr/wldZ/+RKP+H2f7M3/AEUW6/8ACV1n/wCRK+q6KAPlT/h9n+zN/wBFFuv/AAldZ/8AkSj/AIfZ/szf9FFuv/CV1n/5Er6rooA+VP8Ah9n+zN/0UW6/8JXWf/kSj/h9n+zN/wBFFuv/AAldZ/8AkSvquigD5U/4fZ/szf8ARRbr/wAJXWf/AJEo/wCH2f7M3/RRbr/wldZ/+RK+q6KAPlT/AIfZ/szf9FFuv/CV1n/5Er5S/wCCTn/BVr4C/CTwp8eovEHje4sZNf8Ajn4012wA8PapN59nc6iZIJf3ds23cvO1sMvRlBr9WK+L/wDgir/yJn7SX/ZxXj7/ANOrUAdL/wAPs/2Zv+ii3X/hK6z/APIlH/D7P9mb/oot1/4Sus//ACJX1XRQB8qf8Ps/2Zv+ii3X/hK6z/8AIleU/tJf8FBf2XP2mIDZal8dfHujaFfWL6XrGjaZ4d1H7Drdq0iuUlSbTpDG/wApXzYDHLtdhv8Aulf0Br4z/wCCmXxj1P4VfFTwlexeL7XT9M0bRbvUj4Ui8T32gap4vuftdoiRWbQxGO6mVQ6LAXJLXCgphg6kdasI9W/0b+el1b79B68kn2X6q3421PMfib+2b+yj8WPGKavqnx28en7VFb2etWsfhW6SHxDZ21+99aWtxjS9yxwySOitCY5Hjdlkdyd1eIf8FDP2rf2ffGP7L/xBk0X40eO/iD4w1Kwh0Pw5Za/o12kel21xrVldzwRzmwhL5aCIB7mWRgkCKGzuLffPxt8deKbjxp8ENT0n4g2E2iX/AI/n0bVbTQbZEttVXyNQ2wTSGSVgYDAEkRGXdNGxO0Dyx8KftdfGzW/iB+xt8T7S58Y6n4k1DUPDEt/440m41D7VH4V1eHxXZQWtssOT9izCbmMRAKJFtVchm3Ozo6uKW95peXucz+9Nq/d205mKrZXb6qD9bycF9zjt2S7I/XuiiikB+Zn/AAST8Q/tcWv/AATN+B0fgvwh+zlf+E08H2C6Tca34v1m01Ge28oeW08UWmyxxyEYyqSOoPRj1r6I/wCEp/bf/wChF/ZV/wDC61//AOVFS/8ABET/AJRE/s6f9iHpn/ola+pqAPi0ftK/tVnU9esvsf7F32zwrF5+twf8LO1jzdHjxnfcr/ZeYVxzl8DFT6f+0H+1pq3hnStatdM/Y0udH16eO20y/i+JesvbajLISqRwyDStsjsQQFUkkg4rnNc+F/jrUfHfxA8TTfsy6lfP4dt9QsfAvhsaj4ei0nWjcarbXc1/dz/2gZWnnuIIrrZJFGsSQuuXlfnnPFX7A3xZ/aE8CaLoMMbfDo6V/a/jK81LxTplleveeLb2djDcWlrpuqMlotqPMeJnllAE8e4SSB2qYSvFSl2u/wAX97itt1K0bNt2qUbScV3t+C1/8CaXZq8r2jr6Z4N0P9sX4fS6y+j/AA4/ZTs28QalJq+oEePvET/aLqRUV5Pm0o4yI0GFwOOlRyfHz9reLx23hZtJ/Y3XxMlr9tbSD8SdZF+sH/PYwf2V5nl/7WMe9eNeHNM/aL/aD0b4l3mjad8TvC/jVbrXLDUGfx1E2kWjyaFGsGmWEIvCsNxFqUsci3KxIoWOQ+eQ2yvVtZ/Z78RX/wC0ZPp7/BHXb7wJ4TW51DS9Qvdc0y8Xx1q0ujyWTz6peXF7LfrB5EjWiobeUsSHc+WirVO6Ue3JFrtblul8lZK2+yXL7yneUu/NJfNSs7+ru2+mrevump8P/jL+138R/Dv9peF9A/Y713S/MeJbrSviJrV1bmRWw6749KK7gc5Gcg9a521/bO/aRvvGl/4bhvP2GZvEWlCc3ulp8WdUa9sxAC03mQjTN6eWFYvuA2gHOMV65+wP8LfE/wAP9Z+KOp634d1nwzpvi7XrbU9Ms9ak046jCFsLe2eIrpzNarbxeRHFDjEhSMl9xIZuI8DfsveNfhX8Cvitf6npGv8AxIu9Z8QeJ9R0v4Y3M2gw6VqiXWsXFzaN9qaFZkEkbxyMJrtgodwY8hUBP3X5ct++tlpp5t7dum4Q96KfVyS+Xva6+i3tv8jnr39rX9paPwlpev3B/YdXQtWmKabqUnxU1X7JeyLkEQynS9jsDn7pJFWtX/aZ/aj8NaprUN/a/sT6fe6DDFPq6XHxP1aKXTopCBE84OlgxqxYBS+Adwx1rhfE/wCyt8SrzwRZeJrPwD8TLT4p3r6/qLT29/4ZtrGz1y9Gn+VLNZNcXMX9ngWkaApO8wWCTzI5Hm311Xhr9n"
14:55:31.829 [Test worker] DEBUG org.apache.http.wire - http-outgoing-0 >> "j4o+FfHV9dr8OodR1zwtL421xdWmurD7B4wm1SQT6fZRhpvOADiFX+0JGkf2NMMRsNDuot9bN280lotr63ttdWsuwtXFd5W7WV3q+3T0bd3pr0vgf41/tf/E7QV1Tw1oX7HviHTGdolvNM+I2tXcBdfvKHj0orkdxnitj/AISn9t//AKEX9lX/AMLrX/8A5UV7X+y58DLT9nL4EeHvCdsFe5srfztTutoD6jfynzLq6fHBeWZpHPb5sDgAV6BV1IqMnFO9v6+7sRTk5RUu/wDWvn3PlT/hKf23/wDoRf2Vf/C61/8A+VFPbxP+219nUjwP+yx5u47lPjjXtoXjBB/snrndnjsOuePqiioLPlT/AISn9t//AKEX9lX/AMLrX/8A5UUf8JT+2/8A9CL+yr/4XWv/APyor6rooA+VP+Ep/bf/AOhF/ZV/8LrX/wD5UU6TxR+26G+XwN+ysRgdfHOvDnHP/MJ9a+qaKAPlT/hKf23/APoRf2Vf/C61/wD+VFH/AAlP7b//AEIv7Kv/AIXWv/8Ayor6rooA+UpvEX7bdwm2TwF+yk65Bw3jjXiMg5B/5BHrR/wkX7bfn+Z/wgX7KXmbdu//AITjXt2OuM/2R0r6tooA+WLzxP8AtsrdyiDwR+yy8AciNpPG+vK7LngkDSSAcdRk/U1H/wAJT+2//wBCL+yr/wCF1r//AMqK+q6KAPlRvE/7bzqQfAv7KhB4IPjnX+f/ACkUkfiT9tyGNUTwJ+ymqqMKo8c68AB6D/iUV9WUUAfKlp4h/bYjust4E/ZVjWVwZXj8b68WI4Gcf2SMnHqe1VbL4j/to6lqN5Z2/hL9kqe705kS7gj8f660lqzqHUSKNJypKkMM4yCDX1rXzRa3PxD+C37S/wAaNU0z4S+LPF1h4yfT77RNS0/U9GhspJLfS44TFMLi+iuEJmj25ELDBBziplLlVxxjd2OKj+NH7WcxMC6B+xo3/E0OlNGPiLrJ/wCJgB5htsf2V/x8Y+by/v8AfFU/HH7Uv7Unwy0e+1HxJF+xR4e0/S7tLC9utT+KOr2kNpcuiyLDI8mlgJIyMrBGIJDA4wa5j4Uf8E6fib4C8HeNPDHim40fxVafEnw1/wAJDc6loVsNJuNB8aWs32iK8DTXcxluJpZlYXEapGv9nRhkUMM9v4Q/Zs8Ufs8X/wAGPGR8C6v8Q7/RfD2qR+LLC1vNPfV4/EGpmznudVDXE0NvK5eG5hcpKCiTKIwYwQKs1o/6ev6wav0UqctU2K6eset/LTR/J2ktHu4zW6Sc+j/Gj9sHxEHOn6B+x9fCO0i1Bzb/ABF1uXbbShjFOdulHEbhH2v0bY2CcGr2keP/ANtTX9Ktr6x8H/sm3tjexJcW9xb+PtdkinjcBldGGkkMpBBBBwQa80g/YX+J/h74e6UPDuiw6Fc/Ee41vw14s0uDULdP+ER8O6nq0t/CUdX2SS2UMlzEqQFwJL9tmUTdX3poujWvhzRrTT7GCO1srCFLe3gjXakMaKFVVHYAAAfSml7t3v27b39dOXVaX5l0F9qy2117rSz8rvm0eqXK3vp8vf8ACU/tv/8AQi/sq/8Ahda//wDKivlD42+Kv2rbT/gsD8FbvU/Cv7Olt4ut/h34pbT4Y/GGsHSWs/tGmm5knnbTRJHIpEewLGykFyzLgZ/VqvhT9sTR7jxD/wAFkPg3YWcfm3d98HfHNvBHuC73eXS1UZJAGSRyTiscROUKUpwV2k2l38jajCM6kYSdk2texZ8GftY/tLfFLT5dS8Pf8MO+I7XT7mK1kutO+Keq3kdtPOwjijLppZCvIzBVXILEgDJNb1j8bv2vtT8TzaJbaH+x5cazbM6TWEXxH1p7qJkWN3DRjStwKrLExyOBKhP3hn598F/sE/HHxH8OdK02XS/iDoWpW3hvwbodxqXiK68LG90mbTddsLqRtMGmsYZIIYEu5Sb1XmZo4Au/LqfoD9lL9lvx58Hfjb4AsNW8Nx/2L8ObTxRps3ixLy2ZvFn26XTZ7bUJ4/MM/wBsm8qYXBdOZoXcHY6V1ckeZq/WX3LZ/Pt56XUWzlU5NXa7firv7npfy1s2kbf/AAlP7b//AEIv7Kv/AIXWv/8Ayoo/4Sn9t/8A6EX9lX/wutf/APlRX1XRWRqfK58Uftt+SuPA/wCyv5m47h/wnGvYA4xg/wBk9evbsPWmf8JT+2//ANCL+yr/AOF1r/8A8qK+q6KAPjvxR8bv2vvBGo6Xaa1of7HmkXeuXH2TTYL34j61byahN/zyhV9KBkf/AGVyfal1r4v/ALX3hJNUn1Hw5+x5pg0u2W+1KS5+ImtQi0gO4LNMW0obEPluAzYHyNzwatft/fs+eM/ij4/1STw/4SuPFMPi3wLL4Rsb2K5tIl8KX7X0c4vZfPlRxHgJIWgWR91mg25KVR+P/wCx5r0Pxu+IPizwx4RbV7DW5fBGtXlvFeQfaPE8+l6ze3V7APPlUb1t2t9glKRHaiKQFO1J3jBvTmbT/u+9a7Xa3v8AzSXcclZyS1slbzuk/wA3y/Jt6GZqf7Tv7UOnL4fmvLf9iaAeJAH0OSb4oasv9qBsAG2J0v8Ae53qMpnO4etfP/7E/wC0B+0Z8D/hz8XNUuYP2UPD2jXHxl8VQXt74t+IOp6RENUa/kaeCBzpzK8QZX8tmKuyqSUU5Fenwfso/FHw/rmkeINC8F+L9I8U3d/fXWjeVquiTaN4bt7vxJcX72upW0m5xi1lQs1pJMCQUQK8cbtyXww+FnjP4i+BtdvvBmn+ML2fwn+1J421XUH8LyaKuq2tsy6ra+ZEusEWb/vbiJWVgzbXYqMjIG7U4z6t2a7a2/Lrt201a+3OPRJ2ffRv8XstX310Pbrb4/ftbXmlG+i0r9jaWyXThrBuE+JWstELI5xdbhpWPJ+Vv3mdvynnir/hv4rftk+MrF7nSPDP7Imq20b+U8tn8QtcnRXwG2ll0kgHDKcejD1rwPw//wAE3fjFc2Gj6jJp0sMHhHQnuovC2qXenNbeN54/Ed/qEWnav5DNGssltOrubci0W5lUgNHF5Vfaf7GvgHxD4J0r4g3XiLQ5/D03inxpfa9aWc9xbzyx208Vvt3mCSRAwKupAY8r3BBNwSle+mkn901Ff+BJuVt0o32aFNuLstdUvvg5N/J2V9ne26Z5x/wlP7b/AP0Iv7Kv/hda/wD/ACoo/wCEp/bf/wChF/ZV/wDC61//AOVFfVdFSM+WbzxP+2yt3KIPBH7LLwByI2k8b68rsueCQNJIBx1GT9TUX/CU/tv/APQi/sq/+F1r/wD8qK+q6KAPia5/aU/aitr7xJbzWf7E0dz4aiEuvxP8TtWD6VGRw10DpeYlx3kwMUt7+1B+1HolvoJuIP2KLSLxMqnRTJ8UNXjXVVO0L9mzpf70HcoGzP3h6iqcXwj8Xa/8Y/FXiPV/2ddatNP8OyXln4S02zvPDhgnhuNWtru61fe93KZtRkmgjvIYp4Y4ozBtZ/McmuL8Ifsh/FnwHpfg660vwr43i8X6f9og0nUpdV0KWxsoJvENxeyHWrY5xNJayrJK1gzoXJWNImjjJKPv8nNpffy0f/A3ta/V6Iq+6p21tt57flrte/pq/PP+CpPx1/aL8a/sJfGfQtYs/wBk+W202wiHiG38M+P9T1DWdPC3cCZNs2nIAwcKpEjLjnnIxX03qHxk/bD0mLVXuvD/AOx/bJoSq+pNL8RdbQaerLvUzE6V+7BXkFsZHNfMv7cXwU8cfCP9iT9oIS6D4s0DwbdaHe3OpjxDqOlaiL/VbjxBDcRTafNaKs/kGKS4ZxcJGf3kA2l1kNe/ftZfsSfE34uXn7St54f8Q+K9Jt/G+m6fBomiWEmi/YfE7xaesUizvdW8k8PzgoSs0HHIP8VEdYRk+q+7VrX7rrd2aY2vflHon9+3+fpe5p23xh/a21DSLCaLw7+xtNYapeNZ2Tp8RNZaG7ulZ8xRkaVh5Q0cmVXLAxtx8prL8Xfta/tO/D/w82r68f2ItE0lL+TSmvb/AOKmrW1ut5HuD2xkfSwvnLtbKZ3DacjiusvP2T9e+Fn7TnxT+IPhfw7ea5aWugtrngXQ5NRto9OHii9S5j1KSKN2XyXlWCx3SSEIPtV0UOZZs+ZeCf2BPi18Ef2c/jf8NWfQvHtn8Sfh9c3FnfadZrpI/wCEnNm9nOsqXF5MWlvA0EpnBSLfDKWEZYbpTbj52v8APXT7ovV2veCtd2LUU6ii3pe1/LTX/wAmV15T1srjbv8A4KKfHCwt7WWfxV+wBDFfRmW2eT4zX6rcIHZCyE6d8w3qy5HdSOoNb/xB/a//AGmPhNfafbeKpv2H/DNzq0QnsYtW+K2q2T3sZOA8SyaYpdc8ZXIr3b43fBXVfF/i34EXOnaRBcW/g3xZ/aWstviT7Hbf2JqdtvwxBf8Af3EK7U3H584wCR5n+2Z+yD8Svjl8d/Eut+CfE154Pim+G/8AYdpcLbaZdWWrXn2yeQ2VzHdQTSpG0bgebEE2+ZnLldlOo+V2WusvuUXJd93aOl/JN6GVH34qUtLxi/nKfK10+Fe89tN7LU5HxR+2Z+0l4I8aW/hvWrv9hrSPEV35XkaXe/FjVLe9m83HlbYX0wO2/I24HzZGM1cs/wBqn9qLUfiFfeErdP2J5/FelxNPe6LH8UtWbULSNQCzyQDS/MRQCCSygDNYvwS+BPxL+EPx3uNQsvA3xp8M+E7/AE7wxBa6Voeo+DNQsrZLPTYbaa3vpb+VrxjEUMbPasN6ruQliDVbwv8As+fGDw74T+HPw/tvhyM+Cb/UJNZ1+8h0e403WXnju1fVba5N39uivLgT4ZWth800odtoDMYj3Obk1s2l522el9Pvv06tOh79ufTRP71drp6dLddbJ3vCP7cn7Q/xAa5Gg6r+wjrZsvK+0Cw+Lup3P2fzZVhj37NMO3fK6IuerOqjkgV0HjL9on9rH4daRql/4g079jLQrDQzGNSudR+JmsWsOn+YAY/Od9KAj3AjbuIznivOfCP7H/xI+Jn7DWi/CLxr4S+LV9GkHhGz1Sy8U3Xg5NKigstT0976O0l0qQXTBYIpmU3BYlYhgmQgNb8Cfsq/Gv4VftEP408W+Grr4m6Z4J8U2/2A2WoWR1HxRYR6LLZW2q+XPNFGL23MipKsjRliZ5Is5RTrOEU5JPZ2XmtNfLfa72bvZO005NpNr/h7Xt57PW3ZWbZ3vhz9ob9rPxjYG60jTf2M9UtVsI9UM1n8S9ZnjFo+/Zcbl0ojym8uTD/dOxsHg1taV49/bV13TLe9svB37Jt5Z3kSz29xB4912SKeNgGV1YaSQykEEEcEGsP4j/sWah8eNL+HeqL8Oz8NGvfFF/Z+MND0rVLRHvPC93LPdT29+YyYpDcXMdq8sdu8hUzzKsjK8jH7Lt7eOzt0iiRIoolCIiLhUUcAAdgKhfDd73tb8fmrNLpqpK2g2/e5Vta9/nb77pu3Zxd9T5X/AOEp/bf/AOhF/ZV/8LrX/wD5UUf8JT+2/wD9CL+yr/4XWv8A/wAqK+q6KQz5U/4Sn9t//oRf2Vf/AAutf/8AlRR/wlP7b/8A0Iv7Kv8A4XWv/wDyor6rooA+VP8AhKf23/8AoRf2Vf8Awutf/wDlRR/wlP7b/wD0Iv7Kv/hda/8A/KivquigD5U/4Sn9t/8A6EX9lX/wutf/APlRR/wlP7b/AP0Iv7Kv/hda/wD/ACor6rooA+VP+Ep/bf8A+hF/ZV/8LrX/AP5UV8p/8EnfEH7WNt4U+PX/AAiPhH9ni8if45+M31U6x4u1i2aHUjqJ+1RwCLTZA9sr8RyPtdl5ZEPFfqvXxf8A8EVf+RM/aS/7OK8ff+nVqAOl/wCEp/bf/wChF/ZV/wDC61//AOVFH/CU/tv/APQi/sq/+F1r/wD8qK+q6KAPlT/hKf23/wDoRf2Vf/C61/8A+VFNk8Q/ttzMhfwF+ykxjO5CfHGvHaemR/xKOOpr6tooA+VP+Ep/bf8A+hF/ZV/8LrX/AP5UV87f8FVdY/asn/YK8fr478H/ALO+meEZ2046vdeHvFesXmppH/aNqA0MU2mwxyPkKMPIoxnniv00r5U/4Lcf8ovfin/1y07/ANOdpQB9V0UUUAfmb/wSU/4JleD/AIs/8Ezfgd4mvvH/AO0Bp15rvg+wvZrXRvixr+l6fA7xAlYLWC6SGGMdkjVVUcAAV9Ef8OiPAn/RTP2nP/D2eJ//AJNr51/4JIf8FavgD8H/APgmT8DPC/iHxte2OuaD4O0+yvrdPDOrXCwypEAyiSK1aN8HurEHsa+if+H2P7NH/RQdQ/8ACR1v/wCQ6APn3Vf2V9L0f4pat4Ulj/anOpf2VfaxocC/tFa8J7y2tL2GzM16rXYSxhlMwmjffKWiilO0SJ5R5a+8NfCXTvgL4M8c/wDCV/tQajB4m1y+068XS/j94ju7XT9PsJ5Yb/WI7gXQFxYxCNXVwiF1lj4UnFdX4V/a4/Zn8H6/491S0/ac+M/9ofEC8N/eXLeFZEubOZZllg8m4TRFnMUAXyo4JZJIPKZ0aNgxzmad8W/2EdV1W+vvG/jDVPijdalb3yTf8JZ4FvbyBJ76czXd3DCmlokM8uIULRhQEt4wAG3s8w5lFc2rtd+t729H8Lat3W7Ualy3dv5v/JbWv6p+8k79U9lfrfEvwO/Zp8Haz4lsdT+Of7U1k/hFb3+055Pih43FpG9nbC6uYo7jzvJnmjtz5piid5CgLBSAaxNV/Zr8K2PxL0HTYZf2vLjQfFstzaeH7iX45eJrHWNXng0579nXTbm5ieK2xGYPOmkjImZA0YRlkPnXw3+If7LVr4M8TeGvGf7QHxH8ReH7u8v/AOxbRvDt+xs47nSk0w3kkn9kLI16YDODlngzKWEe45Hqdx+2b+zBcfHzxP8AED/hov4tR3vinTv7ImsI/CtwsGnWfkeUsFnONG+22qB/3/7q5UmYB2LYAqmtI2e8U3/itqra9dFq0ut9iVvJPo2vlfR9Omr2vsrbm1+yT+xd4D/ab0nxb5njb9o3StS8G622gailh+0F4j1ayNwsEE7LHcpdIGePzhFKu0bJY5FywG4+Y/Db4SeFPiz498b6L4f8T/GHWr3wfqGsaaugWP7VfiGTxZdyWF3JaB30xnUQxSSIrb2nwkcit8xwp9h+AP8AwUh/Zh+B2oeJdUl+MvjPxh4g8VzW82p6trXhHUVnmW3hWCFNltpsMQCoOTs3MWJJPAFGX/goF+yvafALxd4A0f41fELw3b+ML/VdRn1nS/DmpxatYS6jeTXdx9mlbTWSPDzyKhMbMq4+YsN9E9HeOvu/+TWWut7a3fXtqEfhSe/Mv/Afev2v9ns+umx4r4n0H4feEZ9N0vUPEvx70/X5dY1bSNQe9/aY8SwaJbf2c1os80V+ZD5qb72NDuij2PFOr7TGc9la/s6+GvEnju50fQ9Q/aVvLe+vNX0zw7fXf7RfiS1i1e80mdYb9JR5zm2QHzzE/wC88wW77ljym59x+1H+y/J8FLL4fx/tJfFq28NW+m3eh3Fpa+DWtIb7TLlY1ktHhg0SOBcBGCzRxrOvnS/vDu4kX9pT9j6K911YvjR8RLfRtSs9attN0qHwxqCQeG5NXGL65tH/ALM83zWO9l855VQyybVwQAne2m9n6N6W01a+96trZJsVm430XNr5R122u9u2iutW0u8/ZK/4J/8AhX9pf4H6b4zv/FH7TfhiPWJJmsYF+Pfia9S8tFkKw3aSfaYyY5lHmJlASjKcc16V/wAOiPAn/RTP2nP/AA9nif8A+TaoeGP+Cx37Lng7w1p+kaf46vrew0u2js7aJfCGtBYoo1CIoAs+gUAVe/4fY/s0f9FB1D/wkdb/APkOtKnLzPk2Ip83KnPf+tPkL/w6I8Cf9FM/ac/8PZ4n/wDk2nt/wSP8DNbrF/wsv9pnajM4I+NPibcSQAcn7ZkjgYHQc46mo/8Ah9j+zR/0UHUP/CR1v/5Dp7f8Fqv2algWT/hYGobGYqD/AMIlrXUYJ4+ye4qCxv8Aw6I8Cf8ARTP2nP8Aw9nif/5No/4dEeBP+imftOf+Hs8T/wDybSf8Psf2aP8AooOof+Ejrf8A8h0f8Psf2aP+ig6h/wCEjrf/AMh0AL/w6I8Cf9FM/ac/8PZ4n/8Ak2lf/gkX4F"
14:55:31.831 [Test worker] DEBUG org.apache.http.wire - http-outgoing-0 >> "kbJ+Jn7TXQDj41+Jh0GP8An8pv/D7H9mj/AKKDqH/hI63/APIdOf8A4LXfs0xnB+IGodAf+RR1rvz/AM+lACf8OiPAn/RTP2nP/D2eJ/8A5Nrxb4qfsa+HfhV8btE8OXN/+1RdaF4g1NdE0/Uo/wBoDxCL3UbxrOW7Jt7M3fz26LEUklaVCjk/IUBevaP+H2P7NH/RQdQ/8JHW/wD5DrxXXP23/wBmHXP2mtR+J7ftCfFKC/1HT10kaVH4SuDY2NmE2vDayNo7XlsJHxK7Q3CO8ioS2ERVl3urf1/w/wCG+trOlazv/X/Db267XV7rgNI+EWg+IPC3jOayl/aLk1T4e3rweJN37Tmvf2RocaWP2yVbi+W4YLdRjELwrGypKcGXZmSt74X/AAO+H3xS+ImgWcGtftY6d4X8Q6lD4eh1W9+O3iSO7t9Wk0ddX+zS2f2rKxrAxjMnmE+cpXZt+esXxZ8Zv2VvHd7Hfat+078arzVftVhPdXkvhLzv7USwSVbGK6hl0J4J1haaWUF4yzSsHZmMcYTuvD/7an7KWifGe08YzfGzx9qf2bVB4hbSrnwlfLY3Gsf2cNNbUX8rS0kErW+cxo6w72LCMHGNIW53zbaW9dLv5+9p0ly6yi3aJ35Pd31/W33O2vWN9FJK/uF5/wAEkfA19dyzP8S/2mFaZy7CP40eJY0BJzwq3gAHsBgVH/w6I8Cf9FM/ac/8PZ4n/wDk2n3X/Baj9muzuZIZPH+oCSJijAeEtaOCDg8i0xUf/D7H9mj/AKKDqH/hI63/APIdSM+dfDH7OPhvx74ru9M0PUP2lpl1GLWJvC1zeftFeJLaLW10nUI7G+M/79ja4eQPF/rfMQEt5Z+Wud0H4RaXffCfw344v7L9qLT/AAtrl3bQm9H7R3iKT7XFdagLK0ewQzK928uROI2EP7l0IZmbYOus/wBqX9kW0vPE3/F6/iKbHW9L1zSdNs18L6gieGItZnFxftZuumCQu8wVlM7SiPaFUBcg3/Hf7Z/7LHi/4s+BvFVj8efiP4aX4d6cmm6Loun+DJZ9KtlHytMIrvRp2Sd4sQmWN0ZYsqhTc+4o6cntPK/3yvf5cq07t9NSrtLk87f+S2t/5Nv231If2Sv2cfhz+0/8TfFOl6f49+Ptlb+GLu6it8/tD+JLrUL1Le9ktfPeyM67IXaJiG3yDkK2CSKs/F79kPwl8F/jJpGi6vrX7UUXhXWNQGk2+tt8f/EYubm4+xS3jyQ2Yui0lrFHCyyymRWRs4jZQXrY+FH7f/7MXgT4xHxbd/HH4h+MNUisrnSNHj13w1qUqaNaXVzHcTQxyJp0csuXihUPcPIypCgDD5i2Trn7cH7MOuftNaj8Tz+0J8UoL/UNPXSRpUfhKc2NjZhNrw2sj6O13bCR8Su0NwjvIqEthEVYfM4QS+Kzv662+9WvbRO+9ta93mnfbp+H5a77+V7ryj4XeHfBvxl8FaPdeHNU/aC1bxH4gV7uz0O1/aa8RvNbWkVl9slku2Mg8iTY0aRptdZHlH7xUDOOg+FHgr4Q/GP9prQPh9pPjP8Aad8vxJY297ZzS/H7xGNT8qfSk1RLprD7XuFj5cgg+0+Yf9IBj2fxVau/2g/2WNQ8QnxLcftI/F6fx4LePTU8VSeFJzqKaclvPB9j2/2P5DKRcSuZGiMplIbfhQo1/h3+03+xz8LPiJomraN8W/HFvofh7UYdZsPDZ8Kai1hDfxaUukpceadN+1HFooXyzP5e7nb2rZcvtZX+HS3fzv8Ag1/eTXwtNZy5uRW+LX08v1X+HX4vdPoH/h0R4E/6KZ+05/4ezxP/APJtH/DojwJ/0Uz9pz/w9nif/wCTaT/h9j+zR/0UHUP/AAkdb/8AkOj/AIfY/s0f9FB1D/wkdb/+Q6goX/h0R4E/6KZ+05/4ezxP/wDJtfIP7Sf/AAT18H/Dv/gq78JdJHjj4+3eny/DHxbrU1xL8V9efU0a1l04rFDeNdGaGNw53ojBXIQsDtGPr3/h9j+zR/0UHUP/AAkdb/8AkOvkX9or/gp38APiJ/wVm+EOu/8ACbal/wAIra/DPxZompXkfhvVElglu5tO8tVja13sSsch3BGVdo3YyAcq/tPZS9l8Vnb16GtDk9pH2nw3V/Tqc38MvG3we8W/Di+8S6r47+NcOn6bZ+HdTvbvQf2ovEGs2Oj22r6hFZBL6fzovstzB5hleFlIKxthxXsvwQ/Zr+H3xx8aeC7ey8SftTWXh34jWGqaz4a1Wb48+JTJqGn2Rswl08AusxLObvdGrPvCIpdVZii85oHxn/Y9ttL0S11/48fFLxmvhnT9J0jSG1fwlNGdPstO1C0v4rcC10WBZFeaxtw7Sh3KqQrIWJPb/DP9tH9j34S/F+Lxbo3xS8ZxJZTatPp+iP4Y1U6VpR1NrWS8WBBpwkRGmtRKE8wqrzTYAVgq9X7vmfa8ren2fn+Wq966a5Vz218vy1/8mv66PSzT9m/4dEeBP+imftOf+Hs8T/8AybR/w6I8Cf8ARTP2nP8Aw9nif/5NpP8Ah9j+zR/0UHUP/CR1v/5Do/4fY/s0f9FB1D/wkdb/APkOsjUef+CRvgZoVT/hZf7TOFYsD/wurxNnnHU/bMkcdO3Pqab/AMOiPAn/AEUz9pz/AMPZ4n/+TaU/8FrP2ahEH/4WBqG1iVB/4RLWuoxn/l09xTf+H2P7NH/RQdQ/8JHW/wD5DoA8P/ac/ZW8B/s7eKZLCHxL+1H4gttE0J/FXiS5T49eJbY6TpazrAZY0N03ny581xHlBsgk+fdsVn6j+yH4Y1D4neP/AAf4cn/a91fWvBdtpE1r9r+OfiKwt9Z+33Nzb+cjNeM0dtCbWRnlKFmVWMcbgLvuftE/tyfsmftHeJ49Svvi/wCNdEFzpTaBrNrpfhTUhD4g01pknNpcebpsjKu5WG6Fo32yyjd8wIj+Pv7b37KPx8/4TJ3+NvxG8KXPjrSNM0LUrjQfDWoRSC0sbi6nWJPO0yUATfa5Y5QwYPHhQFyxafe9nH+a7v8A+BO3y5bed7+RTtzO22lvuXN8781uluXrc810bwZ8P9c0qG/g1P8AajlsNHjSfxZdRftB+I3h0mCTWLjSY57NvtP+nRNNaXEob91+4QMMuwjPN/sx/srfD34Z+EvGt74g8a/tCwWV/wDHfxf4VM+l/F3xBpyWsFqb65+1zpFcjz5ilm2+Rv3kjPuZievpuoftO/sm6uujx3fx3+Is9tZ6fZaPqlungmW1h8Q2FleNd2drPHb6NFHFHC7ug+yrCTG7Kxbgjgv2QP27f2ZPFfhvx1F448baxbpp/wAdPFvi/TbaDw3qcsWoQXUt5BGJ9tm/7t4LuQmPKOCFzjBUurf2dqfxXe/a/wCVvmTC3NLn2tp68v583ytbTdG34w+CCfD74CXHxL1Xw/8AtWS+F77RrfWtCXTv2j/ENxf3Sz3FtFDa3cLzxrbXMi3KuixvcR/I6tIhAz6n+z5+x98Jf2lfFmr2nhr4kftPz6Xp+h6RrkGoN8b/ABOPtKX5uwImiN2GjkiNoyurHIYlSAVNcNbftI/sp3PhWz8P6x+0V8Yde8N6JZwafoel3Xh6+jg0e3huba4jUeVpSNcsPssMYkujM6xhsMHdnbvfgn+3t+x3+z78YPiN4z8N/EHxHbXnxOuLW71Sxk8May1hazQeeS9tH9hBi82S4lkkG4hpHZgFLNnSXJd8m3S+++ifS9nq1orW1vdTHmt72/ltstuuj2v3fZI9S/4dEeBP+imftOf+Hs8T/wDybR/w6I8Cf9FM/ac/8PZ4n/8Ak2k/4fY/s0f9FB1D/wAJHW//AJDo/wCH2P7NH/RQdQ/8JHW//kOoKJbz/gkl4GvruWZ/iX+0wrTOXYR/GjxLGgJOeFW8AUegAwKj/wCHRHgT/opn7Tn/AIezxP8A/JtPuv8AgtR+zXZ3MkMnj/UBJExRgPCWtHBBweRaYqP/AIfY/s0f9FB1D/wkdb/+Q6APkj4haR8L/hlDNeav4g/ads9G1i7vbDwlfz/tC+Iok1u4s9Wg0mYXANz/AKGn2i4R1bMpaFXbaHAibdufgj4Yt/ht4Z8YLd/tL3PhrVLi3s9Rv7X9pLXbmNbifUjp0cFh5d0xvZt48wxuLd1jIDKJd0Ky678df2PNf1h7uX42fEZBp19cap4YhTwpe+X4Pu59Uh1Waa0zpRMha7t4m23JmUICgAUkU7Sf2iP2VtE8feFvElr+0f8AFyLUPC097fRxN4ONxa3d9fXct1eXzRTaHII7iYzNEXg8opF8kewM5YobR9rvfX08/Pe9tvdsnqFb7Xs/l/wPwtf+9dr3b+Gfth/CrwD8Vf2K/j/PonjH4yt/whNvKlpb6r8d9e1qTUUg1dbIzT6ZNL5fks0bMpLSAEqDhuB9LfGL9i6z+F37QOg+C7F/2mfFNt4iguru0n0/9ozxGmoG3tYBJPM1rJOsaoJXhgUtOA0k8XQE7fC/+CkH7Xf7POufshfFa90z4z/EHx74qvfD8mi+H7TX9Bvlj0q2uNTtbueFJzp8TPloIgHuZZGCQIobO4t9U+Iv+Cl/7KXiX4j694ql+KPi621bXfDK+FhJaeHNatzptsJZ5WltXWyEkU7NMCz7j/qIcAFSTOvLC+9nf11t9/u36K7te13WnNPtdW9NL/drbvZdz5v8bS/DP4e/C3U9b1XxN8frW90XxTceFr93/aa8Qf2HBcwaZ/aMkY1Hz9rT7QbcReVzdKY92B5lfXPgv/gld4C8a+DtJ1lPiF+1PZJq1nDerbXfxo8TJPbiRA4SRftpw4zgjPBBr59vP2iP2Vb7W5fEUv7RPxTk8dXE7NP4nk8HSvdzQNZCxa3aA6N9l2+SB8/k+Zu534JWvePhl/wVv/ZW+Enw30Dwro/j7Vk0nw1p1vpVks3hXXJJFggjWKMMxs8sdqjJ71orWlff3bfd7342a36rZJvN392396/3+7+Gm3nu7Ld/4dEeBP8Aopn7Tn/h7PE//wAm0f8ADojwJ/0Uz9pz/wAPZ4n/APk2k/4fY/s0f9FB1D/wkdb/APkOj/h9j+zR/wBFB1D/AMJHW/8A5DqShf8Ah0R4E/6KZ+05/wCHs8T/APybR/w6I8Cf9FM/ac/8PZ4n/wDk2k/4fY/s0f8ARQdQ/wDCR1v/AOQ6P+H2P7NH/RQdQ/8ACR1v/wCQ6AF/4dEeBP8Aopn7Tn/h7PE//wAm0f8ADojwJ/0Uz9pz/wAPZ4n/APk2k/4fY/s0f9FB1D/wkdb/APkOj/h9j+zR/wBFB1D/AMJHW/8A5DoAX/h0R4E/6KZ+05/4ezxP/wDJtH/DojwJ/wBFM/ac/wDD2eJ//k2k/wCH2P7NH/RQdQ/8JHW//kOj/h9j+zR/0UHUP/CR1v8A+Q6AF/4dEeBP+imftOf+Hs8T/wDybR/w6I8Cf9FM/ac/8PZ4n/8Ak2k/4fY/s0f9FB1D/wAJHW//AJDo/wCH2P7NH/RQdQ/8JHW//kOgBf8Ah0R4E/6KZ+05/wCHs8T/APybR/w6I8Cf9FM/ac/8PZ4n/wDk2k/4fY/s0f8ARQdQ/wDCR1v/AOQ6P+H2P7NH/RQdQ/8ACR1v/wCQ6AF/4dEeBP8Aopn7Tn/h7PE//wAm0f8ADojwJ/0Uz9pz/wAPZ4n/APk2k/4fY/s0f9FB1D/wkdb/APkOj/h9j+zR/wBFB1D/AMJHW/8A5DoAX/h0R4E/6KZ+05/4ezxP/wDJtH/DojwJ/wBFM/ac/wDD2eJ//k2k/wCH2P7NH/RQdQ/8JHW//kOj/h9j+zR/0UHUP/CR1v8A+Q6AF/4dEeBP+imftOf+Hs8T/wDybXyl/wAEnf8Agmp4Q+J3hT49S3njz4+aedE+OfjTRoRpPxW1/Tlnit9RKJLMIbpRNcMOZJ3zJI3LMTzX1Z/w+x/Zo/6KDqH/AISOt/8AyHXyl/wSd/4Ks/Af4S+FPjzFr/jO9spNf+OfjTXbEL4a1WfzrO51EyQSHy7ZtpZedjYdejKDQB9Xf8OiPAn/AEUz9pz/AMPZ4n/+TaP+HRHgT/opn7Tn/h7PE/8A8m0n/D7H9mj/AKKDqH/hI63/APIdH/D7H9mj/ooOof8AhI63/wDIdAC/8OiPAn/RTP2nP/D2eJ//AJNrwb9qb9mr4b/s2fF3wd4PPj79oC4vPFVtPey3Wr/tFeJdItbCGOe2gGXM8gZ3e4+UHavyEFgSAfeP+H2P7NH/AEUHUP8Awkdb/wDkOvKv2kP+ChH7MP7SsDWV/wDHP4iaHoV/YSaTrOjaX4Z1P7DrlpI6s8cqzabIY2IBTzYDHJskcbvulRfxIt7X1+5/rbbWw9OV9+n3/wCV7eZy3xf/AGefh18NfG81hY+I/wBq/V9I0C1tNQ8T6hcfG7xVpsmj2t1qMunwyRW81wHuP3sE7nlF8mLejSb0Vvn79qz4deBPH/7Jvxo1DQPF3xemfwHdQ/YrXW/jlrmv/wBprBr0VkZrnSbiQxGBmjZhuMqglQcNwPo/4l/tlfspfFXxhHq2p/HH4hf6TDb2WtWsXhG8SHxBZW1+99aWlxjStyxwySOimExyNG7LI7k7q8R/4KGftV/s/wDjH9mD4gyaL8ZfiB8QPGGp2EOh+HLLxBod7HHpdtca1ZXc8CTtYQl8tBEA91K7BIEUNksWKf2eb+9f/wBt/T8b3srqf2uX+7b8Ob8b/hZb2/YmiiigD5Z/4Iif8oif2dP+xD0z/wBErX1NX5mf8Ek9e/a5tf8AgmZ8DY/BfhX9nK98Jp4PsBpNxrfirWbXUZrbyh5bTxRadJGkhGMqkjgHoxr6I/4SX9t//oS/2VP/AAtNf/8AlVQB5Rov7XlxJ8e/idcfCbxzqnxVv/DVvqGl3+gy65FqM97q0mowRxy2mko/mQWOlxmWOWSNI/tG4D966+ZXB6f+1d8afiR+zP8ADbRPAEPxO8W+PvC51jxd4iuP9Csb/U4bHUrm3sbW8W5ngX7NdyLIjLFubFm6rGQK9r/4aT/asGpa9Z+T+xb9s8Kx+drcH/CydY8zR48Z33K/2bmFcc5fAqTSf2iv2sNf8O6fq9ja/sYXuk6tdrYWN7B8R9Ykt7y5ZiqwxSDTSryFgQEUkkgjFTBNQjGL1SX368vy5nt1SUb6JqpNc0pNbt/dpdPz5Vv0bukloed3/wDwWK8R+JNA8ZeIfBeofDPxHY2MGsXGk6Clnc/2vp1pbaINStdTvyLrm2eUpbsqxR/NMm2XdlK3dd/aGt5P2x7nwzJ8ejF4t8M2dzeeN0sdQS2s7G3OjyNHp2laE8lxJcXSOUvml2TOgjKNIwcQjsPBvh/9sb4fS6y+j/D79lOzbxBqUmr6gR458RP9oupFRXk+bTDjIjQYXA46UyT48ftcReO28LNp37Gy+JktftraQfiJrIv1g/57GD+zPM8v/axj3qna0bfypP15dXfe17t7NrtG8SVe8vV/c5afO1kuz2u7M6n/AIJqfE+58cj4oaavis+NfD+h+IoBoGrQ+IH8RWz2c1hbuEGoSKryTGTzJZYiuIGnEaEoFr6gr46+H/xi/a7+I/h3+0vC+i/sd67pfmPEt1pXj/Wrq3Mith13x6YV3A5yM5B61tf8JL+2/wD9CX+yp/4Wmv8A/wAqqqbvb0S+5JX+e5MVZff+Z9V0V8qf8JL+2/8A9CX+yp/4Wmv/APyqo/4SX9t//oS/2VP/AAtNf/8AlVUlH1XRXyp/wkv7b/8A0Jf7Kn/haa//APKqj/hJf23/APoS/wBlT/wtNf8A/lVQB9V0V8qf8JL+2/8A9CX+yp/4Wmv/APyqp7eJP22/s6keDP2V/N3HcD4z17aF4xg/2X1+9njsOueAD6oor5U/4SX9t/8A6Ev9lT/wtNf/APlVR/wkv7b/AP0Jf7Kn/haa/wD/ACqoA+q6K+VP+El/bf8A+hL/AGVP/C01/wD+VVK/iX9t0N8vgv8AZWIwOvjTXhzjn/mF+tAH1VRXyp/wkv7b/wD0Jf7Kn/haa/8A/Kqsa4+Nf7X1n43g8My6R+x3F4kurZryHSX+IWtLfTQKcNKsJ0zeUBBBYDHvQB9iUV8Rt+1b+0+vhOTXjL+xGNChvf7Nk1E/E7VvsiXWdv2cy/2bsEueNmd2e1a6fGz9r6Txx/wjK6T+x2fEn2X7d/ZI+IWtfbvs+ced5P"
14:55:31.940 [Test worker] DEBUG org.apache.http.wire - http-outgoing-0 >> "8AZm/y88bsYz3o/r8L/lr6Bt/Xy/PQ+xaK+WLvxJ+20t3KIPBv7LDwByI2k8Za8rsueCQNLIBx2yfrUf8Awkv7b/8A0Jf7Kn/haa//APKqgD6ror5U/wCEl/bf/wChL/ZU/wDC01//AOVVH/CS/tv/APQl/sqf+Fpr/wD8qqAPquvhj9rT4wWOj/Fn4zJ40+K3iP4c+IPCmlW0/wAM9LsNfk0wapushJ9phs1YLq0z35ktzBIk6gRRqI1MmW7+38SftuGdPN8GfsrrHuG8p4z14sB3wP7LGT+NZ2p+PP2zbDUrCC88KfsjQ3l5I62Mc3jnXFkndUZ3EYOl5YhFZjt6KCTwKicb9befVea7NdC4S5Xdq/l0fk/Jnk3gC/8Aiz45svjt468QtqtlceEFvVWaH4l6zZ/2Fdp4Zsrg28WiRxGxkRLmZyHeYNlidpKLn6R/4J2+BfFPhr4KWWq+LIbtNQ8Q6bp92sk3xF1fxf8AaQYN5kxqEMQtGZpCTHCGU8ZY7VrxO2/bb/aKvPDGr63DrH7CcujeH7hbTVL9PivqbWumzMdqxTyDTtsTk8BWIJPatbwz+1B+1N410zSL3Rv+GKNWs9fuXstLnsviZq88WpTorO8UDJppEjqqsxVckBSSMCtoyVmkt1Belk7v/t+6+5X5nqZNP3bvZzfre2n/AG7Z/e7WV0/teivkTRvij+2X4ivtRtdP8O/si31zo9wLW/ht/HuuSvYzFFkEcqrpZKPsdG2tg4ZT0IrQ/wCEl/bf/wChL/ZU/wDC01//AOVVQUfVdfDf7Wd/qWl/8Fofgpc6NbJe6xb/AAh8by2Nu5ws86z6WY0PsWAH413P/CS/tv8A/Ql/sqf+Fpr/AP8AKqvlP4x69+1k3/BYr4IyXvhX9ndPGi/D3xQNMt4PFWstpctobnTftDTSnTxKkobytirGysC+WXAzFWDnBwTtdb9i6clGSk1e3Qm8WftZp4c+Ckkvhj4m+Pde+IPiD4W67f8AiO5i8brdyaNq8Wkz3MjXGjuzPpLW1xD5aNbxwKskixsGOKwv2gP2vvi9feDYLK38W+J9Mu/hr4Q8QeENdltbx7J9e8QW1qzm8aRcHcII7K4jdfu/b3I5FfRWk/tZ/tK6rrfiOzsZ/wBhy51HwvE9zr8EHxP1V59Ijj4eS6UabuhVcHJkwBjmtTxH+0X+1f4P061vNWtv2MNLtL2yl1K2nvPiRrEEdxaxKryTozaaA0SK6szj5QGBJwRWkpKTc7WTXTZX5rW3VkpSSXknf3SIppxju0/m/h/G8U2+zatZnrH7GPwr+Ifw61rxfceLJb+x8N6mLP8AsPQ9Q8X3Xiu70+VFlF1M17coJAsu6ELDukVfJZgRvKj3ivjH4aftDftZfGjRZNS8HWf7GXizToZTDJdaN8R9Zv4UkABKF4tMZQ2CDjOea6P/AISX9t//AKEv9lT/AMLTX/8A5VU5XvqTG1tD6ror5WPiT9tzyVx4M/ZX8zcdw/4TPXsAcYwf7L69e3pTf+El/bf/AOhL/ZU/8LTX/wD5VVJRzf8AwUh+NetfDj4nNb2/jLU/ClxYeDJdX8F2VrqH2RfE/iEX8Ua2jR5H2w7DCn2YhgRdu23cFZfFfFv7Ufie18YQRt8StctpdX13U7L4n2y6yVXwLp8XiuxsrWRVz/xLAdPlnUSr5ZkjLT7iyCQe5eLPjH+134O1PSLXXdF/Y50q81i6+zaXDf8AxA1qCW+nx/q4FfTAXkwfupk81RuP2g/2qbe58SRy2X7FaS+Gow+vo/xG1cNpSFSQbof2ZmIbckGTAxUw93kb15XJv+9d3s/KzUX/AHUrWKl7zdtL8vysrafNOS/vN3uePW/7UPih35+JWub9IaMfC9f7X/5H4HxXe2R3jP8AxMx9gisUy2/Edx5/3nEgufB3x3P4K+GHjSK+8Rah4N8B6z+054xsvGOv2d82nvpth9ovZIg14pDWkct2lrC06shUS4DoW3D1b/hoH9qrf4aH2L9izPicZ8Pj/hY2r51Ybc/6J/xLP3vykH93ng+leD/sIfFH9p/4cfC/426vFpP7L2neH7P4teLJdcv/ABN411bT7ezvDqLC5VXGnsn2YSHCO5VmXG5VJxVS0pqMuju2+uqevn0d9PK2hK1nKS+0tEul1Zcvkt11v1vqLeftra14S8X+Dte8L+LfGU3w/wDh14p1y812O58Up4mstW0aG00prpUv42dryG1ivbmZTLJJKksDIWOwAM+GPjz4yfHL46x6Jf33jXX7jV9U8Ua0NEg8eXvhQaPE9j4WurS3M1sCzJaDUZoxEVZcySNgmvePCf7Sf7U/jDTtBm0KH9inVLTxJ5seivYfEnV549V8lSZBbFNNIl2KCWCZ2gHOKzvGf7Zf7SPw5fb4h1H9hnQm+2S6fjUfipqlqftMQQywfPpw/eIJIyyfeUSLkDcKXLaoub+W3ndqKbv8k11Tbd7saemnf5WvJpfjJPurdIn1x+z/AOG/FPg74HeEtK8b6xD4g8YadpNtb6zqUP3L27WNRLIDtXILA87Vz12rnA6+vk+y8Z/ts6nZRXNt4Q/ZPuLe4QSRSx+N9edJFIyGUjS8EEHIIqX/AISX9t//AKEv9lT/AMLTX/8A5VVc5OUnJkQSUUkfVdFfLF34k/baW7lEHg39lh4A5EbSeMteV2XPBIGlkA47ZP1qP/hJf23/APoS/wBlT/wtNf8A/lVUlHjv/DS3hHxn8c/iRDpv7Q+o2/hrQDd6b4jluPGMcEt3qTarbLFDawRrLJpdhajfYzX0cUWftO/ezx+cOM0D9qbxYmifDbWNc+IMGq/2Ks1tH4ctfGd/Z3/jGQ+I5rKOXT5khCaxEkEcSxu7b5l+aVI/PD19Enx9+2hc6jc6f/wiv7JL3dvCk1xbf8JzrpkiicuFd0/svIVijgEjB2N6Gsa7+O/7V9nd+HIp9N/Yvin8Sc6CknxE1hX1T5Af9FB0zMvyEH93ng+hoo+5yX15fx3/AM3be3TXVlX3lO2l/wAFp/krtWv6aHyL+1z8c/GHjT9ln49+HL/XtT8TQWvhG/n8VXUmuwajYw6pF4jtYbP7NboxfT0NubhPs8qQsfs5JjYoZX/Yqvyr/wCCpPxd/aV8Z/sCfGvS9Y079labTNHtYIfEsfhnxvqt/q2mMbmHarQNp6KshwvErL8oPpX1T/wkv7b/AP0Jf7Kn/haa/wD/ACqojpThDst+923+TsvJIJa1JS7vbtol+l/mfVdFfKn/AAkv7b//AEJf7Kn/AIWmv/8Ayqo/4SX9t/8A6Ev9lT/wtNf/APlVQB9V0V8qf8JL+2//ANCX+yp/4Wmv/wDyqo/4SX9t/wD6Ev8AZU/8LTX/AP5VUAfVdFfKn/CS/tv/APQl/sqf+Fpr/wD8qqP+El/bf/6Ev9lT/wALTX//AJVUAfVdFfKn/CS/tv8A/Ql/sqf+Fpr/AP8AKqj/AISX9t//AKEv9lT/AMLTX/8A5VUAfVdFfKn/AAkv7b//AEJf7Kn/AIWmv/8Ayqo/4SX9t/8A6Ev9lT/wtNf/APlVQB9V0V8qf8JL+2//ANCX+yp/4Wmv/wDyqo/4SX9t/wD6Ev8AZU/8LTX/AP5VUAfVdFfKn/CS/tv/APQl/sqf+Fpr/wD8qqP+El/bf/6Ev9lT/wALTX//AJVUAfVdFfKn/CS/tv8A/Ql/sqf+Fpr/AP8AKqj/AISX9t//AKEv9lT/AMLTX/8A5VUAfVdFfKn/AAkv7b//AEJf7Kn/AIWmv/8Ayqo/4SX9t/8A6Ev9lT/wtNf/APlVQB9V18X/APBFX/kTP2kv+zivH3/p1aul/wCEl/bf/wChL/ZU/wDC01//AOVVfKX/AASd179rK38KfHn/AIRDwr+zvdxN8c/Gb6qdY8VaxbtFqR1E/ao4BFp8ge2V+I3fa7LyyKeKAP1Yor5U/wCEl/bf/wChL/ZU/wDC01//AOVVH/CS/tv/APQl/sqf+Fpr/wD8qqAPquivlT/hJf23/wDoS/2VP/C01/8A+VVH/CS/tv8A/Ql/sqf+Fpr/AP8AKqgD6rr5U/4Lcf8AKL34p/8AXLTv/TnaUf8ACS/tv/8AQl/sqf8Ahaa//wDKqvnj/gqzrv7WF3+wP48j8feFv2ebDwe504apceH/ABTrF5qUUX9o2vMEU2nxRu27bw0ijGeaAP0yooooA+Wf+CIn/KIn9nT/ALEPTP8A0StfU1fLv/BE+6a9/wCCSf7PEziMPL4G012EcaxqCYQeFUBQPYAAV9RUAfA/jf8AZu8XfGfxN8RpNZ+CPjPwtpVpb3+leGrHQdX8PWq6pZ3OrWt5f3TXBup3e8vGtxKsU8EcSIrRtIrymQZHjP8AYm+O/wC1D4S0zw3e3Vr4G0Hwg+ra54ZvfE9ha6nqSXss3l6X5qafdwxx3dpGs0omPmLi6iBEkiSY/Q+ipjHliop7K3639U3ddE+ltCnK7b7u/wClvRrR31e976n5o+HNM/aL/aD0b4l3mjad8TvC/jVbrXLDUGfx1E2kWjyaFGsGmWEIvCsNxFqUsci3KxIoWOQ+eQ2yvVtZ/Z78RX/7Rk+nv8EddvvAnhNbnUNL1C91zTLxfHWrS6PJZPPql5cXst+sHkSNaKht5SxIdz5aKtfbFFU7WjbS0VHy0Vr29dUtddXdq5K0bfdt/Ju9vu0v200TsfOv7A/wt8T/AA/1n4o6nrfh3WfDOm+LtettT0yz1qTTjqMIWwt7Z4iunM1qtvF5EcUOMSFIyX3Ehm+iqKKqUr28kl9ysTGPKrBRRRUlBRRRQAUUUUAFFFFABRRRQAV8VfHz9lLxl8SP2gfFVjH4S1C403xV4tsfEkPi631C0t107T4dBOnzWIZpPtKTtKJVXbC0e29Zt3DivtWionTUt/61T/NL8tmy4zcb28196t+TPzN+HH7H3xe8K/EKy8ca/wDDW78R6Jp2gweFIvCEFvo2nXBaPSbq0S+MX2+S1YATLbNJ54dlZ2WFIwq16J+zJ+yD8R/hV8SvAWj654amup/Dfiaz8S3/AI2W8tXtri1j8JR6Q9mMy/ajL9qUjaYvL8tQ+/Py193UVt7R+1nWe8rX+Tuvx1/DbQycF7NUuiuvvVn+GmnrukwoooqCgorxa+/a5vLn4j/Ezwto/gLxBfap8PdN06/gN3cQafDrn2ya6h3xtI37u3ia1kLzOMlVcojgLv8AL/CH/BVux8b+HbfWNN8HjUNG0uNLnxPqNnrkc9rp1tJq9xpUVzZOIx9uieW1nlDYh/cJuwXYRkj7zSj1/wCD/kwl7qcpdNPnpp+KPrmvjv8Abz+DXxQ/a38aN4P0TwhdeHdP0Cx1w6f4ul1e2NhqIvdAnsok2K4uoZvtN06MvlFRHFvEmWCD1P8AZ2/bQX49fECLSZPDM+iafrumXmueGL9r5bg6xY2t4tnNJLGFU2775IXVN0mY5lJZWDIrfiT+0n8QPBn7UehfD7T/AIf+FdS0zxFp15rFrq8/i+a2mW0s3skuS9sNPcCQNepsQSkOEbLpwKznyuHvbSUvwvd+qs9H2d0aQnKnO63i1+j+d7rY8V+LvwV8b/tL6f4atdF+C2ofCCbQL/wzDNrr3mhNq1tb2eqRTyxWkaPdW72ttGkjr5w+ZmASFstXnXj/AP4J8/Fz+0orqHS7jxT4x8J/Ea+8e2niua802yTxLLFpCpphNtEYltmLQQWMyrEqt88uSsjFfbf2Lv8AgqVaftd+O/C+jQ6N4P8A+Ks0ObW4/wDhGvGkfiG60FY1ibydVgW3haykbzdq5LgujLnjNevfH79o3Ufhl458P+EPDHh/T/EfivxBY32r7NU1n+x9M03T7MwrPc3NyIZ3Ub7iFFVIXLFyTtVWYay5oKy0cm2urveLbW9rOnf5Nu+jWaim+X+VKNvJJqz73U7fclbY8+/4Jyfs7eL/AIES/FPUfGenLY6t8QfEdv4ouHW6inE11cabaG7UFGbCxXImhXdjKwqRlSCfpivjT4of8Fak+G2oaNZXmg/DvRL++8Oza9cReJfiTaaUkzRXk1q1tYSpBNHeuzQlk+aMlZI9wRiVXesv+Ck2sXlh4i8Tt8MZ7X4d+D7nSbfXb+61vydb0wX1hYXpkbTmt9hSBb+MSj7TvHlSFUYgKWvf0gtFp5JJ8n3JqxPwO0nrv5u9pP5vmT+Z9W18N/tZ6Hd+J/8AgtD8FNNsL19NvtQ+EPje2t7xPvWsjz6WqyD3UkH8K+5K+JP2m/Elp4Q/4LafAvVNQlW30/TfhP40vLmUrnyo47jSmZvXhQT+FYYhQdKSqaRs7+nU2ouaqRcN7q3qeeeO/wBmX4yeOfgFo3w60r4SRaLB4Y+Ges+EboXiaI1pcXc2kT2wbTb1Lw3P+lXX2dmE8MS7AxkKvxXJ/F3/AIJtfGrxl4ebTo/DyXMfgbw5rfgLwcy6pZk/2TJbyNZz4klAVpPNt7ZlbnOnBmAVlJ+ntS/4KOa/4Y+FmoeNdZ+GtjZ6DN4Mv/GmjW0Pi6CXWJbe3tWuoo720aFPszTxqdrQvdKjAhyuK5/4tf8ABYzQvh14Q8J6nZeDr3VZfEXgS98a3kMupJarobW8ZK2U77G/eNJFdRlgMIbVyQcgV0VHL2kpT+LW/R399t+TS9ordE7W1iZU0uWChsnp1T+BW81fkd+r1u9T3b9nz9mD/hSvjTxV4p1LxRqni3xR4xisra/vLmytLGJILQSiCOOG2ijXI8+Ul33OdwG7aqqPVq8T/ZO/a/8A+GkvFXjDQbjTvDkGp+DlspLi78N+JE8Q6RcLdLKyIl0sMJE6eSxeJowVDxMCQ4r2ylK/UUbdAoooqSj5G/b+/Z88Z/FHx/qknh/wlceKYfFvgWXwjY3sVzaRL4Uv2vo5xey+fKjiPASQtAsj7rNBtyUrxHxT+w98WD8Y7S/sfCd7d+EPh94gv9YTT5E0yK78WRXXifT9WeJbgXZ+1HZbTSJ9pjtAh8uNvMYtIPt74/8A7RsfwG1zwPYv4d1vWv8AhNfEFroX2q1RVtdK86RYxNPIxwPmdQqKC7knACq7Lw3xB/b0i8GfEPxt4Xh8Fa9NqvhmXQbLTDeypZQ+IbrV72eyg8tiGaO3SWBt0zJyocojgKXmlp7OUPsSaj/iclK1uus1bve2o6uvMp/aUW/RJwv5aRd+1r6bnzbb/sc/EyNtcB+Hl5/xcV420lhfafj4e7fFl9q5Nx+/+U/Z7q3k/wBE8797a7M8ITH+zf8ADbX/ABh4T8Va/ovh6Txnb+Af2nvGWvaj4cimt4ptUiE99bo0P2h44GmgmninVZJEBMPDBwte3x/8FNklMmPAt3t8LlR44J1VP+Kc3avcaSDB+7/0wefa3En/ACy/cxhvvsIq87/Yv/aCufg/4G+JllpmhJ4k8V+M/wBobxnoOhaZ9pTT4JplvLm4kknn2P5cUcFvK7uI5HO0AK7MBVbU4JbJ6f8AgS/C/wBrrvfqLepVct2nzf8AgNn6adOnbocT4u/ZR+OvjrxxpHxEh8BQw694L8T6t4v0GCYaTpGo6jMbXSVSK7FtdSwCW8FvfW3mCQ4idDLsJIrQ/Z+/4Jw/Fjwj8co7651ObwlBfXHiPUtY1+2i03UjfXWp2fhky4gn8zAlu7PUSCY8qIBnCum729v+Ck58MfET4ceGfE3g21s7rxz4jvPDd1qGkeI4NW0zTZIo7cwTpMsaPLFNNdwQASRwyI7nKYAJ43/h8Jb+IPF91pWieFvC1lFBrOv6dDqPi3xqmgWN7b6WmmOLmKT7NMCbhdTjaNDj5IyxbnAhckZJ/wB1q3S3LBS+fLyXXppuV7z9b3/GVvknz29X3R9V/Az4P6V+z78G/C/gfQ3u5dI8J6ZBpVm904ed4oUCKXKhV3EDJ2qB6ADArq65D4AfF+2/aB+B/hLxxZ2N7plp4t0m21aG0uwPOt1mjVwjYJBI3dQcHqODXX1vV51Ul7Te+vqZU+XkXLsFFFFZlnz1afsg2Fz+0t8ZtSvPDcb+FPiX4X0W1vJWvCTrN7Bcao1xHL+883aIprVdrYjKMEGVVlHz/wD8Mb/EjRvhj4G8ON4FnvtQvfht4O8Ji+hvbExeCL/S783N3LKWmDbdrRurWol3PaAcfIT9K6/+2NeQ/ED4leGtJ8B6xc6h8PbDTL5Z9TvYNKs9TjvJ7qF7gS"
14:55:31.944 [Test worker] DEBUG org.apache.http.wire - http-outgoing-0 >> "SEmK1g+yyvJMylmVHMccmF3+feHP8AgqdY+L/CWj6/png6a90NdOtdW8SXsWrxtFpVpc6pPpkM9qQmL2N5baeYN+6zboHGWYR0qGkk4d4/gp29FaUtdNkrrqVdYz5/n98PxbUe97/d8mftufs9+M/hv+wb8TZtd8JXHh238HeBdQ0HUNWlubSRPF11d+JLS8iuohDK8hUIksjGdY2D3jAAnfj9ZK/Of/gpT+2x/wALv/4J6fFzTj4YfRrHW/DEuu+F76W7juxrNjaaxbWc0ksJQCB98kLqmZA0cyksrBkX9GKcf4UEttbf+BSb/wDJm1bpsEv4km99L/8AgKS/C3cKKKKACiiigAooooAKKKKACiiigAooooAKKKKACiiigAooooAK+L/+CKv/ACJn7SX/AGcV4+/9OrV9oV8Y/wDBFmUyeDP2kc7eP2ifHo4UD/mKN6UAfZ1FFFABRRRQAV8qf8FuP+UXvxT/AOuWnf8ApztK+q6+V/8AgtfcNaf8ExPijIoQssWnYDoHX/kJ2nUEEGgD6oooooA/Mv8A4JIf8FaPgH8Hv+CZPwM8LeIfGepWWuaD4O0+yvoI/C2sXKxSpEAyiSK1aNxnujEHsa+if+H2H7NX/Q+at/4Ruu//ACHUv/BET/lET+zp/wBiHpn/AKJWvqagD5U/4fYfs1f9D5q3/hG67/8AIdH/AA+w/Zq/6HzVv/CN13/5Dr53+MX7XF1P4s+LNz8KfjK+ujw1I+leJF1LxdCrrLNr1jDcXFnaKJG06z0uza6ikvFhUMXDkStEZKTXP2pfit41+GWgeFfhJ/wmnjbxB4H1PWPFGoXuieIrTVLfVrKxunisLX7beSW73Gn3UvnR5JmnxZSLum27zMJqUVN6Jq/yW79Le8n1V+xUotScez5fnbRfN+75Oy6n0T/w+w/Zq/6HzVv/AAjdd/8AkOj/AIfYfs1f9D5q3/hG67/8h14vf/8ABYrxH4k0Dxl4h8F6h8M/EdjYwaxcaToKWdz/AGvp1pbaINStdTvyLrm2eUpbsqxR/NMm2XdlK3dd/aGt5P2x7nwzJ8ejF4t8M2dzeeN0sdQS2s7G3OjyNHp2laE8lxJcXSOUvml2TOgjKNIwcQindWvpePN8mr/8P0W3xe6SrO9uja+advz2777anpg/4LXfs1sD/wAV5q3Ayf8Aijdc/wDkOk/4fYfs1f8AQ+at/wCEbrv/AMh1b/4JqfE+58cj4oaavis+NfD+h+IoBoGrQ+IH8RWz2c1hbuEGoSKryTGTzJZYiuIGnEaEoFrmf2LPCXxC+I3jL4geK77UL5IR4q8WaVo+sXPxB1jUVtzDqt3a26N4feNLBY4kQBSs5P7tTgFjtbTUuX+7zfgtNeuvUXMuTn/vcv8A6Vrp0917X+7U2/8Ah9h+zV/0Pmrf+Ebrv/yHR/w+w/Zq/wCh81b/AMI3Xf8A5Drwn4r/ALVnxY8C/sT/AA5FndfELWJjrzy+IfGdnp63VxdxweJBapYsYwqxPOhO4hVUJH5aAeYCnP8A7RH7Wnj7wvqfiG48N+OdUPjC68Ra3pni7Q7jWDBB4P0CLWbO2tL8xbZP7OC2Mok+0iPLrcSSHzNi7EtXZef4NL1Su93sk29LXprltfq0vvu/yX3tLe9vpb/h9h+zV/0Pmrf+Ebrv/wAh0f8AD7D9mr/ofNW/8I3Xf/kOu2/4J4+Prj4gfs/TyTapda6ml6/qWmW+qPrR1q21GGK4YJJa3rosk9uAditKXkBRlaSTbvPutVJWt5pP71dERd7+Ta+52f5Hyp/w+w/Zq/6HzVv/AAjdd/8AkOnt/wAFqf2bVgWT/hO9W2MxUH/hDtc6jBPH2PPcV9UUVJR8qf8AD7D9mr/ofNW/8I3Xf/kOj/h9h+zV/wBD5q3/AIRuu/8AyHX1XRQB8qf8PsP2av8AofNW/wDCN13/AOQ6c/8AwWt/ZrjOD481boD/AMibrnfn/nzr6pooA+VP+H2H7NX/AEPmrf8AhG67/wDIdH/D7D9mr/ofNW/8I3Xf/kOvquvn343eI/Evhb9tPwKp8Y6rY+D9U8JeIZJtHsrJHWKe2Fmwuz8ryTyqJWCJjaOfkYtUykoq78/wTf6f0hxi5Oy/rWxy3/D7D9mr/ofNW/8ACN13/wCQ6P8Ah9h+zV/0Pmrf+Ebrv/yHXy5qv7RurXZ1zSdL+Omk/wDCDadrlrqlhrup/EG/jg1u2bRrp/sbavFbq1teyTRrcy2J2JADGIt6kx16t8CP2k9X8S/tk+Erm/127uo/FzWFlaeB28Wagms+EYH8Ox3jT3+nSRJFcIJRIHuMsN88WH3qYxpGLc3DqrfitPx08t3YiUuWPP5N/c9fw189lc9Ruv8AgtP+zbZ3MkMnjvVRJExRgPB2uHBBweRZ4NR/8PsP2av+h81b/wAI3Xf/AJDr6roqSj4M8c/8FG/2XPGHi3xVr9r8X/iF4c13xXpOmaQ99pHhjWIZbBbC5ubmCSHdp7DcXupBIsgeN0AUpgsG8vs/jd+yBa6vdXrfG34nyz+IrpLrxdu8H3yp4wZL9r+NblV0kCJVmdwBa+TlJHVixO6v1Dooj7suaO/9X+/r3sr7IJe9Fxls7fetn6rp26H56/AD9tz9lD4FfEI6vp/xZ8dax5Fpc6ToWn6j4Q1P7L4es7m7F1Nb25j02N2VpVj+ad5GVIY1DDBLdj4j/wCCpH7K3if4x6B43n+IniZNV8OaRqOi20UfhDWhbvDfSWkkrOpsCxcGzi2kMAAz5DZGPtmvnn48+OPF3w6/bK8E3Vrq2tav4aufCPiK6/4RDTbaJTqF1aLZuj7id0szeYUjUsqLuPBLbhEuXlUZbJS+5qTfnrd+bb+ZSTlJtbtr9EvLTT5I+ZPD/wC3H+y38CrLwFqfw+8eeIrnxF8OvDieErZNR0TWrCDxFpqqipFqMsejzFzEV82No4lKuXAKpI6mfxv/AMFJfgR+0Leabrvib4han8N/F3h+K60+w1Dwnoer60Lmwulj+021xHqGhLC8UjQxEoYWIMSlXXkHlvDH7W3jTxTrniew+LHjXxt8NtDHi/UJdQ1C5lfw9Ho8/wDwjVld2WkwTkqwijme4kCEgzmOMuGErIeq/ZJ/al+JPjf9rPwnD8QdYu7bX9SvbPSpfC9tr7W9zFav4XhvnvJtIaAxm0N2Zt1wGWVZiiCQIhhbWCdWXLLeyl6c+tk11u3zLazb1TIlJQh7Ref/AJL1s+llo+jSjo7GJ8P/AI7fsQ+BfCuraNN498Ya7Ya/od1oWpRX/g/VES6W51CfUJbgJb6ZEkM32i4dlMKoke1NiKVBqvZftE/srC51aHUv2i/jVruheJbzTtQ8Q6Lf+E5za+IZ7K1tLZHuZU0RLr94tlA0qxzorsHyu12U/p5RSTad1/Wrl+buDSbbe7/yS++yWp8qf8PsP2av+h81b/wjdd/+Q6+S/j1/wVD/AGf/ABx/wV0+DfiOTxTfXnhGw+G/ivR9Ukl8LauPnup9N2R+SbUSOrLHJkqpUY5IyM/q/Xw/+1PcyWf/AAWs+B80TNHLF8JPGroynBUifSyCKwxM4woynNXSTuu+hrSTc0ouzueGat8TP2OvFOl2+ma38cfiprWj6RoF94a0O1uPBdwsuiWV1ZTWJRLpNGW6mMVvPIkf2iWVRkMwdxuqbxN8Qf2HPFKeJFl+JvxGhXxPeandXAj8M6qRbrfwmOaCINpjbYQ7zTKpziS5lJJDBR0fwh/aIs/FXw6tNQ+MXxo8aeB/Edh4L8Lah4Mh07Xpba71z7RplvLNexWSnGsXE1800DQyxzgeWihFaTc134eftMfFTwf8U/CWjeIde1/WPDHxG+Nur2mhar827TorTU9Tt5tDuCB/qTDBDNBu6hJ0OPLjB7JQksQqMndyfJf1nFavvd3d9dLXu0jBySo+26RXNbt7jlou1o2VtOuiVz2bQv8Agsf+y34Y08Wmm+L7vT7VSWENt4H1qJAT1O1bICrn/D7D9mr/AKHzVv8Awjdd/wDkOvquisSz5WP/AAWr/ZsEQf8A4TzVtrEqP+KN1zqMZ/5c/cU3/h9h+zV/0Pmrf+Ebrv8A8h19V0UAfFfxW/4KqfssfGCy0ODUviH4kgTQNbstftza+ENaUvPayiWNX3WLZQsPmAwSOhFcd8X/ANu39kv4weJ9e1yf4p+NtJ1rWrbRYoryx8I6ru0ubSb24vbO4gWTTnXzBNcPvEgdGVVXaPmz9Jftq6x4o8NX/wAK77QvFF5oenP470mw1WxtYE3axFcXKR+VJK2WWIAuSqAFyVywUMr/ABNJ+1v44/4WDrMPiHxvqOlHWfEd7Y+Kl07xaxPgrSYPFNnZeZd2rQqNL3WMuIbiGRCY2llcytsliml79oR0vN/KSjT96/TRx16WuVV91c0tfdX3OU9PPWMtOt7Ginx9/ZAje3x8afiZi9Kt4nX/AIRHUMeMiupzaqPtn/Eq+T/S7ic4tvJGyZk+7t28P+yp+3V+zp4t8AfEi38QfEjxZ4T1yy+OPirxh4Z1nRvDGpS3mn+feTrFMoaxmhIkt55UeGaNvlkYMgbBHoFx+014h07VfB+qT/Eb+3vD2jXt5b6DoY8X32m6145tD4lnsrS5t2jjMWqEWscAUGRzIDukCidZTT+H0/iq+8FaloPhOe7Fz4o/as8a6fd2sPiu+8LrqECx6vcGKS/so5LiJQ8Eb4RG3GNQcAkinrShJbOVkuz5l2211stttHcnapUvuk233tFt773Std/F6WMuT4g/sV6ho2qR33xf+JVxq2sy391c6rb+DbzT51urqCyhW5ijttHjgikgGn2rRFIxh0LP5hJNdh8Mf2l/2JPhT8RrHxHY+NvE94+mQ3UNpYX/AIN1W4s4FntdJtTtU6buysejWu07sgyTZzuUJ1nxp+Pepfsv+G/jl4R1zxrL4V8SyfC+wn8DabeeLrnVbq51aSPVI5F066u9lzez/aTapkJ5mTACq5UVF+zp8e/iLqX7UsGnfEnWtV0r4anx5r2i+G7y21Ji2r6zFMfJsNRbaDDbiLzRbwqxWWSFhIc+VGzpa17Q/ltfpZPlsul9bJd2l1FV9ykpS6vbs2ua78uvkk3smeoj/gtf+zUB/wAj5q3/AIRmu/8AyHR/w+w/Zq/6HzVv/CN13/5Dr6ropDPli6/4LT/s22V1JDJ471USRMUYDwdrhwQcHkWeDUf/AA+w/Zq/6HzVv/CN13/5Dr6rooA+CPH/APwUV/Zf8Z+MvEfiOx+MnxE8L+IPEWn6VpzX2j+F9XjazXTrq5uYWjV9OdW3tdSrKkoeORMLsHJPm9p8dP2PrFovL+NHxMCahJ5nidP+EQv9vjA/2pNqoF2BpX7sfa7ic4tfIGyZ06Yx9B/Gfxpq3gj4o/tFyeL/ABn4svvCvhnwNo3irTtP0W8bR5dMxPrGbe3lhIk3y/ZYVd2YlycfKoVB5z8Y9Y8Sfsq+BvhRpWpfF7xJqXxPsZtHvdS0e+8RzpJqUN1qq/bVsYHiP9ry7WNosE0x8mEJLxIQ0hR+OKWjbX/k10/Xb3rXWzelgrfDJS1S1+5Rs/8AyZct7Pe2t0fNH7fH7TP7NGhfsRfFa28I/FDxt4k1a70GTRvDWk6p4Yv7e00G0uNVgvZ7aCT+z4flaRE+a4kdgsMahhg7vu7/AIfYfs1f9D5q3/hG67/8h18YftffGzW/iB+xL8YLS58Y6n4k1DUPBN/f+ONJuNQ+1R+FdXh8SWsFrbLDk/Yswm5jEQCiRbVXIZtzt9m/tCaNcav+2TjT/HvxE8J6X4R8J3Hi/wAVS6ZqtzcW8cbJLa2MMNhiSFstDd3DAQuWa0jXafMYFKVqdN9GpW8rOTflq4yle+t77uxTi3Umnumr+r5UvzStbT01Hf8AD7D9mr/ofNW/8I3Xf/kOj/h9h+zV/wBD5q3/AIRuu/8AyHXyf8Qf2ovFcPhDWNA8PfFW1m0CHxddvpHiO7+I08Wiz2Y8PCeCF/EIiMxuxdEXRs/L2bi0G7yVzX6Wfs/eK7rx38BvBWt3zX73usaDY3tw19aC0umkkt0djLCpIjfJO5ASFOQDxVqN1J9uX/yZX/C2v/D2zcrcv97m/wDJXb8b6W/yv4H/AMPsP2av+h81b/wjdd/+Q6P+H2H7NX/Q+at/4Ruu/wDyHX1XRUlHyp/w+w/Zq/6HzVv/AAjdd/8AkOj/AIfYfs1f9D5q3/hG67/8h19V0UAfKn/D7D9mr/ofNW/8I3Xf/kOj/h9h+zV/0Pmrf+Ebrv8A8h19V0UAfKn/AA+w/Zq/6HzVv/CN13/5Do/4fYfs1f8AQ+at/wCEbrv/AMh19V0UAfKn/D7D9mr/AKHzVv8Awjdd/wDkOj/h9h+zV/0Pmrf+Ebrv/wAh19V0UAfKn/D7D9mr/ofNW/8ACN13/wCQ6P8Ah9h+zV/0Pmrf+Ebrv/yHX1XRQB8qf8PsP2av+h81b/wjdd/+Q6P+H2H7NX/Q+at/4Ruu/wDyHX1XRQB8qf8AD7D9mr/ofNW/8I3Xf/kOj/h9h+zV/wBD5q3/AIRuu/8AyHX1XRQB8qf8PsP2av8AofNW/wDCN13/AOQ6+Uv+CTn/AAVY+BPwl8KfHqLX/GGpWcmv/HPxprtiE8L6vcedZ3OomSGQmO1bYWXko2HXoyg8V+rFfF//AARV/wCRM/aS/wCzivH3/p1agDpf+H2H7NX/AEPmrf8AhG67/wDIdH/D7D9mr/ofNW/8I3Xf/kOvquigD5U/4fYfs1f9D5q3/hG67/8AIdH/AA+w/Zq/6HzVv/CN13/5Dr6rrwz9tXWPFHhq/wDhXfaF4ovND05/Hek2Gq2NrAm7WIri5SPypJWyyxAFyVQAuSuWChlcWs4Q/mlGP/gTUV+LD7MpfyxlL/wFN/ocP/w+w/Zq/wCh81b/AMI3Xf8A5Dr54/4Kuf8ABVf4E/HX9gTx74S8L+MNRv8AX9b/ALPgs7eXwvq1okrjUbViDLNapGvCnlmAr1L9rX9pbR4vjn4H8MWXx10jTvH+r3aSafBZeIoNG0DS7OHVnjubi6jedvt1w6RtYrbMZN00cjLHBiR4/mf9r74y6p4i/Zb/AGgNE1TxdbePbvU7OTV5LjS/E99e23hlY/FNrFFp91p9xFGLKby3Cx4VWYWs4IIXexS9+1uvN/5Lq/1+atvoFT3L36cv/k239fPbU/XiiiigD5c/4ImLGv8AwSQ/Z3ETO8Q8C6bsZ12sw8kYJAJwfbJ+tfUdfLP/AARE/wCURP7On/Yh6Z/6JWvqagBCNwweQeopIYVt4lRFVEQBVVRgKB0AFOooAxPBvw60b4fS6y+j2Qs28QalJq+oESO/2i6kVFeT5icZEaDC4HHStuiijol2svktEvktEHVvvr83q/vGQwpbptRFRck4UYHPJp9FFABTBbxiR32JvkAVm28sB0B/M/nT6KAGwwrbxKiKqIgCqqjAUDoAKdRRQAUUUUAFFFFABRRRQAUUUUARGxhaLZ5MWwtvK7BjdnOceuec+tO8hPP83Yvmbdu/HzY64z6U+igAooooA5gfG3wYdT16y/4S7wx9s8KxefrcH9qQebo8eM77ld2YVxzl8DFWtH+KHhrxD4Z03WrDxFoV9o+sypDp9/b38UttfyOxVEikVisjMwIAUkkjAr4u1z4X+OtR8d/EDxNN+zLqV8/h231Cx8C+GxqPh6LSdaNxqttdzX93P/aBlaee4giutkkUaxJC65eV+ebn/Yj+NXiC++GuvWujWax6F42tvFWp6R4imtbK7ttTn1M3GpamkVjc3Nr5PkkRwxiZpUj80He8rMSj77pqWnM438rytf8A8B1f8rsn1cSr7qm468vNbztG+n/b2nZ6tPRKX3j4b+LXhXxj4p1LQ9I8TeH9V1rRyRqGn2eowz3ViQ20iWJWLJhuPmA54rYuNas7TVLaylu7aO9vFd7e3eVRLOqY3lFzlgu5c46bhnrXy3+xT8DvHXwf+Out+doXinQfBl9b6pdakPEGp6RqQvtVuNUa4imsJbMLOITG9wzi5SM/vIBtLrI1dh8cf2eNa1r9rbwl8RfCOm6dHrth4T1/RpNZv5PNhspphaNYxvFvDmIypKzCIDO35jnaaV/3cZvqm2ut1fS3m0ra7NPyHb95KHZ2T6dPyv8AereZ6v4s+Lfg7wnpl3c674"
14:55:31.946 [Test worker] DEBUG org.apache.http.wire - http-outgoing-0 >> "m8NaZZ6fex2F1Lf6jBDFbXTBXjhcuwCykOjKh+YhlIHIp0vxU8IwfESLw0/iPw4niyeHfFpTahCNRkiwXysO7zCuAW4GMAmvgP4ZfsPfGL4M+LNc1LxH4E0z4i6c/iPU75rPSdVtXuNdnv/DlpZy6nJ9ulhj+a4hmjcEq4+0ylY/L257/9mj9lP4m/A745+DJk0rxOJIv7NtvF2t3mraTfaDqdnbeHYbJvs8e1dQhuPtcEIAKlcLKxlKybKqmruzfSL+clqtf5Xv5O1k0yZO0eZf3tPR6feundbtan3DRRRSGFfF3x+njtf+C6H7P0ssixpH8LvGLMzEBVUXWkkknsBX2jXwz+1vpk+t/8FnfgtZWqebc3fwg8bwQpkDe7TaWqjJ4HJHWsq85QpSnBXaTaXfyNKMVKpGMnZNrU+pvA/wC1B8LPizqaw+GviJ8P/E15BKkKx6Zr1peSxySbgigRyMQzBXwOp2tjoa6mH4g6Dc61Npset6RJqNt5vnWq3kZmi8oRNLuTO4bBPCWyPlE0ecbhn5E8G/sgfEX4RfskfBOOS78V+P8AxL8P77w3qmoeGbl9Dt5bFbW0a3ubWzmhitYpCnnEg3E77hAMSZbLebfE/wD4J7/Fr9oz4p6x4lW3vvh/aeIbnxPq0mmX93Y3CXglHh2Oz0rUxBLLm1u/7KnaYW0jfujsZxuKNvNKNWVNPRc+v+FRaem97yVlf4bK9zKOsYyfXl+V+e6+Vo6u3xa2P0P8PeItP8W6Ha6npV9Z6npt9Es1td2kyzQXEbDIdHUlWUjoQcVcrnvhRqN/q3wy0G41Tw2/g7UZLCE3OhtNBP8A2TJsAaAPAzRMqHgFDggDp0HQ0TXLJpCg24psKKKKkoq6nrVnoiQteXdtaLcTJbxGaVYxLK5wka5PLMeAByT0rnrr4w+B7S58RxzeKfCkUvhtEOvK+pW4bS1YfL9qBbMQI6eZjNcB+2D+z8/xm1L4Y6tY6Ouq6v4K8a6Zq0cj3AQafbLcIbqZVdwhcRKRkAybWdV4dgfkrxj+wX8SNe+Id/DL4T8Sy+BtBvNYngg0u90XT9X1wX3iWw1QFLuSeZboL9mkl23UNmdhWLc7sZVmDctHprJfJRi0/m5NfJ66FTtG1tdIv75STXyUU/8At5H3hZfG3wFqa+HWt/F3hC4HiOR4tBMeqW7/ANqOmVdbXDfvSvIIjzjvXz3/AMEt9c07RPC3xniuL63t31H47+NLa2W4dYmuZzqMrmKMFvnbajkAckITgYNeUN+yn8ZdctL6LW/Bt/q114n0/T9I0bUri90hbrwXBZeJbq9ilvvKmVWm+xy2rlrJZt0lphvmw5zv2evgp4m+NvgfxdbeGd8E2kftM+Or28v0mSNtKhePVrZbkBmBYrNcQ/KmW5zjAJDqtxp88Vd328r2/LW+3a61JgrzlFuyS37vlvp89Lb+Wtj7hs/2i/hp4g1HWYbfx34GvbvwjIF1ZI9atZJNFdm8sCcByYWLHb8+CScda7C312yvNXubCK8tZb+ySOW4tklVpoEk3eWzoDlQ2x9pI52Njoa+C/Hv7LPi/wCM37JXhv4WXX7PFnpM3hzwtZeHb/Vb/VdJMd1Gl/pxubew8m4eR7edLaadzcCBiEj+RpGKr7D+wx+z98Rfgd8dvionjNv7V8Opp+haJ4S8QSXiTXWt2FodQZftKZ3rcQpdRQu7j96Y/MBJdgusopNxTv597O1+66NJ679FdzFtq7VvLton6Pqm15d3b6dooorMoKKKKAMHRPil4Z8S+KtV0LTvEWhahreg7Tqen21/FLdadu+750SsXjz23AZqw/jDQ5NL0zUm1TSmstTeJNOujcx+VdvMP3YhfOHLg/LtJ3Z4zXyj8Mf2edT+Lfx/8ay+Ovg1q/grwpBY6xonh63iu9JOmana3l9Fc3d1dSWt891LPeywxyeU8KRxxh1cs0jZ4XWf2JPjbdeAP2Yobay8KS2XwmtPCyXGhXl6Y5tGvbZohf3e6MmGYpCgiTYxKqZggbzaKPvuClpzOF/JSck35cqSbXTm9624VPd9pbXlUrebSVku922vl7tzs/8Agsb8UvB3i7/gm78dtE0rxL4f1DWdL02H+1LKwvYLi8siL23Q+bEr7lIIC/Nj0r6g1H47+B9H8dr4Xu/GXhS18TOVVdIm1a3S/Ysu5QIC/mcryOORzX5p/tzfA7x18H/2Ifj/AOdoXinQfBl9oV9dakPEGp6RqQvtVuPEENxFNYS2YWcQmN7hnFykZ/eQDaXWRq+1fjn+z1efFn9o5te1LwVo3iXw34Q8I3Uuj2N7LBHD4h1u7EsDxzEh3URWsflK7oUA1GQgMVIWbvlhJ9U7+Vr/AJ203vdbX0qy5px7NJed7flfXtZ9j0t/j58Nx4BTxC3jTwR/wi8l59jTUzq9r9ga53/6oS7/AC/M3/w53Z7ZrtlcOoIIIIyCO9fmv4//AGJvip41uNcvIfBXjzSNE1nxJd6tFBZ3vhj/AISixE3hwaZ5Ko0v9lfYQP8ARx/y8hFVvvZlr77+AHh3VPB/wJ8F6TrdpY2Gs6XoVjaX9tZSNJbW88duiSJEzksyBgQCxJIAyT1rRLSV+nL+Ku//AAFq2l9+ltc237tuvN8rOy+9a62/y66iiipKCiiigAooooAKKKKACiiigAooooAKKKKACiiigAr4x/4IsADwZ+0jgk/8ZFePs5GMH+1Wr7Or4v8A+CKv/ImftJf9nFePv/Tq1AH2hRRRQAVV1PWrPREha8u7a0W4mS3iM0qxiWVzhI1yeWY8ADknpVqvFf2wf2fn+M2pfDHVrHR11XV/BXjXTNWjke4CDT7ZbhDdTKruELiJSMgGTazqvDsCLWcIvZyin5JtJv5J39A+zJ9VGTXm0m0vm1b5npPjD4teFfh7q2m2Gv8Aibw/od9rL+Vp9tqGow20t8+Qu2JXYFzllGFB5YetfKn/AAWK+KPg7xd/wTu+M2i6V4l8P6hrOlpp/wDadlYXsFxeWbDVLRD50SvuUggL82MdKf8AtF/APx34g+Mej+KPA/hT4i2+v2dullp2oX/iLSL3TLHOsvNcm+gupJLjyJISJE+zSSMItkYit5IkFfOH7cXwO8dfB/8AYy+N3naF4p0HwZfWT3WpDxBqekakL7VbjxRa3EU1hLZhZxCY3uGcXKRn95ANpdZGope8o82l+f5cu33r727LTUKnuuXL05fnff7vwWr7H6sUUUUAfmb/AMElP+CYngb4t/8ABM34HeJ9R8ZfHaxvtd8H2F7Pb6R8VvEOmWELvEGKw2tvdpDDGM8JGiqo4AAr6I/4dA/Dn/off2kP/D1eKP8A5Or51/4JI/8ABWf4C/B7/gmV8DPC3iDxfq9pregeDrCyvoIvCWs3SRSpEAwEsVo8bjP8SMVPYmvon/h9f+zb/wBDxrn/AIRGvf8AyFQB4HP+x7o4+L2p+DEsv2iodXfS7/WdDjvP2jfEkLXlpZ3sNq8t4FuH+xLN53mQHMvmJG4by2UqOOuvh/8ADfw38APA3jvXT+03ZR+NdUnCWtp8fvE10tpoUBJn14yG5QtarFslAKKzLNF03V1/hf8Aay/Zh8OXnxRkl/aD+M2qj4tQXsGr/bPBE/nW32hWRDBcx6Glwoto2KQRvK8can7jHmtX4i/tV/sMfGLXtPufGN/c+LdP0Xw1/wAIrpWkax8O9WvNP0i2LAyS28b6cTHPIqwozhvuwRhQvzFpi5KCuruy+/3m1+EY6bpylo7JVLlcn2u/u91K33ylrs0k7pj/ABL8B/2XvB2s+JbHU/jJ+01ZP4RW9/tOeT4neORaRvZ2wurmKO48/wAmeaO3PmmKJ3kKAsFIBrE1X9mPwVY/EvQdNhtf2sLjQfFstzaeH7iX44eKLHWNXng0579nXTbm6ieK2xGYPOmkjImZA0YRlkPnXw3+IH7L9r4M8TeGvGfx4+KfiLw/d3l//Yto3hTU2NnHc6UmmG8kk/sZZGvTAZwcs8GZSwj3HI9TuP2yv2Zbj4+eJ/iB/wANBfGaO98U6d/ZE1hH4Nu1g06z8jylgs5xov221QP+/wD3VypMwDsWwBVNaRs94pv/ABW1Vteui1aXW+xK3kn0bXyvo+nTV7X2Vtza/ZJ/Yn+HH7Tek+LfM8T/ALQOlal4N1ttA1FLD9oDxLq1kbhYIJ2WO5S7QM8fnCKRdo2SxyLlgNx9a/4dA/Dn/off2kP/AA9Xij/5Orzj4A/8FHv2ZfgdqHiXVJfi74/8YeIPFc1vNqera14I1RbiZbeFYIUCW2mQxAKg5OzcxYkk8Aejf8Pr/wBm3/oeNc/8IjXv/kKqlbS3ZffbX8f+HZMb218/6/r7kL/w6B+HP/Q+/tIf+Hq8Uf8AydR/w6B+HP8A0Pv7SH/h6vFH/wAnUn/D6/8AZt/6HjXP/CI17/5Co/4fX/s2/wDQ8a5/4RGvf/IVSUL/AMOgfhz/AND7+0h/4erxR/8AJ1H/AA6B+HP/AEPv7SH/AIerxR/8nUn/AA+v/Zt/6HjXP/CI17/5Co/4fX/s2/8AQ8a5/wCERr3/AMhUAL/w6B+HP/Q+/tIf+Hq8Uf8AydT2/wCCRHw7a3WL/hPP2jdqMWBHxn8T7iTgHJ+25I4GAeBzjqaj/wCH1/7Nv/Q8a5/4RGvf/IVPb/gtR+zesCyf8Jvrex2Kg/8ACE691GCePsWe4oAb/wAOgfhz/wBD7+0h/wCHq8Uf/J1H/DoH4c/9D7+0h/4erxR/8nUn/D6/9m3/AKHjXP8AwiNe/wDkKj/h9f8As2/9Dxrn/hEa9/8AIVAC/wDDoH4c/wDQ+/tIf+Hq8Uf/ACdSv/wSE+HUjZPjz9o7oBx8afFA6DH/AD/U3/h9f+zb/wBDxrn/AIRGvf8AyFTn/wCC1n7N0ZwfHGudAf8AkSde78/8+VACf8Ogfhz/AND7+0h/4erxR/8AJ1eW+OP2HPhv4N/aN0T4drqX7Wd/NrOhahraapF8ZvEqWjG08n/RYt9+DLM/nA8YReNzZYCvUf8Ah9f+zb/0PGuf+ERr3/yFXF/EL/gqB+y/8QvHmi+JW+JnjXStY8PabqWmWM9j4L1keSL5YVklxJpzgyJ5CFM/KDncrDiple2nn+Tt+P8AVio2vr/Wp4Mvwh8N/wDCaXngk6R+0g3xFtQt02jx/tH+JJLWG1+wteyLLdifCXkaCNGtwjAPcQHzTG/mj0f4afso/CX4s/F/wf4Z0nW/2sF07xn4LfxpY63d/GXxNDaSRA2OLdB9vLPIFvo2cgbFPy7mbcF4bwh8bv2WvAvgTS9H079o742i80W4up7LWZfAjnUk+1xPFe+ZIugqLh7jeHklnWSXzIo2DjBDev8AhT/go1+yT4I8VeCNU0vxx4rtR8P/AAzceE9JtB4N11rdbKY2RO/NgXZ1+wQhTuAwXyCSCNFbn120/wDSJ3+XNyW6/F0sZu9lbfX/ANKVvw5vw66not5/wSK+Hd7dyzP47/aMVpXLsI/jN4njQEnPCregAewGBUf/AA6B+HP/AEPv7SH/AIerxR/8nU+6/wCC037OFlcyQyeN9bEkTFGA8Fa8QCDg8iywfwqP/h9f+zb/ANDxrn/hEa9/8hVJR8/an+yboemfFjUvB/8AY/7UFxq82nXmp+H7SH9oTxC11fwW1/BZebeR/awtlFK04ljffKWhjlJVXTyjxujeCfhzqsl9z+0m0HhCdY/GN3bftCeJZrXS4n1WbS0nsn+0j7chmt53bIhKpC/BkxGeguP2jv2Z5rX4mRp+058fbd/irLJJq91D4MkS+tw0qsscF0NA89Yo4g0EcbyOiRSOFAc7w+H9oT9k1bXSbWX44fFKbT7KxstI1CzT4fzWdvrenWV2buzs5o7bQ4kjihkaQD7OsTMkrqzNkFSj9n2nbX117dtE7b7rl2ZW2lyb309NPz1avs7J3Tuuj/Zu/ZX+HHxx+JFvprar+0po1jrWnXeveF76X47eJboazY2l6tpNJND9rHkNvkhdYyZA0cyklWDIMH4r/s9fDr4a/tV2vwzGufHMySyafGjar+0j4j0jU9ZF0+1pNKtJrny79YBzMBcRuu1gqOQA3WfAD9tv9lP4F/EI6vp/xV+IGr+RaXOk6Fp+o+DNV+y+HrO5uxdTW9uY9MjdlaVY/mneRlSGNQwAJar8Yv21f2V/jX4wvr3U/jT8VrfQNZu7G/1XwxB4Q1OTSdRns2jaF/3+kyXFuf3UW77LPCG2AkbixJD/AJd83/b33u3/AJLa9ut7aahP/l5y/L7l+t7X6b9jzH9nzw18Jfjh8XLrwsPEHxzmnSHXZ47Tw5+0j4l17WrNdKuTbuL7T0njktWmIHlANJuLBeM5r3v9mX/gnn8N/wBpH4J6R4yXxH+094d/tV7mNtNvfjd4kkuLNobmWBkkaO/KbsxHO1mAzgMep4H4RftY/sqfCXx54f1k/G/4seIrPwjf6rqeg6Pqngm8Wy0i41FpmuGRrfRobiTi4mVRNNIAH5BYKw9R+C//AAVS/Zb+Bfw8tfDWk+P/ABVcWNpcXVykl54L1x5S1xcy3DglbBRgPKwHHQDOTySPwK+9tfXX/gd9gl8bttfT0/r8zqv+HQPw5/6H39pD/wAPV4o/+TqP+HQPw5/6H39pD/w9Xij/AOTqT/h9f+zb/wBDxrn/AIRGvf8AyFR/w+v/AGbf+h41z/wiNe/+QqAF/wCHQPw5/wCh9/aQ/wDD1eKP/k6vkb9oj/gnf8PPh3/wVo+EGkXnjb44x6BL8NPFmtX99P8AFPxBLqFqLWbTj+6ujdmeKMq7F40YK5VSwJVcfXH/AA+v/Zt/6HjXP/CI17/5Cr5L+PX/AAVC+APjj/grp8G/EcnibU7zwjYfDfxXo+qPL4S1gHfdT6bsj8k2oldWWOTLKpUY5IyMxV5+R+z+K2l9r9C6fLzLn2627FnUvg54Z8MfCzUPGus2X7QVnoM3gy/8aaNbQ/tMeIZdYlt7e1a6ijvbRrhPszTxqdrQvdKrAhyuK5/4tX3wc+HXhDwnqdld/tO6rL4i8CXvjW8hl+PniW1XQ2t4yVsp3+1N+8aSK6jLAYQ2rkg5Aro9W+JX7HvinS7fTNb+Nvxa1rR9I0C+8NaHa3Hge6WXRLK6sprEol0mirdTGK3nkSP7RLKoyGYO43VN4m8f/sP+KU8SLL8SPiZCvie81O6uBH4U1ci3W/hMc0EQbS22wh3mmVTnElzKSSGCjWfLzS5NraX3+0le2l9Yt20923V3iN1y8299bbfZenW2kkuvvXeyO3/ZO/ZA+HP7SXirxhoNx4s+NsGp+DlspLi78N/tHeJfEOkXC3SysiJdLcQkTp5LF4mjBUPEwJDivbP+HQPw5/6H39pD/wAPV4o/+TqpaF/wWO/Zd8MaeLTTfFWo6faqSwhtvAWuRICep2rYgVc/4fX/ALNv/Q8a5/4RGvf/ACFSduglfqPP/BIb4dNCqf8ACeftHYViwP8AwujxPnnHU/bcnp07c+ppv/DoH4c/9D7+0h/4erxR/wDJ1Kf+C1X7NwhD/wDCb65tYlR/xROvdRjP/Ll7im/8Pr/2bf8AoeNc/wDCI17/AOQqQzzf4/8A7Bvw1+A2ueB7F9a/ar1r/hNfEFroX2q1+M/iZbXSvOkWMTTyNfgD5nUKigu5JwAquy+WfEj4F+DvhX8T/wDhFdWtP2mYdT1xmj8LQf8ADQviNp9Rb+1LbTInvUF0RYwzS3SyxvumLRRykqrp5R9y+K3/AAVS/Zb+MFlocGpeP/FUCaBrdlr9ubXwXril57WUSxq+6wbKFh8wGCR0I614tH+0R+y2NZ8YahN+0P8AGi+vfF+sweIXnuvAsrzadfW11Hc2ckMw0ITGO2MYjiglkkhEbOpQ7iaVO91z7czv/htCyX96/O1fS9k9HeLna3udl/4FeV/lblv13tqtdLQ/2dPhpqZ+HVtNP+1fFqPjXxVf+ENRMXxu8SyWPh69smu45vMuDer5oaS0cRhF3OrB2VACK8t/Zj/Y78GeGfBvju2ttW+PGt+LPEHx18V+D/DumWHxk8QaJbXTW9zcSme8miuTjbb20sktwY5ZpGUcSOwr3nwt+3b+yb4a8H+ENKb4m+PL+Xwj4nn8YC/uPBusC41XUpzdtPJcBNNVNrvezNtiSMD5AuFGD4h+yp+3T+zt4t"
14:55:31.960 [Test worker] DEBUG org.apache.http.wire - http-outgoing-0 >> "8AfEi31/4ieMPCeuWXxw8VeMPDWs6L4V1Oa80/z7ydY5lDWE0J8y3nlR4Z42+WRgyK2MN/D583Tt7u1/8At7fXz7L7bttyu1+952vby5L203su/St8KPh34Y+Inw48M+Jrr9oazuvHPiO88N3WoaR+0b4h1bTNNkhjtzBOky3SPLFNNdwQASRwyI7nKYAJ43zvhj4g8X3WlaJqfxnsooNZ1/TodR8W/tPeJdAsb230tNMcXMUnmTAm4XU42jQ4+SMsW5wOtk8f/sXaho2qR33xb+KFxq2sy391c6rb+Cb7T51urqCyhW5ijttHjgikgGn2rRFIxh0LP5hJNdh8Mf2lv2JvhT8RrHxHY+MfFt4+mQ3UNpYX/gnV7izgWe10m1O1Tpu7Kx6Na7TuyDJNnO5QiSbnZuy5fxsvyaeuz5tlYd1a9uv4Xf5pr05fNnpXwA/4JwfDD9oH4H+EvHFn4u/ad0y08W6TbatDaXfxp8T+dbrNGrhGxfEEjd1Bweo4Ndf/AMOgfhz/AND7+0h/4erxR/8AJ1IP+C137NgH/I765/4RGvf/ACFR/wAPr/2bf+h41z/wiNe/+QqubTk3FWRMbqKUtWS3n/BIv4d313LM/jv9oxWmcuwj+M3ieNASc8Kt6Ao9gAB2qP8A4dA/Dn/off2kP/D1eKP/AJOp91/wWm/ZwsrqSGTxvrYkiYowHgrXmAIODyLLB/Co/wDh9f8As2/9Dxrn/hEa9/8AIVSM+eda/ZQ0jS/i5d+DItE/adudavbS5vtAt1/aI8RCW5toNQgsWub9ftRFjA5n86NgZ2eGKX5BIvlHltG8C/DTW9Jhv4ZP2l5LDR40n8WXUX7QPiV4dJgk1i40mOezb7V/p0TTWlxKG/dfuEDDLsIzp658ef2ZNdsviNbv+078foU+KN2brWpIvBTC5ZfOV1tkuD4fM/2ZIwbdYXd0EMjrjLFq1tQ/aa/ZR1ddHju/jf8AFGe2s9PstH1S3TwDcWsPiGwsrxruztZ47fRYo4o4Xd0H2VYSY3ZWLcEFHaHP8/ufbtotNXurbBW2lyd9PS6/NXtfZ2TvuvB/25/gl4D8S/sTfE26tLz4/WUd14bm8QeE7jV/jNr+s2muWVrq1vZTPc2c1yY423SwyLG3mgpMjEq6si/f/wDw6B+HP/Q+/tIf+Hq8Uf8AydXwh+3x+0v+zToX7EXxWtvCPxM8d+I9Vu9Bk0bw1pOq+FNQtrPQbS41WC9ntoJP7Oh+VpET5riV2CwxqGGDu+7v+H1/7Nv/AEPGuf8AhEa9/wDIVC+CN99b/e7fPltfpe9tAl8crbdPuV/xva+thf8Ah0D8Of8Aoff2kP8Aw9Xij/5Oo/4dA/Dn/off2kP/AA9Xij/5OpP+H1/7Nv8A0PGuf+ERr3/yFR/w+v8A2bf+h41z/wAIjXv/AJCoAX/h0D8Of+h9/aQ/8PV4o/8Ak6j/AIdA/Dn/AKH39pD/AMPV4o/+TqT/AIfX/s2/9Dxrn/hEa9/8hUf8Pr/2bf8AoeNc/wDCI17/AOQqAF/4dA/Dn/off2kP/D1eKP8A5Oo/4dA/Dn/off2kP/D1eKP/AJOpP+H1/wCzb/0PGuf+ERr3/wAhUf8AD6/9m3/oeNc/8IjXv/kKgBf+HQPw5/6H39pD/wAPV4o/+TqP+HQPw5/6H39pD/w9Xij/AOTqT/h9f+zb/wBDxrn/AIRGvf8AyFR/w+v/AGbf+h41z/wiNe/+QqAF/wCHQPw5/wCh9/aQ/wDD1eKP/k6j/h0D8Of+h9/aQ/8AD1eKP/k6k/4fX/s2/wDQ8a5/4RGvf/IVH/D6/wDZt/6HjXP/AAiNe/8AkKgBf+HQPw5/6H39pD/w9Xij/wCTqP8Ah0D8Of8Aoff2kP8Aw9Xij/5OpP8Ah9f+zb/0PGuf+ERr3/yFR/w+v/Zt/wCh41z/AMIjXv8A5CoAX/h0D8Of+h9/aQ/8PV4o/wDk6j/h0D8Of+h9/aQ/8PV4o/8Ak6k/4fX/ALNv/Q8a5/4RGvf/ACFR/wAPr/2bf+h41z/wiNe/+QqAF/4dA/Dn/off2kP/AA9Xij/5Oo/4dA/Dn/off2kP/D1eKP8A5OpP+H1/7Nv/AEPGuf8AhEa9/wDIVH/D6/8AZt/6HjXP/CI17/5CoAX/AIdA/Dn/AKH39pD/AMPV4o/+TqP+HQPw5/6H39pD/wAPV4o/+TqT/h9f+zb/ANDxrn/hEa9/8hUf8Pr/ANm3/oeNc/8ACI17/wCQqAF/4dA/Dn/off2kP/D1eKP/AJOr5S/4JO/8Ez/BHxQ8KfHqW+8YfHKzbRPjn400WAaX8VPEGnLNDb6iUSSYQ3aiadhy8z5kkPLMx5r6s/4fX/s2/wDQ8a5/4RGvf/IVfKX/AASd/wCCq/wK+EvhT48xa94s1a0fX/jn4012xEfhPWLjzbO51EyQyExWrBCy8lHw69GUHigD6u/4dA/Dn/off2kP/D1eKP8A5Oo/4dA/Dn/off2kP/D1eKP/AJOpP+H1/wCzb/0PGuf+ERr3/wAhUf8AD6/9m3/oeNc/8IjXv/kKgBf+HQPw5/6H39pD/wAPV4o/+TqP+HQPw5/6H39pD/w9Xij/AOTqT/h9f+zb/wBDxrn/AIRGvf8AyFR/w+v/AGbf+h41z/wiNe/+QqAF/wCHQPw5/wCh9/aQ/wDD1eKP/k6vnj/gqz/wTT8E/BT9gfx34q0vxh8cdRv9FOnTwW2t/FLX9X0+Vv7StVxNa3N28My8/dkRhnBxxX0N/wAPr/2bf+h41z/wiNe/+Qq+eP8Agq3/AMFVfgX8df2BfHvhLwx4t1a+17W/7Pgs4JvCmsWaSONRtWIMs1qkacKeWYCgD9MqKKKAPln/AIIif8oif2dP+xD0z/0StfU1fmZ/wST1j9ri3/4JmfA1PBnh39nK78Jr4PsBpM2teItZt9RltvKGxp44rGSNJCMZCOwB6E19Ef29+2//ANCp+yr/AOFXr/8A8rqAPnv4t/tZLqHiT4yy/DX433Oonw7b3Wk6x9u8VwbjqM2s2cIkt7RWLabp+nQtNbz36RrxKZQJnh3mg37VHxk8c/CLQPC/w1k8U+N/FngnV9c8ValceHNdtdStruwsr6WPTNPOo3k1u9/YzkvC0+DPJ9hlzGSDXtn/AA0P+1XPqWv2Gf2Lnu/C8Xna3bf8J9rBk0iPGd1yv2HMK4ycuAMVPp/xr/a1m8L6Pqlra/satoutyRWulXcXjnWTa37ycRRwOLDbIzYwqoSTjipppqMUnsl997xf/gWy7e6nuyptNttdW/lazX3bvRXs7aJHm9//AMFivEfiTQPGXiHwXqHwz8R2NjBrFxpOgpZ3P9r6daW2iDUrXU78i65tnlKW7KsUfzTJtl3ZSt3Xf2hreT9se58MyfHoxeLfDNnc3njdLHUEtrOxtzo8jR6dpWhPJcSXF0jlL5pdkzoIyjSMHEI7Hwb4Y/bF+H0usvo/gf8AZTs28QalJq+oEeL/ABE/2i6kVFeT5rA4yI0GFwOOlRyfHH9reLx23hZoP2N18TJa/bW0g+OtZF+sH/PYwfYPM8v/AGsY96p2tG38qT9eXV33te7eza7RvElXvL1f3OWnztZLs9ruzOp/4JqfE+58cj4oaavis+NfD+h+IoBoGrQ+IH8RWz2c1hbuEGoSKryTGTzJZYiuIGnEaEoFr6gr47+H/wAW/wBrv4j+Hf7S8L6f+x3rul+Y8S3WleNtaurcyK2HXfHYFdwOcjOQetbP9vftv/8AQqfsq/8AhV6//wDK6qm729EvuSV/nuTFWX3/AJn1XRXyp/b37b//AEKn7Kv/AIVev/8Ayuo/t79t/wD6FT9lX/wq9f8A/ldUlH1XRXyp/b37b/8A0Kn7Kv8A4Vev/wDyuo/t79t//oVP2Vf/AAq9f/8AldQB9V0V8qf29+2//wBCp+yr/wCFXr//AMrqe2u/tt/Z1x4W/ZY83cdwPinXtoXjGD/Z/X72eOw9eAD6oor5U/t79t//AKFT9lX/AMKvX/8A5XUf29+2/wD9Cp+yr/4Vev8A/wArqAPquivlT+3v23/+hU/ZV/8ACr1//wCV1OfXv23Qfl8K/srYwOvirXuuOf8AmHetAH1TRXyp/b37b/8A0Kn7Kv8A4Vev/wDyuo/t79t//oVP2Vf/AAq9f/8AldQB9V0V8qf29+2//wBCp+yr/wCFXr//AMrqP7e/bf8A+hU/ZV/8KvX/AP5XUAfVdFfLF3rv7bS3Ugg8LfsstDvPltJ4p15WK54JA08gHHuaj/t79t//AKFT9lX/AMKvX/8A5XUAfVdFfKn9vftv/wDQqfsq/wDhV6//APK6j+3v23/+hU/ZV/8ACr1//wCV1AH1XXwx+1p8YLHR/iz8Zk8afFbxH8OfEHhTSraf4Z6XYa/Jpg1TdZCT7TDZqwXVpnvzJbmCRJ1AijURqZMt38GvfttmdPN8LfsriPcN5XxTrxYDvgf2eOa5Dx1+0R+1L8OvFWi6P4mb9inQtb1qTbpFlqfj/V7W6v3ztxBHJYh5Dk4+QHriolFydk7N6K2931Xmum/oXCSj7zV0u+3z8u5wngC/+LPjmy+O3jrxC2q2Vx4QW9VZofiXrNn/AGFdp4Zsrg28WiRxGxkRLmZyHeYNlidpKLn6R/4J2+BfFPhr4KWWq+LIbtNQ8Q6bp92sk3xF1fxf9pBg3mTGoQxC0ZmkJMcIZTxljtWvGtV/bC/aR0Lx7N4Vvta/Yas/FFtnztHn+JWqR38WI/MO6A2QkGI/n5X7vPSr3ws/ac/aj+OiXzeCbr9ifxiumFBeHQ/iFq2oC0L7tnmeTYts3bHxnGdrY6GtozXK+VaOMFpsuW93/wBvNr7lfmeplKLuk3qnL581rL/t2z+/Sy0f2xRXyp/b37b/AP0Kn7Kv/hV6/wD/ACuo/t79t/8A6FT9lX/wq9f/APldUFH1XXw3+1nf6lpf/BaH4KXOjWyXusW/wh8by2Nu5ws86z6WY0PsWAH413P9vftv/wDQqfsq/wDhV6//APK6vlP4x6x+1k3/AAWK+CL3vh39ndfGa/D3xQNMgg8Raw2lyWpudN+0NNIbISrKG8rYFRlIL5IwMxVg5wcE7XW/YunJRkpNXt0JvFn7WaeHPgpJL4Y+Jvj3XviD4g+Fuu3/AIjuYvG63cmjavFpM9zI1xo7sz6S1tcQ+WjW8cCrJIsbBjisL9oD9r74vX3g2Cyt/FvifTLv4a+EPEHhDXZbW8eyfXvEFtas5vGkXB3CCOyuI3X7v29yORX0XpP7Vn7Suq634js7HUf2HLnUfC8T3OvwQfEXVHn0iOPh5LpRY7oVXByZMAY5rU8R/tCftX+D9OtbzVv+GMNLtL2yl1K2nvPH2sQR3FrEqvJOjNYANEiurM4+UBgScEVpKSk3O1k102V+a1t1ZKUkl5J390iKacY7tP5v4fxvFNvs2rWZ6v8AsY/Cv4h/DrWvF9x4slv7Hw3qYs/7D0PUPF914ru9PlRZRdTNe3KCQLLuhCw7pFXyWYEbyo94r4y+Gnx//ax+NGiyal4OX9jLxZp0MphkutG8e6xfwpIACULxWDKGwQcZzzXRf29+2/8A9Cp+yr/4Vev/APyupyvfUmNraH1XRXyude/bc8lceFf2V/M3HcP+Eq17AHGMH+z+vX9KZ/b37b//AEKn7Kv/AIVev/8AyuqSjm/+CkPxr1r4cfE5re38Zan4UuLDwZLq/guytdQ+yL4n8Qi/ijW0aPI+2HYYU+zEMCLt227grL4r4t/aj8T2vjCCNviVrltLq+u6nZfE+2XWSq+BdPi8V2NlayKuf+JYDp8s6iVfLMkZafcWQSD3PxZ8XP2u/B2p6Ra67p/7HOlXmsXX2bS4b/xtrUEt9Pj/AFcCvYAvJg/dXJ5qjc/Hz9qi1u/EkMyfsVxz+Goll1+N/Hmrh9KjK5VroGwzEpXJBkwMVMPd5G9eVyb/AL13ez8kmov+6laxUvebtpfl+Vly6fNcy/vN3ueO2/7UPih35+JWub9IaMfC9f7X/wCR+B8V3tkd4z/xMx9gisUy2/Edx5/3nEgufB3x3P4K+GHjSK+8Rah4N8B6z+054xsvGOv2d82nvpth9ovZIg14pDWkct2lrC06shUS4DoW3D1f/hfX7VO/w0PL/Ysz4nGfD4/4TzV86sNuf9E/0D978pB/d54PpXg37CHxL/ae+HPwv+NusRWP7L2meH7P4t+LJdcv/E3izVrC3tLw6iwuQriyKfZhIcI7lWZcblU8VUtKajLo7tvrqnr59HfTytoStZykvtLRLpdWXL5Lddb9b6i3n7a2teEvF/g7XvC/i3xlN8P/AIdeKdcvNdjufFKeJrLVtGhtNKa6VL+Nna8htYr25mUyySSpLAyFjsADPhj48+Mnxy+OseiX99411+41fVPFGtDRIPHl74UGjxPY+Frq0tzNbAsyWg1GaMRFWXMkjYJr3jwn+0Z+1N4w07QZtCf9irVLTxJ5seivYeP9Xnj1XyVJkFsUsSJdiglgmdoBzis/xn+2J+0j8OX2+Idb/YZ0Jvtkun41H4lapan7TEEMsHz2Q/eIJIyyfeUSLkDcKXLaoub+W3ndqKbv8k11Tbd7saemnf5WvJpfjJPurdIn1v8As/8AhvxT4O+B3hLSvG+sQ+IPGGnaTbW+s6lD9y9u1jUSyA7VyCwPO1c9dq5wOvr5PsvFn7bGp2UVzbeGv2ULi3uEEkUsfi3XnSRSMhlI07BBByCKl/t79t//AKFT9lX/AMKvX/8A5XVc5OUnJkQSUUkfVdFfLF3rv7bK3Ugg8LfsstCHPltJ4p15WK54JA08gHHuaj/t79t//oVP2Vf/AAq9f/8AldUlHjv/AA0t4R8Z/HP4kQ6b+0PqNv4a0A3em+I5bjxjHBLd6k2q2yxQ2sEayyaXYWo32M19HFFn7Tv3s8fnDjNA/am8WJonw21jXPiDBqv9irNbR+HLXxnf2d/4xkPiOayjl0+ZIQmsRJBHEsbu2+ZfmlSPzw9e1Xf7SH7UsN14htJ5f2KVm8LRebrsMnxA1cNo8ZH3rlTY5hUjvJgVFqP7R37UGlR+HpLuT9iW2XxCFbQmm+IGrINTDYUG2Jsf3ud6geXnO4etFD3fZ9eW3z0f+b5d7Jaaptlb3lNLS/4LT/JX2v6WR8oftc/HPxh40/ZZ+Pfhy/17U/E0Fr4Rv5/FV1JrsGo2MOqReI7WGz+zW6MX09Dbm4T7PKkLH7OSY2KGV/2Kr8rP+CpHxX/aV8Z/sA/GrTdYtv2V7nStHtYIPEkfhjxfql9qumubmHarQtZqqyEhflkZeAfSvqj+3v23/wDoVP2Vf/Cr1/8A+V1EdKcIdlv3u2/ydl5JBLWpKXd7dtEv0v8AM+q6K+VP7e/bf/6FT9lX/wAKvX//AJXUf29+2/8A9Cp+yr/4Vev/APyuoA+q6K+VP7e/bf8A+hU/ZV/8KvX/AP5XUf29+2//ANCp+yr/AOFXr/8A8rqAPquivlT+3v23/wDoVP2Vf/Cr1/8A+V1H9vftv/8AQqfsq/8AhV6//wDK6gD6ror5U/t79t//AKFT9lX/AMKvX/8A5XUf29+2/wD9Cp+yr/4Vev8A/wArqAPquivlT+3v23/+hU/ZV/8ACr1//wCV1H9vftv/APQqfsq/+FXr/wD8rqAPquivlT+3v23/APoVP2Vf/Cr1/wD+V1H9vftv/wDQqfsq/wDhV6//APK6gD6ror5U/t79t/8A6FT9lX/wq9f/APldR/b37b//AEKn7Kv/AIVev/8AyuoA+q6K+VP7e/bf/wChU/ZV/wDCr1//AOV1H9vftv8A/Qqfsq/+FXr/AP8AK6gD6ror5U/t79t//oVP2Vf/AAq9f/8AldR/b37b/wD0Kn7Kv/hV6/8A/K6gD6rr4v8A+CKv/ImftJf9nFePv/Tq1dL/AG9+2/8A9Cp+yr/4Vev/APyur5T/AOCTusftYw+FPjz/AMIj4d/Z4uYm+OfjNtVOseItYgaPUjqJ+1JB5Vk4a2D/AOrd9rsvLKp4oA/VeivlT+3v23/+hU/ZV/8ACr1//wCV1H9vftv/APQqfsq/+FXr/wD8rqAPquivlT+3v23/APoVP2Vf/Cr1/wD+V1H9vftv/wDQqfsq/wDhV6//APK6gD6rr5U/4Lcf8ovfin/1y07/ANOdpR/b37"
14:55:31.962 [Test worker] DEBUG org.apache.http.wire - http-outgoing-0 >> "b/AP0Kn7Kv/hV6/wD/ACur54/4Ktav+1fc/sDePE8e+Hv2ebLwe39nDVJ9A8Q6xc6lHF/aNrgwxzWUcbNu28M6jGeaAP0yooooA+Wf+CIn/KIn9nT/ALEPTP8A0StfU1fmb/wSU/4Jg+Afi5/wTN+B3ifUvFnxxs7/AF7wfYXtxBpPxV8Q6ZYxO8QYrDbW94kMMYzwkaKqjgACvoj/AIc+/DT/AKHX9or/AMPT4p/+TqAPKviL+zN41+NfiXx9eXvwW8ReD49BNzH4KtbGfQJrHUlOtWepXF3c41AyXM95PaRym3mSCIRq8bSrJKXHOah/wT7+O3x/8LtpOp3uheB7eDVNd8c2FxqWkR3S2ut3txtsfJtbTUB9lltlSa43NLOitfKMzOrkc141+Dfwz+HnxR8WeEtV/wCGjU1rR7aG40uyt/2hvENxd3huNTg0yzF5Gl6RYi6muIpISWkJhDuwRkMdM8c/C74SfDP4f6TqWtT/ALS6ayPE954f8RaZafHfxPOvh+3sTm/1Pzvta+bawxtDJnYjMJ4wVRiQJox9yPs39lr/AMmScvJqfK29FF2ulHQqo/elzL7V/nytpeacL23ck3ZuWpueHNM/aL/aD0b4l3mjad8TvC/jVbrXLDUGfx1E2kWjyaFGsGmWEIvCsNxFqUsci3KxIoWOQ+eQ2yvVtZ/Z78RX/wC0ZPp7/BHXb7wJ4TW51DS9Qvdc0y8Xx1q0ujyWTz6peXF7LfrB5EjWiobeUsSHc+WirXDeJfgH+yx4O1nxLY6n8XP2lLJ/CK3v9pzyfE3xyLSN7O2F1cxR3Hn+TPNHbnzTFE7yFAWCkA1iar+zB4EsfiXoOmw6b+1VcaD4tlubTw/cS/G/xTY6xq88GnPfs66bc3cTxW2IzB500kZEzIGjCMshbacYtfyRWmzVtH89XFa3evvSVxLSUv8AFLr56p+ism+i00TsfUX7A/wt8T/D/Wfijqet+HdZ8M6b4u1621PTLPWpNOOowhbC3tniK6czWq28XkRxQ4xIUjJfcSGb6Kr8+/2Sf2I/hn+03pPi3zNf+Pelal4N1ttA1FLD4/8AiXVrI3CwQTssdyl4gZ4/OEUi7RsljkXLAbj61/w59+Gn/Q6/tFf+Hp8U/wDydWk76eit6WVvwsZwslZd3999fxPqqivlX/hz78NP+h1/aK/8PT4p/wDk6j/hz78NP+h1/aK/8PT4p/8Ak6oLPqqivlX/AIc+/DT/AKHX9or/AMPT4p/+TqP+HPvw0/6HX9or/wAPT4p/+TqAPqqivlX/AIc+/DT/AKHX9or/AMPT4p/+Tqe3/BIT4atbrF/wmn7Q+1GLAj4zeKN2TgHJ+3ZI4GATgc46mgD6nor5V/4c+/DT/odf2iv/AA9Pin/5Oo/4c+/DT/odf2iv/D0+Kf8A5OoA+qqK+Vf+HPvw0/6HX9or/wAPT4p/+TqV/wDgkB8NJDn/AITX9ojoBx8aPFA6cf8AP9QB9U0V8q/8Offhp/0Ov7RX/h6fFP8A8nV5b44/YY+GPg39o3RPh2t1+1bfzazoWoa2mqRfGXxMloxtPJ/0WLfqAMsz+cDxhF43NlgKTdv67K/6fpuNJv8Ar5H35RX5Tr8HfCv/AAml54JOg/tFN8RbULdNo8f7R3iSS1htfsLXsiy3YuMJeRoI0a3CMA9xAfNMb+aPR/hp+yd8H/iz8X/B/hnSdT/aqXTvGfgt/Gljrd38ZPE8NpJEDY4t0H9oFnkC30bOQNin5dzNuC0k3LlW/wDwHL8oy+5rcluyu/61S/Nr89j9EaK+Wbv/AIJD/Da9u5Zn8aftDBpXLsI/jL4njUEnPCrfAAewAA7VH/w59+Gn/Q6/tFf+Hp8U/wDydSGfVVFfmnqf7JXh3TPixqXg/wD4R/8AaauNXm0681Pw/aQ/tB+Imur+C2v4LLzbyP7YFsopWnEsb75S0McpKq6eUeN0bwL8M9Ukvv3P7RrQeEJ1j8Y3dt+0H4mmtdLifVZtLSeyf7SPtyGa3ndsiEqkL8GTEZIe/bl67fJ2fpZ6O+3UJ+4m5dHZ+r2+/p36H6vV8fftB/Bnxfa+NvjzaQ/Ci5+Jtv8AGjSLax0jU47zTo7bSlSw+y/Yr37TPHNHbxzh7pWgSb/j4kwvmABvKP2bv2U/hn8cfiRb6a19+0dotjrWnXeveF76T46eJroazY2l6tpNJLD9rHkNvkgdYyZA0cykkMGQYPxX/Z2+Gvw1/artfhmNV+Npklk0+NG1X9pDxJpGp6yLp9rSaVaTXPl36wDmYC4jddrBUcgBodNVFGL2ndeu6a8tU+zVn5lxm6TclvCz9NmvXp3PX/hX+wt8SPCHw1+OEOqeK/Et7feI0vLbS9HH9kNp/iR28O2Vit48r27XcTyXMUnDXMYBQErtJLfQn7IHwU1v4GfBfRNJ8QeK/EXibUU02zilj1aDTIzpjxwKjwRtY2sCugbPzSGRuPv+v54fs+eF/hB8cPi5deFhrHxtmnSHXZ47Tw5+0h4m17WrNdKuTbuL7T0uI5LVpiB5QDSbiwXjOa97/Zl/4J3/AAy/aR+CekeMl1v9pjw7/ar3Mbabe/G3xLJcWbQ3MsDJI0d+U3ZiOdrMBnAY9TtGpJx51tKMF8ocyT+d3f5JWWjycEmofyuf3y5W/wAlb8bvb7nor5V/4c+/DT/odf2iv/D0+Kf/AJOo/wCHPvw0/wCh1/aK/wDD0+Kf/k6oKPqqvhv9rPQ7vxP/AMFofgppthevpt9qHwh8b21veJ961kefS1WQe6kg/hXdf8Offhp/0Ov7RX/h6fFP/wAnV8jftEf8E7Phv8Ov+CtHwg0i78YfGyPw/N8NPFmtahez/FPxDLf2wtZtOP7q6N2Z4o9ruXjRwrlVLAlVxliFB0pKppGzv6dTSi5qpFw3urep6L47/Zl+Mnjn4BaN8OtK+EkWiweGPhnrPhG6F4miNaXF3NpE9sG029S8Nz/pV19nZhPDEuwMZCr8Vyfxd/4JtfGrxl4ebTo/DyXMfgbw5rfgLwcy6pZk/wBkyW8jWc+JJQFaTzbe2ZW5zpwZgFZSaepfBnwn4Y+FmoeNdZ0r4+WegzeDL/xpo1tD+0v4hl1iW3t7VrqKO9tGuU+zNPGp2tC90qsCHK4rn/i1dfBb4deEPCep2Un7S+qy+IvAl741vIZfj34mtV0NreMlbKd/tbfvGkiuoywGENq5IOQK6Kjl7SUp/Frfo7++2/Jpe0VuidraxMqaXLBQ2T06p/AreavyO/V63ep+kH7Pn7MH/ClfGnirxTqXijVPFvijxjFZW1/eXNlaWMSQWglEEccNtFGuR58pLvuc7gN21VUerV+dP7J37Hnw0/aS8VeMNBuPEnxng1PwctlJcXfhv9o3xN4h0i4W6WVkRLpbmEidPJYvE0YKh4mBIcV7Z/w59+Gn/Q6/tFf+Hp8U/wDydSlfqKNuh9VUV8rn/gkF8NWhVP8AhNP2iMKxYH/hc/ijPOOp+3ZPTp259TTf+HPvw0/6HX9or/w9Pin/AOTqkooft/fs+eM/ij4/1STw/wCErjxTD4t8Cy+EbG9iubSJfCl+19HOL2Xz5UcR4CSFoFkfdZoNuSleQ+Jv2Ovibc+J/Drx/Du+ul+HPiDVdY1W5F9pwHj6C68WWOrxRW+bgMzi3t5HYXQhUSqqAkEsOk+P/wCwV8L/AIDa54HsX1P9qXWv+E18QWuhfarX4zeJ1tdK86RYxNPI1+APmdQqKC7knACq7L5Z8SPgP4J+FfxP/wCEV1bTP2k4dT1xmj8LQf8ADQniRp9Rb+1LbTInvUF2RYwzS3SyxvumLRRykqrp5RVHenybxlJR/wAV+drza5tF1vZ3to6uvM59VFv0tyX8l7tm+lr6Xu+yt/2OfiZG2uA/Dy8/4uK8baSwvtPx8Pdviy+1cm4/f/Kfs91byf6J537212Z4QmP9m/4ba/4w8J+Ktf0Xw9J4zt/AP7T3jLXtR8ORTW8U2qRCe+t0aH7Q8cDTQTTxTqskiAmHhg4WszQ/2cPhdqZ+HVtN/wANUxaj418VX/hDUTF8bfE0lj4evbJruObzLg3y+aGktHEYRdzqwdlQAivLf2Y/2OPA/hrwb47trfUPjnrnizxB8dfFfg7w7plj8Y/EOiW10be5uJTPdzRXJxst7aWSW4Mcs0hUcSOwp7U4qOylo/O6f6rX53vqJ/xKjlvJNy9LOL9PhenS21j1rxd+yj8dfHXjjSPiJD4Chh17wX4n1bxfoMEw0nSNR1GY2ukqkV2La6lgEt4Le+tvMEhxE6GXYSRWh+z9/wAE4fix4R+OUd9c6nN4SgvrjxHqWsa/bRabqRvrrU7PwyZcQT+ZgS3dnqJBMeVEAzhXTdwjfCT4a+GPiJ8OPDPiZ/2gLO68c+I7zw3dahpH7RniLVtM02SGO3ME6TLdo8sU013BABJHDIjucpgAnjd3ws8QeL7rStEu/jDZRQazr+nQ6j4t/ad8S6BY3tvpaaY4uYpPNmBNwupxtGhx8kZYtzgQuSMk/wC61bpblgpfPl5Lr003K95+t7/jK3yT57er7o/VX4GfB/Sv2ffg34X8D6G93LpHhPTINKs3unDzvFCgRS5UKu4gZO1QPQAYFdXXxN8AP+Cbnwq/aB+B/hLxxZ+Jv2l9MtPFuk22rQ2l38aPFHnW6zRq4RsX5BI3dQcHqODXX/8ADn34af8AQ6/tFf8Ah6fFP/ydW9XnVSXtN76+plT5eRcux9VUV8s3n/BIf4bX13LM/jT9oZWlcuwj+MvieNASc8Kt8Ao9gAB2qP8A4c+/DT/odf2iv/D0+Kf/AJOrMs4WL4R+Ltf+MfirxHq/7OutWmn+HZLyz8JabZ3nhwwTw3GrW13davve7lM2oyTQR3kMU8McUZg2s/mOTXF+Ef2Q/iz4D0rwddaX4V8bxeL9P+0QaTqUuq6FLY2UE3iG4vZDrVsek0lrKskrWDOhclY0iaOMnG1r9k3QtL+Ll34Mi8OftL3OtXtpc32gW6/tDeIhLc20GoQWLXN+v2sixgcz+dGwM7PDFL8gkXyjy2jeAfhdrekw38KftIyWGjxpP4suov2gPErw6TBJrFxpMc9m32r/AE6JprS4lDfuv3CBhl2EZMPoqbh02/FO/brzbdtrIK+qqc2ibV/wsvPpbe++92Yv7bH7L/j74V/sh/GnUNX0q40Pwb4V8GahoOn/AGmCyWfVmu/EdpeRytNb3MrXW1UkbzZYrZv9JA8ouZWr9dK/Fb9uf4H/AA+8S/sTfE26spfjzYJdeG5vEHhO51b4y+INZtNcsrXVreyme5s5rkxxtulhkWNvNBSZGJV1ZF+//wDhz78NP+h1/aK/8PT4p/8Ak6iOlKEVsk7f+BSbv5810Etas2921f7la3lax9VUV8q/8Offhp/0Ov7RX/h6fFP/AMnUf8Offhp/0Ov7RX/h6fFP/wAnUAfVVFfKv/Dn34af9Dr+0V/4enxT/wDJ1H/Dn34af9Dr+0V/4enxT/8AJ1AH1VRXyr/w59+Gn/Q6/tFf+Hp8U/8AydR/w59+Gn/Q6/tFf+Hp8U//ACdQB9VUV8q/8Offhp/0Ov7RX/h6fFP/AMnUf8Offhp/0Ov7RX/h6fFP/wAnUAfVVFfKv/Dn34af9Dr+0V/4enxT/wDJ1H/Dn34af9Dr+0V/4enxT/8AJ1AH1VRXyr/w59+Gn/Q6/tFf+Hp8U/8AydR/w59+Gn/Q6/tFf+Hp8U//ACdQB9VUV8q/8Offhp/0Ov7RX/h6fFP/AMnUf8Offhp/0Ov7RX/h6fFP/wAnUAfVVFfKv/Dn34af9Dr+0V/4enxT/wDJ1H/Dn34af9Dr+0V/4enxT/8AJ1AH1VRXyr/w59+Gn/Q6/tFf+Hp8U/8AydR/w59+Gn/Q6/tFf+Hp8U//ACdQB9VV8X/8EVf+RM/aS/7OK8ff+nVq6b/hz78NP+h1/aK/8PT4p/8Ak6vlL/gk7/wTM8B/FHwp8epdQ8VfG60bRPjn4z0WAaZ8U/EOnrLDb6iUSSYQ3aiadhy8z7pJDy7MeaAP1Xor5V/4c+/DT/odf2iv/D0+Kf8A5Oo/4c+/DT/odf2iv/D0+Kf/AJOoA+qqK+Vf+HPvw0/6HX9or/w9Pin/AOTqP+HPvw0/6HX9or/w9Pin/wCTqAPqqvlT/gtx/wAovfin/wBctO/9OdpS/wDDn34af9Dr+0V/4enxT/8AJ1fPH/BVn/gmh4E+Cf7A/jvxVpXir42X+oaKdOngt9a+KXiDV7CVv7StVxLa3N3JDMuCflkRhnBxxQB+mNFFFAH5Y/8ABKb/AILYfsyfAL/gm58E/BXi34mf2T4m8L+EbHTdTsv+Ed1Wf7NcRxBXTzIrVo2wR1ViD2NfQP8AxEG/shf9Fc/8tbWv/kOiigD578c/t+/sT/EzxJeanr/7S3xC1aeNLkaAbnQb938KtNf22oF7WQ6X5khS5s7YxrdNMiLCqBduQadr+2D/AME7dd1K5vfHXxMf4pXl7aX0MzeLPBV5eRCe9uDPd3ccS6YiRTyYhj3RgBY7aFVC4YsUVPKkuXya+T3+/r30vsh8z/G/zW33dPn3ZxHw3/af/Y0tfBnibw14z/ac8b+IvD93eX/9i2jaFfsbOO50pNMN5JJ/ZCyNemAzg5Z4MylhHuOR6pcf8FKf2Orj4+eJ/iB/w1N8So73xTp39kTWEfhqdYNOs/I8pYLOcaN9ttUD/v8A91cqTMA7FsAUUVTbla/RKPySt99uotFe3Vt/e76dlfWx1vwB/wCCvn7HfwP1DxNqkv7QHiPxh4g8VTW82qatrXhbUFnmW3hW3hTZbabDEAqDk7NzFiSTwB6N/wARBv7IX/RXP/LW1r/5Dooptt6sSSSsg/4iDf2Qv+iuf+WtrX/yHR/xEG/shf8ARXP/AC1ta/8AkOiikMP+Ig39kL/orn/lra1/8h0f8RBv7IX/AEVz/wAtbWv/AJDoooAP+Ig39kL/AKK5/wCWtrX/AMh1I3/BwH+yKlqkx+LX7uR2RW/4RfWuSoUkf8en+0PzoooAj/4iDf2Qv+iuf+WtrX/yHR/xEG/shf8ARXP/AC1ta/8AkOiigA/4iDf2Qv8Aorn/AJa2tf8AyHTpP+Dgn9kOJsN8W8HAP/Ira10IyP8Alz96KKAG/wDEQb+yF/0Vz/y1ta/+Q64r4hf8Fnv2NPiF480XxK3xw1nStY8PabqWmWM9j4Z1QeSL5YVklxJp7gyJ5CFM/KDncrDiiik0mrMabTujxTwh+2b+xh4F8CaXo+nftZfFEXmi3F1PZazL4SB1JPtcTxXvmSJoSi4e43h5JZ1kl8yKNg4wQ3r/AIU/4K8/sPeCPFXgjVNL+Ll9aj4f+GbjwnpNoPDesNbrZTGyJ35si7Ov2CEKdwGC+QSQQUVV3zc3X/gOP5Nr5vuybX09fxd3+KX3Ho19/wAHAH7I+m3s1vN8Wtk0DtHIv/CL6ydrA4IyLTHUVF/xEG/shf8ARXP/AC1ta/8AkOiikM+bLj9u39j2a1+JkaftgfGC3f4qyySavdQ+GQl9bhpVZY4LoaD56xRxBoI43kdEikcKA53h0P7cf7Ea2uk2sv7SnjabT7OxstI1CzTwa1nb63p1ldm7s7OaO20WJI4oZGkA+zrEzJK6szZBUooh7luXpb8NF9ybXowl711Lr+tn+aT9Unudn+z7/wAFN/2Kfgd8Rf7W0348eJNZMVpcaRoOnah4Z1H7N4etLq7F1Nb25j06N2VpVj+ad5GCwxqGGCWqfGL/AIKZ/sWfGvxhfXup/tG+OrfQNZu7G/1XwxB4evpNJ1GezaNoX/f6XJcW5/dRbvss8IbYCRuLElFC05bfZ2++/wCevm9dwerbfXf8vlppp00M74Rf8FEP2KfhL488P6yf2lPHniKz8IX+q6noOj6p4XuFstIuNRaZrhka30eG4k4uJlUTTSAB+QWCsPUPgv8A8Fsf2MPgX8PLXw1pPxjvrixtLi6uUkvPDOsPKWuLmW4cErYqMB5WA46AZyeSUUdEg3bfc6r/AIiDf2Qv+iuf+WtrX/yHR/xEG/shf9Fc/wDLW1r/AOQ6KKAD/iIN/ZC/6K5/5a2tf/IdfKXx2/4LGfsv+Pv+Csfwf8Xn4hx33gfSvh14p0PWLmTw7qu1JbufTjHCYjbCRg6RS8qpUY5IyMlFKUVJOM"
14:55:31.963 [Test worker] DEBUG org.apache.http.wire - http-outgoing-0 >> "ldMabTutyXVv2qf2EvFOl2+ma3+0j491rR9I0C+8NaHa3HhWZZdEsrqymsSiXSaMt1MYreeRI/tEsqjIZg7jdUvib9p7/gnp4pTxIsvxt8Xwr4nvNTurgR6FqRFut/CY5oIg2mtthDvNMqnOJLmUkkMFBRVXbbb3at6631769dxdvJ3XlpbT5dNj6X0L/gvZ+xn4Y08Wmm/E600+1UlhDbeENYiQE9TtWzAq5/xEG/shf9Fc/8tbWv/kOiikA9v+DgX9kVbdZT8W/kdigP/CL61yRgn/l0/wBofnTP+Ig39kL/AKK5/wCWtrX/AMh0UUAcr8Vv+C2P7GHxgstDg1L4x30CaBrdlr9ubXwzrCl57WUSxq+6xbKFh8wGCR0I614tH+3N+xgNZ8YahN+1X8TL698YazB4hee68J75tOvra6jubOSGYaGJjHbGMRxQSySQiNnUodxNFFCXLt3v8/d19fdjZ9LJrUbd9/T5K+np70vW7ud14W/4KmfsReGvB/hDSm+OOv38vhHxPP4wF/ceGtTFxqupTm7aeS4CacqbXe9mbbEkYHyBcKMHxb9mP/gpp+yprPgL4h23ij4w6z4M16H42eJ/G3hbWNJ0DUJLyyS5u5xDcIHsZoSstvPKjRTRt8srBkDYIKKHqred/np/kvuF1v5W+Tu3fvdyd+92bMn7T37AeoaNqkd98f8AxncatrMt/dXOq2/he50+dbq6gsoVuYo7bSI4IpIBp9q0RSMYdCz+YSTXYfDH9vT/AIJ+fCn4jWPiOx+K2o3j6ZDdQ2lhf+F9TuLOBZ7XSbU7VOnbsrHo1rtO7IMk2c7lCFFC92XPHe1vltYOlvNv5vc94H/BwZ+yCB/yVz/y1ta/+Q6X/iIN/ZC/6K5/5a2tf/IdFFAEt9/wcAfsj6bezW83xa2TQO0ci/8ACL6ydrA4IyLTHUVF/wARBv7IX/RXP/LW1r/5DoooA+Ytc/bY/Y512y+I1u/7YPxhhT4o3Zutaki8MILll85XW2S4OgGf7MkYNusLu6CGR1xli1a2oft8fsT6uujx3f7SfjWe2s9PstH1S3TwfJaw+IbCyvGu7O1njt9Gijijhd3QfZVhJjdlYtwQUUQ9y3L0t+Csvw0Cfv35uv6tP80n6pPoePftzftx/sjxfsYfFLTfA3xq8SeLNe1HQpNF8L6LqGgXsNtolrcapBez21u/9nwkqzxp81xI7BYI1DDB3fdH/EQb+yF/0Vz/AMtbWv8A5Dooo2io9F/nf8W233buD1k5Pd/8N+Qf8RBv7IX/AEVz/wAtbWv/AJDo/wCIg39kL/orn/lra1/8h0UUAH/EQb+yF/0Vz/y1ta/+Q6P+Ig39kL/orn/lra1/8h0UUAH/ABEG/shf9Fc/8tbWv/kOj/iIN/ZC/wCiuf8Alra1/wDIdFFAB/xEG/shf9Fc/wDLW1r/AOQ6P+Ig39kL/orn/lra1/8AIdFFAB/xEG/shf8ARXP/AC1ta/8AkOj/AIiDf2Qv+iuf+WtrX/yHRRQAf8RBv7IX/RXP/LW1r/5Do/4iDf2Qv+iuf+WtrX/yHRRQAf8AEQb+yF/0Vz/y1ta/+Q6P+Ig39kL/AKK5/wCWtrX/AMh0UUAH/EQb+yF/0Vz/AMtbWv8A5Do/4iDf2Qv+iuf+WtrX/wAh0UUAH/EQb+yF/wBFc/8ALW1r/wCQ6P8AiIN/ZC/6K5/5a2tf/IdFFAB/xEG/shf9Fc/8tbWv/kOvlr/glZ/wWh/Zp+CHhb46Q+KPiT/Zknib43eMfEmmr/wj2qzfadPu9RMlvN+7tm27052th1/iUGiigD6l/wCIg39kL/orn/lra1/8h0f8RBv7IX/RXP8Ay1ta/wDkOiigA/4iDf2Qv+iuf+WtrX/yHR/xEG/shf8ARXP/AC1ta/8AkOiigA/4iDf2Qv8Aorn/AJa2tf8AyHXgP/BUL/gsz+zZ+0x+wz428CeCfiR/bXirxK2nWum2P/CP6pbfaZP7RtW2+ZNbJGvCk5ZgOKKKAP1LooooA//Z"},"FeatureTypes":["TABLES","FORMS"]}"
14:55:33.606 [Test worker] DEBUG org.apache.http.wire - http-outgoing-0 << "HTTP/1.1 200 OK[\r][\n]"
14:55:33.606 [Test worker] DEBUG org.apache.http.wire - http-outgoing-0 << "x-amzn-RequestId: dade1e18-c01a-4295-ab75-cc2e80de4d63[\r][\n]"
14:55:33.606 [Test worker] DEBUG org.apache.http.wire - http-outgoing-0 << "Content-Type: application/x-amz-json-1.1[\r][\n]"
14:55:33.607 [Test worker] DEBUG org.apache.http.wire - http-outgoing-0 << "Content-Length: 597889[\r][\n]"
14:55:33.607 [Test worker] DEBUG org.apache.http.wire - http-outgoing-0 << "Date: Sat, 08 Apr 2023 05:55:33 GMT[\r][\n]"
14:55:33.607 [Test worker] DEBUG org.apache.http.wire - http-outgoing-0 << "Keep-Alive: timeout=65[\r][\n]"
14:55:33.607 [Test worker] DEBUG org.apache.http.wire - http-outgoing-0 << "Connection: keep-alive[\r][\n]"
14:55:33.607 [Test worker] DEBUG org.apache.http.wire - http-outgoing-0 << "[\r][\n]"
14:55:33.610 [Test worker] DEBUG org.apache.http.headers - http-outgoing-0 << HTTP/1.1 200 OK
14:55:33.610 [Test worker] DEBUG org.apache.http.headers - http-outgoing-0 << x-amzn-RequestId: dade1e18-c01a-4295-ab75-cc2e80de4d63
14:55:33.610 [Test worker] DEBUG org.apache.http.headers - http-outgoing-0 << Content-Type: application/x-amz-json-1.1
14:55:33.610 [Test worker] DEBUG org.apache.http.headers - http-outgoing-0 << Content-Length: 597889
14:55:33.610 [Test worker] DEBUG org.apache.http.headers - http-outgoing-0 << Date: Sat, 08 Apr 2023 05:55:33 GMT
14:55:33.610 [Test worker] DEBUG org.apache.http.headers - http-outgoing-0 << Keep-Alive: timeout=65
14:55:33.610 [Test worker] DEBUG org.apache.http.headers - http-outgoing-0 << Connection: keep-alive
14:55:33.620 [Test worker] DEBUG org.apache.http.impl.execchain.MainClientExec - Connection can be kept alive for 60000 MILLISECONDS
14:55:33.630 [Test worker] DEBUG software.amazon.awssdk.request - Received successful response: 200
14:55:33.633 [Test worker] DEBUG software.amazon.awssdk.requestId - x-amzn-RequestId : dade1e18-c01a-4295-ab75-cc2e80de4d63
14:55:33.754 [Test worker] DEBUG org.apache.http.wire - http-outgoing-0 << "{"AnalyzeDocumentModelVersion":"1.0","Blocks":[{"BlockType":"PAGE","Geometry":{"BoundingBox":{"Height":1.0,"Left":4.4335570419207215E-4,"Top":0.0,"Width":0.9995566606521606},"Polygon":[{"X":7.273998344317079E-4,"Y":0.0},{"X":1.0,"Y":0.0},{"X":1.0,"Y":1.0},{"X":4.4335570419207215E-4,"Y":1.0}]},"Id":"c8dfe564-3a62-4648-ba98-2f1629b70b16","Relationships":[{"Ids":["56d1014e-25fe-4a28-85d5-1898b8f7ec9c","aebb3683-ca1d-4f2f-bc39-0c4d59bd28fd","4d01cf40-d94d-4548-8ab1-3b96ed480fc5","2f1c3ef4-bdca-40f4-8594-d6a38c4a3eef","6ab036fd-e800-4ee6-804c-b1e26e00a7b4","85a4d25f-5c14-4948-8fe6-ce54e0ee8d29","2aafa731-7732-4b73-acaa-61634736bb8a","c334eaac-b49a-4b84-83f7-fe365c373fd3","75b1c0aa-4f26-459d-ade3-ae9f0ae53f77","3450b9a6-6a95-4ba5-9814-fb2b4c7ca7c2","c3ff5909-27db-4ad0-aeb1-ac8cde1cafc6","ffceebdb-d3c9-4462-a89f-ea517919d34c","7f06ccbc-018c-496b-a3b6-d98741934640","cf83f3fa-b37f-4f0e-bdcf-ff5d1e04cdef","dfd2f504-dcfb-47d9-a763-ef9a471db07e","711fcdab-251b-4b84-a7d6-c4f018514ec4","62881cec-7e06-4037-8f6d-28119aa532e8","43a55b10-d42d-47ef-952e-713d5d8963a8","bc97816d-108d-4f5e-8d63-e8cbb0130b2f","d8d2f5dd-95cf-4199-b31d-4bcc092c6680","e10c1dfd-b444-49c4-baae-9f541722f090","b2719433-87da-4601-8adc-2a0c279f9909","291c969f-52b5-4c87-aee9-484503a9ac4e","760e6fee-2865-4fae-8416-65f30d928b9d","c63ee6af-2313-484a-8bf4-14c5f17c6034","c4b80c1d-434c-40c7-b321-7510ab7840ce","8435d836-47b2-4cec-b90c-4e3cbf54359e","9dfc4804-902f-40c5-b1d0-cedea41d7529","3ad5b368-7ce4-4f0e-89fb-779089d3f176","5b37762b-2544-4598-87b0-0f16f0d1fa58","d9d11d87-ec7d-4165-8ae9-74a7e4764673","93f38bf3-caff-4986-ad52-8f4b11f6b35a","1b386b67-ce44-4867-ab83-e8088e6c7d07","63508f11-8c46-4b64-971a-cd6d9cef17be","f9515e85-f30c-472a-9da9-cb63151f4d6a","dc2da4d0-2a5e-4b98-ac28-012e5e421997","6461930a-2dfa-4c21-9682-b4015f80306d","469042c3-6a4f-46b6-aa2a-3a62eeeac07e","78ba00da-d8d5-4bed-8bfc-2bf94696e958","ed0ad68b-ef23-456f-9185-fb4f6f361155","930c3dbf-a790-4ff4-846d-6648e75415b0","abf2e793-fa37-4762-ba90-3cb91a0121a0","67f8f294-40ff-448f-a0c1-0f0a641df66c","bafa91ac-2e0a-46bc-9562-96c2d23a7ef5","e34741df-b9f6-44d2-aee5-72d2f4025d57","382eeaf6-d1a1-4ec1-917c-7a1c777222d6","06a11cbb-3698-4d18-af48-a5fd2e2b16b9","2e1b84a9-058d-480c-9097-58e8d3c4969b","a71e6083-bad5-4f6b-927d-6bf5213d5e8d","1330dca7-cdcc-4cb2-ab7c-20f23cc40600","df1f69bb-7a56-412a-9e4b-7e31324c4047","0b0f1bb7-cef1-4a64-9c3d-9643ec233749","519845e2-613d-4b83-9329-f775b4ead3d5","e6689978-7242-49f0-9324-c2d7aeac5074","c23c7f68-1f75-473c-9d0e-5cb093b79e60","c56d0c09-0f3e-4565-988c-ea6f9e26c521","12a29468-a2d1-4960-a13d-5150017cdc65","f56792c0-528f-4a72-8a1a-2ca5054c5ae8","d2f496b0-8dc1-4e15-b96c-c304afa6fd29","290ec1a9-fe2e-4bcf-8699-8780a0429c0c","b594a2bf-a2b5-46e7-b6bd-f8680056f4ed","7d4a057e-96a3-45fd-8f02-4c8475b62013","87f86268-38eb-469a-ab0a-3898ad623781","7803f7c9-5561-413b-a91f-45c8b94fd8a4","d0c0ffaa-d7ef-46db-a94f-99c96617f11e","36072dcd-bb13-4b31-b46a-b1386ae6474d","b9bbcf72-f4e8-4df5-98d7-174f0bdbe0d8","69fe8683-9d12-486c-be4d-a567cbe05141","9c21faff-9e36-424c-84fb-dbd79d7814d1","fb7c4f09-1095-4079-a0a9-857a14e00ae3","32a2f639-0caf-4a26-ade5-57ff920c58a5","b7dfcf74-7ecb-4366-93f7-e24d92b51a79","6175ae59-c789-42fd-a4bb-c6ec0e59b50a","5084aa94-7fee-4172-8ca1-ee5ae013c8b7","c24f5fc8-d73b-4aea-b03c-4e068d4691be","9128ed40-1e8f-46da-93db-15dd0da9dd99","2dc48be2-bec1-4560-b483-bfcca690804f","2bffe421-7d44-406c-b588-06e00448b1fe","4cbaca13-01d9-4722-afbe-a0cd6447e195","64ab0d46-9aa2-4526-8582-b0cc42616e9d","c55f1397-acb1-4aa7-8ee3-8c023bca0592","e3f9f592-54b1-404c-a479-3831eb0a6bac","63b49902-640d-426d-bba8-f741dc4c86d4","2f1ad1c9-a638-4540-978f-1be4c9b99287","5d9eb36e-429e-4b93-a055-c96dc64bef2d","b0f7e222-22cf-4738-80fc-ec3147aa70f4","90561de2-4c74-4e75-ba96-48f4ac32c324","6cb004ae-429d-4821-9b55-be0e2fabb84a","429c228f-bbe5-4bee-a379-83fe01536825","eb701475-1e1b-4347-a881-5885ca36f90a","2eb474ea-24b7-4758-8cd6-84df8c486c87","703fe425-b391-4231-b9f8-8770085fb16b","758a2222-11be-45c6-a652-f73a15358931","27e979a9-3eb3-47de-8ee7-b6f0b21b0987","f2650dcb-bff5-4cdc-8188-84c465b68eb9","d9125dc6-d185-4bd1-96d4-7e5e9c9949e4","6c3f0a3a-151d-4611-b80b-c0cc4cd87fb6","446ff25c-c78c-494c-afee-5589b9356c98","354524d1-90e2-4cdf-8b23-eb2abaee1acf","7c9b42b8-7a7a-4cb0-9055-62b389cc7e83","3dd485a2-61b6-4b2a-ba49-1792f79428d3","0d6d1f2b-ceb9-4934-b474-7ff98a5ecc39","062cb0cf-0617-4eb7-be9a-b8d28bd57493","57a0dadd-a3fb-4e63-89c2-ee44d427dbeb","e7285f27-0b7e-455e-831b-d2ea9b87db74","f6173dc1-ea62-4894-b40f-86e4989f60e8","c46ec3ce-9617-4fab-abca-9f04415957b6","bf647f7e-c97f-41ea-aebd-f27cccc9e075","ce0eb363-f56a-4be6-99d3-859827508f9f","a3f58fc7-9ef8-4563-90bd-45824a5b554e","8a9a95aa-8694-407a-94e8-ffd5b334075f","20dbd04a-f190-48fe-af4c-0f242a6b3db2","87683997-3586-4cda-9902-eb563755adb3","73dc4db5-3141-4844-a7b2-f91ee3e30c5a","59fd891c-86d4-42d8-bc9c-698eaa0b7969","bea93b01-1c16-4536-96da-f2b3407e95e3","611e0999-1815-4d47-aa0f-80cbcb15129c","a1ade6a4-6551-43ee-b8cc-c64e3a6fce71","a3284203-72df-4e56-89eb-caacc5a3f8a9","fb7222a7-c019-4b2b-8b70-c04a3b745f64","99707754-26ae-4b1f-982e-5d1d27859001","c02a1409-e9d7-4cfa-91ed-0b696bb1b4fd","90c1cfdc-66a4-4be1-b7ff-12d741d12137","cb288132-4726-4789-be01-83b0d4c0bc4b","635b9059-4b39-4ec1-92c7-c8dcb141b776","7094bd76-dd1a-4cfc-be75-0a409016f255","b6533ca7-85a4-406f-94f0-56ca53e004b6","5358d471-f85f-4991-9326-e304031d79de","70df4bbd-0f19-4a72-95c5-26cc60ca6268","5ebcced7-a161-4b53-8075-893f99471151","295bed7c-2e3e-41b2-8e60-a8aaedcea978","358fcadc-e7d4-4fba-9ec3-7d97cb68401a","c14b78f7-5eb8-478f-bade-102c54ce084b","e02612d2-b419-422c-bd13-b93c5e046cd5","59183a0b-e365-408b-881e-ce44bb17ed64","a28bd450-1a62-46f2-ace4-1f6235be996e","ed23b193-f847-4a5c-9a05-af0408e5af93","c111e8fa-af8b-492d-b591-40f80b48541a","1210a7be-0f4e-4e44-a9f8-490407dc9897","afa9fca3-843d-4a92-84bd-a34e55089c40","f9d610d3-875d-4305-a8a0-b92d137eb357","01cd740f-c26f-4500-a3ec-3dd1ddf98aae","b23bbada-a7e7-4bf9-a19d-ef4bce7fe59a","26b3b418-d294-4730-ac09-11fd92c69c72","711c044c-3328-4a83-9815-f90dadd502ee","00033c2d-1db1-4b07-a3c3-3b1e5df9a42d","206afc74-a7ce-49b1-bbfd-cf89326f450e","901a6c70-5be0-40a3-aa96-4f25cff2be3b","31d3d7cb-5a8d-480e-8a65-76e02d451682","40b16afa-bf54-4647-b444-d3642224d309","f83d73b9-6cbc-4589-81b6-0485d3111096","b8c12279-8fa3-4d94-a866-8ae9a77ad7e3","40be8f49-ff92-4232-a186-75c7da75d20a","d4d346f9-df6a-437f-b758-e9f0c9f5b7b8","2b5b6f60-39c9-4b31-af54-7407e8f665e3","1e67d237-f7aa-4317-b374-23f571efb03d","a8642573-b473-49ef-a03c-1c63d6ce8a87","0bd7c7f4-0ec0-443e-8b5a-e2f5b1b5b6ff","9adf29d1-f86b-41b9-918e-329f951c2a03","8c2d62fe-bb23-4f65-958b-5d881b768f28","ec2fc7d5-3eb7-495b-8587-179cbdaa6394","5b79e80d-ed16-4157-82f9-7b2fe9b7fc75","c3e7cf4d-23cb-4ec8-8c12-c719ce21a4a0","7b8694d4-dc63-44e0-a99d-3c54a1af9ea3","c871d964-4a0e-4d38-b19a-9a1f4b07547b","0e5ce141-56e9-44bb-95df-33842fab3e1e","a125bbce-9fd8-4285-8a8d-48488d8c4098","54543973-2852-4c1e-a526-a065c81270ec","a345226a-43cc-4e4b-8f75-6f98e5b6cae1","316c6745-1d25-4d70-b659-0a84696f6e92","e5f3bd63-cc8d-419f-bc21-a3012a9c2698","21871181-dd35-48f2-b25c-8bffc5fb6d5f","17062123-1121-4911-a912-25c1a86b2d6b","c15db0c3-05ec-4e17-acc2-5e56c73ea866","ae0006f2-fc6d-4512-81f3-3128a958c398","c059f15a-1787-4dff-a7bd-ff33e85c4141","686aa01e-0141-4e0c-907c-e68c6ec37e78","78b5ccca-4f99-4cc3-a5f4-111139c5a976","c3ebe806-e203-4a97-ac54-39d506c1f869","898c1bfc-9fff-492a-b3ae-94081c9e6e37","df991ae1-04e3-45fd-825a-2199420466b0","125cecac-f77d-408d-ac8b-46e666774e7e","3465493b-3f74-488f-a825-1b4bdb77b17c","f5326bc2-3df4-427d-b1ed-3fa8209133e0","25791bfd-df3c-42bd-bed4-f1edfde88867","722ef578-7dc7-4951-96a9-b962729d51d4","3423513f-87fc-4d40-88e9-2f8e74a903e4","b6949210-0013-4e3f-9daa-a1b71d285570","a8d6a5ea-4575-4674-9b47-485d3dd7891c","43e692c6-6d77-4deb-942a-044bb0e1c527","04f3f109-132f-43e3-9d25-10e12519980f","69f8ad4a-bcf6-4265-88af-d003b17b97e8","5db1027b-c0d9-4bb6-b3dc-b2483e716cc8","44c2e709-5bd6-47eb-bb03-e822c69d9b72","71b13f5d-093a-4f25-91ff-e2848433ae06","9f4271e6-2383-4407-bce6-a21a987"
14:55:33.767 [Test worker] DEBUG org.apache.http.wire - http-outgoing-0 << "8d999","8ee74269-153d-4c81-a3ef-bdada52863a7","e2d3a562-9f2c-4873-a1f9-763c37e3f34a","3c68b0c3-72d6-42b2-babb-07973d1e5062","96a5ac1f-cf4c-492c-bc05-77b1eae0bb37","7774b204-26ad-45d1-a616-996b9b405d19","ca08e413-7f67-45c8-8242-77f7df01c433","1a5b7488-3119-400a-878a-de846e1ae889","b2bf802e-9361-47bd-9233-ef682ce22a0f","f3a1cba9-c701-4587-ae26-8f0e9202944a","e4bea040-ada0-4316-9666-7e4a8078327d","4e3b57ef-44b9-41a6-ad22-e6e89416d7c6","74406ba5-49a2-46e9-bdd5-e7c015da6cb9","c6306d7f-6a99-49ff-916a-5c3da4d71433","53da8bf6-8d6c-4f9d-9347-6f51586e81b2","9281b338-0175-4ead-91a3-afc62193748b","0543d3a4-c123-4fa4-afa7-9db879fc6fe1","60810df1-6428-4299-8faa-a4c22d43f142","43616b6b-d6e1-4351-afe7-a738b82248ad","4229c397-f642-4340-abd7-f0f406c0e4a9","008228fc-6432-463e-87c8-3032e0547306","681eb233-9993-4d90-b206-4bfb501ba4b5","a7c67d17-d976-48f0-ac68-f9ba53e53c4e","31fd4626-dfb6-4645-b29b-f8fb0f4269b2","0a4fb6a2-7ce7-49b7-a023-665b2b479652","cdd4a53e-a8be-47f0-a002-00456e8d3c62","fad2dd73-aa65-4fdd-9154-3bcb0aa50e51","44fdcd2a-4e1d-49d9-b90a-425f2fece7a6","4528c931-b038-4a45-8801-888c2e8cd44f","baed1a5a-e45b-488b-9808-a65ab3a288f6","947522ea-be70-48fd-ab15-543b5004e45e","ecf7cccc-03bd-4673-9f29-76a522b5ea9f","4e0a7d0f-6bfc-40bf-89e7-6b583df11afd","8ced82d4-1cc1-40c7-af83-2d49ece9847d","cde9c632-f982-4480-8320-5690180d27f0","a4bed243-e886-43a6-bab0-bfac981fe125","3dca7439-8f87-45c5-8709-4bbc8ca64e91","2315e8e3-99b3-4e79-abed-45f5e569712d","0858ac34-0070-409e-8ada-606b89e4c7e0","2f6f7a61-838f-4b97-8abd-7f36081dba3b","7b6bb233-d109-49ae-8dbe-6e85dbfe9f6e","ef4c1402-4379-4971-aacb-d746dcb5cf02","1b2a2049-06eb-4f48-9a77-747f83be9fc5","c9069a5d-6739-46ed-9c89-cc0e8c00222f","19b90445-a4da-4328-9138-56f736e3377c","b43b8baf-1e03-4b36-abb1-c4aff655c378","cc0247db-7642-4eb3-b8a5-424f7cf32fe9","0f7ae8c0-798b-4dd4-a5ba-6d345cee495f","dd777e92-89f5-4fa1-82ad-0ad0804a9ac6","c906a6bf-8fe9-47db-83de-5e01f61aaf70","c9543e7f-b21c-45d6-a75e-6001c2be06cf","c23c18c8-3663-4982-b401-fe65e87d8d3f","1148616b-9abf-41eb-9822-3eae721b1ca8","4b85ad6c-1ed8-489a-8748-0f0ab72c2d6c","34d545b7-cf3c-4233-bcd5-8430913b5c94","c947fc43-65fc-45d5-8b04-1da779c2d026","4f408b0b-6ba0-4eee-8925-cf038c57e0c6","b1ac3870-518d-4c15-af4c-3d276b47eba9","a3619eb0-13fa-44e1-9e2d-ae8990954f48","65a05597-beba-4bf9-aa3f-d2b9a2fa5152","2dfd7859-1e62-4605-a1de-072c2e255908","55fdad0a-c3aa-4336-8e4a-1f01926adfa9","8b099c35-8245-4821-b6d6-b22f97ee8c3f","b3ff8ad6-6c45-4d5b-a0a0-3074624b3f0f","bf087cf9-c852-4192-a6f2-8f2158a591b3","933c4ff0-1ef9-4e74-a0bb-d562f0ac590d","10a25bdb-e6f6-46c9-873a-771750cd6e35","4fd079aa-c06e-433b-bb3b-29c5d0c7e659","fdfd1297-f520-4a1b-b4c6-62b206a8a44a","47de0d6e-b2a1-407b-a40b-683edb77db24","3be7883c-e9cf-4d13-a3f4-6eed6abdc43b","ca1cb66a-4d59-4c7c-845f-417e804d985a","005dff8f-45bc-4858-bee0-689ef31f298e","071e0db5-ecfd-4468-9d47-e25ef8bfc577","dd491cf2-ba19-4e3e-affc-5e70f5308f73","db59ace5-f3f2-4533-92ff-2e2c47c085c2","c1514b92-7690-41e4-ba9b-c730127f1a31","408ec9ee-def2-4ae4-914d-1a45a450ed31","44cc073c-e19a-4db2-9765-d5951fc20534","edc1b88d-a2b6-4f3f-9726-194933ba08a8","9f478628-00eb-47bb-86e3-0819d02af3f1","85ee8add-07c4-485c-812b-9fd597db4fc4","6bff1052-cba6-4942-896e-f8d175f5f4c0","1e63111d-6e0b-47bf-8bd0-f56a7ef36675","1d80bc16-dd9c-452d-84e8-76a688fe1195","137807bf-445e-4fad-861e-27f2c4f2abaf","98a2e4c0-9646-468c-8803-db2cf48e4703","ab713c1d-97e6-44bb-b362-fda9a6c93395","a5a4cd7e-8ced-4d13-8872-306b3e6f0857","a4c20da2-6dd1-4e49-b81c-dbb86d494317","1068a3f5-e1b2-4f18-bc5e-fe67086b5ff5","5adadb96-6ed8-4dd3-85f6-4715bc13a4c0","425d139b-7d9d-4dd5-96db-91e22ebf98e6","e899b23d-c248-4eff-8070-e69ba501d692","227221b4-c8eb-4f5f-b622-96d11d328fc1","b4d1111a-5847-43c1-aeed-01e79efb565c","7eae5fb5-82af-4133-9259-746ee2b484f7","a5550f0e-8ea6-4581-910f-d7a5778a1805","e44179ce-3cde-4f71-b81c-373b3b655daa","46997bf9-941f-4566-810b-55b560b8a785","15b831fb-6e84-46b0-9dc6-14575c3b06e0","02d0526f-e39b-403c-964f-dd5aab55dd6c","236a7ebc-1080-4cf2-91e3-5d6e22d2fe8f"],"Type":"CHILD"}]},{"BlockType":"LINE","Confidence":99.8806381225586,"Geometry":{"BoundingBox":{"Height":0.01589725911617279,"Left":0.004143640398979187,"Top":0.0059643881395459175,"Width":0.03240383043885231},"Polygon":[{"X":0.004148121923208237,"Y":0.0059665292501449585},{"X":0.0365474708378315,"Y":0.0059643881395459175},{"X":0.03654322400689125,"Y":0.021859634667634964},{"X":0.004143640398979187,"Y":0.021861646324396133}]},"Id":"56d1014e-25fe-4a28-85d5-1898b8f7ec9c","Relationships":[{"Ids":["fa116d6d-3f12-42a6-b5b9-ea9882b13b11"],"Type":"CHILD"}],"Text":"Date"},{"BlockType":"LINE","Confidence":99.49883270263672,"Geometry":{"BoundingBox":{"Height":0.019548600539565086,"Left":0.08700845390558243,"Top":0.0053634257055819035,"Width":0.050217658281326294},"Polygon":[{"X":0.08701322227716446,"Y":0.005366750992834568},{"X":0.13722611963748932,"Y":0.0053634257055819035},{"X":0.1372217983007431,"Y":0.024908946827054024},{"X":0.08700845390558243,"Y":0.024912025779485703}]},"Id":"aebb3683-ca1d-4f2f-bc39-0c4d59bd28fd","Relationships":[{"Ids":["3977b438-a92e-46a9-a981-2848d46e17db"],"Type":"CHILD"}],"Text":"Pairing"},{"BlockType":"LINE","Confidence":99.92001342773438,"Geometry":{"BoundingBox":{"Height":0.01586826890707016,"Left":0.17003317177295685,"Top":0.005608819890767336,"Width":0.022189147770404816},"Polygon":[{"X":0.1700364500284195,"Y":0.00561028765514493},{"X":0.19222232699394226,"Y":0.005608819890767336},{"X":0.19221921265125275,"Y":0.02147570811212063},{"X":0.17003317177295685,"Y":0.02147708833217621}]},"Id":"4d01cf40-d94d-4548-8ab1-3b96ed480fc5","Relationships":[{"Ids":["bc2bcf23-7ef9-49a4-b869-73f7211fc84b"],"Type":"CHILD"}],"Text":"DC"},{"BlockType":"LINE","Confidence":75.0021743774414,"Geometry":{"BoundingBox":{"Height":0.019658099859952927,"Left":0.21752974390983582,"Top":0.00517721101641655,"Width":0.043354928493499756},"Polygon":[{"X":0.21753336489200592,"Y":0.0051800841465592384},{"X":0.26088467240333557,"Y":0.00517721101641655},{"X":0.2608814239501953,"Y":0.024832651019096375},{"X":0.21752974390983582,"Y":0.024835310876369476}]},"Id":"2f1c3ef4-bdca-40f4-8594-d6a38c4a3eef","Relationships":[{"Ids":["dfbb84d2-4292-490b-9d6c-7261f5a1d7a5","e7160ce9-6862-4d6c-8f75-d6b497037e38"],"Type":"CHILD"}],"Text":"C/1 (L)"},{"BlockType":"LINE","Confidence":98.92125701904297,"Geometry":{"BoundingBox":{"Height":0.019564500078558922,"Left":0.27800604701042175,"Top":0.005276680923998356,"Width":0.1150379553437233},"Polygon":[{"X":0.2780091166496277,"Y":0.005284301936626434},{"X":0.39304402470588684,"Y":0.005276680923998356},{"X":0.3930419683456421,"Y":0.024834126234054565},{"X":0.27800604701042175,"Y":0.024841181933879852}]},"Id":"6ab036fd-e800-4ee6-804c-b1e26e00a7b4","Relationships":[{"Ids":["35b8f70a-980d-4028-bfbe-688139ad8c21","86c61c56-0cac-485b-9299-caec36649187","4e5fb554-27f3-4f9b-b38d-11202aeb388c"],"Type":"CHILD"}],"Text":"C/O (L) Activity"},{"BlockType":"LINE","Confidence":99.97834014892578,"Geometry":{"BoundingBox":{"Height":0.017144544050097466,"Left":0.4218108355998993,"Top":0.004926316440105438,"Width":0.037897124886512756},"Polygon":[{"X":0.42181238532066345,"Y":0.004928830079734325},{"X":0.45970794558525085,"Y":0.004926316440105438},{"X":0.45970669388771057,"Y":0.022068509832024574},{"X":0.4218108355998993,"Y":0.022070860490202904}]},"Id":"85a4d25f-5c14-4948-8fe6-ce54e0ee8d29","Relationships":[{"Ids":["c93b535c-6b5d-457d-9d09-307bf7ab156a"],"Type":"CHILD"}],"Text":"From"},{"BlockType":"LINE","Confidence":99.05745697021484,"Geometry":{"BoundingBox":{"Height":0.0189608596265316,"Left":0.4818360209465027,"Top":0.0053724306635558605,"Width":0.054758600890636444},"Polygon":[{"X":0.4818372428417206,"Y":0.005376056768000126},{"X":0.5365946292877197,"Y":0.0053724306635558605},{"X":0.5365939140319824,"Y":0.02432992495596409},{"X":0.4818360209465027,"Y":0.02433329075574875}]},"Id":"2aafa731-7732-4b73-acaa-61634736bb8a","Relationships":[{"Ids":["abcc3996-ed2c-4412-a7e3-85f5847b2551","6b7f2892-5b46-4ffa-9bcc-0e0ed908c004"],"Type":"CHILD"}],"Text":"
14:55:33.773 [Test worker] DEBUG org.apache.http.wire - http-outgoing-0 << ""STD (B)"},{"BlockType":"LINE","Confidence":99.80472564697266,"Geometry":{"BoundingBox":{"Height":0.015982890501618385,"Left":0.5422936081886292,"Top":0.005477529019117355,"Width":0.019193144515156746},"Polygon":[{"X":0.5422942042350769,"Y":0.005478799808770418},{"X":0.5614867210388184,"Y":0.005477529019117355},{"X":0.5614863038063049,"Y":0.021459225565195084},{"X":0.54229360818862"
14:55:33.774 [Test worker] DEBUG org.apache.http.wire - http-outgoing-0 << "92,"Y":0.02146041952073574}]},"Id":"c334eaac-b49a-4b84-83f7-fe365c373fd3","Relationships":[{"Ids":["c335ff36-c4a5-49ff-977d-d8055413bcb4"],"Type":"CHILD"}],"Text":"To"},{"BlockType":"LINE","Confidence":98.57950592041016,"Geometry":{"BoundingBox":{"Height":0.019385868683457375,"Left":0.6027458310127258,"Top":0.00516265444457531,"Width":0.05473484471440315},"Polygon":[{"X":0.6027459502220154,"Y":0.00516628148034215},{"X":0.6574802994728088,"Y":0.00516265444457531},{"X":0.6574806571006775,"Y":0.02454516291618347},{"X":0.6027458310127258,"Y":0.024548523128032684}]},"Id":"75b1c0aa-4f26-459d-ade3-ae9f0ae53f77","Relationships":[{"Ids":["c56a8fbb-5afd-450c-80b0-2ec9366d284b","e4e72303-49f5-4786-a91b-72ca40bc9eff"],"Type":"CHILD"}],"Text":"STA (B)"},{"BlockType":"LINE","Confidence":99.54691314697"
14:55:33.776 [Test worker] DEBUG org.apache.http.wire - http-outgoing-0 << "266,"Geometry":{"BoundingBox":{"Height":0.016416599974036217,"Left":0.6627686023712158,"Top":0.005419211927801371,"Width":0.06259165704250336},"Polygon":[{"X":0.6627686023712158,"Y":0.005423355847597122},{"X":0.7253594398498535,"Y":0.005419211927801371},{"X":0.7253602743148804,"Y":0.021831925958395004},{"X":0.6627689003944397,"Y":0.0218358114361763}]},"Id":"3450b9a6-6a95-4ba5-9814-fb2b4c7ca7c2","Relationships":[{"Ids":["e9947d2a-19f7-4cb3-975a-89acb2a2d044"],"Type":"CHILD"}],"Text":"AC/Hotel"},{"BlockType":"LINE","Confidence":97.7717514038086,"Geometry":{"BoundingBox":{"Height":0.016056807711720467,"Left":0.9166650176048279,"Top":0.005493661854416132,"Width":0.052207641303539276},"Polygon":[{"X":0.9166650176048279,"Y":0.005497116595506668},{"X":0.9688701033592224,"Y":0.005493661854416132},{"X":0.9688726663589478,"Y":0.0215472262352705},{"X":0.9166671633720398,"Y":0.02155046910047531}]},"Id":"c3ff5909-27db-4ad0-aeb1-ac8cde1cafc6","Relationships":[{"Ids":["fc1e055e-be92-4ec9-9625-7361a1a92ad3","aec534d7-5954-4499-97b3-8aacbbfec704"],"Type":"CHILD"}],"Text":"Blk Hrs"},{"BlockType":"LINE","Confidence":99.90611267089844,"Geometry":{"BoundingBox":{"Height":0.018429750576615334,"Left":0.02379697374999523,"Top":0.03159799426794052,"Width":0.1059999018907547},"Polygon":[{"X":0.023802002891898155,"Y":0.03160431236028671},{"X":0.12979687750339508,"Y":0.03159799426794052},{"X":0.1297927349805832,"Y":0.05002191290259361},{"X":0.02379697374999523,"Y":0.050027742981910706}]},"Id":"ffceebdb-d3c9-4462-a89f-ea517919d34c","Relationships":[{"Ids":["20fcc7e1-08fa-441f-9b9c-5a949f845847","f1001cde-f291-4bfc-9116-a34332790e99"],"Type":"CHILD"}],"Text":"01Apr23 F2903"},{"BlockType":"LINE","Confidence":99.95623779296875,"Geometry":{"BoundingBox":{"Height":0.015704160556197166,"Left":0.23957276344299316,"Top":0.032242655754089355,"Width":0.03329795226454735},"Polygon":[{"X":0.23957549035549164,"Y":0.03224463388323784},{"X":0.2728707194328308,"Y":0.032242655754089355},{"X":0.27286821603775024,"Y":0.047944966703653336},{"X":0.23957276344299316,"Y":0.04794681444764137}]},"Id":"7f06ccbc-018c-496b-a3b6-d98741934640","Relationships":[{"Ids":["aef25ebe-f372-44de-8325-ae9ea02c2921"],"Type":"CHILD"}],"Text":"1945"},{"BlockType":"LINE","Confidence":99.9169692993164,"Geometry":{"BoundingBox":{"Height":0.016153492033481598,"Left":0.29848378896713257,"Top":0.031755685806274414,"Width":0.07402467727661133},"Polygon":[{"X":0.2984861731529236,"Y":0.03176009654998779},{"X":0.3725084662437439,"Y":0.031755685806274414},{"X":0.37250664830207825,"Y":0.04790506884455681},{"X":0.29848378896713257,"Y":0.04790917783975601}]},"Id":"cf83f3fa-b37f-4f0e-bdcf-ff5d1e04cdef","Relationships":[{"Ids":["8959c0af-fc4e-4457-b380-bdb12ea82eca","72f89ece-3409-4420-aea4-995a577581d2"],"Type":"CHILD"}],"Text":"0050 2903"},{"BlockType":"LINE","Confidence":99.67874145507812,"Geometry":{"BoundingBox":{"Height":0.01604338362812996,"Left":0.4219721555709839,"Top":0.03156662359833717,"Width":0.026167429983615875},"Polygon":[{"X":0.4219736158847809,"Y":0.03156818449497223},{"X":0.44813957810401917,"Y":0.03156662359833717},{"X":0.4481383264064789,"Y":0.04760855436325073},{"X":0.4219721555709839,"Y":0.04761001095175743}]},"Id":"dfd2f504-dcfb-47d9-a763-ef9a471db07e","Relationships":[{"Ids":["f167aa5b-adc5-4847-a9af-61ed85b76f5b"],"Type":"CHILD"}],"Text":"ICN"},{"BlockType":"LINE","Confidence":99.94369506835938,"Geometry":{"BoundingBox":{"Height":0.015645602717995644,"Left":0.5024697780609131,"Top":0.03221431002020836,"Width":0.03430106118321419},"Polygon":[{"X":0.5024706125259399,"Y":0.03221634775400162},{"X":0.5367708206176758,"Y":0.03221431002020836},{"X":0.536770224571228,"Y":0.04785800725221634},{"X":0.5024697780609131,"Y":0.04785991087555885}]},"Id":"711fcdab-251b-4b84-a7d6-c4f018514ec4","Relationships":[{"Ids":["ab7c47a0-0d71-4cf1-b0e4-127310d0ccea"],"Type":"CHILD"}],"Text":"2155"},{"BlockType":"LINE","Confidence":99.8543701171875,"Geometry":{"BoundingBox":{"Height":0.016049865633249283,"Left":0.5424650311470032,"Top":0.0314306877553463,"Width":0.032102394849061966},"Polygon":[{"X":0.5424656271934509,"Y":0.03143260255455971},{"X":0.574567437171936,"Y":0.0314306877553463},{"X":0.5745671391487122,"Y":0.04747876897454262},{"X":0.5424650311470032,"Y":0.04748055338859558}]},"Id":"62881cec-7e06-4037-8f6d-28119aa532e8","Relationships":[{"Ids":["9ebd7db7-d5df-41a8-a2f8-fef156933f5c"],"Type":"CHILD"}],"Text":"DAD"},{"BlockType":"LINE","Confidence":99.95590209960938,"Geometry":{"BoundingBox":{"Height":0.016609884798526764,"Left":0.6228407621383667,"Top":0.03157779946923256,"Width":0.034279678016901016},"Polygon":[{"X":0.6228407621383667,"Y":0.031579844653606415},{"X":0.6571201682090759,"Y":0.03157779946923256},{"X":0.657120406627655,"Y":0.04818578436970711},{"X":0.6228407621383667,"Y":0.04818768426775932}]},"Id":"43a55b10-d42d-47ef-952e-713d5d8963a8","Relationships":[{"Ids":["7e5a5fcf-58fb-4c0a-ad83-cf970c6ee3f4"],"Type":"CHILD"}],"Text":"0230"},{"BlockType":"LINE","Confidence":99.8838882446289,"Geometry":{"BoundingBox":{"Height":0.015872113406658173,"Left":0.6631376147270203,"Top":0.03194201737642288,"Width":0.025312097743153572},"Polygon":[{"X":0.6631376147270203,"Y":0.03194352239370346},{"X":0.6884492039680481,"Y":0.03194201737642288},{"X":0.6884496808052063,"Y":0.047812722623348236},{"X":0.6631379127502441,"Y":0.047814130783081055}]},"Id":"bc97816d-108d-4f5e-8d63-e8cbb0130b2f","Relationships":[{"Ids":["b9ef7711-9fda-49c8-8134-54f9b88f7369"],"Type":"CHILD"}],"Text":"738"},{"BlockType":"LINE","Confidence":99.78303527832031,"Geometry":{"BoundingBox":{"Height":0.01588517799973488,"Left":0.9639336466789246,"Top":0.032071277499198914,"Width":0.03052135556936264},"Polygon":[{"X":0.9639336466789246,"Y":0.032073091715574265},{"X":0.9944522976875305,"Y":0.032071277499198914},{"X":0.9944549798965454,"Y":0.04795476049184799},{"X":0.9639361500740051,"Y":0.04795645549893379}]},"Id":"d8d2f5dd-95cf-4199-b31d-4bcc092c6680","Relationships":[{"Ids":["d63c27c8-68ef-412b-bac8-98a0a9ef90fe"],"Type":"CHILD"}],"Text":"4:35"},{"BlockType":"LINE","Confidence":99.905517578125,"Geometry":{"BoundingBox":{"Height":0.01889907382428646,"Left":0.023599080741405487,"Top":0.05575505644083023,"Width":0.1063292846083641},"Polygon":[{"X":0.023604240268468857,"Y":0.05576074868440628},{"X":0.1299283653497696,"Y":0.05575505644083023},{"X":0.12992411851882935,"Y":0.07464893907308578},{"X":0.023599080741405487,"Y":0.07465413212776184}]},"Id":"e10c1dfd-b444-49c4-baae-9f541722f090","Relationships":[{"Ids":["5c289b05-1520-4cc8-9ddb-984a81756b72","7d9850f7-1b2c-429e-ad4f-3370d5f79e56"],"Type":"CHILD"}],"Text":"02Apr23 F2903"},{"BlockType":"LINE","Confidence":99.66407012939453,"Geometry":{"BoundingBox":{"Height":0.01625719852745533,"Left":0.33814170956611633,"Top":0.055793408304452896,"Width":0.05031663179397583},"Polygon":[{"X":0.33814382553100586,"Y":0.055796101689338684},{"X":0.38845834136009216,"Y":0.055793408304452896},{"X":0.3884566128253937,"Y":0.072048120200634},{"X":0.33814170956611633,"Y":0.07205060869455338}]},"Id":"b2719433-87da-4601-8adc-2a0c279f9909","Relationships":[{"Ids":["3bfa54b1-443b-482b-b57c-be269523b11b"],"Type":"CHILD"}],"Text":"LAYOV"},{"BlockType":"LINE","Confidence":99.9044418334961,"Geometry":{"BoundingBox":{"Height":0.01607358083128929,"Left":0.4216691851615906,"Top":0.05589313432574272,"Width":0.03217009827494621},"Polygon":[{"X":0.4216706454753876,"Y":0.05589485540986061},{"X":0.4538392722606659,"Y":0.05589313432574272},{"X":0.453838050365448,"Y":0.07196512073278427},{"X":0.4216691851615906,"Y":0.07196671515703201}]},"Id":"291c969f-52b5-4c87-aee9-484503a9ac4e","Relationships":[{"Ids":["554233f8-635b-4e28-ae07-bffa2062d8b3"],"Type":"CHILD"}],"Text":"DAD"},{"BlockType":"LINE","Confidence":99.9173583984375,"Geometry":{"BoundingBox":{"Height":0.016532091423869133,"Left":0.5024282336235046,"Top":0.05576353520154953,"Width":0.03447515144944191},"Polygon":[{"X":0.5024291276931763,"Y":0.05576537922024727},{"X":0.5369033813476562,"Y":0.0557635352015"
14:55:33.786 [Test worker] DEBUG org.apache.http.wire - http-outgoing-0 << "4953},{"X":0.5369027256965637,"Y":0.07229392230510712},{"X":0.5024282336235046,"Y":0.07229562103748322}]},"Id":"760e6fee-2865-4fae-8416-65f30d928b9d","Relationships":[{"Ids":["64da613d-3ed0-4945-a9a9-974d594e3830"],"Type":"CHILD"}],"Text":"0305"},{"BlockType":"LINE","Confidence":99.86001586914062,"Geometry":{"BoundingBox":{"Height":0.01611628569662571,"Left":0.5423786640167236,"Top":0.05580951273441315,"Width":0.03226012736558914},"Polygon":[{"X":0.5423792600631714,"Y":0.05581124126911163},{"X":0.5746387839317322,"Y":0.05580951273441315},{"X":0.5746384263038635,"Y":0.07192420214414597},{"X":0.5423786640167236,"Y":0.07192579656839371}]},"Id":"c63ee6af-2313-484a-8bf4-14c5f17c6034","Relationships":[{"Ids":["e30d0340-7447-4f1b-8ec1-e4640a4cbf39"],"Type":"CHILD"}],"Text":"DAD"},{"BlockType":"LINE","Confidence":99.95024108886719,"Geometry":{"BoundingBox":{"Height":0.016362175345420837,"Left":0.6229683756828308,"Top":0.055772896856069565,"Width":0.034471143037080765},"Polygon":[{"X":0.6229683756828308,"Y":0.0557747408747673},{"X":0.6574392318725586,"Y":0.055772896856069565},{"X":0.6574394702911377,"Y":0.072133369743824},{"X":0.6229683756828308,"Y":0.0721350684762001}]},"Id":"c4b80c1d-434c-40c7-b321-7510ab7840ce","Relationships":[{"Ids":["82141cd4-5cf0-4192-a36b-82b652da8831"],"Type":"CHILD"}],"Text":"0215"},{"BlockType":"LINE","Confidence":98.54317474365234,"Geometry":{"BoundingBox":{"Height":0.0190239567309618,"Left":0.6626856327056885,"Top":0.05601216107606888,"Width":0.1853204220533371},"Polygon":[{"X":0.6626856327056885,"Y":0.05602206662297249},{"X":0.8480040431022644,"Y":0.05601216107606888},{"X":0.8480060696601868,"Y":0.07502709329128265},{"X":0.6626859903335571,"Y":0.07503611594438553}]},"Id":"8435d836-47b2-4cec-b90c-4e3cbf54359e","Relationships":[{"Ids":["c6ef1d91-5a6f-4885-9815-1a7cd697d2ee","cbe8cc36-7922-43f4-9c64-26f9f6e55905","d2a44b67-3964-4306-a0c0-8aeacecb3c34"],"Type":"CHILD"}],"Text":"Vinpearl Condotel Riverfront"},{"BlockType":"LINE","Confidence":99.90951538085938,"Geometry":{"BoundingBox":{"Height":0.019046282395720482,"Left":0.023332886397838593,"Top":0.08012101799249649,"Width":0.10661778599023819},"Polygon":[{"X":0.023338088765740395,"Y":0.0801260694861412},{"X":0.12995067238807678,"Y":0.08012101799249649},{"X":0.12994639575481415,"Y":0.099162757396698},{"X":0.023332886397838593,"Y":0.09916730225086212}]},"Id":"9dfc4804-902f-40c5-b1d0-cedea41d7529","Relationships":[{"Ids":["35b71266-2479-4c97-8ee8-144468659842","010dd484-b960-4ee1-a64b-b26ef0aa2626"],"Type":"CHILD"}],"Text":"03Apr23 F2903"},{"BlockType":"LINE","Confidence":99.95053100585938,"Geometry":{"BoundingBox":{"Height":0.015860112383961678,"Left":0.2380596250295639,"Top":0.08043700456619263,"Width":0.03454490751028061},"Polygon":[{"X":0.23806239664554596,"Y":0.08043864369392395},{"X":0.2726045250892639,"Y":0.08043700456619263},{"X":0.27260199189186096,"Y":0.09629562497138977},{"X":0.2380596250295639,"Y":0.09629712253808975}]},"Id":"3ad5b368-7ce4-4f0e-89fb-779089d3f176","Relationships":[{"Ids":["9e307894-7892-44cd-ab0e-fb8f9667f5a5"],"Type":"CHILD"}],"Text":"0030"},{"BlockType":"LINE","Confidence":99.92159271240234,"Geometry":{"BoundingBox":{"Height":0.01614595763385296,"Left":0.2985081076622009,"Top":0.08040004223585129,"Width":0.07405520975589752},"Polygon":[{"X":0.29851046204566956,"Y":0.08040354400873184},{"X":0.37256330251693726,"Y":0.08040004223585129},{"X":0.3725614845752716,"Y":0.09654279053211212},{"X":0.2985081076622009,"Y":0.0965459942817688}]},"Id":"5b37762b-2544-4598-87b0-0f16f0d1fa58","Relationships":[{"Ids":["3d76b1ff-d02a-46df-ac7f-42576b9d0e1c","0252b39c-3bd3-4195-a0d2-10e8b2e85a61"],"Type":"CHILD"}],"Text":"0905 2904"},{"BlockType":"LINE","Confidence":99.91486358642578,"Geometry":{"BoundingBox":{"Height":0.015818750485777855,"Left":0.4217381477355957,"Top":0.08042211830615997,"Width":0.03209025412797928},"Polygon":[{"X":0.4217395782470703,"Y":0.08042363822460175},{"X":0.4538283944129944,"Y":0.08042211830615997},{"X":0.4538272023200989,"Y":0.09623947739601135},{"X":0.4217381477355957,"Y":0.09624087065458298}]},"Id":"d9d11d87-ec7d-4165-8ae9-74a7e4764673","Relationships":[{"Ids":["2728e2a6-7c20-421c-a780-8ea2e6224634"],"Type":"CHILD"}],"Text":"DAD"},{"BlockType":"LINE","Confidence":99.96094512939453,"Geometry":{"BoundingBox":{"Height":0.016187047585844994,"Left":0.502420961856842,"Top":0.0801764652132988,"Width":0.03446703031659126},"Polygon":[{"X":0.5024218559265137,"Y":0.08017809689044952},{"X":0.5368880033493042,"Y":0.0801764652132988},{"X":0.5368873476982117,"Y":0.09636201709508896},{"X":0.502420961856842,"Y":0.09636351466178894}]},"Id":"93f38bf3-caff-4986-ad52-8f4b11f6b35a","Relationships":[{"Ids":["716c7a1f-9674-42f8-be3a-1d2b04803e1d"],"Type":"CHILD"}],"Text":"0330"},{"BlockType":"LINE","Confidence":99.46549224853516,"Geometry":{"BoundingBox":{"Height":0.015794632956385612,"Left":0.5420553684234619,"Top":0.08049342036247253,"Width":0.02680634893476963},"Polygon":[{"X":0.5420559048652649,"Y":0.08049468696117401},{"X":0.568861722946167,"Y":0.08049342036247253},{"X":0.5688613653182983,"Y":0.09628689289093018},{"X":0.5420553684234619,"Y":0.0962880551815033}]},"Id":"1b386b67-ce44-4867-ab83-e8088e6c7d07","Relationships":[{"Ids":["6e1e7909-71b3-46e7-be8b-4a86db4ed794"],"Type":"CHILD"}],"Text":"ICN"},{"BlockType":"LINE","Confidence":99.91001892089844,"Geometry":{"BoundingBox":{"Height":0.01598471589386463,"Left":0.6230791211128235,"Top":0.08045326173305511,"Width":0.03440382704138756},"Polygon":[{"X":0.6230791211128235,"Y":0.08045488595962524},{"X":0.6574826836585999,"Y":0.08045326173305511},{"X":0.6574829816818237,"Y":0.09643648564815521},{"X":0.6230791211128235,"Y":0.0964379757642746}]},"Id":"63508f11-8c46-4b64-971a-cd6d9cef17be","Relationships":[{"Ids":["7484892f-9430-437d-9fac-81213dce807b"],"Type":"CHILD"}],"Text":"0805"},{"BlockType":"LINE","Confidence":99.89529418945312,"Geometry":{"BoundingBox":{"Height":0.015863433480262756,"Left":0.6632035374641418,"Top":0.08039979636669159,"Width":0.02538374625146389},"Polygon":[{"X":0.6632035374641418,"Y":0.0804009959101677},{"X":0.6885868310928345,"Y":0.08039979636669159},{"X":0.6885873079299927,"Y":0.096262127161026},{"X":0.6632038950920105,"Y":0.09626322984695435}]},"Id":"f9515e85-f30c-472a-9da9-cb63151f4d6a","Relationships":[{"Ids":["afb61652-a8e7-47b1-b8b9-42a9df3ecd29"],"Type":"CHILD"}],"Text":"738"},{"BlockType":"LINE","Confidence":99.75624084472656,"Geometry":{"BoundingBox":{"Height":0.015932995826005936,"Left":0.9638906121253967,"Top":0.0806325227022171,"Width":0.03075493313372135},"Polygon":[{"X":0.9638906121253967,"Y":0.0806339755654335},{"X":0.9946428537368774,"Y":0.0806325227022171},{"X":0.9946455359458923,"Y":0.09656418859958649},{"X":0.9638931155204773,"Y":0.09656551480293274}]},"Id":"dc2da4d0-2a5e-4b98-ac28-012e5e421997","Relationships":[{"Ids":["89766b30-681c-4ccc-975e-185334377030"],"Type":"CHILD"}],"Text":"4:35"},{"BlockType":"LINE","Confidence":99.90946960449219,"Geometry":{"BoundingBox":{"Height":0.01855793222784996,"Left":0.02393871732056141,"Top":0.1045728251338005,"Width":0.05746611952781677},"Polygon":[{"X":0.02394377999007702,"Y":0.10457519441843033},{"X":0.08140483498573303,"Y":0.1045728251338005},{"X":0.08140026032924652,"Y":0.12312865257263184},{"X":0.02393871732056141,"Y":0.12313075363636017}]},"Id":"6461930a-2dfa-4c21-9682-b4015f80306d","Relationships":[{"Ids":["a5b8bc9a-6835-4729-aaa8-8baf6490f181"],"Type":"CHILD"}],"Text":"04Apr23"},{"BlockType":"LINE","Confidence":99.96781921386719,"Geometry":{"BoundingBox":{"Height":0.016041047871112823,"Left":0.33837881684303284,"Top":0.10463644564151764,"Width":0.030377279967069626},"Polygon":[{"X":0.3383809030056,"Y":0.10463769733905792},{"X":0.36875611543655396,"Y":0.10463644564151764},{"X":0.3687542676925659,"Y":0.12067636847496033},{"X":0.33837881684303284,"Y":0.12067749351263046}]},"Id":"469042c3-6a4f-46b6-aa2a-3a62eeeac07e","Relationships":[{"Ids":["8bc6aadc-ed2e-429b-962f-7343f7080fe0"],"Type":"CHILD"}],"Text":"OFF"},{"BlockType":"LINE","Con"
14:55:33.806 [Test worker] DEBUG org.apache.http.wire - http-outgoing-0 << "fidence":99.87113189697266,"Geometry":{"BoundingBox":{"Height":0.01605716533958912,"Left":0.42158347368240356,"Top":0.10452932119369507,"Width":0.034335166215896606},"Polygon":[{"X":0.42158493399620056,"Y":0.10453073680400848},{"X":0.45591863989830017,"Y":0.10452932119369507},{"X":0.45591744780540466,"Y":0.12058520317077637},{"X":0.42158347368240356,"Y":0.12058648467063904}]},"Id":"
14:55:33.809 [Test worker] DEBUG org.apache.http.wire - http-outgoing-0 << ""78ba00da-d8d5-4bed-8bfc-2bf94696e958","Relationships":[{"Ids":["47d0fa46-06fb-406d-bbfc-b8ba1285cd82"],"Type":"CHILD"}],"Text":"GMP"},{"BlockType":"LINE","Confidence":99.87407684326172,"Geometry":{"BoundingBox":{"Height":0.015661023557186127,"Left":0.5024030804634094,"Top":0.10511650145053864,"Width":0.03447216376662254},"Polygon":[{"X":0.502403974533081,"Y":0.10511791706085205},{"X":0.5368752479553223,"Y":0.10511650145053864},{"X":0.5368746519088745,"Y":0.12077624350786209},{"X":0.5024030804634094,"Y":0.12077752500772476}]},"Id":"ed0ad68b-ef23-456f-9185-fb4f6f361155","Relationships":[{"Ids":["0c8a3b5e-d7d6-4117-a738-20755dc073e5"],"Type":"CHILD"}],"Text":"0000"},{"BlockType":"LINE","Confidence":99.91159057617188,"Geometry":{"BoundingBox":{"Height":0.01629774272441864,"Left":0.5422715544700623,"Top":0.10445795953273773,"Width":0.03451181948184967},"Polygon":[{"X":0.54227215051651,"Y":0.10445938259363174},{"X":0.5767833590507507,"Y":0.10445795953273773},{"X":0.5767830610275269,"Y":0.1207544207572937},{"X":0.5"
14:55:33.902 [Test worker] DEBUG org.apache.http.wire - http-outgoing-0 << "422715544700623,"Y":0.12075570225715637}]},"Id":"930c3dbf-a790-4ff4-846d-6648e75415b0","Relationships":[{"Ids":["c158fc58-ea63-42c5-8062-81afd3c09aec"],"Type":"CHILD"}],"Text":"GMP"},{"BlockType":"LINE","Confidence":99.97056579589844,"Geometry":{"BoundingBox":{"Height":0.016376985237002373,"Left":0.6230837106704712,"Top":0.10457975417375565,"Width":0.034406550228595734},"Polygon":[{"X":0.6230837106704712,"Y":0.10458116978406906},{"X":0.6574899554252625,"Y":0.10457975417375565},{"X":0.6574902534484863,"Y":0.1209554597735405},{"X":0.6230837106704712,"Y":0.12095674127340317}]},"Id":"abf2e793-fa37-4762-ba90-3cb91a0121a0","Relationships":[{"Ids":["d92a914b-63d7-4d34-8b22-9552d6f8c333"],"Type":"CHILD"}],"Text":"2359"},{"BlockType":"LINE","Confidence":99.89447021484375,"Geometry":{"BoundingBox":{"Height":0.019008517265319824,"Left":0.023696819320321083,"Top":0.13068674504756927,"Width":0.10642547905445099},"Polygon":[{"X":0.02370200864970684,"Y":0.13069042563438416},{"X":0.13012230396270752,"Y":0.13068674504756927},{"X":0.13011802732944489,"Y":0.14969207346439362},{"X":0.023696819320321083,"Y":0.1496952623128891}]},"Id":"67f8f294-40ff-448f-a0c1-0f0a641df66c","Relationships":[{"Ids":["196e1e90-4843-466d-8700-2f80a942f813","b7f04079-9121-4342-9795-8dd49d84afe9"],"Type":"CHILD"}],"Text":"05Apr23 F2243"},{"BlockType":"LINE","Confidence":99.96379852294922,"Geometry":{"BoundingBox":{"Height":0.015760457143187523,"Left":0.2394857257604599,"Top":0.13112777471542358,"Width":0.03328309208154678},"Polygon":[{"X":0.23948848247528076,"Y":0.1311289221048355},{"X":0.2727688252925873,"Y":0.13112777471542358},{"X":0.2727663218975067,"Y":0.14688721299171448},{"X":0.2394857257604599,"Y":0.14688824117183685}]},"Id":"bafa91ac-2e0a-46bc-9562-96c2d23a7ef5","Relationships":[{"Ids":["31210d9b-78c2-4420-bbb5-2441f0b64217"],"Type":"CHILD"}],"Text":"1800"},{"BlockType":"LINE","Confidence":99.94570922851562,"Geometry":{"BoundingBox":{"Height":0.015844197943806648,"Left":0.29834046959877014,"Top":0.13105787336826324,"Width":0.06609494984149933},"Polygon":[{"X":0.29834282398223877,"Y":0.1310601681470871},{"X":0.36443543434143066,"Y":0.13105787336826324},{"X":0.3644335865974426,"Y":0.14690005779266357},{"X":0.29834046959877014,"Y":0.14690206944942474}]},"Id":"e34741df-b9f6-44d2-aee5-72d2f4025d57","Relationships":[{"Ids":["2436f7e7-717f-4a8c-b0ad-129b7200338e","38c1fbaa-288e-46c9-9cf4-393fbbf6213d"],"Type":"CHILD"}],"Text":"2040 129"},{"BlockType":"LINE","Confidence":99.83399963378906,"Geometry":{"BoundingBox":{"Height":0.016257157549262047,"Left":0.42159372568130493,"Top":0.13068188726902008,"Width":0.03430451452732086},"Polygon":[{"X":0.42159518599510193,"Y":0.1306830793619156},{"X":0.4558982253074646,"Y":0.13068188726902008},{"X":0.4558970034122467,"Y":0.1469379961490631},{"X":0.42159372568130493,"Y":0.14693903923034668}]},"Id":"382eeaf6-d1a1-4ec1-917c-7a1c777222d6","Relationships":[{"Ids":["57e3dcd9-7392-48b8-9575-9ae066406eca"],"Type":"CHILD"}],"Text":"GMP"},{"BlockType":"LINE","Confidence":99.94841003417969,"Geometry":{"BoundingBox":{"Height":0.016330435872077942,"Left":0.5037070512771606,"Top":0.1306842565536499,"Width":0.03322101756930351},"Polygon":[{"X":0.5037079453468323,"Y":0.13068540394306183},{"X":0.5369280576705933,"Y":0.1306842565536499},{"X":0.5369274616241455,"Y":0.14701367914676666},{"X":0.5037070512771606,"Y":0.14701469242572784}]},"Id":"06a11cbb-3698-4d18-af48-a5fd2e2b16b9","Relationships":[{"Ids":["3a910031-86ab-4510-930c-6356f37c3892"],"Type":"CHILD"}],"Text":"1910"},{"BlockType":"LINE","Confidence":99.74267578125,"Geometry":{"BoundingBox":{"Height":0.016670120880007744,"Left":0.5417914390563965,"Top":0.130501851439476,"Width":0.030348505824804306},"Polygon":[{"X":0.541792094707489,"Y":0.13050290942192078},{"X":0.5721399784088135,"Y":0.130501851439476},{"X":0.5721396207809448,"Y":0.1471710503101349},{"X":0.5417914390563965,"Y":0.1471719741821289}]},"Id":"2e1b84a9-058d-480c-9097-58e8d3c4969b","Relationships":[{"Ids":["c7b3f768-ec51-4114-a922-511322488140"],"Type":"CHILD"}],"Text":"CJU"},{"BlockType":"LINE","Confidence":99.94042205810547,"Geometry":{"BoundingBox":{"Height":0.016276253387331963,"Left":0.6230306029319763,"Top":0.13066837191581726,"Width":0.034357037395238876},"Polygon":[{"X":0.6230306029319763,"Y":0.13066956400871277},{"X":0.657387375831604,"Y":0.13066837191581726},{"X":0.6573876142501831,"Y":0.1469435691833496},{"X":0.6230306029319763,"Y":0.14694462716579437}]},"Id":"a71e6083-bad5-4f6b-927d-6bf5213d5e8d","Relationships":[{"Ids":["26332522-1b9a-4fdb-948c-bd07261c094a"],"Type":"CHILD"}],"Text":"2020"},{"BlockType":"LINE","Confidence":99.9263916015625,"Geometry":{"BoundingBox":{"Height":0.016401730477809906,"Left":0.6630042791366577,"Top":0.13068605959415436,"Width":0.025848587974905968},"Polygon":[{"X":0.6630042791366577,"Y":0.130686953663826},{"X":0.6888523101806641,"Y":0.13068605959415436},{"X":0.688852846622467,"Y":0.1470870077610016},{"X":0.6630045771598816,"Y":0.14708779752254486}]},"Id":"1330dca7-cdcc-4cb2-ab7c-20f23cc40600","Relationships":[{"Ids":["d8c6031c-39b4-4505-9aec-7c16e606d1ae"],"Type":"CHILD"}],"Text":"738"},{"BlockType":"LINE","Confidence":99.33898162841797,"Geometry":{"BoundingBox":{"Height":0.01571851409971714,"Left":0.9653560519218445,"Top":0.13105478882789612,"Width":0.029398880898952484},"Polygon":[{"X":0.9653560519218445,"Y":0.1310558021068573},{"X":0.9947522878646851,"Y":0.13105478882789612},{"X":0.9947549700737,"Y":0.14677239954471588},{"X":0.965358555316925,"Y":0.1467733085155487}]},"Id":"df1f69bb-7a56-412a-9e4b-7e31324c4047","Relationships":[{"Ids":["58dd16f7-335b-4357-9aca-382b489000cd"],"Type":"CHILD"}],"Text":"1:10"},{"BlockType":"LINE","Confidence":99.64583587646484,"Geometry":{"BoundingBox":{"Height":0.016062986105680466,"Left":0.3387165069580078,"Top":0.15515954792499542,"Width":0.04912852123379707},"Polygon":[{"X":0.33871859312057495,"Y":0.15516094863414764},{"X":0.3878450393676758,"Y":0.15515954792499542},{"X":0.3878433108329773,"Y":0.17122133076190948},{"X":0.3387165069580078,"Y":0.171222522854805}]},"Id":"0b0f1bb7-cef1-4a64-9c3d-9643ec233749","Relationships":[{"Ids":["0c664b2d-3482-485a-8da7-7280de3ffab1"],"Type":"CHILD"}],"Text":"LAYOV"},{"BlockType":"LINE","Confidence":99.70903015136719,"Geometry":{"BoundingBox":{"Height":0.01637270860373974,"Left":0.42109620571136475,"Top":0.15507617592811584,"Width":0.0301557257771492},"Polygon":[{"X":0.42109769582748413,"Y":0.1550770401954651},{"X":0.45125192403793335,"Y":0.15507617592811584},{"X":0.45125067234039307,"Y":0.17144815623760223},{"X":0.42109620571136475,"Y":0.17144888639450073}]},"Id":"519845e2-613d-4b83-9329-f775b4ead3d5","Relationships":[{"Ids":["49188667-bbfd-467d-a656-41609b1e7fcc"],"Type":"CHILD"}],"Text":"CJU"},{"BlockType":"LINE","Confidence":99.94890594482422,"Geometry":{"BoundingBox":{"Height":0.016326170414686203,"Left":0.5026745200157166,"Top":0.15499897301197052,"Width":0.034010253846645355},"Polygon":[{"X":0.5026753544807434,"Y":0.15499995648860931},{"X":0.5366847515106201,"Y":0.15499897301197052},{"X":0.5366840958595276,"Y":0.17132431268692017},{"X":0.5026745200157166,"Y":0.17132514715194702}]},"Id":"e6689978-7242-49f0-9324-c2d7aeac5074","Relationships":[{"Ids":["569a74fd-ef8e-496e-bcb7-0d88b4e27d86"],"Type":"CHILD"}],"Text":"2055"},{"BlockType":"LINE","Confidence":99.72917175292969,"Geometry":{"BoundingBox":{"Height":0.01663755252957344,"Left":0.5420286655426025,"Top":0.1548754721879959,"Width":0.029819738119840622},"Polygon":[{"X":0.5420292615890503,"Y":0.15487632155418396},{"X":0.5718483924865723,"Y":0.1548754721879959},{"X":0.5718480348587036,"Y":0.17151229083538055},{"X":0.5420286655426025,"Y":0.17151302099227905}]},"Id":"c23c7f68-1f75-473c-9d0e-5cb093b79e60","Relationships":[{"Ids":["0c9240e3-7875-439c-868d-36b6a9a4274b"],"Type":"CHILD"}],"Text":"CJU"},{"BlockType":"LINE","Confidence":99.95993041992188,"Geometry":{"BoundingBox":{"Height":0.016589662060141563,"Left":0.6229749321937561,"Top":0.1548837572336197,"Width":0.03425181657075882},"Polygon"
14:55:33.910 [Test worker] DEBUG org.apache.http.wire - http-outgoing-0 << "":[{"X":0.6229749321937561,"Y":0.15488474071025848},{"X":0.6572265028953552,"Y":0.1548837572336197},{"X":0.6572267413139343,"Y":0.17147257924079895},{"X":0.6229749321937561,"Y":0.1714734137058258}]},"Id":"c56d0c09-0f3e-4565-988c-ea6f9e26c521","Relationships":[{"Ids":["a71b78db-b853-4de2-a125-7ab6ce9a8750"],"Type":"CHILD"}],"Text":"2025"},{"BlockType":"LINE","Confidence":94.0083236694336,"Geometry":{"BoundingBox":{"Height":0.016707658767700195,"Left":0.6636285781860352,"Top":0.15464356541633606,"Width":0.05282265692949295},"Polygon":[{"X":0.6636285781860352,"Y":0.15464508533477783},{"X":0.7164505124092102,"Y":0.15464356541633606},{"X":0.7164512276649475,"Y":0.17134994268417358},{"X":0.6636289358139038,"Y":0.17135122418403625}]},"Id":"12a29468-a2d1-4960-a13d-5150017cdc65","Relationships":[{"Ids":["eedd10ca-e545-44ad-844d-364e3cbfb837","0f6b1b31-deca-47ec-9a25-93895bda0b44"],"Type":"CHILD"}],"Text":"???? ??"},{"BlockType":"LINE","Confidence":99.89297485351562,"Geometry":{"BoundingBox":{"Height":0.01878868229687214,"Left":0.023717334493994713,"Top":0.1792518049478531,"Width":0.1065204069018364},"Polygon":[{"X":0.023722462356090546,"Y":0.1792541891336441},{"X":0.13023774325847626,"Y":0.1792518049478531},{"X":0.1302335262298584,"Y":0.19803859293460846},{"X":0.023717334493994713,"Y":0.19804048538208008}]},"Id":"f56792c0-528f-4a72-8a1a-2ca5054c5ae8","Relationships":[{"Ids":["67e4206f-2648-4ce1-835e-aafb90ffc505","3c916b8d-5a15-4bd7-ac5b-a2764ac65f0e"],"Type":"CHILD"}],"Text":"06Apr23 F2243"},{"BlockType":"LINE","Confidence":99.96847534179688,"Geometry":{"BoundingBox":{"Height":0.01606135629117489,"Left":0.2382078319787979,"Top":0.1796131581068039,"Width":0.0346800796687603},"Polygon":[{"X":0.23821063339710236,"Y":0.17961393296718597},{"X":0.2728879153728485,"Y":0.1796131581068039},{"X":0.27288535237312317,"Y":0.1956738829612732},{"X":0.2382078319787979,"Y":0.19567450881004333}]},"Id":"d2f496b0-8dc1-4e15-b96c-c304afa6fd29","Relationships":[{"Ids":["91b79652-d2ac-4db5-a0a2-9431ffdd42e0"],"Type":"CHILD"}],"Text":"2040"},{"BlockType":"LINE","Confidence":99.9592514038086,"Geometry":{"BoundingBox":{"Height":0.016096830368041992,"Left":0.2987765073776245,"Top":0.17963197827339172,"Width":0.07380273938179016},"Polygon":[{"X":0.29877886176109314,"Y":0.17963363230228424},{"X":0.3725792467594147,"Y":0.17963197827339172},{"X":0.372577428817749,"Y":0.19572746753692627},{"X":0.2987765073776245,"Y":0.19572880864143372}]},"Id":"290ec1a9-fe2e-4bcf-8699-8780a0429c0c","Relationships":[{"Ids":["5a105d1a-bada-4614-b777-2d42e3f161ea","f09182be-96d6-4865-9626-83064d8236c9"],"Type":"CHILD"}],"Text":"0220 2243"},{"BlockType":"LINE","Confidence":99.68498992919922,"Geometry":{"BoundingBox":{"Height":0.015949243679642677,"Left":0.421463280916214,"Top":0.17976714670658112,"Width":0.030029792338609695},"Polygon":[{"X":0.4214647114276886,"Y":0.17976781725883484},{"X":0.4514930546283722,"Y":0.17976714670658112},{"X":0.4514918327331543,"Y":0.19571584463119507},{"X":0.421463280916214,"Y":0.19571639597415924}]},"Id":"b594a2bf-a2b5-46e7-b6bd-f8680056f4ed","Relationships":[{"Ids":["76c0250c-9a2d-4f49-84f0-9005ef56cb9c"],"Type":"CHILD"}],"Text":"CJU"},{"BlockType":"LINE","Confidence":99.98367309570312,"Geometry":{"BoundingBox":{"Height":0.016579139977693558,"Left":0.5025135278701782,"Top":0.17929969727993011,"Width":0.03452368080615997},"Polygon":[{"X":0.5025144219398499,"Y":0.1793004721403122},{"X":0.537037193775177,"Y":0.17929969727993011},{"X":0.5370365381240845,"Y":0.19587820768356323},{"X":0.5025135278701782,"Y":0.19587883353233337}]},"Id":"7d4a057e-96a3-45fd-8f02-4c8475b62013","Relationships":[{"Ids":["c30c70f6-b553-4965-8d74-e6a46401162f"],"Type":"CHILD"}],"Text":"2200"},{"BlockType":"LINE","Confidence":99.70152282714844,"Geometry":{"BoundingBox":{"Height":0.015683980658650398,"Left":0.5424068570137024,"Top":0.17963281273841858,"Width":0.03064270131289959},"Polygon":[{"X":0.5424073934555054,"Y":0.1796334981918335},{"X":0.5730495452880859,"Y":0.17963281273841858},{"X":0.5730491876602173,"Y":0.19531622529029846},{"X":0.5424068570137024,"Y":0.19531679153442383}]},"Id":"87f86268-38eb-469a-ab0a-3898ad623781","Relationships":[{"Ids":["3ad1c9f3-fcc4-4af9-bf11-d3a82261590e"],"Type":"CHILD"}],"Text":"BKK"},{"BlockType":"LINE","Confidence":99.95111083984375,"Geometry":{"BoundingBox":{"Height":0.016525255516171455,"Left":0.6229335069656372,"Top":0.17939336597919464,"Width":0.03443528339266777},"Polygon":[{"X":0.6229335069656372,"Y":0.17939414083957672},{"X":0.6573684811592102,"Y":0.17939336597919464},{"X":0.6573687791824341,"Y":0.1959179937839508},{"X":0.6229335069656372,"Y":0.19591861963272095}]},"Id":"7803f7c9-5561-413b-a91f-45c8b94fd8a4","Relationships":[{"Ids":["ef3d5708-3cea-44bf-b564-2f3034a9d6fd"],"Type":"CHILD"}],"Text":"0400"},{"BlockType":"LINE","Confidence":99.87737274169922,"Geometry":{"BoundingBox":{"Height":0.015977896749973297,"Left":0.6632618308067322,"Top":0.1795843243598938,"Width":0.02546772174537182},"Polygon":[{"X":0.6632618308067322,"Y":0.17958490550518036},{"X":0.6887290477752686,"Y":0.1795843243598938},{"X":0.6887295842170715,"Y":0.19556176662445068},{"X":0.6632621884346008,"Y":0.1955622285604477}]},"Id":"d0c0ffaa-d7ef-46db-a94f-99c96617f11e","Relationships":[{"Ids":["b29e1754-0e68-4d4f-a31b-25f119321314"],"Type":"CHILD"}],"Text":"738"},{"BlockType":"LINE","Confidence":99.7686996459961,"Geometry":{"BoundingBox":{"Height":0.015926789492368698,"Left":0.9642339944839478,"Top":0.17975293099880219,"Width":0.03051351197063923},"Polygon":[{"X":0.9642339944839478,"Y":0.1797536015510559},{"X":0.9947447776794434,"Y":0.17975293099880219},{"X":0.9947474598884583,"Y":0.19567915797233582},{"X":0.9642364978790283,"Y":0.1956797093153}]},"Id":"36072dcd-bb13-4b31-b46a-b1386ae6474d","Relationships":[{"Ids":["7e711d3d-ed97-4b1e-a124-8d5df2678d25"],"Type":"CHILD"}],"Text":"6:00"},{"BlockType":"LINE","Confidence":99.91309356689453,"Geometry":{"BoundingBox":{"Height":0.01907491683959961,"Left":0.023612014949321747,"Top":0.20531386137008667,"Width":0.10632884502410889},"Polygon":[{"X":0.023617221042513847,"Y":0.20531554520130157},{"X":0.12994085252285004,"Y":0.20531386137008667},{"X":0.1299365758895874,"Y":0.22438760101795197},{"X":0.023612014949321747,"Y":0.22438877820968628}]},"Id":"b9bbcf72-f4e8-4df5-98d7-174f0bdbe0d8","Relationships":[{"Ids":["2d5cbb2b-e1ed-4e05-b8ab-941fb838bd4a","f8d0f034-f6b7-4a7f-b9d6-8799eddefe22"],"Type":"CHILD"}],"Text":"07Apr23 F2243"},{"BlockType":"LINE","Confidence":99.7583999633789,"Geometry":{"BoundingBox":{"Height":0.016385862603783607,"Left":0.3379729688167572,"Top":0.20532606542110443,"Width":0.05069970339536667},"Polygon":[{"X":0.33797508478164673,"Y":0.2053268700838089},{"X":0.38867267966270447,"Y":0.20532606542110443},{"X":0.388670951128006,"Y":0.22171132266521454},{"X":0.3379729688167572,"Y":0.2217119187116623}]},"Id":"69fe8683-9d12-486c-be4d-a567cbe05141","Relationships":[{"Ids":["60d0a857-3863-48ff-ae15-14d7f73629c8"],"Type":"CHILD"}],"Text":"LAYOV"},{"BlockType":"LINE","Confidence":99.67337799072266,"Geometry":{"BoundingBox":{"Height":0.016137076541781425,"Left":0.4214684069156647,"Top":0.20549561083316803,"Width":0.030985599383711815},"Polygon":[{"X":0.42146986722946167,"Y":0.20549610257148743},{"X":0.45245400071144104,"Y":0.20549561083316803},{"X":0.45245274901390076,"Y":0.22163231670856476},{"X":0.4214684069156647,"Y":0.2216326892375946}]},"Id":"9c21faff-9e36-424c-84fb-dbd79d7814d1","Relationships":[{"Ids":["d17ae059-8857-4e24-b351-c7a65e6fe9e3"],"Type":"CHILD"}],"Text":"BKK"},{"BlockType":"LINE","Confidence":99.91593170166016,"Geometry":{"BoundingBox":{"Height":0.016506163403391838,"Left":0.5024367570877075,"Top":0.2054128497838974,"Width":0.03429262340068817},"Polygon":[{"X":0.5024376511573792,"Y":0.20541338622570038},{"X":0.5367293953895569,"Y":0.2054128497838974},{"X":0.5367287397384644,"Y":0.22191861271858215},{"X":0.5024367570877075,"Y":0.2219190150499344}]},"Id":"fb7c4f09-1095-4079-a0a9-857a14e00ae3","Relationships":[{"Ids":["ba8f0b18-9ed9-4c01-"
14:55:33.915 [Test worker] DEBUG org.apache.http.wire - http-outgoing-0 << "881f-0b6b147b0c81"],"Type":"CHILD"}],"Text":"0515"},{"BlockType":"LINE","Confidence":99.70796203613281,"Geometry":{"BoundingBox":{"Height":0.016224496066570282,"Left":0.5420383810997009,"Top":0.2054494321346283,"Width":0.031169338151812553},"Polygon":[{"X":0.5420389771461487,"Y":0.2054499387741089},{"X":0.573207676410675,"Y":0.2054494321346283},{"X":0.5732073783874512,"Y":0.2216735"
14:55:33.916 [Test worker] DEBUG org.apache.http.wire - http-outgoing-0 << "6312274933},{"X":0.5420383810997009,"Y":0.22167393565177917}]},"Id":"32a2f639-0caf-4a26-ade5-57ff920c58a5","Relationships":[{"Ids":["2f48a289-6fd2-4480-847b-14e260cb58b4"],"Type":"CHILD"}],"Text":"BKK"},{"BlockType":"LINE","Confidence":99.95870971679688,"Geometry":{"BoundingBox":{"Height":0.016397954896092415,"Left":0.6230189800262451,"Top":0.2053776979446411,"Width":0.03466321900486946},"Polygon":[{"X":0.6230189800262451,"Y":0.20537824928760529},{"X":0.6576818823814392,"Y":0.2053776979446411},{"X":0.6576821804046631,"Y":0.22177524864673615},{"X":0.6230189800262451,"Y":0.22177565097808838}]},"Id":"b7dfcf74-7ecb-4366-93f7-e24d92b51a79","Relationships":[{"Ids":["1db800c1-d31e-4310-9bcd-88c6c93daecd"],"Type":"CHILD"}],"Text":"0150"},{"BlockType":"LINE","Confidence":97.44099426269531,"Geometry":{"BoundingBox":{"Height":0.01965128257870674,"Left":0.66319739818573,"Top":0.20545919239521027,"Width":0.15744566917419434},"Polygon":[{"X":0.66319739818573,"Y":0.20546168088912964},{"X":0.820641279220581,"Y":0.20545919239"
14:55:33.920 [Test worker] DEBUG org.apache.http.wire - http-outgoing-0 << "521027},{"X":0.8206430673599243,"Y":0.22510875761508942},{"X":0.6631978154182434,"Y":0.2251104712486267}]},"Id":"6175ae59-c789-42fd-a4bb-c6ec0e59b50a","Relationships":[{"Ids":["74e7a31c-9805-417c-ba37-b8cbce368437","8eb82df8-3904-4245-aef9-03baf4e1dc59","fa950a61-7ff0-4023-8a59-7bc7c2ab1ddf"],"Type":"CHILD"}],"Text":"Holiday Inn silom(7/12-)"},{"BlockType":"LINE","Confidence":99.9060287475586,"Geometry":{"BoundingBox":{"Height":0.01910051703453064,"Left":0.023074321448802948,"Top":0.22978860139846802,"Width":0.10682394355535507},"Polygon":[{"X":0.023079540580511093,"Y":0.2297896444797516},{"X":0.12989826500415802,"Y":0.22978860139846802},{"X":0.12989398837089539,"Y":0.24888859689235687},{"X":0.023074321448802948,"Y":0.24888911843299866}]},"Id":"5084aa94-7fee-4172-8ca1-ee5ae013c8b7","Relationships":[{"Ids":["f44d71b7-b7bb-4021-acec-902f438d389e","54e24549-dcb5-46d8-a29c-e21c281d5252"],"Type":"CHILD"}],"Text":"08Apr23 F2243"},{"BlockType":"LINE","Confidence":99.93743896484375,"Geometry":{"BoundingBox":{"Height":0.016133366152644157,"Left":0.23798459768295288,"Top":0.22998245060443878,"Width":0.03478921949863434},"Polygon":[{"X":0.23798741400241852,"Y":0.22998277842998505},{"X":0.272773802280426,"Y":0.22998245060443878},{"X":0.2727712392807007,"Y":0.24611561000347137},{"X":0.23798459768295288,"Y":0.2461158186197281}]},"Id":"c24f5fc8-d73b-4aea-b03c-4e068d4691be","Relationships":[{"Ids":["83c49950-8739-4d35-ac21-aab4c3d6d7e4"],"Type":"CHILD"}],"Text":"0045"},{"BlockType":"LINE","Confidence":99.95909881591797,"Geometry":{"BoundingBox":{"Height":0.016300661489367485,"Left":0.30005577206611633,"Top":0.2299289107322693,"Width":0.0725836530327797},"Polygon":[{"X":0.30005815625190735,"Y":0.2299296110868454},{"X":0.37263941764831543,"Y":0.2299289107322693},{"X":0.3726375699043274,"Y":0.2462291717529297},{"X":0.30005577206611633,"Y":0.24622957408428192}]},"Id":"9128ed40-1e8f-46da-93db-15dd0da9dd99","Relationships":[{"Ids":["35314e5b-b2e0-4eaf-836c-5793c339abae","32f63c88-e7d4-4b81-9e09-ce255bb144fd"],"Type":"CHILD"}],"Text":"1020 2206"},{"BlockType":"LINE","Confidence":99.7766342163086,"Geometry":{"BoundingBox":{"Height":0.015935789793729782,"Left":0.42168232798576355,"Top":0.2299986481666565,"Width":0.03064529411494732},"Polygon":[{"X":0.42168378829956055,"Y":0.22999894618988037},{"X":0.4523276388645172,"Y":0.2299986481666565},{"X":0.4523264169692993,"Y":0.24593426287174225},{"X":0.42168232798576355,"Y":0.24593444168567657}]},"Id":"2dc48be2-bec1-4560-b483-bfcca690804f","Relationships":[{"Ids":["88bb7d4a-b3c0-40fd-9d36-0efae0461b79"],"Type":"CHILD"}],"Text":"BKK"},{"BlockType":"LINE","Confidence":99.94656372070312,"Geometry":{"BoundingBox":{"Height":0.01643623784184456,"Left":0.5023784637451172,"Top":0.2297443151473999,"Width":0.034664496779441833},"Polygon":[{"X":0.5023793578147888,"Y":0.22974465787410736},{"X":0.5370429754257202,"Y":0.2297443151473999},{"X":0.5370423793792725,"Y":0.24618035554885864},{"X":0.5023784637451172,"Y":0.24618054926395416}]},"Id":"2bffe421-7d44-406c-b588-06e00448b1fe","Relationships":[{"Ids":["015b9e13-3348-49fd-979e-196c107bc668"],"Type":"CHILD"}],"Text":"0345"},{"BlockType":"LINE","Confidence":99.41342163085938,"Geometry":{"BoundingBox":{"Height":0.016096893697977066,"Left":0.5420495271682739,"Top":0.22992201149463654,"Width":0.026774484664201736},"Polygon":[{"X":0.5420500636100769,"Y":0.22992226481437683},{"X":0.5688239932060242,"Y":0.22992201149463654},{"X":0.5688236355781555,"Y":0.24601875245571136},{"X":0.5420495271682739,"Y":0.2460189014673233}]},"Id":"4cbaca13-01d9-4722-afbe-a0cd6447e195","Relationships":[{"Ids":["0ed87b3a-35a1-49f1-99ca-f6bcbb9c155a"],"Type":"CHILD"}],"Text":"ICN"},{"BlockType":"LINE","Confidence":99.94306945800781,"Geometry":{"BoundingBox":{"Height":0.016235999763011932,"Left":0.6230837106704712,"Top":0.22989387810230255,"Width":0.03430553153157234},"Polygon":[{"X":0.6230837106704712,"Y":0.22989420592784882},{"X":0.6573889851570129,"Y":0.22989387810230255},{"X":0.6573892831802368,"Y":0.24612967669963837},{"X":0.623083770275116,"Y":0.2461298704147339}]},"Id":"64ab0d46-9aa2-4526-8582-b0cc42616e9d","Relationships":[{"Ids":["8febbb17-d609-40d8-9ff5-2b9ead0d1cee"],"Type":"CHILD"}],"Text":"0920"},{"BlockType":"LINE","Confidence":99.89115905761719,"Geometry":{"BoundingBox":{"Height":0.016023853793740273,"Left":0.6634061932563782,"Top":0.23000948131084442,"Width":0.025161631405353546},"Polygon":[{"X":0.6634061932563782,"Y":0.23000971972942352},{"X":0.6885673403739929,"Y":0.23000948131084442},{"X":0.6885678172111511,"Y":0.2460331916809082},{"X":0.663406491279602,"Y":0.24603332579135895}]},"Id":"c55f1397-acb1-4aa7-8ee3-8c023bca0592","Relationships":[{"Ids":["3e9a6cfd-31c0-45c9-ba1a-0d827270cd9a"],"Type":"CHILD"}],"Text":"738"},{"BlockType":"LINE","Confidence":99.639892578125,"Geometry":{"BoundingBox":{"Height":0.01697213016450405,"Left":0.9643464088439941,"Top":0.22939583659172058,"Width":0.030776098370552063},"Polygon":[{"X":0.9643464088439941,"Y":0.22939613461494446},{"X":0.995119571685791,"Y":0.22939583659172058},{"X":0.995122492313385,"Y":0.24636778235435486},{"X":0.964349091053009,"Y":0.24636796116828918}]},"Id":"e3f9f592-54b1-404c-a479-3831eb0a6bac","Relationships":[{"Ids":["c1b4cf78-b0b4-40d5-8ed9-1d5f553140c7"],"Type":"CHILD"}],"Text":"5:35"},{"BlockType":"LINE","Confidence":99.90433502197266,"Geometry":{"BoundingBox":{"Height":0.018650591373443604,"Left":0.023806294426321983,"Top":0.2542167901992798,"Width":0.05739826336503029},"Polygon":[{"X":0.02381138503551483,"Y":0.2542169988155365},{"X":0.08120455592870712,"Y":0.2542167901992798},{"X":0.08119995146989822,"Y":0.2728673815727234},{"X":0.023806294426321983,"Y":0.2728673219680786}]},"Id":"63b49902-640d-426d-bba8-f741dc4c86d4","Relationships":[{"Ids":["08c34fd7-d943-451e-b879-b8fa6b0158b0"],"Type":"CHILD"}],"Text":"09Apr23"},{"BlockType":"LINE","Confidence":99.98065948486328,"Geometry":{"BoundingBox":{"Height":0.016186531633138657,"Left":0.33829349279403687,"Top":0.2541539967060089,"Width":0.030459657311439514},"Polygon":[{"X":0.3382956087589264,"Y":0.25415411591529846},{"X":0.3687531650066376,"Y":0.2541539967060089},{"X":0.36875128746032715,"Y":0.27034053206443787},{"X":0.33829349279403687,"Y":0.2703405022621155}]},"Id":"2f1ad1c9-a638-4540-978f-1be4c9b99287","Relationships":[{"Ids":["7558e7af-97f4-418e-bb3e-e444ced241e0"],"Type":"CHILD"}],"Text":"OFF"},{"BlockType":"LINE","Confidence":99.86053466796875,"Geometry":{"BoundingBox":{"Height":0.01646440103650093,"Left":0.421568363904953,"Top":0.2539232671260834,"Width":0.03438427299261093},"Polygon":[{"X":0.4215698540210724,"Y":0.2539233863353729},{"X":0.45595264434814453,"Y":0.2539232671260834},{"X":0.45595139265060425,"Y":0.2703876495361328},{"X":0.421568363904953,"Y":0.2703876495361328}]},"Id":"5d9eb36e-429e-4b93-a055-c96dc64bef2d","Relationships":[{"Ids":["81fc7a99-c871-4c81-9ed4-6e1b9b020dea"],"Type":"CHILD"}],"Text":"GMP"},{"BlockType":"LINE","Confidence":99.91360473632812,"Geometry":{"BoundingBox":{"Height":0.015789352357387543,"Left":0.5024102926254272,"Top":0.2546713650226593,"Width":0.03444625437259674},"Polygon":[{"X":0.5024111866950989,"Y":0.25467148423194885},{"X":0.5368565917015076,"Y":0.2546713650226593},{"X":0.536855936050415,"Y":0.27046072483062744},{"X":0.5024102926254272,"Y":0.27046069502830505}]},"Id":"b0f7e222-22cf-4738-80fc-ec3147aa70f4","Relationships":[{"Ids":["72dd9a8e-7bb9-4859-869a-14909725786c"],"Type":"CHILD"}],"Text":"0000"},{"BlockType":"LINE","Confidence":99.92467498779297,"Geometry":{"BoundingBox":{"Height":0.016463959589600563,"Left":0.5422503352165222,"Top":0.25394970178604126,"Width":0.0345366895198822},"Polygon":[{"X":0.54225093126297,"Y":0.2539498209953308},{"X":0.5767870545387268,"Y":0.25394970178604126},{"X":0.5767866969108582,"Y":0.27041366696357727},{"X":0.5422503352165222,"Y":0.2704136371612549}]},"Id":"90561de2-4c74-4e75-ba96-48f4ac32c324","Relationships":[{"Ids":["8e5cc4a8-fae2-4e06-a6fe-1a65f4b597bf"],"Type":"CHILD"}],"Text":"GMP"},{"BlockType":"LINE","Confidence":99"
14:55:33.924 [Test worker] DEBUG org.apache.http.wire - http-outgoing-0 << ".96759033203125,"Geometry":{"BoundingBox":{"Height":0.01661699078977108,"Left":0.6229615807533264,"Top":0.25406038761138916,"Width":0.03451012820005417},"Polygon":[{"X":0.6229615807533264,"Y":0.2540605068206787},{"X":0.6574714183807373,"Y":0.25406038761138916},{"X":0.6574717164039612,"Y":0.270677387714386},{"X":0.6229616403579712,"Y":0.2706773579120636}]},"Id":"6cb004ae-429d-4821-9b55-be0e2fabb84a","Relationships":[{"Ids":["fab1838f-4445-453e-99e5-2da503ee8d1c"],"Type":"CHILD"}],"Text":"2359"},{"BlockType":"LINE","Confidence":99.90526580810547,"Geometry":{"BoundingBox":{"Height":0.018620464950799942,"Left":0.0252295583486557,"Top":0.2803462743759155,"Width":0.05618433281779289},"Polygon":[{"X":0.025234626606106758,"Y":0.2803462743759155},{"X":0.08141389489173889,"Y":0.28034645318984985},{"X":0.08140929788351059,"Y":0.29896673560142517},{"X":0.0252295583486557,"Y":0.29896631836891174}]},"Id":"429c228f-bbe5-4bee-a379-83fe01536825","Relationships":[{"Ids":["41b38614-6921-4fe1-ae80-876925b3e909"],"Type":"CHILD"}],"Text":"10Apr23"},{"BlockType":"LINE","Confidence":99.98004913330078,"Geometry":{"BoundingBox":{"Height":0.016533149406313896,"Left":0.3382079303264618,"Top":0.27995437383651733,"Width":0.0304903332144022},"Polygon":[{"X":0.3382100462913513,"Y":0.27995437383651733},{"X":0.36869823932647705,"Y":0.2799544632434845},{"X":0.36869633197784424,"Y":0.2964875102043152},{"X":0.3382079303264618,"Y":0.29648730158805847}]},"Id":"eb701475-1e1b-4347-a881-5885ca36f90a","Relationships":[{"Ids":["dbe19f25-38ff-4382-9471-f35061456cc7"],"Type":"CHILD"}],"Text":"OFF"},{"BlockType":"LINE","Confidence":99.87539672851562,"Geometry":{"BoundingBox":{"Height":0.016638413071632385,"Left":0.42157623171806335,"Top":0.2799583077430725,"Width":0.034430131316185},"Polygon":[{"X":0.4215777516365051,"Y":0.2799583077430725},{"X":0.45600634813308716,"Y":0.27995842695236206},{"X":0.4560050964355469,"Y":0.2965967357158661},{"X":0.42157623171806335,"Y":0.296596497297287}]},"Id":"2eb474ea-24b7-4758-8cd6-84df8c486c87","Relationships":[{"Ids":["59746c11-d5ad-4a57-a602-093f46efd0df"],"Type":"CHILD"}],"Text":"GMP"},{"BlockType":"LINE","Confidence":99.87992858886719,"Geometry":{"BoundingBox":{"Height":0.016557039692997932,"Left":0.5022954344749451,"Top":0.280173659324646,"Width":0.03462744504213333},"Polygon":[{"X":0.5022963881492615,"Y":0.280173659324646},{"X":0.5369229316711426,"Y":0.28017374873161316},{"X":0.53692227602005,"Y":0.2967306971549988},{"X":0.5022954344749451,"Y":0.2967304289340973}]},"Id":"703fe425-b391-4231-b9f8-8770085fb16b","Relationships":[{"Ids":["e8924710-03e9-4dd5-9cbf-be871dc30725"],"Type":"CHILD"}],"Text":"0000"},{"BlockType":"LINE","Confidence":99.92649841308594,"Geometry":{"BoundingBox":{"Height":0.01592991128563881,"Left":0.5425992608070374,"Top":0.2804056704044342,"Width":0.034239478409290314},"Polygon":[{"X":0.5425997972488403,"Y":0.2804056704044342},{"X":0.5768387317657471,"Y":0.28040575981140137},{"X":0.5768383741378784,"Y":0.2963355779647827},{"X":0.5425992608070374,"Y":0.2963353395462036}]},"Id":"758a2222-11be-45c6-a652-f73a15358931","Relationships":[{"Ids":["f26b5df6-991a-4c72-a1d8-58a524097c66"],"Type":"CHILD"}],"Text":"GMP"},{"BlockType":"LINE","Confidence":99.93197631835938,"Geometry":{"BoundingBox":{"Height":0.016767039895057678,"Left":0.6230080127716064,"Top":0.2799037992954254,"Width":0.03465940058231354},"Polygon":[{"X":0.6230080127716064,"Y":0.2799037992954254},{"X":0.6576671600341797,"Y":0.2799038887023926},{"X":0.6576673984527588,"Y":0.2966708242893219},{"X":0.6230080127716064,"Y":0.2966705858707428}]},"Id":"27e979a9-3eb3-47de-8ee7-b6f0b21b0987","Relationships":[{"Ids":["4aa15c04-e30f-490a-bd99-aea299c8a583"],"Type":"CHILD"}],"Text":"2359"},{"BlockType":"LINE","Confidence":99.89448547363281,"Geometry":{"BoundingBox":{"Height":0.018805501982569695,"Left":0.025333402678370476,"Top":0.3044039011001587,"Width":0.11475202441215515},"Polygon":[{"X":0.02533852308988571,"Y":0.3044039011001587},{"X":0.14008542895317078,"Y":0.30440494418144226},{"X":0.14008130133152008,"Y":0.32320940494537354},{"X":0.025333402678370476,"Y":0.323207825422287}]},"Id":"f2650dcb-bff5-4cdc-8188-84c465b68eb9","Relationships":[{"Ids":["913deaca-5ca3-4cc7-9e5d-9a674d5861e0","19d1d2a9-5100-446f-bafc-92a121c63eb2"],"Type":"CHILD"}],"Text":"11Apr23 F3102A"},{"BlockType":"LINE","Confidence":99.90731811523438,"Geometry":{"BoundingBox":{"Height":0.016797609627246857,"Left":0.16963675618171692,"Top":0.30435889959335327,"Width":0.04390609264373779},"Polygon":[{"X":0.16964022815227509,"Y":0.30435889959335327},{"X":0.2135428488254547,"Y":0.3043592870235443},{"X":0.213539719581604,"Y":0.32115650177001953},{"X":0.16963675618171692,"Y":0.3211559057235718}]},"Id":"d9125dc6-d185-4bd1-96d4-7e5e9c9949e4","Relationships":[{"Ids":["52f4e148-93b4-4324-b17a-2743ee565a7f"],"Type":"CHILD"}],"Text":"OBCA"},{"BlockType":"LINE","Confidence":99.94688415527344,"Geometry":{"BoundingBox":{"Height":0.01609860733151436,"Left":0.23793122172355652,"Top":0.3048169016838074,"Width":0.03474036976695061},"Polygon":[{"X":0.23793403804302216,"Y":0.3048169016838074},{"X":0.27267158031463623,"Y":0.30481722950935364},{"X":0.2726690173149109,"Y":0.3209155201911926},{"X":0.23793122172355652,"Y":0.3209150433540344}]},"Id":"6c3f0a3a-151d-4611-b80b-c0cc4cd87fb6","Relationships":[{"Ids":["13169d3b-fac2-4725-b15d-8d6bd1196515"],"Type":"CHILD"}],"Text":"0830"},{"BlockType":"LINE","Confidence":99.86073303222656,"Geometry":{"BoundingBox":{"Height":0.01645572856068611,"Left":0.33819302916526794,"Top":0.30450281500816345,"Width":0.0343499481678009},"Polygon":[{"X":0.33819514513015747,"Y":0.30450281500816345},{"X":0.37254297733306885,"Y":0.30450311303138733},{"X":0.3725410997867584,"Y":0.32095855474472046},{"X":0.33819302916526794,"Y":0.32095807790756226}]},"Id":"446ff25c-c78c-494c-afee-5589b9356c98","Relationships":[{"Ids":["c7b1f19a-2640-44a1-8abd-4721703a7d61"],"Type":"CHILD"}],"Text":"3102"},{"BlockType":"LINE","Confidence":99.69252014160156,"Geometry":{"BoundingBox":{"Height":0.016062036156654358,"Left":0.4219669699668884,"Top":0.30481404066085815,"Width":0.026178615167737007},"Polygon":[{"X":0.4219684302806854,"Y":0.30481404066085815},{"X":0.4481455683708191,"Y":0.30481427907943726},{"X":0.4481443166732788,"Y":0.3208760917186737},{"X":0.4219669699668884,"Y":0.32087573409080505}]},"Id":"354524d1-90e2-4cdf-8b23-eb2abaee1acf","Relationships":[{"Ids":["6e1cde2e-bc44-4bd7-a345-4a9737ad7dfb"],"Type":"CHILD"}],"Text":"ICN"},{"BlockType":"LINE","Confidence":99.9720458984375,"Geometry":{"BoundingBox":{"Height":0.016068030148744583,"Left":0.5040469169616699,"Top":0.30484992265701294,"Width":0.03296242281794548},"Polygon":[{"X":0.5040477514266968,"Y":0.30484992265701294},{"X":0.5370092988014221,"Y":0.3048502206802368},{"X":0.5370087027549744,"Y":0.32091793417930603},{"X":0.5040469169616699,"Y":0.3209175169467926}]},"Id":"7c9b42b8-7a7a-4cb0-9055-62b389cc7e83","Relationships":[{"Ids":["4bcd754f-f229-4bae-8b3c-33eee076ca22"],"Type":"CHILD"}],"Text":"1040"},{"BlockType":"LINE","Confidence":99.88109588623047,"Geometry":{"BoundingBox":{"Height":0.015954863280057907,"Left":0.5422645211219788,"Top":0.3048264682292938,"Width":0.035379014909267426},"Polygon":[{"X":0.5422651171684265,"Y":0.3048264682292938},{"X":0.5776435136795044,"Y":0.3048267960548401},{"X":0.5776432156562805,"Y":0.32078132033348083},{"X":0.5422645211219788,"Y":0.32078084349632263}]},"Id":"3dd485a2-61b6-4b2a-ba49-1792f79428d3","Relationships":[{"Ids":["e8601782-d635-42b3-b473-09889cd99d09"],"Type":"CHILD"}],"Text":"GUM"},{"BlockType":"LINE","Confidence":99.9427490234375,"Geometry":{"BoundingBox":{"Height":0.015835123136639595,"Left":0.624548614025116,"Top":0.30499187111854553,"Width":0.03285268694162369},"Polygon":[{"X":0.624548614025116,"Y":0.30499187111854553},{"X":0.6574010252952576,"Y":0.3049921989440918},{"X":0.6574012637138367,"Y":0.32082700729370117},{"X":0.624548614025116,"Y":0.32082656025886536}]},"Id":"0d6d1f2b-ceb9-4934-b474-7ff98a5ecc39","Relationships":[{"Ids":["05959"
14:55:33.928 [Test worker] DEBUG org.apache.http.wire - http-outgoing-0 << "680-07e5-4783-8d7b-c747fef1d7c2"],"Type":"CHILD"}],"Text":"1505"},{"BlockType":"LINE","Confidence":99.88619232177734,"Geometry":{"BoundingBox":{"Height":0.016083629801869392,"Left":0.6632075905799866,"Top":0.30479493737220764,"Width":0.025205641984939575},"Polygon":[{"X":0.6632075905799866,"Y":0.30479493737220764},{"X":0.6884127259254456,"Y":0.30479517579078674},{"X":0.688413262367"
14:55:33.928 [Test worker] DEBUG org.apache.http.wire - http-outgoing-0 << "2485,"Y":0.3208785653114319},{"X":0.6632078886032104,"Y":0.3208782374858856}]},"Id":"062cb0cf-0617-4eb7-be9a-b8d28bd57493","Relationships":[{"Ids":["440b1994-3e7a-4fa9-9775-49b97e58ae3e"],"Type":"CHILD"}],"Text":"738"},{"BlockType":"LINE","Confidence":99.08998107910156,"Geometry":{"BoundingBox":{"Height":0.015865541994571686,"Left":0.9639537930488586,"Top":0.30505675077438354,"Width":0.03083018586039543},"Polygon":[{"X":0.9639537930488586,"Y":0.30505675077438354},{"X":0.9947812557220459,"Y":0.3050570487976074},{"X":0.9947839975357056,"Y":0.320922315120697},{"X":0.9639562964439392,"Y":0.3209218978881836}]},"Id":"57a0dadd-a3fb-4e63-89c2-ee44d427dbeb","Relationships":[{"Ids":["1ca1eade-d969-4cbf-b262-e6ab27947ac4"],"Type":"CHILD"}],"Text":"4:25"},{"BlockType":"LINE","Confidence":99.73738861083984,"Geometry":{"BoundingBox":{"Height":0.0162048302590847,"Left":0.17011843621730804,"Top":0.3288820683956146,"Width":0.022292999550700188},"Polygon":[{"X":0.17012177407741547,"Y":0.3288820683956146},{"X":0.192411437630653"
14:55:33.931 [Test worker] DEBUG org.apache.http.wire - http-outgoing-0 << "38,"Y":0.3288824260234833},{"X":0.1924082636833191,"Y":0.3450869023799896},{"X":0.17011843621730804,"Y":0.3450864851474762}]},"Id":"e7285f27-0b7e-455e-831b-d2ea9b87db74","Relationships":[{"Ids":["61ef31ae-8e0c-476c-af53-70ee939e9c99"],"Type":"CHILD"}],"Text":"DH"},{"BlockType":"LINE","Confidence":99.91667175292969,"Geometry":{"BoundingBox":{"Height":0.016858596354722977,"Left":0.299191951751709,"Top":0.32858583331108093,"Width":0.07171875983476639},"Polygon":[{"X":0.29919442534446716,"Y":0.32858583331108093},{"X":0.3709107041358948,"Y":0.3285869061946869},{"X":0.3709087669849396,"Y":0.3454444408416748},{"X":0.299191951751709,"Y":0.3454430401325226}]},"Id":"f6173dc1-ea62-4894-b40f-86e4989f60e8","Relationships":[{"Ids":["9c7098a8-a05f-4820-936b-53b2c3ef0b18","cf1af687-82fc-432b-8f6f-0986e3f9b245"],"Type":"CHILD"}],"Text":"2210 3101"},{"BlockType":"LINE","Confidence":99.85833740234375,"Geometry":{"BoundingBox":{"Height":0.016690567135810852,"Left":0.4216839671134949,"Top":0.32862144708633423,"Width":0.035257335752248764},"Polygon":[{"X":0.42168548703193665,"Y":0.32862144708633423},{"X":0.45694130659103394,"Y":0.3286219537258148},{"X":0.45694005489349365,"Y":0.3453119993209839},{"X":0.4216839671134949,"Y":0.34531131386756897}]},"Id":"c46ec3ce-9617-4fab-abca-9f04415957b6","Relationships":[{"Ids":["b4f5e441-c5a0-4ccf-8012-680025fa17f8"],"Type":"CHILD"}],"Text":"GUM"},{"BlockType":"LINE","Confidence":99.85598754882812,"Geometry":{"BoundingBox":{"Height":0.016807451844215393,"Left":0.5039278864860535,"Top":0.328682005405426,"Width":0.03286898881196976},"Polygon":[{"X":0.5039287805557251,"Y":0.328682005405426},{"X":0.5367968678474426,"Y":0.32868248224258423},{"X":0.5367962718009949,"Y":0.3454894423484802},{"X":0.5039278864860535,"Y":0.3454888164997101}]},"Id":"bf647f7e-c97f-41ea-aebd-f27cccc9e075","Relationships":[{"Ids":["b3623dc3-771a-4abc-8a70-89b9b2c45f74"],"Type":"CHILD"}],"Text":"1610"},{"BlockType":"LINE","Confidence":99.75665283203125,"Geometry":{"BoundingBox":{"Height":0.016620393842458725,"Left":0.5418617725372314,"Top":0.3286791145801544,"Width":0.02710651233792305},"Polygon":[{"X":0.5418623685836792,"Y":0.3286791145801544},{"X":0.5689682364463806,"Y":0.32867953181266785},{"X":0.568967878818512,"Y":0.34529951214790344},{"X":0.5418617725372314,"Y":0.34529897570610046}]},"Id":"ce0eb363-f56a-4be6-99d3-859827508f9f","Relationships":[{"Ids":["ef8e4c23-f33b-47b2-b150-0c55a31819b6"],"Type":"CHILD"}],"Text":"ICN"},{"BlockType":"LINE","Confidence":99.97463989257812,"Geometry":{"BoundingBox":{"Height":0.016576770693063736,"Left":0.6232603192329407,"Top":0.32868701219558716,"Width":0.03369833156466484},"Polygon":[{"X":0.6232603192329407,"Y":0.32868701219558716},{"X":0.6569583415985107,"Y":0.32868751883506775},{"X":0.6569586396217346,"Y":0.3452637791633606},{"X":0.6232603192329407,"Y":0.34526312351226807}]},"Id":"a3f58fc7-9ef8-4563-90bd-45824a5b554e","Relationships":[{"Ids":["c0a2b78d-c9b7-4597-93b9-9c9a664ab85a"],"Type":"CHILD"}],"Text":"2110"},{"BlockType":"LINE","Confidence":99.89927673339844,"Geometry":{"BoundingBox":{"Height":0.0165418554097414,"Left":0.6633509397506714,"Top":0.32864493131637573,"Width":0.02533157728612423},"Polygon":[{"X":0.6633509397506714,"Y":0.32864493131637573},{"X":0.6886820197105408,"Y":0.3286453187465668},{"X":0.6886825561523438,"Y":0.3451867699623108},{"X":0.66335129737854,"Y":0.3451862931251526}]},"Id":"8a9a95aa-8694-407a-94e8-ffd5b334075f","Relationships":[{"Ids":["8a19f25f-fb54-417d-bcb9-f06c8695ca83"],"Type":"CHILD"}],"Text":"738"},{"BlockType":"LINE","Confidence":99.86846160888672,"Geometry":{"BoundingBox":{"Height":0.01841351017355919,"Left":0.02506517805159092,"Top":0.3551570475101471,"Width":0.05625840649008751},"Polygon":[{"X":0.02507019229233265,"Y":0.3551570475101471},{"X":0.08132358640432358,"Y":0.355158269405365},{"X":0.08131904155015945,"Y":0.3735705614089966},{"X":0.02506517805159092,"Y":0.3735690712928772}]},"Id":"20dbd04a-f190-48fe-af4c-0f242a6b3db2","Relationships":[{"Ids":["60dacdd0-0c13-471d-9a37-706327558055"],"Type":"CHILD"}],"Text":"12Apr23"},{"BlockType":"LINE","Confidence":99.95732116699219,"Geometry":{"BoundingBox":{"Height":0.01573961228132248,"Left":0.2395244687795639,"Top":0.35543039441108704,"Width":0.03162602707743645},"Polygon":[{"X":0.23952721059322357,"Y":0.35543039441108704},{"X":0.27115049958229065,"Y":0.35543107986450195},{"X":0.2711479663848877,"Y":0.3711700141429901},{"X":0.2395244687795639,"Y":0.37116917967796326}]},"Id":"87683997-3586-4cda-9902-eb563755adb3","Relationships":[{"Ids":["17532e21-d36a-42b3-af38-d9d27ab3d0fe"],"Type":"CHILD"}],"Text":"1201"},{"BlockType":"LINE","Confidence":99.93138885498047,"Geometry":{"BoundingBox":{"Height":0.01671927608549595,"Left":0.2993342876434326,"Top":0.3547999858856201,"Width":0.06671284884214401},"Polygon":[{"X":0.2993367314338684,"Y":0.3547999858856201},{"X":0.36604711413383484,"Y":0.3548014461994171},{"X":0.36604517698287964,"Y":0.3715192675590515},{"X":0.2993342876434326,"Y":0.371517539024353}]},"Id":"73dc4db5-3141-4844-a7b2-f91ee3e30c5a","Relationships":[{"Ids":["50d0efbb-c6a8-48b0-90dc-95668a731a08","a568f6b3-5a1c-4083-8a98-b2af4ab1d646"],"Type":"CHILD"}],"Text":"2200 SB1"},{"BlockType":"LINE","Confidence":99.91012573242188,"Geometry":{"BoundingBox":{"Height":0.016028594225645065,"Left":0.42168667912483215,"Top":0.3551810383796692,"Width":0.03406476601958275},"Polygon":[{"X":0.42168813943862915,"Y":0.3551810383796692},{"X":0.4557514488697052,"Y":0.3551817834377289},{"X":0.4557502269744873,"Y":0.37120965123176575},{"X":0.42168667912483215,"Y":0.3712087571620941}]},"Id":"59fd891c-86d4-42d8-bc9c-698eaa0b7969","Relationships":[{"Ids":["86fba6a3-bc0e-493a-a599-6734047d8d9f"],"Type":"CHILD"}],"Text":"GMP"},{"BlockType":"LINE","Confidence":99.95125579833984,"Geometry":{"BoundingBox":{"Height":0.016189033165574074,"Left":0.5038116574287415,"Top":0.3551478087902069,"Width":0.03196534886956215},"Polygon":[{"X":0.5038125514984131,"Y":0.3551478087902069},{"X":0.5357770323753357,"Y":0.3551485240459442},{"X":0.5357763767242432,"Y":0.37133684754371643},{"X":0.5038116574287415,"Y":0.3713360130786896}]},"Id":"bea93b01-1c16-4536-96da-f2b3407e95e3","Relationships":[{"Ids":["116a1e05-da17-44dc-9f78-65a20ba798d9"],"Type":"CHILD"}],"Text":"1201"},{"BlockType":"LINE","Confidence":99.93013763427734,"Geometry":{"BoundingBox":{"Height":0.016177533194422722,"Left":0.5424584150314331,"Top":0.35508134961128235,"Width":0.034267690032720566},"Polygon":[{"X":0.5424589514732361,"Y":0.35508134961128235},{"X":0.5767260789871216,"Y":0.35508212447166443},{"X":0.5767257809638977,"Y":0.3712588846683502},{"X":0.5424584150314331,"Y":0.371258020401001}]},"Id":"611e0999-1815-4d47-aa0f-80cbcb15129c","Relationships":[{"Ids":["605a94a4-9605-43be-8d7c-4b0d942632b1"],"Type":"CHILD"}],"Text":"GMP"},{"BlockType":"LINE","Confidence":99.98699188232422,"Geometry":{"BoundingBox":{"Height":0.016623355448246002,"Left":0.6231808662414551,"Top":0.3547464609146118,"Width":0.034452833235263824},"Polygon":[{"X":0.6231808662414551,"Y":0.3547464609146118},{"X":0.6576334238052368,"Y":0.3547472059726715},{"X":0.6576336622238159,"Y":0.3713698089122772},{"X":0.6231808662414551,"Y":0.3713689148426056}]},"Id":"a1ade6a4-6551-43ee-b8cc-c64e3a6fce71","Relationships":[{"Ids":["67b07da5-8ea9-407f-9c81-a67c44797c09"],"Type":"CHILD"}],"Text":"2200"},{"BlockType":"LINE","Confidence":99.912841796875,"Geometry":{"BoundingBox":{"Height":0.018251826986670494,"Left":0.02516842633485794,"Top":0.3796736001968384,"Width":0.05601842701435089},"Polygon":[{"X":0.02517339587211609,"Y":0.3796736001968384},{"X":0.08118685334920883,"Y":0.3796751797199249},{"X":0.08118235319852829,"Y":0.3979254364967346},{"X":0.02516842633485794,"Y":0.3979235887527466}]},"Id":"a3284203-72df-4e56-89eb-caacc5a3f8a9","Relationships":[{"Ids":["6c3b26da-d1a5-4168-a565-519dcdd66667"],"Type":"CHILD"}],"Text":"13Apr23"},{"BlockType":"LINE","Confidence":99.94015502929688,"Geometry":{"BoundingBox":{"Height":0.016104387119412422,"Left":0.2380678951740265,"Top":"
14:55:33.934 [Test worker] DEBUG org.apache.http.wire - http-outgoing-0 << "0.3795635998249054,"Width":0.03465729579329491},"Polygon":[{"X":0.23807072639465332,"Y":0.3795635998249054},{"X":0.2727251946926117,"Y":0.3795645833015442},{"X":0.27272263169288635,"Y":0.39566799998283386},{"X":0.2380678951740265,"Y":0.3956668972969055}]},"Id":"fb7222a7-c019-4b2b-8b70-c04a3b745f64","Relationships":[{"Ids":["45225c96-b069-4ef5-a0a0-371868e2be2b"],"Type":"CHILD"}],"Text":"0900"},{"BlockType":"LINE","Confidence":99.89696502685547,"Geometry":{"BoundingBox":{"Height":0.016521746292710304,"Left":0.2998323440551758,"Top":0.3792133629322052,"Width":0.06917339563369751},"Polygon":[{"X":0.2998347580432892,"Y":0.3792133629322052},{"X":0.3690057396888733,"Y":0.3792153000831604},{"X":0.3690038323402405,"Y":0.39573511481285095},{"X":0.2998323440551758,"Y":0.39573290944099426}]},"Id":"99707754-26ae-4b1f-982e-5d1d27859001","Relationships":[{"Ids":["b10fbdb5-79ba-4c99-8ddc-c7f3012c380b","55d1bcd4-e37d-4e49-a325-a42dd6b98676"],"Type":"CHILD"}],"Text":"1800 TBA"},{"BlockType":"LINE","Confidence":99.93781280517578,"Geometry":{"BoundingBox":{"Height":0.016218623146414757,"Left":0.42161113023757935,"Top":0.3792714774608612,"Width":0.0345795564353466},"Polygon":[{"X":0.42161262035369873,"Y":0.3792714774608612},{"X":0.45619067549705505,"Y":0.3792724609375},{"X":0.45618948340415955,"Y":0.3954901099205017},{"X":0.42161113023757935,"Y":0.39548900723457336}]},"Id":"c02a1409-e9d7-4cfa-91ed-0b696bb1b4fd","Relationships":[{"Ids":["076ac456-aec7-49c5-8a75-3cbf25eff4f5"],"Type":"CHILD"}],"Text":"GMP"},{"BlockType":"LINE","Confidence":99.89696502685547,"Geometry":{"BoundingBox":{"Height":0.01630382426083088,"Left":0.5023748874664307,"Top":0.3793553411960602,"Width":0.03462299332022667},"Polygon":[{"X":0.5023757815361023,"Y":0.3793553411960602},{"X":0.5369978547096252,"Y":0.379356324672699},{"X":0.5369972586631775,"Y":0.3956591784954071},{"X":0.5023748874664307,"Y":0.39565807580947876}]},"Id":"90c1cfdc-66a4-4be1-b7ff-12d741d12137","Relationships":[{"Ids":["0f3c3496-d77b-4d21-b8d4-4833504eb4f3"],"Type":"CHILD"}],"Text":"0900"},{"BlockType":"LINE","Confidence":99.93912506103516,"Geometry":{"BoundingBox":{"Height":0.015976304188370705,"Left":0.5424826741218567,"Top":0.3793506622314453,"Width":0.03446570038795471},"Polygon":[{"X":0.5424832105636597,"Y":0.3793506622314453},{"X":0.576948344707489,"Y":0.3793516159057617},{"X":0.5769480466842651,"Y":0.39532697200775146},{"X":0.5424826741218567,"Y":0.3953258693218231}]},"Id":"cb288132-4726-4789-be01-83b0d4c0bc4b","Relationships":[{"Ids":["6d9d6777-7d05-4821-9010-90d1c3493499"],"Type":"CHILD"}],"Text":"GMP"},{"BlockType":"LINE","Confidence":99.97520446777344,"Geometry":{"BoundingBox":{"Height":0.015714170411229134,"Left":0.6247313022613525,"Top":0.37967488169670105,"Width":0.03281170874834061},"Polygon":[{"X":0.6247313022613525,"Y":0.37967488169670105},{"X":0.6575427651405334,"Y":0.37967580556869507},{"X":0.6575430035591125,"Y":0.3953890800476074},{"X":0.6247313618659973,"Y":0.39538800716400146}]},"Id":"635b9059-4b39-4ec1-92c7-c8dcb141b776","Relationships":[{"Ids":["a23bc8fc-7091-4a0d-8d02-bd6c3ba86789"],"Type":"CHILD"}],"Text":"1800"},{"BlockType":"LINE","Confidence":99.86469268798828,"Geometry":{"BoundingBox":{"Height":0.01814001426100731,"Left":0.0253243800252676,"Top":0.4039258360862732,"Width":0.05572224035859108},"Polygon":[{"X":0.025329317897558212,"Y":0.4039258360862732},{"X":0.08104661852121353,"Y":0.403927743434906},{"X":0.08104214817285538,"Y":0.4220658540725708},{"X":0.0253243800252676,"Y":0.4220636785030365}]},"Id":"7094bd76-dd1a-4cfc-be75-0a409016f255","Relationships":[{"Ids":["455312cb-5b4b-4eff-b8d1-844a53d93fb4"],"Type":"CHILD"}],"Text":"14Apr23"},{"BlockType":"LINE","Confidence":99.98326873779297,"Geometry":{"BoundingBox":{"Height":0.01616091839969158,"Left":0.3382357954978943,"Top":0.4037521183490753,"Width":0.030387289822101593},"Polygon":[{"X":0.3382378816604614,"Y":0.4037521183490753},{"X":0.3686230778694153,"Y":0.4037531614303589},{"X":0.36862123012542725,"Y":0.41991302371025085},{"X":0.3382357954978943,"Y":0.41991186141967773}]},"Id":"b6533ca7-85a4-406f-94f0-56ca53e004b6","Relationships":[{"Ids":["7303b04a-2764-4b0e-87b4-81d863ca2062"],"Type":"CHILD"}],"Text":"OFF"},{"BlockType":"LINE","Confidence":99.88584899902344,"Geometry":{"BoundingBox":{"Height":0.016577014699578285,"Left":0.4214863181114197,"Top":0.4034399390220642,"Width":0.034574344754219055},"Polygon":[{"X":0.42148783802986145,"Y":0.4034399390220642},{"X":0.4560606777667999,"Y":0.40344110131263733},{"X":0.45605942606925964,"Y":0.42001694440841675},{"X":0.4214863181114197,"Y":0.4200156331062317}]},"Id":"5358d471-f85f-4991-9326-e304031d79de","Relationships":[{"Ids":["66356a80-3312-4a5d-89d2-13ebc317db58"],"Type":"CHILD"}],"Text":"GMP"},{"BlockType":"LINE","Confidence":99.87153625488281,"Geometry":{"BoundingBox":{"Height":0.01625088043510914,"Left":0.5023457407951355,"Top":0.40397754311561584,"Width":0.03457241132855415},"Polygon":[{"X":0.5023466348648071,"Y":0.40397754311561584},{"X":0.5369181632995605,"Y":0.40397870540618896},{"X":0.5369175672531128,"Y":0.42022842168807983},{"X":0.5023457407951355,"Y":0.4202271103858948}]},"Id":"70df4bbd-0f19-4a72-95c5-26cc60ca6268","Relationships":[{"Ids":["d7b8ba35-97b3-4624-87bd-1e5557998626"],"Type":"CHILD"}],"Text":"0000"},{"BlockType":"LINE","Confidence":99.93630981445312,"Geometry":{"BoundingBox":{"Height":0.016733769327402115,"Left":0.5422667264938354,"Top":0.40328675508499146,"Width":0.03450224548578262},"Polygon":[{"X":0.5422673225402832,"Y":0.40328675508499146},{"X":0.5767689943313599,"Y":0.4032879173755646},{"X":0.5767686367034912,"Y":0.42002052068710327},{"X":0.5422667264938354,"Y":0.4200192093849182}]},"Id":"5ebcced7-a161-4b53-8075-893f99471151","Relationships":[{"Ids":["6029cfcc-9ffb-41de-90f3-db5603b7164e"],"Type":"CHILD"}],"Text":"GMP"},{"BlockType":"LINE","Confidence":99.96324157714844,"Geometry":{"BoundingBox":{"Height":0.016774842515587807,"Left":0.6230064630508423,"Top":0.4035700261592865,"Width":0.03458792716264725},"Polygon":[{"X":0.6230064630508423,"Y":0.4035700261592865},{"X":0.6575941443443298,"Y":0.403571218252182},{"X":0.6575943827629089,"Y":0.42034488916397095},{"X":0.6230065226554871,"Y":0.4203435480594635}]},"Id":"295bed7c-2e3e-41b2-8e60-a8aaedcea978","Relationships":[{"Ids":["ed49c488-a82f-481a-8f33-eb6e64fd9859"],"Type":"CHILD"}],"Text":"2359"},{"BlockType":"LINE","Confidence":99.84461975097656,"Geometry":{"BoundingBox":{"Height":0.01896090805530548,"Left":0.025378821417689323,"Top":0.429529070854187,"Width":0.10459291934967041},"Polygon":[{"X":0.025383980944752693,"Y":0.429529070854187},{"X":0.12997174263000488,"Y":0.42953330278396606},{"X":0.12996748089790344,"Y":0.4484899640083313},{"X":0.025378821417689323,"Y":0.44848522543907166}]},"Id":"358fcadc-e7d4-4fba-9ec3-7d97cb68401a","Relationships":[{"Ids":["c8ff0d88-cd05-40db-9a25-8293afe3f99e","05dce8c6-96c2-446b-8d96-36b492841895"],"Type":"CHILD"}],"Text":"15Apr23 F2653"},{"BlockType":"LINE","Confidence":99.57124328613281,"Geometry":{"BoundingBox":{"Height":0.016313234344124794,"Left":0.16982489824295044,"Top":0.4297613501548767,"Width":0.022740265354514122},"Polygon":[{"X":0.16982825100421906,"Y":0.4297613501548767},{"X":0.1925651580095291,"Y":0.4297622740268707},{"X":0.19256196916103363,"Y":0.44607457518577576},{"X":0.16982489824295044,"Y":0.4460735619068146}]},"Id":"c14b78f7-5eb8-478f-bade-102c54ce084b","Relationships":[{"Ids":["8fbd3f35-6fb7-434a-b16b-6345013a16d0"],"Type":"CHILD"}],"Text":"DH"},{"BlockType":"LINE","Confidence":99.90380859375,"Geometry":{"BoundingBox":{"Height":0.01604948192834854,"Left":0.23816536366939545,"Top":0.43020567297935486,"Width":0.034639377146959305},"Polygon":[{"X":0.23816817998886108,"Y":0.43020567297935486},{"X":0.27280473709106445,"Y":0.43020710349082947},{"X":0.2728022038936615,"Y":0.4462551772594452},{"X":0.23816536366939545,"Y":0.44625362753868103}]},"Id":"e02612d2-b419-422c-bd13-b93c5e046cd5","Relationships":[{"Ids":["6416c5f6-2f57-484c-93bb-71496c184717"],"Type":"CHILD"}],"Text":"0655"}"
14:55:33.942 [Test worker] DEBUG org.apache.http.wire - http-outgoing-0 << ",{"BlockType":"LINE","Confidence":99.94977569580078,"Geometry":{"BoundingBox":{"Height":0.01636424846947193,"Left":0.3377024531364441,"Top":0.4297163784503937,"Width":0.027303235605359077},"Polygon":[{"X":0.3377045691013336,"Y":0.4297163784503937},{"X":0.3650056719779968,"Y":0.429717481136322},{"X":0.365003764629364,"Y":0.44608062505722046},{"X":0.3377024531364441,"Y":0.44607940316"
14:55:33.943 [Test worker] DEBUG org.apache.http.wire - http-outgoing-0 << "200256}]},"Id":"59183a0b-e365-408b-881e-ce44bb17ed64","Relationships":[{"Ids":["588d76f6-900c-4229-a3ee-c1d181ce54cf"],"Type":"CHILD"}],"Text":"AIR"},{"BlockType":"LINE","Confidence":99.76385498046875,"Geometry":{"BoundingBox":{"Height":0.0162954144179821,"Left":0.42157959938049316,"Top":0.4298505485057831,"Width":0.034327805042266846},"Polygon":[{"X":0.42158105969429016,"Y":0.4298505485057831},{"X":0.45590740442276,"Y":0.4298519492149353},{"X":0.4559061527252197,"Y":0.4461459815502167},{"X":0.42157959938049316,"Y":0.4461444318294525}]},"Id":"a28bd450-1a62-46f2-ace4-1f6235be996e","Relationships":[{"Ids":["67f08eaf-0217-4e5e-92dd-f5bc87c15999"],"Type":"CHILD"}],"Text":"GMP"},{"BlockType":"LINE","Confidence":99.87181854248047,"Geometry":{"BoundingBox":{"Height":0.016454128548502922,"Left":0.5023838877677917,"Top":0.4298952519893646,"Width":0.03450140357017517},"Polygon":[{"X":0.5023847818374634,"Y":0.4298952519893646},{"X":0.5368852615356445,"Y":0.42989665269851685},{"X":0.5368846654891968,"Y":0.446349382400512"
14:55:34.050 [Test worker] DEBUG org.apache.http.wire - http-outgoing-0 << "7},{"X":0.5023838877677917,"Y":0.44634783267974854}]},"Id":"ed23b193-f847-4a5c-9a05-af0408e5af93","Relationships":[{"Ids":["9a629967-b428-4d95-8633-8a2451f032dc"],"Type":"CHILD"}],"Text":"0805"},{"BlockType":"LINE","Confidence":99.74935913085938,"Geometry":{"BoundingBox":{"Height":0.016516070812940598,"Left":0.5422915816307068,"Top":0.429617315530777,"Width":0.0313129685819149},"Polygon":[{"X":0.5422921776771545,"Y":0.429617315530777},{"X":0.5736045837402344,"Y":0.42961859703063965},{"X":0.5736042261123657,"Y":0.44613340497016907},{"X":0.5422915816307068,"Y":0.44613200426101685}]},"Id":"c111e8fa-af8b-492d-b591-40f80b48541a","Relationships":[{"Ids":["fdaa7284-a32e-4315-a216-854d9c1f54b2"],"Type":"CHILD"}],"Text":"PUS"},{"BlockType":"LINE","Confidence":99.8985824584961,"Geometry":{"BoundingBox":{"Height":0.016943933442234993,"Left":0.6229855418205261,"Top":0.42954009771347046,"Width":0.03460216894745827},"Polygon":[{"X":0.6229855418205261,"Y":0.42954009771347046},{"X":0.6575874090194702,"Y":0.4295414984226227},{"X":0.6575877070426941,"Y":0.4464840292930603},{"X":0.6229855418205261,"Y":0.44648247957229614}]},"Id":"1210a7be-0f4e-4e44-a9f8-490407dc9897","Relationships":[{"Ids":["76ea7b49-88c7-40ee-9dad-157c378ce36f"],"Type":"CHILD"}],"Text":"0910"},{"BlockType":"LINE","Confidence":99.95285034179688,"Geometry":{"BoundingBox":{"Height":0.016308991238474846,"Left":0.33944806456565857,"Top":0.4541114568710327,"Width":0.033170364797115326},"Polygon":[{"X":0.3394501507282257,"Y":0.4541114568710327},{"X":0.3726184368133545,"Y":0.4541130065917969},{"X":0.37261658906936646,"Y":0.4704204499721527},{"X":0.33944806456565857,"Y":0.4704187512397766}]},"Id":"afa9fca3-843d-4a92-84bd-a34e55089c40","Relationships":[{"Ids":["fd05287d-2bc4-475d-b778-9d7f7f64ac8b"],"Type":"CHILD"}],"Text":"1154"},{"BlockType":"LINE","Confidence":99.70645141601562,"Geometry":{"BoundingBox":{"Height":0.01663156785070896,"Left":0.42170897126197815,"Top":0.4537295997142792,"Width":0.031176114454865456},"Polygon":[{"X":0.4217104911804199,"Y":0.4537295997142792},{"X":0.45288509130477905,"Y":0.45373106002807617},{"X":0.4528838098049164,"Y":0.4703611731529236},{"X":0.42170897126197815,"Y":0.47035959362983704}]},"Id":"f9d610d3-875d-4305-a8a0-b92d137eb357","Relationships":[{"Ids":["a56c318c-a4dc-4b87-811d-2425b5165e2b"],"Type":"CHILD"}],"Text":"PUS"},{"BlockType":"LINE","Confidence":99.96465301513672,"Geometry":{"BoundingBox":{"Height":0.016304682940244675,"Left":0.5044110417366028,"Top":0.4542517364025116,"Width":0.032280076295137405},"Polygon":[{"X":0.5044118762016296,"Y":0.4542517364025116},{"X":0.5366910696029663,"Y":0.454253226518631},{"X":0.5366904735565186,"Y":0.4705564081668854},{"X":0.5044110417366028,"Y":0.47055476903915405}]},"Id":"01cd740f-c26f-4500-a3ec-3dd1ddf98aae","Relationships":[{"Ids":["6193fe24-7668-4867-b464-0d2b7d7df919"],"Type":"CHILD"}],"Text":"1100"},{"BlockType":"LINE","Confidence":99.85169219970703,"Geometry":{"BoundingBox":{"Height":0.016580969095230103,"Left":0.5424260497093201,"Top":0.4537213444709778,"Width":0.031033756211400032},"Polygon":[{"X":0.5424266457557678,"Y":0.4537213444709778},{"X":0.573459804058075,"Y":0.4537228047847748},{"X":0.5734594464302063,"Y":0.4703023135662079},{"X":0.5424260497093201,"Y":0.47030073404312134}]},"Id":"b23bbada-a7e7-4bf9-a19d-ef4bce7fe59a","Relationships":[{"Ids":["bd4b27d1-d693-4edd-9d7d-eec284d29491"],"Type":"CHILD"}],"Text":"NRT"},{"BlockType":"LINE","Confidence":99.9698257446289,"Geometry":{"BoundingBox":{"Height":0.01630975678563118,"Left":0.6244686245918274,"Top":0.4540618360042572,"Width":0.032522618770599365},"Polygon":[{"X":0.6244686245918274,"Y":0.4540618360042572},{"X":0.6569909453392029,"Y":0.454063355922699},{"X":0.6569912433624268,"Y":0.4703716039657593},{"X":0.6244686245918274,"Y":0.47036993503570557}]},"Id":"26b3b418-d294-4730-ac09-11fd92c69c72","Relationships":[{"Ids":["f64117de-1caf-474b-b759-3de2d7204dea"],"Type":"CHILD"}],"Text":"1300"},{"BlockType":"LINE","Confidence":99.87178039550781,"Geometry":{"BoundingBox":{"Height":0.016651663929224014,"Left":0.6631568670272827,"Top":0.4539385437965393,"Width":0.025340180844068527},"Polygon":[{"X":0.6631568670272827,"Y":0.4539385437965393},{"X":0.6884965300559998,"Y":0.4539397060871124},{"X":0.688497006893158,"Y":0.470590204000473},{"X":0.6631571650505066,"Y":0.47058892250061035}]},"Id":"711c044c-3328-4a83-9815-f90dadd502ee","Relationships":[{"Ids":["c545cc93-875e-41fc-ba2f-800ec9506b2d"],"Type":"CHILD"}],"Text":"738"},{"BlockType":"LINE","Confidence":99.0732650756836,"Geometry":{"BoundingBox":{"Height":0.016806580126285553,"Left":0.9640021324157715,"Top":0.45384910702705383,"Width":0.030537035316228867},"Polygon":[{"X":0.9640021324157715,"Y":0.45384910702705383},{"X":0.994536280632019,"Y":0.45385050773620605},{"X":0.994539201259613,"Y":0.4706556797027588},{"X":0.9640047550201416,"Y":0.47065412998199463}]},"Id":"00033c2d-1db1-4b07-a3c3-3b1e5df9a42d","Relationships":[{"Ids":["1e744097-6886-4bd5-86bc-b1cc2b34cc58"],"Type":"CHILD"}],"Text":"2:00"},{"BlockType":"LINE","Confidence":99.82927703857422,"Geometry":{"BoundingBox":{"Height":0.017299078404903412,"Left":0.08663971722126007,"Top":0.4777534306049347,"Width":0.04342057555913925},"Polygon":[{"X":0.08664394170045853,"Y":0.4777534306049347},{"X":0.13006028532981873,"Y":0.47775572538375854},{"X":0.13005641102790833,"Y":0.4950525164604187},{"X":0.08663971722126007,"Y":0.4950500428676605}]},"Id":"206afc74-a7ce-49b1-bbfd-cf89326f450e","Relationships":[{"Ids":["fd5f2765-4677-45a3-8353-e99f68d95876"],"Type":"CHILD"}],"Text":"F2653"},{"BlockType":"LINE","Confidence":99.8660659790039,"Geometry":{"BoundingBox":{"Height":0.017148280516266823,"Left":0.3002830743789673,"Top":0.4781838059425354,"Width":0.07199648022651672},"Polygon":[{"X":0.30028557777404785,"Y":0.4781838059425354},{"X":0.372279554605484,"Y":0.478187620639801},{"X":0.3722775876522064,"Y":0.49533209204673767},{"X":0.3002830743789673,"Y":0.49532797932624817}]},"Id":"901a6c70-5be0-40a3-aa96-4f25cff2be3b","Relationships":[{"Ids":["6931ad86-a54d-4097-a48a-29e62d51250c","6c58d064-1bfc-4aa2-95d9-b8a0f3bb0243"],"Type":"CHILD"}],"Text":"1655 1153"},{"BlockType":"LINE","Confidence":99.91511535644531,"Geometry":{"BoundingBox":{"Height":0.01659652218222618,"Left":0.4213531017303467,"Top":0.4778144061565399,"Width":0.031311336904764175},"Polygon":[{"X":0.42135462164878845,"Y":0.4778144061565399},{"X":0.45266443490982056,"Y":0.47781607508659363},{"X":0.4526631534099579,"Y":0.4944109320640564},{"X":0.4213531017303467,"Y":0.49440914392471313}]},"Id":"31d3d7cb-5a8d-480e-8a65-76e02d451682","Relationships":[{"Ids":["cc39410a-ac16-4305-9c88-077a47aed228"],"Type":"CHILD"}],"Text":"NRT"},{"BlockType":"LINE","Confidence":99.97400665283203,"Geometry":{"BoundingBox":{"Height":0.016497526317834854,"Left":0.5041358470916748,"Top":0.47840943932533264,"Width":0.032516468316316605},"Polygon":[{"X":0.5041367411613464,"Y":0.47840943932533264},{"X":0.5366523265838623,"Y":0.47841116786003113},{"X":0.5366516709327698,"Y":0.4949069619178772},{"X":0.5041358470916748,"Y":0.49490511417388916}]},"Id":"40b16afa-bf54-4647-b444-d3642224d309","Relationships":[{"Ids":["cd69958f-9db8-4683-ae0e-76e5302e5325"],"Type":"CHILD"}],"Text":"1400"},{"BlockType":"LINE","Confidence":99.76766204833984,"Geometry":{"BoundingBox":{"Height":0.016814783215522766,"Left":0.542357861995697,"Top":0.47787708044052124,"Width":0.031065721064805984},"Polygon":[{"X":0.5423584580421448,"Y":0.47787708044052124},{"X":0.5734235644340515,"Y":0.47787871956825256},{"X":0.5734232068061829,"Y":0.4946918785572052},{"X":0.542357861995697,"Y":0.49469009041786194}]},"Id":"f83d73b9-6cbc-4589-81b6-0485d3111096","Relationships":[{"Ids":["6e4f7df1-0475-4326-ad2c-30969ef13c56"],"Type":"CHILD"}],"Text":"PUS"},{"BlockType":"LINE","Confidence":99.89695739746094,"Geometry":{"BoundingBox":{"Height":0.01707393489778042,"Left":0.6243001222610474,"Top":0.4781583845615387,"Width":0.0328173004090786},"Polygon":[{"X":0.6243001222610474,"Y":0.4781583845615387},{"X":0.657117"
14:55:34.053 [Test worker] DEBUG org.apache.http.wire - http-outgoing-0 << "1283721924,"Y":0.4781601130962372},{"X":0.6571174263954163,"Y":0.49523231387138367},{"X":0.6243001818656921,"Y":0.49523046612739563}]},"Id":"b8c12279-8fa3-4d94-a866-8ae9a77ad7e3","Relationships":[{"Ids":["5532f37c-c91e-4a4d-91b4-321db47c93b4"],"Type":"CHILD"}],"Text":"1635"},{"BlockType":"LINE","Confidence":99.89488220214844,"Geometry":{"BoundingBox":{"Height":0.0170131903141737,"Left":0.6630476713180542,"Top":0.47796717286109924,"Width":0.025745561346411705},"Polygon":[{"X":0.6630476713180542,"Y":0.47796717286109924},{"X":0.6887927055358887,"Y":0.4779685139656067},{"X":0.6887932419776917,"Y":0.4949803352355957},{"X":0.6630480289459229,"Y":0.4949788749217987}]},"Id":"40be8f49-ff92-4232-a186-75c7da75d20a","Relationships":[{"Ids":["16e71e30-9e2b-455e-a564-874195def51a"],"Type":"CHILD"}],"Text":"738"},{"BlockType":"LINE","Confidence":99.59954833984375,"Geometry":{"BoundingBox":{"Height":0.016471533104777336,"Left":0.9641438722610474,"Top":0.4782561659812927,"Width":0.03043563850224018},"Polygon":[{"X":0.9641438722610474,"Y":0.4782561659812927},{"X":0.9945766925811768,"Y":0.47825777530670166},{"X":0.994579553604126,"Y":0.4947277009487152},{"X":0.9641464948654175,"Y":0.49472594261169434}]},"Id":"d4d346f9-df6a-437f-b758-e9f0c9f5b7b8","Relationships":[{"Ids":["d4fa43da-fbef-4b5d-866a-885cfabdccdf"],"Type":"CHILD"}],"Text":"2:35"},{"BlockType":"LINE","Confidence":99.84293365478516,"Geometry":{"BoundingBox":{"Height":0.016753390431404114,"Left":0.33809784054756165,"Top":0.5041083097457886,"Width":0.050718266516923904},"Polygon":[{"X":0.33810001611709595,"Y":0.5041083097457886},{"X":0.38881611824035645,"Y":0.5041112899780273},{"X":0.3888143301010132,"Y":0.5208616852760315},{"X":0.33809784054756165,"Y":0.5208584666252136}]},"Id":"2b5b6f60-39c9-4b31-af54-7407e8f665e3","Relationships":[{"Ids":["4a874188-8d3f-44d4-b9ec-babe6847a4c7"],"Type":"CHILD"}],"Text":"LAYOV"},{"BlockType":"LINE","Confidence":99.71543884277344,"Geometry":{"BoundingBox":{"Height":0.016717009246349335,"Left":0.42172256112098694,"Top":0.503868818283081,"Width":0.03130514547228813},"Polygon":[{"X":0.4217240810394287,"Y":0.503868818283081},{"X":0.45302772521972656,"Y":0.5038706660270691},{"X":0.4530264437198639,"Y":0.5205857753753662},{"X":0.42172256112098694,"Y":0.5205838084220886}]},"Id":"1e67d237-f7aa-4317-b374-23f571efb03d","Relationships":[{"Ids":["7d8497a9-1459-4222-bd36-c2e2d527fbc7"],"Type":"CHILD"}],"Text":"PUS"},{"BlockType":"LINE","Confidence":99.94099426269531,"Geometry":{"BoundingBox":{"Height":0.01600145734846592,"Left":0.5038763284683228,"Top":0.5050095319747925,"Width":0.03274308890104294},"Polygon":[{"X":0.5038772225379944,"Y":0.5050095319747925},{"X":0.5366194248199463,"Y":0.5050114989280701},{"X":0.5366188287734985,"Y":0.5210109949111938},{"X":0.5038763284683228,"Y":0.5210089087486267}]},"Id":"a8642573-b473-49ef-a03c-1c63d6ce8a87","Relationships":[{"Ids":["e6950cd0-d39e-4d7a-b893-0d9be804a5a1"],"Type":"CHILD"}],"Text":"1745"},{"BlockType":"LINE","Confidence":99.79207611083984,"Geometry":{"BoundingBox":{"Height":0.016814716160297394,"Left":0.5427239537239075,"Top":0.5037888884544373,"Width":0.03087044507265091},"Polygon":[{"X":0.5427245497703552,"Y":0.5037888884544373},{"X":0.5735943913459778,"Y":0.5037907361984253},{"X":0.5735940337181091,"Y":0.5206036567687988},{"X":0.5427239537239075,"Y":0.5206016898155212}]},"Id":"0bd7c7f4-0ec0-443e-8b5a-e2f5b1b5b6ff","Relationships":[{"Ids":["ce6dd6e4-6a97-4914-85b0-79a078ca7702"],"Type":"CHILD"}],"Text":"PUS"},{"BlockType":"LINE","Confidence":99.9327621459961,"Geometry":{"BoundingBox":{"Height":0.01615724340081215,"Left":0.6245971322059631,"Top":0.5048941373825073,"Width":0.032748643308877945},"Polygon":[{"X":0.6245971322059631,"Y":0.5048941373825073},{"X":0.6573454737663269,"Y":0.5048960447311401},{"X":0.6573457717895508,"Y":0.5210513472557068},{"X":0.6245971322059631,"Y":0.5210492610931396}]},"Id":"9adf29d1-f86b-41b9-918e-329f951c2a03","Relationships":[{"Ids":["d2fdb89f-3a8f-44fd-9bc3-7085bde11198"],"Type":"CHILD"}],"Text":"1945"},{"BlockType":"LINE","Confidence":97.33452606201172,"Geometry":{"BoundingBox":{"Height":0.017556972801685333,"Left":0.6630883812904358,"Top":0.5038915872573853,"Width":0.04580563306808472},"Polygon":[{"X":0.6630883812904358,"Y":0.5038915872573853},{"X":0.7088932991027832,"Y":0.5038943290710449},{"X":0.7088940143585205,"Y":0.5214486122131348},{"X":0.6630887389183044,"Y":0.5214456915855408}]},"Id":"8c2d62fe-bb23-4f65-958b-5d881b768f28","Relationships":[{"Ids":["6f58233b-a4a1-464a-ac87-1e9530760b33","40a6e3c3-9007-4336-873d-89c84de0f5e8"],"Type":"CHILD"}],"Text":"??? ??"},{"BlockType":"LINE","Confidence":99.8731460571289,"Geometry":{"BoundingBox":{"Height":0.01894112303853035,"Left":0.02556280605494976,"Top":0.5281949639320374,"Width":0.10452519357204437},"Polygon":[{"X":0.025567958131432533,"Y":0.5281949639320374},{"X":0.13008800148963928,"Y":0.5282018184661865},{"X":0.13008375465869904,"Y":0.547136127948761},{"X":0.02556280605494976,"Y":0.5471287369728088}]},"Id":"ec2fc7d5-3eb7-495b-8587-179cbdaa6394","Relationships":[{"Ids":["8cf279ac-0bbf-4919-901e-2f69264988b6","617f4839-8d3b-4339-86d8-dbc12b0f3bb2"],"Type":"CHILD"}],"Text":"16Apr23 F2653"},{"BlockType":"LINE","Confidence":99.97769927978516,"Geometry":{"BoundingBox":{"Height":0.016061970964074135,"Left":0.23837822675704956,"Top":0.5291211009025574,"Width":0.03424832969903946},"Polygon":[{"X":0.238381028175354,"Y":0.5291211009025574},{"X":0.2726265490055084,"Y":0.5291233658790588},{"X":0.2726239860057831,"Y":0.5451831221580505},{"X":0.23837822675704956,"Y":0.5451807379722595}]},"Id":"5b79e80d-ed16-4157-82f9-7b2fe9b7fc75","Relationships":[{"Ids":["01279a18-b071-4ce8-8258-8c30e6804a92"],"Type":"CHILD"}],"Text":"2035"},{"BlockType":"LINE","Confidence":99.89815521240234,"Geometry":{"BoundingBox":{"Height":0.016648415476083755,"Left":0.3381218910217285,"Top":0.5287125706672668,"Width":0.03455095738172531},"Polygon":[{"X":0.33812403678894043,"Y":0.5287125706672668},{"X":0.3726728558540344,"Y":0.5287148356437683},{"X":0.372670978307724,"Y":0.5453609824180603},{"X":0.3381218910217285,"Y":0.5453585386276245}]},"Id":"c3e7cf4d-23cb-4ec8-8c12-c719ce21a4a0","Relationships":[{"Ids":["bd4ba4b9-94fd-44d8-bff8-f8010299eb5f"],"Type":"CHILD"}],"Text":"2653"},{"BlockType":"LINE","Confidence":99.7357406616211,"Geometry":{"BoundingBox":{"Height":0.016762737184762955,"Left":0.42155721783638,"Top":0.5284596681594849,"Width":0.03135528042912483},"Polygon":[{"X":0.4215587377548218,"Y":0.5284596681594849},{"X":0.45291250944137573,"Y":0.5284616947174072},{"X":0.4529111981391907,"Y":0.5452224016189575},{"X":0.42155721783638,"Y":0.5452201962471008}]},"Id":"7b8694d4-dc63-44e0-a99d-3c54a1af9ea3","Relationships":[{"Ids":["59464f03-ca1b-4409-ad0f-64a5d4a38e1f"],"Type":"CHILD"}],"Text":"PUS"},{"BlockType":"LINE","Confidence":99.911865234375,"Geometry":{"BoundingBox":{"Height":0.016886496916413307,"Left":0.5028592348098755,"Top":0.5285053849220276,"Width":0.03395024687051773},"Polygon":[{"X":0.5028601884841919,"Y":0.5285053849220276},{"X":0.536809504032135,"Y":0.528507649898529},{"X":0.5368088483810425,"Y":0.5453919172286987},{"X":0.5028592348098755,"Y":0.5453895330429077}]},"Id":"c871d964-4a0e-4d38-b19a-9a1f4b07547b","Relationships":[{"Ids":["a7160c2c-7a98-4f0b-a75f-6836ea5b22c4"],"Type":"CHILD"}],"Text":"2155"},{"BlockType":"LINE","Confidence":99.7155990600586,"Geometry":{"BoundingBox":{"Height":0.01675989292562008,"Left":0.542500376701355,"Top":0.528265655040741,"Width":0.02921019122004509},"Polygon":[{"X":0.5425009727478027,"Y":0.528265655040741},{"X":0.5717105865478516,"Y":0.5282675623893738},{"X":0.5717101693153381,"Y":0.5450255274772644},{"X":0.542500376701355,"Y":0.545023500919342}]},"Id":"0e5ce141-56e9-44bb-95df-33842fab3e1e","Relationships":[{"Ids":["d715081c-48e8-4c0d-b146-a28fb2100a91"],"Type":"CHILD"}],"Text":"TPE"},{"BlockType":"LINE","Confidence":99.90425872802734,"Geometry":{"BoundingBox":{"Height":0.016995303332805634,"Left":0.6229758858680725,"Top":0.5284163951873779,"Width":0"
14:55:34.057 [Test worker] DEBUG org.apache.http.wire - http-outgoing-0 << ".03444937244057655},"Polygon":[{"X":0.6229758858680725,"Y":0.5284163951873779},{"X":0.6574249267578125,"Y":0.5284186601638794},{"X":0.6574252247810364,"Y":0.5454117059707642},{"X":0.6229758858680725,"Y":0.5454092621803284}]},"Id":"a125bbce-9fd8-4285-8a8d-48488d8c4098","Relationships":[{"Ids":["3ade8133-a56b-40f8-a88e-ac9fa29b188a"],"Type":"CHILD"}],"Text":"0030"},{"BlockType":"LINE"
14:55:34.058 [Test worker] DEBUG org.apache.http.wire - http-outgoing-0 << "","Confidence":99.88182067871094,"Geometry":{"BoundingBox":{"Height":0.016693105921149254,"Left":0.6630163788795471,"Top":0.5286394953727722,"Width":0.02558172307908535},"Polygon":[{"X":0.6630163788795471,"Y":0.5286394953727722},{"X":0.6885976195335388,"Y":0.5286411643028259},{"X":0.688598096370697,"Y":0.5453325510025024},{"X":0.6630167365074158,"Y":0.5453307628631592}]},"Id":"54543973-2852-4c1e-a526-a065c81270ec","Relationships":[{"Ids":["0aed43e8-6456-4875-ae90-40acc73e029d"],"Type":"CHILD"}],"Text":"738"},{"BlockType":"LINE","Confidence":99.87366485595703,"Geometry":{"BoundingBox":{"Height":0.016139820218086243,"Left":0.9641245007514954,"Top":0.5290563702583313,"Width":0.030575746670365334},"Polygon":[{"X":0.9641245007514954,"Y":0.5290563702583313},{"X":0.9946975111961365,"Y":0.5290583968162537},{"X":0.9947002530097961,"Y":0.5451961755752563},{"X":0.9641270041465759,"Y":0.5451940298080444}]},"Id":"a345226a-43cc-4e4b-8f75-6f98e5b6cae1","Relationships":[{"Ids":["8f5060a0-6ba0-49fc-a15d-b656c291e55d"],"Type":"
14:55:34.059 [Test worker] DEBUG org.apache.http.wire - http-outgoing-0 << ""CHILD"}],"Text":"2:35"},{"BlockType":"LINE","Confidence":99.86099243164062,"Geometry":{"BoundingBox":{"Height":0.01901920512318611,"Left":0.025293095037341118,"Top":0.5528022050857544,"Width":0.10481065511703491},"Polygon":[{"X":0.02529826946556568,"Y":0.5528022050857544},{"X":0.13010375201702118,"Y":0.5528097152709961},{"X":0.13009949028491974,"Y":0.5718214511871338},{"X":0.025293095037341118,"Y":0.5718134045600891}]},"Id":"316c6745-1d25-4d70-b659-0a84696f6e92","Relationships":[{"Ids":["dd0425e6-270d-4d42-a43f-fb0a197271d5","bab70dd1-db00-487c-968e-82d5c885206d"],"Type":"CHILD"}],"Text":"17Apr23 F2653"},{"BlockType":"LINE","Confidence":99.88517761230469,"Geometry":{"BoundingBox":{"Height":0.016896145418286324,"Left":0.3379572331905365,"Top":0.5530973076820374,"Width":0.03452224284410477},"Polygon":[{"X":0.3379594087600708,"Y":0.5530973076820374},{"X":0.37247946858406067,"Y":0.5530997514724731},{"X":0.37247756123542786,"Y":0.5699934363365173},{"X":0.3379572331905365,"Y":0.5699908137321472}]},"Id":"e5f3bd63-cc8d-419f-bc21-a3012a9c2698","Relationships":[{"Ids":["a64b9ddf-c7da-4127-a835-fbbea46b69ee"],"Type":"CHILD"}],"Text":"2654"},{"BlockType":"LINE","Confidence":99.20137786865234,"Geometry":{"BoundingBox":{"Height":0.016376400366425514,"Left":0.422113835811615,"Top":0.5530474781990051,"Width":0.02909110113978386},"Polygon":[{"X":0.4221153259277344,"Y":0.5530474781990051},{"X":0.45120492577552795,"Y":0.5530495643615723},{"X":0.45120367407798767,"Y":0.5694239139556885},{"X":0.422113835811615,"Y":0.5694217085838318}]},"Id":"21871181-dd35-48f2-b25c-8bffc5fb6d5f","Relationships":[{"Ids":["7bcef398-ba33-4408-9e45-1b7378ed1521"],"Type":"CHILD"}],"Text":"TPE"},{"BlockType":"LINE","Confidence":99.9179916381836,"Geometry":{"BoundingBox":{"Height":0.017138922587037086,"Left":0.5024318099021912,"Top":0.5530041456222534,"Width":0.03458110988140106},"Polygon":[{"X":0.5024327635765076,"Y":0.5530041456222534},{"X":0.5370129346847534,"Y":0.553006649017334},{"X":0.5370122790336609,"Y":0.5701430439949036},{"X":0.5024318099021912,"Y":0.5701404213905334}]},"Id":"17062123-1121-4911-a912-25c1a86b2d6b","Relationships":[{"Ids":["cae7b96b-4873-4f86-9355-40ec809220a4"],"Type":"CHILD"}],"Text":"0350"},{"BlockType":"LINE","Confidence":99.80323791503906,"Geometry":{"BoundingBox":{"Height":0.016829458996653557,"Left":0.5423722863197327,"Top":0.5524870753288269,"Width":0.031049948185682297},"Polygon":[{"X":0.5423728823661804,"Y":0.5524870753288269},{"X":0.5734222531318665,"Y":0.5524892807006836},{"X":0.5734218955039978,"Y":0.569316565990448},{"X":0.5423722863197327,"Y":0.569314181804657}]},"Id":"c15db0c3-05ec-4e17-acc2-5e56c73ea866","Relationships":[{"Ids":["b7cd1ca9-e045-476d-a311-cdfdc37b1ed7"],"Type":"CHILD"}],"Text":"PUS"},{"BlockType":"LINE","Confidence":99.90242004394531,"Geometry":{"BoundingBox":{"Height":0.017228640615940094,"Left":0.6228762865066528,"Top":0.552801787853241,"Width":0.03424542024731636},"Polygon":[{"X":0.6228762865066528,"Y":0.552801787853241},{"X":0.6571214199066162,"Y":0.5528042316436768},{"X":0.6571216583251953,"Y":0.5700304508209229},{"X":0.6228762865066528,"Y":0.5700278282165527}]},"Id":"ae0006f2-fc6d-4512-81f3-3128a958c398","Relationships":[{"Ids":["78d1b915-e58f-41e9-8082-636614c3fe04"],"Type":"CHILD"}],"Text":"0610"},{"BlockType":"LINE","Confidence":99.8907699584961,"Geometry":{"BoundingBox":{"Height":0.01689639501273632,"Left":0.6630668044090271,"Top":0.5528746247291565,"Width":0.025671428069472313},"Polygon":[{"X":0.6630668044090271,"Y":0.5528746247291565},{"X":0.688737690448761,"Y":0.5528764724731445},{"X":0.688738226890564,"Y":0.5697710514068604},{"X":0.663067102432251,"Y":0.5697690844535828}]},"Id":"c059f15a-1787-4dff-a7bd-ff33e85c4141","Relationships":[{"Ids":["3adfa683-6fcc-48e1-a5ab-a4eeca79fe69"],"Type":"CHILD"}],"Text":"738"},{"BlockType":"LINE","Confidence":99.43560028076172,"Geometry":{"BoundingBox":{"Height":0.016072776168584824,"Left":0.964137852191925,"Top":0.5532998442649841,"Width":0.030347615480422974},"Polygon":[{"X":0.964137852191925,"Y":0.5532998442649841},{"X":0.994482696056366,"Y":0.553301990032196},{"X":0.9944854378700256,"Y":0.5693725943565369},{"X":0.9641403555870056,"Y":0.5693703293800354}]},"Id":"686aa01e-0141-4e0c-907c-e68c6ec37e78","Relationships":[{"Ids":["6eceb4ad-b7be-4d58-bde8-55b82b61b971"],"Type":"CHILD"}],"Text":"2:20"},{"BlockType":"LINE","Confidence":99.20227813720703,"Geometry":{"BoundingBox":{"Height":0.01610063947737217,"Left":0.17003123462200165,"Top":0.5792421102523804,"Width":0.022381046786904335},"Polygon":[{"X":0.17003454267978668,"Y":0.5792421102523804},{"X":0.19241227209568024,"Y":0.5792438387870789},{"X":0.19240912795066833,"Y":0.595342755317688},{"X":0.17003123462200165,"Y":0.5953409075737}]},"Id":"78b5ccca-4f99-4cc3-a5f4-111139c5a976","Relationships":[{"Ids":["56c60d95-1242-4542-8179-d5655c9cfd63"],"Type":"CHILD"}],"Text":"DH"},{"BlockType":"LINE","Confidence":99.90941619873047,"Geometry":{"BoundingBox":{"Height":0.017308680340647697,"Left":0.29813897609710693,"Top":0.57813560962677,"Width":0.06489137560129166},"Polygon":[{"X":0.2981415390968323,"Y":0.57813560962677},{"X":0.3630303740501404,"Y":0.5781406760215759},{"X":0.36302831768989563,"Y":0.5954443216323853},{"X":0.29813897609710693,"Y":0.5954389572143555}]},"Id":"c3ebe806-e203-4a97-ac54-39d506c1f869","Relationships":[{"Ids":["3d77ccad-b9af-409c-a99c-4c8165201089","63f40928-336b-4a1a-832c-b3172dfe50b8"],"Type":"CHILD"}],"Text":"0845 211"},{"BlockType":"LINE","Confidence":99.69913482666016,"Geometry":{"BoundingBox":{"Height":0.016389217227697372,"Left":0.42174604535102844,"Top":0.5789219737052917,"Width":0.03128497302532196},"Polygon":[{"X":0.4217475354671478,"Y":0.5789219737052917},{"X":0.4530310332775116,"Y":0.5789244174957275},{"X":0.4530297815799713,"Y":0.5953112244606018},{"X":0.42174604535102844,"Y":0.5953086614608765}]},"Id":"898c1bfc-9fff-492a-b3ae-94081c9e6e37","Relationships":[{"Ids":["37b0cce4-e603-457b-9711-c89a6576295e"],"Type":"CHILD"}],"Text":"PUS"},{"BlockType":"LINE","Confidence":99.89483642578125,"Geometry":{"BoundingBox":{"Height":0.01624346151947975,"Left":0.5022229552268982,"Top":0.5790374875068665,"Width":0.03425716981291771},"Polygon":[{"X":0.5022238492965698,"Y":0.5790374875068665},{"X":0.5364801287651062,"Y":0.5790401101112366},{"X":0.5364794731140137,"Y":0.5952809453010559},{"X":0.5022229552268982,"Y":0.5952780842781067}]},"Id":"df991ae1-04e3-45fd-825a-2199420466b0","Relationships":[{"Ids":["4e6194a2-e0ed-42a4-91c3-fe406e76f8b1"],"Type":"CHILD"}],"Text":"0730"},{"BlockType":"LINE","Confidence":99.9369888305664,"Geometry":{"BoundingBox":{"Height":0.016399890184402466,"Left":0.5424290895462036,"Top":0.5788960456848145,"Width":0.03408141806721687},"Polygon":[{"X":0.5424296259880066,"Y":0.5788960456848145},{"X":0.576510488986969,"Y":0.5788987278938293},{"X":0.5765101313591003,"Y":0.5952959060668945},{"X":0.5424290895462036,"Y":0.5952931046485901}]},"Id":"125cecac-f77d-408d-ac8b-46e666774e7e","Relationships":[{"Ids":["50ffa97e-e613-4398-8dad-9e21bd6a2056"],"Type":"CHILD"}],"Text":"GMP"},{"BlockType":"LINE","Confidence":99.9133529663086,"Geometry":{"BoundingBox":{"Height":0.016056913882493973,"Left":0.6230133175849915,"Top":0.5791163444519043,"Width":0.03419884294271469},"Polygon":[{"X":0.6230133175849915,"Y":0.5791163444519043},{"X":0.6572118997573853,"Y":0.5791190266609192},{"X":0.6572121977806091,"Y":0.5951732397079468},{"X":0.6230133771896362,"Y":0.5951704382896423}]},"Id":"3465493b-3f74-488f-a825-1b4bdb77b17c","Relationships":[{"Ids":["76c13605-d849-43a5-a569-69a199d7710f"],"Type":"CHILD"}],"Text":"0825"},{"BlockType":"LINE","Confidence":99.88678741455078,"Geometry":{"BoundingBox":{"Height":0.016833214089274406,"Left":0.6631078124046326,"Top":0.5788977146148682,"Width":0.02551259659230709},"Polygon":[{"X":0.6631078124046326,"Y":0.5788977146148682},{"X":0.6886199116706848,"Y":0.5788996815681458},{"X":0.6886204481124878,"Y":0.5957309007644653},{"X":0.6631081700325012,"Y":0.5957288146018982}]},"Id":"f5326bc2-3df4-427d-b1e"
14:55:34.061 [Test worker] DEBUG org.apache.http.wire - http-outgoing-0 << "d-3fa8209133e0","Relationships":[{"Ids":["fc21b151-12b5-436a-95f5-d41229a07d60"],"Type":"CHILD"}],"Text":"738"},{"BlockType":"LINE","Confidence":99.90634155273438,"Geometry":{"BoundingBox":{"Height":0.01843271590769291,"Left":0.025298934429883957,"Top":0.6035105586051941,"Width":0.05613994225859642},"Polygon":[{"X":0.025303950533270836,"Y":0.6035105586051941},{"X":0.08143887668848038,"Y":0.6035153269767761},{"X":0.08143433183431625,"Y":0.6219432950019836},{"X":0.025298934429883957,"Y":0.6219382882118225}]},"Id":"25791bfd-df3c-42bd-bed4-f1edfde88867","Relationships":[{"Ids":["206dc1f0-80f1-4d54-9d99-dcf3a6e5e98c"],"Type":"CHILD"}],"Text":"18Apr23"},{"BlockType":"LINE","Confidence":99.96331024169922,"Geometry":{"BoundingBox":{"Height":0.016853172332048416,"Left":0.3382764160633087,"Top":0.6029524803161621,"Width":0.030063247308135033},"Polygon":[{"X":0.338278591632843,"Y":0.6029524803161621},{"X":0.3683396577835083,"Y":0.6029549837112427},{"X":0.3683377206325531,"Y":0.619805634021759},{"X":0.3382764160633087,"Y":0.6198029518127441}]},"Id":"722ef578-7dc7-4951-96a9-b962729d51d4","Relationships":[{"Ids":["e1b24522-5192-4f2a-93ab-0b702de72f39"],"Type":"CHILD"}],"Text":"OFF"},{"BlockType":"LINE","Confidence":99.9438705444336,"Geometry":{"BoundingBox":{"Height":0.016350090503692627,"Left":0.4216499924659729,"Top":0.6033111810684204,"Width":0.03437454625964165},"Polygon":[{"X":0.4216514825820923,"Y":0.6033111810684204},{"X":0.45602455735206604,"Y":0.6033141016960144},{"X":0.45602330565452576,"Y":0.619661271572113},{"X":0.4216499924659729,"Y":0.6196582317352295}]},"Id":"3423513f-87fc-4d40-88e9-2f8e74a903e4","Relationships":[{"Ids":["2b9583bb-5f0b-42ca-a630-6843389aa2be"],"Type":"CHILD"}],"Text":"GMP"},{"BlockType":"LINE","Confidence":99.78693389892578,"Geometry":{"BoundingBox":{"Height":0.016617409884929657,"Left":0.5023195743560791,"Top":0.6033668518066406,"Width":0.034760743379592896},"Polygon":[{"X":0.5023204684257507,"Y":0.6033668518066406},{"X":0.5370802879333496,"Y":0.6033697724342346},{"X":0.5370796322822571,"Y":0.6199842691421509},{"X":0.5023195743560791,"Y":0.6199811697006226}]},"Id":"b6949210-0013-4e3f-9daa-a1b71d285570","Relationships":[{"Ids":["ea0a2053-b1fa-4830-8e00-1d26f3e2ed3e"],"Type":"CHILD"}],"Text":"0000"},{"BlockType":"LINE","Confidence":99.95576477050781,"Geometry":{"BoundingBox":{"Height":0.016169385984539986,"Left":0.5423715710639954,"Top":0.6034031510353088,"Width":0.034425605088472366},"Polygon":[{"X":0.5423721671104431,"Y":0.6034031510353088},{"X":0.5767971873283386,"Y":0.6034060716629028},{"X":0.5767968893051147,"Y":0.6195725202560425},{"X":0.5423715710639954,"Y":0.6195694804191589}]},"Id":"a8d6a5ea-4575-4674-9b47-485d3dd7891c","Relationships":[{"Ids":["9de516f9-6de1-4977-a756-c4df1019766c"],"Type":"CHILD"}],"Text":"GMP"},{"BlockType":"LINE","Confidence":99.9430923461914,"Geometry":{"BoundingBox":{"Height":0.01668950542807579,"Left":0.623146116733551,"Top":0.6031767129898071,"Width":0.03439542278647423},"Polygon":[{"X":0.623146116733551,"Y":0.6031767129898071},{"X":0.6575412750244141,"Y":0.6031796336174011},{"X":0.6575415730476379,"Y":0.6198662519454956},{"X":0.6231461763381958,"Y":0.6198632121086121}]},"Id":"43e692c6-6d77-4deb-942a-044bb0e1c527","Relationships":[{"Ids":["5a7284a4-ceb1-4bc0-b3bb-53fc9ae1eca6"],"Type":"CHILD"}],"Text":"2359"},{"BlockType":"LINE","Confidence":99.91939544677734,"Geometry":{"BoundingBox":{"Height":0.018545597791671753,"Left":0.02530398964881897,"Top":0.6279293894767761,"Width":0.05594523996114731},"Polygon":[{"X":0.025309035554528236,"Y":0.6279293894767761},{"X":0.08124922960996628,"Y":0.627934455871582},{"X":0.08124465495347977,"Y":0.6464749574661255},{"X":0.02530398964881897,"Y":0.6464696526527405}]},"Id":"04f3f109-132f-43e3-9d25-10e12519980f","Relationships":[{"Ids":["cdaa0d75-97dc-49d9-8ed8-fd48389acbb4"],"Type":"CHILD"}],"Text":"19Apr23"},{"BlockType":"LINE","Confidence":99.96073150634766,"Geometry":{"BoundingBox":{"Height":0.016754744574427605,"Left":0.3382442891597748,"Top":0.6274235248565674,"Width":0.030226878821849823},"Polygon":[{"X":0.3382464349269867,"Y":0.6274235248565674},{"X":0.3684711754322052,"Y":0.627426266670227},{"X":0.36846923828125,"Y":0.6441782712936401},{"X":0.3382442891597748,"Y":0.6441754102706909}]},"Id":"69f8ad4a-bcf6-4265-88af-d003b17b97e8","Relationships":[{"Ids":["beb6ed43-268a-449c-a2b5-e5b5da64e72f"],"Type":"CHILD"}],"Text":"OFF"},{"BlockType":"LINE","Confidence":99.94426727294922,"Geometry":{"BoundingBox":{"Height":0.01665191538631916,"Left":0.42161864042282104,"Top":0.6275246739387512,"Width":0.0344058983027935},"Polygon":[{"X":0.4216201603412628,"Y":0.6275246739387512},{"X":0.45602452754974365,"Y":0.6275277733802795},{"X":0.45602327585220337,"Y":0.6441766023635864},{"X":0.42161864042282104,"Y":0.6441733241081238}]},"Id":"5db1027b-c0d9-4bb6-b3dc-b2483e716cc8","Relationships":[{"Ids":["0b94cb2a-6a0a-4785-9634-5d188c5a792f"],"Type":"CHILD"}],"Text":"GMP"},{"BlockType":"LINE","Confidence":99.79208374023438,"Geometry":{"BoundingBox":{"Height":0.016740716993808746,"Left":0.5022218823432922,"Top":0.627842128276825,"Width":0.03466624394059181},"Polygon":[{"X":0.5022227764129639,"Y":0.627842128276825},{"X":0.5368881225585938,"Y":0.627845287322998},{"X":0.5368874669075012,"Y":0.6445828676223755},{"X":0.5022218823432922,"Y":0.6445795893669128}]},"Id":"44c2e709-5bd6-47eb-bb03-e822c69d9b72","Relationships":[{"Ids":["4d5b25fe-aca8-4cbb-abfe-7994c7bb5ac2"],"Type":"CHILD"}],"Text":"0000"},{"BlockType":"LINE","Confidence":99.9462890625,"Geometry":{"BoundingBox":{"Height":0.016673125326633453,"Left":0.5422457456588745,"Top":0.6275237798690796,"Width":0.034523140639066696},"Polygon":[{"X":0.5422463417053223,"Y":0.6275237798690796},{"X":0.5767689347267151,"Y":0.6275268793106079},{"X":0.5767685770988464,"Y":0.6441968679428101},{"X":0.5422457456588745,"Y":0.6441936492919922}]},"Id":"71b13f5d-093a-4f25-91ff-e2848433ae06","Relationships":[{"Ids":["31834b74-4153-4b24-95a7-faf820183bfa"],"Type":"CHILD"}],"Text":"GMP"},{"BlockType":"LINE","Confidence":99.95191192626953,"Geometry":{"BoundingBox":{"Height":0.017085526138544083,"Left":0.6230427622795105,"Top":0.6274685859680176,"Width":0.034631915390491486},"Polygon":[{"X":0.6230427622795105,"Y":0.6274685859680176},{"X":0.6576743721961975,"Y":0.6274716854095459},{"X":0.6576746702194214,"Y":0.644554078578949},{"X":0.6230427622795105,"Y":0.6445508003234863}]},"Id":"9f4271e6-2383-4407-bce6-a21a9878d999","Relationships":[{"Ids":["b2093926-2915-4d22-b66f-bd1bda15d037"],"Type":"CHILD"}],"Text":"2359"},{"BlockType":"LINE","Confidence":99.813720703125,"Geometry":{"BoundingBox":{"Height":0.019071603193879128,"Left":0.024129504337906837,"Top":0.6537323594093323,"Width":0.10565687716007233},"Polygon":[{"X":0.02413470298051834,"Y":0.6537323594093323},{"X":0.12978637218475342,"Y":0.6537426114082336},{"X":0.12978209555149078,"Y":0.6728039979934692},{"X":0.024129504337906837,"Y":0.6727932095527649}]},"Id":"8ee74269-153d-4c81-a3ef-bdada52863a7","Relationships":[{"Ids":["29b00c66-a04e-4a17-9416-2df69a4db7ae","5601b181-be65-4f95-bb73-ab6730203271"],"Type":"CHILD"}],"Text":"20Apr23 F9104"},{"BlockType":"LINE","Confidence":99.9580078125,"Geometry":{"BoundingBox":{"Height":0.015573268756270409,"Left":0.23936904966831207,"Top":0.6543843150138855,"Width":0.03334299102425575},"Polygon":[{"X":0.23937176167964935,"Y":0.6543843150138855},{"X":0.2727120518684387,"Y":0.6543875336647034},{"X":0.27270954847335815,"Y":0.6699575781822205},{"X":0.23936904966831207,"Y":0.669954240322113}]},"Id":"e2d3a562-9f2c-4873-a1f9-763c37e3f34a","Relationships":[{"Ids":["7b91454c-707c-48e9-82fb-473f46d9e174"],"Type":"CHILD"}],"Text":"1410"},{"BlockType":"LINE","Confidence":99.85273742675781,"Geometry":{"BoundingBox":{"Height":0.016353188082575798,"Left":0.3376818597316742,"Top":0.6539859771728516,"Width":0.03454693406820297},"Polygon":[{"X":0.3376839756965637,"Y":0.6539859771728516},{"X":0.37222880125045776,"Y":0.653989315032959},{"X":0.3722269535064697,"Y":0.6703391671180725},{"X":0.3376818"
14:55:34.063 [Test worker] DEBUG org.apache.http.wire - http-outgoing-0 << "597316742,"Y":0.6703356504440308}]},"Id":"3c68b0c3-72d6-42b2-babb-07973d1e5062","Relationships":[{"Ids":["c0e774ad-ca81-4324-8357-a9fdf5cc3841"],"Type":"CHILD"}],"Text":"9104"},{"BlockType":"LINE","Confidence":99.77477264404297,"Geometry":{"BoundingBox":{"Height":0.016743740066885948,"Left":0.42147353291511536,"Top":0.6537835001945496,"Width":0.026713954284787178},"Polygon":[{"X":0"
14:55:34.064 [Test worker] DEBUG org.apache.http.wire - http-outgoing-0 << ".42147505283355713,"Y":0.6537835001945496},{"X":0.4481874704360962,"Y":0.6537861227989197},{"X":0.44818615913391113,"Y":0.6705272197723389},{"X":0.42147353291511536,"Y":0.670524537563324}]},"Id":"96a5ac1f-cf4c-492c-bc05-77b1eae0bb37","Relationships":[{"Ids":["6e451227-3594-4826-b6cd-0e88024f1bef"],"Type":"CHILD"}],"Text":"ICN"},{"BlockType":"LINE","Confidence":99.93425750732422,"Geometry":{"BoundingBox":{"Height":0.016168255358934402,"Left":0.5039966702461243,"Top":0.6540229320526123,"Width":0.032839033752679825},"Polygon":[{"X":0.5039975643157959,"Y":0.6540229320526123},{"X":0.5368357300758362,"Y":0.6540260910987854},{"X":0.5368351340293884,"Y":0.6701911687850952},{"X":0.5039966702461243,"Y":0.6701878309249878}]},"Id":"7774b204-26ad-45d1-a616-996b9b405d19","Relationships":[{"Ids":["f4345cb7-e62d-4f89-91b9-9924281a2883"],"Type":"CHILD"}],"Text":"1620"},{"BlockType":"LINE","Confidence":99.8876724243164,"Geometry":{"BoundingBox":{"Height":0.01622731238603592,"Left":0.5425085425376892,"Top":0.6537401080131531,"W"
14:55:34.066 [Test worker] DEBUG org.apache.http.wire - http-outgoing-0 << "idth":0.030831146985292435},"Polygon":[{"X":0.542509138584137,"Y":0.6537401080131531},{"X":0.5733397006988525,"Y":0.6537431478500366},{"X":0.5733393430709839,"Y":0.6699674725532532},{"X":0.5425085425376892,"Y":0.6699643135070801}]},"Id":"ca08e413-7f67-45c8-8242-77f7df01c433","Relationships":[{"Ids":["ef21a080-e49e-4af0-ac05-be42cf773775"],"Type":"CHILD"}],"Text":"NRT"},{"BlockType":"LINE","Confidence":99.87699127197266,"Geometry":{"BoundingBox":{"Height":0.016348350793123245,"Left":0.6244871616363525,"Top":0.6540581583976746,"Width":0.03268735483288765},"Polygon":[{"X":0.6244871616363525,"Y":0.6540581583976746},{"X":0.6571742296218872,"Y":0.6540613174438477},{"X":0.6571745276451111,"Y":0.6704065203666687},{"X":0.6244872212409973,"Y":0.6704031825065613}]},"Id":"1a5b7488-3119-400a-878a-de846e1ae889","Relationships":[{"Ids":["991de8d2-f1d0-40b8-97e7-efe2c8fdc1d5"],"Type":"CHILD"}],"Text":"1845"},{"BlockType":"LINE","Confidence":99.88279724121094,"Geometry":{"BoundingBox":{"Height":0.016306515783071518,"Left":0.6630847454071045,"Top":0.654088020324707,"Width":0.025586755946278572},"Polygon":[{"X":0.6630847454071045,"Y":0.654088020324707},{"X":0.6886709928512573,"Y":0.6540905237197876},{"X":0.6886714696884155,"Y":0.6703945398330688},{"X":0.6630850434303284,"Y":0.6703919768333435}]},"Id":"b2bf802e-9361-47bd-9233-ef682ce22a0f","Relationships":[{"Ids":["1091e966-d322-48a6-87db-ef70984b355c"],"Type":"CHILD"}],"Text":"738"},{"BlockType":"LINE","Confidence":99.2418441772461,"Geometry":{"BoundingBox":{"Height":0.016241589561104774,"Left":0.9641085267066956,"Top":0.6538878679275513,"Width":0.03059200942516327},"Polygon":[{"X":0.9641085267066956,"Y":0.6538878679275513},{"X":0.9946977496147156,"Y":0.65389084815979},{"X":0.99470055103302,"Y":0.6701294779777527},{"X":0.9641110897064209,"Y":0.6701263785362244}]},"Id":"f3a1cba9-c701-4587-ae26-8f0e9202944a","Relationships":[{"Ids":["2bb22dba-4f93-40b4-968e-d5c1efe78bad"],"Type":"CHILD"}],"Text":"2:25"},{"BlockType":"LINE","Confidence":99.91465759277344,"Geometry":{"BoundingBox":{"Height":0.017042741179466248,"Left":0.29893922805786133,"Top":0.6778513193130493,"Width":0.07376746088266373},"Polygon":[{"X":0.2989417314529419,"Y":0.6778513193130493},{"X":0.37270668148994446,"Y":0.6778589487075806},{"X":0.37270474433898926,"Y":0.6948940753936768},{"X":0.29893922805786133,"Y":0.6948861479759216}]},"Id":"e4bea040-ada0-4316-9666-7e4a8078327d","Relationships":[{"Ids":["8c731bfd-9de7-46dc-b99a-a93e204aa6f6","097bfdd1-499c-410c-8afb-41b7f8c8095f"],"Type":"CHILD"}],"Text":"2350 9103"},{"BlockType":"LINE","Confidence":99.92975616455078,"Geometry":{"BoundingBox":{"Height":0.016370609402656555,"Left":0.421491414308548,"Top":0.6779611706733704,"Width":0.0312365535646677},"Polygon":[{"X":0.42149290442466736,"Y":0.6779611706733704},{"X":0.4527279734611511,"Y":0.6779643893241882},{"X":0.45272672176361084,"Y":0.6943317651748657},{"X":0.421491414308548,"Y":0.6943284273147583}]},"Id":"4e3b57ef-44b9-41a6-ad22-e6e89416d7c6","Relationships":[{"Ids":["bf5eb7b5-ce32-44d0-9eb8-84be5b959e6d"],"Type":"CHILD"}],"Text":"NRT"},{"BlockType":"LINE","Confidence":99.93726348876953,"Geometry":{"BoundingBox":{"Height":0.016247054561972618,"Left":0.5040813088417053,"Top":0.6784024238586426,"Width":0.032608505338430405},"Polygon":[{"X":0.504082202911377,"Y":0.6784024238586426},{"X":0.536689817905426,"Y":0.67840576171875},{"X":0.5366892218589783,"Y":0.6946494579315186},{"X":0.5040813088417053,"Y":0.6946459412574768}]},"Id":"74406ba5-49a2-46e9-bdd5-e7c015da6cb9","Relationships":[{"Ids":["4f4e6506-71fe-40d7-b29f-b2066e75eb10"],"Type":"CHILD"}],"Text":"1945"},{"BlockType":"LINE","Confidence":99.0401840209961,"Geometry":{"BoundingBox":{"Height":0.01694074459373951,"Left":0.5421343445777893,"Top":0.6777855753898621,"Width":0.026684528216719627},"Polygon":[{"X":0.5421349406242371,"Y":0.6777855753898621},{"X":0.5688188672065735,"Y":0.6777883172035217},{"X":0.5688184499740601,"Y":0.694726288318634},{"X":0.5421343445777893,"Y":0.6947234272956848}]},"Id":"c6306d7f-6a99-49ff-916a-5c3da4d71433","Relationships":[{"Ids":["0b6fabf1-d971-4984-8c59-d6b6dc00c9d8"],"Type":"CHILD"}],"Text":"ICN"},{"BlockType":"LINE","Confidence":99.9605941772461,"Geometry":{"BoundingBox":{"Height":0.016921868547797203,"Left":0.6230133175849915,"Top":0.6778983473777771,"Width":0.03401178866624832},"Polygon":[{"X":0.6230133175849915,"Y":0.6778983473777771},{"X":0.6570248007774353,"Y":0.6779018640518188},{"X":0.6570250988006592,"Y":0.6948202252388},{"X":0.6230133175849915,"Y":0.6948165893554688}]},"Id":"53da8bf6-8d6c-4f9d-9347-6f51586e81b2","Relationships":[{"Ids":["4c127938-8f24-4af4-925f-1608e194b4f9"],"Type":"CHILD"}],"Text":"2250"},{"BlockType":"LINE","Confidence":99.88848876953125,"Geometry":{"BoundingBox":{"Height":0.016767075285315514,"Left":0.6629299521446228,"Top":0.6780545115470886,"Width":0.0256561990827322},"Polygon":[{"X":0.6629299521446228,"Y":0.6780545115470886},{"X":0.688585638999939,"Y":0.6780571937561035},{"X":0.6885861754417419,"Y":0.6948215961456299},{"X":0.6629303097724915,"Y":0.6948188543319702}]},"Id":"9281b338-0175-4ead-91a3-afc62193748b","Relationships":[{"Ids":["ee51a6f5-c3f4-427a-abe1-1563493bcff9"],"Type":"CHILD"}],"Text":"738"},{"BlockType":"LINE","Confidence":97.0876235961914,"Geometry":{"BoundingBox":{"Height":0.016418252140283585,"Left":0.9641754031181335,"Top":0.678294837474823,"Width":0.030211372300982475},"Polygon":[{"X":0.9641754031181335,"Y":0.678294837474823},{"X":0.9943839907646179,"Y":0.6782979369163513},{"X":0.9943867921829224,"Y":0.6947130560874939},{"X":0.9641779661178589,"Y":0.694709837436676}]},"Id":"0543d3a4-c123-4fa4-afa7-9db879fc6fe1","Relationships":[{"Ids":["d36a7436-0239-459f-8867-31646b76e55c"],"Type":"CHILD"}],"Text":"3:05"},{"BlockType":"LINE","Confidence":99.91854095458984,"Geometry":{"BoundingBox":{"Height":0.019170954823493958,"Left":0.023922407999634743,"Top":0.7020427584648132,"Width":0.10559847205877304},"Polygon":[{"X":0.023927634581923485,"Y":0.7020427584648132},{"X":0.12952087819576263,"Y":0.7020542621612549},{"X":0.1295165717601776,"Y":0.721213698387146},{"X":0.023922407999634743,"Y":0.7212016582489014}]},"Id":"60810df1-6428-4299-8faa-a4c22d43f142","Relationships":[{"Ids":["e4bb7aa5-0cf7-4b7b-9f52-faeb49316a53","c1ac4915-a878-486a-8363-a5a4781b5d49"],"Type":"CHILD"}],"Text":"21Apr23 F2507"},{"BlockType":"LINE","Confidence":99.96735382080078,"Geometry":{"BoundingBox":{"Height":0.0164051316678524,"Left":0.23953868448734283,"Top":0.7026710510253906,"Width":0.033329449594020844},"Polygon":[{"X":0.23954154551029205,"Y":0.7026710510253906},{"X":0.2728681266307831,"Y":0.7026746869087219},{"X":0.27286553382873535,"Y":0.7190761566162109},{"X":0.23953868448734283,"Y":0.7190724015235901}]},"Id":"43616b6b-d6e1-4351-afe7-a738b82248ad","Relationships":[{"Ids":["ebc41c4a-a41f-45a4-ae0f-2e9968ee96ac"],"Type":"CHILD"}],"Text":"1700"},{"BlockType":"LINE","Confidence":99.96823120117188,"Geometry":{"BoundingBox":{"Height":0.017130624502897263,"Left":0.2991470396518707,"Top":0.7021722793579102,"Width":0.07316063344478607},"Polygon":[{"X":0.2991495728492737,"Y":0.7021722793579102},{"X":0.372307687997818,"Y":0.7021802663803101},{"X":0.3723057210445404,"Y":0.7193028926849365},{"X":0.2991470396518707,"Y":0.7192946076393127}]},"Id":"4229c397-f642-4340-abd7-f0f406c0e4a9","Relationships":[{"Ids":["708a8451-5aac-40d9-86cb-021f4b6423dc","2c520532-aa39-436b-8759-dd9ea124db3c"],"Type":"CHILD"}],"Text":"2340 2507"},{"BlockType":"LINE","Confidence":99.4196548461914,"Geometry":{"BoundingBox":{"Height":0.016338175162672997,"Left":0.42187777161598206,"Top":0.702505350112915,"Width":0.026100333780050278},"Polygon":[{"X":0.42187926173210144,"Y":0.702505350112915},{"X":0.44797810912132263,"Y":0.7025082111358643},{"X":0.44797682762145996,"Y":0.7188435196876526},{"X":0.42187777161598206,"Y":0.7188405394554138}]},"Id":"008228fc-6432-463e-87c8-3032e0547306","Relationships":[{"Ids":["b77bf9f7-b737-4aab-897d-3e22ff31ac3b"],"Type":"CHILD"}],"Text":"ICN"},{"BlockType":"LINE","Confid"
14:55:34.078 [Test worker] DEBUG org.apache.http.wire - http-outgoing-0 << "ence":99.95623779296875,"Geometry":{"BoundingBox":{"Height":0.016809117048978806,"Left":0.503751277923584,"Top":0.7023388743400574,"Width":0.03317059576511383},"Polygon":[{"X":0.5037521719932556,"Y":0.7023388743400574},{"X":0.5369218587875366,"Y":0.7023425102233887},{"X":0.5369212031364441,"Y":0.7191480398178101},{"X":0.503751277923584,"Y":0.7191442251205444}]},"Id":"681eb233-9993-4d90-b206-4bfb501ba4b5","Relationships":[{"Ids":["00a61a1c-2fa3-4f4d-b286-3a61758e9caf"],"Type":"CHILD"}],"Text":"1910"},{"BlockType":"LINE","Confidence":98.59774780273438,"Geometry":{"BoundingBox":{"Height":0.01630108244717121,"Left":0.5421954393386841,"Top":0.7023659348487854,"Width":0.024887312203645706},"Polygon":[{"X":0.5421959757804871,"Y":0.7023659348487854},{"X":0.5670827031135559,"Y":0.7023686170578003},{"X":0.5670823454856873,"Y":0.7186669707298279},{"X":0.5421954393386841,"Y":0.7186641693115234}]},"Id":"a7c67d17-d976-48f0-ac68-f9ba53e53c4e","Relationships":[{"Ids":["b816d805-89a6-4589-8048-5d76ced0897f"],"Type":"CHILD"}],"Text":"BKI"},{"BlockType":"LINE","Confidence":99.94383239746094,"Geometry":{"BoundingBox":{"Height":0.016761934384703636,"Left":0.6230068802833557,"Top":0.7022969126701355,"Width":0.03411875292658806},"Polygon":[{"X":0.6230068802833557,"Y":0.7022969126701355},{"X":0.6571253538131714,"Y":0.7023006677627563},{"X":0.6571256518363953,"Y":0.7190588712692261},{"X":0.6230069398880005,"Y":0.7190549969673157}]},"Id":"31fd4626-dfb6-4645-b29b-f8fb0f4269b2","Relationships":[{"Ids":["816b4531-04b1-4add-b587-a8e64e835bee"],"Type":"CHILD"}],"Text":"0020"},{"BlockType":"LINE","Confidence":99.89274597167969,"Geometry":{"BoundingBox":{"Height":0.01659104786813259,"Left":0.6632701754570007,"Top":0.7023958563804626,"Width":0.02550840564072132},"Polygon":[{"X":0.6632701754570007,"Y":0.7023958563804626},{"X":0.6887780427932739,"Y":0.7023986577987671},{"X":0.6887785792350769,"Y":0.7189869284629822},{"X":0.6632704734802246,"Y":0.7189840078353882}]},"Id":"0a4fb6a2-7ce7-49b7-a023-665b2b479652","Relationships":[{"Ids":["67103dd0-66de-4d04-aa3c-9cc616b7f878"],"Type":"CHILD"}],"Text":"738"},{"BlockType":"LINE","Confidence":99.72563171386719,"Geometry":{"BoundingBox":{"Height":0.01658921130001545,"Left":0.9644196033477783,"Top":0.7024821639060974,"Width":0.03048209473490715},"Polygon":[{"X":0.9644196033477783,"Y":0.7024821639060974},{"X":0.9948988556861877,"Y":0.7024855017662048},{"X":0.994901716709137,"Y":0.7190713882446289},{"X":0.9644222259521484,"Y":0.7190679311752319}]},"Id":"cdd4a53e-a8be-47f0-a002-00456e8d3c62","Relationships":[{"Ids":["272f914b-051b-4de7-b760-8d41acdc986a"],"Type":"CHILD"}],"Text":"5:10"},{"BlockType":"LINE","Confidence":99.91437530517578,"Geometry":{"BoundingBox":{"Height":0.01872345060110092,"Left":0.0238803718239069,"Top":0.7284586429595947,"Width":0.10568016022443771},"Polygon":[{"X":0.02388547547161579,"Y":0.7284586429595947},{"X":0.12956053018569946,"Y":0.7284708619117737},{"X":0.1295563280582428,"Y":0.7471820712089539},{"X":0.0238803718239069,"Y":0.7471693158149719}]},"Id":"fad2dd73-aa65-4fdd-9154-3bcb0aa50e51","Relationships":[{"Ids":["476e22c9-4957-4709-a58c-97d50c96b7ab","f09eaca0-39e6-40bb-8089-451ea5f0ceb0"],"Type":"CHILD"}],"Text":"22Apr23 F2507"},{"BlockType":"LINE","Confidence":99.82682800292969,"Geometry":{"BoundingBox":{"Height":0.016370808705687523,"Left":0.33801335096359253,"Top":0.7286157608032227,"Width":0.051385752856731415},"Polygon":[{"X":0.33801546692848206,"Y":0.7286157608032227},{"X":0.38939911127090454,"Y":0.7286216616630554},{"X":0.38939738273620605,"Y":0.7449865341186523},{"X":0.33801335096359253,"Y":0.7449803948402405}]},"Id":"44fdcd2a-4e1d-49d9-b90a-425f2fece7a6","Relationships":[{"Ids":["e37de3f6-70d2-409a-a5be-c22a5b814368"],"Type":"CHILD"}],"Text":"LAYOV"},{"BlockType":"LINE","Confidence":96.89073181152344,"Geometry":{"BoundingBox":{"Height":0.016001705080270767,"Left":0.42172160744667053,"Top":0.7289914488792419,"Width":0.024406403303146362},"Polygon":[{"X":0.42172306776046753,"Y":0.7289914488792419},{"X":0.4461280107498169,"Y":0.7289943099021912},{"X":0.4461267292499542,"Y":0.7449932098388672},{"X":0.42172160744667053,"Y":0.7449902296066284}]},"Id":"4528c931-b038-4a45-8801-888c2e8cd44f","Relationships":[{"Ids":["9d335e7b-5641-4e43-979e-4fe37bff42b7"],"Type":"CHILD"}],"Text":"BKI"},{"BlockType":"LINE","Confidence":99.85655212402344,"Geometry":{"BoundingBox":{"Height":0.01663820818066597,"Left":0.5023929476737976,"Top":0.7286489009857178,"Width":0.03444055840373039},"Polygon":[{"X":0.502393901348114,"Y":0.7286489009857178},{"X":0.5368335247039795,"Y":0.7286528944969177},{"X":0.536832869052887,"Y":0.7452871203422546},{"X":0.5023929476737976,"Y":0.7452829480171204}]},"Id":"baed1a5a-e45b-488b-9808-a65ab3a288f6","Relationships":[{"Ids":["fd692d9a-ee48-4f42-bfe4-713df42321dd"],"Type":"CHILD"}],"Text":"0105"},{"BlockType":"LINE","Confidence":99.27099609375,"Geometry":{"BoundingBox":{"Height":0.01612098515033722,"Left":0.5422231554985046,"Top":0.7287638783454895,"Width":0.024881787598133087},"Polygon":[{"X":0.5422237515449524,"Y":0.7287638783454895},{"X":0.5671049952507019,"Y":0.7287667989730835},{"X":0.5671045780181885,"Y":0.7448849081993103},{"X":0.5422231554985046,"Y":0.7448819279670715}]},"Id":"947522ea-be70-48fd-ab15-543b5004e45e","Relationships":[{"Ids":["7e939234-3d8b-49b7-9417-3b82b78c0b12"],"Type":"CHILD"}],"Text":"BKI"},{"BlockType":"LINE","Confidence":99.9620590209961,"Geometry":{"BoundingBox":{"Height":0.016246357932686806,"Left":0.6231648921966553,"Top":0.7287226319313049,"Width":0.03451475501060486},"Polygon":[{"X":0.6231648921966553,"Y":0.7287226319313049},{"X":0.6576793789863586,"Y":0.7287266254425049},{"X":0.6576796770095825,"Y":0.7449690103530884},{"X":0.6231649518013,"Y":0.7449648380279541}]},"Id":"ecf7cccc-03bd-4673-9f29-76a522b5ea9f","Relationships":[{"Ids":["30604cee-9761-4c4a-b6d6-68d7741b2629"],"Type":"CHILD"}],"Text":"2355"},{"BlockType":"LINE","Confidence":99.90145874023438,"Geometry":{"BoundingBox":{"Height":0.016853341832756996,"Left":0.6630849242210388,"Top":0.7283951044082642,"Width":0.12508881092071533},"Polygon":[{"X":0.6630849242210388,"Y":0.7283951044082642},{"X":0.7881724238395691,"Y":0.7284095883369446},{"X":0.7881737351417542,"Y":0.7452484369277954},{"X":0.6630852222442627,"Y":0.745233416557312}]},"Id":"4e0a7d0f-6bfc-40bf-89e7-6b583df11afd","Relationships":[{"Ids":["0f93343e-e4a4-41ce-8887-8e9e5af5f325","6dcf6e4a-559b-47ab-b8e0-86d7f25f517a"],"Type":"CHILD"}],"Text":"HYATT REGENCY"},{"BlockType":"LINE","Confidence":99.92649841308594,"Geometry":{"BoundingBox":{"Height":0.019034162163734436,"Left":0.023772256448864937,"Top":0.7524658441543579,"Width":0.10566616803407669},"Polygon":[{"X":0.023777447640895844,"Y":0.7524658441543579},{"X":0.12943843007087708,"Y":0.7524787187576294},{"X":0.12943415343761444,"Y":0.7714999914169312},{"X":0.023772256448864937,"Y":0.7714865803718567}]},"Id":"8ced82d4-1cc1-40c7-af83-2d49ece9847d","Relationships":[{"Ids":["7bc70f73-45f8-4450-bd3a-2195021b8b35","56682f2a-c02b-49ec-92af-eca8c1ab8a8f"],"Type":"CHILD"}],"Text":"23Apr23 F2507"},{"BlockType":"LINE","Confidence":99.97529602050781,"Geometry":{"BoundingBox":{"Height":0.016033736988902092,"Left":0.23821188509464264,"Top":0.7531406283378601,"Width":0.03460698947310448},"Polygon":[{"X":0.23821468651294708,"Y":0.7531406283378601},{"X":0.2728188633918762,"Y":0.7531448602676392},{"X":0.27281633019447327,"Y":0.769174337387085},{"X":0.23821188509464264,"Y":0.7691699862480164}]},"Id":"cde9c632-f982-4480-8320-5690180d27f0","Relationships":[{"Ids":["8e377a0f-23d4-4023-9765-4fa79def3c3e"],"Type":"CHILD"}],"Text":"2320"},{"BlockType":"LINE","Confidence":99.92754364013672,"Geometry":{"BoundingBox":{"Height":0.01682455465197563,"Left":0.2989552319049835,"Top":0.7526636123657227,"Width":0.07365059852600098},"Polygon":[{"X":0.2989577054977417,"Y":0.7526636123657227},{"X":0.3726058304309845,"Y":0.752672553062439},{"X":0.3726039230823517,"Y":0.7694881558418274},{"X":0.2989552319049835,"Y":0.7694788575172424}]},"Id":"a4bed24"
14:55:34.083 [Test worker] DEBUG org.apache.http.wire - http-outgoing-0 << "3-e886-43a6-bab0-bfac981fe125","Relationships":[{"Ids":["2c3b4709-1882-46da-9886-c239fd7cdbe9","7c288b3b-54cc-4bac-8e8a-18157fec64ba"],"Type":"CHILD"}],"Text":"0725 2508"},{"BlockType":"LINE","Confidence":96.64901733398438,"Geometry":{"BoundingBox":{"Height":0.01603146456182003,"Left":0.4217309057712555,"Top":0.7530279159545898,"Width":0.024326322600245476},"Polygon":[{"X":0.421732"
14:55:34.084 [Test worker] DEBUG org.apache.http.wire - http-outgoing-0 << "3660850525,"Y":0.7530279159545898},{"X":0.4460572302341461,"Y":0.7530308961868286},{"X":0.44605594873428345,"Y":0.7690593600273132},{"X":0.4217309057712555,"Y":0.7690563201904297}]},"Id":"3dca7439-8f87-45c5-8709-4bbc8ca64e91","Relationships":[{"Ids":["37e7ad48-5220-409a-83ef-2f899522c61e"],"Type":"CHILD"}],"Text":"BKI"},{"BlockType":"LINE","Confidence":99.95389556884766,"Geometry":{"BoundingBox":{"Height":0.016808878630399704,"Left":0.5023928284645081,"Top":0.752730667591095,"Width":0.03453760966658592},"Polygon":[{"X":0.5023937225341797,"Y":0.752730667591095},{"X":0.5369304418563843,"Y":0.7527348399162292},{"X":0.5369297862052917,"Y":0.7695395350456238},{"X":0.5023928284645081,"Y":0.7695351839065552}]},"Id":"2315e8e3-99b3-4e79-abed-45f5e569712d","Relationships":[{"Ids":["f8dc0c6e-8fb3-48ee-960c-0db56e6013f7"],"Type":"CHILD"}],"Text":"0120"},{"BlockType":"LINE","Confidence":99.74659729003906,"Geometry":{"BoundingBox":{"Height":0.016516923904418945,"Left":0.5418334007263184,"Top":0.7529127597808838,"Width":0.0"
14:55:34.089 [Test worker] DEBUG org.apache.http.wire - http-outgoing-0 << "26996741071343422},"Polygon":[{"X":0.5418339967727661,"Y":0.7529127597808838},{"X":0.568830132484436,"Y":0.7529160380363464},{"X":0.5688297748565674,"Y":0.7694296836853027},{"X":0.5418334007263184,"Y":0.7694262266159058}]},"Id":"0858ac34-0070-409e-8ada-606b89e4c7e0","Relationships":[{"Ids":["8c93f4c3-191a-444e-b0f4-dbda1b8b150a"],"Type":"CHILD"}],"Text":"ICN"},{"BlockType":"LINE","Confidence":99.93030548095703,"Geometry":{"BoundingBox":{"Height":0.01683097332715988,"Left":0.6229053735733032,"Top":0.7526699900627136,"Width":0.034340109676122665},"Polygon":[{"X":0.6229053735733032,"Y":0.7526699900627136},{"X":0.6572452187538147,"Y":0.7526741623878479},{"X":0.6572454571723938,"Y":0.7695009708404541},{"X":0.6229053735733032,"Y":0.7694966197013855}]},"Id":"2f6f7a61-838f-4b97-8abd-7f36081dba3b","Relationships":[{"Ids":["ac5ca87e-6028-4b2a-a5f5-49cdfc641162"],"Type":"CHILD"}],"Text":"0625"},{"BlockType":"LINE","Confidence":99.90380859375,"Geometry":{"BoundingBox":{"Height":0.01630890928208828,"Left":0.6629884839057922,"Top":0.7531259059906006,"Width":0.025531159713864326},"Polygon":[{"X":0.6629884839057922,"Y":0.7531259059906006},{"X":0.6885191202163696,"Y":0.7531290054321289},{"X":0.6885196566581726,"Y":0.7694348096847534},{"X":0.6629887819290161,"Y":0.7694315910339355}]},"Id":"7b6bb233-d109-49ae-8dbe-6e85dbfe9f6e","Relationships":[{"Ids":["796e5901-255d-4f6d-99b6-d6ea25b943ec"],"Type":"CHILD"}],"Text":"738"},{"BlockType":"LINE","Confidence":98.8751220703125,"Geometry":{"BoundingBox":{"Height":0.0165196992456913,"Left":0.9642217755317688,"Top":0.7529962062835693,"Width":0.030533533543348312},"Polygon":[{"X":0.9642217755317688,"Y":0.7529962062835693},{"X":0.9947524666786194,"Y":0.7529999017715454},{"X":0.9947553277015686,"Y":0.7695159316062927},{"X":0.9642243385314941,"Y":0.7695120573043823}]},"Id":"ef4c1402-4379-4971-aacb-d746dcb5cf02","Relationships":[{"Ids":["50c8e319-cc6a-43f4-a3eb-ffc246d4413a"],"Type":"CHILD"}],"Text":"5:05"},{"BlockType":"LINE","Confidence":99.93697357177734,"Geometry":{"BoundingBox":{"Height":0.01874009147286415,"Left":0.023926332592964172,"Top":0.7772859334945679,"Width":0.057365868240594864},"Polygon":[{"X":0.023931443691253662,"Y":0.7772859334945679},{"X":0.08129219710826874,"Y":0.7772932648658752},{"X":0.08128757774829865,"Y":0.7960260510444641},{"X":0.023926332592964172,"Y":0.7960184216499329}]},"Id":"1b2a2049-06eb-4f48-9a77-747f83be9fc5","Relationships":[{"Ids":["f80de55b-2f8a-4060-98a0-1bd9a4c5b1d8"],"Type":"CHILD"}],"Text":"24Apr23"},{"BlockType":"LINE","Confidence":99.97310638427734,"Geometry":{"BoundingBox":{"Height":0.016759881749749184,"Left":0.3382387161254883,"Top":0.7768613696098328,"Width":0.030632713809609413},"Polygon":[{"X":0.3382408916950226,"Y":0.7768613696098328},{"X":0.36887142062187195,"Y":0.7768653035163879},{"X":0.36886951327323914,"Y":0.7936212420463562},{"X":0.3382387161254883,"Y":0.7936171889305115}]},"Id":"c9069a5d-6739-46ed-9c89-cc0e8c00222f","Relationships":[{"Ids":["21231d36-ff42-4bcc-ab8b-ef52fe4fb2b0"],"Type":"CHILD"}],"Text":"OFF"},{"BlockType":"LINE","Confidence":99.92979431152344,"Geometry":{"BoundingBox":{"Height":0.016672873869538307,"Left":0.4215129017829895,"Top":0.7769246697425842,"Width":0.03448617085814476},"Polygon":[{"X":0.4215144217014313,"Y":0.7769246697425842},{"X":0.45599907636642456,"Y":0.7769290804862976},{"X":0.4559978246688843,"Y":0.7935975790023804},{"X":0.4215129017829895,"Y":0.7935929894447327}]},"Id":"19b90445-a4da-4328-9138-56f736e3377c","Relationships":[{"Ids":["ce059161-c73d-4d77-bd26-e98d54ea2371"],"Type":"CHILD"}],"Text":"GMP"},{"BlockType":"LINE","Confidence":99.86897277832031,"Geometry":{"BoundingBox":{"Height":0.016955047845840454,"Left":0.502434492111206,"Top":0.7770918607711792,"Width":0.03471936285495758},"Polygon":[{"X":0.5024353861808777,"Y":0.7770918607711792},{"X":0.5371538400650024,"Y":0.7770963311195374},{"X":0.5371532440185547,"Y":0.7940468788146973},{"X":0.502434492111206,"Y":0.7940422892570496}]},"Id":"b43b8baf-1e03-4b36-abb1-c4aff655c378","Relationships":[{"Ids":["8232076d-93e4-4b9b-8307-623cd51bae07"],"Type":"CHILD"}],"Text":"0000"},{"BlockType":"LINE","Confidence":99.9518814086914,"Geometry":{"BoundingBox":{"Height":0.017128752544522285,"Left":0.5423547625541687,"Top":0.7766047120094299,"Width":0.03405381366610527},"Polygon":[{"X":0.5423553586006165,"Y":0.7766047120094299},{"X":0.5764085650444031,"Y":0.7766090631484985},{"X":0.5764082074165344,"Y":0.7937334775924683},{"X":0.5423547625541687,"Y":0.7937289476394653}]},"Id":"cc0247db-7642-4eb3-b8a5-424f7cf32fe9","Relationships":[{"Ids":["1e43f2c1-e902-4b61-8cdc-5e3e0170beb9"],"Type":"CHILD"}],"Text":"GMP"},{"BlockType":"LINE","Confidence":99.95367431640625,"Geometry":{"BoundingBox":{"Height":0.016915172338485718,"Left":0.6231544613838196,"Top":0.7769066691398621,"Width":0.034553539007902145},"Polygon":[{"X":0.6231544613838196,"Y":0.7769066691398621},{"X":0.6577077507972717,"Y":0.7769110798835754},{"X":0.6577079892158508,"Y":0.7938218116760254},{"X":0.6231545209884644,"Y":0.7938172221183777}]},"Id":"0f7ae8c0-798b-4dd4-a5ba-6d345cee495f","Relationships":[{"Ids":["ac8e4934-1bcc-48c0-bda4-b6df305177b8"],"Type":"CHILD"}],"Text":"2359"},{"BlockType":"LINE","Confidence":99.89208221435547,"Geometry":{"BoundingBox":{"Height":0.018655292689800262,"Left":0.023921610787510872,"Top":0.8035673499107361,"Width":0.057419296354055405},"Polygon":[{"X":0.02392669767141342,"Y":0.8035673499107361},{"X":0.08134090900421143,"Y":0.8035750985145569},{"X":0.08133631199598312,"Y":0.8222226500511169},{"X":0.023921610787510872,"Y":0.822214663028717}]},"Id":"dd777e92-89f5-4fa1-82ad-0ad0804a9ac6","Relationships":[{"Ids":["23912222-8bbd-44f9-9347-712742f8c4a4"],"Type":"CHILD"}],"Text":"25Apr23"},{"BlockType":"LINE","Confidence":99.88256072998047,"Geometry":{"BoundingBox":{"Height":0.016566433012485504,"Left":0.23808187246322632,"Top":0.8035210967063904,"Width":0.03469640016555786},"Polygon":[{"X":0.23808476328849792,"Y":0.8035210967063904},{"X":0.2727782726287842,"Y":0.8035257458686829},{"X":0.2727756202220917,"Y":0.8200874924659729},{"X":0.23808187246322632,"Y":0.8200827240943909}]},"Id":"c906a6bf-8fe9-47db-83de-5e01f61aaf70","Relationships":[{"Ids":["2f9987b7-e4d9-4846-842f-b0df4f5e84a3"],"Type":"CHILD"}],"Text":"0900"},{"BlockType":"LINE","Confidence":99.81639099121094,"Geometry":{"BoundingBox":{"Height":0.016096055507659912,"Left":0.33812835812568665,"Top":0.8036140203475952,"Width":0.04257147014141083},"Polygon":[{"X":0.3381304442882538,"Y":0.8036140203475952},{"X":0.38069984316825867,"Y":0.8036197423934937},{"X":0.3806980848312378,"Y":0.8197100758552551},{"X":0.33812835812568665,"Y":0.8197041749954224}]},"Id":"c9543e7f-b21c-45d6-a75e-6001c2be06cf","Relationships":[{"Ids":["7a8702d9-3142-4d3d-abbb-1daf7bae6624"],"Type":"CHILD"}],"Text":"JCRM"},{"BlockType":"LINE","Confidence":99.8602066040039,"Geometry":{"BoundingBox":{"Height":0.01638225093483925,"Left":0.42157214879989624,"Top":0.8032822608947754,"Width":0.03435913845896721},"Polygon":[{"X":0.4215736389160156,"Y":0.8032822608947754},{"X":0.45593127608299255,"Y":0.8032868504524231},{"X":0.45593005418777466,"Y":0.819664478302002},{"X":0.42157214879989624,"Y":0.8196597099304199}]},"Id":"c23c18c8-3663-4982-b401-fe65e87d8d3f","Relationships":[{"Ids":["1fb8827c-ecd2-4875-a656-acc12968daab"],"Type":"CHILD"}],"Text":"GMP"},{"BlockType":"LINE","Confidence":99.88590240478516,"Geometry":{"BoundingBox":{"Height":0.016138484701514244,"Left":0.502399742603302,"Top":0.8037794828414917,"Width":0.0345102921128273},"Polygon":[{"X":0.5024005770683289,"Y":0.8037794828414917},{"X":0.5369099974632263,"Y":0.8037841320037842},{"X":0.5369094014167786,"Y":0.8199179768562317},{"X":0.502399742603302,"Y":0.8199131488800049}]},"Id":"1148616b-9abf-41eb-9822-3eae721b1ca8","Relationships":[{"Ids":["aec3d090-8d9e-4c4e-a89d-6a827920e22e"],"Type":"CHILD"}],"Text":"0900"},{"BlockType":"LINE","Confidence":99.8995590209961,"Geometry":{"BoundingBox":{"Height":0.01628698594868183,"Left":0.5422641038894653,"Top":0.8032"
14:55:34.095 [Test worker] DEBUG org.apache.http.wire - http-outgoing-0 << "590746879578,"Width":0.03439432382583618},"Polygon":[{"X":0.5422646999359131,"Y":0.8032590746879578},{"X":0.5766584277153015,"Y":0.8032637238502502},{"X":0.5766580700874329,"Y":0.819546103477478},{"X":0.5422641038894653,"Y":0.819541335105896}]},"Id":"4b85ad6c-1ed8-489a-8748-0f0ab72c2d6c","Relationships":[{"Ids":["ebde521c-937a-45a8-8b19-76153c54741a"],"Type":"CHILD"}],"Text":"GMP"},{"BlockType":"LINE","Confidence":99.94176483154297,"Geometry":{"BoundingBox":{"Height":0.01575789414346218,"Left":0.6245430707931519,"Top":0.8038946390151978,"Width":0.032741427421569824},"Polygon":[{"X":0.6245430707931519,"Y":0.8038946390151978},{"X":0.6572842597961426,"Y":0.8038990497589111},{"X":0.6572844982147217,"Y":0.8196524977684021},{"X":0.6245431303977966,"Y":0.8196479678153992}]},"Id":"34d545b7-cf3c-4233-bcd5-8430913b5c94","Relationships":[{"Ids":["d971842d-0664-41a3-a174-e870809ee40e"],"Type":"CHILD"}],"Text":"1100"},{"BlockType":"LINE","Confidence":99.66310119628906,"Geometry":{"BoundingBox":{"Height":0.019144663587212563,"Left":0.29970356822013855,"Top":0.8275638818740845,"Width":0.10012289881706238},"Polygon":[{"X":0.299706369638443,"Y":0.8275638818740845},{"X":0.3998264670372009,"Y":0.8275779485702515},{"X":0.3998245298862457,"Y":0.8467085361480713},{"X":0.29970356822013855,"Y":0.8466939330101013}]},"Id":"c947fc43-65fc-45d5-8b04-1da779c2d026","Relationships":[{"Ids":["f8b4553c-a4d4-4fe8-a73c-946145dc1c6a","db71d5c9-bc1d-4397-94e9-fe22784b71a2"],"Type":"CHILD"}],"Text":"1300 TR_GRD"},{"BlockType":"LINE","Confidence":99.87754821777344,"Geometry":{"BoundingBox":{"Height":0.016215337440371513,"Left":0.42171230912208557,"Top":0.8278627991676331,"Width":0.034138813614845276},"Polygon":[{"X":0.42171379923820496,"Y":0.8278627991676331},{"X":0.45585113763809204,"Y":0.8278675675392151},{"X":0.45584991574287415,"Y":0.8440781235694885},{"X":0.42171230912208557,"Y":0.8440731763839722}]},"Id":"4f408b0b-6ba0-4eee-8925-cf038c57e0c6","Relationships":[{"Ids":["d183421a-a8a9-4d6f-a046-a395698d804f"],"Type":"CHILD"}],"Text":"GMP"},{"BlockType":"LINE","Confidence":99.951171875,"Geometry":{"BoundingBox":{"Height":0.016066189855337143,"Left":0.5040155053138733,"Top":0.8281289935112,"Width":0.032707154750823975},"Polygon":[{"X":0.5040163397789001,"Y":0.8281289935112},{"X":0.5367226600646973,"Y":0.8281336426734924},{"X":0.5367220640182495,"Y":0.8441951870918274},{"X":0.5040155053138733,"Y":0.8441904783248901}]},"Id":"b1ac3870-518d-4c15-af4c-3d276b47eba9","Relationships":[{"Ids":["b61e2bec-b109-46fc-82b6-504d09f1473d"],"Type":"CHILD"}],"Text":"1100"},{"BlockType":"LINE","Confidence":99.93375396728516,"Geometry":{"BoundingBox":{"Height":0.016060955822467804,"Left":0.5425670146942139,"Top":0.8279531002044678,"Width":0.03421176224946976},"Polygon":[{"X":0.5425675511360168,"Y":0.8279531002044678},{"X":0.576778769493103,"Y":0.8279579281806946},{"X":0.5767784714698792,"Y":0.844014048576355},{"X":0.5425670146942139,"Y":0.8440091013908386}]},"Id":"a3619eb0-13fa-44e1-9e2d-ae8990954f48","Relationships":[{"Ids":["55209792-d1ba-4220-9824-0199e6d4fada"],"Type":"CHILD"}],"Text":"GMP"},{"BlockType":"LINE","Confidence":99.96551513671875,"Geometry":{"BoundingBox":{"Height":0.01610000617802143,"Left":0.62442946434021,"Top":0.8278704285621643,"Width":0.03272046893835068},"Polygon":[{"X":0.62442946434021,"Y":0.8278704285621643},{"X":0.657149612903595,"Y":0.827875018119812},{"X":0.6571499109268188,"Y":0.8439704179763794},{"X":0.62442946434021,"Y":0.8439656496047974}]},"Id":"65a05597-beba-4bf9-aa3f-d2b9a2fa5152","Relationships":[{"Ids":["e9391d62-bdac-4bce-b6f9-b51be69784e7"],"Type":"CHILD"}],"Text":"1300"},{"BlockType":"LINE","Confidence":99.89813232421875,"Geometry":{"BoundingBox":{"Height":0.01958451420068741,"Left":0.02400386519730091,"Top":0.8515175580978394,"Width":0.10615596175193787},"Polygon":[{"X":0.024009203538298607,"Y":0.8515175580978394},{"X":0.13015982508659363,"Y":0.8515331149101257},{"X":0.13015544414520264,"Y":0.8711020350456238},{"X":0.02400386519730091,"Y":0.8710859417915344}]},"Id":"2dfd7859-1e62-4605-a1de-072c2e255908","Relationships":[{"Ids":["efb8679e-a00f-4e52-9f1d-a685e8c2a94e","8688314b-8466-4e3f-90a9-d3c1105b65d3"],"Type":"CHILD"}],"Text":"26Apr23 F1406"},{"BlockType":"LINE","Confidence":99.85209655761719,"Geometry":{"BoundingBox":{"Height":0.015838876366615295,"Left":0.23970244824886322,"Top":0.852545976638794,"Width":0.03307187929749489},"Polygon":[{"X":0.23970520496368408,"Y":0.852545976638794},{"X":0.272774338722229,"Y":0.8525508046150208},{"X":0.27277180552482605,"Y":0.868384838104248},{"X":0.23970244824886322,"Y":0.8683798313140869}]},"Id":"55fdad0a-c3aa-4336-8e4a-1f01926adfa9","Relationships":[{"Ids":["0773eef2-2c7f-4535-9bb0-5ca4011cee9f"],"Type":"CHILD"}],"Text":"1355"},{"BlockType":"LINE","Confidence":99.95430755615234,"Geometry":{"BoundingBox":{"Height":0.016207996755838394,"Left":0.3392927348613739,"Top":0.8524943590164185,"Width":0.03352466598153114},"Polygon":[{"X":0.33929482102394104,"Y":0.8524943590164185},{"X":0.37281739711761475,"Y":0.85249924659729},{"X":0.3728155493736267,"Y":0.8687023520469666},{"X":0.3392927348613739,"Y":0.8686972856521606}]},"Id":"8b099c35-8245-4821-b6d6-b22f97ee8c3f","Relationships":[{"Ids":["22182965-116f-4fb0-9483-705c0a0ed1e0"],"Type":"CHILD"}],"Text":"1406"},{"BlockType":"LINE","Confidence":99.6859130859375,"Geometry":{"BoundingBox":{"Height":0.01631307043135166,"Left":0.42174726724624634,"Top":0.8520892262458801,"Width":0.0263459924608469},"Polygon":[{"X":0.42174872756004333,"Y":0.8520892262458801},{"X":0.4480932354927063,"Y":0.8520931005477905},{"X":0.44809195399284363,"Y":0.8684023022651672},{"X":0.42174726724624634,"Y":0.8683983087539673}]},"Id":"b3ff8ad6-6c45-4d5b-a0a0-3074624b3f0f","Relationships":[{"Ids":["fe0e7c48-c637-4a2d-be19-c6dbced255a9"],"Type":"CHILD"}],"Text":"ICN"},{"BlockType":"LINE","Confidence":99.83758544921875,"Geometry":{"BoundingBox":{"Height":0.016123665496706963,"Left":0.5039429068565369,"Top":0.852360188961029,"Width":0.03290910646319389},"Polygon":[{"X":0.5039437413215637,"Y":0.852360188961029},{"X":0.5368520021438599,"Y":0.8523650169372559},{"X":0.5368514060974121,"Y":0.86848384141922},{"X":0.5039429068565369,"Y":0.8684788942337036}]},"Id":"bf087cf9-c852-4192-a6f2-8f2158a591b3","Relationships":[{"Ids":["7c34e5c4-e9d5-41c9-b2e8-a80dc673b5aa"],"Type":"CHILD"}],"Text":"1605"},{"BlockType":"LINE","Confidence":99.88633728027344,"Geometry":{"BoundingBox":{"Height":0.016433335840702057,"Left":0.5422595739364624,"Top":0.8519439697265625,"Width":0.0308186374604702},"Polygon":[{"X":0.5422601699829102,"Y":0.8519439697265625},{"X":0.5730782151222229,"Y":0.8519484996795654},{"X":0.5730778574943542,"Y":0.8683773279190063},{"X":0.5422595739364624,"Y":0.8683726787567139}]},"Id":"933c4ff0-1ef9-4e74-a0bb-d562f0ac590d","Relationships":[{"Ids":["9923e3d4-c7d0-488f-968e-aa1fa2257be9"],"Type":"CHILD"}],"Text":"FUK"},{"BlockType":"LINE","Confidence":99.9557113647461,"Geometry":{"BoundingBox":{"Height":0.016104279085993767,"Left":0.6240010857582092,"Top":0.8522273302078247,"Width":0.03309221193194389},"Polygon":[{"X":0.6240010857582092,"Y":0.8522273302078247},{"X":0.6570930480957031,"Y":0.8522322177886963},{"X":0.657093346118927,"Y":0.8683316111564636},{"X":0.624001145362854,"Y":0.8683266043663025}]},"Id":"10a25bdb-e6f6-46c9-873a-771750cd6e35","Relationships":[{"Ids":["15765616-812d-47b4-8518-579b68270e7e"],"Type":"CHILD"}],"Text":"1730"},{"BlockType":"LINE","Confidence":99.88628387451172,"Geometry":{"BoundingBox":{"Height":0.016287855803966522,"Left":0.663142204284668,"Top":0.8520887494087219,"Width":0.025477133691310883},"Polygon":[{"X":0.663142204284668,"Y":0.8520887494087219},{"X":0.6886188387870789,"Y":0.8520925045013428},{"X":0.6886193752288818,"Y":0.868376612663269},{"X":0.6631425619125366,"Y":0.8683727979660034}]},"Id":"4fd079aa-c06e-433b-bb3b-29c5d0c7e659","Relationships":[{"Ids":["8a133fd8-e81a-4613-b357-9e7eb96019dc"],"Type":"CHILD"}],"Text":"738"},{"BlockType":"LINE","Confidence":99.06488037109375,"Geometry":{"Boun"
14:55:34.099 [Test worker] DEBUG org.apache.http.wire - http-outgoing-0 << "dingBox":{"Height":0.0156951192766428,"Left":0.9654211401939392,"Top":0.8526726961135864,"Width":0.029435670003294945},"Polygon":[{"X":0.9654211401939392,"Y":0.8526726961135864},{"X":0.9948541522026062,"Y":0.8526769876480103},{"X":0.9948568344116211,"Y":0.8683677911758423},{"X":0.9654236435890198,"Y":0.8683633804321289}]},"Id":"fdfd1297-f520-4a1b-b4c6-62b206a8a44a","Relationships":"
14:55:34.101 [Test worker] DEBUG org.apache.http.wire - http-outgoing-0 << "[{"Ids":["e6dcf50a-8562-4594-ba7a-21b3612d4dfb"],"Type":"CHILD"}],"Text":"1:25"},{"BlockType":"LINE","Confidence":99.92184448242188,"Geometry":{"BoundingBox":{"Height":0.016325514763593674,"Left":0.2988271415233612,"Top":0.8784191608428955,"Width":0.07370048761367798},"Polygon":[{"X":0.2988295257091522,"Y":0.8784191608428955},{"X":0.3725276291370392,"Y":0.8784304857254028},{"X":0.37252578139305115,"Y":0.8947446942329407},{"X":0.2988271415233612,"Y":0.8947330713272095}]},"Id":"47de0d6e-b2a1-407b-a40b-683edb77db24","Relationships":[{"Ids":["7ed81174-0bcb-4c12-a84d-b7a6d44d7f97","242ee16b-e119-49d6-b7a6-dbbdc85200e5"],"Type":"CHILD"}],"Text":"2245 1405"},{"BlockType":"LINE","Confidence":99.91716003417969,"Geometry":{"BoundingBox":{"Height":0.016350090503692627,"Left":0.42184534668922424,"Top":0.8781550526618958,"Width":0.03057119809091091},"Polygon":[{"X":0.42184683680534363,"Y":0.8781550526618958},{"X":0.4524165689945221,"Y":0.878159761428833},{"X":0.4524152874946594,"Y":0.8945051431655884},{"X":0.4218453466892"
14:55:34.105 [Test worker] DEBUG org.apache.http.wire - http-outgoing-0 << "2424,"Y":0.8945003151893616}]},"Id":"3be7883c-e9cf-4d13-a3f4-6eed6abdc43b","Relationships":[{"Ids":["33ba68a9-4d0b-416a-9279-d8088fc925fd"],"Type":"CHILD"}],"Text":"FUK"},{"BlockType":"LINE","Confidence":99.94842529296875,"Geometry":{"BoundingBox":{"Height":0.015873773023486137,"Left":0.5039296746253967,"Top":0.8784828186035156,"Width":0.03254970908164978},"Polygon":[{"X":0.5039305090904236,"Y":0.8784828186035156},{"X":0.5364793539047241,"Y":0.8784878253936768},{"X":0.5364787578582764,"Y":0.8943566083908081},{"X":0.5039296746253967,"Y":0.8943514227867126}]},"Id":"ca1cb66a-4d59-4c7c-845f-417e804d985a","Relationships":[{"Ids":["07233d04-ad1d-4536-8040-d0eb818e593f"],"Type":"CHILD"}],"Text":"1950"},{"BlockType":"LINE","Confidence":99.29283905029297,"Geometry":{"BoundingBox":{"Height":0.01650611124932766,"Left":0.5419593453407288,"Top":0.87806636095047,"Width":0.02697920985519886},"Polygon":[{"X":0.5419599413871765,"Y":0.87806636095047},{"X":0.5689385533332825,"Y":0.8780704736709595},{"X":0.568938136100769,"Y":0.8945724368095398},{"X":0.5419593453407288,"Y":0.8945682048797607}]},"Id":"005dff8f-45bc-4858-bee0-689ef31f298e","Relationships":[{"Ids":["aba628a5-584a-4238-9a61-45eda59ebe7c"],"Type":"CHILD"}],"Text":"ICN"},{"BlockType":"LINE","Confidence":99.98058319091797,"Geometry":{"BoundingBox":{"Height":0.016078108921647072,"Left":0.6232529282569885,"Top":0.8783403038978577,"Width":0.0337614044547081},"Polygon":[{"X":0.6232529282569885,"Y":0.8783403038978577},{"X":0.6570140719413757,"Y":0.8783454895019531},{"X":0.6570143699645996,"Y":0.8944184184074402},{"X":0.6232529282569885,"Y":0.8944130539894104}]},"Id":"071e0db5-ecfd-4468-9d47-e25ef8bfc577","Relationships":[{"Ids":["090fe801-ee0a-4b44-8dcc-062e568e71ae"],"Type":"CHILD"}],"Text":"2145"},{"BlockType":"LINE","Confidence":99.87791442871094,"Geometry":{"BoundingBox":{"Height":0.01606760174036026,"Left":0.663341760635376,"Top":0.8783828020095825,"Width":0.025190409272909164},"Polygon":[{"X":0.663341760635376,"Y":0.8783828020095825},{"X":0.6885316371917725,"Y":0.8783866763114929},{"X":0.6885321736335754,"Y":0.8944504261016846},{"X":0.6633420586585999,"Y":0.8944464325904846}]},"Id":"dd491cf2-ba19-4e3e-affc-5e70f5308f73","Relationships":[{"Ids":["6b77d4ba-47c8-4f8f-b6e2-8a41935ffaa7"],"Type":"CHILD"}],"Text":"738"},{"BlockType":"LINE","Confidence":98.5366439819336,"Geometry":{"BoundingBox":{"Height":0.015657886862754822,"Left":0.9653757214546204,"Top":0.8787305951118469,"Width":0.02906488999724388},"Polygon":[{"X":0.9653757214546204,"Y":0.8787305951118469},{"X":0.9944379925727844,"Y":0.8787350654602051},{"X":0.9944406151771545,"Y":0.8943884968757629},{"X":0.9653782248497009,"Y":0.8943839073181152}]},"Id":"db59ace5-f3f2-4533-92ff-2e2c47c085c2","Relationships":[{"Ids":["6c84c21d-bd01-4b22-896b-5d756a27d7ac"],"Type":"CHILD"}],"Text":"1:55"},{"BlockType":"LINE","Confidence":99.8912124633789,"Geometry":{"BoundingBox":{"Height":0.01878201588988304,"Left":0.02370239794254303,"Top":0.9023288488388062,"Width":0.057811371982097626},"Polygon":[{"X":0.023707520216703415,"Y":0.9023288488388062},{"X":0.08151376992464066,"Y":0.9023380875587463},{"X":0.08150914311408997,"Y":0.9211108684539795},{"X":0.02370239794254303,"Y":0.9211013317108154}]},"Id":"c1514b92-7690-41e4-ba9b-c730127f1a31","Relationships":[{"Ids":["d1a69c48-5588-4678-86d3-620efde1d94f"],"Type":"CHILD"}],"Text":"27Apr23"},{"BlockType":"LINE","Confidence":99.94314575195312,"Geometry":{"BoundingBox":{"Height":0.015535514801740646,"Left":0.23957781493663788,"Top":0.9030660390853882,"Width":0.03167525306344032},"Polygon":[{"X":0.23958051204681396,"Y":0.9030660390853882},{"X":0.2712530493736267,"Y":0.9030710458755493},{"X":0.27125057578086853,"Y":0.9186015129089355},{"X":0.23957781493663788,"Y":0.9185963273048401}]},"Id":"408ec9ee-def2-4ae4-914d-1a45a450ed31","Relationships":[{"Ids":["ac895247-8f65-4942-a6c9-094f894b867b"],"Type":"CHILD"}],"Text":"1201"},{"BlockType":"LINE","Confidence":99.9236068725586,"Geometry":{"BoundingBox":{"Height":0.016749026253819466,"Left":0.29864561557769775,"Top":0.9021759033203125,"Width":0.06749022006988525},"Polygon":[{"X":0.29864808917045593,"Y":0.9021759033203125},{"X":0.366135835647583,"Y":0.9021866917610168},{"X":0.3661338686943054,"Y":0.9189249277114868},{"X":0.29864561557769775,"Y":0.9189139008522034}]},"Id":"44cc073c-e19a-4db2-9765-d5951fc20534","Relationships":[{"Ids":["cff3ce0e-fb0e-4f30-bc11-1b7c08346f4f","9b397f05-c947-4abf-801d-64413f9fbc16"],"Type":"CHILD"}],"Text":"2200 SB1"},{"BlockType":"LINE","Confidence":99.90457916259766,"Geometry":{"BoundingBox":{"Height":0.01590702310204506,"Left":0.42187070846557617,"Top":0.9023674130439758,"Width":0.033867452293634415},"Polygon":[{"X":0.42187216877937317,"Y":0.9023674130439758},{"X":0.4557381570339203,"Y":0.9023727774620056},{"X":0.4557369649410248,"Y":0.9182744026184082},{"X":0.42187070846557617,"Y":0.9182688593864441}]},"Id":"edc1b88d-a2b6-4f3f-9726-194933ba08a8","Relationships":[{"Ids":["594cbab4-b8a2-4652-b8ba-8fe17f62540c"],"Type":"CHILD"}],"Text":"GMP"},{"BlockType":"LINE","Confidence":99.94312286376953,"Geometry":{"BoundingBox":{"Height":0.016106337308883667,"Left":0.503735363483429,"Top":0.9027552604675293,"Width":0.032096486538648605},"Polygon":[{"X":0.5037362575531006,"Y":0.9027552604675293},{"X":0.535831868648529,"Y":0.90276038646698},{"X":0.5358312726020813,"Y":0.9188615679740906},{"X":0.503735363483429,"Y":0.9188563227653503}]},"Id":"9f478628-00eb-47bb-86e3-0819d02af3f1","Relationships":[{"Ids":["8cd8dfa1-0fe7-44ac-a0ab-4fcaafb2b460"],"Type":"CHILD"}],"Text":"1201"},{"BlockType":"LINE","Confidence":99.92252349853516,"Geometry":{"BoundingBox":{"Height":0.01580626331269741,"Left":0.5425011515617371,"Top":0.9024357199668884,"Width":0.03434459865093231},"Polygon":[{"X":0.5425017476081848,"Y":0.9024357199668884},{"X":0.5768457651138306,"Y":0.9024412035942078},{"X":0.5768454670906067,"Y":0.9182419776916504},{"X":0.5425011515617371,"Y":0.9182363748550415}]},"Id":"85ee8add-07c4-485c-812b-9fd597db4fc4","Relationships":[{"Ids":["07d58c2c-f34a-43c1-9c60-4b3f71960315"],"Type":"CHILD"}],"Text":"GMP"},{"BlockType":"LINE","Confidence":99.98494720458984,"Geometry":{"BoundingBox":{"Height":0.015824591740965843,"Left":0.6233248710632324,"Top":0.9024394750595093,"Width":0.033963996917009354},"Polygon":[{"X":0.6233248710632324,"Y":0.9024394750595093},{"X":0.6572886109352112,"Y":0.9024448990821838},{"X":0.6572889089584351,"Y":0.9182640314102173},{"X":0.6233249306678772,"Y":0.9182584881782532}]},"Id":"6bff1052-cba6-4942-896e-f8d175f5f4c0","Relationships":[{"Ids":["80f48aa2-5585-4dc9-9f9c-2fc85de82470"],"Type":"CHILD"}],"Text":"2200"},{"BlockType":"LINE","Confidence":99.9092788696289,"Geometry":{"BoundingBox":{"Height":0.01870395988225937,"Left":0.023880699649453163,"Top":0.9269205927848816,"Width":0.05750470981001854},"Polygon":[{"X":0.023885799571871758,"Y":0.9269205927848816},{"X":0.08138541132211685,"Y":0.9269301295280457},{"X":0.08138080686330795,"Y":0.9456245303153992},{"X":0.023880699649453163,"Y":0.945614755153656}]},"Id":"1e63111d-6e0b-47bf-8bd0-f56a7ef36675","Relationships":[{"Ids":["6a5ad60a-0e7d-4f7e-9801-bb1fe07f3d60"],"Type":"CHILD"}],"Text":"28Apr23"},{"BlockType":"LINE","Confidence":99.9739990234375,"Geometry":{"BoundingBox":{"Height":0.01654241792857647,"Left":0.33820974826812744,"Top":0.9265499114990234,"Width":0.030759723857045174},"Polygon":[{"X":0.33821186423301697,"Y":0.9265499114990234},{"X":0.36896947026252747,"Y":0.9265550374984741},{"X":0.36896756291389465,"Y":0.9430923461914062},{"X":0.33820974826812744,"Y":0.9430871605873108}]},"Id":"1d80bc16-dd9c-452d-84e8-76a688fe1195","Relationships":[{"Ids":["f18930f1-ce1c-4dd8-97d4-403f434fa5f0"],"Type":"CHILD"}],"Text":"OFF"},{"BlockType":"LINE","Confidence":99.89469909667969,"Geometry":{"BoundingBox":{"Height":0.0160833653062582,"Left":0.42166459560394287,"Top":0.9269196391105652,"Width":0.03426400572061539},"Polygon":[{"X":0.42166605591773987,"Y":0.9269196391105652},{"X":0.45592859387397766,"Y":0.9269253015518188},{"X":"
14:55:34.107 [Test worker] DEBUG org.apache.http.wire - http-outgoing-0 << "0.45592740178108215,"Y":0.9430029988288879},{"X":0.42166459560394287,"Y":0.9429971575737}]},"Id":"137807bf-445e-4fad-861e-27f2c4f2abaf","Relationships":[{"Ids":["4ab28533-b884-442b-be85-1cf60dd41d65"],"Type":"CHILD"}],"Text":"GMP"},{"BlockType":"LINE","Confidence":99.85611724853516,"Geometry":{"BoundingBox":{"Height":0.016657395288348198,"Left":0.5024106502532959,"Top":0.9267228245735168,"Width":0.034728873521089554},"Polygon":[{"X":0.5024115443229675,"Y":0.9267228245735168},{"X":0.5371395349502563,"Y":0.9267286062240601},{"X":0.5371388792991638,"Y":0.9433802366256714},{"X":0.5024106502532959,"Y":0.9433743357658386}]},"Id":"98a2e4c0-9646-468c-8803-db2cf48e4703","Relationships":[{"Ids":["71caac5d-9c98-4d5e-8c5f-83ba052b70d9"],"Type":"CHILD"}],"Text":"0000"},{"BlockType":"LINE","Confidence":99.93244171142578,"Geometry":{"BoundingBox":{"Height":0.016354763880372047,"Left":0.542423665523529,"Top":0.9266747832298279,"Width":0.03422920033335686},"Polygon":[{"X":0.5424242615699768,"Y":0.9266747832298279},{"X":0.5766528844833374,"Y":0.9266804456710815},{"X":0.5766525268554688,"Y":0.9430295825004578},{"X":0.542423665523529,"Y":0.9430237412452698}]},"Id":"ab713c1d-97e6-44bb-b362-fda9a6c93395","Relationships":[{"Ids":["ac8c3818-6d35-47bf-9bfb-55eb36906c17"],"Type":"CHILD"}],"Text":"GMP"},{"BlockType":"LINE","Confidence":99.98267364501953,"Geometry":{"BoundingBox":{"Height":0.01624533347785473,"Left":0.6232135891914368,"Top":0.9268524646759033,"Width":0.03435724601149559},"Polygon":[{"X":0.6232135891914368,"Y":0.9268524646759033},{"X":0.6575706005096436,"Y":0.9268581867218018},{"X":0.6575708389282227,"Y":0.9430977702140808},{"X":0.6232136487960815,"Y":0.9430919885635376}]},"Id":"a5a4cd7e-8ced-4d13-8872-306b3e6f0857","Relationships":[{"Ids":["365f5415-0a27-496e-9bb3-ff2fb761a716"],"Type":"CHILD"}],"Text":"2359"},{"BlockType":"LINE","Confidence":99.92705535888672,"Geometry":{"BoundingBox":{"Height":0.01857800781726837,"Left":0.023704510182142258,"Top":0.9531498551368713,"Width":0.05769938603043556},"Polygon":[{"X":0.023709576576948166,"Y":0.9531498551368713},{"X":0.08140389621257782,"Y":0.9531598091125488},{"X":0.08139931410551071,"Y":0.9717279076576233},{"X":0.023704510182142258,"Y":0.9717176556587219}]},"Id":"a4c20da2-6dd1-4e49-b81c-dbb86d494317","Relationships":[{"Ids":["887173c2-3af2-4511-9820-daa495bf988d"],"Type":"CHILD"}],"Text":"29Apr23"},{"BlockType":"LINE","Confidence":99.96775817871094,"Geometry":{"BoundingBox":{"Height":0.016411369666457176,"Left":0.3382799029350281,"Top":0.952873170375824,"Width":0.030620040372014046},"Polygon":[{"X":0.33828204870224,"Y":0.952873170375824},{"X":0.36889997124671936,"Y":0.9528784155845642},{"X":0.36889806389808655,"Y":0.9692845344543457},{"X":0.3382799029350281,"Y":0.9692791104316711}]},"Id":"1068a3f5-e1b2-4f18-bc5e-fe67086b5ff5","Relationships":[{"Ids":["f987e460-10f0-4e10-955b-31689fe84ee9"],"Type":"CHILD"}],"Text":"OFF"},{"BlockType":"LINE","Confidence":99.87995910644531,"Geometry":{"BoundingBox":{"Height":0.016011128202080727,"Left":0.42164450883865356,"Top":0.9531584978103638,"Width":0.0342487208545208},"Polygon":[{"X":0.42164596915245056,"Y":0.9531584978103638},{"X":0.45589324831962585,"Y":0.9531643986701965},{"X":0.45589202642440796,"Y":0.9691696166992188},{"X":0.42164450883865356,"Y":0.9691635966300964}]},"Id":"5adadb96-6ed8-4dd3-85f6-4715bc13a4c0","Relationships":[{"Ids":["814fc971-4f55-4031-99f4-2d1fe6fbefa8"],"Type":"CHILD"}],"Text":"GMP"},{"BlockType":"LINE","Confidence":99.86442565917969,"Geometry":{"BoundingBox":{"Height":0.016158878803253174,"Left":0.502271831035614,"Top":0.9535235166549683,"Width":0.03460241109132767},"Polygon":[{"X":0.5022726655006409,"Y":0.9535235166549683},{"X":0.5368742346763611,"Y":0.9535294771194458},{"X":0.5368736386299133,"Y":0.9696823954582214},{"X":0.502271831035614,"Y":0.9696763157844543}]},"Id":"425d139b-7d9d-4dd5-96db-91e22ebf98e6","Relationships":[{"Ids":["3de6000e-07b0-4e00-8a2c-93e622b4cd4f"],"Type":"CHILD"}],"Text":"0000"},{"BlockType":"LINE","Confidence":99.91239166259766,"Geometry":{"BoundingBox":{"Height":0.01594621129333973,"Left":0.5426532030105591,"Top":0.9530601501464844,"Width":0.03400200605392456},"Polygon":[{"X":0.5426537990570068,"Y":0.9530601501464844},{"X":0.5766552090644836,"Y":0.9530659914016724},{"X":0.5766549110412598,"Y":0.969006359577179},{"X":0.5426532030105591,"Y":0.9690003395080566}]},"Id":"e899b23d-c248-4eff-8070-e69ba501d692","Relationships":[{"Ids":["73144d3e-de14-40dc-9f08-75f4f282519d"],"Type":"CHILD"}],"Text":"GMP"},{"BlockType":"LINE","Confidence":99.97396850585938,"Geometry":{"BoundingBox":{"Height":0.015964433550834656,"Left":0.6231456995010376,"Top":0.9533742070198059,"Width":0.03429283946752548},"Polygon":[{"X":0.6231456995010376,"Y":0.9533742070198059},{"X":0.6574382781982422,"Y":0.9533801078796387},{"X":0.6574385762214661,"Y":0.9693386554718018},{"X":0.6231457591056824,"Y":0.9693325757980347}]},"Id":"227221b4-c8eb-4f5f-b622-96d11d328fc1","Relationships":[{"Ids":["5766851a-8ac7-4f7e-8dbb-695b69ad7ad4"],"Type":"CHILD"}],"Text":"2359"},{"BlockType":"LINE","Confidence":99.94544219970703,"Geometry":{"BoundingBox":{"Height":0.017862575128674507,"Left":0.024091610684990883,"Top":0.9774735569953918,"Width":0.05762699618935585},"Polygon":[{"X":0.024096479639410973,"Y":0.9774735569953918},{"X":0.08171860873699188,"Y":0.977483868598938},{"X":0.0817142128944397,"Y":0.9953361749649048},{"X":0.024091610684990883,"Y":0.9953256249427795}]},"Id":"b4d1111a-5847-43c1-aeed-01e79efb565c","Relationships":[{"Ids":["3361970b-81e5-48d4-bc80-7abd8d33e5e5"],"Type":"CHILD"}],"Text":"30Apr23"},{"BlockType":"LINE","Confidence":99.9413833618164,"Geometry":{"BoundingBox":{"Height":0.015506035648286343,"Left":0.23957577347755432,"Top":0.9777683019638062,"Width":0.03182396665215492},"Polygon":[{"X":0.2395784705877304,"Y":0.9777683019638062},{"X":0.27139973640441895,"Y":0.9777740240097046},{"X":0.27139726281166077,"Y":0.9932743310928345},{"X":0.23957577347755432,"Y":0.9932685494422913}]},"Id":"7eae5fb5-82af-4133-9259-746ee2b484f7","Relationships":[{"Ids":["a45b2e42-256b-4338-a7e0-ade1af722dbc"],"Type":"CHILD"}],"Text":"1201"},{"BlockType":"LINE","Confidence":99.9222640991211,"Geometry":{"BoundingBox":{"Height":0.016116000711917877,"Left":0.2986162006855011,"Top":0.9773245453834534,"Width":0.06743781268596649},"Polygon":[{"X":0.2986185848712921,"Y":0.9773245453834534},{"X":0.3660540282726288,"Y":0.9773365259170532},{"X":0.36605215072631836,"Y":0.9934405088424683},{"X":0.2986162006855011,"Y":0.9934282302856445}]},"Id":"a5550f0e-8ea6-4581-910f-d7a5778a1805","Relationships":[{"Ids":["2d4a4402-541d-4eb0-adc3-fe7fbf01132c","948d499f-7513-4dd0-84e2-5e7ec14e74fe"],"Type":"CHILD"}],"Text":"2200 SB1"},{"BlockType":"LINE","Confidence":99.91941833496094,"Geometry":{"BoundingBox":{"Height":0.016439415514469147,"Left":0.4216977655887604,"Top":0.9772465229034424,"Width":0.03462126851081848},"Polygon":[{"X":0.42169925570487976,"Y":0.9772465229034424},{"X":0.45631903409957886,"Y":0.977252721786499},{"X":0.4563177824020386,"Y":0.9936859607696533},{"X":0.4216977655887604,"Y":0.9936796426773071}]},"Id":"e44179ce-3cde-4f71-b81c-373b3b655daa","Relationships":[{"Ids":["a2544d25-53d4-4bf4-b7ed-de8dbd9853dd"],"Type":"CHILD"}],"Text":"GMP"},{"BlockType":"LINE","Confidence":99.95915222167969,"Geometry":{"BoundingBox":{"Height":0.01593233458697796,"Left":0.5035555362701416,"Top":0.9774596691131592,"Width":0.032188475131988525},"Polygon":[{"X":0.5035564303398132,"Y":0.9774596691131592},{"X":0.5357440114021301,"Y":0.9774653911590576},{"X":0.5357434153556824,"Y":0.9933919906616211},{"X":0.5035555362701416,"Y":0.9933861494064331}]},"Id":"46997bf9-941f-4566-810b-55b560b8a785","Relationships":[{"Ids":["868b4b8a-3ac1-4bb1-a31e-2afd57870f0e"],"Type":"CHILD"}],"Text":"1201"},{"BlockType":"LINE","Confidence":99.91924285888672,"Geometry":{"BoundingBox":{"Height":0.016346024349331856,"Left":0.5420050621032715,"Top":0.977428674697876,"Width":0.03525221347808838},"Polygon":[{"X":0.5420056581497192,"Y":0.977428"
14:55:34.112 [Test worker] DEBUG org.apache.http.wire - http-outgoing-0 << "674697876},{"X":0.5772572755813599,"Y":0.9774349927902222},{"X":0.577256977558136,"Y":0.9937747120857239},{"X":0.5420050621032715,"Y":0.9937682747840881}]},"Id":"15b831fb-6e84-46b0-9dc6-14575c3b06e0","Relationships":[{"Ids":["5956580e-56a3-4821-ba18-14bd2d8c2e94"],"Type":"CHILD"}],"Text":"GMP"},{"BlockType":"LINE","Confidence":99.98517608642578,"Geometry":{"BoundingBox":{"Height":0"
14:55:34.117 [Test worker] DEBUG org.apache.http.wire - http-outgoing-0 << ".015792574733495712,"Left":0.6234026551246643,"Top":0.9774801135063171,"Width":0.03393416106700897},"Polygon":[{"X":0.6234026551246643,"Y":0.9774801135063171},{"X":0.6573365926742554,"Y":0.9774861931800842},{"X":0.6573368310928345,"Y":0.9932727217674255},{"X":0.6234027147293091,"Y":0.9932665228843689}]},"Id":"02d0526f-e39b-403c-964f-dd5aab55dd6c","Relationships":[{"Ids":["bc862f0e-e195-42fe-a945-50e4b60ba420"],"Type":"CHILD"}],"Text":"2200"},{"BlockType":"WORD","Confidence":99.8806381225586,"Geometry":{"BoundingBox":{"Height":0.01589725911617279,"Left":0.004143640398979187,"Top":0.0059643881395459175,"Width":0.03240383043885231},"Polygon":[{"X":0.004148121923208237,"Y":0.0059665292501449585},{"X":0.0365474708378315,"Y":0.0059643881395459175},{"X":0.03654322400689125,"Y":0.021859634667634964},{"X":0.004143640398979187,"Y":0.021861646324396133}]},"Id":"fa116d6d-3f12-42a6-b5b9-ea9882b13b11","Text":"Date","TextType":"PRINTED"},{"BlockType":"WORD","Confidence":99.49883270263672,"Geometry":{"BoundingBox":{"Height":"
14:55:34.124 [Test worker] DEBUG org.apache.http.wire - http-outgoing-0 << "0.019548600539565086,"Left":0.08700845390558243,"Top":0.0053634257055819035,"Width":0.050217658281326294},"Polygon":[{"X":0.08701322227716446,"Y":0.005366750992834568},{"X":0.13722611963748932,"Y":0.0053634257055819035},{"X":0.1372217983007431,"Y":0.024908946827054024},{"X":0.08700845390558243,"Y":0.024912025779485703}]},"Id":"3977b438-a92e-46a9-a981-2848d46e17db","Text":"Pairing","TextType":"PRINTED"},{"BlockType":"WORD","Confidence":99.92001342773438,"Geometry":{"BoundingBox":{"Height":0.01586826890707016,"Left":0.17003317177295685,"Top":0.005608819890767336,"Width":0.022189147770404816},"Polygon":[{"X":0.1700364500284195,"Y":0.00561028765514493},{"X":0.19222232699394226,"Y":0.005608819890767336},{"X":0.19221921265125275,"Y":0.02147570811212063},{"X":0.17003317177295685,"Y":0.02147708833217621}]},"Id":"bc2bcf23-7ef9-49a4-b869-73f7211fc84b","Text":"DC","TextType":"PRINTED"},{"BlockType":"WORD","Confidence":51.765220642089844,"Geometry":{"BoundingBox":{"Height":0.01647156849503517,"Left":0.21753032505512238,"Top":0.005178708583116531,"Width":0.020757773891091347},"Polygon":[{"X":0.21753336489200592,"Y":0.0051800841465592384},{"X":0.23828810453414917,"Y":0.005178708583116531},{"X":0.23828521370887756,"Y":0.021648988127708435},{"X":0.21753032505512238,"Y":0.021650277078151703}]},"Id":"dfbb84d2-4292-490b-9d6c-7261f5a1d7a5","Text":"C/1","TextType":"PRINTED"},{"BlockType":"WORD","Confidence":98.23912048339844,"Geometry":{"BoundingBox":{"Height":0.01918412372469902,"Left":0.24015837907791138,"Top":0.0056497990153729916,"Width":0.020726213231682777},"Polygon":[{"X":0.2401617169380188,"Y":0.0056511699222028255},{"X":0.2608845829963684,"Y":0.0056497990153729916},{"X":0.2608814239501953,"Y":0.024832651019096375},{"X":0.24015837907791138,"Y":0.0248339232057333}]},"Id":"e7160ce9-6862-4d6c-8f75-d6b497037e38","Text":"(L)","TextType":"PRINTED"},{"BlockType":"WORD","Confidence":98.35045623779297,"Geometry":{"BoundingBox":{"Height":0.01635339856147766,"Left":0.27800655364990234,"Top":0.005386736709624529,"Width":0.02737511694431305},"Polygon":[{"X":0.2780091166496277,"Y":0.005388549063354731},{"X":0.3053816556930542,"Y":0.005386736709624529},{"X":0.30537930130958557,"Y":0.021738436073064804},{"X":0.27800655364990234,"Y":0.021740134805440903}]},"Id":"35b8f70a-980d-4028-bfbe-688139ad8c21","Text":"C/O","TextType":"PRINTED"},{"BlockType":"WORD","Confidence":98.49176788330078,"Geometry":{"BoundingBox":{"Height":0.019467094913125038,"Left":0.3080543279647827,"Top":0.005372243467718363,"Width":0.020439743995666504},"Polygon":[{"X":0.30805712938308716,"Y":0.005373596679419279},{"X":0.3284940719604492,"Y":0.005372243467718363},{"X":0.3284914791584015,"Y":0.02483808621764183},{"X":0.3080543279647827,"Y":0.024839337915182114}]},"Id":"86c61c56-0cac-485b-9299-caec36649187","Text":"(L)","TextType":"PRINTED"},{"BlockType":"WORD","Confidence":99.92153930664062,"Geometry":{"BoundingBox":{"Height":0.01942608505487442,"Left":0.3379344940185547,"Top":0.005276680923998356,"Width":0.05510951578617096},"Polygon":[{"X":0.33793699741363525,"Y":0.0052803317084908485},{"X":0.39304402470588684,"Y":0.005276680923998356},{"X":0.3930419981479645,"Y":0.024699384346604347},{"X":0.3379344940185547,"Y":0.0247027650475502}]},"Id":"4e5fb554-27f3-4f9b-b38d-11202aeb388c","Text":"Activity","TextType":"PRINTED"},{"BlockType":"WORD","Confidence":99.97834014892578,"Geometry":{"BoundingBox":{"Height":0.017144544050097466,"Left":0.4218108355998993,"Top":0.004926316440105438,"Width":0.037897124886512756},"Polygon":[{"X":0.42181238532066345,"Y":0.004928830079734325},{"X":0.45970794558525085,"Y":0.004926316440105438},{"X":0.45970669388771057,"Y":0.022068509832024574},{"X":0.4218108355998993,"Y":0.022070860490202904}]},"Id":"c93b535c-6b5d-457d-9d09-307bf7ab156a","Text":"From","TextType":"PRINTED"},{"BlockType":"WORD","Confidence":99.02182006835938,"Geometry":{"BoundingBox":{"Height":0.016319235786795616,"Left":0.481836199760437,"Top":0.005402158945798874,"Width":0.030521051958203316},"Polygon":[{"X":0.4818372428417206,"Y":0.0054041799157857895},{"X":0.512357234954834,"Y":0.005402158945798874},{"X":0.5123564600944519,"Y":0.021719500422477722},{"X":0.481836199760437,"Y":0.02172139473259449}]},"Id":"abcc3996-ed2c-4412-a7e3-85f5847b2551","Text":"STD","TextType":"PRINTED"},{"BlockType":"WORD","Confidence":99.09309387207031,"Geometry":{"BoundingBox":{"Height":0.01895880326628685,"Left":0.5152982473373413,"Top":0.0053724306635558605,"Width":0.021296359598636627},"Polygon":[{"X":0.5152992010116577,"Y":0.005373840685933828},{"X":0.5365946292877197,"Y":0.0053724306635558605},{"X":0.5365939140319824,"Y":0.02432992495596409},{"X":0.5152982473373413,"Y":0.024331234395503998}]},"Id":"6b7f2892-5b46-4ffa-9bcc-0e0ed908c004","Text":"(B)","TextType":"PRINTED"},{"BlockType":"WORD","Confidence":99.80472564697266,"Geometry":{"BoundingBox":{"Height":0.015982890501618385,"Left":0.5422936081886292,"Top":0.005477529019117355,"Width":0.019193144515156746},"Polygon":[{"X":0.5422942042350769,"Y":0.005478799808770418},{"X":0.5614867210388184,"Y":0.005477529019117355},{"X":0.5614863038063049,"Y":0.021459225565195084},{"X":0.5422936081886292,"Y":0.02146041952073574}]},"Id":"c335ff36-c4a5-49ff-977d-d8055413bcb4","Text":"To","TextType":"PRINTED"},{"BlockType":"WORD","Confidence":99.24073791503906,"Geometry":{"BoundingBox":{"Height":0.01636607199907303,"Left":0.6027458310127258,"Top":0.0054632192477583885,"Width":0.030796850100159645},"Polygon":[{"X":0.6027459502220154,"Y":0.005465257912874222},{"X":0.6335425972938538,"Y":0.0054632192477583885},{"X":0.6335426568984985,"Y":0.02182737924158573},{"X":0.6027458310127258,"Y":0.021829290315508842}]},"Id":"c56a8fbb-5afd-450c-80b0-2ec9366d284b","Text":"STA","TextType":"PRINTED"},{"BlockType":"WORD","Confidence":97.91828155517578,"Geometry":{"BoundingBox":{"Height":0.01938382349908352,"Left":0.6360592246055603,"Top":0.00516265444457531,"Width":0.0214213989675045},"Polygon":[{"X":0.6360592246055603,"Y":0.005164073780179024},{"X":0.6574802994728088,"Y":0.00516265444457531},{"X":0.6574806571006775,"Y":0.02454516291618347},{"X":0.6360594034194946,"Y":0.02454647794365883}]},"Id":"e4e72303-49f5-4786-a91b-72ca40bc9eff","Text":"(B)","TextType":"PRINTED"},{"BlockType":"WORD","Confidence":99.54691314697266,"Geometry":{"BoundingBox":{"Height":0.016416599974036217,"Left":0.6627686023712158,"Top":0.005419211927801371,"Width":0.06259165704250336},"Polygon":[{"X":0.6627686023712158,"Y":0.005423355847597122},{"X":0.7253594398498535,"Y":0.005419211927801371},{"X":0.7253602743148804,"Y":0.021831925958395004},{"X":0.6627689003944397,"Y":0.0218358114361763}]},"Id":"e9947d2a-19f7-4cb3-975a-89acb2a2d044","Text":"AC/Hotel","TextType":"PRINTED"},{"BlockType":"WORD","Confidence":96.21105194091797,"Geometry":{"BoundingBox":{"Height":0.01596122421324253,"Left":0.9166650176048279,"Top":0.005495485384017229,"Width":0.02465171366930008},"Polygon":[{"X":0.9166650176048279,"Y":0.005497116595506668},{"X":0.9413143992424011,"Y":0.005495485384017229},{"X":0.9413167238235474,"Y":0.021455178037285805},{"X":0.9166671633720398,"Y":0.021456709131598473}]},"Id":"fc1e055e-be92-4ec9-9625-7361a1a92ad3","Text":"Blk","TextType":"PRINTED"},{"BlockType":"WORD","Confidence":99.33245849609375,"Geometry":{"BoundingBox":{"Height":0.015958374366164207,"Left":0.9431262016296387,"Top":0.0055904509499669075,"Width":0.025746453553438187},"Polygon":[{"X":0.9431262016296387,"Y":0.005592154338955879},{"X":0.9688701033592224,"Y":0.0055904509499669075},{"X":0.9688726663589478,"Y":0.0215472262352705},{"X":0.9431285262107849,"Y":0.02154882624745369}]},"Id":"aec534d7-5954-4499-97b3-8aacbbfec704","Text":"Hrs","TextType":"PRINTED"},{"BlockType":"WORD","Confidence":99.89922332763672,"Geometry":{"BoundingBox":{"Height":0.018209224566817284,"Left":0.02379697374999523,"Top":0.03181851655244827,"Width":0.05801055580377579},"Polygon":[{"X":0.02380194328725338,"Y":0.031821973621845245},{"X":0.08180753141641617,"Y":0.03181851655244827},{"X":0.08180304616689682,"Y":0.0500245541334"
14:55:34.133 [Test worker] DEBUG org.apache.http.wire - http-outgoing-0 << "1522},{"X":0.02379697374999523,"Y":0.050027742981910706}]},"Id":"20fcc7e1-08fa-441f-9b9c-5a949f845847","Text":"01Apr23","TextType":"PRINTED"},{"BlockType":"WORD","Confidence":99.91300201416016,"Geometry":{"BoundingBox":{"Height":0.016441645100712776,"Left":0.08714913576841354,"Top":0.03159799426794052,"Width":0.04264774173498154},"Polygon":[{"X":0.08715314418077469,"Y":0.03160053491592407},{"X":0.12979687750339508,"Y":0.03159799426794052},{"X":0.129793182015419,"Y":0.048037271946668625},{"X":0.08714913576841354,"Y":0.04803963750600815}]},"Id":"f1001cde-f291-4bfc-9116-a34332790e99","Text":"F2903","TextType":"PRINTED"},{"BlockType":"WORD","Confidence":99.95623779296875,"Geometry":{"BoundingBox":{"Height":0.015704160556197166,"Left":0.23957276344299316,"Top":0.032242655754089355,"Width":0.03329795226454735},"Polygon":[{"X":0.23957549035549164,"Y":0.03224463388323784},{"X":0.2728707194328308,"Y":0.032242655754089355},{"X":0.27286821603775024,"Y":0.047944966703653336},{"X":0.23957276344299316,"Y":0.04794681444764137}]},"Id":"aef25ebe-f372-44de-8325-ae9ea02c2921","Text":"1945","TextType":"PRINTED"},{"BlockType":"WORD","Confidence":99.87306213378906,"Geometry":{"BoundingBox":{"Height":0.015509027056396008,"Left":0.2984839081764221,"Top":0.031758036464452744,"Width":0.034592676907777786},"Polygon":[{"X":0.2984861731529236,"Y":0.03176009654998779},{"X":0.3330765664577484,"Y":0.031758036464452744},{"X":0.33307453989982605,"Y":0.04726513475179672},{"X":0.2984839081764221,"Y":0.04726706072688103}]},"Id":"8959c0af-fc4e-4457-b380-bdb12ea82eca","Text":"0050","TextType":"PRINTED"},{"BlockType":"WORD","Confidence":99.96088409423828,"Geometry":{"BoundingBox":{"Height":0.015572592616081238,"Left":0.3383501470088959,"Top":0.03233437240123749,"Width":0.03415824845433235},"Polygon":[{"X":0.33835217356681824,"Y":0.03233640268445015},{"X":0.3725084066390991,"Y":0.03233437240123749},{"X":0.37250664830207825,"Y":0.04790506884455681},{"X":0.3383501470088959,"Y":0.047906965017318726}]},"Id":"72f89ece-3409-4420-aea4-995a577581d2","Text":"2903","TextType":"PRINTED"},{"BlockType":"WORD","Confidence":99.67874145507812,"Geometry":{"BoundingBox":{"Height":0.01604338362812996,"Left":0.4219721555709839,"Top":0.03156662359833717,"Width":0.026167429983615875},"Polygon":[{"X":0.4219736158847809,"Y":0.03156818449497223},{"X":0.44813957810401917,"Y":0.03156662359833717},{"X":0.4481383264064789,"Y":0.04760855436325073},{"X":0.4219721555709839,"Y":0.04761001095175743}]},"Id":"f167aa5b-adc5-4847-a9af-61ed85b76f5b","Text":"ICN","TextType":"PRINTED"},{"BlockType":"WORD","Confidence":99.94369506835938,"Geometry":{"BoundingBox":{"Height":0.015645602717995644,"Left":0.5024697780609131,"Top":0.03221431002020836,"Width":0.03430106118321419},"Polygon":[{"X":0.5024706125259399,"Y":0.03221634775400162},{"X":0.5367708206176758,"Y":0.03221431002020836},{"X":0.536770224571228,"Y":0.04785800725221634},{"X":0.5024697780609131,"Y":0.04785991087555885}]},"Id":"ab7c47a0-0d71-4cf1-b0e4-127310d0ccea","Text":"2155","TextType":"PRINTED"},{"BlockType":"WORD","Confidence":99.8543701171875,"Geometry":{"BoundingBox":{"Height":0.016049865633249283,"Left":0.5424650311470032,"Top":0.0314306877553463,"Width":0.032102394849061966},"Polygon":[{"X":0.5424656271934509,"Y":0.03143260255455971},{"X":0.574567437171936,"Y":0.0314306877553463},{"X":0.5745671391487122,"Y":0.04747876897454262},{"X":0.5424650311470032,"Y":0.04748055338859558}]},"Id":"9ebd7db7-d5df-41a8-a2f8-fef156933f5c","Text":"DAD","TextType":"PRINTED"},{"BlockType":"WORD","Confidence":99.95590209960938,"Geometry":{"BoundingBox":{"Height":0.016609884798526764,"Left":0.6228407621383667,"Top":0.03157779946923256,"Width":0.034279678016901016},"Polygon":[{"X":0.6228407621383667,"Y":0.031579844653606415},{"X":0.6571201682090759,"Y":0.03157779946923256},{"X":0.657120406627655,"Y":0.04818578436970711},{"X":0.6228407621383667,"Y":0.04818768426775932}]},"Id":"7e5a5fcf-58fb-4c0a-ad83-cf970c6ee3f4","Text":"0230","TextType":"PRINTED"},{"BlockType":"WORD","Confidence":99.8838882446289,"Geometry":{"BoundingBox":{"Height":0.015872113406658173,"Left":0.6631376147270203,"Top":0.03194201737642288,"Width":0.025312097743153572},"Polygon":[{"X":0.6631376147270203,"Y":0.03194352239370346},{"X":0.6884492039680481,"Y":0.03194201737642288},{"X":0.6884496808052063,"Y":0.047812722623348236},{"X":0.6631379127502441,"Y":0.047814130783081055}]},"Id":"b9ef7711-9fda-49c8-8134-54f9b88f7369","Text":"738","TextType":"PRINTED"},{"BlockType":"WORD","Confidence":99.78303527832031,"Geometry":{"BoundingBox":{"Height":0.01588517799973488,"Left":0.9639336466789246,"Top":0.032071277499198914,"Width":0.03052135556936264},"Polygon":[{"X":0.9639336466789246,"Y":0.032073091715574265},{"X":0.9944522976875305,"Y":0.032071277499198914},{"X":0.9944549798965454,"Y":0.04795476049184799},{"X":0.9639361500740051,"Y":0.04795645549893379}]},"Id":"d63c27c8-68ef-412b-bac8-98a0a9ef90fe","Text":"4:35","TextType":"PRINTED"},{"BlockType":"WORD","Confidence":99.89350128173828,"Geometry":{"BoundingBox":{"Height":0.018769146874547005,"Left":0.023599080741405487,"Top":0.05588498339056969,"Width":0.05786503106355667},"Polygon":[{"X":0.02360420487821102,"Y":0.05588807910680771},{"X":0.08146411180496216,"Y":0.05588498339056969},{"X":0.08145948499441147,"Y":0.0746513083577156},{"X":0.023599080741405487,"Y":0.07465413212776184}]},"Id":"5c289b05-1520-4cc8-9ddb-984a81756b72","Text":"02Apr23","TextType":"PRINTED"},{"BlockType":"WORD","Confidence":99.91753387451172,"Geometry":{"BoundingBox":{"Height":0.01649615913629532,"Left":0.08679540455341339,"Top":0.05575505644083023,"Width":0.0431329570710659},"Polygon":[{"X":0.08679943531751633,"Y":0.05575736239552498},{"X":0.1299283653497696,"Y":0.05575505644083023},{"X":0.12992465496063232,"Y":0.07224908471107483},{"X":0.08679540455341339,"Y":0.07225121557712555}]},"Id":"7d9850f7-1b2c-429e-ad4f-3370d5f79e56","Text":"F2903","TextType":"PRINTED"},{"BlockType":"WORD","Confidence":99.66407012939453,"Geometry":{"BoundingBox":{"Height":0.01625719852745533,"Left":0.33814170956611633,"Top":0.055793408304452896,"Width":0.05031663179397583},"Polygon":[{"X":0.33814382553100586,"Y":0.055796101689338684},{"X":0.38845834136009216,"Y":0.055793408304452896},{"X":0.3884566128253937,"Y":0.072048120200634},{"X":0.33814170956611633,"Y":0.07205060869455338}]},"Id":"3bfa54b1-443b-482b-b57c-be269523b11b","Text":"LAYOV","TextType":"PRINTED"},{"BlockType":"WORD","Confidence":99.9044418334961,"Geometry":{"BoundingBox":{"Height":0.01607358083128929,"Left":0.4216691851615906,"Top":0.05589313432574272,"Width":0.03217009827494621},"Polygon":[{"X":0.4216706454753876,"Y":0.05589485540986061},{"X":0.4538392722606659,"Y":0.05589313432574272},{"X":0.453838050365448,"Y":0.07196512073278427},{"X":0.4216691851615906,"Y":0.07196671515703201}]},"Id":"554233f8-635b-4e28-ae07-bffa2062d8b3","Text":"DAD","TextType":"PRINTED"},{"BlockType":"WORD","Confidence":99.9173583984375,"Geometry":{"BoundingBox":{"Height":0.016532091423869133,"Left":0.5024282336235046,"Top":0.05576353520154953,"Width":0.03447515144944191},"Polygon":[{"X":0.5024291276931763,"Y":0.05576537922024727},{"X":0.5369033813476562,"Y":0.05576353520154953},{"X":0.5369027256965637,"Y":0.07229392230510712},{"X":0.5024282336235046,"Y":0.07229562103748322}]},"Id":"64da613d-3ed0-4945-a9a9-974d594e3830","Text":"0305","TextType":"PRINTED"},{"BlockType":"WORD","Confidence":99.86001586914062,"Geometry":{"BoundingBox":{"Height":0.01611628569662571,"Left":0.5423786640167236,"Top":0.05580951273441315,"Width":0.03226012736558914},"Polygon":[{"X":0.5423792600631714,"Y":0.05581124126911163},{"X":0.5746387839317322,"Y":0.05580951273441315},{"X":0.5746384263038635,"Y":0.07192420214414597},{"X":0.5423786640167236,"Y":0.07192579656839371}]},"Id":"e30d0340-7447-4f1b-8ec1-e4640a4cbf39","Text":"DAD","TextType":"PRINTED"},{"BlockType":"WORD","Confidence":99.95024108886719,"Geometry":{"BoundingBox":{"Height":0.016362175345420837,"Left":0.6229683756828308,"Top":0.055772896856069565,"Width":0.03447114303"
14:55:34.143 [Test worker] DEBUG org.apache.http.wire - http-outgoing-0 << "7080765},"Polygon":[{"X":0.6229683756828308,"Y":0.0557747408747673},{"X":0.6574392318725586,"Y":0.055772896856069565},{"X":0.6574394702911377,"Y":0.072133369743824},{"X":0.6229683756828308,"Y":0.0721350684762001}]},"Id":"82141cd4-5cf0-4192-a36b-82b652da8831","Text":"0215","TextType":"PRINTED"},{"BlockType":"WORD","Confidence":97.25873565673828,"Geometry":{"BoundingBox":{"Height":0."
14:55:34.144 [Test worker] DEBUG org.apache.http.wire - http-outgoing-0 << "019016990438103676,"Left":0.6626856327056885,"Top":0.056019127368927,"Width":0.0550229512155056},"Polygon":[{"X":0.6626856327056885,"Y":0.05602206662297249},{"X":0.7177077531814575,"Y":0.056019127368927},{"X":0.7177085876464844,"Y":0.07503344118595123},{"X":0.6626859903335571,"Y":0.07503611594438553}]},"Id":"c6ef1d91-5a6f-4885-9815-1a7cd697d2ee","Text":"Vinpearl","TextType":"PRINTED"},{"BlockType":"WORD","Confidence":98.9633560180664,"Geometry":{"BoundingBox":{"Height":0.015458745881915092,"Left":0.7202235460281372,"Top":0.05647331848740578,"Width":0.0594225749373436},"Polygon":[{"X":0.7202235460281372,"Y":0.05647648870944977},{"X":0.7796449661254883,"Y":0.05647331848740578},{"X":0.779646098613739,"Y":0.07192912697792053},{"X":0.7202242612838745,"Y":0.07193206250667572}]},"Id":"cbe8cc36-7922-43f4-9c64-26f9f6e55905","Text":"Condotel","TextType":"PRINTED"},{"BlockType":"WORD","Confidence":99.40742492675781,"Geometry":{"BoundingBox":{"Height":0.015897780656814575,"Left":0.7828267216682434,"Top":0.056057576090097"
14:55:34.152 [Test worker] DEBUG org.apache.http.wire - http-outgoing-0 << "43,"Width":0.06517897546291351},"Polygon":[{"X":0.7828267216682434,"Y":0.05606106296181679},{"X":0.8480041027069092,"Y":0.05605757609009743},{"X":0.8480057120323181,"Y":0.07195213437080383},{"X":0.7828279137611389,"Y":0.0719553604722023}]},"Id":"d2a44b67-3964-4306-a0c0-8aeacecb3c34","Text":"Riverfront","TextType":"PRINTED"},{"BlockType":"WORD","Confidence":99.89551544189453,"Geometry":{"BoundingBox":{"Height":0.018891528248786926,"Left":0.023332886397838593,"Top":0.0802757740020752,"Width":0.05809972062706947},"Polygon":[{"X":0.02333804778754711,"Y":0.08027852326631546},{"X":0.08143261075019836,"Y":0.0802757740020752},{"X":0.08142795413732529,"Y":0.09916482120752335},{"X":0.023332886397838593,"Y":0.09916730225086212}]},"Id":"35b71266-2479-4c97-8ee8-144468659842","Text":"03Apr23","TextType":"PRINTED"},{"BlockType":"WORD","Confidence":99.92352294921875,"Geometry":{"BoundingBox":{"Height":0.01644553430378437,"Left":0.08691931515932083,"Top":0.08012101799249649,"Width":0.04303135350346565},"Polygon":[{"X":0.08692333102226257,"Y":0.08012305945158005},{"X":0.12995067238807678,"Y":0.08012101799249649},{"X":0.1299469769001007,"Y":0.09656468778848648},{"X":0.08691931515932083,"Y":0.09656655043363571}]},"Id":"010dd484-b960-4ee1-a64b-b26ef0aa2626","Text":"F2903","TextType":"PRINTED"},{"BlockType":"WORD","Confidence":99.95053100585938,"Geometry":{"BoundingBox":{"Height":0.015860112383961678,"Left":0.2380596250295639,"Top":0.08043700456619263,"Width":0.03454490751028061},"Polygon":[{"X":0.23806239664554596,"Y":0.08043864369392395},{"X":0.2726045250892639,"Y":0.08043700456619263},{"X":0.27260199189186096,"Y":0.09629562497138977},{"X":0.2380596250295639,"Y":0.09629712253808975}]},"Id":"9e307894-7892-44cd-ab0e-fb8f9667f5a5","Text":"0030","TextType":"PRINTED"},{"BlockType":"WORD","Confidence":99.8847885131836,"Geometry":{"BoundingBox":{"Height":0.01587671972811222,"Left":0.2985081076622009,"Top":0.08052152395248413,"Width":0.03477974236011505},"Polygon":[{"X":0.29851046204566956,"Y":0.08052317053079605},{"X":0.3332878649234772,"Y":0.08052152395248413},{"X":0.33328577876091003,"Y":0.09639673680067062},{"X":0.2985081076622009,"Y":0.0963982492685318}]},"Id":"3d76b1ff-d02a-46df-ac7f-42576b9d0e1c","Text":"0905","TextType":"PRINTED"},{"BlockType":"WORD","Confidence":99.95838165283203,"Geometry":{"BoundingBox":{"Height":0.016144251450896263,"Left":0.33793380856513977,"Top":0.08040004223585129,"Width":0.034629493951797485},"Polygon":[{"X":0.3379358947277069,"Y":0.08040168136358261},{"X":0.37256330251693726,"Y":0.08040004223585129},{"X":0.3725614845752716,"Y":0.09654279053211212},{"X":0.33793380856513977,"Y":0.0965442880988121}]},"Id":"0252b39c-3bd3-4195-a0d2-10e8b2e85a61","Text":"2904","TextType":"PRINTED"},{"BlockType":"WORD","Confidence":99.91486358642578,"Geometry":{"BoundingBox":{"Height":0.015818750485777855,"Left":0.4217381477355957,"Top":0.08042211830615997,"Width":0.03209025412797928},"Polygon":[{"X":0.4217395782470703,"Y":0.08042363822460175},{"X":0.4538283944129944,"Y":0.08042211830615997},{"X":0.4538272023200989,"Y":0.09623947739601135},{"X":0.4217381477355957,"Y":0.09624087065458298}]},"Id":"2728e2a6-7c20-421c-a780-8ea2e6224634","Text":"DAD","TextType":"PRINTED"},{"BlockType":"WORD","Confidence":99.96094512939453,"Geometry":{"BoundingBox":{"Height":0.016187047585844994,"Left":0.502420961856842,"Top":0.0801764652132988,"Width":0.03446703031659126},"Polygon":[{"X":0.5024218559265137,"Y":0.08017809689044952},{"X":0.5368880033493042,"Y":0.0801764652132988},{"X":0.5368873476982117,"Y":0.09636201709508896},{"X":0.502420961856842,"Y":0.09636351466178894}]},"Id":"716c7a1f-9674-42f8-be3a-1d2b04803e1d","Text":"0330","TextType":"PRINTED"},{"BlockType":"WORD","Confidence":99.46549224853516,"Geometry":{"BoundingBox":{"Height":0.015794632956385612,"Left":0.5420553684234619,"Top":0.08049342036247253,"Width":0.02680634893476963},"Polygon":[{"X":0.5420559048652649,"Y":0.08049468696117401},{"X":0.568861722946167,"Y":0.08049342036247253},{"X":0.5688613653182983,"Y":0.09628689289093018},{"X":0.5420553684234619,"Y":0.0962880551815033}]},"Id":"6e1e7909-71b3-46e7-be8b-4a86db4ed794","Text":"ICN","TextType":"PRINTED"},{"BlockType":"WORD","Confidence":99.91001892089844,"Geometry":{"BoundingBox":{"Height":0.01598471589386463,"Left":0.6230791211128235,"Top":0.08045326173305511,"Width":0.03440382704138756},"Polygon":[{"X":0.6230791211128235,"Y":0.08045488595962524},{"X":0.6574826836585999,"Y":0.08045326173305511},{"X":0.6574829816818237,"Y":0.09643648564815521},{"X":0.6230791211128235,"Y":0.0964379757642746}]},"Id":"7484892f-9430-437d-9fac-81213dce807b","Text":"0805","TextType":"PRINTED"},{"BlockType":"WORD","Confidence":99.89529418945312,"Geometry":{"BoundingBox":{"Height":0.015863433480262756,"Left":0.6632035374641418,"Top":0.08039979636669159,"Width":0.02538374625146389},"Polygon":[{"X":0.6632035374641418,"Y":0.0804009959101677},{"X":0.6885868310928345,"Y":0.08039979636669159},{"X":0.6885873079299927,"Y":0.096262127161026},{"X":0.6632038950920105,"Y":0.09626322984695435}]},"Id":"afb61652-a8e7-47b1-b8b9-42a9df3ecd29","Text":"738","TextType":"PRINTED"},{"BlockType":"WORD","Confidence":99.75624084472656,"Geometry":{"BoundingBox":{"Height":0.015932995826005936,"Left":0.9638906121253967,"Top":0.0806325227022171,"Width":0.03075493313372135},"Polygon":[{"X":0.9638906121253967,"Y":0.0806339755654335},{"X":0.9946428537368774,"Y":0.0806325227022171},{"X":0.9946455359458923,"Y":0.09656418859958649},{"X":0.9638931155204773,"Y":0.09656551480293274}]},"Id":"89766b30-681c-4ccc-975e-185334377030","Text":"4:35","TextType":"PRINTED"},{"BlockType":"WORD","Confidence":99.90946960449219,"Geometry":{"BoundingBox":{"Height":0.01855793222784996,"Left":0.02393871732056141,"Top":0.1045728251338005,"Width":0.05746611952781677},"Polygon":[{"X":0.02394377999007702,"Y":0.10457519441843033},{"X":0.08140483498573303,"Y":0.1045728251338005},{"X":0.08140026032924652,"Y":0.12312865257263184},{"X":0.02393871732056141,"Y":0.12313075363636017}]},"Id":"a5b8bc9a-6835-4729-aaa8-8baf6490f181","Text":"04Apr23","TextType":"PRINTED"},{"BlockType":"WORD","Confidence":99.96781921386719,"Geometry":{"BoundingBox":{"Height":0.016041047871112823,"Left":0.33837881684303284,"Top":0.10463644564151764,"Width":0.030377279967069626},"Polygon":[{"X":0.3383809030056,"Y":0.10463769733905792},{"X":0.36875611543655396,"Y":0.10463644564151764},{"X":0.3687542676925659,"Y":0.12067636847496033},{"X":0.33837881684303284,"Y":0.12067749351263046}]},"Id":"8bc6aadc-ed2e-429b-962f-7343f7080fe0","Text":"OFF","TextType":"PRINTED"},{"BlockType":"WORD","Confidence":99.87113189697266,"Geometry":{"BoundingBox":{"Height":0.01605716533958912,"Left":0.42158347368240356,"Top":0.10452932119369507,"Width":0.034335166215896606},"Polygon":[{"X":0.42158493399620056,"Y":0.10453073680400848},{"X":0.45591863989830017,"Y":0.10452932119369507},{"X":0.45591744780540466,"Y":0.12058520317077637},{"X":0.42158347368240356,"Y":0.12058648467063904}]},"Id":"47d0fa46-06fb-406d-bbfc-b8ba1285cd82","Text":"GMP","TextType":"PRINTED"},{"BlockType":"WORD","Confidence":99.87407684326172,"Geometry":{"BoundingBox":{"Height":0.015661023557186127,"Left":0.5024030804634094,"Top":0.10511650145053864,"Width":0.03447216376662254},"Polygon":[{"X":0.502403974533081,"Y":0.10511791706085205},{"X":0.5368752479553223,"Y":0.10511650145053864},{"X":0.5368746519088745,"Y":0.12077624350786209},{"X":0.5024030804634094,"Y":0.12077752500772476}]},"Id":"0c8a3b5e-d7d6-4117-a738-20755dc073e5","Text":"0000","TextType":"PRINTED"},{"BlockType":"WORD","Confidence":99.91159057617188,"Geometry":{"BoundingBox":{"Height":0.01629774272441864,"Left":0.5422715544700623,"Top":0.10445795953273773,"Width":0.03451181948184967},"Polygon":[{"X":0.54227215051651,"Y":0.10445938259363174},{"X":0.5767833590507507,"Y":0.10445795953273773},{"X":0.5767830610275269,"Y":0.1207544207572937},{"X":0.5422715544700623,"Y":0.12075570225715637}]},"Id":"c158fc58-ea63-42c5-8062-81afd3c09aec","Text":"GMP","TextType":"PRINTED"},{"BlockType":"WORD","Con"
14:55:34.157 [Test worker] DEBUG org.apache.http.wire - http-outgoing-0 << "fidence":99.97056579589844,"Geometry":{"BoundingBox":{"Height":0.016376985237002373,"Left":0.6230837106704712,"Top":0.10457975417375565,"Width":0.034406550228595734},"Polygon":[{"X":0.6230837106704712,"Y":0.10458116978406906},{"X":0.6574899554252625,"Y":0.10457975417375565},{"X":0.6574902534484863,"Y":0.1209554597735405},{"X":0.6230837106704712,"Y":0.12095674127340317}]},"Id":"d92a914b-63d7-4d34-8b22-9552d6f8c333","Text":"2359","TextType":"PRINTED"},{"BlockType":"WORD","Confidence":99.85372924804688,"Geometry":{"BoundingBox":{"Height":0.019006825983524323,"Left":0.023696819320321083,"Top":0.13068842887878418,"Width":0.05770757421851158},"Polygon":[{"X":0.02370200864970684,"Y":0.13069042563438416},{"X":0.08140439540147781,"Y":0.13068842887878418},{"X":0.08139970898628235,"Y":0.1496935337781906},{"X":0.023696819320321083,"Y":0.1496952623128891}]},"Id":"196e1e90-4843-466d-8700-2f80a942f813","Text":"05Apr23","TextType":"PRINTED"},{"BlockType":"WORD","Confidence":99.9352035522461,"Geometry":{"BoundingBox":{"Height":0.01640186458826065,"Left":0.08661030977964401,"Top":0.13073790073394775,"Width":0.043511971831321716},"Polygon":[{"X":0.08661431819200516,"Y":0.13073940575122833},{"X":0.13012228906154633,"Y":0.13073790073394775},{"X":0.13011860847473145,"Y":0.14713843166828156},{"X":0.08661030977964401,"Y":0.1471397578716278}]},"Id":"b7f04079-9121-4342-9795-8dd49d84afe9","Text":"F2243","TextType":"PRINTED"},{"BlockType":"WORD","Confidence":99.96379852294922,"Geometry":{"BoundingBox":{"Height":0.015760457143187523,"Left":0.2394857257604599,"Top":0.13112777471542358,"Width":0.03328309208154678},"Polygon":[{"X":0.23948848247528076,"Y":0.1311289221048355},{"X":0.2727688252925873,"Y":0.13112777471542358},{"X":0.2727663218975067,"Y":0.14688721299171448},{"X":0.2394857257604599,"Y":0.14688824117183685}]},"Id":"31210d9b-78c2-4420-bbb5-2441f0b64217","Text":"1800","TextType":"PRINTED"},{"BlockType":"WORD","Confidence":99.9533920288086,"Geometry":{"BoundingBox":{"Height":0.01572001725435257,"Left":0.29834046959877014,"Top":0.13118205964565277,"Width":0.0351128987967968},"Polygon":[{"X":0.2983427941799164,"Y":0.13118326663970947},{"X":0.33345338702201843,"Y":0.13118205964565277},{"X":0.3334513306617737,"Y":0.1469009965658188},{"X":0.29834046959877014,"Y":0.14690206944942474}]},"Id":"2436f7e7-717f-4a8c-b0ad-129b7200338e","Text":"2040","TextType":"PRINTED"},{"BlockType":"WORD","Confidence":99.9380111694336,"Geometry":{"BoundingBox":{"Height":0.015837060287594795,"Left":0.33929792046546936,"Top":0.13105787336826324,"Width":0.0251375250518322},"Polygon":[{"X":0.3392999470233917,"Y":0.13105875253677368},{"X":0.36443543434143066,"Y":0.13105787336826324},{"X":0.3644335865974426,"Y":0.146894171833992},{"X":0.33929792046546936,"Y":0.1468949317932129}]},"Id":"38c1fbaa-288e-46c9-9cf4-393fbbf6213d","Text":"129","TextType":"PRINTED"},{"BlockType":"WORD","Confidence":99.83399963378906,"Geometry":{"BoundingBox":{"Height":0.016257157549262047,"Left":0.42159372568130493,"Top":0.13068188726902008,"Width":0.03430451452732086},"Polygon":[{"X":0.42159518599510193,"Y":0.1306830793619156},{"X":0.4558982253074646,"Y":0.13068188726902008},{"X":0.4558970034122467,"Y":0.1469379961490631},{"X":0.42159372568130493,"Y":0.14693903923034668}]},"Id":"57e3dcd9-7392-48b8-9575-9ae066406eca","Text":"GMP","TextType":"PRINTED"},{"BlockType":"WORD","Confidence":99.94841003417969,"Geometry":{"BoundingBox":{"Height":0.016330435872077942,"Left":0.5037070512771606,"Top":0.1306842565536499,"Width":0.03322101756930351},"Polygon":[{"X":0.5037079453468323,"Y":0.13068540394306183},{"X":0.5369280576705933,"Y":0.1306842565536499},{"X":0.5369274616241455,"Y":0.14701367914676666},{"X":0.5037070512771606,"Y":0.14701469242572784}]},"Id":"3a910031-86ab-4510-930c-6356f37c3892","Text":"1910","TextType":"PRINTED"},{"BlockType":"WORD","Confidence":99.74267578125,"Geometry":{"BoundingBox":{"Height":0.016670120880007744,"Left":0.5417914390563965,"Top":0.130501851439476,"Width":0.030348505824804306},"Polygon":[{"X":0.541792094707489,"Y":0.13050290942192078},{"X":0.5721399784088135,"Y":0.130501851439476},{"X":0.5721396207809448,"Y":0.1471710503101349},{"X":0.5417914390563965,"Y":0.1471719741821289}]},"Id":"c7b3f768-ec51-4114-a922-511322488140","Text":"CJU","TextType":"PRINTED"},{"BlockType":"WORD","Confidence":99.94042205810547,"Geometry":{"BoundingBox":{"Height":0.016276253387331963,"Left":0.6230306029319763,"Top":0.13066837191581726,"Width":0.034357037395238876},"Polygon":[{"X":0.6230306029319763,"Y":0.13066956400871277},{"X":0.657387375831604,"Y":0.13066837191581726},{"X":0.6573876142501831,"Y":0.1469435691833496},{"X":0.6230306029319763,"Y":0.14694462716579437}]},"Id":"26332522-1b9a-4fdb-948c-bd07261c094a","Text":"2020","TextType":"PRINTED"},{"BlockType":"WORD","Confidence":99.9263916015625,"Geometry":{"BoundingBox":{"Height":0.016401730477809906,"Left":0.6630042791366577,"Top":0.13068605959415436,"Width":0.025848587974905968},"Polygon":[{"X":0.6630042791366577,"Y":0.130686953663826},{"X":0.6888523101806641,"Y":0.13068605959415436},{"X":0.688852846622467,"Y":0.1470870077610016},{"X":0.6630045771598816,"Y":0.14708779752254486}]},"Id":"d8c6031c-39b4-4505-9aec-7c16e606d1ae","Text":"738","TextType":"PRINTED"},{"BlockType":"WORD","Confidence":99.33898162841797,"Geometry":{"BoundingBox":{"Height":0.01571851409971714,"Left":0.9653560519218445,"Top":0.13105478882789612,"Width":0.029398880898952484},"Polygon":[{"X":0.9653560519218445,"Y":0.1310558021068573},{"X":0.9947522878646851,"Y":0.13105478882789612},{"X":0.9947549700737,"Y":0.14677239954471588},{"X":0.965358555316925,"Y":0.1467733085155487}]},"Id":"58dd16f7-335b-4357-9aca-382b489000cd","Text":"1:10","TextType":"PRINTED"},{"BlockType":"WORD","Confidence":99.64583587646484,"Geometry":{"BoundingBox":{"Height":0.016062986105680466,"Left":0.3387165069580078,"Top":0.15515954792499542,"Width":0.04912852123379707},"Polygon":[{"X":0.33871859312057495,"Y":0.15516094863414764},{"X":0.3878450393676758,"Y":0.15515954792499542},{"X":0.3878433108329773,"Y":0.17122133076190948},{"X":0.3387165069580078,"Y":0.171222522854805}]},"Id":"0c664b2d-3482-485a-8da7-7280de3ffab1","Text":"LAYOV","TextType":"PRINTED"},{"BlockType":"WORD","Confidence":99.70903015136719,"Geometry":{"BoundingBox":{"Height":0.01637270860373974,"Left":0.42109620571136475,"Top":0.15507617592811584,"Width":0.0301557257771492},"Polygon":[{"X":0.42109769582748413,"Y":0.1550770401954651},{"X":0.45125192403793335,"Y":0.15507617592811584},{"X":0.45125067234039307,"Y":0.17144815623760223},{"X":0.42109620571136475,"Y":0.17144888639450073}]},"Id":"49188667-bbfd-467d-a656-41609b1e7fcc","Text":"CJU","TextType":"PRINTED"},{"BlockType":"WORD","Confidence":99.94890594482422,"Geometry":{"BoundingBox":{"Height":0.016326170414686203,"Left":0.5026745200157166,"Top":0.15499897301197052,"Width":0.034010253846645355},"Polygon":[{"X":0.5026753544807434,"Y":0.15499995648860931},{"X":0.5366847515106201,"Y":0.15499897301197052},{"X":0.5366840958595276,"Y":0.17132431268692017},{"X":0.5026745200157166,"Y":0.17132514715194702}]},"Id":"569a74fd-ef8e-496e-bcb7-0d88b4e27d86","Text":"2055","TextType":"PRINTED"},{"BlockType":"WORD","Confidence":99.72917175292969,"Geometry":{"BoundingBox":{"Height":0.01663755252957344,"Left":0.5420286655426025,"Top":0.1548754721879959,"Width":0.029819738119840622},"Polygon":[{"X":0.5420292615890503,"Y":0.15487632155418396},{"X":0.5718483924865723,"Y":0.1548754721879959},{"X":0.5718480348587036,"Y":0.17151229083538055},{"X":0.5420286655426025,"Y":0.17151302099227905}]},"Id":"0c9240e3-7875-439c-868d-36b6a9a4274b","Text":"CJU","TextType":"PRINTED"},{"BlockType":"WORD","Confidence":99.95993041992188,"Geometry":{"BoundingBox":{"Height":0.016589662060141563,"Left":0.6229749321937561,"Top":0.1548837572336197,"Width":0.03425181657075882},"Polygon":[{"X":0.6229749321937561,"Y":0.15488474071025848},{"X":0.6572265028953552,"Y":0.1548837572336197},{"X":0.6572267413139343,"Y":0.17147257924079895},{"X":0.6229749321937561,"Y":0.1714734137058258}]"
14:55:34.160 [Test worker] DEBUG org.apache.http.wire - http-outgoing-0 << "},"Id":"a71b78db-b853-4de2-a125-7ab6ce9a8750","Text":"2025","TextType":"PRINTED"},{"BlockType":"WORD","Confidence":99.82854461669922,"Geometry":{"BoundingBox":{"Height":0.016599390655755997,"Left":0.6636285781860352,"Top":0.15475183725357056,"Width":0.033869147300720215},"Polygon":[{"X":0.6636285781860352,"Y":0.15475280582904816},{"X":0.6974971294403076,"Y":0.15475183725357056},{"X"
14:55:34.161 [Test worker] DEBUG org.apache.http.wire - http-outgoing-0 << "":0.6974977254867554,"Y":0.1713504046201706},{"X":0.6636289358139038,"Y":0.17135122418403625}]},"Id":"eedd10ca-e545-44ad-844d-364e3cbfb837","Text":"????","TextType":"PRINTED"},{"BlockType":"WORD","Confidence":88.18811798095703,"Geometry":{"BoundingBox":{"Height":0.01647147908806801,"Left":0.6997963786125183,"Top":0.15464356541633606,"Width":0.016654860228300095},"Polygon":[{"X":0.6997963786125183,"Y":0.15464404225349426},{"X":0.7164505124092102,"Y":0.15464356541633606},{"X":0.7164512276649475,"Y":0.17111463844776154},{"X":0.6997969746589661,"Y":0.17111505568027496}]},"Id":"0f6b1b31-deca-47ec-9a25-93895bda0b44","Text":"??","TextType":"PRINTED"},{"BlockType":"WORD","Confidence":99.84424591064453,"Geometry":{"BoundingBox":{"Height":0.018660536035895348,"Left":0.023717334493994713,"Top":0.17937995493412018,"Width":0.05767828971147537},"Polygon":[{"X":0.02372242696583271,"Y":0.17938125133514404},{"X":0.08139561861753464,"Y":0.17937995493412018},{"X":0.08139102160930634,"Y":0.1980394721031189},{"X":0.02371733449399"
14:55:34.198 [Test worker] DEBUG org.apache.http.wire - http-outgoing-0 << "4713,"Y":0.19804048538208008}]},"Id":"67e4206f-2648-4ce1-835e-aafb90ffc505","Text":"06Apr23","TextType":"PRINTED"},{"BlockType":"WORD","Confidence":99.94170379638672,"Geometry":{"BoundingBox":{"Height":0.01669147238135338,"Left":0.08682126551866531,"Top":0.1792518049478531,"Width":0.043416477739810944},"Polygon":[{"X":0.08682534098625183,"Y":0.1792527735233307},{"X":0.13023774325847626,"Y":0.1792518049478531},{"X":0.1302340030670166,"Y":0.1959424912929535},{"X":0.08682126551866531,"Y":0.19594328105449677}]},"Id":"3c916b8d-5a15-4bd7-ac5b-a2764ac65f0e","Text":"F2243","TextType":"PRINTED"},{"BlockType":"WORD","Confidence":99.96847534179688,"Geometry":{"BoundingBox":{"Height":0.01606135629117489,"Left":0.2382078319787979,"Top":0.1796131581068039,"Width":0.0346800796687603},"Polygon":[{"X":0.23821063339710236,"Y":0.17961393296718597},{"X":0.2728879153728485,"Y":0.1796131581068039},{"X":0.27288535237312317,"Y":0.1956738829612732},{"X":0.2382078319787979,"Y":0.19567450881004333}]},"Id":"91b79652-d2ac-4db5-a0a2-9431ffdd42e0","Text":"2040","TextType":"PRINTED"},{"BlockType":"WORD","Confidence":99.95519256591797,"Geometry":{"BoundingBox":{"Height":0.016095954924821854,"Left":0.2987765073776245,"Top":0.17963285744190216,"Width":0.03465931490063667},"Polygon":[{"X":0.29877886176109314,"Y":0.17963363230228424},{"X":0.3334358036518097,"Y":0.17963285744190216},{"X":0.33343371748924255,"Y":0.19572818279266357},{"X":0.2987765073776245,"Y":0.19572880864143372}]},"Id":"5a105d1a-bada-4614-b777-2d42e3f161ea","Text":"0220","TextType":"PRINTED"},{"BlockType":"WORD","Confidence":99.96331787109375,"Geometry":{"BoundingBox":{"Height":0.015988823026418686,"Left":0.3378937840461731,"Top":0.17967011034488678,"Width":0.034685440361499786},"Polygon":[{"X":0.33789587020874023,"Y":0.17967088520526886},{"X":0.3725792467594147,"Y":0.17967011034488678},{"X":0.372577428817749,"Y":0.19565829634666443},{"X":0.3378937840461731,"Y":0.19565893709659576}]},"Id":"f09182be-96d6-4865-9626-83064d8236c9","Text":"2243","TextType":"PRINTED"},{"BlockType":"WORD","Confidence":99.68498992919922,"Geometry":{"BoundingBox":{"Height":0.015949243679642677,"Left":0.421463280916214,"Top":0.17976714670658112,"Width":0.030029792338609695},"Polygon":[{"X":0.4214647114276886,"Y":0.17976781725883484},{"X":0.4514930546283722,"Y":0.17976714670658112},{"X":0.4514918327331543,"Y":0.19571584463119507},{"X":0.421463280916214,"Y":0.19571639597415924}]},"Id":"76c0250c-9a2d-4f49-84f0-9005ef56cb9c","Text":"CJU","TextType":"PRINTED"},{"BlockType":"WORD","Confidence":99.98367309570312,"Geometry":{"BoundingBox":{"Height":0.016579139977693558,"Left":0.5025135278701782,"Top":0.17929969727993011,"Width":0.03452368080615997},"Polygon":[{"X":0.5025144219398499,"Y":0.1793004721403122},{"X":0.537037193775177,"Y":0.17929969727993011},{"X":0.5370365381240845,"Y":0.19587820768356323},{"X":0.5025135278701782,"Y":0.19587883353233337}]},"Id":"c30c70f6-b553-4965-8d74-e6a46401162f","Text":"2200","TextType":"PRINTED"},{"BlockType":"WORD","Confidence":99.70152282714844,"Geometry":{"BoundingBox":{"Height":0.015683980658650398,"Left":0.5424068570137024,"Top":0.17963281273841858,"Width":0.03064270131289959},"Polygon":[{"X":0.5424073934555054,"Y":0.1796334981918335},{"X":0.5730495452880859,"Y":0.17963281273841858},{"X":0.5730491876602173,"Y":0.19531622529029846},{"X":0.5424068570137024,"Y":0.19531679153442383}]},"Id":"3ad1c9f3-fcc4-4af9-bf11-d3a82261590e","Text":"BKK","TextType":"PRINTED"},{"BlockType":"WORD","Confidence":99.95111083984375,"Geometry":{"BoundingBox":{"Height":0.016525255516171455,"Left":0.6229335069656372,"Top":0.17939336597919464,"Width":0.03443528339266777},"Polygon":[{"X":0.6229335069656372,"Y":0.17939414083957672},{"X":0.6573684811592102,"Y":0.17939336597919464},{"X":0.6573687791824341,"Y":0.1959179937839508},{"X":0.6229335069656372,"Y":0.19591861963272095}]},"Id":"ef3d5708-3cea-44bf-b564-2f3034a9d6fd","Text":"0400","TextType":"PRINTED"},{"BlockType":"WORD","Confidence":99.87737274169922,"Geometry":{"BoundingBox":{"Height":0.015977896749973297,"Left":0.6632618308067322,"Top":0.1795843243598938,"Width":0.02546772174537182},"Polygon":[{"X":0.6632618308067322,"Y":0.17958490550518036},{"X":0.6887290477752686,"Y":0.1795843243598938},{"X":0.6887295842170715,"Y":0.19556176662445068},{"X":0.6632621884346008,"Y":0.1955622285604477}]},"Id":"b29e1754-0e68-4d4f-a31b-25f119321314","Text":"738","TextType":"PRINTED"},{"BlockType":"WORD","Confidence":99.7686996459961,"Geometry":{"BoundingBox":{"Height":0.015926789492368698,"Left":0.9642339944839478,"Top":0.17975293099880219,"Width":0.03051351197063923},"Polygon":[{"X":0.9642339944839478,"Y":0.1797536015510559},{"X":0.9947447776794434,"Y":0.17975293099880219},{"X":0.9947474598884583,"Y":0.19567915797233582},{"X":0.9642364978790283,"Y":0.1956797093153}]},"Id":"7e711d3d-ed97-4b1e-a124-8d5df2678d25","Text":"6:00","TextType":"PRINTED"},{"BlockType":"WORD","Confidence":99.88384246826172,"Geometry":{"BoundingBox":{"Height":0.019074145704507828,"Left":0.023612014949321747,"Top":0.20531462132930756,"Width":0.05780386924743652},"Polygon":[{"X":0.023617221042513847,"Y":0.20531554520130157},{"X":0.08141588419675827,"Y":0.20531462132930756},{"X":0.08141118288040161,"Y":0.22438813745975494},{"X":0.023612014949321747,"Y":0.22438877820968628}]},"Id":"2d5cbb2b-e1ed-4e05-b8ab-941fb838bd4a","Text":"07Apr23","TextType":"PRINTED"},{"BlockType":"WORD","Confidence":99.9423599243164,"Geometry":{"BoundingBox":{"Height":0.01652093231678009,"Left":0.08682569116353989,"Top":0.20537415146827698,"Width":0.043115150183439255},"Polygon":[{"X":0.08682972937822342,"Y":0.2053748369216919},{"X":0.12994083762168884,"Y":0.20537415146827698},{"X":0.12993714213371277,"Y":0.22189457714557648},{"X":0.08682569116353989,"Y":0.22189508378505707}]},"Id":"f8d0f034-f6b7-4a7f-b9d6-8799eddefe22","Text":"F2243","TextType":"PRINTED"},{"BlockType":"WORD","Confidence":99.7583999633789,"Geometry":{"BoundingBox":{"Height":0.016385862603783607,"Left":0.3379729688167572,"Top":0.20532606542110443,"Width":0.05069970339536667},"Polygon":[{"X":0.33797508478164673,"Y":0.2053268700838089},{"X":0.38867267966270447,"Y":0.20532606542110443},{"X":0.388670951128006,"Y":0.22171132266521454},{"X":0.3379729688167572,"Y":0.2217119187116623}]},"Id":"60d0a857-3863-48ff-ae15-14d7f73629c8","Text":"LAYOV","TextType":"PRINTED"},{"BlockType":"WORD","Confidence":99.67337799072266,"Geometry":{"BoundingBox":{"Height":0.016137076541781425,"Left":0.4214684069156647,"Top":0.20549561083316803,"Width":0.030985599383711815},"Polygon":[{"X":0.42146986722946167,"Y":0.20549610257148743},{"X":0.45245400071144104,"Y":0.20549561083316803},{"X":0.45245274901390076,"Y":0.22163231670856476},{"X":0.4214684069156647,"Y":0.2216326892375946}]},"Id":"d17ae059-8857-4e24-b351-c7a65e6fe9e3","Text":"BKK","TextType":"PRINTED"},{"BlockType":"WORD","Confidence":99.91593170166016,"Geometry":{"BoundingBox":{"Height":0.016506163403391838,"Left":0.5024367570877075,"Top":0.2054128497838974,"Width":0.03429262340068817},"Polygon":[{"X":0.5024376511573792,"Y":0.20541338622570038},{"X":0.5367293953895569,"Y":0.2054128497838974},{"X":0.5367287397384644,"Y":0.22191861271858215},{"X":0.5024367570877075,"Y":0.2219190150499344}]},"Id":"ba8f0b18-9ed9-4c01-881f-0b6b147b0c81","Text":"0515","TextType":"PRINTED"},{"BlockType":"WORD","Confidence":99.70796203613281,"Geometry":{"BoundingBox":{"Height":0.016224496066570282,"Left":0.5420383810997009,"Top":0.2054494321346283,"Width":0.031169338151812553},"Polygon":[{"X":0.5420389771461487,"Y":0.2054499387741089},{"X":0.573207676410675,"Y":0.2054494321346283},{"X":0.5732073783874512,"Y":0.22167356312274933},{"X":0.5420383810997009,"Y":0.22167393565177917}]},"Id":"2f48a289-6fd2-4480-847b-14e260cb58b4","Text":"BKK","TextType":"PRINTED"},{"BlockType":"WORD","Confidence":99.95870971679688,"Geometry":{"BoundingBox":{"Height":0.016397954896092415,"Left":0.6230189800262451,"Top":0.2053776979446411,"Width":0.03466321900486946},"Polygon":[{"X":0.6230189800262451,"Y":0.205378249287605"
14:55:34.201 [Test worker] DEBUG org.apache.http.wire - http-outgoing-0 << "29},{"X":0.6576818823814392,"Y":0.2053776979446411},{"X":0.6576821804046631,"Y":0.22177524864673615},{"X":0.6230189800262451,"Y":0.22177565097808838}]},"Id":"1db800c1-d31e-4310-9bcd-88c6c93daecd","Text":"0150","TextType":"PRINTED"},{"BlockType":"WORD","Confidence":99.85205841064453,"Geometry":{"BoundingBox":{"Height":0.019621720537543297,"Left":0.66319739818573,"Top":0.20548875629901886,"Width":0.049912985414266586},"Polygon":[{"X":0.66319739818573,"Y":0.20548954606056213},{"X":0.71310955286026,"Y":0.20548875629901886},{"X":0.7131103873252869,"Y":0.22510991990566254},{"X":0.6631978154182434,"Y":0.2251104712486267}]},"Id":"74e7a31c-9805-417c-ba37-b8cbce368437","Text":"Holiday","TextType":"PRINTED"},{"BlockType":"WORD","Confidence":99.38774108886719,"Geometry":{"BoundingBox":{"Height":0.015555487014353275,"Left":0.7157441973686218,"Top":0.20587028563022614,"Width":0.02128378115594387},"Polygon":[{"X":0.7157441973686218,"Y":0.2058706134557724},{"X":0.7370271682739258,"Y":0.20587028563022614},{"X":0.7370280027389526,"Y":0.22142551839351654},{"X":0.7157449126243591,"Y":0.22142577171325684}]},"Id":"8eb82df8-3904-4245-aef9-03baf4e1dc59","Text":"Inn","TextType":"PRINTED"},{"BlockType":"WORD","Confidence":93.08319854736328,"Geometry":{"BoundingBox":{"Height":0.019137395545840263,"Left":0.7399137020111084,"Top":0.20545919239521027,"Width":0.08072932809591293},"Polygon":[{"X":0.7399137020111084,"Y":0.20546045899391174},{"X":0.820641279220581,"Y":0.20545919239521027},{"X":0.8206430077552795,"Y":0.22459569573402405},{"X":0.7399147748947144,"Y":0.22459657490253448}]},"Id":"fa950a61-7ff0-4023-8a59-7bc7c2ab1ddf","Text":"silom(7/12-)","TextType":"PRINTED"},{"BlockType":"WORD","Confidence":99.87094116210938,"Geometry":{"BoundingBox":{"Height":0.019100043922662735,"Left":0.023074321448802948,"Top":0.22978907823562622,"Width":0.05827156454324722},"Polygon":[{"X":0.023079540580511093,"Y":0.2297896444797516},{"X":0.08134588599205017,"Y":0.22978907823562622},{"X":0.08134117722511292,"Y":0.24888883531093597},{"X":0.023074321448802948,"Y":0.24888911843299866}]},"Id":"f44d71b7-b7bb-4021-acec-902f438d389e","Text":"08Apr23","TextType":"PRINTED"},{"BlockType":"WORD","Confidence":99.94111633300781,"Geometry":{"BoundingBox":{"Height":0.016502508893609047,"Left":0.08693964779376984,"Top":0.22985722124576569,"Width":0.04295860603451729},"Polygon":[{"X":0.08694367110729218,"Y":0.2298576384782791},{"X":0.12989825010299683,"Y":0.22985722124576569},{"X":0.12989455461502075,"Y":0.24635948240756989},{"X":0.08693964779376984,"Y":0.246359720826149}]},"Id":"54e24549-dcb5-46d8-a29c-e21c281d5252","Text":"F2243","TextType":"PRINTED"},{"BlockType":"WORD","Confidence":99.93743896484375,"Geometry":{"BoundingBox":{"Height":0.016133366152644157,"Left":0.23798459768295288,"Top":0.22998245060443878,"Width":0.03478921949863434},"Polygon":[{"X":0.23798741400241852,"Y":0.22998277842998505},{"X":0.272773802280426,"Y":0.22998245060443878},{"X":0.2727712392807007,"Y":0.24611561000347137},{"X":0.23798459768295288,"Y":0.2461158186197281}]},"Id":"83c49950-8739-4d35-ac21-aab4c3d6d7e4","Text":"0045","TextType":"PRINTED"},{"BlockType":"WORD","Confidence":99.95723724365234,"Geometry":{"BoundingBox":{"Height":0.01610608957707882,"Left":0.3000558018684387,"Top":0.22992929816246033,"Width":0.0331200435757637},"Polygon":[{"X":0.30005815625190735,"Y":0.2299296110868454},{"X":0.3331758379936218,"Y":0.22992929816246033},{"X":0.3331737220287323,"Y":0.24603518843650818},{"X":0.3000558018684387,"Y":0.2460353821516037}]},"Id":"35314e5b-b2e0-4eaf-836c-5793c339abae","Text":"1020","TextType":"PRINTED"},{"BlockType":"WORD","Confidence":99.96096801757812,"Geometry":{"BoundingBox":{"Height":0.016199227422475815,"Left":0.3378745913505554,"Top":0.2300301343202591,"Width":0.03476480767130852},"Polygon":[{"X":0.33787670731544495,"Y":0.23003047704696655},{"X":0.37263941764831543,"Y":0.2300301343202591},{"X":0.3726375699043274,"Y":0.2462291717529297},{"X":0.3378745913505554,"Y":0.2462293654680252}]},"Id":"32f63c88-e7d4-4b81-9e09-ce255bb144fd","Text":"2206","TextType":"PRINTED"},{"BlockType":"WORD","Confidence":99.7766342163086,"Geometry":{"BoundingBox":{"Height":0.015935789793729782,"Left":0.42168232798576355,"Top":0.2299986481666565,"Width":0.03064529411494732},"Polygon":[{"X":0.42168378829956055,"Y":0.22999894618988037},{"X":0.4523276388645172,"Y":0.2299986481666565},{"X":0.4523264169692993,"Y":0.24593426287174225},{"X":0.42168232798576355,"Y":0.24593444168567657}]},"Id":"88bb7d4a-b3c0-40fd-9d36-0efae0461b79","Text":"BKK","TextType":"PRINTED"},{"BlockType":"WORD","Confidence":99.94656372070312,"Geometry":{"BoundingBox":{"Height":0.01643623784184456,"Left":0.5023784637451172,"Top":0.2297443151473999,"Width":0.034664496779441833},"Polygon":[{"X":0.5023793578147888,"Y":0.22974465787410736},{"X":0.5370429754257202,"Y":0.2297443151473999},{"X":0.5370423793792725,"Y":0.24618035554885864},{"X":0.5023784637451172,"Y":0.24618054926395416}]},"Id":"015b9e13-3348-49fd-979e-196c107bc668","Text":"0345","TextType":"PRINTED"},{"BlockType":"WORD","Confidence":99.41342163085938,"Geometry":{"BoundingBox":{"Height":0.016096893697977066,"Left":0.5420495271682739,"Top":0.22992201149463654,"Width":0.026774484664201736},"Polygon":[{"X":0.5420500636100769,"Y":0.22992226481437683},{"X":0.5688239932060242,"Y":0.22992201149463654},{"X":0.5688236355781555,"Y":0.24601875245571136},{"X":0.5420495271682739,"Y":0.2460189014673233}]},"Id":"0ed87b3a-35a1-49f1-99ca-f6bcbb9c155a","Text":"ICN","TextType":"PRINTED"},{"BlockType":"WORD","Confidence":99.94306945800781,"Geometry":{"BoundingBox":{"Height":0.016235999763011932,"Left":0.6230837106704712,"Top":0.22989387810230255,"Width":0.03430553153157234},"Polygon":[{"X":0.6230837106704712,"Y":0.22989420592784882},{"X":0.6573889851570129,"Y":0.22989387810230255},{"X":0.6573892831802368,"Y":0.24612967669963837},{"X":0.623083770275116,"Y":0.2461298704147339}]},"Id":"8febbb17-d609-40d8-9ff5-2b9ead0d1cee","Text":"0920","TextType":"PRINTED"},{"BlockType":"WORD","Confidence":99.89115905761719,"Geometry":{"BoundingBox":{"Height":0.016023853793740273,"Left":0.6634061932563782,"Top":0.23000948131084442,"Width":0.025161631405353546},"Polygon":[{"X":0.6634061932563782,"Y":0.23000971972942352},{"X":0.6885673403739929,"Y":0.23000948131084442},{"X":0.6885678172111511,"Y":0.2460331916809082},{"X":0.663406491279602,"Y":0.24603332579135895}]},"Id":"3e9a6cfd-31c0-45c9-ba1a-0d827270cd9a","Text":"738","TextType":"PRINTED"},{"BlockType":"WORD","Confidence":99.639892578125,"Geometry":{"BoundingBox":{"Height":0.01697213016450405,"Left":0.9643464088439941,"Top":0.22939583659172058,"Width":0.030776098370552063},"Polygon":[{"X":0.9643464088439941,"Y":0.22939613461494446},{"X":0.995119571685791,"Y":0.22939583659172058},{"X":0.995122492313385,"Y":0.24636778235435486},{"X":0.964349091053009,"Y":0.24636796116828918}]},"Id":"c1b4cf78-b0b4-40d5-8ed9-1d5f553140c7","Text":"5:35","TextType":"PRINTED"},{"BlockType":"WORD","Confidence":99.90433502197266,"Geometry":{"BoundingBox":{"Height":0.018650591373443604,"Left":0.023806294426321983,"Top":0.2542167901992798,"Width":0.05739826336503029},"Polygon":[{"X":0.02381138503551483,"Y":0.2542169988155365},{"X":0.08120455592870712,"Y":0.2542167901992798},{"X":0.08119995146989822,"Y":0.2728673815727234},{"X":0.023806294426321983,"Y":0.2728673219680786}]},"Id":"08c34fd7-d943-451e-b879-b8fa6b0158b0","Text":"09Apr23","TextType":"PRINTED"},{"BlockType":"WORD","Confidence":99.98065948486328,"Geometry":{"BoundingBox":{"Height":0.016186531633138657,"Left":0.33829349279403687,"Top":0.2541539967060089,"Width":0.030459657311439514},"Polygon":[{"X":0.3382956087589264,"Y":0.25415411591529846},{"X":0.3687531650066376,"Y":0.2541539967060089},{"X":0.36875128746032715,"Y":0.27034053206443787},{"X":0.33829349279403687,"Y":0.2703405022621155}]},"Id":"7558e7af-97f4-418e-bb3e-e444ced241e0","Text":"OFF","TextType":"PRINTED"},{"BlockType":"WORD","Confidence":99.86053466796875,"Geometry":{"BoundingBox":{"Height":0.01646440103650093,"Left":0.4"
14:55:34.206 [Test worker] DEBUG org.apache.http.wire - http-outgoing-0 << "21568363904953,"Top":0.2539232671260834,"Width":0.03438427299261093},"Polygon":[{"X":0.4215698540210724,"Y":0.2539233863353729},{"X":0.45595264434814453,"Y":0.2539232671260834},{"X":0.45595139265060425,"Y":0.2703876495361328},{"X":0.421568363904953,"Y":0.2703876495361328}]},"Id":"81fc7a99-c871-4c81-9ed4-6e1b9b020dea","Text":"GMP","TextType":"PRINTED"},{"BlockType":"WORD","Confidenc"
14:55:34.207 [Test worker] DEBUG org.apache.http.wire - http-outgoing-0 << "e":99.91360473632812,"Geometry":{"BoundingBox":{"Height":0.015789352357387543,"Left":0.5024102926254272,"Top":0.2546713650226593,"Width":0.03444625437259674},"Polygon":[{"X":0.5024111866950989,"Y":0.25467148423194885},{"X":0.5368565917015076,"Y":0.2546713650226593},{"X":0.536855936050415,"Y":0.27046072483062744},{"X":0.5024102926254272,"Y":0.27046069502830505}]},"Id":"72dd9a8e-7bb9-4859-869a-14909725786c","Text":"0000","TextType":"PRINTED"},{"BlockType":"WORD","Confidence":99.92467498779297,"Geometry":{"BoundingBox":{"Height":0.016463959589600563,"Left":0.5422503352165222,"Top":0.25394970178604126,"Width":0.0345366895198822},"Polygon":[{"X":0.54225093126297,"Y":0.2539498209953308},{"X":0.5767870545387268,"Y":0.25394970178604126},{"X":0.5767866969108582,"Y":0.27041366696357727},{"X":0.5422503352165222,"Y":0.2704136371612549}]},"Id":"8e5cc4a8-fae2-4e06-a6fe-1a65f4b597bf","Text":"GMP","TextType":"PRINTED"},{"BlockType":"WORD","Confidence":99.96759033203125,"Geometry":{"BoundingBox":{"Height":0.01661699078977108,"
14:55:34.208 [Test worker] DEBUG org.apache.http.wire - http-outgoing-0 << ""Left":0.6229615807533264,"Top":0.25406038761138916,"Width":0.03451012820005417},"Polygon":[{"X":0.6229615807533264,"Y":0.2540605068206787},{"X":0.6574714183807373,"Y":0.25406038761138916},{"X":0.6574717164039612,"Y":0.270677387714386},{"X":0.6229616403579712,"Y":0.2706773579120636}]},"Id":"fab1838f-4445-453e-99e5-2da503ee8d1c","Text":"2359","TextType":"PRINTED"},{"BlockType":"WORD","Confidence":99.90526580810547,"Geometry":{"BoundingBox":{"Height":0.018620464950799942,"Left":0.0252295583486557,"Top":0.2803462743759155,"Width":0.05618433281779289},"Polygon":[{"X":0.025234626606106758,"Y":0.2803462743759155},{"X":0.08141389489173889,"Y":0.28034645318984985},{"X":0.08140929788351059,"Y":0.29896673560142517},{"X":0.0252295583486557,"Y":0.29896631836891174}]},"Id":"41b38614-6921-4fe1-ae80-876925b3e909","Text":"10Apr23","TextType":"PRINTED"},{"BlockType":"WORD","Confidence":99.98004913330078,"Geometry":{"BoundingBox":{"Height":0.016533149406313896,"Left":0.3382079303264618,"Top":0.27995437383651733,"Width":0.0304903332144022},"Polygon":[{"X":0.3382100462913513,"Y":0.27995437383651733},{"X":0.36869823932647705,"Y":0.2799544632434845},{"X":0.36869633197784424,"Y":0.2964875102043152},{"X":0.3382079303264618,"Y":0.29648730158805847}]},"Id":"dbe19f25-38ff-4382-9471-f35061456cc7","Text":"OFF","TextType":"PRINTED"},{"BlockType":"WORD","Confidence":99.87539672851562,"Geometry":{"BoundingBox":{"Height":0.016638413071632385,"Left":0.42157623171806335,"Top":0.2799583077430725,"Width":0.034430131316185},"Polygon":[{"X":0.4215777516365051,"Y":0.2799583077430725},{"X":0.45600634813308716,"Y":0.27995842695236206},{"X":0.4560050964355469,"Y":0.2965967357158661},{"X":0.42157623171806335,"Y":0.296596497297287}]},"Id":"59746c11-d5ad-4a57-a602-093f46efd0df","Text":"GMP","TextType":"PRINTED"},{"BlockType":"WORD","Confidence":99.87992858886719,"Geometry":{"BoundingBox":{"Height":0.016557039692997932,"Left":0.5022954344749451,"Top":0.280173659324646,"Width":0.03462744504213333},"Polygon":[{"X":0.5022963881492615,"Y":0.280173659324646},{"X":0.5369229316711426,"Y":0.28017374873161316},{"X":0.53692227602005,"Y":0.2967306971549988},{"X":0.5022954344749451,"Y":0.2967304289340973}]},"Id":"e8924710-03e9-4dd5-9cbf-be871dc30725","Text":"0000","TextType":"PRINTED"},{"BlockType":"WORD","Confidence":99.92649841308594,"Geometry":{"BoundingBox":{"Height":0.01592991128563881,"Left":0.5425992608070374,"Top":0.2804056704044342,"Width":0.034239478409290314},"Polygon":[{"X":0.5425997972488403,"Y":0.2804056704044342},{"X":0.5768387317657471,"Y":0.28040575981140137},{"X":0.5768383741378784,"Y":0.2963355779647827},{"X":0.5425992608070374,"Y":0.2963353395462036}]},"Id":"f26b5df6-991a-4c72-a1d8-58a524097c66","Text":"GMP","TextType":"PRINTED"},{"BlockType":"WORD","Confidence":99.93197631835938,"Geometry":{"BoundingBox":{"Height":0.016767039895057678,"Left":0.6230080127716064,"Top":0.2799037992954254,"Width":0.03465940058231354},"Polygon":[{"X":0.6230080127716064,"Y":0.2799037992954254},{"X":0.6576671600341797,"Y":0.2799038887023926},{"X":0.6576673984527588,"Y":0.2966708242893219},{"X":0.6230080127716064,"Y":0.2966705858707428}]},"Id":"4aa15c04-e30f-490a-bd99-aea299c8a583","Text":"2359","TextType":"PRINTED"},{"BlockType":"WORD","Confidence":99.92622375488281,"Geometry":{"BoundingBox":{"Height":0.018224185332655907,"Left":0.025333402678370476,"Top":0.3049843907356262,"Width":0.05597176030278206},"Polygon":[{"X":0.025338364765048027,"Y":0.3049843907356262},{"X":0.08130516111850739,"Y":0.3049849271774292},{"X":0.08130066841840744,"Y":0.32320860028266907},{"X":0.025333402678370476,"Y":0.323207825422287}]},"Id":"913deaca-5ca3-4cc7-9e5d-9a674d5861e0","Text":"11Apr23","TextType":"PRINTED"},{"BlockType":"WORD","Confidence":99.86273956298828,"Geometry":{"BoundingBox":{"Height":0.016767527908086777,"Left":0.0867062509059906,"Top":0.30440443754196167,"Width":0.053379181772470474},"Polygon":[{"X":0.08671034127473831,"Y":0.30440443754196167},{"X":0.14008542895317078,"Y":0.30440494418144226},{"X":0.1400817483663559,"Y":0.32117196917533875},{"X":0.0867062509059906,"Y":0.32117128372192383}]},"Id":"19d1d2a9-5100-446f-bafc-92a121c63eb2","Text":"F3102A","TextType":"PRINTED"},{"BlockType":"WORD","Confidence":99.90731811523438,"Geometry":{"BoundingBox":{"Height":0.016797609627246857,"Left":0.16963675618171692,"Top":0.30435889959335327,"Width":0.04390609264373779},"Polygon":[{"X":0.16964022815227509,"Y":0.30435889959335327},{"X":0.2135428488254547,"Y":0.3043592870235443},{"X":0.213539719581604,"Y":0.32115650177001953},{"X":0.16963675618171692,"Y":0.3211559057235718}]},"Id":"52f4e148-93b4-4324-b17a-2743ee565a7f","Text":"OBCA","TextType":"PRINTED"},{"BlockType":"WORD","Confidence":99.94688415527344,"Geometry":{"BoundingBox":{"Height":0.01609860733151436,"Left":0.23793122172355652,"Top":0.3048169016838074,"Width":0.03474036976695061},"Polygon":[{"X":0.23793403804302216,"Y":0.3048169016838074},{"X":0.27267158031463623,"Y":0.30481722950935364},{"X":0.2726690173149109,"Y":0.3209155201911926},{"X":0.23793122172355652,"Y":0.3209150433540344}]},"Id":"13169d3b-fac2-4725-b15d-8d6bd1196515","Text":"0830","TextType":"PRINTED"},{"BlockType":"WORD","Confidence":99.86073303222656,"Geometry":{"BoundingBox":{"Height":0.01645572856068611,"Left":0.33819302916526794,"Top":0.30450281500816345,"Width":0.0343499481678009},"Polygon":[{"X":0.33819514513015747,"Y":0.30450281500816345},{"X":0.37254297733306885,"Y":0.30450311303138733},{"X":0.3725410997867584,"Y":0.32095855474472046},{"X":0.33819302916526794,"Y":0.32095807790756226}]},"Id":"c7b1f19a-2640-44a1-8abd-4721703a7d61","Text":"3102","TextType":"PRINTED"},{"BlockType":"WORD","Confidence":99.69252014160156,"Geometry":{"BoundingBox":{"Height":0.016062036156654358,"Left":0.4219669699668884,"Top":0.30481404066085815,"Width":0.026178615167737007},"Polygon":[{"X":0.4219684302806854,"Y":0.30481404066085815},{"X":0.4481455683708191,"Y":0.30481427907943726},{"X":0.4481443166732788,"Y":0.3208760917186737},{"X":0.4219669699668884,"Y":0.32087573409080505}]},"Id":"6e1cde2e-bc44-4bd7-a345-4a9737ad7dfb","Text":"ICN","TextType":"PRINTED"},{"BlockType":"WORD","Confidence":99.9720458984375,"Geometry":{"BoundingBox":{"Height":0.016068030148744583,"Left":0.5040469169616699,"Top":0.30484992265701294,"Width":0.03296242281794548},"Polygon":[{"X":0.5040477514266968,"Y":0.30484992265701294},{"X":0.5370092988014221,"Y":0.3048502206802368},{"X":0.5370087027549744,"Y":0.32091793417930603},{"X":0.5040469169616699,"Y":0.3209175169467926}]},"Id":"4bcd754f-f229-4bae-8b3c-33eee076ca22","Text":"1040","TextType":"PRINTED"},{"BlockType":"WORD","Confidence":99.88109588623047,"Geometry":{"BoundingBox":{"Height":0.015954863280057907,"Left":0.5422645211219788,"Top":0.3048264682292938,"Width":0.035379014909267426},"Polygon":[{"X":0.5422651171684265,"Y":0.3048264682292938},{"X":0.5776435136795044,"Y":0.3048267960548401},{"X":0.5776432156562805,"Y":0.32078132033348083},{"X":0.5422645211219788,"Y":0.32078084349632263}]},"Id":"e8601782-d635-42b3-b473-09889cd99d09","Text":"GUM","TextType":"PRINTED"},{"BlockType":"WORD","Confidence":99.9427490234375,"Geometry":{"BoundingBox":{"Height":0.015835123136639595,"Left":0.624548614025116,"Top":0.30499187111854553,"Width":0.03285268694162369},"Polygon":[{"X":0.624548614025116,"Y":0.30499187111854553},{"X":0.6574010252952576,"Y":0.3049921989440918},{"X":0.6574012637138367,"Y":0.32082700729370117},{"X":0.624548614025116,"Y":0.32082656025886536}]},"Id":"05959680-07e5-4783-8d7b-c747fef1d7c2","Text":"1505","TextType":"PRINTED"},{"BlockType":"WORD","Confidence":99.88619232177734,"Geometry":{"BoundingBox":{"Height":0.016083629801869392,"Left":0.6632075905799866,"Top":0.30479493737220764,"Width":0.025205641984939575},"Polygon":[{"X":0.6632075905799866,"Y":0.30479493737220764},{"X":0.6884127259254456,"Y":0.30479517579078674},{"X":0.6884132623672485,"Y":0.3208785653114319},{"X":0.6632078886032104,"Y":0.3208782374858856}]},"Id":"440b1994-3e7a-4fa9-9775-49b97e58ae3e","Text":"738","TextType":"PRINTED"},{"BlockT"
14:55:34.211 [Test worker] DEBUG org.apache.http.wire - http-outgoing-0 << "ype":"WORD","Confidence":99.08998107910156,"Geometry":{"BoundingBox":{"Height":0.015865541994571686,"Left":0.9639537930488586,"Top":0.30505675077438354,"Width":0.03083018586039543},"Polygon":[{"X":0.9639537930488586,"Y":0.30505675077438354},{"X":0.9947812557220459,"Y":0.3050570487976074},{"X":0.9947839975357056,"Y":0.320922315120697},{"X":0.9639562964439392,"Y":0.3209218978881836}]},"Id":"1ca1eade-d969-4cbf-b262-e6ab27947ac4","Text":"4:25","TextType":"PRINTED"},{"BlockType":"WORD","Confidence":99.73738861083984,"Geometry":{"BoundingBox":{"Height":0.0162048302590847,"Left":0.17011843621730804,"Top":0.3288820683956146,"Width":0.022292999550700188},"Polygon":[{"X":0.17012177407741547,"Y":0.3288820683956146},{"X":0.19241143763065338,"Y":0.3288824260234833},{"X":0.1924082636833191,"Y":0.3450869023799896},{"X":0.17011843621730804,"Y":0.3450864851474762}]},"Id":"61ef31ae-8e0c-476c-af53-70ee939e9c99","Text":"DH","TextType":"PRINTED"},{"BlockType":"WORD","Confidence":99.987060546875,"Geometry":{"BoundingBox":{"Height":0.01685788482427597,"Left":0.299191951751709,"Top":0.32858583331108093,"Width":0.0350659005343914},"Polygon":[{"X":0.29919442534446716,"Y":0.32858583331108093},{"X":0.3342578411102295,"Y":0.3285863697528839},{"X":0.3342556357383728,"Y":0.3454437255859375},{"X":0.299191951751709,"Y":0.3454430401325226}]},"Id":"9c7098a8-a05f-4820-936b-53b2c3ef0b18","Text":"2210","TextType":"PRINTED"},{"BlockType":"WORD","Confidence":99.84628295898438,"Geometry":{"BoundingBox":{"Height":0.016535276547074318,"Left":0.33807089924812317,"Top":0.32874029874801636,"Width":0.032839782536029816},"Polygon":[{"X":0.3380730450153351,"Y":0.32874029874801636},{"X":0.3709106743335724,"Y":0.32874077558517456},{"X":0.37090879678726196,"Y":0.34527555108070374},{"X":0.33807089924812317,"Y":0.3452749252319336}]},"Id":"cf1af687-82fc-432b-8f6f-0986e3f9b245","Text":"3101","TextType":"PRINTED"},{"BlockType":"WORD","Confidence":99.85833740234375,"Geometry":{"BoundingBox":{"Height":0.016690567135810852,"Left":0.4216839671134949,"Top":0.32862144708633423,"Width":0.035257335752248764},"Polygon":[{"X":0.42168548703193665,"Y":0.32862144708633423},{"X":0.45694130659103394,"Y":0.3286219537258148},{"X":0.45694005489349365,"Y":0.3453119993209839},{"X":0.4216839671134949,"Y":0.34531131386756897}]},"Id":"b4f5e441-c5a0-4ccf-8012-680025fa17f8","Text":"GUM","TextType":"PRINTED"},{"BlockType":"WORD","Confidence":99.85598754882812,"Geometry":{"BoundingBox":{"Height":0.016807451844215393,"Left":0.5039278864860535,"Top":0.328682005405426,"Width":0.03286898881196976},"Polygon":[{"X":0.5039287805557251,"Y":0.328682005405426},{"X":0.5367968678474426,"Y":0.32868248224258423},{"X":0.5367962718009949,"Y":0.3454894423484802},{"X":0.5039278864860535,"Y":0.3454888164997101}]},"Id":"b3623dc3-771a-4abc-8a70-89b9b2c45f74","Text":"1610","TextType":"PRINTED"},{"BlockType":"WORD","Confidence":99.75665283203125,"Geometry":{"BoundingBox":{"Height":0.016620393842458725,"Left":0.5418617725372314,"Top":0.3286791145801544,"Width":0.02710651233792305},"Polygon":[{"X":0.5418623685836792,"Y":0.3286791145801544},{"X":0.5689682364463806,"Y":0.32867953181266785},{"X":0.568967878818512,"Y":0.34529951214790344},{"X":0.5418617725372314,"Y":0.34529897570610046}]},"Id":"ef8e4c23-f33b-47b2-b150-0c55a31819b6","Text":"ICN","TextType":"PRINTED"},{"BlockType":"WORD","Confidence":99.97463989257812,"Geometry":{"BoundingBox":{"Height":0.016576770693063736,"Left":0.6232603192329407,"Top":0.32868701219558716,"Width":0.03369833156466484},"Polygon":[{"X":0.6232603192329407,"Y":0.32868701219558716},{"X":0.6569583415985107,"Y":0.32868751883506775},{"X":0.6569586396217346,"Y":0.3452637791633606},{"X":0.6232603192329407,"Y":0.34526312351226807}]},"Id":"c0a2b78d-c9b7-4597-93b9-9c9a664ab85a","Text":"2110","TextType":"PRINTED"},{"BlockType":"WORD","Confidence":99.89927673339844,"Geometry":{"BoundingBox":{"Height":0.0165418554097414,"Left":0.6633509397506714,"Top":0.32864493131637573,"Width":0.02533157728612423},"Polygon":[{"X":0.6633509397506714,"Y":0.32864493131637573},{"X":0.6886820197105408,"Y":0.3286453187465668},{"X":0.6886825561523438,"Y":0.3451867699623108},{"X":0.66335129737854,"Y":0.3451862931251526}]},"Id":"8a19f25f-fb54-417d-bcb9-f06c8695ca83","Text":"738","TextType":"PRINTED"},{"BlockType":"WORD","Confidence":99.86846160888672,"Geometry":{"BoundingBox":{"Height":0.01841351017355919,"Left":0.02506517805159092,"Top":0.3551570475101471,"Width":0.05625840649008751},"Polygon":[{"X":0.02507019229233265,"Y":0.3551570475101471},{"X":0.08132358640432358,"Y":0.355158269405365},{"X":0.08131904155015945,"Y":0.3735705614089966},{"X":0.02506517805159092,"Y":0.3735690712928772}]},"Id":"60dacdd0-0c13-471d-9a37-706327558055","Text":"12Apr23","TextType":"PRINTED"},{"BlockType":"WORD","Confidence":99.95732116699219,"Geometry":{"BoundingBox":{"Height":0.01573961228132248,"Left":0.2395244687795639,"Top":0.35543039441108704,"Width":0.03162602707743645},"Polygon":[{"X":0.23952721059322357,"Y":0.35543039441108704},{"X":0.27115049958229065,"Y":0.35543107986450195},{"X":0.2711479663848877,"Y":0.3711700141429901},{"X":0.2395244687795639,"Y":0.37116917967796326}]},"Id":"17532e21-d36a-42b3-af38-d9d27ab3d0fe","Text":"1201","TextType":"PRINTED"},{"BlockType":"WORD","Confidence":99.98666381835938,"Geometry":{"BoundingBox":{"Height":0.0164809450507164,"Left":0.2993342876434326,"Top":0.3549153506755829,"Width":0.03475392982363701},"Polygon":[{"X":0.299336701631546,"Y":0.3549153506755829},{"X":0.3340882360935211,"Y":0.3549160957336426},{"X":0.3340860605239868,"Y":0.3713962733745575},{"X":0.2993342876434326,"Y":0.37139537930488586}]},"Id":"50d0efbb-c6a8-48b0-90dc-95668a731a08","Text":"2200","TextType":"PRINTED"},{"BlockType":"WORD","Confidence":99.87611389160156,"Geometry":{"BoundingBox":{"Height":0.01671842858195305,"Left":0.33827900886535645,"Top":0.35480085015296936,"Width":0.02776811271905899},"Polygon":[{"X":0.33828118443489075,"Y":0.35480085015296936},{"X":0.36604711413383484,"Y":0.3548014461994171},{"X":0.36604517698287964,"Y":0.3715192675590515},{"X":0.33827900886535645,"Y":0.3715185523033142}]},"Id":"a568f6b3-5a1c-4083-8a98-b2af4ab1d646","Text":"SB1","TextType":"PRINTED"},{"BlockType":"WORD","Confidence":99.91012573242188,"Geometry":{"BoundingBox":{"Height":0.016028594225645065,"Left":0.42168667912483215,"Top":0.3551810383796692,"Width":0.03406476601958275},"Polygon":[{"X":0.42168813943862915,"Y":0.3551810383796692},{"X":0.4557514488697052,"Y":0.3551817834377289},{"X":0.4557502269744873,"Y":0.37120965123176575},{"X":0.42168667912483215,"Y":0.3712087571620941}]},"Id":"86fba6a3-bc0e-493a-a599-6734047d8d9f","Text":"GMP","TextType":"PRINTED"},{"BlockType":"WORD","Confidence":99.95125579833984,"Geometry":{"BoundingBox":{"Height":0.016189033165574074,"Left":0.5038116574287415,"Top":0.3551478087902069,"Width":0.03196534886956215},"Polygon":[{"X":0.5038125514984131,"Y":0.3551478087902069},{"X":0.5357770323753357,"Y":0.3551485240459442},{"X":0.5357763767242432,"Y":0.37133684754371643},{"X":0.5038116574287415,"Y":0.3713360130786896}]},"Id":"116a1e05-da17-44dc-9f78-65a20ba798d9","Text":"1201","TextType":"PRINTED"},{"BlockType":"WORD","Confidence":99.93013763427734,"Geometry":{"BoundingBox":{"Height":0.016177533194422722,"Left":0.5424584150314331,"Top":0.35508134961128235,"Width":0.034267690032720566},"Polygon":[{"X":0.5424589514732361,"Y":0.35508134961128235},{"X":0.5767260789871216,"Y":0.35508212447166443},{"X":0.5767257809638977,"Y":0.3712588846683502},{"X":0.5424584150314331,"Y":0.371258020401001}]},"Id":"605a94a4-9605-43be-8d7c-4b0d942632b1","Text":"GMP","TextType":"PRINTED"},{"BlockType":"WORD","Confidence":99.98699188232422,"Geometry":{"BoundingBox":{"Height":0.016623355448246002,"Left":0.6231808662414551,"Top":0.3547464609146118,"Width":0.034452833235263824},"Polygon":[{"X":0.6231808662414551,"Y":0.3547464609146118},{"X":0.6576334238052368,"Y":0.3547472059726715},{"X":0.6576336622238159,"Y":0.3713698089122772},{"X":0.6231808662414551,"Y":0.3713689148426056}]},"Id":"67b07d"
14:55:34.214 [Test worker] DEBUG org.apache.http.wire - http-outgoing-0 << "a5-8ea9-407f-9c81-a67c44797c09","Text":"2200","TextType":"PRINTED"},{"BlockType":"WORD","Confidence":99.912841796875,"Geometry":{"BoundingBox":{"Height":0.018251826986670494,"Left":0.02516842633485794,"Top":0.3796736001968384,"Width":0.05601842701435089},"Polygon":[{"X":0.02517339587211609,"Y":0.3796736001968384},{"X":0.08118685334920883,"Y":0.3796751797199249},{"X":0.0811823531985"
14:55:34.214 [Test worker] DEBUG org.apache.http.wire - http-outgoing-0 << "2829,"Y":0.3979254364967346},{"X":0.02516842633485794,"Y":0.3979235887527466}]},"Id":"6c3b26da-d1a5-4168-a565-519dcdd66667","Text":"13Apr23","TextType":"PRINTED"},{"BlockType":"WORD","Confidence":99.94015502929688,"Geometry":{"BoundingBox":{"Height":0.016104387119412422,"Left":0.2380678951740265,"Top":0.3795635998249054,"Width":0.03465729579329491},"Polygon":[{"X":0.23807072639465332,"Y":0.3795635998249054},{"X":0.2727251946926117,"Y":0.3795645833015442},{"X":0.27272263169288635,"Y":0.39566799998283386},{"X":0.2380678951740265,"Y":0.3956668972969055}]},"Id":"45225c96-b069-4ef5-a0a0-371868e2be2b","Text":"0900","TextType":"PRINTED"},{"BlockType":"WORD","Confidence":99.98026275634766,"Geometry":{"BoundingBox":{"Height":0.016279248520731926,"Left":0.2998323440551758,"Top":0.37945473194122314,"Width":0.033656101673841476},"Polygon":[{"X":0.2998347282409668,"Y":0.37945473194122314},{"X":0.33348843455314636,"Y":0.37945565581321716},{"X":0.33348631858825684,"Y":0.3957339823246002},{"X":0.2998323440551758,"Y":0.395732"
14:55:34.216 [Test worker] DEBUG org.apache.http.wire - http-outgoing-0 << "90944099426}]},"Id":"b10fbdb5-79ba-4c99-8ddc-c7f3012c380b","Text":"1800","TextType":"PRINTED"},{"BlockType":"WORD","Confidence":99.81365966796875,"Geometry":{"BoundingBox":{"Height":0.016347603872418404,"Left":0.3381097614765167,"Top":0.37921443581581116,"Width":0.030895983800292015},"Polygon":[{"X":0.33811187744140625,"Y":0.37921443581581116},{"X":0.3690057396888733,"Y":0.3792153000831604},{"X":0.36900386214256287,"Y":0.3955620527267456},{"X":0.3381097614765167,"Y":0.3955610394477844}]},"Id":"55d1bcd4-e37d-4e49-a325-a42dd6b98676","Text":"TBA","TextType":"PRINTED"},{"BlockType":"WORD","Confidence":99.93781280517578,"Geometry":{"BoundingBox":{"Height":0.016218623146414757,"Left":0.42161113023757935,"Top":0.3792714774608612,"Width":0.0345795564353466},"Polygon":[{"X":0.42161262035369873,"Y":0.3792714774608612},{"X":0.45619067549705505,"Y":0.3792724609375},{"X":0.45618948340415955,"Y":0.3954901099205017},{"X":0.42161113023757935,"Y":0.39548900723457336}]},"Id":"076ac456-aec7-49c5-8a75-3cbf25eff4f5","Text":"GMP","TextType":"PRINTED"},{"BlockType":"WORD","Confidence":99.89696502685547,"Geometry":{"BoundingBox":{"Height":0.01630382426083088,"Left":0.5023748874664307,"Top":0.3793553411960602,"Width":0.03462299332022667},"Polygon":[{"X":0.5023757815361023,"Y":0.3793553411960602},{"X":0.5369978547096252,"Y":0.379356324672699},{"X":0.5369972586631775,"Y":0.3956591784954071},{"X":0.5023748874664307,"Y":0.39565807580947876}]},"Id":"0f3c3496-d77b-4d21-b8d4-4833504eb4f3","Text":"0900","TextType":"PRINTED"},{"BlockType":"WORD","Confidence":99.93912506103516,"Geometry":{"BoundingBox":{"Height":0.015976304188370705,"Left":0.5424826741218567,"Top":0.3793506622314453,"Width":0.03446570038795471},"Polygon":[{"X":0.5424832105636597,"Y":0.3793506622314453},{"X":0.576948344707489,"Y":0.3793516159057617},{"X":0.5769480466842651,"Y":0.39532697200775146},{"X":0.5424826741218567,"Y":0.3953258693218231}]},"Id":"6d9d6777-7d05-4821-9010-90d1c3493499","Text":"GMP","TextType":"PRINTED"},{"BlockType":"WORD","Confidence":99.97520446777344,"Geometry":{"BoundingBox":{"Height":0.015714170411229134,"Left":0.6247313022613525,"Top":0.37967488169670105,"Width":0.03281170874834061},"Polygon":[{"X":0.6247313022613525,"Y":0.37967488169670105},{"X":0.6575427651405334,"Y":0.37967580556869507},{"X":0.6575430035591125,"Y":0.3953890800476074},{"X":0.6247313618659973,"Y":0.39538800716400146}]},"Id":"a23bc8fc-7091-4a0d-8d02-bd6c3ba86789","Text":"1800","TextType":"PRINTED"},{"BlockType":"WORD","Confidence":99.86469268798828,"Geometry":{"BoundingBox":{"Height":0.01814001426100731,"Left":0.0253243800252676,"Top":0.4039258360862732,"Width":0.05572224035859108},"Polygon":[{"X":0.025329317897558212,"Y":0.4039258360862732},{"X":0.08104661852121353,"Y":0.403927743434906},{"X":0.08104214817285538,"Y":0.4220658540725708},{"X":0.0253243800252676,"Y":0.4220636785030365}]},"Id":"455312cb-5b4b-4eff-b8d1-844a53d93fb4","Text":"14Apr23","TextType":"PRINTED"},{"BlockType":"WORD","Confidence":99.98326873779297,"Geometry":{"BoundingBox":{"Height":0.01616091839969158,"Left":0.3382357954978943,"Top":0.4037521183490753,"Width":0.030387289822101593},"Polygon":[{"X":0.3382378816604614,"Y":0.4037521183490753},{"X":0.3686230778694153,"Y":0.4037531614303589},{"X":0.36862123012542725,"Y":0.41991302371025085},{"X":0.3382357954978943,"Y":0.41991186141967773}]},"Id":"7303b04a-2764-4b0e-87b4-81d863ca2062","Text":"OFF","TextType":"PRINTED"},{"BlockType":"WORD","Confidence":99.88584899902344,"Geometry":{"BoundingBox":{"Height":0.016577014699578285,"Left":0.4214863181114197,"Top":0.4034399390220642,"Width":0.034574344754219055},"Polygon":[{"X":0.42148783802986145,"Y":0.4034399390220642},{"X":0.4560606777667999,"Y":0.40344110131263733},{"X":0.45605942606925964,"Y":0.42001694440841675},{"X":0.4214863181114197,"Y":0.4200156331062317}]},"Id":"66356a80-3312-4a5d-89d2-13ebc317db58","Text":"GMP","TextType":"PRINTED"},{"BlockType":"WORD","Confidence":99.87153625488281,"Geometry":{"BoundingBox":{"Height":0.01625088043510914,"Left":0.5023457407951355,"Top":0.40397754311561584,"Width":0.03457241132855415},"Polygon":[{"X":0.5023466348648071,"Y":0.40397754311561584},{"X":0.5369181632995605,"Y":0.40397870540618896},{"X":0.5369175672531128,"Y":0.42022842168807983},{"X":0.5023457407951355,"Y":0.4202271103858948}]},"Id":"d7b8ba35-97b3-4624-87bd-1e5557998626","Text":"0000","TextType":"PRINTED"},{"BlockType":"WORD","Confidence":99.93630981445312,"Geometry":{"BoundingBox":{"Height":0.016733769327402115,"Left":0.5422667264938354,"Top":0.40328675508499146,"Width":0.03450224548578262},"Polygon":[{"X":0.5422673225402832,"Y":0.40328675508499146},{"X":0.5767689943313599,"Y":0.4032879173755646},{"X":0.5767686367034912,"Y":0.42002052068710327},{"X":0.5422667264938354,"Y":0.4200192093849182}]},"Id":"6029cfcc-9ffb-41de-90f3-db5603b7164e","Text":"GMP","TextType":"PRINTED"},{"BlockType":"WORD","Confidence":99.96324157714844,"Geometry":{"BoundingBox":{"Height":0.016774842515587807,"Left":0.6230064630508423,"Top":0.4035700261592865,"Width":0.03458792716264725},"Polygon":[{"X":0.6230064630508423,"Y":0.4035700261592865},{"X":0.6575941443443298,"Y":0.403571218252182},{"X":0.6575943827629089,"Y":0.42034488916397095},{"X":0.6230065226554871,"Y":0.4203435480594635}]},"Id":"ed49c488-a82f-481a-8f33-eb6e64fd9859","Text":"2359","TextType":"PRINTED"},{"BlockType":"WORD","Confidence":99.86003875732422,"Geometry":{"BoundingBox":{"Height":0.018678253516554832,"Left":0.025378821417689323,"Top":0.4298095107078552,"Width":0.0557723306119442},"Polygon":[{"X":0.025383904576301575,"Y":0.4298095107078552},{"X":0.08115115016698837,"Y":0.4298117756843567},{"X":0.08114654570817947,"Y":0.4484877586364746},{"X":0.025378821417689323,"Y":0.44848522543907166}]},"Id":"c8ff0d88-cd05-40db-9a25-8293afe3f99e","Text":"15Apr23","TextType":"PRINTED"},{"BlockType":"WORD","Confidence":99.82919311523438,"Geometry":{"BoundingBox":{"Height":0.016823310405015945,"Left":0.08669015020132065,"Top":0.4295315444469452,"Width":0.04328158497810364},"Polygon":[{"X":0.08669426292181015,"Y":0.4295315444469452},{"X":0.12997174263000488,"Y":0.42953330278396606},{"X":0.12996795773506165,"Y":0.44635486602783203},{"X":0.08669015020132065,"Y":0.44635292887687683}]},"Id":"05dce8c6-96c2-446b-8d96-36b492841895","Text":"F2653","TextType":"PRINTED"},{"BlockType":"WORD","Confidence":99.57124328613281,"Geometry":{"BoundingBox":{"Height":0.016313234344124794,"Left":0.16982489824295044,"Top":0.4297613501548767,"Width":0.022740265354514122},"Polygon":[{"X":0.16982825100421906,"Y":0.4297613501548767},{"X":0.1925651580095291,"Y":0.4297622740268707},{"X":0.19256196916103363,"Y":0.44607457518577576},{"X":0.16982489824295044,"Y":0.4460735619068146}]},"Id":"8fbd3f35-6fb7-434a-b16b-6345013a16d0","Text":"DH","TextType":"PRINTED"},{"BlockType":"WORD","Confidence":99.90380859375,"Geometry":{"BoundingBox":{"Height":0.01604948192834854,"Left":0.23816536366939545,"Top":0.43020567297935486,"Width":0.034639377146959305},"Polygon":[{"X":0.23816817998886108,"Y":0.43020567297935486},{"X":0.27280473709106445,"Y":0.43020710349082947},{"X":0.2728022038936615,"Y":0.4462551772594452},{"X":0.23816536366939545,"Y":0.44625362753868103}]},"Id":"6416c5f6-2f57-484c-93bb-71496c184717","Text":"0655","TextType":"PRINTED"},{"BlockType":"WORD","Confidence":99.94977569580078,"Geometry":{"BoundingBox":{"Height":0.01636424846947193,"Left":0.3377024531364441,"Top":0.4297163784503937,"Width":0.027303235605359077},"Polygon":[{"X":0.3377045691013336,"Y":0.4297163784503937},{"X":0.3650056719779968,"Y":0.429717481136322},{"X":0.365003764629364,"Y":0.44608062505722046},{"X":0.3377024531364441,"Y":0.44607940316200256}]},"Id":"588d76f6-900c-4229-a3ee-c1d181ce54cf","Text":"AIR","TextType":"PRINTED"},{"BlockType":"WORD","Confidence":99.76385498046875,"Geometry":{"BoundingBox":{"Height":0.0162954144179821,"Left":0.42157959938049316,"Top":0.4298505485057831,"Width":0.034327805042266846},"Polygon":[{"X":0.42158105969429016,"Y":0.4298505485057831},{"X":0.45590740442276,"Y":0.4298519492"
14:55:34.219 [Test worker] DEBUG org.apache.http.wire - http-outgoing-0 << "149353},{"X":0.4559061527252197,"Y":0.4461459815502167},{"X":0.42157959938049316,"Y":0.4461444318294525}]},"Id":"67f08eaf-0217-4e5e-92dd-f5bc87c15999","Text":"GMP","TextType":"PRINTED"},{"BlockType":"WORD","Confidence":99.87181854248047,"Geometry":{"BoundingBox":{"Height":0.016454128548502922,"Left":0.5023838877677917,"Top":0.4298952519893646,"Width":0.03450140357017517},"Polygon":[{"X":0.5023847818374634,"Y":0.4298952519893646},{"X":0.5368852615356445,"Y":0.42989665269851685},{"X":0.5368846654891968,"Y":0.4463493824005127},{"X":0.5023838877677917,"Y":0.44634783267974854}]},"Id":"9a629967-b428-4d95-8633-8a2451f032dc","Text":"0805","TextType":"PRINTED"},{"BlockType":"WORD","Confidence":99.74935913085938,"Geometry":{"BoundingBox":{"Height":0.016516070812940598,"Left":0.5422915816307068,"Top":0.429617315530777,"Width":0.0313129685819149},"Polygon":[{"X":0.5422921776771545,"Y":0.429617315530777},{"X":0.5736045837402344,"Y":0.42961859703063965},{"X":0.5736042261123657,"Y":0.44613340497016907},{"X":0.5422915816307068,"Y":0.44613200426101685}]},"Id":"fdaa7284-a32e-4315-a216-854d9c1f54b2","Text":"PUS","TextType":"PRINTED"},{"BlockType":"WORD","Confidence":99.8985824584961,"Geometry":{"BoundingBox":{"Height":0.016943933442234993,"Left":0.6229855418205261,"Top":0.42954009771347046,"Width":0.03460216894745827},"Polygon":[{"X":0.6229855418205261,"Y":0.42954009771347046},{"X":0.6575874090194702,"Y":0.4295414984226227},{"X":0.6575877070426941,"Y":0.4464840292930603},{"X":0.6229855418205261,"Y":0.44648247957229614}]},"Id":"76ea7b49-88c7-40ee-9dad-157c378ce36f","Text":"0910","TextType":"PRINTED"},{"BlockType":"WORD","Confidence":99.95285034179688,"Geometry":{"BoundingBox":{"Height":0.016308991238474846,"Left":0.33944806456565857,"Top":0.4541114568710327,"Width":0.033170364797115326},"Polygon":[{"X":0.3394501507282257,"Y":0.4541114568710327},{"X":0.3726184368133545,"Y":0.4541130065917969},{"X":0.37261658906936646,"Y":0.4704204499721527},{"X":0.33944806456565857,"Y":0.4704187512397766}]},"Id":"fd05287d-2bc4-475d-b778-9d7f7f64ac8b","Text":"1154","TextType":"PRINTED"},{"BlockType":"WORD","Confidence":99.70645141601562,"Geometry":{"BoundingBox":{"Height":0.01663156785070896,"Left":0.42170897126197815,"Top":0.4537295997142792,"Width":0.031176114454865456},"Polygon":[{"X":0.4217104911804199,"Y":0.4537295997142792},{"X":0.45288509130477905,"Y":0.45373106002807617},{"X":0.4528838098049164,"Y":0.4703611731529236},{"X":0.42170897126197815,"Y":0.47035959362983704}]},"Id":"a56c318c-a4dc-4b87-811d-2425b5165e2b","Text":"PUS","TextType":"PRINTED"},{"BlockType":"WORD","Confidence":99.96465301513672,"Geometry":{"BoundingBox":{"Height":0.016304682940244675,"Left":0.5044110417366028,"Top":0.4542517364025116,"Width":0.032280076295137405},"Polygon":[{"X":0.5044118762016296,"Y":0.4542517364025116},{"X":0.5366910696029663,"Y":0.454253226518631},{"X":0.5366904735565186,"Y":0.4705564081668854},{"X":0.5044110417366028,"Y":0.47055476903915405}]},"Id":"6193fe24-7668-4867-b464-0d2b7d7df919","Text":"1100","TextType":"PRINTED"},{"BlockType":"WORD","Confidence":99.85169219970703,"Geometry":{"BoundingBox":{"Height":0.016580969095230103,"Left":0.5424260497093201,"Top":0.4537213444709778,"Width":0.031033756211400032},"Polygon":[{"X":0.5424266457557678,"Y":0.4537213444709778},{"X":0.573459804058075,"Y":0.4537228047847748},{"X":0.5734594464302063,"Y":0.4703023135662079},{"X":0.5424260497093201,"Y":0.47030073404312134}]},"Id":"bd4b27d1-d693-4edd-9d7d-eec284d29491","Text":"NRT","TextType":"PRINTED"},{"BlockType":"WORD","Confidence":99.9698257446289,"Geometry":{"BoundingBox":{"Height":0.01630975678563118,"Left":0.6244686245918274,"Top":0.4540618360042572,"Width":0.032522618770599365},"Polygon":[{"X":0.6244686245918274,"Y":0.4540618360042572},{"X":0.6569909453392029,"Y":0.454063355922699},{"X":0.6569912433624268,"Y":0.4703716039657593},{"X":0.6244686245918274,"Y":0.47036993503570557}]},"Id":"f64117de-1caf-474b-b759-3de2d7204dea","Text":"1300","TextType":"PRINTED"},{"BlockType":"WORD","Confidence":99.87178039550781,"Geometry":{"BoundingBox":{"Height":0.016651663929224014,"Left":0.6631568670272827,"Top":0.4539385437965393,"Width":0.025340180844068527},"Polygon":[{"X":0.6631568670272827,"Y":0.4539385437965393},{"X":0.6884965300559998,"Y":0.4539397060871124},{"X":0.688497006893158,"Y":0.470590204000473},{"X":0.6631571650505066,"Y":0.47058892250061035}]},"Id":"c545cc93-875e-41fc-ba2f-800ec9506b2d","Text":"738","TextType":"PRINTED"},{"BlockType":"WORD","Confidence":99.0732650756836,"Geometry":{"BoundingBox":{"Height":0.016806580126285553,"Left":0.9640021324157715,"Top":0.45384910702705383,"Width":0.030537035316228867},"Polygon":[{"X":0.9640021324157715,"Y":0.45384910702705383},{"X":0.994536280632019,"Y":0.45385050773620605},{"X":0.994539201259613,"Y":0.4706556797027588},{"X":0.9640047550201416,"Y":0.47065412998199463}]},"Id":"1e744097-6886-4bd5-86bc-b1cc2b34cc58","Text":"2:00","TextType":"PRINTED"},{"BlockType":"WORD","Confidence":99.82927703857422,"Geometry":{"BoundingBox":{"Height":0.017299078404903412,"Left":0.08663971722126007,"Top":0.4777534306049347,"Width":0.04342057555913925},"Polygon":[{"X":0.08664394170045853,"Y":0.4777534306049347},{"X":0.13006028532981873,"Y":0.47775572538375854},{"X":0.13005641102790833,"Y":0.4950525164604187},{"X":0.08663971722126007,"Y":0.4950500428676605}]},"Id":"fd5f2765-4677-45a3-8353-e99f68d95876","Text":"F2653","TextType":"PRINTED"},{"BlockType":"WORD","Confidence":99.82160186767578,"Geometry":{"BoundingBox":{"Height":0.017040695995092392,"Left":0.3002830743789673,"Top":0.4781838059425354,"Width":0.03360707685351372},"Polygon":[{"X":0.30028557777404785,"Y":0.4781838059425354},{"X":0.3338901698589325,"Y":0.47818559408187866},{"X":0.3338879346847534,"Y":0.4952245056629181},{"X":0.3002830743789673,"Y":0.4952225983142853}]},"Id":"6931ad86-a54d-4097-a48a-29e62d51250c","Text":"1655","TextType":"PRINTED"},{"BlockType":"WORD","Confidence":99.91051483154297,"Geometry":{"BoundingBox":{"Height":0.01705132983624935,"Left":0.3385286033153534,"Top":0.4782807528972626,"Width":0.03375094011425972},"Polygon":[{"X":0.3385307788848877,"Y":0.4782807528972626},{"X":0.3722795248031616,"Y":0.47828254103660583},{"X":0.3722775876522064,"Y":0.49533209204673767},{"X":0.3385286033153534,"Y":0.49533015489578247}]},"Id":"6c58d064-1bfc-4aa2-95d9-b8a0f3bb0243","Text":"1153","TextType":"PRINTED"},{"BlockType":"WORD","Confidence":99.91511535644531,"Geometry":{"BoundingBox":{"Height":0.01659652218222618,"Left":0.4213531017303467,"Top":0.4778144061565399,"Width":0.031311336904764175},"Polygon":[{"X":0.42135462164878845,"Y":0.4778144061565399},{"X":0.45266443490982056,"Y":0.47781607508659363},{"X":0.4526631534099579,"Y":0.4944109320640564},{"X":0.4213531017303467,"Y":0.49440914392471313}]},"Id":"cc39410a-ac16-4305-9c88-077a47aed228","Text":"NRT","TextType":"PRINTED"},{"BlockType":"WORD","Confidence":99.97400665283203,"Geometry":{"BoundingBox":{"Height":0.016497526317834854,"Left":0.5041358470916748,"Top":0.47840943932533264,"Width":0.032516468316316605},"Polygon":[{"X":0.5041367411613464,"Y":0.47840943932533264},{"X":0.5366523265838623,"Y":0.47841116786003113},{"X":0.5366516709327698,"Y":0.4949069619178772},{"X":0.5041358470916748,"Y":0.49490511417388916}]},"Id":"cd69958f-9db8-4683-ae0e-76e5302e5325","Text":"1400","TextType":"PRINTED"},{"BlockType":"WORD","Confidence":99.76766204833984,"Geometry":{"BoundingBox":{"Height":0.016814783215522766,"Left":0.542357861995697,"Top":0.47787708044052124,"Width":0.031065721064805984},"Polygon":[{"X":0.5423584580421448,"Y":0.47787708044052124},{"X":0.5734235644340515,"Y":0.47787871956825256},{"X":0.5734232068061829,"Y":0.4946918785572052},{"X":0.542357861995697,"Y":0.49469009041786194}]},"Id":"6e4f7df1-0475-4326-ad2c-30969ef13c56","Text":"PUS","TextType":"PRINTED"},{"BlockType":"WORD","Confidence":99.89695739746094,"Geometry":{"BoundingBox":{"Height":0.01707393489778042,"Left":0.6243001222610474,"Top":0.4781583845615387,"Width":0.0328173004090786},"Polygon":[{"X":0.624300122"
14:55:34.221 [Test worker] DEBUG org.apache.http.wire - http-outgoing-0 << "2610474,"Y":0.4781583845615387},{"X":0.6571171283721924,"Y":0.4781601130962372},{"X":0.6571174263954163,"Y":0.49523231387138367},{"X":0.6243001818656921,"Y":0.49523046612739563}]},"Id":"5532f37c-c91e-4a4d-91b4-321db47c93b4","Text":"1635","TextType":"PRINTED"},{"BlockType":"WORD","Confidence":99.89488220214844,"Geometry":{"BoundingBox":{"Height":0.0170131903141737,"Left":0.663047671"
14:55:34.222 [Test worker] DEBUG org.apache.http.wire - http-outgoing-0 << "3180542,"Top":0.47796717286109924,"Width":0.025745561346411705},"Polygon":[{"X":0.6630476713180542,"Y":0.47796717286109924},{"X":0.6887927055358887,"Y":0.4779685139656067},{"X":0.6887932419776917,"Y":0.4949803352355957},{"X":0.6630480289459229,"Y":0.4949788749217987}]},"Id":"16e71e30-9e2b-455e-a564-874195def51a","Text":"738","TextType":"PRINTED"},{"BlockType":"WORD","Confidence":99.59954833984375,"Geometry":{"BoundingBox":{"Height":0.016471533104777336,"Left":0.9641438722610474,"Top":0.4782561659812927,"Width":0.03043563850224018},"Polygon":[{"X":0.9641438722610474,"Y":0.4782561659812927},{"X":0.9945766925811768,"Y":0.47825777530670166},{"X":0.994579553604126,"Y":0.4947277009487152},{"X":0.9641464948654175,"Y":0.49472594261169434}]},"Id":"d4fa43da-fbef-4b5d-866a-885cfabdccdf","Text":"2:35","TextType":"PRINTED"},{"BlockType":"WORD","Confidence":99.84293365478516,"Geometry":{"BoundingBox":{"Height":0.016753390431404114,"Left":0.33809784054756165,"Top":0.5041083097457886,"Width":0.050718266516923904},"Polygon":["
14:55:34.224 [Test worker] DEBUG org.apache.http.wire - http-outgoing-0 << "{"X":0.33810001611709595,"Y":0.5041083097457886},{"X":0.38881611824035645,"Y":0.5041112899780273},{"X":0.3888143301010132,"Y":0.5208616852760315},{"X":0.33809784054756165,"Y":0.5208584666252136}]},"Id":"4a874188-8d3f-44d4-b9ec-babe6847a4c7","Text":"LAYOV","TextType":"PRINTED"},{"BlockType":"WORD","Confidence":99.71543884277344,"Geometry":{"BoundingBox":{"Height":0.016717009246349335,"Left":0.42172256112098694,"Top":0.503868818283081,"Width":0.03130514547228813},"Polygon":[{"X":0.4217240810394287,"Y":0.503868818283081},{"X":0.45302772521972656,"Y":0.5038706660270691},{"X":0.4530264437198639,"Y":0.5205857753753662},{"X":0.42172256112098694,"Y":0.5205838084220886}]},"Id":"7d8497a9-1459-4222-bd36-c2e2d527fbc7","Text":"PUS","TextType":"PRINTED"},{"BlockType":"WORD","Confidence":99.94099426269531,"Geometry":{"BoundingBox":{"Height":0.01600145734846592,"Left":0.5038763284683228,"Top":0.5050095319747925,"Width":0.03274308890104294},"Polygon":[{"X":0.5038772225379944,"Y":0.5050095319747925},{"X":0.5366194248199463,"Y":0.5050114989280701},{"X":0.5366188287734985,"Y":0.5210109949111938},{"X":0.5038763284683228,"Y":0.5210089087486267}]},"Id":"e6950cd0-d39e-4d7a-b893-0d9be804a5a1","Text":"1745","TextType":"PRINTED"},{"BlockType":"WORD","Confidence":99.79207611083984,"Geometry":{"BoundingBox":{"Height":0.016814716160297394,"Left":0.5427239537239075,"Top":0.5037888884544373,"Width":0.03087044507265091},"Polygon":[{"X":0.5427245497703552,"Y":0.5037888884544373},{"X":0.5735943913459778,"Y":0.5037907361984253},{"X":0.5735940337181091,"Y":0.5206036567687988},{"X":0.5427239537239075,"Y":0.5206016898155212}]},"Id":"ce6dd6e4-6a97-4914-85b0-79a078ca7702","Text":"PUS","TextType":"PRINTED"},{"BlockType":"WORD","Confidence":99.9327621459961,"Geometry":{"BoundingBox":{"Height":0.01615724340081215,"Left":0.6245971322059631,"Top":0.5048941373825073,"Width":0.032748643308877945},"Polygon":[{"X":0.6245971322059631,"Y":0.5048941373825073},{"X":0.6573454737663269,"Y":0.5048960447311401},{"X":0.6573457717895508,"Y":0.5210513472557068},{"X":0.6245971322059631,"Y":0.5210492610931396}]},"Id":"d2fdb89f-3a8f-44fd-9bc3-7085bde11198","Text":"1945","TextType":"PRINTED"},{"BlockType":"WORD","Confidence":99.11540985107422,"Geometry":{"BoundingBox":{"Height":0.01717357710003853,"Left":0.6630883812904358,"Top":0.5038915872573853,"Width":0.025680160149931908},"Polygon":[{"X":0.6630883812904358,"Y":0.5038915872573853},{"X":0.6887680292129517,"Y":0.5038931369781494},{"X":0.6887685656547546,"Y":0.5210651755332947},{"X":0.6630887389183044,"Y":0.5210635662078857}]},"Id":"6f58233b-a4a1-464a-ac87-1e9530760b33","Text":"???","TextType":"PRINTED"},{"BlockType":"WORD","Confidence":95.55364227294922,"Geometry":{"BoundingBox":{"Height":0.01701257936656475,"Left":0.6912454962730408,"Top":0.5044360160827637,"Width":0.017648540437221527},"Polygon":[{"X":0.6912454962730408,"Y":0.5044360160827637},{"X":0.708893358707428,"Y":0.5044370293617249},{"X":0.7088940143585205,"Y":0.5214486122131348},{"X":0.6912460327148438,"Y":0.521447479724884}]},"Id":"40a6e3c3-9007-4336-873d-89c84de0f5e8","Text":"??","TextType":"PRINTED"},{"BlockType":"WORD","Confidence":99.8873062133789,"Geometry":{"BoundingBox":{"Height":0.01843215338885784,"Left":0.02556280605494976,"Top":0.5287005305290222,"Width":0.05587230622768402},"Polygon":[{"X":0.02556782029569149,"Y":0.5287005305290222},{"X":0.08143511414527893,"Y":0.5287041664123535},{"X":0.08143056929111481,"Y":0.547132670879364},{"X":0.02556280605494976,"Y":0.5471287369728088}]},"Id":"8cf279ac-0bbf-4919-901e-2f69264988b6","Text":"16Apr23","TextType":"PRINTED"},{"BlockType":"WORD","Confidence":99.85900115966797,"Geometry":{"BoundingBox":{"Height":0.017530523240566254,"Left":0.08673208206892014,"Top":0.5281989574432373,"Width":0.04335591197013855},"Polygon":[{"X":0.08673636615276337,"Y":0.5281989574432373},{"X":0.13008800148963928,"Y":0.5282018184661865},{"X":0.1300840675830841,"Y":0.5457295179367065},{"X":0.08673208206892014,"Y":0.545726478099823}]},"Id":"617f4839-8d3b-4339-86d8-dbc12b0f3bb2","Text":"F2653","TextType":"PRINTED"},{"BlockType":"WORD","Confidence":99.97769927978516,"Geometry":{"BoundingBox":{"Height":0.016061970964074135,"Left":0.23837822675704956,"Top":0.5291211009025574,"Width":0.03424832969903946},"Polygon":[{"X":0.238381028175354,"Y":0.5291211009025574},{"X":0.2726265490055084,"Y":0.5291233658790588},{"X":0.2726239860057831,"Y":0.5451831221580505},{"X":0.23837822675704956,"Y":0.5451807379722595}]},"Id":"01279a18-b071-4ce8-8258-8c30e6804a92","Text":"2035","TextType":"PRINTED"},{"BlockType":"WORD","Confidence":99.89815521240234,"Geometry":{"BoundingBox":{"Height":0.016648415476083755,"Left":0.3381218910217285,"Top":0.5287125706672668,"Width":0.03455095738172531},"Polygon":[{"X":0.33812403678894043,"Y":0.5287125706672668},{"X":0.3726728558540344,"Y":0.5287148356437683},{"X":0.372670978307724,"Y":0.5453609824180603},{"X":0.3381218910217285,"Y":0.5453585386276245}]},"Id":"bd4ba4b9-94fd-44d8-bff8-f8010299eb5f","Text":"2653","TextType":"PRINTED"},{"BlockType":"WORD","Confidence":99.7357406616211,"Geometry":{"BoundingBox":{"Height":0.016762737184762955,"Left":0.42155721783638,"Top":0.5284596681594849,"Width":0.03135528042912483},"Polygon":[{"X":0.4215587377548218,"Y":0.5284596681594849},{"X":0.45291250944137573,"Y":0.5284616947174072},{"X":0.4529111981391907,"Y":0.5452224016189575},{"X":0.42155721783638,"Y":0.5452201962471008}]},"Id":"59464f03-ca1b-4409-ad0f-64a5d4a38e1f","Text":"PUS","TextType":"PRINTED"},{"BlockType":"WORD","Confidence":99.911865234375,"Geometry":{"BoundingBox":{"Height":0.016886496916413307,"Left":0.5028592348098755,"Top":0.5285053849220276,"Width":0.03395024687051773},"Polygon":[{"X":0.5028601884841919,"Y":0.5285053849220276},{"X":0.536809504032135,"Y":0.528507649898529},{"X":0.5368088483810425,"Y":0.5453919172286987},{"X":0.5028592348098755,"Y":0.5453895330429077}]},"Id":"a7160c2c-7a98-4f0b-a75f-6836ea5b22c4","Text":"2155","TextType":"PRINTED"},{"BlockType":"WORD","Confidence":99.7155990600586,"Geometry":{"BoundingBox":{"Height":0.01675989292562008,"Left":0.542500376701355,"Top":0.528265655040741,"Width":0.02921019122004509},"Polygon":[{"X":0.5425009727478027,"Y":0.528265655040741},{"X":0.5717105865478516,"Y":0.5282675623893738},{"X":0.5717101693153381,"Y":0.5450255274772644},{"X":0.542500376701355,"Y":0.545023500919342}]},"Id":"d715081c-48e8-4c0d-b146-a28fb2100a91","Text":"TPE","TextType":"PRINTED"},{"BlockType":"WORD","Confidence":99.90425872802734,"Geometry":{"BoundingBox":{"Height":0.016995303332805634,"Left":0.6229758858680725,"Top":0.5284163951873779,"Width":0.03444937244057655},"Polygon":[{"X":0.6229758858680725,"Y":0.5284163951873779},{"X":0.6574249267578125,"Y":0.5284186601638794},{"X":0.6574252247810364,"Y":0.5454117059707642},{"X":0.6229758858680725,"Y":0.5454092621803284}]},"Id":"3ade8133-a56b-40f8-a88e-ac9fa29b188a","Text":"0030","TextType":"PRINTED"},{"BlockType":"WORD","Confidence":99.88182067871094,"Geometry":{"BoundingBox":{"Height":0.016693105921149254,"Left":0.6630163788795471,"Top":0.5286394953727722,"Width":0.02558172307908535},"Polygon":[{"X":0.6630163788795471,"Y":0.5286394953727722},{"X":0.6885976195335388,"Y":0.5286411643028259},{"X":0.688598096370697,"Y":0.5453325510025024},{"X":0.6630167365074158,"Y":0.5453307628631592}]},"Id":"0aed43e8-6456-4875-ae90-40acc73e029d","Text":"738","TextType":"PRINTED"},{"BlockType":"WORD","Confidence":99.87366485595703,"Geometry":{"BoundingBox":{"Height":0.016139820218086243,"Left":0.9641245007514954,"Top":0.5290563702583313,"Width":0.030575746670365334},"Polygon":[{"X":0.9641245007514954,"Y":0.5290563702583313},{"X":0.9946975111961365,"Y":0.5290583968162537},{"X":0.9947002530097961,"Y":0.5451961755752563},{"X":0.9641270041465759,"Y":0.5451940298080444}]},"Id":"8f5060a0-6ba0-49fc-a15d-b656c291e55d","Text":"2:35","TextType":"PRINTED"},{"BlockType":"WORD","Confidence":99.86125946044922,"Geometry":{"BoundingBox":{"Height":0.01867382414638996,"Left":0.025293095037341118,"Top":0.5531438589096069,"Width":0."
14:55:34.226 [Test worker] DEBUG org.apache.http.wire - http-outgoing-0 << "0560380220413208},"Polygon":[{"X":0.02529817633330822,"Y":0.5531438589096069},{"X":0.08133111894130707,"Y":0.5531479120254517},{"X":0.08132651448249817,"Y":0.5718176960945129},{"X":0.025293095037341118,"Y":0.5718134045600891}]},"Id":"dd0425e6-270d-4d42-a43f-fb0a197271d5","Text":"17Apr23","TextType":"PRINTED"},{"BlockType":"WORD","Confidence":99.86072540283203,"Geometry":{"BoundingBox":{"Height":0.017281323671340942,"Left":0.08649908751249313,"Top":0.5528066158294678,"Width":0.043604664504528046},"Polygon":[{"X":0.08650331199169159,"Y":0.5528066158294678},{"X":0.13010375201702118,"Y":0.5528097152709961},{"X":0.13009987771511078,"Y":0.5700879096984863},{"X":0.08649908751249313,"Y":0.5700846314430237}]},"Id":"bab70dd1-db00-487c-968e-82d5c885206d","Text":"F2653","TextType":"PRINTED"},{"BlockType":"WORD","Confidence":99.88517761230469,"Geometry":{"BoundingBox":{"Height":0.016896145418286324,"Left":0.3379572331905365,"Top":0.5530973076820374,"Width":0.03452224284410477},"Polygon":[{"X":0.3379594087600708,"Y":0.5530973076820374},{"X":0.37247946858406067,"Y":0.5530997514724731},{"X":0.37247756123542786,"Y":0.5699934363365173},{"X":0.3379572331905365,"Y":0.5699908137321472}]},"Id":"a64b9ddf-c7da-4127-a835-fbbea46b69ee","Text":"2654","TextType":"PRINTED"},{"BlockType":"WORD","Confidence":99.20137786865234,"Geometry":{"BoundingBox":{"Height":0.016376400366425514,"Left":0.422113835811615,"Top":0.5530474781990051,"Width":0.02909110113978386},"Polygon":[{"X":0.4221153259277344,"Y":0.5530474781990051},{"X":0.45120492577552795,"Y":0.5530495643615723},{"X":0.45120367407798767,"Y":0.5694239139556885},{"X":0.422113835811615,"Y":0.5694217085838318}]},"Id":"7bcef398-ba33-4408-9e45-1b7378ed1521","Text":"TPE","TextType":"PRINTED"},{"BlockType":"WORD","Confidence":99.9179916381836,"Geometry":{"BoundingBox":{"Height":0.017138922587037086,"Left":0.5024318099021912,"Top":0.5530041456222534,"Width":0.03458110988140106},"Polygon":[{"X":0.5024327635765076,"Y":0.5530041456222534},{"X":0.5370129346847534,"Y":0.553006649017334},{"X":0.5370122790336609,"Y":0.5701430439949036},{"X":0.5024318099021912,"Y":0.5701404213905334}]},"Id":"cae7b96b-4873-4f86-9355-40ec809220a4","Text":"0350","TextType":"PRINTED"},{"BlockType":"WORD","Confidence":99.80323791503906,"Geometry":{"BoundingBox":{"Height":0.016829458996653557,"Left":0.5423722863197327,"Top":0.5524870753288269,"Width":0.031049948185682297},"Polygon":[{"X":0.5423728823661804,"Y":0.5524870753288269},{"X":0.5734222531318665,"Y":0.5524892807006836},{"X":0.5734218955039978,"Y":0.569316565990448},{"X":0.5423722863197327,"Y":0.569314181804657}]},"Id":"b7cd1ca9-e045-476d-a311-cdfdc37b1ed7","Text":"PUS","TextType":"PRINTED"},{"BlockType":"WORD","Confidence":99.90242004394531,"Geometry":{"BoundingBox":{"Height":0.017228640615940094,"Left":0.6228762865066528,"Top":0.552801787853241,"Width":0.03424542024731636},"Polygon":[{"X":0.6228762865066528,"Y":0.552801787853241},{"X":0.6571214199066162,"Y":0.5528042316436768},{"X":0.6571216583251953,"Y":0.5700304508209229},{"X":0.6228762865066528,"Y":0.5700278282165527}]},"Id":"78d1b915-e58f-41e9-8082-636614c3fe04","Text":"0610","TextType":"PRINTED"},{"BlockType":"WORD","Confidence":99.8907699584961,"Geometry":{"BoundingBox":{"Height":0.01689639501273632,"Left":0.6630668044090271,"Top":0.5528746247291565,"Width":0.025671428069472313},"Polygon":[{"X":0.6630668044090271,"Y":0.5528746247291565},{"X":0.688737690448761,"Y":0.5528764724731445},{"X":0.688738226890564,"Y":0.5697710514068604},{"X":0.663067102432251,"Y":0.5697690844535828}]},"Id":"3adfa683-6fcc-48e1-a5ab-a4eeca79fe69","Text":"738","TextType":"PRINTED"},{"BlockType":"WORD","Confidence":99.43560028076172,"Geometry":{"BoundingBox":{"Height":0.016072776168584824,"Left":0.964137852191925,"Top":0.5532998442649841,"Width":0.030347615480422974},"Polygon":[{"X":0.964137852191925,"Y":0.5532998442649841},{"X":0.994482696056366,"Y":0.553301990032196},{"X":0.9944854378700256,"Y":0.5693725943565369},{"X":0.9641403555870056,"Y":0.5693703293800354}]},"Id":"6eceb4ad-b7be-4d58-bde8-55b82b61b971","Text":"2:20","TextType":"PRINTED"},{"BlockType":"WORD","Confidence":99.20227813720703,"Geometry":{"BoundingBox":{"Height":0.01610063947737217,"Left":0.17003123462200165,"Top":0.5792421102523804,"Width":0.022381046786904335},"Polygon":[{"X":0.17003454267978668,"Y":0.5792421102523804},{"X":0.19241227209568024,"Y":0.5792438387870789},{"X":0.19240912795066833,"Y":0.595342755317688},{"X":0.17003123462200165,"Y":0.5953409075737}]},"Id":"56c60d95-1242-4542-8179-d5655c9cfd63","Text":"DH","TextType":"PRINTED"},{"BlockType":"WORD","Confidence":99.88578033447266,"Geometry":{"BoundingBox":{"Height":0.01637202315032482,"Left":0.29813912510871887,"Top":0.57813560962677,"Width":0.035754330456256866},"Polygon":[{"X":0.2981415390968323,"Y":0.57813560962677},{"X":0.33389344811439514,"Y":0.5781384110450745},{"X":0.3338913023471832,"Y":0.59450763463974},{"X":0.29813912510871887,"Y":0.594504714012146}]},"Id":"3d77ccad-b9af-409c-a99c-4c8165201089","Text":"0845","TextType":"PRINTED"},{"BlockType":"WORD","Confidence":99.93304443359375,"Geometry":{"BoundingBox":{"Height":0.01636359468102455,"Left":0.3381909430027008,"Top":0.5790807008743286,"Width":0.02483929879963398},"Polygon":[{"X":0.33819305896759033,"Y":0.5790807008743286},{"X":0.36303025484085083,"Y":0.5790826678276062},{"X":0.36302831768989563,"Y":0.5954443216323853},{"X":0.3381909430027008,"Y":0.5954422354698181}]},"Id":"63f40928-336b-4a1a-832c-b3172dfe50b8","Text":"211","TextType":"PRINTED"},{"BlockType":"WORD","Confidence":99.69913482666016,"Geometry":{"BoundingBox":{"Height":0.016389217227697372,"Left":0.42174604535102844,"Top":0.5789219737052917,"Width":0.03128497302532196},"Polygon":[{"X":0.4217475354671478,"Y":0.5789219737052917},{"X":0.4530310332775116,"Y":0.5789244174957275},{"X":0.4530297815799713,"Y":0.5953112244606018},{"X":0.42174604535102844,"Y":0.5953086614608765}]},"Id":"37b0cce4-e603-457b-9711-c89a6576295e","Text":"PUS","TextType":"PRINTED"},{"BlockType":"WORD","Confidence":99.89483642578125,"Geometry":{"BoundingBox":{"Height":0.01624346151947975,"Left":0.5022229552268982,"Top":0.5790374875068665,"Width":0.03425716981291771},"Polygon":[{"X":0.5022238492965698,"Y":0.5790374875068665},{"X":0.5364801287651062,"Y":0.5790401101112366},{"X":0.5364794731140137,"Y":0.5952809453010559},{"X":0.5022229552268982,"Y":0.5952780842781067}]},"Id":"4e6194a2-e0ed-42a4-91c3-fe406e76f8b1","Text":"0730","TextType":"PRINTED"},{"BlockType":"WORD","Confidence":99.9369888305664,"Geometry":{"BoundingBox":{"Height":0.016399890184402466,"Left":0.5424290895462036,"Top":0.5788960456848145,"Width":0.03408141806721687},"Polygon":[{"X":0.5424296259880066,"Y":0.5788960456848145},{"X":0.576510488986969,"Y":0.5788987278938293},{"X":0.5765101313591003,"Y":0.5952959060668945},{"X":0.5424290895462036,"Y":0.5952931046485901}]},"Id":"50ffa97e-e613-4398-8dad-9e21bd6a2056","Text":"GMP","TextType":"PRINTED"},{"BlockType":"WORD","Confidence":99.9133529663086,"Geometry":{"BoundingBox":{"Height":0.016056913882493973,"Left":0.6230133175849915,"Top":0.5791163444519043,"Width":0.03419884294271469},"Polygon":[{"X":0.6230133175849915,"Y":0.5791163444519043},{"X":0.6572118997573853,"Y":0.5791190266609192},{"X":0.6572121977806091,"Y":0.5951732397079468},{"X":0.6230133771896362,"Y":0.5951704382896423}]},"Id":"76c13605-d849-43a5-a569-69a199d7710f","Text":"0825","TextType":"PRINTED"},{"BlockType":"WORD","Confidence":99.88678741455078,"Geometry":{"BoundingBox":{"Height":0.016833214089274406,"Left":0.6631078124046326,"Top":0.5788977146148682,"Width":0.02551259659230709},"Polygon":[{"X":0.6631078124046326,"Y":0.5788977146148682},{"X":0.6886199116706848,"Y":0.5788996815681458},{"X":0.6886204481124878,"Y":0.5957309007644653},{"X":0.6631081700325012,"Y":0.5957288146018982}]},"Id":"fc21b151-12b5-436a-95f5-d41229a07d60","Text":"738","TextType":"PRINTED"},{"BlockType":"WORD","Confidence":99.90634155273438,"Geometry":{"BoundingBox":{"Height":0.01843271590769291,"Left":0.025298934429883957,""
14:55:34.228 [Test worker] DEBUG org.apache.http.wire - http-outgoing-0 << "Top":0.6035105586051941,"Width":0.05613994225859642},"Polygon":[{"X":0.025303950533270836,"Y":0.6035105586051941},{"X":0.08143887668848038,"Y":0.6035153269767761},{"X":0.08143433183431625,"Y":0.6219432950019836},{"X":0.025298934429883957,"Y":0.6219382882118225}]},"Id":"206dc1f0-80f1-4d54-9d99-dcf3a6e5e98c","Text":"18Apr23","TextType":"PRINTED"},{"BlockType":"WORD","Confidence":99.9"
14:55:34.229 [Test worker] DEBUG org.apache.http.wire - http-outgoing-0 << "6331024169922,"Geometry":{"BoundingBox":{"Height":0.016853172332048416,"Left":0.3382764160633087,"Top":0.6029524803161621,"Width":0.030063247308135033},"Polygon":[{"X":0.338278591632843,"Y":0.6029524803161621},{"X":0.3683396577835083,"Y":0.6029549837112427},{"X":0.3683377206325531,"Y":0.619805634021759},{"X":0.3382764160633087,"Y":0.6198029518127441}]},"Id":"e1b24522-5192-4f2a-93ab-0b702de72f39","Text":"OFF","TextType":"PRINTED"},{"BlockType":"WORD","Confidence":99.9438705444336,"Geometry":{"BoundingBox":{"Height":0.016350090503692627,"Left":0.4216499924659729,"Top":0.6033111810684204,"Width":0.03437454625964165},"Polygon":[{"X":0.4216514825820923,"Y":0.6033111810684204},{"X":0.45602455735206604,"Y":0.6033141016960144},{"X":0.45602330565452576,"Y":0.619661271572113},{"X":0.4216499924659729,"Y":0.6196582317352295}]},"Id":"2b9583bb-5f0b-42ca-a630-6843389aa2be","Text":"GMP","TextType":"PRINTED"},{"BlockType":"WORD","Confidence":99.78693389892578,"Geometry":{"BoundingBox":{"Height":0.016617409884929657,"Left":0.5"
14:55:34.231 [Test worker] DEBUG org.apache.http.wire - http-outgoing-0 << "023195743560791,"Top":0.6033668518066406,"Width":0.034760743379592896},"Polygon":[{"X":0.5023204684257507,"Y":0.6033668518066406},{"X":0.5370802879333496,"Y":0.6033697724342346},{"X":0.5370796322822571,"Y":0.6199842691421509},{"X":0.5023195743560791,"Y":0.6199811697006226}]},"Id":"ea0a2053-b1fa-4830-8e00-1d26f3e2ed3e","Text":"0000","TextType":"PRINTED"},{"BlockType":"WORD","Confidence":99.95576477050781,"Geometry":{"BoundingBox":{"Height":0.016169385984539986,"Left":0.5423715710639954,"Top":0.6034031510353088,"Width":0.034425605088472366},"Polygon":[{"X":0.5423721671104431,"Y":0.6034031510353088},{"X":0.5767971873283386,"Y":0.6034060716629028},{"X":0.5767968893051147,"Y":0.6195725202560425},{"X":0.5423715710639954,"Y":0.6195694804191589}]},"Id":"9de516f9-6de1-4977-a756-c4df1019766c","Text":"GMP","TextType":"PRINTED"},{"BlockType":"WORD","Confidence":99.9430923461914,"Geometry":{"BoundingBox":{"Height":0.01668950542807579,"Left":0.623146116733551,"Top":0.6031767129898071,"Width":0.03439542278647423},"Polygon":[{"X":0.623146116733551,"Y":0.6031767129898071},{"X":0.6575412750244141,"Y":0.6031796336174011},{"X":0.6575415730476379,"Y":0.6198662519454956},{"X":0.6231461763381958,"Y":0.6198632121086121}]},"Id":"5a7284a4-ceb1-4bc0-b3bb-53fc9ae1eca6","Text":"2359","TextType":"PRINTED"},{"BlockType":"WORD","Confidence":99.91939544677734,"Geometry":{"BoundingBox":{"Height":0.018545597791671753,"Left":0.02530398964881897,"Top":0.6279293894767761,"Width":0.05594523996114731},"Polygon":[{"X":0.025309035554528236,"Y":0.6279293894767761},{"X":0.08124922960996628,"Y":0.627934455871582},{"X":0.08124465495347977,"Y":0.6464749574661255},{"X":0.02530398964881897,"Y":0.6464696526527405}]},"Id":"cdaa0d75-97dc-49d9-8ed8-fd48389acbb4","Text":"19Apr23","TextType":"PRINTED"},{"BlockType":"WORD","Confidence":99.96073150634766,"Geometry":{"BoundingBox":{"Height":0.016754744574427605,"Left":0.3382442891597748,"Top":0.6274235248565674,"Width":0.030226878821849823},"Polygon":[{"X":0.3382464349269867,"Y":0.6274235248565674},{"X":0.3684711754322052,"Y":0.627426266670227},{"X":0.36846923828125,"Y":0.6441782712936401},{"X":0.3382442891597748,"Y":0.6441754102706909}]},"Id":"beb6ed43-268a-449c-a2b5-e5b5da64e72f","Text":"OFF","TextType":"PRINTED"},{"BlockType":"WORD","Confidence":99.94426727294922,"Geometry":{"BoundingBox":{"Height":0.01665191538631916,"Left":0.42161864042282104,"Top":0.6275246739387512,"Width":0.0344058983027935},"Polygon":[{"X":0.4216201603412628,"Y":0.6275246739387512},{"X":0.45602452754974365,"Y":0.6275277733802795},{"X":0.45602327585220337,"Y":0.6441766023635864},{"X":0.42161864042282104,"Y":0.6441733241081238}]},"Id":"0b94cb2a-6a0a-4785-9634-5d188c5a792f","Text":"GMP","TextType":"PRINTED"},{"BlockType":"WORD","Confidence":99.79208374023438,"Geometry":{"BoundingBox":{"Height":0.016740716993808746,"Left":0.5022218823432922,"Top":0.627842128276825,"Width":0.03466624394059181},"Polygon":[{"X":0.5022227764129639,"Y":0.627842128276825},{"X":0.5368881225585938,"Y":0.627845287322998},{"X":0.5368874669075012,"Y":0.6445828676223755},{"X":0.5022218823432922,"Y":0.6445795893669128}]},"Id":"4d5b25fe-aca8-4cbb-abfe-7994c7bb5ac2","Text":"0000","TextType":"PRINTED"},{"BlockType":"WORD","Confidence":99.9462890625,"Geometry":{"BoundingBox":{"Height":0.016673125326633453,"Left":0.5422457456588745,"Top":0.6275237798690796,"Width":0.034523140639066696},"Polygon":[{"X":0.5422463417053223,"Y":0.6275237798690796},{"X":0.5767689347267151,"Y":0.6275268793106079},{"X":0.5767685770988464,"Y":0.6441968679428101},{"X":0.5422457456588745,"Y":0.6441936492919922}]},"Id":"31834b74-4153-4b24-95a7-faf820183bfa","Text":"GMP","TextType":"PRINTED"},{"BlockType":"WORD","Confidence":99.95191192626953,"Geometry":{"BoundingBox":{"Height":0.017085526138544083,"Left":0.6230427622795105,"Top":0.6274685859680176,"Width":0.034631915390491486},"Polygon":[{"X":0.6230427622795105,"Y":0.6274685859680176},{"X":0.6576743721961975,"Y":0.6274716854095459},{"X":0.6576746702194214,"Y":0.644554078578949},{"X":0.6230427622795105,"Y":0.6445508003234863}]},"Id":"b2093926-2915-4d22-b66f-bd1bda15d037","Text":"2359","TextType":"PRINTED"},{"BlockType":"WORD","Confidence":99.92503356933594,"Geometry":{"BoundingBox":{"Height":0.01883775182068348,"Left":0.024129504337906837,"Top":0.6539613008499146,"Width":0.05717521533370018},"Polygon":[{"X":0.024134641513228416,"Y":0.6539613008499146},{"X":0.08130472153425217,"Y":0.6539668440818787},{"X":0.08130007982254028,"Y":0.6727990508079529},{"X":0.024129504337906837,"Y":0.6727932095527649}]},"Id":"29b00c66-a04e-4a17-9416-2df69a4db7ae","Text":"20Apr23","TextType":"PRINTED"},{"BlockType":"WORD","Confidence":99.7024154663086,"Geometry":{"BoundingBox":{"Height":0.016772175207734108,"Left":0.08660191297531128,"Top":0.6537384390830994,"Width":0.043184470385313034},"Polygon":[{"X":0.08660600334405899,"Y":0.6537384390830994},{"X":0.12978637218475342,"Y":0.6537426114082336},{"X":0.12978261709213257,"Y":0.6705106496810913},{"X":0.08660191297531128,"Y":0.6705062389373779}]},"Id":"5601b181-be65-4f95-bb73-ab6730203271","Text":"F9104","TextType":"PRINTED"},{"BlockType":"WORD","Confidence":99.9580078125,"Geometry":{"BoundingBox":{"Height":0.015573268756270409,"Left":0.23936904966831207,"Top":0.6543843150138855,"Width":0.03334299102425575},"Polygon":[{"X":0.23937176167964935,"Y":0.6543843150138855},{"X":0.2727120518684387,"Y":0.6543875336647034},{"X":0.27270954847335815,"Y":0.6699575781822205},{"X":0.23936904966831207,"Y":0.669954240322113}]},"Id":"7b91454c-707c-48e9-82fb-473f46d9e174","Text":"1410","TextType":"PRINTED"},{"BlockType":"WORD","Confidence":99.85273742675781,"Geometry":{"BoundingBox":{"Height":0.016353188082575798,"Left":0.3376818597316742,"Top":0.6539859771728516,"Width":0.03454693406820297},"Polygon":[{"X":0.3376839756965637,"Y":0.6539859771728516},{"X":0.37222880125045776,"Y":0.653989315032959},{"X":0.3722269535064697,"Y":0.6703391671180725},{"X":0.3376818597316742,"Y":0.6703356504440308}]},"Id":"c0e774ad-ca81-4324-8357-a9fdf5cc3841","Text":"9104","TextType":"PRINTED"},{"BlockType":"WORD","Confidence":99.77477264404297,"Geometry":{"BoundingBox":{"Height":0.016743740066885948,"Left":0.42147353291511536,"Top":0.6537835001945496,"Width":0.026713954284787178},"Polygon":[{"X":0.42147505283355713,"Y":0.6537835001945496},{"X":0.4481874704360962,"Y":0.6537861227989197},{"X":0.44818615913391113,"Y":0.6705272197723389},{"X":0.42147353291511536,"Y":0.670524537563324}]},"Id":"6e451227-3594-4826-b6cd-0e88024f1bef","Text":"ICN","TextType":"PRINTED"},{"BlockType":"WORD","Confidence":99.93425750732422,"Geometry":{"BoundingBox":{"Height":0.016168255358934402,"Left":0.5039966702461243,"Top":0.6540229320526123,"Width":0.032839033752679825},"Polygon":[{"X":0.5039975643157959,"Y":0.6540229320526123},{"X":0.5368357300758362,"Y":0.6540260910987854},{"X":0.5368351340293884,"Y":0.6701911687850952},{"X":0.5039966702461243,"Y":0.6701878309249878}]},"Id":"f4345cb7-e62d-4f89-91b9-9924281a2883","Text":"1620","TextType":"PRINTED"},{"BlockType":"WORD","Confidence":99.8876724243164,"Geometry":{"BoundingBox":{"Height":0.01622731238603592,"Left":0.5425085425376892,"Top":0.6537401080131531,"Width":0.030831146985292435},"Polygon":[{"X":0.542509138584137,"Y":0.6537401080131531},{"X":0.5733397006988525,"Y":0.6537431478500366},{"X":0.5733393430709839,"Y":0.6699674725532532},{"X":0.5425085425376892,"Y":0.6699643135070801}]},"Id":"ef21a080-e49e-4af0-ac05-be42cf773775","Text":"NRT","TextType":"PRINTED"},{"BlockType":"WORD","Confidence":99.87699127197266,"Geometry":{"BoundingBox":{"Height":0.016348350793123245,"Left":0.6244871616363525,"Top":0.6540581583976746,"Width":0.03268735483288765},"Polygon":[{"X":0.6244871616363525,"Y":0.6540581583976746},{"X":0.6571742296218872,"Y":0.6540613174438477},{"X":0.6571745276451111,"Y":0.6704065203666687},{"X":0.6244872212409973,"Y":0.6704031825065613}]},"Id":"991de8d2-f1d0-40b8-97e7-efe2c8fdc1d5","Text":"1845","TextType":"PRINTED"},{"BlockType":"WORD","Confidence":99.88279724121094,"Geometry":{"B"
14:55:34.239 [Test worker] DEBUG org.apache.http.wire - http-outgoing-0 << "oundingBox":{"Height":0.016306515783071518,"Left":0.6630847454071045,"Top":0.654088020324707,"Width":0.025586755946278572},"Polygon":[{"X":0.6630847454071045,"Y":0.654088020324707},{"X":0.6886709928512573,"Y":0.6540905237197876},{"X":0.6886714696884155,"Y":0.6703945398330688},{"X":0.6630850434303284,"Y":0.6703919768333435}]},"Id":"1091e966-d322-48a6-87db-ef70984b355c","Text":"738","TextType":"PRINTED"},{"BlockType":"WORD","Confidence":99.2418441772461,"Geometry":{"BoundingBox":{"Height":0.016241589561104774,"Left":0.9641085267066956,"Top":0.6538878679275513,"Width":0.03059200942516327},"Polygon":[{"X":0.9641085267066956,"Y":0.6538878679275513},{"X":0.9946977496147156,"Y":0.65389084815979},{"X":0.99470055103302,"Y":0.6701294779777527},{"X":0.9641110897064209,"Y":0.6701263785362244}]},"Id":"2bb22dba-4f93-40b4-968e-d5c1efe78bad","Text":"2:25","TextType":"PRINTED"},{"BlockType":"WORD","Confidence":99.96092987060547,"Geometry":{"BoundingBox":{"Height":0.01667996682226658,"Left":0.2989392578601837,"Top":0.677943766117096,"Width":0.03529171645641327},"Polygon":[{"X":0.2989417016506195,"Y":0.677943766117096},{"X":0.3342309594154358,"Y":0.6779474020004272},{"X":0.3342287838459015,"Y":0.6946237087249756},{"X":0.2989392578601837,"Y":0.6946199536323547}]},"Id":"8c731bfd-9de7-46dc-b99a-a93e204aa6f6","Text":"2350","TextType":"PRINTED"},{"BlockType":"WORD","Confidence":99.8683853149414,"Geometry":{"BoundingBox":{"Height":0.017038745805621147,"Left":0.33771276473999023,"Top":0.6778553128242493,"Width":0.03499389812350273},"Polygon":[{"X":0.3377149701118469,"Y":0.6778553128242493},{"X":0.37270668148994446,"Y":0.6778589487075806},{"X":0.37270474433898926,"Y":0.6948940753936768},{"X":0.33771276473999023,"Y":0.6948903203010559}]},"Id":"097bfdd1-499c-410c-8afb-41b7f8c8095f","Text":"9103","TextType":"PRINTED"},{"BlockType":"WORD","Confidence":99.92975616455078,"Geometry":{"BoundingBox":{"Height":0.016370609402656555,"Left":0.421491414308548,"Top":0.6779611706733704,"Width":0.0312365535646677},"Polygon":[{"X":0.42149290442466736,"Y":0.6779611706733704},{"X":0.4527279734611511,"Y":0.6779643893241882},{"X":0.45272672176361084,"Y":0.6943317651748657},{"X":0.421491414308548,"Y":0.6943284273147583}]},"Id":"bf5eb7b5-ce32-44d0-9eb8-84be5b959e6d","Text":"NRT","TextType":"PRINTED"},{"BlockType":"WORD","Confidence":99.93726348876953,"Geometry":{"BoundingBox":{"Height":0.016247054561972618,"Left":0.5040813088417053,"Top":0.6784024238586426,"Width":0.032608505338430405},"Polygon":[{"X":0.504082202911377,"Y":0.6784024238586426},{"X":0.536689817905426,"Y":0.67840576171875},{"X":0.5366892218589783,"Y":0.6946494579315186},{"X":0.5040813088417053,"Y":0.6946459412574768}]},"Id":"4f4e6506-71fe-40d7-b29f-b2066e75eb10","Text":"1945","TextType":"PRINTED"},{"BlockType":"WORD","Confidence":99.0401840209961,"Geometry":{"BoundingBox":{"Height":0.01694074459373951,"Left":0.5421343445777893,"Top":0.6777855753898621,"Width":0.026684528216719627},"Polygon":[{"X":0.5421349406242371,"Y":0.6777855753898621},{"X":0.5688188672065735,"Y":0.6777883172035217},{"X":0.5688184499740601,"Y":0.694726288318634},{"X":0.5421343445777893,"Y":0.6947234272956848}]},"Id":"0b6fabf1-d971-4984-8c59-d6b6dc00c9d8","Text":"ICN","TextType":"PRINTED"},{"BlockType":"WORD","Confidence":99.9605941772461,"Geometry":{"BoundingBox":{"Height":0.016921868547797203,"Left":0.6230133175849915,"Top":0.6778983473777771,"Width":0.03401178866624832},"Polygon":[{"X":0.6230133175849915,"Y":0.6778983473777771},{"X":0.6570248007774353,"Y":0.6779018640518188},{"X":0.6570250988006592,"Y":0.6948202252388},{"X":0.6230133175849915,"Y":0.6948165893554688}]},"Id":"4c127938-8f24-4af4-925f-1608e194b4f9","Text":"2250","TextType":"PRINTED"},{"BlockType":"WORD","Confidence":99.88848876953125,"Geometry":{"BoundingBox":{"Height":0.016767075285315514,"Left":0.6629299521446228,"Top":0.6780545115470886,"Width":0.0256561990827322},"Polygon":[{"X":0.6629299521446228,"Y":0.6780545115470886},{"X":0.688585638999939,"Y":0.6780571937561035},{"X":0.6885861754417419,"Y":0.6948215961456299},{"X":0.6629303097724915,"Y":0.6948188543319702}]},"Id":"ee51a6f5-c3f4-427a-abe1-1563493bcff9","Text":"738","TextType":"PRINTED"},{"BlockType":"WORD","Confidence":97.0876235961914,"Geometry":{"BoundingBox":{"Height":0.016418252140283585,"Left":0.9641754031181335,"Top":0.678294837474823,"Width":0.030211372300982475},"Polygon":[{"X":0.9641754031181335,"Y":0.678294837474823},{"X":0.9943839907646179,"Y":0.6782979369163513},{"X":0.9943867921829224,"Y":0.6947130560874939},{"X":0.9641779661178589,"Y":0.694709837436676}]},"Id":"d36a7436-0239-459f-8867-31646b76e55c","Text":"3:05","TextType":"PRINTED"},{"BlockType":"WORD","Confidence":99.93781280517578,"Geometry":{"BoundingBox":{"Height":0.018638111650943756,"Left":0.023922407999634743,"Top":0.7025701403617859,"Width":0.05746189504861832},"Polygon":[{"X":0.023927491158246994,"Y":0.7025701403617859},{"X":0.08138430118560791,"Y":0.7025763988494873},{"X":0.08137970417737961,"Y":0.7212082147598267},{"X":0.023922407999634743,"Y":0.7212016582489014}]},"Id":"e4bb7aa5-0cf7-4b7b-9f52-faeb49316a53","Text":"21Apr23","TextType":"PRINTED"},{"BlockType":"WORD","Confidence":99.89926147460938,"Geometry":{"BoundingBox":{"Height":0.017146268859505653,"Left":0.08670419454574585,"Top":0.7020496129989624,"Width":0.042816683650016785},"Polygon":[{"X":0.08670838177204132,"Y":0.7020496129989624},{"X":0.12952087819576263,"Y":0.7020542621612549},{"X":0.12951703369617462,"Y":0.7191959023475647},{"X":0.08670419454574585,"Y":0.7191910147666931}]},"Id":"c1ac4915-a878-486a-8363-a5a4781b5d49","Text":"F2507","TextType":"PRINTED"},{"BlockType":"WORD","Confidence":99.96735382080078,"Geometry":{"BoundingBox":{"Height":0.0164051316678524,"Left":0.23953868448734283,"Top":0.7026710510253906,"Width":0.033329449594020844},"Polygon":[{"X":0.23954154551029205,"Y":0.7026710510253906},{"X":0.2728681266307831,"Y":0.7026746869087219},{"X":0.27286553382873535,"Y":0.7190761566162109},{"X":0.23953868448734283,"Y":0.7190724015235901}]},"Id":"ebc41c4a-a41f-45a4-ae0f-2e9968ee96ac","Text":"1700","TextType":"PRINTED"},{"BlockType":"WORD","Confidence":99.97225189208984,"Geometry":{"BoundingBox":{"Height":0.017126301303505898,"Left":0.2991470396518707,"Top":0.7021722793579102,"Width":0.035055287182331085},"Polygon":[{"X":0.2991495728492737,"Y":0.7021722793579102},{"X":0.3342023193836212,"Y":0.7021760940551758},{"X":0.33420008420944214,"Y":0.7192985415458679},{"X":0.2991470396518707,"Y":0.7192946076393127}]},"Id":"708a8451-5aac-40d9-86cb-021f4b6423dc","Text":"2340","TextType":"PRINTED"},{"BlockType":"WORD","Confidence":99.9642105102539,"Geometry":{"BoundingBox":{"Height":0.016839561983942986,"Left":0.3376610577106476,"Top":0.7021918892860413,"Width":0.03464660421013832},"Polygon":[{"X":0.3376632332801819,"Y":0.7021918892860413},{"X":0.372307687997818,"Y":0.7021957039833069},{"X":0.3723057508468628,"Y":0.7190314531326294},{"X":0.3376610577106476,"Y":0.7190275192260742}]},"Id":"2c520532-aa39-436b-8759-dd9ea124db3c","Text":"2507","TextType":"PRINTED"},{"BlockType":"WORD","Confidence":99.4196548461914,"Geometry":{"BoundingBox":{"Height":0.016338175162672997,"Left":0.42187777161598206,"Top":0.702505350112915,"Width":0.026100333780050278},"Polygon":[{"X":0.42187926173210144,"Y":0.702505350112915},{"X":0.44797810912132263,"Y":0.7025082111358643},{"X":0.44797682762145996,"Y":0.7188435196876526},{"X":0.42187777161598206,"Y":0.7188405394554138}]},"Id":"b77bf9f7-b737-4aab-897d-3e22ff31ac3b","Text":"ICN","TextType":"PRINTED"},{"BlockType":"WORD","Confidence":99.95623779296875,"Geometry":{"BoundingBox":{"Height":0.016809117048978806,"Left":0.503751277923584,"Top":0.7023388743400574,"Width":0.03317059576511383},"Polygon":[{"X":0.5037521719932556,"Y":0.7023388743400574},{"X":0.5369218587875366,"Y":0.7023425102233887},{"X":0.5369212031364441,"Y":0.7191480398178101},{"X":0.503751277923584,"Y":0.7191442251205444}]},"Id":"00a61a1c-2fa3-4f4d-b286-3a61758e9caf","Text":"1910","TextType":"PRINTED"},{"BlockType":"WORD","Confide"
14:55:34.241 [Test worker] DEBUG org.apache.http.wire - http-outgoing-0 << "nce":98.59774780273438,"Geometry":{"BoundingBox":{"Height":0.01630108244717121,"Left":0.5421954393386841,"Top":0.7023659348487854,"Width":0.024887312203645706},"Polygon":[{"X":0.5421959757804871,"Y":0.7023659348487854},{"X":0.5670827031135559,"Y":0.7023686170578003},{"X":0.5670823454856873,"Y":0.7186669707298279},{"X":0.5421954393386841,"Y":0.7186641693115234}]},"Id":"b816d805-89a6"
14:55:34.241 [Test worker] DEBUG org.apache.http.wire - http-outgoing-0 << "-4589-8048-5d76ced0897f","Text":"BKI","TextType":"PRINTED"},{"BlockType":"WORD","Confidence":99.94383239746094,"Geometry":{"BoundingBox":{"Height":0.016761934384703636,"Left":0.6230068802833557,"Top":0.7022969126701355,"Width":0.03411875292658806},"Polygon":[{"X":0.6230068802833557,"Y":0.7022969126701355},{"X":0.6571253538131714,"Y":0.7023006677627563},{"X":0.6571256518363953,"Y":0.7190588712692261},{"X":0.6230069398880005,"Y":0.7190549969673157}]},"Id":"816b4531-04b1-4add-b587-a8e64e835bee","Text":"0020","TextType":"PRINTED"},{"BlockType":"WORD","Confidence":99.89274597167969,"Geometry":{"BoundingBox":{"Height":0.01659104786813259,"Left":0.6632701754570007,"Top":0.7023958563804626,"Width":0.02550840564072132},"Polygon":[{"X":0.6632701754570007,"Y":0.7023958563804626},{"X":0.6887780427932739,"Y":0.7023986577987671},{"X":0.6887785792350769,"Y":0.7189869284629822},{"X":0.6632704734802246,"Y":0.7189840078353882}]},"Id":"67103dd0-66de-4d04-aa3c-9cc616b7f878","Text":"738","TextType":"PRINTED"},{"BlockType":"WORD","
14:55:34.243 [Test worker] DEBUG org.apache.http.wire - http-outgoing-0 << ""Confidence":99.72563171386719,"Geometry":{"BoundingBox":{"Height":0.01658921130001545,"Left":0.9644196033477783,"Top":0.7024821639060974,"Width":0.03048209473490715},"Polygon":[{"X":0.9644196033477783,"Y":0.7024821639060974},{"X":0.9948988556861877,"Y":0.7024855017662048},{"X":0.994901716709137,"Y":0.7190713882446289},{"X":0.9644222259521484,"Y":0.7190679311752319}]},"Id":"272f914b-051b-4de7-b760-8d41acdc986a","Text":"5:10","TextType":"PRINTED"},{"BlockType":"WORD","Confidence":99.91706848144531,"Geometry":{"BoundingBox":{"Height":0.01841549016535282,"Left":0.0238803718239069,"Top":0.7287607789039612,"Width":0.05750800296664238},"Polygon":[{"X":0.023885393515229225,"Y":0.7287607789039612},{"X":0.08138837665319443,"Y":0.728767454624176},{"X":0.0813838392496109,"Y":0.7471762895584106},{"X":0.0238803718239069,"Y":0.7471693158149719}]},"Id":"476e22c9-4957-4709-a58c-97d50c96b7ab","Text":"22Apr23","TextType":"PRINTED"},{"BlockType":"WORD","Confidence":99.91168975830078,"Geometry":{"BoundingBox":{"Height":0.01661885902285576,"Left":0.08700824528932571,"Top":0.7284659147262573,"Width":0.04255228489637375},"Polygon":[{"X":0.08701229840517044,"Y":0.7284659147262573},{"X":0.12956053018569946,"Y":0.7284708619117737},{"X":0.129556804895401,"Y":0.745084822177887},{"X":0.08700824528932571,"Y":0.7450796961784363}]},"Id":"f09eaca0-39e6-40bb-8089-451ea5f0ceb0","Text":"F2507","TextType":"PRINTED"},{"BlockType":"WORD","Confidence":99.82682800292969,"Geometry":{"BoundingBox":{"Height":0.016370808705687523,"Left":0.33801335096359253,"Top":0.7286157608032227,"Width":0.051385752856731415},"Polygon":[{"X":0.33801546692848206,"Y":0.7286157608032227},{"X":0.38939911127090454,"Y":0.7286216616630554},{"X":0.38939738273620605,"Y":0.7449865341186523},{"X":0.33801335096359253,"Y":0.7449803948402405}]},"Id":"e37de3f6-70d2-409a-a5be-c22a5b814368","Text":"LAYOV","TextType":"PRINTED"},{"BlockType":"WORD","Confidence":96.89073181152344,"Geometry":{"BoundingBox":{"Height":0.016001705080270767,"Left":0.42172160744667053,"Top":0.7289914488792419,"Width":0.024406403303146362},"Polygon":[{"X":0.42172306776046753,"Y":0.7289914488792419},{"X":0.4461280107498169,"Y":0.7289943099021912},{"X":0.4461267292499542,"Y":0.7449932098388672},{"X":0.42172160744667053,"Y":0.7449902296066284}]},"Id":"9d335e7b-5641-4e43-979e-4fe37bff42b7","Text":"BKI","TextType":"PRINTED"},{"BlockType":"WORD","Confidence":99.85655212402344,"Geometry":{"BoundingBox":{"Height":0.01663820818066597,"Left":0.5023929476737976,"Top":0.7286489009857178,"Width":0.03444055840373039},"Polygon":[{"X":0.502393901348114,"Y":0.7286489009857178},{"X":0.5368335247039795,"Y":0.7286528944969177},{"X":0.536832869052887,"Y":0.7452871203422546},{"X":0.5023929476737976,"Y":0.7452829480171204}]},"Id":"fd692d9a-ee48-4f42-bfe4-713df42321dd","Text":"0105","TextType":"PRINTED"},{"BlockType":"WORD","Confidence":99.27099609375,"Geometry":{"BoundingBox":{"Height":0.01612098515033722,"Left":0.5422231554985046,"Top":0.7287638783454895,"Width":0.024881787598133087},"Polygon":[{"X":0.5422237515449524,"Y":0.7287638783454895},{"X":0.5671049952507019,"Y":0.7287667989730835},{"X":0.5671045780181885,"Y":0.7448849081993103},{"X":0.5422231554985046,"Y":0.7448819279670715}]},"Id":"7e939234-3d8b-49b7-9417-3b82b78c0b12","Text":"BKI","TextType":"PRINTED"},{"BlockType":"WORD","Confidence":99.9620590209961,"Geometry":{"BoundingBox":{"Height":0.016246357932686806,"Left":0.6231648921966553,"Top":0.7287226319313049,"Width":0.03451475501060486},"Polygon":[{"X":0.6231648921966553,"Y":0.7287226319313049},{"X":0.6576793789863586,"Y":0.7287266254425049},{"X":0.6576796770095825,"Y":0.7449690103530884},{"X":0.6231649518013,"Y":0.7449648380279541}]},"Id":"30604cee-9761-4c4a-b6d6-68d7741b2629","Text":"2355","TextType":"PRINTED"},{"BlockType":"WORD","Confidence":99.87056732177734,"Geometry":{"BoundingBox":{"Height":0.016576848924160004,"Left":0.6630849242210388,"Top":0.7283951044082642,"Width":0.048790667206048965},"Polygon":[{"X":0.6630849242210388,"Y":0.7283951044082642},{"X":0.7118749022483826,"Y":0.7284007668495178},{"X":0.7118756175041199,"Y":0.7449719309806824},{"X":0.6630852222442627,"Y":0.7449660897254944}]},"Id":"0f93343e-e4a4-41ce-8887-8e9e5af5f325","Text":"HYATT","TextType":"PRINTED"},{"BlockType":"WORD","Confidence":99.93235778808594,"Geometry":{"BoundingBox":{"Height":0.016667822375893593,"Left":0.7144303321838379,"Top":0.7285805940628052,"Width":0.07374341040849686},"Polygon":[{"X":0.7144303321838379,"Y":0.7285805940628052},{"X":0.7881724834442139,"Y":0.7285891771316528},{"X":0.7881737351417542,"Y":0.7452484369277954},{"X":0.7144310474395752,"Y":0.7452396154403687}]},"Id":"6dcf6e4a-559b-47ab-b8e0-86d7f25f517a","Text":"REGENCY","TextType":"PRINTED"},{"BlockType":"WORD","Confidence":99.9336166381836,"Geometry":{"BoundingBox":{"Height":0.018927015364170074,"Left":0.023772256448864937,"Top":0.7525668740272522,"Width":0.05764002725481987},"Polygon":[{"X":0.023777419701218605,"Y":0.7525668740272522},{"X":0.08141228556632996,"Y":0.7525739073753357},{"X":0.08140762150287628,"Y":0.7714939117431641},{"X":0.023772256448864937,"Y":0.7714865803718567}]},"Id":"7bc70f73-45f8-4450-bd3a-2195021b8b35","Text":"23Apr23","TextType":"PRINTED"},{"BlockType":"WORD","Confidence":99.91938781738281,"Geometry":{"BoundingBox":{"Height":0.01706593483686447,"Left":0.08691556006669998,"Top":0.7524735331535339,"Width":0.042522866278886795},"Polygon":[{"X":0.08691971749067307,"Y":0.7524735331535339},{"X":0.12943843007087708,"Y":0.7524787187576294},{"X":0.12943458557128906,"Y":0.769539475440979},{"X":0.08691556006669998,"Y":0.7695341110229492}]},"Id":"56682f2a-c02b-49ec-92af-eca8c1ab8a8f","Text":"F2507","TextType":"PRINTED"},{"BlockType":"WORD","Confidence":99.97529602050781,"Geometry":{"BoundingBox":{"Height":0.016033736988902092,"Left":0.23821188509464264,"Top":0.7531406283378601,"Width":0.03460698947310448},"Polygon":[{"X":0.23821468651294708,"Y":0.7531406283378601},{"X":0.2728188633918762,"Y":0.7531448602676392},{"X":0.27281633019447327,"Y":0.769174337387085},{"X":0.23821188509464264,"Y":0.7691699862480164}]},"Id":"8e377a0f-23d4-4023-9765-4fa79def3c3e","Text":"2320","TextType":"PRINTED"},{"BlockType":"WORD","Confidence":99.88987731933594,"Geometry":{"BoundingBox":{"Height":0.01672245003283024,"Left":0.2989552319049835,"Top":0.7526636123657227,"Width":0.03464362397789955},"Polygon":[{"X":0.2989577054977417,"Y":0.7526636123657227},{"X":0.33359888195991516,"Y":0.7526678442955017},{"X":0.33359667658805847,"Y":0.7693860530853271},{"X":0.2989552319049835,"Y":0.7693817019462585}]},"Id":"2c3b4709-1882-46da-9886-c239fd7cdbe9","Text":"0725","TextType":"PRINTED"},{"BlockType":"WORD","Confidence":99.96521759033203,"Geometry":{"BoundingBox":{"Height":0.01679009199142456,"Left":0.3378120958805084,"Top":0.7526980638504028,"Width":0.03479371964931488},"Polygon":[{"X":0.3378142714500427,"Y":0.7526980638504028},{"X":0.3726058304309845,"Y":0.7527022957801819},{"X":0.3726039230823517,"Y":0.7694881558418274},{"X":0.3378120958805084,"Y":0.769483745098114}]},"Id":"7c288b3b-54cc-4bac-8e8a-18157fec64ba","Text":"2508","TextType":"PRINTED"},{"BlockType":"WORD","Confidence":96.64901733398438,"Geometry":{"BoundingBox":{"Height":0.01603146456182003,"Left":0.4217309057712555,"Top":0.7530279159545898,"Width":0.024326322600245476},"Polygon":[{"X":0.4217323660850525,"Y":0.7530279159545898},{"X":0.4460572302341461,"Y":0.7530308961868286},{"X":0.44605594873428345,"Y":0.7690593600273132},{"X":0.4217309057712555,"Y":0.7690563201904297}]},"Id":"37e7ad48-5220-409a-83ef-2f899522c61e","Text":"BKI","TextType":"PRINTED"},{"BlockType":"WORD","Confidence":99.95389556884766,"Geometry":{"BoundingBox":{"Height":0.016808878630399704,"Left":0.5023928284645081,"Top":0.752730667591095,"Width":0.03453760966658592},"Polygon":[{"X":0.5023937225341797,"Y":0.752730667591095},{"X":0.5369304418563843,"Y":0.7527348399162292},{"X":0.5369297862052917,"Y":0.7695395350456238},{"X":0.5023928284645081,"Y":0.7695351839065552}]},"Id":"f8dc0c6e-8fb3-48ee-960c-0db56e"
14:55:34.245 [Test worker] DEBUG org.apache.http.wire - http-outgoing-0 << "6013f7","Text":"0120","TextType":"PRINTED"},{"BlockType":"WORD","Confidence":99.74659729003906,"Geometry":{"BoundingBox":{"Height":0.016516923904418945,"Left":0.5418334007263184,"Top":0.7529127597808838,"Width":0.026996741071343422},"Polygon":[{"X":0.5418339967727661,"Y":0.7529127597808838},{"X":0.568830132484436,"Y":0.7529160380363464},{"X":0.5688297748565674,"Y":0.7694296836853027},{"X":0.5418334007263184,"Y":0.7694262266159058}]},"Id":"8c93f4c3-191a-444e-b0f4-dbda1b8b150a","Text":"ICN","TextType":"PRINTED"},{"BlockType":"WORD","Confidence":99.93030548095703,"Geometry":{"BoundingBox":{"Height":0.01683097332715988,"Left":0.6229053735733032,"Top":0.7526699900627136,"Width":0.034340109676122665},"Polygon":[{"X":0.6229053735733032,"Y":0.7526699900627136},{"X":0.6572452187538147,"Y":0.7526741623878479},{"X":0.6572454571723938,"Y":0.7695009708404541},{"X":0.6229053735733032,"Y":0.7694966197013855}]},"Id":"ac5ca87e-6028-4b2a-a5f5-49cdfc641162","Text":"0625","TextType":"PRINTED"},{"BlockType":"WORD","Confidence":99.90380859375,"Geometry":{"BoundingBox":{"Height":0.01630890928208828,"Left":0.6629884839057922,"Top":0.7531259059906006,"Width":0.025531159713864326},"Polygon":[{"X":0.6629884839057922,"Y":0.7531259059906006},{"X":0.6885191202163696,"Y":0.7531290054321289},{"X":0.6885196566581726,"Y":0.7694348096847534},{"X":0.6629887819290161,"Y":0.7694315910339355}]},"Id":"796e5901-255d-4f6d-99b6-d6ea25b943ec","Text":"738","TextType":"PRINTED"},{"BlockType":"WORD","Confidence":98.8751220703125,"Geometry":{"BoundingBox":{"Height":0.0165196992456913,"Left":0.9642217755317688,"Top":0.7529962062835693,"Width":0.030533533543348312},"Polygon":[{"X":0.9642217755317688,"Y":0.7529962062835693},{"X":0.9947524666786194,"Y":0.7529999017715454},{"X":0.9947553277015686,"Y":0.7695159316062927},{"X":0.9642243385314941,"Y":0.7695120573043823}]},"Id":"50c8e319-cc6a-43f4-a3eb-ffc246d4413a","Text":"5:05","TextType":"PRINTED"},{"BlockType":"WORD","Confidence":99.93697357177734,"Geometry":{"BoundingBox":{"Height":0.01874009147286415,"Left":0.023926332592964172,"Top":0.7772859334945679,"Width":0.057365868240594864},"Polygon":[{"X":0.023931443691253662,"Y":0.7772859334945679},{"X":0.08129219710826874,"Y":0.7772932648658752},{"X":0.08128757774829865,"Y":0.7960260510444641},{"X":0.023926332592964172,"Y":0.7960184216499329}]},"Id":"f80de55b-2f8a-4060-98a0-1bd9a4c5b1d8","Text":"24Apr23","TextType":"PRINTED"},{"BlockType":"WORD","Confidence":99.97310638427734,"Geometry":{"BoundingBox":{"Height":0.016759881749749184,"Left":0.3382387161254883,"Top":0.7768613696098328,"Width":0.030632713809609413},"Polygon":[{"X":0.3382408916950226,"Y":0.7768613696098328},{"X":0.36887142062187195,"Y":0.7768653035163879},{"X":0.36886951327323914,"Y":0.7936212420463562},{"X":0.3382387161254883,"Y":0.7936171889305115}]},"Id":"21231d36-ff42-4bcc-ab8b-ef52fe4fb2b0","Text":"OFF","TextType":"PRINTED"},{"BlockType":"WORD","Confidence":99.92979431152344,"Geometry":{"BoundingBox":{"Height":0.016672873869538307,"Left":0.4215129017829895,"Top":0.7769246697425842,"Width":0.03448617085814476},"Polygon":[{"X":0.4215144217014313,"Y":0.7769246697425842},{"X":0.45599907636642456,"Y":0.7769290804862976},{"X":0.4559978246688843,"Y":0.7935975790023804},{"X":0.4215129017829895,"Y":0.7935929894447327}]},"Id":"ce059161-c73d-4d77-bd26-e98d54ea2371","Text":"GMP","TextType":"PRINTED"},{"BlockType":"WORD","Confidence":99.86897277832031,"Geometry":{"BoundingBox":{"Height":0.016955047845840454,"Left":0.502434492111206,"Top":0.7770918607711792,"Width":0.03471936285495758},"Polygon":[{"X":0.5024353861808777,"Y":0.7770918607711792},{"X":0.5371538400650024,"Y":0.7770963311195374},{"X":0.5371532440185547,"Y":0.7940468788146973},{"X":0.502434492111206,"Y":0.7940422892570496}]},"Id":"8232076d-93e4-4b9b-8307-623cd51bae07","Text":"0000","TextType":"PRINTED"},{"BlockType":"WORD","Confidence":99.9518814086914,"Geometry":{"BoundingBox":{"Height":0.017128752544522285,"Left":0.5423547625541687,"Top":0.7766047120094299,"Width":0.03405381366610527},"Polygon":[{"X":0.5423553586006165,"Y":0.7766047120094299},{"X":0.5764085650444031,"Y":0.7766090631484985},{"X":0.5764082074165344,"Y":0.7937334775924683},{"X":0.5423547625541687,"Y":0.7937289476394653}]},"Id":"1e43f2c1-e902-4b61-8cdc-5e3e0170beb9","Text":"GMP","TextType":"PRINTED"},{"BlockType":"WORD","Confidence":99.95367431640625,"Geometry":{"BoundingBox":{"Height":0.016915172338485718,"Left":0.6231544613838196,"Top":0.7769066691398621,"Width":0.034553539007902145},"Polygon":[{"X":0.6231544613838196,"Y":0.7769066691398621},{"X":0.6577077507972717,"Y":0.7769110798835754},{"X":0.6577079892158508,"Y":0.7938218116760254},{"X":0.6231545209884644,"Y":0.7938172221183777}]},"Id":"ac8e4934-1bcc-48c0-bda4-b6df305177b8","Text":"2359","TextType":"PRINTED"},{"BlockType":"WORD","Confidence":99.89208221435547,"Geometry":{"BoundingBox":{"Height":0.018655292689800262,"Left":0.023921610787510872,"Top":0.8035673499107361,"Width":0.057419296354055405},"Polygon":[{"X":0.02392669767141342,"Y":0.8035673499107361},{"X":0.08134090900421143,"Y":0.8035750985145569},{"X":0.08133631199598312,"Y":0.8222226500511169},{"X":0.023921610787510872,"Y":0.822214663028717}]},"Id":"23912222-8bbd-44f9-9347-712742f8c4a4","Text":"25Apr23","TextType":"PRINTED"},{"BlockType":"WORD","Confidence":99.88256072998047,"Geometry":{"BoundingBox":{"Height":0.016566433012485504,"Left":0.23808187246322632,"Top":0.8035210967063904,"Width":0.03469640016555786},"Polygon":[{"X":0.23808476328849792,"Y":0.8035210967063904},{"X":0.2727782726287842,"Y":0.8035257458686829},{"X":0.2727756202220917,"Y":0.8200874924659729},{"X":0.23808187246322632,"Y":0.8200827240943909}]},"Id":"2f9987b7-e4d9-4846-842f-b0df4f5e84a3","Text":"0900","TextType":"PRINTED"},{"BlockType":"WORD","Confidence":99.81639099121094,"Geometry":{"BoundingBox":{"Height":0.016096055507659912,"Left":0.33812835812568665,"Top":0.8036140203475952,"Width":0.04257147014141083},"Polygon":[{"X":0.3381304442882538,"Y":0.8036140203475952},{"X":0.38069984316825867,"Y":0.8036197423934937},{"X":0.3806980848312378,"Y":0.8197100758552551},{"X":0.33812835812568665,"Y":0.8197041749954224}]},"Id":"7a8702d9-3142-4d3d-abbb-1daf7bae6624","Text":"JCRM","TextType":"PRINTED"},{"BlockType":"WORD","Confidence":99.8602066040039,"Geometry":{"BoundingBox":{"Height":0.01638225093483925,"Left":0.42157214879989624,"Top":0.8032822608947754,"Width":0.03435913845896721},"Polygon":[{"X":0.4215736389160156,"Y":0.8032822608947754},{"X":0.45593127608299255,"Y":0.8032868504524231},{"X":0.45593005418777466,"Y":0.819664478302002},{"X":0.42157214879989624,"Y":0.8196597099304199}]},"Id":"1fb8827c-ecd2-4875-a656-acc12968daab","Text":"GMP","TextType":"PRINTED"},{"BlockType":"WORD","Confidence":99.88590240478516,"Geometry":{"BoundingBox":{"Height":0.016138484701514244,"Left":0.502399742603302,"Top":0.8037794828414917,"Width":0.0345102921128273},"Polygon":[{"X":0.5024005770683289,"Y":0.8037794828414917},{"X":0.5369099974632263,"Y":0.8037841320037842},{"X":0.5369094014167786,"Y":0.8199179768562317},{"X":0.502399742603302,"Y":0.8199131488800049}]},"Id":"aec3d090-8d9e-4c4e-a89d-6a827920e22e","Text":"0900","TextType":"PRINTED"},{"BlockType":"WORD","Confidence":99.8995590209961,"Geometry":{"BoundingBox":{"Height":0.01628698594868183,"Left":0.5422641038894653,"Top":0.8032590746879578,"Width":0.03439432382583618},"Polygon":[{"X":0.5422646999359131,"Y":0.8032590746879578},{"X":0.5766584277153015,"Y":0.8032637238502502},{"X":0.5766580700874329,"Y":0.819546103477478},{"X":0.5422641038894653,"Y":0.819541335105896}]},"Id":"ebde521c-937a-45a8-8b19-76153c54741a","Text":"GMP","TextType":"PRINTED"},{"BlockType":"WORD","Confidence":99.94176483154297,"Geometry":{"BoundingBox":{"Height":0.01575789414346218,"Left":0.6245430707931519,"Top":0.8038946390151978,"Width":0.032741427421569824},"Polygon":[{"X":0.6245430707931519,"Y":0.8038946390151978},{"X":0.6572842597961426,"Y":0.8038990497589111},{"X":0.6572844982147217,"Y":0.8196524977684021},{"X":0.6245431303977966,"Y":0.8196"
14:55:34.246 [Test worker] DEBUG org.apache.http.wire - http-outgoing-0 << "479678153992}]},"Id":"d971842d-0664-41a3-a174-e870809ee40e","Text":"1100","TextType":"PRINTED"},{"BlockType":"WORD","Confidence":99.91618347167969,"Geometry":{"BoundingBox":{"Height":0.01652691327035427,"Left":0.2997039258480072,"Top":0.8277668952941895,"Width":0.03396447375416756},"Polygon":[{"X":0.2997063398361206,"Y":0.8277668952941895},{"X":0.33366838097572327,"Y":0.82777166366"
14:55:34.247 [Test worker] DEBUG org.apache.http.wire - http-outgoing-0 << "57715},{"X":0.33366620540618896,"Y":0.8442937731742859},{"X":0.2997039258480072,"Y":0.8442888855934143}]},"Id":"f8b4553c-a4d4-4fe8-a73c-946145dc1c6a","Text":"1300","TextType":"PRINTED"},{"BlockType":"WORD","Confidence":99.41001892089844,"Geometry":{"BoundingBox":{"Height":0.01913926750421524,"Left":0.33804455399513245,"Top":0.8275692462921143,"Width":0.061781901866197586},"Polygon":[{"X":0.3380470275878906,"Y":0.8275692462921143},{"X":0.3998264670372009,"Y":0.8275779485702515},{"X":0.3998245298862457,"Y":0.8467085361480713},{"X":0.33804455399513245,"Y":0.8466995358467102}]},"Id":"db71d5c9-bc1d-4397-94e9-fe22784b71a2","Text":"TR_GRD","TextType":"PRINTED"},{"BlockType":"WORD","Confidence":99.87754821777344,"Geometry":{"BoundingBox":{"Height":0.016215337440371513,"Left":0.42171230912208557,"Top":0.8278627991676331,"Width":0.034138813614845276},"Polygon":[{"X":0.42171379923820496,"Y":0.8278627991676331},{"X":0.45585113763809204,"Y":0.8278675675392151},{"X":0.45584991574287415,"Y":0.8440781235694885},{"X":0.421712"
14:55:34.350 [Test worker] DEBUG org.apache.http.wire - http-outgoing-0 << "30912208557,"Y":0.8440731763839722}]},"Id":"d183421a-a8a9-4d6f-a046-a395698d804f","Text":"GMP","TextType":"PRINTED"},{"BlockType":"WORD","Confidence":99.951171875,"Geometry":{"BoundingBox":{"Height":0.016066189855337143,"Left":0.5040155053138733,"Top":0.8281289935112,"Width":0.032707154750823975},"Polygon":[{"X":0.5040163397789001,"Y":0.8281289935112},{"X":0.5367226600646973,"Y":0.8281336426734924},{"X":0.5367220640182495,"Y":0.8441951870918274},{"X":0.5040155053138733,"Y":0.8441904783248901}]},"Id":"b61e2bec-b109-46fc-82b6-504d09f1473d","Text":"1100","TextType":"PRINTED"},{"BlockType":"WORD","Confidence":99.93375396728516,"Geometry":{"BoundingBox":{"Height":0.016060955822467804,"Left":0.5425670146942139,"Top":0.8279531002044678,"Width":0.03421176224946976},"Polygon":[{"X":0.5425675511360168,"Y":0.8279531002044678},{"X":0.576778769493103,"Y":0.8279579281806946},{"X":0.5767784714698792,"Y":0.844014048576355},{"X":0.5425670146942139,"Y":0.8440091013908386}]},"Id":"55209792-d1ba-4220-9824-0199e6d4fada","Text":"GMP","TextType":"PRINTED"},{"BlockType":"WORD","Confidence":99.96551513671875,"Geometry":{"BoundingBox":{"Height":0.01610000617802143,"Left":0.62442946434021,"Top":0.8278704285621643,"Width":0.03272046893835068},"Polygon":[{"X":0.62442946434021,"Y":0.8278704285621643},{"X":0.657149612903595,"Y":0.827875018119812},{"X":0.6571499109268188,"Y":0.8439704179763794},{"X":0.62442946434021,"Y":0.8439656496047974}]},"Id":"e9391d62-bdac-4bce-b6f9-b51be69784e7","Text":"1300","TextType":"PRINTED"},{"BlockType":"WORD","Confidence":99.89750671386719,"Geometry":{"BoundingBox":{"Height":0.019132478162646294,"Left":0.02400386519730091,"Top":0.8519622087478638,"Width":0.0574834868311882},"Polygon":[{"X":0.024009082466363907,"Y":0.8519622087478638},{"X":0.08148735016584396,"Y":0.8519706130027771},{"X":0.08148264139890671,"Y":0.8710946440696716},{"X":0.02400386519730091,"Y":0.8710859417915344}]},"Id":"efb8679e-a00f-4e52-9f1d-a685e8c2a94e","Text":"26Apr23","TextType":"PRINTED"},{"BlockType":"WORD","Confidence":99.89875793457031,"Geometry":{"BoundingBox":{"Height":0.01728135719895363,"Left":0.08668596297502518,"Top":0.8515267372131348,"Width":0.04347386583685875},"Polygon":[{"X":0.08669018000364304,"Y":0.8515267372131348},{"X":0.13015982508659363,"Y":0.8515331149101257},{"X":0.13015595078468323,"Y":0.8688080906867981},{"X":0.08668596297502518,"Y":0.8688015341758728}]},"Id":"8688314b-8466-4e3f-90a9-d3c1105b65d3","Text":"F1406","TextType":"PRINTED"},{"BlockType":"WORD","Confidence":99.85209655761719,"Geometry":{"BoundingBox":{"Height":0.015838876366615295,"Left":0.23970244824886322,"Top":0.852545976638794,"Width":0.03307187929749489},"Polygon":[{"X":0.23970520496368408,"Y":0.852545976638794},{"X":0.272774338722229,"Y":0.8525508046150208},{"X":0.27277180552482605,"Y":0.868384838104248},{"X":0.23970244824886322,"Y":0.8683798313140869}]},"Id":"0773eef2-2c7f-4535-9bb0-5ca4011cee9f","Text":"1355","TextType":"PRINTED"},{"BlockType":"WORD","Confidence":99.95430755615234,"Geometry":{"BoundingBox":{"Height":0.016207996755838394,"Left":0.3392927348613739,"Top":0.8524943590164185,"Width":0.03352466598153114},"Polygon":[{"X":0.33929482102394104,"Y":0.8524943590164185},{"X":0.37281739711761475,"Y":0.85249924659729},{"X":0.3728155493736267,"Y":0.8687023520469666},{"X":0.3392927348613739,"Y":0.8686972856521606}]},"Id":"22182965-116f-4fb0-9483-705c0a0ed1e0","Text":"1406","TextType":"PRINTED"},{"BlockType":"WORD","Confidence":99.6859130859375,"Geometry":{"BoundingBox":{"Height":0.01631307043135166,"Left":0.42174726724624634,"Top":0.8520892262458801,"Width":0.0263459924608469},"Polygon":[{"X":0.42174872756004333,"Y":0.8520892262458801},{"X":0.4480932354927063,"Y":0.8520931005477905},{"X":0.44809195399284363,"Y":0.8684023022651672},{"X":0.42174726724624634,"Y":0.8683983087539673}]},"Id":"fe0e7c48-c637-4a2d-be19-c6dbced255a9","Text":"ICN","TextType":"PRINTED"},{"BlockType":"WORD","Confidence":99.83758544921875,"Geometry":{"BoundingBox":{"Height":0.016123665496706963,"Left":0.5039429068565369,"Top":0.852360188961029,"Width":0.03290910646319389},"Polygon":[{"X":0.5039437413215637,"Y":0.852360188961029},{"X":0.5368520021438599,"Y":0.8523650169372559},{"X":0.5368514060974121,"Y":0.86848384141922},{"X":0.5039429068565369,"Y":0.8684788942337036}]},"Id":"7c34e5c4-e9d5-41c9-b2e8-a80dc673b5aa","Text":"1605","TextType":"PRINTED"},{"BlockType":"WORD","Confidence":99.88633728027344,"Geometry":{"BoundingBox":{"Height":0.016433335840702057,"Left":0.5422595739364624,"Top":0.8519439697265625,"Width":0.0308186374604702},"Polygon":[{"X":0.5422601699829102,"Y":0.8519439697265625},{"X":0.5730782151222229,"Y":0.8519484996795654},{"X":0.5730778574943542,"Y":0.8683773279190063},{"X":0.5422595739364624,"Y":0.8683726787567139}]},"Id":"9923e3d4-c7d0-488f-968e-aa1fa2257be9","Text":"FUK","TextType":"PRINTED"},{"BlockType":"WORD","Confidence":99.9557113647461,"Geometry":{"BoundingBox":{"Height":0.016104279085993767,"Left":0.6240010857582092,"Top":0.8522273302078247,"Width":0.03309221193194389},"Polygon":[{"X":0.6240010857582092,"Y":0.8522273302078247},{"X":0.6570930480957031,"Y":0.8522322177886963},{"X":0.657093346118927,"Y":0.8683316111564636},{"X":0.624001145362854,"Y":0.8683266043663025}]},"Id":"15765616-812d-47b4-8518-579b68270e7e","Text":"1730","TextType":"PRINTED"},{"BlockType":"WORD","Confidence":99.88628387451172,"Geometry":{"BoundingBox":{"Height":0.016287855803966522,"Left":0.663142204284668,"Top":0.8520887494087219,"Width":0.025477133691310883},"Polygon":[{"X":0.663142204284668,"Y":0.8520887494087219},{"X":0.6886188387870789,"Y":0.8520925045013428},{"X":0.6886193752288818,"Y":0.868376612663269},{"X":0.6631425619125366,"Y":0.8683727979660034}]},"Id":"8a133fd8-e81a-4613-b357-9e7eb96019dc","Text":"738","TextType":"PRINTED"},{"BlockType":"WORD","Confidence":99.06488037109375,"Geometry":{"BoundingBox":{"Height":0.0156951192766428,"Left":0.9654211401939392,"Top":0.8526726961135864,"Width":0.029435670003294945},"Polygon":[{"X":0.9654211401939392,"Y":0.8526726961135864},{"X":0.9948541522026062,"Y":0.8526769876480103},{"X":0.9948568344116211,"Y":0.8683677911758423},{"X":0.9654236435890198,"Y":0.8683633804321289}]},"Id":"e6dcf50a-8562-4594-ba7a-21b3612d4dfb","Text":"1:25","TextType":"PRINTED"},{"BlockType":"WORD","Confidence":99.94560241699219,"Geometry":{"BoundingBox":{"Height":0.016319409012794495,"Left":0.2988271415233612,"Top":0.8784191608428955,"Width":0.034971918910741806},"Polygon":[{"X":0.2988295257091522,"Y":0.8784191608428955},{"X":0.3337990641593933,"Y":0.8784245252609253},{"X":0.3337969183921814,"Y":0.8947386145591736},{"X":0.2988271415233612,"Y":0.8947330713272095}]},"Id":"7ed81174-0bcb-4c12-a84d-b7a6d44d7f97","Text":"2245","TextType":"PRINTED"},{"BlockType":"WORD","Confidence":99.89808654785156,"Geometry":{"BoundingBox":{"Height":0.016260843724012375,"Left":0.33833804726600647,"Top":0.8784573078155518,"Width":0.034189578145742416},"Polygon":[{"X":0.3383401334285736,"Y":0.8784573078155518},{"X":0.3725276291370392,"Y":0.878462553024292},{"X":0.37252578139305115,"Y":0.8947181701660156},{"X":0.33833804726600647,"Y":0.8947128057479858}]},"Id":"242ee16b-e119-49d6-b7a6-dbbdc85200e5","Text":"1405","TextType":"PRINTED"},{"BlockType":"WORD","Confidence":99.91716003417969,"Geometry":{"BoundingBox":{"Height":0.016350090503692627,"Left":0.42184534668922424,"Top":0.8781550526618958,"Width":0.03057119809091091},"Polygon":[{"X":0.42184683680534363,"Y":0.8781550526618958},{"X":0.4524165689945221,"Y":0.878159761428833},{"X":0.4524152874946594,"Y":0.8945051431655884},{"X":0.42184534668922424,"Y":0.8945003151893616}]},"Id":"33ba68a9-4d0b-416a-9279-d8088fc925fd","Text":"FUK","TextType":"PRINTED"},{"BlockType":"WORD","Confidence":99.94842529296875,"Geometry":{"BoundingBox":{"Height":0.015873773023486137,"Left":0.5039296746253967,"Top":0.8784828186035156,"Width":0.03254970908164978},"Polygon":[{"X":0.5039305090904236,"Y":0.8784828186035156},{"X":0.5364793539047241,"Y":0.8784878253936768},{"X":0.5364787578582764,"Y":0.8943566"
14:55:34.355 [Test worker] DEBUG org.apache.http.wire - http-outgoing-0 << "083908081},{"X":0.5039296746253967,"Y":0.8943514227867126}]},"Id":"07233d04-ad1d-4536-8040-d0eb818e593f","Text":"1950","TextType":"PRINTED"},{"BlockType":"WORD","Confidence":99.29283905029297,"Geometry":{"BoundingBox":{"Height":0.01650611124932766,"Left":0.5419593453407288,"Top":0.87806636095047,"Width":0.02697920985519886},"Polygon":[{"X":0.5419599413871765,"Y":0.87806636095047},{"X":0.5689385533332825,"Y":0.8780704736709595},{"X":0.568938136100769,"Y":0.8945724368095398},{"X":0.5419593453407288,"Y":0.8945682048797607}]},"Id":"aba628a5-584a-4238-9a61-45eda59ebe7c","Text":"ICN","TextType":"PRINTED"},{"BlockType":"WORD","Confidence":99.98058319091797,"Geometry":{"BoundingBox":{"Height":0.016078108921647072,"Left":0.6232529282569885,"Top":0.8783403038978577,"Width":0.0337614044547081},"Polygon":[{"X":0.6232529282569885,"Y":0.8783403038978577},{"X":0.6570140719413757,"Y":0.8783454895019531},{"X":0.6570143699645996,"Y":0.8944184184074402},{"X":0.6232529282569885,"Y":0.8944130539894104}]},"Id":"090fe801-ee0a-4b44-8dcc-062e568e71ae","Text":"2145","TextType":"PRINTED"},{"BlockType":"WORD","Confidence":99.87791442871094,"Geometry":{"BoundingBox":{"Height":0.01606760174036026,"Left":0.663341760635376,"Top":0.8783828020095825,"Width":0.025190409272909164},"Polygon":[{"X":0.663341760635376,"Y":0.8783828020095825},{"X":0.6885316371917725,"Y":0.8783866763114929},{"X":0.6885321736335754,"Y":0.8944504261016846},{"X":0.6633420586585999,"Y":0.8944464325904846}]},"Id":"6b77d4ba-47c8-4f8f-b6e2-8a41935ffaa7","Text":"738","TextType":"PRINTED"},{"BlockType":"WORD","Confidence":98.5366439819336,"Geometry":{"BoundingBox":{"Height":0.015657886862754822,"Left":0.9653757214546204,"Top":0.8787305951118469,"Width":0.02906488999724388},"Polygon":[{"X":0.9653757214546204,"Y":0.8787305951118469},{"X":0.9944379925727844,"Y":0.8787350654602051},{"X":0.9944406151771545,"Y":0.8943884968757629},{"X":0.9653782248497009,"Y":0.8943839073181152}]},"Id":"6c84c21d-bd01-4b22-896b-5d756a27d7ac","Text":"1:55","TextType":"PRINTED"},{"BlockType":"WORD","Confidence":99.8912124633789,"Geometry":{"BoundingBox":{"Height":0.01878201588988304,"Left":0.02370239794254303,"Top":0.9023288488388062,"Width":0.057811371982097626},"Polygon":[{"X":0.023707520216703415,"Y":0.9023288488388062},{"X":0.08151376992464066,"Y":0.9023380875587463},{"X":0.08150914311408997,"Y":0.9211108684539795},{"X":0.02370239794254303,"Y":0.9211013317108154}]},"Id":"d1a69c48-5588-4678-86d3-620efde1d94f","Text":"27Apr23","TextType":"PRINTED"},{"BlockType":"WORD","Confidence":99.94314575195312,"Geometry":{"BoundingBox":{"Height":0.015535514801740646,"Left":0.23957781493663788,"Top":0.9030660390853882,"Width":0.03167525306344032},"Polygon":[{"X":0.23958051204681396,"Y":0.9030660390853882},{"X":0.2712530493736267,"Y":0.9030710458755493},{"X":0.27125057578086853,"Y":0.9186015129089355},{"X":0.23957781493663788,"Y":0.9185963273048401}]},"Id":"ac895247-8f65-4942-a6c9-094f894b867b","Text":"1201","TextType":"PRINTED"},{"BlockType":"WORD","Confidence":99.97783660888672,"Geometry":{"BoundingBox":{"Height":0.01574484258890152,"Left":0.29864561557769775,"Top":0.9031746983528137,"Width":0.034481246024370193},"Polygon":[{"X":0.298647940158844,"Y":0.9031746983528137},{"X":0.33312687277793884,"Y":0.9031801819801331},{"X":0.3331247866153717,"Y":0.918919563293457},{"X":0.29864561557769775,"Y":0.9189139008522034}]},"Id":"cff3ce0e-fb0e-4f30-bc11-1b7c08346f4f","Text":"2200","TextType":"PRINTED"},{"BlockType":"WORD","Confidence":99.86936950683594,"Geometry":{"BoundingBox":{"Height":0.016695180907845497,"Left":0.3383391797542572,"Top":0.9021822810173035,"Width":0.027796661481261253},"Polygon":[{"X":0.3383413255214691,"Y":0.9021822810173035},{"X":0.366135835647583,"Y":0.9021866917610168},{"X":0.3661338984966278,"Y":0.9188774228096008},{"X":0.3383391797542572,"Y":0.9188728928565979}]},"Id":"9b397f05-c947-4abf-801d-64413f9fbc16","Text":"SB1","TextType":"PRINTED"},{"BlockType":"WORD","Confidence":99.90457916259766,"Geometry":{"BoundingBox":{"Height":0.01590702310204506,"Left":0.42187070846557617,"Top":0.9023674130439758,"Width":0.033867452293634415},"Polygon":[{"X":0.42187216877937317,"Y":0.9023674130439758},{"X":0.4557381570339203,"Y":0.9023727774620056},{"X":0.4557369649410248,"Y":0.9182744026184082},{"X":0.42187070846557617,"Y":0.9182688593864441}]},"Id":"594cbab4-b8a2-4652-b8ba-8fe17f62540c","Text":"GMP","TextType":"PRINTED"},{"BlockType":"WORD","Confidence":99.94312286376953,"Geometry":{"BoundingBox":{"Height":0.016106337308883667,"Left":0.503735363483429,"Top":0.9027552604675293,"Width":0.032096486538648605},"Polygon":[{"X":0.5037362575531006,"Y":0.9027552604675293},{"X":0.535831868648529,"Y":0.90276038646698},{"X":0.5358312726020813,"Y":0.9188615679740906},{"X":0.503735363483429,"Y":0.9188563227653503}]},"Id":"8cd8dfa1-0fe7-44ac-a0ab-4fcaafb2b460","Text":"1201","TextType":"PRINTED"},{"BlockType":"WORD","Confidence":99.92252349853516,"Geometry":{"BoundingBox":{"Height":0.01580626331269741,"Left":0.5425011515617371,"Top":0.9024357199668884,"Width":0.03434459865093231},"Polygon":[{"X":0.5425017476081848,"Y":0.9024357199668884},{"X":0.5768457651138306,"Y":0.9024412035942078},{"X":0.5768454670906067,"Y":0.9182419776916504},{"X":0.5425011515617371,"Y":0.9182363748550415}]},"Id":"07d58c2c-f34a-43c1-9c60-4b3f71960315","Text":"GMP","TextType":"PRINTED"},{"BlockType":"WORD","Confidence":99.98494720458984,"Geometry":{"BoundingBox":{"Height":0.015824591740965843,"Left":0.6233248710632324,"Top":0.9024394750595093,"Width":0.033963996917009354},"Polygon":[{"X":0.6233248710632324,"Y":0.9024394750595093},{"X":0.6572886109352112,"Y":0.9024448990821838},{"X":0.6572889089584351,"Y":0.9182640314102173},{"X":0.6233249306678772,"Y":0.9182584881782532}]},"Id":"80f48aa2-5585-4dc9-9f9c-2fc85de82470","Text":"2200","TextType":"PRINTED"},{"BlockType":"WORD","Confidence":99.9092788696289,"Geometry":{"BoundingBox":{"Height":0.01870395988225937,"Left":0.023880699649453163,"Top":0.9269205927848816,"Width":0.05750470981001854},"Polygon":[{"X":0.023885799571871758,"Y":0.9269205927848816},{"X":0.08138541132211685,"Y":0.9269301295280457},{"X":0.08138080686330795,"Y":0.9456245303153992},{"X":0.023880699649453163,"Y":0.945614755153656}]},"Id":"6a5ad60a-0e7d-4f7e-9801-bb1fe07f3d60","Text":"28Apr23","TextType":"PRINTED"},{"BlockType":"WORD","Confidence":99.9739990234375,"Geometry":{"BoundingBox":{"Height":0.01654241792857647,"Left":0.33820974826812744,"Top":0.9265499114990234,"Width":0.030759723857045174},"Polygon":[{"X":0.33821186423301697,"Y":0.9265499114990234},{"X":0.36896947026252747,"Y":0.9265550374984741},{"X":0.36896756291389465,"Y":0.9430923461914062},{"X":0.33820974826812744,"Y":0.9430871605873108}]},"Id":"f18930f1-ce1c-4dd8-97d4-403f434fa5f0","Text":"OFF","TextType":"PRINTED"},{"BlockType":"WORD","Confidence":99.89469909667969,"Geometry":{"BoundingBox":{"Height":0.0160833653062582,"Left":0.42166459560394287,"Top":0.9269196391105652,"Width":0.03426400572061539},"Polygon":[{"X":0.42166605591773987,"Y":0.9269196391105652},{"X":0.45592859387397766,"Y":0.9269253015518188},{"X":0.45592740178108215,"Y":0.9430029988288879},{"X":0.42166459560394287,"Y":0.9429971575737}]},"Id":"4ab28533-b884-442b-be85-1cf60dd41d65","Text":"GMP","TextType":"PRINTED"},{"BlockType":"WORD","Confidence":99.85611724853516,"Geometry":{"BoundingBox":{"Height":0.016657395288348198,"Left":0.5024106502532959,"Top":0.9267228245735168,"Width":0.034728873521089554},"Polygon":[{"X":0.5024115443229675,"Y":0.9267228245735168},{"X":0.5371395349502563,"Y":0.9267286062240601},{"X":0.5371388792991638,"Y":0.9433802366256714},{"X":0.5024106502532959,"Y":0.9433743357658386}]},"Id":"71caac5d-9c98-4d5e-8c5f-83ba052b70d9","Text":"0000","TextType":"PRINTED"},{"BlockType":"WORD","Confidence":99.93244171142578,"Geometry":{"BoundingBox":{"Height":0.016354763880372047,"Left":0.542423665523529,"Top":0.9266747832298279,"Width":0.03422920033335686},"Polygon":[{"X":0.5424242615699768,"Y":0.9266747832298279},{"X":0.5766528844833374,"Y":0.9266804"
14:55:34.358 [Test worker] DEBUG org.apache.http.wire - http-outgoing-0 << "456710815},{"X":0.5766525268554688,"Y":0.9430295825004578},{"X":0.542423665523529,"Y":0.9430237412452698}]},"Id":"ac8c3818-6d35-47bf-9bfb-55eb36906c17","Text":"GMP","TextType":"PRINTED"},{"BlockType":"WORD","Confidence":99.98267364501953,"Geometry":{"BoundingBox":{"Height":0.01624533347785473,"Left":0.6232135891914368,"Top":0.9268524646759033,"Width":0.03435724601149559},"Polygon":"
14:55:34.359 [Test worker] DEBUG org.apache.http.wire - http-outgoing-0 << "[{"X":0.6232135891914368,"Y":0.9268524646759033},{"X":0.6575706005096436,"Y":0.9268581867218018},{"X":0.6575708389282227,"Y":0.9430977702140808},{"X":0.6232136487960815,"Y":0.9430919885635376}]},"Id":"365f5415-0a27-496e-9bb3-ff2fb761a716","Text":"2359","TextType":"PRINTED"},{"BlockType":"WORD","Confidence":99.92705535888672,"Geometry":{"BoundingBox":{"Height":0.01857800781726837,"Left":0.023704510182142258,"Top":0.9531498551368713,"Width":0.05769938603043556},"Polygon":[{"X":0.023709576576948166,"Y":0.9531498551368713},{"X":0.08140389621257782,"Y":0.9531598091125488},{"X":0.08139931410551071,"Y":0.9717279076576233},{"X":0.023704510182142258,"Y":0.9717176556587219}]},"Id":"887173c2-3af2-4511-9820-daa495bf988d","Text":"29Apr23","TextType":"PRINTED"},{"BlockType":"WORD","Confidence":99.96775817871094,"Geometry":{"BoundingBox":{"Height":0.016411369666457176,"Left":0.3382799029350281,"Top":0.952873170375824,"Width":0.030620040372014046},"Polygon":[{"X":0.33828204870224,"Y":0.952873170375824},{"X":0.368899971246719"
14:55:34.361 [Test worker] DEBUG org.apache.http.wire - http-outgoing-0 << "36,"Y":0.9528784155845642},{"X":0.36889806389808655,"Y":0.9692845344543457},{"X":0.3382799029350281,"Y":0.9692791104316711}]},"Id":"f987e460-10f0-4e10-955b-31689fe84ee9","Text":"OFF","TextType":"PRINTED"},{"BlockType":"WORD","Confidence":99.87995910644531,"Geometry":{"BoundingBox":{"Height":0.016011128202080727,"Left":0.42164450883865356,"Top":0.9531584978103638,"Width":0.0342487208545208},"Polygon":[{"X":0.42164596915245056,"Y":0.9531584978103638},{"X":0.45589324831962585,"Y":0.9531643986701965},{"X":0.45589202642440796,"Y":0.9691696166992188},{"X":0.42164450883865356,"Y":0.9691635966300964}]},"Id":"814fc971-4f55-4031-99f4-2d1fe6fbefa8","Text":"GMP","TextType":"PRINTED"},{"BlockType":"WORD","Confidence":99.86442565917969,"Geometry":{"BoundingBox":{"Height":0.016158878803253174,"Left":0.502271831035614,"Top":0.9535235166549683,"Width":0.03460241109132767},"Polygon":[{"X":0.5022726655006409,"Y":0.9535235166549683},{"X":0.5368742346763611,"Y":0.9535294771194458},{"X":0.5368736386299133,"Y":0.9696823954582214},{"X":0.502271831035614,"Y":0.9696763157844543}]},"Id":"3de6000e-07b0-4e00-8a2c-93e622b4cd4f","Text":"0000","TextType":"PRINTED"},{"BlockType":"WORD","Confidence":99.91239166259766,"Geometry":{"BoundingBox":{"Height":0.01594621129333973,"Left":0.5426532030105591,"Top":0.9530601501464844,"Width":0.03400200605392456},"Polygon":[{"X":0.5426537990570068,"Y":0.9530601501464844},{"X":0.5766552090644836,"Y":0.9530659914016724},{"X":0.5766549110412598,"Y":0.969006359577179},{"X":0.5426532030105591,"Y":0.9690003395080566}]},"Id":"73144d3e-de14-40dc-9f08-75f4f282519d","Text":"GMP","TextType":"PRINTED"},{"BlockType":"WORD","Confidence":99.97396850585938,"Geometry":{"BoundingBox":{"Height":0.015964433550834656,"Left":0.6231456995010376,"Top":0.9533742070198059,"Width":0.03429283946752548},"Polygon":[{"X":0.6231456995010376,"Y":0.9533742070198059},{"X":0.6574382781982422,"Y":0.9533801078796387},{"X":0.6574385762214661,"Y":0.9693386554718018},{"X":0.6231457591056824,"Y":0.9693325757980347}]},"Id":"5766851a-8ac7-4f7e-8dbb-695b69ad7ad4","Text":"2359","TextType":"PRINTED"},{"BlockType":"WORD","Confidence":99.94544219970703,"Geometry":{"BoundingBox":{"Height":0.017862575128674507,"Left":0.024091610684990883,"Top":0.9774735569953918,"Width":0.05762699618935585},"Polygon":[{"X":0.024096479639410973,"Y":0.9774735569953918},{"X":0.08171860873699188,"Y":0.977483868598938},{"X":0.0817142128944397,"Y":0.9953361749649048},{"X":0.024091610684990883,"Y":0.9953256249427795}]},"Id":"3361970b-81e5-48d4-bc80-7abd8d33e5e5","Text":"30Apr23","TextType":"PRINTED"},{"BlockType":"WORD","Confidence":99.9413833618164,"Geometry":{"BoundingBox":{"Height":0.015506035648286343,"Left":0.23957577347755432,"Top":0.9777683019638062,"Width":0.03182396665215492},"Polygon":[{"X":0.2395784705877304,"Y":0.9777683019638062},{"X":0.27139973640441895,"Y":0.9777740240097046},{"X":0.27139726281166077,"Y":0.9932743310928345},{"X":0.23957577347755432,"Y":0.9932685494422913}]},"Id":"a45b2e42-256b-4338-a7e0-ade1af722dbc","Text":"1201","TextType":"PRINTED"},{"BlockType":"WORD","Confidence":99.96803283691406,"Geometry":{"BoundingBox":{"Height":0.016035670414566994,"Left":0.2986162304878235,"Top":0.9773245453834534,"Width":0.03458188846707344},"Polygon":[{"X":0.2986185848712921,"Y":0.9773245453834534},{"X":0.33319810032844543,"Y":0.9773306846618652},{"X":0.3331960141658783,"Y":0.993360161781311},{"X":0.2986162304878235,"Y":0.9933539032936096}]},"Id":"2d4a4402-541d-4eb0-adc3-fe7fbf01132c","Text":"2200","TextType":"PRINTED"},{"BlockType":"WORD","Confidence":99.87649536132812,"Geometry":{"BoundingBox":{"Height":0.016022097319364548,"Left":0.33843690156936646,"Top":0.9774184226989746,"Width":0.02761712484061718},"Polygon":[{"X":0.3384389579296112,"Y":0.9774184226989746},{"X":0.3660540282726288,"Y":0.977423369884491},{"X":0.36605215072631836,"Y":0.9934405088424683},{"X":0.33843690156936646,"Y":0.9934355020523071}]},"Id":"948d499f-7513-4dd0-84e2-5e7ec14e74fe","Text":"SB1","TextType":"PRINTED"},{"BlockType":"WORD","Confidence":99.91941833496094,"Geometry":{"BoundingBox":{"Height":0.016439415514469147,"Left":0.4216977655887604,"Top":0.9772465229034424,"Width":0.03462126851081848},"Polygon":[{"X":0.42169925570487976,"Y":0.9772465229034424},{"X":0.45631903409957886,"Y":0.977252721786499},{"X":0.4563177824020386,"Y":0.9936859607696533},{"X":0.4216977655887604,"Y":0.9936796426773071}]},"Id":"a2544d25-53d4-4bf4-b7ed-de8dbd9853dd","Text":"GMP","TextType":"PRINTED"},{"BlockType":"WORD","Confidence":99.95915222167969,"Geometry":{"BoundingBox":{"Height":0.01593233458697796,"Left":0.5035555362701416,"Top":0.9774596691131592,"Width":0.032188475131988525},"Polygon":[{"X":0.5035564303398132,"Y":0.9774596691131592},{"X":0.5357440114021301,"Y":0.9774653911590576},{"X":0.5357434153556824,"Y":0.9933919906616211},{"X":0.5035555362701416,"Y":0.9933861494064331}]},"Id":"868b4b8a-3ac1-4bb1-a31e-2afd57870f0e","Text":"1201","TextType":"PRINTED"},{"BlockType":"WORD","Confidence":99.91924285888672,"Geometry":{"BoundingBox":{"Height":0.016346024349331856,"Left":0.5420050621032715,"Top":0.977428674697876,"Width":0.03525221347808838},"Polygon":[{"X":0.5420056581497192,"Y":0.977428674697876},{"X":0.5772572755813599,"Y":0.9774349927902222},{"X":0.577256977558136,"Y":0.9937747120857239},{"X":0.5420050621032715,"Y":0.9937682747840881}]},"Id":"5956580e-56a3-4821-ba18-14bd2d8c2e94","Text":"GMP","TextType":"PRINTED"},{"BlockType":"WORD","Confidence":99.98517608642578,"Geometry":{"BoundingBox":{"Height":0.015792574733495712,"Left":0.6234026551246643,"Top":0.9774801135063171,"Width":0.03393416106700897},"Polygon":[{"X":0.6234026551246643,"Y":0.9774801135063171},{"X":0.6573365926742554,"Y":0.9774861931800842},{"X":0.6573368310928345,"Y":0.9932727217674255},{"X":0.6234027147293091,"Y":0.9932665228843689}]},"Id":"bc862f0e-e195-42fe-a945-50e4b60ba420","Text":"2200","TextType":"PRINTED"},{"BlockType":"TABLE","Confidence":99.853515625,"EntityTypes":["STRUCTURED_TABLE"],"Geometry":{"BoundingBox":{"Height":0.9955479502677917,"Left":0.0017505004070699215,"Top":0.0027497438713908195,"Width":0.9946980476379395},"Polygon":[{"X":0.0020320862531661987,"Y":0.0028162323869764805},{"X":0.9962775111198425,"Y":0.0027497438713908195},{"X":0.9964485168457031,"Y":0.9982976913452148},{"X":0.0017505004070699215,"Y":0.9981150031089783}]},"Id":"236a7ebc-1080-4cf2-91e3-5d6e22d2fe8f","Relationships":[{"Ids":["7c3688ca-4d06-4b92-a426-b075d52eff2f","ff949f61-af4e-49b6-be63-95017a1dbffa","153fc825-4239-406d-8528-163d54c559b9","74e24b31-9254-4f63-8b03-9d84879fc9c6","ddfa7abb-c536-4047-be27-e654a9c65a88","debe25fe-e28b-4bba-aaaf-ed11239a414c","bf97e1ac-2025-485a-9d18-250fc8d6c371","b088ff0d-e0d4-4cf0-a933-1c12114a1860","3ec5319c-7016-4815-83c5-21b693f63715","3271792e-e652-4d2c-b6c9-6bedd9582e1d","390bfd1f-0209-4bdc-9b93-47cf2d0e1b56","4da296ae-38e7-41c5-9a4a-521353d47937","541f88e2-51db-49c8-ab0e-0147084dff29","94812715-1bba-49a8-b6ef-4d7b4f0029f2","8b80f3d7-f40d-46e8-a9a2-7b0fa5b3d555","a2e6eefc-c8e1-4390-8bb6-c50220dfc1fc","2af6bd09-dabc-42bc-a584-54cb55f8a385","0f8a04ac-05dd-4d33-a2f1-8cd9c477f0e0","e1d732ba-0ce4-4f93-b079-0030721c4fb5","e4c80b1e-c885-404b-a628-f1424cb307f4","f43058d3-6ef5-4f01-90b2-a5e03cadd437","65053886-1bc7-4125-9141-bb88776becbe","6e0c0985-e378-4d9c-84df-3b1618fd50a8","2127da54-82e2-47ab-8274-7c5ef49b38b8","f47e46aa-f665-4317-832c-b24181ff7a41","e45eae64-9ea7-422a-b10e-79ce252bbb83","1801e5fe-323f-4f8b-bfbc-3eb789632f28","73943241-caf9-4554-8ee1-e20a8cf09135","41ac9c3d-6fee-4d9e-ba57-29b9c82fe5b9","853b79fc-feb9-4e04-aa48-a86d3215c37b","d7e65b87-224d-4974-8e1a-921883174eed","044055a3-68ea-4a22-9fac-f3527ac0756b","7c05abb6-d0d2-479f-ae8f-f275c3a267d3","0e2569b2-32fb-471c-b4b9-27b53e9be2ad","97b595c4-3359-48dd-a690-0b5b931475ef","61c9ff5d-9565-4ca2-9d08-870df99fae45","c5dc5b42-8348-418e-8d17-f035167262e3","d1a22509-ecda-46b1-99ee-58ed8856181d","3cf59f01-14f5-40f9-bf8e-afaef762e2f0","6ee33d98-67e9-4867-a947-4cd46068f86a","2db757cb-e63e-4500-abd5-19b652795925","a81e"
14:55:34.378 [Test worker] DEBUG org.apache.http.wire - http-outgoing-0 << "a3aa-59bd-4deb-870a-bd4a8ac00a5f","2387bcb0-eeb2-4e1d-8869-a4ca28a2c858","64a8487c-73b8-469e-b3be-6b3af9c30744","7a039009-669f-47ea-9ff5-30b809bf1925","2fd827fc-98df-433f-9cbf-972478f2fd5c","7c9e7355-b9d7-4f54-9a50-2f916907ce65","1bf883bb-7b3a-4832-8acc-93fe1f5c13ba","3d9402d1-8a19-4708-82c4-28398b7eb672","fc1f285c-c9e7-48a6-a661-78c3bcb24ab0","953685d3-16c7-42c3-b17b-07c60e3f1c73","7356d48b-d2ef-42c3-805c-9527599711d3","ed7c78d1-eeca-4d47-afc2-cfab4e018093","17132f01-fddc-43ca-96f7-95b4e5f7120b","82feda04-86ab-4cd4-8290-016b16e2bf54","cdd66c8b-2d3d-43ce-9bed-015b0f87a99c","7a7521a3-d8c0-424e-a5c4-396aedd7474e","62c52a00-85d0-4590-9b18-cfd3fd46a3db","bc5c5b74-4237-4f32-bdae-8941d933e34e","47ef514b-588b-4648-9dc4-8ff9313783d8","4592568e-be17-4203-8f82-0bd49e647849","75885b3a-fb3f-405b-adc8-8df8b8e38433","cfd3d915-1036-43c2-9d96-74472250e61e","ae9082a3-9fa8-41ec-8f76-5ee7fb137964","4469ef4c-3579-423b-b406-964b4d715e33","fae329a3-e2f9-425f-a10d-c5617da79224","7a3ff03e-a364-4e3a-9c5c-b47b5ef457b1","3c713b87-3033-46cf-856a-8eb169cbf10d","c955f847-7069-4c45-bc21-acce42f2d406","1f1abf5e-80dc-4a64-af0a-b84830bc81eb","5acf04c0-ab30-4bc0-95f9-da7a8f85e610","c1bc4f87-b999-4f38-8599-e30a292a3f92","648d3ac9-4063-4576-b2db-06e1179665d4","177be713-8bf3-4e71-b3ac-482f5de3571b","ea6f1123-d63c-4817-b96c-6af04fc8888d","b8e74d31-d1a8-4d9f-abab-3b872e905427","58468989-9f3d-40d4-a7f9-bdb8a4db46d3","4c0d0022-3d2d-4d7d-a97d-b01a05ecf2df","13de1af9-25f2-48ef-9593-d6e362bb499d","2926dfaa-ba24-4e23-8040-2d95b7f11fcd","1efc4b93-2706-463b-8c19-97a67d19731a","1fc97603-0968-429e-b724-0e28f50cff04","f0603aff-7261-48e2-8c99-432fa5d1e232","dcb4b400-27f4-4873-a6c8-8c3609322416","300733d4-a9b1-4e8b-815b-56b6f7dff38d","215bbd00-d669-491a-8503-08ff56d96c2f","5a39a417-2f29-4936-b683-373e61684bcb","6a664a45-e4c0-4a0d-95b3-674732b2ddd8","a442a2da-76e5-4e0c-a725-1490d069e4f3","af8ef8e1-ec7a-4cc4-a948-3fcd3a465a86","e9993b25-887e-4333-a0b3-4f13dfd76e4b","806fc8e2-e509-43df-b22f-b738fa358dd9","9c216ab3-d423-423a-816f-094929138af9","91ecf4f0-3496-44b6-ba9a-6f19988bca7f","492decca-06ab-433b-a41d-0c7024c11173","d7687d0e-2ba4-4cdb-a715-44bb91910acc","af6cca34-c0d6-418b-85f4-7526bf8883b8","98b1c620-8a4a-4ab3-bfed-ad142338f4b8","fb0054f8-6589-4b8a-ac2b-b84324d4ca57","424c51f2-d55c-49d8-aa4e-422a5b7f875f","bed8deae-ef93-4418-9fb2-fd5f56415a73","4520b262-d3b6-48eb-b07c-9f0b050a58a2","abc59804-7609-492a-8e58-509c2c3f1cd5","2f7ef4c1-15b9-4de1-a224-94b461230b4e","45496d30-faea-4a66-99c5-38c2170ec677","e9a2e670-1683-4cc3-95d5-b6989603dfad","82184899-2099-4fc5-b6c5-710c8612f457","4a80ad4e-fa85-4097-9290-3647e60bd5c7","59128114-129a-4d8a-a569-95fa040e03af","072c9adf-5bfc-44e5-99e0-9a1006e915f2","cb0e81ea-e125-4ed7-81bb-7f6b216fd622","5064ac32-9276-433c-825b-7a7320a9322a","61600be7-afcf-4d61-ac5b-e9b389200c25","0eb76ca0-c854-4148-8a39-60905322a7d2","737e8c6a-4108-4632-94d7-95212d44748e","b6f8a16a-75c2-4e02-a56c-64b90d17b75f","5bde8ab4-aafc-44f9-9b22-3b40ec972d1d","c8c740fb-be39-4719-934e-dbf90d7edb2b","30116f93-c87c-489e-8b19-0603f45f254b","4714831f-3f04-4ab5-8222-3f69edc20fdd","6e49f29e-82a0-4bf3-8bea-4a7a9f919ba7","1b6863f2-d9ac-45d9-b3dd-29984316bbe1","086cefba-161c-45e9-a50d-97f74df26807","868edec0-6b2a-4d63-9a57-b6093dd1ebfa","0b889c8b-3fff-4de4-9a6e-c94bfb5ef657","350f87b3-d862-47c2-87e4-45ad768f0fd5","ff0b1c3f-233e-436e-9ce3-f5456967ba10","fa26ec7d-9e0c-4ffb-8e49-0c40ae639d04","5b041105-e2ea-40aa-b45a-8684c78717f9","a6dee32c-65da-4907-bb70-205f3adcf693","69182211-d97d-4c41-a260-bf22439db1d5","de3b6a1e-4b65-4cfb-b255-4ccd9f3adae2","1b80571f-d770-4e32-b32c-69e4786eced7","531407b9-8d7d-44bc-9dfb-59a085fcc696","b3a3e374-8264-42f9-82b4-46521e162937","e93d3d9f-4dc6-4758-b435-9147012b1ce5","d9015fe9-e71e-469c-b909-9b34da8379f5","5f260eaa-cdb7-4a9d-911a-55e2d8b04b50","c38d8322-1310-4855-9e54-29d3861a7504","18197e9b-8c89-400d-b821-05e0422d18aa","a414bd1f-c678-4a9b-9f76-c4b0a85e3280","1f44a778-1511-4938-860b-c00d0dc3dda5","076ab3b3-ce6c-450f-8f8a-24f1b7dd01f8","9ba49af2-43c9-4ec2-b7a6-0223c4105fda","49ae459a-b49e-4878-97f2-0f17e7a5f75c","58073c59-cea7-4f8a-b62c-6a198913e0f1","aeab6232-82b0-4891-b654-5eb9082981e7","b438a1db-02c8-4fd1-ae15-ca0d7a54d99f","bb637be3-9ab6-4faf-adfb-d30371476829","1a842143-0c7f-4550-bbcb-beac379bc688","3ce08d27-15ff-465a-a71c-327c41549acf","29d39cf3-6f65-4559-8739-57cd026ec4e7","e7aa4a39-26ce-4f9a-99aa-c6779b018243","9b9bcb29-37ab-4ba0-9903-acd22952b152","7fa64478-9913-4270-b8e6-1831168cd4b3","d1cf7e4e-50e4-4813-9632-37d0d1447216","bf36dbe9-6d10-4f73-9865-5e723a6c10dc","3603e4d5-a705-4a8e-90b6-b7a3efac211b","b45c99e7-e6c4-4cf2-a408-1d8e2761b4da","c831f43c-7eb1-44c4-9c59-5a338ce26c98","4d2ec9a4-3eac-4c7b-a1f9-0a887f8fcc24","edd9131e-2fc1-4213-b452-f31d56e9c128","16b982e6-be81-4d45-a48c-ff608e2e2671","31e6a013-a371-4769-831e-60c27e6716fc","226990d7-4cf4-4c5a-993e-fffa2fccf775","d5464ebe-9be3-4176-9615-ee15d324e3ef","e274e290-ce93-4722-89d3-aea05b7b707a","3565cf4b-07fc-46a7-9304-f7ab2514fcc1","b28e12bc-5a02-48c1-aa3c-be7471a6a3a3","9150dcad-1b78-471f-a468-d07778e54570","2526ef21-fae0-4da5-902f-f32cc89c4902","3469ac67-44c0-4357-8a60-a7fcf2107ec8","64765530-a017-4ff8-8878-6c3b5e141174","13372906-7348-486e-8801-609a8db6ea83","d8bff75b-2f21-4746-a1d1-9e0cfd1dc508","9a56b604-bb2d-431d-a2fe-17ec5cbca9b6","e51ae9dd-8736-4e0a-8b9f-b1b5bc53a291","d96c7d4d-87e8-4b40-aea7-9dcb9adf5664","0b4b8e33-42af-48ed-9c87-fa54cb1e38ec","3ea96dbe-dffb-44ac-98af-599d5fc5c31c","b9bfb6af-2331-4259-a394-7de98363dc2b","de3c4601-62fa-4c81-bdab-ad6b983aa325","34f37a03-67d5-4248-b39f-5a7fc29dbdc0","f4976183-d8fd-45a1-8f1d-a223c384195c","3ac50eb4-c447-4f88-b8b9-00f826cbdab8","5e089118-f569-490c-8551-e43416ec42bc","7e0f9fb5-df25-4159-aca8-3ccf38b9811a","08f6a322-a8da-42f1-a8e3-8a8335aadd90","62657483-e0f2-44c7-a7e4-d1f399bd93f6","0f6f26dd-76d5-4145-9399-72a8d540a3f8","3d1450c2-c8a9-4377-80a9-8e0b8264c6c1","93689b0b-e70b-4061-a97f-9c5f4052e5d8","5914bb72-27d6-4892-8bd5-1cae8e5aae36","c0232bd9-0265-4309-8e40-bd2255d526b3","0f7fbe09-5584-4792-be64-d77bf82f5195","70ec4659-c5e8-452e-b1a7-69a1690fe815","1f96279e-257d-40cc-b580-8b783dfc38ca","8df46976-0b07-406e-876f-917dbf7f7e1e","d606872d-a04b-40ea-b0da-2a2429a2d2bf","5aebbc7d-9d2a-4c3c-a587-63259694c579","1aa50f6a-d53f-4a3b-bb94-58924efd9f8d","5162906d-df0b-45e7-bfe5-5790b6fee4c2","793cc2b0-da52-41af-b0a8-6217288a08bd","a7b9a0d8-a34f-4377-b933-c5478bf481bf","940905d1-58ad-4552-9515-e260d105ee83","466605a8-694f-4db7-8aab-302775eca28a","7f9d14f3-c4d6-432a-8cfc-5528ddf9c7d2","303b5a84-2250-4054-bc3b-ca82e0c74b90","d4b384c9-bba8-4768-94b4-7ecf68316739","f7d755bb-f5f1-455e-bd56-e9a4ba14cce3","d16d2b65-5654-48b5-a479-ff2792c46ff7","62c0c7b9-391b-4c78-b66a-44cd09cf60e8","f162357e-6c9f-4004-9c4b-2a32cbade65c","bb8978a2-72a1-48cd-ad17-72ddeb2919e5","7f975fe6-445d-41c1-bdc4-4984e69ce11d","6eb79390-54ee-4795-ab70-53ea9a4d9d94","7812544f-de3e-4d0f-8852-35c578339c73","1fe0954a-fb31-4880-bfad-7ad1de74b387","302b81e6-0823-49b4-85ab-311541e78cba","187b0d7e-74be-403a-a9e0-c65c47679c3b","19707cc9-1e84-41c4-a144-7763f6df3d83","9d3a1d8c-d53a-48dc-af0a-3712663650ee","90233c7a-6ee5-4fdf-890a-07b8f44a81d7","d98bfc43-db08-4eb0-8e34-58044ac956b3","561d566f-746c-41c0-85b4-14f9c0cdf4ff","b35c3f75-c516-4e75-8d36-91cfc0d21be4","e0f2f105-6fe3-4987-8f45-476c6f12f5e1","d1cbef2d-16f3-4163-bdb2-50a33f14e2b1","fea2bb7a-27e8-484e-b1d3-a13f038fe67c","509fa2a7-e7bc-4ec8-a77b-d0a9c774af2c","ca2bd1f2-c51c-42c5-a047-6a21b520a42b","2119b26f-539e-4277-aa21-c5a886cc997e","06d5def2-d272-445c-959b-023fb8d90e5b","e46d91ab-ca34-42bc-96d4-e4a2198cd8b9","0cb9635c-3710-4fb7-9b3b-75dc5e70c3bc","e2dd91d0-b558-4846-9259-0a394976646e","d05a5491-8c15-461b-a1ad-50322cd607af","461fc19c-e4b5-4df6-99a2-0f5ba19407b4","8067c956-6e20-454b-9966-bbda3d3679d4","5f96d8fa-8c13-4fc4-b09e-a22b2d27cdcd","43121f80-efa8-4995-8bc6-3f74d73066de","45d61b73-4e99-407a-aa74-aafce9d064d1","87b1d118-1f14-4870-a8b9-a0460db3ed7e","1d72c3a9-e283-4402-a19e-0e8688261a54","8c01c564-b487-414e-9abe-79951a17f344","0d159cc7-4b2b-4444-a39e-5b175efa98ca","fb742e3d-"
14:55:34.378 [Test worker] DEBUG org.apache.http.wire - http-outgoing-0 << "8c2b-4999-b927-f8673512e683","b8585690-7a7b-4687-bbe3-7d989552c615","a23d4094-07c1-4101-b63b-f38fa8521fdf","f867a63e-40c5-43f6-aa73-d3ed165b8f27","9e9521e3-ec71-4b9b-a365-d538c9630045","d6c52497-dc29-4ed2-9842-281fb40cd332","e91dde57-1158-4f30-abcd-ad4ccbc522b5","629a03af-ddda-4e66-acba-375090bd8c4e","dc4104c2-af9e-4b73-8c58-7835ab50fb39","5278271a-9466-4e07-a6f6-b575366bd3a0","ffd"
14:55:34.380 [Test worker] DEBUG org.apache.http.wire - http-outgoing-0 << "e9a8c-730b-4211-8a77-c2e37fe05d7c","0935c40d-0c62-41fb-a4d9-cdab920f5d21","39c0f224-9bcf-4f51-8291-e901d06d88a1","cd1f1f46-90d6-4b80-9da1-9ddc48cec51f","9d978a5a-134b-4b32-b0ee-912a7fb95482","4f5aacee-29fa-4d6d-aed0-e22bac20b265","022ab76c-6c9b-47d5-afc1-d57b7f5adec2","f8861b18-3e82-43dd-80f0-7f02f9a9a3c9","1353a71e-accc-48ee-9560-24390ebcac6d","33fbaaf6-850e-47cd-823d-2c106f7e59a9","26896e33-196e-4e34-b543-1a19188b4756","9fbe7fd4-da80-4cdf-96dd-737a5db28998","50162b18-fa39-4139-9f04-a85ddb044622","a5f35b82-3d69-4334-a314-ec06b7f2546c","9028ea47-15be-47ea-acf0-849480317008","2fe28e6d-91d7-424f-a25b-b696ed290bbb","8359b40c-8b1f-42e9-85c2-e6f114345e88","66c98f6a-112d-4146-9b37-d61e61f6db97","da2a3628-0264-4a80-9752-6acda43d21cd","8d9dea31-69c5-44a5-a9e2-781beb2bc614","191cf9ab-ca38-447a-a442-a65041c1d782","c1e7b158-db76-4e25-b94a-cce2512be302","788e371c-5064-4e19-8669-7b6d872783c1","e58da073-3aed-406a-a438-9cda31b62a8d","8ad207f6-8b7a-47ee-b7f4-7d5848b0762c","17c76abf-f68b-46de-bec5-4ab7dd0f842a","27299814-9603"
14:55:34.382 [Test worker] DEBUG org.apache.http.wire - http-outgoing-0 << "-48d9-a56c-1cde96e99765","65979fb7-3a4f-4660-b707-c1df2ad68811","3a241092-6bc0-479f-9287-ea6a64256b12","f42bfa23-e34e-4ab4-a833-cc6f9f0c0ef8","f2a75b95-6879-44ea-9bb5-7b96994c068e","26ecdbca-a22b-4b9e-8721-ec8ea017ed50","10b30817-2505-42bb-bca7-3852994f5438","49e0ee19-768b-422c-9e79-c238e9f601a4","ee3f54fe-bdc0-4ff5-815d-ed174e6a9193","846d7f71-bd4f-4c1d-b3f1-3f6b16ff6526","9c00303d-6076-4f99-a2d3-c35cbac8e093","7132055a-f84b-468d-b56b-3613d68cb756","5a094835-6ebc-4f35-833d-d9c8acbd5bae","35c83857-c061-49bb-ae2d-a17ed3e674e6","5008af9e-865c-4410-8845-d19fc1c9d209","9236e2a9-5b25-43d0-a63c-ac7e91a7eea7","a290f040-a434-46db-8014-dabca140936a","0418c4a6-c6e9-4a28-937f-82ac1f5c488d","d6154c4b-bcec-4a1c-a7ff-a433aa1dfd02","048fdd26-804c-426f-af19-2ab1b4bd5b18","8565610b-863c-402c-87e4-d991cebd7398","b8b92961-bfc9-418b-8cab-fc7a5c69ec10","5ee179e2-cfba-4803-876f-76ff018b8a17","9d17a129-d1cb-49cb-b54e-0578457b4456","f7e3c60a-b9e3-483c-9720-9f862408628a","97297bb2-f871-4d5c-be67-107db2feb24b","4a280371-0ffd-4142-a1eb-1eb340399407","39863b19-fa25-4d6f-aadd-13a1e73170b1","7745c8c6-aaf7-43d7-a0dd-3df138a0623a","598938a6-04f2-4b4d-8e03-40d1e0a1444c","58650b07-58a4-4218-99a0-e104a01284fb","0cbd3b6a-7cfe-41bb-a6d1-74e93bdc2de9","fdc0379b-029d-4009-9f84-dc4f4ae31323","fd546f15-97b1-43f0-91fb-5db1db19dea3","c39128e3-aeeb-4f06-92f4-ef1815388d6d","0494d61d-3ebb-455a-bf2c-10f546a7ea0a","5513697d-334d-49da-9b9e-5e32259fe80b","a2b805eb-a999-48ef-a181-9d20469c7af2","aec906b2-4068-4548-be68-94836a4c78ab","f8ae8211-14fa-4e4b-a75d-7ab6ee4c2509","0bd678e4-7eb2-4195-a6f9-dae9131dc889","2376fc7b-b3f1-409b-b30c-31e683f5f90e","f9b348a7-25b5-49c2-8e63-4fb5af7e6d07","4695816b-f134-4e1e-a4a1-f5d8bd95649d","bb09b6d6-f22d-4775-b7f3-1b1a74ed94b1","bd205161-7dde-40c4-9e2c-6397636807dd","88a40ad6-e4c6-4faa-9ecd-e996ae69a0ce","f42e5b3d-bc98-4b07-af65-0c492acd174e","c648f26a-bec2-4cea-8bfc-4e7b56ad9299","e7089700-6cb9-4b3c-a0c9-b8674fd63cd8","cd3e5660-7b02-45c2-97a9-f8a1e6654de8","c584da1d-5b28-4471-a236-82cb13b6e2a9","58a9453e-e041-40a9-a525-ad2da19c4a1b","77715958-7560-4162-9311-5b1c00028a8d","ca500be5-98c0-4dc1-804d-1aa4cb29987b","04cba5f1-0358-489c-bee9-cc30f6020b5a","da4c23f2-629f-49a2-98b6-b59a6a7c974e","18f9f88c-589f-4161-ad72-8021eb442961","233e7163-c35a-4d2e-8321-bcf96580e750","928f2009-9003-4998-b678-5be853599e64","b9d20966-c96c-4d3b-ab7f-adc2469815bf","421900f4-92a2-4673-8d1c-5ef0932e24d7","a3214d53-7f4e-4f5c-add0-79f9ab7a67d7","a24e5bc2-927c-4db4-980b-87fee1e9f561","e94b7e22-1ad1-4dc9-b13e-49885a40d1d2","7ca78f67-ec2d-4701-b34d-d33670e08310","5c9250f3-5974-4ecd-bb44-e6bb9b127cfd","e5965e2b-9d53-4371-adec-45fcac919708","0b548e9f-f10d-4166-9398-7c8b072efd52","59b4d2a7-1fcc-4a75-98c4-f0eca2282c76","340bcc98-f1a6-4149-83e0-6a48090c1844","a3c9a37a-5457-41bd-8d95-691800c3ef35","38267f63-8b69-41b3-a07e-a7e1266a35c6","96078c17-8012-4cb3-9ab8-b47e3b19816f","9327b947-1336-45f4-ab49-8b03b070beed","3ec0bcce-e78a-4857-a85b-c7653ead5f4c","da3b4dd0-0527-4985-a876-8a9044de69da","239c0139-c928-4e7a-acec-7eaa98831d92","17ef3619-c5d2-4133-b839-1369df258cc8","8be684c5-2af5-488b-9fe1-813248662153","8308b6e5-89aa-4580-b58b-91a9940b78d1","b95a9ca2-9c21-46bf-8d39-7f6efa168cb2","fc2d64fc-7a9d-4a3d-8040-2de9219334ba","b084a6c6-533c-4d8d-887e-32615c6b734e","167a4079-5c07-4898-b062-0e935e181fef","94ca4d6c-f409-47a7-a7fc-5e119b708deb","410ed945-607f-4868-9c88-c7790d3673c5","709dba30-0977-472b-ba9e-5ccfc18523d5","3aa84ee6-ec96-417f-9f51-7895e1448ead","0da2dd74-cef1-4eb5-a10a-3349536b55fb","f353c2e6-af90-4a45-90f7-7be9a262e1e5","3b0b9c3c-0476-4568-9325-0ccb23016a2f","e7ef339e-36e7-43ab-a737-a6f0322e4f38","1ec0701c-ccd0-404e-9f09-458cd88387e7","f4195cdb-ed48-443c-8968-b71c4b32034c","54feb46e-4226-4228-b59d-0a7765dac1ab","7f839fd6-bb9e-4669-a41b-beb991a3ba0e","be8c522b-c8b5-4984-8fc7-d5dc4c49153c","55d92dd8-3ba1-4af1-a548-dcdfd73e9445","0aa6ce01-2301-4c12-9165-5a966a5e1f29","7cbd5d15-f7a1-4b74-a1a6-e4320fe79401","d8fbdacf-1fb8-4745-86e0-081d81592257","4f45f019-471c-4326-b754-cbf6aea94c83","b5d79e91-959c-4789-9d68-793e7c2284d5","711976a0-411b-4ecb-9ef3-ea1e3c5544dd","20307907-3c6f-422e-ba96-1f5c15f2e0ff","32c60f22-78f1-4864-85c8-d8c797940a2a","5239b122-13a3-4c53-a3ff-a6fcebbd9de9","987c35d4-f864-476f-988e-9be925330f0d","d420ed67-ebf4-4694-9ec3-b862e5e18d66","c0c1680a-1aa7-465b-8c81-bfa604697c0f","7b0854cb-61d8-4929-9422-759e0aa2d37b","c3700cde-3f57-4df1-a36e-46403d7a0151","33f807d8-5c04-4f81-ac29-3774e8b7ecbe","a3297634-66cc-4bd6-9842-55a5b44ea13e","f5ddded1-d1d4-4312-80ad-6c1b78634d19","3333e441-38b5-4cf2-b1df-0ae0b6ceeb92","7ddda92d-c66b-4c35-9324-723ac6b2633c","2029875a-8ae1-4860-b222-4d65dd181a6f","d64ba972-dcb8-4237-bbf4-d16dd440f531","0cd34cc0-ec99-4adc-9e4a-a4ac6d6f2210","ae1e8101-511b-45d5-9bbd-5996e14f4ade","4488b282-f310-4e4c-bcaa-7e486d59bd98","1fd2339c-8206-4669-b220-89ea7c0fb8d8","6e350dc4-1d3e-434e-a6ff-057345a05925","eb279328-0fb3-4ca2-8855-1a51c2fe8ca9","27fe78b9-19d3-45db-8367-7bb2d35d1db0","88d0cda9-22f4-4552-b8d2-42bc896dfe57","8b2e0b36-2738-4747-b0ea-5eef59c38642","b3162133-7b0f-4067-a82d-287854983651","e8277fe2-18b1-47fa-9c93-0f3adb6faf4c","7b397303-6898-4c4b-8662-c6cd05b9d8a8","08b66067-b36c-42cc-8dba-52daeca2c149","41f64410-e8b5-4728-9701-6e00b315487a","acc3e0cc-f6b6-4682-acec-907a6b75512c","207f4021-4243-4516-ba03-0315eae96d83","854869a6-6c28-4b41-a679-116e1b43f28e","1af8449d-f16f-44f5-bcf6-980ac0242054","f12a3db8-9da0-46f6-ae32-2a1b0729b4fb","e87fdde9-9ebe-49b5-8dd0-08f6a20af9c7","eb60bb10-f3a9-44ef-8f18-0be2c5ede190","acea44a0-6bd1-46ad-bf82-b25ac74a442a","16f2dcee-05f0-4608-a9b4-f4cf89b0b68e","6d70b024-ca18-461d-8869-d4dbfeaaee1e","4a9b7446-ed2a-48ec-a567-b8e8f0efc054","17d95dc5-d201-4abc-a019-960d151d3f9f","3a4bd8d4-b338-4527-8a63-6e034fff1b65","1cef62e0-3597-4951-99f5-19aa39b2262a","5a489bbd-40de-4fd4-a013-b667c06b354b","4418706d-ca5a-4d54-b7e4-486ad8be23ec","bc94e12e-50b1-4abb-a5a8-906e6ca152af","fa387bb8-a972-4a7e-82a8-9ef96f1443d7","e6cb1d9e-627f-46d6-8b71-21ba23c0c4cc","e0253cae-3c34-450b-ac51-3db4ff835a29","fa873c63-f465-4222-b8ef-5cbfcfe0d21b","d9310c7b-1f2a-4a73-9347-b742e60f01d8","f09995d1-d70b-4f7a-b81b-82222da136c5","710f9a37-8aa3-4fc9-a73c-9d763ea7246c"],"Type":"CHILD"}]},{"BlockType":"CELL","ColumnIndex":1,"ColumnSpan":1,"Confidence":36.42578125,"EntityTypes":["COLUMN_HEADER"],"Geometry":{"BoundingBox":{"Height":0.02339923568069935,"Left":0.0020254692062735558,"Top":0.0028060846962034702,"Width":0.15175224840641022},"Polygon":[{"X":0.0020320862531661987,"Y":0.0028162323869764805},{"X":0.15377771854400635,"Y":0.0028060846962034702},{"X":0.1537727266550064,"Y":0.026196066290140152},{"X":0.0020254692062735558,"Y":0.02620531991124153}]},"Id":"7c3688ca-4d06-4b92-a426-b075d52eff2f","Relationships":[{"Ids":["fa116d6d-3f12-42a6-b5b9-ea9882b13b11","3977b438-a92e-46a9-a981-2848d46e17db"],"Type":"CHILD"}],"RowIndex":1,"RowSpan":1},{"BlockType":"CELL","ColumnIndex":2,"ColumnSpan":1,"Confidence":44.23828125,"EntityTypes":["COLUMN_HEADER"],"Geometry":{"BoundingBox":{"Height":0.023393532261252403,"Left":0.1537727266550064,"Top":0.0028025335632264614,"Width":0.053107116371393204},"Polygon":[{"X":0.15377771854400635,"Y":0.0028060846962034702},{"X":0.20687983930110931,"Y":0.0028025335632264614},{"X":0.20687541365623474,"Y":0.02619282715022564},{"X":0.1537727266550064,"Y":0.026196066290140152}]},"Id":"ff949f61-af4e-49b6-be63-95017a1dbffa","Relationships":[{"Ids":["bc2bcf23-7ef9-49a4-b869-73f7211fc84b"],"Type":"CHILD"}],"RowIndex":1,"RowSpan":1},{"BlockType":"CELL","ColumnIndex":3,"ColumnSpan":1,"Confidence":47.9736328125,"EntityTypes":["COLUMN_HEADER"],"Geometry":{"BoundingBox":{"Height":0.023394890129566193,"Left":0.20687541365623474,"Top":0.0027979377191513777,"Width":0.06872692704200745},"Polygon":[{"X":0.20687983930110931,"Y":0.0028025335632264614},{"X":0.2756023406982422,"Y":0.0027979377191513777},{"X":0.2755986452102661,"Y":0.02618863619863987},{"X":0.20687541365623474,"Y":0.02619282715022564}]},"Id":"153fc825-4239-406d-8528-163d54c559b9","Relationships":[{"Ids":["dfbb84d2-4292-490"
14:55:34.396 [Test worker] DEBUG org.apache.http.wire - http-outgoing-0 << "b-9d6c-7261f5a1d7a5","e7160ce9-6862-4d6c-8f75-d6b497037e38"],"Type":"CHILD"}],"RowIndex":1,"RowSpan":1},{"BlockType":"CELL","ColumnIndex":4,"ColumnSpan":1,"Confidence":40.8203125,"EntityTypes":["COLUMN_HEADER"],"Geometry":{"BoundingBox":{"Height":0.023394668474793434,"Left":0.2755986452102661,"Top":0.00279396865516901,"Width":0.05935685336589813},"Polygon":[{"X":0.2756023406982422,"Y":0.0027979377191513777},{"X":0.33495551347732544,"Y":0.00279396865516901},{"X":0.3349524438381195,"Y":0.026185017079114914},{"X":0.2755986452102661,"Y":0.02618863619863987}]},"Id":"74e24b31-9254-4f63-8b03-9d84879fc9c6","Relationships":[{"Ids":["35b8f70a-980d-4028-bfbe-688139ad8c21","86c61c56-0cac-485b-9299-caec36649187"],"Type":"CHILD"}],"RowIndex":1,"RowSpan":1},{"BlockType":"CELL","ColumnIndex":5,"ColumnSpan":1,"Confidence":47.314453125,"EntityTypes":["COLUMN_HEADER"],"Geometry":{"BoundingBox":{"Height":0.023396585136651993,"Left":0.3349524438381195,"Top":0.002788432640954852,"Width":0.08278806507587433},"Polygon":[{"X":0.33495551347732544,"Y":0.00279396865516901},{"X":0.41774049401283264,"Y":0.002788432640954852},{"X":0.4177383482456207,"Y":0.026179969310760498},{"X":0.3349524438381195,"Y":0.026185017079114914}]},"Id":"ddfa7abb-c536-4047-be27-e654a9c65a88","Relationships":[{"Ids":["4e5fb554-27f3-4f9b-b38d-11202aeb388c"],"Type":"CHILD"}],"RowIndex":1,"RowSpan":1},{"BlockType":"CELL","ColumnIndex":6,"ColumnSpan":1,"Confidence":71.2890625,"EntityTypes":["COLUMN_HEADER"],"Geometry":{"BoundingBox":{"Height":0.023395191878080368,"Left":0.4177383482456207,"Top":0.0027847765013575554,"Width":0.05467340722680092},"Polygon":[{"X":0.41774049401283264,"Y":0.002788432640954852},{"X":0.47241175174713135,"Y":0.0027847765013575554},{"X":0.4724101424217224,"Y":0.026176635175943375},{"X":0.4177383482456207,"Y":0.026179969310760498}]},"Id":"debe25fe-e28b-4bba-aaaf-ed11239a414c","Relationships":[{"Ids":["c93b535c-6b5d-457d-9d09-307bf7ab156a"],"Type":"CHILD"}],"RowIndex":1,"RowSpan":1},{"BlockType":"CELL","ColumnIndex":7,"ColumnSpan":1,"Confidence":88.37890625,"EntityTypes":["COLUMN_HEADER"],"Geometry":{"BoundingBox":{"Height":0.023396244272589684,"Left":0.4724101424217224,"Top":0.002780389040708542,"Width":0.06560905277729034},"Polygon":[{"X":0.47241175174713135,"Y":0.0027847765013575554},{"X":0.5380191802978516,"Y":0.002780389040708542},{"X":0.5380183458328247,"Y":0.026172632351517677},{"X":0.4724101424217224,"Y":0.026176635175943375}]},"Id":"bf97e1ac-2025-485a-9d18-250fc8d6c371","Relationships":[{"Ids":["abcc3996-ed2c-4412-a7e3-85f5847b2551","6b7f2892-5b46-4ffa-9bcc-0e0ed908c004"],"Type":"CHILD"}],"RowIndex":1,"RowSpan":1},{"BlockType":"CELL","ColumnIndex":8,"ColumnSpan":1,"Confidence":71.435546875,"EntityTypes":["COLUMN_HEADER"],"Geometry":{"BoundingBox":{"Height":0.02339579537510872,"Left":0.5380183458328247,"Top":0.0027768374420702457,"Width":0.05311327800154686},"Polygon":[{"X":0.5380191802978516,"Y":0.002780389040708542},{"X":0.5911316275596619,"Y":0.0027768374420702457},{"X":0.5911312699317932,"Y":0.026169393211603165},{"X":0.5380183458328247,"Y":0.026172632351517677}]},"Id":"b088ff0d-e0d4-4cf0-a933-1c12114a1860","Relationships":[{"Ids":["c335ff36-c4a5-49ff-977d-d8055413bcb4"],"Type":"CHILD"}],"RowIndex":1,"RowSpan":1},{"BlockType":"CELL","ColumnIndex":9,"ColumnSpan":1,"Confidence":83.59375,"EntityTypes":["COLUMN_HEADER"],"Geometry":{"BoundingBox":{"Height":0.023397153243422508,"Left":0.5911312699317932,"Top":0.0027722406666725874,"Width":0.06873653084039688},"Polygon":[{"X":0.5911316275596619,"Y":0.0027768374420702457},{"X":0.6598674058914185,"Y":0.0027722406666725874},{"X":0.6598678231239319,"Y":0.026165202260017395},{"X":0.5911312699317932,"Y":0.026169393211603165}]},"Id":"3ec5319c-7016-4815-83c5-21b693f63715","Relationships":[{"Ids":["c56a8fbb-5afd-450c-80b0-2ec9366d284b","e4e72303-49f5-4786-a91b-72ca40bc9eff"],"Type":"CHILD"}],"RowIndex":1,"RowSpan":1},{"BlockType":"CELL","ColumnIndex":10,"ColumnSpan":1,"Confidence":93.603515625,"EntityTypes":["COLUMN_HEADER"],"Geometry":{"BoundingBox":{"Height":0.023409990593791008,"Left":0.6598674058914185,"Top":0.0027552112005650997,"Width":0.2546587586402893},"Polygon":[{"X":0.6598674058914185,"Y":0.0027722406666725874},{"X":0.9145230054855347,"Y":0.0027552112005650997},{"X":0.9145261645317078,"Y":0.026149671524763107},{"X":0.6598678231239319,"Y":0.026165202260017395}]},"Id":"3271792e-e652-4d2c-b6c9-6bedd9582e1d","Relationships":[{"Ids":["e9947d2a-19f7-4cb3-975a-89acb2a2d044"],"Type":"CHILD"}],"RowIndex":1,"RowSpan":1},{"BlockType":"CELL","ColumnIndex":11,"ColumnSpan":1,"Confidence":91.259765625,"EntityTypes":["COLUMN_HEADER"],"Geometry":{"BoundingBox":{"Height":0.023399928584694862,"Left":0.9145230054855347,"Top":0.0027497438713908195,"Width":0.0817585363984108},"Polygon":[{"X":0.9145230054855347,"Y":0.0027552112005650997},{"X":0.9962775111198425,"Y":0.0027497438713908195},{"X":0.9962815642356873,"Y":0.026144685223698616},{"X":0.9145261645317078,"Y":0.026149671524763107}]},"Id":"390bfd1f-0209-4bdc-9b93-47cf2d0e1b56","Relationships":[{"Ids":["fc1e055e-be92-4ec9-9625-7361a1a92ad3","aec534d7-5954-4499-97b3-8aacbbfec704"],"Type":"CHILD"}],"RowIndex":1,"RowSpan":1},{"BlockType":"CELL","ColumnIndex":1,"ColumnSpan":1,"Confidence":35.25390625,"Geometry":{"BoundingBox":{"Height":0.026215454563498497,"Left":0.002018054947257042,"Top":0.026196066290140152,"Width":0.15175466239452362},"Polygon":[{"X":0.0020254692062735558,"Y":0.02620531991124153},{"X":0.1537727266550064,"Y":0.026196066290140152},{"X":0.15376712381839752,"Y":0.05240326747298241},{"X":0.002018054947257042,"Y":0.0524115227162838}]},"Id":"4da296ae-38e7-41c5-9a4a-521353d47937","Relationships":[{"Ids":["20fcc7e1-08fa-441f-9b9c-5a949f845847","f1001cde-f291-4bfc-9116-a34332790e99"],"Type":"CHILD"}],"RowIndex":2,"RowSpan":1},{"BlockType":"CELL","ColumnIndex":2,"ColumnSpan":1,"Confidence":42.7978515625,"Geometry":{"BoundingBox":{"Height":0.026210440322756767,"Left":0.15376712381839752,"Top":0.02619282715022564,"Width":0.05310828611254692},"Polygon":[{"X":0.1537727266550064,"Y":0.026196066290140152},{"X":0.20687541365623474,"Y":0.02619282715022564},{"X":0.2068704515695572,"Y":0.0524003803730011},{"X":0.15376712381839752,"Y":0.05240326747298241}]},"Id":"541f88e2-51db-49c8-ab0e-0147084dff29","RowIndex":2,"RowSpan":1},{"BlockType":"CELL","ColumnIndex":3,"ColumnSpan":1,"Confidence":46.435546875,"Geometry":{"BoundingBox":{"Height":0.02621174231171608,"Left":0.2068704515695572,"Top":0.02618863619863987,"Width":0.06872819364070892},"Polygon":[{"X":0.20687541365623474,"Y":0.02619282715022564},{"X":0.2755986452102661,"Y":0.02618863619863987},{"X":0.2755945026874542,"Y":0.05239664018154144},{"X":0.2068704515695572,"Y":0.0524003803730011}]},"Id":"94812715-1bba-49a8-b6ef-4d7b4f0029f2","Relationships":[{"Ids":["aef25ebe-f372-44de-8325-ae9ea02c2921"],"Type":"CHILD"}],"RowIndex":2,"RowSpan":1},{"BlockType":"CELL","ColumnIndex":4,"ColumnSpan":1,"Confidence":39.501953125,"Geometry":{"BoundingBox":{"Height":0.026211624965071678,"Left":0.2755945026874542,"Top":0.026185017079114914,"Width":0.059357933700084686},"Polygon":[{"X":0.2755986452102661,"Y":0.02618863619863987},{"X":0.3349524438381195,"Y":0.026185017079114914},{"X":0.3349490165710449,"Y":0.052393414080142975},{"X":0.2755945026874542,"Y":0.05239664018154144}]},"Id":"8b80f3d7-f40d-46e8-a9a2-7b0fa5b3d555","Relationships":[{"Ids":["8959c0af-fc4e-4457-b380-bdb12ea82eca"],"Type":"CHILD"}],"RowIndex":2,"RowSpan":1},{"BlockType":"CELL","ColumnIndex":5,"ColumnSpan":1,"Confidence":45.80078125,"Geometry":{"BoundingBox":{"Height":0.026213444769382477,"Left":0.3349490165710449,"Top":0.026179969310760498,"Width":0.08278931677341461},"Polygon":[{"X":0.3349524438381195,"Y":0.026185017079114914},{"X":0.4177383482456207,"Y":0.026179969310760498},{"X":0.41773590445518494,"Y":0.052388910204172134},{"X":0.3349490165710449,"Y":0.052393414080142975}]},"Id":"a2e6eefc-c8e1-4390-8bb6-c50220dfc1fc","Relationships":[{"Ids":["72f89ece-3409-4420-aea4-995a577581d2"],"Type":"CHILD"}"
14:55:34.397 [Test worker] DEBUG org.apache.http.wire - http-outgoing-0 << "],"RowIndex":2,"RowSpan":1},{"BlockType":"CELL","ColumnIndex":6,"ColumnSpan":1,"Confidence":68.994140625,"Geometry":{"BoundingBox":{"Height":0.02621227689087391,"Left":0.41773590445518494,"Top":0.026176635175943375,"Width":0.05467425286769867},"Polygon":[{"X":0.4177383482456207,"Y":0.026179969310760498},{"X":0.4724101424217224,"Y":0.026176635175943375},{"X":0.47240838408470154,"Y":"
14:55:34.398 [Test worker] DEBUG org.apache.http.wire - http-outgoing-0 << "0.05238593742251396},{"X":0.41773590445518494,"Y":0.052388910204172134}]},"Id":"2af6bd09-dabc-42bc-a584-54cb55f8a385","Relationships":[{"Ids":["f167aa5b-adc5-4847-a9af-61ed85b76f5b"],"Type":"CHILD"}],"RowIndex":2,"RowSpan":1},{"BlockType":"CELL","ColumnIndex":7,"ColumnSpan":1,"Confidence":85.546875,"Geometry":{"BoundingBox":{"Height":0.026213305070996284,"Left":0.47240838408470154,"Top":0.026172632351517677,"Width":0.06560994684696198},"Polygon":[{"X":0.4724101424217224,"Y":0.026176635175943375},{"X":0.5380183458328247,"Y":0.026172632351517677},{"X":0.5380173325538635,"Y":0.052382368594408035},{"X":0.47240838408470154,"Y":0.05238593742251396}]},"Id":"0f8a04ac-05dd-4d33-a2f1-8cd9c477f0e0","Relationships":[{"Ids":["ab7c47a0-0d71-4cf1-b0e4-127310d0ccea"],"Type":"CHILD"}],"RowIndex":2,"RowSpan":1},{"BlockType":"CELL","ColumnIndex":8,"ColumnSpan":1,"Confidence":69.140625,"Geometry":{"BoundingBox":{"Height":0.02621297538280487,"Left":0.5380173325538635,"Top":0.026169393211603165,"Width":0.05311395227909088},"Polygo"
14:55:34.400 [Test worker] DEBUG org.apache.http.wire - http-outgoing-0 << "n":[{"X":0.5380183458328247,"Y":0.026172632351517677},{"X":0.5911312699317932,"Y":0.026169393211603165},{"X":0.5911309123039246,"Y":0.05237948149442673},{"X":0.5380173325538635,"Y":0.052382368594408035}]},"Id":"e1d732ba-0ce4-4f93-b079-0030721c4fb5","Relationships":[{"Ids":["9ebd7db7-d5df-41a8-a2f8-fef156933f5c"],"Type":"CHILD"}],"RowIndex":2,"RowSpan":1},{"BlockType":"CELL","ColumnIndex":9,"ColumnSpan":1,"Confidence":80.908203125,"Geometry":{"BoundingBox":{"Height":0.026214279234409332,"Left":0.5911309123039246,"Top":0.026165202260017395,"Width":0.06873735785484314},"Polygon":[{"X":0.5911312699317932,"Y":0.026169393211603165},{"X":0.6598678231239319,"Y":0.026165202260017395},{"X":0.6598682999610901,"Y":0.05237574130296707},{"X":0.5911309123039246,"Y":0.05237948149442673}]},"Id":"e4c80b1e-c885-404b-a628-f1424cb307f4","Relationships":[{"Ids":["7e5a5fcf-58fb-4c0a-ad83-cf970c6ee3f4"],"Type":"CHILD"}],"RowIndex":2,"RowSpan":1},{"BlockType":"CELL","ColumnIndex":10,"ColumnSpan":1,"Confidence":90.576171875,"Geometry":{"BoundingBox":{"Height":0.026226069778203964,"Left":0.6598678231239319,"Top":0.026149671524763107,"Width":0.2546618580818176},"Polygon":[{"X":0.6598678231239319,"Y":0.026165202260017395},{"X":0.9145261645317078,"Y":0.026149671524763107},{"X":0.9145296812057495,"Y":0.05236189067363739},{"X":0.6598682999610901,"Y":0.05237574130296707}]},"Id":"f43058d3-6ef5-4f01-90b2-a5e03cadd437","Relationships":[{"Ids":["b9ef7711-9fda-49c8-8134-54f9b88f7369"],"Type":"CHILD"}],"RowIndex":2,"RowSpan":1},{"BlockType":"CELL","ColumnIndex":11,"ColumnSpan":1,"Confidence":88.330078125,"Geometry":{"BoundingBox":{"Height":0.026217205449938774,"Left":0.9145261645317078,"Top":0.026144685223698616,"Width":0.08175989240407944},"Polygon":[{"X":0.9145261645317078,"Y":0.026149671524763107},{"X":0.9962815642356873,"Y":0.026144685223698616},{"X":0.9962860345840454,"Y":0.052357446402311325},{"X":0.9145296812057495,"Y":0.05236189067363739}]},"Id":"65053886-1bc7-4125-9141-bb88776becbe","Relationships":[{"Ids":["d63c27c8-68ef-412b-bac8-98a0a9ef90fe"],"Type":"CHILD"}],"RowIndex":2,"RowSpan":1},{"BlockType":"CELL","ColumnIndex":1,"ColumnSpan":1,"Confidence":35.8154296875,"Geometry":{"BoundingBox":{"Height":0.02434314414858818,"Left":0.0020111703779548407,"Top":0.05240326747298241,"Width":0.15175595879554749},"Polygon":[{"X":0.002018054947257042,"Y":0.0524115227162838},{"X":0.15376712381839752,"Y":0.05240326747298241},{"X":0.15376192331314087,"Y":0.07673908770084381},{"X":0.0020111703779548407,"Y":0.07674641162157059}]},"Id":"6e0c0985-e378-4d9c-84df-3b1618fd50a8","Relationships":[{"Ids":["5c289b05-1520-4cc8-9ddb-984a81756b72","7d9850f7-1b2c-429e-ad4f-3370d5f79e56"],"Type":"CHILD"}],"RowIndex":3,"RowSpan":1},{"BlockType":"CELL","ColumnIndex":2,"ColumnSpan":1,"Confidence":43.4814453125,"Geometry":{"BoundingBox":{"Height":0.02433870919048786,"Left":0.15376192331314087,"Top":0.0524003803730011,"Width":0.053108520805835724},"Polygon":[{"X":0.15376712381839752,"Y":0.05240326747298241},{"X":0.2068704515695572,"Y":0.0524003803730011},{"X":0.2068658471107483,"Y":0.07673652470111847},{"X":0.15376192331314087,"Y":0.07673908770084381}]},"Id":"2127da54-82e2-47ab-8274-7c5ef49b38b8","RowIndex":3,"RowSpan":1},{"BlockType":"CELL","ColumnIndex":3,"ColumnSpan":1,"Confidence":47.16796875,"Geometry":{"BoundingBox":{"Height":0.024339884519577026,"Left":0.2068658471107483,"Top":0.05239664018154144,"Width":0.06872866302728653},"Polygon":[{"X":0.2068704515695572,"Y":0.0524003803730011},{"X":0.2755945026874542,"Y":0.05239664018154144},{"X":0.2755906581878662,"Y":0.07673320919275284},{"X":0.2068658471107483,"Y":0.07673652470111847}]},"Id":"f47e46aa-f665-4317-832c-b24181ff7a41","RowIndex":3,"RowSpan":1},{"BlockType":"CELL","ColumnIndex":4,"ColumnSpan":1,"Confidence":40.13671875,"Geometry":{"BoundingBox":{"Height":0.024339795112609863,"Left":0.2755906581878662,"Top":0.052393414080142975,"Width":0.059358350932598114},"Polygon":[{"X":0.2755945026874542,"Y":0.05239664018154144},{"X":0.3349490165710449,"Y":0.052393414080142975},{"X":0.33494582772254944,"Y":0.07673034071922302},{"X":0.2755906581878662,"Y":0.07673320919275284}]},"Id":"e45eae64-9ea7-422a-b10e-79ce252bbb83","RowIndex":3,"RowSpan":1},{"BlockType":"CELL","ColumnIndex":5,"ColumnSpan":1,"Confidence":46.5087890625,"Geometry":{"BoundingBox":{"Height":0.024341432377696037,"Left":0.33494582772254944,"Top":0.052388910204172134,"Width":0.0827900618314743},"Polygon":[{"X":0.3349490165710449,"Y":0.052393414080142975},{"X":0.41773590445518494,"Y":0.052388910204172134},{"X":0.41773363947868347,"Y":0.07672634720802307},{"X":0.33494582772254944,"Y":0.07673034071922302}]},"Id":"1801e5fe-323f-4f8b-bfbc-3eb789632f28","Relationships":[{"Ids":["3bfa54b1-443b-482b-b57c-be269523b11b"],"Type":"CHILD"}],"RowIndex":3,"RowSpan":1},{"BlockType":"CELL","ColumnIndex":6,"ColumnSpan":1,"Confidence":70.1171875,"Geometry":{"BoundingBox":{"Height":0.02434041164815426,"Left":0.41773363947868347,"Top":0.05238593742251396,"Width":0.05467473343014717},"Polygon":[{"X":0.41773590445518494,"Y":0.052388910204172134},{"X":0.47240838408470154,"Y":0.05238593742251396},{"X":0.4724067151546478,"Y":0.07672370970249176},{"X":0.41773363947868347,"Y":0.07672634720802307}]},"Id":"73943241-caf9-4554-8ee1-e20a8cf09135","Relationships":[{"Ids":["554233f8-635b-4e28-ae07-bffa2062d8b3"],"Type":"CHILD"}],"RowIndex":3,"RowSpan":1},{"BlockType":"CELL","ColumnIndex":7,"ColumnSpan":1,"Confidence":86.865234375,"Geometry":{"BoundingBox":{"Height":0.024341341108083725,"Left":0.4724067151546478,"Top":0.052382368594408035,"Width":0.0656106099486351},"Polygon":[{"X":0.47240838408470154,"Y":0.05238593742251396},{"X":0.5380173325538635,"Y":0.052382368594408035},{"X":0.5380164384841919,"Y":0.07672054320573807},{"X":0.4724067151546478,"Y":0.07672370970249176}]},"Id":"41ac9c3d-6fee-4d9e-ba57-29b9c82fe5b9","Relationships":[{"Ids":["64da613d-3ed0-4945-a9a9-974d594e3830"],"Type":"CHILD"}],"RowIndex":3,"RowSpan":1},{"BlockType":"CELL","ColumnIndex":8,"ColumnSpan":1,"Confidence":70.21484375,"Geometry":{"BoundingBox":{"Height":0.02434106357395649,"Left":0.5380164384841919,"Top":0.05237948149442673,"Width":0.05311451852321625},"Polygon":[{"X":0.5380173325538635,"Y":0.052382368594408035},{"X":0.5911309123039246,"Y":0.05237948149442673},{"X":0.5911306142807007,"Y":0.07671798020601273},{"X":0.5380164384841919,"Y":0.07672054320573807}]},"Id":"853b79fc-feb9-4e04-aa48-a86d3215c37b","Relationships":[{"Ids":["e30d0340-7447-4f1b-8ec1-e4640a4cbf39"],"Type":"CHILD"}],"RowIndex":3,"RowSpan":1},{"BlockType":"CELL","ColumnIndex":9,"ColumnSpan":1,"Confidence":82.177734375,"Geometry":{"BoundingBox":{"Height":0.024342238903045654,"Left":0.5911306142807007,"Top":0.05237574130296707,"Width":0.06873811781406403},"Polygon":[{"X":0.5911309123039246,"Y":0.05237948149442673},{"X":0.6598682999610901,"Y":0.05237574130296707},{"X":0.6598687171936035,"Y":0.0767146646976471},{"X":0.5911306142807007,"Y":0.07671798020601273}]},"Id":"d7e65b87-224d-4974-8e1a-921883174eed","Relationships":[{"Ids":["82141cd4-5cf0-4192-a36b-82b652da8831"],"Type":"CHILD"}],"RowIndex":3,"RowSpan":1},{"BlockType":"CELL","ColumnIndex":10,"ColumnSpan":1,"Confidence":92.041015625,"Geometry":{"BoundingBox":{"Height":0.024352772161364555,"Left":0.6598682999610901,"Top":0.05236189067363739,"Width":0.25466465950012207},"Polygon":[{"X":0.6598682999610901,"Y":0.05237574130296707},{"X":0.9145296812057495,"Y":0.05236189067363739},{"X":0.9145329594612122,"Y":0.07670237123966217},{"X":0.6598687171936035,"Y":0.0767146646976471}]},"Id":"044055a3-68ea-4a22-9fac-f3527ac0756b","Relationships":[{"Ids":["c6ef1d91-5a6f-4885-9815-1a7cd697d2ee","cbe8cc36-7922-43f4-9c64-26f9f6e55905","d2a44b67-3964-4306-a0c0-8aeacecb3c34"],"Type":"CHILD"}],"RowIndex":3,"RowSpan":1},{"BlockType":"CELL","ColumnIndex":11,"ColumnSpan":1,"Confidence":89.74609375,"Geometry":{"BoundingBox":{"Height":0.024344928562641144,"Left":0.9145296812057495,"Top":0.052357446402311325,"Width":0.08176055550575256},"Polygon":[{"X":0.9145296812057495,""
14:55:34.402 [Test worker] DEBUG org.apache.http.wire - http-outgoing-0 << "Y":0.05236189067363739},{"X":0.9962860345840454,"Y":0.052357446402311325},{"X":0.9962902069091797,"Y":0.0766984298825264},{"X":0.9145329594612122,"Y":0.07670237123966217}]},"Id":"7c05abb6-d0d2-479f-ae8f-f275c3a267d3","RowIndex":3,"RowSpan":1},{"BlockType":"CELL","ColumnIndex":1,"ColumnSpan":1,"Confidence":35.595703125,"Geometry":{"BoundingBox":{"Height":0.026214735582470894,"Left":0.002003755886107683,"Top":0.07673908770084381,"Width":0.15175817906856537},"Polygon":[{"X":0.0020111703779548407,"Y":0.07674641162157059},{"X":0.15376192331314087,"Y":0.07673908770084381},{"X":0.15375633537769318,"Y":0.10294750332832336},{"X":0.002003755886107683,"Y":0.10295382142066956}]},"Id":"0e2569b2-32fb-471c-b4b9-27b53e9be2ad","Relationships":[{"Ids":["35b71266-2479-4c97-8ee8-144468659842","010dd484-b960-4ee1-a64b-b26ef0aa2626"],"Type":"CHILD"}],"RowIndex":4,"RowSpan":1},{"BlockType":"CELL","ColumnIndex":2,"ColumnSpan":1,"Confidence":43.2373046875,"Geometry":{"BoundingBox":{"Height":0.026210974901914597,"Left":0.15375633537769318,"Top":0.07673652470111847,"Width":0.053109511733055115},"Polygon":[{"X":0.15376192331314087,"Y":0.07673908770084381},{"X":0.2068658471107483,"Y":0.07673652470111847},{"X":0.20686088502407074,"Y":0.10294529050588608},{"X":0.15375633537769318,"Y":0.10294750332832336}]},"Id":"97b595c4-3359-48dd-a690-0b5b931475ef","RowIndex":4,"RowSpan":1},{"BlockType":"CELL","ColumnIndex":3,"ColumnSpan":1,"Confidence":46.8994140625,"Geometry":{"BoundingBox":{"Height":0.02621207945048809,"Left":0.20686088502407074,"Top":0.07673320919275284,"Width":0.06872978061437607},"Polygon":[{"X":0.2068658471107483,"Y":0.07673652470111847},{"X":0.2755906581878662,"Y":0.07673320919275284},{"X":0.2755865454673767,"Y":0.10294242203235626},{"X":0.20686088502407074,"Y":0.10294529050588608}]},"Id":"61c9ff5d-9565-4ca2-9d08-870df99fae45","Relationships":[{"Ids":["9e307894-7892-44cd-ab0e-fb8f9667f5a5"],"Type":"CHILD"}],"RowIndex":4,"RowSpan":1},{"BlockType":"CELL","ColumnIndex":4,"ColumnSpan":1,"Confidence":39.892578125,"Geometry":{"BoundingBox":{"Height":0.02621208131313324,"Left":0.2755865454673767,"Top":0.07673034071922302,"Width":0.05935930460691452},"Polygon":[{"X":0.2755906581878662,"Y":0.07673320919275284},{"X":0.33494582772254944,"Y":0.07673034071922302},{"X":0.33494240045547485,"Y":0.10293995589017868},{"X":0.2755865454673767,"Y":0.10294242203235626}]},"Id":"c5dc5b42-8348-418e-8d17-f035167262e3","Relationships":[{"Ids":["3d76b1ff-d02a-46df-ac7f-42576b9d0e1c"],"Type":"CHILD"}],"RowIndex":4,"RowSpan":1},{"BlockType":"CELL","ColumnIndex":5,"ColumnSpan":1,"Confidence":46.2646484375,"Geometry":{"BoundingBox":{"Height":0.02621360309422016,"Left":0.33494240045547485,"Top":0.07672634720802307,"Width":0.08279123157262802},"Polygon":[{"X":0.33494582772254944,"Y":0.07673034071922302},{"X":0.41773363947868347,"Y":0.07672634720802307},{"X":0.4177311956882477,"Y":0.1029365062713623},{"X":0.33494240045547485,"Y":0.10293995589017868}]},"Id":"d1a22509-ecda-46b1-99ee-58ed8856181d","Relationships":[{"Ids":["0252b39c-3bd3-4195-a0d2-10e8b2e85a61"],"Type":"CHILD"}],"RowIndex":4,"RowSpan":1},{"BlockType":"CELL","ColumnIndex":6,"ColumnSpan":1,"Confidence":69.677734375,"Geometry":{"BoundingBox":{"Height":0.026212792843580246,"Left":0.4177311956882477,"Top":0.07672370970249176,"Width":0.05467551574110985},"Polygon":[{"X":0.41773363947868347,"Y":0.07672634720802307},{"X":0.4724067151546478,"Y":0.07672370970249176},{"X":0.47240495681762695,"Y":0.10293422639369965},{"X":0.4177311956882477,"Y":0.1029365062713623}]},"Id":"3cf59f01-14f5-40f9-bf8e-afaef762e2f0","Relationships":[{"Ids":["2728e2a6-7c20-421c-a780-8ea2e6224634"],"Type":"CHILD"}],"RowIndex":4,"RowSpan":1},{"BlockType":"CELL","ColumnIndex":7,"ColumnSpan":1,"Confidence":86.376953125,"Geometry":{"BoundingBox":{"Height":0.02621368132531643,"Left":0.47240495681762695,"Top":0.07672054320573807,"Width":0.06561146676540375},"Polygon":[{"X":0.4724067151546478,"Y":0.07672370970249176},{"X":0.5380164384841919,"Y":0.07672054320573807},{"X":0.5380154252052307,"Y":0.10293149203062057},{"X":0.47240495681762695,"Y":0.10293422639369965}]},"Id":"6ee33d98-67e9-4867-a947-4cd46068f86a","Relationships":[{"Ids":["716c7a1f-9674-42f8-be3a-1d2b04803e1d"],"Type":"CHILD"}],"RowIndex":4,"RowSpan":1},{"BlockType":"CELL","ColumnIndex":8,"ColumnSpan":1,"Confidence":69.82421875,"Geometry":{"BoundingBox":{"Height":0.02621351182460785,"Left":0.5380154252052307,"Top":0.07671798020601273,"Width":0.053115181624889374},"Polygon":[{"X":0.5380164384841919,"Y":0.07672054320573807},{"X":0.5911306142807007,"Y":0.07671798020601273},{"X":0.591130256652832,"Y":0.10292927920818329},{"X":0.5380154252052307,"Y":0.10293149203062057}]},"Id":"2db757cb-e63e-4500-abd5-19b652795925","Relationships":[{"Ids":["6e1e7909-71b3-46e7-be8b-4a86db4ed794"],"Type":"CHILD"}],"RowIndex":4,"RowSpan":1},{"BlockType":"CELL","ColumnIndex":9,"ColumnSpan":1,"Confidence":81.73828125,"Geometry":{"BoundingBox":{"Height":0.026214616373181343,"Left":0.591130256652832,"Top":0.0767146646976471,"Width":0.06873894482851028},"Polygon":[{"X":0.5911306142807007,"Y":0.07671798020601273},{"X":0.6598687171936035,"Y":0.0767146646976471},{"X":0.6598691940307617,"Y":0.10292641818523407},{"X":0.591130256652832,"Y":0.10292927920818329}]},"Id":"a81ea3aa-59bd-4deb-870a-bd4a8ac00a5f","Relationships":[{"Ids":["7484892f-9430-437d-9fac-81213dce807b"],"Type":"CHILD"}],"RowIndex":4,"RowSpan":1},{"BlockType":"CELL","ColumnIndex":10,"ColumnSpan":1,"Confidence":91.50390625,"Geometry":{"BoundingBox":{"Height":0.02622404135763645,"Left":0.6598687171936035,"Top":0.07670237123966217,"Width":0.254667729139328},"Polygon":[{"X":0.6598687171936035,"Y":0.0767146646976471},{"X":0.9145329594612122,"Y":0.07670237123966217},{"X":0.9145364761352539,"Y":0.10291580110788345},{"X":0.6598691940307617,"Y":0.10292641818523407}]},"Id":"2387bcb0-eeb2-4e1d-8869-a4ca28a2c858","Relationships":[{"Ids":["afb61652-a8e7-47b1-b8b9-42a9df3ecd29"],"Type":"CHILD"}],"RowIndex":4,"RowSpan":1},{"BlockType":"CELL","ColumnIndex":11,"ColumnSpan":1,"Confidence":89.208984375,"Geometry":{"BoundingBox":{"Height":0.026217376813292503,"Left":0.9145329594612122,"Top":0.0766984298825264,"Width":0.08176178485155106},"Polygon":[{"X":0.9145329594612122,"Y":0.07670237123966217},{"X":0.9962902069091797,"Y":0.0766984298825264},{"X":0.9962947368621826,"Y":0.10291239619255066},{"X":0.9145364761352539,"Y":0.10291580110788345}]},"Id":"64a8487c-73b8-469e-b3be-6b3af9c30744","Relationships":[{"Ids":["89766b30-681c-4ccc-975e-185334377030"],"Type":"CHILD"}],"RowIndex":4,"RowSpan":1},{"BlockType":"CELL","ColumnIndex":1,"ColumnSpan":1,"Confidence":36.083984375,"Geometry":{"BoundingBox":{"Height":0.024342339485883713,"Left":0.001996870618313551,"Top":0.10294750332832336,"Width":0.15175946056842804},"Polygon":[{"X":0.002003755886107683,"Y":0.10295382142066956},{"X":0.15375633537769318,"Y":0.10294750332832336},{"X":0.15375113487243652,"Y":0.1272844523191452},{"X":0.001996870618313551,"Y":0.12728984653949738}]},"Id":"7a039009-669f-47ea-9ff5-30b809bf1925","Relationships":[{"Ids":["a5b8bc9a-6835-4729-aaa8-8baf6490f181"],"Type":"CHILD"}],"RowIndex":5,"RowSpan":1},{"BlockType":"CELL","ColumnIndex":2,"ColumnSpan":1,"Confidence":43.8232421875,"Geometry":{"BoundingBox":{"Height":0.024339158087968826,"Left":0.15375113487243652,"Top":0.10294529050588608,"Width":0.053109750151634216},"Polygon":[{"X":0.15375633537769318,"Y":0.10294750332832336},{"X":0.20686088502407074,"Y":0.10294529050588608},{"X":0.20685628056526184,"Y":0.12728255987167358},{"X":0.15375113487243652,"Y":0.1272844523191452}]},"Id":"2fd827fc-98df-433f-9cbf-972478f2fd5c","RowIndex":5,"RowSpan":1},{"BlockType":"CELL","ColumnIndex":3,"ColumnSpan":1,"Confidence":47.5341796875,"Geometry":{"BoundingBox":{"Height":0.024340134114027023,"Left":0.20685628056526184,"Top":0.10294242203235626,"Width":0.06873025000095367},"Polygon":[{"X":0.20686088502407074,"Y":0.10294529050588608},{"X":0.2755865454673767,"Y":0.10294242203235626},{"X":0.2755827009677887,"Y":0.1272801160812"
14:55:34.442 [Test worker] DEBUG org.apache.http.wire - http-outgoing-0 << "378},{"X":0.20685628056526184,"Y":0.12728255987167358}]},"Id":"7c9e7355-b9d7-4f54-9a50-2f916907ce65","RowIndex":5,"RowSpan":1},{"BlockType":"CELL","ColumnIndex":4,"ColumnSpan":1,"Confidence":40.4296875,"Geometry":{"BoundingBox":{"Height":0.02434016577899456,"Left":0.2755827009677887,"Top":0.10293995589017868,"Width":0.05935972183942795},"Polygon":[{"X":0.2755865454673767,"Y":0.1029"
14:55:34.444 [Test worker] DEBUG org.apache.http.wire - http-outgoing-0 << "4242203235626},{"X":0.33494240045547485,"Y":0.10293995589017868},{"X":0.33493924140930176,"Y":0.12727801501750946},{"X":0.2755827009677887,"Y":0.1272801160812378}]},"Id":"1bf883bb-7b3a-4832-8acc-93fe1f5c13ba","RowIndex":5,"RowSpan":1},{"BlockType":"CELL","ColumnIndex":5,"ColumnSpan":1,"Confidence":46.875,"Geometry":{"BoundingBox":{"Height":0.024341505020856857,"Left":0.33493924140930176,"Top":0.1029365062713623,"Width":0.08279197663068771},"Polygon":[{"X":0.33494240045547485,"Y":0.10293995589017868},{"X":0.4177311956882477,"Y":0.1029365062713623},{"X":0.4177289605140686,"Y":0.12727506458759308},{"X":0.33493924140930176,"Y":0.12727801501750946}]},"Id":"3d9402d1-8a19-4708-82c4-28398b7eb672","Relationships":[{"Ids":["8bc6aadc-ed2e-429b-962f-7343f7080fe0"],"Type":"CHILD"}],"RowIndex":5,"RowSpan":1},{"BlockType":"CELL","ColumnIndex":6,"ColumnSpan":1,"Confidence":70.654296875,"Geometry":{"BoundingBox":{"Height":0.024340840056538582,"Left":0.4177289605140686,"Top":0.10293422639369965,"Width":0.05467599630355835},"Po"
14:55:34.447 [Test worker] DEBUG org.apache.http.wire - http-outgoing-0 << "lygon":[{"X":0.4177311956882477,"Y":0.1029365062713623},{"X":0.47240495681762695,"Y":0.10293422639369965},{"X":0.47240328788757324,"Y":0.12727312743663788},{"X":0.4177289605140686,"Y":0.12727506458759308}]},"Id":"fc1f285c-c9e7-48a6-a661-78c3bcb24ab0","Relationships":[{"Ids":["47d0fa46-06fb-406d-bbfc-b8ba1285cd82"],"Type":"CHILD"}],"RowIndex":5,"RowSpan":1},{"BlockType":"CELL","ColumnIndex":7,"ColumnSpan":1,"Confidence":87.548828125,"Geometry":{"BoundingBox":{"Height":0.024341631680727005,"Left":0.47240328788757324,"Top":0.10293149203062057,"Width":0.06561212241649628},"Polygon":[{"X":0.47240495681762695,"Y":0.10293422639369965},{"X":0.5380154252052307,"Y":0.10293149203062057},{"X":0.5380145311355591,"Y":0.12727078795433044},{"X":0.47240328788757324,"Y":0.12727312743663788}]},"Id":"953685d3-16c7-42c3-b17b-07c60e3f1c73","Relationships":[{"Ids":["0c8a3b5e-d7d6-4117-a738-20755dc073e5"],"Type":"CHILD"}],"RowIndex":5,"RowSpan":1},{"BlockType":"CELL","ColumnIndex":8,"ColumnSpan":1,"Confidence":70.80078125,"Geometry":{"BoundingBox":{"Height":0.024341512471437454,"Left":0.5380145311355591,"Top":0.10292927920818329,"Width":0.05311574786901474},"Polygon":[{"X":0.5380154252052307,"Y":0.10293149203062057},{"X":0.591130256652832,"Y":0.10292927920818329},{"X":0.5911298990249634,"Y":0.12726891040802002},{"X":0.5380145311355591,"Y":0.12727078795433044}]},"Id":"7356d48b-d2ef-42c3-805c-9527599711d3","Relationships":[{"Ids":["c158fc58-ea63-42c5-8062-81afd3c09aec"],"Type":"CHILD"}],"RowIndex":5,"RowSpan":1},{"BlockType":"CELL","ColumnIndex":9,"ColumnSpan":1,"Confidence":82.8125,"Geometry":{"BoundingBox":{"Height":0.02434248849749565,"Left":0.5911298990249634,"Top":0.10292641818523407,"Width":0.06873971223831177},"Polygon":[{"X":0.591130256652832,"Y":0.10292927920818329},{"X":0.6598691940307617,"Y":0.10292641818523407},{"X":0.6598696112632751,"Y":0.12726646661758423},{"X":0.5911298990249634,"Y":0.12726891040802002}]},"Id":"ed7c78d1-eeca-4d47-afc2-cfab4e018093","Relationships":[{"Ids":["d92a914b-63d7-4d34-8b22-9552d6f8c333"],"Type":"CHILD"}],"RowIndex":5,"RowSpan":1},{"BlockType":"CELL","ColumnIndex":10,"ColumnSpan":1,"Confidence":92.724609375,"Geometry":{"BoundingBox":{"Height":0.02435065619647503,"Left":0.6598691940307617,"Top":0.10291580110788345,"Width":0.25467053055763245},"Polygon":[{"X":0.6598691940307617,"Y":0.10292641818523407},{"X":0.9145364761352539,"Y":0.10291580110788345},{"X":0.9145397543907166,"Y":0.12725740671157837},{"X":0.6598696112632751,"Y":0.12726646661758423}]},"Id":"17132f01-fddc-43ca-96f7-95b4e5f7120b","RowIndex":5,"RowSpan":1},{"BlockType":"CELL","ColumnIndex":11,"ColumnSpan":1,"Confidence":90.4296875,"Geometry":{"BoundingBox":{"Height":0.02434501238167286,"Left":0.9145364761352539,"Top":0.10291239619255066,"Width":0.08176244050264359},"Polygon":[{"X":0.9145364761352539,"Y":0.10291580110788345},{"X":0.9962947368621826,"Y":0.10291239619255066},{"X":0.9962989091873169,"Y":0.12725450098514557},{"X":0.9145397543907166,"Y":0.12725740671157837}]},"Id":"82feda04-86ab-4cd4-8290-016b16e2bf54","RowIndex":5,"RowSpan":1},{"BlockType":"CELL","ColumnIndex":1,"ColumnSpan":1,"Confidence":28.0517578125,"Geometry":{"BoundingBox":{"Height":0.024341950193047523,"Left":0.0019899855833500624,"Top":0.1272844523191452,"Width":0.15176114439964294},"Polygon":[{"X":0.001996870618313551,"Y":0.12728984653949738},{"X":0.15375113487243652,"Y":0.1272844523191452},{"X":0.15374593436717987,"Y":0.15162193775177002},{"X":0.0019899855833500624,"Y":0.15162639319896698}]},"Id":"cdd66c8b-2d3d-43ce-9bed-015b0f87a99c","Relationships":[{"Ids":["196e1e90-4843-466d-8700-2f80a942f813","b7f04079-9121-4342-9795-8dd49d84afe9"],"Type":"CHILD"}],"RowIndex":6,"RowSpan":1},{"BlockType":"CELL","ColumnIndex":2,"ColumnSpan":1,"Confidence":34.0576171875,"Geometry":{"BoundingBox":{"Height":0.024339374154806137,"Left":0.15374593436717987,"Top":0.12728255987167358,"Width":0.05311033874750137},"Polygon":[{"X":0.15375113487243652,"Y":0.1272844523191452},{"X":0.20685628056526184,"Y":0.12728255987167358},{"X":0.20685167610645294,"Y":0.15162037312984467},{"X":0.15374593436717987,"Y":0.15162193775177002}]},"Id":"7a7521a3-d8c0-424e-a5c4-396aedd7474e","RowIndex":6,"RowSpan":1},{"BlockType":"CELL","ColumnIndex":3,"ColumnSpan":1,"Confidence":36.9384765625,"Geometry":{"BoundingBox":{"Height":0.024340255185961723,"Left":0.20685167610645294,"Top":0.1272801160812378,"Width":0.06873101741075516},"Polygon":[{"X":0.20685628056526184,"Y":0.12728255987167358},{"X":0.2755827009677887,"Y":0.1272801160812378},{"X":0.2755788564682007,"Y":0.1516183465719223},{"X":0.20685167610645294,"Y":0.15162037312984467}]},"Id":"62c52a00-85d0-4590-9b18-cfd3fd46a3db","Relationships":[{"Ids":["31210d9b-78c2-4420-bbb5-2441f0b64217"],"Type":"CHILD"}],"RowIndex":6,"RowSpan":1},{"BlockType":"CELL","ColumnIndex":4,"ColumnSpan":1,"Confidence":31.4208984375,"Geometry":{"BoundingBox":{"Height":0.024340342730283737,"Left":0.2755788564682007,"Top":0.12727801501750946,"Width":0.059360381215810776},"Polygon":[{"X":0.2755827009677887,"Y":0.1272801160812378},{"X":0.33493924140930176,"Y":0.12727801501750946},{"X":0.3349360525608063,"Y":0.15161660313606262},{"X":0.2755788564682007,"Y":0.1516183465719223}]},"Id":"bc5c5b74-4237-4f32-bdae-8941d933e34e","Relationships":[{"Ids":["2436f7e7-717f-4a8c-b0ad-129b7200338e"],"Type":"CHILD"}],"RowIndex":6,"RowSpan":1},{"BlockType":"CELL","ColumnIndex":5,"ColumnSpan":1,"Confidence":36.42578125,"Geometry":{"BoundingBox":{"Height":0.024341540411114693,"Left":0.3349360525608063,"Top":0.12727506458759308,"Width":0.08279290050268173},"Polygon":[{"X":0.33493924140930176,"Y":0.12727801501750946},{"X":0.4177289605140686,"Y":0.12727506458759308},{"X":0.41772669553756714,"Y":0.15161417424678802},{"X":0.3349360525608063,"Y":0.15161660313606262}]},"Id":"47ef514b-588b-4648-9dc4-8ff9313783d8","Relationships":[{"Ids":["38c1fbaa-288e-46c9-9cf4-393fbbf6213d"],"Type":"CHILD"}],"RowIndex":6,"RowSpan":1},{"BlockType":"CELL","ColumnIndex":6,"ColumnSpan":1,"Confidence":54.8828125,"Geometry":{"BoundingBox":{"Height":0.024341048672795296,"Left":0.41772669553756714,"Top":0.12727312743663788,"Width":0.0546766072511673},"Polygon":[{"X":0.4177289605140686,"Y":0.12727506458759308},{"X":0.47240328788757324,"Y":0.12727312743663788},{"X":0.4724016487598419,"Y":0.1516125649213791},{"X":0.41772669553756714,"Y":0.15161417424678802}]},"Id":"4592568e-be17-4203-8f82-0bd49e647849","Relationships":[{"Ids":["57e3dcd9-7392-48b8-9575-9ae066406eca"],"Type":"CHILD"}],"RowIndex":6,"RowSpan":1},{"BlockType":"CELL","ColumnIndex":7,"ColumnSpan":1,"Confidence":68.06640625,"Geometry":{"BoundingBox":{"Height":0.024341771379113197,"Left":0.4724016487598419,"Top":0.12727078795433044,"Width":0.06561285257339478},"Polygon":[{"X":0.47240328788757324,"Y":0.12727312743663788},{"X":0.5380145311355591,"Y":0.12727078795433044},{"X":0.5380135774612427,"Y":0.1516106277704239},{"X":0.4724016487598419,"Y":0.1516125649213791}]},"Id":"75885b3a-fb3f-405b-adc8-8df8b8e38433","Relationships":[{"Ids":["3a910031-86ab-4510-930c-6356f37c3892"],"Type":"CHILD"}],"RowIndex":6,"RowSpan":1},{"BlockType":"CELL","ColumnIndex":8,"ColumnSpan":1,"Confidence":55.029296875,"Geometry":{"BoundingBox":{"Height":0.024341728538274765,"Left":0.5380135774612427,"Top":0.12726891040802002,"Width":0.053116340190172195},"Polygon":[{"X":0.5380145311355591,"Y":0.12727078795433044},{"X":0.5911298990249634,"Y":0.12726891040802002},{"X":0.5911296010017395,"Y":0.15160907804965973},{"X":0.5380135774612427,"Y":0.1516106277704239}]},"Id":"cfd3d915-1036-43c2-9d96-74472250e61e","Relationships":[{"Ids":["c7b3f768-ec51-4114-a922-511322488140"],"Type":"CHILD"}],"RowIndex":6,"RowSpan":1},{"BlockType":"CELL","ColumnIndex":9,"ColumnSpan":1,"Confidence":64.35546875,"Geometry":{"BoundingBox":{"Height":0.02434260956943035,"Left":0.5911296010017395,"Top":0.12726646661758423,"Width":0.06874047219753265},"Polygon":[{"X":0.5911298990249634,"Y":0.12726891040802002},{"X":0.6598696112632751,"Y":0.12726646661758423},{"X":0.6598700881004333,"Y":0.15"
14:55:34.575 [Test worker] DEBUG org.apache.http.wire - http-outgoing-0 << "160705149173737},{"X":0.5911296010017395,"Y":0.15160907804965973}]},"Id":"ae9082a3-9fa8-41ec-8f76-5ee7fb137964","Relationships":[{"Ids":["26332522-1b9a-4fdb-948c-bd07261c094a"],"Type":"CHILD"}],"RowIndex":6,"RowSpan":1},{"BlockType":"CELL","ColumnIndex":10,"ColumnSpan":1,"Confidence":72.0703125,"Geometry":{"BoundingBox":{"Height":0.02434963919222355,"Left":0.6598696112632751,"Top":0.12725740671157837,"Width":0.25467339158058167},"Polygon":[{"X":0.6598696112632751,"Y":0.12726646661758423},{"X":0.9145397543907166,"Y":0.12725740671157837},{"X":0.9145430326461792,"Y":0.15159955620765686},{"X":0.6598700881004333,"Y":0.15160705149173737}]},"Id":"4469ef4c-3579-423b-b406-964b4d715e33","Relationships":[{"Ids":["d8c6031c-39b4-4505-9aec-7c16e606d1ae"],"Type":"CHILD"}],"RowIndex":6,"RowSpan":1},{"BlockType":"CELL","ColumnIndex":11,"ColumnSpan":1,"Confidence":70.263671875,"Geometry":{"BoundingBox":{"Height":0.024345053359866142,"Left":0.9145397543907166,"Top":0.12725450098514557,"Width":0.08176334947347641},"Polygon":[{"X":0.9145397543907166,"Y":0.12725740671157837},{"X":0.9962989091873169,"Y":0.12725450098514557},{"X":0.9963030815124512,"Y":0.15159715712070465},{"X":0.9145430326461792,"Y":0.15159955620765686}]},"Id":"fae329a3-e2f9-425f-a10d-c5617da79224","Relationships":[{"Ids":["58dd16f7-335b-4357-9aca-382b489000cd"],"Type":"CHILD"}],"RowIndex":6,"RowSpan":1},{"BlockType":"CELL","ColumnIndex":1,"ColumnSpan":1,"Confidence":25.6591796875,"Geometry":{"BoundingBox":{"Height":0.026213670149445534,"Left":0.0019825706258416176,"Top":0.15162193775177002,"Width":0.15176336467266083},"Polygon":[{"X":0.0019899855833500624,"Y":0.15162639319896698},{"X":0.15374593436717987,"Y":0.15162193775177002},{"X":0.15374034643173218,"Y":0.17783214151859283},{"X":0.0019825706258416176,"Y":0.1778355985879898}]},"Id":"7a3ff03e-a364-4e3a-9c5c-b47b5ef457b1","RowIndex":7,"RowSpan":1},{"BlockType":"CELL","ColumnIndex":2,"ColumnSpan":1,"Confidence":31.1767578125,"Geometry":{"BoundingBox":{"Height":0.026211770251393318,"Left":0.15374034643173218,"Top":0.15162037312984467,"Width":0.053111329674720764},"Polygon":[{"X":0.15374593436717987,"Y":0.15162193775177002},{"X":0.20685167610645294,"Y":0.15162037312984467},{"X":0.2068467140197754,"Y":0.17783093452453613},{"X":0.15374034643173218,"Y":0.17783214151859283}]},"Id":"3c713b87-3033-46cf-856a-8eb169cbf10d","RowIndex":7,"RowSpan":1},{"BlockType":"CELL","ColumnIndex":3,"ColumnSpan":1,"Confidence":33.8134765625,"Geometry":{"BoundingBox":{"Height":0.026212578639388084,"Left":0.2068467140197754,"Top":0.1516183465719223,"Width":0.0687321349978447},"Polygon":[{"X":0.20685167610645294,"Y":0.15162037312984467},{"X":0.2755788564682007,"Y":0.1516183465719223},{"X":0.2755747139453888,"Y":0.17782936990261078},{"X":0.2068467140197754,"Y":0.17783093452453613}]},"Id":"c955f847-7069-4c45-bc21-acce42f2d406","RowIndex":7,"RowSpan":1},{"BlockType":"CELL","ColumnIndex":4,"ColumnSpan":1,"Confidence":28.759765625,"Geometry":{"BoundingBox":{"Height":0.02621275745332241,"Left":0.2755747139453888,"Top":0.15161660313606262,"Width":0.05936133861541748},"Polygon":[{"X":0.2755788564682007,"Y":0.1516183465719223},{"X":0.3349360525608063,"Y":0.15161660313606262},{"X":0.3349326252937317,"Y":0.17782801389694214},{"X":0.2755747139453888,"Y":0.17782936990261078}]},"Id":"1f1abf5e-80dc-4a64-af0a-b84830bc81eb","RowIndex":7,"RowSpan":1},{"BlockType":"CELL","ColumnIndex":5,"ColumnSpan":1,"Confidence":33.349609375,"Geometry":{"BoundingBox":{"Height":0.026213837787508965,"Left":0.3349326252937317,"Top":0.15161417424678802,"Width":0.08279406279325485},"Polygon":[{"X":0.3349360525608063,"Y":0.15161660313606262},{"X":0.41772669553756714,"Y":0.15161417424678802},{"X":0.41772425174713135,"Y":0.17782612144947052},{"X":0.3349326252937317,"Y":0.17782801389694214}]},"Id":"5acf04c0-ab30-4bc0-95f9-da7a8f85e610","Relationships":[{"Ids":["0c664b2d-3482-485a-8da7-7280de3ffab1"],"Type":"CHILD"}],"RowIndex":7,"RowSpan":1},{"BlockType":"CELL","ColumnIndex":6,"ColumnSpan":1,"Confidence":50.244140625,"Geometry":{"BoundingBox":{"Height":0.02621355839073658,"Left":0.41772425174713135,"Top":0.1516125649213791,"Width":0.054677389562129974},"Polygon":[{"X":0.41772669553756714,"Y":0.15161417424678802},{"X":0.4724016487598419,"Y":0.1516125649213791},{"X":0.47239986062049866,"Y":0.17782486975193024},{"X":0.41772425174713135,"Y":0.17782612144947052}]},"Id":"c1bc4f87-b999-4f38-8599-e30a292a3f92","Relationships":[{"Ids":["49188667-bbfd-467d-a656-41609b1e7fcc"],"Type":"CHILD"}],"RowIndex":7,"RowSpan":1},{"BlockType":"CELL","ColumnIndex":7,"ColumnSpan":1,"Confidence":62.255859375,"Geometry":{"BoundingBox":{"Height":0.0262142401188612,"Left":0.47239986062049866,"Top":0.1516106277704239,"Width":0.06561370939016342},"Polygon":[{"X":0.4724016487598419,"Y":0.1516125649213791},{"X":0.5380135774612427,"Y":0.1516106277704239},{"X":0.5380125641822815,"Y":0.17782337963581085},{"X":0.47239986062049866,"Y":0.17782486975193024}]},"Id":"648d3ac9-4063-4576-b2db-06e1179665d4","Relationships":[{"Ids":["569a74fd-ef8e-496e-bcb7-0d88b4e27d86"],"Type":"CHILD"}],"RowIndex":7,"RowSpan":1},{"BlockType":"CELL","ColumnIndex":8,"ColumnSpan":1,"Confidence":50.341796875,"Geometry":{"BoundingBox":{"Height":0.02621430531144142,"Left":0.5380125641822815,"Top":0.15160907804965973,"Width":0.05311699956655502},"Polygon":[{"X":0.5380135774612427,"Y":0.1516106277704239},{"X":0.5911296010017395,"Y":0.15160907804965973},{"X":0.5911292433738708,"Y":0.17782215774059296},{"X":0.5380125641822815,"Y":0.17782337963581085}]},"Id":"177be713-8bf3-4e71-b3ac-482f5de3571b","Relationships":[{"Ids":["0c9240e3-7875-439c-868d-36b6a9a4274b"],"Type":"CHILD"}],"RowIndex":7,"RowSpan":1},{"BlockType":"CELL","ColumnIndex":9,"ColumnSpan":1,"Confidence":58.935546875,"Geometry":{"BoundingBox":{"Height":0.026215115562081337,"Left":0.5911292433738708,"Top":0.15160705149173737,"Width":0.06874129921197891},"Polygon":[{"X":0.5911296010017395,"Y":0.15160907804965973},{"X":0.6598700881004333,"Y":0.15160705149173737},{"X":0.6598705649375916,"Y":0.1778205931186676},{"X":0.5911292433738708,"Y":0.17782215774059296}]},"Id":"ea6f1123-d63c-4817-b96c-6af04fc8888d","Relationships":[{"Ids":["a71b78db-b853-4de2-a125-7ab6ce9a8750"],"Type":"CHILD"}],"RowIndex":7,"RowSpan":1},{"BlockType":"CELL","ColumnIndex":10,"ColumnSpan":1,"Confidence":65.966796875,"Geometry":{"BoundingBox":{"Height":0.026221036911010742,"Left":0.6598700881004333,"Top":0.15159955620765686,"Width":0.2546764612197876},"Polygon":[{"X":0.6598700881004333,"Y":0.15160705149173737},{"X":0.9145430326461792,"Y":0.15159955620765686},{"X":0.914546549320221,"Y":0.177814781665802},{"X":0.6598705649375916,"Y":0.1778205931186676}]},"Id":"b8e74d31-d1a8-4d9f-abab-3b872e905427","Relationships":[{"Ids":["eedd10ca-e545-44ad-844d-364e3cbfb837","0f6b1b31-deca-47ec-9a25-93895bda0b44"],"Type":"CHILD"}],"RowIndex":7,"RowSpan":1},{"BlockType":"CELL","ColumnIndex":11,"ColumnSpan":1,"Confidence":64.306640625,"Geometry":{"BoundingBox":{"Height":0.026217631995677948,"Left":0.9145430326461792,"Top":0.15159715712070465,"Width":0.0817645862698555},"Polygon":[{"X":0.9145430326461792,"Y":0.15159955620765686},{"X":0.9963030815124512,"Y":0.15159715712070465},{"X":0.9963076114654541,"Y":0.17781291902065277},{"X":0.914546549320221,"Y":0.177814781665802}]},"Id":"58468989-9f3d-40d4-a7f9-bdb8a4db46d3","RowIndex":7,"RowSpan":1},{"BlockType":"CELL","ColumnIndex":1,"ColumnSpan":1,"Confidence":35.7666015625,"Geometry":{"BoundingBox":{"Height":0.024341145530343056,"Left":0.001975684892386198,"Top":0.17783214151859283,"Width":0.1517646610736847},"Polygon":[{"X":0.0019825706258416176,"Y":0.1778355985879898},{"X":0.15374034643173218,"Y":0.17783214151859283},{"X":0.15373514592647552,"Y":0.20217075943946838},{"X":0.001975684892386198,"Y":0.20217329263687134}]},"Id":"4c0d0022-3d2d-4d7d-a97d-b01a05ecf2df","Relationships":[{"Ids":["67e4206f-2648-4ce1-835e-aafb90ffc505","3c916b8d-5a15-4bd7-ac5b-a2764ac65f0e"],"Type":"CHILD"}],"RowIndex":8,"RowSpan":1},{"BlockType":"CELL","ColumnIndex":2,"
14:55:34.577 [Test worker] DEBUG org.apache.http.wire - http-outgoing-0 << ""ColumnSpan":1,"Confidence":43.4326171875,"Geometry":{"BoundingBox":{"Height":0.02433982491493225,"Left":0.15373514592647552,"Top":0.17783093452453613,"Width":0.053111568093299866},"Polygon":[{"X":0.15374034643173218,"Y":0.17783214151859283},{"X":0.2068467140197754,"Y":0.17783093452453613},{"X":0.2068421095609665,"Y":0.20216986536979675},{"X":0.15373514592647552,"Y":0.2021707594394"
14:55:34.579 [Test worker] DEBUG org.apache.http.wire - http-outgoing-0 << "6838}]},"Id":"13de1af9-25f2-48ef-9593-d6e362bb499d","RowIndex":8,"RowSpan":1},{"BlockType":"CELL","ColumnIndex":3,"ColumnSpan":1,"Confidence":47.119140625,"Geometry":{"BoundingBox":{"Height":0.02434050664305687,"Left":0.2068421095609665,"Top":0.17782936990261078,"Width":0.0687326043844223},"Polygon":[{"X":0.2068467140197754,"Y":0.17783093452453613},{"X":0.2755747139453888,"Y":0.17782936990261078},{"X":0.2755708694458008,"Y":0.20216871798038483},{"X":0.2068421095609665,"Y":0.20216986536979675}]},"Id":"2926dfaa-ba24-4e23-8040-2d95b7f11fcd","Relationships":[{"Ids":["91b79652-d2ac-4db5-a0a2-9431ffdd42e0"],"Type":"CHILD"}],"RowIndex":8,"RowSpan":1},{"BlockType":"CELL","ColumnIndex":4,"ColumnSpan":1,"Confidence":40.087890625,"Geometry":{"BoundingBox":{"Height":0.024340713396668434,"Left":0.2755708694458008,"Top":0.17782801389694214,"Width":0.05936175584793091},"Polygon":[{"X":0.2755747139453888,"Y":0.17782936990261078},{"X":0.3349326252937317,"Y":0.17782801389694214},{"X":0.3349294364452362,"Y":0.20216773450374603}"
14:55:34.581 [Test worker] DEBUG org.apache.http.wire - http-outgoing-0 << ",{"X":0.2755708694458008,"Y":0.20216871798038483}]},"Id":"1efc4b93-2706-463b-8c19-97a67d19731a","Relationships":[{"Ids":["5a105d1a-bada-4614-b777-2d42e3f161ea"],"Type":"CHILD"}],"RowIndex":8,"RowSpan":1},{"BlockType":"CELL","ColumnIndex":5,"ColumnSpan":1,"Confidence":46.4599609375,"Geometry":{"BoundingBox":{"Height":0.024341611191630363,"Left":0.3349294364452362,"Top":0.17782612144947052,"Width":0.08279481530189514},"Polygon":[{"X":0.3349326252937317,"Y":0.17782801389694214},{"X":0.41772425174713135,"Y":0.17782612144947052},{"X":0.4177219867706299,"Y":0.202166348695755},{"X":0.3349294364452362,"Y":0.20216773450374603}]},"Id":"1fc97603-0968-429e-b724-0e28f50cff04","Relationships":[{"Ids":["f09182be-96d6-4865-9626-83064d8236c9"],"Type":"CHILD"}],"RowIndex":8,"RowSpan":1},{"BlockType":"CELL","ColumnIndex":6,"ColumnSpan":1,"Confidence":70.01953125,"Geometry":{"BoundingBox":{"Height":0.02434147708117962,"Left":0.4177219867706299,"Top":0.17782486975193024,"Width":0.054677870124578476},"Polygon":[{"X":0.41772425174713135,"Y":0.17782612144947052},{"X":0.47239986062049866,"Y":0.17782486975193024},{"X":0.47239822149276733,"Y":0.20216543972492218},{"X":0.4177219867706299,"Y":0.202166348695755}]},"Id":"f0603aff-7261-48e2-8c99-432fa5d1e232","Relationships":[{"Ids":["76c0250c-9a2d-4f49-84f0-9005ef56cb9c"],"Type":"CHILD"}],"RowIndex":8,"RowSpan":1},{"BlockType":"CELL","ColumnIndex":7,"ColumnSpan":1,"Confidence":86.767578125,"Geometry":{"BoundingBox":{"Height":0.024342061951756477,"Left":0.47239822149276733,"Top":0.17782337963581085,"Width":0.06561437249183655},"Polygon":[{"X":0.47239986062049866,"Y":0.17782486975193024},{"X":0.5380125641822815,"Y":0.17782337963581085},{"X":0.5380116701126099,"Y":0.20216433703899384},{"X":0.47239822149276733,"Y":0.20216543972492218}]},"Id":"dcb4b400-27f4-4873-a6c8-8c3609322416","Relationships":[{"Ids":["c30c70f6-b553-4965-8d74-e6a46401162f"],"Type":"CHILD"}],"RowIndex":8,"RowSpan":1},{"BlockType":"CELL","ColumnIndex":8,"ColumnSpan":1,"Confidence":70.166015625,"Geometry":{"BoundingBox":{"Height":0.02434217929840088,"Left":0.5380116701126099,"Top":0.17782215774059296,"Width":0.05311756581068039},"Polygon":[{"X":0.5380125641822815,"Y":0.17782337963581085},{"X":0.5911292433738708,"Y":0.17782215774059296},{"X":0.5911288857460022,"Y":0.2021634578704834},{"X":0.5380116701126099,"Y":0.20216433703899384}]},"Id":"300733d4-a9b1-4e8b-815b-56b6f7dff38d","Relationships":[{"Ids":["3ad1c9f3-fcc4-4af9-bf11-d3a82261590e"],"Type":"CHILD"}],"RowIndex":8,"RowSpan":1},{"BlockType":"CELL","ColumnIndex":9,"ColumnSpan":1,"Confidence":82.080078125,"Geometry":{"BoundingBox":{"Height":0.024342861026525497,"Left":0.5911288857460022,"Top":0.1778205931186676,"Width":0.0687420666217804},"Polygon":[{"X":0.5911292433738708,"Y":0.17782215774059296},{"X":0.6598705649375916,"Y":0.1778205931186676},{"X":0.659870982170105,"Y":0.20216231048107147},{"X":0.5911288857460022,"Y":0.2021634578704834}]},"Id":"215bbd00-d669-491a-8503-08ff56d96c2f","Relationships":[{"Ids":["ef3d5708-3cea-44bf-b564-2f3034a9d6fd"],"Type":"CHILD"}],"RowIndex":8,"RowSpan":1},{"BlockType":"CELL","ColumnIndex":10,"ColumnSpan":1,"Confidence":91.943359375,"Geometry":{"BoundingBox":{"Height":0.024347523227334023,"Left":0.6598705649375916,"Top":0.177814781665802,"Width":0.25467926263809204},"Polygon":[{"X":0.6598705649375916,"Y":0.1778205931186676},{"X":0.914546549320221,"Y":0.177814781665802},{"X":0.9145498275756836,"Y":0.20215806365013123},{"X":0.659870982170105,"Y":0.20216231048107147}]},"Id":"5a39a417-2f29-4936-b683-373e61684bcb","Relationships":[{"Ids":["b29e1754-0e68-4d4f-a31b-25f119321314"],"Type":"CHILD"}],"RowIndex":8,"RowSpan":1},{"BlockType":"CELL","ColumnIndex":11,"ColumnSpan":1,"Confidence":89.6484375,"Geometry":{"BoundingBox":{"Height":0.024345139041543007,"Left":0.914546549320221,"Top":0.17781291902065277,"Width":0.08176524192094803},"Polygon":[{"X":0.914546549320221,"Y":0.177814781665802},{"X":0.9963076114654541,"Y":0.17781291902065277},{"X":0.9963117837905884,"Y":0.2021566927433014},{"X":0.9145498275756836,"Y":0.20215806365013123}]},"Id":"6a664a45-e4c0-4a0d-95b3-674732b2ddd8","Relationships":[{"Ids":["7e711d3d-ed97-4b1e-a124-8d5df2678d25"],"Type":"CHILD"}],"RowIndex":8,"RowSpan":1},{"BlockType":"CELL","ColumnIndex":1,"ColumnSpan":1,"Confidence":36.328125,"Geometry":{"BoundingBox":{"Height":0.024340756237506866,"Left":0.001968799391761422,"Top":0.20217075943946838,"Width":0.1517663449048996},"Polygon":[{"X":0.001975684892386198,"Y":0.20217329263687134},{"X":0.15373514592647552,"Y":0.20217075943946838},{"X":0.15372994542121887,"Y":0.2265099138021469},{"X":0.001968799391761422,"Y":0.22651150822639465}]},"Id":"a442a2da-76e5-4e0c-a725-1490d069e4f3","Relationships":[{"Ids":["2d5cbb2b-e1ed-4e05-b8ab-941fb838bd4a","f8d0f034-f6b7-4a7f-b9d6-8799eddefe22"],"Type":"CHILD"}],"RowIndex":9,"RowSpan":1},{"BlockType":"CELL","ColumnIndex":2,"ColumnSpan":1,"Confidence":44.1162109375,"Geometry":{"BoundingBox":{"Height":0.024340040981769562,"Left":0.15372994542121887,"Top":0.20216986536979675,"Width":0.05311216041445732},"Polygon":[{"X":0.15373514592647552,"Y":0.20217075943946838},{"X":0.2068421095609665,"Y":0.20216986536979675},{"X":0.2068375051021576,"Y":0.22650934755802155},{"X":0.15372994542121887,"Y":0.2265099138021469}]},"Id":"af8ef8e1-ec7a-4cc4-a948-3fcd3a465a86","RowIndex":9,"RowSpan":1},{"BlockType":"CELL","ColumnIndex":3,"ColumnSpan":1,"Confidence":47.8515625,"Geometry":{"BoundingBox":{"Height":0.02434062585234642,"Left":0.2068375051021576,"Top":0.20216871798038483,"Width":0.06873337179422379},"Polygon":[{"X":0.2068421095609665,"Y":0.20216986536979675},{"X":0.2755708694458008,"Y":0.20216871798038483},{"X":0.27556702494621277,"Y":0.22650861740112305},{"X":0.2068375051021576,"Y":0.22650934755802155}]},"Id":"e9993b25-887e-4333-a0b3-4f13dfd76e4b","RowIndex":9,"RowSpan":1},{"BlockType":"CELL","ColumnIndex":4,"ColumnSpan":1,"Confidence":40.72265625,"Geometry":{"BoundingBox":{"Height":0.02434089221060276,"Left":0.27556702494621277,"Top":0.20216773450374603,"Width":0.059362415224313736},"Polygon":[{"X":0.2755708694458008,"Y":0.20216871798038483},{"X":0.3349294364452362,"Y":0.20216773450374603},{"X":0.3349262773990631,"Y":0.2265079915523529},{"X":0.27556702494621277,"Y":0.22650861740112305}]},"Id":"806fc8e2-e509-43df-b22f-b738fa358dd9","RowIndex":9,"RowSpan":1},{"BlockType":"CELL","ColumnIndex":5,"ColumnSpan":1,"Confidence":47.1923828125,"Geometry":{"BoundingBox":{"Height":0.0243416465818882,"Left":0.3349262773990631,"Top":0.202166348695755,"Width":0.08279573172330856},"Polygon":[{"X":0.3349294364452362,"Y":0.20216773450374603},{"X":0.4177219867706299,"Y":0.202166348695755},{"X":0.4177197515964508,"Y":0.22650712728500366},{"X":0.3349262773990631,"Y":0.2265079915523529}]},"Id":"9c216ab3-d423-423a-816f-094929138af9","Relationships":[{"Ids":["60d0a857-3863-48ff-ae15-14d7f73629c8"],"Type":"CHILD"}],"RowIndex":9,"RowSpan":1},{"BlockType":"CELL","ColumnIndex":6,"ColumnSpan":1,"Confidence":71.09375,"Geometry":{"BoundingBox":{"Height":0.024341683834791183,"Left":0.4177197515964508,"Top":0.20216543972492218,"Width":0.054678477346897125},"Polygon":[{"X":0.4177219867706299,"Y":0.202166348695755},{"X":0.47239822149276733,"Y":0.20216543972492218},{"X":0.472396582365036,"Y":0.2265065461397171},{"X":0.4177197515964508,"Y":0.22650712728500366}]},"Id":"91ecf4f0-3496-44b6-ba9a-6f19988bca7f","Relationships":[{"Ids":["d17ae059-8857-4e24-b351-c7a65e6fe9e3"],"Type":"CHILD"}],"RowIndex":9,"RowSpan":1},{"BlockType":"CELL","ColumnIndex":7,"ColumnSpan":1,"Confidence":88.134765625,"Geometry":{"BoundingBox":{"Height":0.02434220165014267,"Left":0.472396582365036,"Top":0.20216433703899384,"Width":0.06561510264873505},"Polygon":[{"X":0.47239822149276733,"Y":0.20216543972492218},{"X":0.5380116701126099,"Y":0.20216433703899384},{"X":0.5380107760429382,"Y":0.226505845785141},{"X":0.472396582365036,"Y":0.2265065461397171}]},"Id":"492decca-06ab-433b-a41d-0c7024c11173","Relationships":[{"Ids":["ba8f0b18-9ed9-4c01-881f-0b6b147b0c81"],"Type":"CHI"
14:55:34.586 [Test worker] DEBUG org.apache.http.wire - http-outgoing-0 << "LD"}],"RowIndex":9,"RowSpan":1},{"BlockType":"CELL","ColumnIndex":8,"ColumnSpan":1,"Confidence":71.240234375,"Geometry":{"BoundingBox":{"Height":0.02434239536523819,"Left":0.5380107760429382,"Top":0.2021634578704834,"Width":0.053118158131837845},"Polygon":[{"X":0.5380116701126099,"Y":0.20216433703899384},{"X":0.5911288857460022,"Y":0.2021634578704834},{"X":0.5911285877227783,"Y":0.22650529444217682},{"X":0.5380107760429382,"Y":0.226505845785141}]},"Id":"d7687d0e-2ba4-4cdb-a715-44bb91910acc","Relationships":[{"Ids":["2f48a289-6fd2-4480-847b-14e260cb58b4"],"Type":"CHILD"}],"RowIndex":9,"RowSpan":1},{"BlockType":"CELL","ColumnIndex":9,"ColumnSpan":1,"Confidence":83.3984375,"Geometry":{"BoundingBox":{"Height":0.024342982098460197,"Left":0.5911285877227783,"Top":0.20216231048107147,"Width":0.06874282658100128},"Polygon":[{"X":0.5911288857460022,"Y":0.2021634578704834},{"X":0.659870982170105,"Y":0.20216231048107147},{"X":0.6598713994026184,"Y":0.22650456428527832},{"X":0.5911285877227783,"Y":0.22650529444217682}]},"Id":"af6cca34-c0d6-418b-85f4-7526bf8883b8","Relationships":[{"Ids":["1db800c1-d31e-4310-9bcd-88c6c93daecd"],"Type":"CHILD"}],"RowIndex":9,"RowSpan":1},{"BlockType":"CELL","ColumnIndex":10,"ColumnSpan":1,"Confidence":93.359375,"Geometry":{"BoundingBox":{"Height":0.024346504360437393,"Left":0.659870982170105,"Top":0.20215806365013123,"Width":0.25468209385871887},"Polygon":[{"X":0.659870982170105,"Y":0.20216231048107147},{"X":0.9145498275756836,"Y":0.20215806365013123},{"X":0.9145530462265015,"Y":0.22650188207626343},{"X":0.6598713994026184,"Y":0.22650456428527832}]},"Id":"98b1c620-8a4a-4ab3-bfed-ad142338f4b8","Relationships":[{"Ids":["74e7a31c-9805-417c-ba37-b8cbce368437","8eb82df8-3904-4245-aef9-03baf4e1dc59","fa950a61-7ff0-4023-8a59-7bc7c2ab1ddf"],"Type":"CHILD"}],"RowIndex":9,"RowSpan":1},{"BlockType":"CELL","ColumnIndex":11,"ColumnSpan":1,"Confidence":91.015625,"Geometry":{"BoundingBox":{"Height":0.02434518001973629,"Left":0.9145498275756836,"Top":0.2021566927433014,"Width":0.08176615089178085},"Polygon":[{"X":0.9145498275756836,"Y":0.20215806365013123},{"X":0.9963117837905884,"Y":0.2021566927433014},{"X":0.9963159561157227,"Y":0.22650101780891418},{"X":0.9145530462265015,"Y":0.22650188207626343}]},"Id":"fb0054f8-6589-4b8a-ac2b-b84324d4ca57","RowIndex":9,"RowSpan":1},{"BlockType":"CELL","ColumnIndex":1,"ColumnSpan":1,"Confidence":35.7421875,"Geometry":{"BoundingBox":{"Height":0.024340368807315826,"Left":0.001961913425475359,"Top":0.2265099138021469,"Width":0.1517680287361145},"Polygon":[{"X":0.001968799391761422,"Y":0.22651150822639465},{"X":0.15372994542121887,"Y":0.2265099138021469},{"X":0.15372474491596222,"Y":0.2508496046066284},{"X":0.001961913425475359,"Y":0.25085029006004333}]},"Id":"424c51f2-d55c-49d8-aa4e-422a5b7f875f","Relationships":[{"Ids":["f44d71b7-b7bb-4021-acec-902f438d389e","54e24549-dcb5-46d8-a29c-e21c281d5252"],"Type":"CHILD"}],"RowIndex":10,"RowSpan":1},{"BlockType":"CELL","ColumnIndex":2,"ColumnSpan":1,"Confidence":43.3837890625,"Geometry":{"BoundingBox":{"Height":0.024340257048606873,"Left":0.15372474491596222,"Top":0.22650934755802155,"Width":0.05311274901032448},"Polygon":[{"X":0.15372994542121887,"Y":0.2265099138021469},{"X":0.2068375051021576,"Y":0.22650934755802155},{"X":0.2068329006433487,"Y":0.2508493661880493},{"X":0.15372474491596222,"Y":0.2508496046066284}]},"Id":"bed8deae-ef93-4418-9fb2-fd5f56415a73","RowIndex":10,"RowSpan":1},{"BlockType":"CELL","ColumnIndex":3,"ColumnSpan":1,"Confidence":47.0703125,"Geometry":{"BoundingBox":{"Height":0.02434074692428112,"Left":0.2068329006433487,"Top":0.22650861740112305,"Width":0.06873413920402527},"Polygon":[{"X":0.2068375051021576,"Y":0.22650934755802155},{"X":0.27556702494621277,"Y":0.22650861740112305},{"X":0.27556318044662476,"Y":0.25084906816482544},{"X":0.2068329006433487,"Y":0.2508493661880493}]},"Id":"4520b262-d3b6-48eb-b07c-9f0b050a58a2","Relationships":[{"Ids":["83c49950-8739-4d35-ac21-aab4c3d6d7e4"],"Type":"CHILD"}],"RowIndex":10,"RowSpan":1},{"BlockType":"CELL","ColumnIndex":4,"ColumnSpan":1,"Confidence":40.0390625,"Geometry":{"BoundingBox":{"Height":0.024341069161891937,"Left":0.27556318044662476,"Top":0.2265079915523529,"Width":0.059363074600696564},"Polygon":[{"X":0.27556702494621277,"Y":0.22650861740112305},{"X":0.3349262773990631,"Y":0.2265079915523529},{"X":0.3349230885505676,"Y":0.25084879994392395},{"X":0.27556318044662476,"Y":0.25084906816482544}]},"Id":"abc59804-7609-492a-8e58-509c2c3f1cd5","Relationships":[{"Ids":["35314e5b-b2e0-4eaf-836c-5793c339abae"],"Type":"CHILD"}],"RowIndex":10,"RowSpan":1},{"BlockType":"CELL","ColumnIndex":5,"ColumnSpan":1,"Confidence":46.4111328125,"Geometry":{"BoundingBox":{"Height":0.024341680109500885,"Left":0.3349230885505676,"Top":0.22650712728500366,"Width":0.08279665559530258},"Polygon":[{"X":0.3349262773990631,"Y":0.2265079915523529},{"X":0.4177197515964508,"Y":0.22650712728500366},{"X":0.41771748661994934,"Y":0.2508484423160553},{"X":0.3349230885505676,"Y":0.25084879994392395}]},"Id":"2f7ef4c1-15b9-4de1-a224-94b461230b4e","Relationships":[{"Ids":["32f63c88-e7d4-4b81-9e09-ce255bb144fd"],"Type":"CHILD"}],"RowIndex":10,"RowSpan":1},{"BlockType":"CELL","ColumnIndex":6,"ColumnSpan":1,"Confidence":69.970703125,"Geometry":{"BoundingBox":{"Height":0.024341890588402748,"Left":0.41771748661994934,"Top":0.2265065461397171,"Width":0.05467908829450607},"Polygon":[{"X":0.4177197515964508,"Y":0.22650712728500366},{"X":0.472396582365036,"Y":0.2265065461397171},{"X":0.4723949134349823,"Y":0.2508482038974762},{"X":0.41771748661994934,"Y":0.2508484423160553}]},"Id":"45496d30-faea-4a66-99c5-38c2170ec677","Relationships":[{"Ids":["88bb7d4a-b3c0-40fd-9d36-0efae0461b79"],"Type":"CHILD"}],"RowIndex":10,"RowSpan":1},{"BlockType":"CELL","ColumnIndex":7,"ColumnSpan":1,"Confidence":86.71875,"Geometry":{"BoundingBox":{"Height":0.024342341348528862,"Left":0.4723949134349823,"Top":0.226505845785141,"Width":0.06561583280563354},"Polygon":[{"X":0.472396582365036,"Y":0.2265065461397171},{"X":0.5380107760429382,"Y":0.226505845785141},{"X":0.5380098223686218,"Y":0.2508479058742523},{"X":0.4723949134349823,"Y":0.2508482038974762}]},"Id":"e9a2e670-1683-4cc3-95d5-b6989603dfad","Relationships":[{"Ids":["015b9e13-3348-49fd-979e-196c107bc668"],"Type":"CHILD"}],"RowIndex":10,"RowSpan":1},{"BlockType":"CELL","ColumnIndex":8,"ColumnSpan":1,"Confidence":70.068359375,"Geometry":{"BoundingBox":{"Height":0.0243426114320755,"Left":0.5380098223686218,"Top":0.22650529444217682,"Width":0.0531187504529953},"Polygon":[{"X":0.5380107760429382,"Y":0.226505845785141},{"X":0.5911285877227783,"Y":0.22650529444217682},{"X":0.5911282300949097,"Y":0.2508476674556732},{"X":0.5380098223686218,"Y":0.2508479058742523}]},"Id":"82184899-2099-4fc5-b6c5-710c8612f457","Relationships":[{"Ids":["0ed87b3a-35a1-49f1-99ca-f6bcbb9c155a"],"Type":"CHILD"}],"RowIndex":10,"RowSpan":1},{"BlockType":"CELL","ColumnIndex":9,"ColumnSpan":1,"Confidence":82.03125,"Geometry":{"BoundingBox":{"Height":0.024343101307749748,"Left":0.5911282300949097,"Top":0.22650456428527832,"Width":0.06874359399080276},"Polygon":[{"X":0.5911285877227783,"Y":0.22650529444217682},{"X":0.6598713994026184,"Y":0.22650456428527832},{"X":0.6598718166351318,"Y":0.25084736943244934},{"X":0.5911282300949097,"Y":0.2508476674556732}]},"Id":"4a80ad4e-fa85-4097-9290-3647e60bd5c7","Relationships":[{"Ids":["8febbb17-d609-40d8-9ff5-2b9ead0d1cee"],"Type":"CHILD"}],"RowIndex":10,"RowSpan":1},{"BlockType":"CELL","ColumnIndex":10,"ColumnSpan":1,"Confidence":91.845703125,"Geometry":{"BoundingBox":{"Height":0.024345485493540764,"Left":0.6598713994026184,"Top":0.22650188207626343,"Width":0.2546849250793457},"Polygon":[{"X":0.6598713994026184,"Y":0.22650456428527832},{"X":0.9145530462265015,"Y":0.22650188207626343},{"X":0.9145563244819641,"Y":0.2508462369441986},{"X":0.6598718166351318,"Y":0.25084736943244934}]},"Id":"59128114-129a-4d8a-a569-95fa040e03af","Relationships":[{"Ids":["3e9a6cfd-31c0-45c9-ba1a-0d827270cd9a"],"Type":"CHILD"}],"RowIndex":1"
14:55:34.591 [Test worker] DEBUG org.apache.http.wire - http-outgoing-0 << "0,"RowSpan":1},{"BlockType":"CELL","ColumnIndex":11,"ColumnSpan":1,"Confidence":89.55078125,"Geometry":{"BoundingBox":{"Height":0.024345220997929573,"Left":0.9145530462265015,"Top":0.22650101780891418,"Width":0.08176706731319427},"Polygon":[{"X":0.9145530462265015,"Y":0.22650188207626343},{"X":0.9963159561157227,"Y":0.22650101780891418},{"X":0.9963201284408569,"Y":0.250845879316329"
14:55:34.593 [Test worker] DEBUG org.apache.http.wire - http-outgoing-0 << "96},{"X":0.9145563244819641,"Y":0.2508462369441986}]},"Id":"072c9adf-5bfc-44e5-99e0-9a1006e915f2","Relationships":[{"Ids":["c1b4cf78-b0b4-40d5-8ed9-1d5f553140c7"],"Type":"CHILD"}],"RowIndex":10,"RowSpan":1},{"BlockType":"CELL","ColumnIndex":1,"ColumnSpan":1,"Confidence":36.5478515625,"Geometry":{"BoundingBox":{"Height":0.02434023842215538,"Left":0.0019550274591892958,"Top":0.2508496046066284,"Width":0.1517697274684906},"Polygon":[{"X":0.001961913425475359,"Y":0.25085029006004333},{"X":0.15372474491596222,"Y":0.2508496046066284},{"X":0.15371955931186676,"Y":0.2751898467540741},{"X":0.0019550274591892958,"Y":0.2751895785331726}]},"Id":"cb0e81ea-e125-4ed7-81bb-7f6b216fd622","Relationships":[{"Ids":["08c34fd7-d943-451e-b879-b8fa6b0158b0"],"Type":"CHILD"}],"RowIndex":11,"RowSpan":1},{"BlockType":"CELL","ColumnIndex":2,"ColumnSpan":1,"Confidence":44.384765625,"Geometry":{"BoundingBox":{"Height":0.024340564385056496,"Left":0.15371955931186676,"Top":0.2508493661880493,"Width":0.053113341331481934},"Polygon":[{"X":0.1"
14:55:34.594 [Test worker] DEBUG org.apache.http.wire - http-outgoing-0 << "5372474491596222,"Y":0.2508496046066284},{"X":0.2068329006433487,"Y":0.2508493661880493},{"X":0.2068282961845398,"Y":0.27518993616104126},{"X":0.15371955931186676,"Y":0.2751898467540741}]},"Id":"5064ac32-9276-433c-825b-7a7320a9322a","RowIndex":11,"RowSpan":1},{"BlockType":"CELL","ColumnIndex":3,"ColumnSpan":1,"Confidence":48.14453125,"Geometry":{"BoundingBox":{"Height":0.024340985342860222,"Left":0.2068282961845398,"Top":0.25084906816482544,"Width":0.06873489916324615},"Polygon":[{"X":0.2068329006433487,"Y":0.2508493661880493},{"X":0.27556318044662476,"Y":0.25084906816482544},{"X":0.27555933594703674,"Y":0.2751900553703308},{"X":0.2068282961845398,"Y":0.27518993616104126}]},"Id":"61600be7-afcf-4d61-ac5b-e9b389200c25","RowIndex":11,"RowSpan":1},{"BlockType":"CELL","ColumnIndex":4,"ColumnSpan":1,"Confidence":40.966796875,"Geometry":{"BoundingBox":{"Height":0.024341348558664322,"Left":0.27555933594703674,"Top":0.25084879994392395,"Width":0.05936373770236969},"Polygon":[{"X":0.27556318044662476,"Y":0.25084906816482544},{"X":0.3349230885505676,"Y":0.25084879994392395},{"X":0.33491989970207214,"Y":0.275190144777298},{"X":0.27555933594703674,"Y":0.2751900553703308}]},"Id":"0eb76ca0-c854-4148-8a39-60905322a7d2","RowIndex":11,"RowSpan":1},{"BlockType":"CELL","ColumnIndex":5,"ColumnSpan":1,"Confidence":47.4853515625,"Geometry":{"BoundingBox":{"Height":0.024341855198144913,"Left":0.33491989970207214,"Top":0.2508484423160553,"Width":0.0827975794672966},"Polygon":[{"X":0.3349230885505676,"Y":0.25084879994392395},{"X":0.41771748661994934,"Y":0.2508484423160553},{"X":0.4177152216434479,"Y":0.2751902937889099},{"X":0.33491989970207214,"Y":0.275190144777298}]},"Id":"737e8c6a-4108-4632-94d7-95212d44748e","Relationships":[{"Ids":["7558e7af-97f4-418e-bb3e-e444ced241e0"],"Type":"CHILD"}],"RowIndex":11,"RowSpan":1},{"BlockType":"CELL","ColumnIndex":6,"ColumnSpan":1,"Confidence":71.533203125,"Geometry":{"BoundingBox":{"Height":0.024342190474271774,"Left":0.4177152216434479,"Top":0.2508482038974762,"Width":0.05467969551682472},"Polygon":[{"X":0.41771748661994934,"Y":0.2508484423160553},{"X":0.4723949134349823,"Y":0.2508482038974762},{"X":0.472393274307251,"Y":0.2751903831958771},{"X":0.4177152216434479,"Y":0.2751902937889099}]},"Id":"b6f8a16a-75c2-4e02-a56c-64b90d17b75f","Relationships":[{"Ids":["81fc7a99-c871-4c81-9ed4-6e1b9b020dea"],"Type":"CHILD"}],"RowIndex":11,"RowSpan":1},{"BlockType":"CELL","ColumnIndex":7,"ColumnSpan":1,"Confidence":88.671875,"Geometry":{"BoundingBox":{"Height":0.024342592805624008,"Left":0.472393274307251,"Top":0.2508479058742523,"Width":0.06561656296253204},"Polygon":[{"X":0.4723949134349823,"Y":0.2508482038974762},{"X":0.5380098223686218,"Y":0.2508479058742523},{"X":0.5380089282989502,"Y":0.2751905024051666},{"X":0.472393274307251,"Y":0.2751903831958771}]},"Id":"5bde8ab4-aafc-44f9-9b22-3b40ec972d1d","Relationships":[{"Ids":["72dd9a8e-7bb9-4859-869a-14909725786c"],"Type":"CHILD"}],"RowIndex":11,"RowSpan":1},{"BlockType":"CELL","ColumnIndex":8,"ColumnSpan":1,"Confidence":71.6796875,"Geometry":{"BoundingBox":{"Height":0.024342918768525124,"Left":0.5380089282989502,"Top":0.2508476674556732,"Width":0.05311933904886246},"Polygon":[{"X":0.5380098223686218,"Y":0.2508479058742523},{"X":0.5911282300949097,"Y":0.2508476674556732},{"X":0.5911279320716858,"Y":0.2751905918121338},{"X":0.5380089282989502,"Y":0.2751905024051666}]},"Id":"c8c740fb-be39-4719-934e-dbf90d7edb2b","Relationships":[{"Ids":["8e5cc4a8-fae2-4e06-a6fe-1a65f4b597bf"],"Type":"CHILD"}],"RowIndex":11,"RowSpan":1},{"BlockType":"CELL","ColumnIndex":9,"ColumnSpan":1,"Confidence":83.88671875,"Geometry":{"BoundingBox":{"Height":0.02434333972632885,"Left":0.5911279320716858,"Top":0.25084736943244934,"Width":0.06874436140060425},"Polygon":[{"X":0.5911282300949097,"Y":0.2508476674556732},{"X":0.6598718166351318,"Y":0.25084736943244934},{"X":0.65987229347229,"Y":0.27519071102142334},{"X":0.5911279320716858,"Y":0.2751905918121338}]},"Id":"30116f93-c87c-489e-8b19-0603f45f254b","Relationships":[{"Ids":["fab1838f-4445-453e-99e5-2da503ee8d1c"],"Type":"CHILD"}],"RowIndex":11,"RowSpan":1},{"BlockType":"CELL","ColumnIndex":10,"ColumnSpan":1,"Confidence":93.9453125,"Geometry":{"BoundingBox":{"Height":0.024344900622963905,"Left":0.6598718166351318,"Top":0.2508462369441986,"Width":0.2546877861022949},"Polygon":[{"X":0.6598718166351318,"Y":0.25084736943244934},{"X":0.9145563244819641,"Y":0.2508462369441986},{"X":0.9145596027374268,"Y":0.27519112825393677},{"X":0.65987229347229,"Y":0.27519071102142334}]},"Id":"4714831f-3f04-4ab5-8222-3f69edc20fdd","RowIndex":11,"RowSpan":1},{"BlockType":"CELL","ColumnIndex":11,"ColumnSpan":1,"Confidence":91.6015625,"Geometry":{"BoundingBox":{"Height":0.02434540167450905,"Left":0.9145563244819641,"Top":0.25084587931632996,"Width":0.0817679762840271},"Polygon":[{"X":0.9145563244819641,"Y":0.2508462369441986},{"X":0.9963201284408569,"Y":0.25084587931632996},{"X":0.9963243007659912,"Y":0.2751912772655487},{"X":0.9145596027374268,"Y":0.27519112825393677}]},"Id":"6e49f29e-82a0-4bf3-8bea-4a7a9f919ba7","RowIndex":11,"RowSpan":1},{"BlockType":"CELL","ColumnIndex":1,"ColumnSpan":1,"Confidence":35.8154296875,"Geometry":{"BoundingBox":{"Height":0.026213428005576134,"Left":0.0019476116867735982,"Top":0.2751895785331726,"Width":0.15177194774150848},"Polygon":[{"X":0.0019550274591892958,"Y":0.2751895785331726},{"X":0.15371955931186676,"Y":0.2751898467540741},{"X":0.15371395647525787,"Y":0.3014030158519745},{"X":0.0019476116867735982,"Y":0.3014017641544342}]},"Id":"1b6863f2-d9ac-45d9-b3dd-29984316bbe1","Relationships":[{"Ids":["41b38614-6921-4fe1-ae80-876925b3e909"],"Type":"CHILD"}],"RowIndex":12,"RowSpan":1},{"BlockType":"CELL","ColumnIndex":2,"ColumnSpan":1,"Confidence":43.505859375,"Geometry":{"BoundingBox":{"Height":0.02621361054480076,"Left":0.15371395647525787,"Top":0.2751898467540741,"Width":0.053114332258701324},"Polygon":[{"X":0.15371955931186676,"Y":0.2751898467540741},{"X":0.2068282961845398,"Y":0.27518993616104126},{"X":0.20682333409786224,"Y":0.3014034628868103},{"X":0.15371395647525787,"Y":0.3014030158519745}]},"Id":"086cefba-161c-45e9-a50d-97f74df26807","RowIndex":12,"RowSpan":1},{"BlockType":"CELL","ColumnIndex":3,"ColumnSpan":1,"Confidence":47.1923828125,"Geometry":{"BoundingBox":{"Height":0.02621409110724926,"Left":0.20682333409786224,"Top":0.27518993616104126,"Width":0.0687360167503357},"Polygon":[{"X":0.2068282961845398,"Y":0.27518993616104126},{"X":0.27555933594703674,"Y":0.2751900553703308},{"X":0.27555522322654724,"Y":0.30140402913093567},{"X":0.20682333409786224,"Y":0.3014034628868103}]},"Id":"868edec0-6b2a-4d63-9a57-b6093dd1ebfa","RowIndex":12,"RowSpan":1},{"BlockType":"CELL","ColumnIndex":4,"ColumnSpan":1,"Confidence":40.1611328125,"Geometry":{"BoundingBox":{"Height":0.026214467361569405,"Left":0.27555522322654724,"Top":0.2751900553703308,"Width":0.059364695101976395},"Polygon":[{"X":0.27555933594703674,"Y":0.2751900553703308},{"X":0.33491989970207214,"Y":0.275190144777298},{"X":0.33491647243499756,"Y":0.30140450596809387},{"X":0.27555522322654724,"Y":0.30140402913093567}]},"Id":"0b889c8b-3fff-4de4-9a6e-c94bfb5ef657","RowIndex":12,"RowSpan":1},{"BlockType":"CELL","ColumnIndex":5,"ColumnSpan":1,"Confidence":46.533203125,"Geometry":{"BoundingBox":{"Height":0.026215052232146263,"Left":0.33491647243499756,"Top":0.275190144777298,"Width":0.08279874175786972},"Polygon":[{"X":0.33491989970207214,"Y":0.275190144777298},{"X":0.4177152216434479,"Y":0.2751902937889099},{"X":0.4177127778530121,"Y":0.3014051914215088},{"X":0.33491647243499756,"Y":0.30140450596809387}]},"Id":"350f87b3-d862-47c2-87e4-45ad768f0fd5","Relationships":[{"Ids":["dbe19f25-38ff-4382-9471-f35061456cc7"],"Type":"CHILD"}],"RowIndex":12,"RowSpan":1},{"BlockType":"CELL","ColumnIndex":6,"ColumnSpan":1,"Confidence":70.1171875,"Geometry":{"BoundingBox":{"Height":0.026215365156531334,"Left":0.4177127778530121,"Top":0.2751902937889099,"Width":0.0546804778277874},"Polygon":[{"X":0.4177152216434479,"Y":0.2751902937889099}"
14:55:34.597 [Test worker] DEBUG org.apache.http.wire - http-outgoing-0 << ",{"X":0.472393274307251,"Y":0.2751903831958771},{"X":0.4723914861679077,"Y":0.301405668258667},{"X":0.4177127778530121,"Y":0.3014051914215088}]},"Id":"ff0b1c3f-233e-436e-9ce3-f5456967ba10","Relationships":[{"Ids":["59746c11-d5ad-4a57-a602-093f46efd0df"],"Type":"CHILD"}],"RowIndex":12,"RowSpan":1},{"BlockType":"CELL","ColumnIndex":7,"ColumnSpan":1,"Confidence":86.9140625,"Geometry":{"BoundingBox":{"Height":0.026215817779302597,"Left":0.4723914861679077,"Top":0.2751903831958771,"Width":0.06561741977930069},"Polygon":[{"X":0.472393274307251,"Y":0.2751903831958771},{"X":0.5380089282989502,"Y":0.2751905024051666},{"X":0.538007915019989,"Y":0.30140620470046997},{"X":0.4723914861679077,"Y":0.301405668258667}]},"Id":"fa26ec7d-9e0c-4ffb-8e49-0c40ae639d04","Relationships":[{"Ids":["e8924710-03e9-4dd5-9cbf-be871dc30725"],"Type":"CHILD"}],"RowIndex":12,"RowSpan":1},{"BlockType":"CELL","ColumnIndex":8,"ColumnSpan":1,"Confidence":70.263671875,"Geometry":{"BoundingBox":{"Height":0.02621614746749401,"Left":0.538007915019989,"Top":0.2751905024051666,"Width":0.053120002150535583},"Polygon":[{"X":0.5380089282989502,"Y":0.2751905024051666},{"X":0.5911279320716858,"Y":0.2751905918121338},{"X":0.5911275744438171,"Y":0.3014066517353058},{"X":0.538007915019989,"Y":0.30140620470046997}]},"Id":"5b041105-e2ea-40aa-b45a-8684c78717f9","Relationships":[{"Ids":["f26b5df6-991a-4c72-a1d8-58a524097c66"],"Type":"CHILD"}],"RowIndex":12,"RowSpan":1},{"BlockType":"CELL","ColumnIndex":9,"ColumnSpan":1,"Confidence":82.2265625,"Geometry":{"BoundingBox":{"Height":0.026216626167297363,"Left":0.5911275744438171,"Top":0.2751905918121338,"Width":0.06874518096446991},"Polygon":[{"X":0.5911279320716858,"Y":0.2751905918121338},{"X":0.65987229347229,"Y":0.27519071102142334},{"X":0.6598727703094482,"Y":0.30140721797943115},{"X":0.5911275744438171,"Y":0.3014066517353058}]},"Id":"a6dee32c-65da-4907-bb70-205f3adcf693","Relationships":[{"Ids":["4aa15c04-e30f-490a-bd99-aea299c8a583"],"Type":"CHILD"}],"RowIndex":12,"RowSpan":1},{"BlockType":"CELL","ColumnIndex":10,"ColumnSpan":1,"Confidence":92.08984375,"Geometry":{"BoundingBox":{"Height":0.02621862292289734,"Left":0.65987229347229,"Top":0.27519071102142334,"Width":0.25469085574150085},"Polygon":[{"X":0.65987229347229,"Y":0.27519071102142334},{"X":0.9145596027374268,"Y":0.27519112825393677},{"X":0.9145631194114685,"Y":0.3014093339443207},{"X":0.6598727703094482,"Y":0.30140721797943115}]},"Id":"69182211-d97d-4c41-a260-bf22439db1d5","RowIndex":12,"RowSpan":1},{"BlockType":"CELL","ColumnIndex":11,"ColumnSpan":1,"Confidence":89.794921875,"Geometry":{"BoundingBox":{"Height":0.026218868792057037,"Left":0.9145596027374268,"Top":0.27519112825393677,"Width":0.08176920562982559},"Polygon":[{"X":0.9145596027374268,"Y":0.27519112825393677},{"X":0.9963243007659912,"Y":0.2751912772655487},{"X":0.9963288307189941,"Y":0.3014099895954132},{"X":0.9145631194114685,"Y":0.3014093339443207}]},"Id":"de3b6a1e-4b65-4cfb-b255-4ccd9f3adae2","RowIndex":12,"RowSpan":1},{"BlockType":"CELL","ColumnIndex":1,"ColumnSpan":1,"Confidence":30.4931640625,"Geometry":{"BoundingBox":{"Height":0.024342622607946396,"Left":0.0019407253712415695,"Top":0.3014017641544342,"Width":0.15177322924137115},"Polygon":[{"X":0.0019476116867735982,"Y":0.3014017641544342},{"X":0.15371395647525787,"Y":0.3014030158519745},{"X":0.15370875597000122,"Y":0.3257443904876709},{"X":0.0019407253712415695,"Y":0.3257421851158142}]},"Id":"1b80571f-d770-4e32-b32c-69e4786eced7","Relationships":[{"Ids":["913deaca-5ca3-4cc7-9e5d-9a674d5861e0","19d1d2a9-5100-446f-bafc-92a121c63eb2"],"Type":"CHILD"}],"RowIndex":13,"RowSpan":1},{"BlockType":"CELL","ColumnIndex":2,"ColumnSpan":1,"Confidence":37.0361328125,"Geometry":{"BoundingBox":{"Height":0.02434212900698185,"Left":0.15370875597000122,"Top":0.3014030158519745,"Width":0.053114570677280426},"Polygon":[{"X":0.15371395647525787,"Y":0.3014030158519745},{"X":0.20682333409786224,"Y":0.3014034628868103},{"X":0.20681872963905334,"Y":0.3257451355457306},{"X":0.15370875597000122,"Y":0.3257443904876709}]},"Id":"531407b9-8d7d-44bc-9dfb-59a085fcc696","Relationships":[{"Ids":["52f4e148-93b4-4324-b17a-2743ee565a7f"],"Type":"CHILD"}],"RowIndex":13,"RowSpan":1},{"BlockType":"CELL","ColumnIndex":3,"ColumnSpan":1,"Confidence":40.1611328125,"Geometry":{"BoundingBox":{"Height":0.024342680349946022,"Left":0.20681872963905334,"Top":0.3014034628868103,"Width":0.0687364935874939},"Polygon":[{"X":0.20682333409786224,"Y":0.3014034628868103},{"X":0.27555522322654724,"Y":0.30140402913093567},{"X":0.27555137872695923,"Y":0.3257461488246918},{"X":0.20681872963905334,"Y":0.3257451355457306}]},"Id":"b3a3e374-8264-42f9-82b4-46521e162937","Relationships":[{"Ids":["13169d3b-fac2-4725-b15d-8d6bd1196515"],"Type":"CHILD"}],"RowIndex":13,"RowSpan":1},{"BlockType":"CELL","ColumnIndex":4,"ColumnSpan":1,"Confidence":34.1796875,"Geometry":{"BoundingBox":{"Height":0.024342965334653854,"Left":0.27555137872695923,"Top":0.30140402913093567,"Width":0.059365108609199524},"Polygon":[{"X":0.27555522322654724,"Y":0.30140402913093567},{"X":0.33491647243499756,"Y":0.30140450596809387},{"X":0.33491331338882446,"Y":0.32574698328971863},{"X":0.27555137872695923,"Y":0.3257461488246918}]},"Id":"e93d3d9f-4dc6-4758-b435-9147012b1ce5","RowIndex":13,"RowSpan":1},{"BlockType":"CELL","ColumnIndex":5,"ColumnSpan":1,"Confidence":39.6240234375,"Geometry":{"BoundingBox":{"Height":0.024343667551875114,"Left":0.33491331338882446,"Top":0.30140450596809387,"Width":0.08279949426651001},"Polygon":[{"X":0.33491647243499756,"Y":0.30140450596809387},{"X":0.4177127778530121,"Y":0.3014051914215088},{"X":0.417710542678833,"Y":0.32574817538261414},{"X":0.33491331338882446,"Y":0.32574698328971863}]},"Id":"d9015fe9-e71e-469c-b909-9b34da8379f5","Relationships":[{"Ids":["c7b1f19a-2640-44a1-8abd-4721703a7d61"],"Type":"CHILD"}],"RowIndex":13,"RowSpan":1},{"BlockType":"CELL","ColumnIndex":6,"ColumnSpan":1,"Confidence":59.716796875,"Geometry":{"BoundingBox":{"Height":0.024343769997358322,"Left":0.417710542678833,"Top":0.3014051914215088,"Width":0.0546809583902359},"Polygon":[{"X":0.4177127778530121,"Y":0.3014051914215088},{"X":0.4723914861679077,"Y":0.301405668258667},{"X":0.4723898470401764,"Y":0.3257489800453186},{"X":0.417710542678833,"Y":0.32574817538261414}]},"Id":"5f260eaa-cdb7-4a9d-911a-55e2d8b04b50","Relationships":[{"Ids":["6e1cde2e-bc44-4bd7-a345-4a9737ad7dfb"],"Type":"CHILD"}],"RowIndex":13,"RowSpan":1},{"BlockType":"CELL","ColumnIndex":7,"ColumnSpan":1,"Confidence":73.974609375,"Geometry":{"BoundingBox":{"Height":0.02434426173567772,"Left":0.4723898470401764,"Top":0.301405668258667,"Width":0.06561807543039322},"Polygon":[{"X":0.4723914861679077,"Y":0.301405668258667},{"X":0.538007915019989,"Y":0.30140620470046997},{"X":0.5380070209503174,"Y":0.325749933719635},{"X":0.4723898470401764,"Y":0.3257489800453186}]},"Id":"c38d8322-1310-4855-9e54-29d3861a7504","Relationships":[{"Ids":["4bcd754f-f229-4bae-8b3c-33eee076ca22"],"Type":"CHILD"}],"RowIndex":13,"RowSpan":1},{"BlockType":"CELL","ColumnIndex":8,"ColumnSpan":1,"Confidence":59.814453125,"Geometry":{"BoundingBox":{"Height":0.024344485253095627,"Left":0.5380070209503174,"Top":0.30140620470046997,"Width":0.05312056839466095},"Polygon":[{"X":0.538007915019989,"Y":0.30140620470046997},{"X":0.5911275744438171,"Y":0.3014066517353058},{"X":0.5911272168159485,"Y":0.3257506787776947},{"X":0.5380070209503174,"Y":0.325749933719635}]},"Id":"18197e9b-8c89-400d-b821-05e0422d18aa","Relationships":[{"Ids":["e8601782-d635-42b3-b473-09889cd99d09"],"Type":"CHILD"}],"RowIndex":13,"RowSpan":1},{"BlockType":"CELL","ColumnIndex":9,"ColumnSpan":1,"Confidence":70.01953125,"Geometry":{"BoundingBox":{"Height":0.02434503473341465,"Left":0.5911272168159485,"Top":0.3014066517353058,"Width":0.06874594837427139},"Polygon":[{"X":0.5911275744438171,"Y":0.3014066517353058},{"X":0.6598727703094482,"Y":0.30140721797943115},{"X":0.6598731875419617,"Y":0.3257516920566559},{"X":0.5911272168159485,"Y":0.3257506787776947}]},"Id":"a414bd1f-c678-4a9b-9f7"
14:55:34.601 [Test worker] DEBUG org.apache.http.wire - http-outgoing-0 << "6-c4b0a85e3280","Relationships":[{"Ids":["05959680-07e5-4783-8d7b-c747fef1d7c2"],"Type":"CHILD"}],"RowIndex":13,"RowSpan":1},{"BlockType":"CELL","ColumnIndex":10,"ColumnSpan":1,"Confidence":78.369140625,"Geometry":{"BoundingBox":{"Height":0.02434813790023327,"Left":0.6598727703094482,"Top":0.30140721797943115,"Width":0.2546936571598053},"Polygon":[{"X":0.6598727703094482,"Y":0.3014"
14:55:34.602 [Test worker] DEBUG org.apache.http.wire - http-outgoing-0 << "0721797943115},{"X":0.9145631194114685,"Y":0.3014093339443207},{"X":0.9145663976669312,"Y":0.32575535774230957},{"X":0.6598731875419617,"Y":0.3257516920566559}]},"Id":"1f44a778-1511-4938-860b-c00d0dc3dda5","Relationships":[{"Ids":["440b1994-3e7a-4fa9-9775-49b97e58ae3e"],"Type":"CHILD"}],"RowIndex":13,"RowSpan":1},{"BlockType":"CELL","ColumnIndex":11,"ColumnSpan":1,"Confidence":76.416015625,"Geometry":{"BoundingBox":{"Height":0.024347204715013504,"Left":0.9145631194114685,"Top":0.3014093339443207,"Width":0.08176986873149872},"Polygon":[{"X":0.9145631194114685,"Y":0.3014093339443207},{"X":0.9963288307189941,"Y":0.3014099895954132},{"X":0.9963330030441284,"Y":0.3257565200328827},{"X":0.9145663976669312,"Y":0.32575535774230957}]},"Id":"076ab3b3-ce6c-450f-8f8a-24f1b7dd01f8","Relationships":[{"Ids":["1ca1eade-d969-4cbf-b262-e6ab27947ac4"],"Type":"CHILD"}],"RowIndex":13,"RowSpan":1},{"BlockType":"CELL","ColumnIndex":1,"ColumnSpan":1,"Confidence":30.3955078125,"Geometry":{"BoundingBox":{"Height":0.026216570287942886,"
14:55:34.604 [Test worker] DEBUG org.apache.http.wire - http-outgoing-0 << ""Left":0.0019333092495799065,"Top":0.3257421851158142,"Width":0.15177544951438904},"Polygon":[{"X":0.0019407253712415695,"Y":0.3257421851158142},{"X":0.15370875597000122,"Y":0.3257443904876709},{"X":0.15370316803455353,"Y":0.3519587516784668},{"X":0.0019333092495799065,"Y":0.3519555628299713}]},"Id":"9ba49af2-43c9-4ec2-b7a6-0223c4105fda","RowIndex":14,"RowSpan":1},{"BlockType":"CELL","ColumnIndex":2,"ColumnSpan":1,"Confidence":36.9140625,"Geometry":{"BoundingBox":{"Height":0.02621549926698208,"Left":0.15370316803455353,"Top":0.3257443904876709,"Width":0.05311556160449982},"Polygon":[{"X":0.15370875597000122,"Y":0.3257443904876709},{"X":0.20681872963905334,"Y":0.3257451355457306},{"X":0.2068137675523758,"Y":0.35195988416671753},{"X":0.15370316803455353,"Y":0.3519587516784668}]},"Id":"49ae459a-b49e-4878-97f2-0f17e7a5f75c","Relationships":[{"Ids":["61ef31ae-8e0c-476c-af53-70ee939e9c99"],"Type":"CHILD"}],"RowIndex":14,"RowSpan":1},{"BlockType":"CELL","ColumnIndex":3,"ColumnSpan":1,"Confidence":40.0390625,"Geometry":{"BoundingBox":{"Height":0.0262161772698164,"Left":0.2068137675523758,"Top":0.3257451355457306,"Width":0.06873761117458344},"Polygon":[{"X":0.20681872963905334,"Y":0.3257451355457306},{"X":0.27555137872695923,"Y":0.3257461488246918},{"X":0.27554723620414734,"Y":0.35196131467819214},{"X":0.2068137675523758,"Y":0.35195988416671753}]},"Id":"58073c59-cea7-4f8a-b62c-6a198913e0f1","RowIndex":14,"RowSpan":1},{"BlockType":"CELL","ColumnIndex":4,"ColumnSpan":1,"Confidence":34.08203125,"Geometry":{"BoundingBox":{"Height":0.026216434314846992,"Left":0.27554723620414734,"Top":0.3257461488246918,"Width":0.05936606600880623},"Polygon":[{"X":0.27555137872695923,"Y":0.3257461488246918},{"X":0.33491331338882446,"Y":0.32574698328971863},{"X":0.3349098861217499,"Y":0.3519625663757324},{"X":0.27554723620414734,"Y":0.35196131467819214}]},"Id":"aeab6232-82b0-4891-b654-5eb9082981e7","Relationships":[{"Ids":["9c7098a8-a05f-4820-936b-53b2c3ef0b18"],"Type":"CHILD"}],"RowIndex":14,"RowSpan":1},{"BlockType":"CELL","ColumnIndex":5,"ColumnSpan":1,"Confidence":39.501953125,"Geometry":{"BoundingBox":{"Height":0.026217319071292877,"Left":0.3349098861217499,"Top":0.32574698328971863,"Width":0.08280065655708313},"Polygon":[{"X":0.33491331338882446,"Y":0.32574698328971863},{"X":0.417710542678833,"Y":0.32574817538261414},{"X":0.4177080988883972,"Y":0.3519642949104309},{"X":0.3349098861217499,"Y":0.3519625663757324}]},"Id":"b438a1db-02c8-4fd1-ae15-ca0d7a54d99f","Relationships":[{"Ids":["cf1af687-82fc-432b-8f6f-0986e3f9b245"],"Type":"CHILD"}],"RowIndex":14,"RowSpan":1},{"BlockType":"CELL","ColumnIndex":6,"ColumnSpan":1,"Confidence":59.521484375,"Geometry":{"BoundingBox":{"Height":0.026217274367809296,"Left":0.4177080988883972,"Top":0.32574817538261414,"Width":0.05468174070119858},"Polygon":[{"X":0.417710542678833,"Y":0.32574817538261414},{"X":0.4723898470401764,"Y":0.3257489800453186},{"X":0.47238805890083313,"Y":0.35196545720100403},{"X":0.4177080988883972,"Y":0.3519642949104309}]},"Id":"bb637be3-9ab6-4faf-adfb-d30371476829","Relationships":[{"Ids":["b4f5e441-c5a0-4ccf-8012-680025fa17f8"],"Type":"CHILD"}],"RowIndex":14,"RowSpan":1},{"BlockType":"CELL","ColumnIndex":7,"ColumnSpan":1,"Confidence":73.779296875,"Geometry":{"BoundingBox":{"Height":0.026217864826321602,"Left":0.47238805890083313,"Top":0.3257489800453186,"Width":0.06561893224716187},"Polygon":[{"X":0.4723898470401764,"Y":0.3257489800453186},{"X":0.5380070209503174,"Y":0.325749933719635},{"X":0.5380060076713562,"Y":0.35196682810783386},{"X":0.47238805890083313,"Y":0.35196545720100403}]},"Id":"1a842143-0c7f-4550-bbcb-beac379bc688","Relationships":[{"Ids":["b3623dc3-771a-4abc-8a70-89b9b2c45f74"],"Type":"CHILD"}],"RowIndex":14,"RowSpan":1},{"BlockType":"CELL","ColumnIndex":8,"ColumnSpan":1,"Confidence":59.619140625,"Geometry":{"BoundingBox":{"Height":0.026218034327030182,"Left":0.5380060076713562,"Top":0.325749933719635,"Width":0.053121231496334076},"Polygon":[{"X":0.5380070209503174,"Y":0.325749933719635},{"X":0.5911272168159485,"Y":0.3257506787776947},{"X":0.5911268591880798,"Y":0.3519679605960846},{"X":0.5380060076713562,"Y":0.35196682810783386}]},"Id":"3ce08d27-15ff-465a-a71c-327c41549acf","Relationships":[{"Ids":["ef8e4c23-f33b-47b2-b150-0c55a31819b6"],"Type":"CHILD"}],"RowIndex":14,"RowSpan":1},{"BlockType":"CELL","ColumnIndex":9,"ColumnSpan":1,"Confidence":69.775390625,"Geometry":{"BoundingBox":{"Height":0.02621871419250965,"Left":0.5911268591880798,"Top":0.3257506787776947,"Width":0.06874677538871765},"Polygon":[{"X":0.5911272168159485,"Y":0.3257506787776947},{"X":0.6598731875419617,"Y":0.3257516920566559},{"X":0.6598736643791199,"Y":0.3519693911075592},{"X":0.5911268591880798,"Y":0.3519679605960846}]},"Id":"29d39cf3-6f65-4559-8739-57cd026ec4e7","Relationships":[{"Ids":["c0a2b78d-c9b7-4597-93b9-9c9a664ab85a"],"Type":"CHILD"}],"RowIndex":14,"RowSpan":1},{"BlockType":"CELL","ColumnIndex":10,"ColumnSpan":1,"Confidence":78.125,"Geometry":{"BoundingBox":{"Height":0.02622307650744915,"Left":0.6598731875419617,"Top":0.3257516920566559,"Width":0.2546967566013336},"Polygon":[{"X":0.6598731875419617,"Y":0.3257516920566559},{"X":0.9145663976669312,"Y":0.32575535774230957},{"X":0.9145699143409729,"Y":0.351974755525589},{"X":0.6598736643791199,"Y":0.3519693911075592}]},"Id":"e7aa4a39-26ce-4f9a-99aa-c6779b018243","Relationships":[{"Ids":["8a19f25f-fb54-417d-bcb9-f06c8695ca83"],"Type":"CHILD"}],"RowIndex":14,"RowSpan":1},{"BlockType":"CELL","ColumnIndex":11,"ColumnSpan":1,"Confidence":76.171875,"Geometry":{"BoundingBox":{"Height":0.026221122592687607,"Left":0.9145663976669312,"Top":0.32575535774230957,"Width":0.08177109807729721},"Polygon":[{"X":0.9145663976669312,"Y":0.32575535774230957},{"X":0.9963330030441284,"Y":0.3257565200328827},{"X":0.9963375329971313,"Y":0.3519764840602875},{"X":0.9145699143409729,"Y":0.351974755525589}]},"Id":"9b9bcb29-37ab-4ba0-9903-acd22952b152","RowIndex":14,"RowSpan":1},{"BlockType":"CELL","ColumnIndex":1,"ColumnSpan":1,"Confidence":36.0595703125,"Geometry":{"BoundingBox":{"Height":0.024345679208636284,"Left":0.0019264225848019123,"Top":0.3519555628299713,"Width":0.1517767459154129},"Polygon":[{"X":0.0019333092495799065,"Y":0.3519555628299713},{"X":0.15370316803455353,"Y":0.3519587516784668},{"X":0.15369796752929688,"Y":0.37630125880241394},{"X":0.0019264225848019123,"Y":0.37629711627960205}]},"Id":"7fa64478-9913-4270-b8e6-1831168cd4b3","Relationships":[{"Ids":["60dacdd0-0c13-471d-9a37-706327558055"],"Type":"CHILD"}],"RowIndex":15,"RowSpan":1},{"BlockType":"CELL","ColumnIndex":2,"ColumnSpan":1,"Confidence":43.7744140625,"Geometry":{"BoundingBox":{"Height":0.024343930184841156,"Left":0.15369796752929688,"Top":0.3519587516784668,"Width":0.05311579629778862},"Polygon":[{"X":0.15370316803455353,"Y":0.3519587516784668},{"X":0.2068137675523758,"Y":0.35195988416671753},{"X":0.2068091630935669,"Y":0.37630268931388855},{"X":0.15369796752929688,"Y":0.37630125880241394}]},"Id":"d1cf7e4e-50e4-4813-9632-37d0d1447216","RowIndex":15,"RowSpan":1},{"BlockType":"CELL","ColumnIndex":3,"ColumnSpan":1,"Confidence":47.4853515625,"Geometry":{"BoundingBox":{"Height":0.024344680830836296,"Left":0.2068091630935669,"Top":0.35195988416671753,"Width":0.06873808056116104},"Polygon":[{"X":0.2068137675523758,"Y":0.35195988416671753},{"X":0.27554723620414734,"Y":0.35196131467819214},{"X":0.2755433917045593,"Y":0.376304566860199},{"X":0.2068091630935669,"Y":0.37630268931388855}]},"Id":"bf36dbe9-6d10-4f73-9865-5e723a6c10dc","Relationships":[{"Ids":["17532e21-d36a-42b3-af38-d9d27ab3d0fe"],"Type":"CHILD"}],"RowIndex":15,"RowSpan":1},{"BlockType":"CELL","ColumnIndex":4,"ColumnSpan":1,"Confidence":40.4052734375,"Geometry":{"BoundingBox":{"Height":0.024344846606254578,"Left":0.2755433917045593,"Top":0.35196131467819214,"Width":0.059366483241319656},"Polygon":[{"X":0.27554723620414734,"Y":0.35196131467819214},{"X":0.3349098861217499,"Y":0.3519625663757324},{"X":0.3349066972732544,"Y":0.3763061761856079},{"X":0.2755433917045593,"Y":0.376304"
14:55:34.606 [Test worker] DEBUG org.apache.http.wire - http-outgoing-0 << "566860199}]},"Id":"3603e4d5-a705-4a8e-90b6-b7a3efac211b","Relationships":[{"Ids":["50d0efbb-c6a8-48b0-90dc-95668a731a08"],"Type":"CHILD"}],"RowIndex":15,"RowSpan":1},{"BlockType":"CELL","ColumnIndex":5,"ColumnSpan":1,"Confidence":46.826171875,"Geometry":{"BoundingBox":{"Height":0.024345846846699715,"Left":0.3349066972732544,"Top":0.3519625663757324,"Width":0.08280140161514282},"Polygon":[{"X":0.3349098861217499,"Y":0.3519625663757324},{"X":0.4177080988883972,"Y":0.3519642949104309},{"X":0.41770583391189575,"Y":0.376308411359787},{"X":0.3349066972732544,"Y":0.3763061761856079}]},"Id":"b45c99e7-e6c4-4cf2-a408-1d8e2761b4da","Relationships":[{"Ids":["a568f6b3-5a1c-4083-8a98-b2af4ab1d646"],"Type":"CHILD"}],"RowIndex":15,"RowSpan":1},{"BlockType":"CELL","ColumnIndex":6,"ColumnSpan":1,"Confidence":70.556640625,"Geometry":{"BoundingBox":{"Height":0.02434559166431427,"Left":0.41770583391189575,"Top":0.3519642949104309,"Width":0.05468222498893738},"Polygon":[{"X":0.4177080988883972,"Y":0.3519642949104309},{"X":0.47238805890083313,"Y":0.35196545720100403},{"X":0.4723864197731018,"Y":0.37630990147590637},{"X":0.41770583391189575,"Y":0.376308411359787}]},"Id":"c831f43c-7eb1-44c4-9c59-5a338ce26c98","Relationships":[{"Ids":["86fba6a3-bc0e-493a-a599-6734047d8d9f"],"Type":"CHILD"}],"RowIndex":15,"RowSpan":1},{"BlockType":"CELL","ColumnIndex":7,"ColumnSpan":1,"Confidence":87.451171875,"Geometry":{"BoundingBox":{"Height":0.02434622310101986,"Left":0.4723864197731018,"Top":0.35196545720100403,"Width":0.06561959534883499},"Polygon":[{"X":0.47238805890083313,"Y":0.35196545720100403},{"X":0.5380060076713562,"Y":0.35196682810783386},{"X":0.5380051136016846,"Y":0.37631168961524963},{"X":0.4723864197731018,"Y":0.37630990147590637}]},"Id":"4d2ec9a4-3eac-4c7b-a1f9-0a887f8fcc24","Relationships":[{"Ids":["116a1e05-da17-44dc-9f78-65a20ba798d9"],"Type":"CHILD"}],"RowIndex":15,"RowSpan":1},{"BlockType":"CELL","ColumnIndex":8,"ColumnSpan":1,"Confidence":70.703125,"Geometry":{"BoundingBox":{"Height":0.024346286430954933,"Left":0.5380051136016846,"Top":0.35196682810783386,"Width":0.05312179774045944},"Polygon":[{"X":0.5380060076713562,"Y":0.35196682810783386},{"X":0.5911268591880798,"Y":0.3519679605960846},{"X":0.591126561164856,"Y":0.37631312012672424},{"X":0.5380051136016846,"Y":0.37631168961524963}]},"Id":"edd9131e-2fc1-4213-b452-f31d56e9c128","Relationships":[{"Ids":["605a94a4-9605-43be-8d7c-4b0d942632b1"],"Type":"CHILD"}],"RowIndex":15,"RowSpan":1},{"BlockType":"CELL","ColumnIndex":9,"ColumnSpan":1,"Confidence":82.763671875,"Geometry":{"BoundingBox":{"Height":0.024347035214304924,"Left":0.591126561164856,"Top":0.3519679605960846,"Width":0.06874753534793854},"Polygon":[{"X":0.5911268591880798,"Y":0.3519679605960846},{"X":0.6598736643791199,"Y":0.3519693911075592},{"X":0.6598740816116333,"Y":0.37631499767303467},{"X":0.591126561164856,"Y":0.37631312012672424}]},"Id":"16b982e6-be81-4d45-a48c-ff608e2e2671","Relationships":[{"Ids":["67b07da5-8ea9-407f-9c81-a67c44797c09"],"Type":"CHILD"}],"RowIndex":15,"RowSpan":1},{"BlockType":"CELL","ColumnIndex":10,"ColumnSpan":1,"Confidence":92.626953125,"Geometry":{"BoundingBox":{"Height":0.024352505803108215,"Left":0.6598736643791199,"Top":0.3519693911075592,"Width":0.25469955801963806},"Polygon":[{"X":0.6598736643791199,"Y":0.3519693911075592},{"X":0.9145699143409729,"Y":0.351974755525589},{"X":0.9145731925964355,"Y":0.3763219118118286},{"X":0.6598740816116333,"Y":0.37631499767303467}]},"Id":"31e6a013-a371-4769-831e-60c27e6716fc","RowIndex":15,"RowSpan":1},{"BlockType":"CELL","ColumnIndex":11,"ColumnSpan":1,"Confidence":90.33203125,"Geometry":{"BoundingBox":{"Height":0.02434937097132206,"Left":0.9145699143409729,"Top":0.351974755525589,"Width":0.08177175372838974},"Polygon":[{"X":0.9145699143409729,"Y":0.351974755525589},{"X":0.9963375329971313,"Y":0.3519764840602875},{"X":0.9963417053222656,"Y":0.3763241171836853},{"X":0.9145731925964355,"Y":0.3763219118118286}]},"Id":"226990d7-4cf4-4c5a-993e-fffa2fccf775","RowIndex":15,"RowSpan":1},{"BlockType":"CELL","ColumnIndex":1,"ColumnSpan":1,"Confidence":35.3515625,"Geometry":{"BoundingBox":{"Height":0.024347150698304176,"Left":0.0019195358036085963,"Top":0.37629711627960205,"Width":0.1517784297466278},"Polygon":[{"X":0.0019264225848019123,"Y":0.37629711627960205},{"X":0.15369796752929688,"Y":0.37630125880241394},{"X":0.15369276702404022,"Y":0.4006442725658417},{"X":0.0019195358036085963,"Y":0.40063923597335815}]},"Id":"d5464ebe-9be3-4176-9615-ee15d324e3ef","Relationships":[{"Ids":["6c3b26da-d1a5-4168-a565-519dcdd66667"],"Type":"CHILD"}],"RowIndex":16,"RowSpan":1},{"BlockType":"CELL","ColumnIndex":2,"ColumnSpan":1,"Confidence":42.9443359375,"Geometry":{"BoundingBox":{"Height":0.024344798177480698,"Left":0.15369276702404022,"Top":0.37630125880241394,"Width":0.053116388618946075},"Polygon":[{"X":0.15369796752929688,"Y":0.37630125880241394},{"X":0.2068091630935669,"Y":0.37630268931388855},{"X":0.2068045437335968,"Y":0.40064606070518494},{"X":0.15369276702404022,"Y":0.4006442725658417}]},"Id":"e274e290-ce93-4722-89d3-aea05b7b707a","RowIndex":16,"RowSpan":1},{"BlockType":"CELL","ColumnIndex":3,"ColumnSpan":1,"Confidence":46.58203125,"Geometry":{"BoundingBox":{"Height":0.02434564381837845,"Left":0.2068045437335968,"Top":0.37630268931388855,"Width":0.06873884052038193},"Polygon":[{"X":0.2068091630935669,"Y":0.37630268931388855},{"X":0.2755433917045593,"Y":0.376304566860199},{"X":0.2755395472049713,"Y":0.4006483256816864},{"X":0.2068045437335968,"Y":0.40064606070518494}]},"Id":"3565cf4b-07fc-46a7-9304-f7ab2514fcc1","Relationships":[{"Ids":["45225c96-b069-4ef5-a0a0-371868e2be2b"],"Type":"CHILD"}],"RowIndex":16,"RowSpan":1},{"BlockType":"CELL","ColumnIndex":4,"ColumnSpan":1,"Confidence":39.6240234375,"Geometry":{"BoundingBox":{"Height":0.024345753714442253,"Left":0.2755395472049713,"Top":0.376304566860199,"Width":0.059367142617702484},"Polygon":[{"X":0.2755433917045593,"Y":0.376304566860199},{"X":0.3349066972732544,"Y":0.3763061761856079},{"X":0.3349035084247589,"Y":0.4006503224372864},{"X":0.2755395472049713,"Y":0.4006483256816864}]},"Id":"b28e12bc-5a02-48c1-aa3c-be7471a6a3a3","Relationships":[{"Ids":["b10fbdb5-79ba-4c99-8ddc-c7f3012c380b"],"Type":"CHILD"}],"RowIndex":16,"RowSpan":1},{"BlockType":"CELL","ColumnIndex":5,"ColumnSpan":1,"Confidence":45.947265625,"Geometry":{"BoundingBox":{"Height":0.02434689737856388,"Left":0.3349035084247589,"Top":0.3763061761856079,"Width":0.08280232548713684},"Polygon":[{"X":0.3349066972732544,"Y":0.3763061761856079},{"X":0.41770583391189575,"Y":0.376308411359787},{"X":0.4177035689353943,"Y":0.40065306425094604},{"X":0.3349035084247589,"Y":0.4006503224372864}]},"Id":"9150dcad-1b78-471f-a468-d07778e54570","Relationships":[{"Ids":["55d1bcd4-e37d-4e49-a325-a42dd6b98676"],"Type":"CHILD"}],"RowIndex":16,"RowSpan":1},{"BlockType":"CELL","ColumnIndex":6,"ColumnSpan":1,"Confidence":69.23828125,"Geometry":{"BoundingBox":{"Height":0.024346468970179558,"Left":0.4177035689353943,"Top":0.376308411359787,"Width":0.05468283221125603},"Polygon":[{"X":0.41770583391189575,"Y":0.376308411359787},{"X":0.4723864197731018,"Y":0.37630990147590637},{"X":0.4723847508430481,"Y":0.4006548821926117},{"X":0.4177035689353943,"Y":0.40065306425094604}]},"Id":"2526ef21-fae0-4da5-902f-f32cc89c4902","Relationships":[{"Ids":["076ac456-aec7-49c5-8a75-3cbf25eff4f5"],"Type":"CHILD"}],"RowIndex":16,"RowSpan":1},{"BlockType":"CELL","ColumnIndex":7,"ColumnSpan":1,"Confidence":85.791015625,"Geometry":{"BoundingBox":{"Height":0.02434716746211052,"Left":0.4723847508430481,"Top":0.37630990147590637,"Width":0.06562032550573349},"Polygon":[{"X":0.4723864197731018,"Y":0.37630990147590637},{"X":0.5380051136016846,"Y":0.37631168961524963},{"X":0.5380041599273682,"Y":0.400657057762146},{"X":0.4723847508430481,"Y":0.4006548821926117}]},"Id":"3469ac67-44c0-4357-8a60-a7fcf2107ec8","Relationships":[{"Ids":["0f3c3496-d77b-4d21-b8d4-4833504eb4f3"],"Type":"CHILD"}],"RowIndex":16,"RowSpan":1},{"BlockType":"CELL","ColumnIndex":8,"ColumnS"
14:55:34.608 [Test worker] DEBUG org.apache.http.wire - http-outgoing-0 << "pan":1,"Confidence":69.384765625,"Geometry":{"BoundingBox":{"Height":0.024347154423594475,"Left":0.5380041599273682,"Top":0.37631168961524963,"Width":0.0531223863363266},"Polygon":[{"X":0.5380051136016846,"Y":0.37631168961524963},{"X":0.591126561164856,"Y":0.37631312012672424},{"X":0.5911262035369873,"Y":0.40065884590148926},{"X":0.5380041599273682,"Y":0.400657057762146}]},"Id":"64"
14:55:34.609 [Test worker] DEBUG org.apache.http.wire - http-outgoing-0 << "765530-a017-4ff8-8878-6c3b5e141174","Relationships":[{"Ids":["6d9d6777-7d05-4821-9010-90d1c3493499"],"Type":"CHILD"}],"RowIndex":16,"RowSpan":1},{"BlockType":"CELL","ColumnIndex":9,"ColumnSpan":1,"Confidence":81.15234375,"Geometry":{"BoundingBox":{"Height":0.024348000064492226,"Left":0.5911262035369873,"Top":0.37631312012672424,"Width":0.06874830275774002},"Polygon":[{"X":0.591126561164856,"Y":0.37631312012672424},{"X":0.6598740816116333,"Y":0.37631499767303467},{"X":0.6598745584487915,"Y":0.4006611108779907},{"X":0.5911262035369873,"Y":0.40065884590148926}]},"Id":"13372906-7348-486e-8801-609a8db6ea83","Relationships":[{"Ids":["a23bc8fc-7091-4a0d-8d02-bd6c3ba86789"],"Type":"CHILD"}],"RowIndex":16,"RowSpan":1},{"BlockType":"CELL","ColumnIndex":10,"ColumnSpan":1,"Confidence":90.869140625,"Geometry":{"BoundingBox":{"Height":0.024354608729481697,"Left":0.6598740816116333,"Top":0.37631499767303467,"Width":0.2547023892402649},"Polygon":[{"X":0.6598740816116333,"Y":0.37631499767303467},{"X":0.9145731925964355,"Y":0."
14:55:34.611 [Test worker] DEBUG org.apache.http.wire - http-outgoing-0 << "3763219118118286},{"X":0.9145764708518982,"Y":0.4006696045398712},{"X":0.6598745584487915,"Y":0.4006611108779907}]},"Id":"d8bff75b-2f21-4746-a1d1-9e0cfd1dc508","RowIndex":16,"RowSpan":1},{"BlockType":"CELL","ColumnIndex":11,"ColumnSpan":1,"Confidence":88.623046875,"Geometry":{"BoundingBox":{"Height":0.02435041405260563,"Left":0.9145731925964355,"Top":0.3763219118118286,"Width":0.08177267014980316},"Polygon":[{"X":0.9145731925964355,"Y":0.3763219118118286},{"X":0.9963417053222656,"Y":0.3763241171836853},{"X":0.9963458776473999,"Y":0.4006723165512085},{"X":0.9145764708518982,"Y":0.4006696045398712}]},"Id":"9a56b604-bb2d-431d-a2fe-17ec5cbca9b6","RowIndex":16,"RowSpan":1},{"BlockType":"CELL","ColumnIndex":1,"ColumnSpan":1,"Confidence":36.0107421875,"Geometry":{"BoundingBox":{"Height":0.024348624050617218,"Left":0.0019126489059999585,"Top":0.40063923597335815,"Width":0.1517801135778427},"Polygon":[{"X":0.0019195358036085963,"Y":0.40063923597335815},{"X":0.15369276702404022,"Y":0.4006442725658417},{"X":0.15368756651878357,"Y":0.4249878525733948},{"X":0.0019126489059999585,"Y":0.42498186230659485}]},"Id":"e51ae9dd-8736-4e0a-8b9f-b1b5bc53a291","Relationships":[{"Ids":["455312cb-5b4b-4eff-b8d1-844a53d93fb4"],"Type":"CHILD"}],"RowIndex":17,"RowSpan":1},{"BlockType":"CELL","ColumnIndex":2,"ColumnSpan":1,"Confidence":43.7255859375,"Geometry":{"BoundingBox":{"Height":0.02434566617012024,"Left":0.15368756651878357,"Top":0.4006442725658417,"Width":0.05311698094010353},"Polygon":[{"X":0.15369276702404022,"Y":0.4006442725658417},{"X":0.2068045437335968,"Y":0.40064606070518494},{"X":0.2067999392747879,"Y":0.4249899387359619},{"X":0.15368756651878357,"Y":0.4249878525733948}]},"Id":"d96c7d4d-87e8-4b40-aea7-9dcb9adf5664","RowIndex":17,"RowSpan":1},{"BlockType":"CELL","ColumnIndex":3,"ColumnSpan":1,"Confidence":47.4365234375,"Geometry":{"BoundingBox":{"Height":0.0243466068059206,"Left":0.2067999392747879,"Top":0.40064606070518494,"Width":0.06873960793018341},"Polygon":[{"X":0.2068045437335968,"Y":0.40064606070518494},{"X":0.2755395472049713,"Y":0.4006483256816864},{"X":0.2755357027053833,"Y":0.4249926507472992},{"X":0.2067999392747879,"Y":0.4249899387359619}]},"Id":"0b4b8e33-42af-48ed-9c87-fa54cb1e38ec","RowIndex":17,"RowSpan":1},{"BlockType":"CELL","ColumnIndex":4,"ColumnSpan":1,"Confidence":40.3564453125,"Geometry":{"BoundingBox":{"Height":0.02434665895998478,"Left":0.2755357027053833,"Top":0.4006483256816864,"Width":0.05936780199408531},"Polygon":[{"X":0.2755395472049713,"Y":0.4006483256816864},{"X":0.3349035084247589,"Y":0.4006503224372864},{"X":0.3349003195762634,"Y":0.4249950051307678},{"X":0.2755357027053833,"Y":0.4249926507472992}]},"Id":"3ea96dbe-dffb-44ac-98af-599d5fc5c31c","RowIndex":17,"RowSpan":1},{"BlockType":"CELL","ColumnIndex":5,"ColumnSpan":1,"Confidence":46.77734375,"Geometry":{"BoundingBox":{"Height":0.024347946047782898,"Left":0.3349003195762634,"Top":0.4006503224372864,"Width":0.08280324935913086},"Polygon":[{"X":0.3349035084247589,"Y":0.4006503224372864},{"X":0.4177035689353943,"Y":0.40065306425094604},{"X":0.4177013337612152,"Y":0.4249982535839081},{"X":0.3349003195762634,"Y":0.4249950051307678}]},"Id":"b9bfb6af-2331-4259-a394-7de98363dc2b","Relationships":[{"Ids":["7303b04a-2764-4b0e-87b4-81d863ca2062"],"Type":"CHILD"}],"RowIndex":17,"RowSpan":1},{"BlockType":"CELL","ColumnIndex":6,"ColumnSpan":1,"Confidence":70.5078125,"Geometry":{"BoundingBox":{"Height":0.024347346276044846,"Left":0.4177013337612152,"Top":0.40065306425094604,"Width":0.054683443158864975},"Polygon":[{"X":0.4177035689353943,"Y":0.40065306425094604},{"X":0.4723847508430481,"Y":0.4006548821926117},{"X":0.4723831117153168,"Y":0.42500039935112},{"X":0.4177013337612152,"Y":0.4249982535839081}]},"Id":"de3c4601-62fa-4c81-bdab-ad6b983aa325","Relationships":[{"Ids":["66356a80-3312-4a5d-89d2-13ebc317db58"],"Type":"CHILD"}],"RowIndex":17,"RowSpan":1},{"BlockType":"CELL","ColumnIndex":7,"ColumnSpan":1,"Confidence":87.353515625,"Geometry":{"BoundingBox":{"Height":0.02434811182320118,"Left":0.4723831117153168,"Top":0.4006548821926117,"Width":0.06562105566263199},"Polygon":[{"X":0.4723847508430481,"Y":0.4006548821926117},{"X":0.5380041599273682,"Y":0.400657057762146},{"X":0.5380032658576965,"Y":0.4250029921531677},{"X":0.4723831117153168,"Y":0.42500039935112}]},"Id":"34f37a03-67d5-4248-b39f-5a7fc29dbdc0","Relationships":[{"Ids":["d7b8ba35-97b3-4624-87bd-1e5557998626"],"Type":"CHILD"}],"RowIndex":17,"RowSpan":1},{"BlockType":"CELL","ColumnIndex":8,"ColumnSpan":1,"Confidence":70.654296875,"Geometry":{"BoundingBox":{"Height":0.024348020553588867,"Left":0.5380032658576965,"Top":0.400657057762146,"Width":0.053122978657484055},"Polygon":[{"X":0.5380041599273682,"Y":0.400657057762146},{"X":0.5911262035369873,"Y":0.40065884590148926},{"X":0.5911259055137634,"Y":0.42500507831573486},{"X":0.5380032658576965,"Y":0.4250029921531677}]},"Id":"f4976183-d8fd-45a1-8f1d-a223c384195c","Relationships":[{"Ids":["6029cfcc-9ffb-41de-90f3-db5603b7164e"],"Type":"CHILD"}],"RowIndex":17,"RowSpan":1},{"BlockType":"CELL","ColumnIndex":9,"ColumnSpan":1,"Confidence":82.666015625,"Geometry":{"BoundingBox":{"Height":0.024348963052034378,"Left":0.5911259055137634,"Top":0.40065884590148926,"Width":0.0687490701675415},"Polygon":[{"X":0.5911262035369873,"Y":0.40065884590148926},{"X":0.6598745584487915,"Y":0.4006611108779907},{"X":0.6598749756813049,"Y":0.42500779032707214},{"X":0.5911259055137634,"Y":0.42500507831573486}]},"Id":"3ac50eb4-c447-4f88-b8b9-00f826cbdab8","Relationships":[{"Ids":["ed49c488-a82f-481a-8f33-eb6e64fd9859"],"Type":"CHILD"}],"RowIndex":17,"RowSpan":1},{"BlockType":"CELL","ColumnIndex":10,"ColumnSpan":1,"Confidence":92.529296875,"Geometry":{"BoundingBox":{"Height":0.02435671165585518,"Left":0.6598745584487915,"Top":0.4006611108779907,"Width":0.2547052204608917},"Polygon":[{"X":0.6598745584487915,"Y":0.4006611108779907},{"X":0.9145764708518982,"Y":0.4006696045398712},{"X":0.9145797491073608,"Y":0.4250178337097168},{"X":0.6598749756813049,"Y":0.42500779032707214}]},"Id":"5e089118-f569-490c-8551-e43416ec42bc","RowIndex":17,"RowSpan":1},{"BlockType":"CELL","ColumnIndex":11,"ColumnSpan":1,"Confidence":90.234375,"Geometry":{"BoundingBox":{"Height":0.024351458996534348,"Left":0.9145764708518982,"Top":0.4006696045398712,"Width":0.08177357912063599},"Polygon":[{"X":0.9145764708518982,"Y":0.4006696045398712},{"X":0.9963458776473999,"Y":0.4006723165512085},{"X":0.9963500499725342,"Y":0.42502105236053467},{"X":0.9145797491073608,"Y":0.4250178337097168}]},"Id":"7e0f9fb5-df25-4159-aca8-3ccf38b9811a","RowIndex":17,"RowSpan":1},{"BlockType":"CELL","ColumnIndex":1,"ColumnSpan":1,"Confidence":31.005859375,"Geometry":{"BoundingBox":{"Height":0.02435009554028511,"Left":0.0019057618919759989,"Top":0.42498186230659485,"Width":0.1517818123102188},"Polygon":[{"X":0.0019126489059999585,"Y":0.42498186230659485},{"X":0.15368756651878357,"Y":0.4249878525733948},{"X":0.15368236601352692,"Y":0.44933196902275085},{"X":0.0019057618919759989,"Y":0.4493250548839569}]},"Id":"08f6a322-a8da-42f1-a8e3-8a8335aadd90","Relationships":[{"Ids":["c8ff0d88-cd05-40db-9a25-8293afe3f99e","05dce8c6-96c2-446b-8d96-36b492841895"],"Type":"CHILD"}],"RowIndex":18,"RowSpan":1},{"BlockType":"CELL","ColumnIndex":2,"ColumnSpan":1,"Confidence":37.6708984375,"Geometry":{"BoundingBox":{"Height":0.02434653230011463,"Left":0.15368236601352692,"Top":0.4249878525733948,"Width":0.05311756953597069},"Polygon":[{"X":0.15368756651878357,"Y":0.4249878525733948},{"X":0.2067999392747879,"Y":0.4249899387359619},{"X":0.206795334815979,"Y":0.44933438301086426},{"X":0.15368236601352692,"Y":0.44933196902275085}]},"Id":"62657483-e0f2-44c7-a7e4-d1f399bd93f6","Relationships":[{"Ids":["8fbd3f35-6fb7-434a-b16b-6345013a16d0"],"Type":"CHILD"}],"RowIndex":18,"RowSpan":1},{"BlockType":"CELL","ColumnIndex":3,"ColumnSpan":1,"Confidence":40.8447265625,"Geometry":{"BoundingBox":{"Height":0.024347569793462753,"Left":0.206795334815979,"Top":0.4249899387359619,"Width":0.0687403753399849},"Polygon":[{"
14:55:34.614 [Test worker] DEBUG org.apache.http.wire - http-outgoing-0 << ""X":0.2067999392747879,"Y":0.4249899387359619},{"X":0.2755357027053833,"Y":0.4249926507472992},{"X":0.2755318582057953,"Y":0.44933751225471497},{"X":0.206795334815979,"Y":0.44933438301086426}]},"Id":"0f6f26dd-76d5-4145-9399-72a8d540a3f8","Relationships":[{"Ids":["6416c5f6-2f57-484c-93bb-71496c184717"],"Type":"CHILD"}],"RowIndex":18,"RowSpan":1},{"BlockType":"CELL","ColumnIndex":4,"ColumnSpan":1,"Confidence":34.765625,"Geometry":{"BoundingBox":{"Height":0.024347564205527306,"Left":0.2755318582057953,"Top":0.4249926507472992,"Width":0.05936846509575844},"Polygon":[{"X":0.2755357027053833,"Y":0.4249926507472992},{"X":0.3349003195762634,"Y":0.4249950051307678},{"X":0.33489716053009033,"Y":0.44934022426605225},{"X":0.2755318582057953,"Y":0.44933751225471497}]},"Id":"3d1450c2-c8a9-4377-80a9-8e0b8264c6c1","RowIndex":18,"RowSpan":1},{"BlockType":"CELL","ColumnIndex":5,"ColumnSpan":1,"Confidence":40.283203125,"Geometry":{"BoundingBox":{"Height":0.024348994717001915,"Left":0.33489716053009033,"Top":0.4249950051307678,"Width":0.08280417323112488},"Polygon":[{"X":0.3349003195762634,"Y":0.4249950051307678},{"X":0.4177013337612152,"Y":0.4249982535839081},{"X":0.41769906878471375,"Y":0.4493439793586731},{"X":0.33489716053009033,"Y":0.44934022426605225}]},"Id":"93689b0b-e70b-4061-a97f-9c5f4052e5d8","Relationships":[{"Ids":["588d76f6-900c-4229-a3ee-c1d181ce54cf"],"Type":"CHILD"}],"RowIndex":18,"RowSpan":1},{"BlockType":"CELL","ColumnIndex":6,"ColumnSpan":1,"Confidence":60.7421875,"Geometry":{"BoundingBox":{"Height":0.024348223581910133,"Left":0.41769906878471375,"Top":0.4249982535839081,"Width":0.054684050381183624},"Polygon":[{"X":0.4177013337612152,"Y":0.4249982535839081},{"X":0.4723831117153168,"Y":0.42500039935112},{"X":0.47238147258758545,"Y":0.44934648275375366},{"X":0.41769906878471375,"Y":0.4493439793586731}]},"Id":"5914bb72-27d6-4892-8bd5-1cae8e5aae36","Relationships":[{"Ids":["67f08eaf-0217-4e5e-92dd-f5bc87c15999"],"Type":"CHILD"}],"RowIndex":18,"RowSpan":1},{"BlockType":"CELL","ColumnIndex":7,"ColumnSpan":1,"Confidence":75.244140625,"Geometry":{"BoundingBox":{"Height":0.02434905618429184,"Left":0.47238147258758545,"Top":0.42500039935112,"Width":0.06562178581953049},"Polygon":[{"X":0.4723831117153168,"Y":0.42500039935112},{"X":0.5380032658576965,"Y":0.4250029921531677},{"X":0.5380023121833801,"Y":0.44934946298599243},{"X":0.47238147258758545,"Y":0.44934648275375366}]},"Id":"c0232bd9-0265-4309-8e40-bd2255d526b3","Relationships":[{"Ids":["9a629967-b428-4d95-8633-8a2451f032dc"],"Type":"CHILD"}],"RowIndex":18,"RowSpan":1},{"BlockType":"CELL","ColumnIndex":8,"ColumnSpan":1,"Confidence":60.83984375,"Geometry":{"BoundingBox":{"Height":0.02434888854622841,"Left":0.5380023121833801,"Top":0.4250029921531677,"Width":0.05312357097864151},"Polygon":[{"X":0.5380032658576965,"Y":0.4250029921531677},{"X":0.5911259055137634,"Y":0.42500507831573486},{"X":0.5911255478858948,"Y":0.44935187697410583},{"X":0.5380023121833801,"Y":0.44934946298599243}]},"Id":"0f7fbe09-5584-4792-be64-d77bf82f5195","Relationships":[{"Ids":["fdaa7284-a32e-4315-a216-854d9c1f54b2"],"Type":"CHILD"}],"RowIndex":18,"RowSpan":1},{"BlockType":"CELL","ColumnIndex":9,"ColumnSpan":1,"Confidence":71.19140625,"Geometry":{"BoundingBox":{"Height":0.02434992603957653,"Left":0.5911255478858948,"Top":0.42500507831573486,"Width":0.06874983012676239},"Polygon":[{"X":0.5911259055137634,"Y":0.42500507831573486},{"X":0.6598749756813049,"Y":0.42500779032707214},{"X":0.6598753929138184,"Y":0.44935500621795654},{"X":0.5911255478858948,"Y":0.44935187697410583}]},"Id":"70ec4659-c5e8-452e-b1a7-69a1690fe815","Relationships":[{"Ids":["76ea7b49-88c7-40ee-9dad-157c378ce36f"],"Type":"CHILD"}],"RowIndex":18,"RowSpan":1},{"BlockType":"CELL","ColumnIndex":10,"ColumnSpan":1,"Confidence":79.6875,"Geometry":{"BoundingBox":{"Height":0.02435881458222866,"Left":0.6598749756813049,"Top":0.42500779032707214,"Width":0.25470805168151855},"Polygon":[{"X":0.6598749756813049,"Y":0.42500779032707214},{"X":0.9145797491073608,"Y":0.4250178337097168},{"X":0.9145830273628235,"Y":0.44936662912368774},{"X":0.6598753929138184,"Y":0.44935500621795654}]},"Id":"1f96279e-257d-40cc-b580-8b783dfc38ca","RowIndex":18,"RowSpan":1},{"BlockType":"CELL","ColumnIndex":11,"ColumnSpan":1,"Confidence":77.734375,"Geometry":{"BoundingBox":{"Height":0.024352502077817917,"Left":0.9145797491073608,"Top":0.4250178337097168,"Width":0.08177448809146881},"Polygon":[{"X":0.9145797491073608,"Y":0.4250178337097168},{"X":0.9963500499725342,"Y":0.42502105236053467},{"X":0.9963542222976685,"Y":0.4493703246116638},{"X":0.9145830273628235,"Y":0.44936662912368774}]},"Id":"8df46976-0b07-406e-876f-917dbf7f7e1e","RowIndex":18,"RowSpan":1},{"BlockType":"CELL","ColumnIndex":1,"ColumnSpan":1,"Confidence":30.5908203125,"Geometry":{"BoundingBox":{"Height":0.024351567029953003,"Left":0.0018988746451213956,"Top":0.4493250548839569,"Width":0.15178349614143372},"Polygon":[{"X":0.0019057618919759989,"Y":0.4493250548839569},{"X":0.15368236601352692,"Y":0.44933196902275085},{"X":0.15367718040943146,"Y":0.4736766219139099},{"X":0.0018988746451213956,"Y":0.47366878390312195}]},"Id":"d606872d-a04b-40ea-b0da-2a2429a2d2bf","RowIndex":19,"RowSpan":1},{"BlockType":"CELL","ColumnIndex":2,"ColumnSpan":1,"Confidence":37.158203125,"Geometry":{"BoundingBox":{"Height":0.024347400292754173,"Left":0.15367718040943146,"Top":0.44933196902275085,"Width":0.05311816185712814},"Polygon":[{"X":0.15368236601352692,"Y":0.44933196902275085},{"X":0.206795334815979,"Y":0.44933438301086426},{"X":0.2067907303571701,"Y":0.4736793637275696},{"X":0.15367718040943146,"Y":0.4736766219139099}]},"Id":"5aebbc7d-9d2a-4c3c-a587-63259694c579","RowIndex":19,"RowSpan":1},{"BlockType":"CELL","ColumnIndex":3,"ColumnSpan":1,"Confidence":40.283203125,"Geometry":{"BoundingBox":{"Height":0.024348532781004906,"Left":0.2067907303571701,"Top":0.44933438301086426,"Width":0.06874114274978638},"Polygon":[{"X":0.206795334815979,"Y":0.44933438301086426},{"X":0.2755318582057953,"Y":0.44933751225471497},{"X":0.2755280137062073,"Y":0.4736829102039337},{"X":0.2067907303571701,"Y":0.4736793637275696}]},"Id":"1aa50f6a-d53f-4a3b-bb94-58924efd9f8d","RowIndex":19,"RowSpan":1},{"BlockType":"CELL","ColumnIndex":4,"ColumnSpan":1,"Confidence":34.27734375,"Geometry":{"BoundingBox":{"Height":0.02434847131371498,"Left":0.2755280137062073,"Top":0.44933751225471497,"Width":0.059369124472141266},"Polygon":[{"X":0.2755318582057953,"Y":0.44933751225471497},{"X":0.33489716053009033,"Y":0.44934022426605225},{"X":0.33489397168159485,"Y":0.47368597984313965},{"X":0.2755280137062073,"Y":0.4736829102039337}]},"Id":"5162906d-df0b-45e7-bfe5-5790b6fee4c2","RowIndex":19,"RowSpan":1},{"BlockType":"CELL","ColumnIndex":5,"ColumnSpan":1,"Confidence":39.74609375,"Geometry":{"BoundingBox":{"Height":0.02435004524886608,"Left":0.33489397168159485,"Top":0.44934022426605225,"Width":0.0828050896525383},"Polygon":[{"X":0.33489716053009033,"Y":0.44934022426605225},{"X":0.41769906878471375,"Y":0.4493439793586731},{"X":0.4176968038082123,"Y":0.4736902713775635},{"X":0.33489397168159485,"Y":0.47368597984313965}]},"Id":"793cc2b0-da52-41af-b0a8-6217288a08bd","Relationships":[{"Ids":["fd05287d-2bc4-475d-b778-9d7f7f64ac8b"],"Type":"CHILD"}],"RowIndex":19,"RowSpan":1},{"BlockType":"CELL","ColumnIndex":6,"ColumnSpan":1,"Confidence":59.86328125,"Geometry":{"BoundingBox":{"Height":0.024349099025130272,"Left":0.4176968038082123,"Top":0.4493439793586731,"Width":0.054684657603502274},"Polygon":[{"X":0.41769906878471375,"Y":0.4493439793586731},{"X":0.47238147258758545,"Y":0.44934648275375366},{"X":0.47237980365753174,"Y":0.4736931025981903},{"X":0.4176968038082123,"Y":0.4736902713775635}]},"Id":"a7b9a0d8-a34f-4377-b933-c5478bf481bf","Relationships":[{"Ids":["a56c318c-a4dc-4b87-811d-2425b5165e2b"],"Type":"CHILD"}],"RowIndex":19,"RowSpan":1},{"BlockType":"CELL","ColumnIndex":7,"ColumnSpan":1,"Confidence":74.21875,"Geometry":{"BoundingBox":{"Height":0.0243500005453825,"Left":0.47237980365753174,"Top":0.449346482753753"
14:55:34.616 [Test worker] DEBUG org.apache.http.wire - http-outgoing-0 << "66,"Width":0.06562251597642899},"Polygon":[{"X":0.47238147258758545,"Y":0.44934648275375366},{"X":0.5380023121833801,"Y":0.44934946298599243},{"X":0.5380014181137085,"Y":0.4736964702606201},{"X":0.47237980365753174,"Y":0.4736931025981903}]},"Id":"940905d1-58ad-4552-9515-e260d105ee83","Relationships":[{"Ids":["6193fe24-7668-4867-b464-0d2b7d7df919"],"Type":"CHILD"}],"RowIndex":19,"Ro"
14:55:34.617 [Test worker] DEBUG org.apache.http.wire - http-outgoing-0 << "wSpan":1},{"BlockType":"CELL","ColumnIndex":8,"ColumnSpan":1,"Confidence":60.009765625,"Geometry":{"BoundingBox":{"Height":0.02434975653886795,"Left":0.5380014181137085,"Top":0.44934946298599243,"Width":0.053124163299798965},"Polygon":[{"X":0.5380023121833801,"Y":0.44934946298599243},{"X":0.5911255478858948,"Y":0.44935187697410583},{"X":0.5911252498626709,"Y":0.4736992120742798},{"X":0.5380014181137085,"Y":0.4736964702606201}]},"Id":"466605a8-694f-4db7-8aab-302775eca28a","Relationships":[{"Ids":["bd4b27d1-d693-4edd-9d7d-eec284d29491"],"Type":"CHILD"}],"RowIndex":19,"RowSpan":1},{"BlockType":"CELL","ColumnIndex":9,"ColumnSpan":1,"Confidence":70.21484375,"Geometry":{"BoundingBox":{"Height":0.024350889027118683,"Left":0.5911252498626709,"Top":0.44935187697410583,"Width":0.06875059753656387},"Polygon":[{"X":0.5911255478858948,"Y":0.44935187697410583},{"X":0.6598753929138184,"Y":0.44935500621795654},{"X":0.6598758697509766,"Y":0.4737027883529663},{"X":0.5911252498626709,"Y":0.4736992120742798}]},"Id":"7f9d14f3-c4d"
14:55:34.619 [Test worker] DEBUG org.apache.http.wire - http-outgoing-0 << "6-432a-8cfc-5528ddf9c7d2","Relationships":[{"Ids":["f64117de-1caf-474b-b759-3de2d7204dea"],"Type":"CHILD"}],"RowIndex":19,"RowSpan":1},{"BlockType":"CELL","ColumnIndex":10,"ColumnSpan":1,"Confidence":78.61328125,"Geometry":{"BoundingBox":{"Height":0.02436091937124729,"Left":0.6598753929138184,"Top":0.44935500621795654,"Width":0.2547108829021454},"Polygon":[{"X":0.6598753929138184,"Y":0.44935500621795654},{"X":0.9145830273628235,"Y":0.44936662912368774},{"X":0.9145863056182861,"Y":0.4737159311771393},{"X":0.6598758697509766,"Y":0.4737027883529663}]},"Id":"303b5a84-2250-4054-bc3b-ca82e0c74b90","Relationships":[{"Ids":["c545cc93-875e-41fc-ba2f-800ec9506b2d"],"Type":"CHILD"}],"RowIndex":19,"RowSpan":1},{"BlockType":"CELL","ColumnIndex":11,"ColumnSpan":1,"Confidence":76.66015625,"Geometry":{"BoundingBox":{"Height":0.024353545159101486,"Left":0.9145830273628235,"Top":0.44936662912368774,"Width":0.08177539706230164},"Polygon":[{"X":0.9145830273628235,"Y":0.44936662912368774},{"X":0.9963542222976685,"Y":0.4493703246116638},{"X":0.9963583946228027,"Y":0.47372016310691833},{"X":0.9145863056182861,"Y":0.4737159311771393}]},"Id":"d4b384c9-bba8-4768-94b4-7ecf68316739","Relationships":[{"Ids":["1e744097-6886-4bd5-86bc-b1cc2b34cc58"],"Type":"CHILD"}],"RowIndex":19,"RowSpan":1},{"BlockType":"CELL","ColumnIndex":1,"ColumnSpan":1,"Confidence":31.8603515625,"Geometry":{"BoundingBox":{"Height":0.024353040382266045,"Left":0.0018919872818514705,"Top":0.47366878390312195,"Width":0.15178517997264862},"Polygon":[{"X":0.0018988746451213956,"Y":0.47366878390312195},{"X":0.15367718040943146,"Y":0.4736766219139099},{"X":0.1536719799041748,"Y":0.49802181124687195},{"X":0.0018919872818514705,"Y":0.49801304936408997}]},"Id":"f7d755bb-f5f1-455e-bd56-e9a4ba14cce3","Relationships":[{"Ids":["fd5f2765-4677-45a3-8353-e99f68d95876"],"Type":"CHILD"}],"RowIndex":20,"RowSpan":1},{"BlockType":"CELL","ColumnIndex":2,"ColumnSpan":1,"Confidence":38.671875,"Geometry":{"BoundingBox":{"Height":0.024348268285393715,"Left":0.1536719799041748,"Top":0.4736766219139099,"Width":0.0531187541782856},"Polygon":[{"X":0.15367718040943146,"Y":0.4736766219139099},{"X":0.2067907303571701,"Y":0.4736793637275696},{"X":0.2067861258983612,"Y":0.4980248808860779},{"X":0.1536719799041748,"Y":0.49802181124687195}]},"Id":"d16d2b65-5654-48b5-a479-ff2792c46ff7","RowIndex":20,"RowSpan":1},{"BlockType":"CELL","ColumnIndex":3,"ColumnSpan":1,"Confidence":41.943359375,"Geometry":{"BoundingBox":{"Height":0.024349495768547058,"Left":0.2067861258983612,"Top":0.4736793637275696,"Width":0.06874190270900726},"Polygon":[{"X":0.2067907303571701,"Y":0.4736793637275696},{"X":0.2755280137062073,"Y":0.4736829102039337},{"X":0.27552416920661926,"Y":0.49802887439727783},{"X":0.2067861258983612,"Y":0.4980248808860779}]},"Id":"62c0c7b9-391b-4c78-b66a-44cd09cf60e8","RowIndex":20,"RowSpan":1},{"BlockType":"CELL","ColumnIndex":4,"ColumnSpan":1,"Confidence":35.693359375,"Geometry":{"BoundingBox":{"Height":0.024349376559257507,"Left":0.27552416920661926,"Top":0.4736829102039337,"Width":0.05936978757381439},"Polygon":[{"X":0.2755280137062073,"Y":0.4736829102039337},{"X":0.33489397168159485,"Y":0.47368597984313965},{"X":0.33489078283309937,"Y":0.4980323016643524},{"X":0.27552416920661926,"Y":0.49802887439727783}]},"Id":"f162357e-6c9f-4004-9c4b-2a32cbade65c","Relationships":[{"Ids":["6931ad86-a54d-4097-a48a-29e62d51250c"],"Type":"CHILD"}],"RowIndex":20,"RowSpan":1},{"BlockType":"CELL","ColumnIndex":5,"ColumnSpan":1,"Confidence":41.3818359375,"Geometry":{"BoundingBox":{"Height":0.0243510939180851,"Left":0.33489078283309937,"Top":0.47368597984313965,"Width":0.08280601352453232},"Polygon":[{"X":0.33489397168159485,"Y":0.47368597984313965},{"X":0.4176968038082123,"Y":0.4736902713775635},{"X":0.4176945388317108,"Y":0.49803707003593445},{"X":0.33489078283309937,"Y":0.4980323016643524}]},"Id":"bb8978a2-72a1-48cd-ad17-72ddeb2919e5","Relationships":[{"Ids":["6c58d064-1bfc-4aa2-95d9-b8a0f3bb0243"],"Type":"CHILD"}],"RowIndex":20,"RowSpan":1},{"BlockType":"CELL","ColumnIndex":6,"ColumnSpan":1,"Confidence":62.353515625,"Geometry":{"BoundingBox":{"Height":0.02434997633099556,"Left":0.4176945388317108,"Top":0.4736902713775635,"Width":0.05468526855111122},"Polygon":[{"X":0.4176968038082123,"Y":0.4736902713775635},{"X":0.47237980365753174,"Y":0.4736931025981903},{"X":0.4723781645298004,"Y":0.49804022908210754},{"X":0.4176945388317108,"Y":0.49803707003593445}]},"Id":"7f975fe6-445d-41c1-bdc4-4984e69ce11d","Relationships":[{"Ids":["cc39410a-ac16-4305-9c88-077a47aed228"],"Type":"CHILD"}],"RowIndex":20,"RowSpan":1},{"BlockType":"CELL","ColumnIndex":7,"ColumnSpan":1,"Confidence":77.294921875,"Geometry":{"BoundingBox":{"Height":0.02435094490647316,"Left":0.4723781645298004,"Top":0.4736931025981903,"Width":0.06562324613332748},"Polygon":[{"X":0.47237980365753174,"Y":0.4736931025981903},{"X":0.5380014181137085,"Y":0.4736964702606201},{"X":0.5380004644393921,"Y":0.49804404377937317},{"X":0.4723781645298004,"Y":0.49804022908210754}]},"Id":"6eb79390-54ee-4795-ab70-53ea9a4d9d94","Relationships":[{"Ids":["cd69958f-9db8-4683-ae0e-76e5302e5325"],"Type":"CHILD"}],"RowIndex":20,"RowSpan":1},{"BlockType":"CELL","ColumnIndex":8,"ColumnSpan":1,"Confidence":62.5,"Geometry":{"BoundingBox":{"Height":0.024350624531507492,"Left":0.5380004644393921,"Top":0.4736964702606201,"Width":0.05312475189566612},"Polygon":[{"X":0.5380014181137085,"Y":0.4736964702606201},{"X":0.5911252498626709,"Y":0.4736992120742798},{"X":0.5911248922348022,"Y":0.4980471134185791},{"X":0.5380004644393921,"Y":0.49804404377937317}]},"Id":"7812544f-de3e-4d0f-8852-35c578339c73","Relationships":[{"Ids":["6e4f7df1-0475-4326-ad2c-30969ef13c56"],"Type":"CHILD"}],"RowIndex":20,"RowSpan":1},{"BlockType":"CELL","ColumnIndex":9,"ColumnSpan":1,"Confidence":73.095703125,"Geometry":{"BoundingBox":{"Height":0.024351853877305984,"Left":0.5911248922348022,"Top":0.4736992120742798,"Width":0.06875136494636536},"Polygon":[{"X":0.5911252498626709,"Y":0.4736992120742798},{"X":0.6598758697509766,"Y":0.4737027883529663},{"X":0.65987628698349,"Y":0.49805107712745667},{"X":0.5911248922348022,"Y":0.4980471134185791}]},"Id":"1fe0954a-fb31-4880-bfad-7ad1de74b387","Relationships":[{"Ids":["5532f37c-c91e-4a4d-91b4-321db47c93b4"],"Type":"CHILD"}],"RowIndex":20,"RowSpan":1},{"BlockType":"CELL","ColumnIndex":10,"ColumnSpan":1,"Confidence":81.8359375,"Geometry":{"BoundingBox":{"Height":0.024363022297620773,"Left":0.6598758697509766,"Top":0.4737027883529663,"Width":0.2547137141227722},"Polygon":[{"X":0.6598758697509766,"Y":0.4737027883529663},{"X":0.9145863056182861,"Y":0.4737159311771393},{"X":0.9145895838737488,"Y":0.4980657994747162},{"X":0.65987628698349,"Y":0.49805107712745667}]},"Id":"302b81e6-0823-49b4-85ab-311541e78cba","Relationships":[{"Ids":["16e71e30-9e2b-455e-a564-874195def51a"],"Type":"CHILD"}],"RowIndex":20,"RowSpan":1},{"BlockType":"CELL","ColumnIndex":11,"ColumnSpan":1,"Confidence":79.833984375,"Geometry":{"BoundingBox":{"Height":0.024354588240385056,"Left":0.9145863056182861,"Top":0.4737159311771393,"Width":0.08177630603313446},"Polygon":[{"X":0.9145863056182861,"Y":0.4737159311771393},{"X":0.9963583946228027,"Y":0.47372016310691833},{"X":0.9963626265525818,"Y":0.49807050824165344},{"X":0.9145895838737488,"Y":0.4980657994747162}]},"Id":"187b0d7e-74be-403a-a9e0-c65c47679c3b","Relationships":[{"Ids":["d4fa43da-fbef-4b5d-866a-885cfabdccdf"],"Type":"CHILD"}],"RowIndex":20,"RowSpan":1},{"BlockType":"CELL","ColumnIndex":1,"ColumnSpan":1,"Confidence":30.126953125,"Geometry":{"BoundingBox":{"Height":0.028100058436393738,"Left":0.001884040073491633,"Top":0.49801304936408997,"Width":0.15178793668746948},"Polygon":[{"X":0.0018919872818514705,"Y":0.49801304936408997},{"X":0.1536719799041748,"Y":0.49802181124687195},{"X":0.15366597473621368,"Y":0.5261130928993225},{"X":0.001884040073491633,"Y":0.5261032581329346}]},"Id":"19707cc9-1e84-41c4-a144-7763f6df3d83","RowIndex":21,"RowSpan":1},{"BlockType":"CELL","ColumnIndex":2,"ColumnSpan":1,"Confidence":36"
14:55:34.622 [Test worker] DEBUG org.apache.http.wire - http-outgoing-0 << ".572265625,"Geometry":{"BoundingBox":{"Height":0.028094733133912086,"Left":0.15366597473621368,"Top":0.49802181124687195,"Width":0.053120143711566925},"Polygon":[{"X":0.1536719799041748,"Y":0.49802181124687195},{"X":0.2067861258983612,"Y":0.4980248808860779},{"X":0.206780806183815,"Y":0.5261165499687195},{"X":0.15366597473621368,"Y":0.5261130928993225}]},"Id":"9d3a1d8c-d53a-48dc-af0a-3712663650ee","RowIndex":21,"RowSpan":1},{"BlockType":"CELL","ColumnIndex":3,"ColumnSpan":1,"Confidence":39.6728515625,"Geometry":{"BoundingBox":{"Height":0.028096120804548264,"Left":0.206780806183815,"Top":0.4980248808860779,"Width":0.06874337792396545},"Polygon":[{"X":0.2067861258983612,"Y":0.4980248808860779},{"X":0.27552416920661926,"Y":0.49802887439727783},{"X":0.2755197584629059,"Y":0.5261210203170776},{"X":0.206780806183815,"Y":0.5261165499687195}]},"Id":"90233c7a-6ee5-4fdf-890a-07b8f44a81d7","RowIndex":21,"RowSpan":1},{"BlockType":"CELL","ColumnIndex":4,"ColumnSpan":1,"Confidence":33.7646484375,"Geometry":{"BoundingBox":{"Height":0.028095999732613564,"Left":0.2755197584629059,"Top":0.49802887439727783,"Width":0.059371039271354675},"Polygon":[{"X":0.27552416920661926,"Y":0.49802887439727783},{"X":0.33489078283309937,"Y":0.4980323016643524},{"X":0.3348871171474457,"Y":0.5261248350143433},{"X":0.2755197584629059,"Y":0.5261210203170776}]},"Id":"d98bfc43-db08-4eb0-8e34-58044ac956b3","RowIndex":21,"RowSpan":1},{"BlockType":"CELL","ColumnIndex":5,"ColumnSpan":1,"Confidence":39.1357421875,"Geometry":{"BoundingBox":{"Height":0.028097940608859062,"Left":0.3348871171474457,"Top":0.4980323016643524,"Width":0.08280742168426514},"Polygon":[{"X":0.33489078283309937,"Y":0.4980323016643524},{"X":0.4176945388317108,"Y":0.49803707003593445},{"X":0.4176919460296631,"Y":0.5261302590370178},{"X":0.3348871171474457,"Y":0.5261248350143433}]},"Id":"561d566f-746c-41c0-85b4-14f9c0cdf4ff","Relationships":[{"Ids":["4a874188-8d3f-44d4-b9ec-babe6847a4c7"],"Type":"CHILD"}],"RowIndex":21,"RowSpan":1},{"BlockType":"CELL","ColumnIndex":6,"ColumnSpan":1,"Confidence":58.984375,"Geometry":{"BoundingBox":{"Height":0.028096701949834824,"Left":0.4176919460296631,"Top":0.49803707003593445,"Width":0.054686225950717926},"Polygon":[{"X":0.4176945388317108,"Y":0.49803707003593445},{"X":0.4723781645298004,"Y":0.49804022908210754},{"X":0.4723762571811676,"Y":0.5261337757110596},{"X":0.4176919460296631,"Y":0.5261302590370178}]},"Id":"b35c3f75-c516-4e75-8d36-91cfc0d21be4","Relationships":[{"Ids":["7d8497a9-1459-4222-bd36-c2e2d527fbc7"],"Type":"CHILD"}],"RowIndex":21,"RowSpan":1},{"BlockType":"CELL","ColumnIndex":7,"ColumnSpan":1,"Confidence":73.095703125,"Geometry":{"BoundingBox":{"Height":0.02809779718518257,"Left":0.4723762571811676,"Top":0.49804022908210754,"Width":0.06562422960996628},"Polygon":[{"X":0.4723781645298004,"Y":0.49804022908210754},{"X":0.5380004644393921,"Y":0.49804404377937317},{"X":0.5379994511604309,"Y":0.5261380672454834},{"X":0.4723762571811676,"Y":0.5261337757110596}]},"Id":"e0f2f105-6fe3-4987-8f45-476c6f12f5e1","Relationships":[{"Ids":["e6950cd0-d39e-4d7a-b893-0d9be804a5a1"],"Type":"CHILD"}],"RowIndex":21,"RowSpan":1},{"BlockType":"CELL","ColumnIndex":8,"ColumnSpan":1,"Confidence":59.08203125,"Geometry":{"BoundingBox":{"Height":0.028097450733184814,"Left":0.5379994511604309,"Top":0.49804404377937317,"Width":0.05312548577785492},"Polygon":[{"X":0.5380004644393921,"Y":0.49804404377937317},{"X":0.5911248922348022,"Y":0.4980471134185791},{"X":0.5911245346069336,"Y":0.5261414647102356},{"X":0.5379994511604309,"Y":0.5261380672454834}]},"Id":"d1cbef2d-16f3-4163-bdb2-50a33f14e2b1","Relationships":[{"Ids":["ce6dd6e4-6a97-4914-85b0-79a078ca7702"],"Type":"CHILD"}],"RowIndex":21,"RowSpan":1},{"BlockType":"CELL","ColumnIndex":9,"ColumnSpan":1,"Confidence":69.140625,"Geometry":{"BoundingBox":{"Height":0.02809884026646614,"Left":0.5911245346069336,"Top":0.4980471134185791,"Width":0.0687522441148758},"Polygon":[{"X":0.5911248922348022,"Y":0.4980471134185791},{"X":0.65987628698349,"Y":0.49805107712745667},{"X":0.6598767638206482,"Y":0.5261459350585938},{"X":0.5911245346069336,"Y":0.5261414647102356}]},"Id":"fea2bb7a-27e8-484e-b1d3-a13f038fe67c","Relationships":[{"Ids":["d2fdb89f-3a8f-44fd-9bc3-7085bde11198"],"Type":"CHILD"}],"RowIndex":21,"RowSpan":1},{"BlockType":"CELL","ColumnIndex":10,"ColumnSpan":1,"Confidence":77.44140625,"Geometry":{"BoundingBox":{"Height":0.02811138890683651,"Left":0.65987628698349,"Top":0.49805107712745667,"Width":0.254717081785202},"Polygon":[{"X":0.65987628698349,"Y":0.49805107712745667},{"X":0.9145895838737488,"Y":0.4980657994747162},{"X":0.9145933389663696,"Y":0.5261624455451965},{"X":0.6598767638206482,"Y":0.5261459350585938}]},"Id":"509fa2a7-e7bc-4ec8-a77b-d0a9c774af2c","Relationships":[{"Ids":["6f58233b-a4a1-464a-ac87-1e9530760b33","40a6e3c3-9007-4336-873d-89c84de0f5e8"],"Type":"CHILD"}],"RowIndex":21,"RowSpan":1},{"BlockType":"CELL","ColumnIndex":11,"ColumnSpan":1,"Confidence":75.48828125,"Geometry":{"BoundingBox":{"Height":0.028101973235607147,"Left":0.9145895838737488,"Top":0.4980657994747162,"Width":0.08177786320447922},"Polygon":[{"X":0.9145895838737488,"Y":0.4980657994747162},{"X":0.9963626265525818,"Y":0.49807050824165344},{"X":0.9963674545288086,"Y":0.5261677503585815},{"X":0.9145933389663696,"Y":0.5261624455451965}]},"Id":"ca2bd1f2-c51c-42c5-a047-6a21b520a42b","RowIndex":21,"RowSpan":1},{"BlockType":"CELL","ColumnIndex":1,"ColumnSpan":1,"Confidence":36.5966796875,"Geometry":{"BoundingBox":{"Height":0.024356210604310036,"Left":0.0018771523609757423,"Top":0.5261032581329346,"Width":0.1517888307571411},"Polygon":[{"X":0.001884040073491633,"Y":0.5261032581329346},{"X":0.15366597473621368,"Y":0.5261130928993225},{"X":0.15366077423095703,"Y":0.5504594445228577},{"X":0.0018771523609757423,"Y":0.5504487156867981}]},"Id":"2119b26f-539e-4277-aa21-c5a886cc997e","Relationships":[{"Ids":["8cf279ac-0bbf-4919-901e-2f69264988b6","617f4839-8d3b-4339-86d8-dbc12b0f3bb2"],"Type":"CHILD"}],"RowIndex":22,"RowSpan":1},{"BlockType":"CELL","ColumnIndex":2,"ColumnSpan":1,"Confidence":44.43359375,"Geometry":{"BoundingBox":{"Height":0.024350136518478394,"Left":0.15366077423095703,"Top":0.5261130928993225,"Width":0.05312002822756767},"Polygon":[{"X":0.15366597473621368,"Y":0.5261130928993225},{"X":0.206780806183815,"Y":0.5261165499687195},{"X":0.2067762017250061,"Y":0.5504632592201233},{"X":0.15366077423095703,"Y":0.5504594445228577}]},"Id":"06d5def2-d272-445c-959b-023fb8d90e5b","RowIndex":22,"RowSpan":1},{"BlockType":"CELL","ColumnIndex":3,"ColumnSpan":1,"Confidence":48.193359375,"Geometry":{"BoundingBox":{"Height":0.0243515707552433,"Left":0.2067762017250061,"Top":0.5261165499687195,"Width":0.06874354928731918},"Polygon":[{"X":0.206780806183815,"Y":0.5261165499687195},{"X":0.2755197584629059,"Y":0.5261210203170776},{"X":0.27551591396331787,"Y":0.5504681468009949},{"X":0.2067762017250061,"Y":0.5504632592201233}]},"Id":"e46d91ab-ca34-42bc-96d4-e4a2198cd8b9","Relationships":[{"Ids":["01279a18-b071-4ce8-8258-8c30e6804a92"],"Type":"CHILD"}],"RowIndex":22,"RowSpan":1},{"BlockType":"CELL","ColumnIndex":4,"ColumnSpan":1,"Confidence":41.015625,"Geometry":{"BoundingBox":{"Height":0.024351326748728752,"Left":0.27551591396331787,"Top":0.5261210203170776,"Width":0.059371210634708405},"Polygon":[{"X":0.2755197584629059,"Y":0.5261210203170776},{"X":0.3348871171474457,"Y":0.5261248350143433},{"X":0.3348839282989502,"Y":0.5504723191261292},{"X":0.27551591396331787,"Y":0.5504681468009949}]},"Id":"0cb9635c-3710-4fb7-9b3b-75dc5e70c3bc","RowIndex":22,"RowSpan":1},{"BlockType":"CELL","ColumnIndex":5,"ColumnSpan":1,"Confidence":47.5341796875,"Geometry":{"BoundingBox":{"Height":0.024353355169296265,"Left":0.3348839282989502,"Top":0.5261248350143433,"Width":0.0828079953789711},"Polygon":[{"X":0.3348871171474457,"Y":0.5261248350143433},{"X":0.4176919460296631,"Y":0.5261302590370178},{"X":0.4176896810531616,"Y":0.5504782199859619},{"X":0.3348839282989502,"Y":0.5504723191261292}]},"Id":"e2dd91d0-b558-4846-9259-0a3949"
14:55:34.624 [Test worker] DEBUG org.apache.http.wire - http-outgoing-0 << "76646e","Relationships":[{"Ids":["bd4ba4b9-94fd-44d8-bff8-f8010299eb5f"],"Type":"CHILD"}],"RowIndex":22,"RowSpan":1},{"BlockType":"CELL","ColumnIndex":6,"ColumnSpan":1,"Confidence":71.630859375,"Geometry":{"BoundingBox":{"Height":0.02435186691582203,"Left":0.4176896810531616,"Top":0.5261302590370178,"Width":0.05468657985329628},"Polygon":[{"X":0.4176919460296631,"Y":0.5261302590370"
14:55:34.625 [Test worker] DEBUG org.apache.http.wire - http-outgoing-0 << "178},{"X":0.4723762571811676,"Y":0.5261337757110596},{"X":0.4723746180534363,"Y":0.5504820942878723},{"X":0.4176896810531616,"Y":0.5504782199859619}]},"Id":"d05a5491-8c15-461b-a1ad-50322cd607af","Relationships":[{"Ids":["59464f03-ca1b-4409-ad0f-64a5d4a38e1f"],"Type":"CHILD"}],"RowIndex":22,"RowSpan":1},{"BlockType":"CELL","ColumnIndex":7,"ColumnSpan":1,"Confidence":88.76953125,"Geometry":{"BoundingBox":{"Height":0.02435297891497612,"Left":0.4723746180534363,"Top":0.5261337757110596,"Width":0.06562481820583344},"Polygon":[{"X":0.4723762571811676,"Y":0.5261337757110596},{"X":0.5379994511604309,"Y":0.5261380672454834},{"X":0.5379984974861145,"Y":0.5504867434501648},{"X":0.4723746180534363,"Y":0.5504820942878723}]},"Id":"461fc19c-e4b5-4df6-99a2-0f5ba19407b4","Relationships":[{"Ids":["a7160c2c-7a98-4f0b-a75f-6836ea5b22c4"],"Type":"CHILD"}],"RowIndex":22,"RowSpan":1},{"BlockType":"CELL","ColumnIndex":8,"ColumnSpan":1,"Confidence":71.77734375,"Geometry":{"BoundingBox":{"Height":0.02435249276459217,"Left":0.537998497"
14:55:34.626 [Test worker] DEBUG org.apache.http.wire - http-outgoing-0 << "4861145,"Top":0.5261380672454834,"Width":0.053126025944948196},"Polygon":[{"X":0.5379994511604309,"Y":0.5261380672454834},{"X":0.5911245346069336,"Y":0.5261414647102356},{"X":0.5911241769790649,"Y":0.5504905581474304},{"X":0.5379984974861145,"Y":0.5504867434501648}]},"Id":"8067c956-6e20-454b-9966-bbda3d3679d4","Relationships":[{"Ids":["d715081c-48e8-4c0d-b146-a28fb2100a91"],"Type":"CHILD"}],"RowIndex":22,"RowSpan":1},{"BlockType":"CELL","ColumnIndex":9,"ColumnSpan":1,"Confidence":83.984375,"Geometry":{"BoundingBox":{"Height":0.024353928864002228,"Left":0.5911241769790649,"Top":0.5261414647102356,"Width":0.06875301152467728},"Polygon":[{"X":0.5911245346069336,"Y":0.5261414647102356},{"X":0.6598767638206482,"Y":0.5261459350585938},{"X":0.6598772406578064,"Y":0.5504953861236572},{"X":0.5911241769790649,"Y":0.5504905581474304}]},"Id":"5f96d8fa-8c13-4fc4-b09e-a22b2d27cdcd","Relationships":[{"Ids":["3ade8133-a56b-40f8-a88e-ac9fa29b188a"],"Type":"CHILD"}],"RowIndex":22,"RowSpan":1},{"BlockType":"CELL","ColumnIndex":10,"ColumnSpan":1,"Confidence":94.04296875,"Geometry":{"BoundingBox":{"Height":0.024367552250623703,"Left":0.6598767638206482,"Top":0.5261459350585938,"Width":0.2547198235988617},"Polygon":[{"X":0.6598767638206482,"Y":0.5261459350585938},{"X":0.9145933389663696,"Y":0.5261624455451965},{"X":0.9145966172218323,"Y":0.550513505935669},{"X":0.6598772406578064,"Y":0.5504953861236572}]},"Id":"43121f80-efa8-4995-8bc6-3f74d73066de","Relationships":[{"Ids":["0aed43e8-6456-4875-ae90-40acc73e029d"],"Type":"CHILD"}],"RowIndex":22,"RowSpan":1},{"BlockType":"CELL","ColumnIndex":11,"ColumnSpan":1,"Confidence":91.69921875,"Geometry":{"BoundingBox":{"Height":0.024356836453080177,"Left":0.9145933389663696,"Top":0.5261624455451965,"Width":0.08177827298641205},"Polygon":[{"X":0.9145933389663696,"Y":0.5261624455451965},{"X":0.9963674545288086,"Y":0.5261677503585815},{"X":0.9963716268539429,"Y":0.5505192875862122},{"X":0.9145966172218323,"Y":0.550513505935669}]},"Id":"45d61b73-4e99-407a-aa74-aafce9d064d1","Relationships":[{"Ids":["8f5060a0-6ba0-49fc-a15d-b656c291e55d"],"Type":"CHILD"}],"RowIndex":22,"RowSpan":1},{"BlockType":"CELL","ColumnIndex":1,"ColumnSpan":1,"Confidence":31.7138671875,"Geometry":{"BoundingBox":{"Height":0.024357683956623077,"Left":0.00187026453204453,"Top":0.5504487156867981,"Width":0.15179051458835602},"Polygon":[{"X":0.0018771523609757423,"Y":0.5504487156867981},{"X":0.15366077423095703,"Y":0.5504594445228577},{"X":0.15365557372570038,"Y":0.5748063921928406},{"X":0.00187026453204453,"Y":0.5747946500778198}]},"Id":"87b1d118-1f14-4870-a8b9-a0460db3ed7e","Relationships":[{"Ids":["dd0425e6-270d-4d42-a43f-fb0a197271d5","bab70dd1-db00-487c-968e-82d5c885206d"],"Type":"CHILD"}],"RowIndex":23,"RowSpan":1},{"BlockType":"CELL","ColumnIndex":2,"ColumnSpan":1,"Confidence":38.5009765625,"Geometry":{"BoundingBox":{"Height":0.024351004511117935,"Left":0.15365557372570038,"Top":0.5504594445228577,"Width":0.05312061682343483},"Polygon":[{"X":0.15366077423095703,"Y":0.5504594445228577},{"X":0.2067762017250061,"Y":0.5504632592201233},{"X":0.2067715972661972,"Y":0.5748105049133301},{"X":0.15365557372570038,"Y":0.5748063921928406}]},"Id":"1d72c3a9-e283-4402-a19e-0e8688261a54","RowIndex":23,"RowSpan":1},{"BlockType":"CELL","ColumnIndex":3,"ColumnSpan":1,"Confidence":41.748046875,"Geometry":{"BoundingBox":{"Height":0.024352535605430603,"Left":0.2067715972661972,"Top":0.5504632592201233,"Width":0.06874431669712067},"Polygon":[{"X":0.2067762017250061,"Y":0.5504632592201233},{"X":0.27551591396331787,"Y":0.5504681468009949},{"X":0.27551206946372986,"Y":0.5748157501220703},{"X":0.2067715972661972,"Y":0.5748105049133301}]},"Id":"8c01c564-b487-414e-9abe-79951a17f344","RowIndex":23,"RowSpan":1},{"BlockType":"CELL","ColumnIndex":4,"ColumnSpan":1,"Confidence":35.5224609375,"Geometry":{"BoundingBox":{"Height":0.024352233856916428,"Left":0.27551206946372986,"Top":0.5504681468009949,"Width":0.05937187001109123},"Polygon":[{"X":0.27551591396331787,"Y":0.5504681468009949},{"X":0.3348839282989502,"Y":0.5504723191261292},{"X":0.3348807692527771,"Y":0.574820339679718},{"X":0.27551206946372986,"Y":0.5748157501220703}]},"Id":"0d159cc7-4b2b-4444-a39e-5b175efa98ca","RowIndex":23,"RowSpan":1},{"BlockType":"CELL","ColumnIndex":5,"ColumnSpan":1,"Confidence":41.1865234375,"Geometry":{"BoundingBox":{"Height":0.02435440570116043,"Left":0.3348807692527771,"Top":0.5504723191261292,"Width":0.08280891925096512},"Polygon":[{"X":0.3348839282989502,"Y":0.5504723191261292},{"X":0.4176896810531616,"Y":0.5504782199859619},{"X":0.41768741607666016,"Y":0.574826717376709},{"X":0.3348807692527771,"Y":0.574820339679718}]},"Id":"fb742e3d-8c2b-4999-b927-f8673512e683","Relationships":[{"Ids":["a64b9ddf-c7da-4127-a835-fbbea46b69ee"],"Type":"CHILD"}],"RowIndex":23,"RowSpan":1},{"BlockType":"CELL","ColumnIndex":6,"ColumnSpan":1,"Confidence":62.060546875,"Geometry":{"BoundingBox":{"Height":0.024352744221687317,"Left":0.41768741607666016,"Top":0.5504782199859619,"Width":0.05468718707561493},"Polygon":[{"X":0.4176896810531616,"Y":0.5504782199859619},{"X":0.4723746180534363,"Y":0.5504820942878723},{"X":0.47237294912338257,"Y":0.574830949306488},{"X":0.41768741607666016,"Y":0.574826717376709}]},"Id":"b8585690-7a7b-4687-bbe3-7d989552c615","Relationships":[{"Ids":["7bcef398-ba33-4408-9e45-1b7378ed1521"],"Type":"CHILD"}],"RowIndex":23,"RowSpan":1},{"BlockType":"CELL","ColumnIndex":7,"ColumnSpan":1,"Confidence":76.904296875,"Geometry":{"BoundingBox":{"Height":0.02435392327606678,"Left":0.47237294912338257,"Top":0.5504820942878723,"Width":0.06562554836273193},"Polygon":[{"X":0.4723746180534363,"Y":0.5504820942878723},{"X":0.5379984974861145,"Y":0.5504867434501648},{"X":0.5379976034164429,"Y":0.574836015701294},{"X":0.47237294912338257,"Y":0.574830949306488}]},"Id":"a23d4094-07c1-4101-b63b-f38fa8521fdf","Relationships":[{"Ids":["cae7b96b-4873-4f86-9355-40ec809220a4"],"Type":"CHILD"}],"RowIndex":23,"RowSpan":1},{"BlockType":"CELL","ColumnIndex":8,"ColumnSpan":1,"Confidence":62.20703125,"Geometry":{"BoundingBox":{"Height":0.024353360757231712,"Left":0.5379976034164429,"Top":0.5504867434501648,"Width":0.05312661826610565},"Polygon":[{"X":0.5379984974861145,"Y":0.5504867434501648},{"X":0.5911241769790649,"Y":0.5504905581474304},{"X":0.5911238789558411,"Y":0.5748401284217834},{"X":0.5379976034164429,"Y":0.574836015701294}]},"Id":"f867a63e-40c5-43f6-aa73-d3ed165b8f27","Relationships":[{"Ids":["b7cd1ca9-e045-476d-a311-cdfdc37b1ed7"],"Type":"CHILD"}],"RowIndex":23,"RowSpan":1},{"BlockType":"CELL","ColumnIndex":9,"ColumnSpan":1,"Confidence":72.75390625,"Geometry":{"BoundingBox":{"Height":0.02435489185154438,"Left":0.5911238789558411,"Top":0.5504905581474304,"Width":0.06875377893447876},"Polygon":[{"X":0.5911241769790649,"Y":0.5504905581474304},{"X":0.6598772406578064,"Y":0.5504953861236572},{"X":0.6598776578903198,"Y":0.5748454332351685},{"X":0.5911238789558411,"Y":0.5748401284217834}]},"Id":"9e9521e3-ec71-4b9b-a365-d538c9630045","Relationships":[{"Ids":["78d1b915-e58f-41e9-8082-636614c3fe04"],"Type":"CHILD"}],"RowIndex":23,"RowSpan":1},{"BlockType":"CELL","ColumnIndex":10,"ColumnSpan":1,"Confidence":81.494140625,"Geometry":{"BoundingBox":{"Height":0.024369655176997185,"Left":0.6598772406578064,"Top":0.5504953861236572,"Width":0.2547226846218109},"Polygon":[{"X":0.6598772406578064,"Y":0.5504953861236572},{"X":0.9145966172218323,"Y":0.550513505935669},{"X":0.9145998954772949,"Y":0.5748650431632996},{"X":0.6598776578903198,"Y":0.5748454332351685}]},"Id":"d6c52497-dc29-4ed2-9842-281fb40cd332","Relationships":[{"Ids":["3adfa683-6fcc-48e1-a5ab-a4eeca79fe69"],"Type":"CHILD"}],"RowIndex":23,"RowSpan":1},{"BlockType":"CELL","ColumnIndex":11,"ColumnSpan":1,"Confidence":79.443359375,"Geometry":{"BoundingBox":{"Height":0.024357879534363747,"Left":0.9145966172218323,"Top":0.550513505935669,"Width":0.08177918195724487},"Polygon":[{"X":0.9145966172218323,"Y":0.550513505935669},{"X":0.9963716268539429,"Y":0.5505192875862122},{"X":0.9963757991790771,""
14:55:34.628 [Test worker] DEBUG org.apache.http.wire - http-outgoing-0 << "Y":0.5748713612556458},{"X":0.9145998954772949,"Y":0.5748650431632996}]},"Id":"e91dde57-1158-4f30-abcd-ad4ccbc522b5","Relationships":[{"Ids":["6eceb4ad-b7be-4d58-bde8-55b82b61b971"],"Type":"CHILD"}],"RowIndex":23,"RowSpan":1},{"BlockType":"CELL","ColumnIndex":1,"ColumnSpan":1,"Confidence":31.7138671875,"Geometry":{"BoundingBox":{"Height":0.02623206004500389,"Left":0.0018628466641530395,"Top":0.5747946500778198,"Width":0.1517927348613739},"Polygon":[{"X":0.00187026453204453,"Y":0.5747946500778198},{"X":0.15365557372570038,"Y":0.5748063921928406},{"X":0.15364998579025269,"Y":0.601026713848114},{"X":0.0018628466641530395,"Y":0.6010140180587769}]},"Id":"629a03af-ddda-4e66-acba-375090bd8c4e","RowIndex":24,"RowSpan":1},{"BlockType":"CELL","ColumnIndex":2,"ColumnSpan":1,"Confidence":38.5009765625,"Geometry":{"BoundingBox":{"Height":0.02622479945421219,"Left":0.15364998579025269,"Top":0.5748063921928406,"Width":0.05312160775065422},"Polygon":[{"X":0.15365557372570038,"Y":0.5748063921928406},{"X":0.2067715972661972,"Y":0.5748105049133301},{"X":0.20676663517951965,"Y":0.6010311841964722},{"X":0.15364998579025269,"Y":0.601026713848114}]},"Id":"dc4104c2-af9e-4b73-8c58-7835ab50fb39","Relationships":[{"Ids":["56c60d95-1242-4542-8179-d5655c9cfd63"],"Type":"CHILD"}],"RowIndex":24,"RowSpan":1},{"BlockType":"CELL","ColumnIndex":3,"ColumnSpan":1,"Confidence":41.748046875,"Geometry":{"BoundingBox":{"Height":0.026226459071040154,"Left":0.20676663517951965,"Top":0.5748105049133301,"Width":0.0687454342842102},"Polygon":[{"X":0.2067715972661972,"Y":0.5748105049133301},{"X":0.27551206946372986,"Y":0.5748157501220703},{"X":0.27550792694091797,"Y":0.6010369658470154},{"X":0.20676663517951965,"Y":0.6010311841964722}]},"Id":"5278271a-9466-4e07-a6f6-b575366bd3a0","RowIndex":24,"RowSpan":1},{"BlockType":"CELL","ColumnIndex":4,"ColumnSpan":1,"Confidence":35.5224609375,"Geometry":{"BoundingBox":{"Height":0.02622612752020359,"Left":0.27550792694091797,"Top":0.5748157501220703,"Width":0.05937282741069794},"Polygon":[{"X":0.27551206946372986,"Y":0.5748157501220703},{"X":0.3348807692527771,"Y":0.574820339679718},{"X":0.3348773419857025,"Y":0.6010419130325317},{"X":0.27550792694091797,"Y":0.6010369658470154}]},"Id":"ffde9a8c-730b-4211-8a77-c2e37fe05d7c","Relationships":[{"Ids":["3d77ccad-b9af-409c-a99c-4c8165201089"],"Type":"CHILD"}],"RowIndex":24,"RowSpan":1},{"BlockType":"CELL","ColumnIndex":5,"ColumnSpan":1,"Confidence":41.1865234375,"Geometry":{"BoundingBox":{"Height":0.02622848190367222,"Left":0.3348773419857025,"Top":0.574820339679718,"Width":0.08281008899211884},"Polygon":[{"X":0.3348807692527771,"Y":0.574820339679718},{"X":0.41768741607666016,"Y":0.574826717376709},{"X":0.41768497228622437,"Y":0.6010488271713257},{"X":0.3348773419857025,"Y":0.6010419130325317}]},"Id":"0935c40d-0c62-41fb-a4d9-cdab920f5d21","Relationships":[{"Ids":["63f40928-336b-4a1a-832c-b3172dfe50b8"],"Type":"CHILD"}],"RowIndex":24,"RowSpan":1},{"BlockType":"CELL","ColumnIndex":6,"ColumnSpan":1,"Confidence":62.060546875,"Geometry":{"BoundingBox":{"Height":0.026226675137877464,"Left":0.41768497228622437,"Top":0.574826717376709,"Width":0.054687969386577606},"Polygon":[{"X":0.41768741607666016,"Y":0.574826717376709},{"X":0.47237294912338257,"Y":0.574830949306488},{"X":0.4723711609840393,"Y":0.6010534167289734},{"X":0.41768497228622437,"Y":0.6010488271713257}]},"Id":"39c0f224-9bcf-4f51-8291-e901d06d88a1","Relationships":[{"Ids":["37b0cce4-e603-457b-9711-c89a6576295e"],"Type":"CHILD"}],"RowIndex":24,"RowSpan":1},{"BlockType":"CELL","ColumnIndex":7,"ColumnSpan":1,"Confidence":76.904296875,"Geometry":{"BoundingBox":{"Height":0.026227951049804688,"Left":0.4723711609840393,"Top":0.574830949306488,"Width":0.06562641263008118},"Polygon":[{"X":0.47237294912338257,"Y":0.574830949306488},{"X":0.5379976034164429,"Y":0.574836015701294},{"X":0.5379965901374817,"Y":0.6010589003562927},{"X":0.4723711609840393,"Y":0.6010534167289734}]},"Id":"cd1f1f46-90d6-4b80-9da1-9ddc48cec51f","Relationships":[{"Ids":["4e6194a2-e0ed-42a4-91c3-fe406e76f8b1"],"Type":"CHILD"}],"RowIndex":24,"RowSpan":1},{"BlockType":"CELL","ColumnIndex":8,"ColumnSpan":1,"Confidence":62.20703125,"Geometry":{"BoundingBox":{"Height":0.02622733823955059,"Left":0.5379965901374817,"Top":0.574836015701294,"Width":0.05312728136777878},"Polygon":[{"X":0.5379976034164429,"Y":0.574836015701294},{"X":0.5911238789558411,"Y":0.5748401284217834},{"X":0.5911235213279724,"Y":0.6010633707046509},{"X":0.5379965901374817,"Y":0.6010589003562927}]},"Id":"9d978a5a-134b-4b32-b0ee-912a7fb95482","Relationships":[{"Ids":["50ffa97e-e613-4398-8dad-9e21bd6a2056"],"Type":"CHILD"}],"RowIndex":24,"RowSpan":1},{"BlockType":"CELL","ColumnIndex":9,"ColumnSpan":1,"Confidence":72.75390625,"Geometry":{"BoundingBox":{"Height":0.026228997856378555,"Left":0.5911235213279724,"Top":0.5748401284217834,"Width":0.06875460594892502},"Polygon":[{"X":0.5911238789558411,"Y":0.5748401284217834},{"X":0.6598776578903198,"Y":0.5748454332351685},{"X":0.659878134727478,"Y":0.6010690927505493},{"X":0.5911235213279724,"Y":0.6010633707046509}]},"Id":"4f5aacee-29fa-4d6d-aed0-e22bac20b265","Relationships":[{"Ids":["76c13605-d849-43a5-a569-69a199d7710f"],"Type":"CHILD"}],"RowIndex":24,"RowSpan":1},{"BlockType":"CELL","ColumnIndex":10,"ColumnSpan":1,"Confidence":81.494140625,"Geometry":{"BoundingBox":{"Height":0.02624502219259739,"Left":0.6598776578903198,"Top":0.5748454332351685,"Width":0.25472575426101685},"Polygon":[{"X":0.6598776578903198,"Y":0.5748454332351685},{"X":0.9145998954772949,"Y":0.5748650431632996},{"X":0.9146034121513367,"Y":0.6010904312133789},{"X":0.659878134727478,"Y":0.6010690927505493}]},"Id":"022ab76c-6c9b-47d5-afc1-d57b7f5adec2","Relationships":[{"Ids":["fc21b151-12b5-436a-95f5-d41229a07d60"],"Type":"CHILD"}],"RowIndex":24,"RowSpan":1},{"BlockType":"CELL","ColumnIndex":11,"ColumnSpan":1,"Confidence":79.443359375,"Geometry":{"BoundingBox":{"Height":0.026232223957777023,"Left":0.9145998954772949,"Top":0.5748650431632996,"Width":0.08178041130304337},"Polygon":[{"X":0.9145998954772949,"Y":0.5748650431632996},{"X":0.9963757991790771,"Y":0.5748713612556458},{"X":0.9963803291320801,"Y":0.6010972857475281},{"X":0.9146034121513367,"Y":0.6010904312133789}]},"Id":"f8861b18-3e82-43dd-80f0-7f02f9a9a3c9","RowIndex":24,"RowSpan":1},{"BlockType":"CELL","ColumnIndex":1,"ColumnSpan":1,"Confidence":34.9609375,"Geometry":{"BoundingBox":{"Height":0.024360742419958115,"Left":0.0018559584859758615,"Top":0.6010140180587769,"Width":0.15179401636123657},"Polygon":[{"X":0.0018628466641530395,"Y":0.6010140180587769},{"X":0.15364998579025269,"Y":0.601026713848114},{"X":0.15364478528499603,"Y":0.6253747940063477},{"X":0.0018559584859758615,"Y":0.6253611445426941}]},"Id":"1353a71e-accc-48ee-9560-24390ebcac6d","Relationships":[{"Ids":["206dc1f0-80f1-4d54-9d99-dcf3a6e5e98c"],"Type":"CHILD"}],"RowIndex":25,"RowSpan":1},{"BlockType":"CELL","ColumnIndex":2,"ColumnSpan":1,"Confidence":42.4560546875,"Geometry":{"BoundingBox":{"Height":0.02435280568897724,"Left":0.15364478528499603,"Top":0.601026713848114,"Width":0.05312184616923332},"Polygon":[{"X":0.15364998579025269,"Y":0.601026713848114},{"X":0.20676663517951965,"Y":0.6010311841964722},{"X":0.20676201581954956,"Y":0.6253795623779297},{"X":0.15364478528499603,"Y":0.6253747940063477}]},"Id":"33fbaaf6-850e-47cd-823d-2c106f7e59a9","RowIndex":25,"RowSpan":1},{"BlockType":"CELL","ColumnIndex":3,"ColumnSpan":1,"Confidence":46.044921875,"Geometry":{"BoundingBox":{"Height":0.024354536086320877,"Left":0.20676201581954956,"Top":0.6010311841964722,"Width":0.06874590367078781},"Polygon":[{"X":0.20676663517951965,"Y":0.6010311841964722},{"X":0.27550792694091797,"Y":0.6010369658470154},{"X":0.27550408244132996,"Y":0.6253857016563416},{"X":0.20676201581954956,"Y":0.6253795623779297}]},"Id":"26896e33-196e-4e34-b543-1a19188b4756","RowIndex":25,"RowSpan":1},{"BlockType":"CELL","ColumnIndex":4,"ColumnSpan":1,"Confidence":39.16015625,"Geometry":{"BoundingBox":{"Height":0.02435411512851715,"Left":0.27550408244"
14:55:34.630 [Test worker] DEBUG org.apache.http.wire - http-outgoing-0 << "132996,"Top":0.6010369658470154,"Width":0.059373244643211365},"Polygon":[{"X":0.27550792694091797,"Y":0.6010369658470154},{"X":0.3348773419857025,"Y":0.6010419130325317},{"X":0.33487415313720703,"Y":0.6253910660743713},{"X":0.27550408244132996,"Y":0.6253857016563416}]},"Id":"9fbe7fd4-da80-4cdf-96dd-737a5db28998","RowIndex":25,"RowSpan":1},{"BlockType":"CELL","ColumnIndex":5,"Column"
14:55:34.631 [Test worker] DEBUG org.apache.http.wire - http-outgoing-0 << "Span":1,"Confidence":45.41015625,"Geometry":{"BoundingBox":{"Height":0.02435658499598503,"Left":0.33487415313720703,"Top":0.6010419130325317,"Width":0.08281083405017853},"Polygon":[{"X":0.3348773419857025,"Y":0.6010419130325317},{"X":0.41768497228622437,"Y":0.6010488271713257},{"X":0.4176827371120453,"Y":0.6253985166549683},{"X":0.33487415313720703,"Y":0.6253910660743713}]},"Id":"50162b18-fa39-4139-9f04-a85ddb044622","Relationships":[{"Ids":["e1b24522-5192-4f2a-93ab-0b702de72f39"],"Type":"CHILD"}],"RowIndex":25,"RowSpan":1},{"BlockType":"CELL","ColumnIndex":6,"ColumnSpan":1,"Confidence":68.408203125,"Geometry":{"BoundingBox":{"Height":0.024354565888643265,"Left":0.4176827371120453,"Top":0.6010488271713257,"Width":0.054688453674316406},"Polygon":[{"X":0.41768497228622437,"Y":0.6010488271713257},{"X":0.4723711609840393,"Y":0.6010534167289734},{"X":0.472369521856308,"Y":0.6254034042358398},{"X":0.4176827371120453,"Y":0.6253985166549683}]},"Id":"a5f35b82-3d69-4334-a314-ec06b7f2546c","Relationships":[{"Ids":["2b95"
14:55:34.633 [Test worker] DEBUG org.apache.http.wire - http-outgoing-0 << "83bb-5f0b-42ca-a630-6843389aa2be"],"Type":"CHILD"}],"RowIndex":25,"RowSpan":1},{"BlockType":"CELL","ColumnIndex":7,"ColumnSpan":1,"Confidence":84.814453125,"Geometry":{"BoundingBox":{"Height":0.02435588464140892,"Left":0.472369521856308,"Top":0.6010534167289734,"Width":0.0656270682811737},"Polygon":[{"X":0.4723711609840393,"Y":0.6010534167289734},{"X":0.5379965901374817,"Y":0.6010589003562927},{"X":0.5379956960678101,"Y":0.6254093050956726},{"X":0.472369521856308,"Y":0.6254034042358398}]},"Id":"9028ea47-15be-47ea-acf0-849480317008","Relationships":[{"Ids":["ea0a2053-b1fa-4830-8e00-1d26f3e2ed3e"],"Type":"CHILD"}],"RowIndex":25,"RowSpan":1},{"BlockType":"CELL","ColumnIndex":8,"ColumnSpan":1,"Confidence":68.5546875,"Geometry":{"BoundingBox":{"Height":0.024355163797736168,"Left":0.5379956960678101,"Top":0.6010589003562927,"Width":0.053127847611904144},"Polygon":[{"X":0.5379965901374817,"Y":0.6010589003562927},{"X":0.5911235213279724,"Y":0.6010633707046509},{"X":0.5911231637001038,"Y":0.6254140734672546},{"X":0.5379956960678101,"Y":0.6254093050956726}]},"Id":"2fe28e6d-91d7-424f-a25b-b696ed290bbb","Relationships":[{"Ids":["9de516f9-6de1-4977-a756-c4df1019766c"],"Type":"CHILD"}],"RowIndex":25,"RowSpan":1},{"BlockType":"CELL","ColumnIndex":9,"ColumnSpan":1,"Confidence":80.224609375,"Geometry":{"BoundingBox":{"Height":0.024356894195079803,"Left":0.5911231637001038,"Top":0.6010633707046509,"Width":0.0687553659081459},"Polygon":[{"X":0.5911235213279724,"Y":0.6010633707046509},{"X":0.659878134727478,"Y":0.6010690927505493},{"X":0.6598785519599915,"Y":0.6254202723503113},{"X":0.5911231637001038,"Y":0.6254140734672546}]},"Id":"8359b40c-8b1f-42e9-85c2-e6f114345e88","Relationships":[{"Ids":["5a7284a4-ceb1-4bc0-b3bb-53fc9ae1eca6"],"Type":"CHILD"}],"RowIndex":25,"RowSpan":1},{"BlockType":"CELL","ColumnIndex":10,"ColumnSpan":1,"Confidence":89.84375,"Geometry":{"BoundingBox":{"Height":0.02437402494251728,"Left":0.659878134727478,"Top":0.6010690927505493,"Width":0.2547285556793213},"Polygon":[{"X":0.659878134727478,"Y":0.6010690927505493},{"X":0.9146034121513367,"Y":0.6010904312133789},{"X":0.9146066904067993,"Y":0.625443160533905},{"X":0.6598785519599915,"Y":0.6254202723503113}]},"Id":"66c98f6a-112d-4146-9b37-d61e61f6db97","RowIndex":25,"RowSpan":1},{"BlockType":"CELL","ColumnIndex":11,"ColumnSpan":1,"Confidence":87.59765625,"Geometry":{"BoundingBox":{"Height":0.024360045790672302,"Left":0.9146034121513367,"Top":0.6010904312133789,"Width":0.08178107440471649},"Polygon":[{"X":0.9146034121513367,"Y":0.6010904312133789},{"X":0.9963803291320801,"Y":0.6010972857475281},{"X":0.9963845014572144,"Y":0.6254504919052124},{"X":0.9146066904067993,"Y":0.625443160533905}]},"Id":"da2a3628-0264-4a80-9752-6acda43d21cd","RowIndex":25,"RowSpan":1},{"BlockType":"CELL","ColumnIndex":1,"ColumnSpan":1,"Confidence":35.8154296875,"Geometry":{"BoundingBox":{"Height":0.024362213909626007,"Left":0.00184907007496804,"Top":0.6253611445426941,"Width":0.15179571509361267},"Polygon":[{"X":0.0018559584859758615,"Y":0.6253611445426941},{"X":0.15364478528499603,"Y":0.6253747940063477},{"X":0.15363958477973938,"Y":0.6497233510017395},{"X":0.00184907007496804,"Y":0.6497087478637695}]},"Id":"8d9dea31-69c5-44a5-a9e2-781beb2bc614","Relationships":[{"Ids":["cdaa0d75-97dc-49d9-8ed8-fd48389acbb4"],"Type":"CHILD"}],"RowIndex":26,"RowSpan":1},{"BlockType":"CELL","ColumnIndex":2,"ColumnSpan":1,"Confidence":43.505859375,"Geometry":{"BoundingBox":{"Height":0.024353673681616783,"Left":0.15363958477973938,"Top":0.6253747940063477,"Width":0.05312243849039078},"Polygon":[{"X":0.15364478528499603,"Y":0.6253747940063477},{"X":0.20676201581954956,"Y":0.6253795623779297},{"X":0.20675741136074066,"Y":0.6497284173965454},{"X":0.15363958477973938,"Y":0.6497233510017395}]},"Id":"191cf9ab-ca38-447a-a442-a65041c1d782","RowIndex":26,"RowSpan":1},{"BlockType":"CELL","ColumnIndex":3,"ColumnSpan":1,"Confidence":47.1923828125,"Geometry":{"BoundingBox":{"Height":0.02435549907386303,"Left":0.20675741136074066,"Top":0.6253795623779297,"Width":0.0687466710805893},"Polygon":[{"X":0.20676201581954956,"Y":0.6253795623779297},{"X":0.27550408244132996,"Y":0.6253857016563416},{"X":0.27550023794174194,"Y":0.6497350335121155},{"X":0.20675741136074066,"Y":0.6497284173965454}]},"Id":"c1e7b158-db76-4e25-b94a-cce2512be302","RowIndex":26,"RowSpan":1},{"BlockType":"CELL","ColumnIndex":4,"ColumnSpan":1,"Confidence":40.1611328125,"Geometry":{"BoundingBox":{"Height":0.024355022236704826,"Left":0.27550023794174194,"Top":0.6253857016563416,"Width":0.05937390401959419},"Polygon":[{"X":0.27550408244132996,"Y":0.6253857016563416},{"X":0.33487415313720703,"Y":0.6253910660743713},{"X":0.33487096428871155,"Y":0.6497407555580139},{"X":0.27550023794174194,"Y":0.6497350335121155}]},"Id":"788e371c-5064-4e19-8669-7b6d872783c1","RowIndex":26,"RowSpan":1},{"BlockType":"CELL","ColumnIndex":5,"ColumnSpan":1,"Confidence":46.533203125,"Geometry":{"BoundingBox":{"Height":0.024357635527849197,"Left":0.33487096428871155,"Top":0.6253910660743713,"Width":0.08281175792217255},"Polygon":[{"X":0.33487415313720703,"Y":0.6253910660743713},{"X":0.4176827371120453,"Y":0.6253985166549683},{"X":0.4176804721355438,"Y":0.649748682975769},{"X":0.33487096428871155,"Y":0.6497407555580139}]},"Id":"e58da073-3aed-406a-a438-9cda31b62a8d","Relationships":[{"Ids":["beb6ed43-268a-449c-a2b5-e5b5da64e72f"],"Type":"CHILD"}],"RowIndex":26,"RowSpan":1},{"BlockType":"CELL","ColumnIndex":6,"ColumnSpan":1,"Confidence":70.1171875,"Geometry":{"BoundingBox":{"Height":0.024355443194508553,"Left":0.4176804721355438,"Top":0.6253985166549683,"Width":0.054689060896635056},"Polygon":[{"X":0.4176827371120453,"Y":0.6253985166549683},{"X":0.472369521856308,"Y":0.6254034042358398},{"X":0.47236788272857666,"Y":0.6497539281845093},{"X":0.4176804721355438,"Y":0.649748682975769}]},"Id":"8ad207f6-8b7a-47ee-b7f4-7d5848b0762c","Relationships":[{"Ids":["0b94cb2a-6a0a-4785-9634-5d188c5a792f"],"Type":"CHILD"}],"RowIndex":26,"RowSpan":1},{"BlockType":"CELL","ColumnIndex":7,"ColumnSpan":1,"Confidence":86.9140625,"Geometry":{"BoundingBox":{"Height":0.02435682900249958,"Left":0.47236788272857666,"Top":0.6254034042358398,"Width":0.0656277984380722},"Polygon":[{"X":0.472369521856308,"Y":0.6254034042358398},{"X":0.5379956960678101,"Y":0.6254093050956726},{"X":0.5379947423934937,"Y":0.6497602462768555},{"X":0.47236788272857666,"Y":0.6497539281845093}]},"Id":"17c76abf-f68b-46de-bec5-4ab7dd0f842a","Relationships":[{"Ids":["4d5b25fe-aca8-4cbb-abfe-7994c7bb5ac2"],"Type":"CHILD"}],"RowIndex":26,"RowSpan":1},{"BlockType":"CELL","ColumnIndex":8,"ColumnSpan":1,"Confidence":70.263671875,"Geometry":{"BoundingBox":{"Height":0.02435603179037571,"Left":0.5379947423934937,"Top":0.6254093050956726,"Width":0.0531284399330616},"Polygon":[{"X":0.5379956960678101,"Y":0.6254093050956726},{"X":0.5911231637001038,"Y":0.6254140734672546},{"X":0.5911228656768799,"Y":0.6497653126716614},{"X":0.5379947423934937,"Y":0.6497602462768555}]},"Id":"27299814-9603-48d9-a56c-1cde96e99765","Relationships":[{"Ids":["31834b74-4153-4b24-95a7-faf820183bfa"],"Type":"CHILD"}],"RowIndex":26,"RowSpan":1},{"BlockType":"CELL","ColumnIndex":9,"ColumnSpan":1,"Confidence":82.2265625,"Geometry":{"BoundingBox":{"Height":0.024357857182621956,"Left":0.5911228656768799,"Top":0.6254140734672546,"Width":0.06875613331794739},"Polygon":[{"X":0.5911231637001038,"Y":0.6254140734672546},{"X":0.6598785519599915,"Y":0.6254202723503113},{"X":0.6598789691925049,"Y":0.6497719287872314},{"X":0.5911228656768799,"Y":0.6497653126716614}]},"Id":"65979fb7-3a4f-4660-b707-c1df2ad68811","Relationships":[{"Ids":["b2093926-2915-4d22-b66f-bd1bda15d037"],"Type":"CHILD"}],"RowIndex":26,"RowSpan":1},{"BlockType":"CELL","ColumnIndex":10,"ColumnSpan":1,"Confidence":92.08984375,"Geometry":{"BoundingBox":{"Height":0.02437612973153591,"Left":0.6598785519599915,"Top":0.6254202723503113,"Width":0.2547313868999481},"Polygon":[{"X":0.6598785519599915,"Y":0.6254202723503113},{"X":0.9146066904067993,"Y":0.625443160533905},{"X":"
14:55:34.635 [Test worker] DEBUG org.apache.http.wire - http-outgoing-0 << "0.914609968662262,"Y":0.6497963666915894},{"X":0.6598789691925049,"Y":0.6497719287872314}]},"Id":"3a241092-6bc0-479f-9287-ea6a64256b12","RowIndex":26,"RowSpan":1},{"BlockType":"CELL","ColumnIndex":11,"ColumnSpan":1,"Confidence":89.794921875,"Geometry":{"BoundingBox":{"Height":0.02436109073460102,"Left":0.9146066904067993,"Top":0.625443160533905,"Width":0.08178198337554932},"Polygon":[{"X":0.9146066904067993,"Y":0.625443160533905},{"X":0.9963845014572144,"Y":0.6254504919052124},{"X":0.9963886737823486,"Y":0.6498042345046997},{"X":0.914609968662262,"Y":0.6497963666915894}]},"Id":"f42bfa23-e34e-4ab4-a833-cc6f9f0c0ef8","RowIndex":26,"RowSpan":1},{"BlockType":"CELL","ColumnIndex":1,"ColumnSpan":1,"Confidence":32.2021484375,"Geometry":{"BoundingBox":{"Height":0.02436368726193905,"Left":0.0018421816639602184,"Top":0.6497087478637695,"Width":0.15179739892482758},"Polygon":[{"X":0.00184907007496804,"Y":0.6497087478637695},{"X":0.15363958477973938,"Y":0.6497233510017395},{"X":0.15363438427448273,"Y":0.6740724444389343},{"X":0.0018421816639602184,"Y":0.6740569472312927}]},"Id":"f2a75b95-6879-44ea-9bb5-7b96994c068e","Relationships":[{"Ids":["29b00c66-a04e-4a17-9416-2df69a4db7ae","5601b181-be65-4f95-bb73-ab6730203271"],"Type":"CHILD"}],"RowIndex":27,"RowSpan":1},{"BlockType":"CELL","ColumnIndex":2,"ColumnSpan":1,"Confidence":39.111328125,"Geometry":{"BoundingBox":{"Height":0.024354541674256325,"Left":0.15363438427448273,"Top":0.6497233510017395,"Width":0.053123027086257935},"Polygon":[{"X":0.15363958477973938,"Y":0.6497233510017395},{"X":0.20675741136074066,"Y":0.6497284173965454},{"X":0.20675280690193176,"Y":0.6740778684616089},{"X":0.15363438427448273,"Y":0.6740724444389343}]},"Id":"26ecdbca-a22b-4b9e-8721-ec8ea017ed50","RowIndex":27,"RowSpan":1},{"BlockType":"CELL","ColumnIndex":3,"ColumnSpan":1,"Confidence":42.4072265625,"Geometry":{"BoundingBox":{"Height":0.02435646392405033,"Left":0.20675280690193176,"Top":0.6497284173965454,"Width":0.06874743849039078},"Polygon":[{"X":0.20675741136074066,"Y":0.6497284173965454},{"X":0.27550023794174194,"Y":0.6497350335121155},{"X":0.27549639344215393,"Y":0.6740849018096924},{"X":0.20675280690193176,"Y":0.6740778684616089}]},"Id":"10b30817-2505-42bb-bca7-3852994f5438","Relationships":[{"Ids":["7b91454c-707c-48e9-82fb-473f46d9e174"],"Type":"CHILD"}],"RowIndex":27,"RowSpan":1},{"BlockType":"CELL","ColumnIndex":4,"ColumnSpan":1,"Confidence":36.083984375,"Geometry":{"BoundingBox":{"Height":0.024355927482247353,"Left":0.27549639344215393,"Top":0.6497350335121155,"Width":0.05937456339597702},"Polygon":[{"X":0.27550023794174194,"Y":0.6497350335121155},{"X":0.33487096428871155,"Y":0.6497407555580139},{"X":0.33486777544021606,"Y":0.6740909814834595},{"X":0.27549639344215393,"Y":0.6740849018096924}]},"Id":"49e0ee19-768b-422c-9e79-c238e9f601a4","RowIndex":27,"RowSpan":1},{"BlockType":"CELL","ColumnIndex":5,"ColumnSpan":1,"Confidence":41.845703125,"Geometry":{"BoundingBox":{"Height":0.024358684197068214,"Left":0.33486777544021606,"Top":0.6497407555580139,"Width":0.08281268179416656},"Polygon":[{"X":0.33487096428871155,"Y":0.6497407555580139},{"X":0.4176804721355438,"Y":0.649748682975769},{"X":0.41767820715904236,"Y":0.6740994453430176},{"X":0.33486777544021606,"Y":0.6740909814834595}]},"Id":"ee3f54fe-bdc0-4ff5-815d-ed174e6a9193","Relationships":[{"Ids":["c0e774ad-ca81-4324-8357-a9fdf5cc3841"],"Type":"CHILD"}],"RowIndex":27,"RowSpan":1},{"BlockType":"CELL","ColumnIndex":6,"ColumnSpan":1,"Confidence":63.037109375,"Geometry":{"BoundingBox":{"Height":0.02435632050037384,"Left":0.41767820715904236,"Top":0.649748682975769,"Width":0.054689668118953705},"Polygon":[{"X":0.4176804721355438,"Y":0.649748682975769},{"X":0.47236788272857666,"Y":0.6497539281845093},{"X":0.47236621379852295,"Y":0.6741049885749817},{"X":0.41767820715904236,"Y":0.6740994453430176}]},"Id":"846d7f71-bd4f-4c1d-b3f1-3f6b16ff6526","Relationships":[{"Ids":["6e451227-3594-4826-b6cd-0e88024f1bef"],"Type":"CHILD"}],"RowIndex":27,"RowSpan":1},{"BlockType":"CELL","ColumnIndex":7,"ColumnSpan":1,"Confidence":78.125,"Geometry":{"BoundingBox":{"Height":0.02435777336359024,"Left":0.47236621379852295,"Top":0.6497539281845093,"Width":0.0656285285949707},"Polygon":[{"X":0.47236788272857666,"Y":0.6497539281845093},{"X":0.5379947423934937,"Y":0.6497602462768555},{"X":0.537993848323822,"Y":0.6741117238998413},{"X":0.47236621379852295,"Y":0.6741049885749817}]},"Id":"9c00303d-6076-4f99-a2d3-c35cbac8e093","Relationships":[{"Ids":["f4345cb7-e62d-4f89-91b9-9924281a2883"],"Type":"CHILD"}],"RowIndex":27,"RowSpan":1},{"BlockType":"CELL","ColumnIndex":8,"ColumnSpan":1,"Confidence":63.18359375,"Geometry":{"BoundingBox":{"Height":0.02435689978301525,"Left":0.537993848323822,"Top":0.6497602462768555,"Width":0.05312902852892876},"Polygon":[{"X":0.5379947423934937,"Y":0.6497602462768555},{"X":0.5911228656768799,"Y":0.6497653126716614},{"X":0.5911225080490112,"Y":0.6741171479225159},{"X":0.537993848323822,"Y":0.6741117238998413}]},"Id":"7132055a-f84b-468d-b56b-3613d68cb756","Relationships":[{"Ids":["ef21a080-e49e-4af0-ac05-be42cf773775"],"Type":"CHILD"}],"RowIndex":27,"RowSpan":1},{"BlockType":"CELL","ColumnIndex":9,"ColumnSpan":1,"Confidence":73.92578125,"Geometry":{"BoundingBox":{"Height":0.02435882017016411,"Left":0.5911225080490112,"Top":0.6497653126716614,"Width":0.06875690072774887},"Polygon":[{"X":0.5911228656768799,"Y":0.6497653126716614},{"X":0.6598789691925049,"Y":0.6497719287872314},{"X":0.6598794460296631,"Y":0.6741241812705994},{"X":0.5911225080490112,"Y":0.6741171479225159}]},"Id":"5a094835-6ebc-4f35-833d-d9c8acbd5bae","Relationships":[{"Ids":["991de8d2-f1d0-40b8-97e7-efe2c8fdc1d5"],"Type":"CHILD"}],"RowIndex":27,"RowSpan":1},{"BlockType":"CELL","ColumnIndex":10,"ColumnSpan":1,"Confidence":82.763671875,"Geometry":{"BoundingBox":{"Height":0.024378232657909393,"Left":0.6598789691925049,"Top":0.6497719287872314,"Width":0.25473424792289734},"Polygon":[{"X":0.6598789691925049,"Y":0.6497719287872314},{"X":0.914609968662262,"Y":0.6497963666915894},{"X":0.9146132469177246,"Y":0.6741501688957214},{"X":0.6598794460296631,"Y":0.6741241812705994}]},"Id":"35c83857-c061-49bb-ae2d-a17ed3e674e6","Relationships":[{"Ids":["1091e966-d322-48a6-87db-ef70984b355c"],"Type":"CHILD"}],"RowIndex":27,"RowSpan":1},{"BlockType":"CELL","ColumnIndex":11,"ColumnSpan":1,"Confidence":80.712890625,"Geometry":{"BoundingBox":{"Height":0.02436213381588459,"Left":0.914609968662262,"Top":0.6497963666915894,"Width":0.08178289234638214},"Polygon":[{"X":0.914609968662262,"Y":0.6497963666915894},{"X":0.9963886737823486,"Y":0.6498042345046997},{"X":0.9963928461074829,"Y":0.67415851354599},{"X":0.9146132469177246,"Y":0.6741501688957214}]},"Id":"5008af9e-865c-4410-8845-d19fc1c9d209","Relationships":[{"Ids":["2bb22dba-4f93-40b4-968e-d5c1efe78bad"],"Type":"CHILD"}],"RowIndex":27,"RowSpan":1},{"BlockType":"CELL","ColumnIndex":1,"ColumnSpan":1,"Confidence":31.93359375,"Geometry":{"BoundingBox":{"Height":0.026238232851028442,"Left":0.001834763097576797,"Top":0.6740569472312927,"Width":0.15179961919784546},"Polygon":[{"X":0.0018421816639602184,"Y":0.6740569472312927},{"X":0.15363438427448273,"Y":0.6740724444389343},{"X":0.15362878143787384,"Y":0.7002952098846436},{"X":0.001834763097576797,"Y":0.7002786993980408}]},"Id":"9236e2a9-5b25-43d0-a63c-ac7e91a7eea7","RowIndex":28,"RowSpan":1},{"BlockType":"CELL","ColumnIndex":2,"ColumnSpan":1,"Confidence":38.76953125,"Geometry":{"BoundingBox":{"Height":0.026228507980704308,"Left":0.15362878143787384,"Top":0.6740724444389343,"Width":0.053124021738767624},"Polygon":[{"X":0.15363438427448273,"Y":0.6740724444389343},{"X":0.20675280690193176,"Y":0.6740778684616089},{"X":0.2067478448152542,"Y":0.7003009915351868},{"X":0.15362878143787384,"Y":0.7002952098846436}]},"Id":"a290f040-a434-46db-8014-dabca140936a","RowIndex":28,"RowSpan":1},{"BlockType":"CELL","ColumnIndex":3,"ColumnSpan":1,"Confidence":42.041015625,"Geometry":{"BoundingBox":{"Height":0.02623055689036846,"Left":0.2067478448152542,"Top":0.6740778684"
14:55:34.638 [Test worker] DEBUG org.apache.http.wire - http-outgoing-0 << "616089,"Width":0.06874855607748032},"Polygon":[{"X":0.20675280690193176,"Y":0.6740778684616089},{"X":0.27549639344215393,"Y":0.6740849018096924},{"X":0.27549225091934204,"Y":0.7003084421157837},{"X":0.2067478448152542,"Y":0.7003009915351868}]},"Id":"0418c4a6-c6e9-4a28-937f-82ac1f5c488d","RowIndex":28,"RowSpan":1},{"BlockType":"CELL","ColumnIndex":4,"ColumnSpan":1,"Confidence":35.79"
14:55:34.638 [Test worker] DEBUG org.apache.http.wire - http-outgoing-0 << "1015625,"Geometry":{"BoundingBox":{"Height":0.026229992508888245,"Left":0.27549225091934204,"Top":0.6740849018096924,"Width":0.059375520795583725},"Polygon":[{"X":0.27549639344215393,"Y":0.6740849018096924},{"X":0.33486777544021606,"Y":0.6740909814834595},{"X":0.3348643481731415,"Y":0.7003148794174194},{"X":0.27549225091934204,"Y":0.7003084421157837}]},"Id":"d6154c4b-bcec-4a1c-a7ff-a433aa1dfd02","Relationships":[{"Ids":["8c731bfd-9de7-46dc-b99a-a93e204aa6f6"],"Type":"CHILD"}],"RowIndex":28,"RowSpan":1},{"BlockType":"CELL","ColumnIndex":5,"ColumnSpan":1,"Confidence":41.4794921875,"Geometry":{"BoundingBox":{"Height":0.02623293176293373,"Left":0.3348643481731415,"Top":0.6740909814834595,"Width":0.08281384408473969},"Polygon":[{"X":0.33486777544021606,"Y":0.6740909814834595},{"X":0.41767820715904236,"Y":0.6740994453430176},{"X":0.41767576336860657,"Y":0.7003238797187805},{"X":0.3348643481731415,"Y":0.7003148794174194}]},"Id":"048fdd26-804c-426f-af19-2ab1b4bd5b18","Relationships":[{"Ids":["097bfdd1-499c-410c-8afb-"
14:55:34.640 [Test worker] DEBUG org.apache.http.wire - http-outgoing-0 << "41b7f8c8095f"],"Type":"CHILD"}],"RowIndex":28,"RowSpan":1},{"BlockType":"CELL","ColumnIndex":6,"ColumnSpan":1,"Confidence":62.5,"Geometry":{"BoundingBox":{"Height":0.026230422779917717,"Left":0.41767576336860657,"Top":0.6740994453430176,"Width":0.05469045415520668},"Polygon":[{"X":0.41767820715904236,"Y":0.6740994453430176},{"X":0.47236621379852295,"Y":0.6741049885749817},{"X":0.4723644554615021,"Y":0.7003298401832581},{"X":0.41767576336860657,"Y":0.7003238797187805}]},"Id":"8565610b-863c-402c-87e4-d991cebd7398","Relationships":[{"Ids":["bf5eb7b5-ce32-44d0-9eb8-84be5b959e6d"],"Type":"CHILD"}],"RowIndex":28,"RowSpan":1},{"BlockType":"CELL","ColumnIndex":7,"ColumnSpan":1,"Confidence":77.44140625,"Geometry":{"BoundingBox":{"Height":0.026231972500681877,"Left":0.4723644554615021,"Top":0.6741049885749817,"Width":0.06562938541173935},"Polygon":[{"X":0.47236621379852295,"Y":0.6741049885749817},{"X":0.537993848323822,"Y":0.6741117238998413},{"X":0.5379928350448608,"Y":0.7003369927406311},{"X":0.4723644554615021,"Y":0.7003298401832581}]},"Id":"b8b92961-bfc9-418b-8cab-fc7a5c69ec10","Relationships":[{"Ids":["4f4e6506-71fe-40d7-b29f-b2066e75eb10"],"Type":"CHILD"}],"RowIndex":28,"RowSpan":1},{"BlockType":"CELL","ColumnIndex":8,"ColumnSpan":1,"Confidence":62.646484375,"Geometry":{"BoundingBox":{"Height":0.02623104676604271,"Left":0.5379928350448608,"Top":0.6741117238998413,"Width":0.05312969163060188},"Polygon":[{"X":0.537993848323822,"Y":0.6741117238998413},{"X":0.5911225080490112,"Y":0.6741171479225159},{"X":0.5911221504211426,"Y":0.7003427743911743},{"X":0.5379928350448608,"Y":0.7003369927406311}]},"Id":"5ee179e2-cfba-4803-876f-76ff018b8a17","Relationships":[{"Ids":["0b6fabf1-d971-4984-8c59-d6b6dc00c9d8"],"Type":"CHILD"}],"RowIndex":28,"RowSpan":1},{"BlockType":"CELL","ColumnIndex":9,"ColumnSpan":1,"Confidence":73.291015625,"Geometry":{"BoundingBox":{"Height":0.026233097538352013,"Left":0.5911221504211426,"Top":0.6741171479225159,"Width":0.06875772029161453},"Polygon":[{"X":0.5911225080490112,"Y":0.6741171479225159},{"X":0.6598794460296631,"Y":0.6741241812705994},{"X":0.6598799228668213,"Y":0.7003502249717712},{"X":0.5911221504211426,"Y":0.7003427743911743}]},"Id":"9d17a129-d1cb-49cb-b54e-0578457b4456","Relationships":[{"Ids":["4c127938-8f24-4af4-925f-1608e194b4f9"],"Type":"CHILD"}],"RowIndex":28,"RowSpan":1},{"BlockType":"CELL","ColumnIndex":10,"ColumnSpan":1,"Confidence":82.03125,"Geometry":{"BoundingBox":{"Height":0.026253769174218178,"Left":0.6598794460296631,"Top":0.6741241812705994,"Width":0.25473731756210327},"Polygon":[{"X":0.6598794460296631,"Y":0.6741241812705994},{"X":0.9146132469177246,"Y":0.6741501688957214},{"X":0.9146167635917664,"Y":0.7003779411315918},{"X":0.6598799228668213,"Y":0.7003502249717712}]},"Id":"f7e3c60a-b9e3-483c-9720-9f862408628a","Relationships":[{"Ids":["ee51a6f5-c3f4-427a-abe1-1563493bcff9"],"Type":"CHILD"}],"RowIndex":28,"RowSpan":1},{"BlockType":"CELL","ColumnIndex":11,"ColumnSpan":1,"Confidence":79.98046875,"Geometry":{"BoundingBox":{"Height":0.026236647740006447,"Left":0.9146132469177246,"Top":0.6741501688957214,"Width":0.08178412914276123},"Polygon":[{"X":0.9146132469177246,"Y":0.6741501688957214},{"X":0.9963928461074829,"Y":0.67415851354599},{"X":0.9963973760604858,"Y":0.7003868222236633},{"X":0.9146167635917664,"Y":0.7003779411315918}]},"Id":"97297bb2-f871-4d5c-be67-107db2feb24b","Relationships":[{"Ids":["d36a7436-0239-459f-8867-31646b76e55c"],"Type":"CHILD"}],"RowIndex":28,"RowSpan":1},{"BlockType":"CELL","ColumnIndex":1,"ColumnSpan":1,"Confidence":35.4248046875,"Geometry":{"BoundingBox":{"Height":0.024366745725274086,"Left":0.0018278742209076881,"Top":0.7002786993980408,"Width":0.15180091559886932},"Polygon":[{"X":0.001834763097576797,"Y":0.7002786993980408},{"X":0.15362878143787384,"Y":0.7002952098846436},{"X":0.1536235809326172,"Y":0.7246454358100891},{"X":0.0018278742209076881,"Y":0.7246280312538147}]},"Id":"4a280371-0ffd-4142-a1eb-1eb340399407","Relationships":[{"Ids":["e4bb7aa5-0cf7-4b7b-9f52-faeb49316a53","c1ac4915-a878-486a-8363-a5a4781b5d49"],"Type":"CHILD"}],"RowIndex":29,"RowSpan":1},{"BlockType":"CELL","ColumnIndex":2,"ColumnSpan":1,"Confidence":43.017578125,"Geometry":{"BoundingBox":{"Height":0.02435634471476078,"Left":0.1536235809326172,"Top":0.7002952098846436,"Width":0.05312425643205643},"Polygon":[{"X":0.15362878143787384,"Y":0.7002952098846436},{"X":0.2067478448152542,"Y":0.7003009915351868},{"X":0.2067432403564453,"Y":0.7246515154838562},{"X":0.1536235809326172,"Y":0.7246454358100891}]},"Id":"39863b19-fa25-4d6f-aadd-13a1e73170b1","RowIndex":29,"RowSpan":1},{"BlockType":"CELL","ColumnIndex":3,"ColumnSpan":1,"Confidence":46.6552734375,"Geometry":{"BoundingBox":{"Height":0.024358464404940605,"Left":0.2067432403564453,"Top":0.7003009915351868,"Width":0.06874902546405792},"Polygon":[{"X":0.2067478448152542,"Y":0.7003009915351868},{"X":0.27549225091934204,"Y":0.7003084421157837},{"X":0.27548840641975403,"Y":0.7246594429016113},{"X":0.2067432403564453,"Y":0.7246515154838562}]},"Id":"7745c8c6-aaf7-43d7-a0dd-3df138a0623a","Relationships":[{"Ids":["ebc41c4a-a41f-45a4-ae0f-2e9968ee96ac"],"Type":"CHILD"}],"RowIndex":29,"RowSpan":1},{"BlockType":"CELL","ColumnIndex":4,"ColumnSpan":1,"Confidence":39.697265625,"Geometry":{"BoundingBox":{"Height":0.024357808753848076,"Left":0.27548840641975403,"Top":0.7003084421157837,"Width":0.05937593802809715},"Polygon":[{"X":0.27549225091934204,"Y":0.7003084421157837},{"X":0.3348643481731415,"Y":0.7003148794174194},{"X":0.3348611891269684,"Y":0.7246662378311157},{"X":0.27548840641975403,"Y":0.7246594429016113}]},"Id":"598938a6-04f2-4b4d-8e03-40d1e0a1444c","Relationships":[{"Ids":["708a8451-5aac-40d9-86cb-021f4b6423dc"],"Type":"CHILD"}],"RowIndex":29,"RowSpan":1},{"BlockType":"CELL","ColumnIndex":5,"ColumnSpan":1,"Confidence":46.0205078125,"Geometry":{"BoundingBox":{"Height":0.024360865354537964,"Left":0.3348611891269684,"Top":0.7003148794174194,"Width":0.08281459659337997},"Polygon":[{"X":0.3348643481731415,"Y":0.7003148794174194},{"X":0.41767576336860657,"Y":0.7003238797187805},{"X":0.4176734983921051,"Y":0.7246757745742798},{"X":0.3348611891269684,"Y":0.7246662378311157}]},"Id":"58650b07-58a4-4218-99a0-e104a01284fb","Relationships":[{"Ids":["2c520532-aa39-436b-8759-dd9ea124db3c"],"Type":"CHILD"}],"RowIndex":29,"RowSpan":1},{"BlockType":"CELL","ColumnIndex":6,"ColumnSpan":1,"Confidence":69.3359375,"Geometry":{"BoundingBox":{"Height":0.024358144029974937,"Left":0.4176734983921051,"Top":0.7003238797187805,"Width":0.05469093471765518},"Polygon":[{"X":0.41767576336860657,"Y":0.7003238797187805},{"X":0.4723644554615021,"Y":0.7003298401832581},{"X":0.47236278653144836,"Y":0.7246820330619812},{"X":0.4176734983921051,"Y":0.7246757745742798}]},"Id":"0cbd3b6a-7cfe-41bb-a6d1-74e93bdc2de9","Relationships":[{"Ids":["b77bf9f7-b737-4aab-897d-3e22ff31ac3b"],"Type":"CHILD"}],"RowIndex":29,"RowSpan":1},{"BlockType":"CELL","ColumnIndex":7,"ColumnSpan":1,"Confidence":85.9375,"Geometry":{"BoundingBox":{"Height":0.02435973472893238,"Left":0.47236278653144836,"Top":0.7003298401832581,"Width":0.06563004851341248},"Polygon":[{"X":0.4723644554615021,"Y":0.7003298401832581},{"X":0.5379928350448608,"Y":0.7003369927406311},{"X":0.5379919409751892,"Y":0.7246896028518677},{"X":0.47236278653144836,"Y":0.7246820330619812}]},"Id":"fdc0379b-029d-4009-9f84-dc4f4ae31323","Relationships":[{"Ids":["00a61a1c-2fa3-4f4d-b286-3a61758e9caf"],"Type":"CHILD"}],"RowIndex":29,"RowSpan":1},{"BlockType":"CELL","ColumnIndex":8,"ColumnSpan":1,"Confidence":69.482421875,"Geometry":{"BoundingBox":{"Height":0.024358702823519707,"Left":0.5379919409751892,"Top":0.7003369927406311,"Width":0.05313025787472725},"Polygon":[{"X":0.5379928350448608,"Y":0.7003369927406311},{"X":0.5911221504211426,"Y":0.7003427743911743},{"X":0.5911218523979187,"Y":0.7246956825256348},{"X":0.5379919409751892,"Y":0.7246896028518677}]},"Id":"fd546f15-97b1-43f0-91fb-5db1db19dea3","Relationships":[{"Ids":["b816d805-89a6-4589-8048-5d76ced0897f"],"Type":"CHILD"}],""
14:55:34.642 [Test worker] DEBUG org.apache.http.wire - http-outgoing-0 << "RowIndex":29,"RowSpan":1},{"BlockType":"CELL","ColumnIndex":9,"ColumnSpan":1,"Confidence":81.298828125,"Geometry":{"BoundingBox":{"Height":0.02436082251369953,"Left":0.5911218523979187,"Top":0.7003427743911743,"Width":0.06875848770141602},"Polygon":[{"X":0.5911221504211426,"Y":0.7003427743911743},{"X":0.6598799228668213,"Y":0.7003502249717712},{"X":0.6598803400993347,"Y":0.7247035503387451},{"X":0.5911218523979187,"Y":0.7246956825256348}]},"Id":"c39128e3-aeeb-4f06-92f4-ef1815388d6d","Relationships":[{"Ids":["816b4531-04b1-4add-b587-a8e64e835bee"],"Type":"CHILD"}],"RowIndex":29,"RowSpan":1},{"BlockType":"CELL","ColumnIndex":10,"ColumnSpan":1,"Confidence":91.015625,"Geometry":{"BoundingBox":{"Height":0.02438260242342949,"Left":0.6598799228668213,"Top":0.7003502249717712,"Width":0.2547401189804077},"Polygon":[{"X":0.6598799228668213,"Y":0.7003502249717712},{"X":0.9146167635917664,"Y":0.7003779411315918},{"X":0.914620041847229,"Y":0.7247328162193298},{"X":0.6598803400993347,"Y":0.7247035503387451}]},"Id":"0494d61d-3ebb-455a-bf2c-10f546a7ea0a","Relationships":[{"Ids":["67103dd0-66de-4d04-aa3c-9cc616b7f878"],"Type":"CHILD"}],"RowIndex":29,"RowSpan":1},{"BlockType":"CELL","ColumnIndex":11,"ColumnSpan":1,"Confidence":88.76953125,"Geometry":{"BoundingBox":{"Height":0.024364301934838295,"Left":0.9146167635917664,"Top":0.7003779411315918,"Width":0.08178478479385376},"Polygon":[{"X":0.9146167635917664,"Y":0.7003779411315918},{"X":0.9963973760604858,"Y":0.7003868222236633},{"X":0.9964015483856201,"Y":0.7247422337532043},{"X":0.914620041847229,"Y":0.7247328162193298}]},"Id":"5513697d-334d-49da-9b9e-5e32259fe80b","Relationships":[{"Ids":["272f914b-051b-4de7-b760-8d41acdc986a"],"Type":"CHILD"}],"RowIndex":29,"RowSpan":1},{"BlockType":"CELL","ColumnIndex":1,"ColumnSpan":1,"Confidence":35.3271484375,"Geometry":{"BoundingBox":{"Height":0.026241378858685493,"Left":0.001820455421693623,"Top":0.7246280312538147,"Width":0.1518031358718872},"Polygon":[{"X":0.0018278742209076881,"Y":0.7246280312538147},{"X":0.1536235809326172,"Y":0.7246454358100891},{"X":0.1536179929971695,"Y":0.7508693933486938},{"X":0.001820455421693623,"Y":0.7508509755134583}]},"Id":"a2b805eb-a999-48ef-a181-9d20469c7af2","Relationships":[{"Ids":["476e22c9-4957-4709-a58c-97d50c96b7ab","f09eaca0-39e6-40bb-8089-451ea5f0ceb0"],"Type":"CHILD"}],"RowIndex":30,"RowSpan":1},{"BlockType":"CELL","ColumnIndex":2,"ColumnSpan":1,"Confidence":42.8955078125,"Geometry":{"BoundingBox":{"Height":0.026230396702885628,"Left":0.1536179929971695,"Top":0.7246454358100891,"Width":0.05312524735927582},"Polygon":[{"X":0.1536235809326172,"Y":0.7246454358100891},{"X":0.2067432403564453,"Y":0.7246515154838562},{"X":0.20673827826976776,"Y":0.7508758306503296},{"X":0.1536179929971695,"Y":0.7508693933486938}]},"Id":"aec906b2-4068-4548-be68-94836a4c78ab","RowIndex":30,"RowSpan":1},{"BlockType":"CELL","ColumnIndex":3,"ColumnSpan":1,"Confidence":46.533203125,"Geometry":{"BoundingBox":{"Height":0.02623264491558075,"Left":0.20673827826976776,"Top":0.7246515154838562,"Width":0.06875015050172806},"Polygon":[{"X":0.2067432403564453,"Y":0.7246515154838562},{"X":0.27548840641975403,"Y":0.7246594429016113},{"X":0.2754842936992645,"Y":0.7508841753005981},{"X":0.20673827826976776,"Y":0.7508758306503296}]},"Id":"f8ae8211-14fa-4e4b-a75d-7ab6ee4c2509","RowIndex":30,"RowSpan":1},{"BlockType":"CELL","ColumnIndex":4,"ColumnSpan":1,"Confidence":39.599609375,"Geometry":{"BoundingBox":{"Height":0.026231961324810982,"Left":0.2754842936992645,"Top":0.7246594429016113,"Width":0.05937689542770386},"Polygon":[{"X":0.27548840641975403,"Y":0.7246594429016113},{"X":0.3348611891269684,"Y":0.7246662378311157},{"X":0.3348577618598938,"Y":0.750891387462616},{"X":0.2754842936992645,"Y":0.7508841753005981}]},"Id":"0bd678e4-7eb2-4195-a6f9-dae9131dc889","RowIndex":30,"RowSpan":1},{"BlockType":"CELL","ColumnIndex":5,"ColumnSpan":1,"Confidence":45.8984375,"Geometry":{"BoundingBox":{"Height":0.026235200464725494,"Left":0.3348577618598938,"Top":0.7246662378311157,"Width":0.0828157588839531},"Polygon":[{"X":0.3348611891269684,"Y":0.7246662378311157},{"X":0.4176734983921051,"Y":0.7246757745742798},{"X":0.4176710844039917,"Y":0.750901460647583},{"X":0.3348577618598938,"Y":0.750891387462616}]},"Id":"2376fc7b-b3f1-409b-b30c-31e683f5f90e","Relationships":[{"Ids":["e37de3f6-70d2-409a-a5be-c22a5b814368"],"Type":"CHILD"}],"RowIndex":30,"RowSpan":1},{"BlockType":"CELL","ColumnIndex":6,"ColumnSpan":1,"Confidence":69.140625,"Geometry":{"BoundingBox":{"Height":0.02623233199119568,"Left":0.4176710844039917,"Top":0.7246757745742798,"Width":0.05469171702861786},"Polygon":[{"X":0.4176734983921051,"Y":0.7246757745742798},{"X":0.47236278653144836,"Y":0.7246820330619812},{"X":0.4723610281944275,"Y":0.7509080767631531},{"X":0.4176710844039917,"Y":0.750901460647583}]},"Id":"f9b348a7-25b5-49c2-8e63-4fb5af7e6d07","Relationships":[{"Ids":["9d335e7b-5641-4e43-979e-4fe37bff42b7"],"Type":"CHILD"}],"RowIndex":30,"RowSpan":1},{"BlockType":"CELL","ColumnIndex":7,"ColumnSpan":1,"Confidence":85.693359375,"Geometry":{"BoundingBox":{"Height":0.02623402141034603,"Left":0.4723610281944275,"Top":0.7246820330619812,"Width":0.06563090533018112},"Polygon":[{"X":0.47236278653144836,"Y":0.7246820330619812},{"X":0.5379919409751892,"Y":0.7246896028518677},{"X":0.537990927696228,"Y":0.750916063785553},{"X":0.4723610281944275,"Y":0.7509080767631531}]},"Id":"4695816b-f134-4e1e-a4a1-f5d8bd95649d","Relationships":[{"Ids":["fd692d9a-ee48-4f42-bfe4-713df42321dd"],"Type":"CHILD"}],"RowIndex":30,"RowSpan":1},{"BlockType":"CELL","ColumnIndex":8,"ColumnSpan":1,"Confidence":69.287109375,"Geometry":{"BoundingBox":{"Height":0.02623293548822403,"Left":0.537990927696228,"Top":0.7246896028518677,"Width":0.053130920976400375},"Polygon":[{"X":0.5379919409751892,"Y":0.7246896028518677},{"X":0.5911218523979187,"Y":0.7246956825256348},{"X":0.59112149477005,"Y":0.7509225010871887},{"X":0.537990927696228,"Y":0.750916063785553}]},"Id":"bb09b6d6-f22d-4775-b7f3-1b1a74ed94b1","Relationships":[{"Ids":["7e939234-3d8b-49b7-9417-3b82b78c0b12"],"Type":"CHILD"}],"RowIndex":30,"RowSpan":1},{"BlockType":"CELL","ColumnIndex":9,"ColumnSpan":1,"Confidence":81.103515625,"Geometry":{"BoundingBox":{"Height":0.0262351855635643,"Left":0.59112149477005,"Top":0.7246956825256348,"Width":0.06875931471586227},"Polygon":[{"X":0.5911218523979187,"Y":0.7246956825256348},{"X":0.6598803400993347,"Y":0.7247035503387451},{"X":0.6598808169364929,"Y":0.7509308457374573},{"X":0.59112149477005,"Y":0.7509225010871887}]},"Id":"bd205161-7dde-40c4-9e2c-6397636807dd","Relationships":[{"Ids":["30604cee-9761-4c4a-b6d6-68d7741b2629"],"Type":"CHILD"}],"RowIndex":30,"RowSpan":1},{"BlockType":"CELL","ColumnIndex":10,"ColumnSpan":1,"Confidence":90.771484375,"Geometry":{"BoundingBox":{"Height":0.026258226484060287,"Left":0.6598803400993347,"Top":0.7247035503387451,"Width":0.25474321842193604},"Polygon":[{"X":0.6598803400993347,"Y":0.7247035503387451},{"X":0.914620041847229,"Y":0.7247328162193298},{"X":0.9146235585212708,"Y":0.7509617805480957},{"X":0.6598808169364929,"Y":0.7509308457374573}]},"Id":"88a40ad6-e4c6-4faa-9ecd-e996ae69a0ce","Relationships":[{"Ids":["0f93343e-e4a4-41ce-8887-8e9e5af5f325","6dcf6e4a-559b-47ab-b8e0-86d7f25f517a"],"Type":"CHILD"}],"RowIndex":30,"RowSpan":1},{"BlockType":"CELL","ColumnIndex":11,"ColumnSpan":1,"Confidence":88.525390625,"Geometry":{"BoundingBox":{"Height":0.026238903403282166,"Left":0.914620041847229,"Top":0.7247328162193298,"Width":0.08178601413965225},"Polygon":[{"X":0.914620041847229,"Y":0.7247328162193298},{"X":0.9964015483856201,"Y":0.7247422337532043},{"X":0.9964060187339783,"Y":0.7509717345237732},{"X":0.9146235585212708,"Y":0.7509617805480957}]},"Id":"f42e5b3d-bc98-4b07-af65-0c492acd174e","RowIndex":30,"RowSpan":1},{"BlockType":"CELL","ColumnIndex":1,"ColumnSpan":1,"Confidence":35.25390625,"Geometry":{"BoundingBox":{"Height":0.024369804188609123,"Left":0.0018135663121938705,"Top":0.7508509755134583,"Width":0.15180441737174988},"Polygon":[{"X":0.0"
14:55:34.643 [Test worker] DEBUG org.apache.http.wire - http-outgoing-0 << "01820455421693623,"Y":0.7508509755134583},{"X":0.1536179929971695,"Y":0.7508693933486938},{"X":0.15361279249191284,"Y":0.7752207517623901},{"X":0.0018135663121938705,"Y":0.7752013802528381}]},"Id":"c648f26a-bec2-4cea-8bfc-4e7b56ad9299","Relationships":[{"Ids":["7bc70f73-45f8-4450-bd3a-2195021b8b35","56682f2a-c02b-49ec-92af-eca8c1ab8a8f"],"Type":"CHILD"}],"RowIndex":31,"RowSpan":1},"
14:55:34.644 [Test worker] DEBUG org.apache.http.wire - http-outgoing-0 << "{"BlockType":"CELL","ColumnIndex":2,"ColumnSpan":1,"Confidence":42.7978515625,"Geometry":{"BoundingBox":{"Height":0.024358145892620087,"Left":0.15361279249191284,"Top":0.7508693933486938,"Width":0.05312548577785492},"Polygon":[{"X":0.1536179929971695,"Y":0.7508693933486938},{"X":0.20673827826976776,"Y":0.7508758306503296},{"X":0.20673365890979767,"Y":0.7752275466918945},{"X":0.15361279249191284,"Y":0.7752207517623901}]},"Id":"e7089700-6cb9-4b3c-a0c9-b8674fd63cd8","RowIndex":31,"RowSpan":1},{"BlockType":"CELL","ColumnIndex":3,"ColumnSpan":1,"Confidence":46.435546875,"Geometry":{"BoundingBox":{"Height":0.02436046674847603,"Left":0.20673365890979767,"Top":0.7508758306503296,"Width":0.06875061988830566},"Polygon":[{"X":0.20673827826976776,"Y":0.7508758306503296},{"X":0.2754842936992645,"Y":0.7508841753005981},{"X":0.2754804491996765,"Y":0.7752363085746765},{"X":0.20673365890979767,"Y":0.7752275466918945}]},"Id":"cd3e5660-7b02-45c2-97a9-f8a1e6654de8","Relationships":[{"Ids":["8e377a0f-23d4-4023-9765-4fa79def3c3e"]"
14:55:34.646 [Test worker] DEBUG org.apache.http.wire - http-outgoing-0 << ","Type":"CHILD"}],"RowIndex":31,"RowSpan":1},{"BlockType":"CELL","ColumnIndex":4,"ColumnSpan":1,"Confidence":39.501953125,"Geometry":{"BoundingBox":{"Height":0.02435969188809395,"Left":0.2754804491996765,"Top":0.7508841753005981,"Width":0.05937730893492699},"Polygon":[{"X":0.2754842936992645,"Y":0.7508841753005981},{"X":0.3348577618598938,"Y":0.750891387462616},{"X":0.3348545730113983,"Y":0.775243878364563},{"X":0.2754804491996765,"Y":0.7752363085746765}]},"Id":"c584da1d-5b28-4471-a236-82cb13b6e2a9","Relationships":[{"Ids":["2c3b4709-1882-46da-9886-c239fd7cdbe9"],"Type":"CHILD"}],"RowIndex":31,"RowSpan":1},{"BlockType":"CELL","ColumnIndex":5,"ColumnSpan":1,"Confidence":45.80078125,"Geometry":{"BoundingBox":{"Height":0.024363046512007713,"Left":0.3348545730113983,"Top":0.750891387462616,"Width":0.08281651139259338},"Polygon":[{"X":0.3348577618598938,"Y":0.750891387462616},{"X":0.4176710844039917,"Y":0.750901460647583},{"X":0.41766881942749023,"Y":0.7752544283866882},{"X":0.3348545730113983,"Y":0.775243878364563}]},"Id":"58a9453e-e041-40a9-a525-ad2da19c4a1b","Relationships":[{"Ids":["7c288b3b-54cc-4bac-8e8a-18157fec64ba"],"Type":"CHILD"}],"RowIndex":31,"RowSpan":1},{"BlockType":"CELL","ColumnIndex":6,"ColumnSpan":1,"Confidence":68.994140625,"Geometry":{"BoundingBox":{"Height":0.024359965696930885,"Left":0.41766881942749023,"Top":0.750901460647583,"Width":0.05469219759106636},"Polygon":[{"X":0.4176710844039917,"Y":0.750901460647583},{"X":0.4723610281944275,"Y":0.7509080767631531},{"X":0.4723593592643738,"Y":0.775261402130127},{"X":0.41766881942749023,"Y":0.7752544283866882}]},"Id":"77715958-7560-4162-9311-5b1c00028a8d","Relationships":[{"Ids":["37e7ad48-5220-409a-83ef-2f899522c61e"],"Type":"CHILD"}],"RowIndex":31,"RowSpan":1},{"BlockType":"CELL","ColumnIndex":7,"ColumnSpan":1,"Confidence":85.546875,"Geometry":{"BoundingBox":{"Height":0.02436169795691967,"Left":0.4723593592643738,"Top":0.7509080767631531,"Width":0.06563156843185425},"Polygon":[{"X":0.4723610281944275,"Y":0.7509080767631531},{"X":0.537990927696228,"Y":0.750916063785553},{"X":0.5379900336265564,"Y":0.7752698063850403},{"X":0.4723593592643738,"Y":0.775261402130127}]},"Id":"ca500be5-98c0-4dc1-804d-1aa4cb29987b","Relationships":[{"Ids":["f8dc0c6e-8fb3-48ee-960c-0db56e6013f7"],"Type":"CHILD"}],"RowIndex":31,"RowSpan":1},{"BlockType":"CELL","ColumnIndex":8,"ColumnSpan":1,"Confidence":69.140625,"Geometry":{"BoundingBox":{"Height":0.024360504001379013,"Left":0.5379900336265564,"Top":0.750916063785553,"Width":0.05313148722052574},"Polygon":[{"X":0.537990927696228,"Y":0.750916063785553},{"X":0.59112149477005,"Y":0.7509225010871887},{"X":0.5911211371421814,"Y":0.7752765417098999},{"X":0.5379900336265564,"Y":0.7752698063850403}]},"Id":"04cba5f1-0358-489c-bee9-cc30f6020b5a","Relationships":[{"Ids":["8c93f4c3-191a-444e-b0f4-dbda1b8b150a"],"Type":"CHILD"}],"RowIndex":31,"RowSpan":1},{"BlockType":"CELL","ColumnIndex":9,"ColumnSpan":1,"Confidence":80.908203125,"Geometry":{"BoundingBox":{"Height":0.024362824857234955,"Left":0.5911211371421814,"Top":0.7509225010871887,"Width":0.06876008212566376},"Polygon":[{"X":0.59112149477005,"Y":0.7509225010871887},{"X":0.6598808169364929,"Y":0.7509308457374573},{"X":0.6598812341690063,"Y":0.7752853631973267},{"X":0.5911211371421814,"Y":0.7752765417098999}]},"Id":"da4c23f2-629f-49a2-98b6-b59a6a7c974e","Relationships":[{"Ids":["ac5ca87e-6028-4b2a-a5f5-49cdfc641162"],"Type":"CHILD"}],"RowIndex":31,"RowSpan":1},{"BlockType":"CELL","ColumnIndex":10,"ColumnSpan":1,"Confidence":90.576171875,"Geometry":{"BoundingBox":{"Height":0.024386974051594734,"Left":0.6598808169364929,"Top":0.7509308457374573,"Width":0.2547460198402405},"Polygon":[{"X":0.6598808169364929,"Y":0.7509308457374573},{"X":0.9146235585212708,"Y":0.7509617805480957},{"X":0.9146268367767334,"Y":0.7753178477287292},{"X":0.6598812341690063,"Y":0.7752853631973267}]},"Id":"18f9f88c-589f-4161-ad72-8021eb442961","Relationships":[{"Ids":["796e5901-255d-4f6d-99b6-d6ea25b943ec"],"Type":"CHILD"}],"RowIndex":31,"RowSpan":1},{"BlockType":"CELL","ColumnIndex":11,"ColumnSpan":1,"Confidence":88.330078125,"Geometry":{"BoundingBox":{"Height":0.024366470053792,"Left":0.9146235585212708,"Top":0.7509617805480957,"Width":0.08178667724132538},"Polygon":[{"X":0.9146235585212708,"Y":0.7509617805480957},{"X":0.9964060187339783,"Y":0.7509717345237732},{"X":0.9964102506637573,"Y":0.7753282785415649},{"X":0.9146268367767334,"Y":0.7753178477287292}]},"Id":"233e7163-c35a-4d2e-8321-bcf96580e750","Relationships":[{"Ids":["50c8e319-cc6a-43f4-a3eb-ffc246d4413a"],"Type":"CHILD"}],"RowIndex":31,"RowSpan":1},{"BlockType":"CELL","ColumnIndex":1,"ColumnSpan":1,"Confidence":35.6201171875,"Geometry":{"BoundingBox":{"Height":0.024371277540922165,"Left":0.0018066769698634744,"Top":0.7752013802528381,"Width":0.15180611610412598},"Polygon":[{"X":0.0018135663121938705,"Y":0.7752013802528381},{"X":0.15361279249191284,"Y":0.7752207517623901},{"X":0.1536075919866562,"Y":0.7995726466178894},{"X":0.0018066769698634744,"Y":0.7995523810386658}]},"Id":"928f2009-9003-4998-b678-5be853599e64","Relationships":[{"Ids":["f80de55b-2f8a-4060-98a0-1bd9a4c5b1d8"],"Type":"CHILD"}],"RowIndex":32,"RowSpan":1},{"BlockType":"CELL","ColumnIndex":2,"ColumnSpan":1,"Confidence":43.26171875,"Geometry":{"BoundingBox":{"Height":0.02435901388525963,"Left":0.1536075919866562,"Top":0.7752207517623901,"Width":0.053126078099012375},"Polygon":[{"X":0.15361279249191284,"Y":0.7752207517623901},{"X":0.20673365890979767,"Y":0.7752275466918945},{"X":0.20672905445098877,"Y":0.7995797395706177},{"X":0.1536075919866562,"Y":0.7995726466178894}]},"Id":"b9d20966-c96c-4d3b-ab7f-adc2469815bf","RowIndex":32,"RowSpan":1},{"BlockType":"CELL","ColumnIndex":3,"ColumnSpan":1,"Confidence":46.923828125,"Geometry":{"BoundingBox":{"Height":0.02436142973601818,"Left":0.20672905445098877,"Top":0.7752275466918945,"Width":0.06875137984752655},"Polygon":[{"X":0.20673365890979767,"Y":0.7752275466918945},{"X":0.2754804491996765,"Y":0.7752363085746765},{"X":0.2754766047000885,"Y":0.7995889782905579},{"X":0.20672905445098877,"Y":0.7995797395706177}]},"Id":"421900f4-92a2-4673-8d1c-5ef0932e24d7","RowIndex":32,"RowSpan":1},{"BlockType":"CELL","ColumnIndex":4,"ColumnSpan":1,"Confidence":39.9169921875,"Geometry":{"BoundingBox":{"Height":0.024360597133636475,"Left":0.2754766047000885,"Top":0.7752363085746765,"Width":0.05937797203660011},"Polygon":[{"X":0.2754804491996765,"Y":0.7752363085746765},{"X":0.3348545730113983,"Y":0.775243878364563},{"X":0.33485138416290283,"Y":0.799596905708313},{"X":0.2754766047000885,"Y":0.7995889782905579}]},"Id":"a3214d53-7f4e-4f5c-add0-79f9ab7a67d7","RowIndex":32,"RowSpan":1},{"BlockType":"CELL","ColumnIndex":5,"ColumnSpan":1,"Confidence":46.2890625,"Geometry":{"BoundingBox":{"Height":0.02436409704387188,"Left":0.33485138416290283,"Top":0.775243878364563,"Width":0.0828174278140068},"Polygon":[{"X":0.3348545730113983,"Y":0.775243878364563},{"X":0.41766881942749023,"Y":0.7752544283866882},{"X":0.41766655445098877,"Y":0.7996079921722412},{"X":0.33485138416290283,"Y":0.799596905708313}]},"Id":"a24e5bc2-927c-4db4-980b-87fee1e9f561","Relationships":[{"Ids":["21231d36-ff42-4bcc-ab8b-ef52fe4fb2b0"],"Type":"CHILD"}],"RowIndex":32,"RowSpan":1},{"BlockType":"CELL","ColumnIndex":6,"ColumnSpan":1,"Confidence":69.7265625,"Geometry":{"BoundingBox":{"Height":0.024360843002796173,"Left":0.41766655445098877,"Top":0.7752544283866882,"Width":0.05469280853867531},"Polygon":[{"X":0.41766881942749023,"Y":0.7752544283866882},{"X":0.4723593592643738,"Y":0.775261402130127},{"X":0.47235772013664246,"Y":0.7996152639389038},{"X":0.41766655445098877,"Y":0.7996079921722412}]},"Id":"e94b7e22-1ad1-4dc9-b13e-49885a40d1d2","Relationships":[{"Ids":["ce059161-c73d-4d77-bd26-e98d54ea2371"],"Type":"CHILD"}],"RowIndex":32,"RowSpan":1},{"BlockType":"CELL","ColumnIndex":7,"ColumnSpan":1,"Confidence":86.42578125,"Geometry":{"BoundingBox":{"Height":0.02436264231801033,"Left":0.47235772013664246,"Top":0.775261402130127,"Width":0.06563229858875"
14:55:34.649 [Test worker] DEBUG org.apache.http.wire - http-outgoing-0 << "275},"Polygon":[{"X":0.4723593592643738,"Y":0.775261402130127},{"X":0.5379900336265564,"Y":0.7752698063850403},{"X":0.53798907995224,"Y":0.7996240854263306},{"X":0.47235772013664246,"Y":0.7996152639389038}]},"Id":"7ca78f67-ec2d-4701-b34d-d33670e08310","Relationships":[{"Ids":["8232076d-93e4-4b9b-8307-623cd51bae07"],"Type":"CHILD"}],"RowIndex":32,"RowSpan":1},{"BlockType":"CELL","ColumnIndex":8,"ColumnSpan":1,"Confidence":69.873046875,"Geometry":{"BoundingBox":{"Height":0.024361373856663704,"Left":0.53798907995224,"Top":0.7752698063850403,"Width":0.0531320795416832},"Polygon":[{"X":0.5379900336265564,"Y":0.7752698063850403},{"X":0.5911211371421814,"Y":0.7752765417098999},{"X":0.5911208391189575,"Y":0.7996311783790588},{"X":0.53798907995224,"Y":0.7996240854263306}]},"Id":"5c9250f3-5974-4ecd-bb44-e6bb9b127cfd","Relationships":[{"Ids":["1e43f2c1-e902-4b61-8cdc-5e3e0170beb9"],"Type":"CHILD"}],"RowIndex":32,"RowSpan":1},{"BlockType":"CELL","ColumnIndex":9,"ColumnSpan":1,"Confidence":81.787109375,"Geometry":{"BoundingBox":{"Height":0.024363787844777107,"Left":0.5911208391189575,"Top":0.7752765417098999,"Width":0.06876084208488464},"Polygon":[{"X":0.5911211371421814,"Y":0.7752765417098999},{"X":0.6598812341690063,"Y":0.7752853631973267},{"X":0.6598817110061646,"Y":0.7996403574943542},{"X":0.5911208391189575,"Y":0.7996311783790588}]},"Id":"e5965e2b-9d53-4371-adec-45fcac919708","Relationships":[{"Ids":["ac8e4934-1bcc-48c0-bda4-b6df305177b8"],"Type":"CHILD"}],"RowIndex":32,"RowSpan":1},{"BlockType":"CELL","ColumnIndex":10,"ColumnSpan":1,"Confidence":91.552734375,"Geometry":{"BoundingBox":{"Height":0.024389076977968216,"Left":0.6598812341690063,"Top":0.7752853631973267,"Width":0.2547488510608673},"Polygon":[{"X":0.6598812341690063,"Y":0.7752853631973267},{"X":0.9146268367767334,"Y":0.7753178477287292},{"X":0.914630115032196,"Y":0.799674391746521},{"X":0.6598817110061646,"Y":0.7996403574943542}]},"Id":"0b548e9f-f10d-4166-9398-7c8b072efd52","RowIndex":32,"RowSpan":1},{"BlockType":"CELL","ColumnIndex":11,"ColumnSpan":1,"Confidence":89.2578125,"Geometry":{"BoundingBox":{"Height":0.02436751313507557,"Left":0.9146268367767334,"Top":0.7753178477287292,"Width":0.0817875862121582},"Polygon":[{"X":0.9146268367767334,"Y":0.7753178477287292},{"X":0.9964102506637573,"Y":0.7753282785415649},{"X":0.9964144229888916,"Y":0.7996853590011597},{"X":0.914630115032196,"Y":0.799674391746521}]},"Id":"59b4d2a7-1fcc-4a75-98c4-f0eca2282c76","RowIndex":32,"RowSpan":1},{"BlockType":"CELL","ColumnIndex":1,"ColumnSpan":1,"Confidence":28.0517578125,"Geometry":{"BoundingBox":{"Height":0.024372750893235207,"Left":0.0017997875111177564,"Top":0.7995523810386658,"Width":0.15180779993534088},"Polygon":[{"X":0.0018066769698634744,"Y":0.7995523810386658},{"X":0.1536075919866562,"Y":0.7995726466178894},{"X":0.15360239148139954,"Y":0.8239251375198364},{"X":0.0017997875111177564,"Y":0.8239039182662964}]},"Id":"340bcc98-f1a6-4149-83e0-6a48090c1844","Relationships":[{"Ids":["23912222-8bbd-44f9-9347-712742f8c4a4"],"Type":"CHILD"}],"RowIndex":33,"RowSpan":1},{"BlockType":"CELL","ColumnIndex":2,"ColumnSpan":1,"Confidence":34.08203125,"Geometry":{"BoundingBox":{"Height":0.02435988187789917,"Left":0.15360239148139954,"Top":0.7995726466178894,"Width":0.05312666669487953},"Polygon":[{"X":0.1536075919866562,"Y":0.7995726466178894},{"X":0.20672905445098877,"Y":0.7995797395706177},{"X":0.20672444999217987,"Y":0.8239325284957886},{"X":0.15360239148139954,"Y":0.8239251375198364}]},"Id":"a3c9a37a-5457-41bd-8d95-691800c3ef35","RowIndex":33,"RowSpan":1},{"BlockType":"CELL","ColumnIndex":3,"ColumnSpan":1,"Confidence":36.962890625,"Geometry":{"BoundingBox":{"Height":0.024362392723560333,"Left":0.20672444999217987,"Top":0.7995797395706177,"Width":0.06875214725732803},"Polygon":[{"X":0.20672905445098877,"Y":0.7995797395706177},{"X":0.2754766047000885,"Y":0.7995889782905579},{"X":0.2754727602005005,"Y":0.8239421844482422},{"X":0.20672444999217987,"Y":0.8239325284957886}]},"Id":"38267f63-8b69-41b3-a07e-a7e1266a35c6","Relationships":[{"Ids":["2f9987b7-e4d9-4846-842f-b0df4f5e84a3"],"Type":"CHILD"}],"RowIndex":33,"RowSpan":1},{"BlockType":"CELL","ColumnIndex":4,"ColumnSpan":1,"Confidence":31.4453125,"Geometry":{"BoundingBox":{"Height":0.02436150424182415,"Left":0.2754727602005005,"Top":0.7995889782905579,"Width":0.05937863141298294},"Polygon":[{"X":0.2754766047000885,"Y":0.7995889782905579},{"X":0.33485138416290283,"Y":0.799596905708313},{"X":0.33484819531440735,"Y":0.823950469493866},{"X":0.2754727602005005,"Y":0.8239421844482422}]},"Id":"96078c17-8012-4cb3-9ab8-b47e3b19816f","RowIndex":33,"RowSpan":1},{"BlockType":"CELL","ColumnIndex":5,"ColumnSpan":1,"Confidence":36.4501953125,"Geometry":{"BoundingBox":{"Height":0.024365145713090897,"Left":0.33484819531440735,"Top":0.799596905708313,"Width":0.08281835168600082},"Polygon":[{"X":0.33485138416290283,"Y":0.799596905708313},{"X":0.41766655445098877,"Y":0.7996079921722412},{"X":0.4176642894744873,"Y":0.8239620327949524},{"X":0.33484819531440735,"Y":0.823950469493866}]},"Id":"9327b947-1336-45f4-ab49-8b03b070beed","Relationships":[{"Ids":["7a8702d9-3142-4d3d-abbb-1daf7bae6624"],"Type":"CHILD"}],"RowIndex":33,"RowSpan":1},{"BlockType":"CELL","ColumnIndex":6,"ColumnSpan":1,"Confidence":54.931640625,"Geometry":{"BoundingBox":{"Height":0.02436172217130661,"Left":0.4176642894744873,"Top":0.7996079921722412,"Width":0.05469341576099396},"Polygon":[{"X":0.41766655445098877,"Y":0.7996079921722412},{"X":0.47235772013664246,"Y":0.7996152639389038},{"X":0.47235605120658875,"Y":0.8239697217941284},{"X":0.4176642894744873,"Y":0.8239620327949524}]},"Id":"3ec0bcce-e78a-4857-a85b-c7653ead5f4c","Relationships":[{"Ids":["1fb8827c-ecd2-4875-a656-acc12968daab"],"Type":"CHILD"}],"RowIndex":33,"RowSpan":1},{"BlockType":"CELL","ColumnIndex":7,"ColumnSpan":1,"Confidence":68.06640625,"Geometry":{"BoundingBox":{"Height":0.02436358667910099,"Left":0.47235605120658875,"Top":0.7996152639389038,"Width":0.06563302874565125},"Polygon":[{"X":0.47235772013664246,"Y":0.7996152639389038},{"X":0.53798907995224,"Y":0.7996240854263306},{"X":0.5379881858825684,"Y":0.8239789009094238},{"X":0.47235605120658875,"Y":0.8239697217941284}]},"Id":"da3b4dd0-0527-4985-a876-8a9044de69da","Relationships":[{"Ids":["aec3d090-8d9e-4c4e-a89d-6a827920e22e"],"Type":"CHILD"}],"RowIndex":33,"RowSpan":1},{"BlockType":"CELL","ColumnIndex":8,"ColumnSpan":1,"Confidence":55.029296875,"Geometry":{"BoundingBox":{"Height":0.024362241849303246,"Left":0.5379881858825684,"Top":0.7996240854263306,"Width":0.05313267186284065},"Polygon":[{"X":0.53798907995224,"Y":0.7996240854263306},{"X":0.5911208391189575,"Y":0.7996311783790588},{"X":0.5911204814910889,"Y":0.823986291885376},{"X":0.5379881858825684,"Y":0.8239789009094238}]},"Id":"239c0139-c928-4e7a-acec-7eaa98831d92","Relationships":[{"Ids":["ebde521c-937a-45a8-8b19-76153c54741a"],"Type":"CHILD"}],"RowIndex":33,"RowSpan":1},{"BlockType":"CELL","ColumnIndex":9,"ColumnSpan":1,"Confidence":64.404296875,"Geometry":{"BoundingBox":{"Height":0.02436475269496441,"Left":0.5911204814910889,"Top":0.7996311783790588,"Width":0.06876160949468613},"Polygon":[{"X":0.5911208391189575,"Y":0.7996311783790588},{"X":0.6598817110061646,"Y":0.7996403574943542},{"X":0.659882128238678,"Y":0.8239958882331848},{"X":0.5911204814910889,"Y":0.823986291885376}]},"Id":"17ef3619-c5d2-4133-b839-1369df258cc8","Relationships":[{"Ids":["d971842d-0664-41a3-a174-e870809ee40e"],"Type":"CHILD"}],"RowIndex":33,"RowSpan":1},{"BlockType":"CELL","ColumnIndex":10,"ColumnSpan":1,"Confidence":72.119140625,"Geometry":{"BoundingBox":{"Height":0.024391181766986847,"Left":0.6598817110061646,"Top":0.7996403574943542,"Width":0.25475168228149414},"Polygon":[{"X":0.6598817110061646,"Y":0.7996403574943542},{"X":0.914630115032196,"Y":0.799674391746521},{"X":0.9146333932876587,"Y":0.8240315318107605},{"X":0.659882128238678,"Y":0.8239958882331848}]},"Id":"8be684c5-2af5-488b-9fe1-813248662153","RowIndex":33,"RowSpan":1},{"BlockType":"CELL","ColumnIndex":11,"ColumnS"
14:55:34.650 [Test worker] DEBUG org.apache.http.wire - http-outgoing-0 << "pan":1,"Confidence":70.3125,"Geometry":{"BoundingBox":{"Height":0.024368558079004288,"Left":0.914630115032196,"Top":0.799674391746521,"Width":0.08178849518299103},"Polygon":[{"X":0.914630115032196,"Y":0.799674391746521},{"X":0.9964144229888916,"Y":0.7996853590011597},{"X":0.9964185953140259,"Y":0.8240429759025574},{"X":0.9146333932876587,"Y":0.8240315318107605}]},"Id":"8308b6e5-89a"
14:55:34.651 [Test worker] DEBUG org.apache.http.wire - http-outgoing-0 << "a-4580-b58b-91a9940b78d1","RowIndex":33,"RowSpan":1},{"BlockType":"CELL","ColumnIndex":1,"ColumnSpan":1,"Confidence":27.44140625,"Geometry":{"BoundingBox":{"Height":0.026247553527355194,"Left":0.0017923680134117603,"Top":0.8239039182662964,"Width":0.15181002020835876},"Polygon":[{"X":0.0017997875111177564,"Y":0.8239039182662964},{"X":0.15360239148139954,"Y":0.8239251375198364},{"X":0.15359678864479065,"Y":0.8501514196395874},{"X":0.0017923680134117603,"Y":0.8501291871070862}]},"Id":"b95a9ca2-9c21-46bf-8d39-7f6efa168cb2","RowIndex":34,"RowSpan":1},{"BlockType":"CELL","ColumnIndex":2,"ColumnSpan":1,"Confidence":33.30078125,"Geometry":{"BoundingBox":{"Height":0.026234105229377747,"Left":0.15359678864479065,"Top":0.8239251375198364,"Width":0.05312766134738922},"Polygon":[{"X":0.15360239148139954,"Y":0.8239251375198364},{"X":0.20672444999217987,"Y":0.8239325284957886},{"X":0.20671948790550232,"Y":0.850159227848053},{"X":0.15359678864479065,"Y":0.8501514196395874}]},"Id":"fc2d64fc-7a9d-4a3d-8040-2de9219334ba","RowI"
14:55:34.654 [Test worker] DEBUG org.apache.http.wire - http-outgoing-0 << "ndex":34,"RowSpan":1},{"BlockType":"CELL","ColumnIndex":3,"ColumnSpan":1,"Confidence":36.1328125,"Geometry":{"BoundingBox":{"Height":0.026236744597554207,"Left":0.20671948790550232,"Top":0.8239325284957886,"Width":0.06875326484441757},"Polygon":[{"X":0.20672444999217987,"Y":0.8239325284957886},{"X":0.2754727602005005,"Y":0.8239421844482422},{"X":0.2754686176776886,"Y":0.85016930103302},{"X":0.20671948790550232,"Y":0.850159227848053}]},"Id":"b084a6c6-533c-4d8d-887e-32615c6b734e","RowIndex":34,"RowSpan":1},{"BlockType":"CELL","ColumnIndex":4,"ColumnSpan":1,"Confidence":30.7373046875,"Geometry":{"BoundingBox":{"Height":0.026235826313495636,"Left":0.2754686176776886,"Top":0.8239421844482422,"Width":0.059379588812589645},"Polygon":[{"X":0.2754727602005005,"Y":0.8239421844482422},{"X":0.33484819531440735,"Y":0.823950469493866},{"X":0.33484476804733276,"Y":0.8501780033111572},{"X":0.2754686176776886,"Y":0.85016930103302}]},"Id":"167a4079-5c07-4898-b062-0e935e181fef","Relationships":[{"Ids":["f8b4553c-a4d4-4fe8-a73c-946145dc1c6a"],"Type":"CHILD"}],"RowIndex":34,"RowSpan":1},{"BlockType":"CELL","ColumnIndex":5,"ColumnSpan":1,"Confidence":35.64453125,"Geometry":{"BoundingBox":{"Height":0.026239650323987007,"Left":0.33484476804733276,"Top":0.823950469493866,"Width":0.08281952142715454},"Polygon":[{"X":0.33484819531440735,"Y":0.823950469493866},{"X":0.4176642894744873,"Y":0.8239620327949524},{"X":0.4176618754863739,"Y":0.8501901030540466},{"X":0.33484476804733276,"Y":0.8501780033111572}]},"Id":"94ca4d6c-f409-47a7-a7fc-5e119b708deb","Relationships":[{"Ids":["db71d5c9-bc1d-4397-94e9-fe22784b71a2"],"Type":"CHILD"}],"RowIndex":34,"RowSpan":1},{"BlockType":"CELL","ColumnIndex":6,"ColumnSpan":1,"Confidence":53.7109375,"Geometry":{"BoundingBox":{"Height":0.02623607963323593,"Left":0.4176618754863739,"Top":0.8239620327949524,"Width":0.054694198071956635},"Polygon":[{"X":0.4176642894744873,"Y":0.8239620327949524},{"X":0.47235605120658875,"Y":0.8239697217941284},{"X":0.47235429286956787,"Y":0.8501981496810913},{"X":0.4176618754863739,"Y":0.8501901030540466}]},"Id":"410ed945-607f-4868-9c88-c7790d3673c5","Relationships":[{"Ids":["d183421a-a8a9-4d6f-a046-a395698d804f"],"Type":"CHILD"}],"RowIndex":34,"RowSpan":1},{"BlockType":"CELL","ColumnIndex":7,"ColumnSpan":1,"Confidence":66.552734375,"Geometry":{"BoundingBox":{"Height":0.02623804286122322,"Left":0.47235429286956787,"Top":0.8239697217941284,"Width":0.06563388556241989},"Polygon":[{"X":0.47235605120658875,"Y":0.8239697217941284},{"X":0.5379881858825684,"Y":0.8239789009094238},{"X":0.5379871726036072,"Y":0.8502077460289001},{"X":0.47235429286956787,"Y":0.8501981496810913}]},"Id":"709dba30-0977-472b-ba9e-5ccfc18523d5","Relationships":[{"Ids":["b61e2bec-b109-46fc-82b6-504d09f1473d"],"Type":"CHILD"}],"RowIndex":34,"RowSpan":1},{"BlockType":"CELL","ColumnIndex":8,"ColumnSpan":1,"Confidence":53.80859375,"Geometry":{"BoundingBox":{"Height":0.026236645877361298,"Left":0.5379871726036072,"Top":0.8239789009094238,"Width":0.05313333123922348},"Polygon":[{"X":0.5379881858825684,"Y":0.8239789009094238},{"X":0.5911204814910889,"Y":0.823986291885376},{"X":0.591120183467865,"Y":0.850215494632721},{"X":0.5379871726036072,"Y":0.8502077460289001}]},"Id":"3aa84ee6-ec96-417f-9f51-7895e1448ead","Relationships":[{"Ids":["55209792-d1ba-4220-9824-0199e6d4fada"],"Type":"CHILD"}],"RowIndex":34,"RowSpan":1},{"BlockType":"CELL","ColumnIndex":9,"ColumnSpan":1,"Confidence":62.939453125,"Geometry":{"BoundingBox":{"Height":0.026239285245537758,"Left":0.591120183467865,"Top":0.823986291885376,"Width":0.06876243650913239},"Polygon":[{"X":0.5911204814910889,"Y":0.823986291885376},{"X":0.659882128238678,"Y":0.8239958882331848},{"X":0.6598826050758362,"Y":0.850225567817688},{"X":0.591120183467865,"Y":0.850215494632721}]},"Id":"0da2dd74-cef1-4eb5-a10a-3349536b55fb","Relationships":[{"Ids":["e9391d62-bdac-4bce-b6f9-b51be69784e7"],"Type":"CHILD"}],"RowIndex":34,"RowSpan":1},{"BlockType":"CELL","ColumnIndex":10,"ColumnSpan":1,"Confidence":70.5078125,"Geometry":{"BoundingBox":{"Height":0.026266975328326225,"Left":0.659882128238678,"Top":0.8239958882331848,"Width":0.25475478172302246},"Polygon":[{"X":0.659882128238678,"Y":0.8239958882331848},{"X":0.9146333932876587,"Y":0.8240315318107605},{"X":0.9146369099617004,"Y":0.8502628803253174},{"X":0.6598826050758362,"Y":0.850225567817688}]},"Id":"f353c2e6-af90-4a45-90f7-7be9a262e1e5","RowIndex":34,"RowSpan":1},{"BlockType":"CELL","ColumnIndex":11,"ColumnSpan":1,"Confidence":68.75,"Geometry":{"BoundingBox":{"Height":0.02624332904815674,"Left":0.9146333932876587,"Top":0.8240315318107605,"Width":0.08178973197937012},"Polygon":[{"X":0.9146333932876587,"Y":0.8240315318107605},{"X":0.9964185953140259,"Y":0.8240429759025574},{"X":0.9964231252670288,"Y":0.8502748608589172},{"X":0.9146369099617004,"Y":0.8502628803253174}]},"Id":"3b0b9c3c-0476-4568-9325-0ccb23016a2f","RowIndex":34,"RowSpan":1},{"BlockType":"CELL","ColumnIndex":1,"ColumnSpan":1,"Confidence":31.54296875,"Geometry":{"BoundingBox":{"Height":0.024375811219215393,"Left":0.0017854782054200768,"Top":0.8501291871070862,"Width":0.15181131660938263},"Polygon":[{"X":0.0017923680134117603,"Y":0.8501291871070862},{"X":0.15359678864479065,"Y":0.8501514196395874},{"X":0.153591588139534,"Y":0.8745050430297852},{"X":0.0017854782054200768,"Y":0.8744818568229675}]},"Id":"e7ef339e-36e7-43ab-a737-a6f0322e4f38","Relationships":[{"Ids":["efb8679e-a00f-4e52-9f1d-a685e8c2a94e","8688314b-8466-4e3f-90a9-d3c1105b65d3"],"Type":"CHILD"}],"RowIndex":35,"RowSpan":1},{"BlockType":"CELL","ColumnIndex":2,"ColumnSpan":1,"Confidence":38.3056640625,"Geometry":{"BoundingBox":{"Height":0.024361684918403625,"Left":0.153591588139534,"Top":0.8501514196395874,"Width":0.053127896040678024},"Polygon":[{"X":0.15359678864479065,"Y":0.8501514196395874},{"X":0.20671948790550232,"Y":0.850159227848053},{"X":0.20671488344669342,"Y":0.8745131492614746},{"X":0.153591588139534,"Y":0.8745050430297852}]},"Id":"1ec0701c-ccd0-404e-9f09-458cd88387e7","RowIndex":35,"RowSpan":1},{"BlockType":"CELL","ColumnIndex":3,"ColumnSpan":1,"Confidence":41.5283203125,"Geometry":{"BoundingBox":{"Height":0.024364395067095757,"Left":0.20671488344669342,"Top":0.850159227848053,"Width":0.06875373423099518},"Polygon":[{"X":0.20671948790550232,"Y":0.850159227848053},{"X":0.2754686176776886,"Y":0.85016930103302},{"X":0.2754647731781006,"Y":0.8745236396789551},{"X":0.20671488344669342,"Y":0.8745131492614746}]},"Id":"f4195cdb-ed48-443c-8968-b71c4b32034c","Relationships":[{"Ids":["0773eef2-2c7f-4535-9bb0-5ca4011cee9f"],"Type":"CHILD"}],"RowIndex":35,"RowSpan":1},{"BlockType":"CELL","ColumnIndex":4,"ColumnSpan":1,"Confidence":35.3515625,"Geometry":{"BoundingBox":{"Height":0.024363387376070023,"Left":0.2754647731781006,"Top":0.85016930103302,"Width":0.05938000604510307},"Polygon":[{"X":0.2754686176776886,"Y":0.85016930103302},{"X":0.33484476804733276,"Y":0.8501780033111572},{"X":0.3348415791988373,"Y":0.8745326995849609},{"X":0.2754647731781006,"Y":0.8745236396789551}]},"Id":"54feb46e-4226-4228-b59d-0a7765dac1ab","RowIndex":35,"RowSpan":1},{"BlockType":"CELL","ColumnIndex":5,"ColumnSpan":1,"Confidence":40.966796875,"Geometry":{"BoundingBox":{"Height":0.024367326870560646,"Left":0.3348415791988373,"Top":0.8501780033111572,"Width":0.08282026648521423},"Polygon":[{"X":0.33484476804733276,"Y":0.8501780033111572},{"X":0.4176618754863739,"Y":0.8501901030540466},{"X":0.41765961050987244,"Y":0.8745453357696533},{"X":0.3348415791988373,"Y":0.8745326995849609}]},"Id":"7f839fd6-bb9e-4669-a41b-beb991a3ba0e","Relationships":[{"Ids":["22182965-116f-4fb0-9483-705c0a0ed1e0"],"Type":"CHILD"}],"RowIndex":35,"RowSpan":1},{"BlockType":"CELL","ColumnIndex":6,"ColumnSpan":1,"Confidence":61.71875,"Geometry":{"BoundingBox":{"Height":0.024363543838262558,"Left":0.41765961050987244,"Top":0.8501901030540466,"Width":0.054694682359695435},"Polygon":[{"X":0.4176618754863739,"Y":0.8501901030540466},{"X":0.47235429286956787,"Y":0.8501981496810913},{"X":0.47235262393951416,"Y":0.8745"
14:55:34.657 [Test worker] DEBUG org.apache.http.wire - http-outgoing-0 << "536804199219},{"X":0.41765961050987244,"Y":0.8745453357696533}]},"Id":"be8c522b-c8b5-4984-8fc7-d5dc4c49153c","Relationships":[{"Ids":["fe0e7c48-c637-4a2d-be19-c6dbced255a9"],"Type":"CHILD"}],"RowIndex":35,"RowSpan":1},{"BlockType":"CELL","ColumnIndex":7,"ColumnSpan":1,"Confidence":76.513671875,"Geometry":{"BoundingBox":{"Height":0.02436554804444313,"Left":0.47235262393951416,"Top":0.8501981496810913,"Width":0.06563454121351242},"Polygon":[{"X":0.47235429286956787,"Y":0.8501981496810913},{"X":0.5379871726036072,"Y":0.8502077460289001},{"X":0.5379862785339355,"Y":0.8745636940002441},{"X":0.47235262393951416,"Y":0.8745536804199219}]},"Id":"55d92dd8-3ba1-4af1-a548-dcdfd73e9445","Relationships":[{"Ids":["7c34e5c4-e9d5-41c9-b2e8-a80dc673b5aa"],"Type":"CHILD"}],"RowIndex":35,"RowSpan":1},{"BlockType":"CELL","ColumnIndex":8,"ColumnSpan":1,"Confidence":61.865234375,"Geometry":{"BoundingBox":{"Height":0.0243640448898077,"Left":0.5379862785339355,"Top":0.8502077460289001,"Width":0.053133897483348846},"Polygon":[{"X":0.5379871726036072,"Y":0.8502077460289001},{"X":0.591120183467865,"Y":0.850215494632721},{"X":0.5911198258399963,"Y":0.8745718002319336},{"X":0.5379862785339355,"Y":0.8745636940002441}]},"Id":"0aa6ce01-2301-4c12-9165-5a966a5e1f29","Relationships":[{"Ids":["9923e3d4-c7d0-488f-968e-aa1fa2257be9"],"Type":"CHILD"}],"RowIndex":35,"RowSpan":1},{"BlockType":"CELL","ColumnIndex":9,"ColumnSpan":1,"Confidence":72.36328125,"Geometry":{"BoundingBox":{"Height":0.024366755038499832,"Left":0.5911198258399963,"Top":0.850215494632721,"Width":0.06876320391893387},"Polygon":[{"X":0.591120183467865,"Y":0.850215494632721},{"X":0.6598826050758362,"Y":0.850225567817688},{"X":0.6598830223083496,"Y":0.8745822906494141},{"X":0.5911198258399963,"Y":0.8745718002319336}]},"Id":"7cbd5d15-f7a1-4b74-a1a6-e4320fe79401","Relationships":[{"Ids":["15765616-812d-47b4-8518-579b68270e7e"],"Type":"CHILD"}],"RowIndex":35,"RowSpan":1},{"BlockType":"CELL","ColumnIndex":10,"ColumnSpan":1,"Confidence":81.0546875,"Geometry":{"BoundingBox":{"Height":0.024395553395152092,"Left":0.6598826050758362,"Top":0.850225567817688,"Width":0.2547575831413269},"Polygon":[{"X":0.6598826050758362,"Y":0.850225567817688},{"X":0.9146369099617004,"Y":0.8502628803253174},{"X":0.9146401882171631,"Y":0.8746211528778076},{"X":0.6598830223083496,"Y":0.8745822906494141}]},"Id":"d8fbdacf-1fb8-4745-86e0-081d81592257","Relationships":[{"Ids":["8a133fd8-e81a-4613-b357-9e7eb96019dc"],"Type":"CHILD"}],"RowIndex":35,"RowSpan":1},{"BlockType":"CELL","ColumnIndex":11,"ColumnSpan":1,"Confidence":79.00390625,"Geometry":{"BoundingBox":{"Height":0.024370726197957993,"Left":0.9146369099617004,"Top":0.8502628803253174,"Width":0.08179038763046265},"Polygon":[{"X":0.9146369099617004,"Y":0.8502628803253174},{"X":0.9964231252670288,"Y":0.8502748608589172},{"X":0.9964272975921631,"Y":0.8746336102485657},{"X":0.9146401882171631,"Y":0.8746211528778076}]},"Id":"4f45f019-471c-4326-b754-cbf6aea94c83","Relationships":[{"Ids":["e6dcf50a-8562-4594-ba7a-21b3612d4dfb"],"Type":"CHILD"}],"RowIndex":35,"RowSpan":1},{"BlockType":"CELL","ColumnIndex":1,"ColumnSpan":1,"Confidence":30.224609375,"Geometry":{"BoundingBox":{"Height":0.024377282708883286,"Left":0.0017785882810130715,"Top":0.8744818568229675,"Width":0.15181300044059753},"Polygon":[{"X":0.0017854782054200768,"Y":0.8744818568229675},{"X":0.153591588139534,"Y":0.8745050430297852},{"X":0.15358638763427734,"Y":0.8988591432571411},{"X":0.0017785882810130715,"Y":0.8988350629806519}]},"Id":"b5d79e91-959c-4789-9d68-793e7c2284d5","RowIndex":36,"RowSpan":1},{"BlockType":"CELL","ColumnIndex":2,"ColumnSpan":1,"Confidence":36.71875,"Geometry":{"BoundingBox":{"Height":0.024362552911043167,"Left":0.15358638763427734,"Top":0.8745050430297852,"Width":0.05312848836183548},"Polygon":[{"X":0.153591588139534,"Y":0.8745050430297852},{"X":0.20671488344669342,"Y":0.8745131492614746},{"X":0.20671026408672333,"Y":0.8988676071166992},{"X":0.15358638763427734,"Y":0.8988591432571411}]},"Id":"711976a0-411b-4ecb-9ef3-ea1e3c5544dd","RowIndex":36,"RowSpan":1},{"BlockType":"CELL","ColumnIndex":3,"ColumnSpan":1,"Confidence":39.8193359375,"Geometry":{"BoundingBox":{"Height":0.024365359917283058,"Left":0.20671026408672333,"Top":0.8745131492614746,"Width":0.06875450164079666},"Polygon":[{"X":0.20671488344669342,"Y":0.8745131492614746},{"X":0.2754647731781006,"Y":0.8745236396789551},{"X":0.2754609286785126,"Y":0.8988785147666931},{"X":0.20671026408672333,"Y":0.8988676071166992}]},"Id":"20307907-3c6f-422e-ba96-1f5c15f2e0ff","RowIndex":36,"RowSpan":1},{"BlockType":"CELL","ColumnIndex":4,"ColumnSpan":1,"Confidence":33.88671875,"Geometry":{"BoundingBox":{"Height":0.02436429262161255,"Left":0.2754609286785126,"Top":0.8745236396789551,"Width":0.0593806654214859},"Polygon":[{"X":0.2754647731781006,"Y":0.8745236396789551},{"X":0.3348415791988373,"Y":0.8745326995849609},{"X":0.3348384201526642,"Y":0.8988879323005676},{"X":0.2754609286785126,"Y":0.8988785147666931}]},"Id":"32c60f22-78f1-4864-85c8-d8c797940a2a","Relationships":[{"Ids":["7ed81174-0bcb-4c12-a84d-b7a6d44d7f97"],"Type":"CHILD"}],"RowIndex":36,"RowSpan":1},{"BlockType":"CELL","ColumnIndex":5,"ColumnSpan":1,"Confidence":39.2822265625,"Geometry":{"BoundingBox":{"Height":0.024368377402424812,"Left":0.3348384201526642,"Top":0.8745326995849609,"Width":0.08282119035720825},"Polygon":[{"X":0.3348415791988373,"Y":0.8745326995849609},{"X":0.41765961050987244,"Y":0.8745453357696533},{"X":0.41765734553337097,"Y":0.8989010453224182},{"X":0.3348384201526642,"Y":0.8988879323005676}]},"Id":"5239b122-13a3-4c53-a3ff-a6fcebbd9de9","Relationships":[{"Ids":["242ee16b-e119-49d6-b7a6-dbbdc85200e5"],"Type":"CHILD"}],"RowIndex":36,"RowSpan":1},{"BlockType":"CELL","ColumnIndex":6,"ColumnSpan":1,"Confidence":59.1796875,"Geometry":{"BoundingBox":{"Height":0.024364421144127846,"Left":0.41765734553337097,"Top":0.8745453357696533,"Width":0.054695289582014084},"Polygon":[{"X":0.41765961050987244,"Y":0.8745453357696533},{"X":0.47235262393951416,"Y":0.8745536804199219},{"X":0.47235098481178284,"Y":0.8989097476005554},{"X":0.41765734553337097,"Y":0.8989010453224182}]},"Id":"987c35d4-f864-476f-988e-9be925330f0d","Relationships":[{"Ids":["33ba68a9-4d0b-416a-9279-d8088fc925fd"],"Type":"CHILD"}],"RowIndex":36,"RowSpan":1},{"BlockType":"CELL","ColumnIndex":7,"ColumnSpan":1,"Confidence":73.33984375,"Geometry":{"BoundingBox":{"Height":0.02436649426817894,"Left":0.47235098481178284,"Top":0.8745536804199219,"Width":0.06563527882099152},"Polygon":[{"X":0.47235262393951416,"Y":0.8745536804199219},{"X":0.5379862785339355,"Y":0.8745636940002441},{"X":0.5379853248596191,"Y":0.8989201784133911},{"X":0.47235098481178284,"Y":0.8989097476005554}]},"Id":"d420ed67-ebf4-4694-9ec3-b862e5e18d66","Relationships":[{"Ids":["07233d04-ad1d-4536-8040-d0eb818e593f"],"Type":"CHILD"}],"RowIndex":36,"RowSpan":1},{"BlockType":"CELL","ColumnIndex":8,"ColumnSpan":1,"Confidence":59.326171875,"Geometry":{"BoundingBox":{"Height":0.024364912882447243,"Left":0.5379853248596191,"Top":0.8745636940002441,"Width":0.0531344898045063},"Polygon":[{"X":0.5379862785339355,"Y":0.8745636940002441},{"X":0.5911198258399963,"Y":0.8745718002319336},{"X":0.5911194682121277,"Y":0.8989285826683044},{"X":0.5379853248596191,"Y":0.8989201784133911}]},"Id":"c0c1680a-1aa7-465b-8c81-bfa604697c0f","Relationships":[{"Ids":["aba628a5-584a-4238-9a61-45eda59ebe7c"],"Type":"CHILD"}],"RowIndex":36,"RowSpan":1},{"BlockType":"CELL","ColumnIndex":9,"ColumnSpan":1,"Confidence":69.384765625,"Geometry":{"BoundingBox":{"Height":0.024367718026041985,"Left":0.5911194682121277,"Top":0.8745718002319336,"Width":0.06876396387815475},"Polygon":[{"X":0.5911198258399963,"Y":0.8745718002319336},{"X":0.6598830223083496,"Y":0.8745822906494141},{"X":0.659883439540863,"Y":0.8989394903182983},{"X":0.5911194682121277,"Y":0.8989285826683044}]},"Id":"7b0854cb-61d8-4929-9422-759e0aa2d37b","Relationships":[{"Ids":["090fe801-ee0a-4b44-8dcc-062e568e71ae"],"Type":"CHILD"}],"RowIndex":36,"RowSpan":1},{"BlockType":"C"
14:55:34.660 [Test worker] DEBUG org.apache.http.wire - http-outgoing-0 << "ELL","ColumnIndex":10,"ColumnSpan":1,"Confidence":77.685546875,"Geometry":{"BoundingBox":{"Height":0.024397658184170723,"Left":0.6598830223083496,"Top":0.8745822906494141,"Width":0.25476041436195374},"Polygon":[{"X":0.6598830223083496,"Y":0.8745822906494141},{"X":0.9146401882171631,"Y":0.8746211528778076},{"X":0.9146434664726257,"Y":0.898979902267456},{"X":0.659883439540863,"Y":0.8"
14:55:34.660 [Test worker] DEBUG org.apache.http.wire - http-outgoing-0 << "989394903182983}]},"Id":"c3700cde-3f57-4df1-a36e-46403d7a0151","Relationships":[{"Ids":["6b77d4ba-47c8-4f8f-b6e2-8a41935ffaa7"],"Type":"CHILD"}],"RowIndex":36,"RowSpan":1},{"BlockType":"CELL","ColumnIndex":11,"ColumnSpan":1,"Confidence":75.78125,"Geometry":{"BoundingBox":{"Height":0.024371769279241562,"Left":0.9146401882171631,"Top":0.8746211528778076,"Width":0.08179130405187607},"Polygon":[{"X":0.9146401882171631,"Y":0.8746211528778076},{"X":0.9964272975921631,"Y":0.8746336102485657},{"X":0.9964314699172974,"Y":0.8989928960800171},{"X":0.9146434664726257,"Y":0.898979902267456}]},"Id":"33f807d8-5c04-4f81-ac29-3774e8b7ecbe","Relationships":[{"Ids":["6c84c21d-bd01-4b22-896b-5d756a27d7ac"],"Type":"CHILD"}],"RowIndex":36,"RowSpan":1},{"BlockType":"CELL","ColumnIndex":1,"ColumnSpan":1,"Confidence":35.1806640625,"Geometry":{"BoundingBox":{"Height":0.02625221572816372,"Left":0.0017711682012304664,"Top":0.8988350629806519,"Width":0.15181522071361542},"Polygon":[{"X":0.0017785882810130715,"Y":0.8988350629806519},{"X":"
14:55:34.698 [Test worker] DEBUG org.apache.http.wire - http-outgoing-0 << "0.15358638763427734,"Y":0.8988591432571411},{"X":0.15358078479766846,"Y":0.9250872731208801},{"X":0.0017711682012304664,"Y":0.9250621795654297}]},"Id":"a3297634-66cc-4bd6-9842-55a5b44ea13e","Relationships":[{"Ids":["d1a69c48-5588-4678-86d3-620efde1d94f"],"Type":"CHILD"}],"RowIndex":37,"RowSpan":1},{"BlockType":"CELL","ColumnIndex":2,"ColumnSpan":1,"Confidence":42.724609375,"Geometry":{"BoundingBox":{"Height":0.02623690478503704,"Left":0.15358078479766846,"Top":0.8988591432571411,"Width":0.05312947928905487},"Polygon":[{"X":0.15358638763427734,"Y":0.8988591432571411},{"X":0.20671026408672333,"Y":0.8988676071166992},{"X":0.20670530200004578,"Y":0.9250960350036621},{"X":0.15358078479766846,"Y":0.9250872731208801}]},"Id":"f5ddded1-d1d4-4312-80ad-6c1b78634d19","RowIndex":37,"RowSpan":1},{"BlockType":"CELL","ColumnIndex":3,"ColumnSpan":1,"Confidence":46.337890625,"Geometry":{"BoundingBox":{"Height":0.02623983845114708,"Left":0.20670530200004578,"Top":0.8988676071166992,"Width":0.0687556192278862},"Polygon":[{"X":0.20671026408672333,"Y":0.8988676071166992},{"X":0.2754609286785126,"Y":0.8988785147666931},{"X":0.2754567861557007,"Y":0.9251074194908142},{"X":0.20670530200004578,"Y":0.9250960350036621}]},"Id":"3333e441-38b5-4cf2-b1df-0ae0b6ceeb92","Relationships":[{"Ids":["ac895247-8f65-4942-a6c9-094f894b867b"],"Type":"CHILD"}],"RowIndex":37,"RowSpan":1},{"BlockType":"CELL","ColumnIndex":4,"ColumnSpan":1,"Confidence":39.4287109375,"Geometry":{"BoundingBox":{"Height":0.02623874321579933,"Left":0.2754567861557007,"Top":0.8988785147666931,"Width":0.059381622821092606},"Polygon":[{"X":0.2754609286785126,"Y":0.8988785147666931},{"X":0.3348384201526642,"Y":0.8988879323005676},{"X":0.3348349928855896,"Y":0.9251172542572021},{"X":0.2754567861557007,"Y":0.9251074194908142}]},"Id":"7ddda92d-c66b-4c35-9324-723ac6b2633c","Relationships":[{"Ids":["cff3ce0e-fb0e-4f30-bc11-1b7c08346f4f"],"Type":"CHILD"}],"RowIndex":37,"RowSpan":1},{"BlockType":"CELL","ColumnIndex":5,"ColumnSpan":1,"Confidence":45.703125,"Geometry":{"BoundingBox":{"Height":0.02624301053583622,"Left":0.3348349928855896,"Top":0.8988879323005676,"Width":0.08282236009836197},"Polygon":[{"X":0.3348384201526642,"Y":0.8988879323005676},{"X":0.41765734553337097,"Y":0.8989010453224182},{"X":0.4176549017429352,"Y":0.9251309037208557},{"X":0.3348349928855896,"Y":0.9251172542572021}]},"Id":"2029875a-8ae1-4860-b222-4d65dd181a6f","Relationships":[{"Ids":["9b397f05-c947-4abf-801d-64413f9fbc16"],"Type":"CHILD"}],"RowIndex":37,"RowSpan":1},{"BlockType":"CELL","ColumnIndex":6,"ColumnSpan":1,"Confidence":68.84765625,"Geometry":{"BoundingBox":{"Height":0.026238908991217613,"Left":0.4176549017429352,"Top":0.8989010453224182,"Width":0.05469607189297676},"Polygon":[{"X":0.41765734553337097,"Y":0.8989010453224182},{"X":0.47235098481178284,"Y":0.8989097476005554},{"X":0.4723491966724396,"Y":0.9251399636268616},{"X":0.4176549017429352,"Y":0.9251309037208557}]},"Id":"d64ba972-dcb8-4237-bbf4-d16dd440f531","Relationships":[{"Ids":["594cbab4-b8a2-4652-b8ba-8fe17f62540c"],"Type":"CHILD"}],"RowIndex":37,"RowSpan":1},{"BlockType":"CELL","ColumnIndex":7,"ColumnSpan":1,"Confidence":85.3515625,"Geometry":{"BoundingBox":{"Height":0.026241078972816467,"Left":0.4723491966724396,"Top":0.8989097476005554,"Width":0.06563613563776016},"Polygon":[{"X":0.47235098481178284,"Y":0.8989097476005554},{"X":0.5379853248596191,"Y":0.8989201784133911},{"X":0.5379843711853027,"Y":0.9251508116722107},{"X":0.4723491966724396,"Y":0.9251399636268616}]},"Id":"0cd34cc0-ec99-4adc-9e4a-a4ac6d6f2210","Relationships":[{"Ids":["8cd8dfa1-0fe7-44ac-a0ab-4fcaafb2b460"],"Type":"CHILD"}],"RowIndex":37,"RowSpan":1},{"BlockType":"CELL","ColumnIndex":8,"ColumnSpan":1,"Confidence":68.994140625,"Geometry":{"BoundingBox":{"Height":0.026239445433020592,"Left":0.5379843711853027,"Top":0.8989201784133911,"Width":0.05313515290617943},"Polygon":[{"X":0.5379853248596191,"Y":0.8989201784133911},{"X":0.5911194682121277,"Y":0.8989285826683044},{"X":0.5911191701889038,"Y":0.9251595735549927},{"X":0.5379843711853027,"Y":0.9251508116722107}]},"Id":"ae1e8101-511b-45d5-9bbd-5996e14f4ade","Relationships":[{"Ids":["07d58c2c-f34a-43c1-9c60-4b3f71960315"],"Type":"CHILD"}],"RowIndex":37,"RowSpan":1},{"BlockType":"CELL","ColumnIndex":9,"ColumnSpan":1,"Confidence":80.76171875,"Geometry":{"BoundingBox":{"Height":0.02624237909913063,"Left":0.5911191701889038,"Top":0.8989285826683044,"Width":0.06876479089260101},"Polygon":[{"X":0.5911194682121277,"Y":0.8989285826683044},{"X":0.659883439540863,"Y":0.8989394903182983},{"X":0.6598839163780212,"Y":0.9251709580421448},{"X":0.5911191701889038,"Y":0.9251595735549927}]},"Id":"4488b282-f310-4e4c-bcaa-7e486d59bd98","Relationships":[{"Ids":["80f48aa2-5585-4dc9-9f9c-2fc85de82470"],"Type":"CHILD"}],"RowIndex":37,"RowSpan":1},{"BlockType":"CELL","ColumnIndex":10,"ColumnSpan":1,"Confidence":90.380859375,"Geometry":{"BoundingBox":{"Height":0.026273580268025398,"Left":0.659883439540863,"Top":0.8989394903182983,"Width":0.25476351380348206},"Polygon":[{"X":0.659883439540863,"Y":0.8989394903182983},{"X":0.9146434664726257,"Y":0.898979902267456},{"X":0.9146469831466675,"Y":0.925213098526001},{"X":0.6598839163780212,"Y":0.9251709580421448}]},"Id":"1fd2339c-8206-4669-b220-89ea7c0fb8d8","RowIndex":37,"RowSpan":1},{"BlockType":"CELL","ColumnIndex":11,"ColumnSpan":1,"Confidence":88.134765625,"Geometry":{"BoundingBox":{"Height":0.02624666877090931,"Left":0.9146434664726257,"Top":0.898979902267456,"Width":0.08179253339767456},"Polygon":[{"X":0.9146434664726257,"Y":0.898979902267456},{"X":0.9964314699172974,"Y":0.8989928960800171},{"X":0.9964359998703003,"Y":0.925226628780365},{"X":0.9146469831466675,"Y":0.925213098526001}]},"Id":"6e350dc4-1d3e-434e-a6ff-057345a05925","RowIndex":37,"RowSpan":1},{"BlockType":"CELL","ColumnIndex":1,"ColumnSpan":1,"Confidence":35.986328125,"Geometry":{"BoundingBox":{"Height":0.024380343034863472,"Left":0.0017642780439928174,"Top":0.9250621795654297,"Width":0.15181651711463928},"Polygon":[{"X":0.0017711682012304664,"Y":0.9250621795654297},{"X":0.15358078479766846,"Y":0.9250872731208801},{"X":0.1535755842924118,"Y":0.9494425058364868},{"X":0.0017642780439928174,"Y":0.9494165182113647}]},"Id":"eb279328-0fb3-4ca2-8855-1a51c2fe8ca9","Relationships":[{"Ids":["6a5ad60a-0e7d-4f7e-9801-bb1fe07f3d60"],"Type":"CHILD"}],"RowIndex":38,"RowSpan":1},{"BlockType":"CELL","ColumnIndex":2,"ColumnSpan":1,"Confidence":43.6767578125,"Geometry":{"BoundingBox":{"Height":0.024364355951547623,"Left":0.1535755842924118,"Top":0.9250872731208801,"Width":0.05312971770763397},"Polygon":[{"X":0.15358078479766846,"Y":0.9250872731208801},{"X":0.20670530200004578,"Y":0.9250960350036621},{"X":0.20670069754123688,"Y":0.9494516253471375},{"X":0.1535755842924118,"Y":0.9494425058364868}]},"Id":"27fe78b9-19d3-45db-8367-7bb2d35d1db0","RowIndex":38,"RowSpan":1},{"BlockType":"CELL","ColumnIndex":3,"ColumnSpan":1,"Confidence":47.3876953125,"Geometry":{"BoundingBox":{"Height":0.024367360398173332,"Left":0.20670069754123688,"Top":0.9250960350036621,"Width":0.0687560886144638},"Polygon":[{"X":0.20670530200004578,"Y":0.9250960350036621},{"X":0.2754567861557007,"Y":0.9251074194908142},{"X":0.27545294165611267,"Y":0.949463427066803},{"X":0.20670069754123688,"Y":0.9494516253471375}]},"Id":"88d0cda9-22f4-4552-b8d2-42bc896dfe57","RowIndex":38,"RowSpan":1},{"BlockType":"CELL","ColumnIndex":4,"ColumnSpan":1,"Confidence":40.3076171875,"Geometry":{"BoundingBox":{"Height":0.02436617575585842,"Left":0.27545294165611267,"Top":0.9251074194908142,"Width":0.05938204005360603},"Polygon":[{"X":0.2754567861557007,"Y":0.9251074194908142},{"X":0.3348349928855896,"Y":0.9251172542572021},{"X":0.3348318040370941,"Y":0.9494736194610596},{"X":0.27545294165611267,"Y":0.949463427066803}]},"Id":"8b2e0b36-2738-4747-b0ea-5eef59c38642","RowIndex":38,"RowSpan":1},{"BlockType":"CELL","ColumnIndex":5,"ColumnSpan":1,"Confidence":46.728515625,"Geometry":{"BoundingBox":{"Height":0.024370558559894562,"Left":0.3348318040370941,"Top":0.925117"
14:55:34.717 [Test worker] DEBUG org.apache.http.wire - http-outgoing-0 << "2542572021,"Width":0.08282310515642166},"Polygon":[{"X":0.3348349928855896,"Y":0.9251172542572021},{"X":0.4176549017429352,"Y":0.9251309037208557},{"X":0.4176526367664337,"Y":0.9494878053665161},{"X":0.3348318040370941,"Y":0.9494736194610596}]},"Id":"b3162133-7b0f-4067-a82d-287854983651","Relationships":[{"Ids":["f18930f1-ce1c-4dd8-97d4-403f434fa5f0"],"Type":"CHILD"}],"RowIndex":38,"RowSpan":1},{"BlockType":"CELL","ColumnIndex":6,"ColumnSpan":1,"Confidence":70.41015625,"Geometry":{"BoundingBox":{"Height":0.024366244673728943,"Left":0.4176526367664337,"Top":0.9251309037208557,"Width":0.05469655618071556},"Polygon":[{"X":0.4176549017429352,"Y":0.9251309037208557},{"X":0.4723491966724396,"Y":0.9251399636268616},{"X":0.47234755754470825,"Y":0.9494971632957458},{"X":0.4176526367664337,"Y":0.9494878053665161}]},"Id":"e8277fe2-18b1-47fa-9c93-0f3adb6faf4c","Relationships":[{"Ids":["4ab28533-b884-442b-be85-1cf60dd41d65"],"Type":"CHILD"}],"RowIndex":38,"RowSpan":1},{"BlockType":"CELL","ColumnIndex":7,"ColumnSpan":1,"Confidence":87.3046875,"Geometry":{"BoundingBox":{"Height":0.02436845563352108,"Left":0.47234755754470825,"Top":0.9251399636268616,"Width":0.06563679128885269},"Polygon":[{"X":0.4723491966724396,"Y":0.9251399636268616},{"X":0.5379843711853027,"Y":0.9251508116722107},{"X":0.5379834175109863,"Y":0.9495084285736084},{"X":0.47234755754470825,"Y":0.9494971632957458}]},"Id":"7b397303-6898-4c4b-8662-c6cd05b9d8a8","Relationships":[{"Ids":["71caac5d-9c98-4d5e-8c5f-83ba052b70d9"],"Type":"CHILD"}],"RowIndex":38,"RowSpan":1},{"BlockType":"CELL","ColumnIndex":8,"ColumnSpan":1,"Confidence":70.556640625,"Geometry":{"BoundingBox":{"Height":0.0243667159229517,"Left":0.5379834175109863,"Top":0.9251508116722107,"Width":0.053135719150304794},"Polygon":[{"X":0.5379843711853027,"Y":0.9251508116722107},{"X":0.5911191701889038,"Y":0.9251595735549927},{"X":0.5911188125610352,"Y":0.949517548084259},{"X":0.5379834175109863,"Y":0.9495084285736084}]},"Id":"08b66067-b36c-42cc-8dba-52daeca2c149","Relationships":[{"Ids":["ac8c3818-6d35-47bf-9bfb-55eb36906c17"],"Type":"CHILD"}],"RowIndex":38,"RowSpan":1},{"BlockType":"CELL","ColumnIndex":9,"ColumnSpan":1,"Confidence":82.568359375,"Geometry":{"BoundingBox":{"Height":0.024369720369577408,"Left":0.5911188125610352,"Top":0.9251595735549927,"Width":0.0687655583024025},"Polygon":[{"X":0.5911191701889038,"Y":0.9251595735549927},{"X":0.6598839163780212,"Y":0.9251709580421448},{"X":0.6598843932151794,"Y":0.9495293498039246},{"X":0.5911188125610352,"Y":0.949517548084259}]},"Id":"41f64410-e8b5-4728-9701-6e00b315487a","Relationships":[{"Ids":["365f5415-0a27-496e-9bb3-ff2fb761a716"],"Type":"CHILD"}],"RowIndex":38,"RowSpan":1},{"BlockType":"CELL","ColumnIndex":10,"ColumnSpan":1,"Confidence":92.431640625,"Geometry":{"BoundingBox":{"Height":0.024402029812335968,"Left":0.6598839163780212,"Top":0.9251709580421448,"Width":0.2547663152217865},"Polygon":[{"X":0.6598839163780212,"Y":0.9251709580421448},{"X":0.9146469831466675,"Y":0.925213098526001},{"X":0.9146502614021301,"Y":0.9495729804039001},{"X":0.6598843932151794,"Y":0.9495293498039246}]},"Id":"acc3e0cc-f6b6-4682-acec-907a6b75512c","RowIndex":38,"RowSpan":1},{"BlockType":"CELL","ColumnIndex":11,"ColumnSpan":1,"Confidence":90.13671875,"Geometry":{"BoundingBox":{"Height":0.024373937398195267,"Left":0.9146469831466675,"Top":0.925213098526001,"Width":0.08179318904876709},"Polygon":[{"X":0.9146469831466675,"Y":0.925213098526001},{"X":0.9964359998703003,"Y":0.925226628780365},{"X":0.9964401721954346,"Y":0.9495870471000671},{"X":0.9146502614021301,"Y":0.9495729804039001}]},"Id":"207f4021-4243-4516-ba03-0315eae96d83","RowIndex":38,"RowSpan":1},{"BlockType":"CELL","ColumnIndex":1,"ColumnSpan":1,"Confidence":35.2294921875,"Geometry":{"BoundingBox":{"Height":0.024381816387176514,"Left":0.0017573876539245248,"Top":0.9494165182113647,"Width":0.1518182009458542},"Polygon":[{"X":0.0017642780439928174,"Y":0.9494165182113647},{"X":0.1535755842924118,"Y":0.9494425058364868},{"X":0.15357038378715515,"Y":0.9737983345985413},{"X":0.0017573876539245248,"Y":0.973771333694458}]},"Id":"854869a6-6c28-4b41-a679-116e1b43f28e","Relationships":[{"Ids":["887173c2-3af2-4511-9820-daa495bf988d"],"Type":"CHILD"}],"RowIndex":39,"RowSpan":1},{"BlockType":"CELL","ColumnIndex":2,"ColumnSpan":1,"Confidence":42.7978515625,"Geometry":{"BoundingBox":{"Height":0.024365223944187164,"Left":0.15357038378715515,"Top":0.9494425058364868,"Width":0.05313030630350113},"Polygon":[{"X":0.1535755842924118,"Y":0.9494425058364868},{"X":0.20670069754123688,"Y":0.9494516253471375},{"X":0.20669609308242798,"Y":0.9738077521324158},{"X":0.15357038378715515,"Y":0.9737983345985413}]},"Id":"1af8449d-f16f-44f5-bcf6-980ac0242054","RowIndex":39,"RowSpan":1},{"BlockType":"CELL","ColumnIndex":3,"ColumnSpan":1,"Confidence":46.4111328125,"Geometry":{"BoundingBox":{"Height":0.024368325248360634,"Left":0.20669609308242798,"Top":0.9494516253471375,"Width":0.06875685602426529},"Polygon":[{"X":0.20670069754123688,"Y":0.9494516253471375},{"X":0.27545294165611267,"Y":0.949463427066803},{"X":0.27544909715652466,"Y":0.9738199710845947},{"X":0.20669609308242798,"Y":0.9738077521324158}]},"Id":"f12a3db8-9da0-46f6-ae32-2a1b0729b4fb","RowIndex":39,"RowSpan":1},{"BlockType":"CELL","ColumnIndex":4,"ColumnSpan":1,"Confidence":39.4775390625,"Geometry":{"BoundingBox":{"Height":0.024367082864046097,"Left":0.27544909715652466,"Top":0.949463427066803,"Width":0.05938269942998886},"Polygon":[{"X":0.27545294165611267,"Y":0.949463427066803},{"X":0.3348318040370941,"Y":0.9494736194610596},{"X":0.33482861518859863,"Y":0.97383052110672},{"X":0.27544909715652466,"Y":0.9738199710845947}]},"Id":"e87fdde9-9ebe-49b5-8dd0-08f6a20af9c7","RowIndex":39,"RowSpan":1},{"BlockType":"CELL","ColumnIndex":5,"ColumnSpan":1,"Confidence":45.7763671875,"Geometry":{"BoundingBox":{"Height":0.024371609091758728,"Left":0.33482861518859863,"Top":0.9494736194610596,"Width":0.08282402902841568},"Polygon":[{"X":0.3348318040370941,"Y":0.9494736194610596},{"X":0.4176526367664337,"Y":0.9494878053665161},{"X":0.41765037178993225,"Y":0.9738451838493347},{"X":0.33482861518859863,"Y":0.97383052110672}]},"Id":"eb60bb10-f3a9-44ef-8f18-0be2c5ede190","Relationships":[{"Ids":["f987e460-10f0-4e10-955b-31689fe84ee9"],"Type":"CHILD"}],"RowIndex":39,"RowSpan":1},{"BlockType":"CELL","ColumnIndex":6,"ColumnSpan":1,"Confidence":68.994140625,"Geometry":{"BoundingBox":{"Height":0.02436712384223938,"Left":0.41765037178993225,"Top":0.9494878053665161,"Width":0.05469716340303421},"Polygon":[{"X":0.4176526367664337,"Y":0.9494878053665161},{"X":0.47234755754470825,"Y":0.9494971632957458},{"X":0.47234588861465454,"Y":0.9738548994064331},{"X":0.41765037178993225,"Y":0.9738451838493347}]},"Id":"acea44a0-6bd1-46ad-bf82-b25ac74a442a","Relationships":[{"Ids":["814fc971-4f55-4031-99f4-2d1fe6fbefa8"],"Type":"CHILD"}],"RowIndex":39,"RowSpan":1},{"BlockType":"CELL","ColumnIndex":7,"ColumnSpan":1,"Confidence":85.498046875,"Geometry":{"BoundingBox":{"Height":0.02436940185725689,"Left":0.47234588861465454,"Top":0.9494971632957458,"Width":0.06563752144575119},"Polygon":[{"X":0.47234755754470825,"Y":0.9494971632957458},{"X":0.5379834175109863,"Y":0.9495084285736084},{"X":0.5379825234413147,"Y":0.9738665819168091},{"X":0.47234588861465454,"Y":0.9738548994064331}]},"Id":"16f2dcee-05f0-4608-a9b4-f4cf89b0b68e","Relationships":[{"Ids":["3de6000e-07b0-4e00-8a2c-93e622b4cd4f"],"Type":"CHILD"}],"RowIndex":39,"RowSpan":1},{"BlockType":"CELL","ColumnIndex":8,"ColumnSpan":1,"Confidence":69.091796875,"Geometry":{"BoundingBox":{"Height":0.02436758391559124,"Left":0.5379825234413147,"Top":0.9495084285736084,"Width":0.05313631147146225},"Polygon":[{"X":0.5379834175109863,"Y":0.9495084285736084},{"X":0.5911188125610352,"Y":0.949517548084259},{"X":0.5911184549331665,"Y":0.9738759994506836},{"X":0.5379825234413147,"Y":0.9738665819168091}]},"Id":"6d70b024-ca18-461d-8869-d4dbfeaaee1e","Relationships":[{"Ids":["73144d3e-de14-40dc-9f08-75f4f282519d"],"Type":"CHILD"}],"RowIndex":39,""
14:55:34.719 [Test worker] DEBUG org.apache.http.wire - http-outgoing-0 << "RowSpan":1},{"BlockType":"CELL","ColumnIndex":9,"ColumnSpan":1,"Confidence":80.859375,"Geometry":{"BoundingBox":{"Height":0.02437068521976471,"Left":0.5911184549331665,"Top":0.949517548084259,"Width":0.06876631826162338},"Polygon":[{"X":0.5911188125610352,"Y":0.949517548084259},{"X":0.6598843932151794,"Y":0.9495293498039246},{"X":0.6598848104476929,"Y":0.9738882184028625},{"X":0.59"
14:55:34.722 [Test worker] DEBUG org.apache.http.wire - http-outgoing-0 << "11184549331665,"Y":0.9738759994506836}]},"Id":"4a9b7446-ed2a-48ec-a567-b8e8f0efc054","Relationships":[{"Ids":["5766851a-8ac7-4f7e-8dbb-695b69ad7ad4"],"Type":"CHILD"}],"RowIndex":39,"RowSpan":1},{"BlockType":"CELL","ColumnIndex":10,"ColumnSpan":1,"Confidence":90.52734375,"Geometry":{"BoundingBox":{"Height":0.0244041346013546,"Left":0.6598843932151794,"Top":0.9495293498039246,"Width":0.25476914644241333},"Polygon":[{"X":0.6598843932151794,"Y":0.9495293498039246},{"X":0.9146502614021301,"Y":0.9495729804039001},{"X":0.9146535396575928,"Y":0.9739334583282471},{"X":0.6598848104476929,"Y":0.9738882184028625}]},"Id":"17d95dc5-d201-4abc-a019-960d151d3f9f","RowIndex":39,"RowSpan":1},{"BlockType":"CELL","ColumnIndex":11,"ColumnSpan":1,"Confidence":88.28125,"Geometry":{"BoundingBox":{"Height":0.024374982342123985,"Left":0.9146502614021301,"Top":0.9495729804039001,"Width":0.08179410547018051},"Polygon":[{"X":0.9146502614021301,"Y":0.9495729804039001},{"X":0.9964401721954346,"Y":0.9495870471000671},{"X":0.9964443445205688,"
14:55:34.724 [Test worker] DEBUG org.apache.http.wire - http-outgoing-0 << ""Y":0.9739480018615723},{"X":0.9146535396575928,"Y":0.9739334583282471}]},"Id":"3a4bd8d4-b338-4527-8a63-6e034fff1b65","RowIndex":39,"RowSpan":1},{"BlockType":"CELL","ColumnIndex":1,"ColumnSpan":1,"Confidence":34.2041015625,"Geometry":{"BoundingBox":{"Height":0.024371512234210968,"Left":0.0017505004070699215,"Top":0.973771333694458,"Width":0.1518198847770691},"Polygon":[{"X":0.0017573876539245248,"Y":0.973771333694458},{"X":0.15357038378715515,"Y":0.9737983345985413},{"X":0.1535651832818985,"Y":0.9981428384780884},{"X":0.0017505004070699215,"Y":0.9981150031089783}]},"Id":"1cef62e0-3597-4951-99f5-19aa39b2262a","Relationships":[{"Ids":["3361970b-81e5-48d4-bc80-7abd8d33e5e5"],"Type":"CHILD"}],"RowIndex":40,"RowSpan":1},{"BlockType":"CELL","ColumnIndex":2,"ColumnSpan":1,"Confidence":41.5283203125,"Geometry":{"BoundingBox":{"Height":0.02435431443154812,"Left":0.1535651832818985,"Top":0.9737983345985413,"Width":0.053130898624658585},"Polygon":[{"X":0.15357038378715515,"Y":0.9737983345985413},{"X":0.20669609308242798,"Y":0.9738077521324158},{"X":0.20669147372245789,"Y":0.9981526136398315},{"X":0.1535651832818985,"Y":0.9981428384780884}]},"Id":"5a489bbd-40de-4fd4-a013-b667c06b354b","RowIndex":40,"RowSpan":1},{"BlockType":"CELL","ColumnIndex":3,"ColumnSpan":1,"Confidence":45.0439453125,"Geometry":{"BoundingBox":{"Height":0.0243575107306242,"Left":0.20669147372245789,"Top":0.9738077521324158,"Width":0.06875762343406677},"Polygon":[{"X":0.20669609308242798,"Y":0.9738077521324158},{"X":0.27544909715652466,"Y":0.9738199710845947},{"X":0.27544525265693665,"Y":0.9981652498245239},{"X":0.20669147372245789,"Y":0.9981526136398315}]},"Id":"4418706d-ca5a-4d54-b7e4-486ad8be23ec","Relationships":[{"Ids":["a45b2e42-256b-4338-a7e0-ade1af722dbc"],"Type":"CHILD"}],"RowIndex":40,"RowSpan":1},{"BlockType":"CELL","ColumnIndex":4,"ColumnSpan":1,"Confidence":38.330078125,"Geometry":{"BoundingBox":{"Height":0.024356210604310036,"Left":0.27544525265693665,"Top":0.9738199710845947,"Width":0.05938335880637169},"Polygon":[{"X":0.27544909715652466,"Y":0.9738199710845947},{"X":0.33482861518859863,"Y":0.97383052110672},{"X":0.33482542634010315,"Y":0.9981761574745178},{"X":0.27544525265693665,"Y":0.9981652498245239}]},"Id":"bc94e12e-50b1-4abb-a5a8-906e6ca152af","Relationships":[{"Ids":["2d4a4402-541d-4eb0-adc3-fe7fbf01132c"],"Type":"CHILD"}],"RowIndex":40,"RowSpan":1},{"BlockType":"CELL","ColumnIndex":5,"ColumnSpan":1,"Confidence":44.4091796875,"Geometry":{"BoundingBox":{"Height":0.024360880255699158,"Left":0.33482542634010315,"Top":0.97383052110672,"Width":0.0828249454498291},"Polygon":[{"X":0.33482861518859863,"Y":0.97383052110672},{"X":0.41765037178993225,"Y":0.9738451838493347},{"X":0.4176481366157532,"Y":0.9981913566589355},{"X":0.33482542634010315,"Y":0.9981761574745178}]},"Id":"fa387bb8-a972-4a7e-82a8-9ef96f1443d7","Relationships":[{"Ids":["948d499f-7513-4dd0-84e2-5e7ec14e74fe"],"Type":"CHILD"}],"RowIndex":40,"RowSpan":1},{"BlockType":"CELL","ColumnIndex":6,"ColumnSpan":1,"Confidence":66.943359375,"Geometry":{"BoundingBox":{"Height":0.02435622178018093,"Left":0.4176481366157532,"Top":0.9738451838493347,"Width":0.05469777062535286},"Polygon":[{"X":0.41765037178993225,"Y":0.9738451838493347},{"X":0.47234588861465454,"Y":0.9738548994064331},{"X":0.4723442494869232,"Y":0.9982014298439026},{"X":0.4176481366157532,"Y":0.9981913566589355}]},"Id":"e6cb1d9e-627f-46d6-8b71-21ba23c0c4cc","Relationships":[{"Ids":["a2544d25-53d4-4bf4-b7ed-de8dbd9853dd"],"Type":"CHILD"}],"RowIndex":40,"RowSpan":1},{"BlockType":"CELL","ColumnIndex":7,"ColumnSpan":1,"Confidence":82.958984375,"Geometry":{"BoundingBox":{"Height":0.024358566850423813,"Left":0.4723442494869232,"Top":0.9738548994064331,"Width":0.06563825160264969},"Polygon":[{"X":0.47234588861465454,"Y":0.9738548994064331},{"X":0.5379825234413147,"Y":0.9738665819168091},{"X":0.5379815697669983,"Y":0.9982134699821472},{"X":0.4723442494869232,"Y":0.9982014298439026}]},"Id":"e0253cae-3c34-450b-ac51-3db4ff835a29","Relationships":[{"Ids":["868b4b8a-3ac1-4bb1-a31e-2afd57870f0e"],"Type":"CHILD"}],"RowIndex":40,"RowSpan":1},{"BlockType":"CELL","ColumnIndex":8,"ColumnSpan":1,"Confidence":67.08984375,"Geometry":{"BoundingBox":{"Height":0.024356672540307045,"Left":0.5379815697669983,"Top":0.9738665819168091,"Width":0.053136903792619705},"Polygon":[{"X":0.5379825234413147,"Y":0.9738665819168091},{"X":0.5911184549331665,"Y":0.9738759994506836},{"X":0.5911181569099426,"Y":0.9982232451438904},{"X":0.5379815697669983,"Y":0.9982134699821472}]},"Id":"fa873c63-f465-4222-b8ef-5cbfcfe0d21b","Relationships":[{"Ids":["5956580e-56a3-4821-ba18-14bd2d8c2e94"],"Type":"CHILD"}],"RowIndex":40,"RowSpan":1},{"BlockType":"CELL","ColumnIndex":9,"ColumnSpan":1,"Confidence":78.466796875,"Geometry":{"BoundingBox":{"Height":0.024359868839383125,"Left":0.5911181569099426,"Top":0.9738759994506836,"Width":0.06876708567142487},"Polygon":[{"X":0.5911184549331665,"Y":0.9738759994506836},{"X":0.6598848104476929,"Y":0.9738882184028625},{"X":0.6598852276802063,"Y":0.9982358813285828},{"X":0.5911181569099426,"Y":0.9982232451438904}]},"Id":"d9310c7b-1f2a-4a73-9347-b742e60f01d8","Relationships":[{"Ids":["bc862f0e-e195-42fe-a945-50e4b60ba420"],"Type":"CHILD"}],"RowIndex":40,"RowSpan":1},{"BlockType":"CELL","ColumnIndex":10,"ColumnSpan":1,"Confidence":87.890625,"Geometry":{"BoundingBox":{"Height":0.024394460022449493,"Left":0.6598848104476929,"Top":0.9738882184028625,"Width":0.25477197766304016},"Polygon":[{"X":0.6598848104476929,"Y":0.9738882184028625},{"X":0.9146535396575928,"Y":0.9739334583282471},{"X":0.9146568179130554,"Y":0.9982826709747314},{"X":0.6598852276802063,"Y":0.9982358813285828}]},"Id":"f09995d1-d70b-4f7a-b81b-82222da136c5","RowIndex":40,"RowSpan":1},{"BlockType":"CELL","ColumnIndex":11,"ColumnSpan":1,"Confidence":85.693359375,"Geometry":{"BoundingBox":{"Height":0.024364246055483818,"Left":0.9146535396575928,"Top":0.9739334583282471,"Width":0.08179501444101334},"Polygon":[{"X":0.9146535396575928,"Y":0.9739334583282471},{"X":0.9964443445205688,"Y":0.9739480018615723},{"X":0.9964485168457031,"Y":0.9982976913452148},{"X":0.9146568179130554,"Y":0.9982826709747314}]},"Id":"710f9a37-8aa3-4fc9-a73c-9d763ea7246c","RowIndex":40,"RowSpan":1}],"DocumentMetadata":{"Pages":1}}"
14:55:35.190 [Test worker] DEBUG org.apache.http.impl.conn.PoolingHttpClientConnectionManager - Connection [id: 0][route: {s}->https://textract.us-west-2.amazonaws.com:443] can be kept alive for 60.0 seconds
14:55:35.190 [Test worker] DEBUG org.apache.http.impl.conn.DefaultManagedHttpClientConnection - http-outgoing-0: set socket timeout to 0
14:55:35.190 [Test worker] DEBUG org.apache.http.impl.conn.PoolingHttpClientConnectionManager - Connection released: [id: 0][route: {s}->https://textract.us-west-2.amazonaws.com:443][total available: 1; route allocated: 1 of 50; total allocated: 1 of 50]
14:55:35.217 [Test worker] INFO org.AirAPI.config.AWStextrackTest - Date
14:55:35.218 [Test worker] INFO org.AirAPI.config.AWStextrackTest - Pairing
14:55:35.218 [Test worker] INFO org.AirAPI.config.AWStextrackTest - DC
14:55:35.225 [Test worker] INFO org.AirAPI.config.AWStextrackTest - C/O
14:55:35.226 [Test worker] INFO org.AirAPI.config.AWStextrackTest - Activity
14:55:35.228 [Test worker] INFO org.AirAPI.config.AWStextrackTest - From
14:55:35.229 [Test worker] INFO org.AirAPI.config.AWStextrackTest - STD
14:55:35.229 [Test worker] INFO org.AirAPI.config.AWStextrackTest - To
14:55:35.230 [Test worker] INFO org.AirAPI.config.AWStextrackTest - STA
14:55:35.236 [Test worker] INFO org.AirAPI.config.AWStextrackTest - Blk
key: Blk; value: 0.916665
key: STA; value: 0.60274595
key: C/O; value: 0.27800912
key: STD; value: 0.48183724
key: Activity; value: 0.337937
key: From; value: 0.4218124
key: To; value: 0.5422942
key: Pairing; value: 0.08701322
key: Date; value: 0.004148122
key: DC; value: 0.17003645
]]></system-out>
  <system-err><![CDATA[]]></system-err>
</testsuite>
