<?xml version="1.0" encoding="UTF-8"?>
<testsuite name="org.AirAPI.controller.HelloControllerTest" tests="1" skipped="0" failures="0" errors="0" timestamp="2023-02-25T15:03:16" hostname="DESKTOP-R7AB2GV" time="0.326">
  <properties/>
  <testcase name="메인 접속 테스트" classname="org.AirAPI.controller.HelloControllerTest" time="0.326"/>
  <system-out><![CDATA[00:03:10.625 [Test worker] DEBUG org.springframework.test.context.BootstrapUtils - Instantiating CacheAwareContextLoaderDelegate from class [org.springframework.test.context.cache.DefaultCacheAwareContextLoaderDelegate]
00:03:10.647 [Test worker] DEBUG org.springframework.test.context.BootstrapUtils - Instantiating BootstrapContext using constructor [public org.springframework.test.context.support.DefaultBootstrapContext(java.lang.Class,org.springframework.test.context.CacheAwareContextLoaderDelegate)]
00:03:10.708 [Test worker] DEBUG org.springframework.test.context.BootstrapUtils - Instantiating TestContextBootstrapper for test class [org.AirAPI.controller.HelloControllerTest] from class [org.springframework.boot.test.autoconfigure.web.servlet.WebMvcTestContextBootstrapper]
00:03:10.724 [Test worker] INFO org.springframework.boot.test.autoconfigure.web.servlet.WebMvcTestContextBootstrapper - Neither @ContextConfiguration nor @ContextHierarchy found for test class [org.AirAPI.controller.HelloControllerTest], using SpringBootContextLoader
00:03:10.731 [Test worker] DEBUG org.springframework.test.context.support.AbstractContextLoader - Did not detect default resource location for test class [org.AirAPI.controller.HelloControllerTest]: class path resource [org/AirAPI/controller/HelloControllerTest-context.xml] does not exist
00:03:10.732 [Test worker] DEBUG org.springframework.test.context.support.AbstractContextLoader - Did not detect default resource location for test class [org.AirAPI.controller.HelloControllerTest]: class path resource [org/AirAPI/controller/HelloControllerTestContext.groovy] does not exist
00:03:10.732 [Test worker] INFO org.springframework.test.context.support.AbstractContextLoader - Could not detect default resource locations for test class [org.AirAPI.controller.HelloControllerTest]: no resource found for suffixes {-context.xml, Context.groovy}.
00:03:10.733 [Test worker] INFO org.springframework.test.context.support.AnnotationConfigContextLoaderUtils - Could not detect default configuration classes for test class [org.AirAPI.controller.HelloControllerTest]: HelloControllerTest does not declare any static, non-private, non-final, nested classes annotated with @Configuration.
00:03:10.857 [Test worker] DEBUG org.springframework.test.context.support.ActiveProfilesUtils - Could not find an 'annotation declaring class' for annotation type [org.springframework.test.context.ActiveProfiles] and class [org.AirAPI.controller.HelloControllerTest]
00:03:10.961 [Test worker] DEBUG org.springframework.context.annotation.ClassPathScanningCandidateComponentProvider - Identified candidate component class: file [C:\Users\JAESEUNG\IdeaProjects\Air_Scheduler\AirAPI\build\classes\java\main\org\AirAPI\Main.class]
00:03:10.963 [Test worker] INFO org.springframework.boot.test.context.SpringBootTestContextBootstrapper - Found @SpringBootConfiguration org.AirAPI.Main for test class org.AirAPI.controller.HelloControllerTest
00:03:10.968 [Test worker] DEBUG org.springframework.boot.test.autoconfigure.web.servlet.WebMvcTestContextBootstrapper - @TestExecutionListeners is not present for class [org.AirAPI.controller.HelloControllerTest]: using defaults.
00:03:10.970 [Test worker] INFO org.springframework.boot.test.autoconfigure.web.servlet.WebMvcTestContextBootstrapper - Loaded default TestExecutionListener class names from location [META-INF/spring.factories]: [org.springframework.security.test.context.support.WithSecurityContextTestExecutionListener, org.springframework.security.test.context.support.ReactorContextTestExecutionListener, org.springframework.boot.test.autoconfigure.restdocs.RestDocsTestExecutionListener, org.springframework.boot.test.autoconfigure.web.client.MockRestServiceServerResetTestExecutionListener, org.springframework.boot.test.autoconfigure.web.servlet.MockMvcPrintOnlyOnFailureTestExecutionListener, org.springframework.boot.test.autoconfigure.web.servlet.WebDriverTestExecutionListener, org.springframework.boot.test.autoconfigure.webservices.client.MockWebServiceServerTestExecutionListener, org.springframework.boot.test.mock.mockito.MockitoTestExecutionListener, org.springframework.boot.test.mock.mockito.ResetMocksTestExecutionListener, org.springframework.test.context.web.ServletTestExecutionListener, org.springframework.test.context.support.DirtiesContextBeforeModesTestExecutionListener, org.springframework.test.context.event.ApplicationEventsTestExecutionListener, org.springframework.test.context.support.DependencyInjectionTestExecutionListener, org.springframework.test.context.support.DirtiesContextTestExecutionListener, org.springframework.test.context.transaction.TransactionalTestExecutionListener, org.springframework.test.context.jdbc.SqlScriptsTestExecutionListener, org.springframework.test.context.event.EventPublishingTestExecutionListener]
00:03:11.011 [Test worker] INFO org.springframework.boot.test.autoconfigure.web.servlet.WebMvcTestContextBootstrapper - Using TestExecutionListeners: [org.springframework.test.context.web.ServletTestExecutionListener@773cbf4f, org.springframework.test.context.support.DirtiesContextBeforeModesTestExecutionListener@6b54655f, org.springframework.test.context.event.ApplicationEventsTestExecutionListener@665e9289, org.springframework.boot.test.mock.mockito.MockitoTestExecutionListener@7d3430a7, org.springframework.boot.test.autoconfigure.SpringBootDependencyInjectionTestExecutionListener@6f603e89, org.springframework.test.context.support.DirtiesContextTestExecutionListener@2756c0a7, org.springframework.test.context.transaction.TransactionalTestExecutionListener@350ec41e, org.springframework.test.context.jdbc.SqlScriptsTestExecutionListener@69637b10, org.springframework.security.test.context.support.WithSecurityContextTestExecutionListener@71984c3, org.springframework.test.context.event.EventPublishingTestExecutionListener@165b2f7f, org.springframework.security.test.context.support.ReactorContextTestExecutionListener@5536379e, org.springframework.boot.test.autoconfigure.restdocs.RestDocsTestExecutionListener@277f7dd3, org.springframework.boot.test.autoconfigure.web.client.MockRestServiceServerResetTestExecutionListener@6c8bca63, org.springframework.boot.test.autoconfigure.web.servlet.MockMvcPrintOnlyOnFailureTestExecutionListener@2364305a, org.springframework.boot.test.autoconfigure.web.servlet.WebDriverTestExecutionListener@470a696f, org.springframework.boot.test.autoconfigure.webservices.client.MockWebServiceServerTestExecutionListener@1bc715b8, org.springframework.boot.test.mock.mockito.ResetMocksTestExecutionListener@292d1c71]
00:03:11.018 [Test worker] DEBUG org.springframework.test.context.support.AbstractDirtiesContextTestExecutionListener - Before test class: context [DefaultTestContext@2cac4385 testClass = HelloControllerTest, testInstance = [null], testMethod = [null], testException = [null], mergedContextConfiguration = [WebMergedContextConfiguration@6731787b testClass = HelloControllerTest, locations = '{}', classes = '{class org.AirAPI.Main}', contextInitializerClasses = '[]', activeProfiles = '{}', propertySourceLocations = '{}', propertySourceProperties = '{org.springframework.boot.test.autoconfigure.web.servlet.WebMvcTestContextBootstrapper=true}', contextCustomizers = set[org.springframework.boot.test.autoconfigure.OverrideAutoConfigurationContextCustomizerFactory$DisableAutoConfigurationContextCustomizer@366ac49b, org.springframework.boot.test.autoconfigure.actuate.metrics.MetricsExportContextCustomizerFactory$DisableMetricExportContextCustomizer@44b3606b, org.springframework.boot.test.autoconfigure.filter.TypeExcludeFiltersContextCustomizer@9d1ef261, org.springframework.boot.test.autoconfigure.properties.PropertyMappingContextCustomizer@19978b0a, org.springframework.boot.test.autoconfigure.web.servlet.WebDriverContextCustomizerFactory$Customizer@260e86a1, [ImportsContextCustomizer@16f7b4af key = [org.springframework.boot.autoconfigure.cache.CacheAutoConfiguration, org.springframework.boot.autoconfigure.context.MessageSourceAutoConfiguration, org.springframework.boot.autoconfigure.data.web.SpringDataWebAutoConfiguration, org.springframework.boot.autoconfigure.freemarker.FreeMarkerAutoConfiguration, org.springframework.boot.autoconfigure.groovy.template.GroovyTemplateAutoConfiguration, org.springframework.boot.autoconfigure.gson.GsonAutoConfiguration, org.springframework.boot.autoconfigure.hateoas.HypermediaAutoConfiguration, org.springframework.boot.autoconfigure.http.HttpMessageConvertersAutoConfiguration, org.springframework.boot.autoconfigure.jackson.JacksonAutoConfiguration, org.springframework.boot.autoconfigure.jsonb.JsonbAutoConfiguration, org.springframework.boot.autoconfigure.mustache.MustacheAutoConfiguration, org.springframework.boot.autoconfigure.task.TaskExecutionAutoConfiguration, org.springframework.boot.autoconfigure.thymeleaf.ThymeleafAutoConfiguration, org.springframework.boot.autoconfigure.validation.ValidationAutoConfiguration, org.springframework.boot.autoconfigure.web.servlet.error.ErrorMvcAutoConfiguration, org.springframework.boot.autoconfigure.web.servlet.HttpEncodingAutoConfiguration, org.springframework.boot.autoconfigure.web.servlet.WebMvcAutoConfiguration, org.springframework.boot.test.autoconfigure.web.servlet.MockMvcAutoConfiguration, org.springframework.boot.test.autoconfigure.web.servlet.MockMvcWebClientAutoConfiguration, org.springframework.boot.test.autoconfigure.web.servlet.MockMvcWebDriverAutoConfiguration, org.springframework.boot.autoconfigure.security.oauth2.client.servlet.OAuth2ClientAutoConfiguration, org.springframework.boot.autoconfigure.security.oauth2.resource.servlet.OAuth2ResourceServerAutoConfiguration, org.springframework.boot.autoconfigure.security.servlet.SecurityAutoConfiguration, org.springframework.boot.autoconfigure.security.servlet.SecurityFilterAutoConfiguration, org.springframework.boot.autoconfigure.security.servlet.UserDetailsServiceAutoConfiguration, org.springframework.boot.test.autoconfigure.web.servlet.MockMvcSecurityConfiguration, org.springframework.boot.test.autoconfigure.web.reactive.WebTestClientAutoConfiguration]], org.springframework.boot.test.context.filter.ExcludeFilterContextCustomizer@5066d65f, org.springframework.boot.test.json.DuplicateJsonObjectContextCustomizerFactory$DuplicateJsonObjectContextCustomizer@3ecd267f, org.springframework.boot.test.mock.mockito.MockitoContextCustomizer@6a78ba89, org.springframework.boot.test.context.SpringBootTestArgs@1, org.springframework.boot.test.context.SpringBootTestWebEnvironment@0], resourceBasePath = 'src/main/webapp', contextLoader = 'org.springframework.boot.test.context.SpringBootContextLoader', parent = [null]], attributes = map[[empty]]], class annotated with @DirtiesContext [false] with mode [null].

  .   ____          _            __ _ _
 /\\ / ___'_ __ _ _(_)_ __  __ _ \ \ \ \
( ( )\___ | '_ | '_| | '_ \/ _` | \ \ \ \
 \\/  ___)| |_)| | | | | || (_| |  ) ) ) )
  '  |____| .__|_| |_|_| |_\__, | / / / /
 =========|_|==============|___/=/_/_/_/
 :: Spring Boot ::                (v2.7.5)

2023-02-26 00:03:11.726  INFO 10508 --- [    Test worker] o.AirAPI.controller.HelloControllerTest  : Starting HelloControllerTest using Java 16.0.2 on DESKTOP-R7AB2GV with PID 10508 (started by JAESEUNG in C:\Users\JAESEUNG\IdeaProjects\Air_Scheduler\AirAPI)
2023-02-26 00:03:11.727  INFO 10508 --- [    Test worker] o.AirAPI.controller.HelloControllerTest  : No active profile set, falling back to 1 default profile: "default"
2023-02-26 00:03:12.739  INFO 10508 --- [    Test worker] .s.d.r.c.RepositoryConfigurationDelegate : Bootstrapping Spring Data JPA repositories in DEFAULT mode.
2023-02-26 00:03:12.763  INFO 10508 --- [    Test worker] .s.d.r.c.RepositoryConfigurationDelegate : Finished Spring Data repository scanning in 11 ms. Found 0 JPA repository interfaces.
2023-02-26 00:03:14.777  INFO 10508 --- [    Test worker] o.s.s.web.DefaultSecurityFilterChain     : Will secure any request with [org.springframework.security.web.session.DisableEncodeUrlFilter@6c6928c, org.springframework.security.web.context.request.async.WebAsyncManagerIntegrationFilter@3c28181b, org.springframework.security.web.context.SecurityContextPersistenceFilter@1f7e52d1, org.springframework.security.web.header.HeaderWriterFilter@3e0a9b1d, org.springframework.security.web.authentication.logout.LogoutFilter@147efd9, org.AirAPI.jwt.JwtAuthenticationFilter@73aaec54, org.springframework.security.web.savedrequest.RequestCacheAwareFilter@5cce40d7, org.springframework.security.web.servletapi.SecurityContextHolderAwareRequestFilter@314b7945, org.springframework.security.web.authentication.AnonymousAuthenticationFilter@239b98cb, org.springframework.security.web.session.SessionManagementFilter@1689527c, org.springframework.security.web.access.ExceptionTranslationFilter@1b409a79, org.springframework.security.web.access.intercept.FilterSecurityInterceptor@56d6a1b1]
2023-02-26 00:03:15.550  WARN 10508 --- [    Test worker] o.s.s.c.a.web.builders.WebSecurity       : You are asking Spring Security to ignore Mvc [pattern='/v3/api-docs/**']. This is not recommended -- please use permitAll via HttpSecurity#authorizeHttpRequests instead.
2023-02-26 00:03:15.550  INFO 10508 --- [    Test worker] o.s.s.web.DefaultSecurityFilterChain     : Will not secure Mvc [pattern='/v3/api-docs/**']
2023-02-26 00:03:15.551  WARN 10508 --- [    Test worker] o.s.s.c.a.web.builders.WebSecurity       : You are asking Spring Security to ignore Mvc [pattern='/swagger-ui/**']. This is not recommended -- please use permitAll via HttpSecurity#authorizeHttpRequests instead.
2023-02-26 00:03:15.551  INFO 10508 --- [    Test worker] o.s.s.web.DefaultSecurityFilterChain     : Will not secure Mvc [pattern='/swagger-ui/**']
2023-02-26 00:03:15.551  WARN 10508 --- [    Test worker] o.s.s.c.a.web.builders.WebSecurity       : You are asking Spring Security to ignore Mvc [pattern='/api/v1/login']. This is not recommended -- please use permitAll via HttpSecurity#authorizeHttpRequests instead.
2023-02-26 00:03:15.551  INFO 10508 --- [    Test worker] o.s.s.web.DefaultSecurityFilterChain     : Will not secure Mvc [pattern='/api/v1/login']
2023-02-26 00:03:15.551  WARN 10508 --- [    Test worker] o.s.s.c.a.web.builders.WebSecurity       : You are asking Spring Security to ignore Mvc [pattern='/h2-console/**']. This is not recommended -- please use permitAll via HttpSecurity#authorizeHttpRequests instead.
2023-02-26 00:03:15.552  INFO 10508 --- [    Test worker] o.s.s.web.DefaultSecurityFilterChain     : Will not secure Mvc [pattern='/h2-console/**']
2023-02-26 00:03:16.175  INFO 10508 --- [    Test worker] o.s.b.t.m.w.SpringBootMockServletContext : Initializing Spring TestDispatcherServlet ''
2023-02-26 00:03:16.175  INFO 10508 --- [    Test worker] o.s.t.web.servlet.TestDispatcherServlet  : Initializing Servlet ''
2023-02-26 00:03:16.177  INFO 10508 --- [    Test worker] o.s.t.web.servlet.TestDispatcherServlet  : Completed initialization in 2 ms
2023-02-26 00:03:16.235  INFO 10508 --- [    Test worker] o.AirAPI.controller.HelloControllerTest  : Started HelloControllerTest in 5.126 seconds (JVM running for 7.343)

MockHttpServletRequest:
      HTTP Method = GET
      Request URI = /home
       Parameters = {}
          Headers = [Authorization:"eyJhbGciOiJIUzI1NiJ9.eyJzdWIiOiIwMDEyMDAiLCJhY2Nlc3NfdGltZSI6Iuy5qOywqeunqCIsImlhdCI6MTY3NzMzNzM5NiwiZXhwIjoxNjc3MzM5MTk2fQ.JP0HuYv9Nzy_fT1jc3ENqE-RlHkh01mQex6H9Mkq3Lc"]
             Body = null
    Session Attrs = {}

Handler:
             Type = null

Async:
    Async started = false
     Async result = null

Resolved Exception:
             Type = null

ModelAndView:
        View name = null
             View = null
            Model = null

FlashMap:
       Attributes = null

MockHttpServletResponse:
           Status = 200
    Error message = null
          Headers = [X-Content-Type-Options:"nosniff", X-XSS-Protection:"1; mode=block", Cache-Control:"no-cache, no-store, max-age=0, must-revalidate", Pragma:"no-cache", Expires:"0"]
     Content type = null
             Body = 
    Forwarded URL = null
   Redirected URL = null
          Cookies = []
]]></system-out>
  <system-err><![CDATA[]]></system-err>
</testsuite>
