<?xml version="1.0" encoding="UTF-8"?>
<testsuite name="org.air.service.ScheduleServiceTest" tests="3" skipped="1" failures="0" errors="0" timestamp="2024-02-28T11:03:50" hostname="kimjaeseong.local" time="0.118">
  <properties/>
  <testcase name="select All Date" classname="org.air.service.ScheduleServiceTest" time="0.081"/>
  <testcase name="save test" classname="org.air.service.ScheduleServiceTest" time="0.0">
    <skipped/>
  </testcase>
  <testcase name="select By Date" classname="org.air.service.ScheduleServiceTest" time="0.036"/>
  <system-out><![CDATA[20:03:48.192 [Test worker] DEBUG org.springframework.test.context.BootstrapUtils - Instantiating CacheAwareContextLoaderDelegate from class [org.springframework.test.context.cache.DefaultCacheAwareContextLoaderDelegate]
20:03:48.196 [Test worker] DEBUG org.springframework.test.context.BootstrapUtils - Instantiating BootstrapContext using constructor [public org.springframework.test.context.support.DefaultBootstrapContext(java.lang.Class,org.springframework.test.context.CacheAwareContextLoaderDelegate)]
20:03:48.208 [Test worker] DEBUG org.springframework.test.context.BootstrapUtils - Instantiating TestContextBootstrapper for test class [org.air.service.ScheduleServiceTest] from class [org.springframework.boot.test.context.SpringBootTestContextBootstrapper]
20:03:48.212 [Test worker] INFO org.springframework.boot.test.context.SpringBootTestContextBootstrapper - Neither @ContextConfiguration nor @ContextHierarchy found for test class [org.air.service.ScheduleServiceTest], using SpringBootContextLoader
20:03:48.214 [Test worker] DEBUG org.springframework.test.context.support.AbstractContextLoader - Did not detect default resource location for test class [org.air.service.ScheduleServiceTest]: class path resource [org/air/service/ScheduleServiceTest-context.xml] does not exist
20:03:48.214 [Test worker] DEBUG org.springframework.test.context.support.AbstractContextLoader - Did not detect default resource location for test class [org.air.service.ScheduleServiceTest]: class path resource [org/air/service/ScheduleServiceTestContext.groovy] does not exist
20:03:48.214 [Test worker] INFO org.springframework.test.context.support.AbstractContextLoader - Could not detect default resource locations for test class [org.air.service.ScheduleServiceTest]: no resource found for suffixes {-context.xml, Context.groovy}.
20:03:48.214 [Test worker] INFO org.springframework.test.context.support.AnnotationConfigContextLoaderUtils - Could not detect default configuration classes for test class [org.air.service.ScheduleServiceTest]: ScheduleServiceTest does not declare any static, non-private, non-final, nested classes annotated with @Configuration.
20:03:48.231 [Test worker] DEBUG org.springframework.test.context.support.ActiveProfilesUtils - Could not find an 'annotation declaring class' for annotation type [org.springframework.test.context.ActiveProfiles] and class [org.air.service.ScheduleServiceTest]
20:03:48.255 [Test worker] DEBUG org.springframework.context.annotation.ClassPathScanningCandidateComponentProvider - Identified candidate component class: file [/Users/kimjaeseong/Documents/Air_Scheduler/AirAPI/build/classes/java/main/org/air/MainApplication.class]
20:03:48.255 [Test worker] INFO org.springframework.boot.test.context.SpringBootTestContextBootstrapper - Found @SpringBootConfiguration org.air.MainApplication for test class org.air.service.ScheduleServiceTest
20:03:48.291 [Test worker] DEBUG org.springframework.boot.test.context.SpringBootTestContextBootstrapper - @TestExecutionListeners is not present for class [org.air.service.ScheduleServiceTest]: using defaults.
20:03:48.291 [Test worker] INFO org.springframework.boot.test.context.SpringBootTestContextBootstrapper - Loaded default TestExecutionListener class names from location [META-INF/spring.factories]: [org.springframework.security.test.context.support.WithSecurityContextTestExecutionListener, org.springframework.security.test.context.support.ReactorContextTestExecutionListener, org.springframework.boot.test.autoconfigure.restdocs.RestDocsTestExecutionListener, org.springframework.boot.test.autoconfigure.web.client.MockRestServiceServerResetTestExecutionListener, org.springframework.boot.test.autoconfigure.web.servlet.MockMvcPrintOnlyOnFailureTestExecutionListener, org.springframework.boot.test.autoconfigure.web.servlet.WebDriverTestExecutionListener, org.springframework.boot.test.autoconfigure.webservices.client.MockWebServiceServerTestExecutionListener, org.springframework.boot.test.mock.mockito.MockitoTestExecutionListener, org.springframework.boot.test.mock.mockito.ResetMocksTestExecutionListener, org.springframework.test.context.web.ServletTestExecutionListener, org.springframework.test.context.support.DirtiesContextBeforeModesTestExecutionListener, org.springframework.test.context.event.ApplicationEventsTestExecutionListener, org.springframework.test.context.support.DependencyInjectionTestExecutionListener, org.springframework.test.context.support.DirtiesContextTestExecutionListener, org.springframework.test.context.transaction.TransactionalTestExecutionListener, org.springframework.test.context.jdbc.SqlScriptsTestExecutionListener, org.springframework.test.context.event.EventPublishingTestExecutionListener]
20:03:48.298 [Test worker] INFO org.springframework.boot.test.context.SpringBootTestContextBootstrapper - Using TestExecutionListeners: [org.springframework.test.context.web.ServletTestExecutionListener@3ee39da0, org.springframework.test.context.support.DirtiesContextBeforeModesTestExecutionListener@5d332969, org.springframework.test.context.event.ApplicationEventsTestExecutionListener@7cc9ce8, org.springframework.boot.test.mock.mockito.MockitoTestExecutionListener@2e27d72f, org.springframework.boot.test.autoconfigure.SpringBootDependencyInjectionTestExecutionListener@c0b41d6, org.springframework.test.context.support.DirtiesContextTestExecutionListener@4837595f, org.springframework.test.context.transaction.TransactionalTestExecutionListener@2bffa76d, org.springframework.test.context.jdbc.SqlScriptsTestExecutionListener@3b718392, org.springframework.security.test.context.support.WithSecurityContextTestExecutionListener@6d2260db, org.springframework.test.context.event.EventPublishingTestExecutionListener@1f2d2181, org.springframework.security.test.context.support.ReactorContextTestExecutionListener@49bf29c6, org.springframework.boot.test.autoconfigure.restdocs.RestDocsTestExecutionListener@7ee55e70, org.springframework.boot.test.autoconfigure.web.client.MockRestServiceServerResetTestExecutionListener@3fcdcf, org.springframework.boot.test.autoconfigure.web.servlet.MockMvcPrintOnlyOnFailureTestExecutionListener@7668d560, org.springframework.boot.test.autoconfigure.web.servlet.WebDriverTestExecutionListener@46292372, org.springframework.boot.test.autoconfigure.webservices.client.MockWebServiceServerTestExecutionListener@126be319, org.springframework.boot.test.mock.mockito.ResetMocksTestExecutionListener@6c44052e]
20:03:48.299 [Test worker] DEBUG org.springframework.test.context.support.AbstractDirtiesContextTestExecutionListener - Before test class: context [DefaultTestContext@6979efad testClass = ScheduleServiceTest, testInstance = [null], testMethod = [null], testException = [null], mergedContextConfiguration = [WebMergedContextConfiguration@5a6d5a8f testClass = ScheduleServiceTest, locations = '{}', classes = '{class org.air.MainApplication}', contextInitializerClasses = '[]', activeProfiles = '{}', propertySourceLocations = '{}', propertySourceProperties = '{org.springframework.boot.test.context.SpringBootTestContextBootstrapper=true}', contextCustomizers = set[org.springframework.boot.test.autoconfigure.actuate.metrics.MetricsExportContextCustomizerFactory$DisableMetricExportContextCustomizer@160ac7fb, org.springframework.boot.test.autoconfigure.properties.PropertyMappingContextCustomizer@0, org.springframework.boot.test.autoconfigure.web.servlet.WebDriverContextCustomizerFactory$Customizer@62dae540, org.springframework.boot.test.context.filter.ExcludeFilterContextCustomizer@636e8cc, org.springframework.boot.test.json.DuplicateJsonObjectContextCustomizerFactory$DuplicateJsonObjectContextCustomizer@619bfe29, org.springframework.boot.test.mock.mockito.MockitoContextCustomizer@0, org.springframework.boot.test.web.client.TestRestTemplateContextCustomizer@485a3466, org.springframework.boot.test.context.SpringBootTestArgs@1, org.springframework.boot.test.context.SpringBootTestWebEnvironment@589da3f3], resourceBasePath = 'src/main/webapp', contextLoader = 'org.springframework.boot.test.context.SpringBootContextLoader', parent = [null]], attributes = map['org.springframework.test.context.web.ServletTestExecutionListener.activateListener' -> true]], class annotated with @DirtiesContext [false] with mode [null].

  .   ____          _            __ _ _
 /\\ / ___'_ __ _ _(_)_ __  __ _ \ \ \ \
( ( )\___ | '_ | '_| | '_ \/ _` | \ \ \ \
 \\/  ___)| |_)| | | | | || (_| |  ) ) ) )
  '  |____| .__|_| |_|_| |_\__, | / / / /
 =========|_|==============|___/=/_/_/_/
 :: Spring Boot ::                (v2.7.5)

2024-02-28 20:03:48.448  INFO 10867 --- [    Test worker] org.air.service.ScheduleServiceTest      : Starting ScheduleServiceTest using Java 11.0.21 on kimjaeseong.local with PID 10867 (started by kimjaeseong in /Users/kimjaeseong/Documents/Air_Scheduler/AirAPI)
2024-02-28 20:03:48.449  INFO 10867 --- [    Test worker] org.air.service.ScheduleServiceTest      : No active profile set, falling back to 1 default profile: "default"
2024-02-28 20:03:48.675  INFO 10867 --- [    Test worker] .s.d.r.c.RepositoryConfigurationDelegate : Bootstrapping Spring Data JPA repositories in DEFAULT mode.
2024-02-28 20:03:48.697  INFO 10867 --- [    Test worker] .s.d.r.c.RepositoryConfigurationDelegate : Finished Spring Data repository scanning in 19 ms. Found 3 JPA repository interfaces.
2024-02-28 20:03:49.013  INFO 10867 --- [    Test worker] o.hibernate.jpa.internal.util.LogHelper  : HHH000204: Processing PersistenceUnitInfo [name: default]
2024-02-28 20:03:49.035  INFO 10867 --- [    Test worker] org.hibernate.Version                    : HHH000412: Hibernate ORM core version 5.6.12.Final
2024-02-28 20:03:49.107  INFO 10867 --- [    Test worker] o.hibernate.annotations.common.Version   : HCANN000001: Hibernate Commons Annotations {5.1.2.Final}
2024-02-28 20:03:49.151  INFO 10867 --- [    Test worker] com.zaxxer.hikari.HikariDataSource       : HikariPool-1 - Starting...
2024-02-28 20:03:49.311  INFO 10867 --- [    Test worker] com.zaxxer.hikari.HikariDataSource       : HikariPool-1 - Start completed.
2024-02-28 20:03:49.329  INFO 10867 --- [    Test worker] org.hibernate.dialect.Dialect            : HHH000400: Using dialect: org.hibernate.dialect.MySQL8Dialect
2024-02-28 20:03:49.640  INFO 10867 --- [    Test worker] o.h.e.t.j.p.i.JtaPlatformInitiator       : HHH000490: Using JtaPlatform implementation: [org.hibernate.engine.transaction.jta.platform.internal.NoJtaPlatform]
2024-02-28 20:03:49.645  INFO 10867 --- [    Test worker] j.LocalContainerEntityManagerFactoryBean : Initialized JPA EntityManagerFactory for persistence unit 'default'
2024-02-28 20:03:49.934  WARN 10867 --- [    Test worker] .s.s.UserDetailsServiceAutoConfiguration : 

Using generated security password: 9328cf40-4d6a-4e67-8958-637f2c6cd105

This generated password is for development use only. Your security configuration must be updated before running your application in production.

2024-02-28 20:03:50.012  INFO 10867 --- [    Test worker] o.s.s.web.DefaultSecurityFilterChain     : Will secure any request with [org.springframework.security.web.session.DisableEncodeUrlFilter@3f919230, org.springframework.security.web.context.request.async.WebAsyncManagerIntegrationFilter@48d14ea0, org.springframework.security.web.context.SecurityContextPersistenceFilter@27e656e6, org.springframework.security.web.header.HeaderWriterFilter@2926f7bd, org.springframework.security.web.authentication.logout.LogoutFilter@15ca7322, org.air.jwt.JwtAuthenticationFilter@21251e43, org.springframework.security.web.savedrequest.RequestCacheAwareFilter@51d34f02, org.springframework.security.web.servletapi.SecurityContextHolderAwareRequestFilter@441762b8, org.springframework.security.web.authentication.AnonymousAuthenticationFilter@677274e7, org.springframework.security.web.session.SessionManagementFilter@4e0139, org.springframework.security.web.access.ExceptionTranslationFilter@1659d7d, org.springframework.security.web.access.intercept.FilterSecurityInterceptor@1fe37d27]
2024-02-28 20:03:50.027  WARN 10867 --- [    Test worker] JpaBaseConfiguration$JpaWebConfiguration : spring.jpa.open-in-view is enabled by default. Therefore, database queries may be performed during view rendering. Explicitly configure spring.jpa.open-in-view to disable this warning
2024-02-28 20:03:50.187  WARN 10867 --- [    Test worker] o.s.s.c.a.web.builders.WebSecurity       : You are asking Spring Security to ignore Mvc [pattern='/v3/api-docs/**']. This is not recommended -- please use permitAll via HttpSecurity#authorizeHttpRequests instead.
2024-02-28 20:03:50.187  INFO 10867 --- [    Test worker] o.s.s.web.DefaultSecurityFilterChain     : Will not secure Mvc [pattern='/v3/api-docs/**']
2024-02-28 20:03:50.187  WARN 10867 --- [    Test worker] o.s.s.c.a.web.builders.WebSecurity       : You are asking Spring Security to ignore Mvc [pattern='/swagger-ui/**']. This is not recommended -- please use permitAll via HttpSecurity#authorizeHttpRequests instead.
2024-02-28 20:03:50.187  INFO 10867 --- [    Test worker] o.s.s.web.DefaultSecurityFilterChain     : Will not secure Mvc [pattern='/swagger-ui/**']
2024-02-28 20:03:50.187  WARN 10867 --- [    Test worker] o.s.s.c.a.web.builders.WebSecurity       : You are asking Spring Security to ignore Mvc [pattern='/api/v1/login']. This is not recommended -- please use permitAll via HttpSecurity#authorizeHttpRequests instead.
2024-02-28 20:03:50.187  INFO 10867 --- [    Test worker] o.s.s.web.DefaultSecurityFilterChain     : Will not secure Mvc [pattern='/api/v1/login']
2024-02-28 20:03:50.187  WARN 10867 --- [    Test worker] o.s.s.c.a.web.builders.WebSecurity       : You are asking Spring Security to ignore Mvc [pattern='/h2-console/**']. This is not recommended -- please use permitAll via HttpSecurity#authorizeHttpRequests instead.
2024-02-28 20:03:50.187  INFO 10867 --- [    Test worker] o.s.s.web.DefaultSecurityFilterChain     : Will not secure Mvc [pattern='/h2-console/**']
2024-02-28 20:03:50.371  INFO 10867 --- [    Test worker] org.air.service.ScheduleServiceTest      : Started ScheduleServiceTest in 2.052 seconds (JVM running for 2.52)
Hibernate: 
    select
        schedule0_.id as id1_1_,
        schedule0_.achotel as achotel2_1_,
        schedule0_.activity as activity3_1_,
        schedule0_.blk as blk4_1_,
        schedule0_.ci as ci5_1_,
        schedule0_.cnt_from as cnt_from6_1_,
        schedule0_.cnt_to as cnt_to7_1_,
        schedule0_.co as co8_1_,
        schedule0_.date as date9_1_,
        schedule0_.dc as dc10_1_,
        schedule0_.pairing as pairing11_1_,
        schedule0_.stab as stab12_1_,
        schedule0_.stal as stal13_1_,
        schedule0_.stdb as stdb14_1_,
        schedule0_.stdl as stdl15_1_ 
    from
        schedule schedule0_
Hibernate: 
    select
        schedule0_.id as id1_1_,
        schedule0_.achotel as achotel2_1_,
        schedule0_.activity as activity3_1_,
        schedule0_.blk as blk4_1_,
        schedule0_.ci as ci5_1_,
        schedule0_.cnt_from as cnt_from6_1_,
        schedule0_.cnt_to as cnt_to7_1_,
        schedule0_.co as co8_1_,
        schedule0_.date as date9_1_,
        schedule0_.dc as dc10_1_,
        schedule0_.pairing as pairing11_1_,
        schedule0_.stab as stab12_1_,
        schedule0_.stal as stal13_1_,
        schedule0_.stdb as stdb14_1_,
        schedule0_.stdl as stdl15_1_ 
    from
        schedule schedule0_ 
    where
        schedule0_.date>=? 
        and schedule0_.date<=?
2024-02-28 20:03:50.491  INFO 10867 --- [    Test worker] org.air.service.ScheduleServiceTest      : Schedule(id=1, date=01Nov23, pairing=null, dc=null, ci=null, co=null, activity=VAC, cntFrom=GMP, stdL=0000, stdB=0000, cntTo=GMP, staL=2359, staB=2359, achotel=null, blk=null)
]]></system-out>
  <system-err><![CDATA[]]></system-err>
</testsuite>
