<?xml version="1.0" encoding="UTF-8"?>
<testsuite name="org.AirAPI.entity.json.BlockTest" tests="1" skipped="0" failures="0" errors="0" timestamp="2023-05-06T06:58:23" hostname="DESKTOP-MCHQU2R" time="0.125">
  <properties/>
  <testcase name="setEntity()" classname="org.AirAPI.entity.json.BlockTest" time="0.125"/>
  <system-out><![CDATA[]]></system-out>
  <system-err><![CDATA[]]></system-err>
</testsuite>
