<?xml version="1.0" encoding="UTF-8"?>
<testsuite name="org.air.controller.ScheduleControllerTest" tests="1" skipped="0" failures="0" errors="0" timestamp="2023-11-05T11:08:15" hostname="DESKTOP-MCHQU2R" time="0.091">
  <properties/>
  <testcase name="save()" classname="org.air.controller.ScheduleControllerTest" time="0.091"/>
  <system-out><![CDATA[20:08:14.094 [Test worker] DEBUG org.springframework.test.context.BootstrapUtils - Instantiating CacheAwareContextLoaderDelegate from class [org.springframework.test.context.cache.DefaultCacheAwareContextLoaderDelegate]
20:08:14.099 [Test worker] DEBUG org.springframework.test.context.BootstrapUtils - Instantiating BootstrapContext using constructor [public org.springframework.test.context.support.DefaultBootstrapContext(java.lang.Class,org.springframework.test.context.CacheAwareContextLoaderDelegate)]
20:08:14.122 [Test worker] DEBUG org.springframework.test.context.BootstrapUtils - Instantiating TestContextBootstrapper for test class [org.air.controller.ScheduleControllerTest] from class [org.springframework.boot.test.autoconfigure.web.servlet.WebMvcTestContextBootstrapper]
20:08:14.131 [Test worker] DEBUG org.springframework.test.context.support.AbstractContextLoader - Did not detect default resource location for test class [org.air.controller.ScheduleControllerTest]: class path resource [org/air/controller/ScheduleControllerTest-context.xml] does not exist
20:08:14.131 [Test worker] DEBUG org.springframework.test.context.support.AbstractContextLoader - Did not detect default resource location for test class [org.air.controller.ScheduleControllerTest]: class path resource [org/air/controller/ScheduleControllerTestContext.groovy] does not exist
20:08:14.132 [Test worker] INFO org.springframework.test.context.support.AbstractContextLoader - Could not detect default resource locations for test class [org.air.controller.ScheduleControllerTest]: no resource found for suffixes {-context.xml, Context.groovy}.
20:08:14.169 [Test worker] DEBUG org.springframework.test.context.support.ActiveProfilesUtils - Could not find an 'annotation declaring class' for annotation type [org.springframework.test.context.ActiveProfiles] and class [org.air.controller.ScheduleControllerTest]
20:08:14.173 [Test worker] DEBUG org.springframework.boot.test.autoconfigure.web.servlet.WebMvcTestContextBootstrapper - @TestExecutionListeners is not present for class [org.air.controller.ScheduleControllerTest]: using defaults.
20:08:14.173 [Test worker] INFO org.springframework.boot.test.autoconfigure.web.servlet.WebMvcTestContextBootstrapper - Loaded default TestExecutionListener class names from location [META-INF/spring.factories]: [org.springframework.security.test.context.support.WithSecurityContextTestExecutionListener, org.springframework.security.test.context.support.ReactorContextTestExecutionListener, org.springframework.boot.test.autoconfigure.restdocs.RestDocsTestExecutionListener, org.springframework.boot.test.autoconfigure.web.client.MockRestServiceServerResetTestExecutionListener, org.springframework.boot.test.autoconfigure.web.servlet.MockMvcPrintOnlyOnFailureTestExecutionListener, org.springframework.boot.test.autoconfigure.web.servlet.WebDriverTestExecutionListener, org.springframework.boot.test.autoconfigure.webservices.client.MockWebServiceServerTestExecutionListener, org.springframework.boot.test.mock.mockito.MockitoTestExecutionListener, org.springframework.boot.test.mock.mockito.ResetMocksTestExecutionListener, org.springframework.test.context.web.ServletTestExecutionListener, org.springframework.test.context.support.DirtiesContextBeforeModesTestExecutionListener, org.springframework.test.context.event.ApplicationEventsTestExecutionListener, org.springframework.test.context.support.DependencyInjectionTestExecutionListener, org.springframework.test.context.support.DirtiesContextTestExecutionListener, org.springframework.test.context.transaction.TransactionalTestExecutionListener, org.springframework.test.context.jdbc.SqlScriptsTestExecutionListener, org.springframework.test.context.event.EventPublishingTestExecutionListener]
20:08:14.183 [Test worker] INFO org.springframework.boot.test.autoconfigure.web.servlet.WebMvcTestContextBootstrapper - Using TestExecutionListeners: [org.springframework.test.context.web.ServletTestExecutionListener@4cc547a, org.springframework.test.context.support.DirtiesContextBeforeModesTestExecutionListener@7555b920, org.springframework.test.context.event.ApplicationEventsTestExecutionListener@4152d38d, org.springframework.boot.test.mock.mockito.MockitoTestExecutionListener@3591009c, org.springframework.boot.test.autoconfigure.SpringBootDependencyInjectionTestExecutionListener@5398edd0, org.springframework.test.context.support.DirtiesContextTestExecutionListener@b5cc23a, org.springframework.test.context.transaction.TransactionalTestExecutionListener@5cc5b667, org.springframework.test.context.jdbc.SqlScriptsTestExecutionListener@61edc883, org.springframework.security.test.context.support.WithSecurityContextTestExecutionListener@758f4f03, org.springframework.test.context.event.EventPublishingTestExecutionListener@182f1e9a, org.springframework.security.test.context.support.ReactorContextTestExecutionListener@6928f576, org.springframework.boot.test.autoconfigure.restdocs.RestDocsTestExecutionListener@660e9100, org.springframework.boot.test.autoconfigure.web.client.MockRestServiceServerResetTestExecutionListener@69f63d95, org.springframework.boot.test.autoconfigure.web.servlet.MockMvcPrintOnlyOnFailureTestExecutionListener@9cd25ff, org.springframework.boot.test.autoconfigure.web.servlet.WebDriverTestExecutionListener@27e0f2f5, org.springframework.boot.test.autoconfigure.webservices.client.MockWebServiceServerTestExecutionListener@3574e198, org.springframework.boot.test.mock.mockito.ResetMocksTestExecutionListener@6db66836]
20:08:14.185 [Test worker] DEBUG org.springframework.test.context.support.AbstractDirtiesContextTestExecutionListener - Before test class: context [DefaultTestContext@78461bc4 testClass = ScheduleControllerTest, testInstance = [null], testMethod = [null], testException = [null], mergedContextConfiguration = [WebMergedContextConfiguration@544630b7 testClass = ScheduleControllerTest, locations = '{}', classes = '{class org.air.config.AWStextrack, class org.air.config.SecurityConfig, class org.air.config.HeaderSetter}', contextInitializerClasses = '[]', activeProfiles = '{}', propertySourceLocations = '{}', propertySourceProperties = '{org.springframework.boot.test.autoconfigure.web.servlet.WebMvcTestContextBootstrapper=true}', contextCustomizers = set[org.springframework.boot.test.autoconfigure.OverrideAutoConfigurationContextCustomizerFactory$DisableAutoConfigurationContextCustomizer@9bd0fa6, org.springframework.boot.test.autoconfigure.actuate.metrics.MetricsExportContextCustomizerFactory$DisableMetricExportContextCustomizer@46f699d5, org.springframework.boot.test.autoconfigure.filter.TypeExcludeFiltersContextCustomizer@4cab11dd, org.springframework.boot.test.autoconfigure.properties.PropertyMappingContextCustomizer@3e05ba9a, org.springframework.boot.test.autoconfigure.web.servlet.WebDriverContextCustomizerFactory$Customizer@53e211ee, [ImportsContextCustomizer@64f857e7 key = [org.air.controller.ScheduleController, org.springframework.boot.autoconfigure.cache.CacheAutoConfiguration, org.springframework.boot.autoconfigure.context.MessageSourceAutoConfiguration, org.springframework.boot.autoconfigure.data.web.SpringDataWebAutoConfiguration, org.springframework.boot.autoconfigure.freemarker.FreeMarkerAutoConfiguration, org.springframework.boot.autoconfigure.groovy.template.GroovyTemplateAutoConfiguration, org.springframework.boot.autoconfigure.gson.GsonAutoConfiguration, org.springframework.boot.autoconfigure.hateoas.HypermediaAutoConfiguration, org.springframework.boot.autoconfigure.http.HttpMessageConvertersAutoConfiguration, org.springframework.boot.autoconfigure.jackson.JacksonAutoConfiguration, org.springframework.boot.autoconfigure.jsonb.JsonbAutoConfiguration, org.springframework.boot.autoconfigure.mustache.MustacheAutoConfiguration, org.springframework.boot.autoconfigure.task.TaskExecutionAutoConfiguration, org.springframework.boot.autoconfigure.thymeleaf.ThymeleafAutoConfiguration, org.springframework.boot.autoconfigure.validation.ValidationAutoConfiguration, org.springframework.boot.autoconfigure.web.servlet.error.ErrorMvcAutoConfiguration, org.springframework.boot.autoconfigure.web.servlet.HttpEncodingAutoConfiguration, org.springframework.boot.autoconfigure.web.servlet.WebMvcAutoConfiguration, org.springframework.boot.test.autoconfigure.web.servlet.MockMvcAutoConfiguration, org.springframework.boot.test.autoconfigure.web.servlet.MockMvcWebClientAutoConfiguration, org.springframework.boot.test.autoconfigure.web.servlet.MockMvcWebDriverAutoConfiguration, org.springframework.boot.autoconfigure.security.oauth2.client.servlet.OAuth2ClientAutoConfiguration, org.springframework.boot.autoconfigure.security.oauth2.resource.servlet.OAuth2ResourceServerAutoConfiguration, org.springframework.boot.autoconfigure.security.servlet.SecurityAutoConfiguration, org.springframework.boot.autoconfigure.security.servlet.SecurityFilterAutoConfiguration, org.springframework.boot.autoconfigure.security.servlet.UserDetailsServiceAutoConfiguration, org.springframework.boot.test.autoconfigure.web.servlet.MockMvcSecurityConfiguration, org.springframework.boot.test.autoconfigure.web.reactive.WebTestClientAutoConfiguration]], org.springframework.boot.test.context.filter.ExcludeFilterContextCustomizer@4ef27d66, org.springframework.boot.test.json.DuplicateJsonObjectContextCustomizerFactory$DuplicateJsonObjectContextCustomizer@5c48c0c0, org.springframework.boot.test.mock.mockito.MockitoContextCustomizer@8da1e89, org.springframework.boot.test.context.SpringBootTestArgs@1, org.springframework.boot.test.context.SpringBootTestWebEnvironment@0], resourceBasePath = 'src/main/webapp', contextLoader = 'org.springframework.boot.test.context.SpringBootContextLoader', parent = [null]], attributes = map[[empty]]], class annotated with @DirtiesContext [false] with mode [null].

  .   ____          _            __ _ _
 /\\ / ___'_ __ _ _(_)_ __  __ _ \ \ \ \
( ( )\___ | '_ | '_| | '_ \/ _` | \ \ \ \
 \\/  ___)| |_)| | | | | || (_| |  ) ) ) )
  '  |____| .__|_| |_|_| |_\__, | / / / /
 =========|_|==============|___/=/_/_/_/
 :: Spring Boot ::                (v2.7.5)

2023-11-05 20:08:14.467  INFO 8652 --- [    Test worker] o.air.controller.ScheduleControllerTest  : Starting ScheduleControllerTest using Java 11.0.19 on DESKTOP-MCHQU2R with PID 8652 (started by KIMJAESUNG in C:\Users\KIMJAESUNG\Air_Scheduler\AirAPI)
2023-11-05 20:08:14.468  INFO 8652 --- [    Test worker] o.air.controller.ScheduleControllerTest  : No active profile set, falling back to 1 default profile: "default"
2023-11-05 20:08:15.256  WARN 8652 --- [    Test worker] .s.s.UserDetailsServiceAutoConfiguration : 

Using generated security password: 32229e85-38a4-4e7a-b24b-cf2e6338c435

This generated password is for development use only. Your security configuration must be updated before running your application in production.

2023-11-05 20:08:15.352  INFO 8652 --- [    Test worker] o.s.s.web.DefaultSecurityFilterChain     : Will secure any request with [org.springframework.security.web.session.DisableEncodeUrlFilter@61a704d3, org.springframework.security.web.context.request.async.WebAsyncManagerIntegrationFilter@2120bed, org.springframework.security.web.context.SecurityContextPersistenceFilter@4f26425b, org.springframework.security.web.header.HeaderWriterFilter@59f45950, org.springframework.security.web.authentication.logout.LogoutFilter@7fc7152e, org.air.jwt.JwtAuthenticationFilter@566fe83c, org.springframework.security.web.savedrequest.RequestCacheAwareFilter@33f4c769, org.springframework.security.web.servletapi.SecurityContextHolderAwareRequestFilter@4ebd6fd6, org.springframework.security.web.authentication.AnonymousAuthenticationFilter@743bb39a, org.springframework.security.web.session.SessionManagementFilter@11bfffb3, org.springframework.security.web.access.ExceptionTranslationFilter@62735b13, org.springframework.security.web.access.intercept.FilterSecurityInterceptor@23f60b7d]
2023-11-05 20:08:15.607  WARN 8652 --- [    Test worker] o.s.s.c.a.web.builders.WebSecurity       : You are asking Spring Security to ignore Mvc [pattern='/v3/api-docs/**']. This is not recommended -- please use permitAll via HttpSecurity#authorizeHttpRequests instead.
2023-11-05 20:08:15.607  INFO 8652 --- [    Test worker] o.s.s.web.DefaultSecurityFilterChain     : Will not secure Mvc [pattern='/v3/api-docs/**']
2023-11-05 20:08:15.608  WARN 8652 --- [    Test worker] o.s.s.c.a.web.builders.WebSecurity       : You are asking Spring Security to ignore Mvc [pattern='/swagger-ui/**']. This is not recommended -- please use permitAll via HttpSecurity#authorizeHttpRequests instead.
2023-11-05 20:08:15.608  INFO 8652 --- [    Test worker] o.s.s.web.DefaultSecurityFilterChain     : Will not secure Mvc [pattern='/swagger-ui/**']
2023-11-05 20:08:15.608  WARN 8652 --- [    Test worker] o.s.s.c.a.web.builders.WebSecurity       : You are asking Spring Security to ignore Mvc [pattern='/api/v1/login']. This is not recommended -- please use permitAll via HttpSecurity#authorizeHttpRequests instead.
2023-11-05 20:08:15.608  INFO 8652 --- [    Test worker] o.s.s.web.DefaultSecurityFilterChain     : Will not secure Mvc [pattern='/api/v1/login']
2023-11-05 20:08:15.608  WARN 8652 --- [    Test worker] o.s.s.c.a.web.builders.WebSecurity       : You are asking Spring Security to ignore Mvc [pattern='/h2-console/**']. This is not recommended -- please use permitAll via HttpSecurity#authorizeHttpRequests instead.
2023-11-05 20:08:15.608  INFO 8652 --- [    Test worker] o.s.s.web.DefaultSecurityFilterChain     : Will not secure Mvc [pattern='/h2-console/**']
2023-11-05 20:08:15.790  INFO 8652 --- [    Test worker] o.s.b.t.m.w.SpringBootMockServletContext : Initializing Spring TestDispatcherServlet ''
2023-11-05 20:08:15.790  INFO 8652 --- [    Test worker] o.s.t.web.servlet.TestDispatcherServlet  : Initializing Servlet ''
2023-11-05 20:08:15.791  INFO 8652 --- [    Test worker] o.s.t.web.servlet.TestDispatcherServlet  : Completed initialization in 1 ms
2023-11-05 20:08:15.815  INFO 8652 --- [    Test worker] o.air.controller.ScheduleControllerTest  : Started ScheduleControllerTest in 1.604 seconds (JVM running for 2.322)
org.springframework.security.web.header.HeaderWriterFilter$HeaderWriterRequest@1efcba00
schedules size : 0
]]></system-out>
  <system-err><![CDATA[]]></system-err>
</testsuite>
