<?xml version="1.0" encoding="UTF-8"?>
<testsuite name="org.AirAPI.config.AWStextrackTest" tests="1" skipped="0" failures="0" errors="0" timestamp="2023-04-09T21:38:53" hostname="DESKTOP-R7AB2GV" time="0.019">
  <properties/>
  <testcase name="sorttest()" classname="org.AirAPI.config.AWStextrackTest" time="0.019"/>
  <system-out><![CDATA[key : Blk, value : 0.916665
key : STA, value : 0.60274595
key : C/O, value : 0.27800912
key : STD, value : 0.48183724
key : Activity, value : 0.337937
]]></system-out>
  <system-err><![CDATA[]]></system-err>
</testsuite>
