<?xml version="1.0" encoding="UTF-8"?>
<testsuite name="org.air.controller.UserControllerTest" tests="1" skipped="0" failures="0" errors="0" timestamp="2024-03-17T00:13:22" hostname="DESKTOP-MCHQU2R" time="0.11">
  <properties/>
  <testcase name="login Test" classname="org.air.controller.UserControllerTest" time="0.11"/>
  <system-out><![CDATA[09:13:21.004 [Test worker] DEBUG org.springframework.test.context.BootstrapUtils - Instantiating CacheAwareContextLoaderDelegate from class [org.springframework.test.context.cache.DefaultCacheAwareContextLoaderDelegate]
09:13:21.011 [Test worker] DEBUG org.springframework.test.context.BootstrapUtils - Instantiating BootstrapContext using constructor [public org.springframework.test.context.support.DefaultBootstrapContext(java.lang.Class,org.springframework.test.context.CacheAwareContextLoaderDelegate)]
09:13:21.029 [Test worker] DEBUG org.springframework.test.context.BootstrapUtils - Instantiating TestContextBootstrapper for test class [org.air.controller.UserControllerTest] from class [org.springframework.boot.test.autoconfigure.web.servlet.WebMvcTestContextBootstrapper]
09:13:21.041 [Test worker] DEBUG org.springframework.test.context.support.AbstractContextLoader - Did not detect default resource location for test class [org.air.controller.UserControllerTest]: class path resource [org/air/controller/UserControllerTest-context.xml] does not exist
09:13:21.042 [Test worker] DEBUG org.springframework.test.context.support.AbstractContextLoader - Did not detect default resource location for test class [org.air.controller.UserControllerTest]: class path resource [org/air/controller/UserControllerTestContext.groovy] does not exist
09:13:21.042 [Test worker] INFO org.springframework.test.context.support.AbstractContextLoader - Could not detect default resource locations for test class [org.air.controller.UserControllerTest]: no resource found for suffixes {-context.xml, Context.groovy}.
09:13:21.094 [Test worker] DEBUG org.springframework.test.context.support.ActiveProfilesUtils - Could not find an 'annotation declaring class' for annotation type [org.springframework.test.context.ActiveProfiles] and class [org.air.controller.UserControllerTest]
09:13:21.100 [Test worker] DEBUG org.springframework.boot.test.autoconfigure.web.servlet.WebMvcTestContextBootstrapper - @TestExecutionListeners is not present for class [org.air.controller.UserControllerTest]: using defaults.
09:13:21.100 [Test worker] INFO org.springframework.boot.test.autoconfigure.web.servlet.WebMvcTestContextBootstrapper - Loaded default TestExecutionListener class names from location [META-INF/spring.factories]: [org.springframework.security.test.context.support.WithSecurityContextTestExecutionListener, org.springframework.security.test.context.support.ReactorContextTestExecutionListener, org.springframework.boot.test.autoconfigure.restdocs.RestDocsTestExecutionListener, org.springframework.boot.test.autoconfigure.web.client.MockRestServiceServerResetTestExecutionListener, org.springframework.boot.test.autoconfigure.web.servlet.MockMvcPrintOnlyOnFailureTestExecutionListener, org.springframework.boot.test.autoconfigure.web.servlet.WebDriverTestExecutionListener, org.springframework.boot.test.autoconfigure.webservices.client.MockWebServiceServerTestExecutionListener, org.springframework.boot.test.mock.mockito.MockitoTestExecutionListener, org.springframework.boot.test.mock.mockito.ResetMocksTestExecutionListener, org.springframework.test.context.web.ServletTestExecutionListener, org.springframework.test.context.support.DirtiesContextBeforeModesTestExecutionListener, org.springframework.test.context.event.ApplicationEventsTestExecutionListener, org.springframework.test.context.support.DependencyInjectionTestExecutionListener, org.springframework.test.context.support.DirtiesContextTestExecutionListener, org.springframework.test.context.transaction.TransactionalTestExecutionListener, org.springframework.test.context.jdbc.SqlScriptsTestExecutionListener, org.springframework.test.context.event.EventPublishingTestExecutionListener]
09:13:21.111 [Test worker] INFO org.springframework.boot.test.autoconfigure.web.servlet.WebMvcTestContextBootstrapper - Using TestExecutionListeners: [org.springframework.test.context.web.ServletTestExecutionListener@5aceec94, org.springframework.test.context.support.DirtiesContextBeforeModesTestExecutionListener@1c32886a, org.springframework.test.context.event.ApplicationEventsTestExecutionListener@3a4b0e5d, org.springframework.boot.test.mock.mockito.MockitoTestExecutionListener@10b892d5, org.springframework.boot.test.autoconfigure.SpringBootDependencyInjectionTestExecutionListener@3d3f761a, org.springframework.test.context.support.DirtiesContextTestExecutionListener@3546d80f, org.springframework.test.context.transaction.TransactionalTestExecutionListener@579d011c, org.springframework.test.context.jdbc.SqlScriptsTestExecutionListener@3670f00, org.springframework.security.test.context.support.WithSecurityContextTestExecutionListener@452e26d0, org.springframework.test.context.event.EventPublishingTestExecutionListener@46ab18da, org.springframework.security.test.context.support.ReactorContextTestExecutionListener@790174f2, org.springframework.boot.test.autoconfigure.restdocs.RestDocsTestExecutionListener@42257bdd, org.springframework.boot.test.autoconfigure.web.client.MockRestServiceServerResetTestExecutionListener@7689ddef, org.springframework.boot.test.autoconfigure.web.servlet.MockMvcPrintOnlyOnFailureTestExecutionListener@687a762c, org.springframework.boot.test.autoconfigure.web.servlet.WebDriverTestExecutionListener@1a2e2935, org.springframework.boot.test.autoconfigure.webservices.client.MockWebServiceServerTestExecutionListener@733c423e, org.springframework.boot.test.mock.mockito.ResetMocksTestExecutionListener@4b629f13]

  .   ____          _            __ _ _
 /\\ / ___'_ __ _ _(_)_ __  __ _ \ \ \ \
( ( )\___ | '_ | '_| | '_ \/ _` | \ \ \ \
 \\/  ___)| |_)| | | | | || (_| |  ) ) ) )
  '  |____| .__|_| |_|_| |_\__, | / / / /
 =========|_|==============|___/=/_/_/_/
 :: Spring Boot ::                (v2.7.5)

2024-03-17 09:13:21.398  INFO 22004 --- [    Test worker] org.air.controller.UserControllerTest    : Starting UserControllerTest using Java 11.0.19 on DESKTOP-MCHQU2R with PID 22004 (started by KIMJAESUNG in C:\Users\KIMJAESUNG\Air_Scheduler\AirAPI)
2024-03-17 09:13:21.399  INFO 22004 --- [    Test worker] org.air.controller.UserControllerTest    : No active profile set, falling back to 1 default profile: "default"
2024-03-17 09:13:22.148  WARN 22004 --- [    Test worker] .s.s.UserDetailsServiceAutoConfiguration : 

Using generated security password: e41252ec-86d2-480c-95a1-fb12d585bd17

This generated password is for development use only. Your security configuration must be updated before running your application in production.

2024-03-17 09:13:22.249  INFO 22004 --- [    Test worker] o.s.s.web.DefaultSecurityFilterChain     : Will secure any request with [org.springframework.security.web.session.DisableEncodeUrlFilter@4b544732, org.springframework.security.web.context.request.async.WebAsyncManagerIntegrationFilter@44084713, org.springframework.security.web.context.SecurityContextPersistenceFilter@2b7774d5, org.springframework.security.web.header.HeaderWriterFilter@13fe5bb7, org.springframework.security.web.authentication.logout.LogoutFilter@721fc2e3, org.air.jwt.JwtAuthenticationFilter@6d8b7ea9, org.springframework.security.web.savedrequest.RequestCacheAwareFilter@2342f1ff, org.springframework.security.web.servletapi.SecurityContextHolderAwareRequestFilter@3303e89e, org.springframework.security.web.authentication.AnonymousAuthenticationFilter@5a39e554, org.springframework.security.web.session.SessionManagementFilter@5fb07347, org.springframework.security.web.access.ExceptionTranslationFilter@76af51d6, org.springframework.security.web.access.intercept.FilterSecurityInterceptor@44b9c7c4]
2024-03-17 09:13:22.464  WARN 22004 --- [    Test worker] o.s.s.c.a.web.builders.WebSecurity       : You are asking Spring Security to ignore Mvc [pattern='/v3/api-docs/**']. This is not recommended -- please use permitAll via HttpSecurity#authorizeHttpRequests instead.
2024-03-17 09:13:22.465  INFO 22004 --- [    Test worker] o.s.s.web.DefaultSecurityFilterChain     : Will not secure Mvc [pattern='/v3/api-docs/**']
2024-03-17 09:13:22.465  WARN 22004 --- [    Test worker] o.s.s.c.a.web.builders.WebSecurity       : You are asking Spring Security to ignore Mvc [pattern='/swagger-ui/**']. This is not recommended -- please use permitAll via HttpSecurity#authorizeHttpRequests instead.
2024-03-17 09:13:22.465  INFO 22004 --- [    Test worker] o.s.s.web.DefaultSecurityFilterChain     : Will not secure Mvc [pattern='/swagger-ui/**']
2024-03-17 09:13:22.465  WARN 22004 --- [    Test worker] o.s.s.c.a.web.builders.WebSecurity       : You are asking Spring Security to ignore Mvc [pattern='/api/v1/login']. This is not recommended -- please use permitAll via HttpSecurity#authorizeHttpRequests instead.
2024-03-17 09:13:22.465  INFO 22004 --- [    Test worker] o.s.s.web.DefaultSecurityFilterChain     : Will not secure Mvc [pattern='/api/v1/login']
2024-03-17 09:13:22.465  WARN 22004 --- [    Test worker] o.s.s.c.a.web.builders.WebSecurity       : You are asking Spring Security to ignore Mvc [pattern='/h2-console/**']. This is not recommended -- please use permitAll via HttpSecurity#authorizeHttpRequests instead.
2024-03-17 09:13:22.465  INFO 22004 --- [    Test worker] o.s.s.web.DefaultSecurityFilterChain     : Will not secure Mvc [pattern='/h2-console/**']
2024-03-17 09:13:22.645  INFO 22004 --- [    Test worker] o.s.b.t.m.w.SpringBootMockServletContext : Initializing Spring TestDispatcherServlet ''
2024-03-17 09:13:22.645  INFO 22004 --- [    Test worker] o.s.t.web.servlet.TestDispatcherServlet  : Initializing Servlet ''
2024-03-17 09:13:22.646  INFO 22004 --- [    Test worker] o.s.t.web.servlet.TestDispatcherServlet  : Completed initialization in 1 ms
2024-03-17 09:13:22.676  INFO 22004 --- [    Test worker] org.air.controller.UserControllerTest    : Started UserControllerTest in 1.54 seconds (JVM running for 2.268)
]]></system-out>
  <system-err><![CDATA[]]></system-err>
</testsuite>
