<?xml version="1.0" encoding="UTF-8"?>
<testsuite name="org.air.controller.PilotControllerTest" tests="1" skipped="0" failures="0" errors="0" timestamp="2024-02-25T14:03:57" hostname="kimjaeseong.local" time="0.082">
  <properties/>
  <testcase name="Date Schedule" classname="org.air.controller.PilotControllerTest" time="0.082"/>
  <system-out><![CDATA[23:03:55.053 [Test worker] DEBUG org.springframework.test.context.BootstrapUtils - Instantiating CacheAwareContextLoaderDelegate from class [org.springframework.test.context.cache.DefaultCacheAwareContextLoaderDelegate]
23:03:55.056 [Test worker] DEBUG org.springframework.test.context.BootstrapUtils - Instantiating BootstrapContext using constructor [public org.springframework.test.context.support.DefaultBootstrapContext(java.lang.Class,org.springframework.test.context.CacheAwareContextLoaderDelegate)]
23:03:55.070 [Test worker] DEBUG org.springframework.test.context.BootstrapUtils - Instantiating TestContextBootstrapper for test class [org.air.controller.PilotControllerTest] from class [org.springframework.boot.test.context.SpringBootTestContextBootstrapper]
23:03:55.074 [Test worker] INFO org.springframework.boot.test.context.SpringBootTestContextBootstrapper - Neither @ContextConfiguration nor @ContextHierarchy found for test class [org.air.controller.PilotControllerTest], using SpringBootContextLoader
23:03:55.075 [Test worker] DEBUG org.springframework.test.context.support.AbstractContextLoader - Did not detect default resource location for test class [org.air.controller.PilotControllerTest]: class path resource [org/air/controller/PilotControllerTest-context.xml] does not exist
23:03:55.076 [Test worker] DEBUG org.springframework.test.context.support.AbstractContextLoader - Did not detect default resource location for test class [org.air.controller.PilotControllerTest]: class path resource [org/air/controller/PilotControllerTestContext.groovy] does not exist
23:03:55.076 [Test worker] INFO org.springframework.test.context.support.AbstractContextLoader - Could not detect default resource locations for test class [org.air.controller.PilotControllerTest]: no resource found for suffixes {-context.xml, Context.groovy}.
23:03:55.076 [Test worker] INFO org.springframework.test.context.support.AnnotationConfigContextLoaderUtils - Could not detect default configuration classes for test class [org.air.controller.PilotControllerTest]: PilotControllerTest does not declare any static, non-private, non-final, nested classes annotated with @Configuration.
23:03:55.100 [Test worker] DEBUG org.springframework.test.context.support.ActiveProfilesUtils - Could not find an 'annotation declaring class' for annotation type [org.springframework.test.context.ActiveProfiles] and class [org.air.controller.PilotControllerTest]
23:03:55.131 [Test worker] DEBUG org.springframework.context.annotation.ClassPathScanningCandidateComponentProvider - Identified candidate component class: file [/Users/kimjaeseong/Documents/Air_Scheduler/AirAPI/build/classes/java/main/org/air/MainApplication.class]
23:03:55.131 [Test worker] INFO org.springframework.boot.test.context.SpringBootTestContextBootstrapper - Found @SpringBootConfiguration org.air.MainApplication for test class org.air.controller.PilotControllerTest
23:03:55.165 [Test worker] DEBUG org.springframework.boot.test.context.SpringBootTestContextBootstrapper - @TestExecutionListeners is not present for class [org.air.controller.PilotControllerTest]: using defaults.
23:03:55.166 [Test worker] INFO org.springframework.boot.test.context.SpringBootTestContextBootstrapper - Loaded default TestExecutionListener class names from location [META-INF/spring.factories]: [org.springframework.security.test.context.support.WithSecurityContextTestExecutionListener, org.springframework.security.test.context.support.ReactorContextTestExecutionListener, org.springframework.boot.test.autoconfigure.restdocs.RestDocsTestExecutionListener, org.springframework.boot.test.autoconfigure.web.client.MockRestServiceServerResetTestExecutionListener, org.springframework.boot.test.autoconfigure.web.servlet.MockMvcPrintOnlyOnFailureTestExecutionListener, org.springframework.boot.test.autoconfigure.web.servlet.WebDriverTestExecutionListener, org.springframework.boot.test.autoconfigure.webservices.client.MockWebServiceServerTestExecutionListener, org.springframework.boot.test.mock.mockito.MockitoTestExecutionListener, org.springframework.boot.test.mock.mockito.ResetMocksTestExecutionListener, org.springframework.test.context.web.ServletTestExecutionListener, org.springframework.test.context.support.DirtiesContextBeforeModesTestExecutionListener, org.springframework.test.context.event.ApplicationEventsTestExecutionListener, org.springframework.test.context.support.DependencyInjectionTestExecutionListener, org.springframework.test.context.support.DirtiesContextTestExecutionListener, org.springframework.test.context.transaction.TransactionalTestExecutionListener, org.springframework.test.context.jdbc.SqlScriptsTestExecutionListener, org.springframework.test.context.event.EventPublishingTestExecutionListener]
23:03:55.175 [Test worker] INFO org.springframework.boot.test.context.SpringBootTestContextBootstrapper - Using TestExecutionListeners: [org.springframework.test.context.web.ServletTestExecutionListener@8dfe921, org.springframework.test.context.support.DirtiesContextBeforeModesTestExecutionListener@503fbbc6, org.springframework.test.context.event.ApplicationEventsTestExecutionListener@55f45b92, org.springframework.boot.test.mock.mockito.MockitoTestExecutionListener@109f5dd8, org.springframework.boot.test.autoconfigure.SpringBootDependencyInjectionTestExecutionListener@67fe380b, org.springframework.test.context.support.DirtiesContextTestExecutionListener@4a325eb9, org.springframework.test.context.transaction.TransactionalTestExecutionListener@3dedb4a6, org.springframework.test.context.jdbc.SqlScriptsTestExecutionListener@57f64f5e, org.springframework.security.test.context.support.WithSecurityContextTestExecutionListener@415e0bcb, org.springframework.test.context.event.EventPublishingTestExecutionListener@194152cf, org.springframework.security.test.context.support.ReactorContextTestExecutionListener@49d98dc5, org.springframework.boot.test.autoconfigure.restdocs.RestDocsTestExecutionListener@2c30b71f, org.springframework.boot.test.autoconfigure.web.client.MockRestServiceServerResetTestExecutionListener@1d81e101, org.springframework.boot.test.autoconfigure.web.servlet.MockMvcPrintOnlyOnFailureTestExecutionListener@ec50f54, org.springframework.boot.test.autoconfigure.web.servlet.WebDriverTestExecutionListener@bf71cec, org.springframework.boot.test.autoconfigure.webservices.client.MockWebServiceServerTestExecutionListener@22d6cac2, org.springframework.boot.test.mock.mockito.ResetMocksTestExecutionListener@30cdae70]
23:03:55.176 [Test worker] DEBUG org.springframework.test.context.support.AbstractDirtiesContextTestExecutionListener - Before test class: context [DefaultTestContext@7c0da600 testClass = PilotControllerTest, testInstance = [null], testMethod = [null], testException = [null], mergedContextConfiguration = [WebMergedContextConfiguration@d4602a testClass = PilotControllerTest, locations = '{}', classes = '{class org.air.MainApplication}', contextInitializerClasses = '[]', activeProfiles = '{}', propertySourceLocations = '{}', propertySourceProperties = '{org.springframework.boot.test.context.SpringBootTestContextBootstrapper=true}', contextCustomizers = set[org.springframework.boot.test.autoconfigure.actuate.metrics.MetricsExportContextCustomizerFactory$DisableMetricExportContextCustomizer@62fad19, org.springframework.boot.test.autoconfigure.properties.PropertyMappingContextCustomizer@4b3fa0b3, org.springframework.boot.test.autoconfigure.web.servlet.WebDriverContextCustomizerFactory$Customizer@2b491fee, [ImportsContextCustomizer@21ae6e73 key = [org.springframework.boot.test.autoconfigure.web.servlet.MockMvcAutoConfiguration, org.springframework.boot.test.autoconfigure.web.servlet.MockMvcWebClientAutoConfiguration, org.springframework.boot.test.autoconfigure.web.servlet.MockMvcWebDriverAutoConfiguration, org.springframework.boot.autoconfigure.security.oauth2.client.servlet.OAuth2ClientAutoConfiguration, org.springframework.boot.autoconfigure.security.oauth2.resource.servlet.OAuth2ResourceServerAutoConfiguration, org.springframework.boot.autoconfigure.security.servlet.SecurityAutoConfiguration, org.springframework.boot.autoconfigure.security.servlet.SecurityFilterAutoConfiguration, org.springframework.boot.autoconfigure.security.servlet.UserDetailsServiceAutoConfiguration, org.springframework.boot.test.autoconfigure.web.servlet.MockMvcSecurityConfiguration, org.springframework.boot.test.autoconfigure.web.reactive.WebTestClientAutoConfiguration]], org.springframework.boot.test.context.filter.ExcludeFilterContextCustomizer@5049d8b2, org.springframework.boot.test.json.DuplicateJsonObjectContextCustomizerFactory$DuplicateJsonObjectContextCustomizer@346a361, org.springframework.boot.test.mock.mockito.MockitoContextCustomizer@383beff8, org.springframework.boot.test.web.client.TestRestTemplateContextCustomizer@43b4fe19, org.springframework.boot.test.context.SpringBootTestArgs@1, org.springframework.boot.test.context.SpringBootTestWebEnvironment@420a85c4], resourceBasePath = 'src/main/webapp', contextLoader = 'org.springframework.boot.test.context.SpringBootContextLoader', parent = [null]], attributes = map['org.springframework.test.context.web.ServletTestExecutionListener.activateListener' -> true]], class annotated with @DirtiesContext [false] with mode [null].

  .   ____          _            __ _ _
 /\\ / ___'_ __ _ _(_)_ __  __ _ \ \ \ \
( ( )\___ | '_ | '_| | '_ \/ _` | \ \ \ \
 \\/  ___)| |_)| | | | | || (_| |  ) ) ) )
  '  |____| .__|_| |_|_| |_\__, | / / / /
 =========|_|==============|___/=/_/_/_/
 :: Spring Boot ::                (v2.7.5)

2024-02-25 23:03:55.323  INFO 8080 --- [    Test worker] org.air.controller.PilotControllerTest   : Starting PilotControllerTest using Java 11.0.21 on kimjaeseong.local with PID 8080 (started by kimjaeseong in /Users/kimjaeseong/Documents/Air_Scheduler/AirAPI)
2024-02-25 23:03:55.325  INFO 8080 --- [    Test worker] org.air.controller.PilotControllerTest   : No active profile set, falling back to 1 default profile: "default"
2024-02-25 23:03:55.547  INFO 8080 --- [    Test worker] .s.d.r.c.RepositoryConfigurationDelegate : Bootstrapping Spring Data JPA repositories in DEFAULT mode.
2024-02-25 23:03:55.567  INFO 8080 --- [    Test worker] .s.d.r.c.RepositoryConfigurationDelegate : Finished Spring Data repository scanning in 17 ms. Found 3 JPA repository interfaces.
2024-02-25 23:03:56.068  INFO 8080 --- [    Test worker] o.hibernate.jpa.internal.util.LogHelper  : HHH000204: Processing PersistenceUnitInfo [name: default]
2024-02-25 23:03:56.088  INFO 8080 --- [    Test worker] org.hibernate.Version                    : HHH000412: Hibernate ORM core version 5.6.12.Final
2024-02-25 23:03:56.105  INFO 8080 --- [    Test worker] o.hibernate.annotations.common.Version   : HCANN000001: Hibernate Commons Annotations {5.1.2.Final}
2024-02-25 23:03:56.145  INFO 8080 --- [    Test worker] com.zaxxer.hikari.HikariDataSource       : HikariPool-1 - Starting...
2024-02-25 23:03:56.322  INFO 8080 --- [    Test worker] com.zaxxer.hikari.HikariDataSource       : HikariPool-1 - Start completed.
2024-02-25 23:03:56.335  INFO 8080 --- [    Test worker] org.hibernate.dialect.Dialect            : HHH000400: Using dialect: org.hibernate.dialect.MySQL8Dialect
2024-02-25 23:03:56.569  INFO 8080 --- [    Test worker] o.h.e.t.j.p.i.JtaPlatformInitiator       : HHH000490: Using JtaPlatform implementation: [org.hibernate.engine.transaction.jta.platform.internal.NoJtaPlatform]
2024-02-25 23:03:56.574  INFO 8080 --- [    Test worker] j.LocalContainerEntityManagerFactoryBean : Initialized JPA EntityManagerFactory for persistence unit 'default'
2024-02-25 23:03:56.692  INFO 8080 --- [    Test worker] o.s.s.web.DefaultSecurityFilterChain     : Will secure any request with [org.springframework.security.web.session.DisableEncodeUrlFilter@7612f385, org.springframework.security.web.context.request.async.WebAsyncManagerIntegrationFilter@330d16af, org.springframework.security.web.context.SecurityContextPersistenceFilter@782ed745, org.springframework.security.web.header.HeaderWriterFilter@3a7d6976, org.springframework.security.web.authentication.logout.LogoutFilter@2bed5828, org.air.jwt.JwtAuthenticationFilter@16f15a4, org.springframework.security.web.savedrequest.RequestCacheAwareFilter@8d52313, org.springframework.security.web.servletapi.SecurityContextHolderAwareRequestFilter@64f49b3, org.springframework.security.web.authentication.AnonymousAuthenticationFilter@548c5127, org.springframework.security.web.session.SessionManagementFilter@123426a9, org.springframework.security.web.access.ExceptionTranslationFilter@68a97fc1, org.springframework.security.web.access.intercept.FilterSecurityInterceptor@1edf52e6]
2024-02-25 23:03:56.714  WARN 8080 --- [    Test worker] JpaBaseConfiguration$JpaWebConfiguration : spring.jpa.open-in-view is enabled by default. Therefore, database queries may be performed during view rendering. Explicitly configure spring.jpa.open-in-view to disable this warning
2024-02-25 23:03:56.862  WARN 8080 --- [    Test worker] o.s.s.c.a.web.builders.WebSecurity       : You are asking Spring Security to ignore Mvc [pattern='/v3/api-docs/**']. This is not recommended -- please use permitAll via HttpSecurity#authorizeHttpRequests instead.
2024-02-25 23:03:56.862  INFO 8080 --- [    Test worker] o.s.s.web.DefaultSecurityFilterChain     : Will not secure Mvc [pattern='/v3/api-docs/**']
2024-02-25 23:03:56.862  WARN 8080 --- [    Test worker] o.s.s.c.a.web.builders.WebSecurity       : You are asking Spring Security to ignore Mvc [pattern='/swagger-ui/**']. This is not recommended -- please use permitAll via HttpSecurity#authorizeHttpRequests instead.
2024-02-25 23:03:56.862  INFO 8080 --- [    Test worker] o.s.s.web.DefaultSecurityFilterChain     : Will not secure Mvc [pattern='/swagger-ui/**']
2024-02-25 23:03:56.862  WARN 8080 --- [    Test worker] o.s.s.c.a.web.builders.WebSecurity       : You are asking Spring Security to ignore Mvc [pattern='/api/v1/login']. This is not recommended -- please use permitAll via HttpSecurity#authorizeHttpRequests instead.
2024-02-25 23:03:56.862  INFO 8080 --- [    Test worker] o.s.s.web.DefaultSecurityFilterChain     : Will not secure Mvc [pattern='/api/v1/login']
2024-02-25 23:03:56.862  WARN 8080 --- [    Test worker] o.s.s.c.a.web.builders.WebSecurity       : You are asking Spring Security to ignore Mvc [pattern='/h2-console/**']. This is not recommended -- please use permitAll via HttpSecurity#authorizeHttpRequests instead.
2024-02-25 23:03:56.862  INFO 8080 --- [    Test worker] o.s.s.web.DefaultSecurityFilterChain     : Will not secure Mvc [pattern='/h2-console/**']
2024-02-25 23:03:57.268  INFO 8080 --- [    Test worker] o.s.b.t.m.w.SpringBootMockServletContext : Initializing Spring TestDispatcherServlet ''
2024-02-25 23:03:57.268  INFO 8080 --- [    Test worker] o.s.t.web.servlet.TestDispatcherServlet  : Initializing Servlet ''
2024-02-25 23:03:57.268  INFO 8080 --- [    Test worker] o.s.t.web.servlet.TestDispatcherServlet  : Completed initialization in 0 ms
2024-02-25 23:03:57.278  INFO 8080 --- [    Test worker] org.air.controller.PilotControllerTest   : Started PilotControllerTest in 2.088 seconds (JVM running for 2.568)

MockHttpServletRequest:
      HTTP Method = GET
      Request URI = /getschedule_by_date
       Parameters = {s_date=[01Nov23], e_date=[03Nov23]}
          Headers = [Content-Type:"application/json;charset=UTF-8", Authorization:"eyJhbGciOiJIUzI1NiJ9.eyJzdWIiOiIwMDEyMDAiLCJ1c2VyaWQiOiIwMDEyMDAiLCJhY2Nlc3NfdGltZSI6IjExOjAzOjU3IiwiaWF0IjoxNzA4ODY5ODM3LCJleHAiOjE3MDg4NzE2Mzd9.RzElZFYScDDTtMsmPLn4kqXY8htv5ki0rg8NY4rbYVk"]
             Body = null
    Session Attrs = {}

Handler:
             Type = org.air.controller.PilotController
           Method = org.air.controller.PilotController#getDateSchedules(String, String, HttpServletRequest)

Async:
    Async started = false
     Async result = null

Resolved Exception:
             Type = null

ModelAndView:
        View name = null
             View = null
            Model = null

FlashMap:
       Attributes = null

MockHttpServletResponse:
           Status = 200
    Error message = null
          Headers = [Content-Type:"application/json", Authorization:"eyJhbGciOiJIUzI1NiJ9.eyJzdWIiOiIwMDEyMDAiLCJ1c2VyaWQiOiIwMDEyMDAiLCJhY2Nlc3NfdGltZSI6IjExOjAzOjU3IiwiaWF0IjoxNzA4ODY5ODM3LCJleHAiOjE3MDg4NzE2Mzd9.RzElZFYScDDTtMsmPLn4kqXY8htv5ki0rg8NY4rbYVk", message:"main page", X-Content-Type-Options:"nosniff", X-XSS-Protection:"1; mode=block", Cache-Control:"no-cache, no-store, max-age=0, must-revalidate", Pragma:"no-cache", Expires:"0"]
     Content type = application/json
             Body = {"schedules":[]}
    Forwarded URL = null
   Redirected URL = null
          Cookies = []
]]></system-out>
  <system-err><![CDATA[]]></system-err>
</testsuite>
