<?xml version="1.0" encoding="UTF-8"?>
<testsuite name="org.AirAPI.service.ScheduleServiceTest" tests="1" skipped="0" failures="0" errors="0" timestamp="2023-06-03T13:27:05" hostname="DESKTOP-MCHQU2R" time="0.035">
  <properties/>
  <testcase name="finddata()" classname="org.AirAPI.service.ScheduleServiceTest" time="0.035"/>
  <system-out><![CDATA[22:27:04.899 [Test worker] DEBUG org.springframework.test.context.BootstrapUtils - Instantiating CacheAwareContextLoaderDelegate from class [org.springframework.test.context.cache.DefaultCacheAwareContextLoaderDelegate]
22:27:04.905 [Test worker] DEBUG org.springframework.test.context.BootstrapUtils - Instantiating BootstrapContext using constructor [public org.springframework.test.context.support.DefaultBootstrapContext(java.lang.Class,org.springframework.test.context.CacheAwareContextLoaderDelegate)]
22:27:04.917 [Test worker] DEBUG org.springframework.test.context.BootstrapUtils - Instantiating TestContextBootstrapper for test class [org.AirAPI.service.ScheduleServiceTest] from class [org.springframework.test.context.support.DefaultTestContextBootstrapper]
22:27:04.928 [Test worker] DEBUG org.springframework.test.context.support.AbstractDelegatingSmartContextLoader - Delegating to AnnotationConfigContextLoader to process context configuration [ContextConfigurationAttributes@3fffff43 declaringClass = 'org.AirAPI.service.ScheduleServiceTest', classes = '{class org.AirAPI.config.AWStextrack, class org.AirAPI.entity.json.Jsonschedules}', locations = '{}', inheritLocations = true, initializers = '{}', inheritInitializers = true, name = [null], contextLoaderClass = 'org.springframework.test.context.ContextLoader'].
22:27:04.957 [Test worker] DEBUG org.springframework.test.context.support.ActiveProfilesUtils - Could not find an 'annotation declaring class' for annotation type [org.springframework.test.context.ActiveProfiles] and class [org.AirAPI.service.ScheduleServiceTest]
22:27:04.958 [Test worker] DEBUG org.springframework.test.context.support.DefaultTestContextBootstrapper - @TestExecutionListeners is not present for class [org.AirAPI.service.ScheduleServiceTest]: using defaults.
22:27:04.958 [Test worker] INFO org.springframework.test.context.support.DefaultTestContextBootstrapper - Loaded default TestExecutionListener class names from location [META-INF/spring.factories]: [org.springframework.security.test.context.support.WithSecurityContextTestExecutionListener, org.springframework.security.test.context.support.ReactorContextTestExecutionListener, org.springframework.boot.test.autoconfigure.restdocs.RestDocsTestExecutionListener, org.springframework.boot.test.autoconfigure.web.client.MockRestServiceServerResetTestExecutionListener, org.springframework.boot.test.autoconfigure.web.servlet.MockMvcPrintOnlyOnFailureTestExecutionListener, org.springframework.boot.test.autoconfigure.web.servlet.WebDriverTestExecutionListener, org.springframework.boot.test.autoconfigure.webservices.client.MockWebServiceServerTestExecutionListener, org.springframework.boot.test.mock.mockito.MockitoTestExecutionListener, org.springframework.boot.test.mock.mockito.ResetMocksTestExecutionListener, org.springframework.test.context.web.ServletTestExecutionListener, org.springframework.test.context.support.DirtiesContextBeforeModesTestExecutionListener, org.springframework.test.context.event.ApplicationEventsTestExecutionListener, org.springframework.test.context.support.DependencyInjectionTestExecutionListener, org.springframework.test.context.support.DirtiesContextTestExecutionListener, org.springframework.test.context.transaction.TransactionalTestExecutionListener, org.springframework.test.context.jdbc.SqlScriptsTestExecutionListener, org.springframework.test.context.event.EventPublishingTestExecutionListener]
22:27:04.966 [Test worker] INFO org.springframework.test.context.support.DefaultTestContextBootstrapper - Using TestExecutionListeners: [org.springframework.test.context.web.ServletTestExecutionListener@f9d87b, org.springframework.test.context.support.DirtiesContextBeforeModesTestExecutionListener@6ffab045, org.springframework.test.context.event.ApplicationEventsTestExecutionListener@26fb628, org.springframework.boot.test.mock.mockito.MockitoTestExecutionListener@3e2943ab, org.springframework.test.context.support.DependencyInjectionTestExecutionListener@70dd7e15, org.springframework.test.context.support.DirtiesContextTestExecutionListener@4a9f80d3, org.springframework.test.context.transaction.TransactionalTestExecutionListener@35beb15e, org.springframework.test.context.jdbc.SqlScriptsTestExecutionListener@41fe9859, org.springframework.security.test.context.support.WithSecurityContextTestExecutionListener@5ac86ba5, org.springframework.test.context.event.EventPublishingTestExecutionListener@6c67e137, org.springframework.security.test.context.support.ReactorContextTestExecutionListener@2c9399a4, org.springframework.boot.test.autoconfigure.restdocs.RestDocsTestExecutionListener@191ae03f, org.springframework.boot.test.autoconfigure.web.client.MockRestServiceServerResetTestExecutionListener@9635fa, org.springframework.boot.test.autoconfigure.web.servlet.MockMvcPrintOnlyOnFailureTestExecutionListener@53ab0286, org.springframework.boot.test.autoconfigure.web.servlet.WebDriverTestExecutionListener@63c5efee, org.springframework.boot.test.autoconfigure.webservices.client.MockWebServiceServerTestExecutionListener@2d10e0b1, org.springframework.boot.test.mock.mockito.ResetMocksTestExecutionListener@1c98290c]
22:27:04.967 [Test worker] DEBUG org.springframework.test.context.support.AbstractDirtiesContextTestExecutionListener - Before test class: context [DefaultTestContext@60d8c0dc testClass = ScheduleServiceTest, testInstance = [null], testMethod = [null], testException = [null], mergedContextConfiguration = [MergedContextConfiguration@4204541c testClass = ScheduleServiceTest, locations = '{}', classes = '{class org.AirAPI.config.AWStextrack, class org.AirAPI.entity.json.Jsonschedules}', contextInitializerClasses = '[]', activeProfiles = '{}', propertySourceLocations = '{classpath:application.properties}', propertySourceProperties = '{}', contextCustomizers = set[org.springframework.boot.test.autoconfigure.actuate.metrics.MetricsExportContextCustomizerFactory$DisableMetricExportContextCustomizer@15eebbff, org.springframework.boot.test.autoconfigure.properties.PropertyMappingContextCustomizer@0, org.springframework.boot.test.autoconfigure.web.servlet.WebDriverContextCustomizerFactory$Customizer@72445aba, org.springframework.boot.test.context.filter.ExcludeFilterContextCustomizer@1252b961, org.springframework.boot.test.json.DuplicateJsonObjectContextCustomizerFactory$DuplicateJsonObjectContextCustomizer@36676c1a, org.springframework.boot.test.mock.mockito.MockitoContextCustomizer@17977e86], contextLoader = 'org.springframework.test.context.support.DelegatingSmartContextLoader', parent = [null]], attributes = map[[empty]]], class annotated with @DirtiesContext [false] with mode [null].
22:27:05.204 [Test worker] DEBUG org.springframework.test.context.support.AbstractDelegatingSmartContextLoader - Delegating to AnnotationConfigContextLoader to load context from [MergedContextConfiguration@4204541c testClass = ScheduleServiceTest, locations = '{}', classes = '{class org.AirAPI.config.AWStextrack, class org.AirAPI.entity.json.Jsonschedules}', contextInitializerClasses = '[]', activeProfiles = '{}', propertySourceLocations = '{classpath:application.properties}', propertySourceProperties = '{}', contextCustomizers = set[org.springframework.boot.test.autoconfigure.actuate.metrics.MetricsExportContextCustomizerFactory$DisableMetricExportContextCustomizer@15eebbff, org.springframework.boot.test.autoconfigure.properties.PropertyMappingContextCustomizer@0, org.springframework.boot.test.autoconfigure.web.servlet.WebDriverContextCustomizerFactory$Customizer@72445aba, org.springframework.boot.test.context.filter.ExcludeFilterContextCustomizer@1252b961, org.springframework.boot.test.json.DuplicateJsonObjectContextCustomizerFactory$DuplicateJsonObjectContextCustomizer@36676c1a, org.springframework.boot.test.mock.mockito.MockitoContextCustomizer@17977e86], contextLoader = 'org.springframework.test.context.support.DelegatingSmartContextLoader', parent = [null]].
22:27:05.204 [Test worker] DEBUG org.springframework.test.context.support.AbstractGenericContextLoader - Loading ApplicationContext for merged context configuration [[MergedContextConfiguration@4204541c testClass = ScheduleServiceTest, locations = '{}', classes = '{class org.AirAPI.config.AWStextrack, class org.AirAPI.entity.json.Jsonschedules}', contextInitializerClasses = '[]', activeProfiles = '{}', propertySourceLocations = '{classpath:application.properties}', propertySourceProperties = '{}', contextCustomizers = set[org.springframework.boot.test.autoconfigure.actuate.metrics.MetricsExportContextCustomizerFactory$DisableMetricExportContextCustomizer@15eebbff, org.springframework.boot.test.autoconfigure.properties.PropertyMappingContextCustomizer@0, org.springframework.boot.test.autoconfigure.web.servlet.WebDriverContextCustomizerFactory$Customizer@72445aba, org.springframework.boot.test.context.filter.ExcludeFilterContextCustomizer@1252b961, org.springframework.boot.test.json.DuplicateJsonObjectContextCustomizerFactory$DuplicateJsonObjectContextCustomizer@36676c1a, org.springframework.boot.test.mock.mockito.MockitoContextCustomizer@17977e86], contextLoader = 'org.springframework.test.context.support.DelegatingSmartContextLoader', parent = [null]]].
22:27:05.221 [Test worker] DEBUG org.springframework.core.env.StandardEnvironment - Activating profiles []
22:27:05.223 [Test worker] DEBUG org.springframework.test.context.support.AnnotationConfigContextLoader - Registering component classes: {class org.AirAPI.config.AWStextrack, class org.AirAPI.entity.json.Jsonschedules}
22:27:05.239 [Test worker] DEBUG org.springframework.context.support.GenericApplicationContext - Refreshing org.springframework.context.support.GenericApplicationContext@3db663d0
22:27:05.244 [Test worker] DEBUG org.springframework.beans.factory.support.DefaultListableBeanFactory - Creating shared instance of singleton bean 'org.springframework.context.annotation.internalConfigurationAnnotationProcessor'
22:27:05.303 [Test worker] DEBUG org.springframework.beans.factory.support.DefaultListableBeanFactory - Creating shared instance of singleton bean 'org.springframework.boot.test.mock.mockito.MockitoPostProcessor'
22:27:05.318 [Test worker] DEBUG org.springframework.beans.factory.support.DefaultListableBeanFactory - Creating shared instance of singleton bean 'org.springframework.context.event.internalEventListenerProcessor'
22:27:05.319 [Test worker] DEBUG org.springframework.beans.factory.support.DefaultListableBeanFactory - Creating shared instance of singleton bean 'org.springframework.context.event.internalEventListenerFactory'
22:27:05.320 [Test worker] DEBUG org.springframework.beans.factory.support.DefaultListableBeanFactory - Creating shared instance of singleton bean 'org.springframework.context.annotation.internalAutowiredAnnotationProcessor'
22:27:05.320 [Test worker] DEBUG org.springframework.beans.factory.support.DefaultListableBeanFactory - Creating shared instance of singleton bean 'org.springframework.context.annotation.internalCommonAnnotationProcessor'
22:27:05.323 [Test worker] DEBUG org.springframework.beans.factory.support.DefaultListableBeanFactory - Creating shared instance of singleton bean 'org.springframework.context.annotation.internalPersistenceAnnotationProcessor'
22:27:05.324 [Test worker] DEBUG org.springframework.beans.factory.support.DefaultListableBeanFactory - Creating shared instance of singleton bean 'org.springframework.boot.test.mock.mockito.MockitoPostProcessor$SpyPostProcessor'
22:27:05.329 [Test worker] DEBUG org.springframework.beans.factory.support.DefaultListableBeanFactory - Creating shared instance of singleton bean 'AWStextrack'
22:27:05.349 [Test worker] DEBUG org.springframework.core.env.PropertySourcesPropertyResolver - Found key 'accesskey' in PropertySource 'configurationProperties' with value of type String
22:27:05.349 [Test worker] DEBUG org.springframework.core.env.PropertySourcesPropertyResolver - Found key 'secretkey' in PropertySource 'configurationProperties' with value of type String
22:27:05.350 [Test worker] DEBUG org.springframework.beans.factory.support.DefaultListableBeanFactory - Creating shared instance of singleton bean 'jsonschedules'
22:27:05.350 [Test worker] DEBUG org.springframework.beans.factory.support.DefaultListableBeanFactory - Creating shared instance of singleton bean 'texttoEntity'
22:27:05.359 [Test worker] DEBUG org.springframework.test.context.cache.DefaultCacheAwareContextLoaderDelegate - Storing ApplicationContext [1035363280] in cache under key [[MergedContextConfiguration@4204541c testClass = ScheduleServiceTest, locations = '{}', classes = '{class org.AirAPI.config.AWStextrack, class org.AirAPI.entity.json.Jsonschedules}', contextInitializerClasses = '[]', activeProfiles = '{}', propertySourceLocations = '{classpath:application.properties}', propertySourceProperties = '{}', contextCustomizers = set[org.springframework.boot.test.autoconfigure.actuate.metrics.MetricsExportContextCustomizerFactory$DisableMetricExportContextCustomizer@15eebbff, org.springframework.boot.test.autoconfigure.properties.PropertyMappingContextCustomizer@0, org.springframework.boot.test.autoconfigure.web.servlet.WebDriverContextCustomizerFactory$Customizer@72445aba, org.springframework.boot.test.context.filter.ExcludeFilterContextCustomizer@1252b961, org.springframework.boot.test.json.DuplicateJsonObjectContextCustomizerFactory$DuplicateJsonObjectContextCustomizer@36676c1a, org.springframework.boot.test.mock.mockito.MockitoContextCustomizer@17977e86], contextLoader = 'org.springframework.test.context.support.DelegatingSmartContextLoader', parent = [null]]]
22:27:05.360 [Test worker] DEBUG org.springframework.test.context.cache - Spring test ApplicationContext cache statistics: [DefaultContextCache@737db7f8 size = 1, maxSize = 32, parentContextCount = 0, hitCount = 0, missCount = 1]
22:27:05.360 [Test worker] DEBUG org.springframework.test.context.support.DependencyInjectionTestExecutionListener - Performing dependency injection for test context [[DefaultTestContext@60d8c0dc testClass = ScheduleServiceTest, testInstance = org.AirAPI.service.ScheduleServiceTest@39e69ea7, testMethod = [null], testException = [null], mergedContextConfiguration = [MergedContextConfiguration@4204541c testClass = ScheduleServiceTest, locations = '{}', classes = '{class org.AirAPI.config.AWStextrack, class org.AirAPI.entity.json.Jsonschedules}', contextInitializerClasses = '[]', activeProfiles = '{}', propertySourceLocations = '{classpath:application.properties}', propertySourceProperties = '{}', contextCustomizers = set[org.springframework.boot.test.autoconfigure.actuate.metrics.MetricsExportContextCustomizerFactory$DisableMetricExportContextCustomizer@15eebbff, org.springframework.boot.test.autoconfigure.properties.PropertyMappingContextCustomizer@0, org.springframework.boot.test.autoconfigure.web.servlet.WebDriverContextCustomizerFactory$Customizer@72445aba, org.springframework.boot.test.context.filter.ExcludeFilterContextCustomizer@1252b961, org.springframework.boot.test.json.DuplicateJsonObjectContextCustomizerFactory$DuplicateJsonObjectContextCustomizer@36676c1a, org.springframework.boot.test.mock.mockito.MockitoContextCustomizer@17977e86], contextLoader = 'org.springframework.test.context.support.DelegatingSmartContextLoader', parent = [null]], attributes = map['org.springframework.test.context.event.ApplicationEventsTestExecutionListener.recordApplicationEvents' -> false, 'org.springframework.boot.test.mock.mockito.MockitoTestExecutionListener.mocks' -> org.mockito.internal.configuration.InjectingAnnotationEngine$$Lambda$424/0x0000000100347440@490c7a83]]].
22:27:05.361 [Test worker] DEBUG org.springframework.test.context.cache.DefaultCacheAwareContextLoaderDelegate - Retrieved ApplicationContext [1035363280] from cache with key [[MergedContextConfiguration@4204541c testClass = ScheduleServiceTest, locations = '{}', classes = '{class org.AirAPI.config.AWStextrack, class org.AirAPI.entity.json.Jsonschedules}', contextInitializerClasses = '[]', activeProfiles = '{}', propertySourceLocations = '{classpath:application.properties}', propertySourceProperties = '{}', contextCustomizers = set[org.springframework.boot.test.autoconfigure.actuate.metrics.MetricsExportContextCustomizerFactory$DisableMetricExportContextCustomizer@15eebbff, org.springframework.boot.test.autoconfigure.properties.PropertyMappingContextCustomizer@0, org.springframework.boot.test.autoconfigure.web.servlet.WebDriverContextCustomizerFactory$Customizer@72445aba, org.springframework.boot.test.context.filter.ExcludeFilterContextCustomizer@1252b961, org.springframework.boot.test.json.DuplicateJsonObjectContextCustomizerFactory$DuplicateJsonObjectContextCustomizer@36676c1a, org.springframework.boot.test.mock.mockito.MockitoContextCustomizer@17977e86], contextLoader = 'org.springframework.test.context.support.DelegatingSmartContextLoader', parent = [null]]]
22:27:05.361 [Test worker] DEBUG org.springframework.test.context.cache - Spring test ApplicationContext cache statistics: [DefaultContextCache@737db7f8 size = 1, maxSize = 32, parentContextCount = 0, hitCount = 1, missCount = 1]
22:27:05.364 [Test worker] DEBUG org.springframework.test.context.cache.DefaultCacheAwareContextLoaderDelegate - Retrieved ApplicationContext [1035363280] from cache with key [[MergedContextConfiguration@4204541c testClass = ScheduleServiceTest, locations = '{}', classes = '{class org.AirAPI.config.AWStextrack, class org.AirAPI.entity.json.Jsonschedules}', contextInitializerClasses = '[]', activeProfiles = '{}', propertySourceLocations = '{classpath:application.properties}', propertySourceProperties = '{}', contextCustomizers = set[org.springframework.boot.test.autoconfigure.actuate.metrics.MetricsExportContextCustomizerFactory$DisableMetricExportContextCustomizer@15eebbff, org.springframework.boot.test.autoconfigure.properties.PropertyMappingContextCustomizer@0, org.springframework.boot.test.autoconfigure.web.servlet.WebDriverContextCustomizerFactory$Customizer@72445aba, org.springframework.boot.test.context.filter.ExcludeFilterContextCustomizer@1252b961, org.springframework.boot.test.json.DuplicateJsonObjectContextCustomizerFactory$DuplicateJsonObjectContextCustomizer@36676c1a, org.springframework.boot.test.mock.mockito.MockitoContextCustomizer@17977e86], contextLoader = 'org.springframework.test.context.support.DelegatingSmartContextLoader', parent = [null]]]
22:27:05.364 [Test worker] DEBUG org.springframework.test.context.cache - Spring test ApplicationContext cache statistics: [DefaultContextCache@737db7f8 size = 1, maxSize = 32, parentContextCount = 0, hitCount = 2, missCount = 1]
22:27:05.367 [Test worker] DEBUG org.springframework.test.context.support.AbstractDirtiesContextTestExecutionListener - Before test method: context [DefaultTestContext@60d8c0dc testClass = ScheduleServiceTest, testInstance = org.AirAPI.service.ScheduleServiceTest@39e69ea7, testMethod = finddata@ScheduleServiceTest, testException = [null], mergedContextConfiguration = [MergedContextConfiguration@4204541c testClass = ScheduleServiceTest, locations = '{}', classes = '{class org.AirAPI.config.AWStextrack, class org.AirAPI.entity.json.Jsonschedules}', contextInitializerClasses = '[]', activeProfiles = '{}', propertySourceLocations = '{classpath:application.properties}', propertySourceProperties = '{}', contextCustomizers = set[org.springframework.boot.test.autoconfigure.actuate.metrics.MetricsExportContextCustomizerFactory$DisableMetricExportContextCustomizer@15eebbff, org.springframework.boot.test.autoconfigure.properties.PropertyMappingContextCustomizer@0, org.springframework.boot.test.autoconfigure.web.servlet.WebDriverContextCustomizerFactory$Customizer@72445aba, org.springframework.boot.test.context.filter.ExcludeFilterContextCustomizer@1252b961, org.springframework.boot.test.json.DuplicateJsonObjectContextCustomizerFactory$DuplicateJsonObjectContextCustomizer@36676c1a, org.springframework.boot.test.mock.mockito.MockitoContextCustomizer@17977e86], contextLoader = 'org.springframework.test.context.support.DelegatingSmartContextLoader', parent = [null]], attributes = map['org.springframework.test.context.event.ApplicationEventsTestExecutionListener.recordApplicationEvents' -> false, 'org.springframework.boot.test.mock.mockito.MockitoTestExecutionListener.mocks' -> org.mockito.internal.configuration.InjectingAnnotationEngine$$Lambda$424/0x0000000100347440@490c7a83]], class annotated with @DirtiesContext [false] with mode [null], method annotated with @DirtiesContext [false] with mode [null].
22:27:05.371 [Test worker] DEBUG org.springframework.test.context.cache.DefaultCacheAwareContextLoaderDelegate - Retrieved ApplicationContext [1035363280] from cache with key [[MergedContextConfiguration@4204541c testClass = ScheduleServiceTest, locations = '{}', classes = '{class org.AirAPI.config.AWStextrack, class org.AirAPI.entity.json.Jsonschedules}', contextInitializerClasses = '[]', activeProfiles = '{}', propertySourceLocations = '{classpath:application.properties}', propertySourceProperties = '{}', contextCustomizers = set[org.springframework.boot.test.autoconfigure.actuate.metrics.MetricsExportContextCustomizerFactory$DisableMetricExportContextCustomizer@15eebbff, org.springframework.boot.test.autoconfigure.properties.PropertyMappingContextCustomizer@0, org.springframework.boot.test.autoconfigure.web.servlet.WebDriverContextCustomizerFactory$Customizer@72445aba, org.springframework.boot.test.context.filter.ExcludeFilterContextCustomizer@1252b961, org.springframework.boot.test.json.DuplicateJsonObjectContextCustomizerFactory$DuplicateJsonObjectContextCustomizer@36676c1a, org.springframework.boot.test.mock.mockito.MockitoContextCustomizer@17977e86], contextLoader = 'org.springframework.test.context.support.DelegatingSmartContextLoader', parent = [null]]]
22:27:05.371 [Test worker] DEBUG org.springframework.test.context.cache - Spring test ApplicationContext cache statistics: [DefaultContextCache@737db7f8 size = 1, maxSize = 32, parentContextCount = 0, hitCount = 3, missCount = 1]
22:27:05.372 [Test worker] DEBUG org.springframework.test.context.cache.DefaultCacheAwareContextLoaderDelegate - Retrieved ApplicationContext [1035363280] from cache with key [[MergedContextConfiguration@4204541c testClass = ScheduleServiceTest, locations = '{}', classes = '{class org.AirAPI.config.AWStextrack, class org.AirAPI.entity.json.Jsonschedules}', contextInitializerClasses = '[]', activeProfiles = '{}', propertySourceLocations = '{classpath:application.properties}', propertySourceProperties = '{}', contextCustomizers = set[org.springframework.boot.test.autoconfigure.actuate.metrics.MetricsExportContextCustomizerFactory$DisableMetricExportContextCustomizer@15eebbff, org.springframework.boot.test.autoconfigure.properties.PropertyMappingContextCustomizer@0, org.springframework.boot.test.autoconfigure.web.servlet.WebDriverContextCustomizerFactory$Customizer@72445aba, org.springframework.boot.test.context.filter.ExcludeFilterContextCustomizer@1252b961, org.springframework.boot.test.json.DuplicateJsonObjectContextCustomizerFactory$DuplicateJsonObjectContextCustomizer@36676c1a, org.springframework.boot.test.mock.mockito.MockitoContextCustomizer@17977e86], contextLoader = 'org.springframework.test.context.support.DelegatingSmartContextLoader', parent = [null]]]
22:27:05.372 [Test worker] DEBUG org.springframework.test.context.cache - Spring test ApplicationContext cache statistics: [DefaultContextCache@737db7f8 size = 1, maxSize = 32, parentContextCount = 0, hitCount = 4, missCount = 1]
22:27:05.374 [Test worker] DEBUG org.springframework.test.context.cache.DefaultCacheAwareContextLoaderDelegate - Retrieved ApplicationContext [1035363280] from cache with key [[MergedContextConfiguration@4204541c testClass = ScheduleServiceTest, locations = '{}', classes = '{class org.AirAPI.config.AWStextrack, class org.AirAPI.entity.json.Jsonschedules}', contextInitializerClasses = '[]', activeProfiles = '{}', propertySourceLocations = '{classpath:application.properties}', propertySourceProperties = '{}', contextCustomizers = set[org.springframework.boot.test.autoconfigure.actuate.metrics.MetricsExportContextCustomizerFactory$DisableMetricExportContextCustomizer@15eebbff, org.springframework.boot.test.autoconfigure.properties.PropertyMappingContextCustomizer@0, org.springframework.boot.test.autoconfigure.web.servlet.WebDriverContextCustomizerFactory$Customizer@72445aba, org.springframework.boot.test.context.filter.ExcludeFilterContextCustomizer@1252b961, org.springframework.boot.test.json.DuplicateJsonObjectContextCustomizerFactory$DuplicateJsonObjectContextCustomizer@36676c1a, org.springframework.boot.test.mock.mockito.MockitoContextCustomizer@17977e86], contextLoader = 'org.springframework.test.context.support.DelegatingSmartContextLoader', parent = [null]]]
22:27:05.374 [Test worker] DEBUG org.springframework.test.context.cache - Spring test ApplicationContext cache statistics: [DefaultContextCache@737db7f8 size = 1, maxSize = 32, parentContextCount = 0, hitCount = 5, missCount = 1]
22:27:05.393 [Test worker] DEBUG org.springframework.test.context.cache.DefaultCacheAwareContextLoaderDelegate - Retrieved ApplicationContext [1035363280] from cache with key [[MergedContextConfiguration@4204541c testClass = ScheduleServiceTest, locations = '{}', classes = '{class org.AirAPI.config.AWStextrack, class org.AirAPI.entity.json.Jsonschedules}', contextInitializerClasses = '[]', activeProfiles = '{}', propertySourceLocations = '{classpath:application.properties}', propertySourceProperties = '{}', contextCustomizers = set[org.springframework.boot.test.autoconfigure.actuate.metrics.MetricsExportContextCustomizerFactory$DisableMetricExportContextCustomizer@15eebbff, org.springframework.boot.test.autoconfigure.properties.PropertyMappingContextCustomizer@0, org.springframework.boot.test.autoconfigure.web.servlet.WebDriverContextCustomizerFactory$Customizer@72445aba, org.springframework.boot.test.context.filter.ExcludeFilterContextCustomizer@1252b961, org.springframework.boot.test.json.DuplicateJsonObjectContextCustomizerFactory$DuplicateJsonObjectContextCustomizer@36676c1a, org.springframework.boot.test.mock.mockito.MockitoContextCustomizer@17977e86], contextLoader = 'org.springframework.test.context.support.DelegatingSmartContextLoader', parent = [null]]]
22:27:05.393 [Test worker] DEBUG org.springframework.test.context.cache - Spring test ApplicationContext cache statistics: [DefaultContextCache@737db7f8 size = 1, maxSize = 32, parentContextCount = 0, hitCount = 6, missCount = 1]
22:27:05.394 [Test worker] DEBUG org.springframework.test.context.cache.DefaultCacheAwareContextLoaderDelegate - Retrieved ApplicationContext [1035363280] from cache with key [[MergedContextConfiguration@4204541c testClass = ScheduleServiceTest, locations = '{}', classes = '{class org.AirAPI.config.AWStextrack, class org.AirAPI.entity.json.Jsonschedules}', contextInitializerClasses = '[]', activeProfiles = '{}', propertySourceLocations = '{classpath:application.properties}', propertySourceProperties = '{}', contextCustomizers = set[org.springframework.boot.test.autoconfigure.actuate.metrics.MetricsExportContextCustomizerFactory$DisableMetricExportContextCustomizer@15eebbff, org.springframework.boot.test.autoconfigure.properties.PropertyMappingContextCustomizer@0, org.springframework.boot.test.autoconfigure.web.servlet.WebDriverContextCustomizerFactory$Customizer@72445aba, org.springframework.boot.test.context.filter.ExcludeFilterContextCustomizer@1252b961, org.springframework.boot.test.json.DuplicateJsonObjectContextCustomizerFactory$DuplicateJsonObjectContextCustomizer@36676c1a, org.springframework.boot.test.mock.mockito.MockitoContextCustomizer@17977e86], contextLoader = 'org.springframework.test.context.support.DelegatingSmartContextLoader', parent = [null]]]
22:27:05.394 [Test worker] DEBUG org.springframework.test.context.cache - Spring test ApplicationContext cache statistics: [DefaultContextCache@737db7f8 size = 1, maxSize = 32, parentContextCount = 0, hitCount = 7, missCount = 1]
22:27:05.394 [Test worker] DEBUG org.springframework.test.context.cache.DefaultCacheAwareContextLoaderDelegate - Retrieved ApplicationContext [1035363280] from cache with key [[MergedContextConfiguration@4204541c testClass = ScheduleServiceTest, locations = '{}', classes = '{class org.AirAPI.config.AWStextrack, class org.AirAPI.entity.json.Jsonschedules}', contextInitializerClasses = '[]', activeProfiles = '{}', propertySourceLocations = '{classpath:application.properties}', propertySourceProperties = '{}', contextCustomizers = set[org.springframework.boot.test.autoconfigure.actuate.metrics.MetricsExportContextCustomizerFactory$DisableMetricExportContextCustomizer@15eebbff, org.springframework.boot.test.autoconfigure.properties.PropertyMappingContextCustomizer@0, org.springframework.boot.test.autoconfigure.web.servlet.WebDriverContextCustomizerFactory$Customizer@72445aba, org.springframework.boot.test.context.filter.ExcludeFilterContextCustomizer@1252b961, org.springframework.boot.test.json.DuplicateJsonObjectContextCustomizerFactory$DuplicateJsonObjectContextCustomizer@36676c1a, org.springframework.boot.test.mock.mockito.MockitoContextCustomizer@17977e86], contextLoader = 'org.springframework.test.context.support.DelegatingSmartContextLoader', parent = [null]]]
22:27:05.395 [Test worker] DEBUG org.springframework.test.context.cache - Spring test ApplicationContext cache statistics: [DefaultContextCache@737db7f8 size = 1, maxSize = 32, parentContextCount = 0, hitCount = 8, missCount = 1]
22:27:05.395 [Test worker] DEBUG org.springframework.test.context.cache.DefaultCacheAwareContextLoaderDelegate - Retrieved ApplicationContext [1035363280] from cache with key [[MergedContextConfiguration@4204541c testClass = ScheduleServiceTest, locations = '{}', classes = '{class org.AirAPI.config.AWStextrack, class org.AirAPI.entity.json.Jsonschedules}', contextInitializerClasses = '[]', activeProfiles = '{}', propertySourceLocations = '{classpath:application.properties}', propertySourceProperties = '{}', contextCustomizers = set[org.springframework.boot.test.autoconfigure.actuate.metrics.MetricsExportContextCustomizerFactory$DisableMetricExportContextCustomizer@15eebbff, org.springframework.boot.test.autoconfigure.properties.PropertyMappingContextCustomizer@0, org.springframework.boot.test.autoconfigure.web.servlet.WebDriverContextCustomizerFactory$Customizer@72445aba, org.springframework.boot.test.context.filter.ExcludeFilterContextCustomizer@1252b961, org.springframework.boot.test.json.DuplicateJsonObjectContextCustomizerFactory$DuplicateJsonObjectContextCustomizer@36676c1a, org.springframework.boot.test.mock.mockito.MockitoContextCustomizer@17977e86], contextLoader = 'org.springframework.test.context.support.DelegatingSmartContextLoader', parent = [null]]]
22:27:05.395 [Test worker] DEBUG org.springframework.test.context.cache - Spring test ApplicationContext cache statistics: [DefaultContextCache@737db7f8 size = 1, maxSize = 32, parentContextCount = 0, hitCount = 9, missCount = 1]
22:27:05.396 [Test worker] DEBUG org.springframework.test.context.cache.DefaultCacheAwareContextLoaderDelegate - Retrieved ApplicationContext [1035363280] from cache with key [[MergedContextConfiguration@4204541c testClass = ScheduleServiceTest, locations = '{}', classes = '{class org.AirAPI.config.AWStextrack, class org.AirAPI.entity.json.Jsonschedules}', contextInitializerClasses = '[]', activeProfiles = '{}', propertySourceLocations = '{classpath:application.properties}', propertySourceProperties = '{}', contextCustomizers = set[org.springframework.boot.test.autoconfigure.actuate.metrics.MetricsExportContextCustomizerFactory$DisableMetricExportContextCustomizer@15eebbff, org.springframework.boot.test.autoconfigure.properties.PropertyMappingContextCustomizer@0, org.springframework.boot.test.autoconfigure.web.servlet.WebDriverContextCustomizerFactory$Customizer@72445aba, org.springframework.boot.test.context.filter.ExcludeFilterContextCustomizer@1252b961, org.springframework.boot.test.json.DuplicateJsonObjectContextCustomizerFactory$DuplicateJsonObjectContextCustomizer@36676c1a, org.springframework.boot.test.mock.mockito.MockitoContextCustomizer@17977e86], contextLoader = 'org.springframework.test.context.support.DelegatingSmartContextLoader', parent = [null]]]
22:27:05.396 [Test worker] DEBUG org.springframework.test.context.cache - Spring test ApplicationContext cache statistics: [DefaultContextCache@737db7f8 size = 1, maxSize = 32, parentContextCount = 0, hitCount = 10, missCount = 1]
22:27:05.397 [Test worker] DEBUG org.springframework.test.context.cache.DefaultCacheAwareContextLoaderDelegate - Retrieved ApplicationContext [1035363280] from cache with key [[MergedContextConfiguration@4204541c testClass = ScheduleServiceTest, locations = '{}', classes = '{class org.AirAPI.config.AWStextrack, class org.AirAPI.entity.json.Jsonschedules}', contextInitializerClasses = '[]', activeProfiles = '{}', propertySourceLocations = '{classpath:application.properties}', propertySourceProperties = '{}', contextCustomizers = set[org.springframework.boot.test.autoconfigure.actuate.metrics.MetricsExportContextCustomizerFactory$DisableMetricExportContextCustomizer@15eebbff, org.springframework.boot.test.autoconfigure.properties.PropertyMappingContextCustomizer@0, org.springframework.boot.test.autoconfigure.web.servlet.WebDriverContextCustomizerFactory$Customizer@72445aba, org.springframework.boot.test.context.filter.ExcludeFilterContextCustomizer@1252b961, org.springframework.boot.test.json.DuplicateJsonObjectContextCustomizerFactory$DuplicateJsonObjectContextCustomizer@36676c1a, org.springframework.boot.test.mock.mockito.MockitoContextCustomizer@17977e86], contextLoader = 'org.springframework.test.context.support.DelegatingSmartContextLoader', parent = [null]]]
22:27:05.397 [Test worker] DEBUG org.springframework.test.context.cache - Spring test ApplicationContext cache statistics: [DefaultContextCache@737db7f8 size = 1, maxSize = 32, parentContextCount = 0, hitCount = 11, missCount = 1]
22:27:05.398 [Test worker] DEBUG org.springframework.test.context.support.AbstractDirtiesContextTestExecutionListener - After test method: context [DefaultTestContext@60d8c0dc testClass = ScheduleServiceTest, testInstance = org.AirAPI.service.ScheduleServiceTest@39e69ea7, testMethod = finddata@ScheduleServiceTest, testException = [null], mergedContextConfiguration = [MergedContextConfiguration@4204541c testClass = ScheduleServiceTest, locations = '{}', classes = '{class org.AirAPI.config.AWStextrack, class org.AirAPI.entity.json.Jsonschedules}', contextInitializerClasses = '[]', activeProfiles = '{}', propertySourceLocations = '{classpath:application.properties}', propertySourceProperties = '{}', contextCustomizers = set[org.springframework.boot.test.autoconfigure.actuate.metrics.MetricsExportContextCustomizerFactory$DisableMetricExportContextCustomizer@15eebbff, org.springframework.boot.test.autoconfigure.properties.PropertyMappingContextCustomizer@0, org.springframework.boot.test.autoconfigure.web.servlet.WebDriverContextCustomizerFactory$Customizer@72445aba, org.springframework.boot.test.context.filter.ExcludeFilterContextCustomizer@1252b961, org.springframework.boot.test.json.DuplicateJsonObjectContextCustomizerFactory$DuplicateJsonObjectContextCustomizer@36676c1a, org.springframework.boot.test.mock.mockito.MockitoContextCustomizer@17977e86], contextLoader = 'org.springframework.test.context.support.DelegatingSmartContextLoader', parent = [null]], attributes = map['org.springframework.test.context.event.ApplicationEventsTestExecutionListener.recordApplicationEvents' -> false, 'org.springframework.boot.test.mock.mockito.MockitoTestExecutionListener.mocks' -> org.mockito.internal.configuration.InjectingAnnotationEngine$$Lambda$424/0x0000000100347440@490c7a83]], class annotated with @DirtiesContext [false] with mode [null], method annotated with @DirtiesContext [false] with mode [null].
22:27:05.402 [Test worker] DEBUG org.springframework.test.context.cache.DefaultCacheAwareContextLoaderDelegate - Retrieved ApplicationContext [1035363280] from cache with key [[MergedContextConfiguration@4204541c testClass = ScheduleServiceTest, locations = '{}', classes = '{class org.AirAPI.config.AWStextrack, class org.AirAPI.entity.json.Jsonschedules}', contextInitializerClasses = '[]', activeProfiles = '{}', propertySourceLocations = '{classpath:application.properties}', propertySourceProperties = '{}', contextCustomizers = set[org.springframework.boot.test.autoconfigure.actuate.metrics.MetricsExportContextCustomizerFactory$DisableMetricExportContextCustomizer@15eebbff, org.springframework.boot.test.autoconfigure.properties.PropertyMappingContextCustomizer@0, org.springframework.boot.test.autoconfigure.web.servlet.WebDriverContextCustomizerFactory$Customizer@72445aba, org.springframework.boot.test.context.filter.ExcludeFilterContextCustomizer@1252b961, org.springframework.boot.test.json.DuplicateJsonObjectContextCustomizerFactory$DuplicateJsonObjectContextCustomizer@36676c1a, org.springframework.boot.test.mock.mockito.MockitoContextCustomizer@17977e86], contextLoader = 'org.springframework.test.context.support.DelegatingSmartContextLoader', parent = [null]]]
22:27:05.402 [Test worker] DEBUG org.springframework.test.context.cache - Spring test ApplicationContext cache statistics: [DefaultContextCache@737db7f8 size = 1, maxSize = 32, parentContextCount = 0, hitCount = 12, missCount = 1]
22:27:05.402 [Test worker] DEBUG org.springframework.test.context.support.AbstractDirtiesContextTestExecutionListener - After test class: context [DefaultTestContext@60d8c0dc testClass = ScheduleServiceTest, testInstance = [null], testMethod = [null], testException = [null], mergedContextConfiguration = [MergedContextConfiguration@4204541c testClass = ScheduleServiceTest, locations = '{}', classes = '{class org.AirAPI.config.AWStextrack, class org.AirAPI.entity.json.Jsonschedules}', contextInitializerClasses = '[]', activeProfiles = '{}', propertySourceLocations = '{classpath:application.properties}', propertySourceProperties = '{}', contextCustomizers = set[org.springframework.boot.test.autoconfigure.actuate.metrics.MetricsExportContextCustomizerFactory$DisableMetricExportContextCustomizer@15eebbff, org.springframework.boot.test.autoconfigure.properties.PropertyMappingContextCustomizer@0, org.springframework.boot.test.autoconfigure.web.servlet.WebDriverContextCustomizerFactory$Customizer@72445aba, org.springframework.boot.test.context.filter.ExcludeFilterContextCustomizer@1252b961, org.springframework.boot.test.json.DuplicateJsonObjectContextCustomizerFactory$DuplicateJsonObjectContextCustomizer@36676c1a, org.springframework.boot.test.mock.mockito.MockitoContextCustomizer@17977e86], contextLoader = 'org.springframework.test.context.support.DelegatingSmartContextLoader', parent = [null]], attributes = map['org.springframework.test.context.event.ApplicationEventsTestExecutionListener.recordApplicationEvents' -> false, 'org.springframework.boot.test.mock.mockito.MockitoTestExecutionListener.mocks' -> org.mockito.internal.configuration.InjectingAnnotationEngine$$Lambda$424/0x0000000100347440@490c7a83]], class annotated with @DirtiesContext [false] with mode [null].
]]></system-out>
  <system-err><![CDATA[]]></system-err>
</testsuite>
