<?xml version="1.0" encoding="UTF-8"?>
<testsuite name="org.air.service.Datatest" tests="1" skipped="0" failures="0" errors="0" timestamp="2023-10-29T09:21:18" hostname="DESKTOP-MCHQU2R" time="0.096">
  <properties/>
  <testcase name="delete_test()" classname="org.air.service.Datatest" time="0.096"/>
  <system-out><![CDATA[18:21:16.025 [Test worker] DEBUG org.springframework.test.context.BootstrapUtils - Instantiating CacheAwareContextLoaderDelegate from class [org.springframework.test.context.cache.DefaultCacheAwareContextLoaderDelegate]
18:21:16.030 [Test worker] DEBUG org.springframework.test.context.BootstrapUtils - Instantiating BootstrapContext using constructor [public org.springframework.test.context.support.DefaultBootstrapContext(java.lang.Class,org.springframework.test.context.CacheAwareContextLoaderDelegate)]
18:21:16.052 [Test worker] DEBUG org.springframework.test.context.BootstrapUtils - Instantiating TestContextBootstrapper for test class [org.air.service.Datatest] from class [org.springframework.boot.test.autoconfigure.orm.jpa.DataJpaTestContextBootstrapper]
18:21:16.059 [Test worker] INFO org.springframework.boot.test.autoconfigure.orm.jpa.DataJpaTestContextBootstrapper - Neither @ContextConfiguration nor @ContextHierarchy found for test class [org.air.service.Datatest], using SpringBootContextLoader
18:21:16.061 [Test worker] DEBUG org.springframework.test.context.support.AbstractContextLoader - Did not detect default resource location for test class [org.air.service.Datatest]: class path resource [org/air/service/Datatest-context.xml] does not exist
18:21:16.062 [Test worker] DEBUG org.springframework.test.context.support.AbstractContextLoader - Did not detect default resource location for test class [org.air.service.Datatest]: class path resource [org/air/service/DatatestContext.groovy] does not exist
18:21:16.062 [Test worker] INFO org.springframework.test.context.support.AbstractContextLoader - Could not detect default resource locations for test class [org.air.service.Datatest]: no resource found for suffixes {-context.xml, Context.groovy}.
18:21:16.062 [Test worker] INFO org.springframework.test.context.support.AnnotationConfigContextLoaderUtils - Could not detect default configuration classes for test class [org.air.service.Datatest]: Datatest does not declare any static, non-private, non-final, nested classes annotated with @Configuration.
18:21:16.100 [Test worker] DEBUG org.springframework.test.context.support.ActiveProfilesUtils - Could not find an 'annotation declaring class' for annotation type [org.springframework.test.context.ActiveProfiles] and class [org.air.service.Datatest]
18:21:16.138 [Test worker] DEBUG org.springframework.context.annotation.ClassPathScanningCandidateComponentProvider - Identified candidate component class: file [C:\Users\KIMJAESUNG\Air_Scheduler\AirAPI\build\classes\java\main\org\air\MainApplication.class]
18:21:16.139 [Test worker] INFO org.springframework.boot.test.context.SpringBootTestContextBootstrapper - Found @SpringBootConfiguration org.air.MainApplication for test class org.air.service.Datatest
18:21:16.140 [Test worker] DEBUG org.springframework.boot.test.autoconfigure.orm.jpa.DataJpaTestContextBootstrapper - @TestExecutionListeners is not present for class [org.air.service.Datatest]: using defaults.
18:21:16.141 [Test worker] INFO org.springframework.boot.test.autoconfigure.orm.jpa.DataJpaTestContextBootstrapper - Loaded default TestExecutionListener class names from location [META-INF/spring.factories]: [org.springframework.security.test.context.support.WithSecurityContextTestExecutionListener, org.springframework.security.test.context.support.ReactorContextTestExecutionListener, org.springframework.boot.test.autoconfigure.restdocs.RestDocsTestExecutionListener, org.springframework.boot.test.autoconfigure.web.client.MockRestServiceServerResetTestExecutionListener, org.springframework.boot.test.autoconfigure.web.servlet.MockMvcPrintOnlyOnFailureTestExecutionListener, org.springframework.boot.test.autoconfigure.web.servlet.WebDriverTestExecutionListener, org.springframework.boot.test.autoconfigure.webservices.client.MockWebServiceServerTestExecutionListener, org.springframework.boot.test.mock.mockito.MockitoTestExecutionListener, org.springframework.boot.test.mock.mockito.ResetMocksTestExecutionListener, org.springframework.test.context.web.ServletTestExecutionListener, org.springframework.test.context.support.DirtiesContextBeforeModesTestExecutionListener, org.springframework.test.context.event.ApplicationEventsTestExecutionListener, org.springframework.test.context.support.DependencyInjectionTestExecutionListener, org.springframework.test.context.support.DirtiesContextTestExecutionListener, org.springframework.test.context.transaction.TransactionalTestExecutionListener, org.springframework.test.context.jdbc.SqlScriptsTestExecutionListener, org.springframework.test.context.event.EventPublishingTestExecutionListener]
18:21:16.151 [Test worker] INFO org.springframework.boot.test.autoconfigure.orm.jpa.DataJpaTestContextBootstrapper - Using TestExecutionListeners: [org.springframework.test.context.web.ServletTestExecutionListener@425357dd, org.springframework.test.context.support.DirtiesContextBeforeModesTestExecutionListener@2102a4d5, org.springframework.test.context.event.ApplicationEventsTestExecutionListener@210386e0, org.springframework.boot.test.mock.mockito.MockitoTestExecutionListener@3d4d3fe7, org.springframework.boot.test.autoconfigure.SpringBootDependencyInjectionTestExecutionListener@65f87a2c, org.springframework.test.context.support.DirtiesContextTestExecutionListener@51684e4a, org.springframework.test.context.transaction.TransactionalTestExecutionListener@6ce1f601, org.springframework.test.context.jdbc.SqlScriptsTestExecutionListener@38875e7d, org.springframework.security.test.context.support.WithSecurityContextTestExecutionListener@1e886a5b, org.springframework.test.context.event.EventPublishingTestExecutionListener@d816dde, org.springframework.security.test.context.support.ReactorContextTestExecutionListener@6e33c391, org.springframework.boot.test.autoconfigure.restdocs.RestDocsTestExecutionListener@6c451c9c, org.springframework.boot.test.autoconfigure.web.client.MockRestServiceServerResetTestExecutionListener@31c269fd, org.springframework.boot.test.autoconfigure.web.servlet.MockMvcPrintOnlyOnFailureTestExecutionListener@372b0d86, org.springframework.boot.test.autoconfigure.web.servlet.WebDriverTestExecutionListener@47747fb9, org.springframework.boot.test.autoconfigure.webservices.client.MockWebServiceServerTestExecutionListener@3113a37, org.springframework.boot.test.mock.mockito.ResetMocksTestExecutionListener@213e3629]
18:21:16.154 [Test worker] DEBUG org.springframework.test.context.support.AbstractDirtiesContextTestExecutionListener - Before test class: context [DefaultTestContext@36ac8a63 testClass = Datatest, testInstance = [null], testMethod = [null], testException = [null], mergedContextConfiguration = [MergedContextConfiguration@4d9d1b69 testClass = Datatest, locations = '{}', classes = '{class org.air.MainApplication}', contextInitializerClasses = '[]', activeProfiles = '{}', propertySourceLocations = '{}', propertySourceProperties = '{org.springframework.boot.test.autoconfigure.orm.jpa.DataJpaTestContextBootstrapper=true}', contextCustomizers = set[org.springframework.boot.test.autoconfigure.OverrideAutoConfigurationContextCustomizerFactory$DisableAutoConfigurationContextCustomizer@eb6449b, org.springframework.boot.test.autoconfigure.actuate.metrics.MetricsExportContextCustomizerFactory$DisableMetricExportContextCustomizer@2a39fe6a, org.springframework.boot.test.autoconfigure.filter.TypeExcludeFiltersContextCustomizer@351584c0, org.springframework.boot.test.autoconfigure.properties.PropertyMappingContextCustomizer@eee89e5, org.springframework.boot.test.autoconfigure.web.servlet.WebDriverContextCustomizerFactory$Customizer@4e76dac, [ImportsContextCustomizer@52c8295b key = [org.springframework.boot.autoconfigure.cache.CacheAutoConfiguration, org.springframework.boot.autoconfigure.data.jpa.JpaRepositoriesAutoConfiguration, org.springframework.boot.autoconfigure.flyway.FlywayAutoConfiguration, org.springframework.boot.autoconfigure.jdbc.DataSourceAutoConfiguration, org.springframework.boot.autoconfigure.jdbc.DataSourceTransactionManagerAutoConfiguration, org.springframework.boot.autoconfigure.jdbc.JdbcTemplateAutoConfiguration, org.springframework.boot.autoconfigure.liquibase.LiquibaseAutoConfiguration, org.springframework.boot.autoconfigure.orm.jpa.HibernateJpaAutoConfiguration, org.springframework.boot.autoconfigure.sql.init.SqlInitializationAutoConfiguration, org.springframework.boot.autoconfigure.transaction.TransactionAutoConfiguration, org.springframework.boot.test.autoconfigure.jdbc.TestDatabaseAutoConfiguration, org.springframework.boot.test.autoconfigure.orm.jpa.TestEntityManagerAutoConfiguration, org.air.service.ScheduleService]], org.springframework.boot.test.context.filter.ExcludeFilterContextCustomizer@4ef27d66, org.springframework.boot.test.json.DuplicateJsonObjectContextCustomizerFactory$DuplicateJsonObjectContextCustomizer@5c48c0c0, org.springframework.boot.test.mock.mockito.MockitoContextCustomizer@8eba65d0, org.springframework.boot.test.context.SpringBootTestArgs@1, org.springframework.boot.test.context.SpringBootTestWebEnvironment@0], contextLoader = 'org.springframework.boot.test.context.SpringBootContextLoader', parent = [null]], attributes = map[[empty]]], class annotated with @DirtiesContext [false] with mode [null].

  .   ____          _            __ _ _
 /\\ / ___'_ __ _ _(_)_ __  __ _ \ \ \ \
( ( )\___ | '_ | '_| | '_ \/ _` | \ \ \ \
 \\/  ___)| |_)| | | | | || (_| |  ) ) ) )
  '  |____| .__|_| |_|_| |_\__, | / / / /
 =========|_|==============|___/=/_/_/_/
 :: Spring Boot ::                (v2.7.5)

2023-10-29 18:21:16.414  INFO 24100 --- [    Test worker] org.air.service.Datatest                 : Starting Datatest using Java 11.0.19 on DESKTOP-MCHQU2R with PID 24100 (started by KIMJAESUNG in C:\Users\KIMJAESUNG\Air_Scheduler\AirAPI)
2023-10-29 18:21:16.416  INFO 24100 --- [    Test worker] org.air.service.Datatest                 : No active profile set, falling back to 1 default profile: "default"
2023-10-29 18:21:16.696  INFO 24100 --- [    Test worker] .s.d.r.c.RepositoryConfigurationDelegate : Bootstrapping Spring Data JPA repositories in DEFAULT mode.
2023-10-29 18:21:16.733  INFO 24100 --- [    Test worker] .s.d.r.c.RepositoryConfigurationDelegate : Finished Spring Data repository scanning in 25 ms. Found 3 JPA repository interfaces.
2023-10-29 18:21:17.267  INFO 24100 --- [    Test worker] o.hibernate.jpa.internal.util.LogHelper  : HHH000204: Processing PersistenceUnitInfo [name: default]
2023-10-29 18:21:17.299  INFO 24100 --- [    Test worker] org.hibernate.Version                    : HHH000412: Hibernate ORM core version 5.6.12.Final
2023-10-29 18:21:17.327  INFO 24100 --- [    Test worker] o.hibernate.annotations.common.Version   : HCANN000001: Hibernate Commons Annotations {5.1.2.Final}
2023-10-29 18:21:17.402  INFO 24100 --- [    Test worker] com.zaxxer.hikari.HikariDataSource       : HikariPool-1 - Starting...
2023-10-29 18:21:17.622  INFO 24100 --- [    Test worker] com.zaxxer.hikari.HikariDataSource       : HikariPool-1 - Start completed.
2023-10-29 18:21:17.644  INFO 24100 --- [    Test worker] org.hibernate.dialect.Dialect            : HHH000400: Using dialect: org.hibernate.dialect.MySQL8Dialect
2023-10-29 18:21:17.980  INFO 24100 --- [    Test worker] o.h.e.t.j.p.i.JtaPlatformInitiator       : HHH000490: Using JtaPlatform implementation: [org.hibernate.engine.transaction.jta.platform.internal.NoJtaPlatform]
2023-10-29 18:21:17.984  INFO 24100 --- [    Test worker] j.LocalContainerEntityManagerFactoryBean : Initialized JPA EntityManagerFactory for persistence unit 'default'
2023-10-29 18:21:18.607  INFO 24100 --- [    Test worker] o.s.s.web.DefaultSecurityFilterChain     : Will secure any request with [org.springframework.security.web.session.DisableEncodeUrlFilter@7d49fe37, org.springframework.security.web.context.request.async.WebAsyncManagerIntegrationFilter@74ab8610, org.springframework.security.web.context.SecurityContextPersistenceFilter@3adb4cc8, org.springframework.security.web.header.HeaderWriterFilter@1dbfbd94, org.springframework.security.web.authentication.logout.LogoutFilter@6705fb02, org.air.jwt.JwtAuthenticationFilter@231c521e, org.springframework.security.web.savedrequest.RequestCacheAwareFilter@53a3fc8b, org.springframework.security.web.servletapi.SecurityContextHolderAwareRequestFilter@337e573b, org.springframework.security.web.authentication.AnonymousAuthenticationFilter@296949c8, org.springframework.security.web.session.SessionManagementFilter@70ccb3bf, org.springframework.security.web.access.ExceptionTranslationFilter@1715193f, org.springframework.security.web.access.intercept.FilterSecurityInterceptor@6e4bccc]
2023-10-29 18:21:18.664  WARN 24100 --- [    Test worker] o.s.s.c.a.web.builders.WebSecurity       : You are asking Spring Security to ignore Mvc [pattern='/v3/api-docs/**']. This is not recommended -- please use permitAll via HttpSecurity#authorizeHttpRequests instead.
2023-10-29 18:21:18.664  INFO 24100 --- [    Test worker] o.s.s.web.DefaultSecurityFilterChain     : Will not secure Mvc [pattern='/v3/api-docs/**']
2023-10-29 18:21:18.665  WARN 24100 --- [    Test worker] o.s.s.c.a.web.builders.WebSecurity       : You are asking Spring Security to ignore Mvc [pattern='/swagger-ui/**']. This is not recommended -- please use permitAll via HttpSecurity#authorizeHttpRequests instead.
2023-10-29 18:21:18.665  INFO 24100 --- [    Test worker] o.s.s.web.DefaultSecurityFilterChain     : Will not secure Mvc [pattern='/swagger-ui/**']
2023-10-29 18:21:18.665  WARN 24100 --- [    Test worker] o.s.s.c.a.web.builders.WebSecurity       : You are asking Spring Security to ignore Mvc [pattern='/api/v1/login']. This is not recommended -- please use permitAll via HttpSecurity#authorizeHttpRequests instead.
2023-10-29 18:21:18.665  INFO 24100 --- [    Test worker] o.s.s.web.DefaultSecurityFilterChain     : Will not secure Mvc [pattern='/api/v1/login']
2023-10-29 18:21:18.665  WARN 24100 --- [    Test worker] o.s.s.c.a.web.builders.WebSecurity       : You are asking Spring Security to ignore Mvc [pattern='/h2-console/**']. This is not recommended -- please use permitAll via HttpSecurity#authorizeHttpRequests instead.
2023-10-29 18:21:18.665  INFO 24100 --- [    Test worker] o.s.s.web.DefaultSecurityFilterChain     : Will not secure Mvc [pattern='/h2-console/**']
2023-10-29 18:21:18.792  INFO 24100 --- [    Test worker] org.air.service.Datatest                 : Started Datatest in 2.613 seconds (JVM running for 3.393)
2023-10-29 18:21:18.829  INFO 24100 --- [    Test worker] o.s.t.c.transaction.TransactionContext   : Began transaction (1) for test context [DefaultTestContext@36ac8a63 testClass = Datatest, testInstance = org.air.service.Datatest@5b5f61cc, testMethod = delete_test@Datatest, testException = [null], mergedContextConfiguration = [MergedContextConfiguration@4d9d1b69 testClass = Datatest, locations = '{}', classes = '{class org.air.MainApplication}', contextInitializerClasses = '[]', activeProfiles = '{}', propertySourceLocations = '{}', propertySourceProperties = '{org.springframework.boot.test.autoconfigure.orm.jpa.DataJpaTestContextBootstrapper=true}', contextCustomizers = set[org.springframework.boot.test.autoconfigure.OverrideAutoConfigurationContextCustomizerFactory$DisableAutoConfigurationContextCustomizer@eb6449b, org.springframework.boot.test.autoconfigure.actuate.metrics.MetricsExportContextCustomizerFactory$DisableMetricExportContextCustomizer@2a39fe6a, org.springframework.boot.test.autoconfigure.filter.TypeExcludeFiltersContextCustomizer@351584c0, org.springframework.boot.test.autoconfigure.properties.PropertyMappingContextCustomizer@eee89e5, org.springframework.boot.test.autoconfigure.web.servlet.WebDriverContextCustomizerFactory$Customizer@4e76dac, [ImportsContextCustomizer@52c8295b key = [org.springframework.boot.autoconfigure.cache.CacheAutoConfiguration, org.springframework.boot.autoconfigure.data.jpa.JpaRepositoriesAutoConfiguration, org.springframework.boot.autoconfigure.flyway.FlywayAutoConfiguration, org.springframework.boot.autoconfigure.jdbc.DataSourceAutoConfiguration, org.springframework.boot.autoconfigure.jdbc.DataSourceTransactionManagerAutoConfiguration, org.springframework.boot.autoconfigure.jdbc.JdbcTemplateAutoConfiguration, org.springframework.boot.autoconfigure.liquibase.LiquibaseAutoConfiguration, org.springframework.boot.autoconfigure.orm.jpa.HibernateJpaAutoConfiguration, org.springframework.boot.autoconfigure.sql.init.SqlInitializationAutoConfiguration, org.springframework.boot.autoconfigure.transaction.TransactionAutoConfiguration, org.springframework.boot.test.autoconfigure.jdbc.TestDatabaseAutoConfiguration, org.springframework.boot.test.autoconfigure.orm.jpa.TestEntityManagerAutoConfiguration, org.air.service.ScheduleService]], org.springframework.boot.test.context.filter.ExcludeFilterContextCustomizer@4ef27d66, org.springframework.boot.test.json.DuplicateJsonObjectContextCustomizerFactory$DuplicateJsonObjectContextCustomizer@5c48c0c0, org.springframework.boot.test.mock.mockito.MockitoContextCustomizer@8eba65d0, org.springframework.boot.test.context.SpringBootTestArgs@1, org.springframework.boot.test.context.SpringBootTestWebEnvironment@0], contextLoader = 'org.springframework.boot.test.context.SpringBootContextLoader', parent = [null]], attributes = map['org.springframework.test.context.event.ApplicationEventsTestExecutionListener.recordApplicationEvents' -> false]]; transaction manager [org.springframework.orm.jpa.JpaTransactionManager@1fe2c5ad]; rollback [true]
Hibernate: 
    TRUNCATE TABLE schedule
2023-10-29 18:21:18.900  INFO 24100 --- [    Test worker] o.s.t.c.transaction.TransactionContext   : Rolled back transaction for test: [DefaultTestContext@36ac8a63 testClass = Datatest, testInstance = org.air.service.Datatest@5b5f61cc, testMethod = delete_test@Datatest, testException = [null], mergedContextConfiguration = [MergedContextConfiguration@4d9d1b69 testClass = Datatest, locations = '{}', classes = '{class org.air.MainApplication}', contextInitializerClasses = '[]', activeProfiles = '{}', propertySourceLocations = '{}', propertySourceProperties = '{org.springframework.boot.test.autoconfigure.orm.jpa.DataJpaTestContextBootstrapper=true}', contextCustomizers = set[org.springframework.boot.test.autoconfigure.OverrideAutoConfigurationContextCustomizerFactory$DisableAutoConfigurationContextCustomizer@eb6449b, org.springframework.boot.test.autoconfigure.actuate.metrics.MetricsExportContextCustomizerFactory$DisableMetricExportContextCustomizer@2a39fe6a, org.springframework.boot.test.autoconfigure.filter.TypeExcludeFiltersContextCustomizer@351584c0, org.springframework.boot.test.autoconfigure.properties.PropertyMappingContextCustomizer@eee89e5, org.springframework.boot.test.autoconfigure.web.servlet.WebDriverContextCustomizerFactory$Customizer@4e76dac, [ImportsContextCustomizer@52c8295b key = [org.springframework.boot.autoconfigure.cache.CacheAutoConfiguration, org.springframework.boot.autoconfigure.data.jpa.JpaRepositoriesAutoConfiguration, org.springframework.boot.autoconfigure.flyway.FlywayAutoConfiguration, org.springframework.boot.autoconfigure.jdbc.DataSourceAutoConfiguration, org.springframework.boot.autoconfigure.jdbc.DataSourceTransactionManagerAutoConfiguration, org.springframework.boot.autoconfigure.jdbc.JdbcTemplateAutoConfiguration, org.springframework.boot.autoconfigure.liquibase.LiquibaseAutoConfiguration, org.springframework.boot.autoconfigure.orm.jpa.HibernateJpaAutoConfiguration, org.springframework.boot.autoconfigure.sql.init.SqlInitializationAutoConfiguration, org.springframework.boot.autoconfigure.transaction.TransactionAutoConfiguration, org.springframework.boot.test.autoconfigure.jdbc.TestDatabaseAutoConfiguration, org.springframework.boot.test.autoconfigure.orm.jpa.TestEntityManagerAutoConfiguration, org.air.service.ScheduleService]], org.springframework.boot.test.context.filter.ExcludeFilterContextCustomizer@4ef27d66, org.springframework.boot.test.json.DuplicateJsonObjectContextCustomizerFactory$DuplicateJsonObjectContextCustomizer@5c48c0c0, org.springframework.boot.test.mock.mockito.MockitoContextCustomizer@8eba65d0, org.springframework.boot.test.context.SpringBootTestArgs@1, org.springframework.boot.test.context.SpringBootTestWebEnvironment@0], contextLoader = 'org.springframework.boot.test.context.SpringBootContextLoader', parent = [null]], attributes = map['org.springframework.test.context.event.ApplicationEventsTestExecutionListener.recordApplicationEvents' -> false]]
]]></system-out>
  <system-err><![CDATA[]]></system-err>
</testsuite>
