<?xml version="1.0" encoding="UTF-8"?>
<testsuite name="org.air.controller.UserControllerTest" tests="3" skipped="0" failures="0" errors="0" timestamp="2024-03-18T10:10:06" hostname="kimjaeseong.local" time="0.074">
  <properties/>
  <testcase name="login Test" classname="org.air.controller.UserControllerTest" time="0.066"/>
  <testcase name="Sign Up" classname="org.air.controller.UserControllerTest" time="0.001"/>
  <testcase name="Logout Test" classname="org.air.controller.UserControllerTest" time="0.005"/>
  <system-out><![CDATA[19:10:05.673 [Test worker] DEBUG org.springframework.test.context.BootstrapUtils - Instantiating CacheAwareContextLoaderDelegate from class [org.springframework.test.context.cache.DefaultCacheAwareContextLoaderDelegate]
19:10:05.677 [Test worker] DEBUG org.springframework.test.context.BootstrapUtils - Instantiating BootstrapContext using constructor [public org.springframework.test.context.support.DefaultBootstrapContext(java.lang.Class,org.springframework.test.context.CacheAwareContextLoaderDelegate)]
19:10:05.688 [Test worker] DEBUG org.springframework.test.context.BootstrapUtils - Instantiating TestContextBootstrapper for test class [org.air.controller.UserControllerTest] from class [org.springframework.boot.test.autoconfigure.web.servlet.WebMvcTestContextBootstrapper]
19:10:05.695 [Test worker] DEBUG org.springframework.test.context.support.AbstractContextLoader - Did not detect default resource location for test class [org.air.controller.UserControllerTest]: class path resource [org/air/controller/UserControllerTest-context.xml] does not exist
19:10:05.696 [Test worker] DEBUG org.springframework.test.context.support.AbstractContextLoader - Did not detect default resource location for test class [org.air.controller.UserControllerTest]: class path resource [org/air/controller/UserControllerTestContext.groovy] does not exist
19:10:05.696 [Test worker] INFO org.springframework.test.context.support.AbstractContextLoader - Could not detect default resource locations for test class [org.air.controller.UserControllerTest]: no resource found for suffixes {-context.xml, Context.groovy}.
19:10:05.730 [Test worker] DEBUG org.springframework.test.context.support.ActiveProfilesUtils - Could not find an 'annotation declaring class' for annotation type [org.springframework.test.context.ActiveProfiles] and class [org.air.controller.UserControllerTest]
19:10:05.735 [Test worker] DEBUG org.springframework.boot.test.autoconfigure.web.servlet.WebMvcTestContextBootstrapper - @TestExecutionListeners is not present for class [org.air.controller.UserControllerTest]: using defaults.
19:10:05.735 [Test worker] INFO org.springframework.boot.test.autoconfigure.web.servlet.WebMvcTestContextBootstrapper - Loaded default TestExecutionListener class names from location [META-INF/spring.factories]: [org.springframework.security.test.context.support.WithSecurityContextTestExecutionListener, org.springframework.security.test.context.support.ReactorContextTestExecutionListener, org.springframework.boot.test.autoconfigure.restdocs.RestDocsTestExecutionListener, org.springframework.boot.test.autoconfigure.web.client.MockRestServiceServerResetTestExecutionListener, org.springframework.boot.test.autoconfigure.web.servlet.MockMvcPrintOnlyOnFailureTestExecutionListener, org.springframework.boot.test.autoconfigure.web.servlet.WebDriverTestExecutionListener, org.springframework.boot.test.autoconfigure.webservices.client.MockWebServiceServerTestExecutionListener, org.springframework.boot.test.mock.mockito.MockitoTestExecutionListener, org.springframework.boot.test.mock.mockito.ResetMocksTestExecutionListener, org.springframework.test.context.web.ServletTestExecutionListener, org.springframework.test.context.support.DirtiesContextBeforeModesTestExecutionListener, org.springframework.test.context.event.ApplicationEventsTestExecutionListener, org.springframework.test.context.support.DependencyInjectionTestExecutionListener, org.springframework.test.context.support.DirtiesContextTestExecutionListener, org.springframework.test.context.transaction.TransactionalTestExecutionListener, org.springframework.test.context.jdbc.SqlScriptsTestExecutionListener, org.springframework.test.context.event.EventPublishingTestExecutionListener]
19:10:05.743 [Test worker] INFO org.springframework.boot.test.autoconfigure.web.servlet.WebMvcTestContextBootstrapper - Using TestExecutionListeners: [org.springframework.test.context.web.ServletTestExecutionListener@548e76f1, org.springframework.test.context.support.DirtiesContextBeforeModesTestExecutionListener@5aabbb29, org.springframework.test.context.event.ApplicationEventsTestExecutionListener@72c927f1, org.springframework.boot.test.mock.mockito.MockitoTestExecutionListener@1ac85b0c, org.springframework.boot.test.autoconfigure.SpringBootDependencyInjectionTestExecutionListener@3dd69f5a, org.springframework.test.context.support.DirtiesContextTestExecutionListener@3aa3193a, org.springframework.test.context.transaction.TransactionalTestExecutionListener@1ee4730, org.springframework.test.context.jdbc.SqlScriptsTestExecutionListener@59a67c3a, org.springframework.security.test.context.support.WithSecurityContextTestExecutionListener@5003041b, org.springframework.test.context.event.EventPublishingTestExecutionListener@724bade8, org.springframework.security.test.context.support.ReactorContextTestExecutionListener@16fb356, org.springframework.boot.test.autoconfigure.restdocs.RestDocsTestExecutionListener@6bc248ed, org.springframework.boot.test.autoconfigure.web.client.MockRestServiceServerResetTestExecutionListener@23a9ba52, org.springframework.boot.test.autoconfigure.web.servlet.MockMvcPrintOnlyOnFailureTestExecutionListener@ca27722, org.springframework.boot.test.autoconfigure.web.servlet.WebDriverTestExecutionListener@70ab80e3, org.springframework.boot.test.autoconfigure.webservices.client.MockWebServiceServerTestExecutionListener@9573b3b, org.springframework.boot.test.mock.mockito.ResetMocksTestExecutionListener@67427b69]

  .   ____          _            __ _ _
 /\\ / ___'_ __ _ _(_)_ __  __ _ \ \ \ \
( ( )\___ | '_ | '_| | '_ \/ _` | \ \ \ \
 \\/  ___)| |_)| | | | | || (_| |  ) ) ) )
  '  |____| .__|_| |_|_| |_\__, | / / / /
 =========|_|==============|___/=/_/_/_/
 :: Spring Boot ::                (v2.7.5)

2024-03-18 19:10:05.960  INFO 31805 --- [    Test worker] org.air.controller.UserControllerTest    : Starting UserControllerTest using Java 11.0.21 on kimjaeseong.local with PID 31805 (started by kimjaeseong in /Users/kimjaeseong/Documents/Air_Scheduler/AirAPI)
2024-03-18 19:10:05.960  INFO 31805 --- [    Test worker] org.air.controller.UserControllerTest    : No active profile set, falling back to 1 default profile: "default"
2024-03-18 19:10:06.517  WARN 31805 --- [    Test worker] .s.s.UserDetailsServiceAutoConfiguration : 

Using generated security password: 87b97ea2-517b-405c-aa51-0b126f1cec0e

This generated password is for development use only. Your security configuration must be updated before running your application in production.

2024-03-18 19:10:06.590  INFO 31805 --- [    Test worker] o.s.s.web.DefaultSecurityFilterChain     : Will secure any request with [org.springframework.security.web.session.DisableEncodeUrlFilter@5835e24a, org.springframework.security.web.context.request.async.WebAsyncManagerIntegrationFilter@5238896f, org.springframework.security.web.context.SecurityContextPersistenceFilter@67eeb310, org.springframework.security.web.header.HeaderWriterFilter@5112b7, org.springframework.security.web.authentication.logout.LogoutFilter@1570cad0, org.air.jwt.JwtAuthenticationFilter@74a85515, org.springframework.security.web.savedrequest.RequestCacheAwareFilter@1930a804, org.springframework.security.web.servletapi.SecurityContextHolderAwareRequestFilter@bd4ee01, org.springframework.security.web.authentication.AnonymousAuthenticationFilter@4a2e1e52, org.springframework.security.web.session.SessionManagementFilter@1c72189f, org.springframework.security.web.access.ExceptionTranslationFilter@c732e1c, org.springframework.security.web.access.intercept.FilterSecurityInterceptor@6e321d9d]
2024-03-18 19:10:06.718  WARN 31805 --- [    Test worker] o.s.s.c.a.web.builders.WebSecurity       : You are asking Spring Security to ignore Mvc [pattern='/v3/api-docs/**']. This is not recommended -- please use permitAll via HttpSecurity#authorizeHttpRequests instead.
2024-03-18 19:10:06.718  INFO 31805 --- [    Test worker] o.s.s.web.DefaultSecurityFilterChain     : Will not secure Mvc [pattern='/v3/api-docs/**']
2024-03-18 19:10:06.718  WARN 31805 --- [    Test worker] o.s.s.c.a.web.builders.WebSecurity       : You are asking Spring Security to ignore Mvc [pattern='/swagger-ui/**']. This is not recommended -- please use permitAll via HttpSecurity#authorizeHttpRequests instead.
2024-03-18 19:10:06.718  INFO 31805 --- [    Test worker] o.s.s.web.DefaultSecurityFilterChain     : Will not secure Mvc [pattern='/swagger-ui/**']
2024-03-18 19:10:06.718  WARN 31805 --- [    Test worker] o.s.s.c.a.web.builders.WebSecurity       : You are asking Spring Security to ignore Mvc [pattern='/api/v1/login']. This is not recommended -- please use permitAll via HttpSecurity#authorizeHttpRequests instead.
2024-03-18 19:10:06.718  INFO 31805 --- [    Test worker] o.s.s.web.DefaultSecurityFilterChain     : Will not secure Mvc [pattern='/api/v1/login']
2024-03-18 19:10:06.718  WARN 31805 --- [    Test worker] o.s.s.c.a.web.builders.WebSecurity       : You are asking Spring Security to ignore Mvc [pattern='/h2-console/**']. This is not recommended -- please use permitAll via HttpSecurity#authorizeHttpRequests instead.
2024-03-18 19:10:06.718  INFO 31805 --- [    Test worker] o.s.s.web.DefaultSecurityFilterChain     : Will not secure Mvc [pattern='/h2-console/**']
2024-03-18 19:10:06.815  INFO 31805 --- [    Test worker] o.s.b.t.m.w.SpringBootMockServletContext : Initializing Spring TestDispatcherServlet ''
2024-03-18 19:10:06.815  INFO 31805 --- [    Test worker] o.s.t.web.servlet.TestDispatcherServlet  : Initializing Servlet ''
2024-03-18 19:10:06.815  INFO 31805 --- [    Test worker] o.s.t.web.servlet.TestDispatcherServlet  : Completed initialization in 0 ms
2024-03-18 19:10:06.829  INFO 31805 --- [    Test worker] org.air.controller.UserControllerTest    : Started UserControllerTest in 1.068 seconds (JVM running for 1.582)

MockHttpServletRequest:
      HTTP Method = POST
      Request URI = /logout
       Parameters = {_csrf=[76ff4741-a043-4a0e-83c3-0f932051001d]}
          Headers = []
             Body = null
    Session Attrs = {}

Handler:
             Type = null

Async:
    Async started = false
     Async result = null

Resolved Exception:
             Type = null

ModelAndView:
        View name = null
             View = null
            Model = null

FlashMap:
       Attributes = null

MockHttpServletResponse:
           Status = 302
    Error message = null
          Headers = [X-Content-Type-Options:"nosniff", X-XSS-Protection:"1; mode=block", Cache-Control:"no-cache, no-store, max-age=0, must-revalidate", Pragma:"no-cache", Expires:"0", X-Frame-Options:"DENY", Location:"/login"]
     Content type = null
             Body = 
    Forwarded URL = null
   Redirected URL = /login
          Cookies = []
]]></system-out>
  <system-err><![CDATA[]]></system-err>
</testsuite>
