<?xml version="1.0" encoding="UTF-8"?>
<testsuite name="org.AirAPI.controller.UserControllerTest" tests="1" skipped="0" failures="0" errors="0" timestamp="2023-06-10T16:31:37" hostname="DESKTOP-MCHQU2R" time="5.228">
  <properties/>
  <testcase name="회원가입" classname="org.AirAPI.controller.UserControllerTest" time="5.228"/>
  <system-out><![CDATA[01:31:36.067 [Test worker] DEBUG org.springframework.test.context.BootstrapUtils - Instantiating CacheAwareContextLoaderDelegate from class [org.springframework.test.context.cache.DefaultCacheAwareContextLoaderDelegate]
01:31:36.077 [Test worker] DEBUG org.springframework.test.context.BootstrapUtils - Instantiating BootstrapContext using constructor [public org.springframework.test.context.support.DefaultBootstrapContext(java.lang.Class,org.springframework.test.context.CacheAwareContextLoaderDelegate)]
01:31:36.088 [Test worker] DEBUG org.springframework.test.context.BootstrapUtils - Instantiating TestContextBootstrapper for test class [org.AirAPI.controller.UserControllerTest] from class [org.springframework.boot.test.autoconfigure.web.servlet.WebMvcTestContextBootstrapper]
01:31:36.093 [Test worker] INFO org.springframework.boot.test.autoconfigure.web.servlet.WebMvcTestContextBootstrapper - Neither @ContextConfiguration nor @ContextHierarchy found for test class [org.AirAPI.controller.UserControllerTest], using SpringBootContextLoader
01:31:36.095 [Test worker] DEBUG org.springframework.test.context.support.AbstractContextLoader - Did not detect default resource location for test class [org.AirAPI.controller.UserControllerTest]: class path resource [org/AirAPI/controller/UserControllerTest-context.xml] does not exist
01:31:36.095 [Test worker] DEBUG org.springframework.test.context.support.AbstractContextLoader - Did not detect default resource location for test class [org.AirAPI.controller.UserControllerTest]: class path resource [org/AirAPI/controller/UserControllerTestContext.groovy] does not exist
01:31:36.095 [Test worker] INFO org.springframework.test.context.support.AbstractContextLoader - Could not detect default resource locations for test class [org.AirAPI.controller.UserControllerTest]: no resource found for suffixes {-context.xml, Context.groovy}.
01:31:36.097 [Test worker] INFO org.springframework.test.context.support.AnnotationConfigContextLoaderUtils - Could not detect default configuration classes for test class [org.AirAPI.controller.UserControllerTest]: UserControllerTest does not declare any static, non-private, non-final, nested classes annotated with @Configuration.
01:31:36.141 [Test worker] DEBUG org.springframework.test.context.support.ActiveProfilesUtils - Could not find an 'annotation declaring class' for annotation type [org.springframework.test.context.ActiveProfiles] and class [org.AirAPI.controller.UserControllerTest]
01:31:36.172 [Test worker] DEBUG org.springframework.context.annotation.ClassPathScanningCandidateComponentProvider - Identified candidate component class: file [C:\Users\KIMJAESUNG\Air_Scheduler\AirAPI\build\classes\java\main\org\AirAPI\Main.class]
01:31:36.173 [Test worker] INFO org.springframework.boot.test.context.SpringBootTestContextBootstrapper - Found @SpringBootConfiguration org.AirAPI.Main for test class org.AirAPI.controller.UserControllerTest
01:31:36.174 [Test worker] DEBUG org.springframework.boot.test.autoconfigure.web.servlet.WebMvcTestContextBootstrapper - @TestExecutionListeners is not present for class [org.AirAPI.controller.UserControllerTest]: using defaults.
01:31:36.174 [Test worker] INFO org.springframework.boot.test.autoconfigure.web.servlet.WebMvcTestContextBootstrapper - Loaded default TestExecutionListener class names from location [META-INF/spring.factories]: [org.springframework.security.test.context.support.WithSecurityContextTestExecutionListener, org.springframework.security.test.context.support.ReactorContextTestExecutionListener, org.springframework.boot.test.autoconfigure.restdocs.RestDocsTestExecutionListener, org.springframework.boot.test.autoconfigure.web.client.MockRestServiceServerResetTestExecutionListener, org.springframework.boot.test.autoconfigure.web.servlet.MockMvcPrintOnlyOnFailureTestExecutionListener, org.springframework.boot.test.autoconfigure.web.servlet.WebDriverTestExecutionListener, org.springframework.boot.test.autoconfigure.webservices.client.MockWebServiceServerTestExecutionListener, org.springframework.boot.test.mock.mockito.MockitoTestExecutionListener, org.springframework.boot.test.mock.mockito.ResetMocksTestExecutionListener, org.springframework.test.context.web.ServletTestExecutionListener, org.springframework.test.context.support.DirtiesContextBeforeModesTestExecutionListener, org.springframework.test.context.event.ApplicationEventsTestExecutionListener, org.springframework.test.context.support.DependencyInjectionTestExecutionListener, org.springframework.test.context.support.DirtiesContextTestExecutionListener, org.springframework.test.context.transaction.TransactionalTestExecutionListener, org.springframework.test.context.jdbc.SqlScriptsTestExecutionListener, org.springframework.test.context.event.EventPublishingTestExecutionListener]
01:31:36.183 [Test worker] INFO org.springframework.boot.test.autoconfigure.web.servlet.WebMvcTestContextBootstrapper - Using TestExecutionListeners: [org.springframework.test.context.web.ServletTestExecutionListener@324dcd31, org.springframework.test.context.support.DirtiesContextBeforeModesTestExecutionListener@503d56b5, org.springframework.test.context.event.ApplicationEventsTestExecutionListener@72bca894, org.springframework.boot.test.mock.mockito.MockitoTestExecutionListener@433ffad1, org.springframework.boot.test.autoconfigure.SpringBootDependencyInjectionTestExecutionListener@1fc793c2, org.springframework.test.context.support.DirtiesContextTestExecutionListener@2575f671, org.springframework.test.context.transaction.TransactionalTestExecutionListener@329a1243, org.springframework.test.context.jdbc.SqlScriptsTestExecutionListener@ecf9fb3, org.springframework.security.test.context.support.WithSecurityContextTestExecutionListener@2d35442b, org.springframework.test.context.event.EventPublishingTestExecutionListener@27f9e982, org.springframework.security.test.context.support.ReactorContextTestExecutionListener@4593ff34, org.springframework.boot.test.autoconfigure.restdocs.RestDocsTestExecutionListener@37d3d232, org.springframework.boot.test.autoconfigure.web.client.MockRestServiceServerResetTestExecutionListener@30c0ccff, org.springframework.boot.test.autoconfigure.web.servlet.MockMvcPrintOnlyOnFailureTestExecutionListener@581d969c, org.springframework.boot.test.autoconfigure.web.servlet.WebDriverTestExecutionListener@22db8f4, org.springframework.boot.test.autoconfigure.webservices.client.MockWebServiceServerTestExecutionListener@2b46a8c1, org.springframework.boot.test.mock.mockito.ResetMocksTestExecutionListener@1d572e62]

  .   ____          _            __ _ _
 /\\ / ___'_ __ _ _(_)_ __  __ _ \ \ \ \
( ( )\___ | '_ | '_| | '_ \/ _` | \ \ \ \
 \\/  ___)| |_)| | | | | || (_| |  ) ) ) )
  '  |____| .__|_| |_|_| |_\__, | / / / /
 =========|_|==============|___/=/_/_/_/
 :: Spring Boot ::                (v2.7.5)

2023-06-11 01:31:36.395  INFO 6872 --- [    Test worker] o.AirAPI.controller.UserControllerTest   : Starting UserControllerTest using Java 11.0.19 on DESKTOP-MCHQU2R with PID 6872 (started by KIMJAESUNG in C:\Users\KIMJAESUNG\Air_Scheduler\AirAPI)
2023-06-11 01:31:36.396  INFO 6872 --- [    Test worker] o.AirAPI.controller.UserControllerTest   : No active profile set, falling back to 1 default profile: "default"
2023-06-11 01:31:36.567  INFO 6872 --- [    Test worker] .s.d.r.c.RepositoryConfigurationDelegate : Bootstrapping Spring Data JPA repositories in DEFAULT mode.
2023-06-11 01:31:36.574  INFO 6872 --- [    Test worker] .s.d.r.c.RepositoryConfigurationDelegate : Finished Spring Data repository scanning in 2 ms. Found 0 JPA repository interfaces.
2023-06-11 01:31:37.435  WARN 6872 --- [    Test worker] .s.s.UserDetailsServiceAutoConfiguration : 

Using generated security password: e75cc087-11ce-40bb-8152-a88a6a3daa99

This generated password is for development use only. Your security configuration must be updated before running your application in production.

2023-06-11 01:31:37.569  INFO 6872 --- [    Test worker] o.s.s.web.DefaultSecurityFilterChain     : Will secure any request with [org.springframework.security.web.session.DisableEncodeUrlFilter@4e5364a3, org.springframework.security.web.context.request.async.WebAsyncManagerIntegrationFilter@1a336906, org.springframework.security.web.context.SecurityContextPersistenceFilter@6e49b011, org.springframework.security.web.header.HeaderWriterFilter@53ba25ff, org.springframework.security.web.csrf.CsrfFilter@40863800, org.springframework.security.web.authentication.logout.LogoutFilter@3221588e, org.springframework.security.web.authentication.UsernamePasswordAuthenticationFilter@5c41b8d8, org.springframework.security.web.authentication.ui.DefaultLoginPageGeneratingFilter@3e01796a, org.springframework.security.web.authentication.ui.DefaultLogoutPageGeneratingFilter@62054faf, org.springframework.security.web.authentication.www.BasicAuthenticationFilter@4272d8cf, org.springframework.security.web.savedrequest.RequestCacheAwareFilter@1da5c19d, org.springframework.security.web.servletapi.SecurityContextHolderAwareRequestFilter@3e4f2300, org.springframework.security.web.authentication.AnonymousAuthenticationFilter@75d539b9, org.springframework.security.web.session.SessionManagementFilter@4345fd45, org.springframework.security.web.access.ExceptionTranslationFilter@13ee97af, org.springframework.security.web.access.intercept.FilterSecurityInterceptor@b788dc2]
2023-06-11 01:31:37.632  INFO 6872 --- [    Test worker] o.s.b.t.m.w.SpringBootMockServletContext : Initializing Spring TestDispatcherServlet ''
2023-06-11 01:31:37.632  INFO 6872 --- [    Test worker] o.s.t.web.servlet.TestDispatcherServlet  : Initializing Servlet ''
2023-06-11 01:31:37.632  INFO 6872 --- [    Test worker] o.s.t.web.servlet.TestDispatcherServlet  : Completed initialization in 0 ms
2023-06-11 01:31:37.655  INFO 6872 --- [    Test worker] o.AirAPI.controller.UserControllerTest   : Started UserControllerTest in 1.448 seconds (JVM running for 2.117)
]]></system-out>
  <system-err><![CDATA[]]></system-err>
</testsuite>
