<?xml version="1.0" encoding="UTF-8"?>
<testsuite name="org.air.controller.UserControllerTest" tests="3" skipped="0" failures="0" errors="0" timestamp="2024-05-05T07:02:50" hostname="DESKTOP-MCHQU2R" time="0.019">
  <properties/>
  <testcase name="login Test" classname="org.air.controller.UserControllerTest" time="0.012"/>
  <testcase name="Sign Up" classname="org.air.controller.UserControllerTest" time="0.003"/>
  <testcase name="Logout Test" classname="org.air.controller.UserControllerTest" time="0.004"/>
  <system-out><![CDATA[2024-05-05 16:02:49.903  INFO 22220 --- [    Test worker] o.s.t.c.support.AbstractContextLoader    : Could not detect default resource locations for test class [org.air.controller.UserControllerTest]: no resource found for suffixes {-context.xml, Context.groovy}.
2024-05-05 16:02:49.905  INFO 22220 --- [    Test worker] .b.t.a.w.s.WebMvcTestContextBootstrapper : Loaded default TestExecutionListener class names from location [META-INF/spring.factories]: [org.springframework.security.test.context.support.WithSecurityContextTestExecutionListener, org.springframework.security.test.context.support.ReactorContextTestExecutionListener, org.springframework.boot.test.autoconfigure.restdocs.RestDocsTestExecutionListener, org.springframework.boot.test.autoconfigure.web.client.MockRestServiceServerResetTestExecutionListener, org.springframework.boot.test.autoconfigure.web.servlet.MockMvcPrintOnlyOnFailureTestExecutionListener, org.springframework.boot.test.autoconfigure.web.servlet.WebDriverTestExecutionListener, org.springframework.boot.test.autoconfigure.webservices.client.MockWebServiceServerTestExecutionListener, org.springframework.boot.test.mock.mockito.MockitoTestExecutionListener, org.springframework.boot.test.mock.mockito.ResetMocksTestExecutionListener, org.springframework.test.context.web.ServletTestExecutionListener, org.springframework.test.context.support.DirtiesContextBeforeModesTestExecutionListener, org.springframework.test.context.event.ApplicationEventsTestExecutionListener, org.springframework.test.context.support.DependencyInjectionTestExecutionListener, org.springframework.test.context.support.DirtiesContextTestExecutionListener, org.springframework.test.context.transaction.TransactionalTestExecutionListener, org.springframework.test.context.jdbc.SqlScriptsTestExecutionListener, org.springframework.test.context.event.EventPublishingTestExecutionListener]
2024-05-05 16:02:49.905  INFO 22220 --- [    Test worker] .b.t.a.w.s.WebMvcTestContextBootstrapper : Using TestExecutionListeners: [org.springframework.test.context.web.ServletTestExecutionListener@413773e6, org.springframework.test.context.support.DirtiesContextBeforeModesTestExecutionListener@23644367, org.springframework.test.context.event.ApplicationEventsTestExecutionListener@27959c4e, org.springframework.boot.test.mock.mockito.MockitoTestExecutionListener@1c023dcb, org.springframework.boot.test.autoconfigure.SpringBootDependencyInjectionTestExecutionListener@66d0d5ee, org.springframework.test.context.support.DirtiesContextTestExecutionListener@67aedd28, org.springframework.test.context.transaction.TransactionalTestExecutionListener@6c524a7f, org.springframework.test.context.jdbc.SqlScriptsTestExecutionListener@61b3de5b, org.springframework.security.test.context.support.WithSecurityContextTestExecutionListener@12c1826, org.springframework.test.context.event.EventPublishingTestExecutionListener@107ac2b6, org.springframework.security.test.context.support.ReactorContextTestExecutionListener@6e057374, org.springframework.boot.test.autoconfigure.restdocs.RestDocsTestExecutionListener@113b39e9, org.springframework.boot.test.autoconfigure.web.client.MockRestServiceServerResetTestExecutionListener@70b7fec0, org.springframework.boot.test.autoconfigure.web.servlet.MockMvcPrintOnlyOnFailureTestExecutionListener@361eed12, org.springframework.boot.test.autoconfigure.web.servlet.WebDriverTestExecutionListener@73c5b676, org.springframework.boot.test.autoconfigure.webservices.client.MockWebServiceServerTestExecutionListener@3bf92d96, org.springframework.boot.test.mock.mockito.ResetMocksTestExecutionListener@747795d7]

  .   ____          _            __ _ _
 /\\ / ___'_ __ _ _(_)_ __  __ _ \ \ \ \
( ( )\___ | '_ | '_| | '_ \/ _` | \ \ \ \
 \\/  ___)| |_)| | | | | || (_| |  ) ) ) )
  '  |____| .__|_| |_|_| |_\__, | / / / /
 =========|_|==============|___/=/_/_/_/
 :: Spring Boot ::                (v2.7.5)

2024-05-05 16:02:49.914  INFO 22220 --- [    Test worker] org.air.controller.UserControllerTest    : Starting UserControllerTest using Java 11.0.19 on DESKTOP-MCHQU2R with PID 22220 (started by KIMJAESUNG in C:\Users\KIMJAESUNG\IdeaProjects\Air_Scheduler_pack\Air_Scheduler\AirAPI)
2024-05-05 16:02:49.915  INFO 22220 --- [    Test worker] org.air.controller.UserControllerTest    : No active profile set, falling back to 1 default profile: "default"
2024-05-05 16:02:50.136  WARN 22220 --- [    Test worker] .s.s.UserDetailsServiceAutoConfiguration : 

Using generated security password: a2f044e7-cb3a-4835-a494-9f5653cbf31c

This generated password is for development use only. Your security configuration must be updated before running your application in production.

2024-05-05 16:02:50.208  INFO 22220 --- [    Test worker] o.s.s.web.DefaultSecurityFilterChain     : Will secure any request with [org.springframework.security.web.session.DisableEncodeUrlFilter@7b2f18cd, org.springframework.security.web.context.request.async.WebAsyncManagerIntegrationFilter@18f7a872, org.springframework.security.web.context.SecurityContextPersistenceFilter@1263664f, org.springframework.security.web.header.HeaderWriterFilter@5ed52389, org.springframework.security.web.authentication.logout.LogoutFilter@25c6f0fc, org.air.jwt.JwtAuthenticationFilter@61defefb, org.springframework.security.web.savedrequest.RequestCacheAwareFilter@32089590, org.springframework.security.web.servletapi.SecurityContextHolderAwareRequestFilter@45b63133, org.springframework.security.web.authentication.AnonymousAuthenticationFilter@648100de, org.springframework.security.web.session.SessionManagementFilter@59960ae9, org.springframework.security.web.access.ExceptionTranslationFilter@57dee2b9, org.springframework.security.web.access.intercept.FilterSecurityInterceptor@591b9836]
2024-05-05 16:02:50.302  WARN 22220 --- [    Test worker] o.s.s.c.a.web.builders.WebSecurity       : You are asking Spring Security to ignore Mvc [pattern='/v3/api-docs/**']. This is not recommended -- please use permitAll via HttpSecurity#authorizeHttpRequests instead.
2024-05-05 16:02:50.303  INFO 22220 --- [    Test worker] o.s.s.web.DefaultSecurityFilterChain     : Will not secure Mvc [pattern='/v3/api-docs/**']
2024-05-05 16:02:50.303  WARN 22220 --- [    Test worker] o.s.s.c.a.web.builders.WebSecurity       : You are asking Spring Security to ignore Mvc [pattern='/swagger-ui/**']. This is not recommended -- please use permitAll via HttpSecurity#authorizeHttpRequests instead.
2024-05-05 16:02:50.303  INFO 22220 --- [    Test worker] o.s.s.web.DefaultSecurityFilterChain     : Will not secure Mvc [pattern='/swagger-ui/**']
2024-05-05 16:02:50.303  WARN 22220 --- [    Test worker] o.s.s.c.a.web.builders.WebSecurity       : You are asking Spring Security to ignore Mvc [pattern='/api/v1/login']. This is not recommended -- please use permitAll via HttpSecurity#authorizeHttpRequests instead.
2024-05-05 16:02:50.303  INFO 22220 --- [    Test worker] o.s.s.web.DefaultSecurityFilterChain     : Will not secure Mvc [pattern='/api/v1/login']
2024-05-05 16:02:50.303  WARN 22220 --- [    Test worker] o.s.s.c.a.web.builders.WebSecurity       : You are asking Spring Security to ignore Mvc [pattern='/h2-console/**']. This is not recommended -- please use permitAll via HttpSecurity#authorizeHttpRequests instead.
2024-05-05 16:02:50.303  INFO 22220 --- [    Test worker] o.s.s.web.DefaultSecurityFilterChain     : Will not secure Mvc [pattern='/h2-console/**']
2024-05-05 16:02:50.406  INFO 22220 --- [    Test worker] o.s.b.t.m.w.SpringBootMockServletContext : Initializing Spring TestDispatcherServlet ''
2024-05-05 16:02:50.406  INFO 22220 --- [    Test worker] o.s.t.web.servlet.TestDispatcherServlet  : Initializing Servlet ''
2024-05-05 16:02:50.406  INFO 22220 --- [    Test worker] o.s.t.web.servlet.TestDispatcherServlet  : Completed initialization in 0 ms
2024-05-05 16:02:50.416  INFO 22220 --- [    Test worker] org.air.controller.UserControllerTest    : Started UserControllerTest in 0.509 seconds (JVM running for 16.577)

MockHttpServletRequest:
      HTTP Method = POST
      Request URI = /logout
       Parameters = {_csrf=[50122368-267b-424a-ae70-f74c668843d9]}
          Headers = []
             Body = null
    Session Attrs = {}

Handler:
             Type = null

Async:
    Async started = false
     Async result = null

Resolved Exception:
             Type = null

ModelAndView:
        View name = null
             View = null
            Model = null

FlashMap:
       Attributes = null

MockHttpServletResponse:
           Status = 302
    Error message = null
          Headers = [X-Content-Type-Options:"nosniff", X-XSS-Protection:"1; mode=block", Cache-Control:"no-cache, no-store, max-age=0, must-revalidate", Pragma:"no-cache", Expires:"0", X-Frame-Options:"DENY", Location:"/login"]
     Content type = null
             Body = 
    Forwarded URL = null
   Redirected URL = /login
          Cookies = []
]]></system-out>
  <system-err><![CDATA[]]></system-err>
</testsuite>
