<?xml version="1.0" encoding="UTF-8"?>
<testsuite name="org.air.entity.UserTest" tests="2" skipped="0" failures="0" errors="0" timestamp="2024-05-05T07:02:55" hostname="DESKTOP-MCHQU2R" time="0.006">
  <properties/>
  <testcase name="login and set token" classname="org.air.entity.UserTest" time="0.004"/>
  <testcase name="sign_up" classname="org.air.entity.UserTest" time="0.001"/>
  <system-out><![CDATA[2024-05-05 16:02:54.982  INFO 22220 --- [    Test worker] o.s.t.c.support.AbstractContextLoader    : Could not detect default resource locations for test class [org.air.entity.UserTest]: no resource found for suffixes {-context.xml, Context.groovy}.
2024-05-05 16:02:54.984  INFO 22220 --- [    Test worker] .b.t.c.SpringBootTestContextBootstrapper : Loaded default TestExecutionListener class names from location [META-INF/spring.factories]: [org.springframework.security.test.context.support.WithSecurityContextTestExecutionListener, org.springframework.security.test.context.support.ReactorContextTestExecutionListener, org.springframework.boot.test.autoconfigure.restdocs.RestDocsTestExecutionListener, org.springframework.boot.test.autoconfigure.web.client.MockRestServiceServerResetTestExecutionListener, org.springframework.boot.test.autoconfigure.web.servlet.MockMvcPrintOnlyOnFailureTestExecutionListener, org.springframework.boot.test.autoconfigure.web.servlet.WebDriverTestExecutionListener, org.springframework.boot.test.autoconfigure.webservices.client.MockWebServiceServerTestExecutionListener, org.springframework.boot.test.mock.mockito.MockitoTestExecutionListener, org.springframework.boot.test.mock.mockito.ResetMocksTestExecutionListener, org.springframework.test.context.web.ServletTestExecutionListener, org.springframework.test.context.support.DirtiesContextBeforeModesTestExecutionListener, org.springframework.test.context.event.ApplicationEventsTestExecutionListener, org.springframework.test.context.support.DependencyInjectionTestExecutionListener, org.springframework.test.context.support.DirtiesContextTestExecutionListener, org.springframework.test.context.transaction.TransactionalTestExecutionListener, org.springframework.test.context.jdbc.SqlScriptsTestExecutionListener, org.springframework.test.context.event.EventPublishingTestExecutionListener]
2024-05-05 16:02:54.984  INFO 22220 --- [    Test worker] .b.t.c.SpringBootTestContextBootstrapper : Using TestExecutionListeners: [org.springframework.test.context.web.ServletTestExecutionListener@d015dba, org.springframework.test.context.support.DirtiesContextBeforeModesTestExecutionListener@4f34f451, org.springframework.test.context.event.ApplicationEventsTestExecutionListener@6c3a3d87, org.springframework.boot.test.mock.mockito.MockitoTestExecutionListener@8611b3f, org.springframework.boot.test.autoconfigure.SpringBootDependencyInjectionTestExecutionListener@f0a6b04, org.springframework.test.context.support.DirtiesContextTestExecutionListener@677480c8, org.springframework.test.context.transaction.TransactionalTestExecutionListener@5a1f4fa4, org.springframework.test.context.jdbc.SqlScriptsTestExecutionListener@5a271f3b, org.springframework.security.test.context.support.WithSecurityContextTestExecutionListener@6291d30, org.springframework.test.context.event.EventPublishingTestExecutionListener@4518bffd, org.springframework.security.test.context.support.ReactorContextTestExecutionListener@65daaa95, org.springframework.boot.test.autoconfigure.restdocs.RestDocsTestExecutionListener@7e6bfd2, org.springframework.boot.test.autoconfigure.web.client.MockRestServiceServerResetTestExecutionListener@49e8f283, org.springframework.boot.test.autoconfigure.web.servlet.MockMvcPrintOnlyOnFailureTestExecutionListener@490f4b14, org.springframework.boot.test.autoconfigure.web.servlet.WebDriverTestExecutionListener@7931cea2, org.springframework.boot.test.autoconfigure.webservices.client.MockWebServiceServerTestExecutionListener@4b9be679, org.springframework.boot.test.mock.mockito.ResetMocksTestExecutionListener@45e97963]

  .   ____          _            __ _ _
 /\\ / ___'_ __ _ _(_)_ __  __ _ \ \ \ \
( ( )\___ | '_ | '_| | '_ \/ _` | \ \ \ \
 \\/  ___)| |_)| | | | | || (_| |  ) ) ) )
  '  |____| .__|_| |_|_| |_\__, | / / / /
 =========|_|==============|___/=/_/_/_/
 :: Spring Boot ::                (v2.7.5)

2024-05-05 16:02:54.998  INFO 22220 --- [    Test worker] org.air.entity.UserTest                  : Starting UserTest using Java 11.0.19 on DESKTOP-MCHQU2R with PID 22220 (started by KIMJAESUNG in C:\Users\KIMJAESUNG\IdeaProjects\Air_Scheduler_pack\Air_Scheduler\AirAPI)
2024-05-05 16:02:54.998  INFO 22220 --- [    Test worker] org.air.entity.UserTest                  : No active profile set, falling back to 1 default profile: "default"
2024-05-05 16:02:55.006  INFO 22220 --- [    Test worker] org.air.entity.UserTest                  : Started UserTest in 0.021 seconds (JVM running for 21.167)
]]></system-out>
  <system-err><![CDATA[]]></system-err>
</testsuite>
