<?xml version="1.0" encoding="UTF-8"?>
<testsuite name="org.air.controller.PilotControllerTest" tests="1" skipped="0" failures="0" errors="0" timestamp="2024-04-14T06:50:25" hostname="DESKTOP-MCHQU2R" time="0.176">
  <properties/>
  <testcase name="OK: all schedules" classname="org.air.controller.PilotControllerTest" time="0.176"/>
  <system-out><![CDATA[15:50:21.678 [Test worker] DEBUG org.springframework.test.context.BootstrapUtils - Instantiating CacheAwareContextLoaderDelegate from class [org.springframework.test.context.cache.DefaultCacheAwareContextLoaderDelegate]
15:50:21.684 [Test worker] DEBUG org.springframework.test.context.BootstrapUtils - Instantiating BootstrapContext using constructor [public org.springframework.test.context.support.DefaultBootstrapContext(java.lang.Class,org.springframework.test.context.CacheAwareContextLoaderDelegate)]
15:50:21.704 [Test worker] DEBUG org.springframework.test.context.BootstrapUtils - Instantiating TestContextBootstrapper for test class [org.air.controller.PilotControllerTest] from class [org.springframework.boot.test.context.SpringBootTestContextBootstrapper]
15:50:21.710 [Test worker] INFO org.springframework.boot.test.context.SpringBootTestContextBootstrapper - Neither @ContextConfiguration nor @ContextHierarchy found for test class [org.air.controller.PilotControllerTest], using SpringBootContextLoader
15:50:21.714 [Test worker] DEBUG org.springframework.test.context.support.AbstractContextLoader - Did not detect default resource location for test class [org.air.controller.PilotControllerTest]: class path resource [org/air/controller/PilotControllerTest-context.xml] does not exist
15:50:21.714 [Test worker] DEBUG org.springframework.test.context.support.AbstractContextLoader - Did not detect default resource location for test class [org.air.controller.PilotControllerTest]: class path resource [org/air/controller/PilotControllerTestContext.groovy] does not exist
15:50:21.714 [Test worker] INFO org.springframework.test.context.support.AbstractContextLoader - Could not detect default resource locations for test class [org.air.controller.PilotControllerTest]: no resource found for suffixes {-context.xml, Context.groovy}.
15:50:21.714 [Test worker] INFO org.springframework.test.context.support.AnnotationConfigContextLoaderUtils - Could not detect default configuration classes for test class [org.air.controller.PilotControllerTest]: PilotControllerTest does not declare any static, non-private, non-final, nested classes annotated with @Configuration.
15:50:21.764 [Test worker] DEBUG org.springframework.test.context.support.ActiveProfilesUtils - Could not find an 'annotation declaring class' for annotation type [org.springframework.test.context.ActiveProfiles] and class [org.air.controller.PilotControllerTest]
15:50:21.811 [Test worker] DEBUG org.springframework.context.annotation.ClassPathScanningCandidateComponentProvider - Identified candidate component class: file [C:\Users\KIMJAESUNG\IdeaProjects\Air_Scheduler_pack\Air_Scheduler\AirAPI\build\classes\java\main\org\air\MainApplication.class]
15:50:21.811 [Test worker] INFO org.springframework.boot.test.context.SpringBootTestContextBootstrapper - Found @SpringBootConfiguration org.air.MainApplication for test class org.air.controller.PilotControllerTest
15:50:21.866 [Test worker] DEBUG org.springframework.boot.test.context.SpringBootTestContextBootstrapper - @TestExecutionListeners is not present for class [org.air.controller.PilotControllerTest]: using defaults.
15:50:21.866 [Test worker] INFO org.springframework.boot.test.context.SpringBootTestContextBootstrapper - Loaded default TestExecutionListener class names from location [META-INF/spring.factories]: [org.springframework.security.test.context.support.WithSecurityContextTestExecutionListener, org.springframework.security.test.context.support.ReactorContextTestExecutionListener, org.springframework.boot.test.autoconfigure.restdocs.RestDocsTestExecutionListener, org.springframework.boot.test.autoconfigure.web.client.MockRestServiceServerResetTestExecutionListener, org.springframework.boot.test.autoconfigure.web.servlet.MockMvcPrintOnlyOnFailureTestExecutionListener, org.springframework.boot.test.autoconfigure.web.servlet.WebDriverTestExecutionListener, org.springframework.boot.test.autoconfigure.webservices.client.MockWebServiceServerTestExecutionListener, org.springframework.boot.test.mock.mockito.MockitoTestExecutionListener, org.springframework.boot.test.mock.mockito.ResetMocksTestExecutionListener, org.springframework.test.context.web.ServletTestExecutionListener, org.springframework.test.context.support.DirtiesContextBeforeModesTestExecutionListener, org.springframework.test.context.event.ApplicationEventsTestExecutionListener, org.springframework.test.context.support.DependencyInjectionTestExecutionListener, org.springframework.test.context.support.DirtiesContextTestExecutionListener, org.springframework.test.context.transaction.TransactionalTestExecutionListener, org.springframework.test.context.jdbc.SqlScriptsTestExecutionListener, org.springframework.test.context.event.EventPublishingTestExecutionListener]
15:50:21.874 [Test worker] INFO org.springframework.boot.test.context.SpringBootTestContextBootstrapper - Using TestExecutionListeners: [org.springframework.test.context.web.ServletTestExecutionListener@c7a977f, org.springframework.test.context.support.DirtiesContextBeforeModesTestExecutionListener@55caeb35, org.springframework.test.context.event.ApplicationEventsTestExecutionListener@6d868997, org.springframework.boot.test.mock.mockito.MockitoTestExecutionListener@2c383e33, org.springframework.boot.test.autoconfigure.SpringBootDependencyInjectionTestExecutionListener@74a195a4, org.springframework.test.context.support.DirtiesContextTestExecutionListener@76304b46, org.springframework.test.context.transaction.TransactionalTestExecutionListener@2fa3be26, org.springframework.test.context.jdbc.SqlScriptsTestExecutionListener@4287d447, org.springframework.security.test.context.support.WithSecurityContextTestExecutionListener@3af37506, org.springframework.test.context.event.EventPublishingTestExecutionListener@4e6d7365, org.springframework.security.test.context.support.ReactorContextTestExecutionListener@7c0da600, org.springframework.boot.test.autoconfigure.restdocs.RestDocsTestExecutionListener@d4602a, org.springframework.boot.test.autoconfigure.web.client.MockRestServiceServerResetTestExecutionListener@21ae6e73, org.springframework.boot.test.autoconfigure.web.servlet.MockMvcPrintOnlyOnFailureTestExecutionListener@47dd778, org.springframework.boot.test.autoconfigure.web.servlet.WebDriverTestExecutionListener@15515c51, org.springframework.boot.test.autoconfigure.webservices.client.MockWebServiceServerTestExecutionListener@36a7abe1, org.springframework.boot.test.mock.mockito.ResetMocksTestExecutionListener@64a896b0]
15:50:21.877 [Test worker] DEBUG org.springframework.test.context.support.AbstractDirtiesContextTestExecutionListener - Before test class: context [DefaultTestContext@1f651cd8 testClass = PilotControllerTest, testInstance = [null], testMethod = [null], testException = [null], mergedContextConfiguration = [WebMergedContextConfiguration@7d0332e1 testClass = PilotControllerTest, locations = '{}', classes = '{class org.air.MainApplication}', contextInitializerClasses = '[]', activeProfiles = '{}', propertySourceLocations = '{}', propertySourceProperties = '{org.springframework.boot.test.context.SpringBootTestContextBootstrapper=true}', contextCustomizers = set[org.springframework.boot.test.autoconfigure.actuate.metrics.MetricsExportContextCustomizerFactory$DisableMetricExportContextCustomizer@5536379e, org.springframework.boot.test.autoconfigure.properties.PropertyMappingContextCustomizer@4b3fa0b3, org.springframework.boot.test.autoconfigure.web.servlet.WebDriverContextCustomizerFactory$Customizer@2cac4385, [ImportsContextCustomizer@7a356a0d key = [org.springframework.boot.test.autoconfigure.web.servlet.MockMvcAutoConfiguration, org.springframework.boot.test.autoconfigure.web.servlet.MockMvcWebClientAutoConfiguration, org.springframework.boot.test.autoconfigure.web.servlet.MockMvcWebDriverAutoConfiguration, org.springframework.boot.autoconfigure.security.oauth2.client.servlet.OAuth2ClientAutoConfiguration, org.springframework.boot.autoconfigure.security.oauth2.resource.servlet.OAuth2ResourceServerAutoConfiguration, org.springframework.boot.autoconfigure.security.servlet.SecurityAutoConfiguration, org.springframework.boot.autoconfigure.security.servlet.SecurityFilterAutoConfiguration, org.springframework.boot.autoconfigure.security.servlet.UserDetailsServiceAutoConfiguration, org.springframework.boot.test.autoconfigure.web.servlet.MockMvcSecurityConfiguration, org.springframework.boot.test.autoconfigure.web.reactive.WebTestClientAutoConfiguration]], org.springframework.boot.test.context.filter.ExcludeFilterContextCustomizer@68d6972f, org.springframework.boot.test.json.DuplicateJsonObjectContextCustomizerFactory$DuplicateJsonObjectContextCustomizer@5b58ed3c, org.springframework.boot.test.mock.mockito.MockitoContextCustomizer@e53e117e, org.springframework.boot.test.web.client.TestRestTemplateContextCustomizer@716a7124, org.springframework.boot.test.context.SpringBootTestArgs@1, org.springframework.boot.test.context.SpringBootTestWebEnvironment@f14a7d4], resourceBasePath = 'src/main/webapp', contextLoader = 'org.springframework.boot.test.context.SpringBootContextLoader', parent = [null]], attributes = map['org.springframework.test.context.web.ServletTestExecutionListener.activateListener' -> true]], class annotated with @DirtiesContext [false] with mode [null].

  .   ____          _            __ _ _
 /\\ / ___'_ __ _ _(_)_ __  __ _ \ \ \ \
( ( )\___ | '_ | '_| | '_ \/ _` | \ \ \ \
 \\/  ___)| |_)| | | | | || (_| |  ) ) ) )
  '  |____| .__|_| |_|_| |_\__, | / / / /
 =========|_|==============|___/=/_/_/_/
 :: Spring Boot ::                (v2.7.5)

2024-04-14 15:50:22.100  INFO 20160 --- [    Test worker] org.air.controller.PilotControllerTest   : Starting PilotControllerTest using Java 11.0.19 on DESKTOP-MCHQU2R with PID 20160 (started by KIMJAESUNG in C:\Users\KIMJAESUNG\IdeaProjects\Air_Scheduler_pack\Air_Scheduler\AirAPI)
2024-04-14 15:50:22.100  INFO 20160 --- [    Test worker] org.air.controller.PilotControllerTest   : No active profile set, falling back to 1 default profile: "default"
2024-04-14 15:50:22.466  INFO 20160 --- [    Test worker] .s.d.r.c.RepositoryConfigurationDelegate : Bootstrapping Spring Data JPA repositories in DEFAULT mode.
2024-04-14 15:50:22.496  INFO 20160 --- [    Test worker] .s.d.r.c.RepositoryConfigurationDelegate : Finished Spring Data repository scanning in 25 ms. Found 5 JPA repository interfaces.
2024-04-14 15:50:23.334  INFO 20160 --- [    Test worker] o.hibernate.jpa.internal.util.LogHelper  : HHH000204: Processing PersistenceUnitInfo [name: default]
2024-04-14 15:50:23.368  INFO 20160 --- [    Test worker] org.hibernate.Version                    : HHH000412: Hibernate ORM core version 5.6.12.Final
2024-04-14 15:50:23.409  INFO 20160 --- [    Test worker] o.hibernate.annotations.common.Version   : HCANN000001: Hibernate Commons Annotations {5.1.2.Final}
2024-04-14 15:50:23.477  INFO 20160 --- [    Test worker] com.zaxxer.hikari.HikariDataSource       : HikariPool-1 - Starting...
2024-04-14 15:50:23.733  INFO 20160 --- [    Test worker] com.zaxxer.hikari.HikariDataSource       : HikariPool-1 - Start completed.
2024-04-14 15:50:23.741  INFO 20160 --- [    Test worker] org.hibernate.dialect.Dialect            : HHH000400: Using dialect: org.hibernate.dialect.MySQL8Dialect
2024-04-14 15:50:24.115  INFO 20160 --- [    Test worker] o.h.e.t.j.p.i.JtaPlatformInitiator       : HHH000490: Using JtaPlatform implementation: [org.hibernate.engine.transaction.jta.platform.internal.NoJtaPlatform]
2024-04-14 15:50:24.120  INFO 20160 --- [    Test worker] j.LocalContainerEntityManagerFactoryBean : Initialized JPA EntityManagerFactory for persistence unit 'default'
2024-04-14 15:50:24.223  WARN 20160 --- [    Test worker] .s.s.UserDetailsServiceAutoConfiguration : 

Using generated security password: 3988ebc0-5f0a-41e3-8c2b-dba9c26e4546

This generated password is for development use only. Your security configuration must be updated before running your application in production.

2024-04-14 15:50:24.363  INFO 20160 --- [    Test worker] o.s.s.web.DefaultSecurityFilterChain     : Will secure any request with [org.springframework.security.web.session.DisableEncodeUrlFilter@4df5f119, org.springframework.security.web.context.request.async.WebAsyncManagerIntegrationFilter@3dbb7bb, org.springframework.security.web.context.SecurityContextPersistenceFilter@2aa65672, org.springframework.security.web.header.HeaderWriterFilter@752180c4, org.springframework.security.web.authentication.logout.LogoutFilter@6eae3730, org.air.jwt.JwtAuthenticationFilter@6277a496, org.springframework.security.web.savedrequest.RequestCacheAwareFilter@24ac87a, org.springframework.security.web.servletapi.SecurityContextHolderAwareRequestFilter@1ac71b87, org.springframework.security.web.authentication.AnonymousAuthenticationFilter@6632eb19, org.springframework.security.web.session.SessionManagementFilter@3fcb737, org.springframework.security.web.access.ExceptionTranslationFilter@4549d616, org.springframework.security.web.access.intercept.FilterSecurityInterceptor@feab3ae]
2024-04-14 15:50:24.388  WARN 20160 --- [    Test worker] JpaBaseConfiguration$JpaWebConfiguration : spring.jpa.open-in-view is enabled by default. Therefore, database queries may be performed during view rendering. Explicitly configure spring.jpa.open-in-view to disable this warning
2024-04-14 15:50:24.724  WARN 20160 --- [    Test worker] o.s.s.c.a.web.builders.WebSecurity       : You are asking Spring Security to ignore Mvc [pattern='/v3/api-docs/**']. This is not recommended -- please use permitAll via HttpSecurity#authorizeHttpRequests instead.
2024-04-14 15:50:24.724  INFO 20160 --- [    Test worker] o.s.s.web.DefaultSecurityFilterChain     : Will not secure Mvc [pattern='/v3/api-docs/**']
2024-04-14 15:50:24.724  WARN 20160 --- [    Test worker] o.s.s.c.a.web.builders.WebSecurity       : You are asking Spring Security to ignore Mvc [pattern='/swagger-ui/**']. This is not recommended -- please use permitAll via HttpSecurity#authorizeHttpRequests instead.
2024-04-14 15:50:24.724  INFO 20160 --- [    Test worker] o.s.s.web.DefaultSecurityFilterChain     : Will not secure Mvc [pattern='/swagger-ui/**']
2024-04-14 15:50:24.724  WARN 20160 --- [    Test worker] o.s.s.c.a.web.builders.WebSecurity       : You are asking Spring Security to ignore Mvc [pattern='/api/v1/login']. This is not recommended -- please use permitAll via HttpSecurity#authorizeHttpRequests instead.
2024-04-14 15:50:24.724  INFO 20160 --- [    Test worker] o.s.s.web.DefaultSecurityFilterChain     : Will not secure Mvc [pattern='/api/v1/login']
2024-04-14 15:50:24.724  WARN 20160 --- [    Test worker] o.s.s.c.a.web.builders.WebSecurity       : You are asking Spring Security to ignore Mvc [pattern='/h2-console/**']. This is not recommended -- please use permitAll via HttpSecurity#authorizeHttpRequests instead.
2024-04-14 15:50:24.724  INFO 20160 --- [    Test worker] o.s.s.web.DefaultSecurityFilterChain     : Will not secure Mvc [pattern='/h2-console/**']
2024-04-14 15:50:25.775  INFO 20160 --- [    Test worker] o.s.b.t.m.w.SpringBootMockServletContext : Initializing Spring TestDispatcherServlet ''
2024-04-14 15:50:25.776  INFO 20160 --- [    Test worker] o.s.t.web.servlet.TestDispatcherServlet  : Initializing Servlet ''
2024-04-14 15:50:25.776  INFO 20160 --- [    Test worker] o.s.t.web.servlet.TestDispatcherServlet  : Completed initialization in 0 ms
2024-04-14 15:50:25.794  INFO 20160 --- [    Test worker] org.air.controller.PilotControllerTest   : Started PilotControllerTest in 3.899 seconds (JVM running for 4.722)

MockHttpServletRequest:
      HTTP Method = GET
      Request URI = /showschedule
       Parameters = {}
          Headers = [Content-Type:"application/json;charset=UTF-8", Authorization:"eyJhbGciOiJIUzI1NiJ9.eyJzdWIiOiIwMDEyMDAiLCJ1c2VyaWQiOiIwMDEyMDAiLCJhY2Nlc3NfdGltZSI6IjAzOjUwOjI1IiwiaWF0IjoxNzEzMDc3NDI1LCJleHAiOjE3MTMwODEwMjV9.PL7F9lnVL2o8wV9nDrrm9cwwWoQlqDKZtSjG3lY8NKo"]
             Body = null
    Session Attrs = {}

Handler:
             Type = org.air.controller.PilotController
           Method = org.air.controller.PilotController#showAllSchedules(HttpServletRequest)

Async:
    Async started = false
     Async result = null

Resolved Exception:
             Type = null

ModelAndView:
        View name = null
             View = null
            Model = null

FlashMap:
       Attributes = null

MockHttpServletResponse:
           Status = 200
    Error message = null
          Headers = [Content-Type:"application/json", Authorization:"eyJhbGciOiJIUzI1NiJ9.eyJzdWIiOiIwMDEyMDAiLCJ1c2VyaWQiOiIwMDEyMDAiLCJhY2Nlc3NfdGltZSI6IjAzOjUwOjI1IiwiaWF0IjoxNzEzMDc3NDI1LCJleHAiOjE3MTMwODEwMjV9.PL7F9lnVL2o8wV9nDrrm9cwwWoQlqDKZtSjG3lY8NKo", message:"", X-Content-Type-Options:"nosniff", X-XSS-Protection:"1; mode=block", Cache-Control:"no-cache, no-store, max-age=0, must-revalidate", Pragma:"no-cache", Expires:"0", X-Frame-Options:"DENY"]
     Content type = application/json
             Body = [{"id":1,"date":null,"pairing":null,"dc":null,"ci":null,"co":null,"activity":null,"cntFrom":null,"stdL":null,"stdB":null,"cntTo":null,"staL":null,"staB":null,"achotel":null,"blk":null,"userid":null}]
    Forwarded URL = null
   Redirected URL = null
          Cookies = []
]]></system-out>
  <system-err><![CDATA[]]></system-err>
</testsuite>
